IQ-TREE multicore version 1.6.3 for Mac OS X 64-bit built Mar 22 2018
Developed by Bui Quang Minh, Nguyen Lam Tung, Olga Chernomor,
Heiko Schmidt, Dominik Schrempf, Michael Woodhams.

Host:    meeps-mac-pro.staff.sydney.edu.au (AVX, 64 GB RAM)
Command: /Users/davidduchene/Desktop/Software/iqtree-1.6.3-MacOSX/bin/iqtree -s ../../../../marsupials/set166.fasta -m TEST -bb 1000 -nt AUTO -pre 1_set166
Seed:    117274 (Using SPRNG - Scalable Parallel Random Number Generator)
Time:    Fri Jul 27 17:11:08 2018
Kernel:  AVX - auto-detect threads (8 CPU cores detected)

Reading alignment file ../../../../marsupials/set166.fasta ... Fasta format detected
Alignment most likely contains DNA/RNA sequences
Alignment has 35 sequences with 2313 columns, 742 distinct patterns
462 parsimony-informative, 243 singleton sites, 1608 constant sites
                                              Gap/Ambiguity  Composition  p-value
   1  Burramyidae_Burramys_parvus                     0.65%    passed     93.80%
   2  Notoryctidae_Notoryctes_typhlops                2.59%    passed     56.10%
   3  Vombatidae_Lasiorhinus_latifrons                0.00%    passed     99.49%
   4  Potoroidae_Bettongia_penicillata                0.43%    passed     85.45%
   5  Potoroidae_Bettongia_lesueur                   11.28%    passed     35.78%
   6  Dasyuridae_Dasyurus_maculatus                   0.00%    passed     99.58%
   7  Phalangeridae_Trichosurus_vulpecula             0.00%    passed     50.06%
   8  Phalangeridae_Spilocuscus_maculatus             6.74%    passed     44.75%
   9  Potoroidae_Aepyprymnus_rufescens               11.33%    passed     29.64%
  10  Peramelidae_Perameles_nasuta                   10.12%    passed     38.58%
  11  Phalangeridae_Strigocuscus_pelengensis          2.81%    passed     91.80%
  12  Dasyuridae_Phascogale_tapoatafa                 0.04%    passed     99.81%
  13  Dasyuridae_Sminthopsis_macroura                 0.22%    passed     99.89%
  14  Phalangeridae_Phalanger_orientalis              0.04%    passed     86.63%
  15  Acrobatidae_Acrobates_pygmaeus                  0.35%    passed     98.17%
  16  Dasyuridae_Phascogale_calura                    1.34%    passed     99.11%
  17  Dasyuridae_Sarcophilus_harrisii                 0.04%    passed     99.56%
  18  Dasyuridae_Planigale_tenuirostris               7.09%    passed     98.30%
  19  Peramelidae_Echymipera_kalubu                  11.15%    passed     46.97%
  20  Macropodidae_Dorcopsulus_vanheurni             11.37%    passed     42.78%
  21  Pseudochiridae_Pseudochirulus_forbesi           0.13%    passed     99.84%
  22  Didelphidae_Didelphis_virginiana                1.56%    passed     92.15%
  23  Marmosidae_Monodelphis_domestica                1.04%    passed     99.82%
  24  Dasyuridae_Antechinus_stuartii                  0.35%    passed     99.80%
  25  Hypsiprymnodontidae_Hypsiprymnodon_moschatus    0.09%    passed     94.72%
  26  Microbiotheriidae_Dromiciops_gliroides          1.17%    passed     76.21%
  27  Pseudochiridae_Petauroides_volans               0.95%    passed     86.86%
  28  Macropodidae_Wallabia_bicolor                   0.43%    passed     76.33%
  29  Pseudochiridae_Pseudocheirus_occidentalis       9.47%    passed     33.98%
  30  Tarsipedidae_Tarsipes_rostratus                 0.73%    passed     97.61%
  31  Acrobatidae_Distoechurus_pennatus               0.00%    passed     98.52%
  32  Phalangeridae_Phalanger_carmelitae              0.00%    passed     91.85%
  33  Peramelidae_Peroryctes_raffrayana               2.90%    passed     88.02%
  34  Dasyuridae_Dasyurus_geffroii                    0.00%    passed     99.46%
  35  Peramelidae_Perameles_gunnii                    0.00%    passed     99.69%
****  TOTAL                                           2.75%  0 sequences failed composition chi2 test (p-value<5%; df=3)


Create initial parsimony tree by phylogenetic likelihood library (PLL)... 0.005 seconds
NOTE: ModelFinder requires 6 MB RAM!
ModelFinder will test 88 DNA models (sample size: 2313) ...
 No. Model         -LnL         df  AIC          AICc         BIC
Measuring multi-threading efficiency up to 8 CPU cores
Increase to 10 rounds for branch lengths
489 trees examined
Threads: 1 / Time: 8.004 sec / Speedup: 1.000 / Efficiency: 100% / LogL: -18217
Threads: 2 / Time: 6.284 sec / Speedup: 1.274 / Efficiency: 64% / LogL: -18217
Threads: 3 / Time: 6.105 sec / Speedup: 1.311 / Efficiency: 44% / LogL: -18217
BEST NUMBER OF THREADS: 2

  1  JC            11482.588    67  23099.176    23103.235    23484.178
  2  JC+I          11169.179    68  22474.358    22478.540    22865.107
  3  JC+G4         11145.210    68  22426.420    22430.601    22817.168
  4  JC+I+G4       11140.488    69  22418.977    22423.284    22815.472
  5  F81+F         11463.006    70  23066.011    23070.445    23468.252
  6  F81+F+I       11153.901    71  22449.803    22454.365    22857.790
  7  F81+F+G4      11129.700    71  22401.399    22405.962    22809.387
  8  F81+F+I+G4    11124.987    72  22393.973    22398.666    22807.707
  9  K2P           11051.647    68  22239.294    22243.475    22630.042
 10  K2P+I         10729.066    69  21596.133    21600.439    21992.627
 11  K2P+G4        10703.306    69  21544.611    21548.918    21941.106
 12  K2P+I+G4      10697.751    70  21535.503    21539.936    21937.744
 13  HKY+F         11029.297    71  22200.593    22205.155    22608.580
 14  HKY+F+I       10710.550    72  21565.099    21569.792    21978.833
 15  HKY+F+G4      10684.345    72  21512.689    21517.382    21926.423
 16  HKY+F+I+G4    10678.780    73  21503.560    21508.386    21923.040
 17  TNe           11045.749    69  22229.499    22233.805    22625.993
 18  TNe+I         10727.995    70  21595.990    21600.424    21998.231
 19  TNe+G4        10701.679    70  21543.358    21547.791    21945.599
 20  TNe+I+G4      10696.085    71  21534.171    21538.733    21942.158
 21  TN+F          11018.378    72  22180.756    22185.449    22594.490
 22  TN+F+I        10706.272    73  21558.545    21563.370    21978.025
 23  TN+F+G4       10679.318    73  21504.636    21509.461    21924.116
 24  TN+F+I+G4     10673.737    74  21495.474    21500.434    21920.701
 25  K3P           11042.606    69  22223.213    22227.519    22619.707
 26  K3P+I         10720.182    70  21580.364    21584.798    21982.605
 27  K3P+G4        10694.766    70  21529.533    21533.967    21931.774
 28  K3P+I+G4      10689.320    71  21520.640    21525.202    21928.627
 29  K3Pu+F        11020.313    72  22184.626    22189.319    22598.360
 30  K3Pu+F+I      10701.684    73  21549.369    21554.194    21968.848
 31  K3Pu+F+G4     10675.840    73  21497.680    21502.505    21917.160
 32  K3Pu+F+I+G4   10670.361    74  21488.721    21493.681    21913.948
 33  TPM2+F        11028.847    72  22201.694    22206.387    22615.427
 34  TPM2+F+I      10710.477    73  21566.953    21571.779    21986.433
 35  TPM2+F+G4     10684.215    73  21514.430    21519.256    21933.910
 36  TPM2+F+I+G4   10678.639    74  21505.278    21510.237    21930.504
 37  TPM2u+F       11028.848    72  22201.695    22206.388    22615.429
 38  TPM2u+F+I     10710.477    73  21566.953    21571.779    21986.433
 39  TPM2u+F+G4    10684.215    73  21514.430    21519.256    21933.910
 40  TPM2u+F+I+G4  10678.636    74  21505.273    21510.232    21930.499
 41  TPM3+F        11027.399    72  22198.798    22203.491    22612.532
 42  TPM3+F+I      10708.389    73  21562.778    21567.603    21982.258
 43  TPM3+F+G4     10682.224    73  21510.448    21515.273    21929.928
 44  TPM3+F+I+G4   10676.619    74  21501.238    21506.198    21926.464
 45  TPM3u+F       11027.403    72  22198.806    22203.499    22612.540
 46  TPM3u+F+I     10708.388    73  21562.776    21567.602    21982.256
 47  TPM3u+F+G4    10682.225    73  21510.449    21515.274    21929.929
 48  TPM3u+F+I+G4  10676.618    74  21501.235    21506.195    21926.462
 49  TIMe          11036.705    70  22213.410    22217.844    22615.651
 50  TIMe+I        10719.104    71  21580.207    21584.770    21988.195
 51  TIMe+G4       10693.147    71  21528.294    21532.856    21936.281
 52  TIMe+I+G4     10687.650    72  21519.300    21523.993    21933.033
 53  TIM+F         11009.384    73  22164.767    22169.593    22584.247
 54  TIM+F+I       10697.395    74  21542.789    21547.749    21968.015
 55  TIM+F+G4      10670.830    74  21489.660    21494.620    21914.886
 56  TIM+F+I+G4    10665.328    75  21480.655    21485.751    21911.628
 57  TIM2e         11045.629    70  22231.258    22235.691    22633.499
 58  TIM2e+I       10726.852    71  21595.704    21600.267    22003.692
 59  TIM2e+G4      10700.512    71  21543.024    21547.586    21951.011
 60  TIM2e+I+G4    10694.869    72  21533.738    21538.431    21947.471
 61  TIM2+F        11017.933    73  22181.865    22186.691    22601.345
 62  TIM2+F+I      10706.193    74  21560.387    21565.346    21985.613
 63  TIM2+F+G4     10679.209    74  21506.418    21511.378    21931.644
 64  TIM2+F+I+G4   10673.611    75  21497.223    21502.319    21928.195
 65  TIM3e         11044.101    70  22228.202    22232.635    22630.443
 66  TIM3e+I       10726.156    71  21594.312    21598.875    22002.300
 67  TIM3e+G4      10699.921    71  21541.843    21546.405    21949.830
 68  TIM3e+I+G4    10694.279    72  21532.558    21537.251    21946.291
 69  TIM3+F        11016.472    73  22178.944    22183.770    22598.424
 70  TIM3+F+I      10704.110    74  21556.221    21561.181    21981.447
 71  TIM3+F+G4     10677.210    74  21502.420    21507.380    21927.646
 72  TIM3+F+I+G4   10671.577    75  21493.155    21498.251    21924.127
 73  TVMe          11041.396    71  22224.792    22229.354    22632.779
 74  TVMe+I        10717.575    72  21579.150    21583.843    21992.884
 75  TVMe+G4       10692.194    72  21528.388    21533.081    21942.122
 76  TVMe+I+G4     10686.675    73  21519.351    21524.176    21938.831
 77  TVM+F         11018.682    74  22185.364    22190.324    22610.590
 78  TVM+F+I       10700.135    75  21550.271    21555.367    21981.243
 79  TVM+F+G4      10674.259    75  21498.517    21503.613    21929.490
 80  TVM+F+I+G4    10668.718    76  21489.435    21494.670    21926.154
 81  SYM           11035.484    72  22214.967    22219.660    22628.701
 82  SYM+I         10716.543    73  21579.086    21583.911    21998.566
 83  SYM+G4        10690.638    73  21527.277    21532.102    21946.756
 84  SYM+I+G4      10685.073    74  21518.146    21523.106    21943.372
 85  GTR+F         11007.742    75  22165.484    22170.580    22596.457
 86  GTR+F+I       10695.831    76  21543.663    21548.897    21980.382
 87  GTR+F+G4      10669.264    76  21490.528    21495.763    21927.247
 88  GTR+F+I+G4    10663.722    77  21481.444    21486.818    21923.909
Akaike Information Criterion:           TIM+F+I+G4
Corrected Akaike Information Criterion: TIM+F+I+G4
Bayesian Information Criterion:         TIM+F+I+G4
Best-fit model: TIM+F+I+G4 chosen according to BIC

All model information printed to 1_set166.model.gz
CPU time for ModelFinder: 43.826 seconds (0h:0m:43s)
Wall-clock time for ModelFinder: 23.124 seconds (0h:0m:23s)
Generating 1000 samples for ultrafast bootstrap (seed: 117274)...

NOTE: 6 MB RAM (0 GB) is required!
Measuring multi-threading efficiency up to 8 CPU cores
Increase to 10 rounds for branch lengths
144 trees examined
Threads: 1 / Time: 8.033 sec / Speedup: 1.000 / Efficiency: 100% / LogL: -15828
Threads: 2 / Time: 5.307 sec / Speedup: 1.514 / Efficiency: 76% / LogL: -15828
Threads: 3 / Time: 4.246 sec / Speedup: 1.892 / Efficiency: 63% / LogL: -15828
Threads: 4 / Time: 3.919 sec / Speedup: 2.050 / Efficiency: 51% / LogL: -15828
Threads: 5 / Time: 5.956 sec / Speedup: 1.349 / Efficiency: 27% / LogL: -15828
BEST NUMBER OF THREADS: 4

Estimate model parameters (epsilon = 0.100)
Thoroughly optimizing +I+G parameters from 10 start values...
Init pinv, alpha: 0.000, 1.000 / Estimate: 0.000, 0.312 / LogL: -10670.829
Init pinv, alpha: 0.077, 1.000 / Estimate: 0.079, 0.366 / LogL: -10669.022
Init pinv, alpha: 0.154, 1.000 / Estimate: 0.158, 0.436 / LogL: -10667.525
Init pinv, alpha: 0.232, 1.000 / Estimate: 0.236, 0.532 / LogL: -10666.364
Init pinv, alpha: 0.309, 1.000 / Estimate: 0.313, 0.672 / LogL: -10665.574
Init pinv, alpha: 0.386, 1.000 / Estimate: 0.387, 0.884 / LogL: -10665.302
Init pinv, alpha: 0.463, 1.000 / Estimate: 0.457, 1.232 / LogL: -10665.922
Init pinv, alpha: 0.541, 1.000 / Estimate: 0.479, 1.401 / LogL: -10666.461
Init pinv, alpha: 0.618, 1.000 / Estimate: 0.481, 1.413 / LogL: -10666.502
Init pinv, alpha: 0.695, 1.000 / Estimate: 0.480, 1.410 / LogL: -10666.491
Optimal pinv,alpha: 0.387, 0.884 / LogL: -10665.302

Parameters optimization took 1.379 sec
Computing ML distances based on estimated model parameters... 0.026 sec
Computing BIONJ tree...
0.001 seconds
Log-likelihood of BIONJ tree: -10666.705
--------------------------------------------------------------------
|             INITIALIZING CANDIDATE TREE SET                      |
--------------------------------------------------------------------
Generating 98 parsimony trees... 0.471 second
Computing log-likelihood of 98 initial trees ... 0.878 seconds
Current best score: -10665.302

Do NNI search on 20 best initial trees
Estimate model parameters (epsilon = 0.100)
BETTER TREE FOUND at iteration 1: -10665.301
Iteration 10 / LogL: -10665.879 / Time: 0h:0m:54s
Iteration 20 / LogL: -10666.435 / Time: 0h:0m:55s
Finish initializing candidate tree set (6)
Current best tree score: -10665.301 / CPU time: 3.214
Number of iterations: 20
--------------------------------------------------------------------
|               OPTIMIZING CANDIDATE TREE SET                      |
--------------------------------------------------------------------
Iteration 30 / LogL: -10665.309 / Time: 0h:0m:56s (0h:1m:21s left)
Iteration 40 / LogL: -10665.403 / Time: 0h:0m:57s (0h:0m:53s left)
Iteration 50 / LogL: -10665.318 / Time: 0h:0m:58s (0h:0m:36s left)
Log-likelihood cutoff on original alignment: -10696.953
Iteration 60 / LogL: -10665.332 / Time: 0h:0m:59s (0h:0m:25s left)
Iteration 70 / LogL: -10665.694 / Time: 0h:1m:0s (0h:0m:16s left)
Iteration 80 / LogL: -10665.319 / Time: 0h:1m:2s (0h:0m:10s left)
Iteration 90 / LogL: -10665.311 / Time: 0h:1m:3s (0h:0m:4s left)
Iteration 100 / LogL: -10665.906 / Time: 0h:1m:4s (0h:0m:0s left)
Log-likelihood cutoff on original alignment: -10696.953
NOTE: Bootstrap correlation coefficient of split occurrence frequencies: 1.000
TREE SEARCH COMPLETED AFTER 102 ITERATIONS / Time: 0h:1m:5s

--------------------------------------------------------------------
|                    FINALIZING TREE SEARCH                        |
--------------------------------------------------------------------
Performs final model parameters optimization
Estimate model parameters (epsilon = 0.010)
1. Initial log-likelihood: -10665.301
Optimal log-likelihood: -10665.301
Rate parameters:  A-C: 1.00000  A-G: 4.11189  A-T: 0.60097  C-G: 0.60097  C-T: 5.36341  G-T: 1.00000
Base frequencies:  A: 0.299  C: 0.234  G: 0.226  T: 0.241
Proportion of invariable sites: 0.387
Gamma shape alpha: 0.883
Parameters optimization took 1 rounds (0.014 sec)
BEST SCORE FOUND : -10665.301
Creating bootstrap support values...
Split supports printed to NEXUS file 1_set166.splits.nex
Total tree length: 0.624

Total number of iterations: 102
CPU time used for tree search: 41.889 sec (0h:0m:41s)
Wall-clock time used for tree search: 13.139 sec (0h:0m:13s)
Total CPU time used: 157.466 sec (0h:2m:37s)
Total wall-clock time used: 65.406 sec (0h:1m:5s)

Computing bootstrap consensus tree...
Reading input file 1_set166.splits.nex...
35 taxa and 152 splits.
Consensus tree written to 1_set166.contree
Reading input trees file 1_set166.contree
Log-likelihood of consensus tree: -10665.301

Analysis results written to: 
  IQ-TREE report:                1_set166.iqtree
  Maximum-likelihood tree:       1_set166.treefile
  Likelihood distances:          1_set166.mldist

Ultrafast bootstrap approximation results written to:
  Split support values:          1_set166.splits.nex
  Consensus tree:                1_set166.contree
  Screen log file:               1_set166.log

Date and Time: Fri Jul 27 17:12:13 2018
