IQ-TREE multicore version 1.6.7 for Mac OS X 64-bit built Aug 23 2018
Developed by Bui Quang Minh, Nguyen Lam Tung, Olga Chernomor,
Heiko Schmidt, Dominik Schrempf, Michael Woodhams.

Host:    meeps-mac-pro.staff.sydney.edu.au (AVX, 64 GB RAM)
Command: /Users/davidduchene/Desktop/Software/iqtree-1.6.7-MacOSX/bin/iqtree -s ../../../../marsupials/set188.fasta -m TESTMERGE -bb 1000 -sp ../../../../marsupials/set188.nex -nt AUTO -pre 6_set188
Seed:    940705 (Using SPRNG - Scalable Parallel Random Number Generator)
Time:    Sat Sep  8 01:35:41 2018
Kernel:  AVX - auto-detect threads (8 CPU cores detected)

Reading partition model file ../../../../marsupials/set188.nex ...
Reading alignment file ../../../../marsupials/set188.fasta ... Fasta format detected
Alignment most likely contains DNA/RNA sequences
Alignment has 37 sequences with 3072 columns, 1323 distinct patterns
888 parsimony-informative, 408 singleton sites, 1776 constant sites
                                              Gap/Ambiguity  Composition  p-value
   1  Burramyidae_Burramys_parvus                     0.62%    passed     97.16%
   2  Notoryctidae_Notoryctes_typhlops               28.16%    failed      0.00%
   3  Vombatidae_Lasiorhinus_latifrons               10.48%    passed     95.33%
   4  Potoroidae_Bettongia_penicillata                0.33%    passed     76.10%
   5  Potoroidae_Bettongia_lesueur                    0.29%    passed     87.49%
   6  Dasyuridae_Dasyurus_maculatus                   0.13%    passed     81.03%
   7  Phalangeridae_Trichosurus_vulpecula             0.39%    passed     86.31%
   8  Phalangeridae_Spilocuscus_maculatus             0.33%    passed     83.55%
   9  Potoroidae_Aepyprymnus_rufescens                0.42%    passed     62.64%
  10  Peramelidae_Perameles_nasuta                    0.36%    passed     10.39%
  11  Myrmecobiidae_Myrmecobius_fasciatus1           93.72%    failed      0.11%
  12  Phalangeridae_Strigocuscus_pelengensis          2.47%    passed     49.99%
  13  Dasyuridae_Phascogale_tapoatafa                 1.56%    passed     73.69%
  14  Dasyuridae_Sminthopsis_macroura                 6.05%    passed     89.10%
  15  Phalangeridae_Phalanger_orientalis              0.36%    passed     71.38%
  16  Acrobatidae_Acrobates_pygmaeus                  2.38%    passed     41.19%
  17  Dasyuridae_Phascogale_calura                    2.38%    passed     76.39%
  18  Dasyuridae_Sarcophilus_harrisii                 2.25%    passed     95.02%
  19  Dasyuridae_Planigale_tenuirostris               9.96%    passed     94.69%
  20  Peramelidae_Echymipera_kalubu                   0.78%    passed     54.43%
  21  Macropodidae_Dorcopsulus_vanheurni              0.59%    passed     88.76%
  22  Pseudochiridae_Pseudochirulus_forbesi           0.26%    passed     98.57%
  23  Didelphidae_Didelphis_virginiana               36.00%    passed     32.65%
  24  Marmosidae_Monodelphis_domestica               29.00%    passed     65.91%
  25  Dasyuridae_Antechinus_stuartii                  3.78%    passed     64.79%
  26  Hypsiprymnodontidae_Hypsiprymnodon_moschatus    0.59%    passed     93.59%
  27  Microbiotheriidae_Dromiciops_gliroides          5.37%    passed     89.39%
  28  Pseudochiridae_Petauroides_volans               1.50%    passed     93.87%
  29  Macropodidae_Wallabia_bicolor                   0.55%    passed     67.89%
  30  Pseudochiridae_Pseudocheirus_occidentalis       5.34%    passed     99.09%
  31  Tarsipedidae_Tarsipes_rostratus                 3.68%    passed     70.06%
  32  Acrobatidae_Distoechurus_pennatus               0.13%    passed     85.24%
  33  Myrmecobiidae_Myrmecobius_fasciatus2           93.72%    failed      0.11%
  34  Phalangeridae_Phalanger_carmelitae              0.33%    passed     63.56%
  35  Peramelidae_Peroryctes_raffrayana               1.73%    passed     45.20%
  36  Dasyuridae_Dasyurus_geffroii                    0.29%    passed     88.49%
  37  Peramelidae_Perameles_gunnii                    0.75%    passed     20.95%
WARNING: 2 sequences contain more than 50% gaps/ambiguity
****  TOTAL                                           9.38%  3 sequences failed composition chi2 test (p-value<5%; df=3)
NOTE: No CharPartition defined, use all CharSets

Loading 15 partitions...
Subset	Type	Seqs	Sites	Infor	Invar	Model	Name
1		36	66	14	35	TESTMERGE	part1.1
2		36	66	10	49	TESTMERGE	part1.2
3		36	66	37	15	TESTMERGE	part1.3
4		35	123	1	114	TESTMERGE	part2.1
5		35	123	2	118	TESTMERGE	part2.2
6		35	123	35	62	TESTMERGE	part2.3
7		35	148	34	94	TESTMERGE	part3.1
8		35	148	31	93	TESTMERGE	part3.2
9		35	148	67	51	TESTMERGE	part3.3
10		35	410	104	251	TESTMERGE	part4.1
11		35	410	74	301	TESTMERGE	part4.2
12		35	410	232	117	TESTMERGE	part4.3
13		32	277	59	182	TESTMERGE	part5.1
14		32	277	40	214	TESTMERGE	part5.2
15		32	277	148	80	TESTMERGE	part5.3
Degree of missing data: 0.074
Info: multi-threading strategy over partitions

NOTE: Myrmecobiidae_Myrmecobius_fasciatus2 is identical to Myrmecobiidae_Myrmecobius_fasciatus1 but kept for subsequent analysis


Create initial parsimony tree by phylogenetic likelihood library (PLL)... 0.010 seconds
NOTE: ModelFinder requires 13 MB RAM!
NUMBER OF THREADS FOR PARTITION FINDING: 8
Testing GTR+F+G on supermatrix...
GTR+F+G4 / LnL: -19094.169 / df: 80 / AIC: 38348.337 / AICc: 38352.670 / BIC: 38830.744
Selecting individual models for 15 charsets using BIC...
 No. Model        Score       Charset
   1 TIM3e+G4     2906.514    part5.1
   2 K2P+G4       1803.263    part3.1
   3 K2P+G4       2759.567    part3.3
   4 TVMe+G4      4780.863    part4.1
   5 K2P+G4       3719.866    part4.2
   6 TN+F+G4      1600.235    part2.3
   7 TNe+G4       999.221     part1.1
   8 K2P+G4       1865.223    part3.2
   9 K2P          774.731     part2.1
  10 K2P+G4       8435.648    part4.3	0h:0m:14s (0h:4m:41s left)
  11 TNe+I        720.356     part1.2	0h:0m:15s (0h:4m:40s left)
  12 TIM3e+G4     2292.625    part5.2	0h:0m:15s (0h:4m:24s left)
  13 JC           729.337     part2.2	0h:0m:16s (0h:4m:5s left)
  14 TIM2+F+G4    1717.437    part1.3	0h:0m:16s (0h:3m:49s left)
  15 TIM+F+G4     5907.457    part5.3	0h:0m:16s (0h:3m:33s left)
Full partition model BIC score: 44053.690 (LnL: -17839.156  df:1043)
Merging models to increase model fit (about 211 total partition schemes)...
  16 K2P+G4       43798.817   part4.3+part5.2	0h:0m:29s (0h:5m:54s left)
  17 K2P+G4       43681.961   part3.1+part4.3	0h:0m:29s (0h:5m:32s left)
  18 K2P+I+G4     43790.858   part4.2+part4.3	0h:0m:30s (0h:5m:26s left)
  19 K2P+G4       43658.269   part2.3+part4.3	0h:0m:30s (0h:5m:11s left)
  20 K3P+G4       43774.010   part4.3+part5.1	0h:0m:31s (0h:4m:56s left)
  21 K2P+G4       43601.456   part3.3+part4.3	0h:0m:31s (0h:4m:44s left)
  22 K3P+G4       43677.009   part4.1+part4.3	0h:0m:33s (0h:4m:47s left)
  23 TN+F+G4      43812.840   part4.3+part5.3	0h:0m:41s (0h:5m:37s left)
  24 K2P+G4       43748.257   part2.1+part4.3	0h:0m:45s (0h:5m:50s left)
  25 K2P+G4       43692.293   part3.2+part4.3	0h:0m:46s (0h:5m:42s left)
  26 K2P+G4       43650.110   part1.1+part4.3	0h:0m:46s (0h:5m:30s left)
  27 K2P+G4       43761.422   part2.2+part4.3	0h:0m:46s (0h:5m:17s left)
  28 TN+F+G4      43624.273   part1.3+part4.3	0h:0m:48s (0h:5m:17s left)
  29 TN+F+G4      43646.363   part1.2+part4.3	0h:0m:48s (0h:5m:6s left)
  30 HKY+F+G4     43923.429   part4.1+part5.3	0h:0m:54s (0h:5m:29s left)
  31 TIM3e+G4     43573.851   part4.1+part4.2	0h:0m:59s (0h:5m:46s left)
  32 TPM2u+F+I+G4 44055.407   part4.2+part5.3	0h:1m:0s (0h:5m:40s left)
  33 K2P+G4       43643.579   part3.3+part4.1	0h:1m:1s (0h:5m:34s left)
  34 SYM+G4       43638.882   part4.1+part5.1	0h:1m:2s (0h:5m:25s left)
  35 HKY+F+G4     43875.411   part5.1+part5.3	0h:1m:5s (0h:5m:27s left)
  36 TIM2+F+G4    43777.412   part3.3+part5.3	0h:1m:9s (0h:5m:38s left)
  37 TN+F+G4      43843.067   part2.3+part5.3	0h:1m:10s (0h:5m:29s left)
  38 K3P+G4       43595.957   part2.3+part4.1	0h:1m:12s (0h:5m:30s left)
  39 TPM3u+F+I+G4 43873.474   part3.1+part5.3	0h:1m:13s (0h:5m:22s left)
  40 K3P+G4       43600.640   part3.1+part4.1	0h:1m:13s (0h:5m:14s left)
  41 TPM2u+F+I+G4 43922.884   part5.2+part5.3	0h:1m:15s (0h:5m:12s left)
  42 HKY+F+G4     43898.348   part3.2+part5.3	0h:1m:18s (0h:5m:14s left)
  43 TIMe+G4      43608.279   part3.2+part4.1	0h:1m:21s (0h:5m:19s left)
  44 SYM+G4       43657.103   part4.1+part5.2	0h:1m:22s (0h:5m:12s left)
  45 K3Pu+F+G4    43667.873   part1.3+part4.1	0h:1m:27s (0h:5m:22s left)
  46 TIM3e+G4     43693.579   part4.2+part5.1	0h:1m:27s (0h:5m:14s left)
  47 K2P+G4       43691.355   part3.3+part4.2	0h:1m:28s (0h:5m:7s left)
  48 TIM2+F+G4    43637.523   part1.3+part5.3	0h:1m:30s (0h:5m:7s left)
  49 SYM+G4       43616.319   part1.1+part4.1	0h:1m:34s (0h:5m:12s left)
  50 HKY+F+G4     43757.253   part1.1+part5.3	0h:1m:37s (0h:5m:12s left)
  51 TIMe+G4      43587.431   part1.2+part4.1	0h:1m:39s (0h:5m:11s left)
  52 TN+F+G4      43613.864   part2.3+part4.2	0h:1m:39s (0h:5m:4s left)
  53 TN+F+G4      43728.370   part1.2+part5.3	0h:1m:41s (0h:5m:2s left)
  54 K2P+G4       43626.308   part3.1+part4.2	0h:1m:42s (0h:4m:58s left)
  55 HKY+F+I+G4   43860.795   part2.1+part5.3	0h:1m:45s (0h:4m:59s left)
  56 K2P+G4       43714.098   part3.3+part5.1	0h:1m:46s (0h:4m:54s left)
  57 K3P+G4       43610.630   part2.1+part4.1	0h:1m:47s (0h:4m:49s left)
  58 TIMe+G4      43621.064   part2.2+part4.1	0h:1m:50s (0h:4m:50s left)
  59 TIM3e+G4     43661.258   part4.2+part5.2	0h:1m:51s (0h:4m:47s left)
  60 HKY+F+I+G4   43878.090   part2.2+part5.3	0h:1m:51s (0h:4m:41s left)
  61 K2P+G4       43634.732   part3.2+part4.2	0h:1m:52s (0h:4m:36s left)
  62 K2P+I+G4     43724.429   part1.3+part4.2	0h:1m:55s (0h:4m:37s left)
  63 TNe+G4       43594.530   part3.1+part3.3	0h:1m:55s (0h:4m:32s left)
  64 K2P+G4       43639.973   part1.1+part4.2	0h:1m:56s (0h:4m:26s left)
  65 HKY+F+G4     43607.444   part2.3+part3.3	0h:1m:57s (0h:4m:23s left)
  66 TIM3e+G4     43662.346   part2.3+part5.1	0h:1m:59s (0h:4m:21s left)
  67 K3P+G4       43681.120   part3.1+part5.1	0h:2m:2s (0h:4m:23s left)
  68 K2P+G4       43604.099   part3.2+part3.3	0h:2m:3s (0h:4m:19s left)
  69 K2P+G4       43717.519   part3.3+part5.2	0h:2m:6s (0h:4m:19s left)
  70 TIM3e+G4     43612.498   part5.1+part5.2	0h:2m:7s (0h:4m:17s left)
  71 TIM3e+G4     43662.936   part3.2+part5.1	0h:2m:8s (0h:4m:12s left)
  72 K2P+G4       43580.881   part1.2+part4.2	0h:2m:8s (0h:4m:9s left)
  73 K2P+G4       43578.362   part2.1+part4.2	0h:2m:11s (0h:4m:9s left)
  74 K2P+G4       43632.704   part1.3+part3.3	0h:2m:14s (0h:4m:8s left)
  75 K2P+G4       43587.536   part2.2+part4.2	0h:2m:14s (0h:4m:3s left)
  76 HKY+F+G4     43627.102   part2.3+part3.1	0h:2m:15s (0h:4m:0s left)
  77 TIM3e+G4     43708.713   part1.3+part5.1	0h:2m:17s (0h:3m:59s left)
  78 K2P+G4       43621.335   part1.1+part3.3	0h:2m:18s (0h:3m:56s left)
  79 K2P+G4       43667.801   part3.1+part5.2	0h:2m:19s (0h:3m:53s left)
  80 TIM3e+G4     43653.900   part1.1+part5.1	0h:2m:20s (0h:3m:50s left)
  81 TIM3+F+G4    43660.035   part2.3+part5.2	0h:2m:21s (0h:3m:47s left)
  82 TIM3+F+G4    43610.783   part2.3+part3.2	0h:2m:23s (0h:3m:46s left)
  83 K2P+G4       43564.378   part3.1+part3.2	0h:2m:25s (0h:3m:44s left)
  84 TIM3e+G4     43632.234   part1.2+part5.1	0h:2m:26s (0h:3m:41s left)
  85 K2P+G4       43615.425   part1.2+part3.3	0h:2m:26s (0h:3m:37s left)
  86 TIM3+F+G4    43655.899   part3.2+part5.2	0h:2m:28s (0h:3m:36s left)
  87 TNe+G4       43672.702   part2.1+part3.3	0h:2m:30s (0h:3m:34s left)
  88 K2P+G4       43682.378   part2.2+part3.3	0h:2m:32s (0h:3m:32s left)
  89 K2P+G4       43646.573   part1.3+part2.3	0h:2m:32s (0h:3m:28s left)
  90 HKY+F+G4     43608.452   part1.1+part2.3	0h:2m:35s (0h:3m:28s left)
  91 TIM3e+G4     43647.256   part2.1+part5.1	0h:2m:36s (0h:3m:26s left)
  92 K2P+G4       43681.154   part1.3+part3.1	0h:2m:38s (0h:3m:25s left)
  93 TIM3e+G4     43724.153   part1.3+part5.2	0h:2m:39s (0h:3m:22s left)
  94 TIM3e+G4     43651.086   part2.2+part5.1	0h:2m:40s (0h:3m:19s left)
  95 K2P+G4       43625.691   part1.1+part3.1	0h:2m:41s (0h:3m:17s left)
  96 K2P+G4       43671.441   part1.3+part3.2	0h:2m:42s (0h:3m:14s left)
  97 TIM3e+G4     43686.446   part1.1+part5.2	0h:2m:45s (0h:3m:14s left)
  98 K2P+G4       43606.123   part1.2+part3.1	0h:2m:45s (0h:3m:11s left)
  99 TN+F+G4      43580.859   part1.2+part2.3	0h:2m:47s (0h:3m:9s left)
 100 TNe+G4       43644.946   part1.1+part3.2	0h:2m:47s (0h:3m:5s left)
 101 TPM2+F+G4    43606.367   part2.1+part2.3	0h:2m:47s (0h:3m:2s left)
 102 HKY+F+G4     43624.700   part2.2+part2.3	0h:2m:49s (0h:3m:0s left)
 103 TIM3e+G4     43637.531   part1.2+part5.2	0h:2m:49s (0h:2m:57s left)
 104 TIM3e+I+G4   43606.474   part2.1+part3.1	0h:2m:49s (0h:2m:54s left)
 105 TNe+G4       43610.639   part1.2+part3.2	0h:2m:52s (0h:2m:54s left)
 106 K2P+I+G4     43614.657   part2.2+part3.1	0h:2m:54s (0h:2m:53s left)
 107 TPM2+F+G4    43595.735   part1.1+part1.3	0h:2m:56s (0h:2m:51s left)
 108 K2P+I+G4     43614.451   part2.1+part3.2	0h:3m:1s (0h:2m:52s left)
 109 TIM3e+I+G4   43628.243   part2.2+part5.2	0h:3m:3s (0h:2m:51s left)
 110 TIM2+F+G4    43597.650   part1.2+part1.3	0h:3m:4s (0h:2m:49s left)
 111 TIM3e+I+G4   43629.748   part2.1+part5.2	0h:3m:5s (0h:2m:46s left)
 112 TNe+G4       43516.068   part1.1+part1.2	0h:3m:5s (0h:2m:43s left)
 113 K2P+I+G4     43607.843   part2.2+part3.2	0h:3m:5s (0h:2m:40s left)
 114 K2P          43527.040   part2.1+part2.2	0h:3m:8s (0h:2m:40s left)
 115 K2P+I        43556.322   part1.2+part2.1	0h:3m:9s (0h:2m:38s left)
 116 K2P+I        43567.201   part1.2+part2.2	0h:3m:9s (0h:2m:35s left)
 117 K2P+G4       43605.362   part1.1+part2.1	0h:3m:9s (0h:2m:32s left)
 118 TNe+G4       43708.648   part1.3+part2.2	0h:3m:10s (0h:2m:29s left)
 119 K2P+G4       43697.510   part1.3+part2.1	0h:3m:10s (0h:2m:27s left)
 120 TNe+G4       43616.705   part1.1+part2.2	0h:3m:10s (0h:2m:24s left)
Merging part1.1+part1.2 with BIC score: 43516.068 (LnL: -17859.428  df: 971)
 121 K2P+G4       43122.622   part1.1+part1.2+part3.1	0h:3m:19s (0h:2m:28s left)
 122 TNe+G4       43135.978   part1.1+part1.2+part3.2	0h:3m:19s (0h:2m:25s left)
 123 TIM3e+G4     43145.959   part1.1+part1.2+part5.1	0h:3m:22s (0h:2m:24s left)
 124 TNe+G4       43123.494   part1.1+part1.2+part4.2	0h:3m:22s (0h:2m:22s left)
 125 TIM3e+G4     43170.239   part1.1+part1.2+part5.2	0h:3m:23s (0h:2m:19s left)
 126 SYM+G4       43110.994   part1.1+part1.2+part4.1	0h:3m:24s (0h:2m:18s left)
 127 TNe+G4       43064.048   part1.1+part1.2+part2.1	0h:3m:31s (0h:2m:19s left)
 128 K2P+G4       43197.769   part1.1+part1.2+part4.3	0h:3m:32s (0h:2m:18s left)
 129 TNe+G4       43071.886   part1.1+part1.2+part2.2	0h:3m:33s (0h:2m:15s left)
 130 TN+F+G4      43330.742   part1.1+part1.2+part5.3	0h:3m:36s (0h:2m:14s left)
 131 K2P+G4       43133.776   part1.1+part1.2+part3.3	0h:3m:36s (0h:2m:12s left)
 132 TN+F+G4      43089.616   part1.1+part1.2+part2.3	0h:3m:37s (0h:2m:10s left)
 133 TIM2+F+G4    43114.550   part1.1+part1.2+part1.3	0h:3m:37s (0h:2m:7s left)
Merging part2.1+part2.2 with BIC score: 42989.419 (LnL: -17865.111  df: 904)
 134 K2P+I+G4     42596.668   part2.1+part2.2+part3.2	0h:3m:43s (0h:2m:8s left)
 135 TIM3e+I+G4   42641.258   part2.1+part2.2+part5.1	0h:3m:44s (0h:2m:6s left)
 136 K3P+G4       42623.454   part2.1+part2.2+part4.1	0h:3m:44s (0h:2m:4s left)
 137 K2P+G4       42696.422   part2.1+part2.2+part3.3	0h:3m:45s (0h:2m:1s left)
 138 K2P+G4       42564.056   part2.1+part2.2+part4.2	0h:3m:46s (0h:1m:59s left)
 139 TIM3e+I+G4   42602.543   part2.1+part2.2+part5.2	0h:3m:49s (0h:1m:58s left)
 140 K2P+I+G4     42854.124   part2.1+part2.2+part4.3	0h:3m:49s (0h:1m:56s left)
 141 TNe+G4       42578.625   part1.1+part1.2+part2.1+part2.2	0h:3m:51s (0h:1m:54s left)
 142 HKY+F+G4     42590.735   part2.1+part2.2+part2.3	0h:3m:51s (0h:1m:52s left)
 143 K2P+I+G4     42705.952   part1.3+part2.1+part2.2	0h:3m:52s (0h:1m:50s left)
 144 TIM3e+I+G4   42596.169   part2.1+part2.2+part3.1	0h:3m:52s (0h:1m:48s left)
 145 TPM2u+F+I+G4 42978.876   part2.1+part2.2+part5.3	0h:3m:52s (0h:1m:45s left)
Merging part3.1+part3.2 with BIC score: 42500.106 (LnL: -17897.493  df: 835)
 146 K3P+G4       42150.664   part3.1+part3.2+part5.1	0h:3m:59s (0h:1m:46s left)
 147 K2P+G4       42057.454   part3.1+part3.2+part3.3	0h:3m:59s (0h:1m:44s left)
 148 K2P+I+G4     42131.966   part2.1+part2.2+part3.1+part3.2	0h:4m:0s (0h:1m:42s left)
 149 HKY+F+G4     42124.862   part3.1+part3.2+part5.2	0h:4m:2s (0h:1m:40s left)
 150 K3P+G4       42079.968   part3.1+part3.2+part4.1	0h:4m:2s (0h:1m:38s left)
 151 HKY+F+G4     42118.964   part3.1+part3.2+part4.2	0h:4m:2s (0h:1m:36s left)
 152 K3P+G4       42215.069   part3.1+part3.2+part4.3	0h:4m:5s (0h:1m:35s left)
 153 HKY+F+G4     42469.169   part3.1+part3.2+part5.3	0h:4m:6s (0h:1m:33s left)
 154 K2P+G4       42151.684   part1.3+part3.1+part3.2	0h:4m:7s (0h:1m:31s left)
 155 K2P+G4       42142.473   part1.1+part1.2+part3.1+part3.2	0h:4m:8s (0h:1m:29s left)
 156 HKY+F+G4     42078.931   part2.3+part3.1+part3.2	0h:4m:8s (0h:1m:27s left)
Merging part4.1+part4.2 with BIC score: 42020.267 (LnL: -17938.626  df: 765)
 157 K2P+G4       41639.234   part2.1+part2.2+part4.1+part4.2	0h:4m:19s (0h:1m:29s left)
 158 TIM3e+G4     41672.624   part1.3+part4.1+part4.2	0h:4m:20s (0h:1m:27s left)
 159 K2P+G4       41657.781   part3.3+part4.1+part4.2	0h:4m:20s (0h:1m:25s left)
 160 TIM3e+G4     41630.195   part1.1+part1.2+part4.1+part4.2	0h:4m:20s (0h:1m:23s left)
 161 TIM3e+G4     41626.342   part4.1+part4.2+part5.2	0h:4m:21s (0h:1m:21s left)
 162 SYM+G4       41647.956   part4.1+part4.2+part5.1	0h:4m:22s (0h:1m:19s left)
 163 K3P+I+G4     41767.352   part4.1+part4.2+part4.3	0h:4m:24s (0h:1m:17s left)
 164 TVMe+I+G4    42079.081   part4.1+part4.2+part5.3	0h:4m:26s (0h:1m:16s left)
 165 TIM3e+G4     41577.593   part2.3+part4.1+part4.2	0h:4m:27s (0h:1m:14s left)
 166 K3P+G4       41642.803   part3.1+part3.2+part4.1+part4.2	0h:4m:29s (0h:1m:12s left)
Merging part3.3+part4.3 with BIC score: 41568.033 (LnL: -17989.547  df: 696)
 167 K2P+I+G4     41444.903   part2.1+part2.2+part3.3+part4.3	0h:4m:44s (0h:1m:15s left)
 168 TN+F+G4      41169.077   part2.3+part3.3+part4.3	0h:4m:46s (0h:1m:13s left)
 169 K2P+G4       41319.514   part3.3+part4.3+part5.2	0h:4m:46s (0h:1m:11s left)
 170 K3P+G4       41296.609   part3.3+part4.3+part5.1	0h:4m:47s (0h:1m:9s left)
 171 TN+F+G4      41143.915   part1.3+part3.3+part4.3	0h:4m:47s (0h:1m:7s left)
 172 K2P+G4       41245.454   part1.1+part1.2+part3.3+part4.3	0h:4m:48s (0h:1m:5s left)
 173 K3P+I+G4     41349.072   part3.3+part4.1+part4.2+part4.3	0h:4m:49s (0h:1m:3s left)
 174 TN+F+G4      41362.982   part3.3+part4.3+part5.3	0h:4m:50s (0h:1m:1s left)
 175 K2P+G4       41260.738   part3.1+part3.2+part3.3+part4.3	0h:4m:53s (0h:1m:0s left)
Merging part2.3+part4.1+part4.2 with BIC score: 41125.359 (LnL: -18061.308  df: 623)
 176 K2P+G4       40750.447   part2.1+part2.2+part2.3+part4.1+part4.2	0h:5m:4s (0h:1m:0s left)
 177 TIM3e+G4     40731.514   part1.1+part1.2+part2.3+part4.1+part4.2	0h:5m:6s (0h:0m:58s left)
 178 TIM3e+G4     40734.106   part2.3+part4.1+part4.2+part5.2	0h:5m:6s (0h:0m:56s left)
 179 TIM3e+G4     40772.260   part1.3+part2.3+part4.1+part4.2	0h:5m:7s (0h:0m:54s left)
 180 TIM3e+G4     40752.288   part2.3+part4.1+part4.2+part5.1	0h:5m:7s (0h:0m:52s left)
 181 K2P+G4       40752.788   part2.3+part3.1+part3.2+part4.1+part4.2	0h:5m:7s (0h:0m:50s left)
 182 TVMe+I+G4    41195.662   part2.3+part4.1+part4.2+part5.3	0h:5m:8s (0h:0m:49s left)
 183 K3P+I+G4     40914.574   part2.3+part3.3+part4.1+part4.2+part4.3	0h:5m:10s (0h:0m:47s left)
Merging part5.1+part5.2 with BIC score: 40684.167 (LnL: -18101.690  df: 558)
 184 TIM3e+I+G4   40327.990   part2.1+part2.2+part5.1+part5.2	0h:5m:15s (0h:0m:46s left)
 185 TIM3e+G4     40337.911   part1.1+part1.2+part5.1+part5.2	0h:5m:16s (0h:0m:44s left)
 186 TIM3e+G4     40369.120   part1.3+part5.1+part5.2	0h:5m:16s (0h:0m:42s left)
 187 TPM3u+F+G4   40372.556   part3.1+part3.2+part5.1+part5.2	0h:5m:17s (0h:0m:40s left)
 188 TPM3+F+I+G4  40648.817   part5.1+part5.2+part5.3	0h:5m:19s (0h:0m:39s left)
 189 TIM3e+G4     40341.305   part2.3+part4.1+part4.2+part5.1+part5.2	0h:5m:19s (0h:0m:37s left)
 190 K2P+G4       40545.964   part3.3+part4.3+part5.1+part5.2	0h:5m:20s (0h:0m:35s left)
Merging part1.3+part3.3+part4.3 with BIC score: 40260.049 (LnL: -18162.654  df: 490)
 191 K2P+I+G4     40155.420   part1.3+part2.1+part2.2+part3.3+part4.3	0h:5m:32s (0h:0m:34s left)
 192 K2P+G4       39969.147   part1.3+part3.1+part3.2+part3.3+part4.3	0h:5m:33s (0h:0m:32s left)
 193 TN+F+G4      39903.596   part1.1+part1.2+part1.3+part3.3+part4.3	0h:5m:33s (0h:0m:31s left)
 194 K2P+G4       40140.072   part1.3+part3.3+part4.3+part5.1+part5.2	0h:5m:34s (0h:0m:29s left)
 195 K3P+I+G4     40076.732   part1.3+part2.3+part3.3+part4.1+part4.2+part4.3	0h:5m:35s (0h:0m:27s left)
 196 TN+F+G4      40024.878   part1.3+part3.3+part4.3+part5.3	0h:5m:36s (0h:0m:25s left)
Merging part1.1+part1.2+part2.1+part2.2 with BIC score: 39849.256 (LnL: -18222.250  df: 424)
 197 K2P+I+G4     39533.200   part1.1+part1.2+part2.1+part2.2+part3.1+part3.2	0h:5m:43s (0h:0m:24s left)
 198 TIM3e+I+G4   39528.785   part1.1+part1.2+part2.1+part2.2+part5.1+part5.2	0h:5m:43s (0h:0m:22s left)
 199 TIM3e+G4     39498.916   part1.1+part1.2+part2.1+part2.2+part2.3+part4.1+part4.2	0h:5m:45s (0h:0m:20s left)
 200 HKY+F+I+G4   39917.780   part1.1+part1.2+part2.1+part2.2+part5.3	0h:5m:46s (0h:0m:19s left)
 201 K2P+I+G4     39755.998   part1.1+part1.2+part1.3+part2.1+part2.2+part3.3+part4.3	0h:5m:47s (0h:0m:17s left)
Merging part2.3+part3.1+part3.2+part4.1+part4.2 with BIC score: 39476.684 (LnL: -18321.032  df: 353)
 202 TIM3e+G4     39156.225   part2.3+part3.1+part3.2+part4.1+part4.2+part5.1+part5.2	0h:5m:57s (0h:0m:15s left)
 203 TNe+G4       39154.348   part1.1+part1.2+part2.1+part2.2+part2.3+part3.1+part3.2+part4.1+part4.2	0h:5m:57s (0h:0m:14s left)
 204 TVMe+I+G4    39591.638   part2.3+part3.1+part3.2+part4.1+part4.2+part5.3	0h:5m:58s (0h:0m:12s left)
 205 K3P+I+G4     39300.984   part1.3+part2.3+part3.1+part3.2+part3.3+part4.1+part4.2+part4.3	0h:6m:2s (0h:0m:10s left)
Merging part1.1+part1.2+part2.1+part2.2+part2.3+part3.1+part3.2+part4.1+part4.2 with BIC score: 39154.348 (LnL: -18436.902  df: 284)
 206 TIM3e+I+G4   38828.372   part1.1+part1.2+part2.1+part2.2+part2.3+part3.1+part3.2+part4.1+part4.2+part5.1+part5.2	0h:6m:17s (0h:0m:9s left)
 207 K2P+I+G4     39325.157   part1.1+part1.2+part2.1+part2.2+part2.3+part3.1+part3.2+part4.1+part4.2+part5.3	0h:6m:20s (0h:0m:7s left)
 208 K3P+I+G4     39035.558   part1.1+part1.2+part1.3+part2.1+part2.2+part2.3+part3.1+part3.2+part3.3+part4.1+part4.2+part4.3	0h:6m:21s (0h:0m:5s left)
Merging part1.1+part1.2+part2.1+part2.2+part2.3+part3.1+part3.2+part4.1+part4.2+part5.1+part5.2 with BIC score: 38828.372 (LnL: -18526.862  df: 221)
 209 K3P+I+G4     38751.044   part1.1+part1.2+part1.3+part2.1+part2.2+part2.3+part3.1+part3.2+part3.3+part4.1+part4.2+part4.3+part5.1+part5.2	0h:6m:40s (0h:0m:3s left)
 210 TVMe+I+G4    38980.583   part1.1+part1.2+part2.1+part2.2+part2.3+part3.1+part3.2+part4.1+part4.2+part5.1+part5.2+part5.3	0h:6m:40s (0h:0m:1s left)
Merging part1.3+part3.3+part4.3+part5.3 with BIC score: 38593.201 (LnL: -18682.299  df: 153)
 211 TVMe+I+G4    38788.687   part1.1+part1.2+part1.3+part2.1+part2.2+part2.3+part3.1+part3.2+part3.3+part4.1+part4.2+part4.3+part5.1+part5.2+part5.3	0h:7m:3s (0h:0m:0s left)
BEST-FIT PARTITION MODEL: 
  charpartition BIC = TIM3e+I+G4: part1.1 part1.2 part2.1 part2.2 part2.3 part3.1 part3.2 part4.1 part4.2 part5.1 part5.2, TN+F+G4: part1.3 part3.3 part4.3 part5.3;
Agglomerative model selection: (((((part1.1,part1.2)1:43516.1,(part2.1,part2.2)2:42989.4)9:39849.3,((part2.3,(part4.1,part4.2)4:42020.3)6:41125.4,(part3.1,part3.2)3:42500.1)10:39476.7)11:39154.3,(part5.1,part5.2)7:40684.2)12:38828.4,((part1.3,(part3.3,part4.3)5:41568)8:40260,part5.3)13:38593.2)
Merging into 2 partitions...
Partition information was printed to 6_set188.best_scheme.nex
Partition information in Raxml format was printed to 6_set188.best_scheme

All model information printed to 6_set188.model.gz
CPU time for ModelFinder: 542.998 seconds (0h:9m:2s)
Wall-clock time for ModelFinder: 424.376 seconds (0h:7m:4s)
Generating 1000 samples for ultrafast bootstrap (seed: 940705)...

NOTE: 12 MB RAM (0 GB) is required!
Measuring multi-threading efficiency up to 8 CPU cores
Increase to 10 rounds for branch lengths
25 trees examined
Threads: 1 / Time: 8.254 sec / Speedup: 1.000 / Efficiency: 100% / LogL: -29143
Threads: 2 / Time: 4.781 sec / Speedup: 1.726 / Efficiency: 86% / LogL: -29143
Threads: 3 / Time: 23.009 sec / Speedup: 0.359 / Efficiency: 12% / LogL: -29143
BEST NUMBER OF THREADS: 2

Estimate model parameters (epsilon = 0.100)
Optimizing TIM3e+I+G4 parameters for partition part1.1+part1.2+part2.1+part2.2+part2.3+part3.1+part3.2+part4.1+part4.2+part5.1+part5.2 (76 free parameters)
Optimizing TN+F+G4 parameters for partition part1.3+part3.3+part4.3+part5.3 (77 free parameters)
Optimal log-likelihood: -18682.330
Computing ML distances based on estimated model parameters... 0.041 sec
WARNING: Some pairwise ML distances are too long (saturated)
Computing BIONJ tree...
0.004 seconds
Log-likelihood of BIONJ tree: -18756.452
--------------------------------------------------------------------
|             INITIALIZING CANDIDATE TREE SET                      |
--------------------------------------------------------------------
Generating 98 parsimony trees... 2.421 second
Computing log-likelihood of 98 initial trees ... 4.461 seconds
Current best score: -18681.370

Do NNI search on 20 best initial trees
Estimate model parameters (epsilon = 0.100)
BETTER TREE FOUND at iteration 1: -18676.976
Iteration 10 / LogL: -18677.056 / Time: 0h:1m:6s
Iteration 20 / LogL: -18678.000 / Time: 0h:1m:14s
Finish initializing candidate tree set (6)
Current best tree score: -18676.976 / CPU time: 23.739
Number of iterations: 20
--------------------------------------------------------------------
|               OPTIMIZING CANDIDATE TREE SET                      |
--------------------------------------------------------------------
Iteration 30 / LogL: -18677.194 / Time: 0h:1m:26s (0h:3m:32s left)
Estimate model parameters (epsilon = 0.100)
BETTER TREE FOUND at iteration 37: -18675.681
Iteration 40 / LogL: -18675.923 / Time: 0h:1m:38s (0h:4m:4s left)
Estimate model parameters (epsilon = 0.100)
BETTER TREE FOUND at iteration 43: -18674.907
Iteration 50 / LogL: -18677.406 / Time: 0h:1m:50s (0h:3m:29s left)
Log-likelihood cutoff on original alignment: -18719.912
Iteration 60 / LogL: -18675.944 / Time: 0h:2m:2s (0h:2m:52s left)
Iteration 70 / LogL: -18674.970 / Time: 0h:2m:14s (0h:2m:22s left)
Iteration 80 / LogL: -18675.718 / Time: 0h:2m:23s (0h:1m:54s left)
Iteration 90 / LogL: -18675.684 / Time: 0h:2m:33s (0h:1m:31s left)
Iteration 100 / LogL: -18679.628 / Time: 0h:2m:45s (0h:1m:11s left)
Log-likelihood cutoff on original alignment: -18719.912
NOTE: Bootstrap correlation coefficient of split occurrence frequencies: 0.999
Iteration 110 / LogL: -18675.008 / Time: 0h:2m:56s (0h:2m:25s left)
Iteration 120 / LogL: -18675.852 / Time: 0h:3m:7s (0h:2m:6s left)
Iteration 130 / LogL: -18675.748 / Time: 0h:3m:20s (0h:1m:48s left)
Iteration 140 / LogL: -18674.913 / Time: 0h:3m:30s (0h:1m:30s left)
TREE SEARCH COMPLETED AFTER 144 ITERATIONS / Time: 0h:3m:33s

--------------------------------------------------------------------
|                    FINALIZING TREE SEARCH                        |
--------------------------------------------------------------------
Performs final model parameters optimization
Estimate model parameters (epsilon = 0.010)
Optimizing TIM3e+I+G4 parameters for partition part1.1+part1.2+part2.1+part2.2+part2.3+part3.1+part3.2+part4.1+part4.2+part5.1+part5.2 (76 free parameters)
Optimizing TN+F+G4 parameters for partition part1.3+part3.3+part4.3+part5.3 (77 free parameters)
Optimal log-likelihood: -18674.895
BEST SCORE FOUND : -18674.895
Creating bootstrap support values...
Split supports printed to NEXUS file 6_set188.splits.nex
Total tree length: 1.203

Total number of iterations: 144
CPU time used for tree search: 89.925 sec (0h:1m:29s)
Wall-clock time used for tree search: 162.563 sec (0h:2m:42s)
Total CPU time used: 115.872 sec (0h:1m:55s)
Total wall-clock time used: 214.413 sec (0h:3m:34s)

Computing bootstrap consensus tree...
Reading input file 6_set188.splits.nex...
37 taxa and 141 splits.
Consensus tree written to 6_set188.contree
Reading input trees file 6_set188.contree
Log-likelihood of consensus tree: -18674.895

Analysis results written to: 
  IQ-TREE report:                6_set188.iqtree
  Maximum-likelihood tree:       6_set188.treefile
  Likelihood distances:          6_set188.mldist
  Best partitioning scheme:      6_set188.best_scheme.nex
           in RAxML format:      6_set188.best_scheme

Ultrafast bootstrap approximation results written to:
  Split support values:          6_set188.splits.nex
  Consensus tree:                6_set188.contree
  Screen log file:               6_set188.log

Date and Time: Sat Sep  8 01:46:21 2018
