IQ-TREE multicore version 1.6.7 for Mac OS X 64-bit built Aug 23 2018
Developed by Bui Quang Minh, Nguyen Lam Tung, Olga Chernomor,
Heiko Schmidt, Dominik Schrempf, Michael Woodhams.

Host:    meeps-mac-pro.staff.sydney.edu.au (AVX, 64 GB RAM)
Command: /Users/davidduchene/Desktop/Software/iqtree-1.6.7-MacOSX/bin/iqtree -s ../../../../marsupials/set41.fasta -m TESTMERGE -bb 1000 -q ../../../../marsupials/set41.nex -nt AUTO -pre 2_set41
Seed:    482430 (Using SPRNG - Scalable Parallel Random Number Generator)
Time:    Thu Sep  6 19:34:03 2018
Kernel:  AVX - auto-detect threads (8 CPU cores detected)

Reading partition model file ../../../../marsupials/set41.nex ...
Reading alignment file ../../../../marsupials/set41.fasta ... Fasta format detected
Alignment most likely contains DNA/RNA sequences
Alignment has 35 sequences with 3198 columns, 1155 distinct patterns
746 parsimony-informative, 369 singleton sites, 2083 constant sites
                                              Gap/Ambiguity  Composition  p-value
   1  Burramyidae_Burramys_parvus                     0.09%    passed     86.26%
   2  Notoryctidae_Notoryctes_typhlops               25.36%    passed     72.05%
   3  Vombatidae_Lasiorhinus_latifrons                0.28%    passed     93.70%
   4  Potoroidae_Bettongia_penicillata                0.63%    passed     99.46%
   5  Potoroidae_Bettongia_lesueur                    0.56%    passed     99.51%
   6  Dasyuridae_Dasyurus_maculatus                   0.00%    passed     99.20%
   7  Phalangeridae_Trichosurus_vulpecula             7.57%    passed     88.87%
   8  Phalangeridae_Spilocuscus_maculatus             0.00%    passed     83.90%
   9  Potoroidae_Aepyprymnus_rufescens                0.28%    passed     99.90%
  10  Peramelidae_Perameles_nasuta                    0.22%    passed     69.91%
  11  Phalangeridae_Strigocuscus_pelengensis          1.22%    passed     92.83%
  12  Dasyuridae_Phascogale_tapoatafa                 2.28%    passed     94.30%
  13  Dasyuridae_Sminthopsis_macroura                 0.00%    passed     94.70%
  14  Phalangeridae_Phalanger_orientalis              0.06%    passed     91.60%
  15  Acrobatidae_Acrobates_pygmaeus                  4.82%    passed     48.68%
  16  Dasyuridae_Phascogale_calura                    0.00%    passed     91.14%
  17  Dasyuridae_Sarcophilus_harrisii                 0.00%    passed     93.78%
  18  Dasyuridae_Planigale_tenuirostris               5.16%    passed     98.82%
  19  Peramelidae_Echymipera_kalubu                   0.09%    passed     83.08%
  20  Macropodidae_Dorcopsulus_vanheurni              0.69%    passed     99.22%
  21  Pseudochiridae_Pseudochirulus_forbesi           0.13%    passed     96.78%
  22  Didelphidae_Didelphis_virginiana               38.15%    passed     25.97%
  23  Marmosidae_Monodelphis_domestica                2.13%    passed     38.32%
  24  Dasyuridae_Antechinus_stuartii                  1.06%    passed     86.71%
  25  Hypsiprymnodontidae_Hypsiprymnodon_moschatus    0.38%    passed     97.77%
  26  Microbiotheriidae_Dromiciops_gliroides          7.35%    passed     65.25%
  27  Pseudochiridae_Petauroides_volans               0.47%    passed     99.76%
  28  Macropodidae_Wallabia_bicolor                   0.84%    passed     96.95%
  29  Pseudochiridae_Pseudocheirus_occidentalis       1.06%    passed     99.59%
  30  Tarsipedidae_Tarsipes_rostratus                 1.13%    passed     27.15%
  31  Acrobatidae_Distoechurus_pennatus               0.03%    passed     97.76%
  32  Phalangeridae_Phalanger_carmelitae              0.00%    passed     86.14%
  33  Peramelidae_Peroryctes_raffrayana               2.25%    passed     88.05%
  34  Dasyuridae_Dasyurus_geffroii                    0.00%    passed     97.93%
  35  Peramelidae_Perameles_gunnii                    0.13%    passed     66.34%
****  TOTAL                                           2.98%  0 sequences failed composition chi2 test (p-value<5%; df=3)
NOTE: No CharPartition defined, use all CharSets

Loading 15 partitions...
Subset	Type	Seqs	Sites	Infor	Invar	Model	Name
1		34	334	21	299	TESTMERGE	part1.1
2		34	334	6	321	TESTMERGE	part1.2
3		34	334	141	130	TESTMERGE	part1.3
4		34	258	91	117	TESTMERGE	part2.1
5		34	258	94	122	TESTMERGE	part2.2
6		34	258	132	83	TESTMERGE	part2.3
7		35	133	5	122	TESTMERGE	part3.1
8		35	133	1	127	TESTMERGE	part3.2
9		35	133	68	32	TESTMERGE	part3.3
10		35	172	21	125	TESTMERGE	part4.1
11		35	172	20	140	TESTMERGE	part4.2
12		35	172	80	61	TESTMERGE	part4.3
13		35	169	8	154	TESTMERGE	part5.1
14		35	169	5	160	TESTMERGE	part5.2
15		35	169	53	90	TESTMERGE	part5.3
Degree of missing data: 0.016
Info: multi-threading strategy over partitions



Create initial parsimony tree by phylogenetic likelihood library (PLL)... 0.008 seconds
NOTE: ModelFinder requires 11 MB RAM!
NUMBER OF THREADS FOR PARTITION FINDING: 8
Testing GTR+F+G on supermatrix...
GTR+F+G4 / LnL: -16328.293 / df: 76 / AIC: 32808.587 / AICc: 32812.337 / BIC: 33269.928
Selecting individual models for 15 charsets using BIC...
 No. Model        Score       Charset
   1 K2P+G4       1387.340    part4.1
   2 K2P+G4       2155.558    part3.3
   3 TNe+G4       3326.627    part2.1
   4 TIM3+F+G4    2799.088    part4.3
   5 TPM2+F+I     3591.983    part2.2
   6 HKY+F+G4     1924.531    part5.3
   7 TPM3u+F+I+G4 5732.123    part1.3
   8 TIM2+F+G4    1150.992    part4.2
   9 HKY+F+G4     4350.713    part2.3
  10 K3P+I+G4     1751.756    part1.1	0h:0m:19s (0h:6m:29s left)
  11 JC+I+G4      528.515     part3.2	0h:0m:22s (0h:6m:43s left)
  12 TIM2e+I+G4   620.560     part3.1	0h:0m:22s (0h:6m:10s left)
  13 K2P+I+G4     827.288     part5.1	0h:0m:22s (0h:5m:45s left)
  14 K2P+I+G4     1277.369    part1.2	0h:0m:23s (0h:5m:24s left)
  15 K2P+I+G4     678.055     part5.2	0h:0m:23s (0h:5m:7s left)
Full partition model BIC score: 32817.806 (LnL: -15880.299  df:131)
Merging models to increase model fit (about 211 total partition schemes)...
  16 TIM3e+I+G4   32818.905   part1.3+part4.3	0h:0m:32s (0h:6m:31s left)
  17 TIM3e+G4     32850.516   part1.3+part2.1	0h:0m:33s (0h:6m:24s left)
  18 TVMe+I+G4    32803.842   part1.3+part2.2	0h:0m:34s (0h:6m:12s left)
  19 K2P+I+G4     32848.492   part1.3+part2.3	0h:0m:36s (0h:6m:6s left)
  20 TPM2u+F+G4   32800.780   part2.1+part2.2	0h:0m:36s (0h:5m:50s left)
  21 TN+F+G4      32793.448   part2.3+part4.3	0h:0m:36s (0h:5m:33s left)
  22 TPM2u+F+G4   32808.041   part2.1+part2.3	0h:0m:38s (0h:5m:30s left)
  23 TPM2u+F+G4   32794.269   part2.2+part2.3	0h:0m:40s (0h:5m:30s left)
  24 K2P+G4       32847.243   part1.3+part3.3	0h:0m:44s (0h:5m:50s left)
  25 TIM3e+I+G4   32863.920   part1.3+part5.3	0h:0m:47s (0h:5m:52s left)
  26 HKY+F+G4     32821.753   part2.3+part3.3	0h:0m:47s (0h:5m:37s left)
  27 HKY+F+G4     32824.879   part2.1+part4.3	0h:0m:48s (0h:5m:29s left)
  28 K2P+G4       32796.789   part2.2+part4.3	0h:0m:48s (0h:5m:18s left)
  29 HKY+F+G4     32784.054   part2.3+part5.3	0h:0m:50s (0h:5m:19s left)
  30 TNe+G4       32822.251   part2.1+part3.3	0h:0m:51s (0h:5m:7s left)
  31 HKY+F+G4     32823.118   part2.1+part5.3	0h:0m:53s (0h:5m:11s left)
  32 HKY+F+G4     32821.525   part2.3+part4.1	0h:0m:56s (0h:5m:14s left)
  33 K2P+G4       32805.786   part2.2+part3.3	0h:0m:56s (0h:5m:5s left)
  34 TVMe+I+G4    32807.399   part1.3+part4.1	0h:0m:59s (0h:5m:7s left)
  35 HKY+F+G4     32812.271   part2.2+part5.3	0h:0m:59s (0h:5m:1s left)
  36 TVMe+I+G4    32799.433   part1.3+part4.2	0h:0m:59s (0h:4m:51s left)
  37 K3Pu+F+G4    32916.456   part1.1+part2.3	0h:1m:1s (0h:4m:48s left)
  38 TIM2+F+G4    32803.846   part2.3+part4.2	0h:1m:2s (0h:4m:44s left)
  39 TNe+G4       32809.052   part2.1+part4.1	0h:1m:4s (0h:4m:42s left)
  40 HKY+F+G4     32871.384   part2.3+part5.1	0h:1m:5s (0h:4m:38s left)
  41 TIM3e+I+G4   32848.119   part1.1+part1.3	0h:1m:6s (0h:4m:36s left)
  42 TN+F+G4      32808.326   part3.3+part4.3	0h:1m:9s (0h:4m:37s left)
  43 K2P+I        32794.712   part2.2+part4.1	0h:1m:9s (0h:4m:30s left)
  44 TIM3e+I+G4   32833.251   part1.3+part5.1	0h:1m:9s (0h:4m:24s left)
  45 HKY+F+G4     32892.237   part2.3+part5.2	0h:1m:12s (0h:4m:27s left)
  46 TIM3e+I+G4   32859.139   part1.3+part5.2	0h:1m:15s (0h:4m:29s left)
  47 TNe+G4       32816.805   part2.1+part4.2	0h:1m:15s (0h:4m:24s left)
  48 HKY+F+G4     32913.393   part1.1+part2.1	0h:1m:16s (0h:4m:19s left)
  49 HKY+F+G4     32783.357   part4.3+part5.3	0h:1m:16s (0h:4m:13s left)
  50 TN+F+I       32980.227   part1.2+part2.3	0h:1m:17s (0h:4m:10s left)
  51 K2P+G4       32885.863   part2.3+part3.1	0h:1m:18s (0h:4m:7s left)
  52 TIM3e+I+G4   32938.316   part1.2+part1.3	0h:1m:20s (0h:4m:6s left)
  53 HKY+F+G4     32871.420   part2.1+part5.1	0h:1m:23s (0h:4m:9s left)
  54 HKY+F+G4     32877.599   part2.3+part3.2	0h:1m:25s (0h:4m:9s left)
  55 TPM3u+F+I+G4 32831.391   part1.3+part3.1	0h:1m:26s (0h:4m:6s left)
  56 TIM3e+I+G4   32853.288   part1.3+part3.2	0h:1m:27s (0h:4m:1s left)
  57 TN+F+G4      32910.251   part2.1+part5.2	0h:1m:29s (0h:4m:0s left)
  58 HKY+F+G4     32818.677   part3.3+part5.3	0h:1m:30s (0h:3m:57s left)
  59 K2P+G4       32874.282   part1.1+part2.2	0h:1m:30s (0h:3m:52s left)
  60 K2P+I        32795.434   part2.2+part4.2	0h:1m:31s (0h:3m:49s left)
  61 K2P+I        32840.747   part2.2+part5.1	0h:1m:32s (0h:3m:47s left)
  62 TNe+G4       32867.794   part2.1+part3.1	0h:1m:33s (0h:3m:44s left)
  63 TN+F+G4      33006.072   part1.2+part2.1	0h:1m:34s (0h:3m:43s left)
  64 HKY+F+G4     32806.195   part4.1+part4.3	0h:1m:35s (0h:3m:39s left)
  65 HKY+F+G4     32894.678   part2.1+part3.2	0h:1m:38s (0h:3m:41s left)
  66 K2P+I        32843.814   part2.2+part3.1	0h:1m:39s (0h:3m:38s left)
  67 TPM2+F+I     32870.847   part2.2+part5.2	0h:1m:39s (0h:3m:34s left)
  68 K2P+G4       32821.236   part3.3+part4.1	0h:1m:41s (0h:3m:33s left)
  69 HKY+F+I      32958.851   part1.2+part2.2	0h:1m:41s (0h:3m:29s left)
  70 TN+F+G4      32792.675   part4.2+part4.3	0h:1m:42s (0h:3m:25s left)
  71 TPM2u+F+I    32859.093   part2.2+part3.2	0h:1m:44s (0h:3m:26s left)
  72 TNe+G4       32895.669   part1.1+part4.3	0h:1m:46s (0h:3m:26s left)
  73 HKY+F+G4     32889.282   part4.3+part5.2	0h:1m:47s (0h:3m:24s left)
  74 HKY+F+G4     32831.963   part4.1+part5.3	0h:1m:48s (0h:3m:21s left)
  75 K2P+G4       32863.001   part4.3+part5.1	0h:1m:50s (0h:3m:19s left)
  76 TIM2+F+G4    32841.549   part3.3+part4.2	0h:1m:51s (0h:3m:17s left)
  77 K3P+G4       32931.032   part1.1+part3.3	0h:1m:52s (0h:3m:15s left)
  78 HKY+F+G4     32970.557   part1.2+part4.3	0h:1m:53s (0h:3m:13s left)
  79 HKY+F+G4     32812.677   part4.2+part5.3	0h:1m:54s (0h:3m:11s left)
  80 K2P+G4       32863.932   part3.1+part4.3	0h:1m:55s (0h:3m:8s left)
  81 TIM2+F+G4    32884.166   part5.1+part5.3	0h:1m:56s (0h:3m:7s left)
  82 K2P+G4       32885.592   part3.3+part5.1	0h:1m:56s (0h:3m:4s left)
  83 TN+F+G4      32913.880   part1.1+part5.3	0h:1m:58s (0h:3m:3s left)
  84 HKY+F+G4     32881.955   part3.2+part4.3	0h:1m:59s (0h:3m:0s left)
  85 HKY+F+G4     32897.762   part5.2+part5.3	0h:2m:0s (0h:2m:59s left)
  86 K2P+G4       32913.970   part3.3+part5.2	0h:2m:1s (0h:2m:56s left)
  87 HKY+F+I+G4   32970.127   part1.2+part5.3	0h:2m:4s (0h:2m:56s left)
  88 TIM2e+G4     32889.976   part3.1+part5.3	0h:2m:4s (0h:2m:54s left)
  89 K2P+G4       32883.690   part3.1+part3.3	0h:2m:5s (0h:2m:51s left)
  90 TIM2e+G4     32798.110   part4.1+part4.2	0h:2m:5s (0h:2m:48s left)
  91 K2P+G4       32903.425   part3.2+part3.3	0h:2m:5s (0h:2m:45s left)
  92 HKY+F+G4     33024.073   part1.2+part3.3	0h:2m:7s (0h:2m:44s left)
  93 HKY+F+G4     32886.202   part3.2+part5.3	0h:2m:8s (0h:2m:43s left)
  94 K3P+I+G4     32838.385   part1.1+part4.1	0h:2m:10s (0h:2m:42s left)
  95 K2P+G4       32832.583   part4.1+part5.1	0h:2m:10s (0h:2m:39s left)
  96 K2P+I+G4     32856.969   part4.1+part5.2	0h:2m:12s (0h:2m:38s left)
  97 TNe+I+G4     32805.537   part4.2+part5.1	0h:2m:13s (0h:2m:37s left)
  98 K2P+I+G4     32803.360   part1.1+part4.2	0h:2m:15s (0h:2m:35s left)
  99 TIMe+G4      32839.510   part3.1+part4.1	0h:2m:16s (0h:2m:34s left)
 100 TNe+I+G4     32894.115   part1.2+part4.1	0h:2m:18s (0h:2m:33s left)
 101 K2P+I+G4     32854.231   part3.2+part4.1	0h:2m:18s (0h:2m:31s left)
 102 TPM3u+F+I+G4 32793.006   part1.1+part5.1	0h:2m:19s (0h:2m:29s left)
 103 TIM2+F+I+G4  32823.706   part4.2+part5.2	0h:2m:21s (0h:2m:28s left)
 104 TIM2+F+I+G4  32833.914   part1.2+part4.2	0h:2m:26s (0h:2m:30s left)
 105 K3P+I+G4     32806.073   part1.1+part5.2	0h:2m:28s (0h:2m:30s left)
 106 TNe+I+G4     32804.181   part3.1+part4.2	0h:2m:28s (0h:2m:27s left)
 107 K3P+I+G4     32814.126   part1.1+part1.2	0h:2m:28s (0h:2m:24s left)
 108 TIM2+F+I+G4  32828.944   part3.2+part4.2	0h:2m:32s (0h:2m:25s left)
 109 K2P+I+G4     32796.784   part5.1+part5.2	0h:2m:33s (0h:2m:23s left)
 110 TVMe+I+G4    32795.542   part1.1+part3.1	0h:2m:34s (0h:2m:21s left)
 111 K2P+I+G4     32799.725   part1.2+part5.1	0h:2m:35s (0h:2m:19s left)
 112 TIM3+F+I+G4  32810.924   part1.1+part3.2	0h:2m:36s (0h:2m:18s left)
 113 TPM2u+F+I+G4 32794.866   part3.1+part5.1	0h:2m:42s (0h:2m:20s left)
 114 HKY+F+I+G4   32806.425   part3.2+part5.1	0h:2m:42s (0h:2m:18s left)
 115 TIM2e+I+G4   32802.734   part3.1+part5.2	0h:2m:43s (0h:2m:16s left)
 116 JC+I+G4      32799.044   part1.2+part3.1	0h:2m:43s (0h:2m:14s left)
 117 HKY+F+I+G4   32800.497   part3.2+part5.2	0h:2m:46s (0h:2m:13s left)
 118 HKY+F+I+G4   32795.550   part1.2+part5.2	0h:2m:46s (0h:2m:11s left)
 119 JC+I+G4      32798.639   part3.1+part3.2	0h:2m:46s (0h:2m:9s left)
 120 HKY+F+I+G4   32795.067   part1.2+part3.2	0h:2m:47s (0h:2m:6s left)
Merging part4.3+part5.3 with BIC score: 32783.357 (LnL: -15891.321  df: 124)
 121 TPM3u+F+G4   32852.557   part1.3+part4.3+part5.3	0h:2m:58s (0h:2m:12s left)
 122 TN+F+G4      32918.703   part1.1+part4.3+part5.3	0h:2m:58s (0h:2m:10s left)
 123 HKY+F+G4     32775.581   part4.2+part4.3+part5.3	0h:2m:58s (0h:2m:7s left)
 124 HKY+F+G4     32793.226   part4.1+part4.3+part5.3	0h:3m:0s (0h:2m:6s left)
 125 HKY+F+G4     32784.117   part3.3+part4.3+part5.3	0h:3m:2s (0h:2m:5s left)
 126 HKY+F+G4     32786.010   part2.2+part4.3+part5.3	0h:3m:3s (0h:2m:4s left)
 127 HKY+F+G4     32802.477   part2.1+part4.3+part5.3	0h:3m:6s (0h:2m:3s left)
 128 HKY+F+G4     32760.895   part2.3+part4.3+part5.3	0h:3m:6s (0h:2m:0s left)
 129 TPM2u+F+G4   32876.713   part3.1+part4.3+part5.3	0h:3m:9s (0h:2m:0s left)
 130 HKY+F+G4     32864.474   part4.3+part5.1+part5.3	0h:3m:10s (0h:1m:58s left)
 131 HKY+F+G4     32876.230   part4.3+part5.2+part5.3	0h:3m:10s (0h:1m:56s left)
 132 HKY+F+G4     32973.240   part1.2+part4.3+part5.3	0h:3m:10s (0h:1m:54s left)
 133 HKY+F+G4     32864.043   part3.2+part4.3+part5.3	0h:3m:12s (0h:1m:52s left)
Merging part1.1+part5.1 with BIC score: 32758.557 (LnL: -15878.921  df: 124)
 134 HKY+F+G4     32886.888   part1.1+part2.1+part5.1	0h:3m:19s (0h:1m:54s left)
 135 K3Pu+F+I+G4  32792.629   part1.1+part4.1+part5.1	0h:3m:19s (0h:1m:52s left)
 136 K2P+I+G4     32750.318   part1.1+part4.2+part5.1	0h:3m:21s (0h:1m:51s left)
 137 K2P+G4       32915.374   part1.1+part3.3+part5.1	0h:3m:23s (0h:1m:49s left)
 138 K3Pu+F+G4    32893.472   part1.1+part2.3+part5.1	0h:3m:25s (0h:1m:48s left)
 139 HKY+F+G4     32851.658   part1.1+part2.2+part5.1	0h:3m:26s (0h:1m:46s left)
 140 TIM3e+I+G4   32818.865   part1.1+part1.3+part5.1	0h:3m:27s (0h:1m:45s left)
 141 TN+F+G4      32944.544   part1.1+part4.3+part5.1+part5.3	0h:3m:27s (0h:1m:43s left)
 142 TPM3u+F+I+G4 32755.578   part1.1+part1.2+part5.1	0h:3m:30s (0h:1m:42s left)
 143 TPM3u+F+I+G4 32745.483   part1.1+part5.1+part5.2	0h:3m:30s (0h:1m:40s left)
 144 TVM+F+I+G4   32731.650   part1.1+part3.1+part5.1	0h:3m:31s (0h:1m:38s left)
 145 TIM3+F+I+G4  32743.445   part1.1+part3.2+part5.1	0h:3m:33s (0h:1m:37s left)
Merging part1.1+part3.1+part5.1 with BIC score: 32731.650 (LnL: -15877.573  df: 121)
 146 TVM+F+I+G4   32779.827   part1.1+part3.1+part4.1+part5.1	0h:3m:40s (0h:1m:38s left)
 147 HKY+F+I+G4   32900.292   part1.1+part2.1+part3.1+part5.1	0h:3m:41s (0h:1m:36s left)
 148 TVM+F+I+G4   32724.523   part1.1+part3.1+part5.1+part5.2	0h:3m:43s (0h:1m:35s left)
 149 K2P+I+G4     32736.641   part1.1+part3.1+part4.2+part5.1	0h:3m:43s (0h:1m:33s left)
 150 HKY+F+G4     32862.655   part1.1+part2.2+part3.1+part5.1	0h:3m:48s (0h:1m:32s left)
 151 TIM2e+I+G4   32966.556   part1.1+part3.1+part4.3+part5.1+part5.3	0h:3m:48s (0h:1m:30s left)
 152 K3Pu+F+G4    32914.340   part1.1+part2.3+part3.1+part5.1	0h:3m:48s (0h:1m:28s left)
 153 TIM3e+I+G4   32826.331   part1.1+part1.3+part3.1+part5.1	0h:3m:48s (0h:1m:26s left)
 154 TVMe+I+G4    32732.561   part1.1+part1.2+part3.1+part5.1	0h:3m:52s (0h:1m:26s left)
 155 TVM+F+I+G4   32721.575   part1.1+part3.1+part3.2+part5.1	0h:3m:52s (0h:1m:24s left)
 156 K3P+I+G4     32929.024   part1.1+part3.1+part3.3+part5.1	0h:3m:53s (0h:1m:22s left)
Merging part2.2+part2.3 with BIC score: 32708.113 (LnL: -15885.980  df: 116)
 157 K2P+I+G4     32739.390   part1.3+part2.2+part2.3	0h:4m:7s (0h:1m:25s left)
 158 TPM2u+F+G4   32760.779   part2.2+part2.3+part3.2	0h:4m:9s (0h:1m:23s left)
 159 K3Pu+F+G4    32912.788   part1.1+part2.2+part2.3+part3.1+part5.1	0h:4m:10s (0h:1m:21s left)
 160 TIM2+F+G4    32694.547   part2.2+part2.3+part4.2	0h:4m:10s (0h:1m:19s left)
 161 TPM2u+F+I    32776.355   part2.2+part2.3+part5.2	0h:4m:11s (0h:1m:17s left)
 162 TPM2u+F+G4   32690.355   part2.1+part2.2+part2.3	0h:4m:11s (0h:1m:16s left)
 163 TIM2+F+I     32876.452   part1.2+part2.2+part2.3	0h:4m:12s (0h:1m:14s left)
 164 HKY+F+G4     32704.076   part2.2+part2.3+part4.3+part5.3	0h:4m:13s (0h:1m:12s left)
 165 HKY+F+G4     32712.517   part2.2+part2.3+part4.1	0h:4m:22s (0h:1m:13s left)
 166 TPM2u+F+G4   32709.459   part2.2+part2.3+part3.3	0h:4m:23s (0h:1m:11s left)
Merging part1.2+part3.2 with BIC score: 32685.374 (LnL: -15870.576  df: 117)
 167 HKY+F+I+G4   32938.010   part1.2+part3.2+part3.3	0h:4m:29s (0h:1m:11s left)
 168 TPM3u+F+I+G4 32691.260   part1.1+part1.2+part3.1+part3.2+part5.1	0h:4m:31s (0h:1m:9s left)
 169 TN+F+I+G4    32925.985   part1.2+part2.1+part3.2	0h:4m:31s (0h:1m:7s left)
 170 K2P+I+G4     32775.617   part1.2+part3.2+part4.1	0h:4m:32s (0h:1m:5s left)
 171 TIM3e+I+G4   32848.548   part1.2+part1.3+part3.2	0h:4m:32s (0h:1m:3s left)
 172 HKY+F+I+G4   32654.505   part1.2+part3.2+part5.2	0h:4m:34s (0h:1m:2s left)
 173 HKY+F+G4     32936.482   part1.2+part3.2+part4.3+part5.3	0h:4m:34s (0h:1m:0s left)
 174 TPM2u+F+I+G4 32703.679   part1.2+part3.2+part4.2	0h:4m:37s (0h:0m:59s left)
 175 TPM2u+F+I    32908.222   part1.2+part2.2+part2.3+part3.2	0h:4m:41s (0h:0m:57s left)
Merging part1.2+part3.2+part5.2 with BIC score: 32654.505 (LnL: -15867.247  df: 114)
 176 HKY+F+I+G4   32947.298   part1.2+part3.2+part3.3+part5.2	0h:4m:49s (0h:0m:57s left)
 177 K2P+I+G4     32760.294   part1.2+part3.2+part4.1+part5.2	0h:4m:51s (0h:0m:56s left)
 178 TIM2+F+I+G4  32943.607   part1.2+part2.1+part3.2+part5.2	0h:4m:52s (0h:0m:54s left)
 179 TPM3u+F+I+G4 32667.279   part1.1+part1.2+part3.1+part3.2+part5.1+part5.2	0h:4m:53s (0h:0m:52s left)
 180 HKY+F+I+G4   32969.866   part1.2+part3.2+part4.3+part5.2+part5.3	0h:4m:53s (0h:0m:50s left)
 181 TIM3e+I+G4   32866.568   part1.2+part1.3+part3.2+part5.2	0h:4m:53s (0h:0m:48s left)
 182 TPM2u+F+I+G4 32675.783   part1.2+part3.2+part4.2+part5.2	0h:4m:53s (0h:0m:46s left)
 183 TPM2u+F+I+G4 32947.666   part1.2+part2.2+part2.3+part3.2+part5.2	0h:5m:1s (0h:0m:46s left)
Merging part4.1+part4.2 with BIC score: 32634.809 (LnL: -15877.574  df: 109)
 184 K2P+G4       32657.743   part3.3+part4.1+part4.2	0h:5m:11s (0h:0m:45s left)
 185 TNe+G4       32638.055   part2.1+part4.1+part4.2	0h:5m:13s (0h:0m:44s left)
 186 K3P+I+G4     32686.768   part1.1+part3.1+part4.1+part4.2+part5.1	0h:5m:14s (0h:0m:42s left)
 187 TVMe+I+G4    32622.715   part1.3+part4.1+part4.2	0h:5m:15s (0h:0m:40s left)
 188 TIM2+F+I+G4  32745.227   part1.2+part3.2+part4.1+part4.2+part5.2	0h:5m:16s (0h:0m:38s left)
 189 HKY+F+G4     32647.756   part4.1+part4.2+part4.3+part5.3	0h:5m:17s (0h:0m:36s left)
 190 TIM2+F+G4    32643.665   part2.2+part2.3+part4.1+part4.2	0h:5m:22s (0h:0m:35s left)
Merging part2.1+part2.2+part2.3 with BIC score: 32617.052 (LnL: -15880.801  df: 106)
 191 HKY+F+G4     32852.971   part1.1+part2.1+part2.2+part2.3+part3.1+part5.1	0h:5m:42s (0h:0m:35s left)
 192 TPM2u+F+G4   32676.493   part1.3+part2.1+part2.2+part2.3	0h:5m:44s (0h:0m:34s left)
 193 TIM2+F+G4    32631.033   part2.1+part2.2+part2.3+part4.1+part4.2	0h:5m:46s (0h:0m:32s left)
 194 TPM2u+F+G4   32618.987   part2.1+part2.2+part2.3+part3.3	0h:5m:47s (0h:0m:30s left)
 195 TIM2+F+G4    32958.034   part1.2+part2.1+part2.2+part2.3+part3.2+part5.2	0h:5m:48s (0h:0m:28s left)
 196 HKY+F+G4     32628.690   part2.1+part2.2+part2.3+part4.3+part5.3	0h:5m:51s (0h:0m:26s left)
Merging part1.3+part4.1+part4.2 with BIC score: 32604.958 (LnL: -15894.930  df: 101)
 197 K2P+I+G4     32641.213   part1.3+part3.3+part4.1+part4.2	0h:6m:3s (0h:0m:25s left)
 198 TIM3e+I+G4   32707.501   part1.1+part1.3+part3.1+part4.1+part4.2+part5.1	0h:6m:5s (0h:0m:24s left)
 199 TVMe+I+G4    32825.273   part1.2+part1.3+part3.2+part4.1+part4.2+part5.2	0h:6m:6s (0h:0m:22s left)
 200 TPM3u+F+I+G4 32668.308   part1.3+part4.1+part4.2+part4.3+part5.3	0h:6m:7s (0h:0m:20s left)
 201 K2P+I+G4     32671.952   part1.3+part2.1+part2.2+part2.3+part4.1+part4.2	0h:6m:12s (0h:0m:18s left)
BEST-FIT PARTITION MODEL: 
  charpartition BIC = TVM+F+I+G4: part1.1 part3.1 part5.1, HKY+F+I+G4: part1.2 part3.2 part5.2, TVMe+I+G4: part1.3 part4.1 part4.2, TPM2u+F+G4: part2.1 part2.2 part2.3, K2P+G4: part3.3, HKY+F+G4: part4.3 part5.3;
Agglomerative model selection: (((part1.1,part5.1)2:32758.6,part3.1)3:32731.6,((part1.2,part3.2)5:32685.4,part5.2)6:32654.5,(part1.3,(part4.1,part4.2)7:32634.8)9:32605,(part2.1,(part2.2,part2.3)4:32708.1)8:32617.1,part3.3,(part4.3,part5.3)1:32783.4)
Merging into 6 partitions...
Partition information was printed to 2_set41.best_scheme.nex
Partition information in Raxml format was printed to 2_set41.best_scheme

All model information printed to 2_set41.model.gz
CPU time for ModelFinder: 343.905 seconds (0h:5m:43s)
Wall-clock time for ModelFinder: 372.639 seconds (0h:6m:12s)
Generating 1000 samples for ultrafast bootstrap (seed: 482430)...

NOTE: 10 MB RAM (0 GB) is required!
Measuring multi-threading efficiency up to 8 CPU cores
Increase to 10 rounds for branch lengths
9 trees examined
Threads: 1 / Time: 8.733 sec / Speedup: 1.000 / Efficiency: 100% / LogL: -25320
Threads: 2 / Time: 17.963 sec / Speedup: 0.486 / Efficiency: 24% / LogL: -25320
BEST NUMBER OF THREADS: 1

Estimate model parameters (epsilon = 0.100)
Initial log-likelihood: -16893.377
Current log-likelihood at step 1: -16050.808
Current log-likelihood at step 2: -15923.277
Current log-likelihood at step 3: -15920.494
Current log-likelihood at step 4: -15917.832
Current log-likelihood at step 5: -15915.093
Current log-likelihood at step 6: -15912.233
Current log-likelihood at step 7: -15909.236
Current log-likelihood at step 8: -15906.088
Current log-likelihood at step 9: -15900.425
Current log-likelihood at step 10: -15897.297
Current log-likelihood at step 11: -15893.963
Current log-likelihood at step 12: -15890.396
Current log-likelihood at step 13: -15886.563
Current log-likelihood at step 14: -15882.427
Current log-likelihood at step 15: -15877.942
Current log-likelihood at step 16: -15873.057
Current log-likelihood at step 17: -15867.716
Current log-likelihood at step 18: -15861.865
Current log-likelihood at step 19: -15855.479
Current log-likelihood at step 20: -15848.622
Current log-likelihood at step 21: -15831.415
Current log-likelihood at step 22: -15831.279
Current log-likelihood at step 23: -15831.145
Current log-likelihood at step 24: -15831.009
Current log-likelihood at step 25: -15830.873
Current log-likelihood at step 26: -15830.735
Current log-likelihood at step 27: -15830.597
Current log-likelihood at step 28: -15830.457
Current log-likelihood at step 29: -15830.316
Current log-likelihood at step 30: -15830.174
Current log-likelihood at step 31: -15830.031
Current log-likelihood at step 32: -15829.886
Current log-likelihood at step 33: -15829.740
Current log-likelihood at step 34: -15829.593
Current log-likelihood at step 35: -15829.445
Current log-likelihood at step 36: -15829.295
Current log-likelihood at step 37: -15829.144
Current log-likelihood at step 38: -15828.992
Current log-likelihood at step 39: -15828.838
Current log-likelihood at step 40: -15828.683
Current log-likelihood at step 41: -15828.527
Current log-likelihood at step 42: -15828.369
Current log-likelihood at step 43: -15828.209
Current log-likelihood at step 44: -15828.048
Current log-likelihood at step 45: -15827.886
Current log-likelihood at step 46: -15827.722
Current log-likelihood at step 47: -15827.556
Current log-likelihood at step 48: -15827.389
Current log-likelihood at step 49: -15827.220
Current log-likelihood at step 50: -15827.049
Current log-likelihood at step 51: -15826.877
Current log-likelihood at step 52: -15826.703
Current log-likelihood at step 53: -15826.527
Current log-likelihood at step 54: -15826.350
Current log-likelihood at step 55: -15826.170
Current log-likelihood at step 56: -15825.989
Current log-likelihood at step 57: -15825.805
Current log-likelihood at step 58: -15825.620
Current log-likelihood at step 59: -15825.433
Current log-likelihood at step 60: -15825.243
Current log-likelihood at step 61: -15825.052
Current log-likelihood at step 62: -15824.858
Current log-likelihood at step 63: -15824.662
Current log-likelihood at step 64: -15824.464
Current log-likelihood at step 65: -15824.264
Current log-likelihood at step 66: -15824.061
Current log-likelihood at step 67: -15823.856
Current log-likelihood at step 68: -15823.648
Current log-likelihood at step 69: -15823.438
Current log-likelihood at step 70: -15823.225
Current log-likelihood at step 71: -15823.010
Current log-likelihood at step 72: -15822.792
Current log-likelihood at step 73: -15822.571
Current log-likelihood at step 74: -15822.347
Current log-likelihood at step 75: -15822.121
Current log-likelihood at step 76: -15821.891
Current log-likelihood at step 77: -15821.659
Current log-likelihood at step 78: -15821.423
Current log-likelihood at step 79: -15821.184
Current log-likelihood at step 80: -15820.942
Current log-likelihood at step 81: -15820.696
Current log-likelihood at step 82: -15820.447
Current log-likelihood at step 83: -15820.195
Current log-likelihood at step 84: -15819.938
Current log-likelihood at step 85: -15819.678
Current log-likelihood at step 86: -15819.414
Current log-likelihood at step 87: -15819.146
Current log-likelihood at step 88: -15818.874
Current log-likelihood at step 89: -15818.598
Current log-likelihood at step 90: -15818.318
Current log-likelihood at step 91: -15818.033
Current log-likelihood at step 92: -15817.743
Current log-likelihood at step 93: -15817.449
Current log-likelihood at step 94: -15817.149
Current log-likelihood at step 95: -15816.845
Current log-likelihood at step 96: -15816.536
Current log-likelihood at step 97: -15816.221
Current log-likelihood at step 98: -15815.900
Current log-likelihood at step 99: -15815.574
Parameters optimization took 99 rounds (32.771 sec)

Computing ML distances based on estimated model parameters... 0.071 sec
Computing BIONJ tree...
0.040 seconds
Log-likelihood of BIONJ tree: -15841.601
--------------------------------------------------------------------
|             INITIALIZING CANDIDATE TREE SET                      |
--------------------------------------------------------------------
Generating 98 parsimony trees... 4.284 second
Computing log-likelihood of 98 initial trees ... 13.015 seconds
Current best score: -15811.910

Do NNI search on 20 best initial trees
Estimate model parameters (epsilon = 0.100)
Initial log-likelihood: -15811.131
Current log-likelihood at step 1: -15810.708
Current log-likelihood at step 2: -15810.368
Current log-likelihood at step 3: -15810.024
Current log-likelihood at step 4: -15809.673
Current log-likelihood at step 5: -15809.315
Current log-likelihood at step 6: -15808.951
Current log-likelihood at step 7: -15808.579
Current log-likelihood at step 8: -15808.201
Current log-likelihood at step 9: -15807.814
Current log-likelihood at step 10: -15807.420
Current log-likelihood at step 11: -15807.017
Current log-likelihood at step 12: -15806.606
Current log-likelihood at step 13: -15806.187
Current log-likelihood at step 14: -15805.758
Current log-likelihood at step 15: -15805.320
Current log-likelihood at step 16: -15804.873
Current log-likelihood at step 17: -15804.416
Current log-likelihood at step 18: -15803.948
Current log-likelihood at step 19: -15803.470
Current log-likelihood at step 20: -15802.982
Current log-likelihood at step 21: -15802.482
Current log-likelihood at step 22: -15801.971
Current log-likelihood at step 23: -15801.449
Current log-likelihood at step 24: -15800.916
Current log-likelihood at step 25: -15800.371
Current log-likelihood at step 26: -15799.815
Current log-likelihood at step 27: -15799.248
Current log-likelihood at step 28: -15798.670
Current log-likelihood at step 29: -15798.081
Current log-likelihood at step 30: -15797.483
Current log-likelihood at step 31: -15796.878
Current log-likelihood at step 32: -15796.265
Current log-likelihood at step 33: -15795.648
Current log-likelihood at step 34: -15789.098
Current log-likelihood at step 35: -15789.098
Parameters optimization took 34 rounds (7.888 sec)

BETTER TREE FOUND at iteration 1: -15789.098
Iteration 10 / LogL: -15789.098 / Time: 0h:1m:40s
UPDATE BEST LOG-LIKELIHOOD: -15789.097
Iteration 20 / LogL: -15799.763 / Time: 0h:1m:57s
Finish initializing candidate tree set (2)
Current best tree score: -15789.097 / CPU time: 57.111
Number of iterations: 20
--------------------------------------------------------------------
|               OPTIMIZING CANDIDATE TREE SET                      |
--------------------------------------------------------------------
Iteration 30 / LogL: -15789.098 / Time: 0h:2m:11s (0h:5m:21s left)
Iteration 40 / LogL: -15789.110 / Time: 0h:2m:26s (0h:3m:48s left)
Iteration 50 / LogL: -15799.783 / Time: 0h:2m:41s (0h:2m:47s left)
Log-likelihood cutoff on original alignment: -15824.043
Iteration 60 / LogL: -15789.098 / Time: 0h:2m:55s (0h:2m:1s left)
Iteration 70 / LogL: -15800.705 / Time: 0h:3m:17s (0h:1m:28s left)
Iteration 80 / LogL: -15805.685 / Time: 0h:3m:33s (0h:0m:56s left)
Iteration 90 / LogL: -15799.766 / Time: 0h:3m:53s (0h:0m:28s left)
Iteration 100 / LogL: -15789.102 / Time: 0h:4m:22s (0h:0m:2s left)
Log-likelihood cutoff on original alignment: -15824.043
NOTE: Bootstrap correlation coefficient of split occurrence frequencies: 0.998
TREE SEARCH COMPLETED AFTER 102 ITERATIONS / Time: 0h:4m:27s

--------------------------------------------------------------------
|                    FINALIZING TREE SEARCH                        |
--------------------------------------------------------------------
Performs final model parameters optimization
Estimate model parameters (epsilon = 0.010)
Initial log-likelihood: -15789.097
Current log-likelihood at step 1: -15789.097
Parameters optimization took 0 rounds (0.431 sec)

BEST SCORE FOUND : -15789.097
Creating bootstrap support values...
Split supports printed to NEXUS file 2_set41.splits.nex
Total tree length: 1.242

Total number of iterations: 102
CPU time used for tree search: 62.503 sec (0h:1m:2s)
Wall-clock time used for tree search: 207.286 sec (0h:3m:27s)
Total CPU time used: 75.542 sec (0h:1m:15s)
Total wall-clock time used: 269.121 sec (0h:4m:29s)

Computing bootstrap consensus tree...
Reading input file 2_set41.splits.nex...
35 taxa and 128 splits.
Consensus tree written to 2_set41.contree
Reading input trees file 2_set41.contree
Log-likelihood of consensus tree: -15789.098

Analysis results written to: 
  IQ-TREE report:                2_set41.iqtree
  Maximum-likelihood tree:       2_set41.treefile
  Likelihood distances:          2_set41.mldist
  Best partitioning scheme:      2_set41.best_scheme.nex
           in RAxML format:      2_set41.best_scheme

Ultrafast bootstrap approximation results written to:
  Split support values:          2_set41.splits.nex
  Consensus tree:                2_set41.contree
  Screen log file:               2_set41.log

Date and Time: Thu Sep  6 19:44:47 2018
