IQ-TREE multicore version 1.6.3 for Mac OS X 64-bit built Mar 22 2018
Developed by Bui Quang Minh, Nguyen Lam Tung, Olga Chernomor,
Heiko Schmidt, Dominik Schrempf, Michael Woodhams.

Host:    meeps-mac-pro.staff.sydney.edu.au (AVX, 64 GB RAM)
Command: /Users/davidduchene/Desktop/Software/iqtree-1.6.3-MacOSX/bin/iqtree -s ../../../../marsupials/set235.fasta -m TEST -bb 1000 -nt AUTO -pre 1_set235
Seed:    956798 (Using SPRNG - Scalable Parallel Random Number Generator)
Time:    Fri Jul 27 18:32:33 2018
Kernel:  AVX - auto-detect threads (8 CPU cores detected)

Reading alignment file ../../../../marsupials/set235.fasta ... Fasta format detected
Alignment most likely contains DNA/RNA sequences
Alignment has 35 sequences with 1788 columns, 584 distinct patterns
318 parsimony-informative, 174 singleton sites, 1296 constant sites
                                              Gap/Ambiguity  Composition  p-value
   1  Burramyidae_Burramys_parvus                    13.76%    passed     70.68%
   2  Notoryctidae_Notoryctes_typhlops               37.14%    passed     33.91%
   3  Vombatidae_Lasiorhinus_latifrons               36.69%    passed      5.07%
   4  Potoroidae_Bettongia_penicillata                0.22%    passed     96.29%
   5  Potoroidae_Bettongia_lesueur                    0.06%    passed     96.82%
   6  Dasyuridae_Dasyurus_maculatus                   0.17%    passed     97.12%
   7  Phalangeridae_Trichosurus_vulpecula             0.34%    passed     97.36%
   8  Phalangeridae_Spilocuscus_maculatus             0.84%    passed     98.90%
   9  Potoroidae_Aepyprymnus_rufescens                0.06%    passed     93.83%
  10  Peramelidae_Perameles_nasuta                    1.62%    passed     80.71%
  11  Phalangeridae_Strigocuscus_pelengensis          2.46%    passed     99.54%
  12  Dasyuridae_Phascogale_tapoatafa                 0.34%    passed     99.71%
  13  Dasyuridae_Sminthopsis_macroura                 0.17%    passed     93.26%
  14  Phalangeridae_Phalanger_orientalis              0.56%    passed     99.93%
  15  Acrobatidae_Acrobates_pygmaeus                  1.34%    passed     88.58%
  16  Dasyuridae_Phascogale_calura                    0.17%    passed     99.45%
  17  Dasyuridae_Sarcophilus_harrisii                 0.17%    passed     99.01%
  18  Dasyuridae_Planigale_tenuirostris               9.84%    passed     94.03%
  19  Peramelidae_Echymipera_kalubu                   6.94%    passed     90.04%
  20  Macropodidae_Dorcopsulus_vanheurni              0.28%    passed     92.40%
  21  Pseudochiridae_Pseudochirulus_forbesi           0.00%    passed     87.40%
  22  Didelphidae_Didelphis_virginiana               12.70%    passed     18.36%
  23  Marmosidae_Monodelphis_domestica               12.92%    passed     19.36%
  24  Dasyuridae_Antechinus_stuartii                  2.57%    passed     97.21%
  25  Hypsiprymnodontidae_Hypsiprymnodon_moschatus    0.11%    passed     98.69%
  26  Microbiotheriidae_Dromiciops_gliroides          2.63%    passed     92.53%
  27  Pseudochiridae_Petauroides_volans               1.23%    passed     97.37%
  28  Macropodidae_Wallabia_bicolor                   1.23%    passed     95.32%
  29  Pseudochiridae_Pseudocheirus_occidentalis      14.93%    passed     75.47%
  30  Tarsipedidae_Tarsipes_rostratus                 1.79%    passed     89.90%
  31  Acrobatidae_Distoechurus_pennatus               0.50%    passed     89.50%
  32  Phalangeridae_Phalanger_carmelitae              0.34%    passed     99.82%
  33  Peramelidae_Peroryctes_raffrayana              16.55%    passed     63.30%
  34  Dasyuridae_Dasyurus_geffroii                    0.17%    passed     95.79%
  35  Peramelidae_Perameles_gunnii                   12.08%    passed     62.82%
****  TOTAL                                           5.51%  0 sequences failed composition chi2 test (p-value<5%; df=3)


Create initial parsimony tree by phylogenetic likelihood library (PLL)... 0.003 seconds
NOTE: ModelFinder requires 4 MB RAM!
ModelFinder will test 88 DNA models (sample size: 1788) ...
 No. Model         -LnL         df  AIC          AICc         BIC
Measuring multi-threading efficiency up to 8 CPU cores
Increase to 10 rounds for branch lengths
544 trees examined
Threads: 1 / Time: 8.001 sec / Speedup: 1.000 / Efficiency: 100% / LogL: -13152
Threads: 2 / Time: 6.173 sec / Speedup: 1.296 / Efficiency: 65% / LogL: -13152
Threads: 3 / Time: 5.390 sec / Speedup: 1.484 / Efficiency: 49% / LogL: -13152
BEST NUMBER OF THREADS: 2

  1  JC            8468.000     67  17070.001    17075.299    17437.754
  2  JC+I          8189.110     68  16514.220    16519.679    16887.462
  3  JC+G4         8172.298     68  16480.596    16486.055    16853.838
  4  JC+I+G4       8164.669     69  16467.338    16472.960    16846.068
  5  F81+F         8445.870     70  17031.741    17037.530    17415.960
  6  F81+F+I       8171.745     71  16485.491    16491.449    16875.199
  7  F81+F+G4      8154.691     71  16451.381    16457.339    16841.090
  8  F81+F+I+G4    8147.168     72  16438.336    16444.465    16833.533
  9  K2P           8182.926     68  16501.852    16507.311    16875.094
 10  K2P+I         7898.262     69  15934.525    15940.148    16313.256
 11  K2P+G4        7880.412     69  15898.825    15904.448    16277.556
 12  K2P+I+G4      7871.871     70  15883.742    15889.531    16267.962
 13  HKY+F         8161.935     71  16465.869    16471.827    16855.578
 14  HKY+F+I       7880.174     72  15904.348    15910.477    16299.545
 15  HKY+F+G4      7862.099     72  15868.198    15874.327    16263.395
 16  HKY+F+I+G4    7853.686     73  15853.371    15859.675    16254.057
 17  TNe           8177.580     69  16493.160    16498.783    16871.891
 18  TNe+I         7896.667     70  15933.333    15939.122    16317.553
 19  TNe+G4        7878.244     70  15896.489    15902.278    16280.708
 20  TNe+I+G4      7869.639     71  15881.278    15887.236    16270.986
 21  TN+F          8146.893     72  16437.786    16443.915    16832.983
 22  TN+F+I        7871.493     73  15888.987    15895.290    16289.673
 23  TN+F+G4       7852.357     73  15850.714    15857.018    16251.401
 24  TN+F+I+G4     7843.930     74  15835.860    15842.340    16242.035
 25  K3P           8182.195     69  16502.391    16508.014    16881.122
 26  K3P+I         7897.470     70  15934.941    15940.730    16319.160
 27  K3P+G4        7879.651     70  15899.302    15905.091    16283.522
 28  K3P+I+G4      7870.945     71  15883.890    15889.848    16273.599
 29  K3Pu+F        8161.239     72  16466.478    16472.607    16861.675
 30  K3Pu+F+I      7879.066     73  15904.132    15910.435    16304.818
 31  K3Pu+F+G4     7861.012     73  15868.024    15874.328    16268.711
 32  K3Pu+F+I+G4   7852.414     74  15852.828    15859.308    16259.004
 33  TPM2+F        8160.656     72  16465.312    16471.442    16860.510
 34  TPM2+F+I      7879.395     73  15904.791    15911.094    16305.477
 35  TPM2+F+G4     7861.149     73  15868.299    15874.602    16268.985
 36  TPM2+F+I+G4   7852.478     74  15852.956    15859.436    16259.131
 37  TPM2u+F       8160.657     72  16465.315    16471.444    16860.512
 38  TPM2u+F+I     7879.395     73  15904.791    15911.094    16305.477
 39  TPM2u+F+G4    7861.149     73  15868.299    15874.602    16268.985
 40  TPM2u+F+I+G4  7852.451     74  15852.902    15859.382    16259.077
 41  TPM3+F        8158.873     72  16461.746    16467.875    16856.943
 42  TPM3+F+I      7879.636     73  15905.273    15911.576    16305.959
 43  TPM3+F+G4     7861.569     73  15869.137    15875.441    16269.824
 44  TPM3+F+I+G4   7852.964     74  15853.928    15860.408    16260.103
 45  TPM3u+F       8158.872     72  16461.744    16467.874    16856.942
 46  TPM3u+F+I     7879.636     73  15905.273    15911.576    16305.959
 47  TPM3u+F+G4    7861.569     73  15869.139    15875.442    16269.825
 48  TPM3u+F+I+G4  7852.939     74  15853.878    15860.358    16260.053
 49  TIMe          8176.849     70  16493.697    16499.486    16877.917
 50  TIMe+I        7895.872     71  15933.743    15939.701    16323.452
 51  TIMe+G4       7877.480     71  15896.960    15902.918    16286.668
 52  TIMe+I+G4     7868.602     72  15881.204    15887.333    16276.401
 53  TIM+F         8146.198     73  16438.396    16444.700    16839.082
 54  TIM+F+I       7870.372     74  15888.744    15895.223    16294.919
 55  TIM+F+G4      7851.272     74  15850.544    15857.024    16256.719
 56  TIM+F+I+G4    7842.580     75  15835.160    15841.819    16246.824
 57  TIM2e         8177.534     70  16495.068    16500.858    16879.288
 58  TIM2e+I       7896.521     71  15935.043    15941.001    16324.751
 59  TIM2e+G4      7878.067     71  15898.134    15904.092    16287.843
 60  TIM2e+I+G4    7869.027     72  15882.053    15888.183    16277.251
 61  TIM2+F        8145.624     73  16437.247    16443.551    16837.934
 62  TIM2+F+I      7870.701     74  15889.402    15895.882    16295.577
 63  TIM2+F+G4     7851.493     74  15850.986    15857.465    16257.161
 64  TIM2+F+I+G4   7842.728     75  15835.455    15842.114    16247.119
 65  TIM3e         8174.719     70  16489.438    16495.228    16873.658
 66  TIM3e+I       7896.125     71  15934.250    15940.208    16323.958
 67  TIM3e+G4      7877.680     71  15897.360    15903.318    16287.068
 68  TIM3e+I+G4    7868.708     72  15881.417    15887.546    16276.614
 69  TIM3+F        8143.828     73  16433.656    16439.960    16834.343
 70  TIM3+F+I      7870.990     74  15889.981    15896.461    16296.156
 71  TIM3+F+G4     7851.802     74  15851.605    15858.085    16257.780
 72  TIM3+F+I+G4   7843.047     75  15836.094    15842.753    16247.758
 73  TVMe          8179.033     71  16500.067    16506.025    16889.775
 74  TVMe+I        7896.546     72  15937.092    15943.222    16332.290
 75  TVMe+G4       7878.677     72  15901.353    15907.483    16296.551
 76  TVMe+I+G4     7869.604     73  15885.208    15891.511    16285.894
 77  TVM+F         8156.647     74  16461.294    16467.774    16867.469
 78  TVM+F+I       7877.781     75  15905.561    15912.220    16317.225
 79  TVM+F+G4      7859.586     75  15869.171    15875.830    16280.835
 80  TVM+F+I+G4    7850.697     76  15853.393    15860.234    16270.546
 81  SYM           8173.681     72  16491.361    16497.491    16886.559
 82  SYM+I         7894.980     73  15935.961    15942.264    16336.647
 83  SYM+G4        7876.524     73  15899.048    15905.351    16299.734
 84  SYM+I+G4      7867.426     74  15882.851    15889.331    16289.026
 85  GTR+F         8141.629     75  16433.258    16439.917    16844.922
 86  GTR+F+I       7869.117     76  15890.233    15897.074    16307.386
 87  GTR+F+G4      7849.891     76  15851.781    15858.622    16268.934
 88  GTR+F+I+G4    7841.087     77  15836.173    15843.198    16258.815
Akaike Information Criterion:           TIM+F+I+G4
Corrected Akaike Information Criterion: TIM+F+I+G4
Bayesian Information Criterion:         TN+F+I+G4
Best-fit model: TN+F+I+G4 chosen according to BIC

All model information printed to 1_set235.model.gz
CPU time for ModelFinder: 41.957 seconds (0h:0m:41s)
Wall-clock time for ModelFinder: 22.148 seconds (0h:0m:22s)
Generating 1000 samples for ultrafast bootstrap (seed: 956798)...

NOTE: 4 MB RAM (0 GB) is required!
Measuring multi-threading efficiency up to 8 CPU cores
Increase to 10 rounds for branch lengths
162 trees examined
Threads: 1 / Time: 8.011 sec / Speedup: 1.000 / Efficiency: 100% / LogL: -11170
Threads: 2 / Time: 5.591 sec / Speedup: 1.433 / Efficiency: 72% / LogL: -11170
Threads: 3 / Time: 4.646 sec / Speedup: 1.725 / Efficiency: 57% / LogL: -11170
Threads: 4 / Time: 5.704 sec / Speedup: 1.404 / Efficiency: 35% / LogL: -11170
BEST NUMBER OF THREADS: 3

Estimate model parameters (epsilon = 0.100)
Thoroughly optimizing +I+G parameters from 10 start values...
Init pinv, alpha: 0.000, 1.000 / Estimate: 0.000, 0.251 / LogL: -7852.357
Init pinv, alpha: 0.081, 1.000 / Estimate: 0.084, 0.296 / LogL: -7850.090
Init pinv, alpha: 0.161, 1.000 / Estimate: 0.167, 0.354 / LogL: -7848.088
Init pinv, alpha: 0.242, 1.000 / Estimate: 0.250, 0.434 / LogL: -7846.326
Init pinv, alpha: 0.322, 1.000 / Estimate: 0.331, 0.548 / LogL: -7844.815
Init pinv, alpha: 0.403, 1.000 / Estimate: 0.410, 0.722 / LogL: -7843.653
Init pinv, alpha: 0.483, 1.000 / Estimate: 0.483, 0.998 / LogL: -7843.168
Init pinv, alpha: 0.564, 1.000 / Estimate: 0.543, 1.411 / LogL: -7843.840
Init pinv, alpha: 0.644, 1.000 / Estimate: 0.543, 1.414 / LogL: -7843.851
Init pinv, alpha: 0.725, 1.000 / Estimate: 0.543, 1.414 / LogL: -7843.852
Optimal pinv,alpha: 0.483, 0.998 / LogL: -7843.168

Parameters optimization took 0.817 sec
Computing ML distances based on estimated model parameters... 0.023 sec
Computing BIONJ tree...
0.001 seconds
Log-likelihood of BIONJ tree: -7860.894
--------------------------------------------------------------------
|             INITIALIZING CANDIDATE TREE SET                      |
--------------------------------------------------------------------
Generating 98 parsimony trees... 0.405 second
Computing log-likelihood of 98 initial trees ... 0.774 seconds
Current best score: -7841.551

Do NNI search on 20 best initial trees
Estimate model parameters (epsilon = 0.100)
BETTER TREE FOUND at iteration 1: -7839.724
Iteration 10 / LogL: -7840.276 / Time: 0h:0m:48s
Iteration 20 / LogL: -7839.724 / Time: 0h:0m:49s
Finish initializing candidate tree set (6)
Current best tree score: -7839.724 / CPU time: 2.691
Number of iterations: 20
--------------------------------------------------------------------
|               OPTIMIZING CANDIDATE TREE SET                      |
--------------------------------------------------------------------
Iteration 30 / LogL: -7839.724 / Time: 0h:0m:50s (0h:1m:10s left)
Iteration 40 / LogL: -7839.724 / Time: 0h:0m:52s (0h:0m:46s left)
Iteration 50 / LogL: -7839.728 / Time: 0h:0m:53s (0h:0m:32s left)
Log-likelihood cutoff on original alignment: -7874.616
Iteration 60 / LogL: -7840.096 / Time: 0h:0m:54s (0h:0m:22s left)
Iteration 70 / LogL: -7840.505 / Time: 0h:0m:55s (0h:0m:15s left)
Iteration 80 / LogL: -7839.724 / Time: 0h:0m:56s (0h:0m:9s left)
Iteration 90 / LogL: -7841.468 / Time: 0h:0m:57s (0h:0m:4s left)
Iteration 100 / LogL: -7841.468 / Time: 0h:0m:58s (0h:0m:0s left)
Log-likelihood cutoff on original alignment: -7874.616
NOTE: Bootstrap correlation coefficient of split occurrence frequencies: 1.000
TREE SEARCH COMPLETED AFTER 102 ITERATIONS / Time: 0h:0m:59s

--------------------------------------------------------------------
|                    FINALIZING TREE SEARCH                        |
--------------------------------------------------------------------
Performs final model parameters optimization
Estimate model parameters (epsilon = 0.010)
1. Initial log-likelihood: -7839.724
Optimal log-likelihood: -7839.722
Rate parameters:  A-C: 1.00000  A-G: 4.40461  A-T: 1.00000  C-G: 1.00000  C-T: 6.87589  G-T: 1.00000
Base frequencies:  A: 0.322  C: 0.223  G: 0.229  T: 0.227
Proportion of invariable sites: 0.484
Gamma shape alpha: 0.965
Parameters optimization took 1 rounds (0.013 sec)
BEST SCORE FOUND : -7839.722
Creating bootstrap support values...
Split supports printed to NEXUS file 1_set235.splits.nex
Total tree length: 0.637

Total number of iterations: 102
CPU time used for tree search: 33.143 sec (0h:0m:33s)
Wall-clock time used for tree search: 12.260 sec (0h:0m:12s)
Total CPU time used: 128.395 sec (0h:2m:8s)
Total wall-clock time used: 59.469 sec (0h:0m:59s)

Computing bootstrap consensus tree...
Reading input file 1_set235.splits.nex...
35 taxa and 204 splits.
Consensus tree written to 1_set235.contree
Reading input trees file 1_set235.contree
Log-likelihood of consensus tree: -7848.595

Analysis results written to: 
  IQ-TREE report:                1_set235.iqtree
  Maximum-likelihood tree:       1_set235.treefile
  Likelihood distances:          1_set235.mldist

Ultrafast bootstrap approximation results written to:
  Split support values:          1_set235.splits.nex
  Consensus tree:                1_set235.contree
  Screen log file:               1_set235.log

Date and Time: Fri Jul 27 18:33:33 2018
