IQ-TREE multicore version 1.6.7 for Mac OS X 64-bit built Aug 23 2018
Developed by Bui Quang Minh, Nguyen Lam Tung, Olga Chernomor,
Heiko Schmidt, Dominik Schrempf, Michael Woodhams.

Host:    meeps-mac-pro.staff.sydney.edu.au (AVX, 64 GB RAM)
Command: /Users/davidduchene/Desktop/Software/iqtree-1.6.7-MacOSX/bin/iqtree -s ../../../../marsupials/set227.fasta -m TESTMERGE -bb 1000 -spp ../../../../marsupials/set227.nex -nt AUTO -pre 4_set227
Seed:    727234 (Using SPRNG - Scalable Parallel Random Number Generator)
Time:    Sat Sep  8 03:33:10 2018
Kernel:  AVX - auto-detect threads (8 CPU cores detected)

Reading partition model file ../../../../marsupials/set227.nex ...
Reading alignment file ../../../../marsupials/set227.fasta ... Fasta format detected
Alignment most likely contains DNA/RNA sequences
WARNING: 2 sites contain only gaps or ambiguous characters.
Alignment has 35 sequences with 2490 columns, 1020 distinct patterns
628 parsimony-informative, 315 singleton sites, 1547 constant sites
                                              Gap/Ambiguity  Composition  p-value
   1  Burramyidae_Burramys_parvus                     1.16%    passed     97.39%
   2  Notoryctidae_Notoryctes_typhlops                3.01%    passed     99.32%
   3  Vombatidae_Lasiorhinus_latifrons                1.16%    passed     59.01%
   4  Potoroidae_Bettongia_penicillata                0.72%    passed     95.83%
   5  Potoroidae_Bettongia_lesueur                    0.44%    passed     92.76%
   6  Dasyuridae_Dasyurus_maculatus                  35.78%    failed      0.15%
   7  Phalangeridae_Trichosurus_vulpecula             0.28%    passed     84.63%
   8  Phalangeridae_Spilocuscus_maculatus             0.72%    passed     96.64%
   9  Potoroidae_Aepyprymnus_rufescens                0.32%    passed     99.83%
  10  Peramelidae_Perameles_nasuta                    7.67%    passed     72.42%
  11  Phalangeridae_Strigocuscus_pelengensis          4.34%    passed     78.61%
  12  Dasyuridae_Phascogale_tapoatafa                35.86%    failed      0.24%
  13  Dasyuridae_Sminthopsis_macroura                 0.60%    passed     93.06%
  14  Phalangeridae_Phalanger_orientalis              0.24%    passed     86.48%
  15  Acrobatidae_Acrobates_pygmaeus                  0.72%    passed     99.94%
  16  Dasyuridae_Phascogale_calura                    0.48%    passed     95.76%
  17  Dasyuridae_Sarcophilus_harrisii                 0.52%    passed     92.35%
  18  Dasyuridae_Planigale_tenuirostris               8.35%    passed     95.98%
  19  Peramelidae_Echymipera_kalubu                   0.52%    passed     92.50%
  20  Macropodidae_Dorcopsulus_vanheurni              0.68%    passed     99.44%
  21  Pseudochiridae_Pseudochirulus_forbesi           0.44%    passed     99.53%
  22  Didelphidae_Didelphis_virginiana                7.39%    passed     98.35%
  23  Marmosidae_Monodelphis_domestica                4.58%    passed     96.31%
  24  Dasyuridae_Antechinus_stuartii                  0.96%    passed     92.10%
  25  Hypsiprymnodontidae_Hypsiprymnodon_moschatus    0.08%    passed     99.88%
  26  Microbiotheriidae_Dromiciops_gliroides          4.50%    passed     81.29%
  27  Pseudochiridae_Petauroides_volans               0.76%    passed     98.73%
  28  Macropodidae_Wallabia_bicolor                   0.32%    passed     95.00%
  29  Pseudochiridae_Pseudocheirus_occidentalis      61.61%    failed      2.98%
  30  Tarsipedidae_Tarsipes_rostratus                 0.88%    passed     99.10%
  31  Acrobatidae_Distoechurus_pennatus               0.44%    passed     95.89%
  32  Phalangeridae_Phalanger_carmelitae              0.16%    passed     83.31%
  33  Peramelidae_Peroryctes_raffrayana               5.42%    passed     84.28%
  34  Dasyuridae_Dasyurus_geffroii                    0.56%    passed     96.23%
  35  Peramelidae_Perameles_gunnii                    0.36%    passed     88.62%
WARNING: 1 sequences contain more than 50% gaps/ambiguity
****  TOTAL                                           5.49%  3 sequences failed composition chi2 test (p-value<5%; df=3)
NOTE: No CharPartition defined, use all CharSets

Loading 15 partitions...
Subset	Type	Seqs	Sites	Infor	Invar	Model	Name
1		35	159	47	98	TESTMERGE	part1.1
2		35	159	41	109	TESTMERGE	part1.2
3		35	159	91	37	TESTMERGE	part1.3
4		34	197	70	88	TESTMERGE	part2.1
5		34	197	54	105	TESTMERGE	part2.2
6		34	197	96	70	TESTMERGE	part2.3
7		32	293	18	265	TESTMERGE	part3.1
8		32	293	5	278	TESTMERGE	part3.2
9		32	293	89	163	TESTMERGE	part3.3
10		35	74	5	61	TESTMERGE	part4.1
11		35	74	27	33	TESTMERGE	part4.2
12		35	74	8	54	TESTMERGE	part4.3
13		35	107	21	67	TESTMERGE	part5.1
14		35	107	12	74	TESTMERGE	part5.2
15		35	107	44	45	TESTMERGE	part5.3
Degree of missing data: 0.037
Info: multi-threading strategy over partitions



Create initial parsimony tree by phylogenetic likelihood library (PLL)... 0.007 seconds
NOTE: ModelFinder requires 10 MB RAM!
NUMBER OF THREADS FOR PARTITION FINDING: 8
Testing GTR+F+G on supermatrix...
GTR+F+G4 / LnL: -14619.087 / df: 76 / AIC: 29390.174 / AICc: 29395.025 / BIC: 29832.497
Selecting individual models for 15 charsets using BIC...
 No. Model        Score       Charset
   1 K2P+G4       1682.104    part5.3
   2 K2P+G4       3494.792    part3.3
   3 K3P+G4       2909.942    part2.1
   4 TVMe+I+G4    1920.054    part1.2
   5 TIM2+F+G4    2417.856    part2.2
   6 TPM3u+F+G4   2284.030    part1.1
   7 HKY+F+G4     3348.130    part2.3
   8 K2P+G4       3747.461    part1.3
   9 K2P+G4       1164.070    part5.1
  10 JC           511.924     part4.3	0h:0m:15s (0h:5m:17s left)
  11 HKY+F+I      1140.044    part3.2	0h:0m:17s (0h:5m:17s left)
  12 HKY+F+I      1061.961    part4.2	0h:0m:17s (0h:4m:53s left)
  13 TPM3u+F+G4   996.665     part5.2	0h:0m:17s (0h:4m:29s left)
  14 K3P+G4       471.833     part4.1	0h:0m:17s (0h:4m:9s left)
  15 TN+F+I       1444.426    part3.1	0h:0m:17s (0h:3m:54s left)
Full partition model BIC score: 29317.675 (LnL: -14107.525  df:141)
Merging models to increase model fit (about 211 total partition schemes)...
  16 K2P+G4       29322.537   part2.3+part3.3	0h:0m:22s (0h:4m:34s left)
  17 K3P+G4       29332.913   part2.1+part3.3	0h:0m:23s (0h:4m:33s left)
  18 K2P+G4       29350.002   part1.3+part2.1	0h:0m:25s (0h:4m:38s left)
  19 K2P+G4       29390.853   part1.3+part3.3	0h:0m:26s (0h:4m:23s left)
  20 K3P+G4       29303.398   part2.1+part2.3	0h:0m:27s (0h:4m:20s left)
  21 TN+F+G4      29305.166   part2.2+part2.3	0h:0m:27s (0h:4m:6s left)
  22 K2P+G4       29323.380   part1.3+part2.3	0h:0m:27s (0h:3m:54s left)
  23 TIM2+F+G4    29308.156   part2.1+part2.2	0h:0m:27s (0h:3m:45s left)
  24 K2P+G4       29329.886   part2.2+part3.3	0h:0m:42s (0h:5m:30s left)
  25 K2P+G4       29381.556   part1.3+part2.2	0h:0m:42s (0h:5m:17s left)
  26 K3P+G4       29307.923   part2.1+part5.3	0h:0m:43s (0h:5m:12s left)
  27 K2P+G4       29336.305   part1.1+part2.3	0h:0m:45s (0h:5m:7s left)
  28 HKY+F+G4     29299.665   part2.3+part5.3	0h:0m:45s (0h:4m:56s left)
  29 K2P+G4       29335.473   part1.2+part2.3	0h:0m:46s (0h:4m:48s left)
  30 K3P+G4       29328.266   part1.1+part2.1	0h:0m:46s (0h:4m:42s left)
  31 K2P+G4       29333.828   part1.1+part1.3	0h:0m:49s (0h:4m:44s left)
  32 K2P+G4       29324.927   part1.3+part5.3	0h:0m:52s (0h:4m:53s left)
  33 K3P+G4       29310.757   part1.2+part2.1	0h:0m:54s (0h:4m:52s left)
  34 K2P+G4       29322.955   part2.3+part5.1	0h:0m:55s (0h:4m:48s left)
  35 K2P+G4       29357.094   part1.2+part1.3	0h:0m:56s (0h:4m:46s left)
  36 K2P+G4       29302.304   part3.3+part5.3	0h:0m:57s (0h:4m:40s left)
  37 K2P+I+G4     29348.247   part1.1+part3.3	0h:0m:58s (0h:4m:35s left)
  38 TPM3u+F+G4   29277.782   part2.3+part4.2	0h:0m:59s (0h:4m:29s left)
  39 TPM3+F+G4    29318.935   part2.3+part5.2	0h:1m:0s (0h:4m:26s left)
  40 K2P+G4       29336.301   part1.2+part3.3	0h:1m:9s (0h:4m:56s left)
  41 TN+F+G4      29306.432   part2.2+part5.3	0h:1m:10s (0h:4m:54s left)
  42 HKY+F+I+G4   29339.878   part1.1+part2.2	0h:1m:11s (0h:4m:47s left)
  43 K3P+G4       29304.887   part2.1+part5.1	0h:1m:11s (0h:4m:40s left)
  44 K2P+G4       29481.567   part2.3+part3.1	0h:1m:11s (0h:4m:33s left)
  45 TIM2+F+I+G4  29340.539   part1.2+part2.2	0h:1m:12s (0h:4m:27s left)
  46 K3P+G4       29293.312   part2.1+part4.2	0h:1m:13s (0h:4m:24s left)
  47 K2P+G4       29365.644   part1.3+part5.1	0h:1m:14s (0h:4m:18s left)
  48 K2P+G4       29315.895   part1.3+part4.2	0h:1m:22s (0h:4m:41s left)
  49 K2P+G4       29357.767   part2.3+part4.3	0h:1m:23s (0h:4m:36s left)
  50 K2P+G4       29363.835   part1.3+part5.2	0h:1m:24s (0h:4m:32s left)
  51 TPM2u+F+G4   29310.578   part2.1+part5.2	0h:1m:25s (0h:4m:26s left)
  52 TIMe+G4      29444.412   part2.1+part3.1	0h:1m:25s (0h:4m:21s left)
  53 K2P+G4       29526.703   part2.3+part3.2	0h:1m:26s (0h:4m:16s left)
  54 K2P+G4       29315.955   part3.3+part5.1	0h:1m:26s (0h:4m:11s left)
  55 HKY+F+I+G4   29534.734   part1.3+part3.1	0h:1m:29s (0h:4m:14s left)
  56 K2P+G4       29294.336   part3.3+part4.2	0h:1m:32s (0h:4m:16s left)
  57 K2P+G4       29345.283   part2.3+part4.1	0h:1m:35s (0h:4m:17s left)
  58 TN+F+G4      29320.352   part2.2+part5.1	0h:1m:37s (0h:4m:15s left)
  59 K2P+G4       29303.386   part3.3+part5.2	0h:1m:37s (0h:4m:10s left)
  60 K3P+G4       29339.509   part2.1+part4.3	0h:1m:37s (0h:4m:5s left)
  61 HKY+F+G4     29292.418   part2.2+part4.2	0h:1m:39s (0h:4m:3s left)
  62 TIM2+F+G4    29274.642   part2.2+part5.2	0h:1m:40s (0h:4m:0s left)
  63 TPM2u+F+G4   29481.163   part2.1+part3.2	0h:1m:43s (0h:4m:4s left)
  64 TPM2u+F+G4   29399.990   part3.1+part3.3	0h:1m:46s (0h:4m:3s left)
  65 K2P+G4       29396.089   part1.3+part4.3	0h:1m:47s (0h:4m:1s left)
  66 K3P+G4       29327.430   part2.1+part4.1	0h:1m:48s (0h:3m:57s left)
  67 TN+F+G4      29420.486   part2.2+part3.1	0h:1m:49s (0h:3m:55s left)
  68 K2P+G4       29379.016   part1.3+part4.1	0h:1m:50s (0h:3m:51s left)
  69 K2P+G4       29321.585   part1.1+part5.3	0h:1m:50s (0h:3m:47s left)
  70 K2P+I+G4     29592.708   part1.3+part3.2	0h:1m:51s (0h:3m:44s left)
  71 K2P+G4       29338.755   part3.3+part4.3	0h:1m:52s (0h:3m:42s left)
  72 HKY+F+G4     29454.445   part3.2+part3.3	0h:1m:54s (0h:3m:41s left)
  73 K2P+G4       29319.878   part1.2+part5.3	0h:1m:56s (0h:3m:40s left)
  74 K2P+I+G4     29279.965   part1.1+part1.2	0h:1m:58s (0h:3m:39s left)
  75 TN+F+G4      29355.805   part2.2+part4.3	0h:1m:58s (0h:3m:35s left)
  76 K2P+G4       29317.663   part3.3+part4.1	0h:1m:58s (0h:3m:30s left)
  77 TN+F+G4      29334.025   part2.2+part4.1	0h:2m:0s (0h:3m:29s left)
  78 TIM2+F+G4    29433.830   part2.2+part3.2	0h:2m:2s (0h:3m:28s left)
  79 K2P+G4       29314.564   part5.1+part5.3	0h:2m:7s (0h:3m:33s left)
  80 TPM3u+F+I+G4 29316.661   part1.1+part5.1	0h:2m:8s (0h:3m:29s left)
  81 K2P+I+G4     29311.015   part1.1+part4.2	0h:2m:10s (0h:3m:29s left)
  82 K2P+G4       29289.066   part4.2+part5.3	0h:2m:10s (0h:3m:25s left)
  83 HKY+F+G4     29313.958   part5.2+part5.3	0h:2m:11s (0h:3m:22s left)
  84 K2P+I+G4     29307.864   part1.2+part4.2	0h:2m:12s (0h:3m:20s left)
  85 HKY+F+I+G4   29306.151   part1.1+part5.2	0h:2m:12s (0h:3m:16s left)
  86 K3P+I+G4     29303.734   part1.2+part5.1	0h:2m:12s (0h:3m:12s left)
  87 K2P+G4       29345.497   part4.3+part5.3	0h:2m:14s (0h:3m:11s left)
  88 K2P+I+G4     29290.598   part1.2+part5.2	0h:2m:16s (0h:3m:10s left)
  89 TIM3+F+I+G4  29374.882   part1.1+part3.1	0h:2m:16s (0h:3m:7s left)
  90 HKY+F+G4     29413.480   part3.1+part5.3	0h:2m:17s (0h:3m:4s left)
  91 TPM3u+F+I+G4 29347.588   part1.1+part4.3	0h:2m:18s (0h:3m:2s left)
  92 HKY+F+I+G4   29444.085   part3.2+part5.3	0h:2m:18s (0h:2m:59s left)
  93 HKY+F+I+G4   29352.639   part1.2+part3.1	0h:2m:19s (0h:2m:57s left)
  94 TPM3u+F+I+G4 29393.101   part1.1+part3.2	0h:2m:21s (0h:2m:55s left)
  95 K2P+G4       29298.969   part4.2+part5.1	0h:2m:21s (0h:2m:52s left)
  96 K2P+G4       29286.014   part5.1+part5.2	0h:2m:23s (0h:2m:52s left)
  97 K3P+I+G4     29328.444   part1.2+part4.3	0h:2m:24s (0h:2m:50s left)
  98 TPM3u+F+I+G4 29315.799   part1.1+part4.1	0h:2m:25s (0h:2m:47s left)
  99 K2P+G4       29327.366   part4.1+part5.3	0h:2m:25s (0h:2m:44s left)
 100 TPM3u+F+G4   29293.405   part4.2+part5.2	0h:2m:25s (0h:2m:42s left)
 101 TN+F+I+G4    29345.261   part3.1+part5.1	0h:2m:26s (0h:2m:39s left)
 102 K3P+I+G4     29297.185   part1.2+part4.1	0h:2m:27s (0h:2m:38s left)
 103 K2P+G4       29376.197   part3.1+part4.2	0h:2m:29s (0h:2m:36s left)
 104 TPM2u+F+I+G4 29368.884   part1.2+part3.2	0h:2m:29s (0h:2m:34s left)
 105 K2P+G4       29315.744   part4.3+part5.1	0h:2m:30s (0h:2m:32s left)
 106 TN+F+I+G4    29337.911   part3.1+part5.2	0h:2m:32s (0h:2m:30s left)
 107 TNe+G4       29330.248   part4.2+part4.3	0h:2m:32s (0h:2m:28s left)
 108 HKY+F+I+G4   29366.236   part3.2+part5.1	0h:2m:33s (0h:2m:26s left)
 109 TNe+I        29395.889   part3.2+part4.2	0h:2m:34s (0h:2m:24s left)
 110 K2P+G4       29303.053   part4.3+part5.2	0h:2m:34s (0h:2m:22s left)
 111 HKY+F+I+G4   29332.464   part3.2+part5.2	0h:2m:35s (0h:2m:20s left)
 112 TNe+G4       29312.184   part4.1+part4.2	0h:2m:36s (0h:2m:18s left)
 113 K3P+G4       29307.813   part4.1+part5.1	0h:2m:36s (0h:2m:16s left)
 114 TN+F+G4      29333.315   part3.1+part4.3	0h:2m:38s (0h:2m:15s left)
 115 K2P+G4       29290.957   part4.1+part5.2	0h:2m:39s (0h:2m:12s left)
 116 TN+F+I       29310.995   part3.1+part3.2	0h:2m:39s (0h:2m:10s left)
 117 HKY+F+G4     29340.810   part3.2+part4.3	0h:2m:40s (0h:2m:9s left)
 118 K3P+G4       29314.790   part4.1+part4.3	0h:2m:40s (0h:2m:6s left)
 119 HKY+F+I      29315.113   part3.2+part4.1	0h:2m:41s (0h:2m:4s left)
 120 K3Pu+F+I     29314.857   part3.1+part4.1	0h:2m:41s (0h:2m:2s left)
Merging part2.2+part5.2 with BIC score: 29274.642 (LnL: -14113.378  df: 134)
 121 TN+F+G4      29276.034   part2.2+part5.1+part5.2	0h:2m:50s (0h:2m:6s left)
 122 TIM2+F+G4    29296.061   part1.2+part2.2+part5.2	0h:2m:51s (0h:2m:5s left)
 123 TPM2+F+G4    29258.952   part2.2+part4.2+part5.2	0h:2m:52s (0h:2m:3s left)
 124 TN+F+G4      29314.117   part2.2+part3.3+part5.2	0h:2m:52s (0h:2m:1s left)
 125 TPM2u+F+G4   29398.224   part1.3+part2.2+part5.2	0h:2m:54s (0h:1m:59s left)
 126 HKY+F+I+G4   29308.881   part1.1+part2.2+part5.2	0h:2m:54s (0h:1m:57s left)
 127 TIM2+F+G4    29271.067   part2.1+part2.2+part5.2	0h:2m:54s (0h:1m:55s left)
 128 TIM3+F+G4    29284.456   part2.2+part2.3+part5.2	0h:2m:55s (0h:1m:54s left)
 129 TIM2+F+G4    29310.131   part2.2+part4.3+part5.2	0h:2m:58s (0h:1m:53s left)
 130 TN+F+G4      29389.178   part2.2+part3.1+part5.2	0h:2m:58s (0h:1m:51s left)
 131 TIM2+F+I+G4  29392.019   part2.2+part3.2+part5.2	0h:2m:58s (0h:1m:49s left)
 132 TN+F+G4      29287.065   part2.2+part4.1+part5.2	0h:2m:58s (0h:1m:47s left)
 133 TIM2+F+G4    29275.304   part2.2+part5.2+part5.3	0h:2m:58s (0h:1m:44s left)
Merging part2.3+part4.2 with BIC score: 29234.749 (LnL: -14112.982  df: 129)
 134 HKY+F+G4     29285.318   part2.3+part4.2+part4.3	0h:3m:12s (0h:1m:50s left)
 135 K2P+G4       29251.128   part2.3+part3.3+part4.2	0h:3m:12s (0h:1m:48s left)
 136 TPM3u+F+G4   29217.696   part2.3+part4.2+part5.3	0h:3m:13s (0h:1m:46s left)
 137 K2P+G4       29272.365   part1.1+part2.3+part4.2	0h:3m:13s (0h:1m:44s left)
 138 K2P+G4       29268.789   part1.2+part2.3+part4.2	0h:3m:13s (0h:1m:42s left)
 139 K2P+G4       29265.809   part1.3+part2.3+part4.2	0h:3m:14s (0h:1m:40s left)
 140 K3Pu+F+G4    29232.548   part2.1+part2.3+part4.2	0h:3m:14s (0h:1m:38s left)
 141 TPM3u+F+G4   29248.821   part2.2+part2.3+part4.2+part5.2	0h:3m:16s (0h:1m:37s left)
 142 K2P+G4       29424.659   part2.3+part3.1+part4.2	0h:3m:18s (0h:1m:36s left)
 143 K2P+G4       29473.072   part2.3+part3.2+part4.2	0h:3m:19s (0h:1m:34s left)
 144 HKY+F+G4     29273.112   part2.3+part4.1+part4.2	0h:3m:19s (0h:1m:32s left)
 145 HKY+F+G4     29256.617   part2.3+part4.2+part5.1	0h:3m:19s (0h:1m:30s left)
Merging part1.1+part1.2 with BIC score: 29197.040 (LnL: -14133.228  df: 119)
 146 K3P+I+G4     29191.298   part1.1+part1.2+part4.1	0h:3m:25s (0h:1m:31s left)
 147 TPM3u+F+I+G4 29266.880   part1.1+part1.2+part3.1	0h:3m:27s (0h:1m:30s left)
 148 TVM+F+I+G4   29300.841   part1.1+part1.2+part3.2	0h:3m:27s (0h:1m:28s left)
 149 K2P+I+G4     29196.666   part1.1+part1.2+part5.1	0h:3m:27s (0h:1m:26s left)
 150 K3P+G4       29270.985   part1.1+part1.2+part2.3+part4.2	0h:3m:29s (0h:1m:25s left)
 151 K3P+I+G4     29221.726   part1.1+part1.2+part2.1	0h:3m:30s (0h:1m:23s left)
 152 K2P+I+G4     29255.413   part1.1+part1.2+part1.3	0h:3m:30s (0h:1m:21s left)
 153 TPM2u+F+I+G4 29252.286   part1.1+part1.2+part2.2+part5.2	0h:3m:31s (0h:1m:20s left)
 154 K2P+I+G4     29220.092   part1.1+part1.2+part4.3	0h:3m:34s (0h:1m:19s left)
 155 K2P+I+G4     29219.546   part1.1+part1.2+part5.3	0h:3m:34s (0h:1m:17s left)
 156 K2P+I+G4     29248.156   part1.1+part1.2+part3.3	0h:3m:35s (0h:1m:16s left)
Merging part2.3+part4.2+part5.3 with BIC score: 29179.987 (LnL: -14136.431  df: 116)
 157 K2P+G4       29383.659   part2.3+part3.1+part4.2+part5.3	0h:3m:41s (0h:1m:16s left)
 158 HKY+F+G4     29214.665   part2.3+part4.1+part4.2+part5.3	0h:3m:42s (0h:1m:14s left)
 159 K2P+G4       29436.589   part2.3+part3.2+part4.2+part5.3	0h:3m:42s (0h:1m:12s left)
 160 K2P+G4       29193.492   part2.3+part4.2+part5.1+part5.3	0h:3m:44s (0h:1m:11s left)
 161 K2P+G4       29260.044   part1.1+part1.2+part2.3+part4.2+part5.3	0h:3m:44s (0h:1m:9s left)
 162 K3Pu+F+G4    29175.864   part2.1+part2.3+part4.2+part5.3	0h:3m:45s (0h:1m:8s left)
 163 K2P+G4       29215.687   part1.3+part2.3+part4.2+part5.3	0h:3m:45s (0h:1m:6s left)
 164 TPM3+F+G4    29192.729   part2.2+part2.3+part4.2+part5.2+part5.3	0h:3m:46s (0h:1m:4s left)
 165 K2P+G4       29190.916   part2.3+part3.3+part4.2+part5.3	0h:3m:48s (0h:1m:3s left)
 166 HKY+F+G4     29227.645   part2.3+part4.2+part4.3+part5.3	0h:3m:48s (0h:1m:1s left)
Merging part2.1+part5.1 with BIC score: 29167.199 (LnL: -14141.767  df: 113)
 167 K3P+G4       29169.126   part2.1+part4.1+part5.1	0h:3m:53s (0h:1m:1s left)
 168 TIMe+G4      29282.412   part2.1+part3.1+part5.1	0h:3m:54s (0h:0m:59s left)
 169 K3Pu+F+G4    29325.534   part2.1+part3.2+part5.1	0h:3m:55s (0h:0m:58s left)
 170 K3P+G4       29183.127   part2.1+part3.3+part5.1	0h:3m:55s (0h:0m:56s left)
 171 K2P+G4       29232.419   part1.3+part2.1+part5.1	0h:3m:56s (0h:0m:55s left)
 172 K3P+I+G4     29194.963   part1.1+part1.2+part2.1+part5.1	0h:3m:57s (0h:0m:53s left)
 173 TIM2+F+G4    29173.263   part2.1+part2.2+part5.1+part5.2	0h:3m:57s (0h:0m:52s left)
 174 K3P+G4       29178.835   part2.1+part2.3+part4.2+part5.1+part5.3	0h:3m:58s (0h:0m:50s left)
 175 K3P+G4       29181.460   part2.1+part4.3+part5.1	0h:3m:58s (0h:0m:49s left)
Merging part3.1+part3.2 with BIC score: 29160.519 (LnL: -14161.888  df: 107)
 176 TN+F+I       29184.169   part3.1+part3.2+part4.3	0h:4m:3s (0h:0m:48s left)
 177 HKY+F+I+G4   29153.607   part3.1+part3.2+part4.1	0h:4m:4s (0h:0m:46s left)
 178 HKY+F+I+G4   29309.318   part3.1+part3.2+part3.3	0h:4m:5s (0h:0m:45s left)
 179 TN+F+I+G4    29320.399   part2.2+part3.1+part3.2+part5.2	0h:4m:5s (0h:0m:43s left)
 180 HKY+F+I+G4   29477.371   part1.3+part3.1+part3.2	0h:4m:6s (0h:0m:42s left)
 181 TIM+F+I+G4   29360.096   part2.1+part3.1+part3.2+part5.1	0h:4m:7s (0h:0m:40s left)
 182 TPM3+F+I+G4  29283.255   part1.1+part1.2+part3.1+part3.2	0h:4m:7s (0h:0m:39s left)
 183 K2P+G4       29503.130   part2.3+part3.1+part3.2+part4.2+part5.3	0h:4m:7s (0h:0m:37s left)
Merging part3.1+part3.2+part4.1 with BIC score: 29153.607 (LnL: -14174.071  df: 103)
 184 K3Pu+F+I     29174.026   part3.1+part3.2+part4.1+part4.3	0h:4m:11s (0h:0m:36s left)
 185 HKY+F+I+G4   29292.593   part3.1+part3.2+part3.3+part4.1	0h:4m:12s (0h:0m:35s left)
 186 TN+F+I+G4    29305.871   part2.2+part3.1+part3.2+part4.1+part5.2	0h:4m:12s (0h:0m:33s left)
 187 HKY+F+I+G4   29466.327   part1.3+part3.1+part3.2+part4.1	0h:4m:13s (0h:0m:32s left)
 188 TIM+F+I+G4   29339.798   part2.1+part3.1+part3.2+part4.1+part5.1	0h:4m:14s (0h:0m:31s left)
 189 TPM3+F+I+G4  29266.255   part1.1+part1.2+part3.1+part3.2+part4.1	0h:4m:14s (0h:0m:29s left)
 190 K2P+G4       29487.221   part2.3+part3.1+part3.2+part4.1+part4.2+part5.3	0h:4m:14s (0h:0m:28s left)
BEST-FIT PARTITION MODEL: 
  charpartition BIC = K2P+I+G4: part1.1 part1.2, K2P+G4: part1.3, K3P+G4: part2.1 part5.1, TIM2+F+G4: part2.2 part5.2, TPM3u+F+G4: part2.3 part4.2 part5.3, HKY+F+I+G4: part3.1 part3.2 part4.1, K2P+G4: part3.3, JC: part4.3;
Agglomerative model selection: ((part1.1,part1.2)3:29197,part1.3,(part2.1,part5.1)5:29167.2,(part2.2,part5.2)1:29274.6,((part2.3,part4.2)2:29234.7,part5.3)4:29180,((part3.1,part3.2)6:29160.5,part4.1)7:29153.6,part3.3,part4.3)
Merging into 8 partitions...
Partition information was printed to 4_set227.best_scheme.nex
Partition information in Raxml format was printed to 4_set227.best_scheme

All model information printed to 4_set227.model.gz
CPU time for ModelFinder: 432.984 seconds (0h:7m:12s)
Wall-clock time for ModelFinder: 256.495 seconds (0h:4m:16s)
Generating 1000 samples for ultrafast bootstrap (seed: 727234)...

NOTE: 9 MB RAM (0 GB) is required!
Measuring multi-threading efficiency up to 8 CPU cores
Increase to 10 rounds for branch lengths
30 trees examined
Threads: 1 / Time: 8.119 sec / Speedup: 1.000 / Efficiency: 100% / LogL: -21779
Threads: 2 / Time: 12.151 sec / Speedup: 0.668 / Efficiency: 33% / LogL: -21779
BEST NUMBER OF THREADS: 1

Estimate model parameters (epsilon = 0.100)
Initial log-likelihood: -15100.457
Current log-likelihood at step 1: -14299.371
Current log-likelihood at step 2: -14255.046
Current log-likelihood at step 3: -14238.158
Current log-likelihood at step 4: -14206.928
Current log-likelihood at step 5: -14202.770
Current log-likelihood at step 6: -14199.485
Current log-likelihood at step 7: -14196.896
Current log-likelihood at step 8: -14194.880
Current log-likelihood at step 9: -14193.353
Current log-likelihood at step 10: -14192.185
Current log-likelihood at step 11: -14191.237
Current log-likelihood at step 12: -14190.436
Current log-likelihood at step 13: -14189.722
Current log-likelihood at step 14: -14189.053
Current log-likelihood at step 15: -14188.402
Current log-likelihood at step 16: -14187.750
Current log-likelihood at step 17: -14187.088
Current log-likelihood at step 18: -14186.407
Current log-likelihood at step 19: -14185.702
Current log-likelihood at step 20: -14184.970
Current log-likelihood at step 21: -14184.208
Current log-likelihood at step 22: -14183.413
Current log-likelihood at step 23: -14182.583
Current log-likelihood at step 24: -14181.716
Current log-likelihood at step 25: -14180.808
Current log-likelihood at step 26: -14179.862
Current log-likelihood at step 27: -14178.877
Current log-likelihood at step 28: -14177.857
Current log-likelihood at step 29: -14176.809
Current log-likelihood at step 30: -14171.225
Current log-likelihood at step 31: -14171.213
Partition-specific rates:  1.440 3.174 1.064 0.908 1.405 0.150 0.933 0.330
Parameters optimization took 30 rounds (3.892 sec)

Computing ML distances based on estimated model parameters... 0.075 sec
Computing BIONJ tree...
0.004 seconds
Log-likelihood of BIONJ tree: -14180.066
--------------------------------------------------------------------
|             INITIALIZING CANDIDATE TREE SET                      |
--------------------------------------------------------------------
Generating 98 parsimony trees... 2.443 second
Computing log-likelihood of 98 initial trees ... 8.035 seconds
Current best score: -14167.767

Do NNI search on 20 best initial trees
Estimate model parameters (epsilon = 0.100)
Initial log-likelihood: -14166.481
Current log-likelihood at step 1: -14166.330
Current log-likelihood at step 2: -14166.324
Parameters optimization took 1 rounds (0.188 sec)

BETTER TREE FOUND at iteration 1: -14166.324
Estimate model parameters (epsilon = 0.100)
Initial log-likelihood: -14165.739
Current log-likelihood at step 1: -14165.700
Parameters optimization took 0 rounds (0.087 sec)

BETTER TREE FOUND at iteration 3: -14165.700
Iteration 10 / LogL: -14166.359 / Time: 0h:0m:39s
Iteration 20 / LogL: -14169.126 / Time: 0h:0m:45s
Finish initializing candidate tree set (4)
Current best tree score: -14165.700 / CPU time: 20.797
Number of iterations: 20
--------------------------------------------------------------------
|               OPTIMIZING CANDIDATE TREE SET                      |
--------------------------------------------------------------------
Iteration 30 / LogL: -14165.789 / Time: 0h:0m:52s (0h:2m:11s left)
Iteration 40 / LogL: -14169.117 / Time: 0h:0m:59s (0h:1m:36s left)
Iteration 50 / LogL: -14169.117 / Time: 0h:1m:6s (0h:1m:12s left)
Log-likelihood cutoff on original alignment: -14194.312
Iteration 60 / LogL: -14169.876 / Time: 0h:1m:14s (0h:0m:54s left)
Iteration 70 / LogL: -14166.357 / Time: 0h:1m:22s (0h:0m:39s left)
Iteration 80 / LogL: -14168.405 / Time: 0h:1m:30s (0h:0m:26s left)
Iteration 90 / LogL: -14165.716 / Time: 0h:1m:39s (0h:0m:14s left)
Iteration 100 / LogL: -14166.356 / Time: 0h:1m:51s (0h:0m:3s left)
Log-likelihood cutoff on original alignment: -14194.312
NOTE: Bootstrap correlation coefficient of split occurrence frequencies: 1.000
TREE SEARCH COMPLETED AFTER 104 ITERATIONS / Time: 0h:1m:55s

--------------------------------------------------------------------
|                    FINALIZING TREE SEARCH                        |
--------------------------------------------------------------------
Performs final model parameters optimization
Estimate model parameters (epsilon = 0.010)
Initial log-likelihood: -14165.700
Current log-likelihood at step 1: -14165.696
Partition-specific rates:  1.443 3.197 1.066 0.905 1.403 0.146 0.937 0.304
Parameters optimization took 0 rounds (0.110 sec)

BEST SCORE FOUND : -14165.696
Creating bootstrap support values...
Split supports printed to NEXUS file 4_set227.splits.nex
Total tree length: 1.043

Total number of iterations: 104
CPU time used for tree search: 63.846 sec (0h:1m:3s)
Wall-clock time used for tree search: 91.135 sec (0h:1m:31s)
Total CPU time used: 80.408 sec (0h:1m:20s)
Total wall-clock time used: 116.063 sec (0h:1m:56s)

Computing bootstrap consensus tree...
Reading input file 4_set227.splits.nex...
35 taxa and 132 splits.
Consensus tree written to 4_set227.contree
Reading input trees file 4_set227.contree
Log-likelihood of consensus tree: -14165.696

Analysis results written to: 
  IQ-TREE report:                4_set227.iqtree
  Maximum-likelihood tree:       4_set227.treefile
  Likelihood distances:          4_set227.mldist
  Best partitioning scheme:      4_set227.best_scheme.nex
           in RAxML format:      4_set227.best_scheme

Ultrafast bootstrap approximation results written to:
  Split support values:          4_set227.splits.nex
  Consensus tree:                4_set227.contree
  Screen log file:               4_set227.log

Date and Time: Sat Sep  8 03:39:23 2018
