IQ-TREE multicore version 1.6.7 for Mac OS X 64-bit built Aug 23 2018
Developed by Bui Quang Minh, Nguyen Lam Tung, Olga Chernomor,
Heiko Schmidt, Dominik Schrempf, Michael Woodhams.

Host:    meeps-mac-pro.staff.sydney.edu.au (AVX, 64 GB RAM)
Command: /Users/davidduchene/Desktop/Software/iqtree-1.6.7-MacOSX/bin/iqtree -s ../../../../marsupials/set54.fasta -m TESTMERGE -bb 1000 -q ../../../../marsupials/set54.nex -nt AUTO -pre 2_set54
Seed:    8893 (Using SPRNG - Scalable Parallel Random Number Generator)
Time:    Thu Sep  6 21:35:07 2018
Kernel:  AVX - auto-detect threads (8 CPU cores detected)

Reading partition model file ../../../../marsupials/set54.nex ...
Reading alignment file ../../../../marsupials/set54.fasta ... Fasta format detected
Alignment most likely contains DNA/RNA sequences
Alignment has 35 sequences with 3753 columns, 1402 distinct patterns
902 parsimony-informative, 512 singleton sites, 2339 constant sites
                                              Gap/Ambiguity  Composition  p-value
   1  Burramyidae_Burramys_parvus                     0.48%    passed     77.82%
   2  Notoryctidae_Notoryctes_typhlops                1.31%    passed     98.36%
   3  Vombatidae_Lasiorhinus_latifrons                0.29%    passed     69.65%
   4  Potoroidae_Bettongia_penicillata                0.08%    passed     91.79%
   5  Potoroidae_Bettongia_lesueur                    0.00%    passed     93.56%
   6  Dasyuridae_Dasyurus_maculatus                   0.35%    passed     95.42%
   7  Phalangeridae_Trichosurus_vulpecula             0.29%    passed     97.25%
   8  Phalangeridae_Spilocuscus_maculatus             1.79%    passed     94.17%
   9  Potoroidae_Aepyprymnus_rufescens                0.19%    passed     85.80%
  10  Peramelidae_Perameles_nasuta                   71.89%    failed      0.66%
  11  Phalangeridae_Strigocuscus_pelengensis          2.85%    passed     99.14%
  12  Dasyuridae_Phascogale_tapoatafa                 0.03%    passed     99.39%
  13  Dasyuridae_Sminthopsis_macroura                 0.00%    passed     99.54%
  14  Phalangeridae_Phalanger_orientalis              0.59%    passed     98.80%
  15  Acrobatidae_Acrobates_pygmaeus                  0.75%    passed     99.96%
  16  Dasyuridae_Phascogale_calura                   13.72%    passed     41.76%
  17  Dasyuridae_Sarcophilus_harrisii                 0.00%    passed     98.78%
  18  Dasyuridae_Planigale_tenuirostris               5.54%    passed     98.34%
  19  Peramelidae_Echymipera_kalubu                   0.03%    passed     13.42%
  20  Macropodidae_Dorcopsulus_vanheurni              0.21%    passed     92.15%
  21  Pseudochiridae_Pseudochirulus_forbesi           0.08%    passed     35.82%
  22  Didelphidae_Didelphis_virginiana               46.55%    failed      0.00%
  23  Marmosidae_Monodelphis_domestica                0.08%    passed     81.35%
  24  Dasyuridae_Antechinus_stuartii                  2.53%    passed     91.56%
  25  Hypsiprymnodontidae_Hypsiprymnodon_moschatus    0.00%    passed     98.41%
  26  Microbiotheriidae_Dromiciops_gliroides          1.95%    passed     77.19%
  27  Pseudochiridae_Petauroides_volans               1.60%    passed     99.83%
  28  Macropodidae_Wallabia_bicolor                   0.51%    passed     81.65%
  29  Pseudochiridae_Pseudocheirus_occidentalis      26.57%    failed      0.06%
  30  Tarsipedidae_Tarsipes_rostratus                 5.20%    passed     87.29%
  31  Acrobatidae_Distoechurus_pennatus               0.32%    passed     81.88%
  32  Phalangeridae_Phalanger_carmelitae              0.32%    passed     99.23%
  33  Peramelidae_Peroryctes_raffrayana              26.22%    failed      0.00%
  34  Dasyuridae_Dasyurus_geffroii                    0.00%    passed     97.53%
  35  Peramelidae_Perameles_gunnii                   46.36%    failed      0.00%
WARNING: 1 sequences contain more than 50% gaps/ambiguity
****  TOTAL                                           7.39%  5 sequences failed composition chi2 test (p-value<5%; df=3)
NOTE: No CharPartition defined, use all CharSets

Loading 15 partitions...
Subset	Type	Seqs	Sites	Infor	Invar	Model	Name
1		35	135	19	90	TESTMERGE	part1.1
2		35	135	11	99	TESTMERGE	part1.2
3		35	135	53	36	TESTMERGE	part1.3
4		35	141	2	138	TESTMERGE	part2.1
5		35	141	1	140	TESTMERGE	part2.2
6		35	141	63	56	TESTMERGE	part2.3
7		32	319	57	220	TESTMERGE	part3.1
8		32	319	47	248	TESTMERGE	part3.2
9		32	319	103	154	TESTMERGE	part3.3
10		32	579	115	396	TESTMERGE	part4.1
11		32	579	58	473	TESTMERGE	part4.2
12		32	579	358	115	TESTMERGE	part4.3
13		35	77	2	66	TESTMERGE	part5.1
14		35	77	0	68	TESTMERGE	part5.2
WARNING: No parsimony-informative sites in partition part5.2
15		35	77	13	40	TESTMERGE	part5.3
Degree of missing data: 0.062
Info: multi-threading strategy over partitions



Create initial parsimony tree by phylogenetic likelihood library (PLL)... 0.019 seconds
NOTE: ModelFinder requires 13 MB RAM!
NUMBER OF THREADS FOR PARTITION FINDING: 8
Testing GTR+F+G on supermatrix...
GTR+F+G4 / LnL: -20614.072 / df: 76 / AIC: 41380.144 / AICc: 41383.328 / BIC: 41853.647
Selecting individual models for 15 charsets using BIC...
 No. Model        Score       Charset
   1 HKY+F+G4     2790.549    part3.1
   2 K2P+G4       2266.563    part1.3
   3 TN+F+G4      2261.972    part3.2
   4 K2P+I+G4     2484.158    part2.3
   5 K2P+I+G4     4097.010    part4.2
   6 TN+F+G4      4160.990    part3.3
   7 TIM2+F+G4    5367.525    part4.1
   8 TNe+G4       1044.174    part1.2
   9 TPM2u+F+G4   12525.141   part4.3
  10 JC+I+G4      461.246     part2.1	0h:0m:22s (0h:7m:34s left)
  11 TPM2+F       817.591     part5.3	0h:0m:24s (0h:7m:20s left)
  12 TIM+F+G4     1241.292    part1.1	0h:0m:24s (0h:6m:43s left)
  13 F81+F+I+G4   438.171     part2.2	0h:0m:24s (0h:6m:15s left)
  14 TN+F+G4      404.241     part5.1	0h:0m:24s (0h:5m:47s left)
  15 TNe+I+G4     370.175     part5.2	0h:0m:24s (0h:5m:22s left)
Full partition model BIC score: 41485.053 (LnL: -20178.750  df:137)
Merging models to increase model fit (about 211 total partition schemes)...
  16 K2P+G4       41460.339   part3.1+part4.3	0h:0m:35s (0h:7m:8s left)
  17 K2P+G4       41500.159   part3.2+part4.3	0h:0m:36s (0h:6m:52s left)
  18 K2P+G4       41546.608   part4.2+part4.3	0h:0m:36s (0h:6m:36s left)
  19 K2P+G4       41478.915   part1.3+part4.3	0h:0m:37s (0h:6m:20s left)
  20 TPM2u+F+G4   41465.250   part2.3+part4.3	0h:0m:39s (0h:6m:20s left)
  21 K2P+G4       41509.979   part3.3+part4.3	0h:0m:40s (0h:6m:6s left)
  22 TPM2+F+G4    41476.108   part1.1+part4.3	0h:0m:42s (0h:6m:7s left)
  23 TVM+F+G4     41485.297   part4.1+part4.3	0h:0m:45s (0h:6m:11s left)
  24 K2P+G4       41461.111   part1.2+part4.3	0h:0m:49s (0h:6m:25s left)
  25 K2P+G4       41467.515   part4.3+part5.3	0h:0m:50s (0h:6m:16s left)
  26 TIM2e+G4     41585.351   part3.3+part4.1	0h:0m:53s (0h:6m:23s left)
  27 K2P+G4       41478.930   part4.3+part5.2	0h:0m:54s (0h:6m:8s left)
  28 TNe+G4       41484.659   part4.3+part5.1	0h:0m:54s (0h:5m:56s left)
  29 K2P+G4       41592.924   part2.2+part4.3	0h:0m:57s (0h:6m:1s left)
  30 K2P+G4       41584.951   part2.1+part4.3	0h:0m:59s (0h:5m:59s left)
  31 TIM2+F+I+G4  41544.008   part4.1+part4.2	0h:1m:3s (0h:6m:6s left)
  32 TPM2u+F+G4   41524.896   part3.1+part4.1	0h:1m:8s (0h:6m:21s left)
  33 TIM2+F+G4    41526.232   part1.3+part4.1	0h:1m:10s (0h:6m:22s left)
  34 TIM2+F+I+G4  41467.186   part2.3+part4.1	0h:1m:11s (0h:6m:13s left)
  35 HKY+F+G4     41477.801   part3.1+part3.3	0h:1m:12s (0h:6m:2s left)
  36 TN+F+I+G4    41588.149   part3.3+part4.2	0h:1m:12s (0h:5m:53s left)
  37 TIM2+F+G4    41550.064   part3.2+part4.1	0h:1m:13s (0h:5m:43s left)
  38 HKY+F+G4     41487.539   part1.3+part3.3	0h:1m:14s (0h:5m:39s left)
  39 TN+F+G4      41507.243   part2.3+part3.3	0h:1m:18s (0h:5m:44s left)
  40 TPM2u+F+G4   41456.187   part1.1+part4.1	0h:1m:19s (0h:5m:38s left)
  41 K2P+G4       41566.733   part1.3+part4.2	0h:1m:19s (0h:5m:29s left)
  42 TIM3+F+G4    41478.850   part3.2+part3.3	0h:1m:21s (0h:5m:29s left)
  43 K2P+I+G4     41493.273   part3.1+part4.2	0h:1m:23s (0h:5m:27s left)
  44 TIM2+F+G4    41484.523   part1.2+part4.1	0h:1m:24s (0h:5m:19s left)
  45 TIM2+F+G4    41503.792   part4.1+part5.3	0h:1m:25s (0h:5m:15s left)
  46 K2P+G4       41535.549   part1.1+part3.3	0h:1m:25s (0h:5m:8s left)
  47 HKY+F+G4     41486.378   part1.3+part3.1	0h:1m:27s (0h:5m:5s left)
  48 K2P+G4       41491.415   part1.3+part2.3	0h:1m:29s (0h:5m:2s left)
  49 K2P+I+G4     41482.882   part2.3+part4.2	0h:1m:30s (0h:4m:58s left)
  50 TN+F+G4      41488.680   part1.2+part3.3	0h:1m:33s (0h:4m:59s left)
  51 K2P+G4       41462.720   part2.3+part3.1	0h:1m:35s (0h:4m:59s left)
  52 TPM2u+F+G4   41491.658   part4.1+part5.2	0h:1m:40s (0h:5m:8s left)
  53 TPM2+F+G4    41503.710   part4.1+part5.1	0h:1m:42s (0h:5m:5s left)
  54 TIM3+F+G4    41461.850   part3.3+part5.3	0h:1m:43s (0h:5m:1s left)
  55 TNe+I+G4     41485.760   part3.2+part4.2	0h:1m:45s (0h:5m:0s left)
  56 TN+F+G4      41516.431   part1.3+part3.2	0h:1m:48s (0h:5m:0s left)
  57 TPM2u+F+I+G4 41610.975   part2.2+part4.1	0h:1m:55s (0h:5m:11s left)
  58 TPM2u+F+I+G4 41586.771   part2.1+part4.1	0h:1m:57s (0h:5m:10s left)
  59 TN+F+G4      41469.232   part3.1+part3.2	0h:2m:3s (0h:5m:18s left)
  60 K2P+I+G4     41514.907   part1.1+part4.2	0h:2m:4s (0h:5m:12s left)
  61 K2P+G4       41500.148   part1.1+part1.3	0h:2m:8s (0h:5m:15s left)
  62 K2P+I+G4     41475.077   part1.2+part4.2	0h:2m:11s (0h:5m:16s left)
  63 HKY+F+G4     41488.294   part3.3+part5.1	0h:2m:19s (0h:5m:27s left)
  64 TIMe+G4      41480.504   part1.2+part1.3	0h:2m:29s (0h:5m:44s left)
  65 TIM3+F+I+G4  41495.871   part2.3+part3.2	0h:2m:31s (0h:5m:39s left)
  66 HKY+F+G4     41493.486   part3.3+part5.2	0h:2m:31s (0h:5m:33s left)
  67 K2P+G4       41487.118   part1.1+part3.1	0h:2m:32s (0h:5m:27s left)
  68 K2P+I+G4     41508.806   part4.2+part5.3	0h:2m:35s (0h:5m:26s left)
  69 TPM2u+F+G4   41480.514   part1.1+part2.3	0h:2m:36s (0h:5m:21s left)
  70 HKY+F+G4     41609.047   part2.1+part3.3	0h:2m:36s (0h:5m:15s left)
  71 HKY+F+G4     41594.955   part2.2+part3.3	0h:2m:36s (0h:5m:9s left)
  72 TNe+G4       41462.352   part1.2+part3.1	0h:2m:39s (0h:5m:7s left)
  73 K2P+G4       41463.721   part1.2+part2.3	0h:2m:39s (0h:5m:2s left)
  74 TIM2e+G4     41474.099   part1.3+part5.3	0h:2m:43s (0h:5m:1s left)
  75 K2P+G4       41515.998   part1.1+part3.2	0h:2m:44s (0h:4m:57s left)
  76 HKY+F+G4     41467.098   part3.1+part5.3	0h:2m:45s (0h:4m:54s left)
  77 K2P+G4       41501.951   part1.3+part5.1	0h:2m:49s (0h:4m:55s left)
  78 K2P+G4       41471.646   part2.3+part5.3	0h:2m:49s (0h:4m:49s left)
  79 K2P+I+G4     41472.787   part4.2+part5.1	0h:2m:52s (0h:4m:47s left)
  80 K2P+I+G4     41464.089   part4.2+part5.2	0h:2m:52s (0h:4m:42s left)
  81 K2P+G4       41498.792   part1.3+part5.2	0h:2m:53s (0h:4m:39s left)
  82 TNe+G4       41461.809   part1.2+part3.2	0h:2m:58s (0h:4m:41s left)
  83 K2P+G4       41612.991   part1.3+part2.1	0h:3m:1s (0h:4m:39s left)
  84 K2P+G4       41621.144   part1.3+part2.2	0h:3m:2s (0h:4m:36s left)
  85 K2P+I+G4     41517.843   part2.2+part4.2	0h:3m:3s (0h:4m:32s left)
  86 HKY+F+G4     41468.896   part3.1+part5.1	0h:3m:5s (0h:4m:28s left)
  87 K2P+I+G4     41516.432   part2.1+part4.2	0h:3m:5s (0h:4m:24s left)
  88 K2P+G4       41488.512   part1.1+part1.2	0h:3m:7s (0h:4m:22s left)
  89 TIM3+F+G4    41482.654   part3.2+part5.3	0h:3m:9s (0h:4m:19s left)
  90 HKY+F+G4     41478.142   part3.1+part5.2	0h:3m:9s (0h:4m:15s left)
  91 K2P+I+G4     41480.656   part2.3+part5.1	0h:3m:12s (0h:4m:14s left)
  92 K2P+I+G4     41474.969   part2.3+part5.2	0h:3m:12s (0h:4m:9s left)
  93 HKY+F+I+G4   41560.966   part2.1+part3.1	0h:3m:14s (0h:4m:6s left)
  94 HKY+F+I+G4   41559.834   part2.2+part3.1	0h:3m:16s (0h:4m:4s left)
  95 TIM2e+G4     41496.809   part1.1+part5.3	0h:3m:19s (0h:4m:3s left)
  96 K2P+I+G4     41551.730   part2.1+part2.3	0h:3m:20s (0h:4m:0s left)
  97 K2P+G4       41471.043   part1.2+part5.3	0h:3m:22s (0h:3m:58s left)
  98 K2P+I+G4     41555.046   part2.2+part2.3	0h:3m:22s (0h:3m:53s left)
  99 TN+F+G4      41486.624   part3.2+part5.1	0h:3m:23s (0h:3m:50s left)
 100 TN+F+G4      41472.213   part3.2+part5.2	0h:3m:25s (0h:3m:47s left)
 101 TN+F+G4      41500.428   part1.1+part5.2	0h:3m:28s (0h:3m:46s left)
 102 TN+F+G4      41480.333   part1.1+part5.1	0h:3m:29s (0h:3m:43s left)
 103 TN+F+I+G4    41531.036   part2.2+part3.2	0h:3m:31s (0h:3m:41s left)
 104 TN+F+I+G4    41547.710   part2.1+part3.2	0h:3m:31s (0h:3m:37s left)
 105 K2P+G4       41479.049   part1.2+part5.1	0h:3m:31s (0h:3m:33s left)
 106 K3P+G4       41475.089   part1.2+part5.2	0h:3m:35s (0h:3m:33s left)
 107 TN+F+G4      41570.755   part1.1+part2.1	0h:3m:36s (0h:3m:30s left)
 108 TNe+I+G4     41587.385   part1.1+part2.2	0h:3m:38s (0h:3m:28s left)
 109 TIM2e+G4     41488.211   part5.2+part5.3	0h:3m:40s (0h:3m:26s left)
 110 TPM2u+F+I+G4 41587.982   part2.1+part5.3	0h:3m:40s (0h:3m:22s left)
 111 K2P+I+G4     41535.223   part1.2+part2.1	0h:3m:43s (0h:3m:21s left)
 112 TIM2+F+G4    41490.338   part5.1+part5.3	0h:3m:45s (0h:3m:19s left)
 113 K2P+I+G4     41536.716   part1.2+part2.2	0h:3m:47s (0h:3m:17s left)
 114 TPM2u+F+I+G4 41577.334   part2.2+part5.3	0h:3m:49s (0h:3m:15s left)
 115 TN+F+I+G4    41468.242   part5.1+part5.2	0h:3m:51s (0h:3m:13s left)
 116 TNe+I+G4     41477.642   part2.1+part5.2	0h:3m:53s (0h:3m:11s left)
 117 TN+F+I+G4    41490.757   part2.1+part5.1	0h:3m:53s (0h:3m:7s left)
 118 F81+F+I+G4   41467.675   part2.1+part2.2	0h:3m:54s (0h:3m:4s left)
 119 TN+F+I+G4    41483.081   part2.2+part5.1	0h:3m:54s (0h:3m:1s left)
 120 HKY+F+I+G4   41480.339   part2.2+part5.2	0h:3m:54s (0h:2m:58s left)
Merging part1.1+part4.1 with BIC score: 41456.187 (LnL: -20197.239  df: 129)
 121 TPM2u+F+I+G4 41439.535   part1.1+part2.3+part4.1	0h:4m:4s (0h:3m:2s left)
 122 TIM2+F+G4    41550.917   part1.1+part3.2+part4.1	0h:4m:7s (0h:3m:0s left)
 123 TPM2u+F+G4   41482.888   part1.1+part4.1+part5.1	0h:4m:9s (0h:2m:58s left)
 124 TPM2u+F+G4   41509.387   part1.1+part3.1+part4.1	0h:4m:9s (0h:2m:54s left)
 125 TPM2+F+G4    41590.457   part1.1+part3.3+part4.1	0h:4m:9s (0h:2m:51s left)
 126 TPM2+F+G4    41501.210   part1.1+part1.3+part4.1	0h:4m:11s (0h:2m:49s left)
 127 TPM2u+F+I+G4 41537.924   part1.1+part4.1+part4.2	0h:4m:13s (0h:2m:47s left)
 128 TPM2+F+G4    41460.110   part1.1+part1.2+part4.1	0h:4m:21s (0h:2m:49s left)
 129 TVM+F+G4     41462.101   part1.1+part4.1+part4.3	0h:4m:21s (0h:2m:46s left)
 130 TPM2u+F+G4   41468.083   part1.1+part4.1+part5.2	0h:4m:22s (0h:2m:43s left)
 131 TPM2u+F+G4   41478.320   part1.1+part4.1+part5.3	0h:4m:23s (0h:2m:40s left)
 132 TPM2u+F+I+G4 41594.183   part1.1+part2.2+part4.1	0h:4m:23s (0h:2m:37s left)
 133 TPM2u+F+G4   41566.458   part1.1+part2.1+part4.1	0h:4m:23s (0h:2m:34s left)
Merging part3.1+part4.3 with BIC score: 41431.473 (LnL: -20221.918  df: 120)
 134 K2P+G4       41430.302   part3.1+part4.3+part5.2	0h:4m:36s (0h:2m:38s left)
 135 K2P+G4       41434.478   part3.1+part4.3+part5.1	0h:4m:37s (0h:2m:36s left)
 136 K2P+G4       41433.845   part1.3+part3.1+part4.3	0h:4m:39s (0h:2m:34s left)
 137 K2P+G4       41450.998   part3.1+part3.2+part4.3	0h:4m:40s (0h:2m:31s left)
 138 K2P+G4       41419.436   part2.3+part3.1+part4.3	0h:4m:40s (0h:2m:28s left)
 139 K2P+G4       41496.942   part3.1+part4.2+part4.3	0h:4m:40s (0h:2m:25s left)
 140 K2P+G4       41463.833   part3.1+part3.3+part4.3	0h:4m:43s (0h:2m:23s left)
 141 TVM+F+G4     41496.784   part1.1+part3.1+part4.1+part4.3	0h:4m:45s (0h:2m:21s left)
 142 K2P+G4       41420.439   part3.1+part4.3+part5.3	0h:4m:50s (0h:2m:21s left)
 143 K2P+G4       41412.960   part1.2+part3.1+part4.3	0h:4m:50s (0h:2m:18s left)
 144 K2P+G4       41543.164   part2.2+part3.1+part4.3	0h:4m:52s (0h:2m:15s left)
 145 K2P+G4       41535.266   part2.1+part3.1+part4.3	0h:4m:52s (0h:2m:13s left)
Merging part1.2+part3.2 with BIC score: 41408.229 (LnL: -20234.987  df: 114)
 146 TN+F+G4      41412.598   part1.2+part3.2+part5.3	0h:4m:59s (0h:2m:13s left)
 147 TN+F+G4      41419.284   part1.2+part3.2+part5.1	0h:4m:59s (0h:2m:10s left)
 148 TNe+G4       41397.846   part1.2+part3.2+part5.2	0h:4m:59s (0h:2m:7s left)
 149 TIM3+F+I+G4  41429.648   part1.2+part2.3+part3.2	0h:4m:59s (0h:2m:4s left)
 150 TNe+G4       41438.907   part1.2+part1.3+part3.2	0h:5m:0s (0h:2m:2s left)
 151 TN+F+G4      41417.053   part1.2+part3.2+part3.3	0h:5m:2s (0h:2m:0s left)
 152 TNe+I+G4     41413.955   part1.2+part3.2+part4.2	0h:5m:4s (0h:1m:58s left)
 153 TNe+I+G4     41476.107   part1.2+part2.1+part3.2	0h:5m:6s (0h:1m:56s left)
 154 K2P+G4       41431.814   part1.2+part3.1+part3.2+part4.3	0h:5m:7s (0h:1m:53s left)
 155 TN+F+I+G4    41476.977   part1.2+part2.2+part3.2	0h:5m:7s (0h:1m:51s left)
 156 TIM2+F+G4    41511.507   part1.1+part1.2+part3.2+part4.1	0h:5m:11s (0h:1m:49s left)
Merging part3.3+part5.3 with BIC score: 41385.026 (LnL: -20239.846  df: 110)
 157 HKY+F+G4     41392.316   part3.3+part5.2+part5.3	0h:5m:20s (0h:1m:50s left)
 158 HKY+F+G4     41386.414   part3.3+part5.1+part5.3	0h:5m:20s (0h:1m:47s left)
 159 TIM3+F+G4    41410.071   part2.3+part3.3+part5.3	0h:5m:21s (0h:1m:45s left)
 160 TN+F+G4      41500.624   part3.3+part4.2+part5.3	0h:5m:22s (0h:1m:42s left)
 161 TN+F+G4      41398.262   part1.2+part3.2+part3.3+part5.3	0h:5m:24s (0h:1m:40s left)
 162 TIM2e+G4     41531.673   part1.1+part3.3+part4.1+part5.3	0h:5m:25s (0h:1m:38s left)
 163 TPM2u+F+G4   41384.749   part1.3+part3.3+part5.3	0h:5m:25s (0h:1m:35s left)
 164 HKY+F+G4     41512.938   part2.1+part3.3+part5.3	0h:5m:28s (0h:1m:34s left)
 165 HKY+F+G4     41498.319   part2.2+part3.3+part5.3	0h:5m:28s (0h:1m:31s left)
 166 K2P+G4       41429.248   part3.1+part3.3+part4.3+part5.3	0h:5m:29s (0h:1m:29s left)
Merging part4.2+part5.2 with BIC score: 41364.061 (LnL: -20245.824  df: 106)
 167 K2P+I+G4     41393.602   part2.1+part4.2+part5.2	0h:5m:36s (0h:1m:28s left)
 168 K2P+I+G4     41365.622   part2.3+part4.2+part5.2	0h:5m:36s (0h:1m:26s left)
 169 K2P+I+G4     41351.550   part4.2+part5.1+part5.2	0h:5m:36s (0h:1m:23s left)
 170 K2P+I+G4     41457.391   part1.3+part4.2+part5.2	0h:5m:37s (0h:1m:21s left)
 171 TN+F+I+G4    41493.458   part3.3+part4.2+part5.2+part5.3	0h:5m:40s (0h:1m:19s left)
 172 TNe+I+G4     41373.991   part1.2+part3.2+part4.2+part5.2	0h:5m:41s (0h:1m:17s left)
 173 TPM2u+F+I+G4 41460.209   part1.1+part4.1+part4.2+part5.2	0h:5m:42s (0h:1m:15s left)
 174 K2P+I+G4     41394.963   part2.2+part4.2+part5.2	0h:5m:42s (0h:1m:12s left)
 175 K2P+G4       41444.203   part3.1+part4.2+part4.3+part5.2	0h:5m:42s (0h:1m:10s left)
Merging part2.1+part2.2 with BIC score: 41346.683 (LnL: -20245.365  df: 104)
 176 K2P+G4       41582.865   part1.3+part2.1+part2.2	0h:5m:47s (0h:1m:9s left)
 177 K2P+I+G4     41475.484   part2.1+part2.2+part2.3	0h:5m:49s (0h:1m:7s left)
 178 HKY+F+I+G4   41343.873   part2.1+part2.2+part5.1	0h:5m:50s (0h:1m:4s left)
 179 K2P+I+G4     41414.491   part2.1+part2.2+part4.2+part5.2	0h:5m:50s (0h:1m:2s left)
 180 TN+F+I+G4    41473.366   part1.2+part2.1+part2.2+part3.2	0h:5m:52s (0h:1m:0s left)
 181 HKY+F+G4     41580.971   part2.1+part2.2+part3.3+part5.3	0h:5m:52s (0h:0m:58s left)
 182 TPM2u+F+I+G4 41583.960   part1.1+part2.1+part2.2+part4.1	0h:5m:55s (0h:0m:56s left)
 183 K2P+G4       41571.076   part2.1+part2.2+part3.1+part4.3	0h:5m:57s (0h:0m:54s left)
Merging part1.1+part2.3+part4.1 with BIC score: 41330.031 (LnL: -20245.269  df: 102)
 184 TPM2u+F+I+G4 41356.534   part1.1+part2.3+part4.1+part5.1	0h:6m:9s (0h:0m:54s left)
 185 TPM2u+F+G4   41368.645   part1.1+part1.3+part2.3+part4.1	0h:6m:9s (0h:0m:51s left)
 186 TPM2u+F+I+G4 41573.420   part1.1+part2.1+part2.2+part2.3+part4.1	0h:6m:10s (0h:0m:49s left)
 187 TPM2u+F+G4   41483.365   part1.1+part2.3+part3.3+part4.1+part5.3	0h:6m:11s (0h:0m:47s left)
 188 TIM2+F+I+G4  41433.454   part1.1+part1.2+part2.3+part3.2+part4.1	0h:6m:11s (0h:0m:45s left)
 189 TPM2u+F+I+G4 41424.379   part1.1+part2.3+part4.1+part4.2+part5.2	0h:6m:12s (0h:0m:43s left)
 190 TVM+F+G4     41389.615   part1.1+part2.3+part3.1+part4.1+part4.3	0h:6m:15s (0h:0m:41s left)
Merging part4.2+part5.1+part5.2 with BIC score: 41317.519 (LnL: -20263.705  df: 96)
 191 K2P+I+G4     41416.273   part1.3+part4.2+part5.1+part5.2	0h:6m:22s (0h:0m:40s left)
 192 K2P+I+G4     41384.915   part2.1+part2.2+part4.2+part5.1+part5.2	0h:6m:23s (0h:0m:37s left)
 193 TNe+I+G4     41335.075   part1.2+part3.2+part4.2+part5.1+part5.2	0h:6m:26s (0h:0m:36s left)
 194 HKY+F+I+G4   41450.840   part3.3+part4.2+part5.1+part5.2+part5.3	0h:6m:26s (0h:0m:33s left)
 195 K2P+G4       41408.349   part3.1+part4.2+part4.3+part5.1+part5.2	0h:6m:28s (0h:0m:31s left)
 196 TPM2u+F+I+G4 41428.192   part1.1+part2.3+part4.1+part4.2+part5.1+part5.2	0h:6m:28s (0h:0m:29s left)
Merging part1.3+part3.3+part5.3 with BIC score: 41317.242 (LnL: -20275.912  df: 93)
 197 HKY+F+G4     41576.416   part1.3+part2.1+part2.2+part3.3+part5.3	0h:6m:38s (0h:0m:28s left)
 198 TPM2u+F+G4   41477.308   part1.3+part3.3+part4.2+part5.1+part5.2+part5.3	0h:6m:41s (0h:0m:26s left)
 199 TN+F+G4      41336.910   part1.2+part1.3+part3.2+part3.3+part5.3	0h:6m:41s (0h:0m:24s left)
 200 TPM2+F+G4    41477.293   part1.1+part1.3+part2.3+part3.3+part4.1+part5.3	0h:6m:42s (0h:0m:22s left)
 201 K2P+G4       41360.658   part1.3+part3.1+part3.3+part4.3+part5.3	0h:6m:45s (0h:0m:20s left)
BEST-FIT PARTITION MODEL: 
  charpartition BIC = TPM2u+F+I+G4: part1.1 part2.3 part4.1, TNe+G4: part1.2 part3.2, TPM2u+F+G4: part1.3 part3.3 part5.3, F81+F+I+G4: part2.1 part2.2, K2P+G4: part3.1 part4.3, K2P+I+G4: part4.2 part5.1 part5.2;
Agglomerative model selection: (((part1.1,part4.1)1:41456.2,part2.3)7:41330,(part1.2,part3.2)3:41408.2,(part1.3,(part3.3,part5.3)4:41385)9:41317.2,(part2.1,part2.2)6:41346.7,(part3.1,part4.3)2:41431.5,((part4.2,part5.2)5:41364.1,part5.1)8:41317.5)
Merging into 6 partitions...
Partition information was printed to 2_set54.best_scheme.nex
Partition information in Raxml format was printed to 2_set54.best_scheme

All model information printed to 2_set54.model.gz
CPU time for ModelFinder: 409.344 seconds (0h:6m:49s)
Wall-clock time for ModelFinder: 408.709 seconds (0h:6m:48s)
Generating 1000 samples for ultrafast bootstrap (seed: 8893)...

NOTE: 13 MB RAM (0 GB) is required!
Measuring multi-threading efficiency up to 8 CPU cores
Increase to 10 rounds for branch lengths
12 trees examined
Threads: 1 / Time: 8.515 sec / Speedup: 1.000 / Efficiency: 100% / LogL: -30307
Threads: 2 / Time: 17.770 sec / Speedup: 0.479 / Efficiency: 24% / LogL: -30307
BEST NUMBER OF THREADS: 1

Estimate model parameters (epsilon = 0.100)
Initial log-likelihood: -21375.935
Current log-likelihood at step 1: -20481.497
Current log-likelihood at step 2: -20325.546
Current log-likelihood at step 3: -20277.150
Current log-likelihood at step 4: -20276.016
Current log-likelihood at step 5: -20274.947
Current log-likelihood at step 6: -20273.856
Current log-likelihood at step 7: -20272.727
Current log-likelihood at step 8: -20271.556
Current log-likelihood at step 9: -20270.338
Current log-likelihood at step 10: -20269.070
Current log-likelihood at step 11: -20267.749
Current log-likelihood at step 12: -20266.369
Current log-likelihood at step 13: -20264.926
Current log-likelihood at step 14: -20263.415
Current log-likelihood at step 15: -20261.830
Current log-likelihood at step 16: -20260.165
Current log-likelihood at step 17: -20258.414
Current log-likelihood at step 18: -20256.569
Current log-likelihood at step 19: -20254.624
Current log-likelihood at step 20: -20252.572
Current log-likelihood at step 21: -20250.407
Current log-likelihood at step 22: -20248.129
Current log-likelihood at step 23: -20245.740
Current log-likelihood at step 24: -20243.255
Current log-likelihood at step 25: -20240.710
Current log-likelihood at step 26: -20230.735
Current log-likelihood at step 27: -20230.733
Parameters optimization took 26 rounds (7.780 sec)

Computing ML distances based on estimated model parameters... 0.067 sec
Computing BIONJ tree...
0.007 seconds
Log-likelihood of BIONJ tree: -20251.841
--------------------------------------------------------------------
|             INITIALIZING CANDIDATE TREE SET                      |
--------------------------------------------------------------------
Generating 98 parsimony trees... 5.193 second
Computing log-likelihood of 98 initial trees ... 16.955 seconds
Current best score: -20230.571

Do NNI search on 20 best initial trees
Estimate model parameters (epsilon = 0.100)
Initial log-likelihood: -20229.105
Current log-likelihood at step 1: -20229.083
Parameters optimization took 0 rounds (0.256 sec)

BETTER TREE FOUND at iteration 1: -20229.083
UPDATE BEST LOG-LIKELIHOOD: -20229.083
Iteration 10 / LogL: -20229.083 / Time: 0h:1m:16s
Iteration 20 / LogL: -20230.072 / Time: 0h:1m:36s
Finish initializing candidate tree set (4)
Current best tree score: -20229.083 / CPU time: 61.388
Number of iterations: 20
--------------------------------------------------------------------
|               OPTIMIZING CANDIDATE TREE SET                      |
--------------------------------------------------------------------
UPDATE BEST LOG-LIKELIHOOD: -20229.083
Iteration 30 / LogL: -20229.084 / Time: 0h:1m:54s (0h:4m:39s left)
Iteration 40 / LogL: -20230.077 / Time: 0h:2m:15s (0h:3m:31s left)
UPDATE BEST LOG-LIKELIHOOD: -20229.083
Iteration 50 / LogL: -20231.711 / Time: 0h:2m:35s (0h:2m:42s left)
Log-likelihood cutoff on original alignment: -20257.744
Iteration 60 / LogL: -20229.083 / Time: 0h:2m:59s (0h:2m:4s left)
Iteration 70 / LogL: -20243.822 / Time: 0h:3m:22s (0h:1m:30s left)
Iteration 80 / LogL: -20232.886 / Time: 0h:3m:44s (0h:0m:59s left)
Iteration 90 / LogL: -20230.080 / Time: 0h:4m:1s (0h:0m:29s left)
Iteration 100 / LogL: -20230.072 / Time: 0h:4m:24s (0h:0m:2s left)
Log-likelihood cutoff on original alignment: -20258.179
NOTE: Bootstrap correlation coefficient of split occurrence frequencies: 0.999
TREE SEARCH COMPLETED AFTER 102 ITERATIONS / Time: 0h:4m:30s

--------------------------------------------------------------------
|                    FINALIZING TREE SEARCH                        |
--------------------------------------------------------------------
Performs final model parameters optimization
Estimate model parameters (epsilon = 0.010)
Initial log-likelihood: -20229.083
Current log-likelihood at step 1: -20229.080
Parameters optimization took 0 rounds (0.150 sec)

BEST SCORE FOUND : -20229.080
Creating bootstrap support values...
Split supports printed to NEXUS file 2_set54.splits.nex
Total tree length: 1.188

Total number of iterations: 102
CPU time used for tree search: 82.953 sec (0h:1m:22s)
Wall-clock time used for tree search: 235.354 sec (0h:3m:55s)
Total CPU time used: 92.961 sec (0h:1m:32s)
Total wall-clock time used: 271.351 sec (0h:4m:31s)

Computing bootstrap consensus tree...
Reading input file 2_set54.splits.nex...
35 taxa and 119 splits.
Consensus tree written to 2_set54.contree
Reading input trees file 2_set54.contree
Log-likelihood of consensus tree: -20229.157

Analysis results written to: 
  IQ-TREE report:                2_set54.iqtree
  Maximum-likelihood tree:       2_set54.treefile
  Likelihood distances:          2_set54.mldist
  Best partitioning scheme:      2_set54.best_scheme.nex
           in RAxML format:      2_set54.best_scheme

Ultrafast bootstrap approximation results written to:
  Split support values:          2_set54.splits.nex
  Consensus tree:                2_set54.contree
  Screen log file:               2_set54.log

Date and Time: Thu Sep  6 21:46:27 2018
