IQ-TREE multicore version 1.6.7 for Mac OS X 64-bit built Aug 23 2018
Developed by Bui Quang Minh, Nguyen Lam Tung, Olga Chernomor,
Heiko Schmidt, Dominik Schrempf, Michael Woodhams.

Host:    meeps-mac-pro.staff.sydney.edu.au (AVX, 64 GB RAM)
Command: /Users/davidduchene/Desktop/Software/iqtree-1.6.7-MacOSX/bin/iqtree -s ../../../../marsupials/set70.fasta -m TESTMERGE -bb 1000 -sp ../../../../marsupials/set70.nex -nt AUTO -pre 6_set70
Seed:    143206 (Using SPRNG - Scalable Parallel Random Number Generator)
Time:    Fri Sep  7 02:36:44 2018
Kernel:  AVX - auto-detect threads (8 CPU cores detected)

Reading partition model file ../../../../marsupials/set70.nex ...
Reading alignment file ../../../../marsupials/set70.fasta ... Fasta format detected
Alignment most likely contains DNA/RNA sequences
Alignment has 35 sequences with 3519 columns, 1321 distinct patterns
777 parsimony-informative, 464 singleton sites, 2278 constant sites
                                              Gap/Ambiguity  Composition  p-value
   1  Burramyidae_Burramys_parvus                     0.45%    passed     97.44%
   2  Notoryctidae_Notoryctes_typhlops                2.27%    passed     82.63%
   3  Vombatidae_Lasiorhinus_latifrons                0.28%    passed     96.87%
   4  Potoroidae_Bettongia_penicillata                0.14%    passed    100.00%
   5  Potoroidae_Bettongia_lesueur                    0.20%    passed     99.83%
   6  Dasyuridae_Dasyurus_maculatus                   0.23%    passed     94.93%
   7  Phalangeridae_Trichosurus_vulpecula            17.99%    failed      3.49%
   8  Phalangeridae_Spilocuscus_maculatus             3.04%    passed     97.56%
   9  Potoroidae_Aepyprymnus_rufescens                0.14%    passed     94.60%
  10  Peramelidae_Perameles_nasuta                    8.84%    passed     68.79%
  11  Phalangeridae_Strigocuscus_pelengensis          1.48%    passed     99.31%
  12  Dasyuridae_Phascogale_tapoatafa                 3.50%    passed     88.65%
  13  Dasyuridae_Sminthopsis_macroura                 0.28%    passed     94.95%
  14  Phalangeridae_Phalanger_orientalis              1.76%    passed     99.29%
  15  Acrobatidae_Acrobates_pygmaeus                  4.09%    passed     84.04%
  16  Dasyuridae_Phascogale_calura                    1.17%    passed     99.81%
  17  Dasyuridae_Sarcophilus_harrisii                 0.26%    passed     90.41%
  18  Dasyuridae_Planigale_tenuirostris               3.41%    passed     98.62%
  19  Peramelidae_Echymipera_kalubu                   0.17%    passed     91.60%
  20  Macropodidae_Dorcopsulus_vanheurni              2.90%    passed     79.56%
  21  Pseudochiridae_Pseudochirulus_forbesi           0.40%    passed     88.71%
  22  Didelphidae_Didelphis_virginiana                0.60%    passed     78.73%
  23  Marmosidae_Monodelphis_domestica                0.40%    passed     87.54%
  24  Dasyuridae_Antechinus_stuartii                  2.02%    passed     93.46%
  25  Hypsiprymnodontidae_Hypsiprymnodon_moschatus    2.90%    passed     99.97%
  26  Microbiotheriidae_Dromiciops_gliroides          1.68%    passed     94.70%
  27  Pseudochiridae_Petauroides_volans               1.79%    passed     99.85%
  28  Macropodidae_Wallabia_bicolor                   0.37%    passed     99.22%
  29  Pseudochiridae_Pseudocheirus_occidentalis      79.80%    failed      0.05%
  30  Tarsipedidae_Tarsipes_rostratus                 1.48%    passed     87.51%
  31  Acrobatidae_Distoechurus_pennatus               0.65%    passed     95.07%
  32  Phalangeridae_Phalanger_carmelitae              0.26%    passed     98.11%
  33  Peramelidae_Peroryctes_raffrayana              11.37%    passed     68.77%
  34  Dasyuridae_Dasyurus_geffroii                    0.28%    passed     94.83%
  35  Peramelidae_Perameles_gunnii                   18.04%    failed      1.06%
WARNING: 1 sequences contain more than 50% gaps/ambiguity
****  TOTAL                                           4.99%  3 sequences failed composition chi2 test (p-value<5%; df=3)
NOTE: No CharPartition defined, use all CharSets

Loading 15 partitions...
Subset	Type	Seqs	Sites	Infor	Invar	Model	Name
1		35	76	8	56	TESTMERGE	part1.1
2		35	76	7	61	TESTMERGE	part1.2
3		35	76	28	31	TESTMERGE	part1.3
4		35	72	7	54	TESTMERGE	part2.1
5		35	72	6	59	TESTMERGE	part2.2
6		35	72	37	20	TESTMERGE	part2.3
7		34	722	136	517	TESTMERGE	part3.1
8		34	722	81	595	TESTMERGE	part3.2
9		34	722	222	354	TESTMERGE	part3.3
10		35	93	3	88	TESTMERGE	part4.1
11		35	93	1	91	TESTMERGE	part4.2
12		35	93	18	55	TESTMERGE	part4.3
13		32	210	68	99	TESTMERGE	part5.1
14		32	210	34	149	TESTMERGE	part5.2
15		32	210	121	49	TESTMERGE	part5.3
Degree of missing data: 0.033
Info: multi-threading strategy over partitions



Create initial parsimony tree by phylogenetic likelihood library (PLL)... 0.011 seconds
NOTE: ModelFinder requires 13 MB RAM!
NUMBER OF THREADS FOR PARTITION FINDING: 8
Testing GTR+F+G on supermatrix...
GTR+F+G4 / LnL: -18196.533 / df: 76 / AIC: 36545.067 / AICc: 36548.467 / BIC: 37013.678
Selecting individual models for 15 charsets using BIC...
 No. Model        Score       Charset
   1 TIM3e+I      1937.139    part5.2
   2 K3P+G4       1285.903    part1.3
   3 K2P+G4       3287.835    part5.1
   4 K3P+G4       1218.765    part4.3
   5 K3P+G4       4818.030    part5.3
   6 TIM2+F+G4    1541.420    part2.3
   7 K2P+G4       810.476     part1.1
   8 TPM2u+F+G4   6820.760    part3.1
   9 GTR+F+G4     5028.396    part3.2
  10 K2P          628.812     part2.2	0h:0m:17s (0h:5m:54s left)
  11 K2P+I        597.978     part4.2	0h:0m:18s (0h:5m:39s left)
  12 TPM3u+F+I    727.588     part1.2	0h:0m:19s (0h:5m:15s left)
  13 TIM2e+G4     743.990     part2.1	0h:0m:21s (0h:5m:22s left)
  14 K2P+I        667.921     part4.1	0h:0m:21s (0h:5m:1s left)
  15 TPM3+F+G4    9230.031    part3.3	0h:0m:23s (0h:5m:7s left)
Full partition model BIC score: 42625.592 (LnL: -17062.428  df:1041)
Merging models to increase model fit (about 211 total partition schemes)...
  16 K3Pu+F+G4    42192.638   part3.3+part4.3	0h:0m:44s (0h:9m:4s left)
  17 TPM3+F+G4    42327.499   part3.3+part5.2	0h:0m:45s (0h:8m:43s left)
  18 TIM3+F+G4    42277.546   part2.3+part3.3	0h:0m:46s (0h:8m:15s left)
  19 TPM3u+F+G4   42380.117   part3.2+part3.3	0h:0m:46s (0h:7m:54s left)
  20 TIM3+F+G4    42152.411   part1.3+part3.3	0h:0m:47s (0h:7m:31s left)
  21 TPM3u+F+G4   42338.554   part3.1+part3.3	0h:0m:47s (0h:7m:11s left)
  22 TPM3u+F+G4   42362.482   part3.3+part5.1	0h:0m:47s (0h:6m:50s left)
  23 TPM3+F+G4    42371.364   part3.3+part5.3	0h:0m:50s (0h:6m:56s left)
  24 TIM3+F+I+G4  42177.094   part3.1+part3.2	0h:1m:4s (0h:8m:21s left)
  25 K2P+G4       42442.050   part3.1+part5.3	0h:1m:4s (0h:8m:2s left)
  26 TIM3+F+G4    42201.297   part1.1+part3.3	0h:1m:7s (0h:8m:2s left)
  27 TPM3u+F+G4   42167.865   part1.2+part3.3	0h:1m:9s (0h:7m:52s left)
  28 K3Pu+F+G4    42196.029   part2.2+part3.3	0h:1m:10s (0h:7m:41s left)
  29 K3Pu+F+G4    42221.589   part3.3+part4.2	0h:1m:10s (0h:7m:23s left)
  30 TIM3+F+G4    42193.398   part2.1+part3.3	0h:1m:12s (0h:7m:16s left)
  31 TIM+F+G4     42226.477   part3.3+part4.1	0h:1m:13s (0h:7m:5s left)
  32 TPM2u+F+G4   42298.224   part3.1+part5.1	0h:1m:22s (0h:7m:40s left)
  33 TIM3+F+G4    42262.981   part3.1+part5.2	0h:1m:24s (0h:7m:34s left)
  34 TPM2u+F+I+G4 42280.978   part2.3+part3.1	0h:1m:26s (0h:7m:30s left)
  35 TPM2u+F+G4   42178.037   part3.1+part4.3	0h:1m:28s (0h:7m:24s left)
  36 K2P+G4       42247.139   part5.1+part5.3	0h:1m:28s (0h:7m:9s left)
  37 TPM2+F+G4    42185.696   part1.3+part3.1	0h:1m:28s (0h:6m:56s left)
  38 TVM+F+I+G4   42497.489   part3.2+part5.3	0h:1m:28s (0h:6m:44s left)
  39 TIM2+F+G4    42361.042   part3.2+part5.1	0h:1m:32s (0h:6m:48s left)
  40 TPM2u+F+G4   42158.528   part1.1+part3.1	0h:1m:38s (0h:7m:2s left)
  41 TPM2+F+G4    42141.712   part1.2+part3.1	0h:1m:41s (0h:7m:1s left)
  42 HKY+F+G4     42175.717   part2.2+part3.1	0h:1m:42s (0h:6m:52s left)
  43 TPM2+F+G4    42147.869   part2.1+part3.1	0h:1m:43s (0h:6m:45s left)
  44 TIM3+F+G4    42215.731   part3.2+part5.2	0h:1m:45s (0h:6m:38s left)
  45 HKY+F+G4     42148.183   part3.1+part4.2	0h:1m:46s (0h:6m:31s left)
  46 TPM2u+F+G4   42136.497   part3.1+part4.1	0h:1m:47s (0h:6m:27s left)
  47 K2P+G4       42336.883   part5.2+part5.3	0h:1m:48s (0h:6m:18s left)
  48 TNe+G4       42193.102   part5.1+part5.2	0h:1m:57s (0h:6m:39s left)
  49 K2P+G4       42212.822   part1.3+part5.3	0h:1m:58s (0h:6m:32s left)
  50 TIM3+F+G4    42147.689   part1.1+part3.2	0h:1m:59s (0h:6m:23s left)
  51 TIM3+F+I+G4  42197.386   part1.3+part3.2	0h:1m:59s (0h:6m:13s left)
  52 TIM3+F+G4    42198.313   part3.2+part4.3	0h:2m:0s (0h:6m:9s left)
  53 GTR+F+G4     42123.041   part1.2+part3.2	0h:2m:3s (0h:6m:9s left)
  54 TPM3u+F+I+G4 42328.014   part2.3+part3.2	0h:2m:5s (0h:6m:5s left)
  55 TVM+F+G4     42198.329   part2.3+part5.3	0h:2m:9s (0h:6m:5s left)
  56 K2P+G4       42234.067   part4.3+part5.3	0h:2m:15s (0h:6m:15s left)
  57 K2P+G4       42263.094   part1.2+part5.3	0h:2m:17s (0h:6m:11s left)
  58 TNe+G4       42253.935   part1.1+part5.3	0h:2m:17s (0h:6m:3s left)
  59 K3P+G4       42212.270   part1.3+part5.1	0h:2m:18s (0h:5m:56s left)
  60 GTR+F+G4     42164.094   part2.2+part3.2	0h:2m:18s (0h:5m:49s left)
  61 TIM3+F+I+G4  42163.897   part2.1+part3.2	0h:2m:19s (0h:5m:43s left)
  62 GTR+F+I+G4   42126.559   part3.2+part4.2	0h:2m:22s (0h:5m:42s left)
  63 TIM3+F+I+G4  42125.907   part3.2+part4.1	0h:2m:23s (0h:5m:36s left)
  64 K2P+G4       42262.461   part2.3+part5.1	0h:2m:25s (0h:5m:35s left)
  65 K3P+G4       42294.033   part2.2+part5.3	0h:2m:28s (0h:5m:33s left)
  66 TIM2e+G4     42253.260   part2.1+part5.3	0h:2m:29s (0h:5m:29s left)
  67 K2P+G4       42213.946   part4.3+part5.1	0h:2m:29s (0h:5m:22s left)
  68 K2P+G4       42229.090   part1.1+part5.1	0h:2m:30s (0h:5m:15s left)
  69 TNe+G4       42313.369   part4.2+part5.3	0h:2m:31s (0h:5m:10s left)
  70 K2P+G4       42225.872   part1.2+part5.1	0h:2m:32s (0h:5m:6s left)
  71 TNe+G4       42288.729   part4.1+part5.3	0h:2m:32s (0h:5m:1s left)
  72 K2P+G4       42258.276   part2.2+part5.1	0h:2m:37s (0h:5m:3s left)
  73 TNe+G4       42235.758   part4.2+part5.1	0h:2m:39s (0h:5m:1s left)
  74 K2P+G4       42218.004   part2.1+part5.1	0h:2m:40s (0h:4m:57s left)
  75 K2P+G4       42218.753   part4.1+part5.1	0h:2m:40s (0h:4m:51s left)
  76 TIM3e+G4     42215.450   part1.3+part5.2	0h:2m:41s (0h:4m:46s left)
  77 K2P+G4       42195.109   part4.3+part5.2	0h:2m:43s (0h:4m:43s left)
  78 TIM3e+G4     42188.086   part1.1+part5.2	0h:2m:43s (0h:4m:38s left)
  79 K2P+G4       42301.066   part2.3+part5.2	0h:2m:45s (0h:4m:36s left)
  80 TIM3e+I      42181.866   part1.2+part5.2	0h:2m:47s (0h:4m:33s left)
  81 TIM3e+G4     42206.856   part2.2+part5.2	0h:2m:47s (0h:4m:29s left)
  82 TIM3e+G4     42186.672   part2.1+part5.2	0h:2m:50s (0h:4m:27s left)
  83 K2P+G4       42174.029   part1.3+part2.3	0h:2m:52s (0h:4m:25s left)
  84 K3P+G4       42132.931   part1.3+part4.3	0h:2m:54s (0h:4m:23s left)
  85 TIM3e+G4     42181.805   part4.2+part5.2	0h:2m:57s (0h:4m:23s left)
  86 TPM2+F+G4    42173.052   part2.3+part4.3	0h:2m:58s (0h:4m:19s left)
  87 TN+F+G4      42200.857   part1.1+part2.3	0h:2m:58s (0h:4m:14s left)
  88 TIM3e+G4     42174.119   part4.1+part5.2	0h:2m:59s (0h:4m:11s left)
  89 K3P+G4       42146.971   part1.1+part1.3	0h:3m:0s (0h:4m:7s left)
  90 K2P+G4       42133.136   part1.1+part4.3	0h:3m:1s (0h:4m:3s left)
  91 K2P+G4       42192.121   part1.2+part2.3	0h:3m:4s (0h:4m:2s left)
  92 TPM3u+F+G4   42158.509   part1.2+part1.3	0h:3m:5s (0h:3m:59s left)
  93 TPM3u+F+I    42093.208   part1.1+part1.2	0h:3m:7s (0h:3m:58s left)
  94 K2P+G4       42124.851   part1.2+part4.3	0h:3m:8s (0h:3m:54s left)
  95 K3P+G4       42149.779   part1.3+part2.1	0h:3m:9s (0h:3m:51s left)
  96 TNe+G4       42206.569   part2.2+part2.3	0h:3m:12s (0h:3m:50s left)
  97 K3Pu+F+G4    42194.347   part1.3+part2.2	0h:3m:12s (0h:3m:46s left)
  98 TNe+G4       42166.796   part2.1+part2.3	0h:3m:16s (0h:3m:46s left)
  99 K2P          42126.179   part1.1+part2.2	0h:3m:18s (0h:3m:44s left)
 100 K2P+G4       42135.820   part2.2+part4.3	0h:3m:18s (0h:3m:40s left)
 101 K3Pu+F+G4    42174.403   part1.3+part4.2	0h:3m:19s (0h:3m:37s left)
 102 K3Pu+F+G4    42161.797   part1.3+part4.1	0h:3m:20s (0h:3m:34s left)
 103 TIM2e+G4     42106.361   part2.1+part4.3	0h:3m:21s (0h:3m:31s left)
 104 TN+F+G4      42140.050   part1.1+part2.1	0h:3m:22s (0h:3m:28s left)
 105 TPM3+F       42111.522   part1.2+part2.2	0h:3m:23s (0h:3m:25s left)
 106 K3P+G4       42138.135   part4.2+part4.3	0h:3m:23s (0h:3m:21s left)
 107 K2P+I+G4     42212.063   part2.3+part4.2	0h:3m:24s (0h:3m:19s left)
 108 K2P+I        42114.529   part1.1+part4.2	0h:3m:27s (0h:3m:17s left)
 109 TNe+G4       42203.375   part2.3+part4.1	0h:3m:29s (0h:3m:15s left)
 110 K2P+G4       42084.986   part2.1+part2.2	0h:3m:29s (0h:3m:12s left)
 111 TIM2e+G4     42125.585   part4.1+part4.3	0h:3m:31s (0h:3m:10s left)
 112 K2P          42096.514   part2.2+part4.2	0h:3m:31s (0h:3m:6s left)
 113 TN+F+G4      42115.819   part1.1+part4.1	0h:3m:32s (0h:3m:4s left)
 114 K2P+G4       42119.828   part2.2+part4.1	0h:3m:36s (0h:3m:4s left)
 115 TPM3u+F+G4   42111.724   part1.2+part2.1	0h:3m:36s (0h:3m:0s left)
 116 TPM3u+F+I    42101.077   part1.2+part4.2	0h:3m:36s (0h:2m:57s left)
 117 HKY+F+I      42097.838   part1.2+part4.1	0h:3m:40s (0h:2m:57s left)
 118 K2P+I        42083.370   part4.1+part4.2	0h:3m:42s (0h:2m:55s left)
 119 TN+F+G4      42107.754   part2.1+part4.1	0h:3m:43s (0h:2m:52s left)
 120 K2P+I        42093.729   part2.1+part4.2	0h:3m:43s (0h:2m:49s left)
Merging part4.1+part4.2 with BIC score: 42083.370 (LnL: -17073.042  df: 972)
 121 TIM3e+G4     41669.416   part4.1+part4.2+part5.2	0h:3m:49s (0h:2m:50s left)
 122 K3Pu+F+I+G4  41656.006   part1.3+part4.1+part4.2	0h:3m:51s (0h:2m:48s left)
 123 TNe+I+G4     41713.224   part2.3+part4.1+part4.2	0h:3m:53s (0h:2m:47s left)
 124 K2P+G4       41749.704   part4.1+part4.2+part5.1	0h:3m:54s (0h:2m:44s left)
 125 TNe+G4       41860.947   part4.1+part4.2+part5.3	0h:3m:55s (0h:2m:42s left)
 126 HKY+F+I      41588.708   part2.2+part4.1+part4.2	0h:3m:58s (0h:2m:40s left)
 127 HKY+F+I      41593.026   part1.1+part4.1+part4.2	0h:4m:0s (0h:2m:38s left)
 128 TIM3+F+I+G4  41603.921   part3.2+part4.1+part4.2	0h:4m:2s (0h:2m:37s left)
 129 HKY+F+I+G4   41636.191   part3.1+part4.1+part4.2	0h:4m:3s (0h:2m:34s left)
 130 TNe+I+G4     41619.331   part4.1+part4.2+part4.3	0h:4m:4s (0h:2m:32s left)
 131 HKY+F+I      41565.754   part1.2+part4.1+part4.2	0h:4m:5s (0h:2m:29s left)
 132 TN+F+I       41575.374   part2.1+part4.1+part4.2	0h:4m:6s (0h:2m:27s left)
 133 K3Pu+F+G4    41781.807   part3.3+part4.1+part4.2	0h:4m:6s (0h:2m:24s left)
Merging part2.1+part2.2 with BIC score: 41542.764 (LnL: -17088.547  df: 902)
 134 HKY+F+G4     41049.904   part2.1+part2.2+part4.1+part4.2	0h:4m:10s (0h:2m:24s left)
 135 K2P+G4       41071.216   part1.1+part2.1+part2.2	0h:4m:11s (0h:2m:21s left)
 136 TIM3e+G4     41151.817   part2.1+part2.2+part5.2	0h:4m:11s (0h:2m:18s left)
 137 K2P+G4       41127.436   part1.3+part2.1+part2.2	0h:4m:13s (0h:2m:16s left)
 138 TNe+G4       41289.989   part2.1+part2.2+part5.3	0h:4m:18s (0h:2m:16s left)
 139 TPM3u+F+G4   41044.035   part1.2+part2.1+part2.2	0h:4m:19s (0h:2m:14s left)
 140 TIM3+F+I+G4  41129.513   part2.1+part2.2+part3.2	0h:4m:22s (0h:2m:13s left)
 141 TPM2u+F+I+G4 41135.383   part2.1+part2.2+part3.1	0h:4m:22s (0h:2m:10s left)
 142 TNe+G4       41151.636   part2.1+part2.2+part2.3	0h:4m:24s (0h:2m:8s left)
 143 K2P+G4       41059.894   part2.1+part2.2+part4.3	0h:4m:25s (0h:2m:6s left)
 144 K2P+G4       41228.410   part2.1+part2.2+part5.1	0h:4m:25s (0h:2m:3s left)
 145 TIM3+F+G4    41196.474   part2.1+part2.2+part3.3	0h:4m:29s (0h:2m:2s left)
Merging part1.1+part1.2 with BIC score: 41010.381 (LnL: -17104.080  df: 833)
 146 TIM3+F+G4    40548.188   part1.1+part1.2+part2.1+part2.2	0h:4m:36s (0h:2m:3s left)
 147 HKY+F+I      40507.144   part1.1+part1.2+part4.1+part4.2	0h:4m:36s (0h:2m:0s left)
 148 K2P+G4       40536.936   part1.1+part1.2+part4.3	0h:4m:37s (0h:1m:58s left)
 149 TIM3+F+G4    40573.211   part1.1+part1.2+part1.3	0h:4m:40s (0h:1m:56s left)
 150 TNe+G4       40724.583   part1.1+part1.2+part5.3	0h:4m:42s (0h:1m:54s left)
 151 TIM3+F+G4    40535.841   part1.1+part1.2+part3.2	0h:4m:43s (0h:1m:52s left)
 152 TIM3e+G4     40598.139   part1.1+part1.2+part5.2	0h:4m:44s (0h:1m:50s left)
 153 HKY+F+G4     40566.046   part1.1+part1.2+part3.1	0h:4m:44s (0h:1m:47s left)
 154 TNe+G4       40620.043   part1.1+part1.2+part2.3	0h:4m:45s (0h:1m:45s left)
 155 K2P+G4       40674.014   part1.1+part1.2+part5.1	0h:4m:46s (0h:1m:43s left)
 156 TIM3+F+G4    40633.428   part1.1+part1.2+part3.3	0h:4m:50s (0h:1m:42s left)
Merging part1.1+part1.2+part4.1+part4.2 with BIC score: 40507.144 (LnL: -17138.269  df: 763)
 157 TN+F+G4      40044.801   part1.1+part1.2+part2.1+part2.2+part4.1+part4.2	0h:4m:57s (0h:1m:42s left)
 158 TN+F+G4      40065.619   part1.1+part1.2+part4.1+part4.2+part4.3	0h:4m:58s (0h:1m:40s left)
 159 HKY+F+I+G4   40102.826   part1.1+part1.2+part1.3+part4.1+part4.2	0h:5m:2s (0h:1m:38s left)
 160 TN+F+I+G4    40184.663   part1.1+part1.2+part2.3+part4.1+part4.2	0h:5m:3s (0h:1m:36s left)
 161 HKY+F+G4     40255.705   part1.1+part1.2+part4.1+part4.2+part5.1	0h:5m:4s (0h:1m:34s left)
 162 TPM3u+F+I+G4 40044.607   part1.1+part1.2+part3.2+part4.1+part4.2	0h:5m:7s (0h:1m:33s left)
 163 TPM3u+F+G4   40131.893   part1.1+part1.2+part4.1+part4.2+part5.2	0h:5m:8s (0h:1m:30s left)
 164 HKY+F+I+G4   40098.687   part1.1+part1.2+part3.1+part4.1+part4.2	0h:5m:8s (0h:1m:28s left)
 165 TNe+I+G4     40372.057   part1.1+part1.2+part4.1+part4.2+part5.3	0h:5m:11s (0h:1m:26s left)
 166 TN+F+G4      40279.072   part1.1+part1.2+part3.3+part4.1+part4.2	0h:5m:12s (0h:1m:24s left)
Merging part1.3+part4.3 with BIC score: 40014.483 (LnL: -17177.746  df: 693)
 167 K2P+G4       39578.899   part1.3+part2.3+part4.3	0h:5m:20s (0h:1m:24s left)
 168 TIM3e+G4     39620.275   part1.3+part4.3+part5.2	0h:5m:21s (0h:1m:22s left)
 169 K3Pu+F+G4    39638.065   part1.1+part1.2+part1.3+part4.1+part4.2+part4.3	0h:5m:26s (0h:1m:21s left)
 170 K2P+G4       39590.882   part1.3+part2.1+part2.2+part4.3	0h:5m:26s (0h:1m:18s left)
 171 K3P+G4       39625.530   part1.3+part4.3+part5.1	0h:5m:28s (0h:1m:16s left)
 172 TPM2+F+G4    39599.678   part1.3+part3.1+part4.3	0h:5m:32s (0h:1m:15s left)
 173 TIM3+F+I+G4  39630.707   part1.3+part3.2+part4.3	0h:5m:34s (0h:1m:13s left)
 174 K2P+G4       39649.480   part1.3+part4.3+part5.3	0h:5m:39s (0h:1m:12s left)
 175 K3Pu+F+G4    39585.807   part1.3+part3.3+part4.3	0h:5m:41s (0h:1m:10s left)
Merging part1.1+part1.2+part3.2+part4.1+part4.2 with BIC score: 39551.945 (LnL: -17240.451  df: 621)
 176 TPM3u+F+I+G4 39122.164   part1.1+part1.2+part2.1+part2.2+part3.2+part4.1+part4.2	0h:5m:57s (0h:1m:10s left)
 177 TIM3+F+G4    39177.233   part1.1+part1.2+part3.2+part4.1+part4.2+part5.2	0h:5m:57s (0h:1m:8s left)
 178 TPM3u+F+I+G4 39260.080   part1.1+part1.2+part2.3+part3.2+part4.1+part4.2	0h:5m:58s (0h:1m:6s left)
 179 TPM3u+F+I+G4 39174.191   part1.1+part1.2+part1.3+part3.2+part4.1+part4.2+part4.3	0h:5m:59s (0h:1m:4s left)
 180 TIM2+F+I+G4  39351.363   part1.1+part1.2+part3.2+part4.1+part4.2+part5.1	0h:6m:2s (0h:1m:2s left)
 181 TIM3+F+I+G4  39141.253   part1.1+part1.2+part3.1+part3.2+part4.1+part4.2	0h:6m:2s (0h:1m:0s left)
 182 TPM3u+F+I+G4 39503.828   part1.1+part1.2+part3.2+part4.1+part4.2+part5.3	0h:6m:2s (0h:0m:57s left)
 183 TPM3+F+G4    39412.992   part1.1+part1.2+part3.2+part3.3+part4.1+part4.2	0h:6m:5s (0h:0m:55s left)
Merging part1.3+part2.3+part4.3 with BIC score: 39116.361 (LnL: -17328.881  df: 546)
 184 K2P+G4       38717.826   part1.3+part2.1+part2.2+part2.3+part4.3	0h:6m:14s (0h:0m:54s left)
 185 K2P+G4       38764.971   part1.3+part2.3+part4.3+part5.2	0h:6m:18s (0h:0m:53s left)
 186 K3P+G4       38747.406   part1.3+part2.3+part4.3+part5.1	0h:6m:20s (0h:0m:51s left)
 187 TIM2e+G4     38732.555   part1.3+part2.3+part4.3+part5.3	0h:6m:21s (0h:0m:48s left)
 188 TPM2+F+G4    38760.114   part1.3+part2.3+part3.1+part4.3	0h:6m:22s (0h:0m:46s left)
 189 TPM3u+F+I+G4 38856.233   part1.1+part1.2+part1.3+part2.3+part3.2+part4.1+part4.2+part4.3	0h:6m:25s (0h:0m:44s left)
 190 K3Pu+F+G4    38750.267   part1.3+part2.3+part3.3+part4.3	0h:6m:28s (0h:0m:42s left)
Merging part5.1+part5.2 with BIC score: 38683.871 (LnL: -17373.946  df: 482)
 191 K2P+G4       38363.787   part2.1+part2.2+part5.1+part5.2	0h:6m:38s (0h:0m:41s left)
 192 K2P+G4       38397.427   part5.1+part5.2+part5.3	0h:6m:41s (0h:0m:39s left)
 193 K2P+G4       38360.762   part1.3+part2.3+part4.3+part5.1+part5.2	0h:6m:42s (0h:0m:37s left)
 194 TIM2+F+G4    38392.696   part3.1+part5.1+part5.2	0h:6m:43s (0h:0m:35s left)
 195 TIM3+F+I+G4  38486.031   part1.1+part1.2+part3.2+part4.1+part4.2+part5.1+part5.2	0h:6m:47s (0h:0m:33s left)
 196 TPM3u+F+G4   38499.752   part3.3+part5.1+part5.2	0h:6m:49s (0h:0m:31s left)
Merging part1.1+part1.2+part2.1+part2.2+part3.2+part4.1+part4.2 with BIC score: 38254.090 (LnL: -17440.780  df: 413)
 197 TPM3u+F+I+G4 37985.448   part1.1+part1.2+part1.3+part2.1+part2.2+part2.3+part3.2+part4.1+part4.2+part4.3	0h:7m:4s (0h:0m:30s left)
 198 TIM3+F+I+G4  37849.937   part1.1+part1.2+part2.1+part2.2+part3.1+part3.2+part4.1+part4.2	0h:7m:6s (0h:0m:27s left)
 199 TIM3+F+I+G4  38085.348   part1.1+part1.2+part2.1+part2.2+part3.2+part4.1+part4.2+part5.1+part5.2	0h:7m:6s (0h:0m:25s left)
 200 TPM3u+F+I+G4 38225.934   part1.1+part1.2+part2.1+part2.2+part3.2+part4.1+part4.2+part5.3	0h:7m:7s (0h:0m:23s left)
 201 TPM3u+F+I+G4 38127.686   part1.1+part1.2+part2.1+part2.2+part3.2+part3.3+part4.1+part4.2	0h:7m:9s (0h:0m:21s left)
Merging part1.1+part1.2+part2.1+part2.2+part3.1+part3.2+part4.1+part4.2 with BIC score: 37849.937 (LnL: -17524.511  df: 343)
 202 TPM3u+F+I+G4 37548.502   part1.1+part1.2+part1.3+part2.1+part2.2+part2.3+part3.1+part3.2+part4.1+part4.2+part4.3	0h:7m:32s (0h:0m:20s left)
 203 TPM3u+F+I+G4 37805.263   part1.1+part1.2+part2.1+part2.2+part3.1+part3.2+part4.1+part4.2+part5.3	0h:7m:34s (0h:0m:17s left)
 204 TIM3+F+I+G4  37660.994   part1.1+part1.2+part2.1+part2.2+part3.1+part3.2+part4.1+part4.2+part5.1+part5.2	0h:7m:36s (0h:0m:15s left)
 205 TPM3u+F+I+G4 37701.539   part1.1+part1.2+part2.1+part2.2+part3.1+part3.2+part3.3+part4.1+part4.2	0h:7m:37s (0h:0m:13s left)
Merging part1.3+part2.3+part4.3+part5.3 with BIC score: 37466.131 (LnL: -17585.752  df: 281)
 206 K2P+G4       37181.369   part1.3+part2.3+part4.3+part5.1+part5.2+part5.3	0h:7m:52s (0h:0m:11s left)
 207 HKY+F+G4     37200.557   part1.3+part2.3+part3.3+part4.3+part5.3	0h:8m:1s (0h:0m:9s left)
 208 TPM3u+F+I+G4 37444.703   part1.1+part1.2+part1.3+part2.1+part2.2+part2.3+part3.1+part3.2+part4.1+part4.2+part4.3+part5.3	0h:8m:3s (0h:0m:6s left)
Merging part1.3+part2.3+part4.3+part5.1+part5.2+part5.3 with BIC score: 37181.369 (LnL: -17712.847  df: 215)
 209 TPM3u+F+G4   36973.377   part1.3+part2.3+part3.3+part4.3+part5.1+part5.2+part5.3	0h:8m:33s (0h:0m:4s left)
 210 TPM3u+F+I+G4 37178.684   part1.1+part1.2+part1.3+part2.1+part2.2+part2.3+part3.1+part3.2+part4.1+part4.2+part4.3+part5.1+part5.2+part5.3	0h:8m:34s (0h:0m:2s left)
Merging part1.3+part2.3+part3.3+part4.3+part5.1+part5.2+part5.3 with BIC score: 36973.377 (LnL: -17882.409  df: 148)
 211 TPM3+F+I+G4  36978.798   part1.1+part1.2+part1.3+part2.1+part2.2+part2.3+part3.1+part3.2+part3.3+part4.1+part4.2+part4.3+part5.1+part5.2+part5.3	0h:9m:9s (0h:0m:0s left)
BEST-FIT PARTITION MODEL: 
  charpartition BIC = TIM3+F+I+G4: part1.1 part1.2 part2.1 part2.2 part3.1 part3.2 part4.1 part4.2, TPM3u+F+G4: part1.3 part2.3 part3.3 part4.3 part5.1 part5.2 part5.3;
Agglomerative model selection: ((((((part1.1,part1.2)3:41010.4,(part4.1,part4.2)1:42083.4)4:40507.1,part3.2)6:39551.9,(part2.1,part2.2)2:41542.8)9:38254.1,part3.1)10:37849.9,(((((part1.3,part4.3)5:40014.5,part2.3)7:39116.4,part5.3)11:37466.1,(part5.1,part5.2)8:38683.9)12:37181.4,part3.3)13:36973.4)
Merging into 2 partitions...
Partition information was printed to 6_set70.best_scheme.nex
Partition information in Raxml format was printed to 6_set70.best_scheme

All model information printed to 6_set70.model.gz
CPU time for ModelFinder: 509.624 seconds (0h:8m:29s)
Wall-clock time for ModelFinder: 550.086 seconds (0h:9m:10s)
Generating 1000 samples for ultrafast bootstrap (seed: 143206)...

NOTE: 11 MB RAM (0 GB) is required!
Measuring multi-threading efficiency up to 8 CPU cores
Increase to 10 rounds for branch lengths
20 trees examined
Threads: 1 / Time: 8.183 sec / Speedup: 1.000 / Efficiency: 100% / LogL: -27406
Threads: 2 / Time: 4.853 sec / Speedup: 1.686 / Efficiency: 84% / LogL: -27406
Threads: 3 / Time: 20.521 sec / Speedup: 0.399 / Efficiency: 13% / LogL: -27406
BEST NUMBER OF THREADS: 2

Estimate model parameters (epsilon = 0.100)
Optimizing TPM3u+F+G4 parameters for partition part1.3+part2.3+part3.3+part4.3+part5.1+part5.2+part5.3 (73 free parameters)
Optimizing TIM3+F+I+G4 parameters for partition part1.1+part1.2+part2.1+part2.2+part3.1+part3.2+part4.1+part4.2 (75 free parameters)
Optimal log-likelihood: -17882.032
Computing ML distances based on estimated model parameters... 0.043 sec
Computing BIONJ tree...
0.004 seconds
Log-likelihood of BIONJ tree: -18147.233
--------------------------------------------------------------------
|             INITIALIZING CANDIDATE TREE SET                      |
--------------------------------------------------------------------
Generating 98 parsimony trees... 3.118 second
Computing log-likelihood of 98 initial trees ... 6.794 seconds
Current best score: -17878.197

Do NNI search on 20 best initial trees
Estimate model parameters (epsilon = 0.100)
BETTER TREE FOUND at iteration 1: -17876.282
Iteration 10 / LogL: -17876.283 / Time: 0h:1m:4s
Iteration 20 / LogL: -17878.583 / Time: 0h:1m:20s
Finish initializing candidate tree set (6)
Current best tree score: -17876.282 / CPU time: 38.567
Number of iterations: 20
--------------------------------------------------------------------
|               OPTIMIZING CANDIDATE TREE SET                      |
--------------------------------------------------------------------
Iteration 30 / LogL: -17879.659 / Time: 0h:1m:33s (0h:3m:47s left)
Iteration 40 / LogL: -17876.315 / Time: 0h:1m:48s (0h:2m:49s left)
Iteration 50 / LogL: -17876.288 / Time: 0h:2m:2s (0h:2m:7s left)
Log-likelihood cutoff on original alignment: -17936.235
Iteration 60 / LogL: -17876.310 / Time: 0h:2m:16s (0h:1m:35s left)
Iteration 70 / LogL: -17876.338 / Time: 0h:2m:33s (0h:1m:8s left)
Iteration 80 / LogL: -17876.551 / Time: 0h:2m:46s (0h:0m:44s left)
Iteration 90 / LogL: -17887.735 / Time: 0h:2m:59s (0h:0m:22s left)
Iteration 100 / LogL: -17877.159 / Time: 0h:3m:12s (0h:0m:1s left)
Log-likelihood cutoff on original alignment: -17936.235
NOTE: Bootstrap correlation coefficient of split occurrence frequencies: 0.999
TREE SEARCH COMPLETED AFTER 102 ITERATIONS / Time: 0h:3m:14s

--------------------------------------------------------------------
|                    FINALIZING TREE SEARCH                        |
--------------------------------------------------------------------
Performs final model parameters optimization
Estimate model parameters (epsilon = 0.010)
Optimizing TPM3u+F+G4 parameters for partition part1.3+part2.3+part3.3+part4.3+part5.1+part5.2+part5.3 (73 free parameters)
Optimizing TIM3+F+I+G4 parameters for partition part1.1+part1.2+part2.1+part2.2+part3.1+part3.2+part4.1+part4.2 (75 free parameters)
Optimal log-likelihood: -17876.278
BEST SCORE FOUND : -17876.278
Creating bootstrap support values...
Split supports printed to NEXUS file 6_set70.splits.nex
Total tree length: 0.785

Total number of iterations: 102
CPU time used for tree search: 59.380 sec (0h:0m:59s)
Wall-clock time used for tree search: 152.854 sec (0h:2m:32s)
Total CPU time used: 74.932 sec (0h:1m:14s)
Total wall-clock time used: 195.546 sec (0h:3m:15s)

Computing bootstrap consensus tree...
Reading input file 6_set70.splits.nex...
35 taxa and 127 splits.
Consensus tree written to 6_set70.contree
Reading input trees file 6_set70.contree
Log-likelihood of consensus tree: -17876.278

Analysis results written to: 
  IQ-TREE report:                6_set70.iqtree
  Maximum-likelihood tree:       6_set70.treefile
  Likelihood distances:          6_set70.mldist
  Best partitioning scheme:      6_set70.best_scheme.nex
           in RAxML format:      6_set70.best_scheme

Ultrafast bootstrap approximation results written to:
  Split support values:          6_set70.splits.nex
  Consensus tree:                6_set70.contree
  Screen log file:               6_set70.log

Date and Time: Fri Sep  7 02:49:10 2018
