IQ-TREE multicore version 1.6.7 for Mac OS X 64-bit built Aug 23 2018
Developed by Bui Quang Minh, Nguyen Lam Tung, Olga Chernomor,
Heiko Schmidt, Dominik Schrempf, Michael Woodhams.

Host:    meeps-mac-pro.staff.sydney.edu.au (AVX, 64 GB RAM)
Command: /Users/davidduchene/Desktop/Software/iqtree-1.6.7-MacOSX/bin/iqtree -s ../../../../birds/set2.fasta -m TESTMERGE -bb 1000 -spp ../../../../birds/set2.nex -nt AUTO -pre 4_set2
Seed:    762255 (Using SPRNG - Scalable Parallel Random Number Generator)
Time:    Fri Sep  7 06:58:40 2018
Kernel:  AVX - auto-detect threads (8 CPU cores detected)

Reading partition model file ../../../../birds/set2.nex ...
Reading alignment file ../../../../birds/set2.fasta ... Fasta format detected
Alignment most likely contains DNA/RNA sequences
Alignment has 198 sequences with 23211 columns, 14330 distinct patterns
11596 parsimony-informative, 1947 singleton sites, 9668 constant sites
                                                           Gap/Ambiguity  Composition  p-value
   1  I0185_86_Accipitridae_Buteo_jamaicensis                      0.28%    passed     52.43%
   2  I0186_111_Momotidae_Momotus_lessonii                         1.01%    passed     32.92%
   3  I0187_115_Trogonidae_Trogon_elegans                          0.85%    passed     67.20%
   4  I0188_135_Apodidae_Streptoprocne_zonaris                     0.89%    passed     58.92%
   5  I0189_225_Eurylaimidae_Smithornis_rufolateralis              3.67%    passed     27.58%
   6  I0190_295_Trogonidae_Apaloderma_aequatoriale                 0.97%    passed     96.79%
   7  I0191_344_Indicatoridae_Indicator_exilis                     1.95%    passed     51.13%
   8  I0192_375_Musophagidae_Tauraco_macrorhynchus                 1.22%    passed     96.74%
   9  I0193_447_Columbidae_Treron_calvus                           1.67%    passed     97.19%
  10  I0194_495_Alcedinidae_Alcedo_quadribrachys                   1.51%    passed     71.86%
  11  I0195_522_Ramphastidae_Buccanodon_duchaillui                 2.85%    failed      1.40%
  12  I0196_523_Musophagidae_Corythaeola_cristata                  1.12%    passed     99.20%
  13  I0197_832_Corvidae_Corvus_albus                              1.33%    passed     71.26%
  14  I0198_937_Bucerotidae_Tockus_camurus                         1.28%    passed     94.65%
  15  I0199_955_Meropidae_Merops_muelleri                          3.83%    passed     24.60%
  16  I0200_988_Furnariidae_Furnarius_rufus                        5.91%    passed     91.66%
  17  I0201_999_Scolopacidae_Tringa_solitaria                      0.72%    passed     99.42%
  18  I0202_1066_Cathartidae_Cathartes_burrovianus                 3.58%    passed     93.09%
  19  I0203_1087_Tyrannidae_Hymenops_perspicillatus                0.46%    passed     15.03%
  20  I0204_1174_Threskiornithidae_Harpiprion_caerulescens         0.21%    passed     88.03%
  21  I0205_1183_Tyrannidae_Hirundinea_ferruginea                  1.03%    passed     54.86%
  22  I0206_1192_Laridae_Chroicocephalus_cirrocephalus             1.23%    passed     94.94%
  23  I0207_1193_Thamnophilidae_Thamnophilus_ruficapillus          0.54%    passed     95.97%
  24  I0208_1208_Strigidae_Strix_varia                             1.76%    passed     27.97%
  25  I0209_1223_Burhinidae_Burhinus_oedicnemus                    0.87%    passed     57.15%
  26  I0210_1226_Ciconiidae_Ciconia_nigra                          1.12%    passed     83.22%
  27  I0211_1232_Columbidae_Columba_livia                          1.40%    passed     92.33%
  28  I0212_1289_Charadriidae_Charadrius_hiaticula                 1.21%    passed     96.73%
  29  I0213_1334_Picidae_Jynx_torquilla                            3.92%    failed      2.12%
  30  I0214_1354_Sylviidae_Sylvia_melanocephala                    3.50%    passed     27.73%
  31  I0215_1370_Regulidae_Regulus_ignicapilla                     0.59%    passed     19.48%
  32  I0216_1413_Falconidae_Micrastur_gilvicollis                  0.22%    passed     74.95%
  33  I0217_1452_Cotingidae_Rupicola_rupicola                      0.44%    passed     92.28%
  34  I0218_1474_Tityridae_Myiobius_barbatus                       1.65%    passed     85.90%
  35  I0219_1489_Trochilidae_Topaza_pella                          1.72%    passed     83.33%
  36  I0220_1514_Trochilidae_Phaethornis_superciliosus             1.37%    passed     13.35%
  37  I0221_1526_Columbidae_Leptotila_rufaxilla                    1.45%    passed     86.90%
  38  I0222_1568_Turdidae_Turdus_olivater                          0.97%    passed     41.67%
  39  I0223_1586_Furnariidae_Sclerurus_mexicanus                   0.75%    failed      2.58%
  40  I0224_1607_Cracidae_Crax_alector                             1.26%    passed     36.08%
  41  I0225_1616_Incertae_sedis_Piprites_chloris                   0.66%    passed     97.48%
  42  I0226_1619_Odontophoridae_Odontophorus_gujanensis            7.19%    failed      3.88%
  43  I0227_1698_Tyrannidae_Rhynchocyclus_olivaceus                0.35%    passed     66.71%
  44  I0228_1712_Pipridae_Neopelma_chrysocephalum                  0.50%    passed     99.09%
  45  I0229_1748_Tinamidae_Nothoprocta_ornata                      6.07%    failed      0.42%
  46  I0230_1770_Tinamidae_Crypturellus_tataupa                    6.55%    passed     75.26%
  47  I0231_1774_Tinamidae_Tinamus_major                           4.12%    passed     79.46%
  48  I0232_1837_Fringillidae_Fringilla_coelebs                    1.09%    failed      3.20%
  49  I0233_1920_Upupidae_Upupa_epops                              3.29%    passed     77.03%
  50  I0234_1994_Todidae_Todus_mexicanus                           1.40%    passed     79.05%
  51  I0235_2065_Cuculidae_Coccyzus_melacoryphus                   1.90%    failed      1.02%
  52  I0236_2079_Falconidae_Falco_sparverius                       0.42%    passed     87.55%
  53  I0237_2182_Thamnophilidae_Myrmornis_torquata                 2.16%    passed     91.49%
  54  I0238_2211_Cotingidae_Cotinga_cayana                         0.64%    passed     96.64%
  55  I0239_2212_Ardeidae_Tigrisoma_lineatum                       0.42%    passed     67.34%
  56  I0240_2217_Psittacidae_Deroptyus_accipitrinus                1.21%    passed     13.66%
  57  I0241_2249_Pipridae_Pipra_erythrocephala                     0.58%    passed     96.00%
  58  I0242_2273_Furnariidae_Lepidocolaptes_angustirostris         1.03%    passed     12.30%
  59  I0243_2275_Columbidae_Columbina_minuta                       1.40%    passed     91.62%
  60  I0244_2276_Caprimulgidae_Chordeiles_pusillus                 0.47%    failed      3.13%
  61  I0245_2800_Ardeidae_Ardea_herodias                           2.16%    passed     59.54%
  62  I0246_2823_Tyrannidae_Tyrannus_albogularis                   0.50%    passed     25.75%
  63  I0247_2886_Apodidae_Chaetura_brachyura                       0.83%    passed     94.88%
  64  I0248_2938_Falconidae_Caracara_cheriway                      0.20%    passed     65.55%
  65  I0249_2220_Nyctibiidae_Nyctibius_griseus                     0.70%    passed     98.87%
  66  I0250_2944_Odontophoridae_Colinus_cristatus                  1.94%    passed     58.22%
  67  I0251_3044_Tityridae_Tityra_cayana                           1.80%    passed     98.19%
  68  I0252_3154_Anatidae_Anas_superciliosa                        7.51%    failed      3.88%
  69  I0253_3158_Anseranatidae_Anseranas_semipalmata               0.91%    passed     95.07%
  70  I0254_3160_Sulidae_Morus_serrator                            0.23%    passed     90.99%
  71  I0255_3161_Podargidae_Podargus_strigoides                    0.55%    passed     52.09%
  72  I0256_3178_Megapodiidae_Leipoa_ocellata                      3.43%    failed      0.63%
  73  I0257_3236_Anatidae_Oxyura_jamaicensis                       1.81%    passed     92.27%
  74  I0258_3336_Caprimulgidae_Caprimulgus_europaeus               0.90%    passed     48.41%
  75  I0259_3344_Picidae_Picus_canus                               4.84%    passed     15.54%
  76  I0260_3380_Dromaiidae_Dromaius_novaehollandiae               1.80%    failed      0.00%
  77  I0261_3515_Thamnophilidae_Terenura_callinota                 2.62%    passed     62.21%
  78  I0263_3569_Psophiidae_Psophia_crepitans                      0.29%    passed     99.55%
  79  I0264_3574_Falconidae_Ibycter_americanus                     0.37%    passed     61.25%
  80  I0265_3576_Tityridae_Schiffornis_turdina                     0.84%    passed     98.64%
  81  I0266_3617_Ramphastidae_Capito_niger                         6.17%    passed     17.29%
  82  I0267_3690_Bucconidae_Bucco_capensis                         5.97%    failed      3.24%
  83  I0268_3790_Accipitridae_Accipiter_superciliosus              0.36%    passed     43.99%
  84  I0270_4099_Sternidae_Sterna_hirundo                          1.02%    passed     92.86%
  85  I0271_5253_Psittacidae_Psittrichas_fulgidus                  0.47%    passed     32.08%
  86  I0272_5303_Alcedinidae_Chloroceryle_inda                     1.20%    passed     88.37%
  87  I0273_5315_Galbulidae_Galbula_dea                            1.56%    failed      2.87%
  88  I0274_5339_Bucconidae_Chelidoptera_tenebrosa                 1.96%    failed      4.34%
  89  I0275_5404_Balaenicipitidae_Balaeniceps_rex                  0.83%    passed     90.37%
  90  I0276_5411_Cathartidae_Vultur_gryphus                        1.89%    passed     99.19%
  91  I0277_5465_Trochilidae_Archilochus_colubris                  0.82%    passed     10.56%
  92  I0278_5642_Phasianidae_Bonasa_umbellus                       4.54%    passed     59.07%
  93  I0279_5911_Jacanidae_Jacana_jacana                           0.78%    passed     88.40%
  94  I0280_5927_Psittacidae_Probosciger_aterrimus                 1.41%    passed     45.20%
  95  I0281_5967_Otididae_Ardeotis_kori                            0.25%    passed     27.42%
  96  I0282_6008_Hydrobatidae_Oceanodroma_leucorhoa                0.59%    passed     76.46%
  97  I0283_6026_Anatidae_Dendrocygna_viduata                      2.38%    passed     98.34%
  98  I0284_6031_Coraciidae_Coracias_cyanogaster                   3.06%    passed     43.61%
  99  I0285_6059_Anatidae_Anser_canagicus                          1.81%    passed     73.06%
 100  I0286_6061_Ramphastidae_Ramphastos_ambiguus                  1.34%    failed      0.84%
 101  I0287_6069_Phoenicopteridae_Phoenicopterus_ruber             2.24%    passed     58.70%
 102  I0288_6097_Anatidae_Aythya_valisineria                       7.70%    passed      6.90%
 103  I0289_6295_Haematopodidae_Haematopus_palliatus               1.83%    passed     86.43%
 104  I0361_9545_Sagittariidae_Sagittarius_serpentarius            1.54%    passed     93.57%
 105  I0362_3175_Hydrobatidae_Oceanites_oceanicus                  0.19%    passed     63.11%
 106  I0363_345610_Mesitornithidae_Mesitornis_unicolor             0.65%    passed     91.58%
 107  I0364_384759_Brachypteraciidae_Atelornis_pittoides           2.86%    passed     85.86%
 108  I0365_384805_Rallidae_Sarothrura_rufa_elizabethae            2.76%    passed     79.71%
 109  I0366_438526_Mesitornithidae_Monias_benschi                  3.06%    passed     83.35%
 110  I0367_449184_Leptosomidae_Leptosomus_discolor                0.50%    passed     85.95%
 111  I0368_21_Recurvirostridae_Recurvirostra_americana            0.83%    passed     67.37%
 112  I0369_848_Opisthocomidae_Opisthocomus_hoazin                 1.21%    passed     70.78%
 113  I0370_1566_Psittacidae_Psittacus_erithacus                   0.47%    passed     10.19%
 114  I0371_1587_Phasianidae_Rollulus_rouloul                      3.32%    passed      6.22%
 115  I0372_1658_Phalacrocoracidae_Phalacrocorax_brasilianus       2.94%    passed     57.30%
 116  I0373_1829_Anhimidae_Chauna_torquata                         0.74%    passed     17.34%
 117  I0374_2419_Phasianidae_Gallus_gallus                         1.92%    passed     21.17%
 118  I0375_2613_Phaethontidae_Phaethon_rubricauda                 0.40%    passed     56.10%
 119  I0376_2661_Ciconiidae_Leptoptilos_crumeniferus               0.22%    passed     88.65%
 120  I0377_2841_Melanopareiidae_Melanopareia_maximiliani          2.13%    failed      1.28%
 121  I0378_3087_Heliornithidae_Heliornis_fulica                   3.27%    passed     67.08%
 122  I0379_3106_Anhingidae_Anhinga_anhinga                        0.32%    passed     74.01%
 123  I0380_6178_Climacteridae_Climacteris_melanura                1.12%    failed      0.45%
 124  I0381_6209_Maluridae_Malurus_splendens                       5.40%    failed      0.09%
 125  I0382_6875_Casuariidae_Casuarius_bennetti                    1.14%    failed      0.00%
 126  I0383_8723_Psittacidae_Barnardius_zonarius                   0.74%    passed     30.30%
 127  I0384_9129_Fregatidae_Fregata_magnificens                    0.43%    passed     77.35%
 128  I0385_9309_Accipitridae_Elanus_leucurus                      0.55%    passed      8.37%
 129  I0386_10701_Pelecanoididae_Pelecanoides_urinatrix            0.94%    passed     65.90%
 130  I0387_12368_Eurylaimidae_Eurylaimus_ochromalus               1.59%    passed     33.75%
 131  I0388_12571_Hemiprocnidae_Hemiprocne_comata                  0.87%    passed     40.14%
 132  I0389_14873_Psittacidae_Nestor_meridionalis                  1.63%    passed     99.30%
 133  I0390_14905_Apterygidae_Apteryx_sp                           1.09%    failed      0.00%
 134  I0391_15014_Pelecanidae_Pelecanus_occidentalis               0.46%    passed     85.86%
 135  I0392_15430_Phoeniculidae_Phoeniculus_purpureus              4.73%    failed      0.00%
 136  I0393_15950_Rynchopidae_Rhynchops_niger                      0.64%    passed     99.73%
 137  I0394_16098_Aegothelidae_Aegotheles_insignis                 2.86%    passed     87.93%
 138  I0395_16363_Procellariidae_Pterodroma_externa                0.41%    passed     99.60%
 139  I0396_16818_Eurypygidae_Eurypyga_helias                      2.10%    failed      0.33%
 140  I0397_17790_Ramphastidae_Megalaima_chrysopogon               4.82%    failed      0.00%
 141  I0398_17932_Cuculidae_Centropus_bengalensis                  0.92%    passed     76.27%
 142  I0399_18174_Caprimulgidae_Eurostopodus_macrotis              0.19%    passed     18.21%
 143  I0400_19788_Pittidae_Pitta_angolensis                        2.86%    passed     47.57%
 144  I0401_19903_Glareolidae_Glareola_nuchalis                    0.53%    passed     98.88%
 145  I0402_20061_Rostratulidae_Rostratula_benghalensis            1.63%    passed     99.12%
 146  I0403_20547_Pteroclididae_Syrrhaptes_paradoxus               1.13%    passed     86.46%
 147  I0404_21828_Procellariidae_Fulmarus_glacialoides             0.57%    passed     96.22%
 148  I0405_21897_Gruidae_Grus_canadensis                          0.32%    passed     84.92%
 149  I0406_22550_Procellariidae_Puffinus_griseus                  0.43%    passed     99.91%
 150  I0407_22888_Rallidae_Porphyrio_porphyrio                     1.50%    passed     66.58%
 151  I0408_25293_Alcidae_Uria_aalge                               0.66%    passed     99.27%
 152  I0409_25985_Turnicidae_Turnix_ocellata                       4.07%    passed     86.09%
 153  I0410_52764_Coliidae_Colius_colius                           0.92%    passed     45.22%
 154  I0411_53231_Pteroclididae_Pterocles_bicinctus                0.55%    passed     43.07%
 155  I0412_62853_Hydrobatidae_Pelagodroma_marina                  0.36%    passed     70.46%
 156  I0413_67124_Coliidae_Colius_indicus                          1.02%    passed     67.87%
 157  I0414_72512_Rheidae_Rhea_americana                           1.45%    failed      0.00%
 158  I0415_76638_Menuridae_Menura_novaehollandiae                 0.54%    passed     55.61%
 159  I0416_76941_Pipridae_Cryptopipo_holochlora                   0.60%    passed     99.82%
 160  I0417_82096_Diomedeidae_Phoebastria_nigripes                 0.18%    passed     84.34%
 161  I0418_89784_Scopidae_Scopus_umbretta                         0.62%    passed     96.60%
 162  I0419_90368_Aramidae_Aramus_guarauna                         0.24%    passed     54.10%
 163  I0420_730_Ardeidae_Ixobrychus_minutus                        0.99%    passed     28.85%
 164  I0421_1173_Cariamidae_Cariama_cristata                       0.29%    passed     98.74%
 165  I0422_1201_Podicipedidae_Rollandia_rolland                   0.51%    passed     94.81%
 166  I0423_2497_Cuculidae_Cuculus_optatus                         3.08%    failed      1.86%
 167  I0424_2923_Cuculidae_Tapera_naevia                           0.61%    failed      1.16%
 168  I0425_2961_Rallidae_Micropygia_schomburgkii                  2.83%    passed     75.80%
 169  I0426_2963_Cracidae_Ortalis_motmot                           2.27%    passed     13.87%
 170  I0427_3383_Scolopacidae_Arenaria_interpres                   1.28%    passed     99.09%
 171  I0428_3386_Rallidae_Rallus_longirostris                      5.28%    passed     17.13%
 172  I0429_3677_Grallariidae_Myrmothera_campanisona               2.21%    failed      1.02%
 173  I0430_5336_Tyrannidae_Elaenia_flavogaster                    0.65%    passed     36.73%
 174  I0431_5370_Scolopacidae_Limosa_lapponica                     2.68%    passed     94.55%
 175  I0432_5886_Tinamidae_Eudromia_elegans                        7.29%    failed      0.47%
 176  I0433_6296_Gruidae_Balearica_regulorum                       1.07%    passed     90.16%
 177  I0434_6298_Columbidae_Ptilinopus_magnificus                  0.50%    passed     99.20%
 178  I0436_20224_D_Steatornithidae_Steatornis_caripensis         12.64%    failed      0.02%
 179  I0438_345711_Eurylaimidae_Neodrepanis_coruscans              1.16%    failed      1.86%
 180  I0440_10756_D_Ptilonorhynchidae_Ptilonorhynchus_violaceus    0.39%    passed     18.37%
 181  I0448_52755_Numididae_Numida_malagris                        2.17%    passed     37.87%
 182  I0449_66928_Gaviidae_Gavia_immer                             0.98%    passed     94.15%
 183  I0450_81668_Pandionidae_Pandion_haliaetus                    1.00%    passed     21.26%
 184  I0451_85124_Spheniscidae_Spheniscus_humboldti                0.32%    passed     91.11%
 185  I0452_88784_Tytonidae_Tyto_alba                              3.63%    passed     88.91%
 186  I0453_90121_Struthionidae_Struthio_camelus                   1.81%    failed      0.00%
 187  I0454_77230_Cariamidae_Chunga_burmeisteri                    2.64%    passed     62.44%
 188  I0455_1245_Alaudidae_Calandrella_brachydactyla               1.13%    failed      0.15%
 189  I0456_3321_Paridae_Poecile_lugubris                          0.58%    passed     52.26%
 190  I0457_6346_Paradisaeidae_Lophorina_superba                   1.55%    passed     19.20%
 191  I0459_6323_Eurylaimidae_Calyptomena_viridis                  1.68%    passed     28.48%
 192  I0460_HERP_14722_Crocodylidae_Crocodylus_porosus            13.66%    failed      0.00%
 193  I2824_12230_Ptilonorhynchidae_Sericulus_bakeri               0.45%    passed     22.79%
 194  I2825_21896_Emberizidae_Spizella_arborea                     0.89%    failed      2.02%
 195  I2826_181173_Pycnonotidae_Pycnonotus_macrotis                0.89%    passed      6.05%
 196  I2827_2685_Pedionomidae_Pedionomus_torquatus                 0.90%    passed     73.17%
 197  I2828_3250_Bucerotidae_Bucorvus_leadbeateri                  1.16%    passed     96.56%
 198  I2829_RIFL_Acanthisittidae_Acanthisitta_chloris              2.37%    passed     95.56%
****  TOTAL                                                        1.79%  34 sequences failed composition chi2 test (p-value<5%; df=3)
NOTE: No CharPartition defined, use all CharSets

Loading 15 partitions...
Subset	Type	Seqs	Sites	Infor	Invar	Model	Name
1		198	1807	1147	519	TESTMERGE	part1
2		198	1410	942	338	TESTMERGE	part2
3		198	1556	720	663	TESTMERGE	part3
4		198	866	606	180	TESTMERGE	part4
5		198	1571	695	740	TESTMERGE	part5
6		198	1133	433	613	TESTMERGE	part6
7		198	1706	687	905	TESTMERGE	part7
8		198	1617	493	1003	TESTMERGE	part8
9		198	1692	802	707	TESTMERGE	part9
10		198	1796	658	1036	TESTMERGE	part10
11		198	1689	831	702	TESTMERGE	part11
12		198	1626	1003	484	TESTMERGE	part12
13		198	1412	916	358	TESTMERGE	part13
14		198	1669	933	591	TESTMERGE	part14
15		198	1661	730	829	TESTMERGE	part15
Degree of missing data: 0.000
Info: multi-threading strategy over partitions



Create initial parsimony tree by phylogenetic likelihood library (PLL)... 3.043 seconds
NOTE: ModelFinder requires 431 MB RAM!
NUMBER OF THREADS FOR PARTITION FINDING: 8
Testing GTR+F+G on supermatrix...
GTR+F+G4 / LnL: -583931.428 / df: 402 / AIC: 1168666.857 / AICc: 1168681.063 / BIC: 1171903.914
Selecting individual models for 15 charsets using BIC...
 No. Model        Score       Charset
   1 SYM+I+G4     83899.891   part9
   2 TIM2+F+I+G4  91879.527   part14
   3 GTR+F+I+G4   95632.044   part13
   4 GTR+F+I+G4   73333.113   part15
   5 TVM+F+I+G4   89981.714   part11
   6 TPM2u+F+I+G4 96689.644   part12
   7 GTR+F+I+G4   85651.768   part2
   8 GTR+F+I+G4   110570.978  part1
   9 TVM+F+I+G4   58566.091   part4
  10 SYM+I+G4     45079.987   part8	0h:16m:1s (5h:22m:9s left)
  11 TVMe+I+G4    77566.691   part7	0h:16m:57s (5h:8m:14s left)
  12 GTR+F+I+G4   41642.157   part6	0h:16m:58s (4h:41m:34s left)
  13 TVMe+I+G4    78016.136   part5	0h:16m:59s (4h:18m:45s left)
  14 GTR+F+I+G4   62254.357   part10	0h:17m:3s (3h:59m:57s left)
  15 TIM+F+I+G4   65885.238   part3	0h:17m:21s (3h:46m:50s left)
Full partition model BIC score: 1160977.694 (LnL: -577804.861  df:534)
Merging models to increase model fit (about 211 total partition schemes)...
  16 TVM+F+I+G4   1161505.265 part11+part12	0h:38m:5s (7h:44m:18s left)
  17 TVMe+I+G4    1161249.232 part1+part13	0h:39m:12s (7h:27m:23s left)
  18 SYM+I+G4     1161255.018 part1+part9	0h:39m:35s (7h:4m:30s left)
  19 TVM+F+I+G4   1161041.925 part1+part14	0h:40m:18s (6h:47m:18s left)
  20 TPM2u+F+I+G4 1161156.757 part12+part14	0h:40m:23s (6h:25m:42s left)
  21 GTR+F+I+G4   1161026.952 part1+part11	0h:40m:28s (6h:6m:9s left)
  22 GTR+F+I+G4   1161171.432 part1+part12	0h:40m:40s (5h:49m:22s left)
  23 TVM+F+I+G4   1160927.260 part1+part2	0h:41m:38s (5h:40m:21s left)
  24 GTR+F+I+G4   1161071.440 part2+part12	1h:0m:55s (7h:54m:46s left)
  25 GTR+F+I+G4   1161594.683 part12+part13	1h:1m:33s (7h:37m:58s left)
  26 GTR+F+I+G4   1161291.819 part1+part15	1h:2m:37s (7h:25m:32s left)
  27 TVMe+I+G4    1161213.002 part1+part5	1h:2m:49s (7h:8m:7s left)
  28 GTR+F+I+G4   1161129.787 part1+part3	1h:3m:5s (6h:52m:21s left)
  29 GTR+F+I+G4   1161003.200 part2+part14	1h:3m:30s (6h:38m:34s left)
  30 SYM+I+G4     1161873.410 part9+part12	1h:3m:51s (6h:25m:14s left)
  31 GTR+F+I+G4   1161026.297 part11+part14	1h:3m:53s (6h:11m:0s left)
  32 GTR+F+I+G4   1161344.338 part1+part10	1h:20m:13s (7h:28m:44s left)
  33 SYM+I+G4     1161382.618 part1+part7	1h:20m:44s (7h:15m:28s left)
  34 TVMe+I+G4    1161360.741 part13+part14	1h:22m:2s (7h:7m:6s left)
  35 TVMe+I+G4    1161299.704 part11+part13	1h:22m:55s (6h:57m:0s left)
  36 GTR+F+I+G4   1161152.809 part2+part13	1h:23m:2s (6h:43m:41s left)
  37 SYM+I+G4     1161294.627 part9+part14	1h:23m:17s (6h:31m:43s left)
  38 GTR+F+I+G4   1161126.449 part2+part11	1h:23m:45s (6h:21m:18s left)
  39 SYM+I+G4     1161074.735 part9+part11	1h:25m:29s (6h:17m:1s left)
  40 TVMe+I+G4    1161290.839 part2+part9	1h:40m:4s (7h:7m:47s left)
  41 TVM+F+I+G4   1161129.303 part9+part13	1h:40m:35s (6h:57m:5s left)
  42 K3P+I+G4     1161749.187 part5+part12	1h:41m:9s (6h:47m:1s left)
  43 TPM2u+F+I+G4 1161732.992 part10+part12	1h:41m:10s (6h:35m:16s left)
  44 GTR+F+I+G4   1161821.704 part12+part15	1h:41m:20s (6h:24m:36s left)
  45 TIM2+F+I+G4  1161491.938 part3+part12	1h:41m:26s (6h:14m:12s left)
  46 TNe+I+G4     1161883.199 part7+part12	1h:42m:34s (6h:7m:55s left)
  47 GTR+F+I+G4   1161263.042 part14+part15	1h:44m:27s (6h:4m:30s left)
  48 GTR+F+I+G4   1161107.095 part1+part4	1h:57m:57s (6h:40m:34s left)
  49 TIM+F+I+G4   1161149.027 part3+part14	1h:59m:3s (6h:33m:38s left)
  50 GTR+F+I+G4   1161255.565 part2+part3	1h:59m:46s (6h:25m:41s left)
  51 TVM+F+I+G4   1160987.327 part11+part15	2h:0m:1s (6h:16m:32s left)
  52 TVM+F+I+G4   1161503.632 part13+part15	2h:0m:36s (6h:8m:46s left)
  53 TVM+F+I+G4   1161424.060 part2+part15	2h:0m:37s (5h:59m:36s left)
  54 GTR+F+I+G4   1161056.030 part3+part11	2h:0m:38s (5h:50m:46s left)
  55 TVMe+I+G4    1161091.765 part9+part15	2h:3m:45s (5h:51m:1s left)
  56 GTR+F+I+G4   1161331.439 part3+part13	2h:16m:18s (6h:17m:16s left)
  57 TVMe+I+G4    1161328.259 part2+part5	2h:17m:37s (6h:11m:50s left)
  58 SYM+I+G4     1161059.535 part3+part9	2h:17m:40s (6h:3m:11s left)
  59 TIM2e+I+G4   1161187.251 part5+part14	2h:18m:20s (5h:56m:24s left)
  60 GTR+F+I+G4   1161632.313 part1+part8	2h:18m:38s (5h:48m:54s left)
  61 TVMe+I+G4    1161008.904 part5+part11	2h:18m:39s (5h:40m:57s left)
  62 GTR+F+I+G4   1161110.821 part1+part6	2h:19m:43s (5h:35m:47s left)
  63 TVM+F+I+G4   1161313.691 part10+part14	2h:21m:50s (5h:33m:13s left)
  64 TIM2e+I+G4   1161239.689 part7+part14	2h:34m:32s (5h:54m:58s left)
  65 GTR+F+I+G4   1161027.784 part5+part9	2h:35m:55s (5h:50m:14s left)
  66 TVMe+I+G4    1161337.087 part5+part13	2h:37m:7s (5h:45m:12s left)
  67 TVMe+I+G4    1161038.316 part7+part11	2h:37m:15s (5h:37m:59s left)
  68 TVM+F+I+G4   1161066.988 part10+part11	2h:37m:30s (5h:31m:13s left)
  69 TVMe+I+G4    1161456.565 part2+part7	2h:37m:35s (5h:24m:18s left)
  70 TVM+F+I+G4   1161481.719 part2+part10	2h:40m:5s (5h:22m:27s left)
  71 TVM+F+I+G4   1161628.427 part10+part13	2h:41m:18s (5h:18m:4s left)
  72 GTR+F+I+G4   1161698.491 part8+part12	2h:52m:2s (5h:32m:8s left)
  73 TVMe+I+G4    1161423.638 part7+part13	2h:52m:49s (5h:26m:43s left)
  74 TVM+F+I+G4   1160962.323 part4+part12	2h:53m:3s (5h:20m:23s left)
  75 TVMe+I+G4    1161173.394 part9+part10	2h:53m:35s (5h:14m:46s left)
  76 GTR+F+I+G4   1161086.856 part3+part15	2h:54m:14s (5h:9m:30s left)
  77 SYM+I+G4     1161021.439 part7+part9	2h:54m:57s (5h:4m:27s left)
  78 GTR+F+I+G4   1161209.161 part6+part12	2h:55m:19s (4h:58m:56s left)
  79 TVMe+I+G4    1161011.611 part5+part15	2h:58m:19s (4h:57m:57s left)
  80 TN+F+I+G4    1160934.600 part3+part5	3h:9m:40s (5h:10m:36s left)
  81 TVMe+I+G4    1160967.033 part7+part15	3h:9m:50s (5h:4m:41s left)
  82 TVM+F+I+G4   1161410.342 part4+part11	3h:10m:0s (4h:58m:54s left)
  83 GTR+F+I+G4   1160944.777 part10+part15	3h:10m:41s (4h:54m:3s left)
  84 TPM2u+F+I+G4 1161211.234 part4+part14	3h:10m:42s (4h:48m:20s left)
  85 GTR+F+I+G4   1161091.857 part3+part10	3h:10m:55s (4h:43m:1s left)
  86 SYM+I+G4     1161069.382 part3+part7	3h:11m:49s (4h:38m:49s left)
  87 GTR+F+I+G4   1160979.145 part2+part4	3h:13m:23s (4h:35m:38s left)
  88 GTR+F+I+G4   1161279.771 part4+part13	3h:25m:37s (4h:47m:24s left)
  89 TPM2u+F+I+G4 1161518.678 part8+part14	3h:27m:21s (4h:44m:14s left)
  90 TVM+F+I+G4   1161623.460 part2+part8	3h:27m:32s (4h:39m:2s left)
  91 SYM+I+G4     1161505.532 part4+part9	3h:27m:47s (4h:34m:0s left)
  92 TVMe+I+G4    1161020.276 part5+part10	3h:28m:33s (4h:29m:46s left)
  93 TVM+F+I+G4   1161411.079 part8+part11	3h:29m:27s (4h:25m:46s left)
  94 TVMe+I+G4    1160957.914 part5+part7	3h:30m:5s (4h:21m:29s left)
  95 TVM+F+I+G4   1161418.853 part8+part13	3h:32m:10s (4h:19m:4s left)
  96 GTR+F+I+G4   1161104.991 part6+part14	3h:42m:5s (4h:26m:3s left)
  97 SYM+I+G4     1161251.015 part8+part9	3h:45m:10s (4h:24m:38s left)
  98 GTR+F+I+G4   1161182.121 part2+part6	3h:45m:42s (4h:20m:15s left)
  99 TVMe+I+G4    1161027.395 part7+part10	3h:47m:24s (4h:17m:15s left)
 100 GTR+F+I+G4   1161046.791 part6+part11	3h:47m:42s (4h:12m:45s left)
 101 TVMe+I+G4    1161419.931 part6+part13	3h:47m:59s (4h:8m:18s left)
 102 SYM+I+G4     1161187.141 part6+part9	3h:48m:34s (4h:4m:15s left)
 103 GTR+F+I+G4   1161738.143 part4+part15	3h:48m:57s (4h:0m:4s left)
 104 TN+F+I+G4    1161431.364 part3+part4	3h:58m:16s (4h:5m:9s left)
 105 GTR+F+I+G4   1161313.472 part3+part8	4h:1m:7s (4h:3m:25s left)
 106 TVMe+I+G4    1161418.169 part8+part15	4h:2m:0s (3h:59m:43s left)
 107 TIM3e+I+G4   1161585.337 part4+part5	4h:2m:43s (3h:55m:54s left)
 108 TIM2+F+I+G4  1161715.181 part4+part10	4h:3m:24s (3h:52m:8s left)
 109 GTR+F+I+G4   1161041.709 part3+part6	4h:4m:50s (3h:49m:6s left)
 110 SYM+I+G4     1161679.636 part4+part7	4h:5m:37s (3h:45m:32s left)
 111 GTR+F+I+G4   1161107.567 part6+part15	4h:5m:48s (3h:41m:26s left)
 112 TVMe+I+G4    1161280.007 part5+part8	4h:13m:24s (3h:43m:59s left)
 113 SYM+I+G4     1161527.702 part4+part8	4h:17m:35s (3h:43m:24s left)
 114 TIM3+F+I+G4  1161128.385 part5+part6	4h:17m:38s (3h:39m:13s left)
 115 SYM+I+G4     1161284.196 part7+part8	4h:18m:26s (3h:35m:44s left)
 116 GTR+F+I+G4   1161276.833 part4+part6	4h:18m:34s (3h:31m:45s left)
 117 TVMe+I+G4    1161300.483 part8+part10	4h:19m:3s (3h:28m:7s left)
 118 GTR+F+I+G4   1161043.590 part6+part10	4h:19m:53s (3h:24m:49s left)
 119 TVMe+I+G4    1161144.153 part6+part7	4h:21m:1s (3h:21m:47s left)
 120 GTR+F+I+G4   1161177.244 part6+part8	4h:23m:14s (3h:19m:37s left)
Merging part1+part2 with BIC score: 1160927.260 (LnL: -577839.958  df: 522)
 121 TVM+F+I+G4   1161025.380 part1+part2+part4	4h:55m:51s (3h:40m:3s left)
 122 GTR+F+I+G4   1161160.219 part1+part2+part6	4h:58m:17s (3h:37m:36s left)
 123 GTR+F+I+G4   1161223.524 part1+part2+part3	5h:0m:16s (3h:34m:49s left)
 124 GTR+F+I+G4   1161300.902 part1+part2+part13	5h:0m:27s (3h:30m:48s left)
 125 TVM+F+I+G4   1161136.639 part1+part2+part12	5h:2m:3s (3h:27m:48s left)
 126 GTR+F+I+G4   1161464.111 part1+part2+part15	5h:2m:6s (3h:23m:47s left)
 127 TVM+F+I+G4   1161003.741 part1+part2+part14	5h:3m:39s (3h:20m:50s left)
 128 TVM+F+I+G4   1161522.331 part1+part2+part10	5h:4m:0s (3h:17m:8s left)
 129 TVM+F+I+G4   1161799.776 part1+part2+part8	5h:25m:35s (3h:26m:57s left)
 130 TVM+F+I+G4   1161070.610 part1+part2+part11	5h:29m:36s (3h:25m:22s left)
 131 TVM+F+I+G4   1161387.631 part1+part2+part5	5h:29m:43s (3h:21m:21s left)
 132 TVM+F+I+G4   1161635.085 part1+part2+part7	5h:30m:23s (3h:17m:44s left)
 133 TVMe+I+G4    1161439.653 part1+part2+part9	5h:31m:16s (3h:14m:17s left)
Merging part3+part5 with BIC score: 1160884.166 (LnL: -577858.621  df: 514)
 134 TIM3e+I+G4   1161603.749 part3+part4+part5	5h:54m:0s (3h:23m:25s left)
 135 TVMe+I+G4    1160984.600 part3+part5+part7	5h:56m:17s (3h:20m:34s left)
 136 GTR+F+I+G4   1161019.633 part3+part5+part15	5h:56m:49s (3h:16m:46s left)
 137 TVMe+I+G4    1160992.476 part3+part5+part11	5h:57m:23s (3h:13m:2s left)
 138 TIM3+F+I+G4  1161396.399 part3+part5+part13	5h:57m:27s (3h:9m:5s left)
 139 TIM2e+I+G4   1161184.836 part3+part5+part14	5h:57m:29s (3h:5m:10s left)
 140 TN+F+I+G4    1161802.322 part3+part5+part12	5h:57m:38s (3h:1m:22s left)
 141 GTR+F+I+G4   1161471.516 part1+part2+part3+part5	6h:6m:3s (3h:1m:44s left)
 142 GTR+F+I+G4   1161037.737 part3+part5+part6	6h:11m:48s (3h:0m:40s left)
 143 TIM3+F+I+G4  1161310.039 part3+part5+part8	6h:13m:15s (2h:57m:29s left)
 144 GTR+F+I+G4   1160974.105 part3+part5+part9	6h:13m:54s (2h:53m:58s left)
 145 TVMe+I+G4    1161034.972 part3+part5+part10	6h:14m:17s (2h:50m:21s left)
Merging part10+part15 with BIC score: 1160851.249 (LnL: -577897.450  df: 503)
 146 GTR+F+I+G4   1161819.044 part4+part10+part15	6h:38m:37s (2h:57m:28s left)
 147 TVMe+I+G4    1160935.602 part7+part10+part15	6h:39m:39s (2h:54m:0s left)
 148 TVM+F+I+G4   1161682.155 part10+part13+part15	6h:41m:2s (2h:50m:42s left)
 149 GTR+F+I+G4   1161319.180 part10+part14+part15	6h:41m:58s (2h:47m:15s left)
 150 GTR+F+I+G4   1160945.730 part10+part11+part15	6h:43m:23s (2h:44m:2s left)
 151 GTR+F+I+G4   1162001.834 part10+part12+part15	6h:45m:26s (2h:41m:6s left)
 152 GTR+F+I+G4   1161090.983 part3+part5+part10+part15	6h:50m:48s (2h:39m:27s left)
 153 GTR+F+I+G4   1161732.940 part1+part2+part10+part15	6h:57m:6s (2h:38m:7s left)
 154 GTR+F+I+G4   1161356.689 part8+part10+part15	7h:3m:5s (2h:36m:35s left)
 155 GTR+F+I+G4   1161124.965 part9+part10+part15	7h:3m:23s (2h:32m:58s left)
 156 GTR+F+I+G4   1160982.112 part6+part10+part15	7h:3m:49s (2h:29m:25s left)
Merging part4+part12 with BIC score: 1160835.878 (LnL: -577929.975  df: 495)
 157 GTR+F+I+G4   1161168.508 part4+part6+part12	7h:27m:34s (2h:33m:56s left)
 158 TIM2+F+I+G4  1162056.667 part4+part7+part12	7h:32m:10s (2h:31m:40s left)
 159 GTR+F+I+G4   1161514.203 part4+part12+part13	7h:32m:23s (2h:27m:57s left)
 160 TVM+F+I+G4   1161511.442 part4+part11+part12	7h:34m:24s (2h:24m:50s left)
 161 TPM2u+F+I+G4 1161116.802 part4+part12+part14	7h:34m:33s (2h:21m:9s left)
 162 GTR+F+I+G4   1161936.040 part4+part9+part12	7h:35m:9s (2h:17m:40s left)
 163 TN+F+I+G4    1162104.913 part3+part4+part5+part12	7h:44m:15s (2h:16m:42s left)
 164 TVM+F+I+G4   1161080.587 part1+part2+part4+part12	7h:44m:40s (2h:13m:10s left)
 165 GTR+F+I+G4   1161719.959 part4+part8+part12	7h:50m:54s (2h:11m:17s left)
 166 GTR+F+I+G4   1162457.685 part4+part10+part12+part15	7h:59m:33s (2h:10m:0s left)
BEST-FIT PARTITION MODEL: 
  charpartition BIC = TVM+F+I+G4: part1 part2, TN+F+I+G4: part3 part5, TVM+F+I+G4: part4 part12, GTR+F+I+G4: part6, TVMe+I+G4: part7, SYM+I+G4: part8, SYM+I+G4: part9, GTR+F+I+G4: part10 part15, TVM+F+I+G4: part11, GTR+F+I+G4: part13, TIM2+F+I+G4: part14;
Agglomerative model selection: ((part1,part2)1:1.16093e+06,(part3,part5)2:1.16088e+06,(part4,part12)4:1.16084e+06,part6,part7,part8,part9,(part10,part15)3:1.16085e+06,part11,part13,part14)
Merging into 11 partitions...
Partition information was printed to 4_set2.best_scheme.nex
Partition information in Raxml format was printed to 4_set2.best_scheme

All model information printed to 4_set2.model.gz
CPU time for ModelFinder: 43899.034 seconds (12h:11m:39s)
Wall-clock time for ModelFinder: 28783.728 seconds (7h:59m:43s)
Generating 1000 samples for ultrafast bootstrap (seed: 762255)...

NOTE: 430 MB RAM (0 GB) is required!
Measuring multi-threading efficiency up to 8 CPU cores
2 trees examined
Threads: 1 / Time: 16.103 sec / Speedup: 1.000 / Efficiency: 100% / LogL: -893537
Threads: 2 / Time: 15.779 sec / Speedup: 1.021 / Efficiency: 51% / LogL: -893537
Threads: 3 / Time: 13.405 sec / Speedup: 1.201 / Efficiency: 40% / LogL: -893537
BEST NUMBER OF THREADS: 1

Estimate model parameters (epsilon = 0.100)
Initial log-likelihood: -621543.392
Current log-likelihood at step 1: -580478.019
Current log-likelihood at step 2: -578043.307
Current log-likelihood at step 3: -577954.095
Current log-likelihood at step 4: -577931.186
Current log-likelihood at step 5: -577926.344
Current log-likelihood at step 6: -577925.366
Current log-likelihood at step 7: -577925.129
Current log-likelihood at step 8: -577925.068
Partition-specific rates:  1.074 1.052 0.878 0.590 1.033 0.517 1.088 0.947 1.135 1.281 1.301
Parameters optimization took 7 rounds (448.765 sec)

Computing ML distances based on estimated model parameters... 37.100 sec
Computing BIONJ tree...
0.159 seconds
Log-likelihood of BIONJ tree: -577913.777
--------------------------------------------------------------------
|             INITIALIZING CANDIDATE TREE SET                      |
--------------------------------------------------------------------
Generating 98 parsimony trees... 252.918 second
Computing log-likelihood of 98 initial trees ... 1201.111 seconds
Current best score: -577489.623

Do NNI search on 20 best initial trees
Estimate model parameters (epsilon = 0.100)
Initial log-likelihood: -577046.038
Current log-likelihood at step 1: -577043.374
Current log-likelihood at step 2: -577043.142
Current log-likelihood at step 3: -577043.104
Parameters optimization took 2 rounds (110.499 sec)

BETTER TREE FOUND at iteration 1: -577043.104
Estimate model parameters (epsilon = 0.100)
Initial log-likelihood: -577037.904
Current log-likelihood at step 1: -577036.612
Current log-likelihood at step 2: -577036.563
Parameters optimization took 1 rounds (75.351 sec)

BETTER TREE FOUND at iteration 10: -577036.563
Iteration 10 / LogL: -577036.563 / Time: 0h:56m:11s
Estimate model parameters (epsilon = 0.100)
Initial log-likelihood: -577028.435
Current log-likelihood at step 1: -577026.585
Current log-likelihood at step 2: -577026.488
Parameters optimization took 1 rounds (72.973 sec)

BETTER TREE FOUND at iteration 18: -577026.488
Iteration 20 / LogL: -577173.709 / Time: 1h:12m:46s
Finish initializing candidate tree set (20)
Current best tree score: -577026.488 / CPU time: 3657.378
Number of iterations: 20
--------------------------------------------------------------------
|               OPTIMIZING CANDIDATE TREE SET                      |
--------------------------------------------------------------------
Estimate model parameters (epsilon = 0.100)
Initial log-likelihood: -577018.622
Current log-likelihood at step 1: -577018.440
Current log-likelihood at step 2: -577018.417
Parameters optimization took 1 rounds (104.765 sec)

BETTER TREE FOUND at iteration 21: -577018.417
Estimate model parameters (epsilon = 0.100)
Initial log-likelihood: -577016.610
Current log-likelihood at step 1: -577016.486
Current log-likelihood at step 2: -577016.463
Parameters optimization took 1 rounds (77.711 sec)

BETTER TREE FOUND at iteration 25: -577016.463
Estimate model parameters (epsilon = 0.100)
Initial log-likelihood: -577010.160
Current log-likelihood at step 1: -577009.975
Current log-likelihood at step 2: -577009.950
Parameters optimization took 1 rounds (61.203 sec)

BETTER TREE FOUND at iteration 28: -577009.950
Iteration 30 / LogL: -577025.014 / Time: 1h:45m:18s (5h:55m:52s left)
Estimate model parameters (epsilon = 0.100)
Initial log-likelihood: -577003.632
Current log-likelihood at step 1: -577003.593
Parameters optimization took 0 rounds (37.530 sec)

BETTER TREE FOUND at iteration 32: -577003.593
Iteration 40 / LogL: -577019.307 / Time: 2h:10m:4s (5h:6m:49s left)
Iteration 50 / LogL: -577008.346 / Time: 2h:33m:32s (4h:16m:56s left)
Log-likelihood cutoff on original alignment: -577147.548
Estimate model parameters (epsilon = 0.100)
Initial log-likelihood: -577000.117
Current log-likelihood at step 1: -576999.974
Current log-likelihood at step 2: -576999.957
Parameters optimization took 1 rounds (64.783 sec)

BETTER TREE FOUND at iteration 55: -576999.957
Iteration 60 / LogL: -577013.361 / Time: 2h:57m:2s (4h:45m:3s left)
Estimate model parameters (epsilon = 0.100)
Initial log-likelihood: -576998.904
Current log-likelihood at step 1: -576998.871
Parameters optimization took 0 rounds (31.645 sec)

BETTER TREE FOUND at iteration 63: -576998.871
Estimate model parameters (epsilon = 0.100)
Initial log-likelihood: -576997.721
Current log-likelihood at step 1: -576997.674
Parameters optimization took 0 rounds (31.983 sec)

BETTER TREE FOUND at iteration 70: -576997.674
Iteration 70 / LogL: -576997.674 / Time: 3h:19m:50s (4h:49m:38s left)
Iteration 80 / LogL: -576998.868 / Time: 3h:40m:12s (4h:10m:52s left)
Iteration 90 / LogL: -577000.367 / Time: 4h:2m:26s (3h:37m:55s left)
Iteration 100 / LogL: -576997.710 / Time: 4h:25m:24s (3h:7m:39s left)
Log-likelihood cutoff on original alignment: -577147.548
NOTE: Bootstrap correlation coefficient of split occurrence frequencies: 0.996
Estimate model parameters (epsilon = 0.100)
Initial log-likelihood: -576997.414
Current log-likelihood at step 1: -576997.393
Parameters optimization took 0 rounds (31.986 sec)

BETTER TREE FOUND at iteration 109: -576997.393
Iteration 110 / LogL: -577002.919 / Time: 4h:47m:40s (4h:21m:17s left)
Iteration 120 / LogL: -577000.004 / Time: 5h:6m:25s (3h:49m:10s left)
Iteration 130 / LogL: -577000.632 / Time: 5h:25m:4s (3h:19m:4s left)
Iteration 140 / LogL: -577001.816 / Time: 5h:43m:12s (2h:50m:22s left)
Iteration 150 / LogL: -577005.380 / Time: 6h:1m:42s (2h:23m:13s left)
Log-likelihood cutoff on original alignment: -577147.548
Iteration 160 / LogL: -576998.598 / Time: 6h:19m:3s (1h:56m:49s left)
Iteration 170 / LogL: -576997.695 / Time: 6h:33m:54s (1h:30m:53s left)
Iteration 180 / LogL: -577013.131 / Time: 6h:51m:1s (1h:6m:35s left)
Iteration 190 / LogL: -577026.481 / Time: 7h:10m:18s (0h:43m:15s left)
Iteration 200 / LogL: -576997.502 / Time: 7h:24m:58s (0h:20m:7s left)
Log-likelihood cutoff on original alignment: -577114.546
NOTE: Bootstrap correlation coefficient of split occurrence frequencies: 0.999
Iteration 210 / LogL: -577000.339 / Time: 7h:40m:5s (3h:18m:7s left)
TREE SEARCH COMPLETED AFTER 210 ITERATIONS / Time: 7h:40m:6s

--------------------------------------------------------------------
|                    FINALIZING TREE SEARCH                        |
--------------------------------------------------------------------
Performs final model parameters optimization
Estimate model parameters (epsilon = 0.010)
Initial log-likelihood: -576997.393
Current log-likelihood at step 1: -576997.389
Partition-specific rates:  1.070 1.035 0.870 0.574 1.043 0.508 1.087 0.954 1.157 1.294 1.314
Parameters optimization took 0 rounds (22.295 sec)

BEST SCORE FOUND : -576997.389
Creating bootstrap support values...
Split supports printed to NEXUS file 4_set2.splits.nex
Total tree length: 8.382

Total number of iterations: 210
CPU time used for tree search: 10112.582 sec (2h:48m:32s)
Wall-clock time used for tree search: 26897.338 sec (7h:28m:17s)
Total CPU time used: 10378.266 sec (2h:52m:58s)
Total wall-clock time used: 27635.907 sec (7h:40m:35s)

Computing bootstrap consensus tree...
Reading input file 4_set2.splits.nex...
198 taxa and 666 splits.
Consensus tree written to 4_set2.contree
Reading input trees file 4_set2.contree
Log-likelihood of consensus tree: -576997.390

Analysis results written to: 
  IQ-TREE report:                4_set2.iqtree
  Maximum-likelihood tree:       4_set2.treefile
  Likelihood distances:          4_set2.mldist
  Best partitioning scheme:      4_set2.best_scheme.nex
           in RAxML format:      4_set2.best_scheme

Ultrafast bootstrap approximation results written to:
  Split support values:          4_set2.splits.nex
  Consensus tree:                4_set2.contree
  Screen log file:               4_set2.log

Date and Time: Fri Sep  7 22:40:35 2018
