IQ-TREE multicore version 1.6.7 for Mac OS X 64-bit built Aug 23 2018
Developed by Bui Quang Minh, Nguyen Lam Tung, Olga Chernomor,
Heiko Schmidt, Dominik Schrempf, Michael Woodhams.

Host:    meeps-mac-pro.staff.sydney.edu.au (AVX, 64 GB RAM)
Command: /Users/davidduchene/Desktop/Software/iqtree-1.6.7-MacOSX/bin/iqtree -s ../../../../marsupials/set205.fasta -m TESTMERGE -bb 1000 -sp ../../../../marsupials/set205.nex -nt AUTO -pre 6_set205
Seed:    377276 (Using SPRNG - Scalable Parallel Random Number Generator)
Time:    Sat Sep  8 03:54:22 2018
Kernel:  AVX - auto-detect threads (8 CPU cores detected)

Reading partition model file ../../../../marsupials/set205.nex ...
Reading alignment file ../../../../marsupials/set205.fasta ... Fasta format detected
Alignment most likely contains DNA/RNA sequences
Alignment has 35 sequences with 5223 columns, 1970 distinct patterns
1457 parsimony-informative, 697 singleton sites, 3069 constant sites
                                              Gap/Ambiguity  Composition  p-value
   1  Burramyidae_Burramys_parvus                     0.21%    passed     71.00%
   2  Notoryctidae_Notoryctes_typhlops                5.57%    failed      3.85%
   3  Vombatidae_Lasiorhinus_latifrons                0.15%    passed     99.04%
   4  Potoroidae_Bettongia_penicillata                0.25%    passed     75.78%
   5  Potoroidae_Bettongia_lesueur                    0.25%    passed     68.15%
   6  Dasyuridae_Dasyurus_maculatus                   0.27%    passed     72.07%
   7  Phalangeridae_Trichosurus_vulpecula             0.34%    passed     92.18%
   8  Phalangeridae_Spilocuscus_maculatus             6.64%    passed     67.27%
   9  Potoroidae_Aepyprymnus_rufescens                3.04%    passed     71.43%
  10  Peramelidae_Perameles_nasuta                    0.75%    passed     86.22%
  11  Phalangeridae_Strigocuscus_pelengensis          1.36%    passed     88.84%
  12  Dasyuridae_Phascogale_tapoatafa                 1.82%    passed     59.03%
  13  Dasyuridae_Sminthopsis_macroura                 0.21%    passed     30.30%
  14  Phalangeridae_Phalanger_orientalis              0.17%    passed     92.46%
  15  Acrobatidae_Acrobates_pygmaeus                  0.63%    passed     89.65%
  16  Dasyuridae_Phascogale_calura                    0.19%    passed     64.83%
  17  Dasyuridae_Sarcophilus_harrisii                 0.21%    passed     81.69%
  18  Dasyuridae_Planigale_tenuirostris               2.95%    passed     75.45%
  19  Peramelidae_Echymipera_kalubu                   0.15%    passed     81.79%
  20  Macropodidae_Dorcopsulus_vanheurni              0.50%    passed     73.90%
  21  Pseudochiridae_Pseudochirulus_forbesi          15.41%    passed     43.32%
  22  Didelphidae_Didelphis_virginiana               12.77%    passed     42.24%
  23  Marmosidae_Monodelphis_domestica                0.33%    passed     91.11%
  24  Dasyuridae_Antechinus_stuartii                  1.09%    passed     49.10%
  25  Hypsiprymnodontidae_Hypsiprymnodon_moschatus    4.69%    passed     41.14%
  26  Microbiotheriidae_Dromiciops_gliroides          1.57%    passed     93.77%
  27  Pseudochiridae_Petauroides_volans               0.88%    passed     85.16%
  28  Macropodidae_Wallabia_bicolor                   0.67%    passed     79.03%
  29  Pseudochiridae_Pseudocheirus_occidentalis       7.75%    passed     82.64%
  30  Tarsipedidae_Tarsipes_rostratus                 2.26%    passed     85.99%
  31  Acrobatidae_Distoechurus_pennatus               7.10%    passed     94.20%
  32  Phalangeridae_Phalanger_carmelitae              0.11%    passed     92.09%
  33  Peramelidae_Peroryctes_raffrayana               6.68%    passed     44.98%
  34  Dasyuridae_Dasyurus_geffroii                    0.29%    passed     83.06%
  35  Peramelidae_Perameles_gunnii                    0.17%    passed     88.78%
****  TOTAL                                           2.50%  1 sequences failed composition chi2 test (p-value<5%; df=3)
NOTE: No CharPartition defined, use all CharSets

Loading 15 partitions...
Subset	Type	Seqs	Sites	Infor	Invar	Model	Name
1		32	114	18	84	TESTMERGE	part1.1
2		32	114	7	94	TESTMERGE	part1.2
3		32	114	34	52	TESTMERGE	part1.3
4		35	710	137	486	TESTMERGE	part2.1
5		35	710	112	534	TESTMERGE	part2.2
6		35	710	407	154	TESTMERGE	part2.3
7		34	262	57	177	TESTMERGE	part3.1
8		34	262	41	182	TESTMERGE	part3.2
9		34	262	165	54	TESTMERGE	part3.3
10		35	579	91	437	TESTMERGE	part4.1
11		35	579	44	502	TESTMERGE	part4.2
12		35	579	317	138	TESTMERGE	part4.3
13		35	76	6	65	TESTMERGE	part5.1
14		35	76	1	70	TESTMERGE	part5.2
15		35	76	20	40	TESTMERGE	part5.3
Degree of missing data: 0.010
Info: multi-threading strategy over partitions



Create initial parsimony tree by phylogenetic likelihood library (PLL)... 0.010 seconds
NOTE: ModelFinder requires 19 MB RAM!
NUMBER OF THREADS FOR PARTITION FINDING: 8
Testing GTR+F+G on supermatrix...
GTR+F+G4 / LnL: -32280.403 / df: 76 / AIC: 64712.806 / AICc: 64715.081 / BIC: 65211.429
Selecting individual models for 15 charsets using BIC...
 No. Model        Score       Charset
   1 TPM2u+F+G4   2651.893    part3.2
   2 TIM3+F+G4    3086.045    part3.1
   3 K3Pu+F+G4    6931.370    part2.1
   4 TPM2u+F+I+G4 5384.234    part4.1
   5 K2P+I+G4     6269.945    part2.2
   6 K2P+G4       6268.567    part3.3
   7 HKY+F+G4     1670.020    part1.3
   8 HKY+F+G4     1222.294    part1.1
   9 K2P+G4       935.642     part1.2
  10 K2P+G4       1133.390    part5.3	0h:0m:20s (0h:6m:44s left)
  11 HKY+F+I      663.132     part5.1	0h:0m:20s (0h:6m:14s left)
  12 TPM2+F+I+G4  3985.992    part4.2	0h:0m:22s (0h:6m:8s left)
  13 HKY+F+I      581.889     part5.2	0h:0m:22s (0h:5m:42s left)
  14 TIMe+G4      14108.032   part2.3	0h:0m:23s (0h:5m:30s left)
  15 TPM2u+F+G4   12165.217   part4.3	0h:0m:25s (0h:5m:28s left)
Full partition model BIC score: 70246.041 (LnL: -30615.745  df:1053)
Merging models to increase model fit (about 211 total partition schemes)...
  16 K3P+G4       70196.140   part2.2+part2.3	0h:0m:41s (0h:8m:27s left)
  17 TIMe+G4      69941.300   part2.3+part3.2	0h:0m:42s (0h:8m:3s left)
  18 TIMe+G4      70134.485   part2.3+part4.1	0h:0m:44s (0h:7m:55s left)
  19 TIMe+G4      70117.996   part2.1+part2.3	0h:0m:44s (0h:7m:33s left)
  20 TIM2+F+I+G4  70194.448   part2.1+part4.3	0h:0m:46s (0h:7m:22s left)
  21 TPM2u+F+G4   69878.175   part2.3+part3.3	0h:0m:50s (0h:7m:38s left)
  22 TPM2+F+G4    69860.219   part3.3+part4.3	0h:0m:51s (0h:7m:23s left)
  23 TVM+F+G4     69863.158   part2.3+part4.3	0h:0m:58s (0h:7m:57s left)
  24 TNe+I+G4     70274.166   part2.2+part4.3	0h:1m:1s (0h:7m:59s left)
  25 K3Pu+F+G4    70370.929   part2.3+part4.2	0h:1m:2s (0h:7m:41s left)
  26 TNe+G4       69945.308   part2.3+part3.1	0h:1m:2s (0h:7m:26s left)
  27 TIM2e+G4     69844.963   part1.3+part2.3	0h:1m:4s (0h:7m:18s left)
  28 TIMe+G4      69911.080   part1.1+part2.3	0h:1m:7s (0h:7m:21s left)
  29 TIMe+G4      69781.082   part2.3+part5.3	0h:1m:8s (0h:7m:12s left)
  30 TIM2+F+I+G4  70084.492   part4.1+part4.3	0h:1m:10s (0h:7m:5s left)
  31 TIMe+G4      69935.527   part1.2+part2.3	0h:1m:15s (0h:7m:17s left)
  32 TNe+G4       70046.000   part3.2+part4.3	0h:1m:19s (0h:7m:24s left)
  33 TIMe+G4      69825.088   part2.3+part5.1	0h:1m:21s (0h:7m:17s left)
  34 TIM2+F+G4    69991.217   part3.1+part4.3	0h:1m:23s (0h:7m:16s left)
  35 K3P+G4       69843.429   part2.3+part5.2	0h:1m:25s (0h:7m:8s left)
  36 TNe+I+G4     70349.767   part4.2+part4.3	0h:1m:26s (0h:7m:0s left)
  37 TPM2+F+G4    69913.635   part1.3+part4.3	0h:1m:28s (0h:6m:55s left)
  38 TIM2+F+G4    69953.782   part1.1+part4.3	0h:1m:30s (0h:6m:51s left)
  39 K2P+I+G4     70047.634   part2.1+part3.3	0h:1m:35s (0h:7m:1s left)
  40 TPM2u+F+G4   69803.214   part4.3+part5.3	0h:1m:35s (0h:6m:50s left)
  41 TIM2+F+G4    69868.102   part4.3+part5.1	0h:1m:39s (0h:6m:51s left)
  42 TPM2u+F+G4   69974.102   part1.2+part4.3	0h:1m:39s (0h:6m:40s left)
  43 TPM3u+F+I+G4 69736.604   part2.1+part2.2	0h:1m:41s (0h:6m:34s left)
  44 K2P+I+G4     70056.409   part2.2+part3.3	0h:1m:41s (0h:6m:27s left)
  45 TPM2u+F+G4   69852.761   part4.3+part5.2	0h:1m:46s (0h:6m:32s left)
  46 TIM2+F+I+G4  70040.683   part3.3+part4.1	0h:1m:48s (0h:6m:29s left)
  47 K2P+G4       69928.616   part3.2+part3.3	0h:1m:51s (0h:6m:29s left)
  48 TIM+F+I+G4   69768.579   part2.1+part4.1	0h:1m:52s (0h:6m:22s left)
  49 HKY+F+G4     69738.475   part2.1+part3.2	0h:1m:53s (0h:6m:15s left)
  50 TIM3e+G4     69886.822   part3.1+part3.3	0h:1m:55s (0h:6m:11s left)
  51 TIM3+F+G4    69755.214   part2.1+part3.1	0h:1m:56s (0h:6m:6s left)
  52 K2P+I+G4     69741.648   part2.2+part4.1	0h:1m:56s (0h:5m:57s left)
  53 K3P+I+G4     69835.635   part2.1+part4.2	0h:2m:0s (0h:5m:58s left)
  54 K2P+G4       69871.145   part1.3+part3.3	0h:2m:2s (0h:5m:55s left)
  55 K2P+I+G4     70173.393   part3.3+part4.2	0h:2m:3s (0h:5m:49s left)
  56 TIM2+F+I+G4  69739.921   part2.2+part3.2	0h:2m:4s (0h:5m:43s left)
  57 TN+F+G4      69836.659   part1.3+part2.1	0h:2m:5s (0h:5m:39s left)
  58 K2P+I+G4     69753.951   part2.2+part3.1	0h:2m:7s (0h:5m:37s left)
  59 K2P+I+G4     69756.293   part3.2+part4.1	0h:2m:11s (0h:5m:37s left)
  60 TIM2+F+I+G4  69744.682   part3.1+part4.1	0h:2m:12s (0h:5m:34s left)
  61 K2P+G4       69916.370   part1.1+part3.3	0h:2m:16s (0h:5m:36s left)
  62 HKY+F+G4     69795.063   part1.1+part2.1	0h:2m:18s (0h:5m:31s left)
  63 K2P+G4       69803.952   part3.3+part5.3	0h:2m:18s (0h:5m:26s left)
  64 K2P+G4       69934.083   part1.2+part3.3	0h:2m:19s (0h:5m:21s left)
  65 K3P+G4       69754.830   part2.1+part5.3	0h:2m:21s (0h:5m:17s left)
  66 TPM3u+F+I+G4 69791.451   part2.2+part4.2	0h:2m:23s (0h:5m:15s left)
  67 HKY+F+G4     69774.438   part1.2+part2.1	0h:2m:25s (0h:5m:12s left)
  68 K2P+G4       69849.793   part3.3+part5.1	0h:2m:28s (0h:5m:12s left)
  69 K2P+I+G4     69710.594   part4.1+part4.2	0h:2m:28s (0h:5m:5s left)
  70 TIM+F+G4     69713.236   part2.1+part5.1	0h:2m:30s (0h:5m:2s left)
  71 HKY+F+G4     69833.919   part1.3+part2.2	0h:2m:32s (0h:4m:59s left)
  72 TIM3e+G4     69730.233   part3.1+part3.2	0h:2m:32s (0h:4m:54s left)
  73 K3P+G4       69710.890   part2.1+part5.2	0h:2m:34s (0h:4m:51s left)
  74 K2P+I+G4     69860.522   part3.3+part5.2	0h:2m:34s (0h:4m:45s left)
  75 K2P+I+G4     69832.508   part1.3+part4.1	0h:2m:38s (0h:4m:47s left)
  76 K2P+I+G4     69770.407   part2.2+part5.3	0h:2m:42s (0h:4m:47s left)
  77 TN+F+I+G4    69802.125   part1.1+part2.2	0h:2m:43s (0h:4m:43s left)
  78 TNe+I+G4     69786.805   part1.2+part2.2	0h:2m:45s (0h:4m:42s left)
  79 K2P+I+G4     69779.225   part1.1+part4.1	0h:2m:46s (0h:4m:38s left)
  80 TPM2u+F+I+G4 69776.093   part3.2+part4.2	0h:2m:47s (0h:4m:33s left)
  81 K2P+I+G4     69746.443   part4.1+part5.3	0h:2m:47s (0h:4m:28s left)
  82 TIM3e+I+G4   69784.819   part3.1+part4.2	0h:2m:47s (0h:4m:23s left)
  83 HKY+F+I+G4   69715.242   part2.2+part5.1	0h:2m:50s (0h:4m:22s left)
  84 TPM2+F+G4    69803.870   part1.3+part3.2	0h:2m:53s (0h:4m:22s left)
  85 K2P+I+G4     69707.425   part2.2+part5.2	0h:2m:54s (0h:4m:18s left)
  86 K2P+I+G4     69773.611   part1.2+part4.1	0h:2m:54s (0h:4m:13s left)
  87 K2P+G4       69811.291   part1.3+part3.1	0h:2m:57s (0h:4m:13s left)
  88 K2P+G4       69797.695   part1.1+part3.1	0h:2m:58s (0h:4m:9s left)
  89 K2P+I+G4     69697.604   part4.1+part5.2	0h:3m:0s (0h:4m:7s left)
  90 K2P+I+G4     69709.207   part4.1+part5.1	0h:3m:0s (0h:4m:2s left)
  91 TPM2+F+G4    69791.571   part1.1+part3.2	0h:3m:1s (0h:3m:58s left)
  92 TPM2+F+G4    69749.561   part3.2+part5.3	0h:3m:5s (0h:3m:59s left)
  93 TIM3e+G4     69746.965   part3.1+part5.3	0h:3m:5s (0h:3m:55s left)
  94 TPM2u+F+G4   69786.221   part1.2+part3.2	0h:3m:7s (0h:3m:53s left)
  95 TPM2u+F+I+G4 69876.941   part1.3+part4.2	0h:3m:7s (0h:3m:48s left)
  96 TIM3e+G4     69793.190   part1.2+part3.1	0h:3m:7s (0h:3m:45s left)
  97 TPM2u+F+G4   69713.647   part3.2+part5.1	0h:3m:8s (0h:3m:41s left)
  98 K2P+G4       69718.281   part3.1+part5.1	0h:3m:9s (0h:3m:38s left)
  99 K2P+I+G4     69803.148   part1.1+part4.2	0h:3m:10s (0h:3m:35s left)
 100 K2P+G4       69717.358   part3.2+part5.2	0h:3m:14s (0h:3m:35s left)
 101 TIM3e+G4     69717.425   part3.1+part5.2	0h:3m:16s (0h:3m:33s left)
 102 HKY+F+G4     69776.312   part1.1+part1.3	0h:3m:16s (0h:3m:29s left)
 103 TPM2u+F+I+G4 69790.373   part4.2+part5.3	0h:3m:16s (0h:3m:26s left)
 104 HKY+F+G4     69780.252   part1.3+part5.3	0h:3m:16s (0h:3m:22s left)
 105 TPM2u+F+I+G4 69784.867   part1.2+part4.2	0h:3m:18s (0h:3m:20s left)
 106 TPM2+F+I+G4  69697.117   part4.2+part5.1	0h:3m:19s (0h:3m:17s left)
 107 K2P+G4       69810.841   part1.2+part1.3	0h:3m:20s (0h:3m:14s left)
 108 HKY+F+G4     69771.301   part1.3+part5.1	0h:3m:20s (0h:3m:11s left)
 109 HKY+F+I+G4   69685.694   part4.2+part5.2	0h:3m:22s (0h:3m:9s left)
 110 TNe+G4       69751.308   part1.1+part1.2	0h:3m:23s (0h:3m:6s left)
 111 HKY+F+G4     69772.751   part1.3+part5.2	0h:3m:24s (0h:3m:4s left)
 112 K2P+G4       69759.217   part1.1+part5.3	0h:3m:24s (0h:3m:1s left)
 113 K2P+G4       69773.983   part1.2+part5.3	0h:3m:25s (0h:2m:57s left)
 114 HKY+F+G4     69735.951   part1.1+part5.1	0h:3m:27s (0h:2m:56s left)
 115 K2P+G4       69734.275   part1.2+part5.2	0h:3m:28s (0h:2m:54s left)
 116 K2P+G4       69741.437   part1.2+part5.1	0h:3m:29s (0h:2m:51s left)
 117 TNe+G4       69714.921   part5.1+part5.3	0h:3m:29s (0h:2m:48s left)
 118 K2P+I        69654.088   part5.1+part5.2	0h:3m:29s (0h:2m:44s left)
 119 TIMe+G4      69741.202   part1.1+part5.2	0h:3m:29s (0h:2m:41s left)
 120 HKY+F+G4     69717.049   part5.2+part5.3	0h:3m:29s (0h:2m:38s left)
Merging part5.1+part5.2 with BIC score: 69654.088 (LnL: -30640.799  df: 978)
 121 TPM2u+F+G4   69175.570   part3.2+part5.1+part5.2	0h:3m:35s (0h:2m:40s left)
 122 K3Pu+F+G4    69182.308   part2.1+part5.1+part5.2	0h:3m:36s (0h:2m:38s left)
 123 K2P+G4       69175.806   part3.1+part5.1+part5.2	0h:3m:38s (0h:2m:36s left)
 124 K2P+I+G4     69162.591   part4.1+part5.1+part5.2	0h:3m:38s (0h:2m:33s left)
 125 HKY+F+I+G4   69173.649   part2.2+part5.1+part5.2	0h:3m:40s (0h:2m:31s left)
 126 K2P+I+G4     69391.498   part3.3+part5.1+part5.2	0h:3m:41s (0h:2m:29s left)
 127 HKY+F+G4     69228.486   part1.3+part5.1+part5.2	0h:3m:42s (0h:2m:27s left)
 128 K2P+G4       69171.522   part1.2+part5.1+part5.2	0h:3m:44s (0h:2m:25s left)
 129 HKY+F+I      69185.929   part1.1+part5.1+part5.2	0h:3m:45s (0h:2m:23s left)
 130 K2P+G4       69158.184   part5.1+part5.2+part5.3	0h:3m:45s (0h:2m:20s left)
 131 HKY+F+I+G4   69136.152   part4.2+part5.1+part5.2	0h:3m:46s (0h:2m:18s left)
 132 TIMe+G4      69402.135   part2.3+part5.1+part5.2	0h:3m:46s (0h:2m:15s left)
 133 TPM2u+F+G4   69438.076   part4.3+part5.1+part5.2	0h:3m:46s (0h:2m:12s left)
Merging part4.1+part4.2 with BIC score: 69118.641 (LnL: -30706.948  df: 900)
 134 K2P+I+G4     68625.652   part4.1+part4.2+part5.1+part5.2	0h:4m:0s (0h:2m:18s left)
 135 K2P+I+G4     68669.315   part3.2+part4.1+part4.2	0h:4m:1s (0h:2m:16s left)
 136 K2P+I+G4     68667.139   part3.1+part4.1+part4.2	0h:4m:2s (0h:2m:13s left)
 137 K3P+I+G4     68719.854   part2.1+part4.1+part4.2	0h:4m:2s (0h:2m:10s left)
 138 K2P+I+G4     68667.254   part2.2+part4.1+part4.2	0h:4m:4s (0h:2m:9s left)
 139 K2P+I+G4     69087.640   part3.3+part4.1+part4.2	0h:4m:8s (0h:2m:8s left)
 140 TIMe+I+G4    69371.215   part2.3+part4.1+part4.2	0h:4m:11s (0h:2m:7s left)
 141 TIM2+F+I+G4  69318.087   part4.1+part4.2+part4.3	0h:4m:13s (0h:2m:5s left)
 142 K2P+I+G4     68754.195   part1.3+part4.1+part4.2	0h:4m:14s (0h:2m:3s left)
 143 K2P+I+G4     68654.819   part4.1+part4.2+part5.3	0h:4m:15s (0h:2m:1s left)
 144 K2P+I+G4     68676.348   part1.1+part4.1+part4.2	0h:4m:15s (0h:1m:59s left)
 145 K2P+I+G4     68658.545   part1.2+part4.1+part4.2	0h:4m:16s (0h:1m:56s left)
Merging part3.1+part3.2 with BIC score: 68602.832 (LnL: -30765.795  df: 826)
 146 TIM3e+G4     68142.510   part3.1+part3.2+part5.1+part5.2	0h:4m:24s (0h:1m:57s left)
 147 TIM3e+G4     68110.453   part3.1+part3.2+part5.3	0h:4m:24s (0h:1m:55s left)
 148 TIM3+F+G4    68117.955   part2.1+part3.1+part3.2	0h:4m:27s (0h:1m:53s left)
 149 TIM3e+G4     68335.218   part3.1+part3.2+part3.3	0h:4m:28s (0h:1m:51s left)
 150 TVM+F+I+G4   68128.141   part2.2+part3.1+part3.2	0h:4m:28s (0h:1m:49s left)
 151 K2P+G4       68177.317   part1.3+part3.1+part3.2	0h:4m:33s (0h:1m:48s left)
 152 K2P+G4       68163.437   part1.1+part3.1+part3.2	0h:4m:34s (0h:1m:46s left)
 153 TIM3e+I+G4   68194.015   part3.1+part3.2+part4.1+part4.2	0h:4m:35s (0h:1m:44s left)
 154 TIM3e+G4     68544.461   part3.1+part3.2+part4.3	0h:4m:36s (0h:1m:42s left)
 155 TIM3e+G4     68158.890   part1.2+part3.1+part3.2	0h:4m:36s (0h:1m:40s left)
 156 TNe+G4       68431.725   part2.3+part3.1+part3.2	0h:4m:37s (0h:1m:37s left)
Merging part2.1+part2.2 with BIC score: 68093.395 (LnL: -30806.425  df: 757)
 157 TPM3u+F+I+G4 67620.232   part2.1+part2.2+part5.3	0h:4m:49s (0h:1m:39s left)
 158 TPM3u+F+I+G4 67614.083   part2.1+part2.2+part5.1+part5.2	0h:4m:51s (0h:1m:37s left)
 159 TPM3u+F+I+G4 67683.660   part1.3+part2.1+part2.2	0h:4m:51s (0h:1m:35s left)
 160 TPM3+F+I+G4  67604.397   part2.1+part2.2+part3.1+part3.2	0h:4m:55s (0h:1m:34s left)
 161 K2P+I+G4     67965.768   part2.1+part2.2+part3.3	0h:4m:59s (0h:1m:33s left)
 162 K3P+I+G4     67703.825   part2.1+part2.2+part4.1+part4.2	0h:4m:59s (0h:1m:30s left)
 163 K3P+G4       68164.462   part2.1+part2.2+part2.3	0h:5m:0s (0h:1m:28s left)
 164 TIMe+I+G4    68254.197   part2.1+part2.2+part4.3	0h:5m:1s (0h:1m:26s left)
 165 TPM3u+F+I+G4 67642.194   part1.1+part2.1+part2.2	0h:5m:2s (0h:1m:24s left)
 166 TPM3u+F+I+G4 67626.946   part1.2+part2.1+part2.2	0h:5m:2s (0h:1m:21s left)
Merging part5.1+part5.2+part5.3 with BIC score: 67597.492 (LnL: -30853.821  df: 688)
 167 HKY+F+G4     67158.453   part1.3+part5.1+part5.2+part5.3	0h:5m:10s (0h:1m:21s left)
 168 K2P+G4       67115.647   part1.1+part5.1+part5.2+part5.3	0h:5m:13s (0h:1m:20s left)
 169 TIM3e+G4     67128.610   part3.1+part3.2+part5.1+part5.2+part5.3	0h:5m:16s (0h:1m:18s left)
 170 K2P+G4       67335.804   part3.3+part5.1+part5.2+part5.3	0h:5m:16s (0h:1m:16s left)
 171 K2P+G4       67113.551   part1.2+part5.1+part5.2+part5.3	0h:5m:17s (0h:1m:14s left)
 172 TPM3u+F+I+G4 67136.698   part2.1+part2.2+part5.1+part5.2+part5.3	0h:5m:19s (0h:1m:12s left)
 173 K2P+I+G4     67135.529   part4.1+part4.2+part5.1+part5.2+part5.3	0h:5m:19s (0h:1m:10s left)
 174 TPM2u+F+G4   67398.407   part4.3+part5.1+part5.2+part5.3	0h:5m:21s (0h:1m:8s left)
 175 TIMe+G4      67353.087   part2.3+part5.1+part5.2+part5.3	0h:5m:21s (0h:1m:6s left)
Merging part1.1+part1.2 with BIC score: 67102.759 (LnL: -30884.682  df: 623)
 176 HKY+F+G4     66684.692   part1.1+part1.2+part1.3	0h:5m:25s (0h:1m:4s left)
 177 K2P+G4       66636.931   part1.1+part1.2+part5.1+part5.2+part5.3	0h:5m:27s (0h:1m:2s left)
 178 TPM2+F+G4    66697.288   part1.1+part1.2+part3.1+part3.2	0h:5m:28s (0h:1m:0s left)
 179 K2P+I+G4     66881.312   part1.1+part1.2+part3.3	0h:5m:29s (0h:0m:58s left)
 180 TPM3u+F+I+G4 66676.868   part1.1+part1.2+part2.1+part2.2	0h:5m:31s (0h:0m:57s left)
 181 K2P+I+G4     66688.408   part1.1+part1.2+part4.1+part4.2	0h:5m:31s (0h:0m:54s left)
 182 TIM2+F+G4    66974.433   part1.1+part1.2+part4.3	0h:5m:33s (0h:0m:53s left)
 183 TNe+G4       66915.302   part1.1+part1.2+part2.3	0h:5m:33s (0h:0m:51s left)
Merging part2.1+part2.2+part3.1+part3.2 with BIC score: 66613.761 (LnL: -30935.531  df: 554)
 184 TPM3+F+I+G4  66198.894   part1.3+part2.1+part2.2+part3.1+part3.2	0h:5m:47s (0h:0m:51s left)
 185 TPM3+F+I+G4  66152.265   part2.1+part2.2+part3.1+part3.2+part5.1+part5.2+part5.3	0h:5m:48s (0h:0m:49s left)
 186 TPM3u+F+I+G4 66186.826   part1.1+part1.2+part2.1+part2.2+part3.1+part3.2	0h:5m:50s (0h:0m:47s left)
 187 TPM3u+F+I+G4 66242.221   part2.1+part2.2+part3.1+part3.2+part4.1+part4.2	0h:5m:53s (0h:0m:45s left)
 188 K2P+I+G4     66497.157   part2.1+part2.2+part3.1+part3.2+part3.3	0h:5m:54s (0h:0m:43s left)
 189 TIMe+G4      66747.701   part2.1+part2.2+part2.3+part3.1+part3.2	0h:5m:55s (0h:0m:41s left)
 190 TIM3e+I+G4   66853.937   part2.1+part2.2+part3.1+part3.2+part4.3	0h:5m:57s (0h:0m:39s left)
Merging part1.1+part1.2+part5.1+part5.2+part5.3 with BIC score: 66147.933 (LnL: -30976.564  df: 490)
 191 HKY+F+G4     65733.063   part1.1+part1.2+part1.3+part5.1+part5.2+part5.3	0h:6m:4s (0h:0m:38s left)
 192 K2P+I+G4     65993.400   part1.1+part1.2+part3.3+part5.1+part5.2+part5.3	0h:6m:7s (0h:0m:36s left)
 193 K2P+I+G4     65724.600   part1.1+part1.2+part4.1+part4.2+part5.1+part5.2+part5.3	0h:6m:9s (0h:0m:34s left)
 194 TNe+G4       66130.017   part1.1+part1.2+part4.3+part5.1+part5.2+part5.3	0h:6m:10s (0h:0m:32s left)
 195 TNe+G4       66087.604   part1.1+part1.2+part2.3+part5.1+part5.2+part5.3	0h:6m:11s (0h:0m:30s left)
 196 TPM3u+F+I+G4 65721.776   part1.1+part1.2+part2.1+part2.2+part3.1+part3.2+part5.1+part5.2+part5.3	0h:6m:14s (0h:0m:28s left)
Merging part1.1+part1.2+part2.1+part2.2+part3.1+part3.2+part5.1+part5.2+part5.3 with BIC score: 65721.776 (LnL: -31058.834  df: 421)
 197 TPM3+F+I+G4  65302.853   part1.1+part1.2+part1.3+part2.1+part2.2+part3.1+part3.2+part5.1+part5.2+part5.3	0h:6m:32s (0h:0m:27s left)
 198 K3P+G4       65929.171   part1.1+part1.2+part2.1+part2.2+part2.3+part3.1+part3.2+part5.1+part5.2+part5.3	0h:6m:37s (0h:0m:26s left)
 199 TPM3u+F+I+G4 65341.203   part1.1+part1.2+part2.1+part2.2+part3.1+part3.2+part4.1+part4.2+part5.1+part5.2+part5.3	0h:6m:37s (0h:0m:23s left)
 200 TIM3+F+I+G4  65636.116   part1.1+part1.2+part2.1+part2.2+part3.1+part3.2+part3.3+part5.1+part5.2+part5.3	0h:6m:37s (0h:0m:21s left)
 201 TIM3e+I+G4   66012.826   part1.1+part1.2+part2.1+part2.2+part3.1+part3.2+part4.3+part5.1+part5.2+part5.3	0h:6m:38s (0h:0m:19s left)
Merging part1.1+part1.2+part1.3+part2.1+part2.2+part3.1+part3.2+part5.1+part5.2+part5.3 with BIC score: 65302.853 (LnL: -31131.879  df: 355)
 202 TPM3u+F+I+G4 64937.420   part1.1+part1.2+part1.3+part2.1+part2.2+part3.1+part3.2+part4.1+part4.2+part5.1+part5.2+part5.3	0h:7m:1s (0h:0m:18s left)
 203 K2P+G4       65499.053   part1.1+part1.2+part1.3+part2.1+part2.2+part2.3+part3.1+part3.2+part5.1+part5.2+part5.3	0h:7m:2s (0h:0m:16s left)
 204 TPM3u+F+I+G4 65210.025   part1.1+part1.2+part1.3+part2.1+part2.2+part3.1+part3.2+part3.3+part5.1+part5.2+part5.3	0h:7m:2s (0h:0m:14s left)
 205 TIM3+F+I+G4  65594.305   part1.1+part1.2+part1.3+part2.1+part2.2+part3.1+part3.2+part4.3+part5.1+part5.2+part5.3	0h:7m:4s (0h:0m:12s left)
Merging part3.3+part4.3 with BIC score: 64917.031 (LnL: -31225.756  df: 288)
 206 TIM2+F+I+G4  65278.830   part3.3+part4.1+part4.2+part4.3	0h:7m:26s (0h:0m:10s left)
 207 TPM2u+F+G4   64530.259   part2.3+part3.3+part4.3	0h:7m:32s (0h:0m:8s left)
 208 TIM3e+I+G4   65346.594   part1.1+part1.2+part1.3+part2.1+part2.2+part3.1+part3.2+part3.3+part4.3+part5.1+part5.2+part5.3	0h:7m:37s (0h:0m:6s left)
Merging part2.3+part3.3+part4.3 with BIC score: 64530.259 (LnL: -31336.280  df: 217)
 209 TIMe+I+G4    65135.640   part2.3+part3.3+part4.1+part4.2+part4.3	0h:7m:58s (0h:0m:4s left)
 210 TIMe+I+G4    65248.619   part1.1+part1.2+part1.3+part2.1+part2.2+part2.3+part3.1+part3.2+part3.3+part4.3+part5.1+part5.2+part5.3	0h:8m:6s (0h:0m:2s left)
Merging part1.1+part1.2+part1.3+part2.1+part2.2+part3.1+part3.2+part4.1+part4.2+part5.1+part5.2+part5.3 with BIC score: 64164.826 (LnL: -31453.192  df: 147)
 211 TIMe+I+G4    65148.377   part1.1+part1.2+part1.3+part2.1+part2.2+part2.3+part3.1+part3.2+part3.3+part4.1+part4.2+part4.3+part5.1+part5.2+part5.3	0h:8m:44s (0h:0m:0s left)
BEST-FIT PARTITION MODEL: 
  charpartition BIC = TPM3u+F+I+G4: part1.1 part1.2 part1.3 part2.1 part2.2 part3.1 part3.2 part4.1 part4.2 part5.1 part5.2 part5.3, TPM2u+F+G4: part2.3 part3.3 part4.3;
Agglomerative model selection: ((((((part1.1,part1.2)6:67102.8,((part5.1,part5.2)1:69654.1,part5.3)5:67597.5)8:66147.9,((part2.1,part2.2)4:68093.4,(part3.1,part3.2)3:68602.8)7:66613.8)9:65721.8,part1.3)10:65302.9,(part4.1,part4.2)2:69118.6)13:64164.8,(part2.3,(part3.3,part4.3)11:64917)12:64530.3)
Merging into 2 partitions...
Partition information was printed to 6_set205.best_scheme.nex
Partition information in Raxml format was printed to 6_set205.best_scheme

All model information printed to 6_set205.model.gz
CPU time for ModelFinder: 732.226 seconds (0h:12m:12s)
Wall-clock time for ModelFinder: 525.958 seconds (0h:8m:45s)
Generating 1000 samples for ultrafast bootstrap (seed: 377276)...

NOTE: 17 MB RAM (0 GB) is required!
Measuring multi-threading efficiency up to 8 CPU cores
Increase to 10 rounds for branch lengths
17 trees examined
Threads: 1 / Time: 8.181 sec / Speedup: 1.000 / Efficiency: 100% / LogL: -47208
Threads: 2 / Time: 4.635 sec / Speedup: 1.765 / Efficiency: 88% / LogL: -47208
Threads: 3 / Time: 13.520 sec / Speedup: 0.605 / Efficiency: 20% / LogL: -47208
BEST NUMBER OF THREADS: 2

Estimate model parameters (epsilon = 0.100)
Optimizing TPM2u+F+G4 parameters for partition part2.3+part3.3+part4.3 (73 free parameters)
Optimizing TPM3u+F+I+G4 parameters for partition part1.1+part1.2+part1.3+part2.1+part2.2+part3.1+part3.2+part4.1+part4.2+part5.1+part5.2+part5.3 (74 free parameters)
Optimal log-likelihood: -31452.533
Computing ML distances based on estimated model parameters... 0.055 sec
Computing BIONJ tree...
0.002 seconds
Log-likelihood of BIONJ tree: -31458.483
--------------------------------------------------------------------
|             INITIALIZING CANDIDATE TREE SET                      |
--------------------------------------------------------------------
Generating 98 parsimony trees... 2.266 second
Computing log-likelihood of 98 initial trees ... 5.692 seconds
Current best score: -31446.284

Do NNI search on 20 best initial trees
Estimate model parameters (epsilon = 0.100)
BETTER TREE FOUND at iteration 1: -31446.161
Iteration 10 / LogL: -31446.174 / Time: 0h:1m:22s
Estimate model parameters (epsilon = 0.100)
BETTER TREE FOUND at iteration 12: -31444.712
UPDATE BEST LOG-LIKELIHOOD: -31444.712
Iteration 20 / LogL: -31446.331 / Time: 0h:1m:33s
Finish initializing candidate tree set (2)
Current best tree score: -31444.712 / CPU time: 23.715
Number of iterations: 20
--------------------------------------------------------------------
|               OPTIMIZING CANDIDATE TREE SET                      |
--------------------------------------------------------------------
Iteration 30 / LogL: -31446.726 / Time: 0h:1m:46s (0h:5m:0s left)
Iteration 40 / LogL: -31446.856 / Time: 0h:1m:58s (0h:3m:38s left)
Iteration 50 / LogL: -31448.718 / Time: 0h:2m:9s (0h:2m:44s left)
Log-likelihood cutoff on original alignment: -31475.381
UPDATE BEST LOG-LIKELIHOOD: -31444.712
UPDATE BEST LOG-LIKELIHOOD: -31444.712
Iteration 60 / LogL: -31446.218 / Time: 0h:2m:23s (0h:2m:6s left)
Iteration 70 / LogL: -31444.991 / Time: 0h:2m:35s (0h:1m:34s left)
Iteration 80 / LogL: -31444.882 / Time: 0h:2m:47s (0h:1m:7s left)
Iteration 90 / LogL: -31444.755 / Time: 0h:2m:58s (0h:0m:44s left)
Iteration 100 / LogL: -31447.069 / Time: 0h:3m:9s (0h:0m:22s left)
Log-likelihood cutoff on original alignment: -31475.906
NOTE: Bootstrap correlation coefficient of split occurrence frequencies: 0.999
Iteration 110 / LogL: -31446.344 / Time: 0h:3m:20s (0h:2m:45s left)
TREE SEARCH COMPLETED AFTER 113 ITERATIONS / Time: 0h:3m:24s

--------------------------------------------------------------------
|                    FINALIZING TREE SEARCH                        |
--------------------------------------------------------------------
Performs final model parameters optimization
Estimate model parameters (epsilon = 0.010)
Optimizing TPM2u+F+G4 parameters for partition part2.3+part3.3+part4.3 (73 free parameters)
Optimizing TPM3u+F+I+G4 parameters for partition part1.1+part1.2+part1.3+part2.1+part2.2+part3.1+part3.2+part4.1+part4.2+part5.1+part5.2+part5.3 (74 free parameters)
Optimal log-likelihood: -31444.694
BEST SCORE FOUND : -31444.694
Creating bootstrap support values...
Split supports printed to NEXUS file 6_set205.splits.nex
Total tree length: 1.084

Total number of iterations: 113
CPU time used for tree search: 84.294 sec (0h:1m:24s)
Wall-clock time used for tree search: 134.432 sec (0h:2m:14s)
Total CPU time used: 120.586 sec (0h:2m:0s)
Total wall-clock time used: 204.828 sec (0h:3m:24s)

Computing bootstrap consensus tree...
Reading input file 6_set205.splits.nex...
35 taxa and 105 splits.
Consensus tree written to 6_set205.contree
Reading input trees file 6_set205.contree
Log-likelihood of consensus tree: -31444.695

Analysis results written to: 
  IQ-TREE report:                6_set205.iqtree
  Maximum-likelihood tree:       6_set205.treefile
  Likelihood distances:          6_set205.mldist
  Best partitioning scheme:      6_set205.best_scheme.nex
           in RAxML format:      6_set205.best_scheme

Ultrafast bootstrap approximation results written to:
  Split support values:          6_set205.splits.nex
  Consensus tree:                6_set205.contree
  Screen log file:               6_set205.log

Date and Time: Sat Sep  8 04:06:33 2018
