IQ-TREE multicore version 1.6.3 for Mac OS X 64-bit built Mar 22 2018
Developed by Bui Quang Minh, Nguyen Lam Tung, Olga Chernomor,
Heiko Schmidt, Dominik Schrempf, Michael Woodhams.

Host:    meeps-mac-pro.staff.sydney.edu.au (AVX, 64 GB RAM)
Command: /Users/davidduchene/Desktop/Software/iqtree-1.6.3-MacOSX/bin/iqtree -s ../../../../marsupials/set273.fasta -m TEST -bb 1000 -nt AUTO -pre 1_set273
Seed:    363329 (Using SPRNG - Scalable Parallel Random Number Generator)
Time:    Fri Jul 27 19:18:26 2018
Kernel:  AVX - auto-detect threads (8 CPU cores detected)

Reading alignment file ../../../../marsupials/set273.fasta ... Fasta format detected
Alignment most likely contains DNA/RNA sequences
Alignment has 35 sequences with 3675 columns, 1071 distinct patterns
616 parsimony-informative, 403 singleton sites, 2656 constant sites
                                              Gap/Ambiguity  Composition  p-value
   1  Burramyidae_Burramys_parvus                    14.97%    passed     69.24%
   2  Notoryctidae_Notoryctes_typhlops               29.12%    passed     48.36%
   3  Vombatidae_Lasiorhinus_latifrons               14.78%    passed     93.66%
   4  Potoroidae_Bettongia_penicillata               14.75%    passed     69.38%
   5  Potoroidae_Bettongia_lesueur                   14.78%    passed     69.41%
   6  Dasyuridae_Dasyurus_maculatus                   0.63%    passed      5.39%
   7  Phalangeridae_Trichosurus_vulpecula            14.61%    passed     93.88%
   8  Phalangeridae_Spilocuscus_maculatus            23.29%    passed     88.75%
   9  Potoroidae_Aepyprymnus_rufescens               15.35%    passed     46.66%
  10  Peramelidae_Perameles_nasuta                   41.36%    passed      9.53%
  11  Phalangeridae_Strigocuscus_pelengensis         15.95%    passed     85.25%
  12  Dasyuridae_Phascogale_tapoatafa                18.67%    passed     79.40%
  13  Dasyuridae_Sminthopsis_macroura                 0.60%    passed      5.25%
  14  Phalangeridae_Phalanger_orientalis             14.97%    passed     83.50%
  15  Acrobatidae_Acrobates_pygmaeus                 15.29%    passed     70.69%
  16  Dasyuridae_Phascogale_calura                   15.13%    passed     87.33%
  17  Dasyuridae_Sarcophilus_harrisii                15.27%    passed     87.95%
  18  Dasyuridae_Planigale_tenuirostris              27.48%    passed     63.64%
  19  Peramelidae_Echymipera_kalubu                  14.61%    passed     35.82%
  20  Macropodidae_Dorcopsulus_vanheurni             14.80%    passed     71.30%
  21  Pseudochiridae_Pseudochirulus_forbesi          14.64%    passed     86.25%
  22  Didelphidae_Didelphis_virginiana               14.88%    passed     39.21%
  23  Marmosidae_Monodelphis_domestica               14.86%    passed     29.42%
  24  Dasyuridae_Antechinus_stuartii                 47.59%    failed      0.00%
  25  Hypsiprymnodontidae_Hypsiprymnodon_moschatus   14.78%    passed     63.24%
  26  Microbiotheriidae_Dromiciops_gliroides          4.71%    passed     14.76%
  27  Pseudochiridae_Petauroides_volans               3.02%    passed     54.61%
  28  Macropodidae_Wallabia_bicolor                  14.91%    passed     78.48%
  29  Pseudochiridae_Pseudocheirus_occidentalis      71.46%    failed      0.00%
  30  Tarsipedidae_Tarsipes_rostratus                 2.45%    passed     10.63%
  31  Acrobatidae_Distoechurus_pennatus              14.69%    passed     87.52%
  32  Phalangeridae_Phalanger_carmelitae             14.64%    passed     93.57%
  33  Peramelidae_Peroryctes_raffrayana              41.36%    passed      8.03%
  34  Dasyuridae_Dasyurus_geffroii                   14.75%    passed     86.20%
  35  Peramelidae_Perameles_gunnii                   14.80%    passed     22.74%
WARNING: 1 sequences contain more than 50% gaps/ambiguity
****  TOTAL                                          18.28%  2 sequences failed composition chi2 test (p-value<5%; df=3)


Create initial parsimony tree by phylogenetic likelihood library (PLL)... 0.005 seconds
NOTE: ModelFinder requires 8 MB RAM!
ModelFinder will test 88 DNA models (sample size: 3675) ...
 No. Model         -LnL         df  AIC          AICc         BIC
Measuring multi-threading efficiency up to 8 CPU cores
Increase to 10 rounds for branch lengths
372 trees examined
Threads: 1 / Time: 8.009 sec / Speedup: 1.000 / Efficiency: 100% / LogL: -24293
Threads: 2 / Time: 6.593 sec / Speedup: 1.215 / Efficiency: 61% / LogL: -24293
Threads: 3 / Time: 5.393 sec / Speedup: 1.485 / Efficiency: 50% / LogL: -24293
BEST NUMBER OF THREADS: 2

  1  JC            16427.623    67  32989.245    32991.772    33405.269
  2  JC+I          16003.166    68  32142.332    32144.934    32564.565
  3  JC+G4         15963.317    68  32062.633    32065.236    32484.866
  4  JC+I+G4       15951.772    69  32041.545    32044.225    32469.987
  5  F81+F         16342.965    70  32825.929    32828.687    33260.581
  6  F81+F+I       15934.519    71  32011.038    32013.875    32451.899
  7  F81+F+G4      15893.533    71  31929.066    31931.904    32369.927
  8  F81+F+I+G4    15882.618    72  31909.237    31912.155    32356.307
  9  K2P           15758.282    68  31652.564    31655.167    32074.797
 10  K2P+I         15316.442    69  30770.883    30773.563    31199.326
 11  K2P+G4        15274.242    69  30686.483    30689.163    31114.926
 12  K2P+I+G4      15261.249    70  30662.499    30665.257    31097.150
 13  HKY+F         15699.266    71  31540.532    31543.369    31981.393
 14  HKY+F+I       15272.096    72  30688.191    30691.110    31135.262
 15  HKY+F+G4      15223.853    72  30591.706    30594.625    31038.777
 16  HKY+F+I+G4    15209.847    73  30565.695    30568.695    31018.974
 17  TNe           15744.454    69  31626.908    31629.588    32055.351
 18  TNe+I         15309.592    70  30759.184    30761.942    31193.836
 19  TNe+G4        15266.814    70  30673.629    30676.387    31108.281
 20  TNe+I+G4      15254.425    71  30650.849    30653.687    31091.710
 21  TN+F          15639.932    72  31423.863    31426.782    31870.933
 22  TN+F+I        15222.856    73  30591.713    30594.713    31044.992
 23  TN+F+G4       15176.382    73  30498.764    30501.765    30952.044
 24  TN+F+I+G4     15164.520    74  30477.039    30480.123    30936.528
 25  K3P           15756.849    69  31651.697    31654.377    32080.140
 26  K3P+I         15315.023    70  30770.045    30772.803    31204.697
 27  K3P+G4        15272.815    70  30685.630    30688.388    31120.282
 28  K3P+I+G4      15259.776    71  30661.552    30664.390    31102.413
 29  K3Pu+F        15698.067    72  31540.134    31543.052    31987.204
 30  K3Pu+F+I      15271.111    73  30688.223    30691.223    31141.502
 31  K3Pu+F+G4     15222.968    73  30591.936    30594.936    31045.216
 32  K3Pu+F+I+G4   15208.951    74  30565.903    30568.986    31025.391
 33  TPM2+F        15697.268    72  31538.537    31541.455    31985.607
 34  TPM2+F+I      15271.748    73  30689.495    30692.495    31142.775
 35  TPM2+F+G4     15223.045    73  30592.091    30595.091    31045.370
 36  TPM2+F+I+G4   15208.952    74  30565.904    30568.988    31025.393
 37  TPM2u+F       15697.268    72  31538.536    31541.454    31985.606
 38  TPM2u+F+I     15271.747    73  30689.493    30692.494    31142.773
 39  TPM2u+F+G4    15223.045    73  30592.091    30595.091    31045.371
 40  TPM2u+F+I+G4  15208.946    74  30565.893    30568.976    31025.382
 41  TPM3+F        15699.202    72  31542.405    31545.323    31989.475
 42  TPM3+F+I      15271.961    73  30689.923    30692.923    31143.202
 43  TPM3+F+G4     15223.473    73  30592.946    30595.947    31046.226
 44  TPM3+F+I+G4   15209.302    74  30566.603    30569.687    31026.092
 45  TPM3u+F       15699.202    72  31542.405    31545.323    31989.475
 46  TPM3u+F+I     15271.961    73  30689.922    30692.922    31143.201
 47  TPM3u+F+G4    15223.473    73  30592.946    30595.946    31046.225
 48  TPM3u+F+I+G4  15209.297    74  30566.593    30569.677    31026.082
 49  TIMe          15743.019    70  31626.038    31628.796    32060.690
 50  TIMe+I        15308.180    71  30758.361    30761.198    31199.222
 51  TIMe+G4       15265.380    71  30672.759    30675.597    31113.620
 52  TIMe+I+G4     15252.944    72  30649.887    30652.806    31096.957
 53  TIM+F         15638.730    73  31423.460    31426.461    31876.740
 54  TIM+F+I       15221.901    74  30591.802    30594.885    31051.291
 55  TIM+F+G4      15175.489    74  30498.978    30502.062    30958.467
 56  TIM+F+I+G4    15163.618    75  30477.237    30480.404    30942.935
 57  TIM2e         15744.427    70  31628.854    31631.612    32063.506
 58  TIM2e+I       15308.039    71  30758.078    30760.915    31198.939
 59  TIM2e+G4      15265.346    71  30672.693    30675.530    31113.554
 60  TIM2e+I+G4    15252.793    72  30649.587    30652.505    31096.657
 61  TIM2+F        15637.912    73  31421.825    31424.825    31875.104
 62  TIM2+F+I      15222.421    74  30592.842    30595.925    31052.331
 63  TIM2+F+G4     15175.752    74  30499.504    30502.588    30958.993
 64  TIM2+F+I+G4   15163.855    75  30477.709    30480.877    30943.407
 65  TIM3e         15744.163    70  31628.325    31631.083    32062.977
 66  TIM3e+I       15309.597    71  30761.193    30764.031    31202.054
 67  TIM3e+G4      15266.797    71  30675.593    30678.431    31116.454
 68  TIM3e+I+G4    15254.313    72  30652.626    30655.544    31099.696
 69  TIM3+F        15639.867    73  31425.734    31428.734    31879.013
 70  TIM3+F+I      15222.701    74  30593.403    30596.486    31052.892
 71  TIM3+F+G4     15175.959    74  30499.917    30503.001    30959.406
 72  TIM3+F+I+G4   15164.035    75  30478.070    30481.238    30943.768
 73  TVMe          15756.643    71  31655.285    31658.123    32096.146
 74  TVMe+I        15313.417    72  30770.833    30773.752    31217.904
 75  TVMe+G4       15271.284    72  30686.569    30689.487    31133.639
 76  TVMe+I+G4     15258.071    73  30662.142    30665.142    31115.421
 77  TVM+F         15695.932    74  31539.864    31542.947    31999.353
 78  TVM+F+I       15270.416    75  30690.832    30693.999    31156.530
 79  TVM+F+G4      15221.443    75  30592.886    30596.053    31058.584
 80  TVM+F+I+G4    15207.194    76  30566.388    30569.641    31038.295
 81  SYM           15742.817    72  31629.634    31632.553    32076.704
 82  SYM+I         15306.769    73  30759.537    30762.538    31212.817
 83  SYM+G4        15264.017    73  30674.033    30677.034    31127.313
 84  SYM+I+G4      15251.443    74  30650.886    30653.970    31110.375
 85  GTR+F         15636.580    75  31423.160    31426.327    31888.858
 86  GTR+F+I       15221.076    76  30594.152    30597.405    31066.060
 87  GTR+F+G4      15174.097    76  30500.193    30503.446    30972.101
 88  GTR+F+I+G4    15162.194    77  30478.388    30481.728    30956.505
Akaike Information Criterion:           TN+F+I+G4
Corrected Akaike Information Criterion: TN+F+I+G4
Bayesian Information Criterion:         TN+F+I+G4
Best-fit model: TN+F+I+G4 chosen according to BIC

All model information printed to 1_set273.model.gz
CPU time for ModelFinder: 47.648 seconds (0h:0m:47s)
Wall-clock time for ModelFinder: 24.567 seconds (0h:0m:24s)
Generating 1000 samples for ultrafast bootstrap (seed: 363329)...

NOTE: 8 MB RAM (0 GB) is required!
Measuring multi-threading efficiency up to 8 CPU cores
Increase to 10 rounds for branch lengths
107 trees examined
Threads: 1 / Time: 8.050 sec / Speedup: 1.000 / Efficiency: 100% / LogL: -21656
Threads: 2 / Time: 5.558 sec / Speedup: 1.448 / Efficiency: 72% / LogL: -21656
Threads: 3 / Time: 4.405 sec / Speedup: 1.827 / Efficiency: 61% / LogL: -21656
Threads: 4 / Time: 3.863 sec / Speedup: 2.084 / Efficiency: 52% / LogL: -21656
Threads: 5 / Time: 5.729 sec / Speedup: 1.405 / Efficiency: 28% / LogL: -21656
BEST NUMBER OF THREADS: 4

Estimate model parameters (epsilon = 0.100)
Thoroughly optimizing +I+G parameters from 10 start values...
Init pinv, alpha: 0.000, 1.000 / Estimate: 0.000, 0.312 / LogL: -15176.382
Init pinv, alpha: 0.080, 1.000 / Estimate: 0.083, 0.365 / LogL: -15172.595
Init pinv, alpha: 0.161, 1.000 / Estimate: 0.165, 0.436 / LogL: -15169.357
Init pinv, alpha: 0.241, 1.000 / Estimate: 0.246, 0.534 / LogL: -15166.759
Init pinv, alpha: 0.321, 1.000 / Estimate: 0.325, 0.676 / LogL: -15165.004
Init pinv, alpha: 0.402, 1.000 / Estimate: 0.401, 0.894 / LogL: -15164.512
Init pinv, alpha: 0.482, 1.000 / Estimate: 0.463, 1.187 / LogL: -15165.736
Init pinv, alpha: 0.562, 1.000 / Estimate: 0.462, 1.182 / LogL: -15165.709
Init pinv, alpha: 0.642, 1.000 / Estimate: 0.461, 1.178 / LogL: -15165.684
Init pinv, alpha: 0.723, 1.000 / Estimate: 0.462, 1.183 / LogL: -15165.719
Optimal pinv,alpha: 0.401, 0.894 / LogL: -15164.512

Parameters optimization took 1.836 sec
Computing ML distances based on estimated model parameters... 0.033 sec
Computing BIONJ tree...
0.001 seconds
Log-likelihood of BIONJ tree: -15187.783
--------------------------------------------------------------------
|             INITIALIZING CANDIDATE TREE SET                      |
--------------------------------------------------------------------
Generating 98 parsimony trees... 0.581 second
Computing log-likelihood of 98 initial trees ... 1.109 seconds
Current best score: -15164.512

Do NNI search on 20 best initial trees
Estimate model parameters (epsilon = 0.100)
BETTER TREE FOUND at iteration 1: -15161.442
UPDATE BEST LOG-LIKELIHOOD: -15161.442
Iteration 10 / LogL: -15161.442 / Time: 0h:0m:56s
UPDATE BEST LOG-LIKELIHOOD: -15161.442
Iteration 20 / LogL: -15161.442 / Time: 0h:0m:58s
Finish initializing candidate tree set (4)
Current best tree score: -15161.442 / CPU time: 4.343
Number of iterations: 20
--------------------------------------------------------------------
|               OPTIMIZING CANDIDATE TREE SET                      |
--------------------------------------------------------------------
UPDATE BEST LOG-LIKELIHOOD: -15161.442
Iteration 30 / LogL: -15161.446 / Time: 0h:0m:59s (0h:1m:26s left)
UPDATE BEST LOG-LIKELIHOOD: -15161.442
Iteration 40 / LogL: -15185.010 / Time: 0h:1m:1s (0h:0m:57s left)
Iteration 50 / LogL: -15161.443 / Time: 0h:1m:2s (0h:0m:39s left)
Log-likelihood cutoff on original alignment: -15215.208
UPDATE BEST LOG-LIKELIHOOD: -15161.442
Iteration 60 / LogL: -15185.695 / Time: 0h:1m:4s (0h:0m:27s left)
Iteration 70 / LogL: -15161.468 / Time: 0h:1m:5s (0h:0m:18s left)
UPDATE BEST LOG-LIKELIHOOD: -15161.442
Iteration 80 / LogL: -15161.539 / Time: 0h:1m:7s (0h:0m:11s left)
Iteration 90 / LogL: -15185.051 / Time: 0h:1m:8s (0h:0m:5s left)
Iteration 100 / LogL: -15161.939 / Time: 0h:1m:9s (0h:0m:0s left)
Log-likelihood cutoff on original alignment: -15215.208
NOTE: Bootstrap correlation coefficient of split occurrence frequencies: 1.000
TREE SEARCH COMPLETED AFTER 102 ITERATIONS / Time: 0h:1m:10s

--------------------------------------------------------------------
|                    FINALIZING TREE SEARCH                        |
--------------------------------------------------------------------
Performs final model parameters optimization
Estimate model parameters (epsilon = 0.010)
1. Initial log-likelihood: -15161.442
Optimal log-likelihood: -15161.439
Rate parameters:  A-C: 1.00000  A-G: 4.82937  A-T: 1.00000  C-G: 1.00000  C-T: 9.53159  G-T: 1.00000
Base frequencies:  A: 0.352  C: 0.213  G: 0.235  T: 0.200
Proportion of invariable sites: 0.401
Gamma shape alpha: 0.891
Parameters optimization took 1 rounds (0.017 sec)
BEST SCORE FOUND : -15161.439
Creating bootstrap support values...
Split supports printed to NEXUS file 1_set273.splits.nex
Total tree length: 0.645

Total number of iterations: 102
CPU time used for tree search: 57.769 sec (0h:0m:57s)
Wall-clock time used for tree search: 15.966 sec (0h:0m:15s)
Total CPU time used: 181.371 sec (0h:3m:1s)
Total wall-clock time used: 70.294 sec (0h:1m:10s)

Computing bootstrap consensus tree...
Reading input file 1_set273.splits.nex...
35 taxa and 158 splits.
Consensus tree written to 1_set273.contree
Reading input trees file 1_set273.contree
Log-likelihood of consensus tree: -15161.440

Analysis results written to: 
  IQ-TREE report:                1_set273.iqtree
  Maximum-likelihood tree:       1_set273.treefile
  Likelihood distances:          1_set273.mldist

Ultrafast bootstrap approximation results written to:
  Split support values:          1_set273.splits.nex
  Consensus tree:                1_set273.contree
  Screen log file:               1_set273.log

Date and Time: Fri Jul 27 19:19:36 2018
