IQ-TREE multicore version 1.6.7 for Mac OS X 64-bit built Aug 23 2018
Developed by Bui Quang Minh, Nguyen Lam Tung, Olga Chernomor,
Heiko Schmidt, Dominik Schrempf, Michael Woodhams.

Host:    meeps-mac-pro.staff.sydney.edu.au (AVX, 64 GB RAM)
Command: /Users/davidduchene/Desktop/Software/iqtree-1.6.7-MacOSX/bin/iqtree -s ../../../../marsupials/set203.fasta -m TESTMERGE -bb 1000 -spp ../../../../marsupials/set203.nex -nt AUTO -pre 4_set203
Seed:    354663 (Using SPRNG - Scalable Parallel Random Number Generator)
Time:    Sat Sep  8 00:24:11 2018
Kernel:  AVX - auto-detect threads (8 CPU cores detected)

Reading partition model file ../../../../marsupials/set203.nex ...
Reading alignment file ../../../../marsupials/set203.fasta ... Fasta format detected
Alignment most likely contains DNA/RNA sequences
Alignment has 35 sequences with 2991 columns, 1531 distinct patterns
963 parsimony-informative, 494 singleton sites, 1534 constant sites
                                              Gap/Ambiguity  Composition  p-value
   1  Burramyidae_Burramys_parvus                    31.23%    passed      7.22%
   2  Notoryctidae_Notoryctes_typhlops                2.47%    passed     31.27%
   3  Vombatidae_Lasiorhinus_latifrons                0.30%    passed     99.64%
   4  Potoroidae_Bettongia_penicillata                2.31%    passed     98.88%
   5  Potoroidae_Bettongia_lesueur                    0.23%    passed     99.62%
   6  Dasyuridae_Dasyurus_maculatus                   0.80%    passed     90.81%
   7  Phalangeridae_Trichosurus_vulpecula             0.03%    passed     94.79%
   8  Phalangeridae_Spilocuscus_maculatus             0.17%    passed     82.14%
   9  Potoroidae_Aepyprymnus_rufescens                0.37%    passed     99.49%
  10  Peramelidae_Perameles_nasuta                   12.47%    passed     19.25%
  11  Phalangeridae_Strigocuscus_pelengensis          3.11%    passed     82.55%
  12  Dasyuridae_Phascogale_tapoatafa                 0.77%    passed     91.01%
  13  Dasyuridae_Sminthopsis_macroura                 1.37%    passed     99.37%
  14  Phalangeridae_Phalanger_orientalis              0.17%    passed     83.55%
  15  Acrobatidae_Acrobates_pygmaeus                  1.20%    passed     76.29%
  16  Dasyuridae_Phascogale_calura                    0.84%    passed     88.56%
  17  Dasyuridae_Sarcophilus_harrisii                 0.84%    passed     95.01%
  18  Dasyuridae_Planigale_tenuirostris               5.62%    passed     98.95%
  19  Peramelidae_Echymipera_kalubu                   6.32%    passed     56.05%
  20  Macropodidae_Dorcopsulus_vanheurni              0.53%    passed     98.70%
  21  Pseudochiridae_Pseudochirulus_forbesi           9.33%    passed     49.69%
  22  Didelphidae_Didelphis_virginiana               10.70%    passed     82.02%
  23  Marmosidae_Monodelphis_domestica                0.30%    passed     94.26%
  24  Dasyuridae_Antechinus_stuartii                 32.06%    failed      1.39%
  25  Hypsiprymnodontidae_Hypsiprymnodon_moschatus    0.00%    passed     78.32%
  26  Microbiotheriidae_Dromiciops_gliroides          6.32%    passed     57.22%
  27  Pseudochiridae_Petauroides_volans               4.48%    passed     90.54%
  28  Macropodidae_Wallabia_bicolor                   0.53%    passed     99.96%
  29  Pseudochiridae_Pseudocheirus_occidentalis       3.81%    passed     94.77%
  30  Tarsipedidae_Tarsipes_rostratus                 0.67%    passed     20.82%
  31  Acrobatidae_Distoechurus_pennatus               0.57%    passed     72.85%
  32  Phalangeridae_Phalanger_carmelitae              0.03%    passed     78.05%
  33  Peramelidae_Peroryctes_raffrayana              13.31%    passed     37.69%
  34  Dasyuridae_Dasyurus_geffroii                    1.60%    passed     95.19%
  35  Peramelidae_Perameles_gunnii                   11.94%    passed     32.39%
****  TOTAL                                           4.77%  1 sequences failed composition chi2 test (p-value<5%; df=3)
NOTE: No CharPartition defined, use all CharSets

Loading 15 partitions...
Subset	Type	Seqs	Sites	Infor	Invar	Model	Name
1		34	310	80	196	TESTMERGE	part1.1
2		34	310	57	219	TESTMERGE	part1.2
3		34	310	168	80	TESTMERGE	part1.3
4		35	90	26	42	TESTMERGE	part2.1
5		35	90	25	52	TESTMERGE	part2.2
6		35	90	56	18	TESTMERGE	part2.3
7		34	295	83	165	TESTMERGE	part3.1
8		34	295	72	176	TESTMERGE	part3.2
9		34	295	153	80	TESTMERGE	part3.3
10		35	102	13	75	TESTMERGE	part4.1
11		35	102	19	70	TESTMERGE	part4.2
12		35	102	14	70	TESTMERGE	part4.3
13		35	200	56	107	TESTMERGE	part5.1
14		35	200	28	138	TESTMERGE	part5.2
15		35	200	113	46	TESTMERGE	part5.3
Degree of missing data: 0.017
Info: multi-threading strategy over partitions



Create initial parsimony tree by phylogenetic likelihood library (PLL)... 0.009 seconds
NOTE: ModelFinder requires 15 MB RAM!
NUMBER OF THREADS FOR PARTITION FINDING: 8
Testing GTR+F+G on supermatrix...
GTR+F+G4 / LnL: -19478.632 / df: 76 / AIC: 39109.263 / AICc: 39113.280 / BIC: 39565.519
Selecting individual models for 15 charsets using BIC...
 No. Model        Score       Charset
   1 K2P+G4       3090.379    part3.2
   2 K2P+G4       3295.886    part1.1
   3 TN+F+G4      3581.714    part3.1
   4 TIM2e+G4     2445.965    part5.1
   5 TIM3+F+G4    2750.912    part1.2
   6 K2P+G4       5266.256    part3.3
   7 TIM+F+G4     3834.958    part5.3
   8 TVMe+G4      5636.006    part1.3
   9 K3P+G4       1265.478    part2.1
  10 K2P+G4       1004.196    part4.2	0h:0m:12s (0h:4m:7s left)
  11 K2P+I        1033.104    part2.2	0h:0m:13s (0h:4m:2s left)
  12 TN+F+G4      880.461     part4.3	0h:0m:13s (0h:3m:42s left)
  13 HKY+F+G4     863.186     part4.1	0h:0m:13s (0h:3m:27s left)
  14 K2P+G4       1995.623    part2.3	0h:0m:13s (0h:3m:12s left)
  15 HKY+F+I      1679.628    part5.2	0h:0m:14s (0h:3m:10s left)
Full partition model BIC score: 39361.109 (LnL: -19116.317  df:141)
Merging models to increase model fit (about 211 total partition schemes)...
  16 K3P+G4       39414.637   part3.2+part3.3	0h:0m:23s (0h:4m:47s left)
  17 TVMe+G4      39431.139   part1.1+part1.3	0h:0m:24s (0h:4m:40s left)
  18 TN+F+G4      39426.480   part3.1+part3.3	0h:0m:24s (0h:4m:25s left)
  19 K3P+G4       39337.719   part3.3+part5.3	0h:0m:25s (0h:4m:12s left)
  20 K3P+G4       39411.276   part1.3+part3.2	0h:0m:25s (0h:4m:7s left)
  21 TIM2+F+G4    39434.335   part1.3+part3.1	0h:0m:26s (0h:4m:1s left)
  22 TVMe+G4      39315.731   part1.3+part5.3	0h:0m:27s (0h:3m:56s left)
  23 K3P+G4       39333.870   part1.3+part3.3	0h:0m:27s (0h:3m:48s left)
  24 K2P+G4       39424.926   part1.1+part3.3	0h:0m:35s (0h:4m:32s left)
  25 K2P+G4       39477.982   part1.2+part1.3	0h:0m:36s (0h:4m:29s left)
  26 K2P+G4       39466.717   part1.2+part3.3	0h:0m:36s (0h:4m:19s left)
  27 K2P+G4       39382.451   part3.3+part5.1	0h:0m:37s (0h:4m:15s left)
  28 TIM2e+G4     39384.861   part1.3+part5.1	0h:0m:38s (0h:4m:8s left)
  29 K3P+G4       39337.552   part1.3+part2.3	0h:0m:38s (0h:4m:1s left)
  30 TVM+F+G4     39472.216   part1.3+part5.2	0h:0m:38s (0h:3m:53s left)
  31 TVMe+G4      39436.194   part3.1+part5.3	0h:0m:40s (0h:3m:52s left)
  32 TVMe+G4      39404.773   part3.2+part5.3	0h:0m:44s (0h:4m:11s left)
  33 K2P+G4       39343.296   part2.3+part3.3	0h:0m:46s (0h:4m:9s left)
  34 K3Pu+F+G4    39353.263   part3.1+part3.2	0h:0m:46s (0h:4m:1s left)
  35 K2P+G4       39480.301   part3.3+part5.2	0h:0m:46s (0h:3m:55s left)
  36 TVMe+G4      39415.609   part1.1+part5.3	0h:0m:47s (0h:3m:52s left)
  37 TPM2+F+G4    39362.968   part1.1+part3.1	0h:0m:49s (0h:3m:50s left)
  38 K3P+G4       39345.451   part1.3+part2.1	0h:0m:49s (0h:3m:45s left)
  39 K3P+G4       39403.742   part1.3+part4.2	0h:0m:50s (0h:3m:44s left)
  40 K3P+G4       39352.884   part2.1+part3.3	0h:0m:54s (0h:3m:51s left)
  41 TVMe+G4      39403.549   part1.3+part4.3	0h:0m:55s (0h:3m:49s left)
  42 K2P+G4       39339.149   part1.1+part3.2	0h:0m:56s (0h:3m:47s left)
  43 K3P+G4       39374.322   part1.3+part2.2	0h:0m:56s (0h:3m:42s left)
  44 K2P+G4       39373.871   part2.2+part3.3	0h:0m:57s (0h:3m:39s left)
  45 K2P+I        39398.494   part3.3+part4.2	0h:0m:57s (0h:3m:33s left)
  46 TIM2+F+G4    39444.661   part1.2+part5.3	0h:0m:58s (0h:3m:31s left)
  47 K3P+G4       39403.231   part1.3+part4.1	0h:0m:59s (0h:3m:28s left)
  48 K2P+G4       39398.445   part3.3+part4.3	0h:1m:5s (0h:3m:43s left)
  49 K2P+G4       39402.371   part3.3+part4.1	0h:1m:6s (0h:3m:39s left)
  50 TN+F+G4      39351.958   part1.2+part3.2	0h:1m:8s (0h:3m:40s left)
  51 TIM3e+G4     39381.001   part1.2+part3.1	0h:1m:8s (0h:3m:35s left)
  52 TPM2u+F+G4   39354.779   part3.1+part5.1	0h:1m:10s (0h:3m:35s left)
  53 TN+F+G4      39341.149   part1.1+part1.2	0h:1m:11s (0h:3m:31s left)
  54 K2P+G4       39336.665   part3.2+part5.1	0h:1m:12s (0h:3m:30s left)
  55 TIM2e+G4     39376.571   part5.1+part5.3	0h:1m:12s (0h:3m:25s left)
  56 K3P+G4       39341.593   part2.3+part5.3	0h:1m:15s (0h:3m:29s left)
  57 K2P+G4       39339.423   part1.1+part5.1	0h:1m:19s (0h:3m:34s left)
  58 TIM+F+G4     39392.728   part2.3+part3.1	0h:1m:19s (0h:3m:30s left)
  59 TIM+F+G4     39461.031   part5.2+part5.3	0h:1m:20s (0h:3m:28s left)
  60 K3Pu+F+G4    39353.376   part3.2+part5.2	0h:1m:21s (0h:3m:25s left)
  61 K2P+G4       39395.566   part2.3+part3.2	0h:1m:21s (0h:3m:21s left)
  62 TN+F+G4      39336.389   part1.2+part5.1	0h:1m:23s (0h:3m:20s left)
  63 HKY+F+G4     39387.498   part3.1+part5.2	0h:1m:23s (0h:3m:17s left)
  64 TVMe+G4      39353.264   part2.1+part5.3	0h:1m:26s (0h:3m:17s left)
  65 K2P+G4       39397.739   part1.1+part2.3	0h:1m:27s (0h:3m:16s left)
  66 TIM+F+G4     39377.889   part2.2+part5.3	0h:1m:28s (0h:3m:13s left)
  67 K3P+G4       39338.082   part2.1+part3.2	0h:1m:28s (0h:3m:9s left)
  68 TIM+F+G4     39335.028   part2.1+part3.1	0h:1m:28s (0h:3m:5s left)
  69 TIM+F+G4     39389.001   part4.2+part5.3	0h:1m:28s (0h:3m:2s left)
  70 TPM3u+F+G4   39367.565   part1.1+part5.2	0h:1m:29s (0h:3m:0s left)
  71 GTR+F+G4     39381.836   part4.3+part5.3	0h:1m:30s (0h:2m:58s left)
  72 TVMe+G4      39401.901   part4.1+part5.3	0h:1m:33s (0h:3m:1s left)
  73 HKY+F+G4     39369.442   part3.1+part4.2	0h:1m:35s (0h:3m:0s left)
  74 HKY+F+G4     39372.704   part3.1+part4.3	0h:1m:36s (0h:2m:59s left)
  75 HKY+F+I      39350.218   part2.2+part3.1	0h:1m:36s (0h:2m:55s left)
  76 K2P+G4       39342.609   part3.2+part4.2	0h:1m:37s (0h:2m:52s left)
  77 K2P+G4       39336.094   part3.2+part4.3	0h:1m:37s (0h:2m:50s left)
  78 TIM3+F+G4    39424.695   part1.2+part2.3	0h:1m:38s (0h:2m:48s left)
  79 K2P+G4       39342.222   part1.1+part2.1	0h:1m:39s (0h:2m:46s left)
  80 K2P+G4       39338.727   part2.2+part3.2	0h:1m:42s (0h:2m:47s left)
  81 HKY+F+G4     39333.071   part3.1+part4.1	0h:1m:44s (0h:2m:47s left)
  82 K2P+G4       39334.125   part3.2+part4.1	0h:1m:44s (0h:2m:44s left)
  83 K2P+G4       39339.996   part1.1+part4.2	0h:1m:45s (0h:2m:43s left)
  84 K2P+G4       39340.331   part1.1+part2.2	0h:1m:46s (0h:2m:41s left)
  85 TN+F+G4      39340.364   part1.2+part5.2	0h:1m:47s (0h:2m:38s left)
  86 K2P+G4       39336.851   part1.1+part4.3	0h:1m:47s (0h:2m:36s left)
  87 K2P+G4       39380.517   part2.3+part5.1	0h:1m:48s (0h:2m:35s left)
  88 K2P+G4       39331.578   part1.1+part4.1	0h:1m:50s (0h:2m:34s left)
  89 TN+F+G4      39340.846   part1.2+part4.2	0h:1m:52s (0h:2m:34s left)
  90 TN+F+G4      39355.003   part1.2+part2.1	0h:1m:53s (0h:2m:33s left)
  91 TPM3u+F+G4   39361.308   part5.1+part5.2	0h:1m:54s (0h:2m:30s left)
  92 TNe+G4       39331.007   part1.2+part4.1	0h:1m:56s (0h:2m:31s left)
  93 TIM3+F+G4    39340.179   part1.2+part2.2	0h:1m:56s (0h:2m:28s left)
  94 TIM3+F+G4    39328.074   part1.2+part4.3	0h:1m:57s (0h:2m:25s left)
  95 K2P+G4       39339.364   part4.2+part5.1	0h:1m:59s (0h:2m:25s left)
  96 K2P+G4       39331.691   part2.1+part5.1	0h:2m:1s (0h:2m:25s left)
  97 TIM2e+G4     39334.249   part4.3+part5.1	0h:2m:3s (0h:2m:25s left)
  98 HKY+F+G4     39429.588   part2.3+part5.2	0h:2m:6s (0h:2m:25s left)
  99 K2P+G4       39336.850   part2.2+part5.1	0h:2m:6s (0h:2m:22s left)
 100 K2P+G4       39334.348   part4.1+part5.1	0h:2m:7s (0h:2m:21s left)
 101 K2P+G4       39356.374   part2.1+part2.3	0h:2m:8s (0h:2m:19s left)
 102 K3Pu+F+G4    39362.458   part2.1+part5.2	0h:2m:10s (0h:2m:18s left)
 103 K2P+G4       39393.206   part2.3+part4.2	0h:2m:10s (0h:2m:16s left)
 104 K2P+G4       39391.847   part2.3+part4.3	0h:2m:12s (0h:2m:16s left)
 105 K2P+G4       39375.441   part2.2+part2.3	0h:2m:15s (0h:2m:16s left)
 106 TPM3u+F+G4   39363.956   part4.2+part5.2	0h:2m:16s (0h:2m:15s left)
 107 HKY+F+G4     39364.374   part4.3+part5.2	0h:2m:16s (0h:2m:12s left)
 108 K2P+G4       39344.664   part2.1+part4.2	0h:2m:16s (0h:2m:10s left)
 109 K2P+G4       39389.875   part2.3+part4.1	0h:2m:17s (0h:2m:8s left)
 110 HKY+F+I      39352.032   part2.2+part5.2	0h:2m:18s (0h:2m:7s left)
 111 K2P+G4       39339.660   part2.1+part2.2	0h:2m:19s (0h:2m:5s left)
 112 HKY+F+G4     39369.874   part4.1+part5.2	0h:2m:20s (0h:2m:4s left)
 113 K2P+G4       39340.875   part2.1+part4.3	0h:2m:22s (0h:2m:3s left)
 114 K2P+G4       39329.007   part4.1+part4.2	0h:2m:23s (0h:2m:1s left)
 115 K2P+I        39342.300   part2.2+part4.2	0h:2m:23s (0h:1m:59s left)
 116 K2P+G4       39339.439   part2.1+part4.1	0h:2m:23s (0h:1m:57s left)
 117 TN+F+G4      39334.396   part4.2+part4.3	0h:2m:23s (0h:1m:55s left)
 118 HKY+F+G4     39329.218   part4.1+part4.3	0h:2m:23s (0h:1m:53s left)
 119 TNe+G4       39339.147   part2.2+part4.3	0h:2m:23s (0h:1m:51s left)
 120 K2P+G4       39334.028   part2.2+part4.1	0h:2m:24s (0h:1m:49s left)
Merging part1.3+part5.3 with BIC score: 39315.731 (LnL: -19125.642  df: 133)
 121 TIM2+F+G4    39486.685   part1.2+part1.3+part5.3	0h:2m:40s (0h:1m:59s left)
 122 TVMe+G4      39412.353   part1.1+part1.3+part5.3	0h:2m:41s (0h:1m:57s left)
 123 GTR+F+G4     39475.244   part1.3+part5.2+part5.3	0h:2m:41s (0h:1m:55s left)
 124 TVMe+G4      39302.326   part1.3+part2.3+part5.3	0h:2m:41s (0h:1m:53s left)
 125 TVMe+G4      39393.873   part1.3+part3.2+part5.3	0h:2m:41s (0h:1m:51s left)
 126 TVMe+G4      39355.465   part1.3+part5.1+part5.3	0h:2m:43s (0h:1m:50s left)
 127 TVMe+G4      39306.301   part1.3+part3.3+part5.3	0h:2m:43s (0h:1m:48s left)
 128 TVMe+G4      39421.233   part1.3+part3.1+part5.3	0h:2m:44s (0h:1m:46s left)
 129 TVMe+G4      39345.311   part1.3+part2.2+part5.3	0h:2m:52s (0h:1m:49s left)
 130 TVMe+G4      39374.471   part1.3+part4.2+part5.3	0h:2m:52s (0h:1m:47s left)
 131 TVMe+G4      39367.188   part1.3+part4.3+part5.3	0h:2m:52s (0h:1m:45s left)
 132 TVMe+G4      39372.910   part1.3+part4.1+part5.3	0h:2m:53s (0h:1m:43s left)
 133 TVMe+G4      39310.408   part1.3+part2.1+part5.3	0h:2m:53s (0h:1m:41s left)
Merging part1.2+part4.3 with BIC score: 39282.696 (LnL: -19137.136  df: 126)
 134 TIM3+F+G4    39282.378   part1.2+part2.1+part4.3	0h:3m:2s (0h:1m:45s left)
 135 TIM3+F+G4    39356.775   part1.2+part2.3+part4.3	0h:3m:3s (0h:1m:43s left)
 136 TN+F+G4      39276.706   part1.2+part4.3+part5.2	0h:3m:4s (0h:1m:41s left)
 137 TN+F+G4      39269.612   part1.1+part1.2+part4.3	0h:3m:5s (0h:1m:40s left)
 138 TIM3e+G4     39305.928   part1.2+part3.1+part4.3	0h:3m:6s (0h:1m:38s left)
 139 K2P+G4       39274.091   part1.2+part3.2+part4.3	0h:3m:6s (0h:1m:36s left)
 140 K2P+G4       39410.787   part1.2+part3.3+part4.3	0h:3m:8s (0h:1m:35s left)
 141 TIM2+F+G4    39484.182   part1.2+part1.3+part4.3+part5.3	0h:3m:11s (0h:1m:35s left)
 142 TN+F+G4      39258.012   part1.2+part4.2+part4.3	0h:3m:12s (0h:1m:33s left)
 143 TIM3+F+G4    39261.588   part1.2+part2.2+part4.3	0h:3m:12s (0h:1m:31s left)
 144 TNe+G4       39253.214   part1.2+part4.1+part4.3	0h:3m:12s (0h:1m:29s left)
 145 TN+F+G4      39260.888   part1.2+part4.3+part5.1	0h:3m:13s (0h:1m:28s left)
Merging part4.1+part4.2 with BIC score: 39250.594 (LnL: -19145.095  df: 120)
 146 K2P+G4       39240.003   part2.1+part4.1+part4.2	0h:3m:18s (0h:1m:28s left)
 147 K2P+G4       39303.199   part2.3+part4.1+part4.2	0h:3m:18s (0h:1m:26s left)
 148 K2P+G4       39235.342   part3.2+part4.1+part4.2	0h:3m:19s (0h:1m:25s left)
 149 HKY+F+G4     39258.867   part3.1+part4.1+part4.2	0h:3m:20s (0h:1m:23s left)
 150 K2P+G4       39231.205   part1.1+part4.1+part4.2	0h:3m:20s (0h:1m:21s left)
 151 TNe+G4       39232.588   part1.2+part4.1+part4.2+part4.3	0h:3m:22s (0h:1m:20s left)
 152 K2P+G4       39333.111   part3.3+part4.1+part4.2	0h:3m:22s (0h:1m:18s left)
 153 K2P+G4       39234.035   part2.2+part4.1+part4.2	0h:3m:22s (0h:1m:16s left)
 154 K2P+G4       39234.993   part4.1+part4.2+part5.1	0h:3m:23s (0h:1m:15s left)
 155 K2P+G4       39264.664   part4.1+part4.2+part5.2	0h:3m:24s (0h:1m:13s left)
 156 TVMe+G4      39373.684   part1.3+part4.1+part4.2+part5.3	0h:3m:25s (0h:1m:12s left)
Merging part2.1+part5.1 with BIC score: 39221.176 (LnL: -19154.396  df: 114)
 157 TPM3u+F+G4   39233.311   part2.1+part5.1+part5.2	0h:3m:35s (0h:1m:14s left)
 158 K2P+G4       39244.151   part2.1+part2.3+part5.1	0h:3m:36s (0h:1m:12s left)
 159 K3P+G4       39204.515   part2.1+part3.2+part5.1	0h:3m:36s (0h:1m:10s left)
 160 TPM2u+F+G4   39213.193   part2.1+part3.1+part5.1	0h:3m:36s (0h:1m:9s left)
 161 K2P+G4       39248.714   part2.1+part3.3+part5.1	0h:3m:38s (0h:1m:7s left)
 162 K2P+G4       39207.111   part1.1+part2.1+part5.1	0h:3m:38s (0h:1m:6s left)
 163 TN+F+G4      39218.940   part1.2+part2.1+part4.3+part5.1	0h:3m:39s (0h:1m:4s left)
 164 K2P+G4       39202.186   part2.1+part2.2+part5.1	0h:3m:42s (0h:1m:3s left)
 165 K2P+G4       39216.339   part2.1+part4.1+part4.2+part5.1	0h:3m:42s (0h:1m:2s left)
 166 TVMe+G4      39271.980   part1.3+part2.1+part5.1+part5.3	0h:3m:43s (0h:1m:0s left)
Merging part2.2+part3.2 with BIC score: 39198.794 (LnL: -19155.210  df: 111)
 167 K2P+G4       39185.099   part2.2+part3.2+part4.1+part4.2	0h:3m:53s (0h:1m:1s left)
 168 K2P+G4       39237.209   part2.2+part2.3+part3.2	0h:3m:55s (0h:1m:0s left)
 169 HKY+F+G4     39194.812   part2.2+part3.1+part3.2	0h:3m:55s (0h:0m:58s left)
 170 K2P+G4       39261.164   part2.2+part3.2+part3.3	0h:3m:56s (0h:0m:57s left)
 171 K2P+G4       39177.521   part1.1+part2.2+part3.2	0h:3m:56s (0h:0m:55s left)
 172 TIM3+F+G4    39194.216   part1.2+part2.2+part3.2+part4.3	0h:3m:57s (0h:0m:53s left)
 173 K2P+G4       39182.308   part2.1+part2.2+part3.2+part5.1	0h:3m:57s (0h:0m:52s left)
 174 HKY+F+G4     39191.642   part2.2+part3.2+part5.2	0h:4m:0s (0h:0m:51s left)
 175 TVMe+G4      39302.270   part1.3+part2.2+part3.2+part5.3	0h:4m:0s (0h:0m:49s left)
Merging part1.1+part2.2+part3.2 with BIC score: 39177.521 (LnL: -19156.579  df: 108)
 176 K2P+G4       39162.277   part1.1+part2.2+part3.2+part4.1+part4.2	0h:4m:13s (0h:0m:50s left)
 177 K2P+G4       39222.637   part1.1+part2.2+part2.3+part3.2	0h:4m:16s (0h:0m:49s left)
 178 K3Pu+F+G4    39189.415   part1.1+part2.2+part3.2+part5.2	0h:4m:17s (0h:0m:47s left)
 179 K3Pu+F+G4    39186.184   part1.1+part2.2+part3.1+part3.2	0h:4m:18s (0h:0m:46s left)
 180 K2P+G4       39170.922   part1.1+part1.2+part2.2+part3.2+part4.3	0h:4m:18s (0h:0m:44s left)
 181 K2P+G4       39264.632   part1.1+part2.2+part3.2+part3.3	0h:4m:18s (0h:0m:42s left)
 182 K2P+G4       39164.122   part1.1+part2.1+part2.2+part3.2+part5.1	0h:4m:19s (0h:0m:41s left)
 183 TVMe+G4      39330.083   part1.1+part1.3+part2.2+part3.2+part5.3	0h:4m:22s (0h:0m:40s left)
Merging part1.2+part4.1+part4.2+part4.3 with BIC score: 39159.515 (LnL: -19175.588  df: 101)
 184 TN+F+G4      39174.439   part1.2+part4.1+part4.2+part4.3+part5.2	0h:4m:32s (0h:0m:39s left)
 185 TNe+G4       39237.888   part1.2+part2.3+part4.1+part4.2+part4.3	0h:4m:32s (0h:0m:38s left)
 186 TNe+G4       39184.134   part1.2+part3.1+part4.1+part4.2+part4.3	0h:4m:33s (0h:0m:36s left)
 187 TNe+G4       39159.772   part1.2+part2.1+part4.1+part4.2+part4.3+part5.1	0h:4m:34s (0h:0m:35s left)
 188 K2P+G4       39306.825   part1.2+part3.3+part4.1+part4.2+part4.3	0h:4m:34s (0h:0m:33s left)
 189 K2P+G4       39152.070   part1.1+part1.2+part2.2+part3.2+part4.1+part4.2+part4.3	0h:4m:35s (0h:0m:32s left)
 190 TIM2+F+G4    39418.941   part1.2+part1.3+part4.1+part4.2+part4.3+part5.3	0h:4m:36s (0h:0m:30s left)
Merging part2.3+part3.3 with BIC score: 39141.702 (LnL: -19178.686  df: 98)
 191 K2P+G4       39283.531   part2.3+part3.3+part5.2	0h:4m:48s (0h:0m:30s left)
 192 TIM+F+G4     39224.576   part2.3+part3.1+part3.3	0h:4m:49s (0h:0m:28s left)
 193 K2P+G4       39338.853   part1.2+part2.3+part3.3+part4.1+part4.2+part4.3	0h:4m:50s (0h:0m:27s left)
 194 K2P+G4       39186.649   part2.1+part2.3+part3.3+part5.1	0h:4m:50s (0h:0m:25s left)
 195 K3P+G4       39266.585   part1.1+part2.2+part2.3+part3.2+part3.3	0h:4m:52s (0h:0m:24s left)
 196 K3P+G4       39128.974   part1.3+part2.3+part3.3+part5.3	0h:4m:54s (0h:0m:22s left)
Merging part1.1+part2.1+part2.2+part3.2+part5.1 with BIC score: 39128.302 (LnL: -19183.991  df: 95)
 197 TIM+F+G4     39140.201   part1.1+part2.1+part2.2+part3.2+part5.1+part5.2	0h:5m:10s (0h:0m:22s left)
 198 TPM2u+F+G4   39127.302   part1.1+part2.1+part2.2+part3.1+part3.2+part5.1	0h:5m:10s (0h:0m:20s left)
 199 TNe+G4       39127.594   part1.1+part1.2+part2.1+part2.2+part3.2+part4.1+part4.2+part4.3+part5.1	0h:5m:11s (0h:0m:18s left)
 200 K3P+G4       39249.052   part1.1+part2.1+part2.2+part2.3+part3.2+part3.3+part5.1	0h:5m:12s (0h:0m:17s left)
 201 TVMe+G4      39278.852   part1.1+part1.3+part2.1+part2.2+part3.2+part5.1+part5.3	0h:5m:16s (0h:0m:15s left)
Merging part1.3+part2.3+part3.3+part5.3 with BIC score: 39115.575 (LnL: -19197.636  df: 90)
 202 K3P+G4       39440.886   part1.2+part1.3+part2.3+part3.3+part4.1+part4.2+part4.3+part5.3	0h:5m:37s (0h:0m:15s left)
 203 K3P+G4       39286.910   part1.3+part2.3+part3.3+part5.2+part5.3	0h:5m:37s (0h:0m:13s left)
 204 TVMe+G4      39231.934   part1.3+part2.3+part3.1+part3.3+part5.3	0h:5m:38s (0h:0m:11s left)
 205 TVMe+G4      39333.116   part1.1+part1.3+part2.1+part2.2+part2.3+part3.2+part3.3+part5.1+part5.3	0h:5m:44s (0h:0m:10s left)
Merging part1.1+part2.1+part2.2+part3.1+part3.2+part5.1 with BIC score: 39114.575 (LnL: -19209.141  df: 87)
 206 K3Pu+F+G4    39123.379   part1.1+part2.1+part2.2+part3.1+part3.2+part5.1+part5.2	0h:6m:1s (0h:0m:8s left)
 207 TNe+G4       39131.365   part1.1+part1.2+part2.1+part2.2+part3.1+part3.2+part4.1+part4.2+part4.3+part5.1	0h:6m:3s (0h:0m:7s left)
 208 TVMe+G4      39368.583   part1.1+part1.3+part2.1+part2.2+part2.3+part3.1+part3.2+part3.3+part5.1+part5.3	0h:6m:12s (0h:0m:5s left)
BEST-FIT PARTITION MODEL: 
  charpartition BIC = TPM2u+F+G4: part1.1 part2.1 part2.2 part3.1 part3.2 part5.1, TNe+G4: part1.2 part4.1 part4.2 part4.3, K3P+G4: part1.3 part2.3 part3.3 part5.3, HKY+F+I: part5.2;
Agglomerative model selection: ((((part1.1,(part2.2,part3.2)5:39198.8)6:39177.5,(part2.1,part5.1)4:39221.2)9:39128.3,part3.1)11:39114.6,((part1.2,part4.3)2:39282.7,(part4.1,part4.2)3:39250.6)7:39159.5,((part1.3,part5.3)1:39315.7,(part2.3,part3.3)8:39141.7)10:39115.6,part5.2)
Merging into 4 partitions...
Partition information was printed to 4_set203.best_scheme.nex
Partition information in Raxml format was printed to 4_set203.best_scheme

All model information printed to 4_set203.model.gz
CPU time for ModelFinder: 536.267 seconds (0h:8m:56s)
Wall-clock time for ModelFinder: 374.053 seconds (0h:6m:14s)
Generating 1000 samples for ultrafast bootstrap (seed: 354663)...

NOTE: 13 MB RAM (0 GB) is required!
Measuring multi-threading efficiency up to 8 CPU cores
Increase to 10 rounds for branch lengths
20 trees examined
Threads: 1 / Time: 8.296 sec / Speedup: 1.000 / Efficiency: 100% / LogL: -29384
Threads: 2 / Time: 15.739 sec / Speedup: 0.527 / Efficiency: 26% / LogL: -29384
BEST NUMBER OF THREADS: 1

Estimate model parameters (epsilon = 0.100)
Initial log-likelihood: -20297.649
Current log-likelihood at step 1: -19657.628
Current log-likelihood at step 2: -19311.020
Current log-likelihood at step 3: -19288.883
Current log-likelihood at step 4: -19266.559
Current log-likelihood at step 5: -19230.182
Current log-likelihood at step 6: -19229.817
Current log-likelihood at step 7: -19229.448
Current log-likelihood at step 8: -19229.072
Current log-likelihood at step 9: -19228.689
Current log-likelihood at step 10: -19228.296
Current log-likelihood at step 11: -19227.894
Current log-likelihood at step 12: -19227.482
Current log-likelihood at step 13: -19227.060
Current log-likelihood at step 14: -19226.627
Current log-likelihood at step 15: -19226.182
Current log-likelihood at step 16: -19225.725
Current log-likelihood at step 17: -19225.254
Current log-likelihood at step 18: -19224.768
Current log-likelihood at step 19: -19224.268
Current log-likelihood at step 20: -19223.751
Current log-likelihood at step 21: -19223.217
Current log-likelihood at step 22: -19222.666
Current log-likelihood at step 23: -19222.095
Current log-likelihood at step 24: -19221.505
Current log-likelihood at step 25: -19220.894
Current log-likelihood at step 26: -19220.261
Current log-likelihood at step 27: -19219.606
Current log-likelihood at step 28: -19218.928
Current log-likelihood at step 29: -19218.227
Current log-likelihood at step 30: -19217.502
Current log-likelihood at step 31: -19216.756
Current log-likelihood at step 32: -19215.988
Current log-likelihood at step 33: -19215.204
Current log-likelihood at step 34: -19214.407
Current log-likelihood at step 35: -19209.161
Current log-likelihood at step 36: -19209.152
Partition-specific rates:  0.813 0.558 1.675 0.539
Parameters optimization took 35 rounds (9.180 sec)

Computing ML distances based on estimated model parameters... 0.053 sec
Computing BIONJ tree...
0.005 seconds
Log-likelihood of BIONJ tree: -19203.664
--------------------------------------------------------------------
|             INITIALIZING CANDIDATE TREE SET                      |
--------------------------------------------------------------------
Generating 98 parsimony trees... 3.395 second
Computing log-likelihood of 98 initial trees ... 13.923 seconds
Current best score: -19203.664

Do NNI search on 20 best initial trees
Estimate model parameters (epsilon = 0.100)
Initial log-likelihood: -19202.360
Current log-likelihood at step 1: -19202.322
Parameters optimization took 0 rounds (0.213 sec)

BETTER TREE FOUND at iteration 1: -19202.322
UPDATE BEST LOG-LIKELIHOOD: -19202.322
Iteration 10 / LogL: -19202.329 / Time: 0h:1m:1s
Iteration 20 / LogL: -19207.384 / Time: 0h:1m:16s
Finish initializing candidate tree set (4)
Current best tree score: -19202.322 / CPU time: 42.811
Number of iterations: 20
--------------------------------------------------------------------
|               OPTIMIZING CANDIDATE TREE SET                      |
--------------------------------------------------------------------
UPDATE BEST LOG-LIKELIHOOD: -19202.322
Iteration 30 / LogL: -19202.322 / Time: 0h:1m:31s (0h:3m:43s left)
Iteration 40 / LogL: -19202.324 / Time: 0h:1m:45s (0h:2m:45s left)
UPDATE BEST LOG-LIKELIHOOD: -19202.321
Iteration 50 / LogL: -19202.322 / Time: 0h:2m:0s (0h:2m:5s left)
Log-likelihood cutoff on original alignment: -19231.456
Iteration 60 / LogL: -19214.274 / Time: 0h:2m:15s (0h:1m:34s left)
Iteration 70 / LogL: -19202.322 / Time: 0h:2m:30s (0h:1m:7s left)
Iteration 80 / LogL: -19202.322 / Time: 0h:2m:42s (0h:0m:43s left)
Iteration 90 / LogL: -19202.323 / Time: 0h:2m:57s (0h:0m:21s left)
Iteration 100 / LogL: -19207.363 / Time: 0h:3m:10s (0h:0m:1s left)
Log-likelihood cutoff on original alignment: -19231.641
NOTE: Bootstrap correlation coefficient of split occurrence frequencies: 1.000
TREE SEARCH COMPLETED AFTER 102 ITERATIONS / Time: 0h:3m:13s

--------------------------------------------------------------------
|                    FINALIZING TREE SEARCH                        |
--------------------------------------------------------------------
Performs final model parameters optimization
Estimate model parameters (epsilon = 0.010)
Initial log-likelihood: -19202.321
Current log-likelihood at step 1: -19202.312
Partition-specific rates:  0.810 0.562 1.677 0.536
Parameters optimization took 0 rounds (0.187 sec)

BEST SCORE FOUND : -19202.312
Creating bootstrap support values...
Split supports printed to NEXUS file 4_set203.splits.nex
Total tree length: 1.104

Total number of iterations: 102
CPU time used for tree search: 73.850 sec (0h:1m:13s)
Wall-clock time used for tree search: 159.957 sec (0h:2m:39s)
Total CPU time used: 87.517 sec (0h:1m:27s)
Total wall-clock time used: 194.367 sec (0h:3m:14s)

Computing bootstrap consensus tree...
Reading input file 4_set203.splits.nex...
35 taxa and 116 splits.
Consensus tree written to 4_set203.contree
Reading input trees file 4_set203.contree
Log-likelihood of consensus tree: -19202.314

Analysis results written to: 
  IQ-TREE report:                4_set203.iqtree
  Maximum-likelihood tree:       4_set203.treefile
  Likelihood distances:          4_set203.mldist
  Best partitioning scheme:      4_set203.best_scheme.nex
           in RAxML format:      4_set203.best_scheme

Ultrafast bootstrap approximation results written to:
  Split support values:          4_set203.splits.nex
  Consensus tree:                4_set203.contree
  Screen log file:               4_set203.log

Date and Time: Sat Sep  8 00:33:40 2018
