IQ-TREE multicore version 1.6.3 for Mac OS X 64-bit built Mar 22 2018
Developed by Bui Quang Minh, Nguyen Lam Tung, Olga Chernomor,
Heiko Schmidt, Dominik Schrempf, Michael Woodhams.

Host:    meeps-mac-pro.staff.sydney.edu.au (AVX, 64 GB RAM)
Command: /Users/davidduchene/Desktop/Software/iqtree-1.6.3-MacOSX/bin/iqtree -s ../../../../marsupials/set149.fasta -m TEST -bb 1000 -nt AUTO -pre 1_set149
Seed:    933250 (Using SPRNG - Scalable Parallel Random Number Generator)
Time:    Fri Jul 27 16:50:17 2018
Kernel:  AVX - auto-detect threads (8 CPU cores detected)

Reading alignment file ../../../../marsupials/set149.fasta ... Fasta format detected
Alignment most likely contains DNA/RNA sequences
Alignment has 35 sequences with 2142 columns, 751 distinct patterns
466 parsimony-informative, 257 singleton sites, 1419 constant sites
                                              Gap/Ambiguity  Composition  p-value
   1  Burramyidae_Burramys_parvus                     0.56%    passed     98.37%
   2  Notoryctidae_Notoryctes_typhlops                1.54%    passed     99.24%
   3  Vombatidae_Lasiorhinus_latifrons                0.09%    passed     80.53%
   4  Potoroidae_Bettongia_penicillata                0.14%    passed     96.30%
   5  Potoroidae_Bettongia_lesueur                    0.09%    passed     95.04%
   6  Dasyuridae_Dasyurus_maculatus                   0.00%    passed     94.94%
   7  Phalangeridae_Trichosurus_vulpecula             4.58%    passed     85.87%
   8  Phalangeridae_Spilocuscus_maculatus             0.47%    passed     99.35%
   9  Potoroidae_Aepyprymnus_rufescens                0.33%    passed     99.86%
  10  Peramelidae_Perameles_nasuta                    0.70%    passed     85.49%
  11  Phalangeridae_Strigocuscus_pelengensis          2.43%    passed    100.00%
  12  Dasyuridae_Phascogale_tapoatafa                 0.09%    passed     98.21%
  13  Dasyuridae_Sminthopsis_macroura                 0.09%    passed     98.33%
  14  Phalangeridae_Phalanger_orientalis              0.19%    passed     99.61%
  15  Acrobatidae_Acrobates_pygmaeus                  6.91%    passed     99.73%
  16  Dasyuridae_Phascogale_calura                    0.05%    passed     97.20%
  17  Dasyuridae_Sarcophilus_harrisii                 0.09%    passed     98.16%
  18  Dasyuridae_Planigale_tenuirostris              11.48%    passed     99.32%
  19  Peramelidae_Echymipera_kalubu                   6.68%    passed     90.43%
  20  Macropodidae_Dorcopsulus_vanheurni              0.14%    passed     99.11%
  21  Pseudochiridae_Pseudochirulus_forbesi           0.14%    passed     99.89%
  22  Didelphidae_Didelphis_virginiana               11.48%    passed     91.47%
  23  Marmosidae_Monodelphis_domestica               10.69%    passed     93.57%
  24  Dasyuridae_Antechinus_stuartii                  1.91%    passed     98.51%
  25  Hypsiprymnodontidae_Hypsiprymnodon_moschatus    0.09%    passed     98.87%
  26  Microbiotheriidae_Dromiciops_gliroides          2.15%    passed     66.53%
  27  Pseudochiridae_Petauroides_volans               1.17%    passed     96.79%
  28  Macropodidae_Wallabia_bicolor                   0.28%    passed     99.62%
  29  Pseudochiridae_Pseudocheirus_occidentalis       2.43%    passed     99.27%
  30  Tarsipedidae_Tarsipes_rostratus                 0.98%    passed     86.92%
  31  Acrobatidae_Distoechurus_pennatus               0.09%    passed     94.98%
  32  Phalangeridae_Phalanger_carmelitae              0.09%    passed     99.73%
  33  Peramelidae_Peroryctes_raffrayana               2.99%    passed     95.41%
  34  Dasyuridae_Dasyurus_geffroii                    0.23%    passed     92.51%
  35  Peramelidae_Perameles_gunnii                    1.26%    passed     82.09%
****  TOTAL                                           2.08%  0 sequences failed composition chi2 test (p-value<5%; df=3)


Create initial parsimony tree by phylogenetic likelihood library (PLL)... 0.005 seconds
NOTE: ModelFinder requires 6 MB RAM!
ModelFinder will test 88 DNA models (sample size: 2142) ...
 No. Model         -LnL         df  AIC          AICc         BIC
Measuring multi-threading efficiency up to 8 CPU cores
Increase to 10 rounds for branch lengths
420 trees examined
Threads: 1 / Time: 8.007 sec / Speedup: 1.000 / Efficiency: 100% / LogL: -17789
Threads: 2 / Time: 6.071 sec / Speedup: 1.319 / Efficiency: 66% / LogL: -17789
Threads: 3 / Time: 5.190 sec / Speedup: 1.543 / Efficiency: 51% / LogL: -17789
Threads: 4 / Time: 5.386 sec / Speedup: 1.487 / Efficiency: 37% / LogL: -17789
BEST NUMBER OF THREADS: 3

  1  JC            11810.400    67  23754.801    23759.194    24134.657
  2  JC+I          11463.856    68  23063.712    23068.239    23449.238
  3  JC+G4         11423.856    68  22983.712    22988.239    23369.238
  4  JC+I+G4       11414.485    69  22966.970    22971.632    23358.165
  5  F81+F         11807.297    70  23754.595    23759.394    24151.459
  6  F81+F+I       11461.973    71  23065.946    23070.885    23468.480
  7  F81+F+G4      11421.498    71  22984.995    22989.934    23387.529
  8  F81+F+I+G4    11412.137    72  22968.273    22973.354    23376.477
  9  K2P           11268.343    68  22672.686    22677.213    23058.212
 10  K2P+I         10910.927    69  21959.854    21964.516    22351.049
 11  K2P+G4        10868.117    69  21874.235    21878.897    22265.430
 12  K2P+I+G4      10857.161    70  21854.323    21859.122    22251.187
 13  HKY+F         11264.781    71  22671.563    22676.502    23074.097
 14  HKY+F+I       10906.562    72  21957.124    21962.205    22365.328
 15  HKY+F+G4      10862.892    72  21869.784    21874.865    22277.988
 16  HKY+F+I+G4    10851.977    73  21849.954    21855.179    22263.828
 17  TNe           11264.199    69  22666.397    22671.059    23057.592
 18  TNe+I         10910.522    70  21961.045    21965.844    22357.909
 19  TNe+G4        10867.264    70  21874.527    21879.327    22271.392
 20  TNe+I+G4      10856.252    71  21854.503    21859.442    22257.037
 21  TN+F          11257.468    72  22658.935    22664.016    23067.139
 22  TN+F+I        10904.743    73  21955.486    21960.710    22369.359
 23  TN+F+G4       10860.412    73  21866.825    21872.049    22280.698
 24  TN+F+I+G4     10849.445    74  21846.889    21852.259    22266.432
 25  K3P           11264.746    69  22667.492    22672.155    23058.688
 26  K3P+I         10906.989    70  21953.978    21958.777    22350.842
 27  K3P+G4        10864.281    70  21868.562    21873.361    22265.427
 28  K3P+I+G4      10853.238    71  21848.477    21853.416    22251.011
 29  K3Pu+F        11261.298    72  22666.596    22671.677    23074.800
 30  K3Pu+F+I      10902.927    73  21951.854    21957.078    22365.727
 31  K3Pu+F+G4     10859.389    73  21864.778    21870.003    22278.651
 32  K3Pu+F+I+G4   10848.395    74  21844.789    21850.159    22264.332
 33  TPM2+F        11264.779    72  22673.558    22678.639    23081.762
 34  TPM2+F+I      10906.526    73  21959.053    21964.277    22372.926
 35  TPM2+F+G4     10862.893    73  21871.786    21877.010    22285.659
 36  TPM2+F+I+G4   10851.882    74  21851.764    21857.134    22271.307
 37  TPM2u+F       11264.779    72  22673.558    22678.639    23081.762
 38  TPM2u+F+I     10906.526    73  21959.053    21964.277    22372.926
 39  TPM2u+F+G4    10862.893    73  21871.786    21877.010    22285.659
 40  TPM2u+F+I+G4  10851.869    74  21851.738    21857.108    22271.281
 41  TPM3+F        11261.287    72  22666.574    22671.654    23074.777
 42  TPM3+F+I      10905.234    73  21956.467    21961.692    22370.340
 43  TPM3+F+G4     10861.709    73  21869.418    21874.642    22283.291
 44  TPM3+F+I+G4   10850.618    74  21849.236    21854.606    22268.779
 45  TPM3u+F       11261.286    72  22666.572    22671.653    23074.776
 46  TPM3u+F+I     10905.234    73  21956.467    21961.691    22370.340
 47  TPM3u+F+G4    10861.709    73  21869.418    21874.642    22283.291
 48  TPM3u+F+I+G4  10850.598    74  21849.197    21854.567    22268.739
 49  TIMe          11260.601    70  22661.201    22666.001    23058.066
 50  TIMe+I        10906.587    71  21955.174    21960.113    22357.708
 51  TIMe+G4       10863.448    71  21868.897    21873.836    22271.431
 52  TIMe+I+G4     10852.318    72  21848.635    21853.716    22256.839
 53  TIM+F         11253.985    73  22653.969    22659.193    23067.842
 54  TIM+F+I       10901.115    74  21950.231    21955.601    22369.773
 55  TIM+F+G4      10856.942    74  21861.883    21867.253    22281.426
 56  TIM+F+I+G4    10845.844    75  21841.689    21847.207    22266.901
 57  TIM2e         11264.034    70  22668.067    22672.867    23064.932
 58  TIM2e+I       10909.905    71  21961.810    21966.749    22364.344
 59  TIM2e+G4      10866.774    71  21875.547    21880.487    22278.082
 60  TIM2e+I+G4    10855.583    72  21855.165    21860.246    22263.369
 61  TIM2+F        11257.465    73  22660.930    22666.155    23074.803
 62  TIM2+F+I      10904.710    74  21957.419    21962.789    22376.962
 63  TIM2+F+G4     10860.411    74  21868.822    21874.192    22288.365
 64  TIM2+F+I+G4   10849.319    75  21848.639    21854.157    22273.851
 65  TIM3e         11260.291    70  22660.581    22665.381    23057.446
 66  TIM3e+I       10908.857    71  21959.714    21964.654    22362.249
 67  TIM3e+G4      10865.661    71  21873.322    21878.261    22275.856
 68  TIM3e+I+G4    10854.394    72  21852.788    21857.869    22260.992
 69  TIM3+F        11253.969    73  22653.938    22659.162    23067.811
 70  TIM3+F+I      10903.425    74  21954.850    21960.220    22374.392
 71  TIM3+F+G4     10859.206    74  21866.412    21871.782    22285.954
 72  TIM3+F+I+G4   10848.019    75  21846.039    21851.557    22271.251
 73  TVMe          11261.087    71  22664.175    22669.114    23066.709
 74  TVMe+I        10905.127    72  21954.253    21959.334    22362.457
 75  TVMe+G4       10862.610    72  21869.221    21874.301    22277.424
 76  TVMe+I+G4     10851.316    73  21848.633    21853.857    22262.506
 77  TVM+F         11258.163    74  22664.326    22669.696    23083.869
 78  TVM+F+I       10901.805    75  21953.610    21959.128    22378.822
 79  TVM+F+G4      10858.374    75  21866.748    21872.266    22291.960
 80  TVM+F+I+G4    10847.196    76  21846.392    21852.059    22277.273
 81  SYM           11256.935    72  22657.871    22662.951    23066.074
 82  SYM+I         10904.734    73  21955.467    21960.692    22369.341
 83  SYM+G4        10861.745    73  21869.490    21874.715    22283.363
 84  SYM+I+G4      10850.431    74  21848.863    21854.233    22268.405
 85  GTR+F         11250.836    75  22651.672    22657.190    23076.884
 86  GTR+F+I       10900.001    76  21952.002    21957.670    22382.884
 87  GTR+F+G4      10855.890    76  21863.780    21869.447    22294.661
 88  GTR+F+I+G4    10844.696    77  21843.391    21849.211    22279.942
Akaike Information Criterion:           TIM+F+I+G4
Corrected Akaike Information Criterion: TIM+F+I+G4
Bayesian Information Criterion:         K3P+I+G4
Best-fit model: K3P+I+G4 chosen according to BIC

All model information printed to 1_set149.model.gz
CPU time for ModelFinder: 61.610 seconds (0h:1m:1s)
Wall-clock time for ModelFinder: 26.960 seconds (0h:0m:26s)
Generating 1000 samples for ultrafast bootstrap (seed: 933250)...

NOTE: 6 MB RAM (0 GB) is required!
Measuring multi-threading efficiency up to 8 CPU cores
Increase to 10 rounds for branch lengths
115 trees examined
Threads: 1 / Time: 8.065 sec / Speedup: 1.000 / Efficiency: 100% / LogL: -16472
Threads: 2 / Time: 5.577 sec / Speedup: 1.446 / Efficiency: 72% / LogL: -16472
Threads: 3 / Time: 4.278 sec / Speedup: 1.885 / Efficiency: 63% / LogL: -16472
Threads: 4 / Time: 4.196 sec / Speedup: 1.922 / Efficiency: 48% / LogL: -16472
BEST NUMBER OF THREADS: 3

Estimate model parameters (epsilon = 0.100)
Thoroughly optimizing +I+G parameters from 10 start values...
Init pinv, alpha: 0.000, 1.000 / Estimate: 0.000, 0.335 / LogL: -10864.281
Init pinv, alpha: 0.074, 1.000 / Estimate: 0.077, 0.388 / LogL: -10861.112
Init pinv, alpha: 0.147, 1.000 / Estimate: 0.154, 0.457 / LogL: -10858.257
Init pinv, alpha: 0.221, 1.000 / Estimate: 0.229, 0.548 / LogL: -10855.815
Init pinv, alpha: 0.294, 1.000 / Estimate: 0.302, 0.674 / LogL: -10853.971
Init pinv, alpha: 0.368, 1.000 / Estimate: 0.370, 0.852 / LogL: -10853.039
Init pinv, alpha: 0.442, 1.000 / Estimate: 0.435, 1.127 / LogL: -10853.488
Init pinv, alpha: 0.515, 1.000 / Estimate: 0.445, 1.181 / LogL: -10853.733
Init pinv, alpha: 0.589, 1.000 / Estimate: 0.444, 1.176 / LogL: -10853.710
Init pinv, alpha: 0.662, 1.000 / Estimate: 0.445, 1.183 / LogL: -10853.745
Optimal pinv,alpha: 0.370, 0.852 / LogL: -10853.039

Parameters optimization took 1.519 sec
Computing ML distances based on estimated model parameters... 0.025 sec
Computing BIONJ tree...
0.002 seconds
Log-likelihood of BIONJ tree: -10863.969
--------------------------------------------------------------------
|             INITIALIZING CANDIDATE TREE SET                      |
--------------------------------------------------------------------
Generating 98 parsimony trees... 0.472 second
Computing log-likelihood of 98 initial trees ... 0.909 seconds
Current best score: -10853.039

Do NNI search on 20 best initial trees
Estimate model parameters (epsilon = 0.100)
BETTER TREE FOUND at iteration 1: -10850.216
Iteration 10 / LogL: -10850.217 / Time: 0h:0m:52s
Iteration 20 / LogL: -10850.224 / Time: 0h:0m:54s
Finish initializing candidate tree set (3)
Current best tree score: -10850.216 / CPU time: 3.406
Number of iterations: 20
--------------------------------------------------------------------
|               OPTIMIZING CANDIDATE TREE SET                      |
--------------------------------------------------------------------
Iteration 30 / LogL: -10857.924 / Time: 0h:0m:55s (0h:1m:8s left)
Iteration 40 / LogL: -10850.218 / Time: 0h:0m:56s (0h:0m:45s left)
Iteration 50 / LogL: -10857.921 / Time: 0h:0m:57s (0h:0m:31s left)
Log-likelihood cutoff on original alignment: -10885.542
Iteration 60 / LogL: -10858.025 / Time: 0h:0m:58s (0h:0m:21s left)
Iteration 70 / LogL: -10850.789 / Time: 0h:0m:59s (0h:0m:14s left)
Iteration 80 / LogL: -10850.226 / Time: 0h:1m:0s (0h:0m:9s left)
Iteration 90 / LogL: -10857.896 / Time: 0h:1m:2s (0h:0m:4s left)
Iteration 100 / LogL: -10850.263 / Time: 0h:1m:3s (0h:0m:0s left)
Log-likelihood cutoff on original alignment: -10885.542
NOTE: Bootstrap correlation coefficient of split occurrence frequencies: 0.999
TREE SEARCH COMPLETED AFTER 102 ITERATIONS / Time: 0h:1m:3s

--------------------------------------------------------------------
|                    FINALIZING TREE SEARCH                        |
--------------------------------------------------------------------
Performs final model parameters optimization
Estimate model parameters (epsilon = 0.010)
1. Initial log-likelihood: -10850.216
Optimal log-likelihood: -10850.212
Rate parameters:  A-C: 1.00000  A-G: 5.86971  A-T: 0.69483  C-G: 0.69483  C-T: 5.86971  G-T: 1.00000
Base frequencies:  A: 0.250  C: 0.250  G: 0.250  T: 0.250
Proportion of invariable sites: 0.371
Gamma shape alpha: 0.858
Parameters optimization took 1 rounds (0.017 sec)
BEST SCORE FOUND : -10850.212
Creating bootstrap support values...
Split supports printed to NEXUS file 1_set149.splits.nex
Total tree length: 0.772

Total number of iterations: 102
CPU time used for tree search: 35.780 sec (0h:0m:35s)
Wall-clock time used for tree search: 12.968 sec (0h:0m:12s)
Total CPU time used: 147.610 sec (0h:2m:27s)
Total wall-clock time used: 63.879 sec (0h:1m:3s)

Computing bootstrap consensus tree...
Reading input file 1_set149.splits.nex...
35 taxa and 145 splits.
Consensus tree written to 1_set149.contree
Reading input trees file 1_set149.contree
Log-likelihood of consensus tree: -10850.212

Analysis results written to: 
  IQ-TREE report:                1_set149.iqtree
  Maximum-likelihood tree:       1_set149.treefile
  Likelihood distances:          1_set149.mldist

Ultrafast bootstrap approximation results written to:
  Split support values:          1_set149.splits.nex
  Consensus tree:                1_set149.contree
  Screen log file:               1_set149.log

Date and Time: Fri Jul 27 16:51:21 2018
