IQ-TREE multicore version 1.6.7 for Mac OS X 64-bit built Aug 23 2018
Developed by Bui Quang Minh, Nguyen Lam Tung, Olga Chernomor,
Heiko Schmidt, Dominik Schrempf, Michael Woodhams.

Host:    meeps-mac-pro.staff.sydney.edu.au (AVX, 64 GB RAM)
Command: /Users/davidduchene/Desktop/Software/iqtree-1.6.7-MacOSX/bin/iqtree -s ../../../../marsupials/set300.fasta -m TESTMERGE -bb 1000 -q ../../../../marsupials/set300.nex -nt AUTO -pre 2_set300
Seed:    994514 (Using SPRNG - Scalable Parallel Random Number Generator)
Time:    Sat Sep  8 08:05:43 2018
Kernel:  AVX - auto-detect threads (8 CPU cores detected)

Reading partition model file ../../../../marsupials/set300.nex ...
Reading alignment file ../../../../marsupials/set300.fasta ... Fasta format detected
Alignment most likely contains DNA/RNA sequences
WARNING: 4 sites contain only gaps or ambiguous characters.
Alignment has 35 sequences with 3249 columns, 1021 distinct patterns
554 parsimony-informative, 430 singleton sites, 2265 constant sites
                                              Gap/Ambiguity  Composition  p-value
   1  Burramyidae_Burramys_parvus                    41.80%    passed     22.63%
   2  Notoryctidae_Notoryctes_typhlops               24.01%    failed      0.18%
   3  Vombatidae_Lasiorhinus_latifrons               41.92%    passed     28.44%
   4  Potoroidae_Bettongia_penicillata               41.12%    passed     14.02%
   5  Potoroidae_Bettongia_lesueur                    0.49%    failed      1.89%
   6  Dasyuridae_Dasyurus_maculatus                   1.02%    failed      0.00%
   7  Phalangeridae_Trichosurus_vulpecula            41.40%    failed      3.29%
   8  Phalangeridae_Spilocuscus_maculatus            41.40%    passed      5.01%
   9  Potoroidae_Aepyprymnus_rufescens               41.21%    passed     23.35%
  10  Peramelidae_Perameles_nasuta                   54.91%    failed      1.89%
  11  Phalangeridae_Strigocuscus_pelengensis         43.49%    passed      8.45%
  12  Dasyuridae_Phascogale_tapoatafa                 1.82%    failed      0.02%
  13  Dasyuridae_Sminthopsis_macroura                41.77%    passed     64.67%
  14  Phalangeridae_Phalanger_orientalis             41.77%    failed      3.29%
  15  Acrobatidae_Acrobates_pygmaeus                 42.94%    passed     39.00%
  16  Dasyuridae_Phascogale_calura                    1.11%    failed      0.00%
  17  Dasyuridae_Sarcophilus_harrisii                41.58%    passed     76.44%
  18  Dasyuridae_Planigale_tenuirostris              43.98%    passed     70.21%
  19  Peramelidae_Echymipera_kalubu                  41.27%    passed     75.30%
  20  Macropodidae_Dorcopsulus_vanheurni             41.31%    failed      0.09%
  21  Pseudochiridae_Pseudochirulus_forbesi          42.81%    passed     14.60%
  22  Didelphidae_Didelphis_virginiana                5.14%    passed      5.03%
  23  Marmosidae_Monodelphis_domestica               49.83%    passed     50.32%
  24  Dasyuridae_Antechinus_stuartii                  1.48%    failed      0.01%
  25  Hypsiprymnodontidae_Hypsiprymnodon_moschatus   41.06%    passed     53.89%
  26  Microbiotheriidae_Dromiciops_gliroides          3.69%    failed      0.42%
  27  Pseudochiridae_Petauroides_volans              42.51%    passed      5.49%
  28  Macropodidae_Wallabia_bicolor                   1.42%    passed      5.71%
  29  Pseudochiridae_Pseudocheirus_occidentalis      45.49%    passed      5.45%
  30  Tarsipedidae_Tarsipes_rostratus                43.52%    passed     12.08%
  31  Acrobatidae_Distoechurus_pennatus              41.55%    passed     21.35%
  32  Phalangeridae_Phalanger_carmelitae             44.01%    passed      8.30%
  33  Peramelidae_Peroryctes_raffrayana              48.97%    passed     28.05%
  34  Dasyuridae_Dasyurus_geffroii                    0.98%    failed      0.01%
  35  Peramelidae_Perameles_gunnii                   41.21%    passed     91.56%
WARNING: 1 sequences contain more than 50% gaps/ambiguity
****  TOTAL                                          32.11%  12 sequences failed composition chi2 test (p-value<5%; df=3)
NOTE: No CharPartition defined, use all CharSets

Loading 15 partitions...
Subset	Type	Seqs	Sites	Infor	Invar	Model	Name
1		10	444	12	420	TESTMERGE	part1.1
2		10	444	5	433	TESTMERGE	part1.2
3		10	444	51	328	TESTMERGE	part1.3
4		34	82	8	63	TESTMERGE	part2.1
5		34	82	5	69	TESTMERGE	part2.2
6		34	82	49	16	TESTMERGE	part2.3
7		35	156	70	65	TESTMERGE	part3.1
8		35	156	42	78	TESTMERGE	part3.2
9		35	156	78	46	TESTMERGE	part3.3
10		35	252	23	201	TESTMERGE	part4.1
11		35	252	14	214	TESTMERGE	part4.2
12		35	252	51	142	TESTMERGE	part4.3
13		34	149	52	67	TESTMERGE	part5.1
14		34	149	39	73	TESTMERGE	part5.2
15		34	149	55	50	TESTMERGE	part5.3
Degree of missing data: 0.299
Info: multi-threading strategy over partitions



Create initial parsimony tree by phylogenetic likelihood library (PLL)... 0.008 seconds
NOTE: ModelFinder requires 9 MB RAM!
NUMBER OF THREADS FOR PARTITION FINDING: 8
Testing GTR+F+G on supermatrix...
GTR+F+G4 / LnL: -14508.969 / df: 76 / AIC: 29169.939 / AICc: 29173.628 / BIC: 29632.482
Selecting individual models for 15 charsets using BIC...
 No. Model        Score       Charset
   1 K2P+G4       1922.345    part3.2
   2 K2P+G4       1943.493    part2.3
   3 K2P+G4       2656.958    part3.1
   4 K2P+G4       2813.164    part4.3
   5 HKY+F+G4     1837.269    part5.2
   6 TNe+G4       2836.417    part3.3
   7 TPM3u+F+G4   2634.037    part5.3
   8 TN+F+I       2165.110    part5.1
   9 K3Pu+F       2577.924    part1.3
  10 K3P+G4       1769.505    part4.1	0h:0m:11s (0h:3m:42s left)
  11 HKY+F+I+G4   1587.356    part1.1	0h:0m:11s (0h:3m:25s left)
  12 HKY+F+G4     665.076     part2.1	0h:0m:13s (0h:3m:38s left)
  13 TNe+G4       468.396     part2.2	0h:0m:13s (0h:3m:21s left)
  14 HKY+F+I+G4   1382.811    part1.2	0h:0m:13s (0h:3m:6s left)
  15 TN+F+I+G4    1396.560    part4.2	0h:0m:13s (0h:2m:56s left)
Full partition model BIC score: 29373.150 (LnL: -14160.979  df:130)
Merging models to increase model fit (about 211 total partition schemes)...
  16 TN+F+G4      29366.533   part3.3+part4.3	0h:0m:18s (0h:3m:46s left)
  17 K2P+G4       29352.671   part3.3+part5.1	0h:0m:19s (0h:3m:46s left)
  18 TIM2+F+G4    29378.995   part3.3+part5.3	0h:0m:20s (0h:3m:35s left)
  19 TPM3u+F+G4   29371.381   part5.1+part5.3	0h:0m:20s (0h:3m:26s left)
  20 K2P+G4       29351.327   part3.3+part5.2	0h:0m:20s (0h:3m:19s left)
  21 K2P+G4       29364.949   part3.1+part3.3	0h:0m:21s (0h:3m:16s left)
  22 K2P+G4       29383.431   part3.1+part5.3	0h:0m:22s (0h:3m:9s left)
  23 TPM3u+F+G4   29352.428   part5.2+part5.3	0h:0m:23s (0h:3m:11s left)
  24 TIM3+F+G4    29365.023   part4.3+part5.3	0h:0m:25s (0h:3m:21s left)
  25 HKY+F+G4     29364.862   part3.2+part3.3	0h:0m:26s (0h:3m:15s left)
  26 K2P+G4       29362.613   part3.1+part5.2	0h:0m:26s (0h:3m:8s left)
  27 K2P+G4       29340.843   part5.1+part5.2	0h:0m:26s (0h:3m:0s left)
  28 K2P+G4       29364.334   part3.1+part5.1	0h:0m:26s (0h:2m:53s left)
  29 K2P+G4       29349.268   part4.3+part5.1	0h:0m:26s (0h:2m:47s left)
  30 K2P+G4       29378.403   part3.2+part5.3	0h:0m:26s (0h:2m:41s left)
  31 K2P+G4       29381.090   part3.1+part4.3	0h:0m:29s (0h:2m:49s left)
  32 K2P+G4       29362.930   part3.1+part3.2	0h:0m:31s (0h:2m:58s left)
  33 K2P+G4       29355.426   part3.2+part5.2	0h:0m:33s (0h:3m:0s left)
  34 K2P+G4       29360.111   part3.2+part5.1	0h:0m:34s (0h:2m:58s left)
  35 TNe+G4       29366.126   part2.3+part3.3	0h:0m:35s (0h:2m:57s left)
  36 K2P+G4       29374.278   part3.2+part4.3	0h:0m:35s (0h:2m:51s left)
  37 K2P+G4       29350.350   part4.3+part5.2	0h:0m:35s (0h:2m:46s left)
  38 TPM3u+F+G4   29379.390   part2.3+part5.3	0h:0m:37s (0h:2m:49s left)
  39 K2P+G4       29378.488   part3.3+part4.1	0h:0m:37s (0h:2m:45s left)
  40 K3Pu+F+G4    29386.176   part4.1+part5.3	0h:0m:38s (0h:2m:46s left)
  41 K2P+G4       29369.219   part2.3+part3.1	0h:0m:40s (0h:2m:46s left)
  42 K2P+G4       29362.674   part2.3+part4.3	0h:0m:40s (0h:2m:41s left)
  43 TPM2u+F+G4   29401.169   part3.3+part4.2	0h:0m:40s (0h:2m:37s left)
  44 K2P+G4       29355.753   part2.3+part5.2	0h:0m:42s (0h:2m:39s left)
  45 K2P+G4       29352.448   part2.3+part5.1	0h:0m:42s (0h:2m:35s left)
  46 HKY+F+I      29361.170   part4.1+part5.1	0h:0m:42s (0h:2m:32s left)
  47 K3Pu+F+G4    29400.381   part4.2+part5.3	0h:0m:44s (0h:2m:34s left)
  48 K2P+G4       29373.139   part3.1+part4.1	0h:0m:46s (0h:2m:38s left)
  49 K2P+G4       29374.202   part2.3+part3.2	0h:0m:48s (0h:2m:41s left)
  50 K2P+G4       29370.634   part4.1+part5.2	0h:0m:48s (0h:2m:37s left)
  51 TNe+G4       29362.701   part2.1+part3.3	0h:0m:49s (0h:2m:36s left)
  52 K2P+G4       29377.677   part2.1+part5.3	0h:0m:50s (0h:2m:35s left)
  53 K3P+G4       29376.560   part4.1+part4.3	0h:0m:51s (0h:2m:32s left)
  54 TIM2+F+G4    29449.769   part1.3+part3.3	0h:0m:52s (0h:2m:33s left)
  55 K2P+G4       29369.246   part2.2+part3.3	0h:0m:53s (0h:2m:31s left)
  56 K2P+G4       29387.221   part3.2+part4.1	0h:0m:55s (0h:2m:32s left)
  57 TPM3u+F+G4   29383.469   part2.2+part5.3	0h:0m:55s (0h:2m:29s left)
  58 K3Pu+F+G4    29344.697   part1.3+part5.3	0h:0m:55s (0h:2m:27s left)
  59 K2P+G4       29386.555   part3.1+part4.2	0h:0m:56s (0h:2m:25s left)
  60 K2P+G4       29384.030   part4.2+part5.1	0h:0m:57s (0h:2m:25s left)
  61 K2P+G4       29354.127   part2.1+part3.1	0h:0m:59s (0h:2m:26s left)
  62 HKY+F+G4     29383.041   part4.2+part5.2	0h:0m:59s (0h:2m:23s left)
  63 K2P+G4       29357.495   part2.1+part5.2	0h:1m:0s (0h:2m:21s left)
  64 TN+F+I       29352.996   part2.1+part5.1	0h:1m:1s (0h:2m:21s left)
  65 HKY+F+G4     29454.768   part1.3+part3.1	0h:1m:2s (0h:2m:19s left)
  66 TNe+G4       29449.780   part1.1+part3.3	0h:1m:2s (0h:2m:16s left)
  67 TPM3u+F+G4   29402.735   part4.2+part4.3	0h:1m:3s (0h:2m:17s left)
  68 HKY+F+I      29408.194   part1.3+part5.1	0h:1m:3s (0h:2m:14s left)
  69 K2P+G4       29464.154   part1.1+part5.3	0h:1m:4s (0h:2m:12s left)
  70 K2P+G4       29402.823   part3.2+part4.2	0h:1m:6s (0h:2m:13s left)
  71 K2P+G4       29364.581   part2.2+part3.1	0h:1m:8s (0h:2m:14s left)
  72 K2P+I        29358.892   part2.2+part5.1	0h:1m:8s (0h:2m:12s left)
  73 K2P+G4       29368.830   part2.1+part4.3	0h:1m:10s (0h:2m:13s left)
  74 TPM2u+F+G4   29485.695   part1.2+part3.3	0h:1m:10s (0h:2m:10s left)
  75 HKY+F+G4     29367.469   part1.3+part5.2	0h:1m:12s (0h:2m:10s left)
  76 K2P+G4       29362.807   part2.2+part5.2	0h:1m:12s (0h:2m:9s left)
  77 TPM2u+F+G4   29497.965   part1.2+part5.3	0h:1m:12s (0h:2m:6s left)
  78 K2P+I+G4     29362.041   part2.3+part4.1	0h:1m:14s (0h:2m:6s left)
  79 TIM+F+G4     29405.596   part1.3+part4.3	0h:1m:17s (0h:2m:8s left)
  80 K2P+G4       29360.507   part2.1+part3.2	0h:1m:17s (0h:2m:6s left)
  81 K2P+G4       29371.305   part2.2+part3.2	0h:1m:18s (0h:2m:6s left)
  82 HKY+F+G4     29476.004   part1.3+part3.2	0h:1m:19s (0h:2m:4s left)
  83 K2P+G4       29370.069   part2.2+part4.3	0h:1m:19s (0h:2m:2s left)
  84 K2P+G4       29442.875   part1.1+part3.1	0h:1m:19s (0h:2m:0s left)
  85 HKY+F+G4     29430.331   part1.1+part5.2	0h:1m:21s (0h:2m:1s left)
  86 TN+F+I       29411.641   part1.1+part5.1	0h:1m:23s (0h:2m:1s left)
  87 HKY+F+G4     29509.422   part1.2+part3.1	0h:1m:23s (0h:1m:59s left)
  88 HKY+F+G4     29518.004   part1.2+part5.1	0h:1m:25s (0h:2m:0s left)
  89 K2P+I+G4     29374.377   part2.3+part4.2	0h:1m:26s (0h:1m:58s left)
  90 K2P+G4       29459.508   part1.1+part3.2	0h:1m:26s (0h:1m:56s left)
  91 K2P+G4       29447.448   part1.1+part4.3	0h:1m:28s (0h:1m:56s left)
  92 TPM2u+F+G4   29464.117   part1.2+part5.2	0h:1m:28s (0h:1m:54s left)
  93 HKY+F+G4     29495.831   part1.2+part4.3	0h:1m:28s (0h:1m:52s left)
  94 TN+F+G4      29368.325   part2.1+part2.3	0h:1m:29s (0h:1m:51s left)
  95 TPM2u+F+G4   29527.589   part1.2+part3.2	0h:1m:30s (0h:1m:50s left)
  96 K2P+G4       29359.824   part2.1+part4.1	0h:1m:31s (0h:1m:49s left)
  97 K2P+I+G4     29365.972   part2.2+part2.3	0h:1m:32s (0h:1m:48s left)
  98 HKY+F+G4     29428.908   part1.3+part2.3	0h:1m:32s (0h:1m:46s left)
  99 TIM+F+I+G4   29356.899   part4.1+part4.2	0h:1m:32s (0h:1m:45s left)
 100 TNe+G4       29360.279   part2.2+part4.1	0h:1m:33s (0h:1m:44s left)
 101 TN+F+I+G4    29425.390   part1.1+part2.3	0h:1m:35s (0h:1m:43s left)
 102 K3Pu+F+G4    29398.238   part1.3+part4.1	0h:1m:36s (0h:1m:43s left)
 103 HKY+F+I+G4   29489.944   part1.2+part2.3	0h:1m:36s (0h:1m:41s left)
 104 K2P+I+G4     29367.107   part2.1+part4.2	0h:1m:37s (0h:1m:40s left)
 105 TN+F+I+G4    29353.809   part2.2+part4.2	0h:1m:39s (0h:1m:40s left)
 106 TNe+G4       29361.565   part2.1+part2.2	0h:1m:40s (0h:1m:39s left)
 107 TIM+F+G4     29413.328   part1.3+part4.2	0h:1m:41s (0h:1m:38s left)
 108 K3Pu+F+I+G4  29393.259   part1.1+part4.1	0h:1m:41s (0h:1m:36s left)
 109 HKY+F+G4     29442.975   part1.3+part2.1	0h:1m:41s (0h:1m:34s left)
 110 TN+F+I+G4    29441.611   part1.2+part4.1	0h:1m:42s (0h:1m:34s left)
 111 HKY+F+G4     29485.045   part1.1+part1.3	0h:1m:43s (0h:1m:33s left)
 112 TN+F+G4      29400.099   part1.3+part2.2	0h:1m:44s (0h:1m:32s left)
 113 TN+F+G4      29502.786   part1.2+part1.3	0h:1m:45s (0h:1m:31s left)
 114 HKY+F+I+G4   29391.445   part1.1+part1.2	0h:1m:47s (0h:1m:31s left)
 115 TN+F+I+G4    29386.861   part1.1+part4.2	0h:1m:47s (0h:1m:29s left)
 116 HKY+F+I+G4   29447.430   part1.2+part2.1	0h:1m:47s (0h:1m:28s left)
 117 HKY+F+I+G4   29383.649   part1.1+part2.1	0h:1m:47s (0h:1m:26s left)
 118 HKY+F+I+G4   29388.959   part1.1+part2.2	0h:1m:48s (0h:1m:25s left)
 119 TIM3+F+I+G4  29364.853   part1.2+part4.2	0h:1m:48s (0h:1m:23s left)
 120 HKY+F+I+G4   29392.706   part1.2+part2.2	0h:1m:49s (0h:1m:22s left)
Merging part5.1+part5.2 with BIC score: 29340.843 (LnL: -14181.213  df: 121)
 121 HKY+F+G4     29349.100   part4.1+part5.1+part5.2	0h:1m:53s (0h:1m:24s left)
 122 K2P+G4       29345.768   part3.1+part5.1+part5.2	0h:1m:54s (0h:1m:23s left)
 123 K2P+G4       29329.124   part3.3+part5.1+part5.2	0h:1m:54s (0h:1m:21s left)
 124 K2P+G4       29331.875   part2.3+part5.1+part5.2	0h:1m:54s (0h:1m:20s left)
 125 K2P+G4       29326.094   part4.3+part5.1+part5.2	0h:1m:54s (0h:1m:18s left)
 126 TPM3u+F+G4   29343.533   part5.1+part5.2+part5.3	0h:1m:55s (0h:1m:17s left)
 127 K2P+G4       29336.918   part3.2+part5.1+part5.2	0h:1m:56s (0h:1m:17s left)
 128 HKY+F+G4     29371.391   part4.2+part5.1+part5.2	0h:1m:56s (0h:1m:15s left)
 129 K2P+G4       29335.056   part2.1+part5.1+part5.2	0h:1m:58s (0h:1m:15s left)
 130 K2P+G4       29338.727   part2.2+part5.1+part5.2	0h:1m:59s (0h:1m:14s left)
 131 TN+F+G4      29399.063   part1.1+part5.1+part5.2	0h:1m:59s (0h:1m:12s left)
 132 TPM2u+F+G4   29484.216   part1.2+part5.1+part5.2	0h:2m:0s (0h:1m:12s left)
 133 HKY+F+G4     29382.604   part1.3+part5.1+part5.2	0h:2m:1s (0h:1m:11s left)
Merging part1.3+part5.3 with BIC score: 29312.390 (LnL: -14187.201  df: 116)
 134 TIM+F+G4     29359.641   part1.3+part4.2+part5.3	0h:2m:5s (0h:1m:12s left)
 135 K3Pu+F+G4    29341.804   part1.3+part4.1+part5.3	0h:2m:5s (0h:1m:10s left)
 136 TIM+F+G4     29334.036   part1.3+part4.3+part5.3	0h:2m:7s (0h:1m:10s left)
 137 TPM3u+F+G4   29395.068   part1.3+part3.2+part5.3	0h:2m:7s (0h:1m:9s left)
 138 TPM3u+F+G4   29348.052   part1.3+part2.3+part5.3	0h:2m:8s (0h:1m:8s left)
 139 TPM3u+F+G4   29381.644   part1.3+part3.1+part5.3	0h:2m:8s (0h:1m:6s left)
 140 TIM2+F+G4    29365.102   part1.3+part3.3+part5.3	0h:2m:9s (0h:1m:5s left)
 141 K3Pu+F+G4    29344.222   part1.3+part5.1+part5.2+part5.3	0h:2m:11s (0h:1m:5s left)
 142 K3Pu+F+G4    29454.763   part1.1+part1.3+part5.3	0h:2m:11s (0h:1m:3s left)
 143 K3Pu+F+G4    29369.217   part1.3+part2.1+part5.3	0h:2m:11s (0h:1m:2s left)
 144 K3Pu+F+G4    29333.128   part1.3+part2.2+part5.3	0h:2m:12s (0h:1m:1s left)
 145 TIM+F+G4     29466.481   part1.2+part1.3+part5.3	0h:2m:12s (0h:1m:0s left)
Merging part2.2+part4.2 with BIC score: 29293.048 (LnL: -14189.659  df: 113)
 146 K2P+I+G4     29299.647   part2.2+part2.3+part4.2	0h:2m:14s (0h:0m:59s left)
 147 K2P+G4       29332.874   part2.2+part3.2+part4.2	0h:2m:14s (0h:0m:58s left)
 148 K2P+I+G4     29316.657   part2.2+part3.1+part4.2	0h:2m:14s (0h:0m:57s left)
 149 TN+F+G4      29331.121   part2.2+part4.2+part4.3	0h:2m:14s (0h:0m:56s left)
 150 TPM2u+F+G4   29332.677   part2.2+part3.3+part4.2	0h:2m:15s (0h:0m:54s left)
 151 TNe+I+G4     29288.429   part2.1+part2.2+part4.2	0h:2m:16s (0h:0m:54s left)
 152 TN+F+I+G4    29277.109   part2.2+part4.1+part4.2	0h:2m:17s (0h:0m:53s left)
 153 HKY+F+G4     29337.580   part2.2+part4.2+part5.1+part5.2	0h:2m:18s (0h:0m:52s left)
 154 TIM+F+G4     29359.781   part1.3+part2.2+part4.2+part5.3	0h:2m:19s (0h:0m:51s left)
 155 TIM3+F+I+G4  29297.570   part1.2+part2.2+part4.2	0h:2m:20s (0h:0m:50s left)
 156 TN+F+I+G4    29315.080   part1.1+part2.2+part4.2	0h:2m:20s (0h:0m:49s left)
Merging part2.1+part3.1 with BIC score: 29274.024 (LnL: -14200.363  df: 108)
 157 K2P+G4       29274.121   part2.1+part3.1+part4.1	0h:2m:23s (0h:0m:49s left)
 158 K2P+I+G4     29296.821   part2.1+part2.2+part3.1+part4.2	0h:2m:23s (0h:0m:48s left)
 159 K2P+G4       29287.770   part2.1+part3.1+part4.3	0h:2m:23s (0h:0m:46s left)
 160 K2P+G4       29272.014   part2.1+part2.3+part3.1	0h:2m:23s (0h:0m:45s left)
 161 K2P+G4       29266.500   part2.1+part3.1+part3.2	0h:2m:24s (0h:0m:44s left)
 162 K2P+G4       29269.332   part2.1+part3.1+part3.3	0h:2m:25s (0h:0m:44s left)
 163 K2P+G4       29285.721   part2.1+part3.1+part5.1+part5.2	0h:2m:26s (0h:0m:43s left)
 164 TPM3+F+G4    29385.684   part1.3+part2.1+part3.1+part5.3	0h:2m:26s (0h:0m:42s left)
 165 K2P+G4       29409.292   part1.2+part2.1+part3.1	0h:2m:26s (0h:0m:40s left)
 166 K2P+G4       29343.079   part1.1+part2.1+part3.1	0h:2m:26s (0h:0m:39s left)
Merging part2.2+part4.1+part4.2 with BIC score: 29258.085 (LnL: -14204.522  df: 105)
 167 K2P+G4       29308.352   part2.2+part3.2+part4.1+part4.2	0h:2m:30s (0h:0m:39s left)
 168 K2P+I+G4     29261.220   part2.2+part2.3+part4.1+part4.2	0h:2m:30s (0h:0m:38s left)
 169 TIM+F+I+G4   29304.103   part2.2+part4.1+part4.2+part4.3	0h:2m:31s (0h:0m:37s left)
 170 K2P+G4       29298.821   part2.2+part3.3+part4.1+part4.2	0h:2m:31s (0h:0m:36s left)
 171 TNe+I+G4     29289.250   part2.1+part2.2+part3.1+part4.1+part4.2	0h:2m:32s (0h:0m:35s left)
 172 K3Pu+F+G4    29333.751   part1.3+part2.2+part4.1+part4.2+part5.3	0h:2m:33s (0h:0m:34s left)
 173 HKY+F+G4     29305.752   part2.2+part4.1+part4.2+part5.1+part5.2	0h:2m:33s (0h:0m:33s left)
 174 TN+F+I+G4    29277.233   part1.1+part2.2+part4.1+part4.2	0h:2m:34s (0h:0m:32s left)
 175 TN+F+I+G4    29287.740   part1.2+part2.2+part4.1+part4.2	0h:2m:35s (0h:0m:32s left)
Merging part4.3+part5.1+part5.2 with BIC score: 29243.336 (LnL: -14205.234  df: 103)
 176 HKY+F+G4     29326.561   part1.1+part4.3+part5.1+part5.2	0h:2m:40s (0h:0m:31s left)
 177 K2P+G4       29234.826   part2.3+part4.3+part5.1+part5.2	0h:2m:40s (0h:0m:30s left)
 178 K2P+G4       29265.295   part2.1+part3.1+part4.3+part5.1+part5.2	0h:2m:41s (0h:0m:29s left)
 179 K2P+G4       29234.476   part3.3+part4.3+part5.1+part5.2	0h:2m:41s (0h:0m:28s left)
 180 HKY+F+G4     29388.537   part1.2+part4.3+part5.1+part5.2	0h:2m:42s (0h:0m:27s left)
 181 K2P+G4       29244.625   part3.2+part4.3+part5.1+part5.2	0h:2m:42s (0h:0m:26s left)
 182 K3Pu+F+G4    29308.219   part2.2+part4.1+part4.2+part4.3+part5.1+part5.2	0h:2m:42s (0h:0m:25s left)
 183 K3Pu+F+G4    29284.367   part1.3+part4.3+part5.1+part5.2+part5.3	0h:2m:44s (0h:0m:25s left)
Merging part3.3+part4.3+part5.1+part5.2 with BIC score: 29234.476 (LnL: -14212.933  df: 100)
 184 K2P+G4       29316.806   part1.1+part3.3+part4.3+part5.1+part5.2	0h:2m:50s (0h:0m:25s left)
 185 TPM2u+F+G4   29380.631   part1.2+part3.3+part4.3+part5.1+part5.2	0h:2m:51s (0h:0m:24s left)
 186 K2P+G4       29225.941   part2.3+part3.3+part4.3+part5.1+part5.2	0h:2m:51s (0h:0m:23s left)
 187 K2P+G4       29250.669   part2.1+part3.1+part3.3+part4.3+part5.1+part5.2	0h:2m:51s (0h:0m:22s left)
 188 K2P+G4       29231.535   part3.2+part3.3+part4.3+part5.1+part5.2	0h:2m:51s (0h:0m:21s left)
 189 K3P+G4       29301.964   part2.2+part3.3+part4.1+part4.2+part4.3+part5.1+part5.2	0h:2m:52s (0h:0m:20s left)
 190 K3Pu+F+G4    29297.923   part1.3+part3.3+part4.3+part5.1+part5.2+part5.3	0h:2m:54s (0h:0m:19s left)
Merging part2.3+part3.3+part4.3+part5.1+part5.2 with BIC score: 29225.941 (LnL: -14216.751  df: 98)
 191 K2P+G4       29305.252   part1.1+part2.3+part3.3+part4.3+part5.1+part5.2	0h:3m:2s (0h:0m:19s left)
 192 TPM2u+F+G4   29382.030   part1.2+part2.3+part3.3+part4.3+part5.1+part5.2	0h:3m:2s (0h:0m:18s left)
 193 K2P+G4       29224.965   part2.3+part3.2+part3.3+part4.3+part5.1+part5.2	0h:3m:2s (0h:0m:17s left)
 194 K2P+G4       29285.812   part2.2+part2.3+part3.3+part4.1+part4.2+part4.3+part5.1+part5.2	0h:3m:2s (0h:0m:16s left)
 195 K2P+G4       29241.261   part2.1+part2.3+part3.1+part3.3+part4.3+part5.1+part5.2	0h:3m:3s (0h:0m:15s left)
 196 K3Pu+F+G4    29309.930   part1.3+part2.3+part3.3+part4.3+part5.1+part5.2+part5.3	0h:3m:5s (0h:0m:14s left)
Merging part2.1+part3.1+part3.2 with BIC score: 29218.416 (LnL: -14221.075  df: 96)
 197 K2P+G4       29365.692   part1.2+part2.1+part3.1+part3.2	0h:3m:9s (0h:0m:13s left)
 198 K2P+G4       29266.562   part2.1+part2.2+part3.1+part3.2+part4.1+part4.2	0h:3m:9s (0h:0m:12s left)
 199 K2P+G4       29297.707   part1.1+part2.1+part3.1+part3.2	0h:3m:10s (0h:0m:11s left)
 200 TPM3u+F+G4   29367.715   part1.3+part2.1+part3.1+part3.2+part5.3	0h:3m:11s (0h:0m:10s left)
 201 K2P+G4       29236.195   part2.1+part2.3+part3.1+part3.2+part3.3+part4.3+part5.1+part5.2	0h:3m:13s (0h:0m:9s left)
BEST-FIT PARTITION MODEL: 
  charpartition BIC = HKY+F+I+G4: part1.1, HKY+F+I+G4: part1.2, K3Pu+F+G4: part1.3 part5.3, K2P+G4: part2.1 part3.1 part3.2, TN+F+I+G4: part2.2 part4.1 part4.2, K2P+G4: part2.3 part3.3 part4.3 part5.1 part5.2;
Agglomerative model selection: (part1.1,part1.2,(part1.3,part5.3)2:29312.4,((part2.1,part3.1)4:29274,part3.2)9:29218.4,((part2.2,part4.2)3:29293,part4.1)5:29258.1,(part2.3,(part3.3,(part4.3,(part5.1,part5.2)1:29340.8)6:29243.3)7:29234.5)8:29225.9)
Merging into 6 partitions...
Partition information was printed to 2_set300.best_scheme.nex
Partition information in Raxml format was printed to 2_set300.best_scheme

All model information printed to 2_set300.model.gz
CPU time for ModelFinder: 282.710 seconds (0h:4m:42s)
Wall-clock time for ModelFinder: 194.784 seconds (0h:3m:14s)
Generating 1000 samples for ultrafast bootstrap (seed: 994514)...

NOTE: 9 MB RAM (0 GB) is required!
Measuring multi-threading efficiency up to 8 CPU cores
Increase to 10 rounds for branch lengths
28 trees examined
Threads: 1 / Time: 8.079 sec / Speedup: 1.000 / Efficiency: 100% / LogL: -19750
Threads: 2 / Time: 16.502 sec / Speedup: 0.490 / Efficiency: 24% / LogL: -19750
BEST NUMBER OF THREADS: 1

Estimate model parameters (epsilon = 0.100)
Initial log-likelihood: -14947.381
Current log-likelihood at step 1: -14556.977
Current log-likelihood at step 2: -14481.517
Current log-likelihood at step 3: -14421.957
Current log-likelihood at step 4: -14389.532
Current log-likelihood at step 5: -14360.568
Current log-likelihood at step 6: -14324.461
Current log-likelihood at step 7: -14277.150
Current log-likelihood at step 8: -14212.950
Current log-likelihood at step 9: -14166.096
Current log-likelihood at step 10: -14161.414
Current log-likelihood at step 11: -14161.337
Parameters optimization took 10 rounds (2.105 sec)

Computing ML distances based on estimated model parameters... 0.051 sec
Computing BIONJ tree...
0.009 seconds
Log-likelihood of BIONJ tree: -14258.555
--------------------------------------------------------------------
|             INITIALIZING CANDIDATE TREE SET                      |
--------------------------------------------------------------------
Generating 98 parsimony trees... 2.410 second
Computing log-likelihood of 98 initial trees ... 8.847 seconds
Current best score: -14153.547

Do NNI search on 20 best initial trees
Estimate model parameters (epsilon = 0.100)
Initial log-likelihood: -14152.240
Current log-likelihood at step 1: -14152.212
Parameters optimization took 0 rounds (0.089 sec)

BETTER TREE FOUND at iteration 1: -14152.212
Iteration 10 / LogL: -14160.761 / Time: 0h:0m:44s
Iteration 20 / LogL: -14158.386 / Time: 0h:0m:51s
Finish initializing candidate tree set (4)
Current best tree score: -14152.212 / CPU time: 24.430
Number of iterations: 20
--------------------------------------------------------------------
|               OPTIMIZING CANDIDATE TREE SET                      |
--------------------------------------------------------------------
Iteration 30 / LogL: -14152.214 / Time: 0h:1m:2s (0h:2m:32s left)
Iteration 40 / LogL: -14152.225 / Time: 0h:1m:13s (0h:1m:54s left)
Iteration 50 / LogL: -14158.345 / Time: 0h:1m:23s (0h:1m:26s left)
Log-likelihood cutoff on original alignment: -14185.023
Iteration 60 / LogL: -14152.215 / Time: 0h:1m:32s (0h:1m:4s left)
Iteration 70 / LogL: -14158.349 / Time: 0h:1m:42s (0h:0m:46s left)
UPDATE BEST LOG-LIKELIHOOD: -14152.212
Iteration 80 / LogL: -14158.373 / Time: 0h:1m:51s (0h:0m:29s left)
UPDATE BEST LOG-LIKELIHOOD: -14152.212
Iteration 90 / LogL: -14161.655 / Time: 0h:2m:0s (0h:0m:14s left)
Iteration 100 / LogL: -14152.217 / Time: 0h:2m:9s (0h:0m:1s left)
Log-likelihood cutoff on original alignment: -14183.886
NOTE: Bootstrap correlation coefficient of split occurrence frequencies: 0.998
TREE SEARCH COMPLETED AFTER 102 ITERATIONS / Time: 0h:2m:11s

--------------------------------------------------------------------
|                    FINALIZING TREE SEARCH                        |
--------------------------------------------------------------------
Performs final model parameters optimization
Estimate model parameters (epsilon = 0.010)
Initial log-likelihood: -14152.211
Current log-likelihood at step 1: -14152.211
Parameters optimization took 0 rounds (0.087 sec)

BEST SCORE FOUND : -14152.211
Creating bootstrap support values...
Split supports printed to NEXUS file 2_set300.splits.nex
Total tree length: 1.219

Total number of iterations: 102
CPU time used for tree search: 56.051 sec (0h:0m:56s)
Wall-clock time used for tree search: 104.031 sec (0h:1m:44s)
Total CPU time used: 68.045 sec (0h:1m:8s)
Total wall-clock time used: 131.628 sec (0h:2m:11s)

Computing bootstrap consensus tree...
Reading input file 2_set300.splits.nex...
35 taxa and 146 splits.
Consensus tree written to 2_set300.contree
Reading input trees file 2_set300.contree
Log-likelihood of consensus tree: -14169.660

Analysis results written to: 
  IQ-TREE report:                2_set300.iqtree
  Maximum-likelihood tree:       2_set300.treefile
  Likelihood distances:          2_set300.mldist
  Best partitioning scheme:      2_set300.best_scheme.nex
           in RAxML format:      2_set300.best_scheme

Ultrafast bootstrap approximation results written to:
  Split support values:          2_set300.splits.nex
  Consensus tree:                2_set300.contree
  Screen log file:               2_set300.log

Date and Time: Sat Sep  8 08:11:10 2018
