IQ-TREE multicore version 1.6.7 for Mac OS X 64-bit built Aug 23 2018
Developed by Bui Quang Minh, Nguyen Lam Tung, Olga Chernomor,
Heiko Schmidt, Dominik Schrempf, Michael Woodhams.

Host:    meeps-mac-pro.staff.sydney.edu.au (AVX, 64 GB RAM)
Command: /Users/davidduchene/Desktop/Software/iqtree-1.6.7-MacOSX/bin/iqtree -s ../../../../marsupials/set183.fasta -m TESTMERGE -bb 1000 -q ../../../../marsupials/set183.nex -nt AUTO -pre 2_set183
Seed:    694636 (Using SPRNG - Scalable Parallel Random Number Generator)
Time:    Fri Sep  7 18:17:08 2018
Kernel:  AVX - auto-detect threads (8 CPU cores detected)

Reading partition model file ../../../../marsupials/set183.nex ...
Reading alignment file ../../../../marsupials/set183.fasta ... Fasta format detected
Alignment most likely contains DNA/RNA sequences
Alignment has 37 sequences with 2127 columns, 842 distinct patterns
477 parsimony-informative, 314 singleton sites, 1336 constant sites
                                              Gap/Ambiguity  Composition  p-value
   1  Burramyidae_Burramys_parvus                     1.36%    passed     98.14%
   2  Notoryctidae_Notoryctes_typhlops               21.34%    passed     80.49%
   3  Vombatidae_Lasiorhinus_latifrons                0.19%    passed     95.92%
   4  Potoroidae_Bettongia_penicillata                0.05%    passed     98.95%
   5  Potoroidae_Bettongia_lesueur                    0.00%    passed     99.94%
   6  Dasyuridae_Dasyurus_maculatus                   2.02%    passed     95.06%
   7  Phalangeridae_Trichosurus_vulpecula             0.14%    passed     85.45%
   8  Phalangeridae_Spilocuscus_maculatus            11.00%    passed     49.62%
   9  Potoroidae_Aepyprymnus_rufescens                0.09%    passed     98.68%
  10  Peramelidae_Perameles_nasuta                   21.72%    passed     66.74%
  11  Myrmecobiidae_Myrmecobius_fasciatus1           91.40%    passed     10.29%
  12  Phalangeridae_Strigocuscus_pelengensis          4.04%    passed     81.84%
  13  Dasyuridae_Phascogale_tapoatafa                 3.15%    passed     86.91%
  14  Dasyuridae_Sminthopsis_macroura                 0.14%    passed     98.96%
  15  Phalangeridae_Phalanger_orientalis              1.93%    passed     85.12%
  16  Acrobatidae_Acrobates_pygmaeus                  2.02%    passed     85.69%
  17  Dasyuridae_Phascogale_calura                    0.38%    passed     99.37%
  18  Dasyuridae_Sarcophilus_harrisii                 0.38%    passed     98.80%
  19  Dasyuridae_Planigale_tenuirostris               8.27%    passed     95.07%
  20  Peramelidae_Echymipera_kalubu                  19.51%    passed     57.18%
  21  Macropodidae_Dorcopsulus_vanheurni              0.00%    passed     98.33%
  22  Pseudochiridae_Pseudochirulus_forbesi          19.61%    passed     53.41%
  23  Didelphidae_Didelphis_virginiana                0.61%    passed     93.87%
  24  Marmosidae_Monodelphis_domestica                0.38%    passed     84.33%
  25  Dasyuridae_Antechinus_stuartii                  0.56%    passed     97.37%
  26  Hypsiprymnodontidae_Hypsiprymnodon_moschatus    0.24%    passed     99.47%
  27  Microbiotheriidae_Dromiciops_gliroides          3.34%    passed     99.01%
  28  Pseudochiridae_Petauroides_volans               3.62%    passed     87.65%
  29  Macropodidae_Wallabia_bicolor                   1.50%    passed     99.98%
  30  Pseudochiridae_Pseudocheirus_occidentalis      15.19%    passed     46.10%
  31  Tarsipedidae_Tarsipes_rostratus                 1.97%    passed     40.53%
  32  Acrobatidae_Distoechurus_pennatus               0.09%    passed     89.82%
  33  Myrmecobiidae_Myrmecobius_fasciatus2           91.40%    passed     10.29%
  34  Phalangeridae_Phalanger_carmelitae              1.03%    passed     69.88%
  35  Peramelidae_Peroryctes_raffrayana              10.48%    passed     36.99%
  36  Dasyuridae_Dasyurus_geffroii                    2.77%    passed     99.36%
  37  Peramelidae_Perameles_gunnii                    0.05%    passed     98.24%
WARNING: 2 sequences contain more than 50% gaps/ambiguity
****  TOTAL                                           9.24%  0 sequences failed composition chi2 test (p-value<5%; df=3)
NOTE: No CharPartition defined, use all CharSets

Loading 15 partitions...
Subset	Type	Seqs	Sites	Infor	Invar	Model	Name
1		35	304	43	217	TESTMERGE	part1.1
2		35	304	26	252	TESTMERGE	part1.2
3		35	304	85	153	TESTMERGE	part1.3
4		35	136	45	70	TESTMERGE	part2.1
5		35	136	37	71	TESTMERGE	part2.2
6		35	136	67	40	TESTMERGE	part2.3
7		37	61	16	43	TESTMERGE	part3.1
8		37	61	8	46	TESTMERGE	part3.2
9		37	61	30	21	TESTMERGE	part3.3
10		32	70	11	48	TESTMERGE	part4.1
11		32	70	8	51	TESTMERGE	part4.2
12		32	70	31	26	TESTMERGE	part4.3
13		31	138	14	115	TESTMERGE	part5.1
14		31	138	4	130	TESTMERGE	part5.2
15		31	138	52	53	TESTMERGE	part5.3
Degree of missing data: 0.078
Info: multi-threading strategy over partitions

NOTE: Myrmecobiidae_Myrmecobius_fasciatus2 is identical to Myrmecobiidae_Myrmecobius_fasciatus1 but kept for subsequent analysis


Create initial parsimony tree by phylogenetic likelihood library (PLL)... 0.008 seconds
NOTE: ModelFinder requires 8 MB RAM!
NUMBER OF THREADS FOR PARTITION FINDING: 8
Testing GTR+F+G on supermatrix...
GTR+F+G4 / LnL: -10999.731 / df: 80 / AIC: 22159.461 / AICc: 22165.796 / BIC: 22612.459
Selecting individual models for 15 charsets using BIC...
 No. Model        Score       Charset
   1 TPM2u+F+G4   2537.154    part1.1
   2 TIM2e+G4     1780.754    part2.1
   3 HKY+F+I+G4   1956.750    part1.2
   4 K2P+I        1670.449    part2.2
   5 HKY+F+G4     1948.818    part5.3
   6 HKY+F+G4     3785.930    part1.3
   7 HKY+F+G4     2393.011    part2.3
   8 TVMe+G4      621.756     part4.1
   9 TN+F+G4      1057.583    part4.3
  10 K3P+G4       1200.961    part3.3	0h:0m:10s (0h:3m:34s left)
  11 TIM2e+G4     506.879     part3.2	0h:0m:10s (0h:3m:14s left)
  12 TPM3+F+I     581.328     part3.1	0h:0m:10s (0h:3m:1s left)
  13 K2P+G4       822.896     part5.1	0h:0m:11s (0h:2m:54s left)
  14 HKY+F+G4     519.194     part4.2	0h:0m:11s (0h:2m:42s left)
  15 TNe+I+G4     583.551     part5.2	0h:0m:12s (0h:2m:40s left)
Full partition model BIC score: 22705.252 (LnL: -10820.084  df:139)
Merging models to increase model fit (about 211 total partition schemes)...
  16 HKY+F+G4     22708.789   part1.2+part1.3	0h:0m:17s (0h:3m:31s left)
  17 HKY+F+G4     22703.656   part1.3+part3.3	0h:0m:17s (0h:3m:21s left)
  18 HKY+F+G4     22724.990   part1.1+part1.3	0h:0m:17s (0h:3m:9s left)
  19 TPM2+F+G4    22707.565   part1.1+part2.3	0h:0m:17s (0h:3m:0s left)
  20 K2P+G4       22685.329   part1.3+part2.1	0h:0m:18s (0h:3m:0s left)
  21 HKY+F+G4     22677.202   part1.3+part5.3	0h:0m:20s (0h:3m:6s left)
  22 HKY+F+G4     22675.452   part1.3+part2.3	0h:0m:21s (0h:3m:2s left)
  23 TPM2u+F+G4   22693.841   part1.3+part2.2	0h:0m:22s (0h:2m:59s left)
  24 TPM2u+F+G4   22685.976   part2.1+part2.3	0h:0m:24s (0h:3m:13s left)
  25 HKY+F+G4     22693.146   part1.3+part3.2	0h:0m:25s (0h:3m:7s left)
  26 TPM2u+F+G4   22678.724   part1.1+part2.1	0h:0m:26s (0h:3m:9s left)
  27 HKY+F+G4     22675.561   part1.3+part4.3	0h:0m:26s (0h:3m:3s left)
  28 K2P+G4       22685.420   part1.3+part4.1	0h:0m:28s (0h:3m:5s left)
  29 HKY+F+G4     22673.943   part2.2+part2.3	0h:0m:28s (0h:2m:59s left)
  30 HKY+F+G4     22685.961   part1.3+part3.1	0h:0m:28s (0h:2m:52s left)
  31 HKY+F+G4     22665.778   part2.3+part5.3	0h:0m:29s (0h:2m:51s left)
  32 K2P+G4       22701.135   part1.3+part5.1	0h:0m:31s (0h:2m:55s left)
  33 TPM2u+F+G4   22713.206   part1.1+part2.2	0h:0m:32s (0h:2m:53s left)
  34 TIM2+F+G4    22722.614   part1.1+part5.3	0h:0m:33s (0h:2m:53s left)
  35 TN+F+G4      22700.409   part1.2+part2.3	0h:0m:33s (0h:2m:48s left)
  36 K2P+G4       22752.895   part1.3+part5.2	0h:0m:34s (0h:2m:49s left)
  37 TPM2u+F+G4   22705.991   part1.3+part4.2	0h:0m:35s (0h:2m:45s left)
  38 K2P+G4       22705.489   part2.3+part3.3	0h:0m:35s (0h:2m:40s left)
  39 HKY+F+I      22690.680   part2.1+part2.2	0h:0m:35s (0h:2m:38s left)
  40 HKY+F+G4     22691.484   part2.1+part5.3	0h:0m:38s (0h:2m:44s left)
  41 TIM2e+G4     22715.903   part1.1+part1.2	0h:0m:39s (0h:2m:44s left)
  42 TPM3u+F+G4   22667.116   part2.3+part4.3	0h:0m:40s (0h:2m:44s left)
  43 HKY+F+G4     22689.939   part2.3+part3.2	0h:0m:40s (0h:2m:39s left)
  44 TPM3u+F+G4   22693.325   part2.3+part3.1	0h:0m:41s (0h:2m:39s left)
  45 TIM2+F+G4    22726.021   part1.1+part3.3	0h:0m:42s (0h:2m:36s left)
  46 TIM2e+G4     22687.192   part2.3+part4.1	0h:0m:42s (0h:2m:32s left)
  47 HKY+F+G4     22692.323   part2.2+part5.3	0h:0m:42s (0h:2m:29s left)
  48 TIM2e+G4     22701.123   part1.2+part2.1	0h:0m:44s (0h:2m:30s left)
  49 TPM2u+F+G4   22686.187   part1.1+part4.3	0h:0m:46s (0h:2m:33s left)
  50 K2P+G4       22698.869   part2.1+part3.3	0h:0m:47s (0h:2m:33s left)
  51 K2P+G4       22701.510   part2.3+part5.1	0h:0m:48s (0h:2m:32s left)
  52 HKY+F+G4     22676.576   part2.1+part4.3	0h:0m:48s (0h:2m:28s left)
  53 HKY+F+G4     22708.641   part1.2+part5.3	0h:0m:49s (0h:2m:26s left)
  54 HKY+F+G4     22707.283   part1.2+part2.2	0h:0m:49s (0h:2m:23s left)
  55 K2P+G4       22708.536   part2.2+part3.3	0h:0m:51s (0h:2m:25s left)
  56 HKY+F+G4     22675.434   part2.3+part4.2	0h:0m:51s (0h:2m:22s left)
  57 HKY+F+G4     22707.001   part3.3+part5.3	0h:0m:52s (0h:2m:21s left)
  58 TPM2u+F+G4   22686.606   part1.1+part3.2	0h:0m:54s (0h:2m:23s left)
  59 TPM2u+F+G4   22675.155   part1.1+part3.1	0h:0m:54s (0h:2m:20s left)
  60 HKY+F+G4     22681.145   part2.2+part4.3	0h:0m:55s (0h:2m:19s left)
  61 TPM2u+F+G4   22709.726   part1.1+part4.2	0h:0m:57s (0h:2m:20s left)
  62 TPM2u+F+G4   22674.920   part1.1+part4.1	0h:0m:57s (0h:2m:17s left)
  63 HKY+F+G4     22748.555   part2.3+part5.2	0h:0m:57s (0h:2m:14s left)
  64 TIM2e+G4     22689.400   part2.1+part3.2	0h:0m:57s (0h:2m:11s left)
  65 HKY+F+G4     22667.540   part4.3+part5.3	0h:0m:58s (0h:2m:11s left)
  66 TPM2u+F+G4   22696.618   part1.1+part5.1	0h:0m:59s (0h:2m:9s left)
  67 TPM2u+F+G4   22683.632   part2.1+part4.1	0h:0m:59s (0h:2m:8s left)
  68 HKY+F+I      22684.021   part2.1+part3.1	0h:1m:1s (0h:2m:8s left)
  69 K2P+I        22693.314   part2.2+part3.2	0h:1m:1s (0h:2m:7s left)
  70 HKY+F+G4     22696.682   part3.2+part5.3	0h:1m:3s (0h:2m:8s left)
  71 HKY+F+G4     22693.910   part2.1+part4.2	0h:1m:3s (0h:2m:5s left)
  72 HKY+F+G4     22697.362   part1.2+part3.3	0h:1m:3s (0h:2m:3s left)
  73 K2P+I        22684.261   part2.2+part3.1	0h:1m:4s (0h:2m:2s left)
  74 K3P+I        22686.751   part2.2+part4.1	0h:1m:6s (0h:2m:2s left)
  75 HKY+F+G4     22688.308   part3.1+part5.3	0h:1m:8s (0h:2m:4s left)
  76 HKY+F+G4     22699.625   part4.1+part5.3	0h:1m:8s (0h:2m:1s left)
  77 TPM2u+F+G4   22701.300   part2.1+part5.1	0h:1m:10s (0h:2m:2s left)
  78 TPM2u+F+G4   22748.757   part1.1+part5.2	0h:1m:10s (0h:2m:0s left)
  79 HKY+F+G4     22695.691   part1.2+part4.3	0h:1m:12s (0h:2m:1s left)
  80 HKY+F+I+G4   22684.567   part1.2+part3.2	0h:1m:15s (0h:2m:2s left)
  81 K2P+I        22702.760   part2.2+part5.1	0h:1m:15s (0h:2m:0s left)
  82 K2P+G4       22709.777   part5.1+part5.3	0h:1m:15s (0h:1m:58s left)
  83 TPM2u+F+G4   22695.851   part2.2+part4.2	0h:1m:15s (0h:1m:56s left)
  84 TIM2e+G4     22741.865   part2.1+part5.2	0h:1m:15s (0h:1m:54s left)
  85 K3P+G4       22692.317   part3.3+part4.3	0h:1m:15s (0h:1m:52s left)
  86 HKY+F+G4     22750.859   part2.2+part5.2	0h:1m:17s (0h:1m:52s left)
  87 TPM2u+F+G4   22685.806   part4.2+part5.3	0h:1m:17s (0h:1m:50s left)
  88 K2P+G4       22678.260   part1.2+part3.1	0h:1m:20s (0h:1m:52s left)
  89 K2P+G4       22682.721   part1.2+part4.1	0h:1m:20s (0h:1m:50s left)
  90 HKY+F+G4     22755.507   part5.2+part5.3	0h:1m:21s (0h:1m:49s left)
  91 TN+F+G4      22695.463   part1.2+part4.2	0h:1m:22s (0h:1m:48s left)
  92 K3P+G4       22688.994   part3.1+part3.3	0h:1m:23s (0h:1m:47s left)
  93 TN+F+G4      22691.438   part3.2+part4.3	0h:1m:23s (0h:1m:45s left)
  94 TIM2e+G4     22699.814   part3.3+part4.1	0h:1m:23s (0h:1m:43s left)
  95 TIMe+G4      22695.477   part3.2+part3.3	0h:1m:23s (0h:1m:42s left)
  96 TIM3+F+G4    22688.180   part4.1+part4.3	0h:1m:24s (0h:1m:41s left)
  97 TIM3+F+G4    22679.700   part3.1+part4.3	0h:1m:25s (0h:1m:40s left)
  98 K2P+I+G4     22685.285   part1.2+part5.1	0h:1m:26s (0h:1m:39s left)
  99 K2P+G4       22688.239   part4.3+part5.1	0h:1m:27s (0h:1m:38s left)
 100 TN+F+I+G4    22695.822   part1.2+part5.2	0h:1m:28s (0h:1m:38s left)
 101 HKY+F+G4     22672.633   part4.2+part4.3	0h:1m:29s (0h:1m:37s left)
 102 K3Pu+F+G4    22716.858   part3.3+part4.2	0h:1m:29s (0h:1m:35s left)
 103 K3P+G4       22697.336   part3.3+part5.1	0h:1m:30s (0h:1m:34s left)
 104 K2P+I        22678.940   part3.1+part3.2	0h:1m:30s (0h:1m:33s left)
 105 TIM2e+G4     22680.603   part3.2+part4.1	0h:1m:32s (0h:1m:33s left)
 106 TVM+F+I      22690.023   part3.1+part4.1	0h:1m:33s (0h:1m:32s left)
 107 K3Pu+F+G4    22695.309   part4.1+part4.2	0h:1m:33s (0h:1m:31s left)
 108 HKY+F+G4     22694.667   part3.2+part4.2	0h:1m:34s (0h:1m:30s left)
 109 HKY+F+G4     22736.155   part4.3+part5.2	0h:1m:35s (0h:1m:28s left)
 110 HKY+F+I      22692.480   part3.1+part4.2	0h:1m:35s (0h:1m:27s left)
 111 K3P+G4       22721.802   part3.3+part5.2	0h:1m:36s (0h:1m:26s left)
 112 K2P+G4       22690.291   part3.2+part5.1	0h:1m:36s (0h:1m:25s left)
 113 TNe+I        22682.429   part3.1+part5.1	0h:1m:37s (0h:1m:24s left)
 114 K3Pu+F+G4    22694.327   part4.1+part5.1	0h:1m:38s (0h:1m:23s left)
 115 HKY+F+G4     22706.444   part4.2+part5.1	0h:1m:39s (0h:1m:23s left)
 116 K2P+I+G4     22709.233   part3.2+part5.2	0h:1m:41s (0h:1m:23s left)
 117 TNe+G4       22703.280   part3.1+part5.2	0h:1m:41s (0h:1m:21s left)
 118 TIM3e+I+G4   22721.723   part4.1+part5.2	0h:1m:41s (0h:1m:20s left)
 119 TNe+I+G4     22699.665   part5.1+part5.2	0h:1m:42s (0h:1m:19s left)
 120 TN+F+I+G4    22720.447   part4.2+part5.2	0h:1m:42s (0h:1m:17s left)
Merging part2.3+part5.3 with BIC score: 22665.778 (LnL: -10819.504  df: 134)
 121 TN+F+G4      22680.140   part1.2+part2.3+part5.3	0h:1m:49s (0h:1m:21s left)
 122 TIM2+F+G4    22701.690   part1.1+part2.3+part5.3	0h:1m:49s (0h:1m:19s left)
 123 HKY+F+G4     22654.710   part2.3+part3.2+part5.3	0h:1m:49s (0h:1m:18s left)
 124 HKY+F+G4     22653.640   part2.1+part2.3+part5.3	0h:1m:50s (0h:1m:17s left)
 125 HKY+F+G4     22675.826   part2.3+part3.3+part5.3	0h:1m:51s (0h:1m:16s left)
 126 HKY+F+G4     22627.745   part2.3+part4.3+part5.3	0h:1m:53s (0h:1m:16s left)
 127 HKY+F+G4     22644.647   part2.2+part2.3+part5.3	0h:1m:53s (0h:1m:15s left)
 128 HKY+F+G4     22642.277   part1.3+part2.3+part5.3	0h:1m:54s (0h:1m:14s left)
 129 HKY+F+G4     22690.739   part2.3+part5.1+part5.3	0h:1m:56s (0h:1m:13s left)
 130 HKY+F+G4     22654.960   part2.3+part3.1+part5.3	0h:1m:56s (0h:1m:12s left)
 131 HKY+F+G4     22659.869   part2.3+part4.1+part5.3	0h:1m:56s (0h:1m:11s left)
 132 HKY+F+G4     22723.650   part2.3+part5.2+part5.3	0h:1m:58s (0h:1m:10s left)
 133 HKY+F+G4     22643.921   part2.3+part4.2+part5.3	0h:1m:58s (0h:1m:9s left)
Merging part2.3+part4.3+part5.3 with BIC score: 22627.745 (LnL: -10823.474  df: 128)
 134 HKY+F+G4     22653.217   part2.3+part4.3+part5.1+part5.3	0h:2m:6s (0h:1m:12s left)
 135 TIM2+F+G4    22666.337   part1.1+part2.3+part4.3+part5.3	0h:2m:8s (0h:1m:12s left)
 136 HKY+F+G4     22648.830   part1.2+part2.3+part4.3+part5.3	0h:2m:10s (0h:1m:12s left)
 137 HKY+F+G4     22614.331   part2.1+part2.3+part4.3+part5.3	0h:2m:12s (0h:1m:11s left)
 138 HKY+F+G4     22618.722   part2.3+part3.2+part4.3+part5.3	0h:2m:12s (0h:1m:10s left)
 139 HKY+F+G4     22640.519   part2.3+part3.3+part4.3+part5.3	0h:2m:14s (0h:1m:9s left)
 140 HKY+F+G4     22607.140   part2.2+part2.3+part4.3+part5.3	0h:2m:16s (0h:1m:9s left)
 141 HKY+F+G4     22607.369   part1.3+part2.3+part4.3+part5.3	0h:2m:17s (0h:1m:8s left)
 142 HKY+F+G4     22616.670   part2.3+part3.1+part4.3+part5.3	0h:2m:19s (0h:1m:7s left)
 143 HKY+F+G4     22622.268   part2.3+part4.1+part4.3+part5.3	0h:2m:20s (0h:1m:7s left)
 144 HKY+F+G4     22686.939   part2.3+part4.3+part5.2+part5.3	0h:2m:22s (0h:1m:6s left)
 145 HKY+F+G4     22606.650   part2.3+part4.2+part4.3+part5.3	0h:2m:22s (0h:1m:5s left)
Merging part1.1+part4.1 with BIC score: 22597.413 (LnL: -10827.465  df: 123)
 146 TPM2u+F+G4   22639.667   part1.1+part4.1+part5.2	0h:2m:28s (0h:1m:5s left)
 147 TPM2u+F+G4   22612.839   part1.1+part1.2+part4.1	0h:2m:28s (0h:1m:4s left)
 148 TPM2u+F+G4   22605.484   part1.1+part2.2+part4.1	0h:2m:29s (0h:1m:3s left)
 149 TPM2u+F+G4   22569.880   part1.1+part2.1+part4.1	0h:2m:29s (0h:1m:2s left)
 150 TPM2u+F+G4   22577.948   part1.1+part3.2+part4.1	0h:2m:29s (0h:1m:0s left)
 151 K2P+G4       22624.946   part1.1+part1.3+part4.1	0h:2m:30s (0h:0m:59s left)
 152 TIM2+F+G4    22620.438   part1.1+part3.3+part4.1	0h:2m:32s (0h:0m:59s left)
 153 TPM2u+F+G4   22601.283   part1.1+part4.1+part4.2	0h:2m:33s (0h:0m:58s left)
 154 TIM2+F+G4    22643.096   part1.1+part2.3+part4.1+part4.3+part5.3	0h:2m:33s (0h:0m:56s left)
 155 TVM+F+G4     22571.588   part1.1+part3.1+part4.1	0h:2m:33s (0h:0m:55s left)
 156 TPM2u+F+G4   22586.347   part1.1+part4.1+part5.1	0h:2m:33s (0h:0m:54s left)
Merging part1.1+part2.1+part4.1 with BIC score: 22569.880 (LnL: -10829.023  df: 119)
 157 TPM2u+F+G4   22588.447   part1.1+part1.2+part2.1+part4.1	0h:2m:39s (0h:0m:54s left)
 158 TPM2+F+G4    22571.544   part1.1+part2.1+part4.1+part4.2	0h:2m:39s (0h:0m:53s left)
 159 TPM2u+F+G4   22573.047   part1.1+part2.1+part2.2+part4.1	0h:2m:40s (0h:0m:52s left)
 160 TPM2+F+G4    22550.667   part1.1+part2.1+part3.2+part4.1	0h:2m:40s (0h:0m:51s left)
 161 TPM2u+F+G4   22542.747   part1.1+part2.1+part3.1+part4.1	0h:2m:40s (0h:0m:49s left)
 162 TIM2+F+G4    22594.942   part1.1+part2.1+part3.3+part4.1	0h:2m:41s (0h:0m:48s left)
 163 TPM2u+F+G4   22602.159   part1.1+part1.3+part2.1+part4.1	0h:2m:41s (0h:0m:47s left)
 164 TPM2u+F+G4   22615.213   part1.1+part2.1+part4.1+part5.2	0h:2m:44s (0h:0m:47s left)
 165 TIM2+F+G4    22612.229   part1.1+part2.1+part2.3+part4.1+part4.3+part5.3	0h:2m:44s (0h:0m:45s left)
 166 TPM2u+F+G4   22558.778   part1.1+part2.1+part4.1+part5.1	0h:2m:44s (0h:0m:44s left)
Merging part1.1+part2.1+part3.1+part4.1 with BIC score: 22542.747 (LnL: -10838.444  df: 113)
 167 TPM2u+F+G4   22523.889   part1.1+part2.1+part3.1+part3.2+part4.1	0h:2m:51s (0h:0m:45s left)
 168 TPM2u+F+G4   22562.231   part1.1+part1.2+part2.1+part3.1+part4.1	0h:2m:52s (0h:0m:44s left)
 169 TPM2+F+G4    22544.669   part1.1+part2.1+part3.1+part4.1+part4.2	0h:2m:52s (0h:0m:42s left)
 170 TPM2u+F+G4   22545.361   part1.1+part2.1+part2.2+part3.1+part4.1	0h:2m:52s (0h:0m:41s left)
 171 TPM2u+F+G4   22532.256   part1.1+part2.1+part3.1+part4.1+part5.1	0h:2m:53s (0h:0m:40s left)
 172 TIM2+F+G4    22569.682   part1.1+part2.1+part3.1+part3.3+part4.1	0h:2m:53s (0h:0m:39s left)
 173 TVM+F+G4     22576.279   part1.1+part1.3+part2.1+part3.1+part4.1	0h:2m:54s (0h:0m:38s left)
 174 TIM2+F+G4    22586.695   part1.1+part2.1+part2.3+part3.1+part4.1+part4.3+part5.3	0h:2m:57s (0h:0m:37s left)
 175 TPM2+F+G4    22588.420   part1.1+part2.1+part3.1+part4.1+part5.2	0h:2m:57s (0h:0m:36s left)
Merging part2.3+part4.2+part4.3+part5.3 with BIC score: 22521.652 (LnL: -10847.053  df: 108)
 176 HKY+F+G4     22550.441   part2.3+part4.2+part4.3+part5.1+part5.3	0h:3m:7s (0h:0m:37s left)
 177 HKY+F+G4     22579.889   part2.3+part4.2+part4.3+part5.2+part5.3	0h:3m:10s (0h:0m:36s left)
 178 HKY+F+G4     22546.052   part1.2+part2.3+part4.2+part4.3+part5.3	0h:3m:11s (0h:0m:35s left)
 179 HKY+F+G4     22513.192   part2.3+part3.2+part4.2+part4.3+part5.3	0h:3m:12s (0h:0m:34s left)
 180 TIM2+F+G4    22580.400   part1.1+part2.1+part2.3+part3.1+part4.1+part4.2+part4.3+part5.3	0h:3m:12s (0h:0m:33s left)
 181 HKY+F+G4     22536.575   part2.3+part3.3+part4.2+part4.3+part5.3	0h:3m:12s (0h:0m:31s left)
 182 HKY+F+G4     22501.412   part2.2+part2.3+part4.2+part4.3+part5.3	0h:3m:13s (0h:0m:30s left)
 183 HKY+F+G4     22511.637   part1.3+part2.3+part4.2+part4.3+part5.3	0h:3m:13s (0h:0m:29s left)
Merging part1.2+part3.2 with BIC score: 22500.968 (LnL: -10852.036  df: 104)
 184 HKY+F+G4     22501.598   part1.2+part2.2+part3.2	0h:3m:17s (0h:0m:28s left)
 185 K2P+I+G4     22485.298   part1.2+part3.2+part5.1	0h:3m:18s (0h:0m:27s left)
 186 HKY+F+G4     22495.608   part1.2+part3.2+part3.3	0h:3m:18s (0h:0m:26s left)
 187 HKY+F+I+G4   22496.663   part1.2+part3.2+part5.2	0h:3m:18s (0h:0m:25s left)
 188 HKY+F+G4     22506.758   part1.2+part1.3+part3.2	0h:3m:19s (0h:0m:24s left)
 189 TPM2u+F+G4   22517.443   part1.1+part1.2+part2.1+part3.1+part3.2+part4.1	0h:3m:19s (0h:0m:23s left)
 190 HKY+F+G4     22527.511   part1.2+part2.3+part3.2+part4.2+part4.3+part5.3	0h:3m:22s (0h:0m:22s left)
Merging part2.2+part2.3+part4.2+part4.3+part5.3 with BIC score: 22480.728 (LnL: -10849.578  df: 102)
 191 HKY+F+G4     22505.406   part2.2+part2.3+part4.2+part4.3+part5.1+part5.3	0h:3m:33s (0h:0m:22s left)
 192 HKY+F+G4     22536.599   part2.2+part2.3+part4.2+part4.3+part5.2+part5.3	0h:3m:34s (0h:0m:21s left)
 193 TIM2+F+G4    22542.545   part1.1+part2.1+part2.2+part2.3+part3.1+part4.1+part4.2+part4.3+part5.3	0h:3m:36s (0h:0m:20s left)
 194 HKY+F+G4     22495.177   part2.2+part2.3+part3.3+part4.2+part4.3+part5.3	0h:3m:36s (0h:0m:18s left)
 195 HKY+F+G4     22506.819   part1.2+part2.2+part2.3+part3.2+part4.2+part4.3+part5.3	0h:3m:37s (0h:0m:17s left)
 196 TPM2u+F+G4   22470.529   part1.3+part2.2+part2.3+part4.2+part4.3+part5.3	0h:3m:37s (0h:0m:16s left)
Merging part1.2+part3.2+part5.1 with BIC score: 22465.058 (LnL: -10860.900  df: 97)
 197 HKY+F+G4     22490.017   part1.2+part1.3+part3.2+part5.1	0h:3m:42s (0h:0m:15s left)
 198 HKY+F+I+G4   22468.599   part1.2+part3.2+part5.1+part5.2	0h:3m:42s (0h:0m:14s left)
 199 K2P+I+G4     22465.698   part1.2+part3.2+part3.3+part5.1	0h:3m:42s (0h:0m:13s left)
 200 TPM2u+F+G4   22484.655   part1.1+part1.2+part2.1+part3.1+part3.2+part4.1+part5.1	0h:3m:44s (0h:0m:12s left)
 201 HKY+F+G4     22516.611   part1.2+part2.2+part2.3+part3.2+part4.2+part4.3+part5.1+part5.3	0h:3m:47s (0h:0m:11s left)
Merging part1.3+part2.2+part2.3+part4.2+part4.3+part5.3 with BIC score: 22454.860 (LnL: -10871.125  df: 93)
 202 HKY+F+G4     22504.704   part1.2+part1.3+part2.2+part2.3+part3.2+part4.2+part4.3+part5.1+part5.3	0h:4m:1s (0h:0m:10s left)
 203 TPM2u+F+G4   22510.531   part1.3+part2.2+part2.3+part4.2+part4.3+part5.2+part5.3	0h:4m:2s (0h:0m:9s left)
 204 HKY+F+G4     22462.945   part1.3+part2.2+part2.3+part3.3+part4.2+part4.3+part5.3	0h:4m:2s (0h:0m:8s left)
 205 TIM3+F+G4    22516.499   part1.1+part1.3+part2.1+part2.2+part2.3+part3.1+part4.1+part4.2+part4.3+part5.3	0h:4m:4s (0h:0m:7s left)
BEST-FIT PARTITION MODEL: 
  charpartition BIC = TPM2u+F+G4: part1.1 part2.1 part3.1 part4.1, K2P+I+G4: part1.2 part3.2 part5.1, TPM2u+F+G4: part1.3 part2.2 part2.3 part4.2 part4.3 part5.3, K3P+G4: part3.3, TNe+I+G4: part5.2;
Agglomerative model selection: ((((part1.1,part4.1)3:22597.4,part2.1)4:22569.9,part3.1)5:22542.7,((part1.2,part3.2)7:22501,part5.1)9:22465.1,(part1.3,(part2.2,(((part2.3,part5.3)1:22665.8,part4.3)2:22627.7,part4.2)6:22521.7)8:22480.7)10:22454.9,part3.3,part5.2)
Merging into 5 partitions...
Partition information was printed to 2_set183.best_scheme.nex
Partition information in Raxml format was printed to 2_set183.best_scheme

All model information printed to 2_set183.model.gz
CPU time for ModelFinder: 275.822 seconds (0h:4m:35s)
Wall-clock time for ModelFinder: 245.930 seconds (0h:4m:5s)
Generating 1000 samples for ultrafast bootstrap (seed: 694636)...

NOTE: 8 MB RAM (0 GB) is required!
Measuring multi-threading efficiency up to 8 CPU cores
Increase to 10 rounds for branch lengths
19 trees examined
Threads: 1 / Time: 8.410 sec / Speedup: 1.000 / Efficiency: 100% / LogL: -16537
Threads: 2 / Time: 17.502 sec / Speedup: 0.481 / Efficiency: 24% / LogL: -16537
BEST NUMBER OF THREADS: 1

Estimate model parameters (epsilon = 0.100)
Initial log-likelihood: -11381.954
Current log-likelihood at step 1: -10902.976
Current log-likelihood at step 2: -10860.452
Current log-likelihood at step 3: -10859.589
Current log-likelihood at step 4: -10859.462
Current log-likelihood at step 5: -10859.434
Parameters optimization took 4 rounds (1.055 sec)

Computing ML distances based on estimated model parameters... 0.056 sec
Computing BIONJ tree...
0.004 seconds
Log-likelihood of BIONJ tree: -10890.810
--------------------------------------------------------------------
|             INITIALIZING CANDIDATE TREE SET                      |
--------------------------------------------------------------------
Generating 98 parsimony trees... 3.845 second
Computing log-likelihood of 98 initial trees ... 11.491 seconds
Current best score: -10859.434

Do NNI search on 20 best initial trees
Estimate model parameters (epsilon = 0.100)
Initial log-likelihood: -10859.246
Current log-likelihood at step 1: -10859.233
Parameters optimization took 0 rounds (0.221 sec)

BETTER TREE FOUND at iteration 1: -10859.233
Iteration 10 / LogL: -10859.240 / Time: 0h:0m:53s
Iteration 20 / LogL: -10860.006 / Time: 0h:1m:7s
Finish initializing candidate tree set (4)
Current best tree score: -10859.233 / CPU time: 39.648
Number of iterations: 20
--------------------------------------------------------------------
|               OPTIMIZING CANDIDATE TREE SET                      |
--------------------------------------------------------------------
Iteration 30 / LogL: -10860.632 / Time: 0h:1m:21s (0h:3m:19s left)
Iteration 40 / LogL: -10859.316 / Time: 0h:1m:35s (0h:2m:29s left)
Iteration 50 / LogL: -10860.439 / Time: 0h:1m:50s (0h:1m:54s left)
Log-likelihood cutoff on original alignment: -10887.395
Iteration 60 / LogL: -10865.002 / Time: 0h:2m:5s (0h:1m:27s left)
Iteration 70 / LogL: -10859.246 / Time: 0h:2m:20s (0h:1m:3s left)
Iteration 80 / LogL: -10866.164 / Time: 0h:2m:33s (0h:0m:40s left)
Iteration 90 / LogL: -10859.266 / Time: 0h:2m:46s (0h:0m:20s left)
Iteration 100 / LogL: -10863.947 / Time: 0h:2m:58s (0h:0m:1s left)
Log-likelihood cutoff on original alignment: -10888.847
NOTE: Bootstrap correlation coefficient of split occurrence frequencies: 1.000
TREE SEARCH COMPLETED AFTER 102 ITERATIONS / Time: 0h:3m:2s

--------------------------------------------------------------------
|                    FINALIZING TREE SEARCH                        |
--------------------------------------------------------------------
Performs final model parameters optimization
Estimate model parameters (epsilon = 0.010)
Initial log-likelihood: -10859.232
Current log-likelihood at step 1: -10859.230
Parameters optimization took 0 rounds (0.105 sec)

BEST SCORE FOUND : -10859.230
Creating bootstrap support values...
Split supports printed to NEXUS file 2_set183.splits.nex
Total tree length: 0.925

Total number of iterations: 102
CPU time used for tree search: 52.641 sec (0h:0m:52s)
Wall-clock time used for tree search: 154.478 sec (0h:2m:34s)
Total CPU time used: 61.829 sec (0h:1m:1s)
Total wall-clock time used: 182.829 sec (0h:3m:2s)

Computing bootstrap consensus tree...
Reading input file 2_set183.splits.nex...
37 taxa and 181 splits.
Consensus tree written to 2_set183.contree
Reading input trees file 2_set183.contree
Log-likelihood of consensus tree: -10859.231

Analysis results written to: 
  IQ-TREE report:                2_set183.iqtree
  Maximum-likelihood tree:       2_set183.treefile
  Likelihood distances:          2_set183.mldist
  Best partitioning scheme:      2_set183.best_scheme.nex
           in RAxML format:      2_set183.best_scheme

Ultrafast bootstrap approximation results written to:
  Split support values:          2_set183.splits.nex
  Consensus tree:                2_set183.contree
  Screen log file:               2_set183.log

Date and Time: Fri Sep  7 18:24:18 2018
