IQ-TREE multicore version 1.6.7 for Mac OS X 64-bit built Aug 23 2018
Developed by Bui Quang Minh, Nguyen Lam Tung, Olga Chernomor,
Heiko Schmidt, Dominik Schrempf, Michael Woodhams.

Host:    meeps-mac-pro.staff.sydney.edu.au (AVX, 64 GB RAM)
Command: /Users/davidduchene/Desktop/Software/iqtree-1.6.7-MacOSX/bin/iqtree -s ../../../../marsupials/set134.fasta -m TESTMERGE -bb 1000 -sp ../../../../marsupials/set134.nex -nt AUTO -pre 6_set134
Seed:    771793 (Using SPRNG - Scalable Parallel Random Number Generator)
Time:    Fri Sep  7 16:19:19 2018
Kernel:  AVX - auto-detect threads (8 CPU cores detected)

Reading partition model file ../../../../marsupials/set134.nex ...
Reading alignment file ../../../../marsupials/set134.fasta ... Fasta format detected
Alignment most likely contains DNA/RNA sequences
Alignment has 35 sequences with 1992 columns, 856 distinct patterns
632 parsimony-informative, 224 singleton sites, 1136 constant sites
                                              Gap/Ambiguity  Composition  p-value
   1  Burramyidae_Burramys_parvus                     0.25%    passed     91.22%
   2  Notoryctidae_Notoryctes_typhlops                7.03%    passed     55.07%
   3  Vombatidae_Lasiorhinus_latifrons                0.50%    passed     77.72%
   4  Potoroidae_Bettongia_penicillata                0.55%    passed     97.57%
   5  Potoroidae_Bettongia_lesueur                    0.70%    passed     99.11%
   6  Dasyuridae_Dasyurus_maculatus                   0.15%    passed     54.34%
   7  Phalangeridae_Trichosurus_vulpecula             0.00%    passed     96.20%
   8  Phalangeridae_Spilocuscus_maculatus             0.05%    passed     88.37%
   9  Potoroidae_Aepyprymnus_rufescens                1.46%    passed     89.07%
  10  Peramelidae_Perameles_nasuta                    0.10%    passed     38.36%
  11  Phalangeridae_Strigocuscus_pelengensis          4.02%    passed     52.69%
  12  Dasyuridae_Phascogale_tapoatafa                 0.25%    passed     64.50%
  13  Dasyuridae_Sminthopsis_macroura                 0.55%    passed     81.32%
  14  Phalangeridae_Phalanger_orientalis              0.20%    passed     91.53%
  15  Acrobatidae_Acrobates_pygmaeus                  0.20%    passed     95.22%
  16  Dasyuridae_Phascogale_calura                    0.65%    passed     58.81%
  17  Dasyuridae_Sarcophilus_harrisii                 0.15%    passed     41.88%
  18  Dasyuridae_Planigale_tenuirostris               8.73%    passed     99.85%
  19  Peramelidae_Echymipera_kalubu                   0.00%    passed     56.92%
  20  Macropodidae_Dorcopsulus_vanheurni              2.16%    passed     88.60%
  21  Pseudochiridae_Pseudochirulus_forbesi           0.55%    passed     90.42%
  22  Didelphidae_Didelphis_virginiana               39.96%    passed     92.48%
  23  Marmosidae_Monodelphis_domestica                0.85%    passed     48.01%
  24  Dasyuridae_Antechinus_stuartii                  1.26%    passed     63.82%
  25  Hypsiprymnodontidae_Hypsiprymnodon_moschatus    0.65%    passed     99.94%
  26  Microbiotheriidae_Dromiciops_gliroides          2.76%    passed     88.69%
  27  Pseudochiridae_Petauroides_volans               1.00%    passed     99.83%
  28  Macropodidae_Wallabia_bicolor                   0.90%    passed     99.30%
  29  Pseudochiridae_Pseudocheirus_occidentalis       0.50%    passed     85.76%
  30  Tarsipedidae_Tarsipes_rostratus                 2.46%    passed     97.47%
  31  Acrobatidae_Distoechurus_pennatus               0.40%    passed     70.14%
  32  Phalangeridae_Phalanger_carmelitae              0.10%    passed     88.71%
  33  Peramelidae_Peroryctes_raffrayana               0.30%    passed     53.04%
  34  Dasyuridae_Dasyurus_geffroii                    0.15%    passed     57.56%
  35  Peramelidae_Perameles_gunnii                    0.25%    passed     41.18%
****  TOTAL                                           2.28%  0 sequences failed composition chi2 test (p-value<5%; df=3)
NOTE: No CharPartition defined, use all CharSets

Loading 15 partitions...
Subset	Type	Seqs	Sites	Infor	Invar	Model	Name
1		34	248	58	166	TESTMERGE	part1.1
2		34	248	34	196	TESTMERGE	part1.2
3		34	248	153	47	TESTMERGE	part1.3
4		35	81	5	66	TESTMERGE	part2.1
5		35	81	2	74	TESTMERGE	part2.2
6		35	81	32	34	TESTMERGE	part2.3
7		35	109	21	75	TESTMERGE	part3.1
8		35	109	9	97	TESTMERGE	part3.2
9		35	109	67	24	TESTMERGE	part3.3
10		35	88	21	61	TESTMERGE	part4.1
11		35	88	11	71	TESTMERGE	part4.2
12		35	88	55	21	TESTMERGE	part4.3
13		35	138	43	82	TESTMERGE	part5.1
14		35	138	32	97	TESTMERGE	part5.2
15		35	138	89	25	TESTMERGE	part5.3
Degree of missing data: 0.011
Info: multi-threading strategy over partitions



Create initial parsimony tree by phylogenetic likelihood library (PLL)... 0.009 seconds
NOTE: ModelFinder requires 9 MB RAM!
NUMBER OF THREADS FOR PARTITION FINDING: 8
Testing GTR+F+G on supermatrix...
GTR+F+G4 / LnL: -13550.635 / df: 76 / AIC: 27253.270 / AICc: 27259.382 / BIC: 27678.634
Selecting individual models for 15 charsets using BIC...
 No. Model        Score       Charset
   1 K2P+G4       2113.037    part4.3
   2 TPM2u+F+G4   2952.117    part1.1
   3 K2P+G4       2242.687    part1.2
   4 K3P+G4       1338.034    part2.3
   5 K2P+G4       2069.348    part5.1
   6 K2P+G4       3531.866    part5.3
   7 TNe+G4       1179.541    part4.1
   8 K3P+I        693.398     part2.1
   9 K2P+G4       1281.850    part3.1
  10 K2P+I        818.847     part3.2	0h:0m:17s (0h:5m:56s left)
  11 JC+I         619.309     part2.2	0h:0m:17s (0h:5m:23s left)
  12 K2P+G4       5874.633    part1.3	0h:0m:18s (0h:5m:2s left)
  13 TIM3e+I+G4   1942.342    part5.2	0h:0m:19s (0h:5m:4s left)
  14 TIM2e+G4     920.768     part4.2	0h:0m:22s (0h:5m:13s left)
  15 TVM+F+G4     2509.576    part3.3	0h:0m:22s (0h:4m:56s left)
Full partition model BIC score: 33015.184 (LnL: -12534.416  df:1046)
Merging models to increase model fit (about 211 total partition schemes)...
  16 K2P+I+G4     32785.951   part1.2+part1.3	0h:0m:33s (0h:6m:49s left)
  17 K2P+G4       32595.243   part1.3+part4.3	0h:0m:36s (0h:6m:51s left)
  18 K2P+G4       32656.746   part1.3+part2.3	0h:0m:37s (0h:6m:38s left)
  19 K2P+G4       32597.148   part1.3+part5.3	0h:0m:37s (0h:6m:20s left)
  20 TPM2u+F+I+G4 32717.106   part1.1+part1.3	0h:0m:39s (0h:6m:13s left)
  21 K2P+G4       32735.531   part1.3+part5.2	0h:0m:39s (0h:5m:58s left)
  22 K2P+G4       32668.188   part1.3+part5.1	0h:0m:40s (0h:5m:48s left)
  23 TPM2u+F+G4   32615.361   part1.3+part3.3	0h:0m:41s (0h:5m:42s left)
  24 K2P+G4       32659.518   part1.3+part3.1	0h:0m:48s (0h:6m:20s left)
  25 K2P+G4       32680.789   part1.3+part4.2	0h:0m:49s (0h:6m:10s left)
  26 K2P+G4       32714.626   part1.3+part3.2	0h:0m:49s (0h:5m:55s left)
  27 K2P+G4       32737.920   part1.3+part2.2	0h:0m:49s (0h:5m:40s left)
  28 K2P+G4       32757.341   part1.3+part2.1	0h:0m:50s (0h:5m:31s left)
  29 K2P+G4       32646.921   part1.3+part4.1	0h:0m:52s (0h:5m:30s left)
  30 K2P+G4       32644.219   part3.3+part5.3	0h:0m:53s (0h:5m:20s left)
  31 K2P+G4       32683.336   part1.1+part5.3	0h:0m:53s (0h:5m:9s left)
  32 TIM3e+G4     32586.082   part4.3+part5.3	0h:1m:6s (0h:6m:11s left)
  33 TPM2u+F+G4   32623.593   part1.1+part4.3	0h:1m:8s (0h:6m:8s left)
  34 K2P+G4       32600.846   part5.1+part5.3	0h:1m:8s (0h:5m:55s left)
  35 K2P+I+G4     32639.248   part5.2+part5.3	0h:1m:8s (0h:5m:44s left)
  36 K2P+G4       32642.060   part2.3+part5.3	0h:1m:8s (0h:5m:32s left)
  37 K2P+I+G4     32726.984   part1.2+part5.3	0h:1m:8s (0h:5m:22s left)
  38 TPM2u+F+G4   32587.815   part1.1+part5.1	0h:1m:9s (0h:5m:15s left)
  39 TPM2u+F+G4   32648.047   part1.1+part3.3	0h:1m:10s (0h:5m:12s left)
  40 TIM3e+G4     32581.664   part1.1+part1.2	0h:1m:18s (0h:5m:36s left)
  41 K2P+G4       32627.295   part3.1+part5.3	0h:1m:21s (0h:5m:37s left)
  42 TPM2u+F+G4   32636.728   part1.1+part2.3	0h:1m:21s (0h:5m:28s left)
  43 K2P+G4       32637.515   part4.1+part5.3	0h:1m:21s (0h:5m:20s left)
  44 GTR+F+G4     32632.989   part3.3+part4.3	0h:1m:25s (0h:5m:23s left)
  45 TIM3e+I+G4   32594.429   part1.1+part5.2	0h:1m:25s (0h:5m:15s left)
  46 K3P+I+G4     32745.690   part1.2+part3.3	0h:1m:26s (0h:5m:9s left)
  47 TVM+F+G4     32669.243   part3.3+part5.1	0h:1m:27s (0h:5m:3s left)
  48 K2P+I+G4     32680.099   part3.2+part5.3	0h:1m:30s (0h:5m:8s left)
  49 TPM2u+F+G4   32558.888   part1.1+part3.1	0h:1m:32s (0h:5m:5s left)
  50 K2P+G4       32711.701   part2.1+part5.3	0h:1m:34s (0h:5m:5s left)
  51 K2P+G4       32598.698   part4.3+part5.1	0h:1m:35s (0h:5m:1s left)
  52 TIM2+F+G4    32620.440   part2.3+part3.3	0h:1m:37s (0h:4m:57s left)
  53 K2P+G4       32657.951   part4.2+part5.3	0h:1m:39s (0h:4m:56s left)
  54 K2P+I+G4     32698.704   part2.2+part5.3	0h:1m:41s (0h:4m:54s left)
  55 HKY+F+I+G4   32739.015   part3.3+part5.2	0h:1m:42s (0h:4m:51s left)
  56 HKY+F+G4     32644.206   part3.1+part3.3	0h:1m:44s (0h:4m:50s left)
  57 TPM2u+F+G4   32565.487   part1.1+part4.1	0h:1m:45s (0h:4m:45s left)
  58 TNe+I+G4     32602.654   part1.2+part5.1	0h:1m:45s (0h:4m:39s left)
  59 K2P+I+G4     32687.175   part1.2+part4.3	0h:1m:46s (0h:4m:35s left)
  60 TIM3e+G4     32568.544   part1.1+part3.2	0h:1m:48s (0h:4m:33s left)
  61 K2P+G4       32610.850   part2.3+part5.1	0h:1m:50s (0h:4m:30s left)
  62 TIM3e+G4     32609.894   part2.3+part4.3	0h:1m:50s (0h:4m:24s left)
  63 TPM2+F+G4    32645.423   part1.1+part2.1	0h:1m:53s (0h:4m:26s left)
  64 K2P+G4       32611.259   part1.1+part2.2	0h:1m:56s (0h:4m:28s left)
  65 K2P+G4       32621.514   part4.3+part5.2	0h:1m:57s (0h:4m:23s left)
  66 K2P+G4       32622.879   part1.2+part2.3	0h:1m:59s (0h:4m:21s left)
  67 K2P+G4       32589.546   part3.1+part4.3	0h:1m:59s (0h:4m:16s left)
  68 K2P+G4       32574.198   part1.1+part4.2	0h:2m:1s (0h:4m:14s left)
  69 K2P+I+G4     32544.813   part5.1+part5.2	0h:2m:1s (0h:4m:10s left)
  70 TIM3e+I+G4   32608.542   part1.2+part5.2	0h:2m:5s (0h:4m:11s left)
  71 K2P+I+G4     32557.838   part3.1+part5.1	0h:2m:5s (0h:4m:7s left)
  72 TNe+G4       32574.171   part1.2+part3.1	0h:2m:10s (0h:4m:11s left)
  73 K2P+G4       32583.844   part2.3+part3.1	0h:2m:10s (0h:4m:7s left)
  74 K2P+I+G4     32655.649   part2.3+part5.2	0h:2m:12s (0h:4m:4s left)
  75 HKY+F+G4     32633.245   part3.3+part4.1	0h:2m:13s (0h:4m:1s left)
  76 HKY+F+G4     32720.428   part2.2+part3.3	0h:2m:15s (0h:3m:59s left)
  77 K3Pu+F+G4    32675.312   part3.2+part3.3	0h:2m:15s (0h:3m:56s left)
  78 HKY+F+G4     32668.516   part3.3+part4.2	0h:2m:17s (0h:3m:53s left)
  79 K2P+G4       32599.594   part4.1+part4.3	0h:2m:18s (0h:3m:50s left)
  80 HKY+F+I+G4   32737.933   part2.1+part3.3	0h:2m:18s (0h:3m:46s left)
  81 TNe+G4       32576.112   part4.1+part5.1	0h:2m:20s (0h:3m:46s left)
  82 K2P+I+G4     32568.142   part3.1+part5.2	0h:2m:20s (0h:3m:41s left)
  83 K2P+G4       32630.054   part3.2+part4.3	0h:2m:20s (0h:3m:37s left)
  84 K2P+I+G4     32566.153   part3.2+part5.1	0h:2m:23s (0h:3m:37s left)
  85 K2P+I+G4     32619.536   part2.1+part5.1	0h:2m:25s (0h:3m:35s left)
  86 TIM3e+G4     32678.350   part2.1+part4.3	0h:2m:25s (0h:3m:31s left)
  87 TNe+I+G4     32573.644   part1.2+part4.1	0h:2m:26s (0h:3m:29s left)
  88 TIM3e+G4     32665.839   part2.2+part4.3	0h:2m:27s (0h:3m:26s left)
  89 K2P+I        32557.399   part1.2+part3.2	0h:2m:27s (0h:3m:22s left)
  90 K2P+I+G4     32595.700   part2.2+part5.1	0h:2m:28s (0h:3m:19s left)
  91 K2P+G4       32573.142   part2.3+part4.1	0h:2m:32s (0h:3m:20s left)
  92 K2P+G4       32592.661   part1.2+part2.1	0h:2m:33s (0h:3m:18s left)
  93 HKY+F+G4     32634.985   part4.2+part4.3	0h:2m:34s (0h:3m:15s left)
  94 K2P+G4       32575.916   part4.2+part5.1	0h:2m:35s (0h:3m:12s left)
  95 K2P+G4       32577.923   part2.3+part3.2	0h:2m:36s (0h:3m:11s left)
  96 K3P+G4       32567.682   part2.1+part2.3	0h:2m:37s (0h:3m:8s left)
  97 K2P+I+G4     32592.847   part4.1+part5.2	0h:2m:38s (0h:3m:6s left)
  98 K2P+I        32572.203   part1.2+part2.2	0h:2m:39s (0h:3m:3s left)
  99 K3P+G4       32579.282   part2.2+part2.3	0h:2m:41s (0h:3m:3s left)
 100 TIM3e+I+G4   32554.967   part3.2+part5.2	0h:2m:43s (0h:3m:1s left)
 101 K2P+G4       32551.810   part1.2+part4.2	0h:2m:43s (0h:2m:58s left)
 102 TNe+G4       32550.189   part3.1+part4.1	0h:2m:47s (0h:2m:59s left)
 103 TNe+G4       32530.942   part3.1+part3.2	0h:2m:49s (0h:2m:57s left)
 104 K2P+G4       32583.508   part2.3+part4.2	0h:2m:49s (0h:2m:54s left)
 105 K2P+I+G4     32622.156   part2.1+part5.2	0h:2m:49s (0h:2m:51s left)
 106 K2P+G4       32580.092   part2.1+part3.1	0h:2m:52s (0h:2m:50s left)
 107 TNe+G4       32569.333   part2.2+part3.1	0h:2m:54s (0h:2m:49s left)
 108 K2P+I+G4     32588.650   part2.2+part5.2	0h:2m:56s (0h:2m:48s left)
 109 K2P+G4       32539.327   part2.1+part3.2	0h:2m:56s (0h:2m:45s left)
 110 TIM3e+I+G4   32595.662   part4.2+part5.2	0h:2m:58s (0h:2m:43s left)
 111 TNe+G4       32582.114   part2.1+part4.1	0h:2m:59s (0h:2m:41s left)
 112 TIM2e+G4     32545.000   part3.1+part4.2	0h:2m:59s (0h:2m:38s left)
 113 TNe+I+G4     32550.413   part3.2+part4.1	0h:2m:59s (0h:2m:35s left)
 114 K2P+I        32531.980   part2.2+part3.2	0h:3m:1s (0h:2m:34s left)
 115 TNe+I+G4     32568.580   part2.2+part4.1	0h:3m:2s (0h:2m:32s left)
 116 K3P+I        32499.366   part2.1+part2.2	0h:3m:5s (0h:2m:31s left)
 117 TNe+G4       32532.958   part4.1+part4.2	0h:3m:5s (0h:2m:28s left)
 118 TIM2e+G4     32558.927   part2.1+part4.2	0h:3m:6s (0h:2m:27s left)
 119 HKY+F+I      32547.939   part2.2+part4.2	0h:3m:7s (0h:2m:24s left)
 120 K2P+I        32531.377   part3.2+part4.2	0h:3m:7s (0h:2m:22s left)
Merging part2.1+part2.2 with BIC score: 32499.366 (LnL: -12534.802  df: 978)
 121 TIMe+G4      32103.795   part2.1+part2.2+part3.1	0h:3m:14s (0h:2m:24s left)
 122 TNe+G4       32101.962   part2.1+part2.2+part4.1	0h:3m:16s (0h:2m:23s left)
 123 K2P+I+G4     32165.329   part2.1+part2.2+part5.1	0h:3m:19s (0h:2m:22s left)
 124 K2P+G4       32183.809   part1.1+part2.1+part2.2	0h:3m:19s (0h:2m:20s left)
 125 K2P+I        32114.940   part1.2+part2.1+part2.2	0h:3m:20s (0h:2m:17s left)
 126 K3P+I+G4     32165.413   part2.1+part2.2+part5.2	0h:3m:21s (0h:2m:15s left)
 127 K2P+I        32035.890   part2.1+part2.2+part3.2	0h:3m:21s (0h:2m:13s left)
 128 K3P+I+G4     32322.465   part2.1+part2.2+part5.3	0h:3m:22s (0h:2m:11s left)
 129 K3P+I        32061.481   part2.1+part2.2+part4.2	0h:3m:23s (0h:2m:9s left)
 130 K3P+I+G4     32405.255   part1.3+part2.1+part2.2	0h:3m:24s (0h:2m:7s left)
 131 K3P+G4       32098.916   part2.1+part2.2+part2.3	0h:3m:25s (0h:2m:5s left)
 132 TIM3e+I+G4   32258.306   part2.1+part2.2+part4.3	0h:3m:25s (0h:2m:3s left)
 133 K2P+G4       32325.433   part2.1+part2.2+part3.3	0h:3m:27s (0h:2m:1s left)
Merging part3.1+part3.2 with BIC score: 32015.124 (LnL: -12550.975  df: 910)
 134 TNe+I+G4     31548.925   part3.1+part3.2+part4.2	0h:3m:34s (0h:2m:3s left)
 135 K2P+I+G4     31646.622   part3.1+part3.2+part4.3	0h:3m:36s (0h:2m:1s left)
 136 TNe+I+G4     31582.726   part1.2+part3.1+part3.2	0h:3m:38s (0h:2m:0s left)
 137 K2P+G4       31579.780   part1.1+part3.1+part3.2	0h:3m:40s (0h:1m:58s left)
 138 K2P+I+G4     31586.571   part3.1+part3.2+part5.2	0h:3m:40s (0h:1m:56s left)
 139 K2P+I+G4     31714.169   part3.1+part3.2+part5.3	0h:3m:40s (0h:1m:54s left)
 140 HKY+F+G4     31713.263   part3.1+part3.2+part3.3	0h:3m:41s (0h:1m:52s left)
 141 K2P+I+G4     31775.515   part1.3+part3.1+part3.2	0h:3m:44s (0h:1m:51s left)
 142 TNe+G4       31614.360   part2.1+part2.2+part3.1+part3.2	0h:3m:45s (0h:1m:49s left)
 143 TNe+I+G4     31560.496   part3.1+part3.2+part4.1	0h:3m:45s (0h:1m:47s left)
 144 K2P+G4       31613.788   part2.3+part3.1+part3.2	0h:3m:47s (0h:1m:45s left)
 145 K2P+I+G4     31581.407   part3.1+part3.2+part5.1	0h:3m:48s (0h:1m:43s left)
Merging part4.1+part4.2 with BIC score: 31532.898 (LnL: -12579.552  df: 839)
 146 K2P+G4       31174.938   part4.1+part4.2+part4.3	0h:3m:57s (0h:1m:45s left)
 147 TNe+I+G4     31084.827   part3.1+part3.2+part4.1+part4.2	0h:3m:58s (0h:1m:43s left)
 148 TNe+I+G4     31122.983   part4.1+part4.2+part5.1	0h:4m:0s (0h:1m:42s left)
 149 K2P+G4       31105.633   part1.1+part4.1+part4.2	0h:4m:0s (0h:1m:39s left)
 150 TNe+I+G4     31092.764   part1.2+part4.1+part4.2	0h:4m:0s (0h:1m:37s left)
 151 HKY+F+G4     31224.411   part3.3+part4.1+part4.2	0h:4m:0s (0h:1m:35s left)
 152 K2P+I+G4     31227.384   part4.1+part4.2+part5.3	0h:4m:1s (0h:1m:33s left)
 153 K2P+G4       31258.281   part1.3+part4.1+part4.2	0h:4m:4s (0h:1m:32s left)
 154 TNe+I+G4     31147.264   part2.1+part2.2+part4.1+part4.2	0h:4m:4s (0h:1m:30s left)
 155 K2P+G4       31121.334   part2.3+part4.1+part4.2	0h:4m:6s (0h:1m:29s left)
 156 K2P+I+G4     31146.868   part4.1+part4.2+part5.2	0h:4m:6s (0h:1m:26s left)
Merging part5.1+part5.2 with BIC score: 31062.527 (LnL: -12614.056  df: 768)
 157 K2P+I+G4     30686.073   part4.3+part5.1+part5.2	0h:4m:17s (0h:1m:28s left)
 158 K2P+I+G4     30685.979   part4.1+part4.2+part5.1+part5.2	0h:4m:17s (0h:1m:26s left)
 159 K2P+I+G4     30760.368   part2.1+part2.2+part5.1+part5.2	0h:4m:18s (0h:1m:24s left)
 160 K2P+I+G4     30648.202   part3.1+part3.2+part5.1+part5.2	0h:4m:20s (0h:1m:23s left)
 161 TPM2u+F+I+G4 30652.527   part1.1+part5.1+part5.2	0h:4m:22s (0h:1m:21s left)
 162 K2P+I+G4     30664.710   part1.2+part5.1+part5.2	0h:4m:22s (0h:1m:19s left)
 163 TPM2u+F+I+G4 30809.296   part3.3+part5.1+part5.2	0h:4m:22s (0h:1m:17s left)
 164 K2P+I+G4     30827.761   part1.3+part5.1+part5.2	0h:4m:27s (0h:1m:16s left)
 165 K2P+I+G4     30706.590   part2.3+part5.1+part5.2	0h:4m:28s (0h:1m:14s left)
 166 K2P+I+G4     30693.381   part5.1+part5.2+part5.3	0h:4m:31s (0h:1m:13s left)
Merging part3.1+part3.2+part4.1+part4.2 with BIC score: 30614.456 (LnL: -12652.113  df: 699)
 167 TNe+I+G4     30245.360   part2.1+part2.2+part3.1+part3.2+part4.1+part4.2	0h:4m:40s (0h:1m:13s left)
 168 K2P+I+G4     30283.706   part3.1+part3.2+part4.1+part4.2+part4.3	0h:4m:42s (0h:1m:12s left)
 169 TNe+I+G4     30175.861   part1.2+part3.1+part3.2+part4.1+part4.2	0h:4m:44s (0h:1m:10s left)
 170 K2P+I+G4     30359.039   part3.1+part3.2+part4.1+part4.2+part5.3	0h:4m:44s (0h:1m:8s left)
 171 K2P+I+G4     30196.935   part1.1+part3.1+part3.2+part4.1+part4.2	0h:4m:46s (0h:1m:6s left)
 172 K2P+I+G4     30347.809   part3.1+part3.2+part3.3+part4.1+part4.2	0h:4m:47s (0h:1m:5s left)
 173 K2P+I+G4     30436.040   part1.3+part3.1+part3.2+part4.1+part4.2	0h:4m:48s (0h:1m:3s left)
 174 K2P+I+G4     30251.440   part3.1+part3.2+part4.1+part4.2+part5.1+part5.2	0h:4m:48s (0h:1m:1s left)
 175 K2P+G4       30229.200   part2.3+part3.1+part3.2+part4.1+part4.2	0h:4m:50s (0h:0m:59s left)
Merging part1.2+part3.1+part3.2+part4.1+part4.2 with BIC score: 30175.861 (LnL: -12687.312  df: 632)
 176 TNe+I+G4     29817.397   part1.2+part2.1+part2.2+part3.1+part3.2+part4.1+part4.2	0h:5m:4s (0h:1m:0s left)
 177 TNe+I+G4     29809.135   part1.2+part2.3+part3.1+part3.2+part4.1+part4.2	0h:5m:5s (0h:0m:58s left)
 178 K2P+I+G4     29865.326   part1.2+part3.1+part3.2+part4.1+part4.2+part4.3	0h:5m:6s (0h:0m:56s left)
 179 TIM3e+I+G4   29750.257   part1.1+part1.2+part3.1+part3.2+part4.1+part4.2	0h:5m:7s (0h:0m:54s left)
 180 K2P+I+G4     29931.175   part1.2+part3.1+part3.2+part3.3+part4.1+part4.2	0h:5m:8s (0h:0m:53s left)
 181 TNe+I+G4     29942.780   part1.2+part3.1+part3.2+part4.1+part4.2+part5.3	0h:5m:10s (0h:0m:51s left)
 182 TIM3e+I+G4   29830.060   part1.2+part3.1+part3.2+part4.1+part4.2+part5.1+part5.2	0h:5m:12s (0h:0m:49s left)
 183 K2P+I+G4     30051.979   part1.2+part1.3+part3.1+part3.2+part4.1+part4.2	0h:5m:13s (0h:0m:47s left)
Merging part4.3+part5.3 with BIC score: 29746.759 (LnL: -12727.257  df: 565)
 184 TIM3e+I+G4   29606.384   part2.1+part2.2+part4.3+part5.3	0h:5m:27s (0h:0m:48s left)
 185 TIM3e+G4     29367.505   part2.3+part4.3+part5.3	0h:5m:28s (0h:0m:46s left)
 186 K2P+G4       29418.119   part1.1+part4.3+part5.3	0h:5m:29s (0h:0m:44s left)
 187 K2P+G4       29374.215   part3.3+part4.3+part5.3	0h:5m:29s (0h:0m:42s left)
 188 K2P+I+G4     29405.768   part4.3+part5.1+part5.2+part5.3	0h:5m:31s (0h:0m:40s left)
 189 K2P+G4       29328.184   part1.3+part4.3+part5.3	0h:5m:33s (0h:0m:38s left)
 190 K2P+I+G4     29575.829   part1.2+part3.1+part3.2+part4.1+part4.2+part4.3+part5.3	0h:5m:33s (0h:0m:36s left)
Merging part1.1+part1.2+part3.1+part3.2+part4.1+part4.2 with BIC score: 29321.156 (LnL: -12780.346  df: 495)
 191 TNe+I+G4     28994.286   part1.1+part1.2+part2.1+part2.2+part3.1+part3.2+part4.1+part4.2	0h:5m:46s (0h:0m:36s left)
 192 K2P+I+G4     28958.211   part1.1+part1.2+part2.3+part3.1+part3.2+part4.1+part4.2	0h:5m:47s (0h:0m:34s left)
 193 TVMe+I+G4    29065.085   part1.1+part1.2+part3.1+part3.2+part3.3+part4.1+part4.2	0h:5m:51s (0h:0m:32s left)
 194 K2P+I+G4     29191.868   part1.1+part1.2+part1.3+part3.1+part3.2+part4.1+part4.2	0h:5m:52s (0h:0m:30s left)
 195 TIM3e+I+G4   28969.009   part1.1+part1.2+part3.1+part3.2+part4.1+part4.2+part5.1+part5.2	0h:5m:52s (0h:0m:28s left)
 196 K2P+I+G4     29132.170   part1.1+part1.2+part3.1+part3.2+part4.1+part4.2+part4.3+part5.3	0h:5m:53s (0h:0m:27s left)
Merging part1.3+part4.3+part5.3 with BIC score: 28902.580 (LnL: -12833.151  df: 426)
 197 K3P+G4       28544.632   part1.3+part2.3+part4.3+part5.3	0h:6m:11s (0h:0m:26s left)
 198 K3P+G4       28848.287   part1.3+part2.1+part2.2+part4.3+part5.3	0h:6m:13s (0h:0m:24s left)
 199 K2P+G4       28519.575   part1.3+part3.3+part4.3+part5.3	0h:6m:15s (0h:0m:22s left)
 200 K2P+I+G4     28664.456   part1.3+part4.3+part5.1+part5.2+part5.3	0h:6m:16s (0h:0m:20s left)
 201 K2P+I+G4     28905.670   part1.1+part1.2+part1.3+part3.1+part3.2+part4.1+part4.2+part4.3+part5.3	0h:6m:16s (0h:0m:18s left)
Merging part2.1+part2.2+part2.3 with BIC score: 28502.130 (LnL: -12898.818  df: 356)
 202 HKY+F+G4     28288.769   part2.1+part2.2+part2.3+part3.3	0h:6m:28s (0h:0m:17s left)
 203 K2P+I+G4     28224.764   part2.1+part2.2+part2.3+part5.1+part5.2	0h:6m:31s (0h:0m:15s left)
 204 K2P+I+G4     28191.974   part1.1+part1.2+part2.1+part2.2+part2.3+part3.1+part3.2+part4.1+part4.2	0h:6m:34s (0h:0m:13s left)
 205 K3P+G4       28447.442   part1.3+part2.1+part2.2+part2.3+part4.3+part5.3	0h:6m:39s (0h:0m:11s left)
Merging part1.3+part3.3+part4.3+part5.3 with BIC score: 28119.125 (LnL: -12992.199  df: 281)
 206 K2P+G4       28077.684   part1.3+part2.1+part2.2+part2.3+part3.3+part4.3+part5.3	0h:7m:1s (0h:0m:10s left)
 207 K2P+I+G4     28168.048   part1.1+part1.2+part1.3+part3.1+part3.2+part3.3+part4.1+part4.2+part4.3+part5.3	0h:7m:4s (0h:0m:8s left)
 208 K2P+G4       27906.962   part1.3+part3.3+part4.3+part5.1+part5.2+part5.3	0h:7m:5s (0h:0m:6s left)
Merging part1.1+part1.2+part3.1+part3.2+part4.1+part4.2+part5.1+part5.2 with BIC score: 27766.979 (LnL: -13082.017  df: 211)
 209 K2P+I+G4     27503.661   part1.1+part1.2+part2.1+part2.2+part2.3+part3.1+part3.2+part4.1+part4.2+part5.1+part5.2	0h:7m:18s (0h:0m:4s left)
 210 K2P+I+G4     27813.673   part1.1+part1.2+part1.3+part3.1+part3.2+part3.3+part4.1+part4.2+part4.3+part5.1+part5.2+part5.3	0h:7m:30s (0h:0m:2s left)
Merging part1.1+part1.2+part2.1+part2.2+part2.3+part3.1+part3.2+part4.1+part4.2+part5.1+part5.2 with BIC score: 27503.661 (LnL: -13223.846  df: 139)
 211 K2P+I+G4     27611.901   part1.1+part1.2+part1.3+part2.1+part2.2+part2.3+part3.1+part3.2+part3.3+part4.1+part4.2+part4.3+part5.1+part5.2+part5.3	0h:7m:54s (0h:0m:0s left)
BEST-FIT PARTITION MODEL: 
  charpartition BIC = K2P+I+G4: part1.1 part1.2 part2.1 part2.2 part2.3 part3.1 part3.2 part4.1 part4.2 part5.1 part5.2, K2P+G4: part1.3 part3.3 part4.3 part5.3;
Agglomerative model selection: ((((part1.1,(part1.2,((part3.1,part3.2)2:32015.1,(part4.1,part4.2)3:31532.9)5:30614.5)6:30175.9)8:29321.2,(part5.1,part5.2)4:31062.5)12:27767,((part2.1,part2.2)1:32499.4,part2.3)10:28502.1)13:27503.7,((part1.3,(part4.3,part5.3)7:29746.8)9:28902.6,part3.3)11:28119.1)
Merging into 2 partitions...
Partition information was printed to 6_set134.best_scheme.nex
Partition information in Raxml format was printed to 6_set134.best_scheme

All model information printed to 6_set134.model.gz
CPU time for ModelFinder: 389.214 seconds (0h:6m:29s)
Wall-clock time for ModelFinder: 476.487 seconds (0h:7m:56s)
Generating 1000 samples for ultrafast bootstrap (seed: 771793)...

NOTE: 7 MB RAM (0 GB) is required!
Measuring multi-threading efficiency up to 8 CPU cores
Increase to 10 rounds for branch lengths
21 trees examined
Threads: 1 / Time: 8.181 sec / Speedup: 1.000 / Efficiency: 100% / LogL: -19756
Threads: 2 / Time: 4.089 sec / Speedup: 2.001 / Efficiency: 100% / LogL: -19756
Threads: 3 / Time: 20.958 sec / Speedup: 0.390 / Efficiency: 13% / LogL: -19756
BEST NUMBER OF THREADS: 2

Estimate model parameters (epsilon = 0.100)
Optimizing K2P+G4 parameters for partition part1.3+part3.3+part4.3+part5.3 (69 free parameters)
Optimizing K2P+I+G4 parameters for partition part1.1+part1.2+part2.1+part2.2+part2.3+part3.1+part3.2+part4.1+part4.2+part5.1+part5.2 (70 free parameters)
Optimal log-likelihood: -13222.578
Computing ML distances based on estimated model parameters... 0.046 sec
Computing BIONJ tree...
0.004 seconds
Log-likelihood of BIONJ tree: -13215.941
--------------------------------------------------------------------
|             INITIALIZING CANDIDATE TREE SET                      |
--------------------------------------------------------------------
Generating 98 parsimony trees... 3.617 second
Computing log-likelihood of 98 initial trees ... 5.518 seconds
Current best score: -13210.226

Do NNI search on 20 best initial trees
Estimate model parameters (epsilon = 0.100)
BETTER TREE FOUND at iteration 1: -13209.450
Estimate model parameters (epsilon = 0.100)
BETTER TREE FOUND at iteration 4: -13208.236
Iteration 10 / LogL: -13214.622 / Time: 0h:1m:16s
Iteration 20 / LogL: -13218.970 / Time: 0h:1m:32s
Finish initializing candidate tree set (11)
Current best tree score: -13208.236 / CPU time: 32.609
Number of iterations: 20
--------------------------------------------------------------------
|               OPTIMIZING CANDIDATE TREE SET                      |
--------------------------------------------------------------------
Iteration 30 / LogL: -13274.370 / Time: 0h:1m:44s (0h:4m:27s left)
Iteration 40 / LogL: -13215.718 / Time: 0h:1m:53s (0h:3m:6s left)
Iteration 50 / LogL: -13215.803 / Time: 0h:2m:2s (0h:2m:15s left)
Log-likelihood cutoff on original alignment: -13241.281
Iteration 60 / LogL: -13208.503 / Time: 0h:2m:11s (0h:1m:37s left)
Iteration 70 / LogL: -13210.051 / Time: 0h:2m:19s (0h:1m:8s left)
Iteration 80 / LogL: -13217.041 / Time: 0h:2m:27s (0h:0m:44s left)
Iteration 90 / LogL: -13209.798 / Time: 0h:2m:36s (0h:0m:24s left)
Iteration 100 / LogL: -13327.372 / Time: 0h:2m:45s (0h:0m:6s left)
Log-likelihood cutoff on original alignment: -13241.281
NOTE: Bootstrap correlation coefficient of split occurrence frequencies: 0.999
TREE SEARCH COMPLETED AFTER 105 ITERATIONS / Time: 0h:2m:50s

--------------------------------------------------------------------
|                    FINALIZING TREE SEARCH                        |
--------------------------------------------------------------------
Performs final model parameters optimization
Estimate model parameters (epsilon = 0.010)
Optimizing K2P+G4 parameters for partition part1.3+part3.3+part4.3+part5.3 (69 free parameters)
Optimizing K2P+I+G4 parameters for partition part1.1+part1.2+part2.1+part2.2+part2.3+part3.1+part3.2+part4.1+part4.2+part5.1+part5.2 (70 free parameters)
Optimal log-likelihood: -13208.141
BEST SCORE FOUND : -13208.141
Creating bootstrap support values...
Split supports printed to NEXUS file 6_set134.splits.nex
Total tree length: 1.406

Total number of iterations: 105
CPU time used for tree search: 38.878 sec (0h:0m:38s)
Wall-clock time used for tree search: 111.021 sec (0h:1m:51s)
Total CPU time used: 55.920 sec (0h:0m:55s)
Total wall-clock time used: 171.578 sec (0h:2m:51s)

Computing bootstrap consensus tree...
Reading input file 6_set134.splits.nex...
35 taxa and 155 splits.
Consensus tree written to 6_set134.contree
Reading input trees file 6_set134.contree
Log-likelihood of consensus tree: -13208.140

Analysis results written to: 
  IQ-TREE report:                6_set134.iqtree
  Maximum-likelihood tree:       6_set134.treefile
  Likelihood distances:          6_set134.mldist
  Best partitioning scheme:      6_set134.best_scheme.nex
           in RAxML format:      6_set134.best_scheme

Ultrafast bootstrap approximation results written to:
  Split support values:          6_set134.splits.nex
  Consensus tree:                6_set134.contree
  Screen log file:               6_set134.log

Date and Time: Fri Sep  7 16:30:08 2018
