IQ-TREE multicore version 1.6.7 for Mac OS X 64-bit built Aug 23 2018
Developed by Bui Quang Minh, Nguyen Lam Tung, Olga Chernomor,
Heiko Schmidt, Dominik Schrempf, Michael Woodhams.

Host:    meeps-mac-pro.staff.sydney.edu.au (AVX, 64 GB RAM)
Command: /Users/davidduchene/Desktop/Software/iqtree-1.6.7-MacOSX/bin/iqtree -s ../../../../marsupials/set190.fasta -m TESTMERGE -bb 1000 -spp ../../../../marsupials/set190.nex -nt AUTO -pre 4_set190
Seed:    439358 (Using SPRNG - Scalable Parallel Random Number Generator)
Time:    Fri Sep  7 22:27:51 2018
Kernel:  AVX - auto-detect threads (8 CPU cores detected)

Reading partition model file ../../../../marsupials/set190.nex ...
Reading alignment file ../../../../marsupials/set190.fasta ... Fasta format detected
Alignment most likely contains DNA/RNA sequences
Alignment has 35 sequences with 4038 columns, 1076 distinct patterns
656 parsimony-informative, 375 singleton sites, 3007 constant sites
                                              Gap/Ambiguity  Composition  p-value
   1  Burramyidae_Burramys_parvus                     0.25%    passed     99.73%
   2  Notoryctidae_Notoryctes_typhlops               40.84%    failed      2.14%
   3  Vombatidae_Lasiorhinus_latifrons                0.47%    passed     99.67%
   4  Potoroidae_Bettongia_penicillata                0.25%    passed     81.64%
   5  Potoroidae_Bettongia_lesueur                    0.25%    passed     80.87%
   6  Dasyuridae_Dasyurus_maculatus                   0.20%    passed     96.28%
   7  Phalangeridae_Trichosurus_vulpecula             3.17%    passed     99.05%
   8  Phalangeridae_Spilocuscus_maculatus             5.57%    passed     66.88%
   9  Potoroidae_Aepyprymnus_rufescens                1.19%    passed     92.19%
  10  Peramelidae_Perameles_nasuta                    6.17%    passed     92.29%
  11  Phalangeridae_Strigocuscus_pelengensis          3.99%    passed     97.18%
  12  Dasyuridae_Phascogale_tapoatafa                 5.45%    passed     51.56%
  13  Dasyuridae_Sminthopsis_macroura                 0.47%    passed     99.41%
  14  Phalangeridae_Phalanger_orientalis              0.47%    passed     84.31%
  15  Acrobatidae_Acrobates_pygmaeus                  0.89%    passed     92.88%
  16  Dasyuridae_Phascogale_calura                    3.57%    passed     78.33%
  17  Dasyuridae_Sarcophilus_harrisii                 0.07%    passed     90.70%
  18  Dasyuridae_Planigale_tenuirostris               4.98%    passed     99.77%
  19  Peramelidae_Echymipera_kalubu                   0.35%    passed     49.98%
  20  Macropodidae_Dorcopsulus_vanheurni              0.54%    passed     96.71%
  21  Pseudochiridae_Pseudochirulus_forbesi           0.10%    passed     92.48%
  22  Didelphidae_Didelphis_virginiana                3.44%    passed     97.74%
  23  Marmosidae_Monodelphis_domestica                9.91%    passed     35.28%
  24  Dasyuridae_Antechinus_stuartii                  0.79%    passed     96.88%
  25  Hypsiprymnodontidae_Hypsiprymnodon_moschatus    1.71%    passed     94.01%
  26  Microbiotheriidae_Dromiciops_gliroides          1.29%    passed     97.68%
  27  Pseudochiridae_Petauroides_volans               0.64%    passed     94.05%
  28  Macropodidae_Wallabia_bicolor                   0.30%    passed     94.51%
  29  Pseudochiridae_Pseudocheirus_occidentalis       8.12%    passed     96.96%
  30  Tarsipedidae_Tarsipes_rostratus                 2.97%    passed     93.04%
  31  Acrobatidae_Distoechurus_pennatus               0.17%    passed     93.42%
  32  Phalangeridae_Phalanger_carmelitae              0.54%    passed     87.88%
  33  Peramelidae_Peroryctes_raffrayana               6.98%    passed     92.01%
  34  Dasyuridae_Dasyurus_geffroii                    0.25%    passed     96.18%
  35  Peramelidae_Perameles_gunnii                    0.62%    passed     65.30%
****  TOTAL                                           3.34%  1 sequences failed composition chi2 test (p-value<5%; df=3)
NOTE: No CharPartition defined, use all CharSets

Loading 15 partitions...
Subset	Type	Seqs	Sites	Infor	Invar	Model	Name
1		35	533	49	446	TESTMERGE	part1.1
2		35	533	50	453	TESTMERGE	part1.2
3		35	533	182	245	TESTMERGE	part1.3
4		30	71	8	61	TESTMERGE	part2.1
5		30	71	1	69	TESTMERGE	part2.2
6		30	71	21	39	TESTMERGE	part2.3
7		35	86	15	62	TESTMERGE	part3.1
8		35	86	8	70	TESTMERGE	part3.2
9		35	86	51	19	TESTMERGE	part3.3
10		34	524	10	507	TESTMERGE	part4.1
11		34	524	1	510	TESTMERGE	part4.2
12		34	524	81	372	TESTMERGE	part4.3
13		34	132	51	60	TESTMERGE	part5.1
14		34	132	45	72	TESTMERGE	part5.2
15		34	132	83	22	TESTMERGE	part5.3
Degree of missing data: 0.021
Info: multi-threading strategy over partitions



Create initial parsimony tree by phylogenetic likelihood library (PLL)... 0.036 seconds
NOTE: ModelFinder requires 10 MB RAM!
NUMBER OF THREADS FOR PARTITION FINDING: 8
Testing GTR+F+G on supermatrix...
GTR+F+G4 / LnL: -18236.672 / df: 76 / AIC: 36625.345 / AICc: 36628.299 / BIC: 37104.411
Selecting individual models for 15 charsets using BIC...
 No. Model        Score       Charset
   1 HKY+F+I      3191.207    part1.2
   2 K3Pu+F+G4    2382.502    part5.1
   3 HKY+F+I      3411.749    part1.1
   4 K2P+G4       1824.480    part3.3
   5 TPM2u+F+G4   2098.077    part5.2
   6 K2P+G4       4532.805    part4.3
   7 TNe+G4       3731.368    part5.3
   8 HKY+F        1713.264    part4.2
   9 K2P+G4       836.555     part3.1
  10 K3P+I        1832.147    part4.1	0h:0m:11s (0h:3m:44s left)
  11 K2P+I        402.430     part2.1	0h:0m:13s (0h:4m:2s left)
  12 K3Pu+F+G4    7327.116    part1.3	0h:0m:13s (0h:3m:42s left)
  13 JC+I         253.733     part2.2	0h:0m:13s (0h:3m:26s left)
  14 TPM3u+F      739.461     part2.3	0h:0m:13s (0h:3m:10s left)
  15 HKY+F+G4     619.835     part3.2	0h:0m:14s (0h:3m:10s left)
Full partition model BIC score: 35659.951 (LnL: -17257.034  df:138)
Merging models to increase model fit (about 211 total partition schemes)...
  16 HKY+F+G4     35818.031   part1.1+part1.3	0h:0m:23s (0h:4m:47s left)
  17 K3Pu+F+G4    35846.759   part1.2+part1.3	0h:0m:26s (0h:5m:6s left)
  18 HKY+F+G4     35698.041   part1.3+part4.3	0h:0m:27s (0h:4m:55s left)
  19 HKY+F+G4     35619.271   part1.3+part2.3	0h:0m:28s (0h:4m:44s left)
  20 HKY+F+G4     35687.078   part1.3+part3.3	0h:0m:28s (0h:4m:34s left)
  21 HKY+F+G4     35734.814   part1.3+part5.2	0h:0m:31s (0h:4m:43s left)
  22 TPM3u+F+G4   35780.098   part1.3+part5.1	0h:0m:33s (0h:4m:46s left)
  23 TPM3u+F+G4   35868.895   part1.3+part5.3	0h:0m:34s (0h:4m:38s left)
  24 K3Pu+F+G4    35692.134   part1.3+part3.1	0h:0m:38s (0h:5m:1s left)
  25 K3Pu+F+G4    35686.763   part1.3+part2.1	0h:0m:40s (0h:5m:2s left)
  26 K2P+G4       36057.651   part1.3+part4.1	0h:0m:40s (0h:4m:50s left)
  27 HKY+F+G4     36068.044   part1.3+part4.2	0h:0m:40s (0h:4m:38s left)
  28 K3Pu+F+G4    35716.671   part1.3+part2.2	0h:0m:43s (0h:4m:41s left)
  29 K2P+I+G4     35661.702   part1.1+part4.3	0h:0m:43s (0h:4m:31s left)
  30 K3Pu+F+G4    35654.559   part1.3+part3.2	0h:0m:45s (0h:4m:32s left)
  31 HKY+F+I+G4   35884.884   part4.3+part5.3	0h:0m:46s (0h:4m:31s left)
  32 HKY+F+G4     35706.334   part1.2+part4.3	0h:0m:49s (0h:4m:34s left)
  33 HKY+F+I      35617.125   part1.1+part1.2	0h:0m:53s (0h:4m:45s left)
  34 HKY+F+I+G4   35760.949   part4.3+part5.2	0h:0m:53s (0h:4m:36s left)
  35 K2P+G4       35723.583   part3.3+part4.3	0h:0m:53s (0h:4m:30s left)
  36 K2P+I+G4     35761.631   part4.3+part5.1	0h:0m:55s (0h:4m:27s left)
  37 K2P+I+G4     35919.475   part1.1+part5.3	0h:0m:55s (0h:4m:19s left)
  38 K2P+G4       35668.599   part5.1+part5.3	0h:0m:57s (0h:4m:22s left)
  39 K2P+I+G4     35987.086   part1.2+part5.3	0h:0m:58s (0h:4m:15s left)
  40 HKY+F+I+G4   35766.699   part1.1+part5.1	0h:0m:59s (0h:4m:13s left)
  41 TN+F+G4      35644.647   part2.3+part4.3	0h:1m:1s (0h:4m:13s left)
  42 TNe+G4       35704.432   part5.2+part5.3	0h:1m:2s (0h:4m:9s left)
  43 K2P+G4       35649.503   part3.1+part4.3	0h:1m:2s (0h:4m:2s left)
  44 TIM2+F+G4    35668.597   part3.3+part5.3	0h:1m:4s (0h:4m:5s left)
  45 TPM3+F+I+G4  35796.342   part1.2+part5.1	0h:1m:4s (0h:3m:59s left)
  46 K2P+I+G4     35790.846   part4.1+part4.3	0h:1m:6s (0h:3m:58s left)
  47 HKY+F+I+G4   35745.685   part1.1+part5.2	0h:1m:7s (0h:3m:57s left)
  48 K2P+G4       35646.134   part2.1+part4.3	0h:1m:8s (0h:3m:52s left)
  49 HKY+F+I+G4   35755.047   part1.2+part5.2	0h:1m:9s (0h:3m:48s left)
  50 K2P+I+G4     35780.526   part1.1+part3.3	0h:1m:10s (0h:3m:46s left)
  51 K2P+I+G4     35821.512   part4.2+part4.3	0h:1m:11s (0h:3m:43s left)
  52 HKY+F+G4     35831.781   part1.2+part3.3	0h:1m:12s (0h:3m:41s left)
  53 HKY+F+G4     35681.938   part2.2+part4.3	0h:1m:13s (0h:3m:37s left)
  54 K2P+G4       35643.925   part5.1+part5.2	0h:1m:16s (0h:3m:41s left)
  55 TN+F+G4      35639.600   part3.2+part4.3	0h:1m:17s (0h:3m:40s left)
  56 K2P+G4       35673.698   part3.3+part5.1	0h:1m:19s (0h:3m:39s left)
  57 TPM2u+F+G4   35667.928   part1.1+part2.3	0h:1m:19s (0h:3m:35s left)
  58 K2P+G4       35699.752   part2.3+part5.3	0h:1m:21s (0h:3m:35s left)
  59 TPM3u+F+G4   35672.754   part1.2+part2.3	0h:1m:21s (0h:3m:30s left)
  60 K2P+G4       35707.407   part3.3+part5.2	0h:1m:24s (0h:3m:32s left)
  61 K2P+I+G4     35647.328   part1.1+part3.1	0h:1m:25s (0h:3m:30s left)
  62 TNe+G4       35724.643   part3.1+part5.3	0h:1m:26s (0h:3m:27s left)
  63 HKY+F+I      35664.533   part1.2+part3.1	0h:1m:27s (0h:3m:25s left)
  64 TNe+I+G4     36042.953   part4.1+part5.3	0h:1m:28s (0h:3m:22s left)
  65 TNe+G4       35745.207   part2.1+part5.3	0h:1m:29s (0h:3m:21s left)
  66 K2P+I+G4     36070.152   part4.2+part5.3	0h:1m:30s (0h:3m:18s left)
  67 TIM3e+G4     35671.838   part2.3+part5.1	0h:1m:31s (0h:3m:16s left)
  68 K2P+G4       35785.666   part2.2+part5.3	0h:1m:31s (0h:3m:13s left)
  69 K2P+G4       35739.780   part3.2+part5.3	0h:1m:33s (0h:3m:13s left)
  70 HKY+F+I      35646.255   part1.2+part2.1	0h:1m:35s (0h:3m:12s left)
  71 K2P+I        35636.959   part1.1+part2.1	0h:1m:35s (0h:3m:8s left)
  72 HKY+F+I      35682.530   part1.1+part4.1	0h:1m:37s (0h:3m:7s left)
  73 HKY+F+I      35652.741   part1.1+part2.2	0h:1m:37s (0h:3m:4s left)
  74 HKY+F+I+G4   35709.468   part1.1+part4.2	0h:1m:39s (0h:3m:4s left)
  75 HKY+F+I      35689.287   part1.2+part4.1	0h:1m:40s (0h:3m:2s left)
  76 K3Pu+F+G4    35658.525   part3.1+part5.1	0h:1m:42s (0h:3m:1s left)
  77 TPM3u+F+I    35651.045   part1.2+part2.2	0h:1m:44s (0h:3m:1s left)
  78 HKY+F+I      35700.809   part1.2+part4.2	0h:1m:44s (0h:2m:58s left)
  79 HKY+F+I+G4   35636.365   part1.1+part3.2	0h:1m:44s (0h:2m:55s left)
  80 HKY+F+I      35633.903   part1.2+part3.2	0h:1m:46s (0h:2m:54s left)
  81 K3Pu+F+I+G4  35838.954   part4.1+part5.1	0h:1m:48s (0h:2m:54s left)
  82 K3Pu+F+G4    35686.855   part2.1+part5.1	0h:1m:49s (0h:2m:52s left)
  83 HKY+F+I+G4   35872.331   part4.2+part5.1	0h:1m:50s (0h:2m:51s left)
  84 K2P+G4       35704.347   part2.2+part5.1	0h:1m:51s (0h:2m:48s left)
  85 K3P+G4       35671.383   part3.2+part5.1	0h:1m:53s (0h:2m:48s left)
  86 K2P+G4       35663.800   part2.3+part3.3	0h:1m:53s (0h:2m:45s left)
  87 TPM3+F+G4    35659.044   part2.3+part5.2	0h:1m:54s (0h:2m:43s left)
  88 K2P+G4       35690.428   part3.1+part3.3	0h:1m:54s (0h:2m:40s left)
  89 K2P+G4       35674.181   part3.1+part5.2	0h:1m:56s (0h:2m:40s left)
  90 TN+F+I+G4    35836.845   part4.1+part5.2	0h:1m:58s (0h:2m:39s left)
  91 HKY+F+G4     35681.131   part2.1+part5.2	0h:1m:59s (0h:2m:37s left)
  92 HKY+F+I+G4   35829.919   part4.2+part5.2	0h:1m:59s (0h:2m:35s left)
  93 K2P+G4       35705.487   part2.1+part3.3	0h:2m:1s (0h:2m:34s left)
  94 TPM2+F+G4    35692.740   part2.2+part5.2	0h:2m:3s (0h:2m:33s left)
  95 TPM2+F+G4    35652.411   part3.2+part5.2	0h:2m:4s (0h:2m:31s left)
  96 K2P+I+G4     35905.108   part3.3+part4.1	0h:2m:5s (0h:2m:30s left)
  97 TPM2u+F+I+G4 35940.323   part3.3+part4.2	0h:2m:6s (0h:2m:28s left)
  98 K2P+G4       35655.846   part2.3+part3.1	0h:2m:7s (0h:2m:27s left)
  99 K2P+G4       35751.031   part2.2+part3.3	0h:2m:7s (0h:2m:24s left)
 100 K2P+G4       35698.241   part3.2+part3.3	0h:2m:8s (0h:2m:22s left)
 101 K2P+I        35733.265   part2.3+part4.1	0h:2m:9s (0h:2m:20s left)
 102 K3P+G4       35666.241   part2.1+part2.3	0h:2m:10s (0h:2m:18s left)
 103 HKY+F+I      35759.354   part2.3+part4.2	0h:2m:10s (0h:2m:16s left)
 104 K2P+G4       35650.901   part2.1+part3.1	0h:2m:12s (0h:2m:16s left)
 105 K2P+I        35694.356   part3.1+part4.1	0h:2m:13s (0h:2m:14s left)
 106 TPM2u+F+I    35722.032   part3.1+part4.2	0h:2m:14s (0h:2m:13s left)
 107 TPM3u+F+G4   35691.301   part2.2+part2.3	0h:2m:14s (0h:2m:10s left)
 108 HKY+F+I      35647.614   part4.1+part4.2	0h:2m:14s (0h:2m:8s left)
 109 K2P+I        35665.305   part2.2+part3.1	0h:2m:15s (0h:2m:6s left)
 110 TIM+F+I      35656.055   part2.1+part4.1	0h:2m:15s (0h:2m:4s left)
 111 TIM3+F+G4    35637.759   part2.3+part3.2	0h:2m:16s (0h:2m:3s left)
 112 K2P+G4       35639.384   part3.1+part3.2	0h:2m:16s (0h:2m:0s left)
 113 HKY+F+I      35666.366   part2.1+part4.2	0h:2m:18s (0h:2m:0s left)
 114 K2P+I        35644.299   part2.2+part4.1	0h:2m:18s (0h:1m:58s left)
 115 HKY+F        35647.905   part2.2+part4.2	0h:2m:19s (0h:1m:56s left)
 116 K2P+I        35655.493   part2.1+part2.2	0h:2m:19s (0h:1m:54s left)
 117 HKY+F+I      35680.181   part3.2+part4.2	0h:2m:21s (0h:1m:53s left)
 118 TPM3u+F+G4   35648.586   part2.1+part3.2	0h:2m:21s (0h:1m:51s left)
 119 K2P+I        35661.398   part3.2+part4.1	0h:2m:22s (0h:1m:50s left)
 120 TPM3u+F+I    35655.806   part2.2+part3.2	0h:2m:22s (0h:1m:47s left)
Merging part1.1+part1.2 with BIC score: 35617.125 (LnL: -17260.531  df: 132)
 121 HKY+F+I      35603.223   part1.1+part1.2+part2.1	0h:2m:28s (0h:1m:50s left)
 122 HKY+F+I      35593.406   part1.1+part1.2+part3.2	0h:2m:29s (0h:1m:49s left)
 123 HKY+F+I      35618.868   part1.1+part1.2+part3.1	0h:2m:34s (0h:1m:50s left)
 124 HKY+F+I      35658.947   part1.1+part1.2+part4.1	0h:2m:36s (0h:1m:50s left)
 125 HKY+F+G4     35877.088   part1.1+part1.2+part1.3	0h:2m:36s (0h:1m:47s left)
 126 HKY+F+I+G4   35745.448   part1.1+part1.2+part5.2	0h:2m:37s (0h:1m:46s left)
 127 HKY+F+I+G4   35784.450   part1.1+part1.2+part5.1	0h:2m:38s (0h:1m:45s left)
 128 HKY+F+I      35608.751   part1.1+part1.2+part2.2	0h:2m:40s (0h:1m:43s left)
 129 TN+F+I+G4    36023.525   part1.1+part1.2+part5.3	0h:2m:41s (0h:1m:42s left)
 130 HKY+F+I      35678.456   part1.1+part1.2+part4.2	0h:2m:43s (0h:1m:41s left)
 131 HKY+F+I+G4   35669.975   part1.1+part1.2+part4.3	0h:2m:44s (0h:1m:40s left)
 132 HKY+F+G4     35630.740   part1.1+part1.2+part2.3	0h:2m:44s (0h:1m:38s left)
 133 HKY+F+I+G4   35797.841   part1.1+part1.2+part3.3	0h:2m:45s (0h:1m:37s left)
Merging part1.3+part2.3 with BIC score: 35576.445 (LnL: -17269.253  df: 125)
 134 HKY+F+G4     36002.169   part1.3+part2.3+part4.2	0h:2m:58s (0h:1m:42s left)
 135 HKY+F+G4     35604.670   part1.3+part2.1+part2.3	0h:2m:59s (0h:1m:41s left)
 136 HKY+F+G4     35570.754   part1.3+part2.3+part3.2	0h:3m:1s (0h:1m:39s left)
 137 HKY+F+G4     35856.690   part1.1+part1.2+part1.3+part2.3	0h:3m:2s (0h:1m:38s left)
 138 TN+F+G4      35621.108   part1.3+part2.3+part4.3	0h:3m:2s (0h:1m:36s left)
 139 HKY+F+G4     35611.350   part1.3+part2.3+part3.3	0h:3m:3s (0h:1m:35s left)
 140 HKY+F+G4     35659.015   part1.3+part2.3+part5.2	0h:3m:5s (0h:1m:33s left)
 141 TPM3u+F+G4   35806.296   part1.3+part2.3+part5.3	0h:3m:6s (0h:1m:32s left)
 142 HKY+F+G4     35632.041   part1.3+part2.2+part2.3	0h:3m:10s (0h:1m:32s left)
 143 TPM2+F+G4    36001.688   part1.3+part2.3+part4.1	0h:3m:11s (0h:1m:30s left)
 144 HKY+F+G4     35611.158   part1.3+part2.3+part3.1	0h:3m:11s (0h:1m:29s left)
 145 TPM3+F+G4    35706.160   part1.3+part2.3+part5.1	0h:3m:14s (0h:1m:28s left)
Merging part1.1+part1.2+part3.2 with BIC score: 35552.725 (LnL: -17282.304  df: 119)
 146 HKY+F+I      35544.045   part1.1+part1.2+part2.2+part3.2	0h:3m:22s (0h:1m:30s left)
 147 HKY+F+I      35537.540   part1.1+part1.2+part2.1+part3.2	0h:3m:25s (0h:1m:29s left)
 148 HKY+F+I+G4   35596.791   part1.1+part1.2+part3.2+part4.3	0h:3m:28s (0h:1m:28s left)
 149 HKY+F+I+G4   35726.014   part1.1+part1.2+part3.2+part3.3	0h:3m:30s (0h:1m:27s left)
 150 HKY+F+I      35602.339   part1.1+part1.2+part3.2+part4.1	0h:3m:33s (0h:1m:26s left)
 151 HKY+F+I+G4   35722.536   part1.1+part1.2+part3.2+part5.1	0h:3m:33s (0h:1m:24s left)
 152 HKY+F+G4     35822.047   part1.1+part1.2+part1.3+part2.3+part3.2	0h:3m:33s (0h:1m:22s left)
 153 TN+F+I+G4    35964.589   part1.1+part1.2+part3.2+part5.3	0h:3m:34s (0h:1m:21s left)
 154 HKY+F+I+G4   35555.768   part1.1+part1.2+part3.1+part3.2	0h:3m:36s (0h:1m:19s left)
 155 HKY+F+I+G4   35675.764   part1.1+part1.2+part3.2+part5.2	0h:3m:36s (0h:1m:18s left)
 156 HKY+F+I+G4   35616.793   part1.1+part1.2+part3.2+part4.2	0h:3m:37s (0h:1m:16s left)
Merging part5.1+part5.2 with BIC score: 35536.699 (LnL: -17319.960  df: 108)
 157 K2P+G4       35590.854   part2.2+part5.1+part5.2	0h:3m:46s (0h:1m:18s left)
 158 K2P+G4       35577.311   part3.3+part5.1+part5.2	0h:3m:46s (0h:1m:16s left)
 159 K2P+G4       35565.260   part2.1+part5.1+part5.2	0h:3m:46s (0h:1m:14s left)
 160 K2P+I+G4     35797.930   part4.1+part5.1+part5.2	0h:3m:47s (0h:1m:12s left)
 161 K2P+G4       35577.699   part5.1+part5.2+part5.3	0h:3m:47s (0h:1m:10s left)
 162 K2P+I+G4     35678.675   part4.3+part5.1+part5.2	0h:3m:50s (0h:1m:9s left)
 163 HKY+F+I+G4   35770.030   part1.1+part1.2+part3.2+part5.1+part5.2	0h:3m:53s (0h:1m:8s left)
 164 K2P+G4       35539.184   part3.1+part5.1+part5.2	0h:3m:53s (0h:1m:6s left)
 165 HKY+F+I+G4   35811.153   part4.2+part5.1+part5.2	0h:3m:53s (0h:1m:5s left)
 166 TPM3u+F+G4   35720.137   part1.3+part2.3+part5.1+part5.2	0h:3m:54s (0h:1m:3s left)
Merging part2.2+part4.1 with BIC score: 35521.047 (LnL: -17324.589  df: 105)
 167 HKY+F+I      35507.354   part2.2+part4.1+part4.2	0h:3m:58s (0h:1m:2s left)
 168 TNe+I        35517.016   part2.1+part2.2+part4.1	0h:3m:59s (0h:1m:1s left)
 169 K2P+I        35557.501   part2.2+part3.1+part4.1	0h:4m:1s (0h:1m:0s left)
 170 K2P+I+G4     35778.070   part2.2+part3.3+part4.1	0h:4m:3s (0h:0m:58s left)
 171 K2P+I+G4     35666.647   part2.2+part4.1+part4.3	0h:4m:4s (0h:0m:57s left)
 172 TNe+I+G4     35923.544   part2.2+part4.1+part5.3	0h:4m:5s (0h:0m:55s left)
 173 HKY+F+G4     35975.697   part1.3+part2.2+part2.3+part4.1	0h:4m:5s (0h:0m:54s left)
 174 K2P+I+G4     35800.457   part2.2+part4.1+part5.1+part5.2	0h:4m:5s (0h:0m:52s left)
 175 HKY+F+I      35574.948   part1.1+part1.2+part2.2+part3.2+part4.1	0h:4m:7s (0h:0m:50s left)
Merging part1.1+part1.2+part2.1+part3.2 with BIC score: 35505.862 (LnL: -17329.452  df: 102)
 176 HKY+F+I+G4   35548.772   part1.1+part1.2+part2.1+part3.2+part4.3	0h:4m:19s (0h:0m:51s left)
 177 HKY+F+I+G4   35509.042   part1.1+part1.2+part2.1+part3.1+part3.2	0h:4m:19s (0h:0m:49s left)
 178 HKY+F+I+G4   35676.854   part1.1+part1.2+part2.1+part3.2+part3.3	0h:4m:23s (0h:0m:48s left)
 179 HKY+F+I+G4   35566.676   part1.1+part1.2+part2.1+part3.2+part4.2	0h:4m:24s (0h:0m:47s left)
 180 HKY+F+G4     35780.612   part1.1+part1.2+part1.3+part2.1+part2.3+part3.2	0h:4m:26s (0h:0m:45s left)
 181 HKY+F+I      35559.308   part1.1+part1.2+part2.1+part2.2+part3.2+part4.1	0h:4m:27s (0h:0m:44s left)
 182 TN+F+I+G4    35919.815   part1.1+part1.2+part2.1+part3.2+part5.3	0h:4m:27s (0h:0m:42s left)
 183 HKY+F+I+G4   35746.608   part1.1+part1.2+part2.1+part3.2+part5.1+part5.2	0h:4m:28s (0h:0m:41s left)
Merging part2.2+part4.1+part4.2 with BIC score: 35492.168 (LnL: -17330.909  df: 100)
 184 TPM2u+F+I    35549.644   part2.2+part3.1+part4.1+part4.2	0h:4m:34s (0h:0m:40s left)
 185 K2P+I+G4     35806.517   part2.2+part3.3+part4.1+part4.2	0h:4m:37s (0h:0m:38s left)
 186 K2P+I+G4     35716.946   part2.2+part4.1+part4.2+part4.3	0h:4m:37s (0h:0m:37s left)
 187 K2P+I+G4     36003.339   part2.2+part4.1+part4.2+part5.3	0h:4m:38s (0h:0m:35s left)
 188 HKY+F+I+G4   35869.516   part2.2+part4.1+part4.2+part5.1+part5.2	0h:4m:39s (0h:0m:34s left)
 189 HKY+F+I+G4   36149.585   part1.3+part2.2+part2.3+part4.1+part4.2	0h:4m:39s (0h:0m:32s left)
 190 HKY+F+I+G4   35591.236   part1.1+part1.2+part2.1+part2.2+part3.2+part4.1+part4.2	0h:4m:40s (0h:0m:31s left)
Merging part3.1+part4.3 with BIC score: 35481.720 (LnL: -17338.140  df: 97)
 191 K2P+G4       35545.747   part3.1+part3.3+part4.3	0h:4m:47s (0h:0m:30s left)
 192 HKY+F+I+G4   35708.873   part3.1+part4.3+part5.3	0h:4m:50s (0h:0m:28s left)
 193 HKY+F+I+G4   35532.061   part1.1+part1.2+part2.1+part3.1+part3.2+part4.3	0h:4m:50s (0h:0m:27s left)
 194 K2P+I+G4     35723.644   part2.2+part3.1+part4.1+part4.2+part4.3	0h:4m:50s (0h:0m:25s left)
 195 K2P+I+G4     35617.244   part3.1+part4.3+part5.1+part5.2	0h:4m:51s (0h:0m:23s left)
 196 HKY+F+G4     35547.120   part1.3+part2.3+part3.1+part4.3	0h:4m:52s (0h:0m:22s left)
BEST-FIT PARTITION MODEL: 
  charpartition BIC = HKY+F+I: part1.1 part1.2 part2.1 part3.2, HKY+F+G4: part1.3 part2.3, HKY+F+I: part2.2 part4.1 part4.2, K2P+G4: part3.1 part4.3, K2P+G4: part3.3, K2P+G4: part5.1 part5.2, TNe+G4: part5.3;
Agglomerative model selection: ((((part1.1,part1.2)1:35617.1,part3.2)3:35552.7,part2.1)6:35505.9,(part1.3,part2.3)2:35576.4,((part2.2,part4.1)5:35521,part4.2)7:35492.2,(part3.1,part4.3)8:35481.7,part3.3,(part5.1,part5.2)4:35536.7,part5.3)
Merging into 7 partitions...
Partition information was printed to 4_set190.best_scheme.nex
Partition information in Raxml format was printed to 4_set190.best_scheme

All model information printed to 4_set190.model.gz
CPU time for ModelFinder: 443.401 seconds (0h:7m:23s)
Wall-clock time for ModelFinder: 294.053 seconds (0h:4m:54s)
Generating 1000 samples for ultrafast bootstrap (seed: 439358)...

NOTE: 9 MB RAM (0 GB) is required!
Measuring multi-threading efficiency up to 8 CPU cores
Increase to 10 rounds for branch lengths
27 trees examined
Threads: 1 / Time: 8.172 sec / Speedup: 1.000 / Efficiency: 100% / LogL: -26103
Threads: 2 / Time: 16.439 sec / Speedup: 0.497 / Efficiency: 25% / LogL: -26103
BEST NUMBER OF THREADS: 1

Estimate model parameters (epsilon = 0.100)
Initial log-likelihood: -19122.768
Current log-likelihood at step 1: -17731.213
Current log-likelihood at step 2: -17603.553
Current log-likelihood at step 3: -17565.751
Current log-likelihood at step 4: -17542.874
Current log-likelihood at step 5: -17518.838
Current log-likelihood at step 6: -17513.112
Current log-likelihood at step 7: -17507.436
Current log-likelihood at step 8: -17501.785
Current log-likelihood at step 9: -17496.137
Current log-likelihood at step 10: -17490.447
Current log-likelihood at step 11: -17484.681
Current log-likelihood at step 12: -17478.795
Current log-likelihood at step 13: -17472.735
Current log-likelihood at step 14: -17466.438
Current log-likelihood at step 15: -17459.847
Current log-likelihood at step 16: -17452.925
Current log-likelihood at step 17: -17445.502
Current log-likelihood at step 18: -17437.453
Current log-likelihood at step 19: -17428.648
Current log-likelihood at step 20: -17419.007
Current log-likelihood at step 21: -17408.738
Current log-likelihood at step 22: -17395.296
Current log-likelihood at step 23: -17393.888
Current log-likelihood at step 24: -17392.530
Current log-likelihood at step 25: -17391.220
Current log-likelihood at step 26: -17389.953
Current log-likelihood at step 27: -17388.722
Current log-likelihood at step 28: -17387.539
Current log-likelihood at step 29: -17386.389
Current log-likelihood at step 30: -17385.274
Current log-likelihood at step 31: -17384.190
Current log-likelihood at step 32: -17383.124
Current log-likelihood at step 33: -17382.082
Current log-likelihood at step 34: -17381.066
Current log-likelihood at step 35: -17380.075
Current log-likelihood at step 36: -17379.105
Current log-likelihood at step 37: -17378.157
Current log-likelihood at step 38: -17377.227
Current log-likelihood at step 39: -17376.314
Current log-likelihood at step 40: -17375.411
Current log-likelihood at step 41: -17374.531
Current log-likelihood at step 42: -17373.660
Current log-likelihood at step 43: -17372.796
Current log-likelihood at step 44: -17371.938
Current log-likelihood at step 45: -17371.085
Current log-likelihood at step 46: -17370.235
Current log-likelihood at step 47: -17369.381
Current log-likelihood at step 48: -17368.531
Current log-likelihood at step 49: -17367.680
Current log-likelihood at step 50: -17366.826
Current log-likelihood at step 51: -17365.966
Current log-likelihood at step 52: -17365.112
Current log-likelihood at step 53: -17364.276
Current log-likelihood at step 54: -17363.426
Current log-likelihood at step 55: -17362.560
Current log-likelihood at step 56: -17361.678
Current log-likelihood at step 57: -17360.776
Current log-likelihood at step 58: -17359.852
Current log-likelihood at step 59: -17358.906
Current log-likelihood at step 60: -17357.935
Current log-likelihood at step 61: -17356.937
Current log-likelihood at step 62: -17355.909
Current log-likelihood at step 63: -17354.849
Current log-likelihood at step 64: -17353.754
Current log-likelihood at step 65: -17352.623
Current log-likelihood at step 66: -17351.452
Current log-likelihood at step 67: -17350.241
Current log-likelihood at step 68: -17348.988
Current log-likelihood at step 69: -17347.690
Current log-likelihood at step 70: -17346.349
Current log-likelihood at step 71: -17344.966
Current log-likelihood at step 72: -17343.545
Current log-likelihood at step 73: -17342.100
Current log-likelihood at step 74: -17334.050
Current log-likelihood at step 75: -17333.989
Partition-specific rates:  0.408 1.562 0.074 0.832 3.196 3.221 6.664
Parameters optimization took 74 rounds (11.667 sec)

Computing ML distances based on estimated model parameters... 0.073 sec
Computing BIONJ tree...
0.009 seconds
Log-likelihood of BIONJ tree: -17354.544
--------------------------------------------------------------------
|             INITIALIZING CANDIDATE TREE SET                      |
--------------------------------------------------------------------
Generating 98 parsimony trees... 3.481 second
Computing log-likelihood of 98 initial trees ... 8.757 seconds
Current best score: -17333.989

Do NNI search on 20 best initial trees
Estimate model parameters (epsilon = 0.100)
Initial log-likelihood: -17325.422
Current log-likelihood at step 1: -17325.174
Current log-likelihood at step 2: -17325.115
Parameters optimization took 1 rounds (0.191 sec)

BETTER TREE FOUND at iteration 1: -17325.115
Estimate model parameters (epsilon = 0.100)
Initial log-likelihood: -17323.271
Current log-likelihood at step 1: -17321.897
Current log-likelihood at step 2: -17321.770
Current log-likelihood at step 3: -17321.718
Parameters optimization took 2 rounds (0.357 sec)

BETTER TREE FOUND at iteration 3: -17321.718
UPDATE BEST LOG-LIKELIHOOD: -17321.715
Estimate model parameters (epsilon = 0.100)
Initial log-likelihood: -17288.381
Current log-likelihood at step 1: -17279.080
Current log-likelihood at step 2: -17278.474
Current log-likelihood at step 3: -17278.268
Current log-likelihood at step 4: -17278.146
Current log-likelihood at step 5: -17278.054
Parameters optimization took 4 rounds (1.082 sec)

BETTER TREE FOUND at iteration 8: -17278.054
Iteration 10 / LogL: -17378.857 / Time: 0h:0m:59s
Iteration 20 / LogL: -17354.063 / Time: 0h:1m:11s
Finish initializing candidate tree set (13)
Current best tree score: -17278.054 / CPU time: 35.056
Number of iterations: 20
--------------------------------------------------------------------
|               OPTIMIZING CANDIDATE TREE SET                      |
--------------------------------------------------------------------
Estimate model parameters (epsilon = 0.100)
Initial log-likelihood: -17276.110
Current log-likelihood at step 1: -17275.997
Current log-likelihood at step 2: -17275.949
Parameters optimization took 1 rounds (0.166 sec)

BETTER TREE FOUND at iteration 21: -17275.949
Iteration 30 / LogL: -17275.950 / Time: 0h:1m:21s (0h:4m:15s left)
UPDATE BEST LOG-LIKELIHOOD: -17275.947
UPDATE BEST LOG-LIKELIHOOD: -17275.947
Iteration 40 / LogL: -17454.545 / Time: 0h:1m:31s (0h:3m:10s left)
Iteration 50 / LogL: -17354.932 / Time: 0h:1m:41s (0h:2m:27s left)
Log-likelihood cutoff on original alignment: -17354.506
Iteration 60 / LogL: -17277.952 / Time: 0h:1m:53s (0h:1m:57s left)
Iteration 70 / LogL: -17276.009 / Time: 0h:2m:5s (0h:1m:32s left)
UPDATE BEST LOG-LIKELIHOOD: -17275.946
Iteration 80 / LogL: -17330.611 / Time: 0h:2m:21s (0h:1m:13s left)
Iteration 90 / LogL: -17324.517 / Time: 0h:2m:32s (0h:0m:53s left)
Iteration 100 / LogL: -17275.947 / Time: 0h:2m:44s (0h:0m:34s left)
Log-likelihood cutoff on original alignment: -17354.506
NOTE: Bootstrap correlation coefficient of split occurrence frequencies: 0.996
Iteration 110 / LogL: -17330.643 / Time: 0h:2m:55s (0h:2m:24s left)
Iteration 120 / LogL: -17275.957 / Time: 0h:3m:6s (0h:2m:5s left)
TREE SEARCH COMPLETED AFTER 122 ITERATIONS / Time: 0h:3m:9s

--------------------------------------------------------------------
|                    FINALIZING TREE SEARCH                        |
--------------------------------------------------------------------
Performs final model parameters optimization
Estimate model parameters (epsilon = 0.010)
Initial log-likelihood: -17275.946
Current log-likelihood at step 1: -17275.900
Current log-likelihood at step 2: -17275.862
Current log-likelihood at step 3: -17275.825
Current log-likelihood at step 4: -17275.790
Current log-likelihood at step 5: -17275.757
Current log-likelihood at step 6: -17275.725
Current log-likelihood at step 7: -17275.695
Current log-likelihood at step 8: -17275.666
Current log-likelihood at step 9: -17275.639
Current log-likelihood at step 10: -17275.614
Current log-likelihood at step 11: -17275.589
Current log-likelihood at step 12: -17275.566
Current log-likelihood at step 13: -17275.545
Current log-likelihood at step 14: -17275.528
Current log-likelihood at step 15: -17275.511
Current log-likelihood at step 16: -17275.496
Current log-likelihood at step 17: -17275.481
Current log-likelihood at step 18: -17275.466
Current log-likelihood at step 19: -17275.452
Current log-likelihood at step 20: -17275.439
Current log-likelihood at step 21: -17275.426
Current log-likelihood at step 22: -17275.414
Current log-likelihood at step 23: -17275.402
Current log-likelihood at step 24: -17275.391
Current log-likelihood at step 25: -17275.380
Current log-likelihood at step 26: -17275.369
Current log-likelihood at step 27: -17275.359
Current log-likelihood at step 28: -17275.350
Partition-specific rates:  0.352 1.381 0.057 0.713 2.780 4.026 7.363
Parameters optimization took 27 rounds (4.620 sec)

BEST SCORE FOUND : -17275.350
Creating bootstrap support values...
Split supports printed to NEXUS file 4_set190.splits.nex
Total tree length: 0.768

Total number of iterations: 122
CPU time used for tree search: 78.001 sec (0h:1m:18s)
Wall-clock time used for tree search: 152.533 sec (0h:2m:32s)
Total CPU time used: 97.983 sec (0h:1m:37s)
Total wall-clock time used: 194.459 sec (0h:3m:14s)

Computing bootstrap consensus tree...
Reading input file 4_set190.splits.nex...
35 taxa and 175 splits.
Consensus tree written to 4_set190.contree
Reading input trees file 4_set190.contree
Log-likelihood of consensus tree: -17275.348

Analysis results written to: 
  IQ-TREE report:                4_set190.iqtree
  Maximum-likelihood tree:       4_set190.treefile
  Likelihood distances:          4_set190.mldist
  Best partitioning scheme:      4_set190.best_scheme.nex
           in RAxML format:      4_set190.best_scheme

Ultrafast bootstrap approximation results written to:
  Split support values:          4_set190.splits.nex
  Consensus tree:                4_set190.contree
  Screen log file:               4_set190.log

Date and Time: Fri Sep  7 22:36:00 2018
