IQ-TREE multicore version 1.6.7 for Mac OS X 64-bit built Aug 23 2018
Developed by Bui Quang Minh, Nguyen Lam Tung, Olga Chernomor,
Heiko Schmidt, Dominik Schrempf, Michael Woodhams.

Host:    meeps-mac-pro.staff.sydney.edu.au (AVX, 64 GB RAM)
Command: /Users/davidduchene/Desktop/Software/iqtree-1.6.7-MacOSX/bin/iqtree -s ../../../../marsupials/set274.fasta -m TESTMERGE -bb 1000 -sp ../../../../marsupials/set274.nex -nt AUTO -pre 6_set274
Seed:    93746 (Using SPRNG - Scalable Parallel Random Number Generator)
Time:    Sat Sep  8 13:45:39 2018
Kernel:  AVX - auto-detect threads (8 CPU cores detected)

Reading partition model file ../../../../marsupials/set274.nex ...
Reading alignment file ../../../../marsupials/set274.fasta ... Fasta format detected
Alignment most likely contains DNA/RNA sequences
Alignment has 37 sequences with 2958 columns, 940 distinct patterns
511 parsimony-informative, 304 singleton sites, 2143 constant sites
                                              Gap/Ambiguity  Composition  p-value
   1  Burramyidae_Burramys_parvus                     0.68%    passed     92.01%
   2  Notoryctidae_Notoryctes_typhlops               13.05%    passed     57.07%
   3  Vombatidae_Lasiorhinus_latifrons                0.14%    passed     99.20%
   4  Potoroidae_Bettongia_penicillata                0.37%    passed     63.13%
   5  Potoroidae_Bettongia_lesueur                    0.34%    passed     65.86%
   6  Dasyuridae_Dasyurus_maculatus                  15.72%    failed      0.05%
   7  Phalangeridae_Trichosurus_vulpecula             1.83%    passed     97.85%
   8  Phalangeridae_Spilocuscus_maculatus            14.10%    passed     63.88%
   9  Potoroidae_Aepyprymnus_rufescens                2.50%    passed     61.27%
  10  Peramelidae_Perameles_nasuta                   36.24%    failed      1.76%
  11  Myrmecobiidae_Myrmecobius_fasciatus1           84.45%    failed      0.00%
  12  Phalangeridae_Strigocuscus_pelengensis          1.93%    passed     82.55%
  13  Dasyuridae_Phascogale_tapoatafa                18.59%    failed      0.12%
  14  Dasyuridae_Sminthopsis_macroura                 0.10%    passed     99.00%
  15  Phalangeridae_Phalanger_orientalis              0.00%    passed     90.99%
  16  Acrobatidae_Acrobates_pygmaeus                  0.85%    passed     99.80%
  17  Dasyuridae_Phascogale_calura                    1.15%    passed     97.92%
  18  Dasyuridae_Sarcophilus_harrisii                 0.37%    passed     99.40%
  19  Dasyuridae_Planigale_tenuirostris              18.29%    failed      0.08%
  20  Peramelidae_Echymipera_kalubu                   0.34%    passed     97.07%
  21  Macropodidae_Dorcopsulus_vanheurni              0.68%    passed     65.50%
  22  Pseudochiridae_Pseudochirulus_forbesi           0.10%    passed     97.04%
  23  Didelphidae_Didelphis_virginiana               15.89%    failed      0.07%
  24  Marmosidae_Monodelphis_domestica                0.88%    passed     97.90%
  25  Dasyuridae_Antechinus_stuartii                 15.86%    failed      0.14%
  26  Hypsiprymnodontidae_Hypsiprymnodon_moschatus    1.12%    passed     86.87%
  27  Microbiotheriidae_Dromiciops_gliroides          2.94%    passed     94.28%
  28  Pseudochiridae_Petauroides_volans               0.88%    passed     97.96%
  29  Macropodidae_Wallabia_bicolor                   0.27%    passed     84.60%
  30  Pseudochiridae_Pseudocheirus_occidentalis      41.04%    failed      0.51%
  31  Tarsipedidae_Tarsipes_rostratus                 0.17%    passed     96.55%
  32  Acrobatidae_Distoechurus_pennatus               0.03%    passed     95.91%
  33  Myrmecobiidae_Myrmecobius_fasciatus2           84.45%    failed      0.00%
  34  Phalangeridae_Phalanger_carmelitae              0.00%    passed     93.91%
  35  Peramelidae_Peroryctes_raffrayana              36.04%    failed      0.91%
  36  Dasyuridae_Dasyurus_geffroii                    0.95%    passed     99.37%
  37  Peramelidae_Perameles_gunnii                    0.81%    passed     74.86%
WARNING: 2 sequences contain more than 50% gaps/ambiguity
****  TOTAL                                          11.17%  10 sequences failed composition chi2 test (p-value<5%; df=3)
NOTE: No CharPartition defined, use all CharSets

Loading 15 partitions...
Subset	Type	Seqs	Sites	Infor	Invar	Model	Name
1		34	117	4	112	TESTMERGE	part1.1
2		34	117	0	111	TESTMERGE	part1.2
WARNING: No parsimony-informative sites in partition part1.2
3		34	117	21	77	TESTMERGE	part1.3
4		35	364	29	306	TESTMERGE	part2.1
5		35	364	12	332	TESTMERGE	part2.2
6		35	364	142	163	TESTMERGE	part2.3
7		32	252	22	203	TESTMERGE	part3.1
8		32	252	18	217	TESTMERGE	part3.2
9		32	252	76	137	TESTMERGE	part3.3
10		32	154	34	99	TESTMERGE	part4.1
11		32	154	14	118	TESTMERGE	part4.2
12		32	154	97	31	TESTMERGE	part4.3
13		35	99	5	90	TESTMERGE	part5.1
14		35	99	0	99	TESTMERGE	part5.2
WARNING: No parsimony-informative sites in partition part5.2
15		35	99	37	48	TESTMERGE	part5.3
Degree of missing data: 0.091
Info: multi-threading strategy over partitions

NOTE: Myrmecobiidae_Myrmecobius_fasciatus2 is identical to Myrmecobiidae_Myrmecobius_fasciatus1 but kept for subsequent analysis


Create initial parsimony tree by phylogenetic likelihood library (PLL)... 0.011 seconds
NOTE: ModelFinder requires 9 MB RAM!
NUMBER OF THREADS FOR PARTITION FINDING: 8
Testing GTR+F+G on supermatrix...
GTR+F+G4 / LnL: -12715.193 / df: 80 / AIC: 25590.387 / AICc: 25594.891 / BIC: 26069.768
Selecting individual models for 15 charsets using BIC...
 No. Model        Score       Charset
   1 K2P+G4       1955.733    part3.1
   2 TPM2u+F+I    1912.361    part2.2
   3 TPM2+F+G4    1746.692    part4.1
   4 K2P+G4       1595.619    part5.3
   5 K2P+G4       2484.074    part2.1
   6 HKY+F+G4     1639.758    part3.2
   7 K2P+G4       1289.112    part4.2
   8 JC           582.389     part5.2
   9 TNe          1240.248    part1.3
  10 TPM2+F       2967.292    part3.3	0h:0m:17s (0h:5m:57s left)
  11 JC           710.522     part1.2	0h:0m:18s (0h:5m:31s left)
  12 GTR+F+G4     3812.896    part4.3	0h:0m:18s (0h:5m:10s left)
  13 TN+F         708.389     part5.1	0h:0m:20s (0h:5m:9s left)
  14 TPM3+F+G4    5145.561    part2.3	0h:0m:20s (0h:4m:50s left)
  15 TNe+I        727.680     part1.1	0h:0m:20s (0h:4m:30s left)
Full partition model BIC score: 31392.719 (LnL: -11628.295  df:1018)
Merging models to increase model fit (about 211 total partition schemes)...
  16 TPM3+F+G4    31128.518   part2.3+part3.1	0h:0m:26s (0h:5m:24s left)
  17 TIM3+F+G4    31102.283   part2.2+part2.3	0h:0m:27s (0h:5m:8s left)
  18 TPM3u+F+G4   31062.193   part2.1+part2.3	0h:0m:27s (0h:4m:52s left)
  19 TPM3u+F+G4   30926.355   part2.3+part5.3	0h:0m:27s (0h:4m:40s left)
  20 HKY+F+G4     31116.474   part2.3+part3.2	0h:0m:27s (0h:4m:26s left)
  21 TPM3+F+G4    31107.681   part2.3+part4.1	0h:0m:31s (0h:4m:41s left)
  22 GTR+F+G4     31165.168   part2.3+part4.3	0h:0m:34s (0h:4m:58s left)
  23 TPM3+F+G4    31009.090   part2.3+part3.3	0h:0m:35s (0h:4m:51s left)
  24 TPM3+F+G4    31014.864   part2.3+part5.1	0h:0m:42s (0h:5m:28s left)
  25 TPM3+F+G4    31014.445   part1.2+part2.3	0h:0m:45s (0h:5m:37s left)
  26 TIM3+F+G4    30959.497   part1.3+part2.3	0h:0m:47s (0h:5m:37s left)
  27 TPM3+F+G4    31034.841   part1.1+part2.3	0h:0m:48s (0h:5m:27s left)
  28 HKY+F+G4     31093.859   part2.3+part4.2	0h:0m:48s (0h:5m:18s left)
  29 TIM+F+G4     31276.823   part3.3+part4.3	0h:0m:49s (0h:5m:10s left)
  30 TIM3+F+G4    31002.230   part2.3+part5.2	0h:0m:55s (0h:5m:33s left)
  31 HKY+F+G4     31069.898   part2.1+part3.3	0h:0m:56s (0h:5m:30s left)
  32 HKY+F+G4     31073.599   part3.1+part3.3	0h:1m:1s (0h:5m:45s left)
  33 TPM2+F+G4    31104.807   part2.2+part3.3	0h:1m:6s (0h:6m:0s left)
  34 TPM2u+F+G4   31033.181   part4.1+part4.3	0h:1m:10s (0h:6m:5s left)
  35 HKY+F+G4     31182.997   part3.3+part4.1	0h:1m:11s (0h:5m:57s left)
  36 K3P+I+G4     31228.166   part2.1+part4.3	0h:1m:12s (0h:5m:54s left)
  37 TVMe+I+G4    31260.433   part3.1+part4.3	0h:1m:14s (0h:5m:51s left)
  38 HKY+F+G4     30992.148   part3.3+part5.3	0h:1m:15s (0h:5m:42s left)
  39 GTR+F+I+G4   31326.141   part2.2+part4.3	0h:1m:17s (0h:5m:41s left)
  40 TVMe+G4      31026.789   part4.3+part5.3	0h:1m:21s (0h:5m:47s left)
  41 K2P+G4       30961.566   part2.1+part3.1	0h:1m:23s (0h:5m:47s left)
  42 HKY+F+G4     31052.564   part3.2+part3.3	0h:1m:23s (0h:5m:37s left)
  43 HKY+F+G4     30923.510   part2.1+part2.2	0h:1m:23s (0h:5m:27s left)
  44 K2P+G4       31012.066   part2.1+part4.1	0h:1m:26s (0h:5m:27s left)
  45 TIM2e+I+G4   31281.162   part3.2+part4.3	0h:1m:27s (0h:5m:22s left)
  46 HKY+F+G4     31138.547   part3.3+part4.2	0h:1m:33s (0h:5m:35s left)
  47 TVMe+G4      31106.478   part4.2+part4.3	0h:1m:34s (0h:5m:30s left)
  48 HKY+F+G4     30964.105   part2.1+part3.2	0h:1m:35s (0h:5m:24s left)
  49 TPM3u+F+G4   31009.347   part2.2+part3.1	0h:1m:40s (0h:5m:31s left)
  50 K2P+G4       30949.708   part2.1+part5.3	0h:1m:41s (0h:5m:26s left)
  51 K2P+G4       30990.760   part2.1+part4.2	0h:1m:41s (0h:5m:19s left)
  52 TPM2+F+G4    31020.181   part1.3+part3.3	0h:1m:42s (0h:5m:14s left)
  53 TIM2+F+G4    31107.824   part1.3+part4.3	0h:1m:43s (0h:5m:8s left)
  54 K2P+G4       30917.538   part1.3+part2.1	0h:1m:44s (0h:5m:5s left)
  55 TPM3u+F+G4   31071.389   part2.2+part4.1	0h:1m:48s (0h:5m:7s left)
  56 HKY+F+G4     31043.393   part3.3+part5.1	0h:1m:52s (0h:5m:11s left)
  57 K2P+G4       31080.243   part3.1+part4.1	0h:1m:52s (0h:5m:3s left)
  58 TPM2u+F+G4   31029.379   part1.2+part3.3	0h:1m:55s (0h:5m:4s left)
  59 HKY+F+G4     31063.064   part1.1+part3.3	0h:1m:56s (0h:5m:0s left)
  60 TVMe+I+G4    31183.136   part1.2+part4.3	0h:2m:0s (0h:5m:4s left)
  61 TVM+F+I+G4   31120.123   part4.3+part5.1	0h:2m:1s (0h:4m:58s left)
  62 TVM+F+I+G4   31167.051   part1.1+part4.3	0h:2m:4s (0h:4m:58s left)
  63 HKY+F+G4     30989.015   part2.2+part5.3	0h:2m:5s (0h:4m:55s left)
  64 K2P+G4       30999.051   part3.1+part5.3	0h:2m:10s (0h:4m:59s left)
  65 TPM2+F+I     31019.321   part3.3+part5.2	0h:2m:11s (0h:4m:55s left)
  66 HKY+F+I      30977.459   part2.2+part3.2	0h:2m:12s (0h:4m:50s left)
  67 HKY+F+G4     30949.395   part3.1+part3.2	0h:2m:12s (0h:4m:44s left)
  68 K2P+G4       31000.601   part4.1+part5.3	0h:2m:16s (0h:4m:47s left)
  69 TVMe+I+G4    31147.032   part4.3+part5.2	0h:2m:16s (0h:4m:41s left)
  70 TN+F+G4      31018.426   part2.2+part4.2	0h:2m:16s (0h:4m:35s left)
  71 K2P+G4       31070.696   part3.2+part4.1	0h:2m:18s (0h:4m:33s left)
  72 K2P+G4       31064.789   part3.1+part4.2	0h:2m:21s (0h:4m:33s left)
  73 K2P+I        30914.890   part1.2+part2.1	0h:2m:23s (0h:4m:30s left)
  74 K2P+G4       30889.758   part2.1+part5.1	0h:2m:23s (0h:4m:25s left)
  75 K2P+G4       30927.071   part4.1+part4.2	0h:2m:23s (0h:4m:20s left)
  76 HKY+F+G4     30952.365   part1.3+part2.2	0h:2m:25s (0h:4m:18s left)
  77 K2P+G4       30985.253   part1.3+part3.1	0h:2m:26s (0h:4m:15s left)
  78 K2P+I        30902.434   part1.1+part2.1	0h:2m:27s (0h:4m:11s left)
  79 K2P+I        30888.753   part2.1+part5.2	0h:2m:29s (0h:4m:9s left)
  80 TNe+G4       31006.585   part1.3+part4.1	0h:2m:29s (0h:4m:4s left)
  81 K2P+G4       31022.951   part4.2+part5.3	0h:2m:32s (0h:4m:4s left)
  82 K2P+G4       31008.190   part1.3+part4.2	0h:2m:32s (0h:3m:59s left)
  83 HKY+F+G4     31020.416   part3.2+part5.3	0h:2m:32s (0h:3m:55s left)
  84 K2P+G4       30926.267   part1.3+part5.3	0h:2m:34s (0h:3m:53s left)
  85 TN+F+G4      31044.358   part3.2+part4.2	0h:2m:34s (0h:3m:48s left)
  86 HKY+F+G4     30984.420   part1.3+part3.2	0h:2m:35s (0h:3m:45s left)
  87 TPM2u+F+I    30894.706   part1.2+part2.2	0h:2m:39s (0h:3m:46s left)
  88 HKY+F+G4     30915.311   part2.2+part5.1	0h:2m:45s (0h:3m:50s left)
  89 K2P+I        30975.005   part1.2+part3.1	0h:2m:45s (0h:3m:46s left)
  90 TPM2+F+I     30923.328   part1.1+part2.2	0h:2m:45s (0h:3m:42s left)
  91 HKY+F+G4     30949.486   part3.1+part5.1	0h:2m:47s (0h:3m:40s left)
  92 TPM2u+F+I    30877.941   part2.2+part5.2	0h:2m:47s (0h:3m:36s left)
  93 K2P+G4       31027.140   part1.2+part4.1	0h:2m:53s (0h:3m:40s left)
  94 TIM2+F+G4    30991.199   part4.1+part5.1	0h:2m:56s (0h:3m:39s left)
  95 K2P+I        30958.415   part1.1+part3.1	0h:2m:58s (0h:3m:37s left)
  96 K2P+I        30941.373   part3.1+part5.2	0h:2m:59s (0h:3m:34s left)
  97 K2P+G4       31005.554   part1.1+part4.1	0h:2m:59s (0h:3m:31s left)
  98 K2P+G4       30973.334   part1.2+part5.3	0h:3m:0s (0h:3m:28s left)
  99 K2P+G4       30997.311   part4.1+part5.2	0h:3m:0s (0h:3m:24s left)
 100 K2P+G4       30957.225   part1.1+part5.3	0h:3m:2s (0h:3m:23s left)
 101 K2P+G4       30939.964   part5.1+part5.3	0h:3m:3s (0h:3m:19s left)
 102 HKY+F+G4     30942.720   part3.2+part5.1	0h:3m:3s (0h:3m:16s left)
 103 HKY+F+G4     30954.569   part1.2+part3.2	0h:3m:5s (0h:3m:14s left)
 104 TNe+I        30946.832   part1.1+part3.2	0h:3m:9s (0h:3m:15s left)
 105 K2P+G4       30980.005   part4.2+part5.1	0h:3m:13s (0h:3m:15s left)
 106 K2P+G4       30948.682   part5.2+part5.3	0h:3m:13s (0h:3m:12s left)
 107 K2P+G4       30999.359   part1.2+part4.2	0h:3m:14s (0h:3m:8s left)
 108 TN+F+G4      30940.748   part1.2+part1.3	0h:3m:15s (0h:3m:6s left)
 109 TN+F+I       30922.682   part3.2+part5.2	0h:3m:16s (0h:3m:3s left)
 110 TNe+G4       30916.618   part1.3+part5.1	0h:3m:16s (0h:3m:0s left)
 111 TNe+G4       30993.948   part1.1+part4.2	0h:3m:16s (0h:2m:57s left)
 112 TNe+G4       30933.915   part1.1+part1.3	0h:3m:18s (0h:2m:55s left)
 113 TN+F+G4      30938.633   part1.3+part5.2	0h:3m:20s (0h:2m:53s left)
 114 K2P          30897.574   part1.2+part5.1	0h:3m:20s (0h:2m:50s left)
 115 K2P+I        30902.656   part1.1+part1.2	0h:3m:20s (0h:2m:47s left)
 116 F81+F        30881.016   part1.2+part5.2	0h:3m:22s (0h:2m:45s left)
 117 K2P+G4       30978.740   part4.2+part5.2	0h:3m:22s (0h:2m:42s left)
 118 K2P+I        30880.064   part5.1+part5.2	0h:3m:23s (0h:2m:40s left)
 119 K2P+I        30895.149   part1.1+part5.1	0h:3m:23s (0h:2m:37s left)
 120 TNe+I        30878.975   part1.1+part5.2	0h:3m:24s (0h:2m:35s left)
Merging part2.2+part5.2 with BIC score: 30877.941 (LnL: -11638.647  df: 951)
 121 HKY+F+I      30458.255   part2.2+part3.2+part5.2	0h:3m:32s (0h:2m:38s left)
 122 TPM3u+F+I    30503.070   part2.2+part3.1+part5.2	0h:3m:33s (0h:2m:35s left)
 123 TN+F+G4      30511.119   part2.2+part4.2+part5.2	0h:3m:38s (0h:2m:36s left)
 124 HKY+F+I      30415.279   part2.1+part2.2+part5.2	0h:3m:40s (0h:2m:34s left)
 125 TPM3+F+G4    30579.642   part2.2+part4.1+part5.2	0h:3m:42s (0h:2m:33s left)
 126 TIM2+F+G4    30623.121   part2.2+part3.3+part5.2	0h:3m:49s (0h:2m:34s left)
 127 HKY+F+I      30402.886   part2.2+part5.1+part5.2	0h:3m:50s (0h:2m:32s left)
 128 TPM2u+F+I    30374.371   part1.2+part2.2+part5.2	0h:3m:51s (0h:2m:30s left)
 129 TIM3+F+G4    30644.497   part2.2+part2.3+part5.2	0h:3m:51s (0h:2m:27s left)
 130 TPM2+F+I     30406.012   part1.1+part2.2+part5.2	0h:3m:52s (0h:2m:24s left)
 131 TPM2u+F+G4   30450.796   part1.3+part2.2+part5.2	0h:3m:53s (0h:2m:22s left)
 132 GTR+F+I+G4   30861.709   part2.2+part4.3+part5.2	0h:3m:54s (0h:2m:20s left)
 133 HKY+F+I+G4   30497.744   part2.2+part5.2+part5.3	0h:3m:54s (0h:2m:17s left)
Merging part1.2+part2.2+part5.2 with BIC score: 30374.371 (LnL: -11646.611  df: 886)
 134 HKY+F+I      29901.412   part1.2+part2.2+part5.1+part5.2	0h:3m:59s (0h:2m:17s left)
 135 HKY+F+I      29959.398   part1.2+part2.2+part3.2+part5.2	0h:4m:5s (0h:2m:18s left)
 136 TPM3u+F+I    30012.655   part1.2+part2.2+part3.1+part5.2	0h:4m:6s (0h:2m:16s left)
 137 HKY+F+G4     30013.834   part1.2+part2.2+part4.2+part5.2	0h:4m:8s (0h:2m:14s left)
 138 HKY+F+I      29922.009   part1.2+part2.1+part2.2+part5.2	0h:4m:11s (0h:2m:12s left)
 139 TPM3u+F+I+G4 30100.923   part1.2+part2.2+part4.1+part5.2	0h:4m:11s (0h:2m:10s left)
 140 TPM2u+F+G4   30143.488   part1.2+part2.2+part3.3+part5.2	0h:4m:13s (0h:2m:8s left)
 141 TPM2u+F+I    29905.853   part1.1+part1.2+part2.2+part5.2	0h:4m:15s (0h:2m:6s left)
 142 TIM3+F+G4    30190.838   part1.2+part2.2+part2.3+part5.2	0h:4m:17s (0h:2m:5s left)
 143 TPM2u+F+G4   29953.364   part1.2+part1.3+part2.2+part5.2	0h:4m:17s (0h:2m:2s left)
 144 HKY+F+I+G4   30014.616   part1.2+part2.2+part5.2+part5.3	0h:4m:18s (0h:2m:0s left)
 145 TIM3+F+I+G4  30407.980   part1.2+part2.2+part4.3+part5.2	0h:4m:20s (0h:1m:58s left)
Merging part2.1+part5.1 with BIC score: 29871.409 (LnL: -11682.851  df: 814)
 146 K2P+G4       29441.233   part2.1+part3.2+part5.1	0h:4m:25s (0h:1m:58s left)
 147 K2P+G4       29443.914   part2.1+part3.1+part5.1	0h:4m:26s (0h:1m:55s left)
 148 K2P+G4       29474.277   part2.1+part4.2+part5.1	0h:4m:31s (0h:1m:55s left)
 149 K2P+G4       29507.361   part2.1+part4.1+part5.1	0h:4m:33s (0h:1m:53s left)
 150 K2P+G4       29441.987   part2.1+part5.1+part5.3	0h:4m:35s (0h:1m:51s left)
 151 HKY+F+G4     29583.376   part2.1+part3.3+part5.1	0h:4m:35s (0h:1m:49s left)
 152 K3P+I+G4     29744.933   part2.1+part4.3+part5.1	0h:4m:36s (0h:1m:47s left)
 153 TPM3u+F+G4   29598.181   part2.1+part2.3+part5.1	0h:4m:36s (0h:1m:44s left)
 154 K2P+I        29380.429   part1.1+part2.1+part5.1	0h:4m:37s (0h:1m:42s left)
 155 HKY+F+I      29432.694   part1.2+part2.1+part2.2+part5.1+part5.2	0h:4m:37s (0h:1m:40s left)
 156 TNe+G4       29402.832   part1.3+part2.1+part5.1	0h:4m:37s (0h:1m:37s left)
Merging part1.1+part2.1+part5.1 with BIC score: 29380.429 (LnL: -11709.098  df: 746)
 157 K3P+I        28960.907   part1.1+part2.1+part3.1+part5.1	0h:4m:46s (0h:1m:38s left)
 158 K2P+I        28953.390   part1.1+part2.1+part3.2+part5.1	0h:4m:48s (0h:1m:36s left)
 159 K2P+G4       28990.593   part1.1+part2.1+part4.2+part5.1	0h:4m:48s (0h:1m:34s left)
 160 HKY+F+G4     29125.788   part1.1+part2.1+part3.3+part5.1	0h:4m:50s (0h:1m:32s left)
 161 K2P+I+G4     29028.703   part1.1+part2.1+part4.1+part5.1	0h:4m:51s (0h:1m:30s left)
 162 K2P+I+G4     28964.141   part1.1+part2.1+part5.1+part5.3	0h:4m:51s (0h:1m:28s left)
 163 TPM3u+F+G4   29153.091   part1.1+part2.1+part2.3+part5.1	0h:4m:53s (0h:1m:26s left)
 164 K3P+I+G4     29289.404   part1.1+part2.1+part4.3+part5.1	0h:4m:55s (0h:1m:24s left)
 165 K2P+G4       28923.033   part1.1+part1.3+part2.1+part5.1	0h:4m:56s (0h:1m:22s left)
 166 HKY+F+I      28946.585   part1.1+part1.2+part2.1+part2.2+part5.1+part5.2	0h:4m:56s (0h:1m:20s left)
Merging part1.3+part5.3 with BIC score: 28913.976 (LnL: -11743.613  df: 679)
 167 K2P+G4       28523.881   part1.3+part3.1+part5.3	0h:5m:0s (0h:1m:19s left)
 168 K2P+G4       28545.682   part1.3+part4.2+part5.3	0h:5m:6s (0h:1m:18s left)
 169 K2P+G4       28536.286   part1.3+part3.2+part5.3	0h:5m:8s (0h:1m:16s left)
 170 K2P+G4       28532.419   part1.3+part4.1+part5.3	0h:5m:8s (0h:1m:14s left)
 171 TVMe+G4      28622.018   part1.3+part4.3+part5.3	0h:5m:9s (0h:1m:12s left)
 172 HKY+F+G4     28575.550   part1.2+part1.3+part2.2+part5.2+part5.3	0h:5m:9s (0h:1m:10s left)
 173 HKY+F+G4     28544.772   part1.3+part3.3+part5.3	0h:5m:9s (0h:1m:8s left)
 174 HKY+F+G4     28471.750   part1.3+part2.3+part5.3	0h:5m:10s (0h:1m:6s left)
 175 K2P+G4       28500.726   part1.1+part1.3+part2.1+part5.1+part5.3	0h:5m:11s (0h:1m:4s left)
Merging part4.1+part4.2 with BIC score: 28448.327 (LnL: -11778.530  df: 612)
 176 K2P+G4       28133.663   part3.2+part4.1+part4.2	0h:5m:16s (0h:1m:2s left)
 177 K2P+G4       28160.874   part3.1+part4.1+part4.2	0h:5m:17s (0h:1m:0s left)
 178 K2P+G4       28115.527   part1.1+part2.1+part4.1+part4.2+part5.1	0h:5m:18s (0h:0m:58s left)
 179 TPM2+F+G4    28199.225   part4.1+part4.2+part4.3	0h:5m:18s (0h:0m:56s left)
 180 K2P+G4       28103.333   part1.3+part4.1+part4.2+part5.3	0h:5m:19s (0h:0m:54s left)
 181 TPM3u+F+G4   28199.338   part1.2+part2.2+part4.1+part4.2+part5.2	0h:5m:19s (0h:0m:52s left)
 182 HKY+F+G4     28292.904   part3.3+part4.1+part4.2	0h:5m:19s (0h:0m:50s left)
 183 TPM2u+F+G4   28247.361   part2.3+part4.1+part4.2	0h:5m:21s (0h:0m:49s left)
Merging part3.1+part3.2 with BIC score: 28005.003 (LnL: -11808.624  df: 549)
 184 HKY+F+I      27593.861   part1.1+part2.1+part3.1+part3.2+part5.1	0h:5m:26s (0h:0m:47s left)
 185 TIM3+F+I     27634.407   part1.2+part2.2+part3.1+part3.2+part5.2	0h:5m:26s (0h:0m:45s left)
 186 K2P+G4       27738.582   part3.1+part3.2+part4.1+part4.2	0h:5m:28s (0h:0m:44s left)
 187 HKY+F+G4     27712.945   part3.1+part3.2+part3.3	0h:5m:28s (0h:0m:42s left)
 188 K2P+G4       27643.667   part1.3+part3.1+part3.2+part5.3	0h:5m:28s (0h:0m:40s left)
 189 TPM3u+F+G4   27824.083   part2.3+part3.1+part3.2	0h:5m:29s (0h:0m:38s left)
 190 TVMe+I+G4    27975.520   part3.1+part3.2+part4.3	0h:5m:29s (0h:0m:36s left)
Merging part1.3+part2.3+part5.3 with BIC score: 27562.777 (LnL: -11867.240  df: 479)
 191 TN+F+G4      27377.294   part1.2+part1.3+part2.2+part2.3+part5.2+part5.3	0h:5m:39s (0h:0m:35s left)
 192 HKY+F+G4     27359.391   part1.3+part2.3+part3.1+part3.2+part5.3	0h:5m:40s (0h:0m:33s left)
 193 HKY+F+G4     27310.932   part1.1+part1.3+part2.1+part2.3+part5.1+part5.3	0h:5m:40s (0h:0m:31s left)
 194 TPM2+F+G4    27343.582   part1.3+part2.3+part4.1+part4.2+part5.3	0h:5m:41s (0h:0m:29s left)
 195 GTR+F+G4     27353.039   part1.3+part2.3+part4.3+part5.3	0h:5m:41s (0h:0m:28s left)
 196 HKY+F+G4     27190.080   part1.3+part2.3+part3.3+part5.3	0h:5m:41s (0h:0m:26s left)
Merging part1.1+part1.2+part2.1+part2.2+part5.1+part5.2 with BIC score: 27128.933 (LnL: -11930.048  df: 409)
 197 TPM3u+F+I    26734.446   part1.1+part1.2+part2.1+part2.2+part3.1+part3.2+part5.1+part5.2	0h:5m:47s (0h:0m:24s left)
 198 HKY+F+I+G4   26916.575   part1.1+part1.2+part2.1+part2.2+part3.3+part5.1+part5.2	0h:5m:48s (0h:0m:22s left)
 199 TPM3u+F+I+G4 26857.979   part1.1+part1.2+part2.1+part2.2+part4.1+part4.2+part5.1+part5.2	0h:5m:49s (0h:0m:21s left)
 200 K3P+I+G4     27172.631   part1.1+part1.2+part2.1+part2.2+part4.3+part5.1+part5.2	0h:5m:51s (0h:0m:19s left)
 201 TPM3u+F+I+G4 26990.715   part1.1+part1.2+part1.3+part2.1+part2.2+part2.3+part5.1+part5.2+part5.3	0h:5m:51s (0h:0m:17s left)
Merging part1.1+part1.2+part2.1+part2.2+part3.1+part3.2+part5.1+part5.2 with BIC score: 26734.446 (LnL: -11992.553  df: 344)
 202 TPM3+F+G4    26517.431   part1.1+part1.2+part2.1+part2.2+part3.1+part3.2+part3.3+part5.1+part5.2	0h:5m:57s (0h:0m:15s left)
 203 TPM3u+F+I+G4 26478.930   part1.1+part1.2+part2.1+part2.2+part3.1+part3.2+part4.1+part4.2+part5.1+part5.2	0h:5m:59s (0h:0m:14s left)
 204 TPM3u+F+I+G4 26648.905   part1.1+part1.2+part1.3+part2.1+part2.2+part2.3+part3.1+part3.2+part5.1+part5.2+part5.3	0h:6m:2s (0h:0m:12s left)
 205 TPM3u+F+I+G4 26823.131   part1.1+part1.2+part2.1+part2.2+part3.1+part3.2+part4.3+part5.1+part5.2	0h:6m:2s (0h:0m:10s left)
Merging part1.3+part2.3+part3.3+part5.3 with BIC score: 26361.749 (LnL: -12069.949  df: 278)
 206 HKY+F+G4     26184.640   part1.3+part2.3+part3.3+part4.1+part4.2+part5.3	0h:6m:12s (0h:0m:9s left)
 207 TPM3u+F+G4   26349.303   part1.1+part1.2+part1.3+part2.1+part2.2+part2.3+part3.1+part3.2+part3.3+part5.1+part5.2+part5.3	0h:6m:13s (0h:0m:7s left)
 208 TIM3+F+G4    26200.384   part1.3+part2.3+part3.3+part4.3+part5.3	0h:6m:14s (0h:0m:5s left)
Merging part1.1+part1.2+part2.1+part2.2+part3.1+part3.2+part4.1+part4.2+part5.1+part5.2 with BIC score: 26106.232 (LnL: -12173.967  df: 220)
 209 TVMe+I+G4    26115.508   part1.1+part1.2+part2.1+part2.2+part3.1+part3.2+part4.1+part4.2+part4.3+part5.1+part5.2	0h:6m:24s (0h:0m:3s left)
 210 TPM3+F+I+G4  26112.994   part1.1+part1.2+part1.3+part2.1+part2.2+part2.3+part3.1+part3.2+part3.3+part4.1+part4.2+part5.1+part5.2+part5.3	0h:6m:26s (0h:0m:1s left)
Merging part1.3+part2.3+part3.3+part4.3+part5.3 with BIC score: 25944.868 (LnL: -12349.037  df: 156)
 211 TPM3u+F+I+G4 26043.424   part1.1+part1.2+part1.3+part2.1+part2.2+part2.3+part3.1+part3.2+part3.3+part4.1+part4.2+part4.3+part5.1+part5.2+part5.3	0h:6m:41s (0h:0m:0s left)
BEST-FIT PARTITION MODEL: 
  charpartition BIC = TPM3u+F+I+G4: part1.1 part1.2 part2.1 part2.2 part3.1 part3.2 part4.1 part4.2 part5.1 part5.2, TIM3+F+G4: part1.3 part2.3 part3.3 part4.3 part5.3;
Agglomerative model selection: (((((part1.1,(part2.1,part5.1)3:29871.4)4:29380.4,(part1.2,(part2.2,part5.2)1:30877.9)2:30374.4)9:27128.9,(part3.1,part3.2)7:28005)10:26734.4,(part4.1,part4.2)6:28448.3)12:26106.2,((((part1.3,part5.3)5:28914,part2.3)8:27562.8,part3.3)11:26361.7,part4.3)13:25944.9)
Merging into 2 partitions...
Partition information was printed to 6_set274.best_scheme.nex
Partition information in Raxml format was printed to 6_set274.best_scheme

All model information printed to 6_set274.model.gz
CPU time for ModelFinder: 464.495 seconds (0h:7m:44s)
Wall-clock time for ModelFinder: 403.160 seconds (0h:6m:43s)
Generating 1000 samples for ultrafast bootstrap (seed: 93746)...

NOTE: 8 MB RAM (0 GB) is required!
Measuring multi-threading efficiency up to 8 CPU cores
Increase to 10 rounds for branch lengths
53 trees examined
Threads: 1 / Time: 8.028 sec / Speedup: 1.000 / Efficiency: 100% / LogL: -17334
Threads: 2 / Time: 4.535 sec / Speedup: 1.770 / Efficiency: 89% / LogL: -17334
Threads: 3 / Time: 22.057 sec / Speedup: 0.364 / Efficiency: 12% / LogL: -17334
BEST NUMBER OF THREADS: 2

Estimate model parameters (epsilon = 0.100)
Optimizing TIM3+F+G4 parameters for partition part1.3+part2.3+part3.3+part4.3+part5.3 (78 free parameters)
Optimizing TPM3u+F+I+G4 parameters for partition part1.1+part1.2+part2.1+part2.2+part3.1+part3.2+part4.1+part4.2+part5.1+part5.2 (78 free parameters)
Optimal log-likelihood: -12348.521
Computing ML distances based on estimated model parameters... 0.051 sec
WARNING: Some pairwise ML distances are too long (saturated)
Computing BIONJ tree...
0.002 seconds
Log-likelihood of BIONJ tree: -12373.504
--------------------------------------------------------------------
|             INITIALIZING CANDIDATE TREE SET                      |
--------------------------------------------------------------------
Generating 98 parsimony trees... 1.599 second
Computing log-likelihood of 98 initial trees ... 3.248 seconds
Current best score: -12348.521

Do NNI search on 20 best initial trees
Estimate model parameters (epsilon = 0.100)
BETTER TREE FOUND at iteration 1: -12348.520
Iteration 10 / LogL: -12361.974 / Time: 0h:0m:46s
Iteration 20 / LogL: -12348.685 / Time: 0h:0m:51s
Finish initializing candidate tree set (4)
Current best tree score: -12348.520 / CPU time: 13.017
Number of iterations: 20
--------------------------------------------------------------------
|               OPTIMIZING CANDIDATE TREE SET                      |
--------------------------------------------------------------------
Iteration 30 / LogL: -12350.212 / Time: 0h:0m:57s (0h:2m:21s left)
Iteration 40 / LogL: -12352.771 / Time: 0h:1m:3s (0h:1m:39s left)
Iteration 50 / LogL: -12352.338 / Time: 0h:1m:9s (0h:1m:11s left)
Log-likelihood cutoff on original alignment: -12402.395
Iteration 60 / LogL: -12353.413 / Time: 0h:1m:15s (0h:0m:52s left)
Iteration 70 / LogL: -12353.415 / Time: 0h:1m:20s (0h:0m:36s left)
Iteration 80 / LogL: -12352.452 / Time: 0h:1m:26s (0h:0m:22s left)
Iteration 90 / LogL: -12357.134 / Time: 0h:1m:32s (0h:0m:11s left)
Iteration 100 / LogL: -12348.550 / Time: 0h:1m:37s (0h:0m:0s left)
Log-likelihood cutoff on original alignment: -12400.150
NOTE: Bootstrap correlation coefficient of split occurrence frequencies: 1.000
TREE SEARCH COMPLETED AFTER 102 ITERATIONS / Time: 0h:1m:39s

--------------------------------------------------------------------
|                    FINALIZING TREE SEARCH                        |
--------------------------------------------------------------------
Performs final model parameters optimization
Estimate model parameters (epsilon = 0.010)
Optimizing TIM3+F+G4 parameters for partition part1.3+part2.3+part3.3+part4.3+part5.3 (78 free parameters)
Optimizing TPM3u+F+I+G4 parameters for partition part1.1+part1.2+part2.1+part2.2+part3.1+part3.2+part4.1+part4.2+part5.1+part5.2 (78 free parameters)
Optimal log-likelihood: -12348.519
BEST SCORE FOUND : -12348.519
Creating bootstrap support values...
Split supports printed to NEXUS file 6_set274.splits.nex
Total tree length: 0.581

Total number of iterations: 102
CPU time used for tree search: 43.099 sec (0h:0m:43s)
Wall-clock time used for tree search: 60.274 sec (0h:1m:0s)
Total CPU time used: 66.486 sec (0h:1m:6s)
Total wall-clock time used: 99.462 sec (0h:1m:39s)

Computing bootstrap consensus tree...
Reading input file 6_set274.splits.nex...
37 taxa and 162 splits.
Consensus tree written to 6_set274.contree
Reading input trees file 6_set274.contree
Log-likelihood of consensus tree: -12348.530

Analysis results written to: 
  IQ-TREE report:                6_set274.iqtree
  Maximum-likelihood tree:       6_set274.treefile
  Likelihood distances:          6_set274.mldist
  Best partitioning scheme:      6_set274.best_scheme.nex
           in RAxML format:      6_set274.best_scheme

Ultrafast bootstrap approximation results written to:
  Split support values:          6_set274.splits.nex
  Consensus tree:                6_set274.contree
  Screen log file:               6_set274.log

Date and Time: Sat Sep  8 13:54:01 2018
