IQ-TREE multicore version 1.6.3 for Mac OS X 64-bit built Mar 22 2018
Developed by Bui Quang Minh, Nguyen Lam Tung, Olga Chernomor,
Heiko Schmidt, Dominik Schrempf, Michael Woodhams.

Host:    meeps-mac-pro.staff.sydney.edu.au (AVX, 64 GB RAM)
Command: /Users/davidduchene/Desktop/Software/iqtree-1.6.3-MacOSX/bin/iqtree -s ../../../../marsupials/set246.fasta -m TEST -bb 1000 -nt AUTO -pre 1_set246
Seed:    519872 (Using SPRNG - Scalable Parallel Random Number Generator)
Time:    Fri Jul 27 18:45:20 2018
Kernel:  AVX - auto-detect threads (8 CPU cores detected)

Reading alignment file ../../../../marsupials/set246.fasta ... Fasta format detected
Alignment most likely contains DNA/RNA sequences
Alignment has 37 sequences with 2436 columns, 1059 distinct patterns
630 parsimony-informative, 412 singleton sites, 1394 constant sites
                                              Gap/Ambiguity  Composition  p-value
   1  Burramyidae_Burramys_parvus                     0.29%    passed     86.32%
   2  Notoryctidae_Notoryctes_typhlops                9.61%    passed     90.68%
   3  Vombatidae_Lasiorhinus_latifrons                1.19%    passed     88.97%
   4  Potoroidae_Bettongia_penicillata                0.04%    passed     99.97%
   5  Potoroidae_Bettongia_lesueur                    0.04%    passed     99.87%
   6  Dasyuridae_Dasyurus_maculatus                   5.87%    passed     95.40%
   7  Phalangeridae_Trichosurus_vulpecula             0.25%    passed     87.03%
   8  Phalangeridae_Spilocuscus_maculatus             0.57%    passed     95.49%
   9  Potoroidae_Aepyprymnus_rufescens                0.08%    passed     99.54%
  10  Peramelidae_Perameles_nasuta                    1.11%    passed     59.28%
  11  Myrmecobiidae_Myrmecobius_fasciatus1           91.38%    passed      5.55%
  12  Phalangeridae_Strigocuscus_pelengensis          4.97%    passed     97.58%
  13  Dasyuridae_Phascogale_tapoatafa                27.96%    failed      2.01%
  14  Dasyuridae_Sminthopsis_macroura                 0.37%    passed     69.67%
  15  Phalangeridae_Phalanger_orientalis              0.57%    passed     88.86%
  16  Acrobatidae_Acrobates_pygmaeus                  3.82%    passed     90.89%
  17  Dasyuridae_Phascogale_calura                   27.96%    failed      1.97%
  18  Dasyuridae_Sarcophilus_harrisii                 3.12%    passed     66.04%
  19  Dasyuridae_Planigale_tenuirostris              30.30%    failed      2.32%
  20  Peramelidae_Echymipera_kalubu                   0.57%    passed     67.32%
  21  Macropodidae_Dorcopsulus_vanheurni              0.49%    passed     92.89%
  22  Pseudochiridae_Pseudochirulus_forbesi           0.00%    passed     98.04%
  23  Didelphidae_Didelphis_virginiana                1.81%    passed     47.83%
  24  Marmosidae_Monodelphis_domestica                0.16%    passed     91.75%
  25  Dasyuridae_Antechinus_stuartii                 28.61%    failed      4.62%
  26  Hypsiprymnodontidae_Hypsiprymnodon_moschatus    0.74%    passed     99.39%
  27  Microbiotheriidae_Dromiciops_gliroides          9.65%    passed     78.40%
  28  Pseudochiridae_Petauroides_volans               1.03%    passed     36.85%
  29  Macropodidae_Wallabia_bicolor                   1.03%    passed     91.98%
  30  Pseudochiridae_Pseudocheirus_occidentalis       0.21%    passed     93.13%
  31  Tarsipedidae_Tarsipes_rostratus                28.37%    passed     13.57%
  32  Acrobatidae_Distoechurus_pennatus               0.41%    passed     98.01%
  33  Myrmecobiidae_Myrmecobius_fasciatus2           91.38%    passed      5.55%
  34  Phalangeridae_Phalanger_carmelitae              0.00%    passed     87.52%
  35  Peramelidae_Peroryctes_raffrayana               0.49%    passed     79.55%
  36  Dasyuridae_Dasyurus_geffroii                    0.82%    passed     49.19%
  37  Peramelidae_Perameles_gunnii                    1.03%    passed     62.24%
WARNING: 2 sequences contain more than 50% gaps/ambiguity
****  TOTAL                                          10.17%  4 sequences failed composition chi2 test (p-value<5%; df=3)
NOTE: Myrmecobiidae_Myrmecobius_fasciatus2 is identical to Myrmecobiidae_Myrmecobius_fasciatus1 but kept for subsequent analysis


Create initial parsimony tree by phylogenetic likelihood library (PLL)... 0.006 seconds
NOTE: ModelFinder requires 9 MB RAM!
ModelFinder will test 88 DNA models (sample size: 2436) ...
 No. Model         -LnL         df  AIC          AICc         BIC
Measuring multi-threading efficiency up to 8 CPU cores
Increase to 10 rounds for branch lengths
214 trees examined
Threads: 1 / Time: 8.036 sec / Speedup: 1.000 / Efficiency: 100% / LogL: -23899
Threads: 2 / Time: 5.725 sec / Speedup: 1.404 / Efficiency: 70% / LogL: -23899
Threads: 3 / Time: 6.625 sec / Speedup: 1.213 / Efficiency: 40% / LogL: -23899
BEST NUMBER OF THREADS: 2

  1  JC            16090.811    71  32323.623    32327.948    32735.289
  2  JC+I          15704.143    72  31552.285    31556.734    31969.749
  3  JC+G4         15569.616    72  31283.233    31287.681    31700.697
  4  JC+I+G4       15559.115    73  31264.230    31268.804    31687.492
  5  F81+F         16101.998    74  32351.996    32356.697    32781.056
  6  F81+F+I       15714.893    75  31579.786    31584.617    32014.645
  7  F81+F+G4      15580.641    75  31311.282    31316.113    31746.141
  8  F81+F+I+G4    15570.012    76  31292.024    31296.986    31732.681
  9  K2P           15361.638    72  30867.276    30871.725    31284.740
 10  K2P+I         14959.702    73  30065.403    30069.977    30488.665
 11  K2P+G4        14816.792    73  29779.585    29784.159    30202.847
 12  K2P+I+G4      14804.354    74  29756.708    29761.410    30185.769
 13  HKY+F         15372.248    75  30894.496    30899.326    31329.354
 14  HKY+F+I       14959.027    76  30070.053    30075.015    30510.710
 15  HKY+F+G4      14814.751    76  29781.502    29786.463    30222.158
 16  HKY+F+I+G4    14801.737    77  29757.473    29762.567    30203.928
 17  TNe           15350.177    73  30846.353    30850.927    31269.615
 18  TNe+I         14957.463    74  30062.926    30067.627    30491.986
 19  TNe+G4        14814.456    74  29776.912    29781.614    30205.973
 20  TNe+I+G4      14802.274    75  29754.548    29759.378    30189.406
 21  TN+F          15347.566    76  30847.133    30852.094    31287.790
 22  TN+F+I        14948.331    77  30050.661    30055.756    30497.116
 23  TN+F+G4       14804.489    77  29762.977    29768.071    30209.432
 24  TN+F+I+G4     14792.039    78  29740.078    29745.307    30192.331
 25  K3P           15359.186    73  30864.371    30868.945    31287.633
 26  K3P+I         14957.292    74  30062.585    30067.286    30491.645
 27  K3P+G4        14814.522    74  29777.044    29781.745    30206.104
 28  K3P+I+G4      14801.982    75  29753.964    29758.795    30188.823
 29  K3Pu+F        15369.910    76  30891.820    30896.781    31332.476
 30  K3Pu+F+I      14956.466    77  30066.932    30072.026    30513.386
 31  K3Pu+F+G4     14812.387    77  29778.773    29783.868    30225.228
 32  K3Pu+F+I+G4   14799.298    78  29754.595    29759.824    30206.848
 33  TPM2+F        15371.204    76  30894.408    30899.370    31335.065
 34  TPM2+F+I      14959.025    77  30072.050    30077.144    30518.505
 35  TPM2+F+G4     14814.743    77  29783.487    29788.581    30229.942
 36  TPM2+F+I+G4   14801.658    78  29759.316    29764.545    30211.569
 37  TPM2u+F       15371.204    76  30894.408    30899.369    31335.065
 38  TPM2u+F+I     14959.026    77  30072.052    30077.146    30518.507
 39  TPM2u+F+G4    14814.744    77  29783.487    29788.581    30229.942
 40  TPM2u+F+I+G4  14801.654    78  29759.307    29764.536    30211.560
 41  TPM3+F        15370.479    76  30892.958    30897.919    31333.614
 42  TPM3+F+I      14958.961    77  30071.921    30077.016    30518.376
 43  TPM3+F+G4     14814.742    77  29783.484    29788.578    30229.939
 44  TPM3+F+I+G4   14801.648    78  29759.297    29764.525    30211.549
 45  TPM3u+F       15370.479    76  30892.958    30897.919    31333.614
 46  TPM3u+F+I     14958.961    77  30071.921    30077.016    30518.376
 47  TPM3u+F+G4    14814.742    77  29783.484    29788.578    30229.939
 48  TPM3u+F+I+G4  14801.645    78  29759.289    29764.518    30211.542
 49  TIMe          15347.713    74  30843.426    30848.127    31272.486
 50  TIMe+I        14955.047    75  30060.094    30064.925    30494.953
 51  TIMe+G4       14812.175    75  29774.350    29779.181    30209.209
 52  TIMe+I+G4     14799.893    76  29751.785    29756.747    30192.442
 53  TIM+F         15345.219    77  30844.439    30849.533    31290.893
 54  TIM+F+I       14945.767    78  30047.534    30052.763    30499.787
 55  TIM+F+G4      14802.090    78  29760.181    29765.409    30212.433
 56  TIM+F+I+G4    14789.554    79  29737.108    29742.473    30195.159
 57  TIM2e         15349.484    74  30846.968    30851.669    31276.028
 58  TIM2e+I       14957.417    75  30064.833    30069.664    30499.692
 59  TIM2e+G4      14814.376    75  29778.752    29783.582    30213.610
 60  TIM2e+I+G4    14802.029    76  29756.057    29761.018    30196.714
 61  TIM2+F        15346.527    77  30847.055    30852.149    31293.510
 62  TIM2+F+I      14948.323    78  30052.646    30057.875    30504.899
 63  TIM2+F+G4     14804.489    78  29764.978    29770.207    30217.231
 64  TIM2+F+I+G4   14791.945    79  29741.890    29747.255    30199.941
 65  TIM3e         15345.056    74  30838.113    30842.814    31267.173
 66  TIM3e+I       14955.677    75  30061.354    30066.185    30496.213
 67  TIM3e+G4      14812.291    75  29774.583    29779.413    30209.441
 68  TIM3e+I+G4    14800.136    76  29752.273    29757.234    30192.930
 69  TIM3+F        15345.788    77  30845.577    30850.671    31292.031
 70  TIM3+F+I      14948.272    78  30052.545    30057.773    30504.798
 71  TIM3+F+G4     14804.475    78  29764.950    29770.178    30217.203
 72  TIM3+F+I+G4   14791.933    79  29741.866    29747.232    30199.917
 73  TVMe          15352.706    75  30855.412    30860.242    31290.270
 74  TVMe+I        14955.191    76  30062.382    30067.343    30503.039
 75  TVMe+G4       14812.184    76  29776.368    29781.330    30217.025
 76  TVMe+I+G4     14799.718    77  29753.436    29758.530    30199.891
 77  TVM+F         15366.378    78  30888.756    30893.985    31341.009
 78  TVM+F+I       14956.215    79  30070.429    30075.794    30528.480
 79  TVM+F+G4      14812.214    79  29782.429    29787.794    30240.480
 80  TVM+F+I+G4    14799.144    80  29758.287    29763.790    30222.136
 81  SYM           15341.232    76  30834.464    30839.426    31275.121
 82  SYM+I         14952.935    77  30059.871    30064.965    30506.326
 83  SYM+G4        14809.690    77  29773.380    29778.474    30219.835
 84  SYM+I+G4      14797.521    78  29751.043    29756.272    30203.296
 85  GTR+F         15341.669    79  30841.339    30846.704    31299.389
 86  GTR+F+I       14945.490    80  30050.979    30056.482    30514.828
 87  GTR+F+G4      14801.942    80  29763.884    29769.387    30227.733
 88  GTR+F+I+G4    14789.431    81  29740.862    29746.505    30210.509
Akaike Information Criterion:           TIM+F+I+G4
Corrected Akaike Information Criterion: TIM+F+I+G4
Bayesian Information Criterion:         K2P+I+G4
Best-fit model: K2P+I+G4 chosen according to BIC

All model information printed to 1_set246.model.gz
CPU time for ModelFinder: 46.558 seconds (0h:0m:46s)
Wall-clock time for ModelFinder: 26.443 seconds (0h:0m:26s)
Generating 1000 samples for ultrafast bootstrap (seed: 519872)...

NOTE: 9 MB RAM (0 GB) is required!
Measuring multi-threading efficiency up to 8 CPU cores
Increase to 10 rounds for branch lengths
73 trees examined
Threads: 1 / Time: 8.096 sec / Speedup: 1.000 / Efficiency: 100% / LogL: -21930
Threads: 2 / Time: 5.819 sec / Speedup: 1.391 / Efficiency: 70% / LogL: -21930
Threads: 3 / Time: 5.793 sec / Speedup: 1.398 / Efficiency: 47% / LogL: -21930
BEST NUMBER OF THREADS: 2

Estimate model parameters (epsilon = 0.100)
Thoroughly optimizing +I+G parameters from 10 start values...
Init pinv, alpha: 0.000, 1.000 / Estimate: 0.000, 0.468 / LogL: -14816.792
Init pinv, alpha: 0.064, 1.000 / Estimate: 0.164, 0.648 / LogL: -14806.194
Init pinv, alpha: 0.127, 1.000 / Estimate: 0.165, 0.649 / LogL: -14806.155
Init pinv, alpha: 0.191, 1.000 / Estimate: 0.196, 0.700 / LogL: -14805.026
Init pinv, alpha: 0.254, 1.000 / Estimate: 0.254, 0.817 / LogL: -14804.162
Init pinv, alpha: 0.318, 1.000 / Estimate: 0.293, 0.921 / LogL: -14804.788
Init pinv, alpha: 0.381, 1.000 / Estimate: 0.293, 0.920 / LogL: -14804.771
Init pinv, alpha: 0.445, 1.000 / Estimate: 0.293, 0.919 / LogL: -14804.766
Init pinv, alpha: 0.509, 1.000 / Estimate: 0.293, 0.922 / LogL: -14804.790
Init pinv, alpha: 0.572, 1.000 / Estimate: 0.293, 0.920 / LogL: -14804.770
Optimal pinv,alpha: 0.254, 0.817 / LogL: -14804.162

Parameters optimization took 4.967 sec
Computing ML distances based on estimated model parameters... 0.030 sec
Computing BIONJ tree...
0.002 seconds
Log-likelihood of BIONJ tree: -14837.631
--------------------------------------------------------------------
|             INITIALIZING CANDIDATE TREE SET                      |
--------------------------------------------------------------------
Generating 98 parsimony trees... 0.635 second
Computing log-likelihood of 98 initial trees ... 1.833 seconds
Current best score: -14802.366

Do NNI search on 20 best initial trees
Estimate model parameters (epsilon = 0.100)
BETTER TREE FOUND at iteration 1: -14801.524
Iteration 10 / LogL: -14801.984 / Time: 0h:0m:55s
Iteration 20 / LogL: -14801.532 / Time: 0h:0m:57s
Finish initializing candidate tree set (3)
Current best tree score: -14801.524 / CPU time: 6.597
Number of iterations: 20
--------------------------------------------------------------------
|               OPTIMIZING CANDIDATE TREE SET                      |
--------------------------------------------------------------------
Iteration 30 / LogL: -14801.538 / Time: 0h:1m:0s (0h:1m:22s left)
Iteration 40 / LogL: -14805.417 / Time: 0h:1m:2s (0h:0m:55s left)
Iteration 50 / LogL: -14802.418 / Time: 0h:1m:4s (0h:0m:39s left)
Log-likelihood cutoff on original alignment: -14852.285
UPDATE BEST LOG-LIKELIHOOD: -14801.524
Iteration 60 / LogL: -14801.872 / Time: 0h:1m:6s (0h:0m:27s left)
Iteration 70 / LogL: -14801.648 / Time: 0h:1m:8s (0h:0m:18s left)
Iteration 80 / LogL: -14801.681 / Time: 0h:1m:10s (0h:0m:11s left)
Iteration 90 / LogL: -14801.719 / Time: 0h:1m:12s (0h:0m:5s left)
Iteration 100 / LogL: -14801.553 / Time: 0h:1m:15s (0h:0m:0s left)
Log-likelihood cutoff on original alignment: -14852.285
NOTE: Bootstrap correlation coefficient of split occurrence frequencies: 1.000
TREE SEARCH COMPLETED AFTER 102 ITERATIONS / Time: 0h:1m:15s

--------------------------------------------------------------------
|                    FINALIZING TREE SEARCH                        |
--------------------------------------------------------------------
Performs final model parameters optimization
Estimate model parameters (epsilon = 0.010)
1. Initial log-likelihood: -14801.524
Optimal log-likelihood: -14801.523
Rate parameters:  A-C: 1.00000  A-G: 6.10808  A-T: 1.00000  C-G: 1.00000  C-T: 6.10808  G-T: 1.00000
Base frequencies:  A: 0.250  C: 0.250  G: 0.250  T: 0.250
Proportion of invariable sites: 0.254
Gamma shape alpha: 0.817
Parameters optimization took 1 rounds (0.038 sec)
BEST SCORE FOUND : -14801.523
Creating bootstrap support values...
Split supports printed to NEXUS file 1_set246.splits.nex
Total tree length: 1.177

Total number of iterations: 102
CPU time used for tree search: 43.984 sec (0h:0m:43s)
Wall-clock time used for tree search: 24.538 sec (0h:0m:24s)
Total CPU time used: 130.881 sec (0h:2m:10s)
Total wall-clock time used: 76.029 sec (0h:1m:16s)

Computing bootstrap consensus tree...
Reading input file 1_set246.splits.nex...
37 taxa and 144 splits.
Consensus tree written to 1_set246.contree
Reading input trees file 1_set246.contree
Log-likelihood of consensus tree: -14801.524

Analysis results written to: 
  IQ-TREE report:                1_set246.iqtree
  Maximum-likelihood tree:       1_set246.treefile
  Likelihood distances:          1_set246.mldist

Ultrafast bootstrap approximation results written to:
  Split support values:          1_set246.splits.nex
  Consensus tree:                1_set246.contree
  Screen log file:               1_set246.log

Date and Time: Fri Jul 27 18:46:36 2018
