IQ-TREE multicore version 1.6.3 for Mac OS X 64-bit built Mar 22 2018
Developed by Bui Quang Minh, Nguyen Lam Tung, Olga Chernomor,
Heiko Schmidt, Dominik Schrempf, Michael Woodhams.

Host:    meeps-mac-pro.staff.sydney.edu.au (AVX, 64 GB RAM)
Command: /Users/davidduchene/Desktop/Software/iqtree-1.6.3-MacOSX/bin/iqtree -s ../../../../marsupials/set288.fasta -m TEST -bb 1000 -nt AUTO -pre 1_set288
Seed:    934584 (Using SPRNG - Scalable Parallel Random Number Generator)
Time:    Fri Jul 27 19:36:56 2018
Kernel:  AVX - auto-detect threads (8 CPU cores detected)

Reading alignment file ../../../../marsupials/set288.fasta ... Fasta format detected
Alignment most likely contains DNA/RNA sequences
Alignment has 35 sequences with 2844 columns, 943 distinct patterns
583 parsimony-informative, 352 singleton sites, 1909 constant sites
                                              Gap/Ambiguity  Composition  p-value
   1  Burramyidae_Burramys_parvus                     0.95%    passed     99.73%
   2  Notoryctidae_Notoryctes_typhlops                2.11%    passed     38.87%
   3  Vombatidae_Lasiorhinus_latifrons                0.00%    passed     97.06%
   4  Potoroidae_Bettongia_penicillata                0.14%    passed     98.51%
   5  Potoroidae_Bettongia_lesueur                    0.46%    passed     98.05%
   6  Dasyuridae_Dasyurus_maculatus                   0.00%    passed     95.49%
   7  Phalangeridae_Trichosurus_vulpecula             0.11%    passed     98.36%
   8  Phalangeridae_Spilocuscus_maculatus             0.56%    passed     94.77%
   9  Potoroidae_Aepyprymnus_rufescens                7.10%    passed     77.25%
  10  Peramelidae_Perameles_nasuta                    0.70%    passed     97.88%
  11  Phalangeridae_Strigocuscus_pelengensis          4.01%    passed     95.89%
  12  Dasyuridae_Phascogale_tapoatafa                 0.04%    passed     90.50%
  13  Dasyuridae_Sminthopsis_macroura                24.30%    passed     10.65%
  14  Phalangeridae_Phalanger_orientalis              0.32%    passed     97.80%
  15  Acrobatidae_Acrobates_pygmaeus                  0.42%    passed     89.74%
  16  Dasyuridae_Phascogale_calura                   24.26%    passed      6.05%
  17  Dasyuridae_Sarcophilus_harrisii                24.26%    passed      5.87%
  18  Dasyuridae_Planigale_tenuirostris              24.47%    failed      0.24%
  19  Peramelidae_Echymipera_kalubu                   0.18%    passed     94.68%
  20  Macropodidae_Dorcopsulus_vanheurni              0.00%    passed     83.39%
  21  Pseudochiridae_Pseudochirulus_forbesi           0.00%    passed     95.79%
  22  Didelphidae_Didelphis_virginiana                0.32%    passed     93.47%
  23  Marmosidae_Monodelphis_domestica                0.21%    passed     84.84%
  24  Dasyuridae_Antechinus_stuartii                  0.70%    passed     96.83%
  25  Hypsiprymnodontidae_Hypsiprymnodon_moschatus    0.07%    passed     89.60%
  26  Microbiotheriidae_Dromiciops_gliroides          2.43%    passed     93.27%
  27  Pseudochiridae_Petauroides_volans               2.04%    passed     95.54%
  28  Macropodidae_Wallabia_bicolor                   0.39%    passed     87.25%
  29  Pseudochiridae_Pseudocheirus_occidentalis       0.91%    passed     97.82%
  30  Tarsipedidae_Tarsipes_rostratus                 1.16%    passed     93.03%
  31  Acrobatidae_Distoechurus_pennatus               0.25%    passed     99.59%
  32  Phalangeridae_Phalanger_carmelitae              0.18%    passed     96.87%
  33  Peramelidae_Peroryctes_raffrayana               0.46%    passed     88.68%
  34  Dasyuridae_Dasyurus_geffroii                    0.04%    passed     91.08%
  35  Peramelidae_Perameles_gunnii                    0.25%    passed     97.00%
****  TOTAL                                           3.54%  1 sequences failed composition chi2 test (p-value<5%; df=3)


Create initial parsimony tree by phylogenetic likelihood library (PLL)... 0.004 seconds
NOTE: ModelFinder requires 7 MB RAM!
ModelFinder will test 88 DNA models (sample size: 2844) ...
 No. Model         -LnL         df  AIC          AICc         BIC
Measuring multi-threading efficiency up to 8 CPU cores
Increase to 10 rounds for branch lengths
322 trees examined
Threads: 1 / Time: 8.010 sec / Speedup: 1.000 / Efficiency: 100% / LogL: -23353
Threads: 2 / Time: 5.589 sec / Speedup: 1.433 / Efficiency: 72% / LogL: -23353
Threads: 3 / Time: 5.072 sec / Speedup: 1.579 / Efficiency: 53% / LogL: -23353
Threads: 4 / Time: 4.774 sec / Speedup: 1.678 / Efficiency: 42% / LogL: -23353
BEST NUMBER OF THREADS: 3

  1  JC            15712.708    67  31559.416    31562.699    31958.265
  2  JC+I          15197.964    68  30531.927    30535.309    30936.729
  3  JC+G4         15133.709    68  30403.417    30406.799    30808.219
  4  JC+I+G4       15114.930    69  30367.861    30371.343    30778.616
  5  F81+F         15708.503    70  31557.007    31560.591    31973.714
  6  F81+F+I       15191.011    71  30524.023    30527.711    30946.683
  7  F81+F+G4      15126.337    71  30394.674    30398.362    30817.335
  8  F81+F+I+G4    15107.547    72  30359.093    30362.887    30787.707
  9  K2P           15079.803    68  30295.607    30298.988    30700.408
 10  K2P+I         14549.347    69  29236.694    29240.176    29647.448
 11  K2P+G4        14479.733    69  29097.466    29100.948    29508.221
 12  K2P+I+G4      14458.046    70  29056.092    29059.676    29472.799
 13  HKY+F         15075.762    71  30293.525    30297.213    30716.185
 14  HKY+F+I       14542.586    72  29229.172    29232.965    29657.785
 15  HKY+F+G4      14472.380    72  29088.760    29092.553    29517.374
 16  HKY+F+I+G4    14450.671    73  29047.342    29051.242    29481.908
 17  TNe           15079.637    69  30297.274    30300.756    30708.028
 18  TNe+I         14548.757    70  29237.514    29241.098    29654.221
 19  TNe+G4        14478.611    70  29097.222    29100.806    29513.930
 20  TNe+I+G4      14456.713    71  29055.427    29059.115    29478.087
 21  TN+F          15075.448    72  30294.896    30298.690    30723.510
 22  TN+F+I        14540.138    73  29226.277    29230.177    29660.843
 23  TN+F+G4       14468.974    73  29083.947    29087.848    29518.514
 24  TN+F+I+G4     14447.074    74  29042.147    29046.156    29482.667
 25  K3P           15073.746    69  30285.493    30288.975    30696.247
 26  K3P+I         14543.154    70  29226.308    29229.893    29643.016
 27  K3P+G4        14473.572    70  29087.144    29090.728    29503.851
 28  K3P+I+G4      14451.524    71  29045.049    29048.737    29467.709
 29  K3Pu+F        15069.870    72  30283.740    30287.533    30712.353
 30  K3Pu+F+I      14536.638    73  29219.277    29223.177    29653.843
 31  K3Pu+F+G4     14466.510    73  29079.021    29082.921    29513.587
 32  K3Pu+F+I+G4   14444.484    74  29036.967    29040.976    29477.487
 33  TPM2+F        15071.895    72  30287.790    30291.584    30716.404
 34  TPM2+F+I      14537.297    73  29220.595    29224.495    29655.161
 35  TPM2+F+G4     14466.737    73  29079.473    29083.374    29514.040
 36  TPM2+F+I+G4   14444.282    74  29036.565    29040.573    29477.084
 37  TPM2u+F       15071.895    72  30287.790    30291.583    30716.404
 38  TPM2u+F+I     14537.297    73  29220.594    29224.495    29655.161
 39  TPM2u+F+G4    14466.737    73  29079.473    29083.373    29514.040
 40  TPM2u+F+I+G4  14444.218    74  29036.435    29040.444    29476.955
 41  TPM3+F        15070.720    72  30285.439    30289.233    30714.053
 42  TPM3+F+I      14540.593    73  29227.186    29231.086    29661.752
 43  TPM3+F+G4     14470.733    73  29087.467    29091.367    29522.033
 44  TPM3+F+I+G4   14448.379    74  29044.758    29048.766    29485.277
 45  TPM3u+F       15070.719    72  30285.439    30289.232    30714.052
 46  TPM3u+F+I     14540.594    73  29227.188    29231.088    29661.754
 47  TPM3u+F+G4    14470.733    73  29087.465    29091.366    29522.032
 48  TPM3u+F+I+G4  14448.331    74  29044.662    29048.670    29485.181
 49  TIMe          15073.576    70  30287.152    30290.737    30703.860
 50  TIMe+I        14542.568    71  29227.136    29230.824    29649.797
 51  TIMe+G4       14472.466    71  29086.932    29090.620    29509.592
 52  TIMe+I+G4     14450.097    72  29044.195    29047.988    29472.808
 53  TIM+F         15069.558    73  30285.115    30289.016    30719.682
 54  TIM+F+I       14534.198    74  29216.396    29220.405    29656.916
 55  TIM+F+G4      14463.112    74  29074.223    29078.232    29514.743
 56  TIM+F+I+G4    14440.839    75  29031.677    29035.796    29478.150
 57  TIM2e         15074.410    70  30288.821    30292.405    30705.528
 58  TIM2e+I       14541.539    71  29225.077    29228.765    29647.738
 59  TIM2e+G4      14470.675    71  29083.350    29087.039    29506.011
 60  TIM2e+I+G4    14447.839    72  29039.679    29043.472    29468.292
 61  TIM2+F        15071.578    73  30289.156    30293.056    30723.722
 62  TIM2+F+I      14534.832    74  29217.664    29221.673    29658.184
 63  TIM2+F+G4     14463.354    74  29074.708    29078.717    29515.228
 64  TIM2+F+I+G4   14440.683    75  29031.367    29035.485    29477.839
 65  TIM3e         15072.396    70  30284.791    30288.376    30701.499
 66  TIM3e+I       14545.107    71  29232.215    29235.903    29654.875
 67  TIM3e+G4      14475.149    71  29092.299    29095.987    29514.959
 68  TIM3e+I+G4    14452.481    72  29048.963    29052.756    29477.577
 69  TIM3+F        15070.413    73  30286.825    30290.725    30721.392
 70  TIM3+F+I      14538.134    74  29224.268    29228.277    29664.788
 71  TIM3+F+G4     14467.350    74  29082.701    29086.710    29523.220
 72  TIM3+F+I+G4   14444.877    75  29039.753    29043.872    29486.226
 73  TVMe          15063.191    71  30268.381    30272.070    30691.042
 74  TVMe+I        14534.359    72  29212.718    29216.512    29641.332
 75  TVMe+G4       14464.306    72  29072.613    29076.406    29501.226
 76  TVMe+I+G4     14441.285    73  29028.570    29032.470    29463.136
 77  TVM+F         15062.757    74  30273.515    30277.523    30714.034
 78  TVM+F+I       14531.224    75  29212.449    29216.567    29658.921
 79  TVM+F+G4      14461.131    75  29072.263    29076.381    29518.735
 80  TVM+F+I+G4    14438.342    76  29028.684    29032.914    29481.110
 81  SYM           15063.024    72  30270.048    30273.841    30698.661
 82  SYM+I         14533.758    73  29213.517    29217.417    29648.083
 83  SYM+G4        14463.205    73  29072.409    29076.310    29506.976
 84  SYM+I+G4      14440.280    74  29028.559    29032.568    29469.079
 85  GTR+F         15062.449    75  30274.899    30279.017    30721.371
 86  GTR+F+I       14528.753    76  29209.505    29213.735    29661.931
 87  GTR+F+G4      14457.754    76  29067.508    29071.738    29519.933
 88  GTR+F+I+G4    14435.088    77  29024.176    29028.518    29482.554
Akaike Information Criterion:           GTR+F+I+G4
Corrected Akaike Information Criterion: GTR+F+I+G4
Bayesian Information Criterion:         TVMe+I+G4
Best-fit model: TVMe+I+G4 chosen according to BIC

All model information printed to 1_set288.model.gz
CPU time for ModelFinder: 58.562 seconds (0h:0m:58s)
Wall-clock time for ModelFinder: 27.275 seconds (0h:0m:27s)
Generating 1000 samples for ultrafast bootstrap (seed: 934584)...

NOTE: 7 MB RAM (0 GB) is required!
Measuring multi-threading efficiency up to 8 CPU cores
Increase to 10 rounds for branch lengths
89 trees examined
Threads: 1 / Time: 8.030 sec / Speedup: 1.000 / Efficiency: 100% / LogL: -20744
Threads: 2 / Time: 5.027 sec / Speedup: 1.597 / Efficiency: 80% / LogL: -20744
Threads: 3 / Time: 4.478 sec / Speedup: 1.793 / Efficiency: 60% / LogL: -20744
Threads: 4 / Time: 4.254 sec / Speedup: 1.888 / Efficiency: 47% / LogL: -20744
BEST NUMBER OF THREADS: 3

Estimate model parameters (epsilon = 0.100)
Thoroughly optimizing +I+G parameters from 10 start values...
Init pinv, alpha: 0.000, 1.000 / Estimate: 0.000, 0.311 / LogL: -14464.299
Init pinv, alpha: 0.075, 1.000 / Estimate: 0.336, 0.666 / LogL: -14442.848
Init pinv, alpha: 0.149, 1.000 / Estimate: 0.336, 0.666 / LogL: -14442.841
Init pinv, alpha: 0.224, 1.000 / Estimate: 0.335, 0.662 / LogL: -14442.910
Init pinv, alpha: 0.298, 1.000 / Estimate: 0.335, 0.664 / LogL: -14442.881
Init pinv, alpha: 0.373, 1.000 / Estimate: 0.380, 0.771 / LogL: -14441.601
Init pinv, alpha: 0.447, 1.000 / Estimate: 0.446, 1.006 / LogL: -14441.526
Init pinv, alpha: 0.522, 1.000 / Estimate: 0.457, 1.061 / LogL: -14441.848
Init pinv, alpha: 0.597, 1.000 / Estimate: 0.457, 1.059 / LogL: -14441.834
Init pinv, alpha: 0.671, 1.000 / Estimate: 0.457, 1.063 / LogL: -14441.856
Optimal pinv,alpha: 0.446, 1.006 / LogL: -14441.526

Parameters optimization took 6.589 sec
Computing ML distances based on estimated model parameters... 0.031 sec
Computing BIONJ tree...
0.002 seconds
Log-likelihood of BIONJ tree: -14430.372
--------------------------------------------------------------------
|             INITIALIZING CANDIDATE TREE SET                      |
--------------------------------------------------------------------
Generating 98 parsimony trees... 0.600 second
Computing log-likelihood of 98 initial trees ... 1.219 seconds
Current best score: -14428.123

Do NNI search on 20 best initial trees
Estimate model parameters (epsilon = 0.100)
BETTER TREE FOUND at iteration 1: -14426.003
UPDATE BEST LOG-LIKELIHOOD: -14426.002
Iteration 10 / LogL: -14426.002 / Time: 0h:0m:58s
Iteration 20 / LogL: -14426.006 / Time: 0h:1m:0s
Finish initializing candidate tree set (4)
Current best tree score: -14426.002 / CPU time: 4.630
Number of iterations: 20
--------------------------------------------------------------------
|               OPTIMIZING CANDIDATE TREE SET                      |
--------------------------------------------------------------------
Iteration 30 / LogL: -14426.007 / Time: 0h:1m:2s (0h:1m:25s left)
Iteration 40 / LogL: -14426.003 / Time: 0h:1m:3s (0h:0m:57s left)
Iteration 50 / LogL: -14437.887 / Time: 0h:1m:5s (0h:0m:39s left)
Log-likelihood cutoff on original alignment: -14462.864
Iteration 60 / LogL: -14426.158 / Time: 0h:1m:7s (0h:0m:27s left)
Iteration 70 / LogL: -14442.940 / Time: 0h:1m:9s (0h:0m:18s left)
Iteration 80 / LogL: -14426.003 / Time: 0h:1m:11s (0h:0m:11s left)
Iteration 90 / LogL: -14438.090 / Time: 0h:1m:12s (0h:0m:5s left)
Iteration 100 / LogL: -14426.008 / Time: 0h:1m:14s (0h:0m:0s left)
Log-likelihood cutoff on original alignment: -14462.877
NOTE: Bootstrap correlation coefficient of split occurrence frequencies: 0.999
TREE SEARCH COMPLETED AFTER 102 ITERATIONS / Time: 0h:1m:15s

--------------------------------------------------------------------
|                    FINALIZING TREE SEARCH                        |
--------------------------------------------------------------------
Performs final model parameters optimization
Estimate model parameters (epsilon = 0.010)
1. Initial log-likelihood: -14426.002
2. Current log-likelihood: -14425.964
3. Current log-likelihood: -14425.933
4. Current log-likelihood: -14425.905
5. Current log-likelihood: -14425.879
6. Current log-likelihood: -14425.857
7. Current log-likelihood: -14425.838
8. Current log-likelihood: -14425.821
9. Current log-likelihood: -14425.805
10. Current log-likelihood: -14425.792
11. Current log-likelihood: -14425.780
12. Current log-likelihood: -14425.769
Optimal log-likelihood: -14425.759
Rate parameters:  A-C: 1.72959  A-G: 7.02368  A-T: 1.00865  C-G: 0.89962  C-T: 7.02368  G-T: 1.00000
Base frequencies:  A: 0.250  C: 0.250  G: 0.250  T: 0.250
Proportion of invariable sites: 0.429
Gamma shape alpha: 0.937
Parameters optimization took 12 rounds (0.292 sec)
BEST SCORE FOUND : -14425.759
Creating bootstrap support values...
Split supports printed to NEXUS file 1_set288.splits.nex
Total tree length: 0.779

Total number of iterations: 102
CPU time used for tree search: 45.349 sec (0h:0m:45s)
Wall-clock time used for tree search: 19.260 sec (0h:0m:19s)
Total CPU time used: 163.645 sec (0h:2m:43s)
Total wall-clock time used: 75.535 sec (0h:1m:15s)

Computing bootstrap consensus tree...
Reading input file 1_set288.splits.nex...
35 taxa and 154 splits.
Consensus tree written to 1_set288.contree
Reading input trees file 1_set288.contree
Log-likelihood of consensus tree: -14425.758

Analysis results written to: 
  IQ-TREE report:                1_set288.iqtree
  Maximum-likelihood tree:       1_set288.treefile
  Likelihood distances:          1_set288.mldist

Ultrafast bootstrap approximation results written to:
  Split support values:          1_set288.splits.nex
  Consensus tree:                1_set288.contree
  Screen log file:               1_set288.log

Date and Time: Fri Jul 27 19:38:12 2018
