IQ-TREE multicore version 1.6.7 for Mac OS X 64-bit built Aug 23 2018
Developed by Bui Quang Minh, Nguyen Lam Tung, Olga Chernomor,
Heiko Schmidt, Dominik Schrempf, Michael Woodhams.

Host:    meeps-mac-pro.staff.sydney.edu.au (AVX, 64 GB RAM)
Command: /Users/davidduchene/Desktop/Software/iqtree-1.6.7-MacOSX/bin/iqtree -s ../../../../marsupials/set122.fasta -m TESTMERGE -bb 1000 -spp ../../../../marsupials/set122.nex -nt AUTO -pre 4_set122
Seed:    132463 (Using SPRNG - Scalable Parallel Random Number Generator)
Time:    Fri Sep  7 11:16:28 2018
Kernel:  AVX - auto-detect threads (8 CPU cores detected)

Reading partition model file ../../../../marsupials/set122.nex ...
Reading alignment file ../../../../marsupials/set122.fasta ... Fasta format detected
Alignment most likely contains DNA/RNA sequences
Alignment has 35 sequences with 2436 columns, 651 distinct patterns
308 parsimony-informative, 323 singleton sites, 1805 constant sites
                                              Gap/Ambiguity  Composition  p-value
   1  Burramyidae_Burramys_parvus                     0.99%    passed     99.65%
   2  Notoryctidae_Notoryctes_typhlops                2.75%    passed     45.42%
   3  Vombatidae_Lasiorhinus_latifrons                0.53%    passed     98.91%
   4  Potoroidae_Bettongia_penicillata                0.94%    passed     94.93%
   5  Potoroidae_Bettongia_lesueur                    0.49%    passed     94.39%
   6  Dasyuridae_Dasyurus_maculatus                   0.08%    passed     99.89%
   7  Phalangeridae_Trichosurus_vulpecula             0.12%    passed     97.79%
   8  Phalangeridae_Spilocuscus_maculatus            11.21%    passed     78.91%
   9  Potoroidae_Aepyprymnus_rufescens                1.35%    passed     95.94%
  10  Peramelidae_Perameles_nasuta                    2.75%    passed     95.67%
  11  Phalangeridae_Strigocuscus_pelengensis          1.35%    passed     98.67%
  12  Dasyuridae_Phascogale_tapoatafa                 0.12%    passed     99.96%
  13  Dasyuridae_Sminthopsis_macroura                 0.08%    passed     99.69%
  14  Phalangeridae_Phalanger_orientalis             10.30%    passed     75.87%
  15  Acrobatidae_Acrobates_pygmaeus                  0.86%    passed     97.27%
  16  Dasyuridae_Phascogale_calura                    0.16%    passed     99.55%
  17  Dasyuridae_Sarcophilus_harrisii                 0.12%    passed     99.86%
  18  Dasyuridae_Planigale_tenuirostris               9.15%    passed     99.14%
  19  Peramelidae_Echymipera_kalubu                   5.54%    passed     60.21%
  20  Macropodidae_Dorcopsulus_vanheurni              0.82%    passed     94.23%
  21  Pseudochiridae_Pseudochirulus_forbesi           0.29%    passed     99.97%
  22  Didelphidae_Didelphis_virginiana                0.66%    passed     64.92%
  23  Marmosidae_Monodelphis_domestica                1.11%    passed     98.85%
  24  Dasyuridae_Antechinus_stuartii                  0.70%    passed     99.97%
  25  Hypsiprymnodontidae_Hypsiprymnodon_moschatus    0.08%    passed     95.96%
  26  Microbiotheriidae_Dromiciops_gliroides          1.64%    passed     98.69%
  27  Pseudochiridae_Petauroides_volans               0.41%    passed     99.18%
  28  Macropodidae_Wallabia_bicolor                   0.70%    passed     98.60%
  29  Pseudochiridae_Pseudocheirus_occidentalis       1.85%    passed     96.41%
  30  Tarsipedidae_Tarsipes_rostratus                 0.90%    passed     99.25%
  31  Acrobatidae_Distoechurus_pennatus               0.21%    passed     97.83%
  32  Phalangeridae_Phalanger_carmelitae             10.26%    passed     76.48%
  33  Peramelidae_Peroryctes_raffrayana               6.90%    passed     97.18%
  34  Dasyuridae_Dasyurus_geffroii                    0.25%    passed     99.85%
  35  Peramelidae_Perameles_gunnii                    0.41%    passed     88.87%
****  TOTAL                                           2.17%  0 sequences failed composition chi2 test (p-value<5%; df=3)
NOTE: No CharPartition defined, use all CharSets

Loading 15 partitions...
Subset	Type	Seqs	Sites	Infor	Invar	Model	Name
1		35	209	8	194	TESTMERGE	part1.1
2		35	209	7	198	TESTMERGE	part1.2
3		35	209	46	133	TESTMERGE	part1.3
4		35	151	9	119	TESTMERGE	part2.1
5		35	151	3	126	TESTMERGE	part2.2
6		35	151	45	64	TESTMERGE	part2.3
7		35	112	4	101	TESTMERGE	part3.1
8		35	112	1	103	TESTMERGE	part3.2
9		35	112	32	59	TESTMERGE	part3.3
10		32	82	4	68	TESTMERGE	part4.1
11		32	82	2	71	TESTMERGE	part4.2
12		32	82	21	37	TESTMERGE	part4.3
13		35	258	20	203	TESTMERGE	part5.1
14		35	258	18	209	TESTMERGE	part5.2
15		35	258	88	120	TESTMERGE	part5.3
Degree of missing data: 0.009
Info: multi-threading strategy over partitions



Create initial parsimony tree by phylogenetic likelihood library (PLL)... 0.005 seconds
NOTE: ModelFinder requires 7 MB RAM!
NUMBER OF THREADS FOR PARTITION FINDING: 8
Testing GTR+F+G on supermatrix...
GTR+F+G4 / LnL: -9317.330 / df: 76 / AIC: 18786.660 / AICc: 18791.621 / BIC: 19227.316
Selecting individual models for 15 charsets using BIC...
 No. Model        Score       Charset
   1 F81+F+I      911.818     part1.1
   2 K2P+G4       1716.850    part5.1
   3 HKY+F+G4     1967.897    part2.3
   4 K3P+G4       1314.134    part3.3
   5 K2P          990.218     part4.3
   6 HKY+F+G4     1551.631    part5.2
   7 K2P          911.269     part2.1
   8 K2P          797.895     part2.2
   9 TN+F         380.478     part4.2
  10 JC           432.528     part4.1	0h:0m:15s (0h:5m:15s left)
  11 TNe          511.156     part3.1	0h:0m:15s (0h:4m:48s left)
  12 HKY+F+I      843.343     part1.2	0h:0m:16s (0h:4m:38s left)
  13 F81+F        467.690     part3.2	0h:0m:17s (0h:4m:19s left)
  14 HKY+F+I      2038.629    part1.3	0h:0m:17s (0h:4m:2s left)
  15 K2P+G4       3424.335    part5.3	0h:0m:17s (0h:3m:45s left)
Full partition model BIC score: 18935.443 (LnL: -8980.339  df:125)
Merging models to increase model fit (about 211 total partition schemes)...
  16 K2P+G4       18999.056   part5.2+part5.3	0h:0m:26s (0h:5m:20s left)
  17 HKY+F+G4     18912.978   part1.3+part2.3	0h:0m:27s (0h:5m:17s left)
  18 K2P+G4       18926.263   part4.3+part5.3	0h:0m:29s (0h:5m:17s left)
  19 TPM2+F+G4    18981.702   part5.1+part5.3	0h:0m:29s (0h:5m:0s left)
  20 K2P+G4       19056.665   part1.1+part5.3	0h:0m:30s (0h:4m:47s left)
  21 K2P+G4       18965.937   part1.3+part5.3	0h:0m:31s (0h:4m:42s left)
  22 K2P+G4       18913.694   part3.3+part5.3	0h:0m:31s (0h:4m:28s left)
  23 K2P+G4       18925.323   part2.3+part5.3	0h:0m:33s (0h:4m:29s left)
  24 K2P+G4       18967.215   part1.3+part5.1	0h:0m:38s (0h:4m:59s left)
  25 HKY+F+G4     19065.318   part1.2+part5.3	0h:0m:38s (0h:4m:49s left)
  26 TPM2u+F+G4   18991.521   part2.1+part5.3	0h:0m:41s (0h:4m:53s left)
  27 K2P+G4       19002.396   part2.2+part5.3	0h:0m:42s (0h:4m:48s left)
  28 K2P+G4       18971.901   part4.2+part5.3	0h:0m:44s (0h:4m:47s left)
  29 K3Pu+F+G4    18949.618   part1.3+part3.3	0h:0m:44s (0h:4m:38s left)
  30 TPM2u+F+G4   18992.868   part4.1+part5.3	0h:0m:46s (0h:4m:37s left)
  31 HKY+F+G4     18939.288   part1.3+part5.2	0h:0m:46s (0h:4m:29s left)
  32 HKY+F+I      19001.936   part1.1+part1.3	0h:0m:50s (0h:4m:42s left)
  33 K2P+G4       18971.569   part2.3+part5.1	0h:0m:51s (0h:4m:39s left)
  34 K2P+G4       18996.602   part3.1+part5.3	0h:0m:52s (0h:4m:31s left)
  35 HKY+F+G4     18980.615   part2.3+part5.2	0h:0m:53s (0h:4m:28s left)
  36 HKY+F+G4     18981.570   part1.3+part2.1	0h:0m:53s (0h:4m:21s left)
  37 K2P+G4       19006.644   part3.2+part5.3	0h:0m:54s (0h:4m:18s left)
  38 K3Pu+F+I     18929.687   part1.3+part4.3	0h:0m:55s (0h:4m:12s left)
  39 HKY+F+I      18985.720   part1.2+part1.3	0h:0m:57s (0h:4m:15s left)
  40 K2P+G4       18917.785   part2.3+part3.3	0h:1m:1s (0h:4m:23s left)
  41 HKY+F+G4     18909.952   part2.3+part4.3	0h:1m:3s (0h:4m:24s left)
  42 K2P+G4       19033.464   part1.1+part2.3	0h:1m:3s (0h:4m:17s left)
  43 K2P+G4       18972.616   part2.1+part2.3	0h:1m:4s (0h:4m:12s left)
  44 HKY+F+G4     19045.250   part1.2+part2.3	0h:1m:6s (0h:4m:11s left)
  45 K2P+G4       18911.641   part5.1+part5.2	0h:1m:6s (0h:4m:4s left)
  46 HKY+F+G4     18982.475   part1.3+part4.1	0h:1m:7s (0h:4m:3s left)
  47 TN+F+I       18970.013   part1.3+part2.2	0h:1m:8s (0h:3m:58s left)
  48 TN+F+G4      18989.800   part2.2+part2.3	0h:1m:13s (0h:4m:11s left)
  49 K2P+G4       18939.124   part3.3+part5.1	0h:1m:15s (0h:4m:9s left)
  50 K2P+G4       18950.935   part4.3+part5.1	0h:1m:16s (0h:4m:5s left)
  51 HKY+F+I      18971.685   part1.3+part3.1	0h:1m:16s (0h:4m:1s left)
  52 K2P+G4       18946.252   part3.3+part5.2	0h:1m:17s (0h:3m:55s left)
  53 HKY+F+G4     18960.925   part4.3+part5.2	0h:1m:17s (0h:3m:50s left)
  54 HKY+F+I      18926.550   part1.3+part4.2	0h:1m:19s (0h:3m:51s left)
  55 HKY+F+I      18945.362   part1.3+part3.2	0h:1m:22s (0h:3m:52s left)
  56 K2P+G4       18979.851   part2.3+part4.1	0h:1m:23s (0h:3m:51s left)
  57 HKY+F+G4     18938.384   part1.1+part5.1	0h:1m:24s (0h:3m:47s left)
  58 K2P+G4       18921.063   part2.1+part5.1	0h:1m:25s (0h:3m:46s left)
  59 HKY+F+I      18928.755   part1.1+part5.2	0h:1m:26s (0h:3m:43s left)
  60 HKY+F+G4     18949.852   part1.2+part5.1	0h:1m:26s (0h:3m:38s left)
  61 K3P+G4       18920.056   part3.3+part4.3	0h:1m:29s (0h:3m:40s left)
  62 HKY+F+G4     18957.939   part2.3+part4.2	0h:1m:30s (0h:3m:37s left)
  63 K2P+G4       18919.947   part2.1+part5.2	0h:1m:30s (0h:3m:32s left)
  64 HKY+F+G4     18913.722   part1.2+part5.2	0h:1m:30s (0h:3m:28s left)
  65 K2P+G4       18992.694   part2.3+part3.1	0h:1m:32s (0h:3m:28s left)
  66 K2P+G4       18924.853   part2.2+part5.1	0h:1m:33s (0h:3m:24s left)
  67 K3P+G4       18985.593   part1.1+part3.3	0h:1m:33s (0h:3m:21s left)
  68 K3P+G4       18950.300   part2.1+part3.3	0h:1m:35s (0h:3m:21s left)
  69 K2P+G4       18999.019   part1.2+part3.3	0h:1m:36s (0h:3m:18s left)
  70 HKY+F+G4     18983.342   part2.3+part3.2	0h:1m:36s (0h:3m:14s left)
  71 HKY+F+I      18924.308   part2.2+part5.2	0h:1m:36s (0h:3m:10s left)
  72 TNe+G4       18958.733   part2.1+part4.3	0h:1m:38s (0h:3m:9s left)
  73 TIMe+G4      18998.455   part1.1+part4.3	0h:1m:38s (0h:3m:5s left)
  74 HKY+F+G4     18938.322   part4.1+part5.1	0h:1m:38s (0h:3m:2s left)
  75 TPM2u+F+G4   19011.277   part1.2+part4.3	0h:1m:39s (0h:3m:0s left)
  76 TNe+G4       18932.770   part1.1+part2.1	0h:1m:42s (0h:3m:1s left)
  77 K3P+G4       18959.945   part2.2+part3.3	0h:1m:42s (0h:2m:57s left)
  78 K2P+G4       18932.477   part4.1+part5.2	0h:1m:42s (0h:2m:54s left)
  79 HKY+F+I      18915.398   part1.1+part1.2	0h:1m:43s (0h:2m:52s left)
  80 HKY+F+G4     18948.835   part1.2+part2.1	0h:1m:44s (0h:2m:50s left)
  81 K2P+G4       18921.537   part4.2+part5.1	0h:1m:45s (0h:2m:49s left)
  82 K3Pu+F+G4    18979.518   part2.2+part4.3	0h:1m:46s (0h:2m:46s left)
  83 K2P+G4       18960.476   part3.3+part4.1	0h:1m:48s (0h:2m:46s left)
  84 K3P+I        18926.530   part1.1+part2.2	0h:1m:50s (0h:2m:46s left)
  85 K2P+G4       18925.694   part3.1+part5.1	0h:1m:50s (0h:2m:43s left)
  86 TPM2u+F+I    18940.410   part1.2+part2.2	0h:1m:52s (0h:2m:43s left)
  87 K2P          18921.388   part2.1+part2.2	0h:1m:52s (0h:2m:40s left)
  88 HKY+F+G4     18905.297   part4.2+part5.2	0h:1m:53s (0h:2m:38s left)
  89 TN+F+G4      18926.944   part3.1+part5.2	0h:1m:54s (0h:2m:36s left)
  90 K2P+G4       18970.829   part4.1+part4.3	0h:1m:54s (0h:2m:34s left)
  91 K2P+G4       18929.951   part3.2+part5.1	0h:1m:55s (0h:2m:32s left)
  92 K3P+G4       18949.183   part3.3+part4.2	0h:1m:58s (0h:2m:32s left)
  93 HKY+F+G4     18914.411   part3.2+part5.2	0h:1m:58s (0h:2m:30s left)
  94 K2P          18927.848   part2.1+part4.1	0h:1m:58s (0h:2m:28s left)
  95 F81+F+I      18929.510   part1.1+part4.1	0h:1m:58s (0h:2m:25s left)
  96 K2P+I        18949.275   part1.2+part4.1	0h:1m:59s (0h:2m:22s left)
  97 K3Pu+F+G4    18965.431   part4.2+part4.3	0h:1m:59s (0h:2m:20s left)
  98 K3P+G4       18963.166   part3.1+part3.3	0h:2m:1s (0h:2m:20s left)
  99 K2P+G4       18968.950   part3.2+part3.3	0h:2m:3s (0h:2m:20s left)
 100 K2P          18920.261   part2.1+part4.2	0h:2m:5s (0h:2m:19s left)
 101 HKY+F+I      18926.528   part1.1+part4.2	0h:2m:7s (0h:2m:19s left)
 102 K2P          18926.308   part2.2+part4.1	0h:2m:8s (0h:2m:17s left)
 103 TN+F+I       18915.522   part1.1+part3.1	0h:2m:9s (0h:2m:16s left)
 104 HKY+F+I      18916.164   part1.2+part4.2	0h:2m:9s (0h:2m:13s left)
 105 HKY+F+G4     18981.946   part3.2+part4.3	0h:2m:9s (0h:2m:11s left)
 106 TNe+G4       18969.634   part3.1+part4.3	0h:2m:12s (0h:2m:11s left)
 107 TNe          18924.127   part2.1+part3.1	0h:2m:13s (0h:2m:9s left)
 108 HKY+F+I      18927.764   part1.2+part3.1	0h:2m:13s (0h:2m:7s left)
 109 K2P+I        18914.968   part1.1+part3.2	0h:2m:13s (0h:2m:5s left)
 110 K2P          18927.246   part2.1+part3.2	0h:2m:14s (0h:2m:3s left)
 111 K2P          18921.526   part2.2+part3.1	0h:2m:16s (0h:2m:2s left)
 112 TN+F         18923.316   part2.2+part4.2	0h:2m:16s (0h:2m:0s left)
 113 HKY+F+I      18912.034   part1.2+part3.2	0h:2m:16s (0h:1m:58s left)
 114 TNe          18921.332   part4.1+part4.2	0h:2m:18s (0h:1m:58s left)
 115 HKY+F        18925.195   part2.2+part3.2	0h:2m:18s (0h:1m:56s left)
 116 HKY+F        18935.078   part3.1+part4.1	0h:2m:20s (0h:1m:55s left)
 117 K2P          18926.481   part3.2+part4.1	0h:2m:20s (0h:1m:53s left)
 118 K2P          18914.103   part3.1+part4.2	0h:2m:21s (0h:1m:51s left)
 119 K2P          18915.187   part3.1+part3.2	0h:2m:21s (0h:1m:49s left)
 120 HKY+F        18905.576   part3.2+part4.2	0h:2m:21s (0h:1m:47s left)
Merging part4.2+part5.2 with BIC score: 18905.297 (LnL: -8988.661  df: 119)
 121 HKY+F+I      18902.758   part1.1+part4.2+part5.2	0h:2m:26s (0h:1m:49s left)
 122 K2P+G4       18896.827   part4.2+part5.1+part5.2	0h:2m:26s (0h:1m:47s left)
 123 HKY+F+G4     18941.602   part3.3+part4.2+part5.2	0h:2m:28s (0h:1m:46s left)
 124 HKY+F+G4     18938.585   part4.2+part4.3+part5.2	0h:2m:29s (0h:1m:44s left)
 125 HKY+F+G4     18966.804   part2.3+part4.2+part5.2	0h:2m:29s (0h:1m:43s left)
 126 HKY+F+G4     18885.063   part1.2+part4.2+part5.2	0h:2m:32s (0h:1m:42s left)
 127 K2P+G4       19007.576   part4.2+part5.2+part5.3	0h:2m:34s (0h:1m:42s left)
 128 HKY+F+G4     18903.307   part2.1+part4.2+part5.2	0h:2m:35s (0h:1m:40s left)
 129 HKY+F+G4     18916.170   part1.3+part4.2+part5.2	0h:2m:36s (0h:1m:39s left)
 130 HKY+F+I      18895.175   part2.2+part4.2+part5.2	0h:2m:36s (0h:1m:37s left)
 131 HKY+F+G4     18914.488   part4.1+part4.2+part5.2	0h:2m:36s (0h:1m:35s left)
 132 HKY+F+G4     18896.516   part3.1+part4.2+part5.2	0h:2m:37s (0h:1m:34s left)
 133 HKY+F+G4     18881.416   part3.2+part4.2+part5.2	0h:2m:37s (0h:1m:32s left)
Merging part2.3+part4.3 with BIC score: 18879.806 (LnL: -8983.713  df: 117)
 134 HKY+F+G4     19015.538   part1.2+part2.3+part4.3	0h:2m:44s (0h:1m:34s left)
 135 HKY+F+G4     18941.708   part2.2+part2.3+part4.3	0h:2m:45s (0h:1m:33s left)
 136 K2P+G4       18937.873   part2.3+part4.3+part5.1	0h:2m:45s (0h:1m:31s left)
 137 K2P+G4       18935.042   part2.1+part2.3+part4.3	0h:2m:45s (0h:1m:29s left)
 138 HKY+F+G4     18878.418   part2.3+part3.3+part4.3	0h:2m:45s (0h:1m:27s left)
 139 K2P+G4       19009.786   part1.1+part2.3+part4.3	0h:2m:46s (0h:1m:26s left)
 140 HKY+F+G4     18864.761   part1.3+part2.3+part4.3	0h:2m:49s (0h:1m:25s left)
 141 K2P+G4       18883.562   part2.3+part4.3+part5.3	0h:2m:50s (0h:1m:24s left)
 142 HKY+F+G4     18941.868   part2.3+part4.1+part4.3	0h:2m:51s (0h:1m:23s left)
 143 HKY+F+G4     18937.441   part2.3+part3.2+part4.3	0h:2m:51s (0h:1m:21s left)
 144 TN+F+G4      18959.808   part2.3+part3.1+part4.3	0h:2m:52s (0h:1m:20s left)
 145 HKY+F+G4     18963.923   part2.3+part4.2+part4.3+part5.2	0h:2m:53s (0h:1m:18s left)
Merging part3.2+part4.2+part5.2 with BIC score: 18855.925 (LnL: -8987.369  df: 113)
 146 HKY+F+G4     18858.034   part2.1+part3.2+part4.2+part5.2	0h:3m:4s (0h:1m:22s left)
 147 HKY+F+I      18854.295   part1.1+part3.2+part4.2+part5.2	0h:3m:4s (0h:1m:20s left)
 148 HKY+F+I      18844.443   part2.2+part3.2+part4.2+part5.2	0h:3m:5s (0h:1m:19s left)
 149 HKY+F+G4     18907.893   part3.2+part3.3+part4.2+part5.2	0h:3m:7s (0h:1m:17s left)
 150 HKY+F+G4     18834.298   part1.2+part3.2+part4.2+part5.2	0h:3m:8s (0h:1m:16s left)
 151 HKY+F+G4     18969.105   part2.3+part3.2+part4.2+part4.3+part5.2	0h:3m:9s (0h:1m:15s left)
 152 HKY+F+G4     18878.604   part1.3+part3.2+part4.2+part5.2	0h:3m:14s (0h:1m:15s left)
 153 HKY+F+G4     19006.544   part3.2+part4.2+part5.2+part5.3	0h:3m:14s (0h:1m:13s left)
 154 HKY+F+G4     18867.459   part3.2+part4.1+part4.2+part5.2	0h:3m:14s (0h:1m:12s left)
 155 HKY+F+G4     18865.665   part3.2+part4.2+part5.1+part5.2	0h:3m:14s (0h:1m:10s left)
 156 HKY+F+G4     18847.501   part3.1+part3.2+part4.2+part5.2	0h:3m:15s (0h:1m:8s left)
Merging part3.3+part5.3 with BIC score: 18834.176 (LnL: -8992.091  df: 109)
 157 HKY+F+G4     18973.426   part1.2+part3.3+part5.3	0h:3m:27s (0h:1m:11s left)
 158 K2P+G4       18862.508   part1.3+part3.3+part5.3	0h:3m:28s (0h:1m:9s left)
 159 K3P+G4       18900.964   part2.2+part3.3+part5.3	0h:3m:30s (0h:1m:8s left)
 160 TPM2u+F+G4   18887.086   part2.1+part3.3+part5.3	0h:3m:32s (0h:1m:7s left)
 161 K2P+G4       18881.678   part3.3+part4.1+part5.3	0h:3m:32s (0h:1m:6s left)
 162 K3P+G4       18960.061   part1.1+part3.3+part5.3	0h:3m:33s (0h:1m:4s left)
 163 K3Pu+F+G4    18880.191   part3.3+part5.1+part5.3	0h:3m:34s (0h:1m:3s left)
 164 K2P+G4       18836.842   part2.3+part3.3+part4.3+part5.3	0h:3m:35s (0h:1m:1s left)
 165 K2P+G4       18894.634   part3.1+part3.3+part5.3	0h:3m:40s (0h:1m:1s left)
 166 K2P+G4       18996.019   part3.2+part3.3+part4.2+part5.2+part5.3	0h:3m:41s (0h:1m:0s left)
Merging part1.2+part3.2+part4.2+part5.2 with BIC score: 18812.549 (LnL: -9004.672  df: 103)
 167 HKY+F+I      18807.564   part1.1+part1.2+part3.2+part4.2+part5.2	0h:3m:48s (0h:1m:0s left)
 168 HKY+F+G4     18817.750   part1.2+part2.1+part3.2+part4.2+part5.2	0h:3m:48s (0h:0m:58s left)
 169 HKY+F+G4     18803.783   part1.2+part3.1+part3.2+part4.2+part5.2	0h:3m:50s (0h:0m:57s left)
 170 HKY+F+G4     18827.790   part1.2+part3.2+part4.1+part4.2+part5.2	0h:3m:51s (0h:0m:55s left)
 171 HKY+F+G4     18829.010   part1.2+part3.2+part4.2+part5.1+part5.2	0h:3m:51s (0h:0m:54s left)
 172 HKY+F+G4     18804.088   part1.2+part2.2+part3.2+part4.2+part5.2	0h:3m:51s (0h:0m:52s left)
 173 HKY+F+G4     18981.326   part1.2+part2.3+part3.2+part4.2+part4.3+part5.2	0h:3m:54s (0h:0m:51s left)
 174 HKY+F+G4     18862.040   part1.2+part1.3+part3.2+part4.2+part5.2	0h:3m:54s (0h:0m:49s left)
 175 HKY+F+I+G4   19038.266   part1.2+part3.2+part3.3+part4.2+part5.2+part5.3	0h:3m:59s (0h:0m:49s left)
Merging part1.1+part3.1 with BIC score: 18792.628 (LnL: -8998.610  df: 102)
 176 K3P+I        18786.101   part1.1+part2.2+part3.1	0h:4m:8s (0h:0m:49s left)
 177 TN+F+I       18788.982   part1.1+part3.1+part4.1	0h:4m:8s (0h:0m:47s left)
 178 TNe+G4       18790.135   part1.1+part2.1+part3.1	0h:4m:8s (0h:0m:46s left)
 179 TN+F+G4      18794.888   part1.1+part3.1+part5.1	0h:4m:9s (0h:0m:44s left)
 180 HKY+F+G4     18873.738   part1.1+part1.3+part3.1	0h:4m:11s (0h:0m:43s left)
 181 HKY+F+I      18791.193   part1.1+part1.2+part3.1+part3.2+part4.2+part5.2	0h:4m:11s (0h:0m:41s left)
 182 TN+F+G4      18958.880   part1.1+part2.3+part3.1+part4.3	0h:4m:12s (0h:0m:40s left)
 183 K3P+I+G4     18962.993   part1.1+part3.1+part3.3+part5.3	0h:4m:15s (0h:0m:39s left)
Merging part1.3+part2.3+part4.3 with BIC score: 18777.582 (LnL: -9014.482  df: 96)
 184 HKY+F+G4     18843.337   part1.3+part2.1+part2.3+part4.3	0h:4m:26s (0h:0m:39s left)
 185 HKY+F+G4     18839.130   part1.3+part2.3+part4.1+part4.3	0h:4m:26s (0h:0m:37s left)
 186 HKY+F+G4     18834.133   part1.3+part2.2+part2.3+part4.3	0h:4m:27s (0h:0m:35s left)
 187 HKY+F+G4     18870.355   part1.3+part2.3+part4.3+part5.1	0h:4m:27s (0h:0m:34s left)
 188 TN+F+G4      18956.938   part1.1+part1.3+part2.3+part3.1+part4.3	0h:4m:28s (0h:0m:32s left)
 189 HKY+F+G4     18953.000   part1.2+part1.3+part2.3+part3.2+part4.2+part4.3+part5.2	0h:4m:31s (0h:0m:31s left)
 190 K2P+G4       18828.184   part1.3+part2.3+part3.3+part4.3+part5.3	0h:4m:32s (0h:0m:30s left)
Merging part2.1+part5.1 with BIC score: 18763.202 (LnL: -9015.090  df: 94)
 191 K2P+G4       18750.913   part2.1+part2.2+part5.1	0h:4m:36s (0h:0m:28s left)
 192 HKY+F+G4     18765.828   part2.1+part4.1+part5.1	0h:4m:36s (0h:0m:27s left)
 193 TN+F+G4      18769.634   part1.1+part2.1+part3.1+part5.1	0h:4m:38s (0h:0m:25s left)
 194 HKY+F+G4     18787.705   part1.2+part2.1+part3.2+part4.2+part5.1+part5.2	0h:4m:39s (0h:0m:24s left)
 195 K2P+G4       18879.410   part1.3+part2.1+part2.3+part4.3+part5.1	0h:4m:41s (0h:0m:23s left)
 196 TPM2+F+G4    18840.732   part2.1+part3.3+part5.1+part5.3	0h:4m:43s (0h:0m:21s left)
Merging part2.1+part2.2+part5.1 with BIC score: 18750.913 (LnL: -9016.743  df: 92)
 197 K2P+G4       18747.596   part2.1+part2.2+part4.1+part5.1	0h:4m:48s (0h:0m:20s left)
 198 K2P+G4       18754.942   part1.1+part2.1+part2.2+part3.1+part5.1	0h:4m:48s (0h:0m:18s left)
 199 HKY+F+G4     18775.158   part1.2+part2.1+part2.2+part3.2+part4.2+part5.1+part5.2	0h:4m:50s (0h:0m:17s left)
 200 K2P+G4       18894.869   part1.3+part2.1+part2.2+part2.3+part4.3+part5.1	0h:4m:52s (0h:0m:16s left)
 201 K3Pu+F+G4    18875.096   part2.1+part2.2+part3.3+part5.1+part5.3	0h:4m:54s (0h:0m:14s left)
Merging part1.1+part3.1+part4.1 with BIC score: 18747.267 (LnL: -9018.819  df: 91)
 202 K2P+G4       18751.217   part1.1+part2.1+part2.2+part3.1+part4.1+part5.1	0h:4m:59s (0h:0m:13s left)
 203 HKY+F+G4     18754.954   part1.1+part1.2+part3.1+part3.2+part4.1+part4.2+part5.2	0h:5m:0s (0h:0m:11s left)
 204 TN+F+G4      18950.221   part1.1+part1.3+part2.3+part3.1+part4.1+part4.3	0h:5m:3s (0h:0m:10s left)
 205 TIM+F+I+G4   18940.486   part1.1+part3.1+part3.3+part4.1+part5.3	0h:5m:4s (0h:0m:8s left)
BEST-FIT PARTITION MODEL: 
  charpartition BIC = TN+F+I: part1.1 part3.1 part4.1, HKY+F+G4: part1.2 part3.2 part4.2 part5.2, HKY+F+G4: part1.3 part2.3 part4.3, K2P+G4: part2.1 part2.2 part5.1, K2P+G4: part3.3 part5.3;
Agglomerative model selection: (((part1.1,part3.1)6:18792.6,part4.1)10:18747.3,(part1.2,(part3.2,(part4.2,part5.2)1:18905.3)3:18855.9)5:18812.5,(part1.3,(part2.3,part4.3)2:18879.8)7:18777.6,((part2.1,part5.1)8:18763.2,part2.2)9:18750.9,(part3.3,part5.3)4:18834.2)
Merging into 5 partitions...
Partition information was printed to 4_set122.best_scheme.nex
Partition information in Raxml format was printed to 4_set122.best_scheme

All model information printed to 4_set122.model.gz
CPU time for ModelFinder: 278.815 seconds (0h:4m:38s)
Wall-clock time for ModelFinder: 307.176 seconds (0h:5m:7s)
Generating 1000 samples for ultrafast bootstrap (seed: 132463)...

NOTE: 6 MB RAM (0 GB) is required!
Measuring multi-threading efficiency up to 8 CPU cores
Increase to 10 rounds for branch lengths
28 trees examined
Threads: 1 / Time: 8.204 sec / Speedup: 1.000 / Efficiency: 100% / LogL: -13314
Threads: 2 / Time: 40.681 sec / Speedup: 0.202 / Efficiency: 10% / LogL: -13314
BEST NUMBER OF THREADS: 1

Estimate model parameters (epsilon = 0.100)
Initial log-likelihood: -9616.810
Current log-likelihood at step 1: -9174.615
Current log-likelihood at step 2: -9141.296
Current log-likelihood at step 3: -9138.178
Current log-likelihood at step 4: -9135.029
Current log-likelihood at step 5: -9131.777
Current log-likelihood at step 6: -9128.408
Current log-likelihood at step 7: -9124.873
Current log-likelihood at step 8: -9121.149
Current log-likelihood at step 9: -9117.221
Current log-likelihood at step 10: -9113.054
Current log-likelihood at step 11: -9108.615
Current log-likelihood at step 12: -9103.862
Current log-likelihood at step 13: -9098.750
Current log-likelihood at step 14: -9093.222
Current log-likelihood at step 15: -9087.215
Current log-likelihood at step 16: -9080.662
Current log-likelihood at step 17: -9073.502
Current log-likelihood at step 18: -9065.716
Current log-likelihood at step 19: -9057.425
Current log-likelihood at step 20: -9040.468
Current log-likelihood at step 21: -9039.662
Current log-likelihood at step 22: -9038.825
Current log-likelihood at step 23: -9037.950
Current log-likelihood at step 24: -9037.033
Current log-likelihood at step 25: -9036.070
Current log-likelihood at step 26: -9035.057
Current log-likelihood at step 27: -9033.989
Current log-likelihood at step 28: -9032.861
Current log-likelihood at step 29: -9031.667
Current log-likelihood at step 30: -9030.402
Current log-likelihood at step 31: -9029.063
Current log-likelihood at step 32: -9027.650
Current log-likelihood at step 33: -9026.165
Current log-likelihood at step 34: -9024.626
Current log-likelihood at step 35: -9018.416
Current log-likelihood at step 36: -9018.410
Partition-specific rates:  0.289 0.364 1.907 0.601 2.431
Parameters optimization took 35 rounds (9.081 sec)

Computing ML distances based on estimated model parameters... 0.044 sec
Computing BIONJ tree...
0.004 seconds
Log-likelihood of BIONJ tree: -9020.058
--------------------------------------------------------------------
|             INITIALIZING CANDIDATE TREE SET                      |
--------------------------------------------------------------------
Generating 98 parsimony trees... 6.031 second
Computing log-likelihood of 98 initial trees ... 14.336 seconds
Current best score: -9018.410

Do NNI search on 20 best initial trees
Estimate model parameters (epsilon = 0.100)
Initial log-likelihood: -9017.841
Current log-likelihood at step 1: -9017.827
Parameters optimization took 0 rounds (0.169 sec)

BETTER TREE FOUND at iteration 1: -9017.827
UPDATE BEST LOG-LIKELIHOOD: -9017.826
UPDATE BEST LOG-LIKELIHOOD: -9017.825
Iteration 10 / LogL: -9017.825 / Time: 0h:1m:31s
UPDATE BEST LOG-LIKELIHOOD: -9017.825
UPDATE BEST LOG-LIKELIHOOD: -9017.825
UPDATE BEST LOG-LIKELIHOOD: -9017.825
Iteration 20 / LogL: -9017.825 / Time: 0h:1m:47s
Finish initializing candidate tree set (2)
Current best tree score: -9017.825 / CPU time: 49.334
Number of iterations: 20
--------------------------------------------------------------------
|               OPTIMIZING CANDIDATE TREE SET                      |
--------------------------------------------------------------------
UPDATE BEST LOG-LIKELIHOOD: -9017.825
UPDATE BEST LOG-LIKELIHOOD: -9017.825
Iteration 30 / LogL: -9017.833 / Time: 0h:2m:3s (0h:5m:3s left)
Iteration 40 / LogL: -9017.825 / Time: 0h:2m:17s (0h:3m:34s left)
UPDATE BEST LOG-LIKELIHOOD: -9017.825
UPDATE BEST LOG-LIKELIHOOD: -9017.825
Iteration 50 / LogL: -9017.826 / Time: 0h:2m:32s (0h:2m:39s left)
Log-likelihood cutoff on original alignment: -9071.516
Iteration 60 / LogL: -9017.829 / Time: 0h:2m:47s (0h:1m:56s left)
Iteration 70 / LogL: -9017.828 / Time: 0h:3m:2s (0h:1m:21s left)
UPDATE BEST LOG-LIKELIHOOD: -9017.825
Iteration 80 / LogL: -9026.548 / Time: 0h:3m:14s (0h:0m:51s left)
Iteration 90 / LogL: -9026.546 / Time: 0h:3m:26s (0h:0m:25s left)
Iteration 100 / LogL: -9026.549 / Time: 0h:3m:37s (0h:0m:2s left)
Log-likelihood cutoff on original alignment: -9059.563
NOTE: Bootstrap correlation coefficient of split occurrence frequencies: 1.000
TREE SEARCH COMPLETED AFTER 102 ITERATIONS / Time: 0h:3m:40s

--------------------------------------------------------------------
|                    FINALIZING TREE SEARCH                        |
--------------------------------------------------------------------
Performs final model parameters optimization
Estimate model parameters (epsilon = 0.010)
Initial log-likelihood: -9017.825
Current log-likelihood at step 1: -9017.820
Partition-specific rates:  0.287 0.365 1.906 0.597 2.440
Parameters optimization took 0 rounds (0.137 sec)

BEST SCORE FOUND : -9017.820
Creating bootstrap support values...
Split supports printed to NEXUS file 4_set122.splits.nex
Total tree length: 0.453

Total number of iterations: 102
CPU time used for tree search: 42.874 sec (0h:0m:42s)
Wall-clock time used for tree search: 162.108 sec (0h:2m:42s)
Total CPU time used: 53.431 sec (0h:0m:53s)
Total wall-clock time used: 221.683 sec (0h:3m:41s)

Computing bootstrap consensus tree...
Reading input file 4_set122.splits.nex...
35 taxa and 157 splits.
Consensus tree written to 4_set122.contree
Reading input trees file 4_set122.contree
Log-likelihood of consensus tree: -9017.820

Analysis results written to: 
  IQ-TREE report:                4_set122.iqtree
  Maximum-likelihood tree:       4_set122.treefile
  Likelihood distances:          4_set122.mldist
  Best partitioning scheme:      4_set122.best_scheme.nex
           in RAxML format:      4_set122.best_scheme

Ultrafast bootstrap approximation results written to:
  Split support values:          4_set122.splits.nex
  Consensus tree:                4_set122.contree
  Screen log file:               4_set122.log

Date and Time: Fri Sep  7 11:25:17 2018
