IQ-TREE multicore version 1.6.7 for Mac OS X 64-bit built Aug 23 2018
Developed by Bui Quang Minh, Nguyen Lam Tung, Olga Chernomor,
Heiko Schmidt, Dominik Schrempf, Michael Woodhams.

Host:    meeps-mac-pro.staff.sydney.edu.au (AVX, 64 GB RAM)
Command: /Users/davidduchene/Desktop/Software/iqtree-1.6.7-MacOSX/bin/iqtree -s ../../../../marsupials/set248.fasta -m TESTMERGE -bb 1000 -sp ../../../../marsupials/set248.nex -nt AUTO -pre 6_set248
Seed:    133730 (Using SPRNG - Scalable Parallel Random Number Generator)
Time:    Sat Sep  8 09:53:12 2018
Kernel:  AVX - auto-detect threads (8 CPU cores detected)

Reading partition model file ../../../../marsupials/set248.nex ...
Reading alignment file ../../../../marsupials/set248.fasta ... Fasta format detected
Alignment most likely contains DNA/RNA sequences
Alignment has 35 sequences with 3201 columns, 1215 distinct patterns
810 parsimony-informative, 410 singleton sites, 1981 constant sites
                                              Gap/Ambiguity  Composition  p-value
   1  Burramyidae_Burramys_parvus                     0.91%    passed     99.36%
   2  Notoryctidae_Notoryctes_typhlops                0.28%    passed     72.60%
   3  Vombatidae_Lasiorhinus_latifrons                0.41%    passed     96.91%
   4  Potoroidae_Bettongia_penicillata                0.03%    passed     98.06%
   5  Potoroidae_Bettongia_lesueur                    0.06%    passed     98.89%
   6  Dasyuridae_Dasyurus_maculatus                   0.00%    passed     82.51%
   7  Phalangeridae_Trichosurus_vulpecula             0.03%    passed     90.96%
   8  Phalangeridae_Spilocuscus_maculatus             1.28%    passed     96.54%
   9  Potoroidae_Aepyprymnus_rufescens                1.62%    passed     97.43%
  10  Peramelidae_Perameles_nasuta                   26.05%    passed     14.29%
  11  Phalangeridae_Strigocuscus_pelengensis          0.62%    passed     68.01%
  12  Dasyuridae_Phascogale_tapoatafa                11.78%    passed     39.15%
  13  Dasyuridae_Sminthopsis_macroura                 0.09%    passed     91.80%
  14  Phalangeridae_Phalanger_orientalis              0.03%    passed     85.01%
  15  Acrobatidae_Acrobates_pygmaeus                  1.19%    passed     88.39%
  16  Dasyuridae_Phascogale_calura                    0.34%    passed     99.97%
  17  Dasyuridae_Sarcophilus_harrisii                 0.09%    passed     90.47%
  18  Dasyuridae_Planigale_tenuirostris               4.00%    passed     93.46%
  19  Peramelidae_Echymipera_kalubu                   0.44%    passed     60.12%
  20  Macropodidae_Dorcopsulus_vanheurni              0.81%    passed     70.91%
  21  Pseudochiridae_Pseudochirulus_forbesi           0.12%    passed     94.75%
  22  Didelphidae_Didelphis_virginiana                1.56%    passed     70.33%
  23  Marmosidae_Monodelphis_domestica                0.19%    passed     53.37%
  24  Dasyuridae_Antechinus_stuartii                  0.53%    passed     99.84%
  25  Hypsiprymnodontidae_Hypsiprymnodon_moschatus    0.25%    passed     90.22%
  26  Microbiotheriidae_Dromiciops_gliroides          5.15%    passed     93.38%
  27  Pseudochiridae_Petauroides_volans               0.72%    passed     97.80%
  28  Macropodidae_Wallabia_bicolor                   0.66%    passed     89.79%
  29  Pseudochiridae_Pseudocheirus_occidentalis      31.33%    failed      1.61%
  30  Tarsipedidae_Tarsipes_rostratus                 1.78%    passed     81.13%
  31  Acrobatidae_Distoechurus_pennatus               0.53%    passed     72.68%
  32  Phalangeridae_Phalanger_carmelitae              0.00%    passed     93.09%
  33  Peramelidae_Peroryctes_raffrayana              26.65%    passed     17.59%
  34  Dasyuridae_Dasyurus_geffroii                    0.00%    passed     89.44%
  35  Peramelidae_Perameles_gunnii                    0.31%    passed     81.33%
****  TOTAL                                           3.42%  1 sequences failed composition chi2 test (p-value<5%; df=3)
NOTE: No CharPartition defined, use all CharSets

Loading 15 partitions...
Subset	Type	Seqs	Sites	Infor	Invar	Model	Name
1		35	86	4	77	TESTMERGE	part1.1
2		35	86	0	85	TESTMERGE	part1.2
WARNING: No parsimony-informative sites in partition part1.2
3		35	86	40	33	TESTMERGE	part1.3
4		32	278	72	147	TESTMERGE	part2.1
5		32	278	80	148	TESTMERGE	part2.2
6		32	278	105	110	TESTMERGE	part2.3
7		35	354	39	290	TESTMERGE	part3.1
8		35	354	11	334	TESTMERGE	part3.2
9		35	354	201	77	TESTMERGE	part3.3
10		35	123	18	89	TESTMERGE	part4.1
11		35	123	11	97	TESTMERGE	part4.2
12		35	123	63	38	TESTMERGE	part4.3
13		35	226	22	195	TESTMERGE	part5.1
14		35	226	30	186	TESTMERGE	part5.2
15		35	226	114	75	TESTMERGE	part5.3
Degree of missing data: 0.022
Info: multi-threading strategy over partitions



Create initial parsimony tree by phylogenetic likelihood library (PLL)... 0.009 seconds
NOTE: ModelFinder requires 12 MB RAM!
NUMBER OF THREADS FOR PARTITION FINDING: 8
Testing GTR+F+G on supermatrix...
GTR+F+G4 / LnL: -17764.649 / df: 76 / AIC: 35681.297 / AICc: 35685.044 / BIC: 36142.710
Selecting individual models for 15 charsets using BIC...
 No. Model        Score       Charset
   1 HKY+F+G4     3683.877    part2.1
   2 K2P+G4       2331.215    part4.3
   3 K3P+G4       2621.615    part3.1
   4 K2P+G4       3966.467    part5.3
   5 TIM2+F+G4    3578.746    part2.2
   6 K3Pu+F+G4    1787.500    part1.3
   7 K2P+I        1640.649    part5.1
   8 TIM3+F+G4    1801.007    part5.2
   9 K2P+G4       1368.222    part4.1
  10 HKY+F+G4     1070.944    part4.2	0h:0m:11s (0h:3m:46s left)
  11 TIM2+F+G4    4210.773    part2.3	0h:0m:12s (0h:3m:52s left)
  12 K2P+I        682.744     part1.1	0h:0m:13s (0h:3m:40s left)
  13 JC           549.934     part1.2	0h:0m:13s (0h:3m:22s left)
  14 TPM2u+F+I    1739.800    part3.2	0h:0m:13s (0h:3m:13s left)
  15 TPM2+F+G4    7545.347    part3.3	0h:0m:14s (0h:3m:12s left)
Full partition model BIC score: 41550.330 (LnL: -16541.811  df:1049)
Merging models to increase model fit (about 211 total partition schemes)...
WARNING: ABNORMAL_TERMINATION_IN_LNSRCH
  16 HKY+F+G4     41119.532   part2.1+part2.3	0h:0m:29s (0h:5m:58s left)
  17 TPM3u+F+G4   41140.476   part3.3+part4.3	0h:0m:29s (0h:5m:38s left)
  18 TIM2+F+G4    41106.297   part2.2+part2.3	0h:0m:31s (0h:5m:34s left)
  19 HKY+F+G4     41290.442   part2.1+part3.3	0h:0m:31s (0h:5m:18s left)
  20 HKY+F+G4     41312.197   part2.2+part3.3	0h:0m:33s (0h:5m:15s left)
  21 TN+F+G4      41096.373   part2.3+part5.3	0h:0m:33s (0h:4m:59s left)
  22 TIM2+F+G4    41143.156   part3.3+part5.3	0h:0m:33s (0h:4m:46s left)
  23 TN+F+G4      41320.805   part2.3+part3.3	0h:0m:36s (0h:4m:57s left)
  24 K2P+G4       41126.259   part2.1+part5.3	0h:0m:43s (0h:5m:39s left)
  25 TPM2u+F+G4   41108.385   part2.1+part2.2	0h:0m:44s (0h:5m:33s left)
  26 TN+F+I+G4    41466.296   part3.1+part3.3	0h:0m:46s (0h:5m:31s left)
  27 HKY+F+G4     41126.497   part2.2+part5.3	0h:0m:48s (0h:5m:31s left)
  28 TN+F+G4      41398.416   part3.3+part5.2	0h:0m:51s (0h:5m:33s left)
  29 HKY+F+G4     41215.701   part3.3+part4.1	0h:0m:52s (0h:5m:29s left)
  30 TN+F+G4      41398.960   part3.3+part5.1	0h:0m:53s (0h:5m:20s left)
  31 TPM2u+F+G4   41061.314   part1.3+part3.3	0h:0m:55s (0h:5m:19s left)
  32 TPM3u+F+G4   41222.115   part3.3+part4.2	0h:1m:1s (0h:5m:46s left)
  33 HKY+F+I+G4   41583.491   part3.2+part3.3	0h:1m:4s (0h:5m:45s left)
  34 K2P+G4       41124.454   part2.1+part4.3	0h:1m:6s (0h:5m:44s left)
  35 TN+F+G4      41087.921   part4.3+part5.3	0h:1m:7s (0h:5m:37s left)
  36 HKY+F+G4     41234.728   part1.2+part3.3	0h:1m:7s (0h:5m:28s left)
  37 TPM2+F+G4    41180.504   part1.1+part3.3	0h:1m:8s (0h:5m:23s left)
  38 HKY+F+G4     41272.042   part2.3+part3.1	0h:1m:8s (0h:5m:13s left)
  39 TN+F+G4      41110.398   part2.3+part4.3	0h:1m:9s (0h:5m:4s left)
  40 TIM2+F+G4    41144.927   part2.2+part4.3	0h:1m:16s (0h:5m:28s left)
  41 TN+F+G4      41181.822   part1.3+part2.3	0h:1m:17s (0h:5m:19s left)
  42 HKY+F+G4     41184.471   part2.1+part3.1	0h:1m:17s (0h:5m:11s left)
  43 TIMe+G4      41230.460   part3.1+part5.3	0h:1m:19s (0h:5m:9s left)
  44 HKY+F+G4     41192.143   part2.2+part3.1	0h:1m:19s (0h:5m:1s left)
  45 HKY+F+G4     41202.549   part2.3+part5.2	0h:1m:19s (0h:4m:54s left)
  46 HKY+F+G4     41242.720   part2.3+part5.1	0h:1m:21s (0h:4m:52s left)
  47 TN+F+G4      41157.855   part2.3+part4.1	0h:1m:22s (0h:4m:46s left)
  48 TPM3u+F+G4   41124.874   part2.1+part5.2	0h:1m:28s (0h:5m:1s left)
  49 K2P+G4       41148.636   part1.3+part2.1	0h:1m:28s (0h:4m:53s left)
  50 TPM2+F+G4    41087.463   part1.3+part5.3	0h:1m:30s (0h:4m:51s left)
  51 TPM3u+F+G4   41204.046   part5.2+part5.3	0h:1m:31s (0h:4m:46s left)
  52 TIM2+F+G4    41188.656   part2.3+part4.2	0h:1m:34s (0h:4m:49s left)
  53 TPM2u+F+G4   41145.925   part2.2+part5.2	0h:1m:34s (0h:4m:42s left)
  54 HKY+F+G4     41180.199   part1.3+part2.2	0h:1m:36s (0h:4m:41s left)
  55 TN+F+G4      41334.496   part2.3+part3.2	0h:1m:36s (0h:4m:34s left)
  56 HKY+F+G4     41115.033   part2.1+part4.1	0h:1m:40s (0h:4m:36s left)
  57 TPM3u+F+G4   41147.379   part2.1+part5.1	0h:1m:41s (0h:4m:33s left)
  58 TIM2e+G4     41206.094   part5.1+part5.3	0h:1m:43s (0h:4m:33s left)
  59 K2P+G4       41101.590   part4.1+part5.3	0h:1m:43s (0h:4m:27s left)
  60 K2P+G4       41124.790   part2.1+part4.2	0h:1m:44s (0h:4m:22s left)
  61 HKY+F+G4     41167.739   part2.2+part5.1	0h:1m:46s (0h:4m:20s left)
  62 HKY+F+G4     41116.901   part2.2+part4.1	0h:1m:47s (0h:4m:19s left)
  63 HKY+F+G4     41193.920   part1.1+part2.3	0h:1m:49s (0h:4m:16s left)
  64 HKY+F+G4     41148.519   part4.2+part5.3	0h:1m:52s (0h:4m:18s left)
  65 K2P+G4       41120.697   part1.1+part2.1	0h:1m:55s (0h:4m:19s left)
  66 HKY+F+G4     41306.107   part3.2+part5.3	0h:1m:55s (0h:4m:14s left)
  67 TN+F+G4      41268.276   part2.1+part3.2	0h:1m:55s (0h:4m:9s left)
  68 TIM2+F+G4    41135.873   part2.2+part4.2	0h:1m:57s (0h:4m:6s left)
  69 TN+F+G4      41204.646   part1.2+part2.3	0h:1m:57s (0h:4m:2s left)
  70 TN+F+G4      41252.522   part2.2+part3.2	0h:1m:59s (0h:4m:0s left)
  71 HKY+F+G4     41136.284   part1.1+part2.2	0h:2m:1s (0h:3m:59s left)
  72 TIM2e+G4     41130.767   part1.1+part5.3	0h:2m:2s (0h:3m:55s left)
  73 TNe+G4       41141.634   part1.2+part2.1	0h:2m:4s (0h:3m:54s left)
  74 K2P+G4       41150.594   part1.2+part5.3	0h:2m:6s (0h:3m:53s left)
  75 K2P+G4       41188.051   part3.1+part4.3	0h:2m:7s (0h:3m:50s left)
  76 HKY+F+G4     41152.879   part4.3+part5.2	0h:2m:8s (0h:3m:47s left)
  77 HKY+F+G4     41146.827   part1.2+part2.2	0h:2m:9s (0h:3m:44s left)
  78 K2P+G4       41114.230   part1.3+part4.3	0h:2m:9s (0h:3m:41s left)
  79 K2P+G4       41178.923   part4.3+part5.1	0h:2m:10s (0h:3m:38s left)
  80 K2P+G4       41096.274   part4.1+part4.3	0h:2m:12s (0h:3m:36s left)
  81 TPM3+F+G4    41126.612   part4.2+part4.3	0h:2m:16s (0h:3m:38s left)
  82 HKY+F+G4     41067.816   part3.1+part5.2	0h:2m:16s (0h:3m:35s left)
  83 TIM+F+G4     41067.690   part3.1+part5.1	0h:2m:17s (0h:3m:31s left)
  84 K3P+I+G4     41168.792   part1.3+part3.1	0h:2m:18s (0h:3m:29s left)
  85 K3P+G4       41079.973   part3.1+part4.1	0h:2m:18s (0h:3m:25s left)
  86 K3P+G4       41050.613   part3.1+part4.2	0h:2m:19s (0h:3m:22s left)
  87 TN+F+G4      41264.029   part3.2+part4.3	0h:2m:21s (0h:3m:20s left)
  88 K2P+I+G4     41161.498   part1.3+part5.2	0h:2m:22s (0h:3m:18s left)
  89 TPM3u+F+I    41027.298   part5.1+part5.2	0h:2m:24s (0h:3m:17s left)
  90 K2P+G4       41105.872   part1.1+part4.3	0h:2m:25s (0h:3m:15s left)
  91 HKY+F+G4     41062.128   part4.1+part5.2	0h:2m:25s (0h:3m:11s left)
  92 K2P+G4       41136.279   part1.2+part4.3	0h:2m:25s (0h:3m:8s left)
  93 K3Pu+F+I     41072.010   part3.1+part3.2	0h:2m:26s (0h:3m:5s left)
  94 HKY+F+G4     41062.619   part4.2+part5.2	0h:2m:29s (0h:3m:5s left)
  95 TIM2e+I+G4   41151.649   part1.3+part5.1	0h:2m:29s (0h:3m:2s left)
  96 K2P+I+G4     41086.937   part1.3+part4.1	0h:2m:29s (0h:2m:59s left)
  97 K2P+G4       41058.676   part4.1+part5.1	0h:2m:29s (0h:2m:56s left)
  98 K3P+G4       41029.348   part1.1+part3.1	0h:2m:32s (0h:2m:56s left)
  99 HKY+F+I+G4   41116.538   part1.3+part4.2	0h:2m:34s (0h:2m:54s left)
 100 K2P+G4       41049.973   part4.2+part5.1	0h:2m:34s (0h:2m:51s left)
 101 TIM3+F+I     41077.446   part3.2+part5.2	0h:2m:35s (0h:2m:49s left)
 102 HKY+F+G4     41049.416   part4.1+part4.2	0h:2m:36s (0h:2m:47s left)
 103 HKY+F+I+G4   41214.250   part1.3+part3.2	0h:2m:38s (0h:2m:46s left)
 104 TPM3u+F+I    41063.337   part3.2+part5.1	0h:2m:40s (0h:2m:45s left)
 105 HKY+F+I      41065.002   part3.2+part4.2	0h:2m:41s (0h:2m:42s left)
 106 TN+F+I       41109.431   part3.2+part4.1	0h:2m:41s (0h:2m:40s left)
 107 HKY+F+I      41045.427   part1.1+part5.2	0h:2m:42s (0h:2m:38s left)
 108 K3P+I        41039.252   part1.2+part3.1	0h:2m:43s (0h:2m:35s left)
 109 K2P+I        41028.298   part1.1+part5.1	0h:2m:45s (0h:2m:35s left)
 110 TN+F+I       41041.762   part1.2+part5.2	0h:2m:47s (0h:2m:34s left)
 111 K2P+G4       41027.828   part1.1+part4.2	0h:2m:49s (0h:2m:32s left)
 112 K2P+G4       41041.947   part1.1+part4.1	0h:2m:49s (0h:2m:29s left)
 113 K2P+I        41029.554   part1.2+part5.1	0h:2m:49s (0h:2m:27s left)
 114 K2P+I+G4     41055.056   part1.2+part4.1	0h:2m:49s (0h:2m:24s left)
 115 TIM2+F+G4    41102.060   part1.1+part1.3	0h:2m:50s (0h:2m:21s left)
 116 K2P+I+G4     41110.235   part1.2+part1.3	0h:2m:52s (0h:2m:20s left)
 117 HKY+F+G4     41040.091   part1.2+part4.2	0h:2m:52s (0h:2m:18s left)
 118 HKY+F+I      41036.446   part1.1+part3.2	0h:2m:53s (0h:2m:16s left)
 119 K2P+I        41020.458   part1.1+part1.2	0h:2m:53s (0h:2m:14s left)
 120 TPM2u+F+I    41025.382   part1.2+part3.2	0h:2m:54s (0h:2m:11s left)
Merging part1.1+part1.2 with BIC score: 41020.458 (LnL: -16547.261  df: 982)
 121 HKY+F+I      40509.910   part1.1+part1.2+part3.2	0h:2m:56s (0h:2m:11s left)
 122 K2P+I        40506.594   part1.1+part1.2+part5.1	0h:2m:58s (0h:2m:10s left)
 123 K2P+I        40533.732   part1.1+part1.2+part4.1	0h:2m:58s (0h:2m:7s left)
 124 K3P+I        40515.574   part1.1+part1.2+part3.1	0h:2m:59s (0h:2m:5s left)
 125 HKY+F+G4     40664.309   part1.1+part1.2+part2.2	0h:2m:59s (0h:2m:3s left)
 126 K2P+G4       40649.187   part1.1+part1.2+part2.1	0h:3m:0s (0h:2m:1s left)
 127 K2P+G4       40685.925   part1.1+part1.2+part5.3	0h:3m:2s (0h:2m:1s left)
 128 K2P+G4       40511.189   part1.1+part1.2+part4.2	0h:3m:3s (0h:1m:58s left)
 129 HKY+F+G4     40756.988   part1.1+part1.2+part2.3	0h:3m:5s (0h:1m:57s left)
 130 HKY+F+I      40531.638   part1.1+part1.2+part5.2	0h:3m:6s (0h:1m:56s left)
 131 K2P+G4       40643.927   part1.1+part1.2+part4.3	0h:3m:7s (0h:1m:54s left)
 132 K2P+I+G4     40618.648   part1.1+part1.2+part1.3	0h:3m:9s (0h:1m:53s left)
 133 HKY+F+I+G4   40815.639   part1.1+part1.2+part3.3	0h:3m:10s (0h:1m:51s left)
Merging part5.1+part5.2 with BIC score: 40497.426 (LnL: -16568.237  df: 912)
 134 HKY+F+G4     40021.952   part4.2+part5.1+part5.2	0h:3m:14s (0h:1m:51s left)
 135 TPM3u+F+I+G4 40020.095   part4.1+part5.1+part5.2	0h:3m:18s (0h:1m:51s left)
 136 TIM3+F+I     40033.322   part3.2+part5.1+part5.2	0h:3m:18s (0h:1m:49s left)
 137 TPM3u+F+G4   40033.156   part3.1+part5.1+part5.2	0h:3m:20s (0h:1m:48s left)
 138 TPM3u+F+G4   40108.517   part2.1+part5.1+part5.2	0h:3m:20s (0h:1m:46s left)
 139 TPM3u+F+G4   40145.339   part2.2+part5.1+part5.2	0h:3m:20s (0h:1m:44s left)
 140 TIM3+F+G4    40230.763   part5.1+part5.2+part5.3	0h:3m:22s (0h:1m:42s left)
 141 HKY+F+G4     40166.588   part4.3+part5.1+part5.2	0h:3m:25s (0h:1m:41s left)
 142 TPM3u+F+G4   40247.808   part2.3+part5.1+part5.2	0h:3m:26s (0h:1m:40s left)
 143 TPM3u+F+I    40017.230   part1.1+part1.2+part5.1+part5.2	0h:3m:27s (0h:1m:38s left)
 144 TIM3+F+I+G4  40162.242   part1.3+part5.1+part5.2	0h:3m:28s (0h:1m:36s left)
 145 TIM3e+I+G4   40517.792   part3.3+part5.1+part5.2	0h:3m:30s (0h:1m:35s left)
Merging part1.1+part1.2+part3.2 with BIC score: 39986.879 (LnL: -16595.456  df: 842)
 146 HKY+F+I      39504.692   part1.1+part1.2+part3.2+part4.2	0h:3m:33s (0h:1m:35s left)
 147 TN+F+G4      39738.284   part1.1+part1.2+part2.2+part3.2	0h:3m:38s (0h:1m:35s left)
 148 TN+F+G4      39747.446   part1.1+part1.2+part2.1+part3.2	0h:3m:39s (0h:1m:33s left)
 149 HKY+F+G4     39808.511   part1.1+part1.2+part3.2+part5.3	0h:3m:39s (0h:1m:31s left)
 150 HKY+F+I+G4   39737.707   part1.1+part1.2+part3.2+part4.3	0h:3m:40s (0h:1m:29s left)
 151 K3Pu+F+I     39516.515   part1.1+part1.2+part3.1+part3.2	0h:3m:40s (0h:1m:27s left)
 152 TN+F+I+G4    39858.156   part1.1+part1.2+part2.3+part3.2	0h:3m:43s (0h:1m:26s left)
 153 TPM3u+F+I    39537.412   part1.1+part1.2+part3.2+part5.1+part5.2	0h:3m:45s (0h:1m:25s left)
 154 K2P+I        39545.732   part1.1+part1.2+part3.2+part4.1	0h:3m:47s (0h:1m:24s left)
 155 HKY+F+I+G4   40119.938   part1.1+part1.2+part3.2+part3.3	0h:3m:47s (0h:1m:22s left)
 156 HKY+F+I+G4   39676.323   part1.1+part1.2+part1.3+part3.2	0h:3m:48s (0h:1m:20s left)
Merging part4.1+part4.2 with BIC score: 39485.965 (LnL: -16623.457  df: 773)
 157 K3P+G4       39011.639   part3.1+part4.1+part4.2	0h:3m:51s (0h:1m:19s left)
 158 HKY+F+I+G4   39020.026   part4.1+part4.2+part5.1+part5.2	0h:3m:53s (0h:1m:18s left)
 159 TPM3u+F+G4   39069.718   part4.1+part4.2+part4.3	0h:3m:53s (0h:1m:16s left)
 160 HKY+F+G4     39072.037   part2.1+part4.1+part4.2	0h:3m:54s (0h:1m:14s left)
 161 HKY+F+G4     39099.416   part4.1+part4.2+part5.3	0h:3m:55s (0h:1m:13s left)
 162 HKY+F+G4     39075.026   part2.2+part4.1+part4.2	0h:3m:55s (0h:1m:11s left)
 163 TN+F+G4      39145.726   part2.3+part4.1+part4.2	0h:3m:59s (0h:1m:10s left)
 164 HKY+F+G4     39259.567   part3.3+part4.1+part4.2	0h:3m:59s (0h:1m:8s left)
 165 HKY+F+I      39057.934   part1.1+part1.2+part3.2+part4.1+part4.2	0h:4m:0s (0h:1m:6s left)
 166 HKY+F+I+G4   39063.726   part1.3+part4.1+part4.2	0h:4m:0s (0h:1m:5s left)
Merging part1.3+part3.3 with BIC score: 38996.950 (LnL: -16673.549  df: 700)
 167 TIM2+F+I+G4  38931.303   part1.3+part3.1+part3.3	0h:4m:13s (0h:1m:6s left)
 168 TPM3u+F+G4   38603.489   part1.3+part3.3+part4.3	0h:4m:15s (0h:1m:5s left)
 169 HKY+F+G4     38769.774   part1.3+part3.3+part4.1+part4.2	0h:4m:15s (0h:1m:3s left)
 170 TN+F+I+G4    39048.164   part1.3+part3.3+part5.1+part5.2	0h:4m:15s (0h:1m:1s left)
 171 HKY+F+G4     38751.856   part1.3+part2.1+part3.3	0h:4m:16s (0h:0m:59s left)
 172 HKY+F+G4     38773.261   part1.3+part2.2+part3.3	0h:4m:17s (0h:0m:58s left)
 173 TIM2+F+G4    38593.354   part1.3+part3.3+part5.3	0h:4m:18s (0h:0m:56s left)
 174 HKY+F+G4     38786.623   part1.3+part2.3+part3.3	0h:4m:19s (0h:0m:55s left)
 175 HKY+F+I+G4   39165.290   part1.1+part1.2+part1.3+part3.2+part3.3	0h:4m:24s (0h:0m:54s left)
Merging part3.1+part4.1+part4.2 with BIC score: 38522.624 (LnL: -16726.949  df: 628)
 176 K2P+G4       38156.843   part3.1+part4.1+part4.2+part4.3	0h:4m:29s (0h:0m:53s left)
 177 HKY+F+G4     38154.123   part2.1+part3.1+part4.1+part4.2	0h:4m:29s (0h:0m:51s left)
 178 K3Pu+F+I+G4  38093.241   part1.1+part1.2+part3.1+part3.2+part4.1+part4.2	0h:4m:30s (0h:0m:50s left)
 179 HKY+F+G4     38162.408   part2.2+part3.1+part4.1+part4.2	0h:4m:31s (0h:0m:48s left)
 180 HKY+F+I+G4   38063.959   part3.1+part4.1+part4.2+part5.1+part5.2	0h:4m:31s (0h:0m:46s left)
 181 K3P+G4       38208.009   part3.1+part4.1+part4.2+part5.3	0h:4m:31s (0h:0m:44s left)
 182 HKY+F+G4     38258.004   part2.3+part3.1+part4.1+part4.2	0h:4m:33s (0h:0m:43s left)
 183 TIM+F+I+G4   38534.149   part1.3+part3.1+part3.3+part4.1+part4.2	0h:4m:34s (0h:0m:41s left)
Merging part4.3+part5.3 with BIC score: 38060.215 (LnL: -16758.060  df: 563)
 184 HKY+F+G4     37964.100   part1.1+part1.2+part3.2+part4.3+part5.3	0h:4m:43s (0h:0m:41s left)
 185 TIM3+F+G4    37844.267   part4.3+part5.1+part5.2+part5.3	0h:4m:44s (0h:0m:40s left)
 186 HKY+F+G4     37792.801   part3.1+part4.1+part4.2+part4.3+part5.3	0h:4m:46s (0h:0m:38s left)
 187 K2P+G4       37636.109   part2.1+part4.3+part5.3	0h:4m:46s (0h:0m:36s left)
 188 TN+F+G4      37640.841   part2.2+part4.3+part5.3	0h:4m:48s (0h:0m:35s left)
 189 TIM2+F+G4    37689.614   part1.3+part3.3+part4.3+part5.3	0h:4m:49s (0h:0m:33s left)
 190 TN+F+G4      37593.304   part2.3+part4.3+part5.3	0h:4m:49s (0h:0m:32s left)
Merging part2.3+part4.3+part5.3 with BIC score: 37593.304 (LnL: -16799.025  df: 495)
 191 TN+F+G4      37590.967   part1.1+part1.2+part2.3+part3.2+part4.3+part5.3	0h:5m:1s (0h:0m:31s left)
 192 HKY+F+G4     37424.338   part2.3+part4.3+part5.1+part5.2+part5.3	0h:5m:2s (0h:0m:29s left)
 193 HKY+F+G4     37403.654   part2.3+part3.1+part4.1+part4.2+part4.3+part5.3	0h:5m:2s (0h:0m:28s left)
 194 HKY+F+G4     37184.948   part2.1+part2.3+part4.3+part5.3	0h:5m:5s (0h:0m:26s left)
 195 TN+F+G4      37176.799   part2.2+part2.3+part4.3+part5.3	0h:5m:6s (0h:0m:25s left)
 196 TN+F+G4      37353.435   part1.3+part2.3+part3.3+part4.3+part5.3	0h:5m:6s (0h:0m:23s left)
Merging part3.1+part4.1+part4.2+part5.1+part5.2 with BIC score: 37134.638 (LnL: -16852.185  df: 425)
 197 HKY+F+I+G4   36697.890   part1.1+part1.2+part3.1+part3.2+part4.1+part4.2+part5.1+part5.2	0h:5m:14s (0h:0m:22s left)
 198 HKY+F+G4     36758.812   part2.1+part3.1+part4.1+part4.2+part5.1+part5.2	0h:5m:15s (0h:0m:20s left)
 199 HKY+F+G4     36786.216   part2.2+part3.1+part4.1+part4.2+part5.1+part5.2	0h:5m:15s (0h:0m:19s left)
 200 HKY+F+G4     37065.787   part2.3+part3.1+part4.1+part4.2+part4.3+part5.1+part5.2+part5.3	0h:5m:17s (0h:0m:17s left)
 201 TN+F+I+G4    37324.655   part1.3+part3.1+part3.3+part4.1+part4.2+part5.1+part5.2	0h:5m:18s (0h:0m:15s left)
Merging part2.1+part2.2 with BIC score: 36692.693 (LnL: -16901.598  df: 358)
 202 TN+F+G4      36520.601   part1.1+part1.2+part2.1+part2.2+part3.2	0h:5m:23s (0h:0m:14s left)
 203 HKY+F+G4     36381.977   part2.1+part2.2+part3.1+part4.1+part4.2+part5.1+part5.2	0h:5m:25s (0h:0m:12s left)
 204 HKY+F+G4     36556.036   part1.3+part2.1+part2.2+part3.3	0h:5m:26s (0h:0m:11s left)
 205 TN+F+G4      36301.466   part2.1+part2.2+part2.3+part4.3+part5.3	0h:5m:28s (0h:0m:9s left)
Merging part1.1+part1.2+part3.1+part3.2+part4.1+part4.2+part5.1+part5.2 with BIC score: 36255.945 (LnL: -16973.788  df: 286)
 206 HKY+F+G4     36050.546   part1.1+part1.2+part2.1+part2.2+part3.1+part3.2+part4.1+part4.2+part5.1+part5.2	0h:5m:35s (0h:0m:8s left)
 207 HKY+F+I+G4   36350.496   part1.1+part1.2+part2.3+part3.1+part3.2+part4.1+part4.2+part4.3+part5.1+part5.2+part5.3	0h:5m:36s (0h:0m:6s left)
 208 TNe+I+G4     36621.874   part1.1+part1.2+part1.3+part3.1+part3.2+part3.3+part4.1+part4.2+part5.1+part5.2	0h:5m:36s (0h:0m:4s left)
Merging part2.1+part2.2+part2.3+part4.3+part5.3 with BIC score: 35864.718 (LnL: -17048.560  df: 219)
 209 HKY+F+G4     35974.756   part1.1+part1.2+part2.1+part2.2+part2.3+part3.1+part3.2+part4.1+part4.2+part4.3+part5.1+part5.2+part5.3	0h:5m:46s (0h:0m:3s left)
 210 HKY+F+G4     35707.599   part1.3+part2.1+part2.2+part2.3+part3.3+part4.3+part5.3	0h:5m:46s (0h:0m:1s left)
Merging part1.3+part2.1+part2.2+part2.3+part3.3+part4.3+part5.3 with BIC score: 35707.599 (LnL: -17268.636  df: 145)
 211 HKY+F+I+G4   36100.706   part1.1+part1.2+part1.3+part2.1+part2.2+part2.3+part3.1+part3.2+part3.3+part4.1+part4.2+part4.3+part5.1+part5.2+part5.3	0h:5m:56s (0h:0m:0s left)
BEST-FIT PARTITION MODEL: 
  charpartition BIC = HKY+F+I+G4: part1.1 part1.2 part3.1 part3.2 part4.1 part4.2 part5.1 part5.2, HKY+F+G4: part1.3 part2.1 part2.2 part2.3 part3.3 part4.3 part5.3;
Agglomerative model selection: ((((part1.1,part1.2)1:41020.5,part3.2)3:39986.9,((part3.1,(part4.1,part4.2)4:39486)6:38522.6,(part5.1,part5.2)2:40497.4)9:37134.6)11:36255.9,((part1.3,part3.3)5:38997,((part2.1,part2.2)10:36692.7,(part2.3,(part4.3,part5.3)7:38060.2)8:37593.3)12:35864.7)13:35707.6)
Merging into 2 partitions...
Partition information was printed to 6_set248.best_scheme.nex
Partition information in Raxml format was printed to 6_set248.best_scheme

All model information printed to 6_set248.model.gz
CPU time for ModelFinder: 485.940 seconds (0h:8m:5s)
Wall-clock time for ModelFinder: 358.367 seconds (0h:5m:58s)
Generating 1000 samples for ultrafast bootstrap (seed: 133730)...

NOTE: 10 MB RAM (0 GB) is required!
Measuring multi-threading efficiency up to 8 CPU cores
Increase to 10 rounds for branch lengths
53 trees examined
Threads: 1 / Time: 8.084 sec / Speedup: 1.000 / Efficiency: 100% / LogL: -26926
Threads: 2 / Time: 6.224 sec / Speedup: 1.299 / Efficiency: 65% / LogL: -26926
Threads: 3 / Time: 19.011 sec / Speedup: 0.425 / Efficiency: 14% / LogL: -26926
BEST NUMBER OF THREADS: 2

Estimate model parameters (epsilon = 0.100)
Optimizing HKY+F+G4 parameters for partition part1.3+part2.1+part2.2+part2.3+part3.3+part4.3+part5.3 (72 free parameters)
Optimizing HKY+F+I+G4 parameters for partition part1.1+part1.2+part3.1+part3.2+part4.1+part4.2+part5.1+part5.2 (73 free parameters)
Optimal log-likelihood: -17267.432
Computing ML distances based on estimated model parameters... 0.041 sec
Computing BIONJ tree...
0.002 seconds
Log-likelihood of BIONJ tree: -17381.170
--------------------------------------------------------------------
|             INITIALIZING CANDIDATE TREE SET                      |
--------------------------------------------------------------------
Generating 98 parsimony trees... 1.214 second
Computing log-likelihood of 98 initial trees ... 3.586 seconds
Current best score: -17267.432

Do NNI search on 20 best initial trees
Estimate model parameters (epsilon = 0.100)
BETTER TREE FOUND at iteration 1: -17266.751
Iteration 10 / LogL: -17266.777 / Time: 0h:0m:46s
Iteration 20 / LogL: -17266.824 / Time: 0h:0m:53s
Finish initializing candidate tree set (2)
Current best tree score: -17266.751 / CPU time: 18.758
Number of iterations: 20
--------------------------------------------------------------------
|               OPTIMIZING CANDIDATE TREE SET                      |
--------------------------------------------------------------------
Iteration 30 / LogL: -17266.783 / Time: 0h:0m:59s (0h:2m:25s left)
Iteration 40 / LogL: -17266.782 / Time: 0h:1m:5s (0h:1m:42s left)
Iteration 50 / LogL: -17266.784 / Time: 0h:1m:10s (0h:1m:13s left)
Log-likelihood cutoff on original alignment: -17298.295
Iteration 60 / LogL: -17297.623 / Time: 0h:1m:17s (0h:0m:53s left)
Iteration 70 / LogL: -17296.764 / Time: 0h:1m:23s (0h:0m:37s left)
Iteration 80 / LogL: -17266.954 / Time: 0h:1m:28s (0h:0m:23s left)
Iteration 90 / LogL: -17266.991 / Time: 0h:1m:34s (0h:0m:11s left)
Iteration 100 / LogL: -17266.794 / Time: 0h:1m:40s (0h:0m:1s left)
Log-likelihood cutoff on original alignment: -17298.295
NOTE: Bootstrap correlation coefficient of split occurrence frequencies: 1.000
TREE SEARCH COMPLETED AFTER 102 ITERATIONS / Time: 0h:1m:41s

--------------------------------------------------------------------
|                    FINALIZING TREE SEARCH                        |
--------------------------------------------------------------------
Performs final model parameters optimization
Estimate model parameters (epsilon = 0.010)
Optimizing HKY+F+G4 parameters for partition part1.3+part2.1+part2.2+part2.3+part3.3+part4.3+part5.3 (72 free parameters)
Optimizing HKY+F+I+G4 parameters for partition part1.1+part1.2+part3.1+part3.2+part4.1+part4.2+part5.1+part5.2 (73 free parameters)
Optimal log-likelihood: -17266.749
BEST SCORE FOUND : -17266.749
Creating bootstrap support values...
Split supports printed to NEXUS file 6_set248.splits.nex
Total tree length: 0.888

Total number of iterations: 102
CPU time used for tree search: 53.298 sec (0h:0m:53s)
Wall-clock time used for tree search: 66.487 sec (0h:1m:6s)
Total CPU time used: 80.468 sec (0h:1m:20s)
Total wall-clock time used: 101.755 sec (0h:1m:41s)

Computing bootstrap consensus tree...
Reading input file 6_set248.splits.nex...
35 taxa and 110 splits.
Consensus tree written to 6_set248.contree
Reading input trees file 6_set248.contree
Log-likelihood of consensus tree: -17266.748

Analysis results written to: 
  IQ-TREE report:                6_set248.iqtree
  Maximum-likelihood tree:       6_set248.treefile
  Likelihood distances:          6_set248.mldist
  Best partitioning scheme:      6_set248.best_scheme.nex
           in RAxML format:      6_set248.best_scheme

Ultrafast bootstrap approximation results written to:
  Split support values:          6_set248.splits.nex
  Consensus tree:                6_set248.contree
  Screen log file:               6_set248.log

Date and Time: Sat Sep  8 10:00:52 2018
