IQ-TREE multicore version 1.6.7 for Mac OS X 64-bit built Aug 23 2018
Developed by Bui Quang Minh, Nguyen Lam Tung, Olga Chernomor,
Heiko Schmidt, Dominik Schrempf, Michael Woodhams.

Host:    meeps-mac-pro.staff.sydney.edu.au (AVX, 64 GB RAM)
Command: /Users/davidduchene/Desktop/Software/iqtree-1.6.7-MacOSX/bin/iqtree -s ../../../../marsupials/set47.fasta -m TESTMERGE -bb 1000 -sp ../../../../marsupials/set47.nex -nt AUTO -pre 6_set47
Seed:    745824 (Using SPRNG - Scalable Parallel Random Number Generator)
Time:    Thu Sep  6 22:14:53 2018
Kernel:  AVX - auto-detect threads (8 CPU cores detected)

Reading partition model file ../../../../marsupials/set47.nex ...
Reading alignment file ../../../../marsupials/set47.fasta ... Fasta format detected
Alignment most likely contains DNA/RNA sequences
WARNING: 1 sites contain only gaps or ambiguous characters.
Alignment has 37 sequences with 2580 columns, 1011 distinct patterns
612 parsimony-informative, 321 singleton sites, 1647 constant sites
                                              Gap/Ambiguity  Composition  p-value
   1  Burramyidae_Burramys_parvus                     2.05%    passed     95.54%
   2  Notoryctidae_Notoryctes_typhlops                1.01%    passed     94.75%
   3  Vombatidae_Lasiorhinus_latifrons                0.31%    passed     96.23%
   4  Potoroidae_Bettongia_penicillata                0.50%    passed     92.18%
   5  Potoroidae_Bettongia_lesueur                    0.23%    passed     87.09%
   6  Dasyuridae_Dasyurus_maculatus                   0.50%    passed     80.86%
   7  Phalangeridae_Trichosurus_vulpecula             0.08%    passed     95.92%
   8  Phalangeridae_Spilocuscus_maculatus            10.81%    passed     44.87%
   9  Potoroidae_Aepyprymnus_rufescens                2.48%    passed     65.82%
  10  Peramelidae_Perameles_nasuta                    9.65%    passed     58.73%
  11  Myrmecobiidae_Myrmecobius_fasciatus1           91.40%    passed     90.81%
  12  Phalangeridae_Strigocuscus_pelengensis          2.87%    passed     95.28%
  13  Dasyuridae_Phascogale_tapoatafa                 1.16%    passed     83.71%
  14  Dasyuridae_Sminthopsis_macroura                 0.31%    passed     69.45%
  15  Phalangeridae_Phalanger_orientalis              0.70%    passed     98.96%
  16  Acrobatidae_Acrobates_pygmaeus                  0.39%    passed     63.98%
  17  Dasyuridae_Phascogale_calura                    1.55%    passed     89.87%
  18  Dasyuridae_Sarcophilus_harrisii                 3.53%    passed     99.63%
  19  Dasyuridae_Planigale_tenuirostris               5.00%    passed     72.77%
  20  Peramelidae_Echymipera_kalubu                   0.04%    passed     80.99%
  21  Macropodidae_Dorcopsulus_vanheurni              0.54%    passed     93.54%
  22  Pseudochiridae_Pseudochirulus_forbesi           0.04%    passed     61.84%
  23  Didelphidae_Didelphis_virginiana                1.55%    passed     79.79%
  24  Marmosidae_Monodelphis_domestica                0.16%    passed     93.70%
  25  Dasyuridae_Antechinus_stuartii                  9.53%    passed     82.38%
  26  Hypsiprymnodontidae_Hypsiprymnodon_moschatus    0.58%    passed     99.39%
  27  Microbiotheriidae_Dromiciops_gliroides          2.36%    passed     66.29%
  28  Pseudochiridae_Petauroides_volans               1.12%    passed     52.17%
  29  Macropodidae_Wallabia_bicolor                   0.81%    passed     91.54%
  30  Pseudochiridae_Pseudocheirus_occidentalis       9.30%    passed     29.83%
  31  Tarsipedidae_Tarsipes_rostratus                 2.02%    passed     95.04%
  32  Acrobatidae_Distoechurus_pennatus               0.31%    passed     91.86%
  33  Myrmecobiidae_Myrmecobius_fasciatus2           91.40%    passed     90.81%
  34  Phalangeridae_Phalanger_carmelitae              0.81%    passed     98.75%
  35  Peramelidae_Peroryctes_raffrayana              16.67%    passed     23.70%
  36  Dasyuridae_Dasyurus_geffroii                    0.54%    passed     88.53%
  37  Peramelidae_Perameles_gunnii                    0.04%    passed     82.70%
WARNING: 2 sequences contain more than 50% gaps/ambiguity
****  TOTAL                                           7.36%  0 sequences failed composition chi2 test (p-value<5%; df=3)
NOTE: No CharPartition defined, use all CharSets

Loading 15 partitions...
Subset	Type	Seqs	Sites	Infor	Invar	Model	Name
1		35	227	5	216	TESTMERGE	part1.1
2		35	227	3	224	TESTMERGE	part1.2
3		35	227	38	164	TESTMERGE	part1.3
4		35	351	79	225	TESTMERGE	part2.1
5		35	351	62	244	TESTMERGE	part2.2
6		35	351	173	111	TESTMERGE	part2.3
7		36	74	17	47	TESTMERGE	part3.1
8		36	74	15	52	TESTMERGE	part3.2
9		36	74	40	24	TESTMERGE	part3.3
10		35	125	28	70	TESTMERGE	part4.1
11		35	125	22	86	TESTMERGE	part4.2
12		35	125	59	44	TESTMERGE	part4.3
13		35	83	17	53	TESTMERGE	part5.1
14		35	83	11	63	TESTMERGE	part5.2
15		35	83	43	24	TESTMERGE	part5.3
Degree of missing data: 0.052
Info: multi-threading strategy over partitions

NOTE: Myrmecobiidae_Myrmecobius_fasciatus2 is identical to Myrmecobiidae_Myrmecobius_fasciatus1 but kept for subsequent analysis


Create initial parsimony tree by phylogenetic likelihood library (PLL)... 0.012 seconds
NOTE: ModelFinder requires 10 MB RAM!
NUMBER OF THREADS FOR PARTITION FINDING: 8
Testing GTR+F+G on supermatrix...
GTR+F+G4 / LnL: -13430.786 / df: 80 / AIC: 27021.571 / AICc: 27026.757 / BIC: 27490.015
Selecting individual models for 15 charsets using BIC...
 No. Model        Score       Charset
   1 K2P          1577.272    part5.3
   2 K2P+I        1550.873    part3.3
   3 K3P+G4       1670.542    part4.1
   4 K3P+G4       2024.860    part1.3
   5 TIM3e+I      2426.069    part4.3
   6 TIM2+F+G4    3685.680    part2.1
   7 HKY+F+I      1316.655    part4.2
   8 K2P+G4       1012.361    part5.1
   9 K2P+G4       871.225     part5.2
  10 TPM2u+F+G4   3276.992    part2.2	0h:0m:17s (0h:5m:45s left)
  11 JC           1185.657    part1.1	0h:0m:18s (0h:5m:37s left)
  12 K3P+G4       1069.796    part3.1	0h:0m:19s (0h:5m:17s left)
  13 JC           1035.257    part1.2	0h:0m:19s (0h:4m:52s left)
  14 K2P+G4       921.224     part3.2	0h:0m:19s (0h:4m:33s left)
  15 TN+F+G4      6350.755    part2.3	0h:0m:21s (0h:4m:35s left)
Full partition model BIC score: 33022.684 (LnL: -12359.687  df:1057)
Merging models to increase model fit (about 211 total partition schemes)...
  16 TN+F+G4      32622.407   part2.1+part2.2	0h:0m:31s (0h:6m:18s left)
  17 TN+F+G4      32722.332   part1.3+part2.3	0h:0m:32s (0h:6m:9s left)
  18 TN+F+G4      32618.111   part2.3+part4.3	0h:0m:34s (0h:6m:5s left)
  19 TN+F+G4      32664.986   part2.3+part4.1	0h:0m:34s (0h:5m:48s left)
  20 TN+F+G4      32615.818   part2.3+part5.3	0h:0m:34s (0h:5m:32s left)
  21 TN+F+G4      32586.898   part2.3+part3.3	0h:0m:37s (0h:5m:35s left)
  22 TN+F+G4      32721.520   part2.1+part2.3	0h:0m:41s (0h:5m:55s left)
  23 TIM2+F+G4    32735.000   part2.2+part2.3	0h:0m:43s (0h:5m:56s left)
  24 TN+F+G4      32681.772   part2.3+part4.2	0h:0m:50s (0h:6m:35s left)
  25 TN+F+G4      32660.941   part2.3+part5.1	0h:0m:51s (0h:6m:24s left)
  26 TN+F+G4      32849.328   part1.1+part2.3	0h:0m:55s (0h:6m:32s left)
  27 TN+F+G4      32614.402   part2.3+part3.2	0h:0m:55s (0h:6m:17s left)
  28 TN+F+G4      32648.276   part2.3+part5.2	0h:0m:57s (0h:6m:13s left)
  29 TN+F+G4      32582.233   part2.3+part3.1	0h:0m:57s (0h:6m:1s left)
  30 TN+F+I+G4    32886.399   part1.2+part2.3	0h:0m:59s (0h:6m:1s left)
  31 TIM2+F+G4    32688.700   part2.1+part4.3	0h:1m:1s (0h:5m:58s left)
  32 TPM2+F+G4    32632.428   part1.3+part2.1	0h:1m:7s (0h:6m:15s left)
  33 TIM2+F+G4    32658.713   part2.1+part5.3	0h:1m:7s (0h:6m:3s left)
  34 TIM+F+G4     32594.850   part2.1+part4.1	0h:1m:9s (0h:6m:4s left)
  35 TIM2+F+G4    32604.253   part2.1+part4.2	0h:1m:10s (0h:5m:52s left)
  36 TIM2+F+G4    32634.323   part2.1+part3.3	0h:1m:12s (0h:5m:50s left)
  37 TPM2u+F+G4   32736.510   part2.2+part4.3	0h:1m:15s (0h:5m:52s left)
  38 HKY+F+G4     32626.341   part1.3+part2.2	0h:1m:16s (0h:5m:47s left)
  39 TPM2u+F+G4   32686.400   part2.2+part5.3	0h:1m:16s (0h:5m:38s left)
  40 TN+F+G4      32586.530   part2.1+part5.1	0h:1m:18s (0h:5m:36s left)
  41 TPM2+F+G4    32590.777   part2.1+part5.2	0h:1m:19s (0h:5m:28s left)
  42 TPM2+F+G4    32609.160   part2.2+part4.1	0h:1m:28s (0h:5m:56s left)
  43 TPM2+F+G4    32590.664   part2.1+part3.2	0h:1m:31s (0h:5m:57s left)
  44 HKY+F+G4     32642.252   part2.2+part3.3	0h:1m:31s (0h:5m:48s left)
  45 TIM+F+G4     32567.514   part2.1+part3.1	0h:1m:32s (0h:5m:39s left)
  46 TPM2u+F+G4   32570.839   part2.2+part4.2	0h:1m:34s (0h:5m:39s left)
  47 TPM2+F+G4    32610.274   part2.2+part5.1	0h:1m:34s (0h:5m:30s left)
  48 TPM2u+F+G4   32582.880   part2.2+part5.2	0h:1m:36s (0h:5m:26s left)
  49 TPM2u+F+G4   32583.128   part2.2+part3.1	0h:1m:37s (0h:5m:21s left)
  50 TPM2u+F+G4   32635.964   part1.1+part2.1	0h:1m:39s (0h:5m:21s left)
  51 TPM2+F+G4    32672.234   part1.2+part2.1	0h:1m:40s (0h:5m:13s left)
  52 K2P+I        32563.029   part4.3+part5.3	0h:1m:47s (0h:5m:27s left)
  53 HKY+F+G4     32628.632   part1.1+part2.2	0h:1m:47s (0h:5m:20s left)
  54 TPM2u+F+G4   32564.083   part2.2+part3.2	0h:1m:49s (0h:5m:17s left)
  55 TPM2u+F+G4   32630.668   part1.2+part2.2	0h:1m:50s (0h:5m:13s left)
  56 K2P+G4       32611.168   part1.3+part4.3	0h:1m:51s (0h:5m:9s left)
  57 K2P+I        32560.439   part3.3+part4.3	0h:1m:52s (0h:5m:3s left)
  58 K3P+G4       32575.883   part4.1+part4.3	0h:1m:53s (0h:4m:59s left)
  59 K2P+G4       32586.605   part4.2+part4.3	0h:1m:54s (0h:4m:54s left)
  60 K2P+G4       32605.687   part4.3+part5.1	0h:1m:56s (0h:4m:53s left)
  61 K2P+I        32573.373   part4.1+part5.3	0h:1m:56s (0h:4m:47s left)
  62 K2P+G4       32600.085   part1.3+part5.3	0h:1m:57s (0h:4m:42s left)
  63 K2P+I        32560.089   part3.3+part5.3	0h:1m:58s (0h:4m:37s left)
  64 TIM3e+G4     32620.773   part4.3+part5.2	0h:1m:59s (0h:4m:33s left)
  65 K2P+G4       32572.506   part1.3+part4.1	0h:2m:1s (0h:4m:31s left)
  66 K2P+G4       32618.126   part1.3+part3.3	0h:2m:2s (0h:4m:28s left)
  67 TVMe+G4      32588.325   part3.1+part4.3	0h:2m:6s (0h:4m:31s left)
  68 K2P+G4       32593.455   part3.3+part4.1	0h:2m:9s (0h:4m:31s left)
  69 K2P+I        32577.460   part5.1+part5.3	0h:2m:9s (0h:4m:26s left)
  70 K2P+G4       32536.237   part1.3+part4.2	0h:2m:9s (0h:4m:21s left)
  71 K2P+G4       32580.237   part1.3+part5.1	0h:2m:9s (0h:4m:15s left)
  72 K2P+I        32590.576   part4.2+part5.3	0h:2m:10s (0h:4m:11s left)
  73 TIM3e+G4     32589.697   part3.2+part4.3	0h:2m:11s (0h:4m:8s left)
  74 K2P+I        32593.241   part5.2+part5.3	0h:2m:12s (0h:4m:5s left)
  75 HKY+F+I      32611.841   part3.3+part4.2	0h:2m:14s (0h:4m:4s left)
  76 K3P+G4       32524.708   part4.1+part4.2	0h:2m:16s (0h:4m:3s left)
  77 K2P+G4       32569.676   part1.3+part5.2	0h:2m:17s (0h:3m:59s left)
  78 K3P+G4       32561.554   part1.3+part3.1	0h:2m:18s (0h:3m:55s left)
  79 K2P+G4       32561.354   part4.1+part5.1	0h:2m:19s (0h:3m:52s left)
  80 K2P+G4       32597.202   part3.3+part5.1	0h:2m:20s (0h:3m:49s left)
  81 K2P+I        32578.630   part3.2+part5.3	0h:2m:20s (0h:3m:46s left)
  82 K2P+I        32584.757   part3.1+part5.3	0h:2m:21s (0h:3m:42s left)
  83 K2P+G4       32715.531   part1.1+part4.3	0h:2m:24s (0h:3m:43s left)
  84 K2P+G4       32552.258   part4.2+part5.1	0h:2m:28s (0h:3m:43s left)
  85 K2P+G4       32566.189   part4.1+part5.2	0h:2m:28s (0h:3m:40s left)
  86 K2P+G4       32549.916   part1.3+part3.2	0h:2m:29s (0h:3m:36s left)
  87 TVMe+G4      32569.462   part3.1+part4.1	0h:2m:29s (0h:3m:32s left)
  88 TNe+I        32546.269   part3.1+part3.3	0h:2m:32s (0h:3m:33s left)
  89 K2P+G4       32610.003   part3.3+part5.2	0h:2m:32s (0h:3m:29s left)
  90 HKY+F+I      32556.007   part3.2+part3.3	0h:2m:33s (0h:3m:25s left)
  91 K2P+G4       32568.483   part3.2+part4.1	0h:2m:34s (0h:3m:23s left)
  92 K2P+G4       32558.530   part3.1+part4.2	0h:2m:37s (0h:3m:23s left)
  93 HKY+F+G4     32578.801   part4.2+part5.2	0h:2m:37s (0h:3m:20s left)
  94 K2P+G4       32523.668   part5.1+part5.2	0h:2m:37s (0h:3m:16s left)
  95 K2P+I        32706.660   part1.1+part5.3	0h:2m:38s (0h:3m:13s left)
  96 HKY+F+G4     32555.809   part3.2+part4.2	0h:2m:39s (0h:3m:10s left)
  97 K2P+G4       32568.046   part3.1+part5.1	0h:2m:39s (0h:3m:7s left)
  98 TIM3e+G4     32728.879   part1.2+part4.3	0h:2m:41s (0h:3m:6s left)
  99 K2P+G4       32591.225   part1.1+part1.3	0h:2m:41s (0h:3m:3s left)
 100 K2P+G4       32562.480   part3.2+part5.1	0h:2m:45s (0h:3m:3s left)
 101 K2P+G4       32547.216   part3.2+part5.2	0h:2m:45s (0h:3m:0s left)
 102 K2P+G4       32688.157   part1.1+part3.3	0h:2m:46s (0h:2m:57s left)
 103 K3Pu+F+G4    32631.786   part1.1+part4.1	0h:2m:46s (0h:2m:54s left)
 104 K2P+G4       32565.791   part3.1+part5.2	0h:2m:47s (0h:2m:52s left)
 105 K2P+I        32712.551   part1.2+part5.3	0h:2m:47s (0h:2m:49s left)
 106 K2P+G4       32522.963   part3.1+part3.2	0h:2m:48s (0h:2m:47s left)
 107 TNe+G4       32607.259   part1.2+part1.3	0h:2m:49s (0h:2m:44s left)
 108 K2P+I        32601.408   part1.1+part5.1	0h:2m:51s (0h:2m:43s left)
 109 HKY+F+I      32572.510   part1.1+part5.2	0h:2m:52s (0h:2m:40s left)
 110 HKY+F+I      32580.558   part1.2+part4.2	0h:2m:52s (0h:2m:38s left)
 111 HKY+F+I      32583.754   part1.1+part4.2	0h:2m:52s (0h:2m:35s left)
 112 K3P+I        32638.815   part1.2+part4.1	0h:2m:52s (0h:2m:32s left)
 113 K2P+I        32594.966   part1.2+part5.1	0h:2m:56s (0h:2m:32s left)
 114 HKY+F+I      32698.284   part1.2+part3.3	0h:2m:56s (0h:2m:30s left)
 115 F81+F        32507.896   part1.1+part1.2	0h:2m:57s (0h:2m:28s left)
 116 K3P+I        32594.853   part1.1+part3.1	0h:2m:58s (0h:2m:26s left)
 117 HKY+F+I      32586.009   part1.1+part3.2	0h:2m:58s (0h:2m:23s left)
 118 K2P+I        32564.127   part1.2+part5.2	0h:2m:59s (0h:2m:21s left)
 119 HKY+F+I      32589.517   part1.2+part3.2	0h:3m:0s (0h:2m:19s left)
 120 K2P+I        32603.676   part1.2+part3.1	0h:3m:1s (0h:2m:17s left)
Merging part1.1+part1.2 with BIC score: 32507.896 (LnL: -12353.670  df: 993)
 121 HKY+F+I      32129.432   part1.1+part1.2+part5.1	0h:3m:7s (0h:2m:19s left)
 122 HKY+F+I      32098.575   part1.1+part1.2+part4.2	0h:3m:9s (0h:2m:18s left)
 123 K3Pu+F+I     32117.015   part1.1+part1.2+part3.1	0h:3m:12s (0h:2m:17s left)
 124 K3Pu+F+I     32173.305   part1.1+part1.2+part4.1	0h:3m:12s (0h:2m:15s left)
 125 K3Pu+F+G4    32226.235   part1.1+part1.2+part2.1	0h:3m:13s (0h:2m:13s left)
 126 HKY+F+I      32074.567   part1.1+part1.2+part5.2	0h:3m:14s (0h:2m:10s left)
 127 K2P+I        32301.201   part1.1+part1.2+part4.3	0h:3m:15s (0h:2m:9s left)
 128 HKY+F+G4     32186.044   part1.1+part1.2+part2.2	0h:3m:15s (0h:2m:6s left)
 129 HKY+F+I      32087.710   part1.1+part1.2+part3.2	0h:3m:18s (0h:2m:6s left)
 130 HKY+F+I      32270.868   part1.1+part1.2+part5.3	0h:3m:19s (0h:2m:4s left)
 131 K2P+I        32135.908   part1.1+part1.2+part1.3	0h:3m:19s (0h:2m:2s left)
 132 TN+F+I+G4    32546.648   part1.1+part1.2+part2.3	0h:3m:20s (0h:2m:0s left)
 133 HKY+F+I      32234.870   part1.1+part1.2+part3.3	0h:3m:21s (0h:1m:57s left)
Merging part3.1+part3.2 with BIC score: 32008.174 (LnL: -12386.609  df: 921)
 134 HKY+F+G4     31562.256   part3.1+part3.2+part4.2	0h:3m:26s (0h:1m:58s left)
 135 K2P+G4       31567.571   part3.1+part3.2+part5.1	0h:3m:27s (0h:1m:56s left)
 136 K2P+I        31582.169   part3.1+part3.2+part5.3	0h:3m:28s (0h:1m:55s left)
 137 K2P+G4       31551.292   part3.1+part3.2+part5.2	0h:3m:29s (0h:1m:53s left)
 138 K2P+G4       31588.169   part3.1+part3.2+part4.3	0h:3m:31s (0h:1m:51s left)
 139 TN+F+G4      31589.578   part2.1+part3.1+part3.2	0h:3m:34s (0h:1m:51s left)
 140 K2P+G4       31547.468   part3.1+part3.2+part3.3	0h:3m:36s (0h:1m:49s left)
 141 TPM2+F+G4    31578.975   part2.2+part3.1+part3.2	0h:3m:36s (0h:1m:47s left)
 142 K3P+G4       31571.778   part3.1+part3.2+part4.1	0h:3m:36s (0h:1m:45s left)
 143 HKY+F+I      31641.687   part1.1+part1.2+part3.1+part3.2	0h:3m:38s (0h:1m:43s left)
 144 K2P+G4       31545.387   part1.3+part3.1+part3.2	0h:3m:38s (0h:1m:41s left)
 145 TN+F+G4      31616.960   part2.3+part3.1+part3.2	0h:3m:38s (0h:1m:39s left)
Merging part5.1+part5.2 with BIC score: 31509.158 (LnL: -12408.117  df: 852)
 146 K2P+G4       31068.461   part4.2+part5.1+part5.2	0h:3m:43s (0h:1m:39s left)
 147 K2P+G4       31099.125   part5.1+part5.2+part5.3	0h:3m:44s (0h:1m:37s left)
 148 K2P+G4       31079.867   part3.1+part3.2+part5.1+part5.2	0h:3m:45s (0h:1m:36s left)
 149 K2P+G4       31151.506   part4.3+part5.1+part5.2	0h:3m:46s (0h:1m:34s left)
 150 K2P+G4       31122.336   part3.3+part5.1+part5.2	0h:3m:47s (0h:1m:32s left)
 151 HKY+F+G4     31113.135   part2.1+part5.1+part5.2	0h:3m:47s (0h:1m:30s left)
 152 K2P+G4       31075.469   part4.1+part5.1+part5.2	0h:3m:51s (0h:1m:29s left)
 153 TPM2u+F+G4   31133.899   part2.2+part5.1+part5.2	0h:3m:51s (0h:1m:27s left)
 154 HKY+F+I      31150.221   part1.1+part1.2+part5.1+part5.2	0h:3m:51s (0h:1m:25s left)
 155 K2P+G4       31089.608   part1.3+part5.1+part5.2	0h:3m:53s (0h:1m:24s left)
 156 TN+F+G4      31239.140   part2.3+part5.1+part5.2	0h:3m:53s (0h:1m:22s left)
Merging part4.1+part4.2 with BIC score: 31011.182 (LnL: -12441.928  df: 780)
 157 K3P+G4       30619.690   part3.3+part4.1+part4.2	0h:4m:2s (0h:1m:23s left)
 158 TPM2+F+G4    30592.782   part3.1+part3.2+part4.1+part4.2	0h:4m:2s (0h:1m:21s left)
 159 K3P+G4       30596.004   part4.1+part4.2+part4.3	0h:4m:6s (0h:1m:20s left)
 160 K2P+I        30594.457   part4.1+part4.2+part5.3	0h:4m:6s (0h:1m:18s left)
 161 K2P+G4       30605.796   part4.1+part4.2+part5.1+part5.2	0h:4m:7s (0h:1m:16s left)
 162 TIM+F+G4     30632.311   part2.1+part4.1+part4.2	0h:4m:8s (0h:1m:15s left)
 163 K3Pu+F+I     30692.528   part1.1+part1.2+part4.1+part4.2	0h:4m:12s (0h:1m:14s left)
 164 TPM2+F+G4    30618.240   part2.2+part4.1+part4.2	0h:4m:12s (0h:1m:12s left)
 165 K2P+G4       30563.447   part1.3+part4.1+part4.2	0h:4m:12s (0h:1m:10s left)
 166 TIM2+F+G4    30751.884   part2.3+part4.1+part4.2	0h:4m:13s (0h:1m:8s left)
Merging part1.3+part3.1+part3.2 with BIC score: 30548.395 (LnL: -12477.623  df: 712)
 167 K2P+G4       30119.162   part1.3+part3.1+part3.2+part3.3	0h:4m:20s (0h:1m:8s left)
 168 K2P+G4       30126.670   part1.3+part3.1+part3.2+part5.3	0h:4m:21s (0h:1m:7s left)
 169 K2P+G4       30140.280   part1.3+part3.1+part3.2+part5.1+part5.2	0h:4m:23s (0h:1m:5s left)
 170 K2P+G4       30145.030   part1.3+part3.1+part3.2+part4.3	0h:4m:23s (0h:1m:3s left)
 171 K2P+G4       30128.771   part1.3+part3.1+part3.2+part4.1+part4.2	0h:4m:23s (0h:1m:1s left)
 172 TPM2+F+G4    30185.273   part1.3+part2.1+part3.1+part3.2	0h:4m:27s (0h:1m:0s left)
 173 HKY+F+G4     30165.163   part1.3+part2.2+part3.1+part3.2	0h:4m:27s (0h:0m:58s left)
 174 TN+F+G4      30266.677   part1.3+part2.3+part3.1+part3.2	0h:4m:28s (0h:0m:57s left)
 175 HKY+F+I+G4   30221.365   part1.1+part1.2+part1.3+part3.1+part3.2	0h:4m:29s (0h:0m:55s left)
Merging part3.3+part5.3 with BIC score: 30085.800 (LnL: -12505.559  df: 646)
 176 HKY+F+G4     29934.155   part1.1+part1.2+part3.3+part5.3	0h:4m:37s (0h:0m:55s left)
 177 K2P+I        29622.826   part3.3+part4.3+part5.3	0h:4m:38s (0h:0m:53s left)
 178 K2P+G4       29678.049   part1.3+part3.1+part3.2+part3.3+part5.3	0h:4m:38s (0h:0m:51s left)
 179 K2P+G4       29709.763   part3.3+part5.1+part5.2+part5.3	0h:4m:40s (0h:0m:50s left)
 180 K2P+I        29711.170   part3.3+part4.1+part4.2+part5.3	0h:4m:41s (0h:0m:48s left)
 181 TIM2+F+G4    29759.259   part2.1+part3.3+part5.3	0h:4m:43s (0h:0m:47s left)
 182 HKY+F+G4     29784.731   part2.2+part3.3+part5.3	0h:4m:43s (0h:0m:45s left)
 183 TN+F+G4      29690.485   part2.3+part3.3+part5.3	0h:4m:45s (0h:0m:43s left)
Merging part3.3+part4.3+part5.3 with BIC score: 29622.826 (LnL: -12552.944  df: 575)
 184 K2P+G4       29569.511   part1.1+part1.2+part3.3+part4.3+part5.3	0h:4m:58s (0h:0m:43s left)
 185 K2P+G4       29261.003   part3.3+part4.1+part4.2+part4.3+part5.3	0h:5m:1s (0h:0m:42s left)
 186 K2P+G4       29288.501   part3.3+part4.3+part5.1+part5.2+part5.3	0h:5m:3s (0h:0m:40s left)
 187 K2P+G4       29244.403   part1.3+part3.1+part3.2+part3.3+part4.3+part5.3	0h:5m:4s (0h:0m:39s left)
 188 TIM2+F+G4    29364.074   part2.1+part3.3+part4.3+part5.3	0h:5m:7s (0h:0m:37s left)
 189 HKY+F+G4     29414.490   part2.2+part3.3+part4.3+part5.3	0h:5m:7s (0h:0m:35s left)
 190 TN+F+G4      29262.237   part2.3+part3.3+part4.3+part5.3	0h:5m:8s (0h:0m:34s left)
Merging part1.3+part3.1+part3.2+part4.1+part4.2 with BIC score: 29203.202 (LnL: -12618.076  df: 505)
 191 HKY+F+G4     28916.606   part1.1+part1.2+part1.3+part3.1+part3.2+part4.1+part4.2	0h:5m:19s (0h:0m:33s left)
 192 K2P+G4       28806.253   part1.3+part3.1+part3.2+part4.1+part4.2+part5.1+part5.2	0h:5m:21s (0h:0m:31s left)
 193 K3Pu+F+G4    28860.189   part1.3+part2.1+part3.1+part3.2+part4.1+part4.2	0h:5m:27s (0h:0m:30s left)
 194 TPM2u+F+G4   28846.402   part1.3+part2.2+part3.1+part3.2+part4.1+part4.2	0h:5m:27s (0h:0m:28s left)
 195 K2P+G4       28844.901   part1.3+part3.1+part3.2+part3.3+part4.1+part4.2+part4.3+part5.3	0h:5m:28s (0h:0m:26s left)
 196 HKY+F+G4     28994.902   part1.3+part2.3+part3.1+part3.2+part4.1+part4.2	0h:5m:29s (0h:0m:25s left)
Merging part2.1+part2.2 with BIC score: 28802.924 (LnL: -12708.592  df: 431)
 197 HKY+F+G4     28516.942   part1.1+part1.2+part2.1+part2.2	0h:5m:40s (0h:0m:24s left)
 198 HKY+F+G4     28417.038   part2.1+part2.2+part5.1+part5.2	0h:5m:42s (0h:0m:22s left)
 199 K3Pu+F+G4    28460.144   part1.3+part2.1+part2.2+part3.1+part3.2+part4.1+part4.2	0h:5m:45s (0h:0m:20s left)
 200 TN+F+G4      28613.189   part2.1+part2.2+part3.3+part4.3+part5.3	0h:5m:46s (0h:0m:19s left)
 201 TN+F+G4      28550.905   part2.1+part2.2+part2.3	0h:5m:46s (0h:0m:17s left)
Merging part1.3+part3.1+part3.2+part4.1+part4.2+part5.1+part5.2 with BIC score: 28405.975 (LnL: -12781.134  df: 362)
 202 HKY+F+G4     28134.904   part1.1+part1.2+part1.3+part3.1+part3.2+part4.1+part4.2+part5.1+part5.2	0h:5m:57s (0h:0m:15s left)
 203 K2P+G4       28070.423   part1.3+part3.1+part3.2+part3.3+part4.1+part4.2+part4.3+part5.1+part5.2+part5.3	0h:6m:4s (0h:0m:14s left)
 204 HKY+F+G4     28077.519   part1.3+part2.1+part2.2+part3.1+part3.2+part4.1+part4.2+part5.1+part5.2	0h:6m:5s (0h:0m:12s left)
 205 HKY+F+G4     28244.790   part1.3+part2.3+part3.1+part3.2+part4.1+part4.2+part5.1+part5.2	0h:6m:5s (0h:0m:10s left)
Merging part2.3+part3.3+part4.3+part5.3 with BIC score: 28045.386 (LnL: -12871.856  df: 293)
 206 TN+F+I+G4    28172.802   part1.1+part1.2+part2.3+part3.3+part4.3+part5.3	0h:6m:22s (0h:0m:9s left)
 207 HKY+F+G4     27860.644   part1.3+part2.3+part3.1+part3.2+part3.3+part4.1+part4.2+part4.3+part5.1+part5.2+part5.3	0h:6m:25s (0h:0m:7s left)
 208 TN+F+G4      27875.114   part2.1+part2.2+part2.3+part3.3+part4.3+part5.3	0h:6m:26s (0h:0m:5s left)
Merging part1.3+part2.1+part2.2+part3.1+part3.2+part4.1+part4.2+part5.1+part5.2 with BIC score: 27716.929 (LnL: -12982.571  df: 223)
 209 HKY+F+G4     27461.329   part1.1+part1.2+part1.3+part2.1+part2.2+part3.1+part3.2+part4.1+part4.2+part5.1+part5.2	0h:6m:41s (0h:0m:3s left)
 210 TN+F+G4      27583.447   part1.3+part2.1+part2.2+part2.3+part3.1+part3.2+part3.3+part4.1+part4.2+part4.3+part5.1+part5.2+part5.3	0h:6m:50s (0h:0m:1s left)
Merging part1.1+part1.2+part1.3+part2.1+part2.2+part3.1+part3.2+part4.1+part4.2+part5.1+part5.2 with BIC score: 27461.329 (LnL: -13129.715  df: 153)
 211 TN+F+I+G4    27472.692   part1.1+part1.2+part1.3+part2.1+part2.2+part2.3+part3.1+part3.2+part3.3+part4.1+part4.2+part4.3+part5.1+part5.2+part5.3	0h:7m:17s (0h:0m:0s left)
BEST-FIT PARTITION MODEL: 
  charpartition BIC = HKY+F+G4: part1.1 part1.2 part1.3 part2.1 part2.2 part3.1 part3.2 part4.1 part4.2 part5.1 part5.2, TN+F+G4: part2.3 part3.3 part4.3 part5.3;
Agglomerative model selection: (((part1.1,part1.2)1:32507.9,((((part1.3,(part3.1,part3.2)2:32008.2)5:30548.4,(part4.1,part4.2)4:31011.2)8:29203.2,(part5.1,part5.2)3:31509.2)10:28406,(part2.1,part2.2)9:28802.9)12:27716.9)13:27461.3,(part2.3,((part3.3,part5.3)6:30085.8,part4.3)7:29622.8)11:28045.4)
Merging into 2 partitions...
Partition information was printed to 6_set47.best_scheme.nex
Partition information in Raxml format was printed to 6_set47.best_scheme

All model information printed to 6_set47.model.gz
CPU time for ModelFinder: 405.197 seconds (0h:6m:45s)
Wall-clock time for ModelFinder: 439.541 seconds (0h:7m:19s)
Generating 1000 samples for ultrafast bootstrap (seed: 745824)...

NOTE: 9 MB RAM (0 GB) is required!
Measuring multi-threading efficiency up to 8 CPU cores
Increase to 10 rounds for branch lengths
21 trees examined
Threads: 1 / Time: 8.137 sec / Speedup: 1.000 / Efficiency: 100% / LogL: -19997
Threads: 2 / Time: 4.080 sec / Speedup: 1.994 / Efficiency: 100% / LogL: -19997
Threads: 3 / Time: 23.247 sec / Speedup: 0.350 / Efficiency: 12% / LogL: -19997
BEST NUMBER OF THREADS: 2

Estimate model parameters (epsilon = 0.100)
Optimizing TN+F+G4 parameters for partition part2.3+part3.3+part4.3+part5.3 (77 free parameters)
Optimizing HKY+F+G4 parameters for partition part1.1+part1.2+part1.3+part2.1+part2.2+part3.1+part3.2+part4.1+part4.2+part5.1+part5.2 (76 free parameters)
Optimal log-likelihood: -13129.716
Computing ML distances based on estimated model parameters... 0.034 sec
WARNING: Some pairwise ML distances are too long (saturated)
Computing BIONJ tree...
0.010 seconds
Log-likelihood of BIONJ tree: -13137.159
--------------------------------------------------------------------
|             INITIALIZING CANDIDATE TREE SET                      |
--------------------------------------------------------------------
Generating 98 parsimony trees... 3.328 second
Computing log-likelihood of 98 initial trees ... 6.391 seconds
Current best score: -13128.919

Do NNI search on 20 best initial trees
Estimate model parameters (epsilon = 0.100)
BETTER TREE FOUND at iteration 1: -13128.557
Estimate model parameters (epsilon = 0.100)
BETTER TREE FOUND at iteration 6: -13128.304
Iteration 10 / LogL: -13128.309 / Time: 0h:0m:51s
Estimate model parameters (epsilon = 0.100)
BETTER TREE FOUND at iteration 13: -13127.365
Iteration 20 / LogL: -13133.261 / Time: 0h:1m:1s
Finish initializing candidate tree set (6)
Current best tree score: -13127.365 / CPU time: 24.965
Number of iterations: 20
--------------------------------------------------------------------
|               OPTIMIZING CANDIDATE TREE SET                      |
--------------------------------------------------------------------
Iteration 30 / LogL: -13127.414 / Time: 0h:1m:15s (0h:3m:36s left)
Iteration 40 / LogL: -13127.853 / Time: 0h:1m:25s (0h:2m:39s left)
Iteration 50 / LogL: -13127.405 / Time: 0h:1m:37s (0h:2m:5s left)
Log-likelihood cutoff on original alignment: -13162.371
Iteration 60 / LogL: -13128.124 / Time: 0h:1m:48s (0h:1m:37s left)
Iteration 70 / LogL: -13127.786 / Time: 0h:1m:59s (0h:1m:14s left)
Iteration 80 / LogL: -13127.371 / Time: 0h:2m:11s (0h:0m:54s left)
Iteration 90 / LogL: -13128.444 / Time: 0h:2m:24s (0h:0m:37s left)
Iteration 100 / LogL: -13127.618 / Time: 0h:2m:37s (0h:0m:20s left)
Log-likelihood cutoff on original alignment: -13160.394
NOTE: Bootstrap correlation coefficient of split occurrence frequencies: 0.999
Iteration 110 / LogL: -13129.951 / Time: 0h:2m:52s (0h:2m:22s left)
TREE SEARCH COMPLETED AFTER 114 ITERATIONS / Time: 0h:2m:57s

--------------------------------------------------------------------
|                    FINALIZING TREE SEARCH                        |
--------------------------------------------------------------------
Performs final model parameters optimization
Estimate model parameters (epsilon = 0.010)
Optimizing HKY+F+G4 parameters for partition part1.1+part1.2+part1.3+part2.1+part2.2+part3.1+part3.2+part4.1+part4.2+part5.1+part5.2 (76 free parameters)
Optimizing TN+F+G4 parameters for partition part2.3+part3.3+part4.3+part5.3 (77 free parameters)
Optimal log-likelihood: -13127.365
BEST SCORE FOUND : -13127.365
Creating bootstrap support values...
Split supports printed to NEXUS file 6_set47.splits.nex
Total tree length: 0.792

Total number of iterations: 114
CPU time used for tree search: 55.409 sec (0h:0m:55s)
Wall-clock time used for tree search: 140.979 sec (0h:2m:20s)
Total CPU time used: 66.714 sec (0h:1m:6s)
Total wall-clock time used: 178.091 sec (0h:2m:58s)

Computing bootstrap consensus tree...
Reading input file 6_set47.splits.nex...
37 taxa and 141 splits.
Consensus tree written to 6_set47.contree
Reading input trees file 6_set47.contree
Log-likelihood of consensus tree: -13127.364

Analysis results written to: 
  IQ-TREE report:                6_set47.iqtree
  Maximum-likelihood tree:       6_set47.treefile
  Likelihood distances:          6_set47.mldist
  Best partitioning scheme:      6_set47.best_scheme.nex
           in RAxML format:      6_set47.best_scheme

Ultrafast bootstrap approximation results written to:
  Split support values:          6_set47.splits.nex
  Consensus tree:                6_set47.contree
  Screen log file:               6_set47.log

Date and Time: Thu Sep  6 22:25:11 2018
