IQ-TREE multicore version 1.6.7 for Mac OS X 64-bit built Aug 23 2018
Developed by Bui Quang Minh, Nguyen Lam Tung, Olga Chernomor,
Heiko Schmidt, Dominik Schrempf, Michael Woodhams.

Host:    meeps-mac-pro.staff.sydney.edu.au (AVX, 64 GB RAM)
Command: /Users/davidduchene/Desktop/Software/iqtree-1.6.7-MacOSX/bin/iqtree -s ../../../../marsupials/set62.fasta -m TESTMERGE -bb 1000 -sp ../../../../marsupials/set62.nex -nt AUTO -pre 6_set62
Seed:    727623 (Using SPRNG - Scalable Parallel Random Number Generator)
Time:    Fri Sep  7 01:13:10 2018
Kernel:  AVX - auto-detect threads (8 CPU cores detected)

Reading partition model file ../../../../marsupials/set62.nex ...
Reading alignment file ../../../../marsupials/set62.fasta ... Fasta format detected
Alignment most likely contains DNA/RNA sequences
Alignment has 37 sequences with 2211 columns, 1104 distinct patterns
668 parsimony-informative, 342 singleton sites, 1201 constant sites
                                              Gap/Ambiguity  Composition  p-value
   1  Burramyidae_Burramys_parvus                     1.58%    passed     88.94%
   2  Notoryctidae_Notoryctes_typhlops                3.48%    passed     82.56%
   3  Vombatidae_Lasiorhinus_latifrons                0.23%    passed     73.83%
   4  Potoroidae_Bettongia_penicillata                8.68%    passed     88.15%
   5  Potoroidae_Bettongia_lesueur                    0.41%    passed     97.00%
   6  Dasyuridae_Dasyurus_maculatus                   0.09%    passed     25.67%
   7  Phalangeridae_Trichosurus_vulpecula             1.45%    passed     94.02%
   8  Phalangeridae_Spilocuscus_maculatus             1.85%    passed     79.25%
   9  Potoroidae_Aepyprymnus_rufescens                0.18%    passed     92.23%
  10  Peramelidae_Perameles_nasuta                    9.27%    passed     99.72%
  11  Myrmecobiidae_Myrmecobius_fasciatus1           91.04%    failed      0.30%
  12  Phalangeridae_Strigocuscus_pelengensis          2.62%    passed     86.16%
  13  Dasyuridae_Phascogale_tapoatafa                 1.22%    passed     22.94%
  14  Dasyuridae_Sminthopsis_macroura                 0.63%    passed     61.38%
  15  Phalangeridae_Phalanger_orientalis              0.59%    passed     88.37%
  16  Acrobatidae_Acrobates_pygmaeus                  1.90%    passed     90.36%
  17  Dasyuridae_Phascogale_calura                    1.00%    passed     19.83%
  18  Dasyuridae_Sarcophilus_harrisii                 0.05%    passed      8.22%
  19  Dasyuridae_Planigale_tenuirostris               5.88%    passed     33.21%
  20  Peramelidae_Echymipera_kalubu                   0.32%    passed     48.94%
  21  Macropodidae_Dorcopsulus_vanheurni              0.68%    passed     97.63%
  22  Pseudochiridae_Pseudochirulus_forbesi           2.62%    passed     62.12%
  23  Didelphidae_Didelphis_virginiana               16.15%    passed     84.35%
  24  Marmosidae_Monodelphis_domestica                0.63%    passed     73.81%
  25  Dasyuridae_Antechinus_stuartii                  3.21%    passed     22.54%
  26  Hypsiprymnodontidae_Hypsiprymnodon_moschatus    0.09%    passed     92.47%
  27  Microbiotheriidae_Dromiciops_gliroides          6.11%    passed     85.43%
  28  Pseudochiridae_Petauroides_volans              13.30%    passed     86.62%
  29  Macropodidae_Wallabia_bicolor                   0.72%    passed     98.76%
  30  Pseudochiridae_Pseudocheirus_occidentalis      11.13%    passed     83.07%
  31  Tarsipedidae_Tarsipes_rostratus                 2.04%    passed     99.45%
  32  Acrobatidae_Distoechurus_pennatus               0.05%    passed     52.57%
  33  Myrmecobiidae_Myrmecobius_fasciatus2           91.04%    failed      0.30%
  34  Phalangeridae_Phalanger_carmelitae              5.88%    passed     78.81%
  35  Peramelidae_Peroryctes_raffrayana              10.09%    passed     98.88%
  36  Dasyuridae_Dasyurus_geffroii                    0.14%    passed     35.47%
  37  Peramelidae_Perameles_gunnii                    0.27%    passed     72.27%
WARNING: 2 sequences contain more than 50% gaps/ambiguity
****  TOTAL                                           8.02%  2 sequences failed composition chi2 test (p-value<5%; df=3)
NOTE: No CharPartition defined, use all CharSets

Loading 15 partitions...
Subset	Type	Seqs	Sites	Infor	Invar	Model	Name
1		34	109	26	63	TESTMERGE	part1.1
2		34	109	26	53	TESTMERGE	part1.2
3		34	109	27	60	TESTMERGE	part1.3
4		35	216	38	152	TESTMERGE	part2.1
5		35	216	30	164	TESTMERGE	part2.2
6		35	216	117	61	TESTMERGE	part2.3
7		34	66	12	43	TESTMERGE	part3.1
8		34	66	8	53	TESTMERGE	part3.2
9		34	66	28	23	TESTMERGE	part3.3
10		34	89	2	78	TESTMERGE	part4.1
11		34	89	3	80	TESTMERGE	part4.2
12		34	89	41	29	TESTMERGE	part4.3
13		35	257	88	131	TESTMERGE	part5.1
14		35	257	61	162	TESTMERGE	part5.2
15		35	257	161	49	TESTMERGE	part5.3
Degree of missing data: 0.064
Info: multi-threading strategy over partitions

NOTE: Myrmecobiidae_Myrmecobius_fasciatus2 is identical to Myrmecobiidae_Myrmecobius_fasciatus1 but kept for subsequent analysis


Create initial parsimony tree by phylogenetic likelihood library (PLL)... 0.009 seconds
NOTE: ModelFinder requires 11 MB RAM!
NUMBER OF THREADS FOR PARTITION FINDING: 8
Testing GTR+F+G on supermatrix...
GTR+F+G4 / LnL: -14590.406 / df: 80 / AIC: 29340.813 / AICc: 29346.897 / BIC: 29796.909
Selecting individual models for 15 charsets using BIC...
 No. Model        Score       Charset
   1 HKY+F        1521.025    part4.3
   2 K2P+G4       1604.118    part1.2
   3 HKY+F+G4     3273.422    part5.2
   4 TNe+G4       2405.083    part2.1
   5 K2P+G4       1656.565    part1.3
   6 TIM2e+G4     4237.210    part5.1
   7 K2P+G4       843.588     part3.1
   8 K2P+G4       1459.270    part1.1
   9 TIM2e+G4     5790.878    part5.3
  10 TPM3u+F+G4   2113.479    part2.2	0h:0m:19s (0h:6m:23s left)
  11 TNe          1206.777    part3.3	0h:0m:19s (0h:6m:0s left)
  12 K2P+G4       714.993     part4.1	0h:0m:21s (0h:5m:49s left)
  13 HKY+F+G4     651.499     part3.2	0h:0m:21s (0h:5m:22s left)
  14 F81+F+I      673.216     part4.2	0h:0m:21s (0h:4m:59s left)
  15 TPM2+F+G4    4376.752    part2.3	0h:0m:21s (0h:4m:38s left)
Full partition model BIC score: 35470.739 (LnL: -13730.745  df:1040)
Merging models to increase model fit (about 211 total partition schemes)...
  16 K2P+G4       35133.606   part2.3+part5.2	0h:0m:30s (0h:6m:7s left)
  17 K2P+G4       35058.129   part1.2+part5.3	0h:0m:31s (0h:5m:57s left)
  18 TIM2e+G4     35143.906   part2.1+part5.3	0h:0m:33s (0h:5m:54s left)
  19 TIM2e+G4     35120.235   part5.2+part5.3	0h:0m:33s (0h:5m:38s left)
  20 HKY+F+G4     35224.271   part2.2+part5.3	0h:0m:33s (0h:5m:20s left)
  21 TIM2e+G4     35069.422   part5.1+part5.3	0h:0m:35s (0h:5m:19s left)
  22 TIM2+F+G4    35098.196   part2.3+part5.1	0h:0m:36s (0h:5m:15s left)
  23 TIM2+F+G4    35073.125   part2.3+part5.3	0h:0m:42s (0h:5m:46s left)
  24 K2P+G4       35045.981   part4.3+part5.3	0h:0m:48s (0h:6m:19s left)
  25 K2P+G4       35081.947   part1.3+part5.3	0h:0m:51s (0h:6m:21s left)
  26 K2P+G4       35076.204   part1.1+part5.3	0h:0m:52s (0h:6m:12s left)
  27 TPM2+F+G4    35126.790   part2.1+part2.3	0h:0m:53s (0h:6m:4s left)
  28 TIM2e+G4     35089.024   part3.3+part5.3	0h:0m:54s (0h:5m:53s left)
  29 TPM2+F+I+G4  35013.644   part5.1+part5.2	0h:0m:55s (0h:5m:45s left)
  30 K2P+G4       35189.060   part2.2+part2.3	0h:0m:55s (0h:5m:32s left)
  31 TIM2e+G4     35117.340   part3.1+part5.3	0h:0m:58s (0h:5m:37s left)
  32 TIM2e+G4     35125.962   part4.1+part5.3	0h:1m:2s (0h:5m:47s left)
  33 K2P+G4       35138.947   part3.2+part5.3	0h:1m:2s (0h:5m:37s left)
  34 K2P+G4       35152.787   part4.2+part5.3	0h:1m:4s (0h:5m:36s left)
  35 TPM2+F+G4    35093.803   part1.2+part2.3	0h:1m:7s (0h:5m:37s left)
  36 TNe+G4       35097.704   part1.3+part2.3	0h:1m:8s (0h:5m:30s left)
  37 TPM2+F+I+G4  35036.872   part2.1+part5.1	0h:1m:8s (0h:5m:21s left)
  38 TPM2u+F+G4   35097.677   part2.3+part4.3	0h:1m:8s (0h:5m:11s left)
  39 TN+F+G4      35108.303   part1.1+part2.3	0h:1m:12s (0h:5m:18s left)
  40 K3P+I+G4     35008.728   part2.1+part5.2	0h:1m:15s (0h:5m:24s left)
  41 TPM2u+F+I+G4 35070.699   part2.2+part5.1	0h:1m:16s (0h:5m:17s left)
  42 TIM2e+G4     35038.801   part1.2+part5.1	0h:1m:17s (0h:5m:12s left)
  43 TPM2+F+G4    35113.867   part2.3+part3.3	0h:1m:19s (0h:5m:11s left)
  44 TIM2e+G4     35081.878   part4.3+part5.1	0h:1m:21s (0h:5m:8s left)
  45 TVM+F+I+G4   35017.166   part2.2+part5.2	0h:1m:23s (0h:5m:9s left)
  46 TPM2+F+G4    35116.128   part2.3+part3.1	0h:1m:26s (0h:5m:9s left)
  47 HKY+F+G4     35155.964   part2.3+part3.2	0h:1m:29s (0h:5m:10s left)
  48 TPM2+F+G4    35044.519   part1.3+part5.1	0h:1m:33s (0h:5m:16s left)
  49 HKY+F+G4     35027.287   part1.1+part5.1	0h:1m:35s (0h:5m:14s left)
  50 HKY+F+G4     35039.697   part1.2+part5.2	0h:1m:37s (0h:5m:14s left)
  51 TIM2e+G4     35109.951   part3.3+part5.1	0h:1m:37s (0h:5m:6s left)
  52 TNe+G4       35158.811   part2.3+part4.2	0h:1m:39s (0h:5m:3s left)
  53 HKY+F+G4     35053.023   part4.3+part5.2	0h:1m:39s (0h:4m:56s left)
  54 TPM2+F+G4    35094.332   part2.3+part4.1	0h:1m:41s (0h:4m:54s left)
  55 HKY+F+G4     35045.564   part1.3+part5.2	0h:1m:42s (0h:4m:49s left)
  56 HKY+F+G4     35032.130   part1.1+part5.2	0h:1m:49s (0h:5m:2s left)
  57 TVMe+I+G4    35019.862   part2.1+part2.2	0h:1m:50s (0h:4m:59s left)
  58 HKY+F+G4     35092.061   part3.3+part5.2	0h:1m:53s (0h:4m:59s left)
  59 TNe+G4       35032.118   part1.2+part2.1	0h:1m:54s (0h:4m:55s left)
  60 TIM2e+G4     35065.021   part3.1+part5.1	0h:1m:56s (0h:4m:52s left)
  61 TPM2u+F+I+G4 35069.182   part4.2+part5.1	0h:1m:57s (0h:4m:48s left)
  62 TPM2+F+G4    35092.531   part3.2+part5.1	0h:1m:58s (0h:4m:43s left)
  63 TPM2u+F+G4   35040.073   part4.1+part5.1	0h:1m:59s (0h:4m:39s left)
  64 K2P+G4       35074.824   part2.1+part4.3	0h:2m:1s (0h:4m:38s left)
  65 HKY+F+G4     35058.927   part3.1+part5.2	0h:2m:4s (0h:4m:40s left)
  66 TNe+G4       35022.713   part1.3+part2.1	0h:2m:6s (0h:4m:38s left)
  67 TNe+G4       35029.913   part1.1+part2.1	0h:2m:7s (0h:4m:33s left)
  68 HKY+F+G4     35052.783   part3.2+part5.2	0h:2m:8s (0h:4m:29s left)
  69 TPM3u+F+G4   35102.391   part2.2+part4.3	0h:2m:10s (0h:4m:27s left)
  70 TNe+G4       35108.515   part2.1+part3.3	0h:2m:12s (0h:4m:26s left)
  71 HKY+F+G4     35027.199   part1.3+part2.2	0h:2m:12s (0h:4m:21s left)
  72 TPM3u+F+G4   35047.456   part1.2+part2.2	0h:2m:13s (0h:4m:17s left)
  73 K2P+I+G4     35009.221   part4.1+part5.2	0h:2m:16s (0h:4m:18s left)
  74 HKY+F+I+G4   35028.787   part4.2+part5.2	0h:2m:18s (0h:4m:16s left)
  75 TPM3+F+G4    35014.659   part1.1+part2.2	0h:2m:19s (0h:4m:12s left)
  76 TNe+G4       35057.194   part2.1+part3.1	0h:2m:21s (0h:4m:11s left)
  77 HKY+F+G4     35059.885   part1.2+part4.3	0h:2m:22s (0h:4m:7s left)
  78 TNe+G4       35056.554   part2.1+part3.2	0h:2m:25s (0h:4m:7s left)
  79 K2P+G4       35033.932   part1.2+part1.3	0h:2m:25s (0h:4m:2s left)
  80 K2P+G4       35011.299   part1.1+part1.2	0h:2m:25s (0h:3m:58s left)
  81 TPM3u+F+G4   35109.486   part2.2+part3.3	0h:2m:27s (0h:3m:57s left)
  82 K2P+G4       35080.142   part1.3+part4.3	0h:2m:29s (0h:3m:55s left)
  83 K2P+G4       35066.400   part1.1+part4.3	0h:2m:29s (0h:3m:51s left)
  84 K2P+G4       35011.101   part1.1+part1.3	0h:2m:32s (0h:3m:49s left)
  85 HKY+F+G4     35046.101   part2.2+part3.1	0h:2m:35s (0h:3m:51s left)
  86 TNe+I+G4     35007.160   part2.1+part4.1	0h:2m:36s (0h:3m:47s left)
  87 K2P+G4       35102.126   part1.3+part3.3	0h:2m:36s (0h:3m:43s left)
  88 K2P+G4       35084.671   part1.2+part3.3	0h:2m:38s (0h:3m:41s left)
  89 HKY+F        35057.207   part3.3+part4.3	0h:2m:38s (0h:3m:37s left)
  90 TNe+I+G4     35022.434   part2.1+part4.2	0h:2m:38s (0h:3m:33s left)
  91 K2P+G4       35097.249   part1.1+part3.3	0h:2m:41s (0h:3m:33s left)
  92 HKY+F+I      35098.972   part3.1+part4.3	0h:2m:44s (0h:3m:32s left)
  93 TPM3u+F+G4   35031.039   part2.2+part3.2	0h:2m:44s (0h:3m:29s left)
  94 HKY+F+I      35084.576   part3.2+part4.3	0h:2m:46s (0h:3m:26s left)
  95 K2P+G4       35074.861   part1.2+part3.1	0h:2m:46s (0h:3m:23s left)
  96 TN+F+G4      35077.572   part1.2+part3.2	0h:2m:47s (0h:3m:20s left)
  97 K2P+G4       35063.547   part1.3+part3.1	0h:2m:48s (0h:3m:18s left)
  98 TPM3u+F+G4   35010.105   part2.2+part4.2	0h:2m:50s (0h:3m:16s left)
  99 TVMe+I+G4    35019.222   part2.2+part4.1	0h:2m:51s (0h:3m:14s left)
 100 K2P+G4       35051.728   part1.1+part3.1	0h:2m:51s (0h:3m:10s left)
 101 HKY+F+G4     35077.237   part1.3+part3.2	0h:2m:53s (0h:3m:8s left)
 102 TPM3u+F+G4   35075.292   part1.1+part3.2	0h:2m:54s (0h:3m:6s left)
 103 K2P+G4       35032.909   part1.2+part4.1	0h:2m:55s (0h:3m:4s left)
 104 K2P+I        35059.935   part4.1+part4.3	0h:2m:56s (0h:3m:1s left)
 105 K2P+G4       35034.719   part3.1+part3.3	0h:2m:56s (0h:2m:58s left)
 106 TN+F+I       35091.367   part4.2+part4.3	0h:2m:59s (0h:2m:58s left)
 107 HKY+F+G4     35057.923   part1.2+part4.2	0h:3m:1s (0h:2m:56s left)
 108 TPM2u+F+I    35023.869   part3.2+part3.3	0h:3m:2s (0h:2m:54s left)
 109 K2P+G4       35034.418   part1.3+part4.1	0h:3m:3s (0h:2m:51s left)
 110 K2P+G4       35021.729   part1.1+part4.1	0h:3m:5s (0h:2m:50s left)
 111 HKY+F+G4     35057.140   part1.3+part4.2	0h:3m:7s (0h:2m:48s left)
 112 TPM2+F+G4    35047.345   part1.1+part4.2	0h:3m:9s (0h:2m:47s left)
 113 TNe+G4       35095.861   part3.3+part4.1	0h:3m:10s (0h:2m:44s left)
 114 K2P+G4       35000.422   part3.1+part3.2	0h:3m:11s (0h:2m:43s left)
 115 K2P+G4       35038.817   part3.1+part4.1	0h:3m:12s (0h:2m:40s left)
 116 K2P+G4       35037.430   part3.2+part4.1	0h:3m:13s (0h:2m:38s left)
 117 K2P+G4       35052.597   part3.1+part4.2	0h:3m:13s (0h:2m:35s left)
 118 K2P+I        34975.719   part4.1+part4.2	0h:3m:14s (0h:2m:32s left)
 119 K2P+G4       35111.400   part3.3+part4.2	0h:3m:14s (0h:2m:30s left)
 120 HKY+F+G4     35052.621   part3.2+part4.2	0h:3m:14s (0h:2m:27s left)
Merging part4.1+part4.2 with BIC score: 34975.719 (LnL: -13748.927  df: 971)
 121 K2P+G4       34583.562   part1.3+part4.1+part4.2	0h:3m:22s (0h:2m:30s left)
 122 K2P+G4       34582.878   part1.2+part4.1+part4.2	0h:3m:24s (0h:2m:29s left)
 123 HKY+F+I+G4   34546.008   part2.1+part4.1+part4.2	0h:3m:26s (0h:2m:27s left)
 124 TPM3u+F+I+G4 34552.454   part2.2+part4.1+part4.2	0h:3m:27s (0h:2m:25s left)
 125 K2P+I+G4     34558.226   part4.1+part4.2+part5.2	0h:3m:27s (0h:2m:22s left)
 126 K2P+G4       34559.293   part1.1+part4.1+part4.2	0h:3m:27s (0h:2m:20s left)
 127 K2P+G4       34751.562   part4.1+part4.2+part5.3	0h:3m:29s (0h:2m:18s left)
 128 TIM2+F+G4    34736.937   part2.3+part4.1+part4.2	0h:3m:29s (0h:2m:15s left)
 129 K2P+G4       34644.221   part3.3+part4.1+part4.2	0h:3m:29s (0h:2m:13s left)
 130 TPM2u+F+I+G4 34616.165   part4.1+part4.2+part5.1	0h:3m:30s (0h:2m:11s left)
 131 K2P+G4       34562.375   part3.2+part4.1+part4.2	0h:3m:31s (0h:2m:9s left)
 132 K2P+G4       34563.753   part3.1+part4.1+part4.2	0h:3m:31s (0h:2m:6s left)
 133 K2P+I        34619.854   part4.1+part4.2+part4.3	0h:3m:32s (0h:2m:4s left)
Merging part3.1+part3.2 with BIC score: 34505.402 (LnL: -13783.310  df: 901)
 134 K2P+G4       34119.606   part1.1+part3.1+part3.2	0h:3m:39s (0h:2m:6s left)
 135 K2P+G4       34125.973   part1.3+part3.1+part3.2	0h:3m:40s (0h:2m:4s left)
 136 TNe+G4       34113.936   part2.1+part3.1+part3.2	0h:3m:41s (0h:2m:2s left)
 137 HKY+F+G4     34151.369   part1.2+part3.1+part3.2	0h:3m:42s (0h:2m:0s left)
 138 HKY+F+G4     34117.166   part3.1+part3.2+part5.2	0h:3m:43s (0h:1m:57s left)
 139 TPM3u+F+G4   34087.219   part2.2+part3.1+part3.2	0h:3m:45s (0h:1m:56s left)
 140 K2P+G4       34108.956   part3.1+part3.2+part4.1+part4.2	0h:3m:47s (0h:1m:55s left)
 141 K2P+G4       34236.103   part2.3+part3.1+part3.2	0h:3m:48s (0h:1m:53s left)
 142 K2P+G4       34240.699   part3.1+part3.2+part5.3	0h:3m:49s (0h:1m:51s left)
 143 HKY+F+I      34084.081   part3.1+part3.2+part3.3	0h:3m:49s (0h:1m:49s left)
 144 HKY+F+I      34161.845   part3.1+part3.2+part4.3	0h:3m:50s (0h:1m:47s left)
 145 TIM2e+G4     34156.167   part3.1+part3.2+part5.1	0h:3m:54s (0h:1m:46s left)
Merging part2.1+part5.2 with BIC score: 34043.391 (LnL: -13825.697  df: 830)
 146 K2P+I+G4     33602.520   part1.1+part2.1+part5.2	0h:4m:6s (0h:1m:49s left)
 147 K2P+I+G4     33617.352   part1.2+part2.1+part5.2	0h:4m:6s (0h:1m:47s left)
 148 K3P+G4       33613.853   part1.3+part2.1+part5.2	0h:4m:8s (0h:1m:45s left)
 149 TIM2e+I+G4   33667.374   part2.1+part3.1+part3.2+part5.2	0h:4m:8s (0h:1m:43s left)
 150 TVMe+I+G4    33627.328   part2.1+part4.1+part4.2+part5.2	0h:4m:11s (0h:1m:42s left)
 151 TVM+F+I+G4   33595.448   part2.1+part2.2+part5.2	0h:4m:12s (0h:1m:40s left)
 152 K2P+G4       33741.161   part2.1+part2.3+part5.2	0h:4m:13s (0h:1m:38s left)
 153 TIM2e+G4     33748.928   part2.1+part5.2+part5.3	0h:4m:14s (0h:1m:36s left)
 154 K2P+G4       33651.410   part2.1+part4.3+part5.2	0h:4m:19s (0h:1m:36s left)
 155 TIMe+G4      33689.104   part2.1+part3.3+part5.2	0h:4m:19s (0h:1m:33s left)
 156 TIM2e+I+G4   33596.303   part2.1+part5.1+part5.2	0h:4m:23s (0h:1m:32s left)
Merging part1.1+part1.3 with BIC score: 33583.752 (LnL: -13853.868  df: 763)
 157 HKY+F+G4     33202.292   part1.1+part1.3+part4.1+part4.2	0h:4m:32s (0h:1m:33s left)
 158 K2P+G4       33201.897   part1.1+part1.3+part4.3	0h:4m:33s (0h:1m:31s left)
 159 K2P+G4       33229.019   part1.1+part1.3+part3.3	0h:4m:35s (0h:1m:30s left)
 160 K2P+G4       33144.901   part1.1+part1.2+part1.3	0h:4m:35s (0h:1m:27s left)
 161 HKY+F+G4     33216.739   part1.1+part1.3+part3.1+part3.2	0h:4m:36s (0h:1m:25s left)
 162 TPM3u+F+G4   33144.682   part1.1+part1.3+part2.2	0h:4m:38s (0h:1m:24s left)
 163 K3Pu+F+G4    33167.529   part1.1+part1.3+part2.1+part5.2	0h:4m:40s (0h:1m:22s left)
 164 TNe+G4       33240.026   part1.1+part1.3+part2.3	0h:4m:41s (0h:1m:20s left)
 165 HKY+F+G4     33157.445   part1.1+part1.3+part5.1	0h:4m:44s (0h:1m:19s left)
 166 K2P+G4       33235.001   part1.1+part1.3+part5.3	0h:4m:44s (0h:1m:17s left)
Merging part2.1+part2.2+part5.2 with BIC score: 33135.810 (LnL: -13891.738  df: 695)
 167 HKY+F+G4     32761.838   part2.1+part2.2+part4.3+part5.2	0h:5m:1s (0h:1m:19s left)
 168 TVMe+I+G4    32710.422   part2.1+part2.2+part4.1+part4.2+part5.2	0h:5m:2s (0h:1m:17s left)
 169 TVM+F+I+G4   32717.498   part1.2+part2.1+part2.2+part5.2	0h:5m:2s (0h:1m:15s left)
 170 K3Pu+F+I+G4  32793.642   part2.1+part2.2+part3.3+part5.2	0h:5m:2s (0h:1m:13s left)
 171 K2P+G4       32881.848   part2.1+part2.2+part2.3+part5.2	0h:5m:3s (0h:1m:10s left)
 172 K3Pu+F+I+G4  32706.891   part1.1+part1.3+part2.1+part2.2+part5.2	0h:5m:3s (0h:1m:8s left)
 173 TVM+F+I+G4   32745.440   part2.1+part2.2+part3.1+part3.2+part5.2	0h:5m:4s (0h:1m:6s left)
 174 TPM2u+F+I+G4 32714.995   part2.1+part2.2+part5.1+part5.2	0h:5m:4s (0h:1m:4s left)
 175 TIM2e+G4     32912.920   part2.1+part2.2+part5.2+part5.3	0h:5m:13s (0h:1m:4s left)
Merging part1.1+part1.2+part1.3 with BIC score: 32696.959 (LnL: -13930.303  df: 628)
 176 K2P+G4       32324.397   part1.1+part1.2+part1.3+part4.1+part4.2	0h:5m:23s (0h:1m:4s left)
 177 K2P+G4       32309.413   part1.1+part1.2+part1.3+part4.3	0h:5m:24s (0h:1m:2s left)
 178 K2P+G4       32341.132   part1.1+part1.2+part1.3+part3.3	0h:5m:24s (0h:1m:0s left)
 179 HKY+F+G4     32341.067   part1.1+part1.2+part1.3+part3.1+part3.2	0h:5m:26s (0h:0m:58s left)
 180 HKY+F+G4     32272.722   part1.1+part1.2+part1.3+part5.1	0h:5m:27s (0h:0m:56s left)
 181 K2P+G4       32355.958   part1.1+part1.2+part1.3+part2.3	0h:5m:27s (0h:0m:54s left)
 182 K2P+G4       32352.760   part1.1+part1.2+part1.3+part5.3	0h:5m:28s (0h:0m:52s left)
 183 HKY+F+I+G4   32282.712   part1.1+part1.2+part1.3+part2.1+part2.2+part5.2	0h:5m:29s (0h:0m:50s left)
Merging part2.1+part2.2+part4.1+part4.2+part5.2 with BIC score: 32271.571 (LnL: -13987.151  df: 558)
 184 HKY+F+I+G4   31919.475   part2.1+part2.2+part4.1+part4.2+part4.3+part5.2	0h:5m:42s (0h:0m:50s left)
 185 TVM+F+I+G4   31887.676   part2.1+part2.2+part3.1+part3.2+part4.1+part4.2+part5.2	0h:5m:46s (0h:0m:48s left)
 186 K3Pu+F+I+G4  31945.950   part2.1+part2.2+part3.3+part4.1+part4.2+part5.2	0h:5m:46s (0h:0m:46s left)
 187 TIM2e+G4     32106.426   part2.1+part2.2+part4.1+part4.2+part5.2+part5.3	0h:5m:48s (0h:0m:44s left)
 188 HKY+F+I+G4   31876.617   part1.1+part1.2+part1.3+part2.1+part2.2+part4.1+part4.2+part5.2	0h:5m:48s (0h:0m:42s left)
 189 TPM2u+F+I+G4 31872.226   part2.1+part2.2+part4.1+part4.2+part5.1+part5.2	0h:5m:48s (0h:0m:40s left)
 190 K2P+I+G4     32062.165   part2.1+part2.2+part2.3+part4.1+part4.2+part5.2	0h:5m:49s (0h:0m:38s left)
Merging part4.3+part5.3 with BIC score: 31846.813 (LnL: -14048.164  df: 487)
 191 K2P+G4       31458.611   part3.3+part4.3+part5.3	0h:6m:2s (0h:0m:37s left)
 192 HKY+F+G4     31583.130   part3.1+part3.2+part4.3+part5.3	0h:6m:2s (0h:0m:35s left)
 193 TIM2e+G4     31459.038   part4.3+part5.1+part5.3	0h:6m:3s (0h:0m:33s left)
 194 K2P+G4       31503.934   part1.1+part1.2+part1.3+part4.3+part5.3	0h:6m:4s (0h:0m:31s left)
 195 K2P+G4       31460.295   part2.3+part4.3+part5.3	0h:6m:4s (0h:0m:29s left)
 196 TPM2+F+G4    31710.938   part2.1+part2.2+part4.1+part4.2+part4.3+part5.2+part5.3	0h:6m:5s (0h:0m:27s left)
Merging part1.1+part1.2+part1.3+part5.1 with BIC score: 31422.577 (LnL: -14090.186  df: 421)
 197 HKY+F+G4     31063.829   part1.1+part1.2+part1.3+part3.3+part5.1	0h:6m:16s (0h:0m:26s left)
 198 HKY+F+G4     31064.827   part1.1+part1.2+part1.3+part3.1+part3.2+part5.1	0h:6m:17s (0h:0m:24s left)
 199 K2P+G4       31071.257   part1.1+part1.2+part1.3+part2.3+part5.1	0h:6m:19s (0h:0m:22s left)
 200 HKY+F+G4     31086.180   part1.1+part1.2+part1.3+part4.3+part5.1+part5.3	0h:6m:21s (0h:0m:20s left)
 201 HKY+F+I+G4   31037.752   part1.1+part1.2+part1.3+part2.1+part2.2+part4.1+part4.2+part5.1+part5.2	0h:6m:22s (0h:0m:19s left)
Merging part3.1+part3.2+part3.3 with BIC score: 31001.256 (LnL: -14125.964  df: 357)
 202 K2P+G4       30724.776   part2.3+part3.1+part3.2+part3.3	0h:6m:33s (0h:0m:17s left)
 203 HKY+F+G4     30666.455   part1.1+part1.2+part1.3+part3.1+part3.2+part3.3+part5.1	0h:6m:36s (0h:0m:15s left)
 204 TN+F+G4      30719.486   part3.1+part3.2+part3.3+part4.3+part5.3	0h:6m:37s (0h:0m:13s left)
 205 HKY+F+I+G4   30668.832   part2.1+part2.2+part3.1+part3.2+part3.3+part4.1+part4.2+part5.2	0h:6m:38s (0h:0m:11s left)
Merging part2.3+part4.3+part5.3 with BIC score: 30614.738 (LnL: -14213.798  df: 284)
 206 K2P+G4       30340.759   part2.3+part3.1+part3.2+part3.3+part4.3+part5.3	0h:6m:50s (0h:0m:9s left)
 207 TIM2e+G4     30551.642   part2.1+part2.2+part2.3+part4.1+part4.2+part4.3+part5.2+part5.3	0h:6m:52s (0h:0m:7s left)
 208 TIM2e+G4     30281.917   part1.1+part1.2+part1.3+part2.3+part4.3+part5.1+part5.3	0h:6m:53s (0h:0m:5s left)
Merging part1.1+part1.2+part1.3+part2.1+part2.2+part4.1+part4.2+part5.1+part5.2 with BIC score: 30229.913 (LnL: -14298.629  df: 212)
 209 HKY+F+I+G4   29895.945   part1.1+part1.2+part1.3+part2.1+part2.2+part3.1+part3.2+part3.3+part4.1+part4.2+part5.1+part5.2	0h:7m:10s (0h:0m:4s left)
 210 TIM2e+G4     30111.635   part1.1+part1.2+part1.3+part2.1+part2.2+part2.3+part4.1+part4.2+part4.3+part5.1+part5.2+part5.3	0h:7m:12s (0h:0m:2s left)
Merging part1.1+part1.2+part1.3+part2.1+part2.2+part3.1+part3.2+part3.3+part4.1+part4.2+part5.1+part5.2 with BIC score: 29895.945 (LnL: -14385.785  df: 146)
 211 TIM2e+G4     29777.213   part1.1+part1.2+part1.3+part2.1+part2.2+part2.3+part3.1+part3.2+part3.3+part4.1+part4.2+part4.3+part5.1+part5.2+part5.3	0h:7m:31s (0h:0m:0s left)
Merging part1.1+part1.2+part1.3+part2.1+part2.2+part2.3+part3.1+part3.2+part3.3+part4.1+part4.2+part4.3+part5.1+part5.2+part5.3 with BIC score: 29777.213 (LnL: -14599.812  df: 75)
BEST-FIT PARTITION MODEL: 
  charpartition BIC = TIM2e+G4: part1.1 part1.2 part1.3 part2.1 part2.2 part2.3 part3.1 part3.2 part3.3 part4.1 part4.2 part4.3 part5.1 part5.2 part5.3;
Agglomerative model selection: ((((((part1.1,part1.3)4:33583.8,part1.2)6:32697,part5.1)9:31422.6,(((part2.1,part5.2)3:34043.4,part2.2)5:33135.8,(part4.1,part4.2)1:34975.7)7:32271.6)12:30229.9,((part3.1,part3.2)2:34505.4,part3.3)10:31001.3)13:29895.9,(part2.3,(part4.3,part5.3)8:31846.8)11:30614.7)14:29777.2
Merging into 1 partitions...
Partition information was printed to 6_set62.best_scheme.nex
Partition information in Raxml format was printed to 6_set62.best_scheme

All model information printed to 6_set62.model.gz
CPU time for ModelFinder: 442.332 seconds (0h:7m:22s)
Wall-clock time for ModelFinder: 453.578 seconds (0h:7m:33s)
Generating 1000 samples for ultrafast bootstrap (seed: 727623)...

NOTE: 9 MB RAM (0 GB) is required!
Measuring multi-threading efficiency up to 8 CPU cores
Increase to 10 rounds for branch lengths
27 trees examined
Threads: 1 / Time: 8.005 sec / Speedup: 1.000 / Efficiency: 100% / LogL: -21540
Threads: 2 / Time: 18.067 sec / Speedup: 0.443 / Efficiency: 22% / LogL: -21540
BEST NUMBER OF THREADS: 1

Estimate model parameters (epsilon = 0.100)
Optimizing TIM2e+G4 parameters for partition part1.1+part1.2+part1.3+part2.1+part2.2+part2.3+part3.1+part3.2+part3.3+part4.1+part4.2+part4.3+part5.1+part5.2+part5.3 (75 free parameters)
Optimal log-likelihood: -14599.877
Computing ML distances based on estimated model parameters... 0.025 sec
WARNING: Some pairwise ML distances are too long (saturated)
Computing BIONJ tree...
0.004 seconds
Log-likelihood of BIONJ tree: -14615.051
--------------------------------------------------------------------
|             INITIALIZING CANDIDATE TREE SET                      |
--------------------------------------------------------------------
Generating 98 parsimony trees... 1.840 second
Computing log-likelihood of 98 initial trees ... 7.794 seconds
Current best score: -14599.877

Do NNI search on 20 best initial trees
Estimate model parameters (epsilon = 0.100)
BETTER TREE FOUND at iteration 1: -14599.817
Estimate model parameters (epsilon = 0.100)
UPDATE BEST LOG-LIKELIHOOD: -14599.771
Iteration 10 / LogL: -14620.433 / Time: 0h:0m:41s
Iteration 20 / LogL: -14599.800 / Time: 0h:0m:50s
Finish initializing candidate tree set (6)
Current best tree score: -14599.771 / CPU time: 22.824
Number of iterations: 20
--------------------------------------------------------------------
|               OPTIMIZING CANDIDATE TREE SET                      |
--------------------------------------------------------------------
UPDATE BEST LOG-LIKELIHOOD: -14599.763
Iteration 30 / LogL: -14599.784 / Time: 0h:1m:0s (0h:2m:27s left)
Iteration 40 / LogL: -14599.800 / Time: 0h:1m:10s (0h:1m:50s left)
Iteration 50 / LogL: -14599.783 / Time: 0h:1m:20s (0h:1m:23s left)
Log-likelihood cutoff on original alignment: -14635.317
Iteration 60 / LogL: -14599.832 / Time: 0h:1m:30s (0h:1m:3s left)
UPDATE BEST LOG-LIKELIHOOD: -14599.757
Iteration 70 / LogL: -14599.803 / Time: 0h:1m:39s (0h:0m:44s left)
Iteration 80 / LogL: -14599.773 / Time: 0h:1m:46s (0h:0m:28s left)
Iteration 90 / LogL: -14603.759 / Time: 0h:1m:53s (0h:0m:14s left)
Iteration 100 / LogL: -14599.771 / Time: 0h:2m:1s (0h:0m:1s left)
Log-likelihood cutoff on original alignment: -14635.317
NOTE: Bootstrap correlation coefficient of split occurrence frequencies: 1.000
TREE SEARCH COMPLETED AFTER 102 ITERATIONS / Time: 0h:2m:3s

--------------------------------------------------------------------
|                    FINALIZING TREE SEARCH                        |
--------------------------------------------------------------------
Performs final model parameters optimization
Estimate model parameters (epsilon = 0.010)
Optimizing TIM2e+G4 parameters for partition part1.1+part1.2+part1.3+part2.1+part2.2+part2.3+part3.1+part3.2+part3.3+part4.1+part4.2+part4.3+part5.1+part5.2+part5.3 (75 free parameters)
Optimal log-likelihood: -14599.754
BEST SCORE FOUND : -14599.754
Creating bootstrap support values...
Split supports printed to NEXUS file 6_set62.splits.nex
Total tree length: 1.200

Total number of iterations: 102
CPU time used for tree search: 40.238 sec (0h:0m:40s)
Wall-clock time used for tree search: 96.138 sec (0h:1m:36s)
Total CPU time used: 49.275 sec (0h:0m:49s)
Total wall-clock time used: 124.021 sec (0h:2m:4s)

Computing bootstrap consensus tree...
Reading input file 6_set62.splits.nex...
37 taxa and 139 splits.
Consensus tree written to 6_set62.contree
Reading input trees file 6_set62.contree
Log-likelihood of consensus tree: -14599.755

Analysis results written to: 
  IQ-TREE report:                6_set62.iqtree
  Maximum-likelihood tree:       6_set62.treefile
  Likelihood distances:          6_set62.mldist
  Best partitioning scheme:      6_set62.best_scheme.nex
           in RAxML format:      6_set62.best_scheme

Ultrafast bootstrap approximation results written to:
  Split support values:          6_set62.splits.nex
  Consensus tree:                6_set62.contree
  Screen log file:               6_set62.log

Date and Time: Fri Sep  7 01:22:48 2018
