IQ-TREE multicore version 1.6.3 for Mac OS X 64-bit built Mar 22 2018
Developed by Bui Quang Minh, Nguyen Lam Tung, Olga Chernomor,
Heiko Schmidt, Dominik Schrempf, Michael Woodhams.

Host:    meeps-mac-pro.staff.sydney.edu.au (AVX, 64 GB RAM)
Command: /Users/davidduchene/Desktop/Software/iqtree-1.6.3-MacOSX/bin/iqtree -s ../../../../marsupials/set58.fasta -m TEST -bb 1000 -nt AUTO -pre 1_set58
Seed:    933915 (Using SPRNG - Scalable Parallel Random Number Generator)
Time:    Fri Jul 27 14:56:54 2018
Kernel:  AVX - auto-detect threads (8 CPU cores detected)

Reading alignment file ../../../../marsupials/set58.fasta ... Fasta format detected
Alignment most likely contains DNA/RNA sequences
Alignment has 35 sequences with 3417 columns, 998 distinct patterns
710 parsimony-informative, 433 singleton sites, 2274 constant sites
                                              Gap/Ambiguity  Composition  p-value
   1  Burramyidae_Burramys_parvus                     0.26%    passed     97.47%
   2  Notoryctidae_Notoryctes_typhlops                1.49%    passed     92.01%
   3  Vombatidae_Lasiorhinus_latifrons                0.32%    passed     91.43%
   4  Potoroidae_Bettongia_penicillata                0.03%    passed     83.46%
   5  Potoroidae_Bettongia_lesueur                    0.00%    passed     81.72%
   6  Dasyuridae_Dasyurus_maculatus                   0.03%    passed     99.07%
   7  Phalangeridae_Trichosurus_vulpecula             0.03%    passed     98.41%
   8  Phalangeridae_Spilocuscus_maculatus             0.15%    passed     97.07%
   9  Potoroidae_Aepyprymnus_rufescens                0.00%    passed     93.30%
  10  Peramelidae_Perameles_nasuta                    0.06%    passed     87.61%
  11  Phalangeridae_Strigocuscus_pelengensis          6.38%    passed     91.83%
  12  Dasyuridae_Phascogale_tapoatafa                 0.12%    passed     77.95%
  13  Dasyuridae_Sminthopsis_macroura                 0.00%    passed     99.78%
  14  Phalangeridae_Phalanger_orientalis              0.32%    passed     97.31%
  15  Acrobatidae_Acrobates_pygmaeus                  1.20%    passed     99.99%
  16  Dasyuridae_Phascogale_calura                    0.09%    passed     92.00%
  17  Dasyuridae_Sarcophilus_harrisii                 0.23%    passed     98.41%
  18  Dasyuridae_Planigale_tenuirostris               5.59%    passed     98.62%
  19  Peramelidae_Echymipera_kalubu                   0.00%    passed     89.99%
  20  Macropodidae_Dorcopsulus_vanheurni              0.18%    passed     91.06%
  21  Pseudochiridae_Pseudochirulus_forbesi           0.00%    passed     92.59%
  22  Didelphidae_Didelphis_virginiana                1.05%    passed     80.92%
  23  Marmosidae_Monodelphis_domestica                1.29%    passed     88.59%
  24  Dasyuridae_Antechinus_stuartii                  1.00%    passed     89.93%
  25  Hypsiprymnodontidae_Hypsiprymnodon_moschatus    0.00%    passed     98.04%
  26  Microbiotheriidae_Dromiciops_gliroides          2.81%    passed     58.70%
  27  Pseudochiridae_Petauroides_volans               0.61%    passed     97.80%
  28  Macropodidae_Wallabia_bicolor                   2.14%    passed     83.56%
  29  Pseudochiridae_Pseudocheirus_occidentalis       0.82%    passed     80.97%
  30  Tarsipedidae_Tarsipes_rostratus                 4.80%    passed     87.05%
  31  Acrobatidae_Distoechurus_pennatus               0.03%    passed     99.89%
  32  Phalangeridae_Phalanger_carmelitae              0.00%    passed     98.79%
  33  Peramelidae_Peroryctes_raffrayana               1.81%    passed     94.14%
  34  Dasyuridae_Dasyurus_geffroii                    0.20%    passed     97.60%
  35  Peramelidae_Perameles_gunnii                    5.00%    passed     56.95%
****  TOTAL                                           1.09%  0 sequences failed composition chi2 test (p-value<5%; df=3)


Create initial parsimony tree by phylogenetic likelihood library (PLL)... 0.005 seconds
NOTE: ModelFinder requires 8 MB RAM!
ModelFinder will test 88 DNA models (sample size: 3417) ...
 No. Model         -LnL         df  AIC          AICc         BIC
Measuring multi-threading efficiency up to 8 CPU cores
Increase to 10 rounds for branch lengths
293 trees examined
Threads: 1 / Time: 8.001 sec / Speedup: 1.000 / Efficiency: 100% / LogL: -28787
Threads: 2 / Time: 5.758 sec / Speedup: 1.390 / Efficiency: 69% / LogL: -28787
Threads: 3 / Time: 5.032 sec / Speedup: 1.590 / Efficiency: 53% / LogL: -28787
Threads: 4 / Time: 4.859 sec / Speedup: 1.647 / Efficiency: 41% / LogL: -28787
BEST NUMBER OF THREADS: 3

  1  JC            18329.797    67  36793.594    36796.315    37204.741
  2  JC+I          17846.396    68  35828.791    35831.594    36246.075
  3  JC+G4         17789.649    68  35715.298    35718.101    36132.582
  4  JC+I+G4       17780.865    69  35699.730    35702.616    36123.150
  5  F81+F         18337.382    70  36814.763    36817.734    37244.320
  6  F81+F+I       17848.807    71  35839.615    35842.671    36275.307
  7  F81+F+G4      17791.838    71  35725.676    35728.732    36161.369
  8  F81+F+I+G4    17783.001    72  35710.002    35713.145    36151.831
  9  K2P           17628.474    68  35392.948    35395.751    35810.231
 10  K2P+I         17131.219    69  34400.438    34403.325    34823.858
 11  K2P+G4        17070.717    69  34279.434    34282.320    34702.853
 12  K2P+I+G4      17060.434    70  34260.869    34263.840    34690.425
 13  HKY+F         17637.213    71  35416.425    35419.482    35852.118
 14  HKY+F+I       17129.910    72  34403.820    34406.964    34845.650
 15  HKY+F+G4      17068.854    72  34281.708    34284.852    34723.538
 16  HKY+F+I+G4    17058.157    73  34262.313    34265.545    34710.279
 17  TNe           17626.211    69  35390.423    35393.309    35813.843
 18  TNe+I         17129.671    70  34399.342    34402.313    34828.898
 19  TNe+G4        17068.873    70  34277.746    34280.716    34707.302
 20  TNe+I+G4      17058.371    71  34258.741    34261.798    34694.434
 21  TN+F          17637.201    72  35418.401    35421.545    35860.231
 22  TN+F+I        17129.910    73  34405.820    34409.052    34853.786
 23  TN+F+G4       17068.837    73  34283.673    34286.905    34731.639
 24  TN+F+I+G4     17058.113    74  34264.225    34267.546    34718.327
 25  K3P           17617.491    69  35372.983    35375.869    35796.403
 26  K3P+I         17120.156    70  34380.313    34383.283    34809.869
 27  K3P+G4        17059.788    70  34259.575    34262.546    34689.132
 28  K3P+I+G4      17049.505    71  34241.009    34244.066    34676.702
 29  K3Pu+F        17625.883    72  35395.766    35398.910    35837.596
 30  K3Pu+F+I      17117.733    73  34381.467    34384.698    34829.432
 31  K3Pu+F+G4     17056.842    73  34259.685    34262.916    34707.650
 32  K3Pu+F+I+G4   17046.121    74  34240.242    34243.564    34694.345
 33  TPM2+F        17635.610    72  35415.221    35418.364    35857.050
 34  TPM2+F+I      17124.833    73  34395.667    34398.898    34843.633
 35  TPM2+F+G4     17063.969    73  34273.938    34277.170    34721.904
 36  TPM2+F+I+G4   17053.086    74  34254.172    34257.493    34708.274
 37  TPM2u+F       17635.610    72  35415.219    35418.363    35857.048
 38  TPM2u+F+I     17124.834    73  34395.668    34398.900    34843.634
 39  TPM2u+F+G4    17063.969    73  34273.938    34277.170    34721.904
 40  TPM2u+F+I+G4  17053.085    74  34254.170    34257.492    34708.273
 41  TPM3+F        17637.201    72  35418.401    35421.545    35860.231
 42  TPM3+F+I      17128.385    73  34402.770    34406.002    34850.736
 43  TPM3+F+G4     17066.924    73  34279.848    34283.080    34727.814
 44  TPM3+F+I+G4   17056.126    74  34260.252    34263.573    34714.354
 45  TPM3u+F       17637.201    72  35418.401    35421.545    35860.231
 46  TPM3u+F+I     17128.385    73  34402.770    34406.002    34850.736
 47  TPM3u+F+G4    17066.924    73  34279.849    34283.081    34727.815
 48  TPM3u+F+I+G4  17056.125    74  34260.251    34263.572    34714.353
 49  TIMe          17615.229    70  35370.458    35373.429    35800.014
 50  TIMe+I        17118.613    71  34379.225    34382.282    34814.918
 51  TIMe+G4       17057.948    71  34257.895    34260.952    34693.588
 52  TIMe+I+G4     17047.437    72  34238.875    34242.018    34680.704
 53  TIM+F         17625.871    73  35397.743    35400.975    35845.709
 54  TIM+F+I       17117.733    74  34383.467    34386.788    34837.569
 55  TIM+F+G4      17056.830    74  34261.660    34264.982    34715.763
 56  TIM+F+I+G4    17046.077    75  34242.154    34245.566    34702.393
 57  TIM2e         17625.296    70  35390.591    35393.562    35820.148
 58  TIM2e+I       17126.381    71  34394.763    34397.819    34830.456
 59  TIM2e+G4      17065.829    71  34273.659    34276.715    34709.352
 60  TIM2e+I+G4    17055.180    72  34254.359    34257.503    34696.189
 61  TIM2+F        17635.600    73  35417.199    35420.431    35865.165
 62  TIM2+F+I      17124.832    74  34397.664    34400.986    34851.767
 63  TIM2+F+G4     17063.954    74  34275.908    34279.229    34730.010
 64  TIM2+F+I+G4   17053.027    75  34256.055    34259.467    34716.294
 65  TIM3e         17625.984    70  35391.968    35394.939    35821.525
 66  TIM3e+I       17129.364    71  34400.728    34403.784    34836.420
 67  TIM3e+G4      17068.527    71  34279.054    34282.110    34714.746
 68  TIM3e+I+G4    17057.988    72  34259.976    34263.119    34701.805
 69  TIM3+F        17637.188    73  35420.377    35423.609    35868.343
 70  TIM3+F+I      17128.385    74  34404.770    34408.091    34858.872
 71  TIM3+F+G4     17066.911    74  34281.822    34285.143    34735.924
 72  TIM3+F+I+G4   17056.087    75  34262.174    34265.586    34722.413
 73  TVMe          17616.675    71  35375.350    35378.406    35811.043
 74  TVMe+I        17117.697    72  34379.394    34382.538    34821.224
 75  TVMe+G4       17057.528    72  34259.055    34262.199    34700.885
 76  TVMe+I+G4     17047.118    73  34240.235    34243.467    34688.201
 77  TVM+F         17624.862    74  35397.724    35401.046    35851.827
 78  TVM+F+I       17113.118    75  34376.237    34379.649    34836.475
 79  TVM+F+G4      17052.029    75  34254.058    34257.471    34714.297
 80  TVM+F+I+G4    17041.074    76  34234.148    34237.652    34700.523
 81  SYM           17614.417    72  35372.835    35375.978    35814.664
 82  SYM+I         17116.167    73  34378.334    34381.566    34826.300
 83  SYM+G4        17055.656    73  34257.312    34260.544    34705.278
 84  SYM+I+G4      17045.017    74  34238.035    34241.356    34692.137
 85  GTR+F         17624.851    75  35399.701    35403.113    35859.940
 86  GTR+F+I       17113.119    76  34378.238    34381.742    34844.613
 87  GTR+F+G4      17052.007    76  34256.015    34259.519    34722.390
 88  GTR+F+I+G4    17041.029    77  34236.059    34239.656    34708.570
Akaike Information Criterion:           TVM+F+I+G4
Corrected Akaike Information Criterion: TVM+F+I+G4
Bayesian Information Criterion:         K3P+I+G4
Best-fit model: K3P+I+G4 chosen according to BIC

All model information printed to 1_set58.model.gz
CPU time for ModelFinder: 58.031 seconds (0h:0m:58s)
Wall-clock time for ModelFinder: 27.647 seconds (0h:0m:27s)
Generating 1000 samples for ultrafast bootstrap (seed: 933915)...

NOTE: 8 MB RAM (0 GB) is required!
Measuring multi-threading efficiency up to 8 CPU cores
Increase to 10 rounds for branch lengths
80 trees examined
Threads: 1 / Time: 8.085 sec / Speedup: 1.000 / Efficiency: 100% / LogL: -25285
Threads: 2 / Time: 5.175 sec / Speedup: 1.562 / Efficiency: 78% / LogL: -25285
Threads: 3 / Time: 5.088 sec / Speedup: 1.589 / Efficiency: 53% / LogL: -25285
Threads: 4 / Time: 4.660 sec / Speedup: 1.735 / Efficiency: 43% / LogL: -25285
BEST NUMBER OF THREADS: 2

Estimate model parameters (epsilon = 0.100)
Thoroughly optimizing +I+G parameters from 10 start values...
Init pinv, alpha: 0.000, 1.000 / Estimate: 0.000, 0.350 / LogL: -17059.787
Init pinv, alpha: 0.074, 1.000 / Estimate: 0.077, 0.405 / LogL: -17056.254
Init pinv, alpha: 0.148, 1.000 / Estimate: 0.152, 0.479 / LogL: -17053.320
Init pinv, alpha: 0.222, 1.000 / Estimate: 0.227, 0.577 / LogL: -17051.084
Init pinv, alpha: 0.296, 1.000 / Estimate: 0.299, 0.715 / LogL: -17049.742
Init pinv, alpha: 0.370, 1.000 / Estimate: 0.369, 0.919 / LogL: -17049.654
Init pinv, alpha: 0.444, 1.000 / Estimate: 0.417, 1.133 / LogL: -17050.759
Init pinv, alpha: 0.518, 1.000 / Estimate: 0.417, 1.134 / LogL: -17050.764
Init pinv, alpha: 0.592, 1.000 / Estimate: 0.416, 1.129 / LogL: -17050.730
Init pinv, alpha: 0.665, 1.000 / Estimate: 0.417, 1.135 / LogL: -17050.772
Optimal pinv,alpha: 0.369, 0.919 / LogL: -17049.654

Parameters optimization took 3.859 sec
Computing ML distances based on estimated model parameters... 0.032 sec
Computing BIONJ tree...
0.002 seconds
Log-likelihood of BIONJ tree: -17054.677
--------------------------------------------------------------------
|             INITIALIZING CANDIDATE TREE SET                      |
--------------------------------------------------------------------
Generating 98 parsimony trees... 0.640 second
Computing log-likelihood of 98 initial trees ... 1.621 seconds
Current best score: -17049.640

Do NNI search on 20 best initial trees
Estimate model parameters (epsilon = 0.100)
BETTER TREE FOUND at iteration 1: -17049.629
Iteration 10 / LogL: -17052.073 / Time: 0h:0m:58s
Iteration 20 / LogL: -17051.966 / Time: 0h:1m:0s
Finish initializing candidate tree set (6)
Current best tree score: -17049.629 / CPU time: 5.806
Number of iterations: 20
--------------------------------------------------------------------
|               OPTIMIZING CANDIDATE TREE SET                      |
--------------------------------------------------------------------
Iteration 30 / LogL: -17049.775 / Time: 0h:1m:2s (0h:1m:24s left)
Iteration 40 / LogL: -17052.016 / Time: 0h:1m:3s (0h:0m:56s left)
Iteration 50 / LogL: -17049.709 / Time: 0h:1m:5s (0h:0m:39s left)
Log-likelihood cutoff on original alignment: -17083.336
Iteration 60 / LogL: -17049.837 / Time: 0h:1m:7s (0h:0m:27s left)
Iteration 70 / LogL: -17049.638 / Time: 0h:1m:9s (0h:0m:18s left)
Iteration 80 / LogL: -17052.036 / Time: 0h:1m:10s (0h:0m:11s left)
Iteration 90 / LogL: -17051.999 / Time: 0h:1m:12s (0h:0m:5s left)
Iteration 100 / LogL: -17052.178 / Time: 0h:1m:14s (0h:0m:0s left)
Log-likelihood cutoff on original alignment: -17083.583
NOTE: Bootstrap correlation coefficient of split occurrence frequencies: 1.000
TREE SEARCH COMPLETED AFTER 102 ITERATIONS / Time: 0h:1m:14s

--------------------------------------------------------------------
|                    FINALIZING TREE SEARCH                        |
--------------------------------------------------------------------
Performs final model parameters optimization
Estimate model parameters (epsilon = 0.010)
1. Initial log-likelihood: -17049.629
Optimal log-likelihood: -17049.622
Rate parameters:  A-C: 1.00000  A-G: 4.70062  A-T: 0.64370  C-G: 0.64370  C-T: 4.70062  G-T: 1.00000
Base frequencies:  A: 0.250  C: 0.250  G: 0.250  T: 0.250
Proportion of invariable sites: 0.367
Gamma shape alpha: 0.913
Parameters optimization took 1 rounds (0.035 sec)
BEST SCORE FOUND : -17049.622
Creating bootstrap support values...
Split supports printed to NEXUS file 1_set58.splits.nex
Total tree length: 0.713

Total number of iterations: 102
CPU time used for tree search: 37.224 sec (0h:0m:37s)
Wall-clock time used for tree search: 20.290 sec (0h:0m:20s)
Total CPU time used: 145.234 sec (0h:2m:25s)
Total wall-clock time used: 75.184 sec (0h:1m:15s)

Computing bootstrap consensus tree...
Reading input file 1_set58.splits.nex...
35 taxa and 116 splits.
Consensus tree written to 1_set58.contree
Reading input trees file 1_set58.contree
Log-likelihood of consensus tree: -17049.639

Analysis results written to: 
  IQ-TREE report:                1_set58.iqtree
  Maximum-likelihood tree:       1_set58.treefile
  Likelihood distances:          1_set58.mldist

Ultrafast bootstrap approximation results written to:
  Split support values:          1_set58.splits.nex
  Consensus tree:                1_set58.contree
  Screen log file:               1_set58.log

Date and Time: Fri Jul 27 14:58:10 2018
