IQ-TREE multicore version 1.6.7 for Mac OS X 64-bit built Aug 23 2018
Developed by Bui Quang Minh, Nguyen Lam Tung, Olga Chernomor,
Heiko Schmidt, Dominik Schrempf, Michael Woodhams.

Host:    meeps-mac-pro.staff.sydney.edu.au (AVX, 64 GB RAM)
Command: /Users/davidduchene/Desktop/Software/iqtree-1.6.7-MacOSX/bin/iqtree -s ../../../../marsupials/set77.fasta -m TESTMERGE -bb 1000 -sp ../../../../marsupials/set77.nex -nt AUTO -pre 6_set77
Seed:    999928 (Using SPRNG - Scalable Parallel Random Number Generator)
Time:    Fri Sep  7 04:05:29 2018
Kernel:  AVX - auto-detect threads (8 CPU cores detected)

Reading partition model file ../../../../marsupials/set77.nex ...
Reading alignment file ../../../../marsupials/set77.fasta ... Fasta format detected
Alignment most likely contains DNA/RNA sequences
Alignment has 35 sequences with 3426 columns, 1145 distinct patterns
795 parsimony-informative, 348 singleton sites, 2283 constant sites
                                              Gap/Ambiguity  Composition  p-value
   1  Burramyidae_Burramys_parvus                     0.20%    passed     99.64%
   2  Notoryctidae_Notoryctes_typhlops                0.70%    passed     97.33%
   3  Vombatidae_Lasiorhinus_latifrons                0.61%    passed     95.29%
   4  Potoroidae_Bettongia_penicillata                0.20%    passed     77.35%
   5  Potoroidae_Bettongia_lesueur                    0.03%    passed     87.78%
   6  Dasyuridae_Dasyurus_maculatus                   0.03%    passed     78.67%
   7  Phalangeridae_Trichosurus_vulpecula             0.99%    passed     82.16%
   8  Phalangeridae_Spilocuscus_maculatus             1.14%    passed     91.49%
   9  Potoroidae_Aepyprymnus_rufescens                0.09%    passed     95.59%
  10  Peramelidae_Perameles_nasuta                    3.44%    passed     73.54%
  11  Phalangeridae_Strigocuscus_pelengensis          4.35%    passed     78.49%
  12  Dasyuridae_Phascogale_tapoatafa                 0.20%    passed     62.28%
  13  Dasyuridae_Sminthopsis_macroura                 0.00%    passed     89.08%
  14  Phalangeridae_Phalanger_orientalis              1.23%    passed     77.84%
  15  Acrobatidae_Acrobates_pygmaeus                  0.61%    passed     96.64%
  16  Dasyuridae_Phascogale_calura                    0.32%    passed     64.76%
  17  Dasyuridae_Sarcophilus_harrisii                 0.18%    passed     67.71%
  18  Dasyuridae_Planigale_tenuirostris               5.14%    passed     98.65%
  19  Peramelidae_Echymipera_kalubu                   0.23%    passed     51.03%
  20  Macropodidae_Dorcopsulus_vanheurni             11.56%    passed     77.83%
  21  Pseudochiridae_Pseudochirulus_forbesi           0.00%    passed     32.15%
  22  Didelphidae_Didelphis_virginiana               23.70%    failed      1.19%
  23  Marmosidae_Monodelphis_domestica               20.69%    failed      3.89%
  24  Dasyuridae_Antechinus_stuartii                  1.93%    passed     80.40%
  25  Hypsiprymnodontidae_Hypsiprymnodon_moschatus    0.00%    passed     94.25%
  26  Microbiotheriidae_Dromiciops_gliroides          1.69%    passed     95.57%
  27  Pseudochiridae_Petauroides_volans               0.50%    passed     86.85%
  28  Macropodidae_Wallabia_bicolor                   0.90%    passed     83.53%
  29  Pseudochiridae_Pseudocheirus_occidentalis       5.31%    passed     71.99%
  30  Tarsipedidae_Tarsipes_rostratus                 0.67%    passed     76.86%
  31  Acrobatidae_Distoechurus_pennatus               0.09%    passed     62.06%
  32  Phalangeridae_Phalanger_carmelitae              0.85%    passed     90.84%
  33  Peramelidae_Peroryctes_raffrayana               3.71%    passed     53.28%
  34  Dasyuridae_Dasyurus_geffroii                    0.00%    passed     57.62%
  35  Peramelidae_Perameles_gunnii                    0.50%    passed     46.74%
****  TOTAL                                           2.62%  2 sequences failed composition chi2 test (p-value<5%; df=3)
NOTE: No CharPartition defined, use all CharSets

Loading 15 partitions...
Subset	Type	Seqs	Sites	Infor	Invar	Model	Name
1		35	308	12	284	TESTMERGE	part1.1
2		35	308	5	300	TESTMERGE	part1.2
3		35	308	156	91	TESTMERGE	part1.3
4		35	232	43	172	TESTMERGE	part2.1
5		35	232	41	172	TESTMERGE	part2.2
6		35	232	107	89	TESTMERGE	part2.3
7		35	72	3	67	TESTMERGE	part3.1
8		35	72	1	67	TESTMERGE	part3.2
9		35	72	37	27	TESTMERGE	part3.3
10		35	297	75	180	TESTMERGE	part4.1
11		35	297	48	219	TESTMERGE	part4.2
12		35	297	175	73	TESTMERGE	part4.3
13		33	233	12	197	TESTMERGE	part5.1
14		33	233	15	207	TESTMERGE	part5.2
15		33	233	65	138	TESTMERGE	part5.3
Degree of missing data: 0.012
Info: multi-threading strategy over partitions



Create initial parsimony tree by phylogenetic likelihood library (PLL)... 0.029 seconds
NOTE: ModelFinder requires 12 MB RAM!
NUMBER OF THREADS FOR PARTITION FINDING: 8
Testing GTR+F+G on supermatrix...
GTR+F+G4 / LnL: -18677.004 / df: 76 / AIC: 37506.007 / AICc: 37509.502 / BIC: 37972.582
Selecting individual models for 15 charsets using BIC...
 No. Model        Score       Charset
   1 HKY+F+G4     2147.468    part2.1
   2 TPM3u+F+G4   2108.176    part2.2
   3 TIM3+F+I+G4  3134.023    part4.2
   4 TVM+F+G4     4061.425    part4.1
   5 TPM3+F+G4    3924.484    part2.3
   6 TN+F+G4      3125.205    part5.3
   7 TIMe+G4      1648.433    part1.1
   8 K2P+I+G4     1668.584    part5.1
   9 K2P+G4       6286.625    part4.3
  10 TN+F         557.494     part3.1	0h:0m:21s (0h:7m:13s left)
  11 TN+F+I       1472.153    part5.2	0h:0m:22s (0h:6m:47s left)
  12 K2P+G4       1558.451    part3.3	0h:0m:23s (0h:6m:25s left)
  13 TN+F+I       1395.735    part1.2	0h:0m:23s (0h:5m:57s left)
  14 JC           555.902     part3.2	0h:0m:24s (0h:5m:40s left)
  15 GTR+F+G4     6444.361    part1.3	0h:0m:33s (0h:7m:12s left)
Full partition model BIC score: 43092.773 (LnL: -17196.012  df:1069)
Merging models to increase model fit (about 211 total partition schemes)...
  16 TVMe+G4      42693.242   part4.1+part4.3	0h:0m:46s (0h:9m:24s left)
  17 TIM2+F+G4    42703.085   part4.3+part5.3	0h:0m:46s (0h:8m:55s left)
  18 TIM3+F+G4    42685.298   part2.3+part4.3	0h:0m:49s (0h:8m:55s left)
  19 HKY+F+G4     42937.413   part1.3+part2.3	0h:0m:57s (0h:9m:42s left)
  20 TIM2+F+I+G4  43033.291   part1.3+part2.1	0h:0m:58s (0h:9m:14s left)
  21 TPM2u+F+I+G4 42979.707   part1.3+part4.1	0h:0m:59s (0h:8m:58s left)
  22 TIM2+F+G4    42778.188   part1.3+part5.3	0h:1m:1s (0h:8m:48s left)
  23 TIM2+F+G4    42817.618   part1.3+part4.3	0h:1m:1s (0h:8m:23s left)
  24 TNe+G4       42791.271   part2.1+part4.3	0h:1m:7s (0h:8m:44s left)
  25 TPM3+F+G4    42672.488   part2.3+part4.1	0h:1m:14s (0h:9m:16s left)
  26 TIM3e+G4     42794.729   part2.2+part4.3	0h:1m:15s (0h:8m:59s left)
  27 TIM2+F+I+G4  43020.525   part1.3+part4.2	0h:1m:16s (0h:8m:44s left)
  28 TIM3+F+G4    42751.471   part4.2+part4.3	0h:1m:18s (0h:8m:33s left)
  29 TN+F+I+G4    43048.536   part1.3+part2.2	0h:1m:18s (0h:8m:15s left)
  30 TN+F+I+G4    42969.425   part1.3+part5.1	0h:1m:31s (0h:9m:13s left)
  31 TNe+I+G4     42942.643   part1.1+part4.3	0h:1m:34s (0h:9m:5s left)
  32 TN+F+I+G4    43065.416   part1.1+part1.3	0h:1m:34s (0h:8m:47s left)
  33 K2P+G4       42605.250   part3.3+part4.3	0h:1m:35s (0h:8m:36s left)
  34 K2P+G4       42808.219   part4.3+part5.1	0h:1m:36s (0h:8m:21s left)
  35 TPM2+F+G4    42663.321   part1.3+part3.3	0h:1m:42s (0h:8m:37s left)
  36 TPM2u+F+I+G4 42939.430   part1.3+part5.2	0h:1m:46s (0h:8m:35s left)
  37 TIM3+F+I+G4  43195.087   part1.2+part1.3	0h:1m:49s (0h:8m:35s left)
  38 K2P+G4       42700.225   part2.3+part5.3	0h:1m:50s (0h:8m:22s left)
  39 TIM3+F+G4    42682.969   part2.1+part2.3	0h:1m:50s (0h:8m:7s left)
  40 TPM3+F+G4    42673.766   part2.2+part2.3	0h:1m:51s (0h:7m:55s left)
  41 HKY+F+G4     42861.930   part4.3+part5.2	0h:1m:51s (0h:7m:43s left)
  42 K2P+I+G4     42986.860   part1.2+part4.3	0h:1m:53s (0h:7m:36s left)
  43 TPM3+F+G4    42681.237   part2.3+part4.2	0h:1m:59s (0h:7m:46s left)
  44 K2P+G4       42705.305   part3.2+part4.3	0h:2m:3s (0h:7m:49s left)
  45 K2P+G4       42812.329   part1.1+part2.3	0h:2m:4s (0h:7m:38s left)
  46 TNe+G4       42691.322   part3.1+part4.3	0h:2m:4s (0h:7m:26s left)
  47 TIM2e+G4     42671.688   part4.1+part5.3	0h:2m:10s (0h:7m:34s left)
  48 TVM+F+I+G4   42641.858   part2.1+part4.1	0h:2m:11s (0h:7m:28s left)
  49 TPM2+F+G4    42757.721   part1.3+part3.1	0h:2m:17s (0h:7m:35s left)
  50 TPM3u+F+I+G4 42630.953   part2.2+part4.1	0h:2m:18s (0h:7m:25s left)
  51 TPM2u+F+I+G4 42814.577   part1.3+part3.2	0h:2m:20s (0h:7m:20s left)
  52 TPM3u+F+G4   42647.172   part2.3+part3.3	0h:2m:24s (0h:7m:22s left)
  53 K2P+G4       42718.550   part2.3+part5.1	0h:2m:26s (0h:7m:17s left)
  54 K2P+G4       42745.648   part2.3+part5.2	0h:2m:29s (0h:7m:13s left)
  55 TIM3+F+I+G4  42589.939   part4.1+part4.2	0h:2m:31s (0h:7m:9s left)
  56 TPM3+F+G4    42815.987   part1.2+part2.3	0h:2m:32s (0h:7m:3s left)
  57 HKY+F+I+G4   42739.117   part2.1+part5.3	0h:2m:38s (0h:7m:7s left)
  58 TPM3u+F+G4   42575.188   part2.1+part2.2	0h:2m:40s (0h:7m:3s left)
  59 K2P+G4       42641.269   part2.3+part3.1	0h:2m:41s (0h:6m:56s left)
  60 TPM3u+F+I+G4 42718.827   part2.2+part5.3	0h:2m:43s (0h:6m:51s left)
  61 TIM3+F+I+G4  42687.754   part4.2+part5.3	0h:2m:43s (0h:6m:42s left)
  62 TVMe+I+G4    42691.708   part1.1+part4.1	0h:2m:43s (0h:6m:33s left)
  63 TPM3u+F+I+G4 42654.857   part4.1+part5.1	0h:2m:47s (0h:6m:33s left)
  64 TPM3u+F+I+G4 42639.716   part2.1+part4.2	0h:2m:48s (0h:6m:26s left)
  65 TVMe+G4      42621.705   part3.3+part4.1	0h:2m:52s (0h:6m:27s left)
  66 TPM3+F+G4    42655.735   part2.3+part3.2	0h:2m:55s (0h:6m:25s left)
  67 TIM3e+I+G4   42685.695   part4.1+part5.2	0h:2m:57s (0h:6m:21s left)
  68 TPM3u+F+I+G4 42642.947   part2.2+part4.2	0h:2m:58s (0h:6m:15s left)
  69 TPM3u+F+I+G4 42687.623   part1.2+part4.1	0h:3m:0s (0h:6m:12s left)
  70 HKY+F+I+G4   42756.486   part1.1+part5.3	0h:3m:2s (0h:6m:7s left)
  71 TN+F+I+G4    42661.555   part5.1+part5.3	0h:3m:3s (0h:6m:1s left)
  72 K2P+G4       42631.579   part1.1+part2.1	0h:3m:5s (0h:5m:58s left)
  73 HKY+F+G4     42627.561   part3.3+part5.3	0h:3m:9s (0h:5m:58s left)
  74 TPM3u+F+I+G4 42664.299   part1.1+part2.2	0h:3m:12s (0h:5m:55s left)
  75 TN+F+I+G4    42661.278   part5.2+part5.3	0h:3m:14s (0h:5m:52s left)
  76 HKY+F+I+G4   42624.635   part2.1+part5.1	0h:3m:15s (0h:5m:47s left)
  77 TVM+F+I+G4   42604.731   part3.1+part4.1	0h:3m:16s (0h:5m:42s left)
  78 K2P+I+G4     42658.997   part1.1+part4.2	0h:3m:17s (0h:5m:37s left)
  79 TPM3+F+I+G4  42617.076   part3.2+part4.1	0h:3m:21s (0h:5m:37s left)
  80 K2P+G4       42684.878   part2.1+part3.3	0h:3m:22s (0h:5m:31s left)
  81 TNe+I+G4     42765.963   part1.2+part5.3	0h:3m:23s (0h:5m:25s left)
  82 HKY+F+G4     42642.628   part2.1+part5.2	0h:3m:24s (0h:5m:21s left)
  83 TPM3u+F+I+G4 42622.356   part2.2+part5.1	0h:3m:25s (0h:5m:16s left)
  84 TIM3+F+G4    42690.376   part2.2+part3.3	0h:3m:28s (0h:5m:14s left)
  85 TPM3+F+I+G4  42653.539   part4.2+part5.1	0h:3m:29s (0h:5m:11s left)
  86 TPM3u+F+I+G4 42636.658   part2.2+part5.2	0h:3m:30s (0h:5m:5s left)
  87 TIM3+F+I+G4  42654.371   part3.3+part4.2	0h:3m:32s (0h:5m:3s left)
  88 HKY+F+I      42626.212   part1.2+part2.1	0h:3m:33s (0h:4m:57s left)
  89 TIM3e+I+G4   42669.117   part4.2+part5.2	0h:3m:34s (0h:4m:53s left)
  90 TPM3u+F+I+G4 42628.264   part1.2+part2.2	0h:3m:35s (0h:4m:49s left)
  91 TPM3u+F+I+G4 42634.513   part1.2+part4.2	0h:3m:37s (0h:4m:46s left)
  92 HKY+F+G4     42580.937   part2.1+part3.1	0h:3m:39s (0h:4m:43s left)
  93 HKY+F+I      42630.966   part1.1+part5.1	0h:3m:41s (0h:4m:40s left)
  94 HKY+F+I+G4   42640.333   part3.1+part5.3	0h:3m:43s (0h:4m:37s left)
  95 HKY+F+G4     42590.785   part2.1+part3.2	0h:3m:43s (0h:4m:32s left)
  96 TN+F+I+G4    42658.260   part3.2+part5.3	0h:3m:46s (0h:4m:31s left)
  97 TPM3u+F+I    42629.562   part1.1+part5.2	0h:3m:47s (0h:4m:27s left)
  98 K3P+I+G4     42724.918   part1.1+part3.3	0h:3m:49s (0h:4m:24s left)
  99 TIM3+F+G4    42588.324   part2.2+part3.1	0h:3m:50s (0h:4m:20s left)
 100 TPM3+F+I+G4  42594.667   part3.1+part4.2	0h:3m:51s (0h:4m:17s left)
 101 TPM3u+F+G4   42585.035   part2.2+part3.2	0h:3m:53s (0h:4m:14s left)
 102 K2P+I        42583.988   part1.1+part1.2	0h:3m:55s (0h:4m:11s left)
 103 HKY+F+I+G4   42600.523   part5.1+part5.2	0h:3m:55s (0h:4m:7s left)
 104 TIM3+F+I+G4  42594.226   part3.2+part4.2	0h:3m:56s (0h:4m:3s left)
 105 HKY+F+I+G4   42670.583   part3.3+part5.1	0h:3m:58s (0h:4m:0s left)
 106 TIM3e        42573.106   part1.1+part3.2	0h:4m:1s (0h:3m:59s left)
 107 HKY+F+I      42627.376   part1.2+part5.1	0h:4m:2s (0h:3m:55s left)
 108 TIMe+G4      42547.354   part1.1+part3.1	0h:4m:4s (0h:3m:52s left)
 109 HKY+F+I+G4   42599.259   part3.1+part5.1	0h:4m:4s (0h:3m:48s left)
 110 TPM3u+F+I+G4 42701.201   part3.3+part5.2	0h:4m:5s (0h:3m:45s left)
 111 TIM3e+I      42592.989   part1.2+part5.2	0h:4m:7s (0h:3m:42s left)
 112 K2P+I+G4     42607.621   part3.2+part5.1	0h:4m:12s (0h:3m:43s left)
 113 TPM3u+F+I+G4 42730.294   part1.2+part3.3	0h:4m:14s (0h:3m:40s left)
 114 TIM3e+I+G4   42631.286   part3.1+part3.3	0h:4m:15s (0h:3m:37s left)
 115 K2P+G4       42649.019   part3.2+part3.3	0h:4m:17s (0h:3m:34s left)
 116 TPM3u+F+I    42589.210   part3.1+part5.2	0h:4m:17s (0h:3m:30s left)
 117 HKY+F+I      42563.601   part1.2+part3.1	0h:4m:18s (0h:3m:27s left)
 118 TIM3e+I      42596.034   part3.2+part5.2	0h:4m:19s (0h:3m:24s left)
 119 TNe+I        42565.644   part3.1+part3.2	0h:4m:19s (0h:3m:20s left)
 120 TIM2+F+I     42570.850   part1.2+part3.2	0h:4m:19s (0h:3m:16s left)
Merging part1.1+part3.1 with BIC score: 42547.354 (LnL: -17216.311  df: 997)
 121 TPM3u+F+I    42089.560   part1.1+part3.1+part5.2	0h:4m:29s (0h:3m:20s left)
 122 TIM2+F+I     42111.199   part1.1+part2.1+part3.1	0h:4m:29s (0h:3m:16s left)
 123 HKY+F+I      42094.473   part1.1+part3.1+part5.1	0h:4m:30s (0h:3m:13s left)
 124 TIM3+F+I+G4  42133.989   part1.1+part2.2+part3.1	0h:4m:32s (0h:3m:11s left)
 125 K2P+I+G4     42135.207   part1.1+part3.1+part4.2	0h:4m:34s (0h:3m:8s left)
 126 K2P+G4       42308.995   part1.1+part2.3+part3.1	0h:4m:36s (0h:3m:6s left)
 127 K2P+I        42049.036   part1.1+part1.2+part3.1	0h:4m:38s (0h:3m:3s left)
 128 TNe+I+G4     42451.176   part1.1+part3.1+part4.3	0h:4m:38s (0h:3m:0s left)
 129 TIM3e+G4     42034.237   part1.1+part3.1+part3.2	0h:4m:38s (0h:2m:57s left)
 130 TVMe+I+G4    42176.875   part1.1+part3.1+part4.1	0h:4m:42s (0h:2m:55s left)
 131 HKY+F+I+G4   42232.144   part1.1+part3.1+part5.3	0h:4m:43s (0h:2m:52s left)
 132 TIM+F+I+G4   42202.882   part1.1+part3.1+part3.3	0h:4m:45s (0h:2m:51s left)
 133 TN+F+I+G4    42578.263   part1.1+part1.3+part3.1	0h:4m:47s (0h:2m:48s left)
Merging part1.2+part3.2 with BIC score: 42025.431 (LnL: -17223.942  df: 931)
 134 TIM3e+I      41534.645   part1.1+part1.2+part3.1+part3.2	0h:4m:55s (0h:2m:49s left)
 135 TIM3+F+I     41563.993   part1.2+part3.2+part5.1	0h:4m:57s (0h:2m:47s left)
 136 HKY+F+I      41567.059   part1.2+part2.1+part3.2	0h:4m:58s (0h:2m:44s left)
 137 TVM+F+I+G4   41566.725   part1.2+part2.2+part3.2	0h:4m:59s (0h:2m:41s left)
 138 TIM3e+I      41529.003   part1.2+part3.2+part5.2	0h:5m:0s (0h:2m:39s left)
 139 TPM3+F+G4    41779.031   part1.2+part2.3+part3.2	0h:5m:3s (0h:2m:36s left)
 140 TPM3u+F+I+G4 41966.925   part1.2+part3.2+part4.3	0h:5m:4s (0h:2m:34s left)
 141 TNe+I+G4     41718.186   part1.2+part3.2+part5.3	0h:5m:8s (0h:2m:33s left)
 142 TPM3u+F+I+G4 41577.589   part1.2+part3.2+part4.2	0h:5m:10s (0h:2m:30s left)
 143 TPM3u+F+I+G4 41679.795   part1.2+part3.2+part3.3	0h:5m:11s (0h:2m:28s left)
 144 TPM3u+F+I+G4 41641.185   part1.2+part3.2+part4.1	0h:5m:11s (0h:2m:25s left)
 145 TPM2u+F+I+G4 42187.497   part1.2+part1.3+part3.2	0h:5m:13s (0h:2m:22s left)
Merging part2.1+part2.2 with BIC score: 41507.845 (LnL: -17258.158  df: 859)
 146 TPM3+F+G4    41072.866   part2.1+part2.2+part5.2	0h:5m:21s (0h:2m:23s left)
 147 TPM3u+F+I+G4 41049.494   part2.1+part2.2+part5.1	0h:5m:22s (0h:2m:20s left)
 148 TIM3+F+I+G4  41113.599   part1.1+part2.1+part2.2+part3.1	0h:5m:22s (0h:2m:17s left)
 149 TIM3+F+I+G4  41138.019   part2.1+part2.2+part3.3	0h:5m:23s (0h:2m:14s left)
 150 TIM3+F+G4    41137.855   part2.1+part2.2+part2.3	0h:5m:27s (0h:2m:13s left)
 151 TPM3u+F+I+G4 41191.824   part2.1+part2.2+part5.3	0h:5m:29s (0h:2m:10s left)
 152 TIM3e+G4     41322.562   part2.1+part2.2+part4.3	0h:5m:32s (0h:2m:9s left)
 153 TPM3u+F+I+G4 41072.040   part1.2+part2.1+part2.2+part3.2	0h:5m:36s (0h:2m:7s left)
 154 TPM3u+F+I+G4 41082.246   part2.1+part2.2+part4.2	0h:5m:37s (0h:2m:4s left)
 155 TPM3u+F+I+G4 41080.018   part2.1+part2.2+part4.1	0h:5m:38s (0h:2m:2s left)
 156 TN+F+I+G4    41640.597   part1.3+part2.1+part2.2	0h:5m:39s (0h:1m:59s left)
Merging part4.1+part4.2 with BIC score: 41005.010 (LnL: -17311.959  df: 784)
 157 TVMe+I+G4    40607.140   part4.1+part4.2+part5.2	0h:5m:50s (0h:2m:0s left)
 158 TIM3+F+I+G4  40576.611   part4.1+part4.2+part5.1	0h:5m:50s (0h:1m:57s left)
 159 TVMe+I+G4    40643.402   part1.1+part3.1+part4.1+part4.2	0h:5m:50s (0h:1m:54s left)
 160 TVM+F+I+G4   40563.612   part3.3+part4.1+part4.2	0h:5m:51s (0h:1m:52s left)
 161 SYM+I+G4     40613.685   part4.1+part4.2+part5.3	0h:5m:52s (0h:1m:49s left)
 162 TPM3u+F+G4   40620.730   part2.3+part4.1+part4.2	0h:5m:54s (0h:1m:47s left)
 163 TPM3u+F+I+G4 40604.065   part2.1+part2.2+part4.1+part4.2	0h:5m:55s (0h:1m:44s left)
 164 TIM3e+I+G4   41055.864   part1.3+part4.1+part4.2	0h:5m:59s (0h:1m:42s left)
 165 TIM3+F+I+G4  40613.924   part1.2+part3.2+part4.1+part4.2	0h:6m:1s (0h:1m:40s left)
 166 TIM3+F+G4    40694.796   part4.1+part4.2+part4.3	0h:6m:2s (0h:1m:38s left)
Merging part1.2+part3.2+part5.2 with BIC score: 40508.582 (LnL: -17356.754  df: 712)
 167 TPM3+F+I     40044.691   part1.1+part1.2+part3.1+part3.2+part5.2	0h:6m:11s (0h:1m:37s left)
 168 TIM3+F+I+G4  40054.251   part1.2+part3.2+part5.1+part5.2	0h:6m:13s (0h:1m:35s left)
 169 TPM3u+F+I+G4 40122.855   part1.2+part2.1+part2.2+part3.2+part5.2	0h:6m:19s (0h:1m:34s left)
 170 TIM3+F+I+G4  40226.389   part1.2+part3.2+part5.2+part5.3	0h:6m:20s (0h:1m:31s left)
 171 TIM3e+I+G4   40183.647   part1.2+part3.2+part3.3+part5.2	0h:6m:20s (0h:1m:28s left)
 172 TPM3u+F+I+G4 40332.115   part1.2+part2.3+part3.2+part5.2	0h:6m:20s (0h:1m:26s left)
 173 TIM3+F+I+G4  40192.217   part1.2+part3.2+part4.1+part4.2+part5.2	0h:6m:22s (0h:1m:23s left)
 174 TIM3e+I+G4   40536.551   part1.2+part3.2+part4.3+part5.2	0h:6m:26s (0h:1m:22s left)
 175 TIM3+F+I+G4  40744.237   part1.2+part1.3+part3.2+part5.2	0h:6m:27s (0h:1m:19s left)
Merging part3.3+part4.3 with BIC score: 40021.058 (LnL: -17393.793  df: 643)
 176 K2P+G4       39733.471   part3.3+part4.3+part5.1	0h:6m:40s (0h:1m:19s left)
 177 TIM3e+I+G4   39941.207   part1.1+part3.1+part3.3+part4.3	0h:6m:41s (0h:1m:17s left)
 178 TIM2+F+G4    39616.422   part3.3+part4.3+part5.3	0h:6m:43s (0h:1m:14s left)
 179 TIM3e+G4     39851.393   part2.1+part2.2+part3.3+part4.3	0h:6m:44s (0h:1m:12s left)
 180 TIM3e+G4     39614.259   part2.3+part3.3+part4.3	0h:6m:45s (0h:1m:9s left)
 181 TIM3e+I+G4   40070.161   part1.2+part3.2+part3.3+part4.3+part5.2	0h:6m:45s (0h:1m:7s left)
 182 TIM3+F+I+G4  39724.352   part3.3+part4.1+part4.2+part4.3	0h:6m:45s (0h:1m:4s left)
 183 TIM2+F+G4    39753.204   part1.3+part3.3+part4.3	0h:6m:51s (0h:1m:2s left)
Merging part1.1+part1.2+part3.1+part3.2+part5.2 with BIC score: 39557.167 (LnL: -17442.648  df: 574)
 184 TPM3u+F+I    39090.440   part1.1+part1.2+part3.1+part3.2+part5.1+part5.2	0h:7m:0s (0h:1m:1s left)
 185 TPM3u+F+I+G4 39192.143   part1.1+part1.2+part2.1+part2.2+part3.1+part3.2+part5.2	0h:7m:5s (0h:0m:59s left)
 186 TPM3u+F+I+G4 39440.892   part1.1+part1.2+part2.3+part3.1+part3.2+part5.2	0h:7m:6s (0h:0m:57s left)
 187 TPM3u+F+I+G4 39298.438   part1.1+part1.2+part3.1+part3.2+part5.2+part5.3	0h:7m:7s (0h:0m:54s left)
 188 TPM3+F+I+G4  39287.862   part1.1+part1.2+part3.1+part3.2+part4.1+part4.2+part5.2	0h:7m:10s (0h:0m:52s left)
 189 TIM3e+I+G4   39707.284   part1.1+part1.2+part3.1+part3.2+part3.3+part4.3+part5.2	0h:7m:12s (0h:0m:50s left)
 190 TIM3+F+I+G4  39876.763   part1.1+part1.2+part1.3+part3.1+part3.2+part5.2	0h:7m:15s (0h:0m:48s left)
Merging part1.1+part1.2+part3.1+part3.2+part5.1+part5.2 with BIC score: 39090.440 (LnL: -17477.876  df: 508)
 191 TPM3u+F+I+G4 38710.092   part1.1+part1.2+part2.1+part2.2+part3.1+part3.2+part5.1+part5.2	0h:7m:31s (0h:0m:47s left)
 192 TPM3u+F+I+G4 38803.261   part1.1+part1.2+part3.1+part3.2+part5.1+part5.2+part5.3	0h:7m:32s (0h:0m:44s left)
 193 TPM3u+F+I+G4 38951.168   part1.1+part1.2+part2.3+part3.1+part3.2+part5.1+part5.2	0h:7m:33s (0h:0m:42s left)
 194 TPM3u+F+I+G4 38807.042   part1.1+part1.2+part3.1+part3.2+part4.1+part4.2+part5.1+part5.2	0h:7m:36s (0h:0m:39s left)
 195 TIM3e+I+G4   39231.374   part1.1+part1.2+part3.1+part3.2+part3.3+part4.3+part5.1+part5.2	0h:7m:39s (0h:0m:37s left)
 196 TIM3+F+I+G4  39423.524   part1.1+part1.2+part1.3+part3.1+part3.2+part5.1+part5.2	0h:7m:43s (0h:0m:35s left)
Merging part2.3+part3.3+part4.3 with BIC score: 38683.641 (LnL: -17563.417  df: 437)
 197 K2P+G4       38282.339   part2.3+part3.3+part4.3+part5.3	0h:8m:2s (0h:0m:34s left)
 198 TIM3+F+G4    38489.943   part2.1+part2.2+part2.3+part3.3+part4.3	0h:8m:2s (0h:0m:31s left)
 199 TIM3+F+G4    38381.161   part2.3+part3.3+part4.1+part4.2+part4.3	0h:8m:5s (0h:0m:29s left)
 200 TIM3e+I+G4   38939.966   part1.1+part1.2+part2.3+part3.1+part3.2+part3.3+part4.3+part5.1+part5.2	0h:8m:8s (0h:0m:26s left)
 201 TPM2u+F+G4   38525.875   part1.3+part2.3+part3.3+part4.3	0h:8m:9s (0h:0m:24s left)
Merging part2.3+part3.3+part4.3+part5.3 with BIC score: 38282.339 (LnL: -17651.705  df: 366)
 202 TIM3e+G4     38074.374   part2.1+part2.2+part2.3+part3.3+part4.3+part5.3	0h:8m:30s (0h:0m:22s left)
 203 TIM3+F+I+G4  37977.099   part2.3+part3.3+part4.1+part4.2+part4.3+part5.3	0h:8m:33s (0h:0m:20s left)
 204 TPM3u+F+I+G4 38516.168   part1.1+part1.2+part2.3+part3.1+part3.2+part3.3+part4.3+part5.1+part5.2+part5.3	0h:8m:38s (0h:0m:17s left)
 205 TIM2+F+G4    38114.902   part1.3+part2.3+part3.3+part4.3+part5.3	0h:8m:39s (0h:0m:15s left)
Merging part2.1+part2.2+part4.1+part4.2 with BIC score: 37881.394 (LnL: -17752.381  df: 292)
 206 TPM3u+F+I+G4 37607.412   part1.1+part1.2+part2.1+part2.2+part3.1+part3.2+part4.1+part4.2+part5.1+part5.2	0h:8m:58s (0h:0m:13s left)
 207 TIM3e+I+G4   38072.835   part1.3+part2.1+part2.2+part4.1+part4.2	0h:9m:1s (0h:0m:10s left)
 208 TPM3u+F+I+G4 37678.661   part2.1+part2.2+part2.3+part3.3+part4.1+part4.2+part4.3+part5.3	0h:9m:2s (0h:0m:7s left)
Merging part1.1+part1.2+part2.1+part2.2+part3.1+part3.2+part4.1+part4.2+part5.1+part5.2 with BIC score: 37607.412 (LnL: -17912.469  df: 219)
 209 TIM3e+I+G4   37972.226   part1.1+part1.2+part1.3+part2.1+part2.2+part3.1+part3.2+part4.1+part4.2+part5.1+part5.2	0h:9m:33s (0h:0m:5s left)
 210 TPM3u+F+I+G4 37699.264   part1.1+part1.2+part2.1+part2.2+part2.3+part3.1+part3.2+part3.3+part4.1+part4.2+part4.3+part5.1+part5.2+part5.3	0h:9m:34s (0h:0m:2s left)
Merging part1.3+part2.3+part3.3+part4.3+part5.3 with BIC score: 37439.975 (LnL: -18117.690  df: 148)
 211 TIM3e+I+G4   37857.971   part1.1+part1.2+part1.3+part2.1+part2.2+part2.3+part3.1+part3.2+part3.3+part4.1+part4.2+part4.3+part5.1+part5.2+part5.3	0h:10m:32s (0h:0m:0s left)
BEST-FIT PARTITION MODEL: 
  charpartition BIC = TPM3u+F+I+G4: part1.1 part1.2 part2.1 part2.2 part3.1 part3.2 part4.1 part4.2 part5.1 part5.2, TIM2+F+G4: part1.3 part2.3 part3.3 part4.3 part5.3;
Agglomerative model selection: (((((part1.1,part3.1)1:42547.4,((part1.2,part3.2)2:42025.4,part5.2)5:40508.6)7:39557.2,part5.1)8:39090.4,((part2.1,part2.2)3:41507.8,(part4.1,part4.2)4:41005)11:37881.4)12:37607.4,(part1.3,((part2.3,(part3.3,part4.3)6:40021.1)9:38683.6,part5.3)10:38282.3)13:37440)
Merging into 2 partitions...
Partition information was printed to 6_set77.best_scheme.nex
Partition information in Raxml format was printed to 6_set77.best_scheme

All model information printed to 6_set77.model.gz
CPU time for ModelFinder: 530.280 seconds (0h:8m:50s)
Wall-clock time for ModelFinder: 634.365 seconds (0h:10m:34s)
Generating 1000 samples for ultrafast bootstrap (seed: 999928)...

NOTE: 10 MB RAM (0 GB) is required!
Measuring multi-threading efficiency up to 8 CPU cores
Increase to 10 rounds for branch lengths
14 trees examined
Threads: 1 / Time: 8.385 sec / Speedup: 1.000 / Efficiency: 100% / LogL: -25511
Threads: 2 / Time: 4.986 sec / Speedup: 1.682 / Efficiency: 84% / LogL: -25511
Threads: 3 / Time: 24.596 sec / Speedup: 0.341 / Efficiency: 11% / LogL: -25511
BEST NUMBER OF THREADS: 2

Estimate model parameters (epsilon = 0.100)
Optimizing TPM3u+F+I+G4 parameters for partition part1.1+part1.2+part2.1+part2.2+part3.1+part3.2+part4.1+part4.2+part5.1+part5.2 (74 free parameters)
Optimizing TIM2+F+G4 parameters for partition part1.3+part2.3+part3.3+part4.3+part5.3 (74 free parameters)
Optimal log-likelihood: -18117.797
Computing ML distances based on estimated model parameters... 0.031 sec
Computing BIONJ tree...
0.004 seconds
Log-likelihood of BIONJ tree: -18124.926
--------------------------------------------------------------------
|             INITIALIZING CANDIDATE TREE SET                      |
--------------------------------------------------------------------
Generating 98 parsimony trees... 6.008 second
Computing log-likelihood of 98 initial trees ... 8.092 seconds
Current best score: -18117.797

Do NNI search on 20 best initial trees
Estimate model parameters (epsilon = 0.100)
BETTER TREE FOUND at iteration 1: -18116.567
Estimate model parameters (epsilon = 0.100)
BETTER TREE FOUND at iteration 3: -18113.092
Iteration 10 / LogL: -18113.208 / Time: 0h:1m:55s
Iteration 20 / LogL: -18113.103 / Time: 0h:2m:23s
Finish initializing candidate tree set (8)
Current best tree score: -18113.092 / CPU time: 58.194
Number of iterations: 20
--------------------------------------------------------------------
|               OPTIMIZING CANDIDATE TREE SET                      |
--------------------------------------------------------------------
Iteration 30 / LogL: -18113.208 / Time: 0h:2m:38s (0h:6m:38s left)
Iteration 40 / LogL: -18113.112 / Time: 0h:2m:52s (0h:4m:39s left)
Iteration 50 / LogL: -18113.185 / Time: 0h:3m:9s (0h:3m:25s left)
Log-likelihood cutoff on original alignment: -18147.634
Iteration 60 / LogL: -18114.895 / Time: 0h:3m:23s (0h:2m:28s left)
Iteration 70 / LogL: -18113.898 / Time: 0h:3m:42s (0h:1m:46s left)
UPDATE BEST LOG-LIKELIHOOD: -18113.091
Iteration 80 / LogL: -18113.758 / Time: 0h:3m:56s (0h:1m:8s left)
UPDATE BEST LOG-LIKELIHOOD: -18113.090
Iteration 90 / LogL: -18113.118 / Time: 0h:4m:13s (0h:0m:37s left)
Iteration 100 / LogL: -18115.112 / Time: 0h:4m:27s (0h:0m:8s left)
Log-likelihood cutoff on original alignment: -18147.579
NOTE: Bootstrap correlation coefficient of split occurrence frequencies: 1.000
TREE SEARCH COMPLETED AFTER 104 ITERATIONS / Time: 0h:4m:33s

--------------------------------------------------------------------
|                    FINALIZING TREE SEARCH                        |
--------------------------------------------------------------------
Performs final model parameters optimization
Estimate model parameters (epsilon = 0.010)
Optimizing TIM2+F+G4 parameters for partition part1.3+part2.3+part3.3+part4.3+part5.3 (74 free parameters)
Optimizing TPM3u+F+I+G4 parameters for partition part1.1+part1.2+part2.1+part2.2+part3.1+part3.2+part4.1+part4.2+part5.1+part5.2 (74 free parameters)
Optimal log-likelihood: -18113.041
BEST SCORE FOUND : -18113.041
Creating bootstrap support values...
Split supports printed to NEXUS file 6_set77.splits.nex
Total tree length: 0.995

Total number of iterations: 104
CPU time used for tree search: 54.080 sec (0h:0m:54s)
Wall-clock time used for tree search: 188.788 sec (0h:3m:8s)
Total CPU time used: 71.505 sec (0h:1m:11s)
Total wall-clock time used: 275.038 sec (0h:4m:35s)

Computing bootstrap consensus tree...
Reading input file 6_set77.splits.nex...
35 taxa and 119 splits.
Consensus tree written to 6_set77.contree
Reading input trees file 6_set77.contree
Log-likelihood of consensus tree: -18113.047

Analysis results written to: 
  IQ-TREE report:                6_set77.iqtree
  Maximum-likelihood tree:       6_set77.treefile
  Likelihood distances:          6_set77.mldist
  Best partitioning scheme:      6_set77.best_scheme.nex
           in RAxML format:      6_set77.best_scheme

Ultrafast bootstrap approximation results written to:
  Split support values:          6_set77.splits.nex
  Consensus tree:                6_set77.contree
  Screen log file:               6_set77.log

Date and Time: Fri Sep  7 04:20:38 2018
