IQ-TREE multicore version 1.6.3 for Mac OS X 64-bit built Mar 22 2018
Developed by Bui Quang Minh, Nguyen Lam Tung, Olga Chernomor,
Heiko Schmidt, Dominik Schrempf, Michael Woodhams.

Host:    meeps-mac-pro.staff.sydney.edu.au (AVX, 64 GB RAM)
Command: /Users/davidduchene/Desktop/Software/iqtree-1.6.3-MacOSX/bin/iqtree -s ../../../../marsupials/set208.fasta -m TEST -bb 1000 -nt AUTO -pre 1_set208
Seed:    495862 (Using SPRNG - Scalable Parallel Random Number Generator)
Time:    Fri Jul 27 18:02:42 2018
Kernel:  AVX - auto-detect threads (8 CPU cores detected)

Reading alignment file ../../../../marsupials/set208.fasta ... Fasta format detected
Alignment most likely contains DNA/RNA sequences
Alignment has 35 sequences with 1674 columns, 904 distinct patterns
492 parsimony-informative, 291 singleton sites, 891 constant sites
                                              Gap/Ambiguity  Composition  p-value
   1  Burramyidae_Burramys_parvus                    19.59%    passed     57.52%
   2  Notoryctidae_Notoryctes_typhlops                6.93%    passed     65.08%
   3  Vombatidae_Lasiorhinus_latifrons                0.54%    passed     85.77%
   4  Potoroidae_Bettongia_penicillata                1.73%    passed     93.79%
   5  Potoroidae_Bettongia_lesueur                    0.36%    passed     96.82%
   6  Dasyuridae_Dasyurus_maculatus                   1.02%    passed     95.47%
   7  Phalangeridae_Trichosurus_vulpecula             0.24%    passed     97.45%
   8  Phalangeridae_Spilocuscus_maculatus             0.18%    passed     99.57%
   9  Potoroidae_Aepyprymnus_rufescens                6.87%    passed     77.41%
  10  Peramelidae_Perameles_nasuta                    9.08%    passed     27.30%
  11  Phalangeridae_Strigocuscus_pelengensis          7.41%    passed     93.09%
  12  Dasyuridae_Phascogale_tapoatafa                 7.89%    passed     45.60%
  13  Dasyuridae_Sminthopsis_macroura                 3.58%    passed     87.03%
  14  Phalangeridae_Phalanger_orientalis              0.54%    passed     99.87%
  15  Acrobatidae_Acrobates_pygmaeus                  2.81%    passed     94.28%
  16  Dasyuridae_Phascogale_calura                    2.09%    passed     86.17%
  17  Dasyuridae_Sarcophilus_harrisii                 2.69%    passed     67.94%
  18  Dasyuridae_Planigale_tenuirostris               6.57%    passed     97.34%
  19  Peramelidae_Echymipera_kalubu                   0.78%    passed     76.93%
  20  Macropodidae_Dorcopsulus_vanheurni              5.85%    passed     85.11%
  21  Pseudochiridae_Pseudochirulus_forbesi           0.36%    passed     93.86%
  22  Didelphidae_Didelphis_virginiana               34.71%    passed     35.03%
  23  Marmosidae_Monodelphis_domestica               50.24%    passed      7.58%
  24  Dasyuridae_Antechinus_stuartii                  2.27%    passed     85.24%
  25  Hypsiprymnodontidae_Hypsiprymnodon_moschatus    0.18%    passed     84.54%
  26  Microbiotheriidae_Dromiciops_gliroides          5.20%    passed     21.81%
  27  Pseudochiridae_Petauroides_volans               1.49%    passed     98.03%
  28  Macropodidae_Wallabia_bicolor                   4.12%    passed     93.38%
  29  Pseudochiridae_Pseudocheirus_occidentalis       3.64%    passed     80.13%
  30  Tarsipedidae_Tarsipes_rostratus                 8.84%    passed     58.34%
  31  Acrobatidae_Distoechurus_pennatus               1.25%    passed     95.72%
  32  Phalangeridae_Phalanger_carmelitae              0.12%    passed     99.75%
  33  Peramelidae_Peroryctes_raffrayana              13.20%    passed     15.78%
  34  Dasyuridae_Dasyurus_geffroii                    2.21%    passed     97.32%
  35  Peramelidae_Perameles_gunnii                    4.54%    passed     30.34%
WARNING: 1 sequences contain more than 50% gaps/ambiguity
****  TOTAL                                           6.26%  0 sequences failed composition chi2 test (p-value<5%; df=3)


Create initial parsimony tree by phylogenetic likelihood library (PLL)... 0.005 seconds
NOTE: ModelFinder requires 7 MB RAM!
ModelFinder will test 88 DNA models (sample size: 1674) ...
 No. Model         -LnL         df  AIC          AICc         BIC
Measuring multi-threading efficiency up to 8 CPU cores
Increase to 10 rounds for branch lengths
476 trees examined
Threads: 1 / Time: 8.012 sec / Speedup: 1.000 / Efficiency: 100% / LogL: -17876
Threads: 2 / Time: 6.774 sec / Speedup: 1.183 / Efficiency: 59% / LogL: -17876
Threads: 3 / Time: 5.929 sec / Speedup: 1.351 / Efficiency: 45% / LogL: -17876
BEST NUMBER OF THREADS: 2

  1  JC            12626.699    67  25387.398    25393.071    25750.737
  2  JC+I          12247.409    68  24630.818    24636.665    24999.580
  3  JC+G4         12147.421    68  24430.842    24436.689    24799.604
  4  JC+I+G4       12145.305    69  24428.611    24434.633    24802.796
  5  F81+F         12632.405    70  25404.810    25411.011    25784.418
  6  F81+F+I       12251.695    71  24645.389    24651.771    25030.420
  7  F81+F+G4      12151.456    71  24444.911    24451.293    24829.942
  8  F81+F+I+G4    12149.215    72  24442.431    24448.997    24832.885
  9  K2P           12230.631    68  24597.262    24603.108    24966.024
 10  K2P+I         11837.129    69  23812.257    23818.280    24186.442
 11  K2P+G4        11729.044    69  23596.088    23602.111    23970.273
 12  K2P+I+G4      11725.662    70  23591.324    23597.525    23970.932
 13  HKY+F         12236.593    71  24615.186    24621.568    25000.217
 14  HKY+F+I       11837.599    72  23819.198    23825.764    24209.652
 15  HKY+F+G4      11728.899    72  23601.798    23608.364    23992.252
 16  HKY+F+I+G4    11725.435    73  23596.869    23603.622    23992.746
 17  TNe           12228.524    69  24595.049    24601.071    24969.234
 18  TNe+I         11836.827    70  23813.655    23819.856    24193.263
 19  TNe+G4        11728.755    70  23597.510    23603.711    23977.118
 20  TNe+I+G4      11725.266    71  23592.533    23598.915    23977.564
 21  TN+F          12230.657    72  24605.314    24611.880    24995.768
 22  TN+F+I        11835.166    73  23816.332    23823.084    24212.208
 23  TN+F+G4       11726.533    73  23599.067    23605.819    23994.944
 24  TN+F+I+G4     11722.969    74  23593.938    23600.880    23995.238
 25  K3P           12229.249    69  24596.497    24602.519    24970.682
 26  K3P+I         11835.801    70  23811.603    23817.804    24191.211
 27  K3P+G4        11727.770    70  23595.540    23601.741    23975.148
 28  K3P+I+G4      11724.176    71  23590.352    23596.734    23975.383
 29  K3Pu+F        12235.090    72  24614.180    24620.746    25004.634
 30  K3Pu+F+I      11835.996    73  23817.993    23824.745    24213.870
 31  K3Pu+F+G4     11727.329    73  23600.658    23607.410    23996.535
 32  K3Pu+F+I+G4   11723.697    74  23595.394    23602.335    23996.694
 33  TPM2+F        12235.854    72  24615.707    24622.273    25006.161
 34  TPM2+F+I      11837.543    73  23821.086    23827.839    24216.963
 35  TPM2+F+G4     11728.876    73  23603.753    23610.505    23999.630
 36  TPM2+F+I+G4   11725.239    74  23598.478    23605.419    23999.777
 37  TPM2u+F       12235.854    72  24615.707    24622.273    25006.161
 38  TPM2u+F+I     11837.543    73  23821.086    23827.839    24216.963
 39  TPM2u+F+G4    11728.876    73  23603.753    23610.505    23999.630
 40  TPM2u+F+I+G4  11725.216    74  23598.432    23605.373    23999.731
 41  TPM3+F        12236.554    72  24617.109    24623.674    25007.562
 42  TPM3+F+I      11837.295    73  23820.590    23827.342    24216.467
 43  TPM3+F+G4     11728.748    73  23603.497    23610.249    23999.373
 44  TPM3+F+I+G4   11725.042    74  23598.083    23605.025    23999.383
 45  TPM3u+F       12236.554    72  24617.108    24623.674    25007.562
 46  TPM3u+F+I     11837.295    73  23820.590    23827.343    24216.467
 47  TPM3u+F+G4    11728.748    73  23603.497    23610.249    23999.373
 48  TPM3u+F+I+G4  11725.025    74  23598.050    23604.992    23999.350
 49  TIMe          12227.143    70  24594.285    24600.486    24973.893
 50  TIMe+I        11835.505    71  23813.010    23819.392    24198.041
 51  TIMe+G4       11727.482    71  23596.964    23603.346    23981.995
 52  TIMe+I+G4     11723.760    72  23591.520    23598.086    23981.974
 53  TIM+F         12229.155    73  24604.311    24611.063    25000.188
 54  TIM+F+I       11833.568    74  23815.135    23822.077    24216.435
 55  TIM+F+G4      11724.961    74  23597.921    23604.863    23999.221
 56  TIM+F+I+G4    11721.222    75  23592.443    23599.577    23999.166
 57  TIM2e         12227.246    70  24594.491    24600.692    24974.099
 58  TIM2e+I       11836.519    71  23815.039    23821.421    24200.070
 59  TIM2e+G4      11728.707    71  23599.413    23605.795    23984.444
 60  TIM2e+I+G4    11724.949    72  23593.897    23600.463    23984.351
 61  TIM2+F        12229.920    73  24605.840    24612.592    25001.717
 62  TIM2+F+I      11835.104    74  23818.209    23825.150    24219.508
 63  TIM2+F+G4     11726.510    74  23601.021    23607.963    24002.321
 64  TIM2+F+I+G4   11722.771    75  23595.541    23602.675    24002.264
 65  TIM3e         12227.886    70  24595.771    24601.972    24975.379
 66  TIM3e+I       11836.811    71  23815.622    23822.004    24200.653
 67  TIM3e+G4      11728.552    71  23599.103    23605.485    23984.134
 68  TIM3e+I+G4    11724.817    72  23593.634    23600.200    23984.088
 69  TIM3+F        12230.617    73  24607.234    24613.986    25003.110
 70  TIM3+F+I      11834.858    74  23817.715    23824.657    24219.015
 71  TIM3+F+G4     11726.395    74  23600.789    23607.731    24002.089
 72  TIM3+F+I+G4   11722.617    75  23595.234    23602.368    24001.957
 73  TVMe          12227.073    71  24596.147    24602.529    24981.178
 74  TVMe+I        11835.344    72  23814.687    23821.253    24205.141
 75  TVMe+G4       11727.416    72  23598.832    23605.398    23989.286
 76  TVMe+I+G4     11723.600    73  23593.201    23599.953    23989.078
 77  TVM+F         12234.104    74  24616.207    24623.149    25017.507
 78  TVM+F+I       11835.638    75  23821.277    23828.411    24228.000
 79  TVM+F+G4      11727.232    75  23604.463    23611.597    24011.186
 80  TVM+F+I+G4    11723.437    76  23598.875    23606.203    24011.020
 81  SYM           12224.968    72  24593.936    24600.502    24984.390
 82  SYM+I         11835.038    73  23816.076    23822.829    24211.953
 83  SYM+G4        11727.117    73  23600.233    23606.986    23996.110
 84  SYM+I+G4      11723.300    74  23594.601    23601.543    23995.901
 85  GTR+F         12228.168    75  24606.337    24613.471    25013.060
 86  GTR+F+I       11833.199    76  23818.398    23825.727    24230.544
 87  GTR+F+G4      11724.871    76  23601.743    23609.071    24013.888
 88  GTR+F+I+G4    11721.067    77  23596.135    23603.661    24013.704
Akaike Information Criterion:           K3P+I+G4
Corrected Akaike Information Criterion: K3P+I+G4
Bayesian Information Criterion:         K2P+G4
Best-fit model: K2P+G4 chosen according to BIC

All model information printed to 1_set208.model.gz
CPU time for ModelFinder: 47.662 seconds (0h:0m:47s)
Wall-clock time for ModelFinder: 24.712 seconds (0h:0m:24s)
Generating 1000 samples for ultrafast bootstrap (seed: 495862)...

NOTE: 7 MB RAM (0 GB) is required!
Measuring multi-threading efficiency up to 8 CPU cores
Increase to 10 rounds for branch lengths
158 trees examined
Threads: 1 / Time: 8.036 sec / Speedup: 1.000 / Efficiency: 100% / LogL: -16875
Threads: 2 / Time: 6.095 sec / Speedup: 1.318 / Efficiency: 66% / LogL: -16875
Threads: 3 / Time: 5.155 sec / Speedup: 1.559 / Efficiency: 52% / LogL: -16875
Threads: 4 / Time: 4.233 sec / Speedup: 1.898 / Efficiency: 47% / LogL: -16875
BEST NUMBER OF THREADS: 3

Estimate model parameters (epsilon = 0.100)
1. Initial log-likelihood: -12214.875
2. Current log-likelihood: -11850.231
3. Current log-likelihood: -11730.770
4. Current log-likelihood: -11729.049
Optimal log-likelihood: -11729.044
Rate parameters:  A-C: 1.00000  A-G: 4.26272  A-T: 1.00000  C-G: 1.00000  C-T: 4.26272  G-T: 1.00000
Base frequencies:  A: 0.250  C: 0.250  G: 0.250  T: 0.250
Gamma shape alpha: 0.452
Parameters optimization took 4 rounds (0.109 sec)
Computing ML distances based on estimated model parameters... 0.035 sec
Computing BIONJ tree...
0.002 seconds
Log-likelihood of BIONJ tree: -11756.731
--------------------------------------------------------------------
|             INITIALIZING CANDIDATE TREE SET                      |
--------------------------------------------------------------------
Generating 98 parsimony trees... 0.514 second
Computing log-likelihood of 98 initial trees ... 1.017 seconds
Current best score: -11709.107

Do NNI search on 20 best initial trees
Estimate model parameters (epsilon = 0.100)
BETTER TREE FOUND at iteration 1: -11706.386
Estimate model parameters (epsilon = 0.100)
BETTER TREE FOUND at iteration 2: -11705.434
Iteration 10 / LogL: -11705.436 / Time: 0h:0m:50s
Iteration 20 / LogL: -11713.585 / Time: 0h:0m:52s
Finish initializing candidate tree set (4)
Current best tree score: -11705.434 / CPU time: 3.659
Number of iterations: 20
--------------------------------------------------------------------
|               OPTIMIZING CANDIDATE TREE SET                      |
--------------------------------------------------------------------
Iteration 30 / LogL: -11705.451 / Time: 0h:0m:53s (0h:1m:10s left)
Iteration 40 / LogL: -11707.334 / Time: 0h:0m:54s (0h:0m:47s left)
Iteration 50 / LogL: -11706.426 / Time: 0h:0m:55s (0h:0m:32s left)
Log-likelihood cutoff on original alignment: -11752.656
Iteration 60 / LogL: -11705.540 / Time: 0h:0m:57s (0h:0m:23s left)
Iteration 70 / LogL: -11705.494 / Time: 0h:0m:59s (0h:0m:15s left)
Iteration 80 / LogL: -11707.162 / Time: 0h:1m:0s (0h:0m:9s left)
Iteration 90 / LogL: -11708.456 / Time: 0h:1m:1s (0h:0m:4s left)
Iteration 100 / LogL: -11705.649 / Time: 0h:1m:2s (0h:0m:0s left)
Log-likelihood cutoff on original alignment: -11752.656
NOTE: Bootstrap correlation coefficient of split occurrence frequencies: 1.000
TREE SEARCH COMPLETED AFTER 103 ITERATIONS / Time: 0h:1m:3s

--------------------------------------------------------------------
|                    FINALIZING TREE SEARCH                        |
--------------------------------------------------------------------
Performs final model parameters optimization
Estimate model parameters (epsilon = 0.010)
1. Initial log-likelihood: -11705.434
Optimal log-likelihood: -11705.434
Rate parameters:  A-C: 1.00000  A-G: 4.39184  A-T: 1.00000  C-G: 1.00000  C-T: 4.39184  G-T: 1.00000
Base frequencies:  A: 0.250  C: 0.250  G: 0.250  T: 0.250
Gamma shape alpha: 0.455
Parameters optimization took 1 rounds (0.016 sec)
BEST SCORE FOUND : -11705.434
Creating bootstrap support values...
Split supports printed to NEXUS file 1_set208.splits.nex
Total tree length: 1.476

Total number of iterations: 103
CPU time used for tree search: 39.661 sec (0h:0m:39s)
Wall-clock time used for tree search: 15.058 sec (0h:0m:15s)
Total CPU time used: 138.443 sec (0h:2m:18s)
Total wall-clock time used: 63.642 sec (0h:1m:3s)

Computing bootstrap consensus tree...
Reading input file 1_set208.splits.nex...
35 taxa and 171 splits.
Consensus tree written to 1_set208.contree
Reading input trees file 1_set208.contree
Log-likelihood of consensus tree: -11706.268

Analysis results written to: 
  IQ-TREE report:                1_set208.iqtree
  Maximum-likelihood tree:       1_set208.treefile
  Likelihood distances:          1_set208.mldist

Ultrafast bootstrap approximation results written to:
  Split support values:          1_set208.splits.nex
  Consensus tree:                1_set208.contree
  Screen log file:               1_set208.log

Date and Time: Fri Jul 27 18:03:46 2018
