IQ-TREE multicore version 1.6.3 for Mac OS X 64-bit built Mar 22 2018
Developed by Bui Quang Minh, Nguyen Lam Tung, Olga Chernomor,
Heiko Schmidt, Dominik Schrempf, Michael Woodhams.

Host:    meeps-mac-pro.staff.sydney.edu.au (AVX, 64 GB RAM)
Command: /Users/davidduchene/Desktop/Software/iqtree-1.6.3-MacOSX/bin/iqtree -s ../../../../marsupials/set53.fasta -m TEST -bb 1000 -nt AUTO -pre 1_set53
Seed:    410353 (Using SPRNG - Scalable Parallel Random Number Generator)
Time:    Fri Jul 27 14:49:55 2018
Kernel:  AVX - auto-detect threads (8 CPU cores detected)

Reading alignment file ../../../../marsupials/set53.fasta ... Fasta format detected
Alignment most likely contains DNA/RNA sequences
Alignment has 37 sequences with 5367 columns, 1630 distinct patterns
1202 parsimony-informative, 586 singleton sites, 3579 constant sites
                                              Gap/Ambiguity  Composition  p-value
   1  Burramyidae_Burramys_parvus                     0.41%    passed     95.78%
   2  Notoryctidae_Notoryctes_typhlops                2.11%    passed     74.05%
   3  Vombatidae_Lasiorhinus_latifrons                0.09%    passed     75.64%
   4  Potoroidae_Bettongia_penicillata                0.11%    passed     98.95%
   5  Potoroidae_Bettongia_lesueur                    3.20%    passed     99.48%
   6  Dasyuridae_Dasyurus_maculatus                   0.02%    passed     91.16%
   7  Phalangeridae_Trichosurus_vulpecula             0.54%    passed     99.21%
   8  Phalangeridae_Spilocuscus_maculatus             0.52%    passed     99.46%
   9  Potoroidae_Aepyprymnus_rufescens                0.28%    passed     99.92%
  10  Peramelidae_Perameles_nasuta                    2.44%    passed     93.27%
  11  Myrmecobiidae_Myrmecobius_fasciatus1           93.12%    failed      0.00%
  12  Phalangeridae_Strigocuscus_pelengensis          1.96%    passed     99.63%
  13  Dasyuridae_Phascogale_tapoatafa                 0.09%    passed     97.68%
  14  Dasyuridae_Sminthopsis_macroura                 0.26%    passed     79.23%
  15  Phalangeridae_Phalanger_orientalis              0.58%    passed     99.69%
  16  Acrobatidae_Acrobates_pygmaeus                  9.86%    passed     40.07%
  17  Dasyuridae_Phascogale_calura                    0.02%    passed     98.90%
  18  Dasyuridae_Sarcophilus_harrisii                 0.02%    passed     94.28%
  19  Dasyuridae_Planigale_tenuirostris               4.21%    passed     87.08%
  20  Peramelidae_Echymipera_kalubu                   0.02%    passed     77.66%
  21  Macropodidae_Dorcopsulus_vanheurni              0.39%    passed     98.96%
  22  Pseudochiridae_Pseudochirulus_forbesi           0.99%    passed     22.41%
  23  Didelphidae_Didelphis_virginiana                0.32%    passed     39.04%
  24  Marmosidae_Monodelphis_domestica                0.06%    passed     85.10%
  25  Dasyuridae_Antechinus_stuartii                  0.39%    passed     96.99%
  26  Hypsiprymnodontidae_Hypsiprymnodon_moschatus    0.00%    passed     95.54%
  27  Microbiotheriidae_Dromiciops_gliroides          2.55%    passed     97.00%
  28  Pseudochiridae_Petauroides_volans               0.69%    passed     83.57%
  29  Macropodidae_Wallabia_bicolor                   1.10%    passed     98.12%
  30  Pseudochiridae_Pseudocheirus_occidentalis       2.05%    passed     21.14%
  31  Tarsipedidae_Tarsipes_rostratus                 4.86%    passed     93.42%
  32  Acrobatidae_Distoechurus_pennatus               0.06%    passed     96.83%
  33  Myrmecobiidae_Myrmecobius_fasciatus2           93.12%    failed      0.00%
  34  Phalangeridae_Phalanger_carmelitae              0.39%    passed     98.92%
  35  Peramelidae_Peroryctes_raffrayana               1.90%    passed     92.36%
  36  Dasyuridae_Dasyurus_geffroii                    0.02%    passed     94.32%
  37  Peramelidae_Perameles_gunnii                    0.47%    passed     92.33%
WARNING: 2 sequences contain more than 50% gaps/ambiguity
****  TOTAL                                           6.20%  2 sequences failed composition chi2 test (p-value<5%; df=3)
NOTE: Myrmecobiidae_Myrmecobius_fasciatus2 is identical to Myrmecobiidae_Myrmecobius_fasciatus1 but kept for subsequent analysis


Create initial parsimony tree by phylogenetic likelihood library (PLL)... 0.010 seconds
NOTE: ModelFinder requires 14 MB RAM!
ModelFinder will test 88 DNA models (sample size: 5367) ...
 No. Model         -LnL         df  AIC          AICc         BIC
Measuring multi-threading efficiency up to 8 CPU cores
Increase to 10 rounds for branch lengths
147 trees examined
Threads: 1 / Time: 8.042 sec / Speedup: 1.000 / Efficiency: 100% / LogL: -50457
Threads: 2 / Time: 6.404 sec / Speedup: 1.256 / Efficiency: 63% / LogL: -50457
Threads: 3 / Time: 6.476 sec / Speedup: 1.242 / Efficiency: 41% / LogL: -50457
BEST NUMBER OF THREADS: 2

  1  JC            31252.239    71  62646.479    62648.409    63114.228
  2  JC+I          30006.353    72  60156.707    60158.693    60631.045
  3  JC+G4         29899.537    72  59943.074    59945.059    60417.412
  4  JC+I+G4       29871.643    73  59889.286    59891.327    60370.212
  5  F81+F         31232.341    74  62612.682    62614.780    63100.196
  6  F81+F+I       29987.885    75  60125.770    60127.925    60619.872
  7  F81+F+G4      29879.244    75  59908.487    59910.642    60402.589
  8  F81+F+I+G4    29850.275    76  59852.550    59854.762    60353.239
  9  K2P           30085.907    72  60315.815    60317.800    60790.152
 10  K2P+I         28806.933    73  57759.865    57761.907    58240.791
 11  K2P+G4        28690.794    73  57527.588    57529.629    58008.514
 12  K2P+I+G4      28656.763    74  57461.526    57463.623    57949.040
 13  HKY+F         30074.771    75  60299.541    60301.696    60793.643
 14  HKY+F+I       28782.293    76  57716.586    57718.799    58217.276
 15  HKY+F+G4      28663.861    76  57479.722    57481.935    57980.412
 16  HKY+F+I+G4    28628.903    77  57411.806    57414.077    57919.084
 17  TNe           30084.193    73  60314.385    60316.426    60795.311
 18  TNe+I         28806.634    74  57761.268    57763.365    58248.782
 19  TNe+G4        28690.687    74  57529.374    57531.471    58016.887
 20  TNe+I+G4      28656.336    75  57462.672    57464.826    57956.773
 21  TN+F          30057.879    76  60267.759    60269.971    60768.449
 22  TN+F+I        28777.309    77  57708.618    57710.889    58215.896
 23  TN+F+G4       28658.116    77  57470.232    57472.503    57977.510
 24  TN+F+I+G4     28621.944    78  57399.888    57402.219    57913.754
 25  K3P           30078.676    73  60303.352    60305.393    60784.277
 26  K3P+I         28800.293    74  57748.587    57750.684    58236.101
 27  K3P+G4        28684.354    74  57516.709    57518.806    58004.222
 28  K3P+I+G4      28649.545    75  57449.091    57451.245    57943.193
 29  K3Pu+F        30066.874    76  60285.747    60287.960    60786.437
 30  K3Pu+F+I      28774.676    77  57703.352    57705.623    58210.630
 31  K3Pu+F+G4     28656.319    77  57466.638    57468.909    57973.916
 32  K3Pu+F+I+G4   28620.566    78  57397.132    57399.463    57910.998
 33  TPM2+F        30070.509    76  60293.018    60295.230    60793.708
 34  TPM2+F+I      28778.738    77  57711.476    57713.747    58218.754
 35  TPM2+F+G4     28661.000    77  57476.000    57478.271    57983.278
 36  TPM2+F+I+G4   28625.373    78  57406.745    57409.076    57920.611
 37  TPM2u+F       30070.508    76  60293.017    60295.229    60793.706
 38  TPM2u+F+I     28778.738    77  57711.476    57713.747    58218.754
 39  TPM2u+F+G4    28661.000    77  57476.001    57478.272    57983.279
 40  TPM2u+F+I+G4  28625.245    78  57406.491    57408.821    57920.357
 41  TPM3+F        30073.605    76  60299.210    60301.422    60799.900
 42  TPM3+F+I      28779.231    77  57712.461    57714.733    58219.739
 43  TPM3+F+G4     28659.984    77  57473.969    57476.240    57981.247
 44  TPM3+F+I+G4   28623.673    78  57403.347    57405.677    57917.213
 45  TPM3u+F       30073.611    76  60299.221    60301.434    60799.911
 46  TPM3u+F+I     28779.231    77  57712.462    57714.733    58219.739
 47  TPM3u+F+G4    28659.982    77  57473.964    57476.235    57981.241
 48  TPM3u+F+I+G4  28623.573    78  57403.146    57405.476    57917.012
 49  TIMe          30076.963    74  60301.926    60304.024    60789.440
 50  TIMe+I        28799.992    75  57749.985    57752.139    58244.087
 51  TIMe+G4       28684.247    75  57518.494    57520.648    58012.596
 52  TIMe+I+G4     28648.797    76  57449.594    57451.807    57950.284
 53  TIM+F         30049.994    77  60253.987    60256.258    60761.265
 54  TIM+F+I       28769.703    78  57695.406    57697.736    58209.272
 55  TIM+F+G4      28650.570    78  57457.140    57459.471    57971.006
 56  TIM+F+I+G4    28613.350    79  57384.699    57387.090    57905.153
 57  TIM2e         30076.154    74  60300.308    60302.406    60787.822
 58  TIM2e+I       28798.405    75  57746.809    57748.964    58240.911
 59  TIM2e+G4      28682.674    75  57515.348    57517.502    58009.450
 60  TIM2e+I+G4    28647.334    76  57446.669    57448.881    57947.359
 61  TIM2+F        30053.621    77  60261.243    60263.514    60768.520
 62  TIM2+F+I      28773.759    78  57703.517    57705.848    58217.383
 63  TIM2+F+G4     28655.232    78  57466.463    57468.794    57980.329
 64  TIM2+F+I+G4   28618.168    79  57394.337    57396.728    57914.791
 65  TIM3e         30084.185    74  60316.370    60318.467    60803.883
 66  TIM3e+I       28806.258    75  57762.515    57764.670    58256.617
 67  TIM3e+G4      28690.303    75  57530.606    57532.760    58024.708
 68  TIM3e+I+G4    28654.595    76  57461.190    57463.402    57961.879
 69  TIM3+F        30056.718    77  60267.436    60269.707    60774.713
 70  TIM3+F+I      28774.248    78  57704.495    57706.826    58218.361
 71  TIM3+F+G4     28654.216    78  57464.433    57466.763    57978.299
 72  TIM3+F+I+G4   28616.654    79  57391.308    57393.699    57911.762
 73  TVMe          30069.789    75  60289.578    60291.733    60783.680
 74  TVMe+I        28790.999    76  57733.999    57736.211    58234.688
 75  TVMe+G4       28675.342    76  57502.684    57504.896    58003.374
 76  TVMe+I+G4     28639.649    77  57433.297    57435.569    57940.575
 77  TVM+F         30061.191    78  60278.382    60280.713    60792.248
 78  TVM+F+I       28768.224    79  57694.448    57696.839    58214.902
 79  TVM+F+G4      28650.063    79  57458.127    57460.517    57978.581
 80  TVM+F+I+G4    28613.297    80  57386.593    57389.045    57913.635
 81  SYM           30068.076    76  60288.151    60290.364    60788.841
 82  SYM+I         28790.688    77  57735.376    57737.647    58242.654
 83  SYM+G4        28675.216    77  57504.431    57506.703    58011.709
 84  SYM+I+G4      28639.547    78  57435.094    57437.424    57948.959
 85  GTR+F         30044.312    79  60246.624    60249.015    60767.078
 86  GTR+F+I       28763.261    80  57686.521    57688.973    58213.563
 87  GTR+F+G4      28644.245    80  57448.491    57450.943    57975.533
 88  GTR+F+I+G4    28606.721    81  57375.443    57377.956    57909.073
Akaike Information Criterion:           GTR+F+I+G4
Corrected Akaike Information Criterion: GTR+F+I+G4
Bayesian Information Criterion:         TIM+F+I+G4
Best-fit model: TIM+F+I+G4 chosen according to BIC

All model information printed to 1_set53.model.gz
CPU time for ModelFinder: 50.371 seconds (0h:0m:50s)
Wall-clock time for ModelFinder: 30.464 seconds (0h:0m:30s)
Generating 1000 samples for ultrafast bootstrap (seed: 410353)...

NOTE: 14 MB RAM (0 GB) is required!
Measuring multi-threading efficiency up to 8 CPU cores
Increase to 10 rounds for branch lengths
44 trees examined
Threads: 1 / Time: 8.149 sec / Speedup: 1.000 / Efficiency: 100% / LogL: -42359
Threads: 2 / Time: 5.200 sec / Speedup: 1.567 / Efficiency: 78% / LogL: -42359
Threads: 3 / Time: 5.789 sec / Speedup: 1.408 / Efficiency: 47% / LogL: -42359
BEST NUMBER OF THREADS: 2

Estimate model parameters (epsilon = 0.100)
Thoroughly optimizing +I+G parameters from 10 start values...
Init pinv, alpha: 0.000, 1.000 / Estimate: 0.000, 0.279 / LogL: -28650.570
Init pinv, alpha: 0.074, 1.000 / Estimate: 0.306, 0.554 / LogL: -28619.509
Init pinv, alpha: 0.148, 1.000 / Estimate: 0.379, 0.704 / LogL: -28614.742
Init pinv, alpha: 0.222, 1.000 / Estimate: 0.379, 0.704 / LogL: -28614.735
Init pinv, alpha: 0.296, 1.000 / Estimate: 0.380, 0.706 / LogL: -28614.696
Init pinv, alpha: 0.370, 1.000 / Estimate: 0.380, 0.707 / LogL: -28614.684
Init pinv, alpha: 0.445, 1.000 / Estimate: 0.445, 0.925 / LogL: -28612.907
Init pinv, alpha: 0.519, 1.000 / Estimate: 0.476, 1.080 / LogL: -28613.605
Init pinv, alpha: 0.593, 1.000 / Estimate: 0.477, 1.080 / LogL: -28613.610
Init pinv, alpha: 0.667, 1.000 / Estimate: 0.476, 1.078 / LogL: -28613.588
Optimal pinv,alpha: 0.445, 0.925 / LogL: -28612.907

Parameters optimization took 21.281 sec
Computing ML distances based on estimated model parameters... 0.047 sec
WARNING: Some pairwise ML distances are too long (saturated)
Computing BIONJ tree...
0.002 seconds
Log-likelihood of BIONJ tree: -28621.525
--------------------------------------------------------------------
|             INITIALIZING CANDIDATE TREE SET                      |
--------------------------------------------------------------------
Generating 98 parsimony trees... 1.034 second
Computing log-likelihood of 98 initial trees ... 3.450 seconds
Current best score: -28612.907

Do NNI search on 20 best initial trees
Estimate model parameters (epsilon = 0.100)
BETTER TREE FOUND at iteration 1: -28611.143
Iteration 10 / LogL: -28612.911 / Time: 0h:1m:20s
Iteration 20 / LogL: -28611.685 / Time: 0h:1m:23s
Finish initializing candidate tree set (6)
Current best tree score: -28611.143 / CPU time: 12.348
Number of iterations: 20
--------------------------------------------------------------------
|               OPTIMIZING CANDIDATE TREE SET                      |
--------------------------------------------------------------------
Iteration 30 / LogL: -28611.148 / Time: 0h:1m:27s (0h:2m:18s left)
Iteration 40 / LogL: -28612.374 / Time: 0h:1m:30s (0h:1m:34s left)
Iteration 50 / LogL: -28613.714 / Time: 0h:1m:33s (0h:1m:5s left)
Log-likelihood cutoff on original alignment: -28647.173
Iteration 60 / LogL: -28611.153 / Time: 0h:1m:37s (0h:0m:46s left)
Iteration 70 / LogL: -28611.772 / Time: 0h:1m:40s (0h:0m:31s left)
Iteration 80 / LogL: -28611.244 / Time: 0h:1m:43s (0h:0m:19s left)
Iteration 90 / LogL: -28614.057 / Time: 0h:1m:46s (0h:0m:9s left)
Iteration 100 / LogL: -28612.195 / Time: 0h:1m:50s (0h:0m:0s left)
Log-likelihood cutoff on original alignment: -28640.981
NOTE: Bootstrap correlation coefficient of split occurrence frequencies: 1.000
TREE SEARCH COMPLETED AFTER 102 ITERATIONS / Time: 0h:1m:50s

--------------------------------------------------------------------
|                    FINALIZING TREE SEARCH                        |
--------------------------------------------------------------------
Performs final model parameters optimization
Estimate model parameters (epsilon = 0.010)
1. Initial log-likelihood: -28611.143
Optimal log-likelihood: -28611.141
Rate parameters:  A-C: 1.00000  A-G: 4.40477  A-T: 0.75593  C-G: 0.75593  C-T: 5.29871  G-T: 1.00000
Base frequencies:  A: 0.287  C: 0.214  G: 0.250  T: 0.249
Proportion of invariable sites: 0.445
Gamma shape alpha: 0.924
Parameters optimization took 1 rounds (0.038 sec)
BEST SCORE FOUND : -28611.141
Creating bootstrap support values...
Split supports printed to NEXUS file 1_set53.splits.nex
Total tree length: 0.879

Total number of iterations: 102
CPU time used for tree search: 62.248 sec (0h:1m:2s)
Wall-clock time used for tree search: 39.661 sec (0h:0m:39s)
Total CPU time used: 177.358 sec (0h:2m:57s)
Total wall-clock time used: 111.075 sec (0h:1m:51s)

Computing bootstrap consensus tree...
Reading input file 1_set53.splits.nex...
37 taxa and 121 splits.
Consensus tree written to 1_set53.contree
Reading input trees file 1_set53.contree
Log-likelihood of consensus tree: -28611.142

Analysis results written to: 
  IQ-TREE report:                1_set53.iqtree
  Maximum-likelihood tree:       1_set53.treefile
  Likelihood distances:          1_set53.mldist

Ultrafast bootstrap approximation results written to:
  Split support values:          1_set53.splits.nex
  Consensus tree:                1_set53.contree
  Screen log file:               1_set53.log

Date and Time: Fri Jul 27 14:51:46 2018
