IQ-TREE multicore version 1.6.7 for Mac OS X 64-bit built Aug 23 2018
Developed by Bui Quang Minh, Nguyen Lam Tung, Olga Chernomor,
Heiko Schmidt, Dominik Schrempf, Michael Woodhams.

Host:    meeps-mac-pro.staff.sydney.edu.au (AVX, 64 GB RAM)
Command: /Users/davidduchene/Desktop/Software/iqtree-1.6.7-MacOSX/bin/iqtree -s ../../../../marsupials/set294.fasta -m TESTMERGE -bb 1000 -sp ../../../../marsupials/set294.nex -nt AUTO -pre 6_set294
Seed:    35851 (Using SPRNG - Scalable Parallel Random Number Generator)
Time:    Sat Sep  8 16:18:05 2018
Kernel:  AVX - auto-detect threads (8 CPU cores detected)

Reading partition model file ../../../../marsupials/set294.nex ...
Reading alignment file ../../../../marsupials/set294.fasta ... Fasta format detected
Alignment most likely contains DNA/RNA sequences
Alignment has 35 sequences with 2622 columns, 821 distinct patterns
510 parsimony-informative, 280 singleton sites, 1832 constant sites
                                              Gap/Ambiguity  Composition  p-value
   1  Burramyidae_Burramys_parvus                     1.07%    passed     80.51%
   2  Notoryctidae_Notoryctes_typhlops                1.03%    passed     42.77%
   3  Vombatidae_Lasiorhinus_latifrons                0.42%    passed     94.18%
   4  Potoroidae_Bettongia_penicillata                0.04%    passed     96.72%
   5  Potoroidae_Bettongia_lesueur                    0.11%    passed     96.40%
   6  Dasyuridae_Dasyurus_maculatus                   0.61%    passed     85.24%
   7  Phalangeridae_Trichosurus_vulpecula             0.00%    passed     99.24%
   8  Phalangeridae_Spilocuscus_maculatus            15.06%    passed     12.40%
   9  Potoroidae_Aepyprymnus_rufescens                1.03%    passed     93.58%
  10  Peramelidae_Perameles_nasuta                   19.26%    passed     95.36%
  11  Phalangeridae_Strigocuscus_pelengensis          1.98%    passed     98.52%
  12  Dasyuridae_Phascogale_tapoatafa                 2.40%    passed     71.17%
  13  Dasyuridae_Sminthopsis_macroura                 0.57%    passed     85.04%
  14  Phalangeridae_Phalanger_orientalis              0.08%    passed     97.20%
  15  Acrobatidae_Acrobates_pygmaeus                  0.92%    passed     78.48%
  16  Dasyuridae_Phascogale_calura                    1.98%    passed     64.89%
  17  Dasyuridae_Sarcophilus_harrisii                 0.95%    passed     79.35%
  18  Dasyuridae_Planigale_tenuirostris               9.04%    passed     99.32%
  19  Peramelidae_Echymipera_kalubu                   0.00%    passed     39.95%
  20  Macropodidae_Dorcopsulus_vanheurni              0.31%    passed     98.31%
  21  Pseudochiridae_Pseudochirulus_forbesi           0.00%    passed     96.08%
  22  Didelphidae_Didelphis_virginiana                0.27%    passed     87.47%
  23  Marmosidae_Monodelphis_domestica                0.50%    passed     53.34%
  24  Dasyuridae_Antechinus_stuartii                  1.79%    passed     75.85%
  25  Hypsiprymnodontidae_Hypsiprymnodon_moschatus    0.65%    passed     75.05%
  26  Microbiotheriidae_Dromiciops_gliroides          2.63%    passed     98.17%
  27  Pseudochiridae_Petauroides_volans               1.11%    passed     94.51%
  28  Macropodidae_Wallabia_bicolor                   0.34%    passed     80.46%
  29  Pseudochiridae_Pseudocheirus_occidentalis      20.75%    passed     12.04%
  30  Tarsipedidae_Tarsipes_rostratus                 1.07%    passed     97.40%
  31  Acrobatidae_Distoechurus_pennatus               0.00%    passed     88.07%
  32  Phalangeridae_Phalanger_carmelitae              0.00%    passed     97.85%
  33  Peramelidae_Peroryctes_raffrayana              19.83%    passed     95.32%
  34  Dasyuridae_Dasyurus_geffroii                    0.57%    passed     74.58%
  35  Peramelidae_Perameles_gunnii                    0.19%    passed     19.11%
****  TOTAL                                           3.04%  0 sequences failed composition chi2 test (p-value<5%; df=3)
NOTE: No CharPartition defined, use all CharSets

Loading 15 partitions...
Subset	Type	Seqs	Sites	Infor	Invar	Model	Name
1		35	369	23	315	TESTMERGE	part1.1
2		35	369	8	348	TESTMERGE	part1.2
3		35	369	221	82	TESTMERGE	part1.3
4		35	111	3	101	TESTMERGE	part2.1
5		35	111	1	104	TESTMERGE	part2.2
6		35	111	52	39	TESTMERGE	part2.3
7		35	153	13	132	TESTMERGE	part3.1
8		35	153	6	140	TESTMERGE	part3.2
9		35	153	58	65	TESTMERGE	part3.3
10		35	73	1	67	TESTMERGE	part4.1
11		35	73	1	65	TESTMERGE	part4.2
12		35	73	17	48	TESTMERGE	part4.3
13		32	168	29	111	TESTMERGE	part5.1
14		32	168	26	129	TESTMERGE	part5.2
15		32	168	51	86	TESTMERGE	part5.3
Degree of missing data: 0.016
Info: multi-threading strategy over partitions



Create initial parsimony tree by phylogenetic likelihood library (PLL)... 0.008 seconds
NOTE: ModelFinder requires 9 MB RAM!
NUMBER OF THREADS FOR PARTITION FINDING: 8
Testing GTR+F+G on supermatrix...
GTR+F+G4 / LnL: -12756.336 / df: 76 / AIC: 25664.672 / AICc: 25669.271 / BIC: 26110.921
Selecting individual models for 15 charsets using BIC...
 No. Model        Score       Charset
   1 K2P          1651.110    part5.1
   2 HKY+F+I      1131.173    part3.1
   3 GTR+F+G4     2368.330    part1.1
   4 TIM2+F+G4    1485.436    part5.2
   5 HKY+F+I      1789.711    part1.2
   6 TPM3+F       2183.664    part5.3
   7 K2P+G4       897.416     part4.3
   8 HKY+F+G4     2446.526    part3.3
   9 K2P          560.343     part4.2
  10 TPM2+F+G4    2122.683    part2.3	0h:0m:11s (0h:3m:41s left)
  11 K2P          552.029     part4.1	0h:0m:11s (0h:3m:27s left)
  12 HKY+F+I      1033.295    part3.2	0h:0m:11s (0h:3m:11s left)
  13 JC+I         739.596     part2.2	0h:0m:12s (0h:3m:5s left)
  14 K2P          776.225     part2.1	0h:0m:12s (0h:2m:52s left)
  15 TIM3e+G4     8660.981    part1.3	0h:0m:12s (0h:2m:44s left)
Full partition model BIC score: 31375.263 (LnL: -11574.672  df:1045)
Merging models to increase model fit (about 211 total partition schemes)...
  16 TIM3e+G4     30967.900   part1.3+part4.3	0h:0m:19s (0h:3m:55s left)
  17 TIM3e+G4     31097.220   part1.3+part3.1	0h:0m:20s (0h:3m:49s left)
  18 TIM3e+G4     31145.875   part1.3+part5.2	0h:0m:21s (0h:3m:50s left)
  19 TIM3e+G4     31128.929   part1.3+part5.1	0h:0m:22s (0h:3m:43s left)
  20 TPM3u+F+G4   31124.083   part1.3+part5.3	0h:0m:22s (0h:3m:31s left)
  21 K2P+G4       30968.427   part1.3+part3.3	0h:0m:24s (0h:3m:39s left)
  22 TIM3e+G4     31326.029   part1.1+part1.3	0h:0m:24s (0h:3m:33s left)
  23 TPM2+F+G4    30939.785   part1.3+part2.3	0h:0m:24s (0h:3m:22s left)
  24 TN+F+G4      31003.688   part3.3+part5.1	0h:0m:32s (0h:4m:9s left)
  25 K2P+G4       31038.269   part1.3+part4.2	0h:0m:33s (0h:4m:6s left)
  26 TIM3e+G4     31124.280   part1.3+part3.2	0h:0m:33s (0h:3m:56s left)
  27 TIM3e+G4     31066.897   part1.3+part2.1	0h:0m:33s (0h:3m:48s left)
  28 TIM3e+G4     31021.992   part1.3+part4.1	0h:0m:33s (0h:3m:42s left)
  29 TIM3e+I+G4   31388.320   part1.2+part1.3	0h:0m:34s (0h:3m:34s left)
  30 TIM3e+G4     31081.706   part1.3+part2.2	0h:0m:35s (0h:3m:32s left)
  31 TPM2u+F+G4   30954.734   part3.3+part5.3	0h:0m:35s (0h:3m:27s left)
  32 TIM3+F+G4    31000.463   part5.1+part5.3	0h:0m:38s (0h:3m:36s left)
  33 TIM2+F+G4    31111.755   part1.1+part5.3	0h:0m:40s (0h:3m:36s left)
  34 TNe+G4       31033.356   part2.3+part5.3	0h:0m:41s (0h:3m:37s left)
  35 TNe+G4       30929.498   part2.3+part3.3	0h:0m:41s (0h:3m:30s left)
  36 TPM2+F+G4    30961.737   part5.2+part5.3	0h:0m:41s (0h:3m:23s left)
  37 TN+F+G4      31040.906   part1.1+part3.3	0h:0m:42s (0h:3m:19s left)
  38 TPM2u+F+G4   30944.222   part3.3+part5.2	0h:0m:44s (0h:3m:20s left)
  39 HKY+F+G4     30942.442   part5.1+part5.2	0h:0m:44s (0h:3m:14s left)
  40 TNe+G4       31043.847   part2.3+part5.1	0h:0m:44s (0h:3m:9s left)
  41 TIM3+F+G4    30983.899   part1.1+part5.1	0h:0m:47s (0h:3m:17s left)
  42 TNe+G4       31052.696   part2.3+part5.2	0h:0m:49s (0h:3m:18s left)
  43 K2P+G4       30964.057   part3.1+part3.3	0h:0m:50s (0h:3m:18s left)
  44 TN+F+G4      30909.039   part3.3+part4.3	0h:0m:52s (0h:3m:19s left)
  45 TN+F+G4      31029.193   part3.1+part5.3	0h:0m:52s (0h:3m:15s left)
  46 TIM2+F+G4    31055.206   part1.1+part2.3	0h:0m:52s (0h:3m:9s left)
  47 TPM2u+F+I+G4 31062.265   part1.2+part3.3	0h:0m:53s (0h:3m:5s left)
  48 TIM3+F+G4    30946.823   part4.3+part5.3	0h:0m:55s (0h:3m:7s left)
  49 HKY+F+G4     31097.930   part1.2+part5.3	0h:0m:55s (0h:3m:3s left)
  50 K3Pu+F+G4    30960.029   part1.1+part5.2	0h:0m:57s (0h:3m:6s left)
  51 TPM3u+F      30940.329   part4.3+part5.1	0h:0m:58s (0h:3m:4s left)
  52 HKY+F+G4     30946.912   part3.1+part5.1	0h:0m:58s (0h:3m:0s left)
  53 HKY+F+G4     31015.262   part1.2+part5.1	0h:1m:0s (0h:2m:59s left)
  54 HKY+F+G4     30951.104   part3.2+part3.3	0h:1m:0s (0h:2m:56s left)
  55 HKY+F+G4     30994.618   part3.2+part5.3	0h:1m:1s (0h:2m:54s left)
  56 HKY+F+G4     30974.937   part3.3+part4.2	0h:1m:2s (0h:2m:51s left)
  57 K2P+G4       30947.902   part3.3+part4.1	0h:1m:4s (0h:2m:53s left)
  58 HKY+F+G4     30999.431   part4.1+part5.3	0h:1m:6s (0h:2m:54s left)
  59 HKY+F+G4     31010.704   part4.2+part5.3	0h:1m:6s (0h:2m:52s left)
  60 TN+F+G4      30974.928   part2.3+part3.1	0h:1m:8s (0h:2m:52s left)
  61 K2P+G4       30961.199   part2.1+part3.3	0h:1m:8s (0h:2m:49s left)
  62 TNe+G4       30932.105   part2.3+part4.3	0h:1m:10s (0h:2m:49s left)
  63 HKY+F+G4     31017.751   part2.1+part5.3	0h:1m:10s (0h:2m:46s left)
  64 HKY+F+G4     30973.633   part3.2+part5.1	0h:1m:12s (0h:2m:47s left)
  65 TPM2+F+G4    30954.506   part2.2+part3.3	0h:1m:13s (0h:2m:45s left)
  66 HKY+F+G4     30949.677   part3.1+part5.2	0h:1m:14s (0h:2m:43s left)
  67 K2P          30958.580   part4.2+part5.1	0h:1m:14s (0h:2m:41s left)
  68 HKY+F+G4     30985.277   part2.2+part5.3	0h:1m:15s (0h:2m:37s left)
  69 TIM2+F+I     30887.700   part1.1+part3.1	0h:1m:16s (0h:2m:36s left)
  70 TNe+I+G4     31092.350   part1.2+part2.3	0h:1m:17s (0h:2m:35s left)
  71 TNe+G4       30989.416   part2.3+part3.2	0h:1m:18s (0h:2m:33s left)
  72 K3Pu+F+G4    30923.703   part4.3+part5.2	0h:1m:19s (0h:2m:32s left)
  73 K2P          30945.388   part4.1+part5.1	0h:1m:19s (0h:2m:30s left)
  74 GTR+F+G4     30921.845   part1.1+part4.3	0h:1m:19s (0h:2m:27s left)
  75 K2P          30952.740   part2.1+part5.1	0h:1m:20s (0h:2m:25s left)
  76 TPM3u+F+I    30892.492   part1.1+part1.2	0h:1m:21s (0h:2m:24s left)
  77 HKY+F+I      30945.106   part1.2+part5.2	0h:1m:21s (0h:2m:21s left)
  78 HKY+F+I      30961.319   part2.2+part5.1	0h:1m:22s (0h:2m:20s left)
  79 TVM+F+I      30903.002   part1.1+part3.2	0h:1m:23s (0h:2m:18s left)
  80 TN+F+G4      30951.951   part4.2+part5.2	0h:1m:23s (0h:2m:16s left)
  81 TN+F+G4      30918.082   part3.2+part5.2	0h:1m:23s (0h:2m:14s left)
  82 TNe+G4       30969.441   part2.3+part4.2	0h:1m:23s (0h:2m:11s left)
  83 TNe+G4       30942.006   part2.3+part4.1	0h:1m:25s (0h:2m:12s left)
  84 HKY+F+G4     30935.801   part4.1+part5.2	0h:1m:25s (0h:2m:9s left)
  85 TNe+G4       30962.758   part2.1+part2.3	0h:1m:26s (0h:2m:7s left)
  86 TNe+G4       30973.542   part2.2+part2.3	0h:1m:28s (0h:2m:8s left)
  87 TIM2+F+G4    30875.485   part1.1+part4.1	0h:1m:28s (0h:2m:6s left)
  88 TIM2+F+G4    30905.524   part1.1+part4.2	0h:1m:29s (0h:2m:5s left)
  89 TN+F+G4      30900.149   part3.1+part4.3	0h:1m:29s (0h:2m:3s left)
  90 HKY+F+G4     30938.853   part2.1+part5.2	0h:1m:29s (0h:2m:0s left)
  91 K2P+I        30903.869   part1.2+part3.1	0h:1m:30s (0h:1m:59s left)
  92 TIM2+F+I     30881.953   part1.1+part2.1	0h:1m:31s (0h:1m:58s left)
  93 HKY+F+I      30929.925   part1.2+part4.3	0h:1m:32s (0h:1m:57s left)
  94 TPM2u+F+G4   30922.158   part2.2+part5.2	0h:1m:34s (0h:1m:57s left)
  95 TPM3u+F+G4   30888.531   part1.1+part2.2	0h:1m:34s (0h:1m:55s left)
  96 TPM3+F+G4    30888.884   part3.2+part4.3	0h:1m:34s (0h:1m:53s left)
  97 TPM3u+F+I    30865.826   part1.2+part3.2	0h:1m:36s (0h:1m:53s left)
  98 K2P+G4       30892.098   part4.2+part4.3	0h:1m:36s (0h:1m:51s left)
  99 K2P+I        30888.980   part3.1+part4.2	0h:1m:36s (0h:1m:49s left)
 100 TNe+I        30864.059   part3.1+part3.2	0h:1m:37s (0h:1m:47s left)
 101 TN+F+I       30879.314   part3.1+part4.1	0h:1m:37s (0h:1m:45s left)
 102 K2P+G4       30882.292   part4.1+part4.3	0h:1m:39s (0h:1m:45s left)
 103 HKY+F+I      30884.153   part1.2+part4.2	0h:1m:39s (0h:1m:44s left)
 104 K2P+I        30864.853   part1.2+part4.1	0h:1m:39s (0h:1m:42s left)
 105 HKY+F+I      30874.106   part1.2+part2.1	0h:1m:41s (0h:1m:42s left)
 106 K2P+G4       30894.896   part2.1+part4.3	0h:1m:41s (0h:1m:40s left)
 107 TN+F+I       30876.235   part2.1+part3.1	0h:1m:41s (0h:1m:38s left)
 108 HKY+F+G4     30895.326   part2.2+part4.3	0h:1m:42s (0h:1m:38s left)
 109 HKY+F+I      30859.983   part1.2+part2.2	0h:1m:43s (0h:1m:36s left)
 110 TPM2u+F+I    30885.929   part2.2+part3.1	0h:1m:43s (0h:1m:35s left)
 111 K2P+I        30866.025   part3.2+part4.1	0h:1m:43s (0h:1m:33s left)
 112 K2P+I        30877.467   part3.2+part4.2	0h:1m:45s (0h:1m:33s left)
 113 K2P          30847.983   part4.1+part4.2	0h:1m:45s (0h:1m:31s left)
 114 K2P          30860.042   part2.1+part4.1	0h:1m:45s (0h:1m:30s left)
 115 K2P+I        30859.519   part2.1+part3.2	0h:1m:46s (0h:1m:29s left)
 116 K2P          30874.967   part2.1+part4.2	0h:1m:47s (0h:1m:27s left)
 117 K2P+I        30869.008   part2.2+part4.2	0h:1m:47s (0h:1m:26s left)
 118 HKY+F+I      30856.597   part2.2+part3.2	0h:1m:47s (0h:1m:25s left)
 119 K2P          30853.671   part2.2+part4.1	0h:1m:48s (0h:1m:23s left)
 120 K2P+I        30861.036   part2.1+part2.2	0h:1m:48s (0h:1m:21s left)
Merging part4.1+part4.2 with BIC score: 30847.983 (LnL: -11578.670  df: 977)
 121 K2P          30463.654   part4.1+part4.2+part5.1	0h:1m:51s (0h:1m:22s left)
 122 K2P+I        30377.079   part3.1+part4.1+part4.2	0h:1m:51s (0h:1m:21s left)
 123 HKY+F+G4     30451.588   part4.1+part4.2+part5.2	0h:1m:52s (0h:1m:20s left)
 124 TIM+F+G4     30400.187   part1.1+part4.1+part4.2	0h:1m:52s (0h:1m:18s left)
 125 HKY+F+G4     30546.842   part4.1+part4.2+part5.3	0h:1m:54s (0h:1m:18s left)
 126 K2P+I        30363.159   part1.2+part4.1+part4.2	0h:1m:54s (0h:1m:17s left)
 127 K2P+I        30361.431   part3.2+part4.1+part4.2	0h:1m:55s (0h:1m:16s left)
 128 K2P+G4       30383.982   part4.1+part4.2+part4.3	0h:1m:55s (0h:1m:15s left)
 129 K2P          30350.133   part2.1+part4.1+part4.2	0h:1m:56s (0h:1m:13s left)
 130 K2P+G4       30506.856   part3.3+part4.1+part4.2	0h:1m:56s (0h:1m:12s left)
 131 TNe+G4       30499.197   part2.3+part4.1+part4.2	0h:1m:56s (0h:1m:11s left)
 132 K2P          30339.391   part2.2+part4.1+part4.2	0h:1m:56s (0h:1m:9s left)
 133 K2P+G4       30646.878   part1.3+part4.1+part4.2	0h:1m:57s (0h:1m:8s left)
Merging part2.2+part3.2 with BIC score: 30329.317 (LnL: -11586.974  df: 909)
 134 K2P+I        29858.427   part2.2+part3.2+part4.1+part4.2	0h:2m:1s (0h:1m:9s left)
 135 TPM3u+F+I    29877.376   part1.1+part2.2+part3.2	0h:2m:2s (0h:1m:9s left)
 136 HKY+F+I      29824.975   part1.2+part2.2+part3.2	0h:2m:3s (0h:1m:8s left)
 137 HKY+F+I      29886.217   part2.2+part3.2+part5.2	0h:2m:3s (0h:1m:6s left)
 138 HKY+F+I      29838.854   part2.2+part3.1+part3.2	0h:2m:5s (0h:1m:6s left)
 139 HKY+F+G4     29982.343   part2.2+part3.2+part5.3	0h:2m:6s (0h:1m:5s left)
 140 TNe+I+G4     30001.123   part2.2+part2.3+part3.2	0h:2m:6s (0h:1m:4s left)
 141 HKY+F+I      29855.646   part2.2+part3.2+part4.3	0h:2m:7s (0h:1m:3s left)
 142 HKY+F+I      29826.814   part2.1+part2.2+part3.2	0h:2m:7s (0h:1m:2s left)
 143 HKY+F+G4     29947.246   part2.2+part3.2+part5.1	0h:2m:7s (0h:1m:0s left)
 144 TPM2u+F+G4   29957.380   part2.2+part3.2+part3.3	0h:2m:8s (0h:0m:59s left)
 145 TIM3e+G4     30220.496   part1.3+part2.2+part3.2	0h:2m:8s (0h:0m:58s left)
Merging part1.2+part2.2+part3.2 with BIC score: 29824.975 (LnL: -11618.184  df: 837)
 146 HKY+F+I      29363.229   part1.2+part2.2+part3.2+part4.1+part4.2	0h:2m:12s (0h:0m:58s left)
 147 TPM3u+F+I    29378.692   part1.2+part2.2+part3.2+part4.3	0h:2m:13s (0h:0m:58s left)
 148 TPM3u+F+I    29373.275   part1.1+part1.2+part2.2+part3.2	0h:2m:14s (0h:0m:57s left)
 149 HKY+F+I      29361.417   part1.2+part2.2+part3.1+part3.2	0h:2m:14s (0h:0m:56s left)
 150 TPM3+F+I     29399.419   part1.2+part2.2+part3.2+part5.2	0h:2m:15s (0h:0m:55s left)
 151 HKY+F+G4     29564.077   part1.2+part2.2+part3.2+part5.3	0h:2m:16s (0h:0m:54s left)
 152 TPM2u+F+I+G4 29535.226   part1.2+part2.2+part3.2+part3.3	0h:2m:18s (0h:0m:53s left)
 153 HKY+F+I      29324.476   part1.2+part2.1+part2.2+part3.2	0h:2m:18s (0h:0m:52s left)
 154 TPM3u+F+G4   29481.494   part1.2+part2.2+part3.2+part5.1	0h:2m:18s (0h:0m:51s left)
 155 TN+F+I+G4    29597.886   part1.2+part2.2+part2.3+part3.2	0h:2m:20s (0h:0m:50s left)
 156 TIM3e+I+G4   30004.951   part1.2+part1.3+part2.2+part3.2	0h:2m:20s (0h:0m:49s left)
Merging part1.2+part2.1+part2.2+part3.2 with BIC score: 29324.476 (LnL: -11635.572  df: 769)
 157 HKY+F+I      28865.409   part1.2+part2.1+part2.2+part3.2+part4.1+part4.2	0h:2m:22s (0h:0m:49s left)
 158 TPM3u+F+I    28883.062   part1.2+part2.1+part2.2+part3.2+part4.3	0h:2m:22s (0h:0m:47s left)
 159 TPM3u+F+G4   28983.992   part1.2+part2.1+part2.2+part3.2+part5.1	0h:2m:23s (0h:0m:46s left)
 160 TPM3u+F+I    28877.066   part1.1+part1.2+part2.1+part2.2+part3.2	0h:2m:23s (0h:0m:45s left)
 161 HKY+F+I      28905.518   part1.2+part2.1+part2.2+part3.2+part5.2	0h:2m:24s (0h:0m:44s left)
 162 HKY+F+I      29080.726   part1.2+part2.1+part2.2+part3.2+part5.3	0h:2m:25s (0h:0m:44s left)
 163 HKY+F+I+G4   29052.085   part1.2+part2.1+part2.2+part3.2+part3.3	0h:2m:27s (0h:0m:43s left)
 164 HKY+F+I      28858.261   part1.2+part2.1+part2.2+part3.1+part3.2	0h:2m:28s (0h:0m:42s left)
 165 TN+F+I+G4    29103.135   part1.2+part2.1+part2.2+part2.3+part3.2	0h:2m:29s (0h:0m:41s left)
 166 TIM3e+I+G4   29546.761   part1.2+part1.3+part2.1+part2.2+part3.2	0h:2m:29s (0h:0m:40s left)
Merging part1.1+part3.1 with BIC score: 28836.912 (LnL: -11683.043  df: 695)
 167 TIM2+F+G4    28379.909   part1.1+part3.1+part4.3	0h:2m:32s (0h:0m:40s left)
 168 K3Pu+F+G4    28432.562   part1.1+part3.1+part5.2	0h:2m:33s (0h:0m:39s left)
 169 TIM+F+I      28398.243   part1.1+part3.1+part4.1+part4.2	0h:2m:34s (0h:0m:38s left)
 170 TN+F+G4      28438.008   part1.1+part3.1+part5.1	0h:2m:34s (0h:0m:37s left)
 171 TPM3u+F+I    28409.953   part1.1+part1.2+part2.1+part2.2+part3.1+part3.2	0h:2m:34s (0h:0m:36s left)
 172 TIM2+F+G4    28582.534   part1.1+part3.1+part5.3	0h:2m:36s (0h:0m:35s left)
 173 TIM2+F+I+G4  28531.341   part1.1+part2.3+part3.1	0h:2m:36s (0h:0m:34s left)
 174 TN+F+I+G4    28510.523   part1.1+part3.1+part3.3	0h:2m:37s (0h:0m:33s left)
 175 GTR+F+I+G4   28861.185   part1.1+part1.3+part3.1	0h:2m:38s (0h:0m:32s left)
Merging part3.3+part4.3 with BIC score: 28370.689 (LnL: -11717.569  df: 627)
 176 K2P+G4       28014.952   part3.3+part4.1+part4.2+part4.3	0h:2m:43s (0h:0m:32s left)
 177 TN+F+G4      27977.776   part3.3+part4.3+part5.1	0h:2m:45s (0h:0m:31s left)
 178 TNe+G4       27937.139   part2.3+part3.3+part4.3	0h:2m:45s (0h:0m:30s left)
 179 HKY+F+I+G4   28096.453   part1.2+part2.1+part2.2+part3.2+part3.3+part4.3	0h:2m:46s (0h:0m:29s left)
 180 TN+F+G4      28033.485   part1.1+part3.1+part3.3+part4.3	0h:2m:46s (0h:0m:28s left)
 181 TPM2u+F+G4   27935.678   part3.3+part4.3+part5.2	0h:2m:47s (0h:0m:27s left)
 182 TN+F+G4      27949.182   part3.3+part4.3+part5.3	0h:2m:47s (0h:0m:26s left)
 183 K2P+G4       28008.089   part1.3+part3.3+part4.3	0h:2m:48s (0h:0m:25s left)
Merging part1.2+part2.1+part2.2+part3.2+part4.1+part4.2 with BIC score: 27911.622 (LnL: -11755.673  df: 559)
 184 HKY+F+G4     27579.959   part1.2+part2.1+part2.2+part3.2+part4.1+part4.2+part5.1	0h:2m:54s (0h:0m:25s left)
 185 HKY+F+I      27501.631   part1.2+part2.1+part2.2+part3.2+part4.1+part4.2+part5.2	0h:2m:54s (0h:0m:24s left)
 186 TPM3u+F+I    27503.416   part1.1+part1.2+part2.1+part2.2+part3.1+part3.2+part4.1+part4.2	0h:2m:56s (0h:0m:23s left)
 187 HKY+F+I      27688.575   part1.2+part2.1+part2.2+part3.2+part4.1+part4.2+part5.3	0h:2m:57s (0h:0m:22s left)
 188 HKY+F+I+G4   27675.147   part1.2+part2.1+part2.2+part3.2+part3.3+part4.1+part4.2+part4.3	0h:2m:58s (0h:0m:21s left)
 189 TNe+I+G4     27704.201   part1.2+part2.1+part2.2+part2.3+part3.2+part4.1+part4.2	0h:2m:58s (0h:0m:20s left)
 190 TIM3e+I+G4   28208.455   part1.2+part1.3+part2.1+part2.2+part3.2+part4.1+part4.2	0h:3m:0s (0h:0m:19s left)
Merging part1.3+part2.3 with BIC score: 27476.144 (LnL: -11817.379  df: 488)
 191 TNe+G4       27248.473   part1.3+part2.3+part5.2	0h:3m:10s (0h:0m:19s left)
 192 TNe+G4       27221.439   part1.3+part2.3+part5.3	0h:3m:10s (0h:0m:18s left)
 193 TNe+G4       27108.647   part1.3+part2.3+part3.3+part4.3	0h:3m:11s (0h:0m:17s left)
 194 TNe+G4       27231.251   part1.3+part2.3+part5.1	0h:3m:11s (0h:0m:16s left)
 195 TIM2+F+I+G4  27507.865   part1.1+part1.3+part2.3+part3.1	0h:3m:12s (0h:0m:15s left)
 196 TIM3e+I+G4   27827.891   part1.2+part1.3+part2.1+part2.2+part2.3+part3.2+part4.1+part4.2	0h:3m:12s (0h:0m:14s left)
Merging part3.3+part4.3+part5.2 with BIC score: 27041.134 (LnL: -11867.511  df: 420)
 197 TPM2+F+G4    26643.946   part3.3+part4.3+part5.1+part5.2	0h:3m:16s (0h:0m:13s left)
 198 TN+F+G4      26711.818   part1.1+part3.1+part3.3+part4.3+part5.2	0h:3m:17s (0h:0m:12s left)
 199 HKY+F+I+G4   26787.810   part1.2+part2.1+part2.2+part3.2+part3.3+part4.1+part4.2+part4.3+part5.2	0h:3m:17s (0h:0m:11s left)
 200 TPM2u+F+G4   26629.120   part3.3+part4.3+part5.2+part5.3	0h:3m:17s (0h:0m:10s left)
 201 TNe+G4       26830.983   part1.3+part2.3+part3.3+part4.3+part5.2	0h:3m:19s (0h:0m:9s left)
Merging part3.3+part4.3+part5.2+part5.3 with BIC score: 26629.120 (LnL: -11921.270  df: 354)
 202 TN+F+G4      26379.287   part1.1+part3.1+part3.3+part4.3+part5.2+part5.3	0h:3m:23s (0h:0m:9s left)
 203 TPM2u+F+G4   26240.730   part3.3+part4.3+part5.1+part5.2+part5.3	0h:3m:24s (0h:0m:8s left)
 204 TPM2u+F+I+G4 26472.810   part1.2+part2.1+part2.2+part3.2+part3.3+part4.1+part4.2+part4.3+part5.2+part5.3	0h:3m:24s (0h:0m:7s left)
 205 TIM3+F+G4    26508.636   part1.3+part2.3+part3.3+part4.3+part5.2+part5.3	0h:3m:26s (0h:0m:6s left)
Merging part1.1+part1.2+part2.1+part2.2+part3.1+part3.2+part4.1+part4.2 with BIC score: 26220.914 (LnL: -12004.484  df: 281)
 206 TPM3u+F+G4   25866.489   part1.1+part1.2+part2.1+part2.2+part3.1+part3.2+part4.1+part4.2+part5.1	0h:3m:28s (0h:0m:5s left)
 207 TN+F+I+G4    26098.543   part1.1+part1.2+part2.1+part2.2+part3.1+part3.2+part3.3+part4.1+part4.2+part4.3+part5.2+part5.3	0h:3m:30s (0h:0m:4s left)
 208 TIM3e+I+G4   26672.960   part1.1+part1.2+part1.3+part2.1+part2.2+part2.3+part3.1+part3.2+part4.1+part4.2	0h:3m:32s (0h:0m:3s left)
Merging part3.3+part4.3+part5.1+part5.2+part5.3 with BIC score: 25832.524 (LnL: -12054.312  df: 219)
 209 TN+F+I+G4    25699.451   part1.1+part1.2+part2.1+part2.2+part3.1+part3.2+part3.3+part4.1+part4.2+part4.3+part5.1+part5.2+part5.3	0h:3m:36s (0h:0m:2s left)
 210 TIM3+F+G4    25765.217   part1.3+part2.3+part3.3+part4.3+part5.1+part5.2+part5.3	0h:3m:38s (0h:0m:1s left)
Merging part1.1+part1.2+part2.1+part2.2+part3.1+part3.2+part3.3+part4.1+part4.2+part4.3+part5.1+part5.2+part5.3 with BIC score: 25699.451 (LnL: -12271.156  df: 147)
 211 TIM3+F+I+G4  26043.950   part1.1+part1.2+part1.3+part2.1+part2.2+part2.3+part3.1+part3.2+part3.3+part4.1+part4.2+part4.3+part5.1+part5.2+part5.3	0h:3m:48s (0h:0m:0s left)
BEST-FIT PARTITION MODEL: 
  charpartition BIC = TN+F+I+G4: part1.1 part1.2 part2.1 part2.2 part3.1 part3.2 part3.3 part4.1 part4.2 part4.3 part5.1 part5.2 part5.3, TPM2+F+G4: part1.3 part2.3;
Agglomerative model selection: ((((part1.1,part3.1)5:28836.9,(((part1.2,(part2.2,part3.2)2:30329.3)3:29825,part2.1)4:29324.5,(part4.1,part4.2)1:30848)7:27911.6)11:26220.9,((((part3.3,part4.3)6:28370.7,part5.2)9:27041.1,part5.3)10:26629.1,part5.1)12:25832.5)13:25699.5,(part1.3,part2.3)8:27476.1)
Merging into 2 partitions...
Partition information was printed to 6_set294.best_scheme.nex
Partition information in Raxml format was printed to 6_set294.best_scheme

All model information printed to 6_set294.model.gz
CPU time for ModelFinder: 389.150 seconds (0h:6m:29s)
Wall-clock time for ModelFinder: 230.308 seconds (0h:3m:50s)
Generating 1000 samples for ultrafast bootstrap (seed: 35851)...

NOTE: 7 MB RAM (0 GB) is required!
Measuring multi-threading efficiency up to 8 CPU cores
Increase to 10 rounds for branch lengths
85 trees examined
Threads: 1 / Time: 8.097 sec / Speedup: 1.000 / Efficiency: 100% / LogL: -18626
Threads: 2 / Time: 4.666 sec / Speedup: 1.735 / Efficiency: 87% / LogL: -18626
Threads: 3 / Time: 21.008 sec / Speedup: 0.385 / Efficiency: 13% / LogL: -18626
BEST NUMBER OF THREADS: 2

Estimate model parameters (epsilon = 0.100)
Optimizing TN+F+I+G4 parameters for partition part1.1+part1.2+part2.1+part2.2+part3.1+part3.2+part3.3+part4.1+part4.2+part4.3+part5.1+part5.2+part5.3 (74 free parameters)
Optimizing TPM2+F+G4 parameters for partition part1.3+part2.3 (73 free parameters)
Optimal log-likelihood: -12270.821
Computing ML distances based on estimated model parameters... 0.035 sec
Computing BIONJ tree...
0.002 seconds
Log-likelihood of BIONJ tree: -12275.934
--------------------------------------------------------------------
|             INITIALIZING CANDIDATE TREE SET                      |
--------------------------------------------------------------------
Generating 98 parsimony trees... 1.069 second
Computing log-likelihood of 98 initial trees ... 1.644 seconds
Current best score: -12270.821

Do NNI search on 20 best initial trees
Estimate model parameters (epsilon = 0.100)
BETTER TREE FOUND at iteration 1: -12270.482
Iteration 10 / LogL: -12271.756 / Time: 0h:0m:42s
Iteration 20 / LogL: -12271.396 / Time: 0h:0m:44s
Finish initializing candidate tree set (2)
Current best tree score: -12270.482 / CPU time: 7.554
Number of iterations: 20
--------------------------------------------------------------------
|               OPTIMIZING CANDIDATE TREE SET                      |
--------------------------------------------------------------------
Iteration 30 / LogL: -12270.819 / Time: 0h:0m:47s (0h:1m:55s left)
Iteration 40 / LogL: -12270.851 / Time: 0h:0m:49s (0h:1m:18s left)
Iteration 50 / LogL: -12270.524 / Time: 0h:0m:52s (0h:0m:54s left)
Log-likelihood cutoff on original alignment: -12299.120
Iteration 60 / LogL: -12270.611 / Time: 0h:0m:54s (0h:0m:38s left)
Iteration 70 / LogL: -12270.804 / Time: 0h:0m:57s (0h:0m:25s left)
Iteration 80 / LogL: -12270.489 / Time: 0h:1m:0s (0h:0m:15s left)
Iteration 90 / LogL: -12270.523 / Time: 0h:1m:2s (0h:0m:7s left)
Iteration 100 / LogL: -12270.842 / Time: 0h:1m:4s (0h:0m:0s left)
Log-likelihood cutoff on original alignment: -12299.810
NOTE: Bootstrap correlation coefficient of split occurrence frequencies: 0.999
TREE SEARCH COMPLETED AFTER 102 ITERATIONS / Time: 0h:1m:5s

--------------------------------------------------------------------
|                    FINALIZING TREE SEARCH                        |
--------------------------------------------------------------------
Performs final model parameters optimization
Estimate model parameters (epsilon = 0.010)
Optimizing TN+F+I+G4 parameters for partition part1.1+part1.2+part2.1+part2.2+part3.1+part3.2+part3.3+part4.1+part4.2+part4.3+part5.1+part5.2+part5.3 (74 free parameters)
Optimizing TPM2+F+G4 parameters for partition part1.3+part2.3 (73 free parameters)
Optimal log-likelihood: -12270.477
BEST SCORE FOUND : -12270.477
Creating bootstrap support values...
Split supports printed to NEXUS file 6_set294.splits.nex
Total tree length: 0.745

Total number of iterations: 102
CPU time used for tree search: 35.467 sec (0h:0m:35s)
Wall-clock time used for tree search: 28.340 sec (0h:0m:28s)
Total CPU time used: 68.526 sec (0h:1m:8s)
Total wall-clock time used: 65.862 sec (0h:1m:5s)

Computing bootstrap consensus tree...
Reading input file 6_set294.splits.nex...
35 taxa and 126 splits.
Consensus tree written to 6_set294.contree
Reading input trees file 6_set294.contree
Log-likelihood of consensus tree: -12270.479

Analysis results written to: 
  IQ-TREE report:                6_set294.iqtree
  Maximum-likelihood tree:       6_set294.treefile
  Likelihood distances:          6_set294.mldist
  Best partitioning scheme:      6_set294.best_scheme.nex
           in RAxML format:      6_set294.best_scheme

Ultrafast bootstrap approximation results written to:
  Split support values:          6_set294.splits.nex
  Consensus tree:                6_set294.contree
  Screen log file:               6_set294.log

Date and Time: Sat Sep  8 16:23:01 2018
