IQ-TREE multicore version 1.6.7 for Mac OS X 64-bit built Aug 23 2018
Developed by Bui Quang Minh, Nguyen Lam Tung, Olga Chernomor,
Heiko Schmidt, Dominik Schrempf, Michael Woodhams.

Host:    meeps-mac-pro.staff.sydney.edu.au (AVX, 64 GB RAM)
Command: /Users/davidduchene/Desktop/Software/iqtree-1.6.7-MacOSX/bin/iqtree -s ../../../../marsupials/set193.fasta -m TESTMERGE -bb 1000 -q ../../../../marsupials/set193.nex -nt AUTO -pre 2_set193
Seed:    482109 (Using SPRNG - Scalable Parallel Random Number Generator)
Time:    Fri Sep  7 19:43:25 2018
Kernel:  AVX - auto-detect threads (8 CPU cores detected)

Reading partition model file ../../../../marsupials/set193.nex ...
Reading alignment file ../../../../marsupials/set193.fasta ... Fasta format detected
Alignment most likely contains DNA/RNA sequences
Alignment has 35 sequences with 2034 columns, 814 distinct patterns
440 parsimony-informative, 231 singleton sites, 1363 constant sites
                                              Gap/Ambiguity  Composition  p-value
   1  Burramyidae_Burramys_parvus                     0.79%    passed     59.48%
   2  Notoryctidae_Notoryctes_typhlops                2.26%    passed     97.71%
   3  Vombatidae_Lasiorhinus_latifrons                2.26%    passed     76.19%
   4  Potoroidae_Bettongia_penicillata                0.84%    passed     96.76%
   5  Potoroidae_Bettongia_lesueur                    0.79%    passed     95.10%
   6  Dasyuridae_Dasyurus_maculatus                   3.49%    passed     63.61%
   7  Phalangeridae_Trichosurus_vulpecula             0.49%    passed     81.21%
   8  Phalangeridae_Spilocuscus_maculatus             5.46%    passed     71.24%
   9  Potoroidae_Aepyprymnus_rufescens                0.15%    passed     99.80%
  10  Peramelidae_Perameles_nasuta                    4.92%    passed     89.52%
  11  Phalangeridae_Strigocuscus_pelengensis          1.57%    passed     98.87%
  12  Dasyuridae_Phascogale_tapoatafa                10.42%    passed     98.26%
  13  Dasyuridae_Sminthopsis_macroura                 3.10%    passed     91.16%
  14  Phalangeridae_Phalanger_orientalis              0.54%    passed     97.88%
  15  Acrobatidae_Acrobates_pygmaeus                  0.69%    passed     83.92%
  16  Dasyuridae_Phascogale_calura                   34.07%    failed      0.00%
  17  Dasyuridae_Sarcophilus_harrisii                 1.92%    passed     61.49%
  18  Dasyuridae_Planigale_tenuirostris              26.16%    passed     44.57%
  19  Peramelidae_Echymipera_kalubu                   0.05%    passed     91.05%
  20  Macropodidae_Dorcopsulus_vanheurni              0.25%    passed     99.86%
  21  Pseudochiridae_Pseudochirulus_forbesi           0.84%    passed     87.85%
  22  Didelphidae_Didelphis_virginiana               33.82%    failed      0.01%
  23  Marmosidae_Monodelphis_domestica               34.12%    failed      0.94%
  24  Dasyuridae_Antechinus_stuartii                 34.51%    failed      0.00%
  25  Hypsiprymnodontidae_Hypsiprymnodon_moschatus    0.05%    passed     98.93%
  26  Microbiotheriidae_Dromiciops_gliroides         21.34%    passed     38.30%
  27  Pseudochiridae_Petauroides_volans               2.26%    passed     81.80%
  28  Macropodidae_Wallabia_bicolor                   0.59%    passed     95.81%
  29  Pseudochiridae_Pseudocheirus_occidentalis      22.96%    passed     10.64%
  30  Tarsipedidae_Tarsipes_rostratus                 0.59%    passed     75.28%
  31  Acrobatidae_Distoechurus_pennatus               1.57%    passed     85.55%
  32  Phalangeridae_Phalanger_carmelitae              0.49%    passed     95.98%
  33  Peramelidae_Peroryctes_raffrayana               7.37%    passed     80.14%
  34  Dasyuridae_Dasyurus_geffroii                    0.79%    passed     55.54%
  35  Peramelidae_Perameles_gunnii                    6.93%    passed     85.75%
****  TOTAL                                           7.67%  4 sequences failed composition chi2 test (p-value<5%; df=3)
NOTE: No CharPartition defined, use all CharSets

Loading 15 partitions...
Subset	Type	Seqs	Sites	Infor	Invar	Model	Name
1		35	82	3	79	TESTMERGE	part1.1
2		35	82	1	77	TESTMERGE	part1.2
3		35	82	31	38	TESTMERGE	part1.3
4		31	228	56	146	TESTMERGE	part2.1
5		31	228	45	152	TESTMERGE	part2.2
6		31	228	125	66	TESTMERGE	part2.3
7		34	119	16	82	TESTMERGE	part3.1
8		34	119	15	90	TESTMERGE	part3.2
9		34	119	47	46	TESTMERGE	part3.3
10		35	88	4	79	TESTMERGE	part4.1
11		35	88	0	87	TESTMERGE	part4.2
WARNING: No parsimony-informative sites in partition part4.2
12		35	88	39	34	TESTMERGE	part4.3
13		35	161	5	149	TESTMERGE	part5.1
14		35	161	0	159	TESTMERGE	part5.2
WARNING: No parsimony-informative sites in partition part5.2
15		35	161	53	79	TESTMERGE	part5.3
Degree of missing data: 0.043
Info: multi-threading strategy over partitions



Create initial parsimony tree by phylogenetic likelihood library (PLL)... 0.008 seconds
NOTE: ModelFinder requires 8 MB RAM!
NUMBER OF THREADS FOR PARTITION FINDING: 8
Testing GTR+F+G on supermatrix...
GTR+F+G4 / LnL: -9897.032 / df: 76 / AIC: 19946.065 / AICc: 19952.045 / BIC: 20373.015
Selecting individual models for 15 charsets using BIC...
 No. Model        Score       Charset
   1 TPM2u+F+G4   1047.625    part3.1
   2 K2P+G4       1450.257    part4.3
   3 TN+F+G4      1246.306    part1.3
   4 TNe+G4       2053.979    part5.3
   5 HKY+F+G4     2161.793    part2.2
   6 K2P+G4       4034.468    part2.3
   7 HKY+F+G4     1768.157    part3.3
   8 TPM2u+F+I    2268.324    part2.1
   9 TPM3+F+G4    930.289     part3.2
  10 JC+I+G4      338.336     part1.2	0h:0m:24s (0h:8m:16s left)
  11 F81+F+I+G4   271.511     part4.2	0h:0m:25s (0h:7m:43s left)
  12 JC+I+G4      304.333     part1.1	0h:0m:26s (0h:7m:18s left)
  13 HKY+F+I+G4   689.418     part5.1	0h:0m:26s (0h:6m:44s left)
  14 TIM2e+I+G4   460.997     part4.1	0h:0m:26s (0h:6m:18s left)
  15 F81+F+I+G4   485.980     part5.2	0h:0m:27s (0h:5m:54s left)
Full partition model BIC score: 20204.172 (LnL: -9595.505  df:133)
Merging models to increase model fit (about 211 total partition schemes)...
  16 K2P+G4       20198.828   part2.3+part3.3	0h:0m:32s (0h:6m:34s left)
  17 K2P+G4       20186.254   part2.2+part2.3	0h:0m:32s (0h:6m:15s left)
  18 K2P+G4       20178.273   part1.3+part2.3	0h:0m:32s (0h:5m:53s left)
  19 TNe+G4       20193.874   part2.3+part5.3	0h:0m:33s (0h:5m:35s left)
  20 K2P+G4       20189.040   part2.3+part4.3	0h:0m:33s (0h:5m:18s left)
  21 TIM2+F+G4    20217.204   part2.1+part2.3	0h:0m:33s (0h:5m:2s left)
  22 K2P+G4       20194.842   part2.3+part3.1	0h:0m:34s (0h:4m:59s left)
  23 HKY+F+G4     20194.237   part2.1+part2.2	0h:0m:35s (0h:4m:53s left)
  24 K2P+G4       20200.268   part2.3+part3.2	0h:0m:40s (0h:5m:12s left)
  25 TPM2u+F+G4   20228.230   part2.1+part3.3	0h:0m:40s (0h:4m:59s left)
  26 TIM3e+G4     20239.370   part2.1+part5.3	0h:0m:40s (0h:4m:50s left)
  27 TNe+G4       20195.438   part2.2+part5.3	0h:0m:41s (0h:4m:39s left)
  28 HKY+F+G4     20202.129   part2.2+part3.3	0h:0m:41s (0h:4m:33s left)
  29 K2P+G4       20229.996   part1.2+part2.3	0h:0m:41s (0h:4m:23s left)
  30 K2P+G4       20208.072   part2.3+part4.1	0h:0m:42s (0h:4m:14s left)
  31 K2P+G4       20256.375   part2.3+part5.1	0h:0m:46s (0h:4m:29s left)
  32 TPM2+F+G4    20203.967   part2.1+part4.3	0h:0m:47s (0h:4m:26s left)
  33 K2P+G4       20256.260   part2.3+part4.2	0h:0m:47s (0h:4m:18s left)
  34 K2P+G4       20208.554   part1.3+part2.1	0h:0m:48s (0h:4m:12s left)
  35 K2P+G4       20245.787   part1.1+part2.3	0h:0m:48s (0h:4m:3s left)
  36 HKY+F+G4     20185.009   part2.2+part4.3	0h:0m:48s (0h:3m:57s left)
  37 K2P+G4       20323.996   part2.3+part5.2	0h:0m:50s (0h:3m:58s left)
  38 HKY+F+G4     20173.429   part2.1+part3.1	0h:0m:50s (0h:3m:51s left)
  39 TN+F+G4      20178.908   part2.2+part3.1	0h:0m:53s (0h:3m:56s left)
  40 K2P+G4       20194.935   part4.3+part5.3	0h:0m:55s (0h:3m:56s left)
  41 K2P+G4       20172.838   part1.3+part2.2	0h:0m:55s (0h:3m:49s left)
  42 HKY+F+G4     20200.875   part3.3+part5.3	0h:0m:57s (0h:3m:50s left)
  43 HKY+F+G4     20206.482   part2.1+part3.2	0h:0m:57s (0h:3m:46s left)
  44 TPM3u+F+G4   20204.163   part3.3+part4.3	0h:0m:58s (0h:3m:41s left)
  45 HKY+F+G4     20185.257   part2.2+part3.2	0h:0m:58s (0h:3m:36s left)
  46 TIM3e+G4     20202.712   part3.1+part5.3	0h:1m:1s (0h:3m:41s left)
  47 K2P+G4       20183.087   part1.3+part5.3	0h:1m:2s (0h:3m:38s left)
  48 HKY+F+G4     20184.905   part3.1+part3.3	0h:1m:5s (0h:3m:43s left)
  49 TN+F+G4      20175.033   part1.3+part3.3	0h:1m:5s (0h:3m:38s left)
  50 HKY+F+G4     20237.466   part2.1+part5.1	0h:1m:6s (0h:3m:33s left)
  51 TPM2+F+I     20209.792   part2.1+part4.1	0h:1m:6s (0h:3m:28s left)
  52 K2P+G4       20194.110   part2.2+part4.1	0h:1m:8s (0h:3m:28s left)
  53 HKY+F+I      20230.129   part1.2+part2.1	0h:1m:9s (0h:3m:25s left)
  54 TIM3+F+G4    20209.604   part3.2+part5.3	0h:1m:9s (0h:3m:21s left)
  55 HKY+F+G4     20213.691   part1.2+part2.2	0h:1m:10s (0h:3m:21s left)
  56 TPM3u+F+G4   20181.467   part3.2+part3.3	0h:1m:14s (0h:3m:26s left)
  57 TN+F+G4      20228.928   part2.2+part5.1	0h:1m:14s (0h:3m:22s left)
  58 HKY+F+G4     20230.984   part1.1+part2.2	0h:1m:15s (0h:3m:18s left)
  59 TPM2+F+I     20232.639   part1.1+part2.1	0h:1m:15s (0h:3m:14s left)
  60 K2P+G4       20237.598   part2.2+part4.2	0h:1m:17s (0h:3m:14s left)
  61 HKY+F+I      20268.400   part2.1+part4.2	0h:1m:17s (0h:3m:10s left)
  62 HKY+F+I      20301.665   part2.1+part5.2	0h:1m:17s (0h:3m:6s left)
  63 TN+F+I+G4    20288.523   part2.2+part5.2	0h:1m:20s (0h:3m:8s left)
  64 K2P+G4       20177.575   part1.3+part4.3	0h:1m:20s (0h:3m:3s left)
  65 TPM3u+F+G4   20191.038   part3.1+part4.3	0h:1m:20s (0h:3m:0s left)
  66 TPM3u+F+G4   20191.667   part3.2+part4.3	0h:1m:21s (0h:2m:59s left)
  67 K2P+G4       20182.071   part1.3+part3.1	0h:1m:23s (0h:2m:59s left)
  68 TPM3u+F+G4   20175.266   part3.1+part3.2	0h:1m:24s (0h:2m:57s left)
  69 TNe+G4       20210.001   part4.1+part5.3	0h:1m:26s (0h:2m:57s left)
  70 TPM2u+F+G4   20226.996   part3.3+part4.1	0h:1m:28s (0h:2m:57s left)
  71 K3Pu+F+G4    20180.649   part1.3+part3.2	0h:1m:29s (0h:2m:55s left)
  72 TN+F+G4      20249.362   part5.1+part5.3	0h:1m:30s (0h:2m:54s left)
  73 TNe+G4       20235.265   part1.2+part5.3	0h:1m:30s (0h:2m:51s left)
  74 HKY+F+G4     20231.366   part3.3+part5.1	0h:1m:32s (0h:2m:51s left)
  75 TN+F+G4      20233.731   part1.2+part3.3	0h:1m:33s (0h:2m:48s left)
  76 TN+F+G4      20265.247   part4.2+part5.3	0h:1m:34s (0h:2m:48s left)
  77 TNe+G4       20248.872   part1.1+part5.3	0h:1m:35s (0h:2m:46s left)
  78 HKY+F+G4     20263.090   part1.1+part3.3	0h:1m:36s (0h:2m:45s left)
  79 TVMe+G4      20208.870   part4.1+part4.3	0h:1m:38s (0h:2m:44s left)
  80 TN+F+G4      20249.220   part3.3+part4.2	0h:1m:39s (0h:2m:42s left)
  81 HKY+F+G4     20297.281   part3.3+part5.2	0h:1m:39s (0h:2m:40s left)
  82 TIM3+F+G4    20243.003   part4.3+part5.1	0h:1m:41s (0h:2m:39s left)
  83 K2P+G4       20238.738   part1.1+part4.3	0h:1m:42s (0h:2m:37s left)
  84 K2P+G4       20224.436   part1.2+part4.3	0h:1m:43s (0h:2m:36s left)
  85 K2P+G4       20247.208   part4.2+part4.3	0h:1m:43s (0h:2m:33s left)
  86 TIM3e+G4     20198.962   part3.1+part4.1	0h:1m:44s (0h:2m:31s left)
  87 TN+F+G4      20317.208   part5.2+part5.3	0h:1m:44s (0h:2m:28s left)
  88 K2P+G4       20189.060   part1.3+part4.1	0h:1m:45s (0h:2m:26s left)
  89 TPM2u+F+G4   20215.022   part1.2+part3.1	0h:1m:46s (0h:2m:26s left)
  90 HKY+F+I+G4   20212.579   part3.1+part5.1	0h:1m:47s (0h:2m:25s left)
  91 HKY+F+I+G4   20213.214   part1.3+part5.1	0h:1m:48s (0h:2m:22s left)
  92 TN+F+I+G4    20219.170   part1.2+part1.3	0h:1m:48s (0h:2m:19s left)
  93 HKY+F+G4     20231.346   part1.1+part3.1	0h:1m:50s (0h:2m:19s left)
  94 K2P+I+G4     20226.491   part1.1+part1.3	0h:1m:50s (0h:2m:17s left)
  95 TPM3u+F+G4   20297.493   part4.3+part5.2	0h:1m:51s (0h:2m:16s left)
  96 TVMe+I+G4    20187.370   part3.2+part4.1	0h:1m:53s (0h:2m:15s left)
  97 TPM3u+F+G4   20248.926   part3.1+part4.2	0h:1m:55s (0h:2m:15s left)
  98 TN+F+I+G4    20224.446   part1.3+part4.2	0h:1m:56s (0h:2m:14s left)
  99 TPM3u+F+I+G4 20202.312   part1.2+part3.2	0h:1m:56s (0h:2m:12s left)
 100 HKY+F+I+G4   20226.954   part1.1+part3.2	0h:1m:58s (0h:2m:11s left)
 101 HKY+F+I+G4   20194.879   part3.2+part5.1	0h:1m:58s (0h:2m:9s left)
 102 TPM2u+F+I+G4 20265.215   part3.1+part5.2	0h:1m:59s (0h:2m:7s left)
 103 HKY+F+I+G4   20265.296   part1.3+part5.2	0h:2m:1s (0h:2m:7s left)
 104 TPM3u+F+I+G4 20213.888   part3.2+part4.2	0h:2m:1s (0h:2m:4s left)
 105 TIM3e+I+G4   20191.909   part1.2+part4.1	0h:2m:5s (0h:2m:6s left)
 106 K3Pu+F+I+G4  20232.291   part3.2+part5.2	0h:2m:7s (0h:2m:6s left)
 107 TPM2+F+I+G4  20190.756   part4.1+part5.1	0h:2m:9s (0h:2m:5s left)
 108 TIM2e+I+G4   20191.061   part1.1+part4.1	0h:2m:9s (0h:2m:3s left)
 109 HKY+F+I+G4   20192.281   part1.2+part5.1	0h:2m:9s (0h:2m:1s left)
 110 JC+I+G4      20189.477   part1.1+part1.2	0h:2m:9s (0h:1m:59s left)
 111 TVMe+I+G4    20197.992   part4.1+part4.2	0h:2m:9s (0h:1m:57s left)
 112 HKY+F+I+G4   20204.029   part1.1+part5.1	0h:2m:12s (0h:1m:56s left)
 113 F81+F+I+G4   20188.458   part1.2+part4.2	0h:2m:15s (0h:1m:57s left)
 114 HKY+F+I+G4   20187.701   part4.2+part5.1	0h:2m:16s (0h:1m:56s left)
 115 JC+I+G4      20185.456   part1.1+part4.2	0h:2m:19s (0h:1m:56s left)
 116 HKY+F+I+G4   20179.993   part5.1+part5.2	0h:2m:19s (0h:1m:54s left)
 117 TPM3u+F+I+G4 20212.249   part4.1+part5.2	0h:2m:19s (0h:1m:52s left)
 118 F81+F+I+G4   20189.039   part1.2+part5.2	0h:2m:20s (0h:1m:50s left)
 119 F81+F+I+G4   20197.197   part1.1+part5.2	0h:2m:20s (0h:1m:48s left)
 120 F81+F+I+G4   20174.549   part4.2+part5.2	0h:2m:20s (0h:1m:46s left)
Merging part1.3+part2.2 with BIC score: 20172.838 (LnL: -9614.118  df: 124)
 121 K2P+G4       20170.099   part1.3+part2.2+part4.1	0h:2m:25s (0h:1m:48s left)
 122 HKY+F+G4     20163.482   part1.3+part2.2+part3.1	0h:2m:25s (0h:1m:46s left)
 123 K2P+G4       20215.455   part1.3+part2.2+part4.2	0h:2m:26s (0h:1m:44s left)
 124 HKY+F+I+G4   20214.595   part1.3+part2.2+part5.1	0h:2m:26s (0h:1m:42s left)
 125 HKY+F+G4     20163.276   part1.3+part2.2+part3.2	0h:2m:27s (0h:1m:41s left)
 126 K2P+G4       20171.433   part1.3+part2.2+part3.3	0h:2m:27s (0h:1m:39s left)
 127 K2P+G4       20159.795   part1.3+part2.2+part2.3	0h:2m:29s (0h:1m:38s left)
 128 HKY+F+G4     20190.818   part1.3+part2.1+part2.2	0h:2m:29s (0h:1m:37s left)
 129 K2P+G4       20206.214   part1.1+part1.3+part2.2	0h:2m:33s (0h:1m:37s left)
 130 K2P+G4       20158.236   part1.3+part2.2+part4.3	0h:2m:33s (0h:1m:35s left)
 131 K2P+G4       20191.647   part1.2+part1.3+part2.2	0h:2m:33s (0h:1m:33s left)
 132 K2P+G4       20168.259   part1.3+part2.2+part5.3	0h:2m:33s (0h:1m:31s left)
 133 HKY+F+I+G4   20271.286   part1.3+part2.2+part5.2	0h:2m:33s (0h:1m:30s left)
Merging part2.1+part3.1 with BIC score: 20142.095 (LnL: -9625.409  df: 117)
 134 HKY+F+G4     20206.872   part2.1+part3.1+part4.2	0h:2m:41s (0h:1m:33s left)
 135 TPM3u+F+G4   20137.122   part2.1+part3.1+part4.3	0h:2m:42s (0h:1m:31s left)
 136 HKY+F+G4     20156.941   part2.1+part3.1+part3.3	0h:2m:42s (0h:1m:29s left)
 137 HKY+F+G4     20241.613   part2.1+part3.1+part5.2	0h:2m:42s (0h:1m:27s left)
 138 TPM3u+F+G4   20137.388   part2.1+part3.1+part3.2	0h:2m:42s (0h:1m:26s left)
 139 TPM3u+F+G4   20151.383   part2.1+part3.1+part4.1	0h:2m:42s (0h:1m:24s left)
 140 HKY+F+G4     20159.592   part1.3+part2.1+part2.2+part3.1	0h:2m:44s (0h:1m:23s left)
 141 TIM2+F+G4    20165.641   part2.1+part2.3+part3.1	0h:2m:45s (0h:1m:21s left)
 142 HKY+F+G4     20166.590   part1.2+part2.1+part3.1	0h:2m:47s (0h:1m:21s left)
 143 HKY+F+G4     20173.885   part2.1+part3.1+part5.1	0h:2m:47s (0h:1m:19s left)
 144 HKY+F+G4     20173.532   part1.1+part2.1+part3.1	0h:2m:48s (0h:1m:18s left)
 145 TIM3+F+G4    20185.788   part2.1+part3.1+part5.3	0h:2m:48s (0h:1m:16s left)
Merging part4.2+part5.2 with BIC score: 20112.473 (LnL: -9629.642  df: 112)
 146 TN+F+I+G4    20273.428   part4.2+part5.2+part5.3	0h:2m:53s (0h:1m:17s left)
 147 TPM3u+F+I+G4 20249.979   part4.2+part4.3+part5.2	0h:2m:54s (0h:1m:15s left)
 148 HKY+F+G4     20257.782   part3.3+part4.2+part5.2	0h:2m:54s (0h:1m:14s left)
 149 HKY+F+G4     20288.197   part2.1+part3.1+part4.2+part5.2	0h:2m:56s (0h:1m:13s left)
 150 TN+F+I+G4    20123.153   part4.1+part4.2+part5.2	0h:2m:58s (0h:1m:12s left)
 151 K3Pu+F+I+G4  20157.165   part3.2+part4.2+part5.2	0h:2m:58s (0h:1m:10s left)
 152 HKY+F+I+G4   20260.042   part1.3+part2.2+part4.2+part5.2	0h:2m:58s (0h:1m:9s left)
 153 K2P+G4       20298.154   part2.3+part4.2+part5.2	0h:2m:58s (0h:1m:7s left)
 154 F81+F+I+G4   20108.307   part1.1+part4.2+part5.2	0h:3m:1s (0h:1m:7s left)
 155 F81+F+I+G4   20097.615   part1.2+part4.2+part5.2	0h:3m:1s (0h:1m:5s left)
 156 TN+F+I+G4    20096.179   part4.2+part5.1+part5.2	0h:3m:1s (0h:1m:4s left)
Merging part3.2+part3.3 with BIC score: 20089.767 (LnL: -9637.334  df: 107)
 157 TPM3u+F+G4   20101.986   part3.2+part3.3+part4.1	0h:3m:6s (0h:1m:4s left)
 158 TPM3+F+G4    20109.599   part1.2+part3.2+part3.3	0h:3m:8s (0h:1m:3s left)
 159 HKY+F+G4     20111.684   part3.2+part3.3+part5.1	0h:3m:8s (0h:1m:1s left)
 160 TPM3u+F+G4   20077.930   part3.2+part3.3+part4.3	0h:3m:8s (0h:1m:0s left)
 161 K2P+G4       20104.790   part2.3+part3.2+part3.3	0h:3m:9s (0h:0m:58s left)
 162 HKY+F+I+G4   20228.872   part3.2+part3.3+part4.2+part5.2	0h:3m:9s (0h:0m:57s left)
 163 TPM3u+F+G4   20110.638   part2.1+part3.1+part3.2+part3.3	0h:3m:9s (0h:0m:55s left)
 164 HKY+F+G4     20089.391   part1.3+part2.2+part3.2+part3.3	0h:3m:10s (0h:0m:54s left)
 165 HKY+F+G4     20139.782   part1.1+part3.2+part3.3	0h:3m:11s (0h:0m:53s left)
 166 K3Pu+F+G4    20091.103   part3.2+part3.3+part5.3	0h:3m:13s (0h:0m:52s left)
Merging part4.2+part5.1+part5.2 with BIC score: 20073.474 (LnL: -9644.422  df: 103)
 167 TPM3u+F+I+G4 20204.739   part4.2+part4.3+part5.1+part5.2	0h:3m:17s (0h:0m:52s left)
 168 HKY+F+I+G4   20218.719   part3.2+part3.3+part4.2+part5.1+part5.2	0h:3m:18s (0h:0m:50s left)
 169 TN+F+I+G4    20235.828   part4.2+part5.1+part5.2+part5.3	0h:3m:19s (0h:0m:49s left)
 170 HKY+F+I+G4   20263.993   part2.1+part3.1+part4.2+part5.1+part5.2	0h:3m:20s (0h:0m:48s left)
 171 TN+F+G4      20298.755   part2.3+part4.2+part5.1+part5.2	0h:3m:20s (0h:0m:46s left)
 172 HKY+F+I+G4   20231.993   part1.3+part2.2+part4.2+part5.1+part5.2	0h:3m:20s (0h:0m:45s left)
 173 HKY+F+I+G4   20056.787   part1.2+part4.2+part5.1+part5.2	0h:3m:21s (0h:0m:44s left)
 174 TIM3+F+I+G4  20070.065   part4.1+part4.2+part5.1+part5.2	0h:3m:21s (0h:0m:42s left)
 175 HKY+F+I+G4   20070.341   part1.1+part4.2+part5.1+part5.2	0h:3m:22s (0h:0m:41s left)
Merging part1.2+part4.2+part5.1+part5.2 with BIC score: 20056.787 (LnL: -9647.506  df: 100)
 176 TPM3u+F+I+G4 20192.312   part1.2+part4.2+part4.3+part5.1+part5.2	0h:3m:28s (0h:0m:41s left)
 177 HKY+F+I+G4   20215.576   part1.2+part3.2+part3.3+part4.2+part5.1+part5.2	0h:3m:29s (0h:0m:40s left)
 178 TN+F+I+G4    20230.046   part1.2+part4.2+part5.1+part5.2+part5.3	0h:3m:30s (0h:0m:38s left)
 179 HKY+F+I+G4   20225.026   part1.2+part1.3+part2.2+part4.2+part5.1+part5.2	0h:3m:30s (0h:0m:37s left)
 180 TN+F+G4      20304.596   part1.2+part2.3+part4.2+part5.1+part5.2	0h:3m:30s (0h:0m:36s left)
 181 TPM3u+F+I+G4 20263.564   part1.2+part2.1+part3.1+part4.2+part5.1+part5.2	0h:3m:31s (0h:0m:35s left)
 182 HKY+F+I+G4   20051.493   part1.1+part1.2+part4.2+part5.1+part5.2	0h:3m:31s (0h:0m:33s left)
 183 TPM3u+F+I+G4 20051.639   part1.2+part4.1+part4.2+part5.1+part5.2	0h:3m:32s (0h:0m:32s left)
Merging part2.3+part4.3 with BIC score: 20041.655 (LnL: -9647.557  df: 98)
 184 K2P+G4       20045.788   part2.3+part4.1+part4.3	0h:3m:37s (0h:0m:31s left)
 185 K2P+G4       20034.281   part2.3+part4.3+part5.3	0h:3m:38s (0h:0m:30s left)
 186 K2P+G4       20083.486   part1.1+part2.3+part4.3	0h:3m:38s (0h:0m:29s left)
 187 TVMe+G4      20057.639   part2.3+part3.2+part3.3+part4.3	0h:3m:38s (0h:0m:27s left)
 188 K2P+G4       20028.344   part1.3+part2.2+part2.3+part4.3	0h:3m:38s (0h:0m:26s left)
 189 TN+F+G4      20063.593   part2.1+part2.3+part3.1+part4.3	0h:3m:39s (0h:0m:25s left)
 190 TN+F+G4      20299.369   part1.2+part2.3+part4.2+part4.3+part5.1+part5.2	0h:3m:39s (0h:0m:24s left)
Merging part1.3+part2.2+part2.3+part4.3 with BIC score: 20028.344 (LnL: -9648.519  df: 96)
 191 K2P+G4       20068.306   part1.1+part1.3+part2.2+part2.3+part4.3	0h:3m:45s (0h:0m:23s left)
 192 K2P+G4       20030.570   part1.3+part2.2+part2.3+part4.1+part4.3	0h:3m:46s (0h:0m:22s left)
 193 K2P+G4       20022.951   part1.3+part2.2+part2.3+part4.3+part5.3	0h:3m:46s (0h:0m:21s left)
 194 HKY+F+G4     20045.933   part1.3+part2.2+part2.3+part3.2+part3.3+part4.3	0h:3m:47s (0h:0m:19s left)
 195 HKY+F+G4     20059.654   part1.3+part2.1+part2.2+part2.3+part3.1+part4.3	0h:3m:47s (0h:0m:18s left)
 196 HKY+F+I+G4   20287.222   part1.2+part1.3+part2.2+part2.3+part4.2+part4.3+part5.1+part5.2	0h:3m:50s (0h:0m:17s left)
Merging part1.1+part4.1 with BIC score: 20015.233 (LnL: -9649.582  df: 94)
 197 TPM2u+F+G4   20080.612   part1.1+part3.2+part3.3+part4.1	0h:3m:53s (0h:0m:16s left)
 198 TIM2e+G4     20070.177   part1.1+part4.1+part5.3	0h:3m:53s (0h:0m:15s left)
 199 HKY+F+G4     20063.637   part1.1+part2.1+part3.1+part4.1	0h:3m:54s (0h:0m:14s left)
 200 HKY+F+I+G4   20015.567   part1.1+part1.2+part4.1+part4.2+part5.1+part5.2	0h:3m:55s (0h:0m:12s left)
 201 K2P+G4       20067.905   part1.1+part1.3+part2.2+part2.3+part4.1+part4.3	0h:3m:56s (0h:0m:11s left)
Merging part1.3+part2.2+part2.3+part4.3+part5.3 with BIC score: 20009.841 (LnL: -9658.312  df: 91)
 202 K2P+G4       20067.380   part1.1+part1.3+part2.2+part2.3+part4.1+part4.3+part5.3	0h:4m:2s (0h:0m:10s left)
 203 K3Pu+F+G4    20023.358   part1.3+part2.2+part2.3+part3.2+part3.3+part4.3+part5.3	0h:4m:3s (0h:0m:9s left)
 204 TN+F+G4      20051.596   part1.3+part2.1+part2.2+part2.3+part3.1+part4.3+part5.3	0h:4m:3s (0h:0m:8s left)
 205 TN+F+I+G4    20279.915   part1.2+part1.3+part2.2+part2.3+part4.2+part4.3+part5.1+part5.2+part5.3	0h:4m:5s (0h:0m:7s left)
BEST-FIT PARTITION MODEL: 
  charpartition BIC = TIM2e+I+G4: part1.1 part4.1, HKY+F+I+G4: part1.2 part4.2 part5.1 part5.2, K2P+G4: part1.3 part2.2 part2.3 part4.3 part5.3, HKY+F+G4: part2.1 part3.1, TPM3u+F+G4: part3.2 part3.3;
Agglomerative model selection: ((part1.1,part4.1)9:20015.2,(part1.2,((part4.2,part5.2)3:20112.5,part5.1)5:20073.5)6:20056.8,(((part1.3,part2.2)1:20172.8,(part2.3,part4.3)7:20041.7)8:20028.3,part5.3)10:20009.8,(part2.1,part3.1)2:20142.1,(part3.2,part3.3)4:20089.8)
Merging into 5 partitions...
Partition information was printed to 2_set193.best_scheme.nex
Partition information in Raxml format was printed to 2_set193.best_scheme

All model information printed to 2_set193.model.gz
CPU time for ModelFinder: 284.452 seconds (0h:4m:44s)
Wall-clock time for ModelFinder: 247.618 seconds (0h:4m:7s)
Generating 1000 samples for ultrafast bootstrap (seed: 482109)...

NOTE: 7 MB RAM (0 GB) is required!
Measuring multi-threading efficiency up to 8 CPU cores
Increase to 10 rounds for branch lengths
22 trees examined
Threads: 1 / Time: 8.103 sec / Speedup: 1.000 / Efficiency: 100% / LogL: -14599
Threads: 2 / Time: 10.872 sec / Speedup: 0.745 / Efficiency: 37% / LogL: -14599
BEST NUMBER OF THREADS: 1

Estimate model parameters (epsilon = 0.100)
Initial log-likelihood: -10205.173
Current log-likelihood at step 1: -9839.307
Current log-likelihood at step 2: -9812.403
Current log-likelihood at step 3: -9799.632
Current log-likelihood at step 4: -9785.234
Current log-likelihood at step 5: -9768.701
Current log-likelihood at step 6: -9749.356
Current log-likelihood at step 7: -9726.198
Current log-likelihood at step 8: -9697.766
Current log-likelihood at step 9: -9662.406
Current log-likelihood at step 10: -9614.969
Current log-likelihood at step 11: -9614.956
Parameters optimization took 10 rounds (1.610 sec)


WARNING: Estimated model parameters are at boundary that can cause numerical instability!

Computing ML distances based on estimated model parameters... 0.055 sec
Computing BIONJ tree...
0.004 seconds
Log-likelihood of BIONJ tree: -9828.457
--------------------------------------------------------------------
|             INITIALIZING CANDIDATE TREE SET                      |
--------------------------------------------------------------------
Generating 98 parsimony trees... 2.841 second
Computing log-likelihood of 98 initial trees ... 8.184 seconds
Current best score: -9614.956

Do NNI search on 20 best initial trees
Estimate model parameters (epsilon = 0.100)
Initial log-likelihood: -9610.241
Current log-likelihood at step 1: -9609.434
Current log-likelihood at step 2: -9609.383
Parameters optimization took 1 rounds (0.193 sec)


WARNING: Estimated model parameters are at boundary that can cause numerical instability!

BETTER TREE FOUND at iteration 1: -9609.383
BETTER TREE FOUND at iteration 7: -9609.383
UPDATE BEST LOG-LIKELIHOOD: -9609.383
UPDATE BEST LOG-LIKELIHOOD: -9609.383
Iteration 10 / LogL: -9616.532 / Time: 0h:0m:38s
Iteration 20 / LogL: -9609.391 / Time: 0h:0m:47s
Finish initializing candidate tree set (3)
Current best tree score: -9609.383 / CPU time: 26.825
Number of iterations: 20
--------------------------------------------------------------------
|               OPTIMIZING CANDIDATE TREE SET                      |
--------------------------------------------------------------------
UPDATE BEST LOG-LIKELIHOOD: -9609.382
Iteration 30 / LogL: -9609.384 / Time: 0h:0m:56s (0h:2m:29s left)
UPDATE BEST LOG-LIKELIHOOD: -9609.382
Iteration 40 / LogL: -9609.693 / Time: 0h:1m:5s (0h:1m:52s left)
UPDATE BEST LOG-LIKELIHOOD: -9609.382
Iteration 50 / LogL: -9609.614 / Time: 0h:1m:15s (0h:1m:28s left)
Log-likelihood cutoff on original alignment: -9645.454
Iteration 60 / LogL: -9610.134 / Time: 0h:1m:24s (0h:1m:7s left)
Iteration 70 / LogL: -9609.385 / Time: 0h:1m:33s (0h:0m:49s left)
UPDATE BEST LOG-LIKELIHOOD: -9609.382
Iteration 80 / LogL: -9609.502 / Time: 0h:1m:41s (0h:0m:34s left)
Iteration 90 / LogL: -9609.645 / Time: 0h:1m:49s (0h:0m:20s left)
Iteration 100 / LogL: -9609.382 / Time: 0h:1m:56s (0h:0m:8s left)
Log-likelihood cutoff on original alignment: -9645.454
NOTE: Bootstrap correlation coefficient of split occurrence frequencies: 0.998
TREE SEARCH COMPLETED AFTER 108 ITERATIONS / Time: 0h:2m:3s

--------------------------------------------------------------------
|                    FINALIZING TREE SEARCH                        |
--------------------------------------------------------------------
Performs final model parameters optimization
Estimate model parameters (epsilon = 0.010)
Initial log-likelihood: -9609.382
Current log-likelihood at step 1: -9609.323
Current log-likelihood at step 2: -9609.322
Parameters optimization took 1 rounds (0.256 sec)


WARNING: Estimated model parameters are at boundary that can cause numerical instability!

BEST SCORE FOUND : -9609.322
Creating bootstrap support values...
Split supports printed to NEXUS file 2_set193.splits.nex
Total tree length: 1.174

Total number of iterations: 108
CPU time used for tree search: 52.718 sec (0h:0m:52s)
Wall-clock time used for tree search: 102.871 sec (0h:1m:42s)
Total CPU time used: 61.173 sec (0h:1m:1s)
Total wall-clock time used: 124.762 sec (0h:2m:4s)

Computing bootstrap consensus tree...
Reading input file 2_set193.splits.nex...
35 taxa and 174 splits.
Consensus tree written to 2_set193.contree
Reading input trees file 2_set193.contree
Log-likelihood of consensus tree: -9609.625

Analysis results written to: 
  IQ-TREE report:                2_set193.iqtree
  Maximum-likelihood tree:       2_set193.treefile
  Likelihood distances:          2_set193.mldist
  Best partitioning scheme:      2_set193.best_scheme.nex
           in RAxML format:      2_set193.best_scheme

Ultrafast bootstrap approximation results written to:
  Split support values:          2_set193.splits.nex
  Consensus tree:                2_set193.contree
  Screen log file:               2_set193.log

Date and Time: Fri Sep  7 19:49:38 2018
