IQ-TREE multicore version 1.6.7 for Mac OS X 64-bit built Aug 23 2018
Developed by Bui Quang Minh, Nguyen Lam Tung, Olga Chernomor,
Heiko Schmidt, Dominik Schrempf, Michael Woodhams.

Host:    meeps-mac-pro.staff.sydney.edu.au (AVX, 64 GB RAM)
Command: /Users/davidduchene/Desktop/Software/iqtree-1.6.7-MacOSX/bin/iqtree -s ../../../../marsupials/set41.fasta -m TESTMERGE -bb 1000 -spp ../../../../marsupials/set41.nex -nt AUTO -pre 4_set41
Seed:    141247 (Using SPRNG - Scalable Parallel Random Number Generator)
Time:    Thu Sep  6 20:09:06 2018
Kernel:  AVX - auto-detect threads (8 CPU cores detected)

Reading partition model file ../../../../marsupials/set41.nex ...
Reading alignment file ../../../../marsupials/set41.fasta ... Fasta format detected
Alignment most likely contains DNA/RNA sequences
Alignment has 35 sequences with 3198 columns, 1155 distinct patterns
746 parsimony-informative, 369 singleton sites, 2083 constant sites
                                              Gap/Ambiguity  Composition  p-value
   1  Burramyidae_Burramys_parvus                     0.09%    passed     86.26%
   2  Notoryctidae_Notoryctes_typhlops               25.36%    passed     72.05%
   3  Vombatidae_Lasiorhinus_latifrons                0.28%    passed     93.70%
   4  Potoroidae_Bettongia_penicillata                0.63%    passed     99.46%
   5  Potoroidae_Bettongia_lesueur                    0.56%    passed     99.51%
   6  Dasyuridae_Dasyurus_maculatus                   0.00%    passed     99.20%
   7  Phalangeridae_Trichosurus_vulpecula             7.57%    passed     88.87%
   8  Phalangeridae_Spilocuscus_maculatus             0.00%    passed     83.90%
   9  Potoroidae_Aepyprymnus_rufescens                0.28%    passed     99.90%
  10  Peramelidae_Perameles_nasuta                    0.22%    passed     69.91%
  11  Phalangeridae_Strigocuscus_pelengensis          1.22%    passed     92.83%
  12  Dasyuridae_Phascogale_tapoatafa                 2.28%    passed     94.30%
  13  Dasyuridae_Sminthopsis_macroura                 0.00%    passed     94.70%
  14  Phalangeridae_Phalanger_orientalis              0.06%    passed     91.60%
  15  Acrobatidae_Acrobates_pygmaeus                  4.82%    passed     48.68%
  16  Dasyuridae_Phascogale_calura                    0.00%    passed     91.14%
  17  Dasyuridae_Sarcophilus_harrisii                 0.00%    passed     93.78%
  18  Dasyuridae_Planigale_tenuirostris               5.16%    passed     98.82%
  19  Peramelidae_Echymipera_kalubu                   0.09%    passed     83.08%
  20  Macropodidae_Dorcopsulus_vanheurni              0.69%    passed     99.22%
  21  Pseudochiridae_Pseudochirulus_forbesi           0.13%    passed     96.78%
  22  Didelphidae_Didelphis_virginiana               38.15%    passed     25.97%
  23  Marmosidae_Monodelphis_domestica                2.13%    passed     38.32%
  24  Dasyuridae_Antechinus_stuartii                  1.06%    passed     86.71%
  25  Hypsiprymnodontidae_Hypsiprymnodon_moschatus    0.38%    passed     97.77%
  26  Microbiotheriidae_Dromiciops_gliroides          7.35%    passed     65.25%
  27  Pseudochiridae_Petauroides_volans               0.47%    passed     99.76%
  28  Macropodidae_Wallabia_bicolor                   0.84%    passed     96.95%
  29  Pseudochiridae_Pseudocheirus_occidentalis       1.06%    passed     99.59%
  30  Tarsipedidae_Tarsipes_rostratus                 1.13%    passed     27.15%
  31  Acrobatidae_Distoechurus_pennatus               0.03%    passed     97.76%
  32  Phalangeridae_Phalanger_carmelitae              0.00%    passed     86.14%
  33  Peramelidae_Peroryctes_raffrayana               2.25%    passed     88.05%
  34  Dasyuridae_Dasyurus_geffroii                    0.00%    passed     97.93%
  35  Peramelidae_Perameles_gunnii                    0.13%    passed     66.34%
****  TOTAL                                           2.98%  0 sequences failed composition chi2 test (p-value<5%; df=3)
NOTE: No CharPartition defined, use all CharSets

Loading 15 partitions...
Subset	Type	Seqs	Sites	Infor	Invar	Model	Name
1		34	334	21	299	TESTMERGE	part1.1
2		34	334	6	321	TESTMERGE	part1.2
3		34	334	141	130	TESTMERGE	part1.3
4		34	258	91	117	TESTMERGE	part2.1
5		34	258	94	122	TESTMERGE	part2.2
6		34	258	132	83	TESTMERGE	part2.3
7		35	133	5	122	TESTMERGE	part3.1
8		35	133	1	127	TESTMERGE	part3.2
9		35	133	68	32	TESTMERGE	part3.3
10		35	172	21	125	TESTMERGE	part4.1
11		35	172	20	140	TESTMERGE	part4.2
12		35	172	80	61	TESTMERGE	part4.3
13		35	169	8	154	TESTMERGE	part5.1
14		35	169	5	160	TESTMERGE	part5.2
15		35	169	53	90	TESTMERGE	part5.3
Degree of missing data: 0.016
Info: multi-threading strategy over partitions



Create initial parsimony tree by phylogenetic likelihood library (PLL)... 0.020 seconds
NOTE: ModelFinder requires 11 MB RAM!
NUMBER OF THREADS FOR PARTITION FINDING: 8
Testing GTR+F+G on supermatrix...
GTR+F+G4 / LnL: -16329.379 / df: 76 / AIC: 32810.758 / AICc: 32814.508 / BIC: 33272.099
Selecting individual models for 15 charsets using BIC...
 No. Model        Score       Charset
   1 K2P+I        1375.982    part4.1
   2 K2P+G4       2112.587    part3.3
   3 TNe+G4       3319.204    part2.1
   4 HKY+F+G4     1929.356    part5.3
   5 TPM2u+F+G4   1135.887    part4.2
   6 K2P+I        3569.390    part2.2
   7 TIM3+F+G4    2761.987    part4.3
   8 TPM3+F+G4    5593.786    part1.3
   9 K2P+I        1255.997    part1.2
  10 K2P          659.248     part5.2	0h:0m:14s (0h:4m:53s left)
  11 HKY+F+G4     4251.656    part2.3	0h:0m:15s (0h:4m:36s left)
  12 K3P+I        1725.461    part1.1	0h:0m:15s (0h:4m:22s left)
  13 K2P+I        803.577     part5.1	0h:0m:16s (0h:4m:7s left)
  14 TIM2e+I      603.481     part3.1	0h:0m:16s (0h:3m:53s left)
  15 K2P+I        519.589     part3.2	0h:0m:17s (0h:3m:44s left)
Full partition model BIC score: 32334.113 (LnL: -15630.383  df:133)
Merging models to increase model fit (about 211 total partition schemes)...
  16 TPM3+F+G4    32327.896   part1.3+part4.3	0h:0m:44s (0h:9m:1s left)
  17 TPM2u+F+G4   32319.537   part2.1+part2.2	0h:0m:46s (0h:8m:51s left)
  18 TVMe+G4      32335.454   part1.3+part2.2	0h:0m:49s (0h:8m:48s left)
  19 K2P+G4       32355.668   part1.3+part2.3	0h:0m:51s (0h:8m:42s left)
  20 K2P+G4       32362.967   part1.3+part2.1	0h:0m:52s (0h:8m:16s left)
  21 TPM2u+F+G4   32331.069   part2.1+part2.3	0h:0m:53s (0h:8m:2s left)
  22 TN+F+G4      32303.341   part2.3+part4.3	0h:0m:55s (0h:7m:55s left)
  23 TPM2u+F+G4   32328.144   part2.2+part2.3	0h:0m:56s (0h:7m:41s left)
  24 K2P+G4       32338.655   part2.1+part3.3	0h:1m:6s (0h:8m:38s left)
  25 HKY+F+G4     32358.373   part1.3+part3.3	0h:1m:8s (0h:8m:33s left)
  26 HKY+F+G4     32327.646   part2.3+part3.3	0h:1m:9s (0h:8m:11s left)
  27 TIM3e+G4     32397.382   part1.3+part5.3	0h:1m:10s (0h:8m:1s left)
  28 K2P+G4       32319.554   part2.2+part4.3	0h:1m:11s (0h:7m:46s left)
  29 K2P+G4       32330.238   part2.1+part4.3	0h:1m:14s (0h:7m:44s left)
  30 HKY+F+G4     32333.923   part2.1+part5.3	0h:1m:17s (0h:7m:46s left)
  31 HKY+F+G4     32325.703   part2.3+part5.3	0h:1m:17s (0h:7m:31s left)
  32 K2P+G4       32333.094   part2.2+part3.3	0h:1m:27s (0h:8m:8s left)
  33 HKY+F+G4     32415.617   part2.3+part4.1	0h:1m:32s (0h:8m:17s left)
  34 K3Pu+F+G4    32564.139   part1.1+part2.3	0h:1m:37s (0h:8m:28s left)
  35 TVMe+G4      32400.323   part1.3+part4.1	0h:1m:38s (0h:8m:17s left)
  36 TVMe+G4      32413.706   part1.3+part4.2	0h:1m:39s (0h:8m:4s left)
  37 HKY+F+G4     32340.272   part2.2+part5.3	0h:1m:40s (0h:7m:54s left)
  38 TIM2+F+I     32417.565   part2.3+part4.2	0h:1m:41s (0h:7m:44s left)
  39 HKY+F+G4     32501.762   part2.3+part5.1	0h:1m:44s (0h:7m:40s left)
  40 TNe+G4       32345.102   part2.1+part4.1	0h:1m:51s (0h:7m:56s left)
  41 TIM3e+I+G4   32520.178   part1.1+part1.3	0h:1m:55s (0h:7m:56s left)
  42 K2P+I        32352.835   part2.2+part4.1	0h:1m:56s (0h:7m:47s left)
  43 TN+F+G4      32316.883   part3.3+part4.3	0h:2m:1s (0h:7m:54s left)
  44 TIM3e+G4     32470.593   part1.3+part5.1	0h:2m:2s (0h:7m:44s left)
  45 TIM3e+I+G4   32501.723   part1.3+part5.2	0h:2m:4s (0h:7m:40s left)
  46 TN+F+G4      32620.773   part1.2+part2.3	0h:2m:7s (0h:7m:37s left)
  47 HKY+F+G4     32524.014   part2.3+part5.2	0h:2m:8s (0h:7m:29s left)
  48 HKY+F+G4     32310.397   part4.3+part5.3	0h:2m:15s (0h:7m:41s left)
  49 TNe+G4       32360.498   part2.1+part4.2	0h:2m:16s (0h:7m:32s left)
  50 HKY+F+G4     32457.562   part1.1+part2.1	0h:2m:18s (0h:7m:25s left)
  51 K2P+G4       32499.253   part2.3+part3.1	0h:2m:22s (0h:7m:26s left)
  52 HKY+F+G4     32421.353   part2.1+part5.1	0h:2m:24s (0h:7m:20s left)
  53 TIM3e+I+G4   32613.226   part1.2+part1.3	0h:2m:24s (0h:7m:10s left)
  54 TPM3u+F+I+G4 32453.908   part1.3+part3.1	0h:2m:28s (0h:7m:10s left)
  55 TPM2u+F+I    32487.718   part2.3+part3.2	0h:2m:31s (0h:7m:10s left)
  56 K2P+G4       32451.646   part1.1+part2.2	0h:2m:35s (0h:7m:11s left)
  57 TN+F+G4      32456.117   part2.1+part5.2	0h:2m:38s (0h:7m:9s left)
  58 TIM3e+G4     32464.050   part1.3+part3.2	0h:2m:40s (0h:7m:2s left)
  59 K2P+I        32363.589   part2.2+part4.2	0h:2m:45s (0h:7m:6s left)
  60 HKY+F+G4     32350.724   part3.3+part5.3	0h:2m:45s (0h:6m:57s left)
  61 K2P+I        32418.741   part2.2+part5.1	0h:2m:48s (0h:6m:55s left)
  62 TN+F+G4      32525.756   part1.2+part2.1	0h:2m:54s (0h:6m:59s left)
  63 TNe+G4       32412.743   part2.1+part3.1	0h:3m:0s (0h:7m:3s left)
  64 TPM2u+F+I    32446.584   part2.2+part5.2	0h:3m:4s (0h:7m:3s left)
  65 HKY+F+G4     32369.703   part4.1+part4.3	0h:3m:7s (0h:7m:1s left)
  66 TPM2u+F+I    32518.981   part1.2+part2.2	0h:3m:8s (0h:6m:55s left)
  67 K2P+I        32414.360   part2.2+part3.1	0h:3m:9s (0h:6m:47s left)
  68 HKY+F+G4     32427.957   part2.1+part3.2	0h:3m:13s (0h:6m:46s left)
  69 K2P+G4       32390.304   part3.3+part4.1	0h:3m:15s (0h:6m:41s left)
  70 TN+F+G4      32367.799   part4.2+part4.3	0h:3m:19s (0h:6m:42s left)
  71 TPM2u+F+I    32419.019   part2.2+part3.2	0h:3m:20s (0h:6m:36s left)
  72 HKY+F+G4     32349.774   part4.1+part5.3	0h:3m:21s (0h:6m:29s left)
  73 TIM2+F+G4    32420.209   part3.3+part4.2	0h:3m:22s (0h:6m:22s left)
  74 HKY+F+G4     32472.687   part4.3+part5.2	0h:3m:24s (0h:6m:18s left)
  75 K2P+G4       32447.618   part4.3+part5.1	0h:3m:25s (0h:6m:12s left)
  76 TNe+G4       32482.020   part1.1+part4.3	0h:3m:25s (0h:6m:5s left)
  77 HKY+F+G4     32537.174   part1.2+part4.3	0h:3m:28s (0h:6m:2s left)
  78 HKY+F+G4     32332.418   part4.2+part5.3	0h:3m:30s (0h:5m:59s left)
  79 K3P+G4       32510.516   part1.1+part3.3	0h:3m:33s (0h:5m:56s left)
  80 K2P+G4       32440.715   part3.1+part4.3	0h:3m:34s (0h:5m:51s left)
  81 TIM2+F+G4    32399.954   part5.1+part5.3	0h:3m:34s (0h:5m:44s left)
  82 K2P+G4       32471.872   part3.3+part5.1	0h:3m:35s (0h:5m:39s left)
  83 TIM2+F+G4    32417.115   part1.1+part5.3	0h:3m:36s (0h:5m:33s left)
  84 HKY+F+G4     32448.817   part3.2+part4.3	0h:3m:36s (0h:5m:27s left)
  85 HKY+F+G4     32412.457   part5.2+part5.3	0h:3m:39s (0h:5m:25s left)
  86 K2P+G4       32496.975   part3.3+part5.2	0h:3m:40s (0h:5m:20s left)
  87 HKY+F+G4     32447.498   part1.2+part5.3	0h:3m:41s (0h:5m:15s left)
  88 HKY+F+G4     32580.175   part1.2+part3.3	0h:3m:44s (0h:5m:14s left)
  89 K2P+G4       32303.924   part4.1+part4.2	0h:3m:44s (0h:5m:8s left)
  90 TIM2e+G4     32406.354   part3.1+part5.3	0h:3m:45s (0h:5m:2s left)
  91 K2P+G4       32464.558   part3.1+part3.3	0h:3m:45s (0h:4m:57s left)
  92 K2P+G4       32472.834   part3.2+part3.3	0h:3m:46s (0h:4m:53s left)
  93 HKY+F+G4     32393.244   part3.2+part5.3	0h:3m:49s (0h:4m:50s left)
  94 K3P+G4       32335.125   part1.1+part4.1	0h:3m:51s (0h:4m:47s left)
  95 K2P+I        32331.431   part4.1+part5.1	0h:3m:51s (0h:4m:42s left)
  96 K2P+G4       32347.775   part4.1+part5.2	0h:3m:52s (0h:4m:38s left)
  97 K2P+I        32308.594   part4.2+part5.1	0h:3m:53s (0h:4m:33s left)
  98 TNe+I        32367.573   part1.2+part4.1	0h:3m:54s (0h:4m:30s left)
  99 K2P+I        32311.767   part1.1+part4.2	0h:3m:55s (0h:4m:26s left)
 100 K3P+G4       32337.550   part3.1+part4.1	0h:3m:56s (0h:4m:22s left)
 101 K2P+G4       32340.732   part3.2+part4.1	0h:3m:58s (0h:4m:19s left)
 102 TPM2+F+I     32328.053   part4.2+part5.2	0h:4m:0s (0h:4m:16s left)
 103 TIM+F+I      32315.180   part1.1+part5.1	0h:4m:3s (0h:4m:14s left)
 104 K2P+I        32314.148   part3.1+part4.2	0h:4m:5s (0h:4m:12s left)
 105 K3P+I        32325.009   part1.1+part5.2	0h:4m:6s (0h:4m:8s left)
 106 K2P+I        32316.291   part5.1+part5.2	0h:4m:6s (0h:4m:3s left)
 107 TPM2+F+I     32327.486   part1.2+part4.2	0h:4m:6s (0h:3m:59s left)
 108 K3P+I        32322.470   part1.1+part1.2	0h:4m:6s (0h:3m:55s left)
 109 K2P+I        32314.761   part1.2+part5.1	0h:4m:9s (0h:3m:53s left)
 110 TPM2+F+I     32321.774   part3.2+part4.2	0h:4m:11s (0h:3m:51s left)
 111 K3P+I        32310.053   part1.1+part3.1	0h:4m:14s (0h:3m:49s left)
 112 HKY+F+I      32316.950   part1.2+part5.2	0h:4m:15s (0h:3m:45s left)
 113 K2P+I        32318.445   part3.1+part5.2	0h:4m:15s (0h:3m:41s left)
 114 TNe+I        32317.786   part1.2+part3.1	0h:4m:16s (0h:3m:37s left)
 115 HKY+F+I      32318.523   part3.2+part5.1	0h:4m:16s (0h:3m:34s left)
 116 TIM+F+I+G4   32325.417   part1.1+part3.2	0h:4m:17s (0h:3m:30s left)
 117 HKY+F+I      32317.311   part3.2+part5.2	0h:4m:17s (0h:3m:27s left)
 118 TPM2u+F+I    32310.752   part3.1+part5.1	0h:4m:18s (0h:3m:23s left)
 119 K2P+I        32314.334   part3.1+part3.2	0h:4m:19s (0h:3m:20s left)
 120 HKY+F+I      32308.033   part1.2+part3.2	0h:4m:19s (0h:3m:16s left)
Merging part2.3+part4.3 with BIC score: 32303.341 (LnL: -15643.243  df: 126)
 121 HKY+F+G4     32589.478   part1.1+part2.3+part4.3	0h:4m:37s (0h:3m:26s left)
 122 HKY+F+G4     32494.800   part2.3+part4.3+part5.1	0h:4m:38s (0h:3m:23s left)
 123 HKY+F+G4     32388.808   part2.3+part4.1+part4.3	0h:4m:39s (0h:3m:19s left)
 124 TN+F+G4      32387.373   part2.3+part4.2+part4.3	0h:4m:41s (0h:3m:17s left)
 125 TN+F+G4      32290.039   part2.3+part3.3+part4.3	0h:4m:43s (0h:3m:15s left)
 126 K2P+G4       32339.580   part1.3+part2.3+part4.3	0h:4m:48s (0h:3m:14s left)
 127 TN+F+G4      32306.101   part2.2+part2.3+part4.3	0h:4m:50s (0h:3m:12s left)
 128 TN+F+G4      32309.995   part2.1+part2.3+part4.3	0h:4m:53s (0h:3m:10s left)
 129 HKY+F+G4     32493.927   part2.3+part3.1+part4.3	0h:5m:3s (0h:3m:12s left)
 130 TN+F+G4      32518.010   part2.3+part4.3+part5.2	0h:5m:4s (0h:3m:9s left)
 131 TN+F+G4      32649.903   part1.2+part2.3+part4.3	0h:5m:5s (0h:3m:6s left)
 132 HKY+F+G4     32473.934   part2.3+part3.2+part4.3	0h:5m:5s (0h:3m:3s left)
 133 HKY+F+G4     32295.557   part2.3+part4.3+part5.3	0h:5m:6s (0h:2m:59s left)
Merging part4.1+part4.2 with BIC score: 32273.151 (LnL: -15656.394  df: 119)
 134 K2P+G4       32267.129   part4.1+part4.2+part5.1	0h:5m:15s (0h:3m:1s left)
 135 K2P+G4       32283.838   part4.1+part4.2+part5.2	0h:5m:17s (0h:2m:59s left)
 136 K2P+G4       32273.934   part1.1+part4.1+part4.2	0h:5m:19s (0h:2m:56s left)
 137 K2P+G4       32372.185   part3.3+part4.1+part4.2	0h:5m:20s (0h:2m:53s left)
 138 TNe+G4       32316.351   part2.1+part4.1+part4.2	0h:5m:25s (0h:2m:51s left)
 139 K2P+I        32326.410   part2.2+part4.1+part4.2	0h:5m:26s (0h:2m:48s left)
 140 K2P+G4       32271.544   part3.1+part4.1+part4.2	0h:5m:30s (0h:2m:47s left)
 141 TVMe+I+G4    32409.169   part1.3+part4.1+part4.2	0h:5m:31s (0h:2m:44s left)
 142 K2P+I        32306.762   part1.2+part4.1+part4.2	0h:5m:32s (0h:2m:41s left)
 143 HKY+F+G4     32295.199   part4.1+part4.2+part5.3	0h:5m:33s (0h:2m:38s left)
 144 K2P+G4       32276.145   part3.2+part4.1+part4.2	0h:5m:33s (0h:2m:35s left)
 145 TN+F+G4      32427.705   part2.3+part4.1+part4.2+part4.3	0h:5m:35s (0h:2m:32s left)
Merging part1.2+part3.2 with BIC score: 32247.071 (LnL: -15643.354  df: 119)
 146 HKY+F+I      32227.609   part1.2+part3.2+part5.1	0h:5m:42s (0h:2m:32s left)
 147 HKY+F+I      32220.806   part1.2+part3.2+part5.2	0h:5m:44s (0h:2m:29s left)
 148 HKY+F+I      32377.797   part1.2+part3.2+part5.3	0h:5m:48s (0h:2m:28s left)
 149 TPM2+F+I     32297.070   part1.2+part3.2+part4.1+part4.2	0h:5m:48s (0h:2m:25s left)
 150 K2P+I        32231.667   part1.2+part3.1+part3.2	0h:5m:52s (0h:2m:23s left)
 151 TPM2u+F+G4   32458.641   part1.2+part2.2+part3.2	0h:5m:53s (0h:2m:20s left)
 152 TN+F+G4      32474.477   part1.2+part2.1+part3.2	0h:5m:54s (0h:2m:17s left)
 153 K3Pu+F+I     32243.817   part1.1+part1.2+part3.2	0h:5m:55s (0h:2m:14s left)
 154 TIM3e+I+G4   32586.077   part1.2+part1.3+part3.2	0h:5m:57s (0h:2m:12s left)
 155 HKY+F+G4     32519.922   part1.2+part3.2+part3.3	0h:5m:58s (0h:2m:9s left)
 156 HKY+F+G4     32671.739   part1.2+part2.3+part3.2+part4.3	0h:5m:59s (0h:2m:6s left)
Merging part1.2+part3.2+part5.2 with BIC score: 32220.806 (LnL: -15638.292  df: 117)
 157 HKY+F+I      32201.935   part1.2+part3.2+part5.1+part5.2	0h:6m:5s (0h:2m:5s left)
 158 K3Pu+F+I     32223.511   part1.1+part1.2+part3.2+part5.2	0h:6m:6s (0h:2m:2s left)
 159 HKY+F+I      32369.943   part1.2+part3.2+part5.2+part5.3	0h:6m:8s (0h:2m:0s left)
 160 TPM2+F+I     32281.157   part1.2+part3.2+part4.1+part4.2+part5.2	0h:6m:8s (0h:1m:57s left)
 161 HKY+F+I      32216.615   part1.2+part3.1+part3.2+part5.2	0h:6m:11s (0h:1m:55s left)
 162 TN+F+G4      32484.625   part1.2+part2.1+part3.2+part5.2	0h:6m:13s (0h:1m:52s left)
 163 TPM2u+F+I    32465.310   part1.2+part2.2+part3.2+part5.2	0h:6m:16s (0h:1m:50s left)
 164 HKY+F+I      32521.812   part1.2+part3.2+part3.3+part5.2	0h:6m:16s (0h:1m:47s left)
 165 TIM3e+I+G4   32625.051   part1.2+part1.3+part3.2+part5.2	0h:6m:17s (0h:1m:45s left)
 166 HKY+F+G4     32726.446   part1.2+part2.3+part3.2+part4.3+part5.2	0h:6m:18s (0h:1m:42s left)
Merging part1.1+part3.1 with BIC score: 32196.746 (LnL: -15646.437  df: 112)
 167 K3Pu+F+I     32206.257   part1.1+part1.2+part3.1+part3.2+part5.2	0h:6m:24s (0h:1m:41s left)
 168 TVM+F+I      32175.293   part1.1+part3.1+part5.1	0h:6m:25s (0h:1m:38s left)
 169 TIM2e+G4     32303.660   part1.1+part3.1+part5.3	0h:6m:26s (0h:1m:35s left)
 170 HKY+F+G4     32362.666   part1.1+part2.1+part3.1	0h:6m:27s (0h:1m:33s left)
 171 K3P+G4       32411.426   part1.1+part3.1+part3.3	0h:6m:28s (0h:1m:30s left)
 172 K3P+G4       32358.625   part1.1+part2.2+part3.1	0h:6m:28s (0h:1m:27s left)
 173 TIM3e+I+G4   32448.573   part1.1+part1.3+part3.1	0h:6m:31s (0h:1m:26s left)
 174 K3P+I        32211.615   part1.1+part3.1+part4.1+part4.2	0h:6m:31s (0h:1m:23s left)
 175 K3P+G4       32572.784   part1.1+part2.3+part3.1+part4.3	0h:6m:33s (0h:1m:20s left)
Merging part1.1+part3.1+part5.1 with BIC score: 32175.293 (LnL: -15627.640  df: 114)
 176 K3P+I        32194.058   part1.1+part3.1+part4.1+part4.2+part5.1	0h:6m:41s (0h:1m:19s left)
 177 K3Pu+F+I     32177.445   part1.1+part1.2+part3.1+part3.2+part5.1+part5.2	0h:6m:43s (0h:1m:17s left)
 178 TIM2+F+G4    32288.279   part1.1+part3.1+part5.1+part5.3	0h:6m:43s (0h:1m:14s left)
 179 HKY+F+G4     32359.267   part1.1+part2.1+part3.1+part5.1	0h:6m:43s (0h:1m:12s left)
 180 K3P+G4       32416.384   part1.1+part3.1+part3.3+part5.1	0h:6m:44s (0h:1m:9s left)
 181 K3Pu+F+G4    32366.432   part1.1+part2.2+part3.1+part5.1	0h:6m:44s (0h:1m:7s left)
 182 TIM3e+I+G4   32478.804   part1.1+part1.3+part3.1+part5.1	0h:6m:49s (0h:1m:5s left)
 183 K3P+G4       32621.578   part1.1+part2.3+part3.1+part4.3+part5.1	0h:6m:49s (0h:1m:2s left)
Merging part2.1+part2.2 with BIC score: 32160.716 (LnL: -15620.352  df: 114)
 184 HKY+F+G4     32435.313   part1.1+part2.1+part2.2+part3.1+part5.1	0h:7m:7s (0h:1m:2s left)
 185 TNe+G4       32239.169   part2.1+part2.2+part4.1+part4.2	0h:7m:13s (0h:1m:0s left)
 186 HKY+F+G4     32160.078   part2.1+part2.2+part5.3	0h:7m:14s (0h:0m:58s left)
 187 TPM2+F+G4    32165.568   part2.1+part2.2+part3.3	0h:7m:15s (0h:0m:55s left)
 188 TPM2u+F+G4   32528.722   part1.2+part2.1+part2.2+part3.2+part5.2	0h:7m:15s (0h:0m:53s left)
 189 TVMe+G4      32192.985   part1.3+part2.1+part2.2	0h:7m:16s (0h:0m:50s left)
 190 TIM2+F+G4    32167.309   part2.1+part2.2+part2.3+part4.3	0h:7m:20s (0h:0m:48s left)
Merging part2.3+part3.3+part4.3 with BIC score: 32147.414 (LnL: -15625.806  df: 111)
 191 K3P+G4       32682.256   part1.1+part2.3+part3.1+part3.3+part4.3+part5.1	0h:7m:42s (0h:0m:48s left)
 192 TIM2+F+G4    32756.498   part1.2+part2.3+part3.2+part3.3+part4.3+part5.2	0h:7m:46s (0h:0m:46s left)
 193 K2P+G4       32197.197   part1.3+part2.3+part3.3+part4.3	0h:7m:47s (0h:0m:43s left)
 194 TN+F+G4      32330.673   part2.3+part3.3+part4.1+part4.2+part4.3	0h:7m:48s (0h:0m:41s left)
 195 TN+F+G4      32150.828   part2.3+part3.3+part4.3+part5.3	0h:7m:48s (0h:0m:38s left)
 196 TIM2+F+G4    32158.779   part2.1+part2.2+part2.3+part3.3+part4.3	0h:7m:52s (0h:0m:36s left)
Merging part2.1+part2.2+part5.3 with BIC score: 32146.776 (LnL: -15653.733  df: 104)
 197 HKY+F+G4     32456.828   part1.1+part2.1+part2.2+part3.1+part5.1+part5.3	0h:8m:9s (0h:0m:34s left)
 198 HKY+F+G4     32534.674   part1.2+part2.1+part2.2+part3.2+part5.2+part5.3	0h:8m:12s (0h:0m:32s left)
 199 HKY+F+G4     32230.580   part2.1+part2.2+part4.1+part4.2+part5.3	0h:8m:13s (0h:0m:29s left)
 200 K2P+G4       32210.824   part1.3+part2.1+part2.2+part5.3	0h:8m:14s (0h:0m:27s left)
 201 TN+F+G4      32159.762   part2.1+part2.2+part2.3+part3.3+part4.3+part5.3	0h:8m:22s (0h:0m:24s left)
BEST-FIT PARTITION MODEL: 
  charpartition BIC = TVM+F+I: part1.1 part3.1 part5.1, HKY+F+I: part1.2 part3.2 part5.2, TPM3+F+G4: part1.3, HKY+F+G4: part2.1 part2.2 part5.3, TN+F+G4: part2.3 part3.3 part4.3, K2P+G4: part4.1 part4.2;
Agglomerative model selection: (((part1.1,part3.1)5:32196.7,part5.1)6:32175.3,((part1.2,part3.2)3:32247.1,part5.2)4:32220.8,part1.3,((part2.1,part2.2)7:32160.7,part5.3)9:32146.8,((part2.3,part4.3)1:32303.3,part3.3)8:32147.4,(part4.1,part4.2)2:32273.2)
Merging into 6 partitions...
Partition information was printed to 4_set41.best_scheme.nex
Partition information in Raxml format was printed to 4_set41.best_scheme

All model information printed to 4_set41.model.gz
CPU time for ModelFinder: 456.997 seconds (0h:7m:36s)
Wall-clock time for ModelFinder: 506.762 seconds (0h:8m:26s)
Generating 1000 samples for ultrafast bootstrap (seed: 141247)...

NOTE: 10 MB RAM (0 GB) is required!
Measuring multi-threading efficiency up to 8 CPU cores
Increase to 10 rounds for branch lengths
16 trees examined
Threads: 1 / Time: 8.435 sec / Speedup: 1.000 / Efficiency: 100% / LogL: -25549
Threads: 2 / Time: 20.973 sec / Speedup: 0.402 / Efficiency: 20% / LogL: -25549
BEST NUMBER OF THREADS: 1

Estimate model parameters (epsilon = 0.100)
Initial log-likelihood: -17092.370
Current log-likelihood at step 1: -15977.027
Current log-likelihood at step 2: -15915.164
Current log-likelihood at step 3: -15897.603
Current log-likelihood at step 4: -15879.922
Current log-likelihood at step 5: -15861.371
Current log-likelihood at step 6: -15841.386
Current log-likelihood at step 7: -15819.270
Current log-likelihood at step 8: -15794.049
Current log-likelihood at step 9: -15764.128
Current log-likelihood at step 10: -15722.224
Current log-likelihood at step 11: -15672.105
Current log-likelihood at step 12: -15670.592
Current log-likelihood at step 13: -15669.271
Current log-likelihood at step 14: -15668.123
Current log-likelihood at step 15: -15667.115
Current log-likelihood at step 16: -15666.229
Current log-likelihood at step 17: -15665.453
Current log-likelihood at step 18: -15664.755
Current log-likelihood at step 19: -15664.139
Current log-likelihood at step 20: -15663.595
Current log-likelihood at step 21: -15663.115
Current log-likelihood at step 22: -15662.691
Current log-likelihood at step 23: -15662.316
Current log-likelihood at step 24: -15661.965
Current log-likelihood at step 25: -15661.617
Current log-likelihood at step 26: -15661.292
Current log-likelihood at step 27: -15660.980
Current log-likelihood at step 28: -15660.680
Current log-likelihood at step 29: -15660.392
Current log-likelihood at step 30: -15660.116
Current log-likelihood at step 31: -15659.850
Current log-likelihood at step 32: -15659.595
Current log-likelihood at step 33: -15659.350
Current log-likelihood at step 34: -15659.114
Current log-likelihood at step 35: -15658.888
Current log-likelihood at step 36: -15658.668
Current log-likelihood at step 37: -15658.465
Current log-likelihood at step 38: -15658.297
Current log-likelihood at step 39: -15658.133
Current log-likelihood at step 40: -15657.975
Current log-likelihood at step 41: -15657.822
Current log-likelihood at step 42: -15657.674
Current log-likelihood at step 43: -15657.531
Current log-likelihood at step 44: -15657.392
Current log-likelihood at step 45: -15657.258
Current log-likelihood at step 46: -15657.129
Current log-likelihood at step 47: -15657.003
Current log-likelihood at step 48: -15656.881
Current log-likelihood at step 49: -15656.764
Current log-likelihood at step 50: -15656.647
Current log-likelihood at step 51: -15656.538
Current log-likelihood at step 52: -15656.431
Current log-likelihood at step 53: -15656.323
Current log-likelihood at step 54: -15656.223
Partition-specific rates:  0.211 0.146 2.429 1.323 1.939 0.470
Parameters optimization took 53 rounds (17.243 sec)

Computing ML distances based on estimated model parameters... 0.060 sec
Computing BIONJ tree...
0.005 seconds
Log-likelihood of BIONJ tree: -15661.451
--------------------------------------------------------------------
|             INITIALIZING CANDIDATE TREE SET                      |
--------------------------------------------------------------------
Generating 98 parsimony trees... 4.425 second
Computing log-likelihood of 98 initial trees ... 15.480 seconds
Current best score: -15651.364

Do NNI search on 20 best initial trees
Estimate model parameters (epsilon = 0.100)
Initial log-likelihood: -15651.339
Current log-likelihood at step 1: -15651.197
Current log-likelihood at step 2: -15651.103
Parameters optimization took 1 rounds (0.434 sec)

BETTER TREE FOUND at iteration 1: -15651.103
Estimate model parameters (epsilon = 0.100)
Initial log-likelihood: -15650.457
Current log-likelihood at step 1: -15650.261
Current log-likelihood at step 2: -15650.157
Current log-likelihood at step 3: -15650.054
Current log-likelihood at step 4: -15649.955
Parameters optimization took 3 rounds (1.062 sec)

BETTER TREE FOUND at iteration 2: -15649.955
UPDATE BEST LOG-LIKELIHOOD: -15649.952
Iteration 10 / LogL: -15650.774 / Time: 0h:1m:15s
Iteration 20 / LogL: -15650.775 / Time: 0h:1m:22s
Finish initializing candidate tree set (2)
Current best tree score: -15649.952 / CPU time: 35.181
Number of iterations: 20
--------------------------------------------------------------------
|               OPTIMIZING CANDIDATE TREE SET                      |
--------------------------------------------------------------------
UPDATE BEST LOG-LIKELIHOOD: -15649.949
UPDATE BEST LOG-LIKELIHOOD: -15649.949
Iteration 30 / LogL: -15649.949 / Time: 0h:1m:38s (0h:4m:3s left)
Iteration 40 / LogL: -15661.408 / Time: 0h:1m:53s (0h:2m:59s left)
Iteration 50 / LogL: -15661.409 / Time: 0h:2m:11s (0h:2m:19s left)
Log-likelihood cutoff on original alignment: -15691.834
Iteration 60 / LogL: -15649.955 / Time: 0h:2m:31s (0h:1m:48s left)
Iteration 70 / LogL: -15649.952 / Time: 0h:2m:50s (0h:1m:19s left)
Iteration 80 / LogL: -15649.951 / Time: 0h:3m:5s (0h:0m:51s left)
Iteration 90 / LogL: -15650.840 / Time: 0h:3m:29s (0h:0m:28s left)
Iteration 100 / LogL: -15649.957 / Time: 0h:3m:44s (0h:0m:4s left)
Log-likelihood cutoff on original alignment: -15684.365
NOTE: Bootstrap correlation coefficient of split occurrence frequencies: 0.995
TREE SEARCH COMPLETED AFTER 103 ITERATIONS / Time: 0h:3m:48s

--------------------------------------------------------------------
|                    FINALIZING TREE SEARCH                        |
--------------------------------------------------------------------
Performs final model parameters optimization
Estimate model parameters (epsilon = 0.010)
Initial log-likelihood: -15649.949
Current log-likelihood at step 1: -15649.832
Current log-likelihood at step 2: -15649.723
Current log-likelihood at step 3: -15649.617
Current log-likelihood at step 4: -15649.515
Current log-likelihood at step 5: -15649.417
Current log-likelihood at step 6: -15649.323
Current log-likelihood at step 7: -15649.233
Current log-likelihood at step 8: -15649.145
Current log-likelihood at step 9: -15649.061
Current log-likelihood at step 10: -15648.980
Current log-likelihood at step 11: -15648.902
Current log-likelihood at step 12: -15648.828
Current log-likelihood at step 13: -15648.754
Current log-likelihood at step 14: -15648.685
Current log-likelihood at step 15: -15648.618
Current log-likelihood at step 16: -15648.554
Current log-likelihood at step 17: -15648.491
Current log-likelihood at step 18: -15648.432
Current log-likelihood at step 19: -15648.374
Current log-likelihood at step 20: -15648.318
Current log-likelihood at step 21: -15648.264
Current log-likelihood at step 22: -15648.213
Current log-likelihood at step 23: -15648.163
Current log-likelihood at step 24: -15648.115
Current log-likelihood at step 25: -15648.069
Current log-likelihood at step 26: -15648.025
Current log-likelihood at step 27: -15647.982
Current log-likelihood at step 28: -15647.941
Current log-likelihood at step 29: -15647.901
Current log-likelihood at step 30: -15647.863
Current log-likelihood at step 31: -15647.826
Current log-likelihood at step 32: -15647.791
Current log-likelihood at step 33: -15647.757
Current log-likelihood at step 34: -15647.724
Current log-likelihood at step 35: -15647.692
Current log-likelihood at step 36: -15647.661
Current log-likelihood at step 37: -15647.632
Current log-likelihood at step 38: -15647.603
Current log-likelihood at step 39: -15647.576
Current log-likelihood at step 40: -15647.549
Current log-likelihood at step 41: -15647.524
Current log-likelihood at step 42: -15647.499
Current log-likelihood at step 43: -15647.476
Current log-likelihood at step 44: -15647.453
Current log-likelihood at step 45: -15647.431
Current log-likelihood at step 46: -15647.413
Current log-likelihood at step 47: -15647.396
Current log-likelihood at step 48: -15647.379
Current log-likelihood at step 49: -15647.363
Current log-likelihood at step 50: -15647.347
Current log-likelihood at step 51: -15647.332
Current log-likelihood at step 52: -15647.317
Current log-likelihood at step 53: -15647.302
Current log-likelihood at step 54: -15647.288
Current log-likelihood at step 55: -15647.274
Current log-likelihood at step 56: -15647.261
Current log-likelihood at step 57: -15647.248
Current log-likelihood at step 58: -15647.236
Current log-likelihood at step 59: -15647.224
Current log-likelihood at step 60: -15647.211
Current log-likelihood at step 61: -15647.200
Current log-likelihood at step 62: -15647.189
Current log-likelihood at step 63: -15647.177
Current log-likelihood at step 64: -15647.167
Current log-likelihood at step 65: -15647.157
Current log-likelihood at step 66: -15647.147
Partition-specific rates:  0.213 0.099 2.452 1.340 1.953 0.474
Parameters optimization took 65 rounds (20.559 sec)

BEST SCORE FOUND : -15647.147
Creating bootstrap support values...
Split supports printed to NEXUS file 4_set41.splits.nex
Total tree length: 0.794

Total number of iterations: 103
CPU time used for tree search: 56.668 sec (0h:0m:56s)
Wall-clock time used for tree search: 181.455 sec (0h:3m:1s)
Total CPU time used: 75.281 sec (0h:1m:15s)
Total wall-clock time used: 250.232 sec (0h:4m:10s)

Computing bootstrap consensus tree...
Reading input file 4_set41.splits.nex...
35 taxa and 126 splits.
Consensus tree written to 4_set41.contree
Reading input trees file 4_set41.contree
Log-likelihood of consensus tree: -15647.147

Analysis results written to: 
  IQ-TREE report:                4_set41.iqtree
  Maximum-likelihood tree:       4_set41.treefile
  Likelihood distances:          4_set41.mldist
  Best partitioning scheme:      4_set41.best_scheme.nex
           in RAxML format:      4_set41.best_scheme

Ultrafast bootstrap approximation results written to:
  Split support values:          4_set41.splits.nex
  Consensus tree:                4_set41.contree
  Screen log file:               4_set41.log

Date and Time: Thu Sep  6 20:21:44 2018
