IQ-TREE multicore version 1.6.7 for Mac OS X 64-bit built Aug 23 2018
Developed by Bui Quang Minh, Nguyen Lam Tung, Olga Chernomor,
Heiko Schmidt, Dominik Schrempf, Michael Woodhams.

Host:    meeps-mac-pro.staff.sydney.edu.au (AVX, 64 GB RAM)
Command: /Users/davidduchene/Desktop/Software/iqtree-1.6.7-MacOSX/bin/iqtree -s ../../../../marsupials/set105.fasta -m TESTMERGE -bb 1000 -q ../../../../marsupials/set105.nex -nt AUTO -pre 2_set105
Seed:    434967 (Using SPRNG - Scalable Parallel Random Number Generator)
Time:    Fri Sep  7 05:35:28 2018
Kernel:  AVX - auto-detect threads (8 CPU cores detected)

Reading partition model file ../../../../marsupials/set105.nex ...
Reading alignment file ../../../../marsupials/set105.fasta ... Fasta format detected
Alignment most likely contains DNA/RNA sequences
Alignment has 35 sequences with 1944 columns, 743 distinct patterns
451 parsimony-informative, 316 singleton sites, 1177 constant sites
                                              Gap/Ambiguity  Composition  p-value
   1  Burramyidae_Burramys_parvus                     0.57%    passed     99.96%
   2  Notoryctidae_Notoryctes_typhlops                7.87%    passed     85.04%
   3  Vombatidae_Lasiorhinus_latifrons                1.39%    passed     56.91%
   4  Potoroidae_Bettongia_penicillata                0.67%    passed     88.78%
   5  Potoroidae_Bettongia_lesueur                    0.10%    passed     92.31%
   6  Dasyuridae_Dasyurus_maculatus                   0.10%    passed     93.91%
   7  Phalangeridae_Trichosurus_vulpecula             0.67%    passed     95.04%
   8  Phalangeridae_Spilocuscus_maculatus             1.90%    passed     99.32%
   9  Potoroidae_Aepyprymnus_rufescens                0.05%    passed     90.67%
  10  Peramelidae_Perameles_nasuta                    3.65%    passed     97.22%
  11  Phalangeridae_Strigocuscus_pelengensis          1.70%    passed     90.97%
  12  Dasyuridae_Phascogale_tapoatafa                 0.10%    passed     67.56%
  13  Dasyuridae_Sminthopsis_macroura                 0.10%    passed     78.41%
  14  Phalangeridae_Phalanger_orientalis              1.39%    passed     97.23%
  15  Acrobatidae_Acrobates_pygmaeus                  7.36%    passed     82.34%
  16  Dasyuridae_Phascogale_calura                    0.15%    passed     78.62%
  17  Dasyuridae_Sarcophilus_harrisii                 0.05%    passed     77.57%
  18  Dasyuridae_Planigale_tenuirostris               7.87%    passed     77.59%
  19  Peramelidae_Echymipera_kalubu                   1.90%    passed     99.47%
  20  Macropodidae_Dorcopsulus_vanheurni              0.93%    passed     99.22%
  21  Pseudochiridae_Pseudochirulus_forbesi           0.05%    passed     92.37%
  22  Didelphidae_Didelphis_virginiana                0.87%    passed     91.16%
  23  Marmosidae_Monodelphis_domestica                0.26%    passed     94.00%
  24  Dasyuridae_Antechinus_stuartii                  1.70%    passed     71.91%
  25  Hypsiprymnodontidae_Hypsiprymnodon_moschatus    0.46%    passed     86.95%
  26  Microbiotheriidae_Dromiciops_gliroides          1.85%    passed     79.89%
  27  Pseudochiridae_Petauroides_volans               2.31%    passed     93.48%
  28  Macropodidae_Wallabia_bicolor                   0.10%    passed     95.66%
  29  Pseudochiridae_Pseudocheirus_occidentalis       3.19%    passed     98.95%
  30  Tarsipedidae_Tarsipes_rostratus                 0.46%    passed     96.05%
  31  Acrobatidae_Distoechurus_pennatus               0.10%    passed     99.71%
  32  Phalangeridae_Phalanger_carmelitae              0.31%    passed     99.69%
  33  Peramelidae_Peroryctes_raffrayana               2.37%    passed     98.80%
  34  Dasyuridae_Dasyurus_geffroii                    1.75%    passed     82.24%
  35  Peramelidae_Perameles_gunnii                    0.31%    passed     97.14%
****  TOTAL                                           1.56%  0 sequences failed composition chi2 test (p-value<5%; df=3)
NOTE: No CharPartition defined, use all CharSets

Loading 15 partitions...
Subset	Type	Seqs	Sites	Infor	Invar	Model	Name
1		35	206	9	193	TESTMERGE	part1.1
2		35	206	1	205	TESTMERGE	part1.2
3		35	206	52	119	TESTMERGE	part1.3
4		35	64	23	24	TESTMERGE	part2.1
5		35	64	18	29	TESTMERGE	part2.2
6		35	64	32	17	TESTMERGE	part2.3
7		35	97	21	50	TESTMERGE	part3.1
8		35	97	16	56	TESTMERGE	part3.2
9		35	97	59	15	TESTMERGE	part3.3
10		35	195	26	136	TESTMERGE	part4.1
11		35	195	24	136	TESTMERGE	part4.2
12		35	195	88	55	TESTMERGE	part4.3
13		35	86	21	54	TESTMERGE	part5.1
14		35	86	10	69	TESTMERGE	part5.2
15		35	86	51	19	TESTMERGE	part5.3
Degree of missing data: 0.000
Info: multi-threading strategy over partitions



Create initial parsimony tree by phylogenetic likelihood library (PLL)... 0.007 seconds
NOTE: ModelFinder requires 8 MB RAM!
NUMBER OF THREADS FOR PARTITION FINDING: 8
Testing GTR+F+G on supermatrix...
GTR+F+G4 / LnL: -11035.369 / df: 76 / AIC: 22222.739 / AICc: 22229.007 / BIC: 22646.249
Selecting individual models for 15 charsets using BIC...
 No. Model        Score       Charset
   1 TIM2e+G4     1843.575    part5.3
   2 HKY+F+G4     1561.717    part4.2
   3 K2P+G4       980.981     part3.2
   4 K2P+G4       2432.361    part3.3
   5 TIM2e+G4     1615.149    part4.1
   6 TIM2e+G4     3244.422    part4.3
   7 K2P+G4       1373.099    part2.3
   8 K2P+G4       1089.011    part3.1
   9 HKY+F+G4     2423.474    part1.3
  10 TIM3e+G4     1164.536    part2.1	0h:0m:11s (0h:3m:59s left)
  11 K2P+G4       980.701     part5.1	0h:0m:13s (0h:4m:4s left)
  12 HKY+F+G4     883.266     part2.2	0h:0m:14s (0h:4m:4s left)
  13 F81+F+I+G4   599.995     part1.2	0h:0m:15s (0h:3m:53s left)
  14 TIM2e+G4     738.999     part5.2	0h:0m:17s (0h:4m:1s left)
  15 TIM2e+I+G4   855.234     part1.1	0h:0m:17s (0h:3m:48s left)
Full partition model BIC score: 22444.159 (LnL: -10760.157  df:122)
Merging models to increase model fit (about 211 total partition schemes)...
  16 K2P+G4       22437.659   part4.2+part4.3	0h:0m:22s (0h:4m:39s left)
  17 TIM2e+G4     22431.093   part3.1+part4.3	0h:0m:24s (0h:4m:40s left)
  18 K3P+G4       22432.587   part3.2+part4.3	0h:0m:24s (0h:4m:23s left)
  19 HKY+F+I+G4   22435.508   part1.3+part3.3	0h:0m:24s (0h:4m:10s left)
  20 K2P+G4       22460.404   part3.3+part4.3	0h:0m:26s (0h:4m:10s left)
  21 TPM2u+F+G4   22427.169   part4.3+part5.3	0h:0m:26s (0h:3m:58s left)
  22 TVMe+G4      22437.004   part4.1+part4.3	0h:0m:27s (0h:3m:58s left)
  23 TPM2u+F+G4   22431.122   part1.3+part4.3	0h:0m:29s (0h:4m:4s left)
  24 TIM2e+G4     22442.109   part2.3+part4.3	0h:0m:30s (0h:3m:58s left)
  25 TIM2e+G4     22446.069   part4.3+part5.1	0h:0m:31s (0h:3m:54s left)
  26 TIM2e+G4     22472.481   part4.3+part5.2	0h:0m:32s (0h:3m:51s left)
  27 TVMe+G4      22436.367   part2.1+part4.3	0h:0m:32s (0h:3m:42s left)
  28 HKY+F+G4     22412.826   part1.3+part5.3	0h:0m:33s (0h:3m:36s left)
  29 TPM2u+F+G4   22430.900   part2.2+part4.3	0h:0m:33s (0h:3m:31s left)
  30 HKY+F+G4     22444.618   part1.3+part3.1	0h:0m:36s (0h:3m:37s left)
  31 TNe+I+G4     22442.686   part3.3+part5.3	0h:0m:36s (0h:3m:33s left)
  32 TIM2e+G4     22442.159   part1.3+part4.1	0h:0m:39s (0h:3m:41s left)
  33 TIM2e+G4     22568.866   part1.1+part4.3	0h:0m:40s (0h:3m:38s left)
  34 HKY+F+G4     22424.747   part1.3+part3.2	0h:0m:41s (0h:3m:38s left)
  35 K2P+G4       22435.948   part3.1+part3.3	0h:0m:42s (0h:3m:32s left)
  36 K2P+I+G4     22437.847   part3.2+part3.3	0h:0m:42s (0h:3m:26s left)
  37 K3P+I+G4     22440.674   part3.3+part4.1	0h:0m:43s (0h:3m:24s left)
  38 HKY+F+G4     22437.850   part1.3+part4.2	0h:0m:43s (0h:3m:18s left)
  39 TPM3u+F+G4   22434.471   part1.3+part2.3	0h:0m:45s (0h:3m:18s left)
  40 K2P+I+G4     22428.127   part3.3+part4.2	0h:0m:50s (0h:3m:37s left)
  41 TIM2e+G4     22435.584   part3.1+part5.3	0h:0m:55s (0h:3m:51s left)
  42 TNe+G4       22442.202   part1.3+part5.1	0h:0m:56s (0h:3m:46s left)
  43 K2P+I+G4     22442.468   part2.3+part3.3	0h:0m:57s (0h:3m:43s left)
  44 TPM2u+F+G4   22671.800   part1.2+part4.3	0h:0m:57s (0h:3m:38s left)
  45 TPM3u+F+G4   22429.273   part1.3+part2.1	0h:0m:58s (0h:3m:34s left)
  46 K2P+I+G4     22432.572   part3.3+part5.1	0h:0m:59s (0h:3m:34s left)
  47 TPM3u+F+G4   22414.809   part1.3+part2.2	0h:1m:1s (0h:3m:36s left)
  48 HKY+F+G4     22449.337   part1.3+part5.2	0h:1m:7s (0h:3m:49s left)
  49 HKY+F+G4     22421.082   part3.2+part5.3	0h:1m:11s (0h:3m:55s left)
  50 K2P+I+G4     22436.388   part2.1+part3.3	0h:1m:12s (0h:3m:54s left)
  51 K2P+I+G4     22436.003   part2.2+part3.3	0h:1m:13s (0h:3m:49s left)
  52 TIM2e+G4     22417.303   part4.1+part5.3	0h:1m:13s (0h:3m:44s left)
  53 TN+F+G4      22426.883   part4.2+part5.3	0h:1m:13s (0h:3m:39s left)
  54 K2P+I+G4     22439.848   part3.3+part5.2	0h:1m:17s (0h:3m:45s left)
  55 HKY+F+G4     22430.549   part2.3+part5.3	0h:1m:20s (0h:3m:47s left)
  56 K2P+G4       22430.949   part3.1+part3.2	0h:1m:21s (0h:3m:45s left)
  57 TIM2e+G4     22431.407   part5.1+part5.3	0h:1m:22s (0h:3m:42s left)
  58 TIM2e+G4     22441.237   part3.1+part4.1	0h:1m:24s (0h:3m:42s left)
  59 HKY+F+G4     22432.224   part3.1+part4.2	0h:1m:25s (0h:3m:39s left)
  60 TVMe+G4      22431.030   part2.1+part5.3	0h:1m:25s (0h:3m:34s left)
  61 K3P+G4       22434.394   part3.2+part4.1	0h:1m:26s (0h:3m:31s left)
  62 TNe+I+G4     22528.393   part1.1+part1.3	0h:1m:26s (0h:3m:27s left)
  63 K2P+G4       22424.634   part3.2+part4.2	0h:1m:30s (0h:3m:32s left)
  64 K2P+G4       22435.925   part2.3+part3.1	0h:1m:32s (0h:3m:32s left)
  65 TN+F+G4      22433.692   part4.1+part4.2	0h:1m:34s (0h:3m:31s left)
  66 HKY+F+G4     22406.648   part2.2+part5.3	0h:1m:34s (0h:3m:28s left)
  67 K2P+G4       22436.704   part3.1+part5.1	0h:1m:36s (0h:3m:27s left)
  68 TPM2u+F+G4   22450.742   part5.2+part5.3	0h:1m:36s (0h:3m:23s left)
  69 K2P+I+G4     22483.955   part1.1+part3.3	0h:1m:37s (0h:3m:21s left)
  70 K2P+G4       22431.612   part2.1+part3.1	0h:1m:38s (0h:3m:18s left)
  71 TIM2e+G4     22435.915   part2.3+part4.1	0h:1m:38s (0h:3m:14s left)
  72 K2P+G4       22430.183   part2.3+part3.2	0h:1m:38s (0h:3m:10s left)
  73 K2P+G4       22423.896   part2.3+part4.2	0h:1m:40s (0h:3m:10s left)
  74 K2P+G4       22431.868   part3.2+part5.1	0h:1m:41s (0h:3m:7s left)
  75 K2P+G4       22425.792   part2.1+part3.2	0h:1m:42s (0h:3m:6s left)
  76 K2P+G4       22423.858   part4.2+part5.1	0h:1m:43s (0h:3m:3s left)
  77 TIM2+F+G4    22439.754   part4.1+part5.1	0h:1m:43s (0h:3m:0s left)
  78 TN+F+I+G4    22583.402   part1.2+part1.3	0h:1m:43s (0h:2m:56s left)
  79 K2P+G4       22430.367   part2.2+part3.1	0h:1m:43s (0h:2m:53s left)
  80 TIM2e+G4     22433.106   part2.1+part4.1	0h:1m:44s (0h:2m:51s left)
  81 HKY+F+G4     22420.060   part2.1+part4.2	0h:1m:46s (0h:2m:51s left)
  82 TIM2e+G4     22458.624   part3.1+part5.2	0h:1m:48s (0h:2m:50s left)
  83 K2P+G4       22452.622   part3.2+part5.2	0h:1m:50s (0h:2m:50s left)
  84 K2P+G4       22429.918   part2.3+part5.1	0h:1m:50s (0h:2m:46s left)
  85 TIM2e+G4     22439.253   part4.1+part5.2	0h:1m:52s (0h:2m:46s left)
  86 TIM2e+G4     22438.600   part2.2+part4.1	0h:1m:52s (0h:2m:43s left)
  87 HKY+F+G4     22423.184   part2.2+part3.2	0h:1m:52s (0h:2m:40s left)
  88 K2P+I+G4     22560.065   part1.2+part3.3	0h:1m:53s (0h:2m:38s left)
  89 K2P+G4       22424.505   part2.1+part2.3	0h:1m:54s (0h:2m:37s left)
  90 HKY+F+G4     22421.084   part2.2+part4.2	0h:1m:55s (0h:2m:35s left)
  91 K2P+G4       22447.068   part2.3+part5.2	0h:1m:57s (0h:2m:34s left)
  92 TIM3e+G4     22430.163   part2.1+part5.1	0h:1m:58s (0h:2m:33s left)
  93 TNe+G4       22440.161   part4.2+part5.2	0h:1m:59s (0h:2m:31s left)
  94 TIM2e+I+G4   22506.265   part1.1+part5.3	0h:1m:59s (0h:2m:28s left)
  95 HKY+F+G4     22433.099   part2.2+part2.3	0h:1m:59s (0h:2m:26s left)
  96 K2P+G4       22430.477   part2.2+part5.1	0h:2m:1s (0h:2m:25s left)
  97 K2P+I+G4     22520.051   part1.1+part3.1	0h:2m:3s (0h:2m:24s left)
  98 K2P+G4       22439.975   part5.1+part5.2	0h:2m:3s (0h:2m:22s left)
  99 TPM3u+F+G4   22420.629   part2.1+part2.2	0h:2m:3s (0h:2m:19s left)
 100 TIM2e+G4     22441.924   part2.1+part5.2	0h:2m:3s (0h:2m:17s left)
 101 TIM2+F+I+G4  22581.307   part1.2+part5.3	0h:2m:6s (0h:2m:17s left)
 102 K2P+I+G4     22493.134   part1.1+part4.2	0h:2m:8s (0h:2m:17s left)
 103 K2P+I+G4     22503.471   part1.1+part3.2	0h:2m:9s (0h:2m:16s left)
 104 K2P+I+G4     22506.964   part1.1+part2.3	0h:2m:9s (0h:2m:13s left)
 105 TN+F+G4      22450.888   part2.2+part5.2	0h:2m:10s (0h:2m:11s left)
 106 TIM2e+I+G4   22486.360   part1.1+part4.1	0h:2m:10s (0h:2m:9s left)
 107 TNe+I+G4     22597.778   part1.2+part3.1	0h:2m:16s (0h:2m:12s left)
 108 TIM2e+I+G4   22568.536   part1.2+part4.1	0h:2m:16s (0h:2m:10s left)
 109 HKY+F+I+G4   22569.909   part1.2+part3.2	0h:2m:16s (0h:2m:7s left)
 110 K2P+I+G4     22492.859   part1.1+part2.1	0h:2m:16s (0h:2m:5s left)
 111 K2P+I+G4     22499.175   part1.1+part2.2	0h:2m:18s (0h:2m:5s left)
 112 K2P+I+G4     22479.476   part1.1+part5.1	0h:2m:18s (0h:2m:2s left)
 113 K2P+I+G4     22582.419   part1.2+part2.3	0h:2m:19s (0h:2m:0s left)
 114 TNe+I+G4     22561.331   part1.2+part4.2	0h:2m:22s (0h:2m:1s left)
 115 K2P+I+G4     22538.895   part1.2+part5.1	0h:2m:23s (0h:1m:59s left)
 116 TPM3u+F+I+G4 22567.129   part1.2+part2.1	0h:2m:25s (0h:1m:59s left)
 117 TPM3u+F+I+G4 22563.255   part1.2+part2.2	0h:2m:25s (0h:1m:57s left)
 118 K2P+I+G4     22435.021   part1.1+part1.2	0h:2m:27s (0h:1m:56s left)
 119 TIM2e+I+G4   22442.346   part1.1+part5.2	0h:2m:27s (0h:1m:54s left)
 120 HKY+F+I+G4   22478.902   part1.2+part5.2	0h:2m:28s (0h:1m:52s left)
Merging part2.2+part5.3 with BIC score: 22406.648 (LnL: -10756.546  df: 118)
 121 HKY+F+G4     22413.732   part2.2+part3.1+part5.3	0h:2m:34s (0h:1m:54s left)
 122 HKY+F+G4     22393.709   part2.2+part2.3+part5.3	0h:2m:35s (0h:1m:53s left)
 123 TIM2e+G4     22408.559   part2.2+part4.1+part5.3	0h:2m:35s (0h:1m:51s left)
 124 HKY+F+I+G4   22428.650   part2.2+part3.3+part5.3	0h:2m:36s (0h:1m:49s left)
 125 HKY+F+G4     22382.956   part2.2+part3.2+part5.3	0h:2m:36s (0h:1m:47s left)
 126 HKY+F+G4     22393.523   part2.2+part4.2+part5.3	0h:2m:38s (0h:1m:46s left)
 127 TPM3u+F+G4   22377.993   part1.3+part2.2+part5.3	0h:2m:39s (0h:1m:45s left)
 128 TPM2u+F+G4   22397.656   part2.2+part4.3+part5.3	0h:2m:41s (0h:1m:44s left)
 129 HKY+F+G4     22421.251   part2.2+part5.2+part5.3	0h:2m:42s (0h:1m:43s left)
 130 TN+F+G4      22422.267   part2.2+part5.1+part5.3	0h:2m:42s (0h:1m:41s left)
 131 TIM2e+I+G4   22510.129   part1.1+part2.2+part5.3	0h:2m:43s (0h:1m:39s left)
 132 TPM3u+F+G4   22391.396   part2.1+part2.2+part5.3	0h:2m:44s (0h:1m:38s left)
 133 TIM3+F+I+G4  22573.808   part1.2+part2.2+part5.3	0h:2m:44s (0h:1m:36s left)
Merging part1.3+part2.2+part5.3 with BIC score: 22377.993 (LnL: -10757.364  df: 114)
 134 HKY+F+G4     22390.690   part1.3+part2.2+part5.2+part5.3	0h:2m:52s (0h:1m:38s left)
 135 TIM2+F+G4    22405.555   part1.3+part2.2+part4.1+part5.3	0h:2m:54s (0h:1m:37s left)
 136 TIM3+F+G4    22387.282   part1.3+part2.2+part5.1+part5.3	0h:2m:54s (0h:1m:36s left)
 137 HKY+F+G4     22383.852   part1.3+part2.2+part3.1+part5.3	0h:2m:57s (0h:1m:35s left)
 138 HKY+F+G4     22354.873   part1.3+part2.2+part3.2+part5.3	0h:2m:57s (0h:1m:33s left)
 139 HKY+F+G4     22374.062   part1.3+part2.2+part4.2+part5.3	0h:2m:57s (0h:1m:31s left)
 140 HKY+F+G4     22380.730   part1.3+part2.2+part3.3+part5.3	0h:2m:58s (0h:1m:30s left)
 141 TPM2u+F+G4   22368.314   part1.3+part2.2+part4.3+part5.3	0h:3m:1s (0h:1m:30s left)
 142 TIM2+F+I+G4  22511.586   part1.1+part1.3+part2.2+part5.3	0h:3m:2s (0h:1m:28s left)
 143 TPM3u+F+G4   22359.227   part1.3+part2.1+part2.2+part5.3	0h:3m:4s (0h:1m:27s left)
 144 TPM3u+F+G4   22362.326   part1.3+part2.2+part2.3+part5.3	0h:3m:5s (0h:1m:26s left)
 145 TIM3+F+I+G4  22550.756   part1.2+part1.3+part2.2+part5.3	0h:3m:5s (0h:1m:24s left)
Merging part2.1+part4.2 with BIC score: 22353.894 (LnL: -10760.459  df: 110)
 146 TNe+G4       22359.256   part2.1+part4.2+part5.2	0h:3m:9s (0h:1m:24s left)
 147 HKY+F+G4     22343.354   part2.1+part4.2+part5.1	0h:3m:9s (0h:1m:22s left)
 148 HKY+F+G4     22339.401   part2.1+part3.2+part4.2	0h:3m:9s (0h:1m:20s left)
 149 HKY+F+G4     22344.058   part2.1+part3.1+part4.2	0h:3m:10s (0h:1m:19s left)
 150 K2P+I+G4     22350.382   part2.1+part3.3+part4.2	0h:3m:11s (0h:1m:17s left)
 151 HKY+F+G4     22346.934   part2.1+part4.1+part4.2	0h:3m:12s (0h:1m:16s left)
 152 K2P+G4       22358.415   part2.1+part4.2+part4.3	0h:3m:12s (0h:1m:14s left)
 153 K2P+I+G4     22425.385   part1.1+part2.1+part4.2	0h:3m:15s (0h:1m:14s left)
 154 K2P+G4       22338.413   part2.1+part2.3+part4.2	0h:3m:15s (0h:1m:12s left)
 155 K2P+I+G4     22507.459   part1.2+part2.1+part4.2	0h:3m:16s (0h:1m:10s left)
 156 TPM3+F+G4    22358.466   part1.3+part2.1+part2.2+part4.2+part5.3	0h:3m:16s (0h:1m:9s left)
Merging part1.3+part2.2+part3.2+part5.3 with BIC score: 22330.774 (LnL: -10760.258  df: 107)
 157 TIM2+F+G4    22359.085   part1.3+part2.2+part3.2+part4.1+part5.3	0h:3m:26s (0h:1m:11s left)
 158 HKY+F+G4     22344.455   part1.3+part2.2+part3.2+part5.2+part5.3	0h:3m:27s (0h:1m:9s left)
 159 TIM3+F+G4    22338.728   part1.3+part2.2+part3.2+part5.1+part5.3	0h:3m:27s (0h:1m:7s left)
 160 HKY+F+G4     22333.933   part1.3+part2.2+part3.1+part3.2+part5.3	0h:3m:28s (0h:1m:6s left)
 161 TPM3u+F+G4   22316.879   part1.3+part2.2+part2.3+part3.2+part5.3	0h:3m:29s (0h:1m:4s left)
 162 HKY+F+G4     22334.410   part1.3+part2.2+part3.2+part3.3+part5.3	0h:3m:29s (0h:1m:3s left)
 163 HKY+F+G4     22332.341   part1.3+part2.1+part2.2+part3.2+part4.2+part5.3	0h:3m:30s (0h:1m:1s left)
 164 TPM3u+F+G4   22320.563   part1.3+part2.2+part3.2+part4.3+part5.3	0h:3m:32s (0h:1m:0s left)
 165 TN+F+G4      22467.993   part1.1+part1.3+part2.2+part3.2+part5.3	0h:3m:33s (0h:0m:59s left)
 166 TIM3+F+G4    22512.854   part1.2+part1.3+part2.2+part3.2+part5.3	0h:3m:34s (0h:0m:58s left)
Merging part2.1+part2.3+part4.2 with BIC score: 22315.293 (LnL: -10771.449  df: 102)
 167 K2P+G4       22323.313   part2.1+part2.3+part4.2+part5.2	0h:3m:39s (0h:0m:57s left)
 168 K2P+I+G4     22397.976   part1.1+part2.1+part2.3+part4.2	0h:3m:40s (0h:0m:56s left)
 169 K2P+G4       22301.088   part2.1+part2.3+part4.2+part5.1	0h:3m:41s (0h:0m:55s left)
 170 K2P+G4       22309.061   part2.1+part2.3+part3.1+part4.2	0h:3m:42s (0h:0m:53s left)
 171 K2P+I+G4     22317.281   part2.1+part2.3+part3.3+part4.2	0h:3m:42s (0h:0m:52s left)
 172 K2P+G4       22324.339   part2.1+part2.3+part4.2+part4.3	0h:3m:43s (0h:0m:50s left)
 173 K2P+G4       22306.946   part2.1+part2.3+part4.1+part4.2	0h:3m:44s (0h:0m:49s left)
 174 K2P+I+G4     22486.579   part1.2+part2.1+part2.3+part4.2	0h:3m:46s (0h:0m:48s left)
 175 TPM3u+F+G4   22317.249   part1.3+part2.1+part2.2+part2.3+part3.2+part4.2+part5.3	0h:3m:48s (0h:0m:47s left)
Merging part2.1+part2.3+part4.2+part5.1 with BIC score: 22301.088 (LnL: -10771.919  df: 100)
 176 K2P+G4       22308.176   part2.1+part2.3+part4.2+part5.1+part5.2	0h:3m:53s (0h:0m:46s left)
 177 K2P+I+G4     22383.033   part1.1+part2.1+part2.3+part4.2+part5.1	0h:3m:54s (0h:0m:45s left)
 178 K2P+I+G4     22472.896   part1.2+part2.1+part2.3+part4.2+part5.1	0h:3m:55s (0h:0m:43s left)
 179 K2P+G4       22295.830   part2.1+part2.3+part3.1+part4.2+part5.1	0h:3m:56s (0h:0m:42s left)
 180 K2P+G4       22314.822   part2.1+part2.3+part4.2+part4.3+part5.1	0h:3m:56s (0h:0m:40s left)
 181 K2P+I+G4     22302.385   part2.1+part2.3+part3.3+part4.2+part5.1	0h:3m:56s (0h:0m:39s left)
 182 K2P+G4       22292.400   part2.1+part2.3+part4.1+part4.2+part5.1	0h:3m:57s (0h:0m:37s left)
 183 TIM3+F+G4    22314.807   part1.3+part2.1+part2.2+part2.3+part3.2+part4.2+part5.1+part5.3	0h:4m:1s (0h:0m:36s left)
Merging part3.1+part4.3 with BIC score: 22288.022 (LnL: -10772.958  df: 98)
 184 TIM2e+G4     22315.787   part3.1+part4.3+part5.2	0h:4m:9s (0h:0m:36s left)
 185 TIM2e+G4     22416.200   part1.1+part3.1+part4.3	0h:4m:9s (0h:0m:35s left)
 186 TPM2u+F+G4   22527.828   part1.2+part3.1+part4.3	0h:4m:11s (0h:0m:33s left)
 187 K2P+G4       22302.794   part3.1+part3.3+part4.3	0h:4m:13s (0h:0m:32s left)
 188 K2P+G4       22304.084   part2.1+part2.3+part3.1+part4.2+part4.3+part5.1	0h:4m:14s (0h:0m:31s left)
 189 TIM2e+G4     22281.095   part3.1+part4.1+part4.3	0h:4m:15s (0h:0m:29s left)
 190 TPM2u+F+G4   22292.106   part1.3+part2.2+part3.1+part3.2+part4.3+part5.3	0h:4m:18s (0h:0m:28s left)
Merging part1.1+part1.2 with BIC score: 22278.884 (LnL: -10794.893  df: 91)
 191 K2P+I+G4     22411.892   part1.1+part1.2+part3.3	0h:4m:24s (0h:0m:27s left)
 192 K2P+I+G4     22502.893   part1.1+part1.2+part2.1+part2.3+part4.2+part5.1	0h:4m:26s (0h:0m:26s left)
 193 TIM2e+I+G4   22308.728   part1.1+part1.2+part5.2	0h:4m:27s (0h:0m:24s left)
 194 TIM2e+G4     22601.234   part1.1+part1.2+part3.1+part4.3	0h:4m:27s (0h:0m:23s left)
 195 TIM3+F+I+G4  22563.750   part1.1+part1.2+part1.3+part2.2+part3.2+part5.3	0h:4m:27s (0h:0m:21s left)
 196 SYM+I+G4     22409.154   part1.1+part1.2+part4.1	0h:4m:27s (0h:0m:20s left)
Merging part2.1+part2.3+part4.1+part4.2+part5.1 with BIC score: 22270.196 (LnL: -10805.694  df: 87)
 197 K2P+I+G4     22503.893   part1.1+part1.2+part2.1+part2.3+part4.1+part4.2+part5.1	0h:4m:33s (0h:0m:19s left)
 198 K2P+G4       22276.884   part2.1+part2.3+part4.1+part4.2+part5.1+part5.2	0h:4m:34s (0h:0m:18s left)
 199 K2P+I+G4     22271.124   part2.1+part2.3+part3.3+part4.1+part4.2+part5.1	0h:4m:36s (0h:0m:16s left)
 200 TN+F+G4      22297.137   part1.3+part2.1+part2.2+part2.3+part3.2+part4.1+part4.2+part5.1+part5.3	0h:4m:38s (0h:0m:15s left)
 201 TVMe+G4      22285.029   part2.1+part2.3+part3.1+part4.1+part4.2+part4.3+part5.1	0h:4m:39s (0h:0m:13s left)
Merging part3.3+part5.2 with BIC score: 22265.886 (LnL: -10814.898  df: 84)
 202 K2P+I+G4     22389.321   part1.1+part1.2+part3.3+part5.2	0h:4m:44s (0h:0m:12s left)
 203 TIM2e+G4     22312.857   part3.1+part3.3+part4.3+part5.2	0h:4m:46s (0h:0m:11s left)
 204 K2P+I+G4     22273.942   part2.1+part2.3+part3.3+part4.1+part4.2+part5.1+part5.2	0h:4m:47s (0h:0m:9s left)
 205 HKY+F+I+G4   22284.737   part1.3+part2.2+part3.2+part3.3+part5.2+part5.3	0h:4m:48s (0h:0m:8s left)
BEST-FIT PARTITION MODEL: 
  charpartition BIC = K2P+I+G4: part1.1 part1.2, HKY+F+G4: part1.3 part2.2 part3.2 part5.3, K2P+G4: part2.1 part2.3 part4.1 part4.2 part5.1, TIM2e+G4: part3.1 part4.3, K2P+I+G4: part3.3 part5.2;
Agglomerative model selection: ((part1.1,part1.2)8:22278.9,((part1.3,(part2.2,part5.3)1:22406.6)2:22378,part3.2)4:22330.8,((((part2.1,part4.2)3:22353.9,part2.3)5:22315.3,part5.1)6:22301.1,part4.1)9:22270.2,(part3.1,part4.3)7:22288,(part3.3,part5.2)10:22265.9)
Merging into 5 partitions...
Partition information was printed to 2_set105.best_scheme.nex
Partition information in Raxml format was printed to 2_set105.best_scheme

All model information printed to 2_set105.model.gz
CPU time for ModelFinder: 268.982 seconds (0h:4m:28s)
Wall-clock time for ModelFinder: 289.691 seconds (0h:4m:49s)
Generating 1000 samples for ultrafast bootstrap (seed: 434967)...

NOTE: 7 MB RAM (0 GB) is required!
Measuring multi-threading efficiency up to 8 CPU cores
Increase to 10 rounds for branch lengths
21 trees examined
Threads: 1 / Time: 8.275 sec / Speedup: 1.000 / Efficiency: 100% / LogL: -15650
Threads: 2 / Time: 20.498 sec / Speedup: 0.404 / Efficiency: 20% / LogL: -15650
BEST NUMBER OF THREADS: 1

Estimate model parameters (epsilon = 0.100)
Initial log-likelihood: -11474.900
Current log-likelihood at step 1: -11034.428
Current log-likelihood at step 2: -11000.759
Current log-likelihood at step 3: -10960.081
Current log-likelihood at step 4: -10925.063
Current log-likelihood at step 5: -10919.130
Current log-likelihood at step 6: -10912.647
Current log-likelihood at step 7: -10905.500
Current log-likelihood at step 8: -10897.541
Current log-likelihood at step 9: -10888.579
Current log-likelihood at step 10: -10878.353
Current log-likelihood at step 11: -10866.507
Current log-likelihood at step 12: -10852.567
Current log-likelihood at step 13: -10836.003
Current log-likelihood at step 14: -10816.863
Current log-likelihood at step 15: -10797.903
Current log-likelihood at step 16: -10797.895
Parameters optimization took 15 rounds (2.973 sec)

Computing ML distances based on estimated model parameters... 0.053 sec
Computing BIONJ tree...
0.011 seconds
Log-likelihood of BIONJ tree: -10831.154
--------------------------------------------------------------------
|             INITIALIZING CANDIDATE TREE SET                      |
--------------------------------------------------------------------
Generating 98 parsimony trees... 3.759 second
Computing log-likelihood of 98 initial trees ... 12.802 seconds
Current best score: -10796.736

Do NNI search on 20 best initial trees
Estimate model parameters (epsilon = 0.100)
Initial log-likelihood: -10789.906
Current log-likelihood at step 1: -10789.867
Parameters optimization took 0 rounds (0.176 sec)

BETTER TREE FOUND at iteration 1: -10789.867
Iteration 10 / LogL: -10789.867 / Time: 0h:0m:59s
UPDATE BEST LOG-LIKELIHOOD: -10789.867
Iteration 20 / LogL: -10789.867 / Time: 0h:1m:14s
Finish initializing candidate tree set (4)
Current best tree score: -10789.867 / CPU time: 42.763
Number of iterations: 20
--------------------------------------------------------------------
|               OPTIMIZING CANDIDATE TREE SET                      |
--------------------------------------------------------------------
Iteration 30 / LogL: -10795.913 / Time: 0h:1m:30s (0h:3m:42s left)
Iteration 40 / LogL: -10817.935 / Time: 0h:1m:44s (0h:2m:43s left)
Iteration 50 / LogL: -10791.850 / Time: 0h:1m:58s (0h:2m:2s left)
Log-likelihood cutoff on original alignment: -10836.766
Iteration 60 / LogL: -10791.848 / Time: 0h:2m:12s (0h:1m:32s left)
Iteration 70 / LogL: -10789.867 / Time: 0h:2m:27s (0h:1m:6s left)
Iteration 80 / LogL: -10791.847 / Time: 0h:2m:46s (0h:0m:44s left)
Iteration 90 / LogL: -10789.867 / Time: 0h:3m:4s (0h:0m:22s left)
Iteration 100 / LogL: -10789.867 / Time: 0h:3m:21s (0h:0m:2s left)
Log-likelihood cutoff on original alignment: -10836.766
NOTE: Bootstrap correlation coefficient of split occurrence frequencies: 0.997
TREE SEARCH COMPLETED AFTER 102 ITERATIONS / Time: 0h:3m:25s

--------------------------------------------------------------------
|                    FINALIZING TREE SEARCH                        |
--------------------------------------------------------------------
Performs final model parameters optimization
Estimate model parameters (epsilon = 0.010)
Initial log-likelihood: -10789.867
Current log-likelihood at step 1: -10789.866
Parameters optimization took 0 rounds (0.092 sec)

BEST SCORE FOUND : -10789.866
Creating bootstrap support values...
Split supports printed to NEXUS file 2_set105.splits.nex
Total tree length: 1.165

Total number of iterations: 102
CPU time used for tree search: 44.947 sec (0h:0m:44s)
Wall-clock time used for tree search: 172.903 sec (0h:2m:52s)
Total CPU time used: 52.715 sec (0h:0m:52s)
Total wall-clock time used: 206.192 sec (0h:3m:26s)

Computing bootstrap consensus tree...
Reading input file 2_set105.splits.nex...
35 taxa and 163 splits.
Consensus tree written to 2_set105.contree
Reading input trees file 2_set105.contree
Log-likelihood of consensus tree: -10789.866

Analysis results written to: 
  IQ-TREE report:                2_set105.iqtree
  Maximum-likelihood tree:       2_set105.treefile
  Likelihood distances:          2_set105.mldist
  Best partitioning scheme:      2_set105.best_scheme.nex
           in RAxML format:      2_set105.best_scheme

Ultrafast bootstrap approximation results written to:
  Split support values:          2_set105.splits.nex
  Consensus tree:                2_set105.contree
  Screen log file:               2_set105.log

Date and Time: Fri Sep  7 05:43:44 2018
