IQ-TREE multicore version 1.6.3 for Mac OS X 64-bit built Mar 22 2018
Developed by Bui Quang Minh, Nguyen Lam Tung, Olga Chernomor,
Heiko Schmidt, Dominik Schrempf, Michael Woodhams.

Host:    meeps-mac-pro.staff.sydney.edu.au (AVX, 64 GB RAM)
Command: /Users/davidduchene/Desktop/Software/iqtree-1.6.3-MacOSX/bin/iqtree -s ../../../../marsupials/set94.fasta -m TEST -bb 1000 -nt AUTO -pre 1_set94
Seed:    843431 (Using SPRNG - Scalable Parallel Random Number Generator)
Time:    Fri Jul 27 15:43:10 2018
Kernel:  AVX - auto-detect threads (8 CPU cores detected)

Reading alignment file ../../../../marsupials/set94.fasta ... Fasta format detected
Alignment most likely contains DNA/RNA sequences
Alignment has 35 sequences with 3975 columns, 1089 distinct patterns
626 parsimony-informative, 442 singleton sites, 2907 constant sites
                                              Gap/Ambiguity  Composition  p-value
   1  Burramyidae_Burramys_parvus                     0.28%    passed     92.02%
   2  Notoryctidae_Notoryctes_typhlops                1.53%    passed     98.37%
   3  Vombatidae_Lasiorhinus_latifrons                0.40%    passed     80.13%
   4  Potoroidae_Bettongia_penicillata               19.27%    passed     11.63%
   5  Potoroidae_Bettongia_lesueur                   19.22%    passed     31.31%
   6  Dasyuridae_Dasyurus_maculatus                   0.03%    passed     95.00%
   7  Phalangeridae_Trichosurus_vulpecula             0.38%    passed     66.95%
   8  Phalangeridae_Spilocuscus_maculatus             7.50%    passed     98.24%
   9  Potoroidae_Aepyprymnus_rufescens                0.08%    passed     87.75%
  10  Peramelidae_Perameles_nasuta                    5.18%    passed     89.84%
  11  Phalangeridae_Strigocuscus_pelengensis          3.19%    passed     87.12%
  12  Dasyuridae_Phascogale_tapoatafa                 5.06%    passed     63.65%
  13  Dasyuridae_Sminthopsis_macroura                 0.03%    passed     81.95%
  14  Phalangeridae_Phalanger_orientalis              0.78%    passed     77.43%
  15  Acrobatidae_Acrobates_pygmaeus                  0.23%    passed     90.15%
  16  Dasyuridae_Phascogale_calura                    5.18%    passed     80.30%
  17  Dasyuridae_Sarcophilus_harrisii                 0.98%    passed     93.59%
  18  Dasyuridae_Planigale_tenuirostris               8.53%    passed     70.05%
  19  Peramelidae_Echymipera_kalubu                   0.20%    passed     96.38%
  20  Macropodidae_Dorcopsulus_vanheurni              0.13%    passed     99.50%
  21  Pseudochiridae_Pseudochirulus_forbesi           5.03%    passed     98.72%
  22  Didelphidae_Didelphis_virginiana               13.21%    passed     53.84%
  23  Marmosidae_Monodelphis_domestica               12.10%    passed     50.82%
  24  Dasyuridae_Antechinus_stuartii                  5.74%    passed     73.89%
  25  Hypsiprymnodontidae_Hypsiprymnodon_moschatus    0.43%    passed     93.18%
  26  Microbiotheriidae_Dromiciops_gliroides          0.55%    passed     74.94%
  27  Pseudochiridae_Petauroides_volans               0.30%    passed     94.86%
  28  Macropodidae_Wallabia_bicolor                   0.13%    passed     98.40%
  29  Pseudochiridae_Pseudocheirus_occidentalis       6.11%    passed     66.65%
  30  Tarsipedidae_Tarsipes_rostratus                 1.28%    passed     95.13%
  31  Acrobatidae_Distoechurus_pennatus               0.05%    passed     89.63%
  32  Phalangeridae_Phalanger_carmelitae              0.05%    passed     74.66%
  33  Peramelidae_Peroryctes_raffrayana               7.07%    passed     89.51%
  34  Dasyuridae_Dasyurus_geffroii                    0.03%    passed     95.41%
  35  Peramelidae_Perameles_gunnii                    0.03%    passed     86.82%
****  TOTAL                                           3.72%  0 sequences failed composition chi2 test (p-value<5%; df=3)


Create initial parsimony tree by phylogenetic likelihood library (PLL)... 0.003 seconds
NOTE: ModelFinder requires 9 MB RAM!
ModelFinder will test 88 DNA models (sample size: 3975) ...
 No. Model         -LnL         df  AIC          AICc         BIC
Measuring multi-threading efficiency up to 8 CPU cores
Increase to 10 rounds for branch lengths
457 trees examined
Threads: 1 / Time: 8.007 sec / Speedup: 1.000 / Efficiency: 100% / LogL: -26838
Threads: 2 / Time: 5.744 sec / Speedup: 1.394 / Efficiency: 70% / LogL: -26838
Threads: 3 / Time: 6.333 sec / Speedup: 1.264 / Efficiency: 42% / LogL: -26838
BEST NUMBER OF THREADS: 2

  1  JC            18252.603    67  36639.206    36641.539    37060.488
  2  JC+I          17687.079    68  35510.158    35512.560    35937.727
  3  JC+G4         17640.549    68  35417.097    35419.500    35844.666
  4  JC+I+G4       17618.064    69  35374.128    35376.601    35807.985
  5  F81+F         18238.722    70  36617.445    36619.991    37057.589
  6  F81+F+I       17676.858    71  35495.716    35498.336    35942.149
  7  F81+F+G4      17630.070    71  35402.139    35404.759    35848.572
  8  F81+F+I+G4    17607.556    72  35359.113    35361.807    35811.833
  9  K2P           17560.971    68  35257.942    35260.344    35685.511
 10  K2P+I         16978.081    69  34094.163    34096.636    34528.020
 11  K2P+G4        16928.568    69  33995.136    33997.610    34428.993
 12  K2P+I+G4      16903.037    70  33946.073    33948.620    34386.218
 13  HKY+F         17545.876    71  35233.752    35236.372    35680.185
 14  HKY+F+I       16962.224    72  34068.447    34071.141    34521.168
 15  HKY+F+G4      16913.255    72  33970.509    33973.203    34423.230
 16  HKY+F+I+G4    16887.867    73  33921.734    33924.504    34380.742
 17  TNe           17556.708    69  35251.417    35253.890    35685.273
 18  TNe+I         16978.068    70  34096.135    34098.681    34536.280
 19  TNe+G4        16928.430    70  33996.859    33999.406    34437.004
 20  TNe+I+G4      16902.576    71  33947.151    33949.771    34393.584
 21  TN+F          17536.027    72  35216.055    35218.749    35668.775
 22  TN+F+I        16961.129    73  34068.257    34071.027    34527.265
 23  TN+F+G4       16910.908    73  33967.816    33970.586    34426.824
 24  TN+F+I+G4     16885.065    74  33918.129    33920.975    34383.425
 25  K3P           17558.851    69  35255.703    35258.177    35689.560
 26  K3P+I         16975.928    70  34091.855    34094.401    34532.000
 27  K3P+G4        16926.459    70  33992.919    33995.465    34433.063
 28  K3P+I+G4      16900.473    71  33942.946    33945.565    34389.378
 29  K3Pu+F        17543.962    72  35231.924    35234.618    35684.644
 30  K3Pu+F+I      16960.329    73  34066.658    34069.428    34525.666
 31  K3Pu+F+G4     16911.418    73  33968.835    33971.605    34427.843
 32  K3Pu+F+I+G4   16885.611    74  33919.223    33922.069    34384.518
 33  TPM2+F        17543.682    72  35231.364    35234.058    35684.084
 34  TPM2+F+I      16960.973    73  34067.945    34070.715    34526.953
 35  TPM2+F+G4     16912.011    73  33970.023    33972.792    34429.031
 36  TPM2+F+I+G4   16886.184    74  33920.369    33923.215    34385.664
 37  TPM2u+F       17543.684    72  35231.368    35234.062    35684.089
 38  TPM2u+F+I     16960.974    73  34067.948    34070.717    34526.955
 39  TPM2u+F+G4    16912.011    73  33970.022    33972.791    34429.030
 40  TPM2u+F+I+G4  16886.096    74  33920.193    33923.039    34385.488
 41  TPM3+F        17545.824    72  35235.649    35238.343    35688.369
 42  TPM3+F+I      16962.207    73  34070.415    34073.185    34529.423
 43  TPM3+F+G4     16913.213    73  33972.426    33975.196    34431.434
 44  TPM3+F+I+G4   16887.090    74  33922.179    33925.025    34387.475
 45  TPM3u+F       17545.825    72  35235.650    35238.344    35688.370
 46  TPM3u+F+I     16962.207    73  34070.415    34073.184    34529.422
 47  TPM3u+F+G4    16913.213    73  33972.426    33975.195    34431.434
 48  TPM3u+F+I+G4  16887.014    74  33922.027    33924.873    34387.323
 49  TIMe          17554.590    70  35249.180    35251.726    35689.325
 50  TIMe+I        16975.915    71  34093.829    34096.449    34540.261
 51  TIMe+G4       16926.321    71  33994.643    33997.262    34441.075
 52  TIMe+I+G4     16899.766    72  33943.532    33946.226    34396.252
 53  TIM+F         17534.116    73  35214.231    35217.001    35673.239
 54  TIM+F+I       16959.238    74  34066.475    34069.321    34531.771
 55  TIM+F+G4      16909.068    74  33966.136    33968.982    34431.432
 56  TIM+F+I+G4    16882.604    75  33915.209    33918.133    34386.792
 57  TIM2e         17556.096    70  35252.193    35254.739    35692.337
 58  TIM2e+I       16978.045    71  34098.090    34100.710    34544.523
 59  TIM2e+G4      16928.429    71  33998.857    34001.477    34445.290
 60  TIM2e+I+G4    16901.730    72  33947.461    33950.155    34400.181
 61  TIM2+F        17533.834    73  35213.668    35216.438    35672.676
 62  TIM2+F+I      16959.865    74  34067.729    34070.576    34533.025
 63  TIM2+F+G4     16909.677    74  33967.353    33970.199    34432.649
 64  TIM2+F+I+G4   16883.206    75  33916.412    33919.336    34387.996
 65  TIM3e         17556.334    70  35252.668    35255.214    35692.813
 66  TIM3e+I       16977.968    71  34097.935    34100.555    34544.368
 67  TIM3e+G4      16928.339    71  33998.678    34001.298    34445.111
 68  TIM3e+I+G4    16901.552    72  33947.105    33949.799    34399.825
 69  TIM3+F        17535.974    73  35217.947    35220.717    35676.955
 70  TIM3+F+I      16961.112    74  34070.225    34073.071    34535.520
 71  TIM3+F+G4     16910.866    74  33969.731    33972.578    34435.027
 72  TIM3+F+I+G4   16884.167    75  33918.334    33921.258    34389.918
 73  TVMe          17557.786    71  35257.572    35260.191    35704.004
 74  TVMe+I        16975.764    72  34095.527    34098.221    34548.247
 75  TVMe+G4       16926.341    72  33996.681    33999.375    34449.401
 76  TVMe+I+G4     16899.578    73  33945.155    33947.925    34404.163
 77  TVM+F         17541.481    74  35230.963    35233.809    35696.259
 78  TVM+F+I       16958.803    75  34067.606    34070.530    34539.190
 79  TVM+F+G4      16909.863    75  33969.726    33972.650    34441.309
 80  TVM+F+I+G4    16883.407    76  33918.814    33921.816    34396.685
 81  SYM           17553.519    72  35251.038    35253.732    35703.758
 82  SYM+I         16975.751    73  34097.502    34100.272    34556.510
 83  SYM+G4        16926.195    73  33998.389    34001.159    34457.397
 84  SYM+I+G4      16899.327    74  33946.654    33949.500    34411.950
 85  GTR+F         17531.636    75  35213.271    35216.195    35684.855
 86  GTR+F+I       16957.703    76  34067.407    34070.409    34545.278
 87  GTR+F+G4      16907.524    76  33967.049    33970.052    34444.920
 88  GTR+F+I+G4    16880.866    77  33915.732    33918.814    34399.891
Akaike Information Criterion:           TIM+F+I+G4
Corrected Akaike Information Criterion: TIM+F+I+G4
Bayesian Information Criterion:         HKY+F+I+G4
Best-fit model: HKY+F+I+G4 chosen according to BIC

All model information printed to 1_set94.model.gz
CPU time for ModelFinder: 47.032 seconds (0h:0m:47s)
Wall-clock time for ModelFinder: 25.258 seconds (0h:0m:25s)
Generating 1000 samples for ultrafast bootstrap (seed: 843431)...

NOTE: 9 MB RAM (0 GB) is required!
Measuring multi-threading efficiency up to 8 CPU cores
Increase to 10 rounds for branch lengths
82 trees examined
Threads: 1 / Time: 8.046 sec / Speedup: 1.000 / Efficiency: 100% / LogL: -23775
Threads: 2 / Time: 4.949 sec / Speedup: 1.626 / Efficiency: 81% / LogL: -23775
Threads: 3 / Time: 4.599 sec / Speedup: 1.750 / Efficiency: 58% / LogL: -23775
Threads: 4 / Time: 4.144 sec / Speedup: 1.942 / Efficiency: 49% / LogL: -23775
BEST NUMBER OF THREADS: 3

Estimate model parameters (epsilon = 0.100)
Thoroughly optimizing +I+G parameters from 10 start values...
Init pinv, alpha: 0.000, 1.000 / Estimate: 0.000, 0.247 / LogL: -16913.254
Init pinv, alpha: 0.081, 1.000 / Estimate: 0.310, 0.485 / LogL: -16891.106
Init pinv, alpha: 0.163, 1.000 / Estimate: 0.349, 0.545 / LogL: -16889.248
Init pinv, alpha: 0.244, 1.000 / Estimate: 0.348, 0.544 / LogL: -16889.279
Init pinv, alpha: 0.325, 1.000 / Estimate: 0.348, 0.544 / LogL: -16889.270
Init pinv, alpha: 0.406, 1.000 / Estimate: 0.413, 0.675 / LogL: -16887.061
Init pinv, alpha: 0.488, 1.000 / Estimate: 0.487, 0.918 / LogL: -16886.482
Init pinv, alpha: 0.569, 1.000 / Estimate: 0.517, 1.071 / LogL: -16887.275
Init pinv, alpha: 0.650, 1.000 / Estimate: 0.516, 1.065 / LogL: -16887.235
Init pinv, alpha: 0.731, 1.000 / Estimate: 0.516, 1.064 / LogL: -16887.233
Optimal pinv,alpha: 0.487, 0.918 / LogL: -16886.482

Parameters optimization took 6.457 sec
Computing ML distances based on estimated model parameters... 0.031 sec
Computing BIONJ tree...
0.001 seconds
Log-likelihood of BIONJ tree: -16884.046
--------------------------------------------------------------------
|             INITIALIZING CANDIDATE TREE SET                      |
--------------------------------------------------------------------
Generating 98 parsimony trees... 0.648 second
Computing log-likelihood of 98 initial trees ... 1.546 seconds
Current best score: -16881.171

Do NNI search on 20 best initial trees
Estimate model parameters (epsilon = 0.100)
BETTER TREE FOUND at iteration 1: -16880.948
Iteration 10 / LogL: -16882.532 / Time: 0h:0m:56s
Iteration 20 / LogL: -16882.594 / Time: 0h:0m:58s
Finish initializing candidate tree set (5)
Current best tree score: -16880.948 / CPU time: 5.309
Number of iterations: 20
--------------------------------------------------------------------
|               OPTIMIZING CANDIDATE TREE SET                      |
--------------------------------------------------------------------
Iteration 30 / LogL: -16881.538 / Time: 0h:1m:0s (0h:1m:26s left)
Iteration 40 / LogL: -16882.276 / Time: 0h:1m:2s (0h:0m:58s left)
Iteration 50 / LogL: -16880.983 / Time: 0h:1m:4s (0h:0m:40s left)
Log-likelihood cutoff on original alignment: -16917.177
Iteration 60 / LogL: -16881.040 / Time: 0h:1m:5s (0h:0m:28s left)
UPDATE BEST LOG-LIKELIHOOD: -16880.947
Iteration 70 / LogL: -16880.947 / Time: 0h:1m:7s (0h:0m:19s left)
Iteration 80 / LogL: -16882.455 / Time: 0h:1m:9s (0h:0m:11s left)
UPDATE BEST LOG-LIKELIHOOD: -16880.946
Iteration 90 / LogL: -16880.946 / Time: 0h:1m:11s (0h:0m:5s left)
UPDATE BEST LOG-LIKELIHOOD: -16880.946
Iteration 100 / LogL: -16881.473 / Time: 0h:1m:13s (0h:0m:0s left)
Log-likelihood cutoff on original alignment: -16917.177
NOTE: Bootstrap correlation coefficient of split occurrence frequencies: 1.000
TREE SEARCH COMPLETED AFTER 102 ITERATIONS / Time: 0h:1m:13s

--------------------------------------------------------------------
|                    FINALIZING TREE SEARCH                        |
--------------------------------------------------------------------
Performs final model parameters optimization
Estimate model parameters (epsilon = 0.010)
1. Initial log-likelihood: -16880.946
2. Current log-likelihood: -16880.934
3. Current log-likelihood: -16880.923
4. Current log-likelihood: -16880.913
Optimal log-likelihood: -16880.902
Rate parameters:  A-C: 1.00000  A-G: 6.34339  A-T: 1.00000  C-G: 1.00000  C-T: 6.34339  G-T: 1.00000
Base frequencies:  A: 0.284  C: 0.250  G: 0.237  T: 0.229
Proportion of invariable sites: 0.483
Gamma shape alpha: 0.908
Parameters optimization took 4 rounds (0.088 sec)
BEST SCORE FOUND : -16880.902
Creating bootstrap support values...
Split supports printed to NEXUS file 1_set94.splits.nex
Total tree length: 0.571

Total number of iterations: 102
CPU time used for tree search: 47.159 sec (0h:0m:47s)
Wall-clock time used for tree search: 20.192 sec (0h:0m:20s)
Total CPU time used: 152.119 sec (0h:2m:32s)
Total wall-clock time used: 74.071 sec (0h:1m:14s)

Computing bootstrap consensus tree...
Reading input file 1_set94.splits.nex...
35 taxa and 142 splits.
Consensus tree written to 1_set94.contree
Reading input trees file 1_set94.contree
Log-likelihood of consensus tree: -16880.904

Analysis results written to: 
  IQ-TREE report:                1_set94.iqtree
  Maximum-likelihood tree:       1_set94.treefile
  Likelihood distances:          1_set94.mldist

Ultrafast bootstrap approximation results written to:
  Split support values:          1_set94.splits.nex
  Consensus tree:                1_set94.contree
  Screen log file:               1_set94.log

Date and Time: Fri Jul 27 15:44:24 2018
