IQ-TREE multicore version 1.6.7 for Mac OS X 64-bit built Aug 23 2018
Developed by Bui Quang Minh, Nguyen Lam Tung, Olga Chernomor,
Heiko Schmidt, Dominik Schrempf, Michael Woodhams.

Host:    meeps-mac-pro.staff.sydney.edu.au (AVX, 64 GB RAM)
Command: /Users/davidduchene/Desktop/Software/iqtree-1.6.7-MacOSX/bin/iqtree -s ../../../../marsupials/set161.fasta -m TESTMERGE -bb 1000 -sp ../../../../marsupials/set161.nex -nt AUTO -pre 6_set161
Seed:    244834 (Using SPRNG - Scalable Parallel Random Number Generator)
Time:    Fri Sep  7 21:18:36 2018
Kernel:  AVX - auto-detect threads (8 CPU cores detected)

Reading partition model file ../../../../marsupials/set161.nex ...
Reading alignment file ../../../../marsupials/set161.fasta ... Fasta format detected
Alignment most likely contains DNA/RNA sequences
Alignment has 37 sequences with 2475 columns, 839 distinct patterns
501 parsimony-informative, 288 singleton sites, 1685 constant sites
                                              Gap/Ambiguity  Composition  p-value
   1  Burramyidae_Burramys_parvus                    22.42%    passed     54.12%
   2  Notoryctidae_Notoryctes_typhlops                4.08%    passed     38.30%
   3  Vombatidae_Lasiorhinus_latifrons                0.57%    passed     98.85%
   4  Potoroidae_Bettongia_penicillata                0.20%    passed     99.61%
   5  Potoroidae_Bettongia_lesueur                    4.57%    passed     99.23%
   6  Dasyuridae_Dasyurus_maculatus                   1.21%    passed     95.05%
   7  Phalangeridae_Trichosurus_vulpecula             0.08%    passed     95.37%
   8  Phalangeridae_Spilocuscus_maculatus             0.48%    passed     96.37%
   9  Potoroidae_Aepyprymnus_rufescens                0.08%    passed     98.45%
  10  Peramelidae_Perameles_nasuta                    2.87%    passed     68.90%
  11  Myrmecobiidae_Myrmecobius_fasciatus1           77.82%    failed      3.12%
  12  Phalangeridae_Strigocuscus_pelengensis          1.86%    passed     92.48%
  13  Dasyuridae_Phascogale_tapoatafa                 0.12%    passed     99.74%
  14  Dasyuridae_Sminthopsis_macroura                 0.20%    passed     96.90%
  15  Phalangeridae_Phalanger_orientalis              0.48%    passed     97.12%
  16  Acrobatidae_Acrobates_pygmaeus                  1.13%    passed     93.75%
  17  Dasyuridae_Phascogale_calura                    0.16%    passed     99.55%
  18  Dasyuridae_Sarcophilus_harrisii                 0.20%    passed     98.20%
  19  Dasyuridae_Planigale_tenuirostris               6.46%    passed     88.99%
  20  Peramelidae_Echymipera_kalubu                   0.57%    passed     58.26%
  21  Macropodidae_Dorcopsulus_vanheurni              0.24%    passed     96.57%
  22  Pseudochiridae_Pseudochirulus_forbesi           0.24%    passed     65.76%
  23  Didelphidae_Didelphis_virginiana                2.46%    passed     59.47%
  24  Marmosidae_Monodelphis_domestica                8.36%    passed     26.46%
  25  Dasyuridae_Antechinus_stuartii                  0.69%    passed     99.95%
  26  Hypsiprymnodontidae_Hypsiprymnodon_moschatus    0.08%    passed     97.71%
  27  Microbiotheriidae_Dromiciops_gliroides          4.44%    passed     27.26%
  28  Pseudochiridae_Petauroides_volans               1.13%    passed     74.06%
  29  Macropodidae_Wallabia_bicolor                   0.73%    passed     99.66%
  30  Pseudochiridae_Pseudocheirus_occidentalis       4.04%    passed     90.48%
  31  Tarsipedidae_Tarsipes_rostratus                 1.33%    passed     77.03%
  32  Acrobatidae_Distoechurus_pennatus               0.28%    passed     97.38%
  33  Myrmecobiidae_Myrmecobius_fasciatus2           77.82%    failed      3.12%
  34  Phalangeridae_Phalanger_carmelitae              0.16%    passed     97.30%
  35  Peramelidae_Peroryctes_raffrayana               4.89%    passed     95.66%
  36  Dasyuridae_Dasyurus_geffroii                    1.17%    passed     87.85%
  37  Peramelidae_Perameles_gunnii                    0.28%    passed     47.81%
WARNING: 2 sequences contain more than 50% gaps/ambiguity
****  TOTAL                                           6.32%  2 sequences failed composition chi2 test (p-value<5%; df=3)
NOTE: No CharPartition defined, use all CharSets

Loading 15 partitions...
Subset	Type	Seqs	Sites	Infor	Invar	Model	Name
1		35	108	10	86	TESTMERGE	part1.1
2		35	108	5	97	TESTMERGE	part1.2
3		35	108	47	34	TESTMERGE	part1.3
4		35	77	5	69	TESTMERGE	part2.1
5		35	77	1	75	TESTMERGE	part2.2
6		35	77	39	13	TESTMERGE	part2.3
7		36	184	5	171	TESTMERGE	part3.1
8		36	184	2	181	TESTMERGE	part3.2
9		36	184	64	84	TESTMERGE	part3.3
10		35	238	45	171	TESTMERGE	part4.1
11		35	238	24	196	TESTMERGE	part4.2
12		35	238	155	44	TESTMERGE	part4.3
13		35	218	16	180	TESTMERGE	part5.1
14		35	218	12	191	TESTMERGE	part5.2
15		35	218	71	94	TESTMERGE	part5.3
Degree of missing data: 0.048
Info: multi-threading strategy over partitions

NOTE: Myrmecobiidae_Myrmecobius_fasciatus2 is identical to Myrmecobiidae_Myrmecobius_fasciatus1 but kept for subsequent analysis


Create initial parsimony tree by phylogenetic likelihood library (PLL)... 0.008 seconds
NOTE: ModelFinder requires 9 MB RAM!
NUMBER OF THREADS FOR PARTITION FINDING: 8
Testing GTR+F+G on supermatrix...
GTR+F+G4 / LnL: -12255.326 / df: 80 / AIC: 24670.652 / AICc: 24676.065 / BIC: 25135.771
Selecting individual models for 15 charsets using BIC...
 No. Model        Score       Charset
   1 TIM2e+G4     1814.328    part4.2
   2 K3P+G4       1643.442    part5.1
   3 K3P          1596.685    part2.3
   4 K2P+G4       2335.802    part4.1
   5 TIM2e+G4     2094.454    part1.3
   6 JC+G4        963.664     part1.1
   7 K2P          766.753     part1.2
   8 JC+I         638.301     part2.1
   9 K2P+I        1478.445    part5.2
  10 TIM3e        1092.811    part3.1	0h:0m:11s (0h:4m:0s left)
  11 HKY+F+G4     3011.456    part5.3	0h:0m:13s (0h:4m:0s left)
  12 JC           530.130     part2.2	0h:0m:13s (0h:3m:40s left)
  13 F81+F+I      931.529     part3.2	0h:0m:13s (0h:3m:24s left)
  14 TPM2u+F+G4   3033.634    part3.3	0h:0m:14s (0h:3m:17s left)
  15 TIM2+F+G4    5655.844    part4.3	0h:0m:14s (0h:3m:3s left)
Full partition model BIC score: 30529.040 (LnL: -11138.731  df:1056)
Merging models to increase model fit (about 211 total partition schemes)...
  16 K2P+G4       30314.919   part4.2+part4.3	0h:0m:23s (0h:4m:50s left)
  17 K2P+G4       30343.394   part4.3+part5.2	0h:0m:24s (0h:4m:36s left)
  18 TNe+G4       30334.363   part4.3+part5.1	0h:0m:24s (0h:4m:23s left)
  19 TPM2+F+G4    30258.281   part4.1+part4.3	0h:0m:25s (0h:4m:20s left)
  20 TIM+F+G4     30128.702   part2.3+part4.3	0h:0m:26s (0h:4m:15s left)
  21 TIM2+F+G4    30144.879   part1.3+part4.3	0h:0m:29s (0h:4m:23s left)
  22 K2P+G4       30204.769   part4.3+part5.3	0h:0m:29s (0h:4m:14s left)
  23 TPM2+F+G4    30105.240   part3.3+part4.3	0h:0m:37s (0h:5m:7s left)
  24 K2P+G4       30208.060   part3.3+part5.3	0h:0m:39s (0h:5m:8s left)
  25 HKY+F+G4     30255.564   part1.2+part4.3	0h:0m:39s (0h:4m:55s left)
  26 TPM2u+F+G4   30234.531   part1.1+part4.3	0h:0m:42s (0h:5m:0s left)
  27 K2P+G4       30137.112   part4.1+part5.3	0h:0m:43s (0h:4m:57s left)
  28 TPM2u+F+G4   30336.860   part3.1+part4.3	0h:0m:44s (0h:4m:50s left)
  29 TPM2u+F+G4   30176.207   part2.1+part4.3	0h:0m:45s (0h:4m:47s left)
  30 TN+F+G4      30094.517   part1.3+part5.3	0h:0m:46s (0h:4m:40s left)
  31 K2P+G4       30377.350   part3.2+part4.3	0h:0m:51s (0h:5m:1s left)
  32 K3Pu+F+G4    30150.414   part5.1+part5.3	0h:0m:53s (0h:4m:59s left)
  33 K3Pu+F+G4    30089.747   part2.3+part5.3	0h:0m:55s (0h:4m:57s left)
  34 HKY+F+G4     30156.111   part5.2+part5.3	0h:0m:55s (0h:4m:48s left)
  35 TN+F+G4      30143.085   part4.2+part5.3	0h:0m:57s (0h:4m:48s left)
  36 TPM2u+F+G4   30203.392   part2.2+part4.3	0h:0m:57s (0h:4m:41s left)
  37 TPM2+F+G4    30144.908   part1.3+part3.3	0h:1m:2s (0h:4m:56s left)
  38 K2P+G4       30115.161   part1.1+part5.3	0h:1m:4s (0h:4m:52s left)
  39 TPM2u+F+I+G4 30202.215   part3.3+part4.1	0h:1m:6s (0h:4m:51s left)
  40 TPM2+F+G4    30193.012   part2.3+part3.3	0h:1m:11s (0h:5m:3s left)
  41 HKY+F+G4     30120.661   part1.2+part5.3	0h:1m:12s (0h:5m:1s left)
  42 K2P+G4       30185.501   part3.1+part5.3	0h:1m:13s (0h:4m:54s left)
  43 TIM3e+I+G4   30269.390   part3.3+part5.1	0h:1m:15s (0h:4m:55s left)
  44 TNe+G4       30142.545   part1.3+part4.1	0h:1m:17s (0h:4m:53s left)
  45 TPM2u+F+I+G4 30235.815   part3.3+part4.2	0h:1m:18s (0h:4m:50s left)
  46 K2P+G4       30100.976   part2.1+part5.3	0h:1m:23s (0h:5m:0s left)
  47 TN+F+I+G4    30250.921   part3.3+part5.2	0h:1m:25s (0h:4m:59s left)
  48 K2P+G4       30099.836   part1.3+part2.3	0h:1m:26s (0h:4m:53s left)
  49 K3P+G4       30183.437   part2.3+part4.1	0h:1m:28s (0h:4m:51s left)
  50 K3P+G4       30091.453   part4.1+part5.1	0h:1m:28s (0h:4m:44s left)
  51 K2P+G4       30177.370   part1.3+part5.1	0h:1m:30s (0h:4m:45s left)
  52 HKY+F+G4     30167.337   part3.2+part5.3	0h:1m:31s (0h:4m:39s left)
  53 K2P+G4       30107.958   part2.2+part5.3	0h:1m:31s (0h:4m:33s left)
  54 TNe+G4       30058.047   part4.1+part4.2	0h:1m:35s (0h:4m:38s left)
  55 TIM2e+G4     30128.402   part1.3+part4.2	0h:1m:36s (0h:4m:32s left)
  56 TNe+G4       30177.704   part1.3+part5.2	0h:1m:36s (0h:4m:28s left)
  57 K2P+G4       30087.471   part4.1+part5.2	0h:1m:37s (0h:4m:23s left)
  58 K3P+G4       30180.618   part2.3+part5.1	0h:1m:39s (0h:4m:23s left)
  59 TIM2+F+I+G4  30190.767   part1.1+part3.3	0h:1m:41s (0h:4m:21s left)
  60 K2P+G4       30062.630   part4.2+part5.1	0h:1m:45s (0h:4m:24s left)
  61 TPM2u+F+I+G4 30198.298   part1.2+part3.3	0h:1m:45s (0h:4m:20s left)
  62 K3P+G4       30194.014   part2.3+part4.2	0h:1m:48s (0h:4m:20s left)
  63 TIM2+F+I+G4  30166.825   part3.1+part3.3	0h:1m:48s (0h:4m:15s left)
  64 TIM2e+G4     30127.554   part1.1+part1.3	0h:1m:53s (0h:4m:21s left)
  65 K3P+I        30034.155   part5.1+part5.2	0h:1m:58s (0h:4m:27s left)
  66 K2P+G4       30070.829   part1.1+part4.1	0h:1m:58s (0h:4m:21s left)
  67 TIM3e+I+G4   30223.216   part3.2+part3.3	0h:1m:59s (0h:4m:15s left)
  68 K3P+G4       30193.950   part2.3+part5.2	0h:1m:59s (0h:4m:10s left)
  69 TIM2+F+G4    30127.575   part2.1+part3.3	0h:1m:59s (0h:4m:5s left)
  70 K2P+I+G4     30058.277   part4.2+part5.2	0h:1m:59s (0h:4m:1s left)
  71 TIM2+F+I+G4  30147.656   part2.2+part3.3	0h:2m:3s (0h:4m:3s left)
  72 TIM2e+G4     30137.805   part1.2+part1.3	0h:2m:5s (0h:4m:2s left)
  73 K3P+G4       30060.166   part1.1+part5.1	0h:2m:6s (0h:3m:59s left)
  74 K2P+G4       30076.209   part1.2+part4.1	0h:2m:8s (0h:3m:57s left)
  75 K3P+G4       30163.974   part1.1+part2.3	0h:2m:8s (0h:3m:52s left)
  76 K2P+G4       30102.765   part3.1+part4.1	0h:2m:10s (0h:3m:51s left)
  77 TIM2e+G4     30195.460   part1.3+part3.1	0h:2m:12s (0h:3m:50s left)
  78 TIM2e+G4     30107.140   part1.3+part2.1	0h:2m:13s (0h:3m:47s left)
  79 K2P+G4       30057.233   part2.1+part4.1	0h:2m:15s (0h:3m:46s left)
  80 TIM2e+G4     30050.323   part1.1+part4.2	0h:2m:16s (0h:3m:43s left)
  81 K2P+I        30102.331   part3.2+part4.1	0h:2m:20s (0h:3m:46s left)
  82 TNe+I+G4     30205.157   part1.3+part3.2	0h:2m:20s (0h:3m:41s left)
  83 TIM2e+G4     30123.570   part1.3+part2.2	0h:2m:21s (0h:3m:37s left)
  84 K3P+G4       30052.086   part1.2+part5.1	0h:2m:21s (0h:3m:33s left)
  85 K2P+G4       30055.506   part2.2+part4.1	0h:2m:23s (0h:3m:32s left)
  86 K3P+G4       30169.694   part1.2+part2.3	0h:2m:24s (0h:3m:30s left)
  87 K3P+I        30066.195   part3.1+part5.1	0h:2m:25s (0h:3m:27s left)
  88 K2P+G4       30068.881   part1.1+part5.2	0h:2m:26s (0h:3m:24s left)
  89 K3P+G4       30035.542   part2.1+part5.1	0h:2m:26s (0h:3m:20s left)
  90 K2P+G4       30039.261   part1.2+part4.2	0h:2m:26s (0h:3m:16s left)
  91 K3P+G4       30220.307   part2.3+part3.1	0h:2m:26s (0h:3m:13s left)
  92 TIM2e+I      30071.812   part3.1+part4.2	0h:2m:26s (0h:3m:9s left)
  93 K3P+G4       30134.220   part2.1+part2.3	0h:2m:28s (0h:3m:8s left)
  94 K2P+I        30047.363   part1.2+part5.2	0h:2m:29s (0h:3m:6s left)
  95 K2P+I        30053.287   part3.1+part5.2	0h:2m:32s (0h:3m:5s left)
  96 TIM2e+G4     30036.833   part2.1+part4.2	0h:2m:32s (0h:3m:2s left)
  97 K3P+I        30029.578   part2.2+part5.1	0h:2m:34s (0h:3m:1s left)
  98 K3P+G4       30143.908   part2.2+part2.3	0h:2m:35s (0h:2m:59s left)
  99 TIM2e+I      30036.989   part2.2+part4.2	0h:2m:36s (0h:2m:56s left)
 100 K3Pu+F+G4    30222.641   part2.3+part3.2	0h:2m:36s (0h:2m:54s left)
 101 K3Pu+F+I     30051.789   part3.2+part5.1	0h:2m:38s (0h:2m:52s left)
 102 K2P+I        30061.154   part3.2+part4.2	0h:2m:38s (0h:2m:49s left)
 103 K2P+I        30032.861   part2.1+part5.2	0h:2m:41s (0h:2m:49s left)
 104 K2P+G4       30023.529   part1.1+part1.2	0h:2m:42s (0h:2m:47s left)
 105 K2P+I        30021.849   part2.2+part5.2	0h:2m:43s (0h:2m:44s left)
 106 K3P+G4       30034.260   part1.1+part2.1	0h:2m:45s (0h:2m:43s left)
 107 K2P+I        30041.726   part3.2+part5.2	0h:2m:45s (0h:2m:40s left)
 108 TIM+F+I      30059.317   part1.1+part3.1	0h:2m:45s (0h:2m:38s left)
 109 K2P+I        30028.123   part1.2+part2.1	0h:2m:47s (0h:2m:36s left)
 110 K3P+I        30064.260   part1.1+part3.2	0h:2m:47s (0h:2m:34s left)
 111 K2P+G4       30039.295   part1.1+part2.2	0h:2m:49s (0h:2m:32s left)
 112 TIM3e        30037.969   part1.2+part3.1	0h:2m:49s (0h:2m:29s left)
 113 TIM+F+I      30048.670   part2.1+part3.1	0h:2m:50s (0h:2m:27s left)
 114 K2P          30019.709   part1.2+part2.2	0h:2m:52s (0h:2m:26s left)
 115 HKY+F+I      30039.475   part1.2+part3.2	0h:2m:53s (0h:2m:24s left)
 116 JC+I         30022.359   part2.1+part2.2	0h:2m:54s (0h:2m:22s left)
 117 TIMe+I       30005.949   part3.1+part3.2	0h:2m:54s (0h:2m:20s left)
 118 JC+I         30035.395   part2.1+part3.2	0h:2m:56s (0h:2m:18s left)
 119 JC+I         30034.051   part2.2+part3.1	0h:2m:56s (0h:2m:16s left)
 120 K2P+I        30023.331   part2.2+part3.2	0h:2m:57s (0h:2m:14s left)
Merging part3.1+part3.2 with BIC score: 30005.949 (LnL: -11158.489  df: 984)
 121 K2P+I        29532.951   part3.1+part3.2+part5.2	0h:3m:4s (0h:2m:16s left)
 122 K2P+I        29563.602   part3.1+part3.2+part4.2	0h:3m:4s (0h:2m:14s left)
 123 K3P+I        29756.308   part2.3+part3.1+part3.2	0h:3m:5s (0h:2m:12s left)
 124 K3P+I        29550.216   part3.1+part3.2+part5.1	0h:3m:5s (0h:2m:10s left)
 125 K2P+I        29618.532   part3.1+part3.2+part4.1	0h:3m:7s (0h:2m:8s left)
 126 TIM2e+I+G4   29744.475   part1.3+part3.1+part3.2	0h:3m:7s (0h:2m:6s left)
 127 K2P+G4       29744.468   part3.1+part3.2+part5.3	0h:3m:9s (0h:2m:5s left)
 128 TIM3e+I      29516.668   part1.2+part3.1+part3.2	0h:3m:10s (0h:2m:3s left)
 129 K3P+I        29519.697   part2.1+part3.1+part3.2	0h:3m:11s (0h:2m:1s left)
 130 K3P+I        29538.825   part1.1+part3.1+part3.2	0h:3m:11s (0h:1m:59s left)
 131 K3P+I        29504.044   part2.2+part3.1+part3.2	0h:3m:11s (0h:1m:57s left)
 132 K2P+G4       30000.957   part3.1+part3.2+part4.3	0h:3m:12s (0h:1m:54s left)
 133 TIM3e+I+G4   29768.737   part3.1+part3.2+part3.3	0h:3m:14s (0h:1m:53s left)
Merging part1.2+part2.2 with BIC score: 29496.617 (LnL: -11165.592  df: 917)
 134 K2P+G4       29003.523   part1.1+part1.2+part2.2	0h:3m:20s (0h:1m:55s left)
 135 K2P+I        29021.429   part1.2+part2.2+part4.2	0h:3m:23s (0h:1m:54s left)
 136 K3P+I        29027.422   part1.2+part2.2+part5.1	0h:3m:23s (0h:1m:52s left)
 137 TIM3e+I      29005.086   part1.2+part2.2+part3.1+part3.2	0h:3m:24s (0h:1m:50s left)
 138 K2P+I        29017.140   part1.2+part2.2+part5.2	0h:3m:24s (0h:1m:48s left)
 139 TIM2e+I+G4   29162.479   part1.2+part1.3+part2.2	0h:3m:28s (0h:1m:47s left)
 140 K2P+I        28999.689   part1.2+part2.1+part2.2	0h:3m:28s (0h:1m:45s left)
 141 K2P+G4       29142.613   part1.2+part2.2+part5.3	0h:3m:31s (0h:1m:44s left)
 142 HKY+F+G4     29327.022   part1.2+part2.2+part4.3	0h:3m:31s (0h:1m:42s left)
 143 K2P+G4       29072.847   part1.2+part2.2+part4.1	0h:3m:31s (0h:1m:40s left)
 144 K3P+G4       29184.749   part1.2+part2.2+part2.3	0h:3m:31s (0h:1m:38s left)
 145 TIM2+F+I+G4  29219.690   part1.2+part2.2+part3.3	0h:3m:33s (0h:1m:37s left)
Merging part1.2+part2.1+part2.2 with BIC score: 28999.689 (LnL: -11178.896  df: 850)
 146 K3P+G4       28507.703   part1.1+part1.2+part2.1+part2.2	0h:3m:36s (0h:1m:36s left)
 147 K3P+I        28528.899   part1.2+part2.1+part2.2+part5.1	0h:3m:38s (0h:1m:35s left)
 148 K2P+I        28518.165   part1.2+part2.1+part2.2+part5.2	0h:3m:40s (0h:1m:33s left)
 149 K2P+G4       28589.719   part1.2+part2.1+part2.2+part4.1	0h:3m:41s (0h:1m:32s left)
 150 TIM2e+I+G4   28681.948   part1.2+part1.3+part2.1+part2.2	0h:3m:43s (0h:1m:30s left)
 151 K2P+I        28527.535   part1.2+part2.1+part2.2+part4.2	0h:3m:44s (0h:1m:29s left)
 152 K3P+I        28509.736   part1.2+part2.1+part2.2+part3.1+part3.2	0h:3m:44s (0h:1m:27s left)
 153 K3P+G4       28705.679   part1.2+part2.1+part2.2+part2.3	0h:3m:45s (0h:1m:25s left)
 154 K2P+G4       28673.155   part1.2+part2.1+part2.2+part5.3	0h:3m:46s (0h:1m:23s left)
 155 HKY+F+G4     28891.107   part1.2+part2.1+part2.2+part4.3	0h:3m:46s (0h:1m:21s left)
 156 TIM2+F+I+G4  28746.856   part1.2+part2.1+part2.2+part3.3	0h:3m:46s (0h:1m:19s left)
Merging part5.1+part5.2 with BIC score: 28504.803 (LnL: -11201.036  df: 781)
 157 K3P+G4       28049.307   part1.1+part5.1+part5.2	0h:3m:53s (0h:1m:20s left)
 158 K3P+I        28035.545   part1.2+part2.1+part2.2+part5.1+part5.2	0h:3m:54s (0h:1m:18s left)
 159 K3P+G4       28095.622   part4.1+part5.1+part5.2	0h:3m:55s (0h:1m:17s left)
 160 K3P+G4       28202.098   part2.3+part5.1+part5.2	0h:3m:57s (0h:1m:15s left)
 161 K2P+G4       28204.957   part1.3+part5.1+part5.2	0h:3m:58s (0h:1m:13s left)
 162 K3Pu+F+G4    28177.554   part5.1+part5.2+part5.3	0h:4m:0s (0h:1m:12s left)
 163 K2P+G4       28047.455   part4.2+part5.1+part5.2	0h:4m:2s (0h:1m:11s left)
 164 K2P+G4       28443.386   part4.3+part5.1+part5.2	0h:4m:4s (0h:1m:10s left)
 165 TIM3e+I+G4   28309.501   part3.3+part5.1+part5.2	0h:4m:5s (0h:1m:8s left)
 166 K3P+I        28047.605   part3.1+part3.2+part5.1+part5.2	0h:4m:5s (0h:1m:6s left)
Merging part1.1+part1.2+part2.1+part2.2 with BIC score: 28012.817 (LnL: -11216.812  df: 714)
 167 TIM2e+G4     27553.680   part1.1+part1.2+part2.1+part2.2+part4.2	0h:4m:13s (0h:1m:6s left)
 168 K3P+I        27534.086   part1.1+part1.2+part2.1+part2.2+part3.1+part3.2	0h:4m:15s (0h:1m:5s left)
 169 K3P+G4       27752.160   part1.1+part1.2+part2.1+part2.2+part2.3	0h:4m:17s (0h:1m:4s left)
 170 K3P+I        27570.782   part1.1+part1.2+part2.1+part2.2+part5.1+part5.2	0h:4m:17s (0h:1m:2s left)
 171 K3P+G4       27616.406   part1.1+part1.2+part2.1+part2.2+part4.1	0h:4m:18s (0h:1m:0s left)
 172 TIM2e+I+G4   27719.093   part1.1+part1.2+part1.3+part2.1+part2.2	0h:4m:19s (0h:0m:58s left)
 173 K2P+G4       27716.822   part1.1+part1.2+part2.1+part2.2+part5.3	0h:4m:19s (0h:0m:57s left)
 174 HKY+F+G4     27985.127   part1.1+part1.2+part2.1+part2.2+part4.3	0h:4m:22s (0h:0m:55s left)
 175 TIM2+F+I+G4  27812.212   part1.1+part1.2+part2.1+part2.2+part3.3	0h:4m:25s (0h:0m:54s left)
Merging part1.1+part1.2+part2.1+part2.2+part3.1+part3.2 with BIC score: 27534.086 (LnL: -11247.029  df: 645)
 176 K3P+I        27101.731   part1.1+part1.2+part2.1+part2.2+part3.1+part3.2+part4.2	0h:4m:31s (0h:0m:53s left)
 177 TIMe+I       27339.989   part1.1+part1.2+part2.1+part2.2+part2.3+part3.1+part3.2	0h:4m:31s (0h:0m:52s left)
 178 K3P+G4       27334.924   part1.1+part1.2+part2.1+part2.2+part3.1+part3.2+part5.3	0h:4m:32s (0h:0m:50s left)
 179 K3P+I        27108.002   part1.1+part1.2+part2.1+part2.2+part3.1+part3.2+part5.1+part5.2	0h:4m:35s (0h:0m:49s left)
 180 TIM2e+I+G4   27321.515   part1.1+part1.2+part1.3+part2.1+part2.2+part3.1+part3.2	0h:4m:35s (0h:0m:47s left)
 181 K3P+I        27183.060   part1.1+part1.2+part2.1+part2.2+part3.1+part3.2+part4.1	0h:4m:36s (0h:0m:45s left)
 182 TIM2+F+I+G4  27415.994   part1.1+part1.2+part2.1+part2.2+part3.1+part3.2+part3.3	0h:4m:37s (0h:0m:44s left)
 183 TIM+F+I+G4   27711.816   part1.1+part1.2+part2.1+part2.2+part3.1+part3.2+part4.3	0h:4m:38s (0h:0m:42s left)
Merging part4.1+part4.2 with BIC score: 27063.092 (LnL: -11285.022  df: 575)
 184 K3P+G4       26756.129   part2.3+part4.1+part4.2	0h:4m:45s (0h:0m:41s left)
 185 K2P+I+G4     26655.913   part4.1+part4.2+part5.1+part5.2	0h:4m:46s (0h:0m:40s left)
 186 TIM2e+G4     26697.125   part1.3+part4.1+part4.2	0h:4m:47s (0h:0m:38s left)
 187 K2P+G4       26709.328   part4.1+part4.2+part5.3	0h:4m:48s (0h:0m:37s left)
 188 K3P+I        26710.438   part1.1+part1.2+part2.1+part2.2+part3.1+part3.2+part4.1+part4.2	0h:4m:50s (0h:0m:35s left)
 189 TPM2+F+G4    26921.875   part4.1+part4.2+part4.3	0h:4m:50s (0h:0m:33s left)
 190 TPM2u+F+I+G4 26807.135   part3.3+part4.1+part4.2	0h:4m:51s (0h:0m:32s left)
Merging part2.3+part5.3 with BIC score: 26623.799 (LnL: -11331.051  df: 507)
 191 K3Pu+F+G4    26374.938   part2.3+part5.1+part5.2+part5.3	0h:4m:57s (0h:0m:31s left)
 192 K3P+G4       26562.225   part1.1+part1.2+part2.1+part2.2+part2.3+part3.1+part3.2+part5.3	0h:4m:58s (0h:0m:29s left)
 193 K2P+G4       26350.547   part2.3+part4.1+part4.2+part5.3	0h:4m:58s (0h:0m:27s left)
 194 TIM+F+G4     26194.723   part1.3+part2.3+part5.3	0h:4m:58s (0h:0m:26s left)
 195 K2P+G4       26318.479   part2.3+part3.3+part5.3	0h:4m:58s (0h:0m:24s left)
 196 K2P+G4       26305.596   part2.3+part4.3+part5.3	0h:4m:59s (0h:0m:22s left)
Merging part1.3+part2.3+part5.3 with BIC score: 26194.723 (LnL: -11390.003  df: 437)
 197 K3Pu+F+G4    25996.249   part1.3+part2.3+part5.1+part5.2+part5.3	0h:5m:6s (0h:0m:21s left)
 198 TNe+G4       25939.517   part1.3+part2.3+part4.1+part4.2+part5.3	0h:5m:8s (0h:0m:20s left)
 199 K3P+I+G4     26212.348   part1.1+part1.2+part1.3+part2.1+part2.2+part2.3+part3.1+part3.2+part5.3	0h:5m:8s (0h:0m:18s left)
 200 K2P+G4       25870.869   part1.3+part2.3+part3.3+part5.3	0h:5m:9s (0h:0m:16s left)
 201 K2P+G4       25869.612   part1.3+part2.3+part4.3+part5.3	0h:5m:10s (0h:0m:15s left)
Merging part1.1+part1.2+part2.1+part2.2+part3.1+part3.2+part5.1+part5.2 with BIC score: 25768.639 (LnL: -11450.451  df: 367)
 202 K3P+I+G4     25413.673   part1.1+part1.2+part2.1+part2.2+part3.1+part3.2+part4.1+part4.2+part5.1+part5.2	0h:5m:17s (0h:0m:14s left)
 203 K3P+I+G4     25812.015   part1.1+part1.2+part1.3+part2.1+part2.2+part2.3+part3.1+part3.2+part5.1+part5.2+part5.3	0h:5m:18s (0h:0m:12s left)
 204 TIM+F+I+G4   25672.748   part1.1+part1.2+part2.1+part2.2+part3.1+part3.2+part3.3+part5.1+part5.2	0h:5m:19s (0h:0m:10s left)
 205 TIMe+I+G4    25982.466   part1.1+part1.2+part2.1+part2.2+part3.1+part3.2+part4.3+part5.1+part5.2	0h:5m:19s (0h:0m:9s left)
Merging part3.3+part4.3 with BIC score: 25344.839 (LnL: -11519.855  df: 295)
 206 TPM2+F+G4    25221.618   part3.3+part4.1+part4.2+part4.3	0h:5m:27s (0h:0m:7s left)
 207 K2P+G4       25081.996   part1.3+part2.3+part3.3+part4.3+part5.3	0h:5m:28s (0h:0m:6s left)
 208 TIM+F+I+G4   25647.764   part1.1+part1.2+part2.1+part2.2+part3.1+part3.2+part3.3+part4.3+part5.1+part5.2	0h:5m:31s (0h:0m:4s left)
Merging part1.1+part1.2+part2.1+part2.2+part3.1+part3.2+part4.1+part4.2+part5.1+part5.2 with BIC score: 24989.872 (LnL: -11611.955  df: 226)
 209 K3P+I+G4     24972.237   part1.1+part1.2+part1.3+part2.1+part2.2+part2.3+part3.1+part3.2+part4.1+part4.2+part5.1+part5.2+part5.3	0h:5m:39s (0h:0m:3s left)
 210 TIM+F+I+G4   25253.144   part1.1+part1.2+part2.1+part2.2+part3.1+part3.2+part3.3+part4.1+part4.2+part4.3+part5.1+part5.2	0h:5m:44s (0h:0m:1s left)
Merging part1.3+part2.3+part3.3+part4.3+part5.3 with BIC score: 24727.029 (LnL: -11785.279  df: 148)
 211 K3P+I+G4     25070.886   part1.1+part1.2+part1.3+part2.1+part2.2+part2.3+part3.1+part3.2+part3.3+part4.1+part4.2+part4.3+part5.1+part5.2+part5.3	0h:5m:59s (0h:0m:0s left)
BEST-FIT PARTITION MODEL: 
  charpartition BIC = K3P+I+G4: part1.1 part1.2 part2.1 part2.2 part3.1 part3.2 part4.1 part4.2 part5.1 part5.2, K2P+G4: part1.3 part2.3 part3.3 part4.3 part5.3;
Agglomerative model selection: (((((part1.1,((part1.2,part2.2)2:29496.6,part2.1)3:28999.7)5:28012.8,(part3.1,part3.2)1:30005.9)6:27534.1,(part5.1,part5.2)4:28504.8)10:25768.6,(part4.1,part4.2)7:27063.1)12:24989.9,((part1.3,(part2.3,part5.3)8:26623.8)9:26194.7,(part3.3,part4.3)11:25344.8)13:24727)
Merging into 2 partitions...
Partition information was printed to 6_set161.best_scheme.nex
Partition information in Raxml format was printed to 6_set161.best_scheme

All model information printed to 6_set161.model.gz
CPU time for ModelFinder: 372.420 seconds (0h:6m:12s)
Wall-clock time for ModelFinder: 360.150 seconds (0h:6m:0s)
Generating 1000 samples for ultrafast bootstrap (seed: 244834)...

NOTE: 7 MB RAM (0 GB) is required!
Measuring multi-threading efficiency up to 8 CPU cores
Increase to 10 rounds for branch lengths
44 trees examined
Threads: 1 / Time: 8.064 sec / Speedup: 1.000 / Efficiency: 100% / LogL: -17950
Threads: 2 / Time: 5.360 sec / Speedup: 1.504 / Efficiency: 75% / LogL: -17950
Threads: 3 / Time: 21.436 sec / Speedup: 0.376 / Efficiency: 13% / LogL: -17950
BEST NUMBER OF THREADS: 2

Estimate model parameters (epsilon = 0.100)
Optimizing K2P+G4 parameters for partition part1.3+part2.3+part3.3+part4.3+part5.3 (73 free parameters)
Optimizing K3P+I+G4 parameters for partition part1.1+part1.2+part2.1+part2.2+part3.1+part3.2+part4.1+part4.2+part5.1+part5.2 (75 free parameters)
Optimal log-likelihood: -11784.544
Computing ML distances based on estimated model parameters... 0.051 sec
WARNING: Some pairwise ML distances are too long (saturated)
Computing BIONJ tree...
0.004 seconds
Log-likelihood of BIONJ tree: -11797.822
--------------------------------------------------------------------
|             INITIALIZING CANDIDATE TREE SET                      |
--------------------------------------------------------------------
Generating 98 parsimony trees... 1.544 second
Computing log-likelihood of 98 initial trees ... 3.292 seconds
Current best score: -11779.680

Do NNI search on 20 best initial trees
Estimate model parameters (epsilon = 0.100)
BETTER TREE FOUND at iteration 1: -11779.179
Estimate model parameters (epsilon = 0.100)
BETTER TREE FOUND at iteration 8: -11779.094
Iteration 10 / LogL: -11779.135 / Time: 0h:0m:51s
Iteration 20 / LogL: -11779.097 / Time: 0h:0m:59s
Finish initializing candidate tree set (6)
Current best tree score: -11779.094 / CPU time: 19.721
Number of iterations: 20
--------------------------------------------------------------------
|               OPTIMIZING CANDIDATE TREE SET                      |
--------------------------------------------------------------------
Iteration 30 / LogL: -11779.233 / Time: 0h:1m:8s (0h:3m:3s left)
Iteration 40 / LogL: -11779.198 / Time: 0h:1m:16s (0h:2m:13s left)
Iteration 50 / LogL: -11779.240 / Time: 0h:1m:24s (0h:1m:39s left)
Log-likelihood cutoff on original alignment: -11808.632
Iteration 60 / LogL: -11779.140 / Time: 0h:1m:33s (0h:1m:15s left)
Iteration 70 / LogL: -11779.196 / Time: 0h:1m:42s (0h:0m:56s left)
Iteration 80 / LogL: -11779.105 / Time: 0h:1m:51s (0h:0m:39s left)
Iteration 90 / LogL: -11779.150 / Time: 0h:2m:0s (0h:0m:24s left)
Iteration 100 / LogL: -11779.184 / Time: 0h:2m:8s (0h:0m:10s left)
Log-likelihood cutoff on original alignment: -11809.564
NOTE: Bootstrap correlation coefficient of split occurrence frequencies: 0.999
TREE SEARCH COMPLETED AFTER 109 ITERATIONS / Time: 0h:2m:15s

--------------------------------------------------------------------
|                    FINALIZING TREE SEARCH                        |
--------------------------------------------------------------------
Performs final model parameters optimization
Estimate model parameters (epsilon = 0.010)
Optimizing K2P+G4 parameters for partition part1.3+part2.3+part3.3+part4.3+part5.3 (73 free parameters)
Optimizing K3P+I+G4 parameters for partition part1.1+part1.2+part2.1+part2.2+part3.1+part3.2+part4.1+part4.2+part5.1+part5.2 (75 free parameters)
Optimal log-likelihood: -11779.093
BEST SCORE FOUND : -11779.093
Creating bootstrap support values...
Split supports printed to NEXUS file 6_set161.splits.nex
Total tree length: 0.796

Total number of iterations: 109
CPU time used for tree search: 49.511 sec (0h:0m:49s)
Wall-clock time used for tree search: 95.561 sec (0h:1m:35s)
Total CPU time used: 70.386 sec (0h:1m:10s)
Total wall-clock time used: 135.825 sec (0h:2m:15s)

Computing bootstrap consensus tree...
Reading input file 6_set161.splits.nex...
37 taxa and 148 splits.
Consensus tree written to 6_set161.contree
Reading input trees file 6_set161.contree
Log-likelihood of consensus tree: -11779.236

Analysis results written to: 
  IQ-TREE report:                6_set161.iqtree
  Maximum-likelihood tree:       6_set161.treefile
  Likelihood distances:          6_set161.mldist
  Best partitioning scheme:      6_set161.best_scheme.nex
           in RAxML format:      6_set161.best_scheme

Ultrafast bootstrap approximation results written to:
  Split support values:          6_set161.splits.nex
  Consensus tree:                6_set161.contree
  Screen log file:               6_set161.log

Date and Time: Fri Sep  7 21:26:52 2018
