IQ-TREE multicore version 1.6.7 for Mac OS X 64-bit built Aug 23 2018
Developed by Bui Quang Minh, Nguyen Lam Tung, Olga Chernomor,
Heiko Schmidt, Dominik Schrempf, Michael Woodhams.

Host:    meeps-mac-pro.staff.sydney.edu.au (AVX, 64 GB RAM)
Command: /Users/davidduchene/Desktop/Software/iqtree-1.6.7-MacOSX/bin/iqtree -s ../../../../marsupials/set189.fasta -m TESTMERGE -bb 1000 -sp ../../../../marsupials/set189.nex -nt AUTO -pre 6_set189
Seed:    163220 (Using SPRNG - Scalable Parallel Random Number Generator)
Time:    Sat Sep  8 01:46:21 2018
Kernel:  AVX - auto-detect threads (8 CPU cores detected)

Reading partition model file ../../../../marsupials/set189.nex ...
Reading alignment file ../../../../marsupials/set189.fasta ... Fasta format detected
Alignment most likely contains DNA/RNA sequences
Alignment has 35 sequences with 2193 columns, 804 distinct patterns
505 parsimony-informative, 259 singleton sites, 1429 constant sites
                                              Gap/Ambiguity  Composition  p-value
   1  Burramyidae_Burramys_parvus                     0.23%    passed     88.79%
   2  Notoryctidae_Notoryctes_typhlops               25.49%    passed     86.67%
   3  Vombatidae_Lasiorhinus_latifrons                0.91%    passed     90.33%
   4  Potoroidae_Bettongia_penicillata                0.14%    passed     97.51%
   5  Potoroidae_Bettongia_lesueur                    0.14%    passed     97.11%
   6  Dasyuridae_Dasyurus_maculatus                   0.41%    passed     93.26%
   7  Phalangeridae_Trichosurus_vulpecula             0.18%    passed     69.53%
   8  Phalangeridae_Spilocuscus_maculatus            26.58%    passed     33.56%
   9  Potoroidae_Aepyprymnus_rufescens                0.27%    passed     99.20%
  10  Peramelidae_Perameles_nasuta                    2.69%    passed     99.28%
  11  Phalangeridae_Strigocuscus_pelengensis         15.73%    passed     71.56%
  12  Dasyuridae_Phascogale_tapoatafa                 0.27%    passed     99.34%
  13  Dasyuridae_Sminthopsis_macroura                 0.27%    passed     94.10%
  14  Phalangeridae_Phalanger_orientalis              5.47%    passed     59.38%
  15  Acrobatidae_Acrobates_pygmaeus                  0.27%    passed     99.13%
  16  Dasyuridae_Phascogale_calura                    0.41%    passed     99.66%
  17  Dasyuridae_Sarcophilus_harrisii                 0.23%    passed     97.68%
  18  Dasyuridae_Planigale_tenuirostris               4.92%    passed     98.88%
  19  Peramelidae_Echymipera_kalubu                   0.64%    passed     90.41%
  20  Macropodidae_Dorcopsulus_vanheurni              0.27%    passed     98.11%
  21  Pseudochiridae_Pseudochirulus_forbesi           6.52%    passed     38.35%
  22  Didelphidae_Didelphis_virginiana                2.69%    passed     97.06%
  23  Marmosidae_Monodelphis_domestica                2.37%    passed     95.93%
  24  Dasyuridae_Antechinus_stuartii                  1.28%    passed     94.40%
  25  Hypsiprymnodontidae_Hypsiprymnodon_moschatus    0.41%    passed     98.12%
  26  Microbiotheriidae_Dromiciops_gliroides          2.92%    passed     90.07%
  27  Pseudochiridae_Petauroides_volans               0.55%    passed     99.76%
  28  Macropodidae_Wallabia_bicolor                   0.32%    passed     92.29%
  29  Pseudochiridae_Pseudocheirus_occidentalis       4.15%    passed     81.03%
  30  Tarsipedidae_Tarsipes_rostratus                26.54%    passed     97.33%
  31  Acrobatidae_Distoechurus_pennatus               0.27%    passed     98.21%
  32  Phalangeridae_Phalanger_carmelitae              0.18%    passed     73.66%
  33  Peramelidae_Peroryctes_raffrayana               1.14%    passed     86.49%
  34  Dasyuridae_Dasyurus_geffroii                    0.27%    passed     98.09%
  35  Peramelidae_Perameles_gunnii                    0.82%    passed     98.71%
****  TOTAL                                           3.89%  0 sequences failed composition chi2 test (p-value<5%; df=3)
NOTE: No CharPartition defined, use all CharSets

Loading 15 partitions...
Subset	Type	Seqs	Sites	Infor	Invar	Model	Name
1		32	178	9	162	TESTMERGE	part1.1
2		32	178	1	177	TESTMERGE	part1.2
3		32	178	81	70	TESTMERGE	part1.3
4		35	218	16	197	TESTMERGE	part2.1
5		35	218	4	211	TESTMERGE	part2.2
6		35	218	84	98	TESTMERGE	part2.3
7		34	84	15	57	TESTMERGE	part3.1
8		34	84	5	72	TESTMERGE	part3.2
9		34	84	38	26	TESTMERGE	part3.3
10		35	73	7	55	TESTMERGE	part4.1
11		35	73	4	64	TESTMERGE	part4.2
12		35	73	46	12	TESTMERGE	part4.3
13		35	178	68	77	TESTMERGE	part5.1
14		35	178	46	89	TESTMERGE	part5.2
15		35	178	81	62	TESTMERGE	part5.3
Degree of missing data: 0.024
Info: multi-threading strategy over partitions



Create initial parsimony tree by phylogenetic likelihood library (PLL)... 0.007 seconds
NOTE: ModelFinder requires 8 MB RAM!
NUMBER OF THREADS FOR PARTITION FINDING: 8
Testing GTR+F+G on supermatrix...
GTR+F+G4 / LnL: -11182.387 / df: 76 / AIC: 22516.773 / AICc: 22522.305 / BIC: 22949.443
Selecting individual models for 15 charsets using BIC...
 No. Model        Score       Charset
   1 TNe          1600.891    part3.3
   2 SYM+G4       1342.223    part2.1
   3 K2P          2331.803    part5.2
   4 K2P+G4       1878.142    part4.3
   5 K2P+G4       2790.732    part1.3
   6 K2P+G4       2929.968    part5.1
   7 K2P+G4       3462.154    part5.3
   8 HKY+F+G4     3273.158    part2.3
   9 TIMe         735.288     part4.1
  10 F81+F        818.925     part1.2	0h:0m:11s (0h:3m:45s left)
  11 K2P+I        1055.829    part1.1	0h:0m:13s (0h:4m:0s left)
  12 K2P          597.928     part4.2	0h:0m:13s (0h:3m:41s left)
  13 K2P+I        937.467     part3.1	0h:0m:13s (0h:3m:23s left)
  14 TNe          682.459     part3.2	0h:0m:13s (0h:3m:12s left)
  15 F81+F+I      1074.597    part2.2	0h:0m:13s (0h:2m:59s left)
Full partition model BIC score: 28364.693 (LnL: -10258.903  df:1020)
Merging models to increase model fit (about 211 total partition schemes)...
  16 K2P+G4       27961.136   part2.3+part5.2	0h:0m:20s (0h:4m:8s left)
  17 K2P+G4       27940.916   part2.3+part5.1	0h:0m:21s (0h:4m:1s left)
  18 K2P+G4       27946.840   part5.2+part5.3	0h:0m:21s (0h:3m:55s left)
  19 K2P+G4       27969.684   part1.3+part5.3	0h:0m:22s (0h:3m:43s left)
  20 K2P+G4       27917.696   part5.1+part5.2	0h:0m:22s (0h:3m:33s left)
  21 TNe+G4       27906.993   part5.1+part5.3	0h:0m:24s (0h:3m:41s left)
  22 HKY+F+G4     27975.874   part1.3+part2.3	0h:0m:26s (0h:3m:49s left)
  23 TN+F+G4      27933.112   part2.3+part5.3	0h:0m:26s (0h:3m:39s left)
  24 K2P+G4       27951.894   part1.3+part5.1	0h:0m:32s (0h:4m:15s left)
  25 TNe+G4       27917.757   part3.3+part5.3	0h:0m:34s (0h:4m:16s left)
  26 K2P+G4       27924.997   part4.3+part5.3	0h:0m:35s (0h:4m:12s left)
  27 K2P+G4       27993.121   part1.3+part5.2	0h:0m:37s (0h:4m:15s left)
  28 TNe+G4       27918.186   part3.3+part5.1	0h:0m:37s (0h:4m:6s left)
  29 K2P+G4       27944.787   part4.3+part5.1	0h:0m:38s (0h:4m:2s left)
  30 HKY+F+G4     27966.842   part2.3+part4.3	0h:0m:38s (0h:3m:54s left)
  31 HKY+F+G4     27931.530   part2.3+part3.3	0h:0m:40s (0h:3m:52s left)
  32 K2P+G4       28080.079   part2.1+part5.3	0h:0m:44s (0h:4m:11s left)
  33 K3P+G4       27937.986   part3.3+part5.2	0h:0m:47s (0h:4m:13s left)
  34 K2P+G4       27949.122   part4.1+part5.3	0h:0m:48s (0h:4m:12s left)
  35 K3P+G4       27996.333   part4.3+part5.2	0h:0m:48s (0h:4m:5s left)
  36 K2P+G4       28055.701   part1.1+part5.3	0h:0m:50s (0h:4m:6s left)
  37 K2P+G4       27942.690   part3.1+part5.3	0h:0m:51s (0h:4m:1s left)
  38 TNe+G4       27960.079   part1.3+part4.3	0h:0m:52s (0h:3m:58s left)
  39 TPM2u+F+G4   28088.816   part2.2+part5.3	0h:0m:53s (0h:3m:56s left)
  40 K2P+G4       27948.712   part4.2+part5.3	0h:0m:57s (0h:4m:6s left)
  41 K2P+G4       27965.028   part1.3+part3.3	0h:0m:57s (0h:3m:59s left)
  42 TIM+F+G4     28063.417   part2.1+part2.3	0h:0m:58s (0h:3m:56s left)
  43 K2P+G4       28026.917   part2.1+part5.1	0h:0m:59s (0h:3m:52s left)
  44 K2P+G4       27949.459   part2.3+part4.1	0h:0m:59s (0h:3m:47s left)
  45 TN+F+G4      27973.094   part3.2+part5.3	0h:1m:0s (0h:3m:42s left)
  46 K2P+G4       27929.399   part4.1+part5.1	0h:1m:1s (0h:3m:41s left)
  47 K2P+G4       28101.017   part1.2+part5.3	0h:1m:3s (0h:3m:43s left)
  48 HKY+F+G4     27954.273   part2.3+part3.1	0h:1m:6s (0h:3m:44s left)
  49 K2P+G4       28037.596   part1.1+part2.3	0h:1m:6s (0h:3m:38s left)
  50 TIMe+G4      27999.915   part2.1+part5.2	0h:1m:7s (0h:3m:38s left)
  51 HKY+F+G4     27941.470   part2.3+part4.2	0h:1m:8s (0h:3m:33s left)
  52 HKY+F+G4     28019.224   part2.2+part2.3	0h:1m:8s (0h:3m:29s left)
  53 K2P+G4       28018.619   part1.1+part5.1	0h:1m:8s (0h:3m:24s left)
  54 K2P+G4       27942.130   part3.1+part5.1	0h:1m:10s (0h:3m:25s left)
  55 K2P+G4       28040.937   part2.2+part5.1	0h:1m:12s (0h:3m:25s left)
  56 K2P+G4       27927.535   part4.2+part5.1	0h:1m:13s (0h:3m:22s left)
  57 K3Pu+F+G4    27926.371   part4.1+part5.2	0h:1m:13s (0h:3m:17s left)
  58 HKY+F+G4     27971.943   part2.3+part3.2	0h:1m:14s (0h:3m:17s left)
  59 K3P+G4       27999.173   part1.1+part5.2	0h:1m:15s (0h:3m:13s left)
  60 K2P+G4       27954.281   part3.2+part5.1	0h:1m:15s (0h:3m:8s left)
  61 TNe+G4       28089.981   part1.3+part2.1	0h:1m:16s (0h:3m:7s left)
  62 K2P+G4       27969.097   part1.3+part4.1	0h:1m:17s (0h:3m:7s left)
  63 K2P+G4       27934.690   part3.1+part5.2	0h:1m:19s (0h:3m:6s left)
  64 K3P+G4       28019.240   part2.2+part5.2	0h:1m:19s (0h:3m:3s left)
  65 K3P+G4       27917.322   part4.2+part5.2	0h:1m:21s (0h:3m:3s left)
  66 K2P+G4       28058.965   part1.2+part5.1	0h:1m:21s (0h:2m:59s left)
  67 K2P+G4       27988.169   part1.3+part3.1	0h:1m:23s (0h:2m:59s left)
  68 HKY+F+G4     28048.091   part1.2+part2.3	0h:1m:23s (0h:2m:56s left)
  69 K2P+G4       28038.953   part1.1+part1.3	0h:1m:23s (0h:2m:52s left)
  70 K2P+G4       27945.113   part3.2+part5.2	0h:1m:26s (0h:2m:53s left)
  71 K2P+G4       28034.659   part1.2+part5.2	0h:1m:27s (0h:2m:51s left)
  72 K2P+G4       27934.877   part3.3+part4.3	0h:1m:28s (0h:2m:50s left)
  73 K2P+G4       27972.027   part1.3+part4.2	0h:1m:28s (0h:2m:46s left)
  74 HKY+F+G4     28112.078   part1.3+part2.2	0h:1m:29s (0h:2m:45s left)
  75 K2P+G4       28024.248   part1.3+part3.2	0h:1m:30s (0h:2m:44s left)
  76 K2P+G4       28087.640   part1.2+part1.3	0h:1m:31s (0h:2m:42s left)
  77 TIMe+G4      27968.029   part4.1+part4.3	0h:1m:32s (0h:2m:41s left)
  78 K3P+G4       27948.872   part3.3+part4.1	0h:1m:33s (0h:2m:38s left)
  79 K3P+G4       28042.743   part2.1+part3.3	0h:1m:33s (0h:2m:36s left)
  80 TIMe+I+G4    28073.542   part2.1+part4.3	0h:1m:34s (0h:2m:34s left)
  81 K2P+G4       28025.581   part1.1+part3.3	0h:1m:37s (0h:2m:36s left)
  82 TNe+G4       27947.177   part3.3+part4.2	0h:1m:38s (0h:2m:34s left)
  83 TNe+G4       27967.315   part3.1+part4.3	0h:1m:39s (0h:2m:32s left)
  84 K2P+G4       27926.929   part3.1+part3.3	0h:1m:39s (0h:2m:29s left)
  85 HKY+F+G4     28024.033   part2.2+part3.3	0h:1m:39s (0h:2m:27s left)
  86 TNe+I+G4     28072.734   part1.1+part4.3	0h:1m:39s (0h:2m:24s left)
  87 K2P+G4       27969.069   part4.2+part4.3	0h:1m:40s (0h:2m:22s left)
  88 HKY+F+I+G4   28085.760   part2.2+part4.3	0h:1m:41s (0h:2m:21s left)
  89 TNe+G4       27955.073   part3.2+part3.3	0h:1m:45s (0h:2m:24s left)
  90 HKY+F+G4     28056.292   part1.2+part3.3	0h:1m:45s (0h:2m:22s left)
  91 TIM+F+G4     27886.980   part2.1+part4.1	0h:1m:46s (0h:2m:20s left)
  92 HKY+F+G4     28013.152   part3.2+part4.3	0h:1m:47s (0h:2m:18s left)
  93 GTR+F+I      27886.959   part2.1+part2.2	0h:1m:47s (0h:2m:16s left)
  94 GTR+F+G4     27923.023   part1.1+part2.1	0h:1m:48s (0h:2m:14s left)
  95 HKY+F+I+G4   28108.874   part1.2+part4.3	0h:1m:48s (0h:2m:12s left)
  96 TIM3e+G4     27944.327   part2.1+part3.1	0h:1m:49s (0h:2m:11s left)
  97 SYM+G4       27885.592   part2.1+part4.2	0h:1m:50s (0h:2m:9s left)
  98 TIM+F+G4     27924.327   part1.1+part4.1	0h:1m:51s (0h:2m:8s left)
  99 K3P+I        27915.201   part2.1+part3.2	0h:1m:52s (0h:2m:7s left)
 100 TIM2+F+I     27912.098   part3.1+part4.1	0h:1m:52s (0h:2m:4s left)
 101 K3P+I        27897.844   part2.2+part4.1	0h:1m:52s (0h:2m:3s left)
 102 K3P          27858.302   part4.1+part4.2	0h:1m:54s (0h:2m:1s left)
 103 K3P+I        27922.317   part1.1+part2.2	0h:1m:55s (0h:2m:0s left)
 104 K2P          27902.215   part3.2+part4.1	0h:1m:56s (0h:2m:0s left)
 105 TN+F+I       27950.944   part1.1+part3.1	0h:1m:56s (0h:1m:57s left)
 106 K3P+G4       27907.990   part1.1+part4.2	0h:1m:56s (0h:1m:55s left)
 107 K2P+G4       27893.494   part3.1+part4.2	0h:1m:58s (0h:1m:55s left)
 108 TPM3+F       27870.918   part2.2+part4.2	0h:1m:59s (0h:1m:53s left)
 109 K2P+I        27947.678   part2.2+part3.1	0h:1m:59s (0h:1m:51s left)
 110 SYM+I        27918.075   part1.2+part2.1	0h:1m:59s (0h:1m:50s left)
 111 K2P+I        27931.376   part1.1+part3.2	0h:2m:0s (0h:1m:48s left)
 112 K3P+I        27941.827   part1.2+part4.1	0h:2m:1s (0h:1m:47s left)
 113 HKY+F+I      27907.278   part3.1+part3.2	0h:2m:1s (0h:1m:45s left)
 114 TN+F+I       27908.006   part2.2+part3.2	0h:2m:2s (0h:1m:44s left)
 115 TNe          27880.926   part3.2+part4.2	0h:2m:2s (0h:1m:42s left)
 116 K2P+I        27911.334   part1.1+part1.2	0h:2m:3s (0h:1m:41s left)
 117 HKY+F        27916.815   part1.2+part4.2	0h:2m:5s (0h:1m:40s left)
 118 TPM2+F       27935.261   part1.2+part3.2	0h:2m:5s (0h:1m:38s left)
 119 K2P+I        27964.894   part1.2+part3.1	0h:2m:5s (0h:1m:37s left)
 120 HKY+F+I      27882.498   part1.2+part2.2	0h:2m:5s (0h:1m:35s left)
Merging part4.1+part4.2 with BIC score: 27858.302 (LnL: -10271.117  df: 951)
 121 K3P+G4       27483.668   part3.3+part4.1+part4.2	0h:2m:10s (0h:1m:36s left)
 122 SYM+G4       27396.129   part2.1+part4.1+part4.2	0h:2m:12s (0h:1m:36s left)
 123 K3P+G4       27413.688   part1.1+part4.1+part4.2	0h:2m:12s (0h:1m:34s left)
 124 K2P+G4       27494.918   part2.3+part4.1+part4.2	0h:2m:14s (0h:1m:34s left)
 125 K3P+G4       27450.843   part4.1+part4.2+part5.2	0h:2m:15s (0h:1m:33s left)
 126 K2P+G4       27507.087   part4.1+part4.2+part5.3	0h:2m:16s (0h:1m:31s left)
 127 K2P+G4       27513.161   part1.3+part4.1+part4.2	0h:2m:16s (0h:1m:30s left)
 128 K2P+G4       27472.197   part4.1+part4.2+part5.1	0h:2m:16s (0h:1m:28s left)
 129 K3P+G4       27419.554   part3.1+part4.1+part4.2	0h:2m:18s (0h:1m:28s left)
 130 K3P+G4       27393.114   part2.2+part4.1+part4.2	0h:2m:18s (0h:1m:26s left)
 131 K3P+G4       27433.116   part1.2+part4.1+part4.2	0h:2m:19s (0h:1m:25s left)
 132 K3P+I        27402.267   part3.2+part4.1+part4.2	0h:2m:19s (0h:1m:23s left)
 133 TIMe+I+G4    27528.161   part4.1+part4.2+part4.3	0h:2m:20s (0h:1m:22s left)
Merging part1.2+part2.2 with BIC score: 27376.108 (LnL: -10272.350  df: 888)
 134 K3Pu+F+I     26939.404   part1.2+part2.2+part4.1+part4.2	0h:2m:26s (0h:1m:23s left)
 135 TPM3u+F+I    26950.039   part1.1+part1.2+part2.2	0h:2m:27s (0h:1m:23s left)
 136 TPM3u+F+G4   27110.577   part1.2+part2.2+part5.2	0h:2m:28s (0h:1m:21s left)
 137 GTR+F+I      26911.069   part1.2+part2.1+part2.2	0h:2m:29s (0h:1m:20s left)
 138 TPM3u+F+I    26986.656   part1.2+part2.2+part3.1	0h:2m:30s (0h:1m:19s left)
 139 TPM2u+F+G4   27189.293   part1.2+part2.2+part5.3	0h:2m:32s (0h:1m:19s left)
 140 HKY+F+I+G4   27213.175   part1.2+part1.3+part2.2	0h:2m:33s (0h:1m:17s left)
 141 HKY+F+I      26922.352   part1.2+part2.2+part3.2	0h:2m:33s (0h:1m:16s left)
 142 HKY+F+I+G4   27153.454   part1.2+part2.2+part4.3	0h:2m:33s (0h:1m:14s left)
 143 HKY+F+I      27085.955   part1.2+part2.2+part3.3	0h:2m:36s (0h:1m:14s left)
 144 HKY+F+G4     27116.400   part1.2+part2.2+part2.3	0h:2m:36s (0h:1m:12s left)
 145 HKY+F+G4     27149.105   part1.2+part2.2+part5.1	0h:2m:37s (0h:1m:11s left)
Merging part1.2+part2.1+part2.2 with BIC score: 26911.069 (LnL: -10305.240  df: 819)
 146 TPM3u+F+I    26465.912   part1.2+part2.1+part2.2+part3.2	0h:2m:41s (0h:1m:11s left)
 147 K3Pu+F+I     26655.522   part1.2+part2.1+part2.2+part3.3	0h:2m:44s (0h:1m:11s left)
 148 GTR+F+I      26476.411   part1.1+part1.2+part2.1+part2.2	0h:2m:45s (0h:1m:10s left)
 149 K3Pu+F+I+G4  26712.018   part1.2+part2.1+part2.2+part2.3	0h:2m:48s (0h:1m:9s left)
 150 HKY+F+I+G4   26717.984   part1.2+part2.1+part2.2+part5.1	0h:2m:49s (0h:1m:8s left)
 151 TIM+F+I+G4   26794.091   part1.2+part1.3+part2.1+part2.2	0h:2m:49s (0h:1m:7s left)
 152 HKY+F+I+G4   26788.780   part1.2+part2.1+part2.2+part5.3	0h:2m:50s (0h:1m:6s left)
 153 TIM+F+I+G4   26725.298   part1.2+part2.1+part2.2+part4.3	0h:2m:50s (0h:1m:4s left)
 154 GTR+F+I      26477.046   part1.2+part2.1+part2.2+part4.1+part4.2	0h:2m:53s (0h:1m:4s left)
 155 TIMe+G4      26664.101   part1.2+part2.1+part2.2+part5.2	0h:2m:53s (0h:1m:2s left)
 156 TIM3+F+I     26526.796   part1.2+part2.1+part2.2+part3.1	0h:2m:54s (0h:1m:1s left)
Merging part5.1+part5.3 with BIC score: 26453.369 (LnL: -10337.953  df: 751)
 157 K2P+G4       26034.884   part3.1+part5.1+part5.3	0h:3m:6s (0h:1m:4s left)
 158 K2P+G4       26154.615   part1.1+part5.1+part5.3	0h:3m:7s (0h:1m:2s left)
 159 TN+F+G4      26063.408   part3.2+part5.1+part5.3	0h:3m:7s (0h:1m:1s left)
 160 TNe+G4       26003.419   part3.3+part5.1+part5.3	0h:3m:8s (0h:1m:0s left)
 161 K2P+G4       26034.189   part2.3+part5.1+part5.3	0h:3m:9s (0h:0m:58s left)
 162 K2P+G4       26028.227   part4.3+part5.1+part5.3	0h:3m:11s (0h:0m:58s left)
 163 K2P+G4       26028.121   part5.1+part5.2+part5.3	0h:3m:12s (0h:0m:56s left)
 164 K2P+G4       26050.888   part1.3+part5.1+part5.3	0h:3m:12s (0h:0m:55s left)
 165 K2P+G4       26105.388   part4.1+part4.2+part5.1+part5.3	0h:3m:16s (0h:0m:54s left)
 166 K2P+G4       26425.334   part1.2+part2.1+part2.2+part5.1+part5.3	0h:3m:17s (0h:0m:53s left)
Merging part3.1+part3.2 with BIC score: 25995.954 (LnL: -10355.422  df: 687)
 167 TNe+G4       25568.359   part1.1+part3.1+part3.2	0h:3m:22s (0h:0m:53s left)
 168 K2P+G4       25586.803   part3.1+part3.2+part3.3	0h:3m:25s (0h:0m:52s left)
 169 K2P+G4       25546.033   part3.1+part3.2+part4.1+part4.2	0h:3m:27s (0h:0m:51s left)
 170 HKY+F+G4     25623.359   part2.3+part3.1+part3.2	0h:3m:29s (0h:0m:50s left)
 171 K2P+G4       25669.112   part1.3+part3.1+part3.2	0h:3m:29s (0h:0m:48s left)
 172 K2P+G4       25589.957   part3.1+part3.2+part5.2	0h:3m:29s (0h:0m:47s left)
 173 HKY+F+I+G4   25653.450   part3.1+part3.2+part4.3	0h:3m:31s (0h:0m:46s left)
 174 TPM3u+F+I    25610.664   part1.2+part2.1+part2.2+part3.1+part3.2	0h:3m:33s (0h:0m:45s left)
 175 K2P+G4       25627.802   part3.1+part3.2+part5.1+part5.3	0h:3m:33s (0h:0m:43s left)
Merging part3.3+part5.1+part5.3 with BIC score: 25546.004 (LnL: -10388.164  df: 620)
 176 K2P+G4       25261.793   part1.1+part3.3+part5.1+part5.3	0h:3m:50s (0h:0m:45s left)
 177 TNe+G4       25187.956   part3.1+part3.2+part3.3+part5.1+part5.3	0h:3m:50s (0h:0m:44s left)
 178 K2P+G4       25210.653   part3.3+part4.1+part4.2+part5.1+part5.3	0h:3m:51s (0h:0m:42s left)
 179 TN+F+G4      25136.967   part2.3+part3.3+part5.1+part5.3	0h:3m:52s (0h:0m:41s left)
 180 K2P+G4       25125.715   part3.3+part4.3+part5.1+part5.3	0h:3m:52s (0h:0m:40s left)
 181 HKY+F+G4     25575.127   part1.2+part2.1+part2.2+part3.3+part5.1+part5.3	0h:3m:52s (0h:0m:38s left)
 182 K2P+G4       25146.223   part1.3+part3.3+part5.1+part5.3	0h:3m:53s (0h:0m:37s left)
 183 TNe+G4       25126.177   part3.3+part5.1+part5.2+part5.3	0h:3m:53s (0h:0m:35s left)
Merging part3.1+part3.2+part4.1+part4.2 with BIC score: 25096.083 (LnL: -10432.460  df: 550)
 184 K2P+G4       24759.769   part2.3+part3.1+part3.2+part4.1+part4.2	0h:4m:1s (0h:0m:35s left)
 185 K2P+G4       24660.473   part1.1+part3.1+part3.2+part4.1+part4.2	0h:4m:1s (0h:0m:33s left)
 186 TVMe+I       24714.428   part1.2+part2.1+part2.2+part3.1+part3.2+part4.1+part4.2	0h:4m:1s (0h:0m:32s left)
 187 K2P+G4       24800.261   part1.3+part3.1+part3.2+part4.1+part4.2	0h:4m:3s (0h:0m:31s left)
 188 K3P+G4       24715.962   part3.1+part3.2+part4.1+part4.2+part5.2	0h:4m:4s (0h:0m:29s left)
 189 K2P+I+G4     24798.096   part3.1+part3.2+part4.1+part4.2+part4.3	0h:4m:4s (0h:0m:28s left)
 190 K2P+G4       24815.050   part3.1+part3.2+part3.3+part4.1+part4.2+part5.1+part5.3	0h:4m:7s (0h:0m:27s left)
Merging part1.1+part3.1+part3.2+part4.1+part4.2 with BIC score: 24660.473 (LnL: -10456.985  df: 487)
 191 K2P+G4       24363.313   part1.1+part2.3+part3.1+part3.2+part4.1+part4.2	0h:4m:14s (0h:0m:26s left)
 192 TVMe+I       24271.796   part1.1+part1.2+part2.1+part2.2+part3.1+part3.2+part4.1+part4.2	0h:4m:16s (0h:0m:25s left)
 193 K2P+G4       24408.418   part1.1+part1.3+part3.1+part3.2+part4.1+part4.2	0h:4m:18s (0h:0m:24s left)
 194 K3P+G4       24308.987   part1.1+part3.1+part3.2+part4.1+part4.2+part5.2	0h:4m:18s (0h:0m:22s left)
 195 TIMe+I+G4    24402.529   part1.1+part3.1+part3.2+part4.1+part4.2+part4.3	0h:4m:18s (0h:0m:21s left)
 196 K2P+G4       24462.138   part1.1+part3.1+part3.2+part3.3+part4.1+part4.2+part5.1+part5.3	0h:4m:21s (0h:0m:19s left)
Merging part3.3+part4.3+part5.1+part5.3 with BIC score: 24240.184 (LnL: -10516.096  df: 417)
 197 K2P+G4       23834.982   part2.3+part3.3+part4.3+part5.1+part5.3	0h:4m:35s (0h:0m:19s left)
 198 HKY+F+I+G4   24353.098   part1.2+part2.1+part2.2+part3.3+part4.3+part5.1+part5.3	0h:4m:35s (0h:0m:18s left)
 199 K2P+G4       24097.602   part1.1+part3.1+part3.2+part3.3+part4.1+part4.2+part4.3+part5.1+part5.3	0h:4m:36s (0h:0m:16s left)
 200 K2P+G4       23832.616   part1.3+part3.3+part4.3+part5.1+part5.3	0h:4m:36s (0h:0m:15s left)
 201 K2P+G4       23835.796   part3.3+part4.3+part5.1+part5.2+part5.3	0h:4m:36s (0h:0m:13s left)
Merging part1.3+part3.3+part4.3+part5.1+part5.3 with BIC score: 23832.616 (LnL: -10554.642  df: 354)
 202 K2P+I+G4     24001.742   part1.2+part1.3+part2.1+part2.2+part3.3+part4.3+part5.1+part5.3	0h:4m:49s (0h:0m:12s left)
 203 K2P+G4       23428.294   part1.3+part2.3+part3.3+part4.3+part5.1+part5.3	0h:4m:50s (0h:0m:11s left)
 204 K2P+G4       23715.887   part1.1+part1.3+part3.1+part3.2+part3.3+part4.1+part4.2+part4.3+part5.1+part5.3	0h:4m:50s (0h:0m:9s left)
 205 K2P+G4       23432.425   part1.3+part3.3+part4.3+part5.1+part5.2+part5.3	0h:4m:51s (0h:0m:8s left)
Merging part1.3+part2.3+part3.3+part4.3+part5.1+part5.3 with BIC score: 23428.294 (LnL: -10629.430  df: 282)
 206 K2P+G4       23309.766   part1.1+part1.3+part2.3+part3.1+part3.2+part3.3+part4.1+part4.2+part4.3+part5.1+part5.3	0h:5m:5s (0h:0m:7s left)
 207 K2P+G4       23023.236   part1.3+part2.3+part3.3+part4.3+part5.1+part5.2+part5.3	0h:5m:6s (0h:0m:5s left)
 208 HKY+F+I+G4   23592.165   part1.2+part1.3+part2.1+part2.2+part2.3+part3.3+part4.3+part5.1+part5.3	0h:5m:6s (0h:0m:4s left)
Merging part1.3+part2.3+part3.3+part4.3+part5.1+part5.2+part5.3 with BIC score: 23023.236 (LnL: -10688.464  df: 214)
 209 HKY+F+G4     23200.243   part1.2+part1.3+part2.1+part2.2+part2.3+part3.3+part4.3+part5.1+part5.2+part5.3	0h:5m:19s (0h:0m:3s left)
 210 K2P+G4       22893.889   part1.1+part1.3+part2.3+part3.1+part3.2+part3.3+part4.1+part4.2+part4.3+part5.1+part5.2+part5.3	0h:5m:19s (0h:0m:1s left)
Merging part1.1+part1.2+part2.1+part2.2+part3.1+part3.2+part4.1+part4.2 with BIC score: 22634.558 (LnL: -10774.921  df: 141)
 211 K2P+I+G4     22901.541   part1.1+part1.2+part1.3+part2.1+part2.2+part2.3+part3.1+part3.2+part3.3+part4.1+part4.2+part4.3+part5.1+part5.2+part5.3	0h:5m:33s (0h:0m:0s left)
BEST-FIT PARTITION MODEL: 
  charpartition BIC = TVMe+I: part1.1 part1.2 part2.1 part2.2 part3.1 part3.2 part4.1 part4.2, K2P+G4: part1.3 part2.3 part3.3 part4.3 part5.1 part5.2 part5.3;
Agglomerative model selection: (((part1.1,((part3.1,part3.2)5:25996,(part4.1,part4.2)1:27858.3)7:25096.1)8:24660.5,((part1.2,part2.2)2:27376.1,part2.1)3:26911.1)13:22634.6,(((part1.3,((part3.3,(part5.1,part5.3)4:26453.4)6:25546,part4.3)9:24240.2)10:23832.6,part2.3)11:23428.3,part5.2)12:23023.2)
Merging into 2 partitions...
Partition information was printed to 6_set189.best_scheme.nex
Partition information in Raxml format was printed to 6_set189.best_scheme

All model information printed to 6_set189.model.gz
CPU time for ModelFinder: 410.905 seconds (0h:6m:50s)
Wall-clock time for ModelFinder: 335.708 seconds (0h:5m:35s)
Generating 1000 samples for ultrafast bootstrap (seed: 163220)...

NOTE: 6 MB RAM (0 GB) is required!
Measuring multi-threading efficiency up to 8 CPU cores
Increase to 10 rounds for branch lengths
53 trees examined
Threads: 1 / Time: 8.040 sec / Speedup: 1.000 / Efficiency: 100% / LogL: -16147
Threads: 2 / Time: 6.731 sec / Speedup: 1.194 / Efficiency: 60% / LogL: -16147
Threads: 3 / Time: 24.458 sec / Speedup: 0.329 / Efficiency: 11% / LogL: -16147
BEST NUMBER OF THREADS: 2

Estimate model parameters (epsilon = 0.100)
Optimizing K2P+G4 parameters for partition part1.3+part2.3+part3.3+part4.3+part5.1+part5.2+part5.3 (69 free parameters)
Optimizing TVMe+I parameters for partition part1.1+part1.2+part2.1+part2.2+part3.1+part3.2+part4.1+part4.2 (72 free parameters)
Optimal log-likelihood: -10774.918
Computing ML distances based on estimated model parameters... 0.020 sec
Computing BIONJ tree...
0.007 seconds
Log-likelihood of BIONJ tree: -10777.121
--------------------------------------------------------------------
|             INITIALIZING CANDIDATE TREE SET                      |
--------------------------------------------------------------------
Generating 98 parsimony trees... 2.622 second
Computing log-likelihood of 98 initial trees ... 4.249 seconds
Current best score: -10774.904

Do NNI search on 20 best initial trees
Estimate model parameters (epsilon = 0.100)
BETTER TREE FOUND at iteration 1: -10774.891
UPDATE BEST LOG-LIKELIHOOD: -10774.883
Iteration 10 / LogL: -10781.724 / Time: 0h:0m:52s
Iteration 20 / LogL: -10774.892 / Time: 0h:1m:3s
Finish initializing candidate tree set (4)
Current best tree score: -10774.883 / CPU time: 22.970
Number of iterations: 20
--------------------------------------------------------------------
|               OPTIMIZING CANDIDATE TREE SET                      |
--------------------------------------------------------------------
UPDATE BEST LOG-LIKELIHOOD: -10774.883
UPDATE BEST LOG-LIKELIHOOD: -10774.882
Iteration 30 / LogL: -10774.882 / Time: 0h:1m:15s (0h:3m:3s left)
UPDATE BEST LOG-LIKELIHOOD: -10774.882
Iteration 40 / LogL: -10775.572 / Time: 0h:1m:25s (0h:2m:13s left)
Iteration 50 / LogL: -10774.883 / Time: 0h:1m:34s (0h:1m:37s left)
Log-likelihood cutoff on original alignment: -10822.934
Iteration 60 / LogL: -10808.576 / Time: 0h:1m:42s (0h:1m:10s left)
Iteration 70 / LogL: -10775.575 / Time: 0h:1m:50s (0h:0m:49s left)
UPDATE BEST LOG-LIKELIHOOD: -10774.881
Iteration 80 / LogL: -10774.884 / Time: 0h:2m:2s (0h:0m:32s left)
Iteration 90 / LogL: -10775.573 / Time: 0h:2m:10s (0h:0m:16s left)
Iteration 100 / LogL: -10774.885 / Time: 0h:2m:18s (0h:0m:1s left)
Log-likelihood cutoff on original alignment: -10820.669
NOTE: Bootstrap correlation coefficient of split occurrence frequencies: 0.999
TREE SEARCH COMPLETED AFTER 102 ITERATIONS / Time: 0h:2m:20s

--------------------------------------------------------------------
|                    FINALIZING TREE SEARCH                        |
--------------------------------------------------------------------
Performs final model parameters optimization
Estimate model parameters (epsilon = 0.010)
Optimizing K2P+G4 parameters for partition part1.3+part2.3+part3.3+part4.3+part5.1+part5.2+part5.3 (69 free parameters)
Optimizing TVMe+I parameters for partition part1.1+part1.2+part2.1+part2.2+part3.1+part3.2+part4.1+part4.2 (72 free parameters)
Optimal log-likelihood: -10774.881
BEST SCORE FOUND : -10774.881
Creating bootstrap support values...
Split supports printed to NEXUS file 6_set189.splits.nex
Total tree length: 0.766

Total number of iterations: 102
CPU time used for tree search: 38.868 sec (0h:0m:38s)
Wall-clock time used for tree search: 99.462 sec (0h:1m:39s)
Total CPU time used: 54.778 sec (0h:0m:54s)
Total wall-clock time used: 140.513 sec (0h:2m:20s)

Computing bootstrap consensus tree...
Reading input file 6_set189.splits.nex...
35 taxa and 153 splits.
Consensus tree written to 6_set189.contree
Reading input trees file 6_set189.contree
Log-likelihood of consensus tree: -10774.890

Analysis results written to: 
  IQ-TREE report:                6_set189.iqtree
  Maximum-likelihood tree:       6_set189.treefile
  Likelihood distances:          6_set189.mldist
  Best partitioning scheme:      6_set189.best_scheme.nex
           in RAxML format:      6_set189.best_scheme

Ultrafast bootstrap approximation results written to:
  Split support values:          6_set189.splits.nex
  Consensus tree:                6_set189.contree
  Screen log file:               6_set189.log

Date and Time: Sat Sep  8 01:54:17 2018
