IQ-TREE multicore version 1.6.7 for Mac OS X 64-bit built Aug 23 2018
Developed by Bui Quang Minh, Nguyen Lam Tung, Olga Chernomor,
Heiko Schmidt, Dominik Schrempf, Michael Woodhams.

Host:    meeps-mac-pro.staff.sydney.edu.au (AVX, 64 GB RAM)
Command: /Users/davidduchene/Desktop/Software/iqtree-1.6.7-MacOSX/bin/iqtree -s ../../../../marsupials/set61.fasta -m TESTMERGE -bb 1000 -sp ../../../../marsupials/set61.nex -nt AUTO -pre 6_set61
Seed:    615816 (Using SPRNG - Scalable Parallel Random Number Generator)
Time:    Fri Sep  7 00:57:38 2018
Kernel:  AVX - auto-detect threads (8 CPU cores detected)

Reading partition model file ../../../../marsupials/set61.nex ...
Reading alignment file ../../../../marsupials/set61.fasta ... Fasta format detected
Alignment most likely contains DNA/RNA sequences
Alignment has 37 sequences with 2289 columns, 852 distinct patterns
606 parsimony-informative, 228 singleton sites, 1455 constant sites
                                              Gap/Ambiguity  Composition  p-value
   1  Burramyidae_Burramys_parvus                     1.18%    passed     32.40%
   2  Notoryctidae_Notoryctes_typhlops                1.66%    passed      6.13%
   3  Vombatidae_Lasiorhinus_latifrons                0.52%    passed     97.83%
   4  Potoroidae_Bettongia_penicillata                0.17%    passed     77.57%
   5  Potoroidae_Bettongia_lesueur                    0.17%    passed     73.88%
   6  Dasyuridae_Dasyurus_maculatus                   0.17%    failed      1.44%
   7  Phalangeridae_Trichosurus_vulpecula             0.13%    passed     78.80%
   8  Phalangeridae_Spilocuscus_maculatus             2.23%    passed     61.97%
   9  Potoroidae_Aepyprymnus_rufescens                0.17%    passed     51.04%
  10  Peramelidae_Perameles_nasuta                    0.04%    passed     16.53%
  11  Myrmecobiidae_Myrmecobius_fasciatus1           92.53%    failed      2.85%
  12  Phalangeridae_Strigocuscus_pelengensis          9.44%    passed     93.07%
  13  Dasyuridae_Phascogale_tapoatafa                 2.75%    failed      0.68%
  14  Dasyuridae_Sminthopsis_macroura                 0.13%    passed     20.10%
  15  Phalangeridae_Phalanger_orientalis              0.48%    passed     96.10%
  16  Acrobatidae_Acrobates_pygmaeus                  0.00%    passed     83.17%
  17  Dasyuridae_Phascogale_calura                    0.48%    failed      0.38%
  18  Dasyuridae_Sarcophilus_harrisii                 0.70%    failed      0.30%
  19  Dasyuridae_Planigale_tenuirostris               6.77%    passed     13.08%
  20  Peramelidae_Echymipera_kalubu                   0.00%    passed     20.47%
  21  Macropodidae_Dorcopsulus_vanheurni              0.83%    passed     84.83%
  22  Pseudochiridae_Pseudochirulus_forbesi           0.00%    passed     92.18%
  23  Didelphidae_Didelphis_virginiana                2.45%    passed     96.21%
  24  Marmosidae_Monodelphis_domestica                0.22%    passed     85.03%
  25  Dasyuridae_Antechinus_stuartii                  5.07%    failed      0.35%
  26  Hypsiprymnodontidae_Hypsiprymnodon_moschatus    0.39%    passed     62.42%
  27  Microbiotheriidae_Dromiciops_gliroides          2.71%    passed     92.49%
  28  Pseudochiridae_Petauroides_volans               0.35%    passed     99.62%
  29  Macropodidae_Wallabia_bicolor                   0.35%    passed     72.85%
  30  Pseudochiridae_Pseudocheirus_occidentalis       0.04%    passed     98.66%
  31  Tarsipedidae_Tarsipes_rostratus                 2.97%    passed     72.56%
  32  Acrobatidae_Distoechurus_pennatus               0.13%    passed     74.48%
  33  Myrmecobiidae_Myrmecobius_fasciatus2           92.53%    failed      2.85%
  34  Phalangeridae_Phalanger_carmelitae              0.17%    passed     97.32%
  35  Peramelidae_Peroryctes_raffrayana               0.35%    passed     11.93%
  36  Dasyuridae_Dasyurus_geffroii                    1.40%    failed      0.39%
  37  Peramelidae_Perameles_gunnii                    0.31%    passed     16.88%
WARNING: 2 sequences contain more than 50% gaps/ambiguity
****  TOTAL                                           6.22%  8 sequences failed composition chi2 test (p-value<5%; df=3)
NOTE: No CharPartition defined, use all CharSets

Loading 15 partitions...
Subset	Type	Seqs	Sites	Infor	Invar	Model	Name
1		37	75	7	56	TESTMERGE	part1.1
2		37	75	1	69	TESTMERGE	part1.2
3		37	75	43	16	TESTMERGE	part1.3
4		35	180	14	145	TESTMERGE	part2.1
5		35	180	4	165	TESTMERGE	part2.2
6		35	180	103	58	TESTMERGE	part2.3
7		35	221	27	179	TESTMERGE	part3.1
8		35	221	12	198	TESTMERGE	part3.2
9		35	221	121	65	TESTMERGE	part3.3
10		35	177	35	129	TESTMERGE	part4.1
11		35	177	31	139	TESTMERGE	part4.2
12		35	177	114	38	TESTMERGE	part4.3
13		35	110	16	88	TESTMERGE	part5.1
14		35	110	12	90	TESTMERGE	part5.2
15		35	110	66	20	TESTMERGE	part5.3
Degree of missing data: 0.049
Info: multi-threading strategy over partitions

NOTE: Myrmecobiidae_Myrmecobius_fasciatus2 is identical to Myrmecobiidae_Myrmecobius_fasciatus1 but kept for subsequent analysis


Create initial parsimony tree by phylogenetic likelihood library (PLL)... 0.008 seconds
NOTE: ModelFinder requires 9 MB RAM!
NUMBER OF THREADS FOR PARTITION FINDING: 8
Testing GTR+F+G on supermatrix...
GTR+F+G4 / LnL: -13507.396 / df: 80 / AIC: 27174.793 / AICc: 27180.662 / BIC: 27633.662
Selecting individual models for 15 charsets using BIC...
 No. Model        Score       Charset
   1 TPM2+F+G4    1609.827    part4.2
   2 HKY+F+G4     1874.941    part4.1
   3 TNe+G4       1878.004    part3.1
   4 K2P+G4       1726.180    part1.3
   5 TPM2+F+G4    3718.497    part2.3
   6 K3Pu+F+G4    2812.637    part5.3
   7 K3Pu+F       772.935     part1.1
   8 TIM3e+G4     4254.318    part4.3
   9 K2P+G4       1108.086    part5.1
  10 JC           1023.524    part2.2	0h:0m:16s (0h:5m:34s left)
  11 K2P+I        1473.492    part3.2	0h:0m:17s (0h:5m:19s left)
  12 TPM3u+F+G4   4680.168    part3.3	0h:0m:17s (0h:4m:51s left)
  13 K2P+G4       1340.059    part2.1	0h:0m:17s (0h:4m:30s left)
  14 K2P+G4       1001.716    part5.2	0h:0m:18s (0h:4m:16s left)
  15 HKY+F+I+G4   602.428     part1.2	0h:0m:20s (0h:4m:32s left)
Full partition model BIC score: 32869.795 (LnL: -12280.735  df:1074)
Merging models to increase model fit (about 211 total partition schemes)...
  16 TPM3u+F+I+G4 32573.655   part3.1+part3.3	0h:0m:32s (0h:6m:35s left)
  17 TPM2+F+G4    32429.370   part2.3+part5.3	0h:0m:33s (0h:6m:19s left)
  18 K3Pu+F+G4    32433.514   part4.3+part5.3	0h:0m:35s (0h:6m:22s left)
  19 HKY+F+G4     32440.454   part2.3+part4.3	0h:0m:37s (0h:6m:21s left)
  20 TVM+F+G4     32444.794   part1.3+part3.3	0h:0m:40s (0h:6m:22s left)
  21 TPM2+F+G4    32406.933   part2.3+part3.3	0h:0m:40s (0h:6m:6s left)
  22 TVM+F+G4     32402.057   part3.3+part5.3	0h:0m:41s (0h:5m:53s left)
  23 HKY+F+G4     32425.454   part3.3+part4.3	0h:0m:42s (0h:5m:46s left)
  24 TIM3+F+I+G4  32588.347   part3.3+part4.1	0h:0m:49s (0h:6m:22s left)
  25 TPM3u+F+I+G4 32623.449   part3.3+part4.2	0h:0m:50s (0h:6m:18s left)
  26 TPM3u+F+I+G4 32708.825   part2.1+part3.3	0h:0m:55s (0h:6m:36s left)
  27 TPM3u+F+I+G4 32529.726   part3.3+part5.1	0h:0m:57s (0h:6m:30s left)
  28 TN+F+I+G4    32629.460   part3.2+part3.3	0h:0m:57s (0h:6m:16s left)
  29 HKY+F+G4     32531.056   part3.3+part5.2	0h:0m:57s (0h:6m:2s left)
  30 TPM3u+F+G4   32446.882   part1.1+part3.3	0h:0m:57s (0h:5m:49s left)
  31 TIM3e+G4     32453.784   part1.3+part4.3	0h:0m:58s (0h:5m:40s left)
  32 K2P+I+G4     32569.516   part3.1+part4.3	0h:1m:3s (0h:5m:52s left)
  33 TN+F+I+G4    32510.337   part1.2+part3.3	0h:1m:4s (0h:5m:46s left)
  34 TPM2+F+G4    32429.710   part1.3+part2.3	0h:1m:5s (0h:5m:40s left)
  35 TNe+G4       32500.431   part2.3+part3.1	0h:1m:5s (0h:5m:29s left)
  36 HKY+F+I+G4   32721.608   part2.2+part3.3	0h:1m:6s (0h:5m:21s left)
  37 TIM3e+G4     32544.153   part4.1+part4.3	0h:1m:8s (0h:5m:21s left)
  38 TNe+I+G4     32600.655   part4.2+part4.3	0h:1m:8s (0h:5m:12s left)
  39 HKY+F+G4     32479.220   part1.1+part4.3	0h:1m:12s (0h:5m:19s left)
  40 TNe+G4       32504.612   part2.3+part4.1	0h:1m:16s (0h:5m:27s left)
  41 TIM3e+I+G4   32624.394   part3.2+part4.3	0h:1m:17s (0h:5m:19s left)
  42 TIM3e+G4     32672.666   part2.1+part4.3	0h:1m:19s (0h:5m:19s left)
  43 TIM3e+G4     32525.472   part4.3+part5.2	0h:1m:19s (0h:5m:10s left)
  44 TIM3e+G4     32530.354   part4.3+part5.1	0h:1m:19s (0h:5m:3s left)
  45 TIM2e+G4     32541.917   part2.3+part4.2	0h:1m:20s (0h:4m:57s left)
  46 TPM2+F+G4    32440.228   part1.1+part2.3	0h:1m:22s (0h:4m:54s left)
  47 HKY+F+G4     32556.013   part2.3+part3.2	0h:1m:24s (0h:4m:55s left)
  48 TNe+G4       32590.631   part2.1+part2.3	0h:1m:27s (0h:4m:57s left)
  49 TIM3e+G4     32477.994   part1.2+part4.3	0h:1m:28s (0h:4m:53s left)
  50 TNe+G4       32490.272   part2.3+part5.1	0h:1m:31s (0h:4m:53s left)
  51 HKY+F+G4     32489.920   part2.3+part5.2	0h:1m:32s (0h:4m:48s left)
  52 K3Pu+F+G4    32424.025   part1.3+part5.3	0h:1m:33s (0h:4m:46s left)
  53 K2P+G4       32449.735   part1.2+part2.3	0h:1m:34s (0h:4m:42s left)
  54 TIM3e+I+G4   32677.907   part2.2+part4.3	0h:1m:34s (0h:4m:35s left)
  55 TNe+G4       32545.005   part3.1+part5.3	0h:1m:37s (0h:4m:36s left)
  56 TNe+G4       32612.087   part2.2+part2.3	0h:1m:40s (0h:4m:37s left)
  57 TNe+G4       32543.277   part4.1+part5.3	0h:1m:40s (0h:4m:32s left)
  58 TNe+G4       32582.878   part4.2+part5.3	0h:1m:41s (0h:4m:27s left)
  59 K3Pu+F+G4    32458.056   part1.1+part5.3	0h:1m:45s (0h:4m:31s left)
  60 K2P+G4       32507.998   part1.3+part3.1	0h:1m:45s (0h:4m:25s left)
  61 HKY+F+I+G4   32605.353   part3.2+part5.3	0h:1m:45s (0h:4m:20s left)
  62 TIM+F+G4     32679.303   part2.1+part5.3	0h:1m:46s (0h:4m:15s left)
  63 K3Pu+F+G4    32537.646   part5.1+part5.3	0h:1m:48s (0h:4m:14s left)
  64 HKY+F+G4     32533.568   part5.2+part5.3	0h:1m:50s (0h:4m:14s left)
  65 TPM2u+F+G4   32494.367   part1.2+part5.3	0h:1m:53s (0h:4m:14s left)
  66 K2P+G4       32484.574   part1.3+part4.1	0h:1m:53s (0h:4m:8s left)
  67 K2P+G4       32510.207   part1.3+part4.2	0h:1m:56s (0h:4m:9s left)
  68 TNe+G4       32667.391   part2.2+part5.3	0h:1m:56s (0h:4m:5s left)
  69 K3Pu+F+G4    32423.857   part1.1+part1.3	0h:1m:59s (0h:4m:4s left)
  70 HKY+F+I+G4   32407.413   part3.1+part4.1	0h:2m:1s (0h:4m:4s left)
  71 K2P+G4       32538.324   part1.3+part3.2	0h:2m:4s (0h:4m:5s left)
  72 K2P+G4       32478.344   part1.3+part5.1	0h:2m:11s (0h:4m:13s left)
  73 TIM2e+I+G4   32437.400   part3.1+part4.2	0h:2m:11s (0h:4m:8s left)
  74 K2P+G4       32564.026   part1.3+part2.1	0h:2m:14s (0h:4m:8s left)
  75 K2P+G4       32474.310   part1.3+part5.2	0h:2m:18s (0h:4m:10s left)
  76 TNe+I+G4     32375.733   part3.1+part3.2	0h:2m:19s (0h:4m:7s left)
  77 K2P+I+G4     32470.155   part2.1+part3.1	0h:2m:28s (0h:4m:18s left)
  78 TIM3e+G4     32390.328   part1.1+part3.1	0h:2m:30s (0h:4m:16s left)
  79 TPM2u+F+I+G4 32383.837   part4.1+part4.2	0h:2m:36s (0h:4m:20s left)
  80 TNe+I+G4     32410.603   part3.1+part5.1	0h:2m:42s (0h:4m:26s left)
  81 TNe+G4       32400.422   part3.1+part5.2	0h:2m:43s (0h:4m:22s left)
  82 K2P+G4       32422.810   part1.2+part1.3	0h:2m:49s (0h:4m:26s left)
  83 HKY+F+G4     32428.475   part1.1+part4.1	0h:3m:28s (0h:5m:21s left)
  84 TIM2e+G4     32407.976   part1.1+part4.2	0h:3m:31s (0h:5m:20s left)
  85 HKY+F+G4     32495.468   part2.1+part4.1	0h:3m:32s (0h:5m:14s left)
  86 TNe+I+G4     32443.798   part3.2+part4.1	0h:3m:42s (0h:5m:23s left)
  87 HKY+F+G4     32420.048   part4.1+part5.2	0h:3m:43s (0h:5m:18s left)
  88 K2P+G4       32585.266   part1.3+part2.2	0h:3m:50s (0h:5m:21s left)
  89 TNe+I+G4     32358.746   part1.2+part3.1	0h:3m:50s (0h:5m:16s left)
  90 HKY+F+G4     32401.784   part4.1+part5.1	0h:3m:52s (0h:5m:13s left)
  91 TIM2e+G4     32478.451   part2.1+part4.2	0h:4m:1s (0h:5m:18s left)
  92 K2P+I        32439.750   part3.2+part4.2	0h:4m:1s (0h:5m:12s left)
  93 K2P+I        32445.400   part2.1+part3.2	0h:4m:5s (0h:5m:11s left)
  94 TIM3e+I+G4   32461.147   part2.2+part3.1	0h:4m:6s (0h:5m:7s left)
  95 K2P+I        32392.419   part1.1+part3.2	0h:4m:6s (0h:5m:1s left)
  96 TIM2e+I+G4   32417.176   part4.2+part5.1	0h:4m:6s (0h:4m:55s left)
  97 K3P+G4       32420.715   part1.1+part2.1	0h:4m:11s (0h:4m:55s left)
  98 K3P+G4       32412.901   part4.2+part5.2	0h:4m:16s (0h:4m:55s left)
  99 HKY+F+I+G4   32396.408   part1.2+part4.1	0h:4m:16s (0h:4m:50s left)
 100 K3P+G4       32410.507   part1.1+part5.1	0h:4m:18s (0h:4m:46s left)
 101 K2P+G4       32397.461   part1.1+part5.2	0h:4m:18s (0h:4m:41s left)
 102 K2P+G4       32440.691   part2.1+part5.1	0h:4m:29s (0h:4m:47s left)
 103 K2P+G4       32428.255   part2.1+part5.2	0h:4m:30s (0h:4m:44s left)
 104 TNe+I+G4     32407.097   part3.2+part5.1	0h:4m:33s (0h:4m:41s left)
 105 TIM3e+I      32391.807   part3.2+part5.2	0h:4m:33s (0h:4m:36s left)
 106 K2P+G4       32322.823   part1.1+part1.2	0h:4m:36s (0h:4m:33s left)
 107 TN+F+I+G4    32493.729   part2.2+part4.1	0h:4m:37s (0h:4m:29s left)
 108 TPM2u+F+G4   32368.790   part1.2+part4.2	0h:4m:39s (0h:4m:26s left)
 109 K2P+G4       32381.087   part5.1+part5.2	0h:4m:41s (0h:4m:23s left)
 110 K3P+G4       32371.183   part1.2+part2.1	0h:4m:41s (0h:4m:18s left)
 111 HKY+F+I      32443.816   part2.2+part4.2	0h:4m:42s (0h:4m:14s left)
 112 TN+F+I       32359.599   part1.2+part3.2	0h:4m:44s (0h:4m:11s left)
 113 TNe+I+G4     32376.241   part1.2+part5.1	0h:4m:45s (0h:4m:7s left)
 114 K2P          32417.352   part1.1+part2.2	0h:4m:45s (0h:4m:2s left)
 115 K2P+I        32424.883   part2.2+part3.2	0h:4m:46s (0h:3m:59s left)
 116 K2P+I        32366.910   part1.2+part5.2	0h:4m:48s (0h:3m:56s left)
 117 K2P+I        32424.081   part2.2+part5.2	0h:4m:48s (0h:3m:52s left)
 118 K2P+I        32386.794   part2.1+part2.2	0h:4m:48s (0h:3m:47s left)
 119 K2P+I        32436.534   part2.2+part5.1	0h:4m:49s (0h:3m:43s left)
 120 K2P          32367.420   part1.2+part2.2	0h:4m:49s (0h:3m:39s left)
Merging part1.1+part1.2 with BIC score: 32322.823 (LnL: -12316.684  df: 994)
 121 TIM2e+G4     31868.113   part1.1+part1.2+part4.2	0h:5m:38s (0h:4m:11s left)
 122 K2P+G4       31874.668   part1.1+part1.2+part5.1	0h:5m:43s (0h:4m:10s left)
 123 K2P+G4       31875.426   part1.1+part1.2+part2.1	0h:5m:45s (0h:4m:7s left)
 124 TN+F+I       31849.357   part1.1+part1.2+part3.2	0h:5m:50s (0h:4m:5s left)
 125 TNe+G4       31893.591   part1.1+part1.2+part4.1	0h:5m:54s (0h:4m:4s left)
 126 K2P+G4       31868.588   part1.1+part1.2+part2.2	0h:6m:3s (0h:4m:5s left)
 127 K2P+G4       31857.770   part1.1+part1.2+part5.2	0h:6m:8s (0h:4m:3s left)
 128 TIM2+F+I+G4  32021.507   part1.1+part1.2+part3.3	0h:6m:12s (0h:4m:1s left)
 129 TIM3e+G4     31845.309   part1.1+part1.2+part3.1	0h:6m:12s (0h:3m:56s left)
 130 K2P+I+G4     32017.462   part1.1+part1.2+part4.3	0h:6m:14s (0h:3m:53s left)
 131 TPM2u+F+G4   32007.264   part1.1+part1.2+part5.3	0h:6m:16s (0h:3m:49s left)
 132 K2P+G4       31929.510   part1.1+part1.2+part1.3	0h:6m:16s (0h:3m:45s left)
 133 HKY+F+G4     31973.357   part1.1+part1.2+part2.3	0h:6m:17s (0h:3m:41s left)
Merging part3.1+part3.2 with BIC score: 31828.762 (LnL: -12332.673  df: 926)
 134 TNe+I+G4     31420.665   part3.1+part3.2+part4.2	0h:6m:44s (0h:3m:52s left)
 135 TNe+I+G4     31361.827   part3.1+part3.2+part5.2	0h:6m:45s (0h:3m:48s left)
 136 K2P+I+G4     31452.475   part2.1+part3.1+part3.2	0h:6m:46s (0h:3m:44s left)
 137 TNe+I+G4     31377.293   part3.1+part3.2+part5.1	0h:6m:47s (0h:3m:39s left)
 138 TNe+I+G4     31404.064   part3.1+part3.2+part4.1	0h:6m:56s (0h:3m:40s left)
 139 TNe+I+G4     31358.973   part1.1+part1.2+part3.1+part3.2	0h:6m:59s (0h:3m:37s left)
 140 K2P+I+G4     31647.354   part3.1+part3.2+part4.3	0h:7m:3s (0h:3m:34s left)
 141 HKY+F+I+G4   31651.284   part3.1+part3.2+part3.3	0h:7m:3s (0h:3m:30s left)
 142 TNe+I+G4     31416.435   part2.2+part3.1+part3.2	0h:7m:7s (0h:3m:27s left)
 143 K2P+I+G4     31528.147   part1.3+part3.1+part3.2	0h:7m:8s (0h:3m:23s left)
 144 K2P+I+G4     31591.624   part3.1+part3.2+part5.3	0h:7m:9s (0h:3m:19s left)
 145 K2P+I+G4     31553.104   part2.3+part3.1+part3.2	0h:7m:9s (0h:3m:15s left)
Merging part5.1+part5.2 with BIC score: 31340.054 (LnL: -12355.206  df: 857)
 146 K2P+G4       30938.625   part2.1+part5.1+part5.2	0h:7m:21s (0h:3m:16s left)
 147 K2P+G4       30902.006   part1.1+part1.2+part5.1+part5.2	0h:7m:22s (0h:3m:12s left)
 148 K2P+G4       30911.394   part4.2+part5.1+part5.2	0h:7m:23s (0h:3m:8s left)
 149 TNe+G4       30904.075   part4.1+part5.1+part5.2	0h:7m:25s (0h:3m:5s left)
 150 K2P+G4       31069.465   part5.1+part5.2+part5.3	0h:7m:27s (0h:3m:2s left)
 151 TNe+I+G4     30899.019   part3.1+part3.2+part5.1+part5.2	0h:7m:29s (0h:2m:58s left)
 152 TIM3e+I+G4   31088.657   part4.3+part5.1+part5.2	0h:7m:30s (0h:2m:54s left)
 153 HKY+F+I+G4   31084.122   part3.3+part5.1+part5.2	0h:7m:30s (0h:2m:50s left)
 154 K2P+I        30921.339   part2.2+part5.1+part5.2	0h:7m:31s (0h:2m:46s left)
 155 K2P+G4       30985.673   part1.3+part5.1+part5.2	0h:7m:32s (0h:2m:43s left)
 156 TNe+G4       31025.156   part2.3+part5.1+part5.2	0h:7m:33s (0h:2m:39s left)
Merging part4.1+part4.2 with BIC score: 30854.096 (LnL: -12386.851  df: 786)
 157 TPM2u+F+I+G4 30513.094   part2.1+part4.1+part4.2	0h:7m:54s (0h:2m:43s left)
 158 TIM2+F+I+G4  30475.081   part2.2+part4.1+part4.2	0h:8m:1s (0h:2m:41s left)
 159 HKY+F+I+G4   30444.776   part4.1+part4.2+part5.1+part5.2	0h:8m:13s (0h:2m:41s left)
 160 K2P+I+G4     30615.315   part4.1+part4.2+part5.3	0h:8m:20s (0h:2m:39s left)
 161 TIM2e+I+G4   30434.194   part1.1+part1.2+part4.1+part4.2	0h:8m:20s (0h:2m:35s left)
 162 TNe+I+G4     30473.936   part3.1+part3.2+part4.1+part4.2	0h:8m:20s (0h:2m:31s left)
 163 K2P+I+G4     30669.660   part3.3+part4.1+part4.2	0h:8m:22s (0h:2m:27s left)
 164 K2P+I+G4     30646.840   part4.1+part4.2+part4.3	0h:8m:25s (0h:2m:24s left)
 165 TPM2u+F+I+G4 30528.941   part1.3+part4.1+part4.2	0h:8m:27s (0h:2m:21s left)
 166 TIM2e+G4     30586.161   part2.3+part4.1+part4.2	0h:8m:28s (0h:2m:17s left)
Merging part2.1+part2.2 with BIC score: 30371.096 (LnL: -12404.503  df: 719)
 167 K2P+I+G4     29996.870   part2.1+part2.2+part5.1+part5.2	0h:8m:47s (0h:2m:18s left)
 168 K2P+G4       29931.043   part1.1+part1.2+part2.1+part2.2	0h:8m:48s (0h:2m:15s left)
 169 TPM2u+F+I+G4 30082.959   part2.1+part2.2+part4.1+part4.2	0h:8m:56s (0h:2m:13s left)
 170 K2P+I+G4     30149.655   part1.3+part2.1+part2.2	0h:8m:58s (0h:2m:9s left)
 171 TNe+I+G4     30299.948   part2.1+part2.2+part5.3	0h:9m:4s (0h:2m:7s left)
 172 TNe+I+G4     30225.370   part2.1+part2.2+part2.3	0h:9m:5s (0h:2m:3s left)
 173 HKY+F+I+G4   30392.029   part2.1+part2.2+part3.3	0h:9m:6s (0h:2m:0s left)
 174 TNe+I+G4     30330.287   part2.1+part2.2+part4.3	0h:9m:7s (0h:1m:56s left)
 175 K2P+I+G4     30029.974   part2.1+part2.2+part3.1+part3.2	0h:9m:7s (0h:1m:52s left)
Merging part1.1+part1.2+part3.1+part3.2 with BIC score: 29901.307 (LnL: -12436.496  df: 650)
 176 K2P+I+G4     29588.008   part1.1+part1.2+part1.3+part3.1+part3.2	0h:9m:26s (0h:1m:52s left)
 177 TNe+I+G4     29476.589   part1.1+part1.2+part3.1+part3.2+part5.1+part5.2	0h:9m:26s (0h:1m:48s left)
 178 TNe+I+G4     29568.619   part1.1+part1.2+part2.1+part2.2+part3.1+part3.2	0h:9m:28s (0h:1m:45s left)
 179 TNe+I+G4     29529.646   part1.1+part1.2+part3.1+part3.2+part4.1+part4.2	0h:9m:28s (0h:1m:41s left)
 180 HKY+F+I+G4   29657.779   part1.1+part1.2+part2.3+part3.1+part3.2	0h:9m:29s (0h:1m:38s left)
 181 HKY+F+I+G4   29688.647   part1.1+part1.2+part3.1+part3.2+part5.3	0h:9m:30s (0h:1m:34s left)
 182 K2P+I+G4     29753.704   part1.1+part1.2+part3.1+part3.2+part4.3	0h:9m:31s (0h:1m:31s left)
 183 TN+F+I+G4    29751.923   part1.1+part1.2+part3.1+part3.2+part3.3	0h:9m:32s (0h:1m:27s left)
Merging part3.3+part5.3 with BIC score: 29433.569 (LnL: -12477.250  df: 579)
 184 HKY+F+I+G4   29238.788   part3.3+part5.1+part5.2+part5.3	0h:9m:51s (0h:1m:26s left)
 185 TIM3+F+I+G4  29358.995   part3.3+part4.1+part4.2+part5.3	0h:9m:53s (0h:1m:23s left)
 186 HKY+F+I+G4   29577.235   part2.1+part2.2+part3.3+part5.3	0h:9m:53s (0h:1m:19s left)
 187 TVM+F+G4     28995.673   part1.3+part3.3+part5.3	0h:9m:58s (0h:1m:16s left)
 188 HKY+F+I+G4   29410.552   part1.1+part1.2+part3.1+part3.2+part3.3+part5.3	0h:9m:59s (0h:1m:13s left)
 189 TPM2u+F+G4   28988.206   part2.3+part3.3+part5.3	0h:10m:0s (0h:1m:9s left)
 190 K3Pu+F+G4    28997.578   part3.3+part4.3+part5.3	0h:10m:0s (0h:1m:6s left)
Merging part2.3+part3.3+part5.3 with BIC score: 28988.206 (LnL: -12544.664  df: 504)
 191 TPM2u+F+I+G4 28805.861   part2.3+part3.3+part5.1+part5.2+part5.3	0h:10m:18s (0h:1m:4s left)
 192 TN+F+I+G4    29152.235   part2.1+part2.2+part2.3+part3.3+part5.3	0h:10m:19s (0h:1m:1s left)
 193 TIM2+F+I+G4  28947.743   part2.3+part3.3+part4.1+part4.2+part5.3	0h:10m:20s (0h:0m:57s left)
 194 TPM2u+F+I+G4 29027.103   part1.1+part1.2+part2.3+part3.1+part3.2+part3.3+part5.3	0h:10m:25s (0h:0m:54s left)
 195 TVM+F+G4     28552.439   part1.3+part2.3+part3.3+part5.3	0h:10m:27s (0h:0m:51s left)
 196 TPM2+F+G4    28560.395   part2.3+part3.3+part4.3+part5.3	0h:10m:28s (0h:0m:48s left)
Merging part1.3+part2.3+part3.3+part5.3 with BIC score: 28552.439 (LnL: -12585.932  df: 437)
 197 TPM2u+F+I+G4 28385.641   part1.3+part2.3+part3.3+part5.1+part5.2+part5.3	0h:10m:52s (0h:0m:46s left)
 198 TN+F+I+G4    28752.751   part1.3+part2.1+part2.2+part2.3+part3.3+part5.3	0h:10m:53s (0h:0m:42s left)
 199 TIM2+F+I+G4  28532.147   part1.3+part2.3+part3.3+part4.1+part4.2+part5.3	0h:10m:53s (0h:0m:39s left)
 200 TPM2u+F+I+G4 28609.649   part1.1+part1.2+part1.3+part2.3+part3.1+part3.2+part3.3+part5.3	0h:10m:55s (0h:0m:36s left)
 201 TPM2+F+G4    28130.883   part1.3+part2.3+part3.3+part4.3+part5.3	0h:11m:0s (0h:0m:32s left)
Merging part1.1+part1.2+part3.1+part3.2+part5.1+part5.2 with BIC score: 28127.721 (LnL: -12640.461  df: 368)
 202 TNe+I+G4     27818.206   part1.1+part1.2+part2.1+part2.2+part3.1+part3.2+part5.1+part5.2	0h:11m:11s (0h:0m:29s left)
 203 TNe+I+G4     27753.251   part1.1+part1.2+part3.1+part3.2+part4.1+part4.2+part5.1+part5.2	0h:11m:14s (0h:0m:26s left)
 204 K2P+I+G4     28006.545   part1.1+part1.2+part3.1+part3.2+part4.3+part5.1+part5.2	0h:11m:16s (0h:0m:23s left)
 205 TPM2u+F+I+G4 28257.335   part1.1+part1.2+part1.3+part2.3+part3.1+part3.2+part3.3+part5.1+part5.2+part5.3	0h:11m:24s (0h:0m:20s left)
Merging part1.3+part2.3+part3.3+part4.3+part5.3 with BIC score: 27706.165 (LnL: -12712.042  df: 295)
 206 TN+F+I+G4    27942.219   part1.3+part2.1+part2.2+part2.3+part3.3+part4.3+part5.3	0h:11m:47s (0h:0m:17s left)
 207 TIM2+F+I+G4  27707.287   part1.3+part2.3+part3.3+part4.1+part4.2+part4.3+part5.3	0h:11m:48s (0h:0m:13s left)
 208 HKY+F+I+G4   27924.778   part1.1+part1.2+part1.3+part2.3+part3.1+part3.2+part3.3+part4.3+part5.1+part5.2+part5.3	0h:11m:51s (0h:0m:10s left)
Merging part1.1+part1.2+part3.1+part3.2+part4.1+part4.2+part5.1+part5.2 with BIC score: 27331.695 (LnL: -12811.034  df: 221)
 209 TNe+I+G4     27064.892   part1.1+part1.2+part2.1+part2.2+part3.1+part3.2+part4.1+part4.2+part5.1+part5.2	0h:12m:3s (0h:0m:6s left)
 210 TPM2u+F+I+G4 27672.796   part1.1+part1.2+part1.3+part2.3+part3.1+part3.2+part3.3+part4.1+part4.2+part4.3+part5.1+part5.2+part5.3	0h:12m:16s (0h:0m:3s left)
Merging part1.1+part1.2+part2.1+part2.2+part3.1+part3.2+part4.1+part4.2+part5.1+part5.2 with BIC score: 27064.892 (LnL: -12944.520  df: 152)
 211 TN+F+I+G4    27574.031   part1.1+part1.2+part1.3+part2.1+part2.2+part2.3+part3.1+part3.2+part3.3+part4.1+part4.2+part4.3+part5.1+part5.2+part5.3	0h:12m:40s (0h:0m:0s left)
BEST-FIT PARTITION MODEL: 
  charpartition BIC = TNe+I+G4: part1.1 part1.2 part2.1 part2.2 part3.1 part3.2 part4.1 part4.2 part5.1 part5.2, TPM2+F+G4: part1.3 part2.3 part3.3 part4.3 part5.3;
Agglomerative model selection: ((((((part1.1,part1.2)1:32322.8,(part3.1,part3.2)2:31828.8)6:29901.3,(part5.1,part5.2)3:31340.1)10:28127.7,(part4.1,part4.2)4:30854.1)12:27331.7,(part2.1,part2.2)5:30371.1)13:27064.9,((part1.3,(part2.3,(part3.3,part5.3)7:29433.6)8:28988.2)9:28552.4,part4.3)11:27706.2)
Merging into 2 partitions...
Partition information was printed to 6_set61.best_scheme.nex
Partition information in Raxml format was printed to 6_set61.best_scheme

All model information printed to 6_set61.model.gz
CPU time for ModelFinder: 519.863 seconds (0h:8m:39s)
Wall-clock time for ModelFinder: 761.062 seconds (0h:12m:41s)
Generating 1000 samples for ultrafast bootstrap (seed: 615816)...

NOTE: 7 MB RAM (0 GB) is required!
Measuring multi-threading efficiency up to 8 CPU cores
Increase to 10 rounds for branch lengths
26 trees examined
Threads: 1 / Time: 8.144 sec / Speedup: 1.000 / Efficiency: 100% / LogL: -20766
Threads: 2 / Time: 4.133 sec / Speedup: 1.970 / Efficiency: 99% / LogL: -20766
Threads: 3 / Time: 25.811 sec / Speedup: 0.316 / Efficiency: 11% / LogL: -20766
BEST NUMBER OF THREADS: 2

Estimate model parameters (epsilon = 0.100)
Optimizing TPM2+F+G4 parameters for partition part1.3+part2.3+part3.3+part4.3+part5.3 (77 free parameters)
Optimizing TNe+I+G4 parameters for partition part1.1+part1.2+part2.1+part2.2+part3.1+part3.2+part4.1+part4.2+part5.1+part5.2 (75 free parameters)
Optimal log-likelihood: -12943.081
Computing ML distances based on estimated model parameters... 0.046 sec
Computing BIONJ tree...
0.004 seconds
Log-likelihood of BIONJ tree: -12939.559
--------------------------------------------------------------------
|             INITIALIZING CANDIDATE TREE SET                      |
--------------------------------------------------------------------
Generating 98 parsimony trees... 3.408 second
Computing log-likelihood of 98 initial trees ... 4.652 seconds
Current best score: -12937.029

Do NNI search on 20 best initial trees
Estimate model parameters (epsilon = 0.100)
BETTER TREE FOUND at iteration 1: -12934.376
UPDATE BEST LOG-LIKELIHOOD: -12934.368
Iteration 10 / LogL: -12934.439 / Time: 0h:1m:15s
Iteration 20 / LogL: -12936.757 / Time: 0h:1m:29s
Finish initializing candidate tree set (4)
Current best tree score: -12934.368 / CPU time: 31.277
Number of iterations: 20
--------------------------------------------------------------------
|               OPTIMIZING CANDIDATE TREE SET                      |
--------------------------------------------------------------------
Iteration 30 / LogL: -12936.661 / Time: 0h:1m:38s (0h:4m:0s left)
Iteration 40 / LogL: -12934.490 / Time: 0h:1m:49s (0h:2m:51s left)
Iteration 50 / LogL: -12934.484 / Time: 0h:2m:0s (0h:2m:5s left)
Log-likelihood cutoff on original alignment: -12971.575
Iteration 60 / LogL: -12936.591 / Time: 0h:2m:10s (0h:1m:30s left)
Iteration 70 / LogL: -12934.417 / Time: 0h:2m:21s (0h:1m:3s left)
Iteration 80 / LogL: -12934.651 / Time: 0h:2m:30s (0h:0m:40s left)
Iteration 90 / LogL: -12934.395 / Time: 0h:2m:39s (0h:0m:19s left)
Iteration 100 / LogL: -12936.996 / Time: 0h:2m:47s (0h:0m:1s left)
Log-likelihood cutoff on original alignment: -12971.575
NOTE: Bootstrap correlation coefficient of split occurrence frequencies: 1.000
TREE SEARCH COMPLETED AFTER 102 ITERATIONS / Time: 0h:2m:49s

--------------------------------------------------------------------
|                    FINALIZING TREE SEARCH                        |
--------------------------------------------------------------------
Performs final model parameters optimization
Estimate model parameters (epsilon = 0.010)
Optimizing TPM2+F+G4 parameters for partition part1.3+part2.3+part3.3+part4.3+part5.3 (77 free parameters)
Optimizing TNe+I+G4 parameters for partition part1.1+part1.2+part2.1+part2.2+part3.1+part3.2+part4.1+part4.2+part5.1+part5.2 (75 free parameters)
Optimal log-likelihood: -12934.365
BEST SCORE FOUND : -12934.365
Creating bootstrap support values...
Split supports printed to NEXUS file 6_set61.splits.nex
Total tree length: 1.158

Total number of iterations: 102
CPU time used for tree search: 45.338 sec (0h:0m:45s)
Wall-clock time used for tree search: 111.780 sec (0h:1m:51s)
Total CPU time used: 64.561 sec (0h:1m:4s)
Total wall-clock time used: 170.694 sec (0h:2m:50s)

Computing bootstrap consensus tree...
Reading input file 6_set61.splits.nex...
37 taxa and 154 splits.
Consensus tree written to 6_set61.contree
Reading input trees file 6_set61.contree
Log-likelihood of consensus tree: -12934.367

Analysis results written to: 
  IQ-TREE report:                6_set61.iqtree
  Maximum-likelihood tree:       6_set61.treefile
  Likelihood distances:          6_set61.mldist
  Best partitioning scheme:      6_set61.best_scheme.nex
           in RAxML format:      6_set61.best_scheme

Ultrafast bootstrap approximation results written to:
  Split support values:          6_set61.splits.nex
  Consensus tree:                6_set61.contree
  Screen log file:               6_set61.log

Date and Time: Fri Sep  7 01:13:10 2018
