IQ-TREE multicore version 1.6.3 for Mac OS X 64-bit built Mar 22 2018
Developed by Bui Quang Minh, Nguyen Lam Tung, Olga Chernomor,
Heiko Schmidt, Dominik Schrempf, Michael Woodhams.

Host:    meeps-mac-pro.staff.sydney.edu.au (AVX, 64 GB RAM)
Command: /Users/davidduchene/Desktop/Software/iqtree-1.6.3-MacOSX/bin/iqtree -s ../../../../marsupials/set79.fasta -m TEST -bb 1000 -nt AUTO -pre 1_set79
Seed:    418060 (Using SPRNG - Scalable Parallel Random Number Generator)
Time:    Fri Jul 27 15:24:14 2018
Kernel:  AVX - auto-detect threads (8 CPU cores detected)

Reading alignment file ../../../../marsupials/set79.fasta ... Fasta format detected
Alignment most likely contains DNA/RNA sequences
Alignment has 37 sequences with 3189 columns, 1136 distinct patterns
722 parsimony-informative, 388 singleton sites, 2079 constant sites
                                              Gap/Ambiguity  Composition  p-value
   1  Burramyidae_Burramys_parvus                     2.32%    passed     81.31%
   2  Notoryctidae_Notoryctes_typhlops                2.54%    passed     69.63%
   3  Vombatidae_Lasiorhinus_latifrons                0.69%    passed     87.62%
   4  Potoroidae_Bettongia_penicillata                0.50%    passed     73.44%
   5  Potoroidae_Bettongia_lesueur                    0.53%    passed     69.36%
   6  Dasyuridae_Dasyurus_maculatus                   0.16%    passed     97.72%
   7  Phalangeridae_Trichosurus_vulpecula             0.13%    passed     89.04%
   8  Phalangeridae_Spilocuscus_maculatus             0.88%    passed     92.81%
   9  Potoroidae_Aepyprymnus_rufescens                0.53%    passed     90.27%
  10  Peramelidae_Perameles_nasuta                    0.94%    passed     79.79%
  11  Myrmecobiidae_Myrmecobius_fasciatus1           91.19%    failed      0.04%
  12  Phalangeridae_Strigocuscus_pelengensis          6.40%    passed     89.77%
  13  Dasyuridae_Phascogale_tapoatafa                 0.25%    passed     91.49%
  14  Dasyuridae_Sminthopsis_macroura                 0.13%    passed     99.95%
  15  Phalangeridae_Phalanger_orientalis              1.03%    passed     96.72%
  16  Acrobatidae_Acrobates_pygmaeus                  0.82%    passed     98.09%
  17  Dasyuridae_Phascogale_calura                    0.25%    passed     93.28%
  18  Dasyuridae_Sarcophilus_harrisii                 0.16%    passed     98.91%
  19  Dasyuridae_Planigale_tenuirostris              15.11%    passed     94.83%
  20  Peramelidae_Echymipera_kalubu                   1.76%    passed     97.03%
  21  Macropodidae_Dorcopsulus_vanheurni              3.64%    passed     86.35%
  22  Pseudochiridae_Pseudochirulus_forbesi           0.25%    passed     84.81%
  23  Didelphidae_Didelphis_virginiana               10.22%    passed     24.49%
  24  Marmosidae_Monodelphis_domestica               10.16%    passed     21.79%
  25  Dasyuridae_Antechinus_stuartii                  0.60%    passed     94.48%
  26  Hypsiprymnodontidae_Hypsiprymnodon_moschatus    0.34%    passed     99.55%
  27  Microbiotheriidae_Dromiciops_gliroides          6.71%    passed     74.69%
  28  Pseudochiridae_Petauroides_volans               1.29%    passed     85.09%
  29  Macropodidae_Wallabia_bicolor                   0.91%    passed     97.84%
  30  Pseudochiridae_Pseudocheirus_occidentalis       1.25%    passed     88.36%
  31  Tarsipedidae_Tarsipes_rostratus                11.19%    passed     98.69%
  32  Acrobatidae_Distoechurus_pennatus               0.19%    passed     99.73%
  33  Myrmecobiidae_Myrmecobius_fasciatus2           91.19%    failed      0.04%
  34  Phalangeridae_Phalanger_carmelitae              0.06%    passed     98.02%
  35  Peramelidae_Peroryctes_raffrayana               8.44%    passed     94.88%
  36  Dasyuridae_Dasyurus_geffroii                    1.47%    passed     99.55%
  37  Peramelidae_Perameles_gunnii                    0.38%    passed     81.71%
WARNING: 2 sequences contain more than 50% gaps/ambiguity
****  TOTAL                                           7.42%  2 sequences failed composition chi2 test (p-value<5%; df=3)
NOTE: Myrmecobiidae_Myrmecobius_fasciatus2 is identical to Myrmecobiidae_Myrmecobius_fasciatus1 but kept for subsequent analysis


Create initial parsimony tree by phylogenetic likelihood library (PLL)... 0.005 seconds
NOTE: ModelFinder requires 9 MB RAM!
ModelFinder will test 88 DNA models (sample size: 3189) ...
 No. Model         -LnL         df  AIC          AICc         BIC
Measuring multi-threading efficiency up to 8 CPU cores
Increase to 10 rounds for branch lengths
219 trees examined
Threads: 1 / Time: 8.019 sec / Speedup: 1.000 / Efficiency: 100% / LogL: -28871
Threads: 2 / Time: 5.566 sec / Speedup: 1.441 / Efficiency: 72% / LogL: -28871
Threads: 3 / Time: 5.092 sec / Speedup: 1.575 / Efficiency: 52% / LogL: -28871
Threads: 4 / Time: 5.132 sec / Speedup: 1.562 / Efficiency: 39% / LogL: -28871
BEST NUMBER OF THREADS: 3

  1  JC            18712.223    71  37566.445    37569.725    37997.235
  2  JC+I          18059.070    72  36262.140    36265.514    36698.998
  3  JC+G4         17975.264    72  36094.529    36097.902    36531.386
  4  JC+I+G4       17958.446    73  36062.892    36066.361    36505.817
  5  F81+F         18708.708    74  37565.415    37568.980    38014.407
  6  F81+F+I       18056.137    75  36262.273    36265.935    36717.333
  7  F81+F+G4      17974.608    75  36099.216    36102.878    36554.276
  8  F81+F+I+G4    17958.113    76  36068.226    36071.987    36529.353
  9  K2P           18138.349    72  36420.697    36424.071    36857.555
 10  K2P+I         17470.359    73  35086.717    35090.186    35529.642
 11  K2P+G4        17380.998    73  34907.996    34911.464    35350.921
 12  K2P+I+G4      17362.126    74  34872.253    34875.817    35321.245
 13  HKY+F         18124.829    75  36399.658    36403.320    36854.717
 14  HKY+F+I       17453.794    76  35059.588    35063.349    35520.715
 15  HKY+F+G4      17368.140    76  34888.279    34892.040    35349.406
 16  HKY+F+I+G4    17349.682    77  34853.365    34857.226    35320.559
 17  TNe           18130.176    73  36406.353    36409.821    36849.278
 18  TNe+I         17469.882    74  35087.764    35091.328    35536.756
 19  TNe+G4        17379.394    74  34906.788    34910.353    35355.781
 20  TNe+I+G4      17360.440    75  34870.880    34874.543    35325.940
 21  TN+F          18111.998    76  36375.996    36379.757    36837.123
 22  TN+F+I        17451.823    77  35057.647    35061.508    35524.841
 23  TN+F+G4       17364.605    77  34883.210    34887.071    35350.405
 24  TN+F+I+G4     17346.053    78  34848.107    34852.070    35321.369
 25  K3P           18122.896    73  36391.793    36395.261    36834.718
 26  K3P+I         17454.480    74  35056.960    35060.525    35505.953
 27  K3P+G4        17365.399    74  34878.799    34882.363    35327.791
 28  K3P+I+G4      17346.426    75  34842.852    34846.514    35297.912
 29  K3Pu+F        18109.842    76  36371.683    36375.444    36832.810
 30  K3Pu+F+I      17438.206    77  35030.411    35034.272    35497.606
 31  K3Pu+F+G4     17352.859    77  34859.719    34863.580    35326.913
 32  K3Pu+F+I+G4   17334.350    78  34824.699    34828.662    35297.961
 33  TPM2+F        18124.814    76  36401.627    36405.388    36862.754
 34  TPM2+F+I      17453.694    77  35061.388    35065.249    35528.583
 35  TPM2+F+G4     17368.020    77  34890.039    34893.900    35357.234
 36  TPM2+F+I+G4   17349.348    78  34854.696    34858.658    35327.958
 37  TPM2u+F       18124.814    76  36401.629    36405.390    36862.756
 38  TPM2u+F+I     17453.694    77  35061.388    35065.249    35528.582
 39  TPM2u+F+G4    17368.020    77  34890.039    34893.900    35357.234
 40  TPM2u+F+I+G4  17349.314    78  34854.629    34858.591    35327.891
 41  TPM3+F        18118.567    76  36389.133    36392.894    36850.260
 42  TPM3+F+I      17446.165    77  35046.329    35050.190    35513.524
 43  TPM3+F+G4     17361.043    77  34876.086    34879.947    35343.281
 44  TPM3+F+I+G4   17342.553    78  34841.107    34845.069    35314.369
 45  TPM3u+F       18118.567    76  36389.133    36392.894    36850.260
 46  TPM3u+F+I     17446.164    77  35046.329    35050.190    35513.523
 47  TPM3u+F+G4    17361.043    77  34876.086    34879.947    35343.281
 48  TPM3u+F+I+G4  17342.526    78  34841.052    34845.015    35314.314
 49  TIMe          18114.743    74  36377.486    36381.051    36826.478
 50  TIMe+I        17454.005    75  35058.011    35061.673    35513.071
 51  TIMe+G4       17363.799    75  34877.598    34881.260    35332.657
 52  TIMe+I+G4     17344.706    76  34841.411    34845.172    35302.539
 53  TIM+F         18097.022    77  36348.043    36351.905    36815.238
 54  TIM+F+I       17436.238    78  35028.477    35032.439    35501.739
 55  TIM+F+G4      17349.320    78  34854.640    34858.603    35327.903
 56  TIM+F+I+G4    17330.679    79  34819.357    34823.423    35298.687
 57  TIM2e         18130.092    74  36408.185    36411.749    36857.177
 58  TIM2e+I       17469.602    75  35089.203    35092.865    35544.263
 59  TIM2e+G4      17379.056    75  34908.112    34911.774    35363.172
 60  TIM2e+I+G4    17359.857    76  34871.713    34875.474    35332.840
 61  TIM2+F        18111.983    77  36377.966    36381.827    36845.161
 62  TIM2+F+I      17451.725    78  35059.449    35063.412    35532.711
 63  TIM2+F+G4     17364.488    78  34884.976    34888.938    35358.238
 64  TIM2+F+I+G4   17345.714    79  34849.428    34853.493    35328.757
 65  TIM3e         18129.359    74  36406.718    36410.283    36855.711
 66  TIM3e+I       17468.861    75  35087.722    35091.384    35542.782
 67  TIM3e+G4      17379.133    75  34908.266    34911.928    35363.325
 68  TIM3e+I+G4    17360.000    76  34872.001    34875.762    35333.128
 69  TIM3+F        18105.713    77  36365.427    36369.288    36832.621
 70  TIM3+F+I      17444.213    78  35044.426    35048.389    35517.688
 71  TIM3+F+G4     17357.477    78  34870.954    34874.916    35344.216
 72  TIM3+F+I+G4   17338.912    79  34835.824    34839.890    35315.154
 73  TVMe          18121.968    75  36393.936    36397.598    36848.996
 74  TVMe+I        17453.257    76  35058.514    35062.275    35519.641
 75  TVMe+G4       17364.906    76  34881.812    34885.573    35342.940
 76  TVMe+I+G4     17345.783    77  34845.566    34849.427    35312.760
 77  TVM+F         18103.131    78  36362.263    36366.225    36835.525
 78  TVM+F+I       17430.180    79  35018.360    35022.426    35497.690
 79  TVM+F+G4      17345.338    79  34848.676    34852.742    35328.006
 80  TVM+F+I+G4    17326.794    80  34813.588    34817.758    35298.985
 81  SYM           18113.797    76  36379.593    36383.354    36840.720
 82  SYM+I         17452.799    77  35059.598    35063.459    35526.793
 83  SYM+G4        17363.358    77  34880.715    34884.576    35347.910
 84  SYM+I+G4      17344.280    78  34844.559    34848.522    35317.821
 85  GTR+F         18090.281    79  36338.562    36342.628    36817.892
 86  GTR+F+I       17428.229    80  35016.458    35020.628    35501.855
 87  GTR+F+G4      17341.760    80  34843.519    34847.689    35328.916
 88  GTR+F+I+G4    17323.247    81  34808.494    34812.769    35299.958
Akaike Information Criterion:           GTR+F+I+G4
Corrected Akaike Information Criterion: GTR+F+I+G4
Bayesian Information Criterion:         K3P+I+G4
Best-fit model: K3P+I+G4 chosen according to BIC

All model information printed to 1_set79.model.gz
CPU time for ModelFinder: 59.699 seconds (0h:0m:59s)
Wall-clock time for ModelFinder: 28.753 seconds (0h:0m:28s)
Generating 1000 samples for ultrafast bootstrap (seed: 418060)...

NOTE: 9 MB RAM (0 GB) is required!
Measuring multi-threading efficiency up to 8 CPU cores
Increase to 10 rounds for branch lengths
63 trees examined
Threads: 1 / Time: 8.002 sec / Speedup: 1.000 / Efficiency: 100% / LogL: -25398
Threads: 2 / Time: 4.925 sec / Speedup: 1.625 / Efficiency: 81% / LogL: -25398
Threads: 3 / Time: 4.665 sec / Speedup: 1.715 / Efficiency: 57% / LogL: -25398
Threads: 4 / Time: 4.265 sec / Speedup: 1.876 / Efficiency: 47% / LogL: -25398
BEST NUMBER OF THREADS: 3

Estimate model parameters (epsilon = 0.100)
Thoroughly optimizing +I+G parameters from 10 start values...
Init pinv, alpha: 0.000, 1.000 / Estimate: 0.000, 0.317 / LogL: -17365.399
Init pinv, alpha: 0.072, 1.000 / Estimate: 0.265, 0.560 / LogL: -17348.945
Init pinv, alpha: 0.145, 1.000 / Estimate: 0.265, 0.559 / LogL: -17348.960
Init pinv, alpha: 0.217, 1.000 / Estimate: 0.264, 0.558 / LogL: -17348.990
Init pinv, alpha: 0.290, 1.000 / Estimate: 0.299, 0.616 / LogL: -17347.686
Init pinv, alpha: 0.362, 1.000 / Estimate: 0.366, 0.769 / LogL: -17346.213
Init pinv, alpha: 0.435, 1.000 / Estimate: 0.429, 0.996 / LogL: -17346.936
Init pinv, alpha: 0.507, 1.000 / Estimate: 0.429, 0.993 / LogL: -17346.912
Init pinv, alpha: 0.579, 1.000 / Estimate: 0.428, 0.989 / LogL: -17346.884
Init pinv, alpha: 0.652, 1.000 / Estimate: 0.429, 0.993 / LogL: -17346.916
Optimal pinv,alpha: 0.366, 0.769 / LogL: -17346.213

Parameters optimization took 6.885 sec
Computing ML distances based on estimated model parameters... 0.035 sec
WARNING: Some pairwise ML distances are too long (saturated)
Computing BIONJ tree...
0.002 seconds
Log-likelihood of BIONJ tree: -17317.799
--------------------------------------------------------------------
|             INITIALIZING CANDIDATE TREE SET                      |
--------------------------------------------------------------------
Generating 98 parsimony trees... 0.740 second
Computing log-likelihood of 98 initial trees ... 1.887 seconds
Current best score: -17310.323

Do NNI search on 20 best initial trees
Estimate model parameters (epsilon = 0.100)
BETTER TREE FOUND at iteration 1: -17308.710
Iteration 10 / LogL: -17309.552 / Time: 0h:1m:1s
Iteration 20 / LogL: -17308.721 / Time: 0h:1m:3s
Finish initializing candidate tree set (4)
Current best tree score: -17308.710 / CPU time: 6.320
Number of iterations: 20
--------------------------------------------------------------------
|               OPTIMIZING CANDIDATE TREE SET                      |
--------------------------------------------------------------------
Iteration 30 / LogL: -17308.719 / Time: 0h:1m:6s (0h:1m:31s left)
Iteration 40 / LogL: -17309.395 / Time: 0h:1m:8s (0h:1m:1s left)
Iteration 50 / LogL: -17308.722 / Time: 0h:1m:10s (0h:0m:43s left)
Log-likelihood cutoff on original alignment: -17341.670
UPDATE BEST LOG-LIKELIHOOD: -17308.710
Iteration 60 / LogL: -17308.711 / Time: 0h:1m:12s (0h:0m:30s left)
UPDATE BEST LOG-LIKELIHOOD: -17308.709
Iteration 70 / LogL: -17308.772 / Time: 0h:1m:15s (0h:0m:20s left)
Iteration 80 / LogL: -17308.858 / Time: 0h:1m:17s (0h:0m:12s left)
Iteration 90 / LogL: -17310.691 / Time: 0h:1m:19s (0h:0m:6s left)
Iteration 100 / LogL: -17308.715 / Time: 0h:1m:21s (0h:0m:0s left)
Log-likelihood cutoff on original alignment: -17341.670
NOTE: Bootstrap correlation coefficient of split occurrence frequencies: 0.999
TREE SEARCH COMPLETED AFTER 102 ITERATIONS / Time: 0h:1m:22s

--------------------------------------------------------------------
|                    FINALIZING TREE SEARCH                        |
--------------------------------------------------------------------
Performs final model parameters optimization
Estimate model parameters (epsilon = 0.010)
1. Initial log-likelihood: -17308.709
Optimal log-likelihood: -17308.703
Rate parameters:  A-C: 1.00000  A-G: 3.69739  A-T: 0.62121  C-G: 0.62121  C-T: 3.69739  G-T: 1.00000
Base frequencies:  A: 0.250  C: 0.250  G: 0.250  T: 0.250
Proportion of invariable sites: 0.368
Gamma shape alpha: 0.774
Parameters optimization took 1 rounds (0.032 sec)
BEST SCORE FOUND : -17308.703
Creating bootstrap support values...
Split supports printed to NEXUS file 1_set79.splits.nex
Total tree length: 0.907

Total number of iterations: 102
CPU time used for tree search: 55.114 sec (0h:0m:55s)
Wall-clock time used for tree search: 24.711 sec (0h:0m:24s)
Total CPU time used: 172.804 sec (0h:2m:52s)
Total wall-clock time used: 82.620 sec (0h:1m:22s)

Computing bootstrap consensus tree...
Reading input file 1_set79.splits.nex...
37 taxa and 138 splits.
Consensus tree written to 1_set79.contree
Reading input trees file 1_set79.contree
Log-likelihood of consensus tree: -17308.705

Analysis results written to: 
  IQ-TREE report:                1_set79.iqtree
  Maximum-likelihood tree:       1_set79.treefile
  Likelihood distances:          1_set79.mldist

Ultrafast bootstrap approximation results written to:
  Split support values:          1_set79.splits.nex
  Consensus tree:                1_set79.contree
  Screen log file:               1_set79.log

Date and Time: Fri Jul 27 15:25:37 2018
