IQ-TREE multicore version 1.6.7 for Mac OS X 64-bit built Aug 23 2018
Developed by Bui Quang Minh, Nguyen Lam Tung, Olga Chernomor,
Heiko Schmidt, Dominik Schrempf, Michael Woodhams.

Host:    meeps-mac-pro.staff.sydney.edu.au (AVX, 64 GB RAM)
Command: /Users/davidduchene/Desktop/Software/iqtree-1.6.7-MacOSX/bin/iqtree -s ../../../../marsupials/set134.fasta -m TESTMERGE -bb 1000 -q ../../../../marsupials/set134.nex -nt AUTO -pre 2_set134
Seed:    264556 (Using SPRNG - Scalable Parallel Random Number Generator)
Time:    Fri Sep  7 10:39:35 2018
Kernel:  AVX - auto-detect threads (8 CPU cores detected)

Reading partition model file ../../../../marsupials/set134.nex ...
Reading alignment file ../../../../marsupials/set134.fasta ... Fasta format detected
Alignment most likely contains DNA/RNA sequences
Alignment has 35 sequences with 1992 columns, 856 distinct patterns
632 parsimony-informative, 224 singleton sites, 1136 constant sites
                                              Gap/Ambiguity  Composition  p-value
   1  Burramyidae_Burramys_parvus                     0.25%    passed     91.22%
   2  Notoryctidae_Notoryctes_typhlops                7.03%    passed     55.07%
   3  Vombatidae_Lasiorhinus_latifrons                0.50%    passed     77.72%
   4  Potoroidae_Bettongia_penicillata                0.55%    passed     97.57%
   5  Potoroidae_Bettongia_lesueur                    0.70%    passed     99.11%
   6  Dasyuridae_Dasyurus_maculatus                   0.15%    passed     54.34%
   7  Phalangeridae_Trichosurus_vulpecula             0.00%    passed     96.20%
   8  Phalangeridae_Spilocuscus_maculatus             0.05%    passed     88.37%
   9  Potoroidae_Aepyprymnus_rufescens                1.46%    passed     89.07%
  10  Peramelidae_Perameles_nasuta                    0.10%    passed     38.36%
  11  Phalangeridae_Strigocuscus_pelengensis          4.02%    passed     52.69%
  12  Dasyuridae_Phascogale_tapoatafa                 0.25%    passed     64.50%
  13  Dasyuridae_Sminthopsis_macroura                 0.55%    passed     81.32%
  14  Phalangeridae_Phalanger_orientalis              0.20%    passed     91.53%
  15  Acrobatidae_Acrobates_pygmaeus                  0.20%    passed     95.22%
  16  Dasyuridae_Phascogale_calura                    0.65%    passed     58.81%
  17  Dasyuridae_Sarcophilus_harrisii                 0.15%    passed     41.88%
  18  Dasyuridae_Planigale_tenuirostris               8.73%    passed     99.85%
  19  Peramelidae_Echymipera_kalubu                   0.00%    passed     56.92%
  20  Macropodidae_Dorcopsulus_vanheurni              2.16%    passed     88.60%
  21  Pseudochiridae_Pseudochirulus_forbesi           0.55%    passed     90.42%
  22  Didelphidae_Didelphis_virginiana               39.96%    passed     92.48%
  23  Marmosidae_Monodelphis_domestica                0.85%    passed     48.01%
  24  Dasyuridae_Antechinus_stuartii                  1.26%    passed     63.82%
  25  Hypsiprymnodontidae_Hypsiprymnodon_moschatus    0.65%    passed     99.94%
  26  Microbiotheriidae_Dromiciops_gliroides          2.76%    passed     88.69%
  27  Pseudochiridae_Petauroides_volans               1.00%    passed     99.83%
  28  Macropodidae_Wallabia_bicolor                   0.90%    passed     99.30%
  29  Pseudochiridae_Pseudocheirus_occidentalis       0.50%    passed     85.76%
  30  Tarsipedidae_Tarsipes_rostratus                 2.46%    passed     97.47%
  31  Acrobatidae_Distoechurus_pennatus               0.40%    passed     70.14%
  32  Phalangeridae_Phalanger_carmelitae              0.10%    passed     88.71%
  33  Peramelidae_Peroryctes_raffrayana               0.30%    passed     53.04%
  34  Dasyuridae_Dasyurus_geffroii                    0.15%    passed     57.56%
  35  Peramelidae_Perameles_gunnii                    0.25%    passed     41.18%
****  TOTAL                                           2.28%  0 sequences failed composition chi2 test (p-value<5%; df=3)
NOTE: No CharPartition defined, use all CharSets

Loading 15 partitions...
Subset	Type	Seqs	Sites	Infor	Invar	Model	Name
1		34	248	58	166	TESTMERGE	part1.1
2		34	248	34	196	TESTMERGE	part1.2
3		34	248	153	47	TESTMERGE	part1.3
4		35	81	5	66	TESTMERGE	part2.1
5		35	81	2	74	TESTMERGE	part2.2
6		35	81	32	34	TESTMERGE	part2.3
7		35	109	21	75	TESTMERGE	part3.1
8		35	109	9	97	TESTMERGE	part3.2
9		35	109	67	24	TESTMERGE	part3.3
10		35	88	21	61	TESTMERGE	part4.1
11		35	88	11	71	TESTMERGE	part4.2
12		35	88	55	21	TESTMERGE	part4.3
13		35	138	43	82	TESTMERGE	part5.1
14		35	138	32	97	TESTMERGE	part5.2
15		35	138	89	25	TESTMERGE	part5.3
Degree of missing data: 0.011
Info: multi-threading strategy over partitions



Create initial parsimony tree by phylogenetic likelihood library (PLL)... 0.007 seconds
NOTE: ModelFinder requires 9 MB RAM!
NUMBER OF THREADS FOR PARTITION FINDING: 8
Testing GTR+F+G on supermatrix...
GTR+F+G4 / LnL: -13549.743 / df: 76 / AIC: 27251.486 / AICc: 27257.597 / BIC: 27676.850
Selecting individual models for 15 charsets using BIC...
 No. Model        Score       Charset
   1 TIM3e+G4     1917.124    part4.3
   2 K2P+G4       1817.529    part5.1
   3 K2P+G4       3340.757    part5.3
   4 K3P+G4       1153.252    part2.3
   5 TPM2u+F+G4   2671.958    part1.1
   6 TNe+I+G4     1982.357    part1.2
   7 K2P+G4       5726.002    part1.3
   8 K2P+G4       1030.555    part3.1
   9 K2P+G4       1723.919    part5.2
  10 TNe+G4       949.107     part4.1	0h:0m:17s (0h:5m:53s left)
  11 TVM+F+G4     2349.641    part3.3	0h:0m:17s (0h:5m:25s left)
  12 JC+I+G4      405.447     part2.2	0h:0m:22s (0h:6m:10s left)
  13 TIMe+G4      548.444     part2.1	0h:0m:22s (0h:5m:46s left)
  14 TPM2u+F+G4   700.515     part4.2	0h:0m:22s (0h:5m:20s left)
  15 K2P+I+G4     556.795     part3.2	0h:0m:23s (0h:5m:7s left)
Full partition model BIC score: 27530.563 (LnL: -13309.468  df:120)
Merging models to increase model fit (about 211 total partition schemes)...
  16 K2P+G4       27513.770   part1.3+part4.3	0h:0m:30s (0h:6m:17s left)
  17 K2P+G4       27522.068   part1.3+part2.3	0h:0m:31s (0h:5m:56s left)
  18 K2P+I+G4     27573.683   part1.2+part1.3	0h:0m:33s (0h:5m:56s left)
  19 K2P+I+G4     27571.354   part1.3+part5.2	0h:0m:35s (0h:5m:56s left)
  20 K2P+G4       27517.139   part1.3+part5.3	0h:0m:36s (0h:5m:45s left)
  21 TPM2u+F+I+G4 27535.520   part1.1+part1.3	0h:0m:37s (0h:5m:41s left)
  22 TPM2u+F+G4   27539.132   part1.3+part5.1	0h:0m:39s (0h:5m:39s left)
  23 TPM2u+F+G4   27536.912   part1.3+part3.3	0h:0m:39s (0h:5m:23s left)
  24 K2P+G4       27536.104   part1.3+part4.1	0h:0m:42s (0h:5m:32s left)
  25 K2P+G4       27532.613   part1.3+part3.1	0h:0m:44s (0h:5m:30s left)
  26 K2P+I+G4     27585.381   part1.3+part3.2	0h:0m:46s (0h:5m:28s left)
  27 K2P+G4       27540.838   part1.3+part2.1	0h:0m:46s (0h:5m:18s left)
  28 K2P+I+G4     27584.691   part1.3+part2.2	0h:0m:48s (0h:5m:13s left)
  29 K2P+G4       27541.327   part1.3+part4.2	0h:0m:49s (0h:5m:8s left)
  30 K2P+I+G4     27539.789   part1.1+part5.3	0h:0m:50s (0h:5m:4s left)
  31 K2P+G4       27553.808   part3.3+part5.3	0h:0m:50s (0h:4m:53s left)
  32 TIM3e+G4     27515.225   part4.3+part5.3	0h:0m:52s (0h:4m:51s left)
  33 K2P+I+G4     27530.458   part5.1+part5.3	0h:0m:52s (0h:4m:42s left)
  34 K2P+I+G4     27561.211   part1.2+part5.3	0h:0m:54s (0h:4m:43s left)
  35 K2P+G4       27527.014   part2.3+part5.3	0h:0m:55s (0h:4m:39s left)
  36 TIM2+F+G4    27518.435   part1.1+part3.3	0h:0m:55s (0h:4m:30s left)
  37 K2P+I+G4     27556.906   part5.2+part5.3	0h:0m:57s (0h:4m:30s left)
  38 TPM2u+F+G4   27539.132   part1.1+part4.3	0h:0m:58s (0h:4m:27s left)
  39 TPM2u+F+I+G4 27510.350   part1.1+part5.1	0h:0m:59s (0h:4m:22s left)
  40 K2P+G4       27527.631   part3.1+part5.3	0h:1m:0s (0h:4m:16s left)
  41 K2P+I+G4     27534.035   part1.1+part1.2	0h:1m:0s (0h:4m:9s left)
  42 TIM3+F+G4    27539.721   part3.3+part4.3	0h:1m:4s (0h:4m:18s left)
  43 TVM+F+G4     27547.494   part3.3+part5.1	0h:1m:6s (0h:4m:21s left)
  44 K2P+G4       27534.670   part4.1+part5.3	0h:1m:7s (0h:4m:15s left)
  45 TPM2u+F+G4   27530.898   part1.1+part2.3	0h:1m:8s (0h:4m:11s left)
  46 K2P+I+G4     27577.375   part3.2+part5.3	0h:1m:9s (0h:4m:7s left)
  47 TPM2u+F+I+G4 27530.020   part1.1+part5.2	0h:1m:10s (0h:4m:5s left)
  48 TPM2+F+G4    27516.227   part1.1+part3.1	0h:1m:10s (0h:3m:59s left)
  49 K3P+I+G4     27579.413   part1.2+part3.3	0h:1m:10s (0h:3m:53s left)
  50 K2P+G4       27538.302   part2.1+part5.3	0h:1m:15s (0h:4m:3s left)
  51 TIM2+F+G4    27518.865   part2.3+part3.3	0h:1m:16s (0h:4m:0s left)
  52 K2P+G4       27525.349   part4.3+part5.1	0h:1m:17s (0h:3m:55s left)
  53 HKY+F+G4     27542.361   part4.2+part5.3	0h:1m:18s (0h:3m:53s left)
  54 HKY+F+G4     27552.588   part3.1+part3.3	0h:1m:18s (0h:3m:49s left)
  55 K2P+I+G4     27578.151   part2.2+part5.3	0h:1m:19s (0h:3m:44s left)
  56 HKY+F+I+G4   27578.538   part3.3+part5.2	0h:1m:19s (0h:3m:39s left)
  57 K2P+I+G4     27521.131   part1.2+part5.1	0h:1m:19s (0h:3m:34s left)
  58 K2P+I+G4     27549.102   part1.2+part4.3	0h:1m:23s (0h:3m:39s left)
  59 TPM2+F+G4    27516.798   part1.1+part4.1	0h:1m:24s (0h:3m:36s left)
  60 TIM3e+G4     27513.289   part2.3+part4.3	0h:1m:24s (0h:3m:32s left)
  61 K2P+G4       27537.779   part2.3+part5.1	0h:1m:26s (0h:3m:33s left)
  62 K2P+I+G4     27554.689   part1.1+part3.2	0h:1m:28s (0h:3m:32s left)
  63 K2P+I+G4     27520.856   part5.1+part5.2	0h:1m:30s (0h:3m:32s left)
  64 K2P+I+G4     27552.707   part4.3+part5.2	0h:1m:30s (0h:3m:27s left)
  65 TPM2u+F+G4   27526.444   part1.1+part2.1	0h:1m:30s (0h:3m:23s left)
  66 K2P+G4       27558.253   part1.1+part2.2	0h:1m:33s (0h:3m:25s left)
  67 K2P+G4       27526.462   part3.1+part4.3	0h:1m:34s (0h:3m:23s left)
  68 K2P+I+G4     27558.247   part1.2+part2.3	0h:1m:34s (0h:3m:19s left)
  69 K2P+G4       27520.622   part1.1+part4.2	0h:1m:34s (0h:3m:14s left)
  70 K2P+G4       27516.401   part3.1+part5.1	0h:1m:35s (0h:3m:12s left)
  71 HKY+F+G4     27538.818   part3.3+part4.1	0h:1m:37s (0h:3m:12s left)
  72 TIM3e+I+G4   27514.551   part1.2+part5.2	0h:1m:37s (0h:3m:8s left)
  73 K2P+G4       27537.982   part2.3+part3.1	0h:1m:41s (0h:3m:11s left)
  74 K2P+I+G4     27567.260   part2.3+part5.2	0h:1m:41s (0h:3m:8s left)
  75 K3Pu+F+G4    27590.583   part3.2+part3.3	0h:1m:43s (0h:3m:7s left)
  76 TNe+I+G4     27518.350   part1.2+part3.1	0h:1m:43s (0h:3m:3s left)
  77 K2P+I+G4     27521.514   part3.1+part5.2	0h:1m:44s (0h:3m:1s left)
  78 HKY+F+G4     27600.747   part2.2+part3.3	0h:1m:46s (0h:3m:1s left)
  79 K2P+G4       27526.187   part4.1+part4.3	0h:1m:49s (0h:3m:2s left)
  80 K3Pu+F+G4    27562.296   part3.3+part4.2	0h:1m:50s (0h:3m:0s left)
  81 K2P+G4       27565.564   part3.2+part4.3	0h:1m:51s (0h:2m:59s left)
  82 TNe+G4       27520.166   part4.1+part5.1	0h:1m:52s (0h:2m:57s left)
  83 K2P+I+G4     27540.128   part3.2+part5.1	0h:1m:52s (0h:2m:54s left)
  84 TN+F+G4      27558.027   part2.1+part3.3	0h:1m:54s (0h:2m:53s left)
  85 K2P+I+G4     27521.036   part2.1+part5.1	0h:1m:54s (0h:2m:49s left)
  86 TIM3e+G4     27530.551   part2.1+part4.3	0h:1m:55s (0h:2m:47s left)
  87 K2P+I+G4     27546.459   part2.2+part5.1	0h:1m:58s (0h:2m:48s left)
  88 TIM3e+G4     27570.565   part2.2+part4.3	0h:1m:58s (0h:2m:46s left)
  89 HKY+F+G4     27533.375   part4.2+part4.3	0h:1m:59s (0h:2m:43s left)
  90 K2P+G4       27511.995   part4.2+part5.1	0h:2m:0s (0h:2m:42s left)
  91 TNe+I+G4     27507.812   part1.2+part4.1	0h:2m:1s (0h:2m:39s left)
  92 K2P+G4       27531.440   part2.3+part4.1	0h:2m:1s (0h:2m:36s left)
  93 TNe+I+G4     27518.012   part1.2+part3.2	0h:2m:2s (0h:2m:35s left)
  94 TNe+I+G4     27510.200   part1.2+part2.1	0h:2m:3s (0h:2m:33s left)
  95 TNe+G4       27575.633   part2.3+part3.2	0h:2m:4s (0h:2m:32s left)
  96 K2P+I+G4     27523.601   part4.1+part5.2	0h:2m:5s (0h:2m:30s left)
  97 TNe+G4       27534.143   part2.1+part2.3	0h:2m:7s (0h:2m:30s left)
  98 TIM3e+I+G4   27528.439   part3.2+part5.2	0h:2m:8s (0h:2m:28s left)
  99 K3P+G4       27577.800   part2.2+part2.3	0h:2m:9s (0h:2m:26s left)
 100 K3P+I+G4     27516.753   part2.1+part5.2	0h:2m:9s (0h:2m:24s left)
 101 K2P+I+G4     27505.494   part1.2+part4.2	0h:2m:9s (0h:2m:21s left)
 102 TNe+I+G4     27527.681   part1.2+part2.2	0h:2m:10s (0h:2m:19s left)
 103 TNe+G4       27514.735   part3.1+part4.1	0h:2m:11s (0h:2m:17s left)
 104 K2P+G4       27535.686   part2.3+part4.2	0h:2m:12s (0h:2m:15s left)
 105 TNe+I+G4     27537.724   part3.1+part3.2	0h:2m:12s (0h:2m:14s left)
 106 K2P+I+G4     27531.784   part2.2+part5.2	0h:2m:15s (0h:2m:14s left)
 107 TNe+I+G4     27545.316   part2.2+part3.1	0h:2m:16s (0h:2m:12s left)
 108 K2P+I+G4     27522.685   part2.1+part3.1	0h:2m:16s (0h:2m:10s left)
 109 K2P+G4       27511.895   part3.1+part4.2	0h:2m:16s (0h:2m:7s left)
 110 K2P+G4       27506.190   part4.2+part5.2	0h:2m:16s (0h:2m:5s left)
 111 TNe+I+G4     27518.484   part2.1+part4.1	0h:2m:20s (0h:2m:6s left)
 112 TNe+I+G4     27527.422   part3.2+part4.1	0h:2m:21s (0h:2m:4s left)
 113 TNe+G4       27514.906   part4.1+part4.2	0h:2m:22s (0h:2m:3s left)
 114 TNe+I+G4     27537.655   part2.2+part4.1	0h:2m:23s (0h:2m:2s left)
 115 K2P+I+G4     27512.007   part2.1+part3.2	0h:2m:26s (0h:2m:2s left)
 116 K2P+I+G4     27514.024   part2.2+part3.2	0h:2m:27s (0h:2m:0s left)
 117 K2P+I+G4     27512.476   part3.2+part4.2	0h:2m:27s (0h:1m:58s left)
 118 K3Pu+F+I+G4  27525.738   part2.2+part4.2	0h:2m:27s (0h:1m:56s left)
 119 TIM2e+G4     27509.073   part2.1+part4.2	0h:2m:27s (0h:1m:54s left)
 120 K3P+I+G4     27512.916   part2.1+part2.2	0h:2m:28s (0h:1m:52s left)
Merging part1.2+part4.2 with BIC score: 27505.494 (LnL: -13323.522  df: 113)
 121 K2P+I+G4     27512.045   part1.1+part1.2+part4.2	0h:2m:35s (0h:1m:55s left)
 122 K2P+I+G4     27539.764   part1.2+part2.3+part4.2	0h:2m:36s (0h:1m:54s left)
 123 K2P+I+G4     27497.939   part1.2+part4.2+part5.1	0h:2m:36s (0h:1m:52s left)
 124 TNe+I+G4     27497.227   part1.2+part3.1+part4.2	0h:2m:36s (0h:1m:49s left)
 125 K3P+I+G4     27567.390   part1.2+part3.3+part4.2	0h:2m:39s (0h:1m:49s left)
 126 K2P+I+G4     27487.792   part1.2+part4.2+part5.2	0h:2m:40s (0h:1m:48s left)
 127 TN+F+I+G4    27550.327   part1.2+part4.2+part5.3	0h:2m:41s (0h:1m:46s left)
 128 K2P+I+G4     27564.761   part1.2+part1.3+part4.2	0h:2m:43s (0h:1m:45s left)
 129 K2P+I+G4     27501.899   part1.2+part2.2+part4.2	0h:2m:47s (0h:1m:46s left)
 130 TNe+I+G4     27489.202   part1.2+part4.1+part4.2	0h:2m:47s (0h:1m:44s left)
 131 HKY+F+I+G4   27532.849   part1.2+part4.2+part4.3	0h:2m:47s (0h:1m:42s left)
 132 K2P+I+G4     27485.087   part1.2+part2.1+part4.2	0h:2m:47s (0h:1m:40s left)
 133 TIM3+F+I+G4  27501.423   part1.2+part3.2+part4.2	0h:2m:48s (0h:1m:38s left)
Merging part1.2+part2.1+part4.2 with BIC score: 27485.087 (LnL: -13328.513  df: 109)
 134 K2P+I+G4     27515.427   part1.2+part2.1+part4.2+part4.3	0h:2m:55s (0h:1m:40s left)
 135 K2P+I+G4     27494.885   part1.1+part1.2+part2.1+part4.2	0h:2m:56s (0h:1m:39s left)
 136 TNe+I+G4     27478.355   part1.2+part2.1+part3.1+part4.2	0h:2m:58s (0h:1m:38s left)
 137 TNe+I+G4     27469.664   part1.2+part2.1+part4.1+part4.2	0h:2m:58s (0h:1m:36s left)
 138 K2P+I+G4     27468.575   part1.2+part2.1+part4.2+part5.2	0h:2m:58s (0h:1m:34s left)
 139 K2P+I+G4     27473.043   part1.2+part2.1+part3.2+part4.2	0h:3m:0s (0h:1m:33s left)
 140 K2P+I+G4     27535.201   part1.2+part2.1+part4.2+part5.3	0h:3m:1s (0h:1m:31s left)
 141 K2P+I+G4     27556.802   part1.2+part1.3+part2.1+part4.2	0h:3m:3s (0h:1m:31s left)
 142 K3P+I+G4     27558.819   part1.2+part2.1+part3.3+part4.2	0h:3m:8s (0h:1m:31s left)
 143 K2P+I+G4     27523.132   part1.2+part2.1+part2.3+part4.2	0h:3m:9s (0h:1m:30s left)
 144 K2P+I+G4     27481.132   part1.2+part2.1+part2.2+part4.2	0h:3m:9s (0h:1m:28s left)
 145 K2P+I+G4     27479.744   part1.2+part2.1+part4.2+part5.1	0h:3m:9s (0h:1m:26s left)
Merging part1.1+part5.1 with BIC score: 27464.874 (LnL: -13322.205  df: 108)
 146 TPM2u+F+I+G4 27449.766   part1.1+part4.1+part5.1	0h:3m:19s (0h:1m:28s left)
 147 TPM2u+F+I+G4 27449.218   part1.1+part3.1+part5.1	0h:3m:20s (0h:1m:27s left)
 148 TPM2u+F+I+G4 27494.311   part1.1+part3.2+part5.1	0h:3m:21s (0h:1m:25s left)
 149 TPM2u+F+G4   27474.214   part1.1+part4.3+part5.1	0h:3m:22s (0h:1m:24s left)
 150 K2P+I+G4     27480.621   part1.1+part1.2+part2.1+part4.2+part5.1	0h:3m:24s (0h:1m:23s left)
 151 TPM2+F+G4    27462.724   part1.1+part3.3+part5.1	0h:3m:25s (0h:1m:21s left)
 152 K2P+I+G4     27480.672   part1.1+part5.1+part5.3	0h:3m:26s (0h:1m:20s left)
 153 TPM2u+F+I+G4 27499.480   part1.1+part2.2+part5.1	0h:3m:30s (0h:1m:19s left)
 154 TPM2u+F+I+G4 27469.643   part1.1+part1.3+part5.1	0h:3m:31s (0h:1m:18s left)
 155 TPM2u+F+G4   27469.733   part1.1+part2.3+part5.1	0h:3m:32s (0h:1m:16s left)
 156 TPM2+F+I+G4  27457.853   part1.1+part5.1+part5.2	0h:3m:33s (0h:1m:15s left)
Merging part2.3+part4.3 with BIC score: 27447.599 (LnL: -13324.963  df: 105)
 157 K2P+G4       27498.466   part2.3+part3.2+part4.3	0h:3m:43s (0h:1m:16s left)
 158 K2P+G4       27455.314   part2.3+part3.1+part4.3	0h:3m:44s (0h:1m:15s left)
 159 K2P+G4       27451.521   part2.3+part4.1+part4.3	0h:3m:46s (0h:1m:14s left)
 160 K2P+I+G4     27496.091   part2.3+part4.3+part5.2	0h:3m:47s (0h:1m:12s left)
 161 K2P+I+G4     27511.160   part1.2+part2.1+part2.3+part4.2+part4.3	0h:3m:49s (0h:1m:11s left)
 162 TIM3+F+G4    27450.763   part2.3+part3.3+part4.3	0h:3m:49s (0h:1m:9s left)
 163 K3P+G4       27440.120   part1.3+part2.3+part4.3	0h:3m:51s (0h:1m:8s left)
 164 TPM2+F+G4    27470.420   part1.1+part2.3+part4.3+part5.1	0h:3m:51s (0h:1m:6s left)
 165 TIM3e+G4     27498.312   part2.2+part2.3+part4.3	0h:3m:53s (0h:1m:5s left)
 166 TIM3e+G4     27439.376   part2.3+part4.3+part5.3	0h:3m:56s (0h:1m:4s left)
Merging part2.2+part3.2 with BIC score: 27431.060 (LnL: -13324.290  df: 103)
 167 TNe+I+G4     27449.261   part2.2+part3.1+part3.2	0h:4m:3s (0h:1m:4s left)
 168 K2P+I+G4     27435.695   part2.2+part3.2+part5.2	0h:4m:4s (0h:1m:2s left)
 169 K3P+I+G4     27540.800   part2.2+part3.2+part3.3	0h:4m:5s (0h:1m:1s left)
 170 TNe+I+G4     27439.037   part2.2+part3.2+part4.1	0h:4m:5s (0h:0m:59s left)
 171 K2P+I+G4     27518.693   part2.2+part3.2+part5.3	0h:4m:6s (0h:0m:57s left)
 172 K2P+I+G4     27485.733   part1.1+part2.2+part3.2+part5.1	0h:4m:7s (0h:0m:56s left)
 173 K2P+I+G4     27536.324   part1.3+part2.2+part3.2	0h:4m:7s (0h:0m:54s left)
 174 K2P+I+G4     27428.799   part1.2+part2.1+part2.2+part3.2+part4.2	0h:4m:7s (0h:0m:52s left)
 175 K2P+I+G4     27531.322   part2.2+part2.3+part3.2+part4.3	0h:4m:10s (0h:0m:51s left)
Merging part1.2+part2.1+part4.2+part5.2 with BIC score: 27414.548 (LnL: -13323.631  df: 101)
 176 K2P+I+G4     27407.233   part1.2+part2.1+part3.1+part4.2+part5.2	0h:4m:19s (0h:0m:51s left)
 177 K2P+I+G4     27404.510   part1.2+part2.1+part4.1+part4.2+part5.2	0h:4m:19s (0h:0m:49s left)
 178 K2P+I+G4     27494.211   part1.2+part2.1+part2.3+part4.2+part4.3+part5.2	0h:4m:20s (0h:0m:48s left)
 179 K2P+I+G4     27498.749   part1.2+part2.1+part3.3+part4.2+part5.2	0h:4m:20s (0h:0m:46s left)
 180 K2P+I+G4     27417.107   part1.2+part2.1+part2.2+part3.2+part4.2+part5.2	0h:4m:21s (0h:0m:45s left)
 181 K2P+I+G4     27470.813   part1.2+part2.1+part4.2+part5.2+part5.3	0h:4m:22s (0h:0m:43s left)
 182 K2P+I+G4     27503.514   part1.2+part1.3+part2.1+part4.2+part5.2	0h:4m:23s (0h:0m:41s left)
 183 K2P+I+G4     27431.269   part1.1+part1.2+part2.1+part4.2+part5.1+part5.2	0h:4m:23s (0h:0m:40s left)
Merging part3.1+part4.1 with BIC score: 27398.720 (LnL: -13323.314  df: 99)
 184 K2P+I+G4     27412.075   part3.1+part4.1+part5.3	0h:4m:29s (0h:0m:39s left)
 185 TNe+I+G4     27418.714   part2.2+part3.1+part3.2+part4.1	0h:4m:30s (0h:0m:38s left)
 186 HKY+F+G4     27430.144   part3.1+part3.3+part4.1	0h:4m:30s (0h:0m:36s left)
 187 K2P+G4       27419.903   part2.3+part3.1+part4.1+part4.3	0h:4m:31s (0h:0m:34s left)
 188 TPM2u+F+I+G4 27383.477   part1.1+part3.1+part4.1+part5.1	0h:4m:32s (0h:0m:33s left)
 189 K2P+I+G4     27418.442   part1.3+part3.1+part4.1	0h:4m:33s (0h:0m:31s left)
 190 K2P+I+G4     27396.418   part1.2+part2.1+part3.1+part4.1+part4.2+part5.2	0h:4m:33s (0h:0m:30s left)
Merging part1.1+part3.1+part4.1+part5.1 with BIC score: 27383.477 (LnL: -13327.088  df: 96)
 191 TNe+I+G4     27443.202   part1.1+part2.2+part3.1+part3.2+part4.1+part5.1	0h:4m:43s (0h:0m:29s left)
 192 TPM2+F+G4    27397.144   part1.1+part3.1+part3.3+part4.1+part5.1	0h:4m:44s (0h:0m:28s left)
 193 TPM2+F+G4    27423.124   part1.1+part2.3+part3.1+part4.1+part4.3+part5.1	0h:4m:45s (0h:0m:26s left)
 194 K2P+I+G4     27410.067   part1.1+part3.1+part4.1+part5.1+part5.3	0h:4m:45s (0h:0m:24s left)
 195 K2P+I+G4     27406.333   part1.1+part1.2+part2.1+part3.1+part4.1+part4.2+part5.1+part5.2	0h:4m:46s (0h:0m:23s left)
 196 TPM2u+F+I+G4 27402.975   part1.1+part1.3+part3.1+part4.1+part5.1	0h:4m:48s (0h:0m:22s left)
Merging part1.3+part5.3 with BIC score: 27370.053 (LnL: -13327.973  df: 94)
 197 K2P+I+G4     27482.353   part1.3+part2.2+part3.2+part5.3	0h:4m:58s (0h:0m:21s left)
 198 K2P+G4       27391.755   part1.3+part3.3+part5.3	0h:4m:59s (0h:0m:19s left)
 199 K3P+G4       27365.882   part1.3+part2.3+part4.3+part5.3	0h:5m:0s (0h:0m:18s left)
 200 K2P+I+G4     27479.700   part1.2+part1.3+part2.1+part4.2+part5.2+part5.3	0h:5m:1s (0h:0m:16s left)
 201 K2P+I+G4     27415.337   part1.1+part1.3+part3.1+part4.1+part5.1+part5.3	0h:5m:2s (0h:0m:15s left)
Merging part1.3+part2.3+part4.3+part5.3 with BIC score: 27365.882 (LnL: -13337.282  df: 91)
 202 K3P+I+G4     27486.841   part1.3+part2.2+part2.3+part3.2+part4.3+part5.3	0h:5m:16s (0h:0m:14s left)
 203 TNe+G4       27384.019   part1.3+part2.3+part3.3+part4.3+part5.3	0h:5m:16s (0h:0m:12s left)
 204 K3P+I+G4     27500.062   part1.2+part1.3+part2.1+part2.3+part4.2+part4.3+part5.2+part5.3	0h:5m:18s (0h:0m:10s left)
 205 K2P+I+G4     27423.455   part1.1+part1.3+part2.3+part3.1+part4.1+part4.3+part5.1+part5.3	0h:5m:19s (0h:0m:9s left)
BEST-FIT PARTITION MODEL: 
  charpartition BIC = TPM2u+F+I+G4: part1.1 part3.1 part4.1 part5.1, K2P+I+G4: part1.2 part2.1 part4.2 part5.2, K3P+G4: part1.3 part2.3 part4.3 part5.3, K2P+I+G4: part2.2 part3.2, TVM+F+G4: part3.3;
Agglomerative model selection: (((part1.1,part5.1)3:27464.9,(part3.1,part4.1)7:27398.7)8:27383.5,(((part1.2,part4.2)1:27505.5,part2.1)2:27485.1,part5.2)6:27414.5,((part1.3,part5.3)9:27370.1,(part2.3,part4.3)4:27447.6)10:27365.9,(part2.2,part3.2)5:27431.1,part3.3)
Merging into 5 partitions...
Partition information was printed to 2_set134.best_scheme.nex
Partition information in Raxml format was printed to 2_set134.best_scheme

All model information printed to 2_set134.model.gz
CPU time for ModelFinder: 263.636 seconds (0h:4m:23s)
Wall-clock time for ModelFinder: 319.294 seconds (0h:5m:19s)
Generating 1000 samples for ultrafast bootstrap (seed: 264556)...

NOTE: 8 MB RAM (0 GB) is required!
Measuring multi-threading efficiency up to 8 CPU cores
Increase to 10 rounds for branch lengths
11 trees examined
Threads: 1 / Time: 8.530 sec / Speedup: 1.000 / Efficiency: 100% / LogL: -20219
Threads: 2 / Time: 20.011 sec / Speedup: 0.426 / Efficiency: 21% / LogL: -20219
BEST NUMBER OF THREADS: 1

Estimate model parameters (epsilon = 0.100)
Initial log-likelihood: -14043.926
Current log-likelihood at step 1: -13294.084
Current log-likelihood at step 2: -13280.842
Current log-likelihood at step 3: -13280.374
Current log-likelihood at step 4: -13280.343
Parameters optimization took 3 rounds (2.901 sec)

Computing ML distances based on estimated model parameters... 0.059 sec
Computing BIONJ tree...
0.004 seconds
Log-likelihood of BIONJ tree: -13278.708
--------------------------------------------------------------------
|             INITIALIZING CANDIDATE TREE SET                      |
--------------------------------------------------------------------
Generating 98 parsimony trees... 5.839 second
Computing log-likelihood of 98 initial trees ... 15.357 seconds
Current best score: -13271.576

Do NNI search on 20 best initial trees
Estimate model parameters (epsilon = 0.100)
Initial log-likelihood: -13268.614
Current log-likelihood at step 1: -13268.518
Parameters optimization took 0 rounds (0.293 sec)

BETTER TREE FOUND at iteration 1: -13268.518
Iteration 10 / LogL: -13278.206 / Time: 0h:1m:3s
UPDATE BEST LOG-LIKELIHOOD: -13268.514
Iteration 20 / LogL: -13278.374 / Time: 0h:1m:18s
Finish initializing candidate tree set (6)
Current best tree score: -13268.514 / CPU time: 45.731
Number of iterations: 20
--------------------------------------------------------------------
|               OPTIMIZING CANDIDATE TREE SET                      |
--------------------------------------------------------------------
Iteration 30 / LogL: -13271.033 / Time: 0h:1m:34s (0h:3m:52s left)
Iteration 40 / LogL: -13381.513 / Time: 0h:1m:50s (0h:2m:53s left)
Iteration 50 / LogL: -13268.523 / Time: 0h:2m:6s (0h:2m:11s left)
Log-likelihood cutoff on original alignment: -13306.245
Iteration 60 / LogL: -13271.027 / Time: 0h:2m:24s (0h:1m:40s left)
Iteration 70 / LogL: -13278.229 / Time: 0h:2m:40s (0h:1m:12s left)
Iteration 80 / LogL: -13393.702 / Time: 0h:2m:56s (0h:0m:46s left)
Iteration 90 / LogL: -13268.619 / Time: 0h:3m:12s (0h:0m:23s left)
Iteration 100 / LogL: -13278.194 / Time: 0h:3m:28s (0h:0m:2s left)
Log-likelihood cutoff on original alignment: -13303.316
NOTE: Bootstrap correlation coefficient of split occurrence frequencies: 1.000
TREE SEARCH COMPLETED AFTER 102 ITERATIONS / Time: 0h:3m:31s

--------------------------------------------------------------------
|                    FINALIZING TREE SEARCH                        |
--------------------------------------------------------------------
Performs final model parameters optimization
Estimate model parameters (epsilon = 0.010)
Initial log-likelihood: -13268.513
Current log-likelihood at step 1: -13268.501
Current log-likelihood at step 2: -13268.499
Parameters optimization took 1 rounds (0.423 sec)

BEST SCORE FOUND : -13268.499
Creating bootstrap support values...
Split supports printed to NEXUS file 2_set134.splits.nex
Total tree length: 2.198

Total number of iterations: 102
CPU time used for tree search: 49.792 sec (0h:0m:49s)
Wall-clock time used for tree search: 179.427 sec (0h:2m:59s)
Total CPU time used: 56.028 sec (0h:0m:56s)
Total wall-clock time used: 213.244 sec (0h:3m:33s)

Computing bootstrap consensus tree...
Reading input file 2_set134.splits.nex...
35 taxa and 153 splits.
Consensus tree written to 2_set134.contree
Reading input trees file 2_set134.contree
Log-likelihood of consensus tree: -13268.499

Analysis results written to: 
  IQ-TREE report:                2_set134.iqtree
  Maximum-likelihood tree:       2_set134.treefile
  Likelihood distances:          2_set134.mldist
  Best partitioning scheme:      2_set134.best_scheme.nex
           in RAxML format:      2_set134.best_scheme

Ultrafast bootstrap approximation results written to:
  Split support values:          2_set134.splits.nex
  Consensus tree:                2_set134.contree
  Screen log file:               2_set134.log

Date and Time: Fri Sep  7 10:48:28 2018
