IQ-TREE multicore version 1.6.7 for Mac OS X 64-bit built Aug 23 2018
Developed by Bui Quang Minh, Nguyen Lam Tung, Olga Chernomor,
Heiko Schmidt, Dominik Schrempf, Michael Woodhams.

Host:    meeps-mac-pro.staff.sydney.edu.au (AVX, 64 GB RAM)
Command: /Users/davidduchene/Desktop/Software/iqtree-1.6.7-MacOSX/bin/iqtree -s ../../../../marsupials/set244.fasta -m TESTMERGE -bb 1000 -spp ../../../../marsupials/set244.nex -nt AUTO -pre 4_set244
Seed:    888690 (Using SPRNG - Scalable Parallel Random Number Generator)
Time:    Sat Sep  8 05:39:07 2018
Kernel:  AVX - auto-detect threads (8 CPU cores detected)

Reading partition model file ../../../../marsupials/set244.nex ...
Reading alignment file ../../../../marsupials/set244.fasta ... Fasta format detected
Alignment most likely contains DNA/RNA sequences
Alignment has 35 sequences with 3414 columns, 1310 distinct patterns
818 parsimony-informative, 504 singleton sites, 2092 constant sites
                                              Gap/Ambiguity  Composition  p-value
   1  Burramyidae_Burramys_parvus                     0.23%    passed     93.23%
   2  Notoryctidae_Notoryctes_typhlops                1.32%    passed     97.63%
   3  Vombatidae_Lasiorhinus_latifrons                0.32%    passed     71.46%
   4  Potoroidae_Bettongia_penicillata                8.88%    passed     90.62%
   5  Potoroidae_Bettongia_lesueur                    3.84%    passed     81.53%
   6  Dasyuridae_Dasyurus_maculatus                  20.24%    passed     59.42%
   7  Phalangeridae_Trichosurus_vulpecula             1.96%    passed     87.01%
   8  Phalangeridae_Spilocuscus_maculatus             1.11%    passed     94.34%
   9  Potoroidae_Aepyprymnus_rufescens                3.19%    passed     61.25%
  10  Peramelidae_Perameles_nasuta                    0.00%    passed     82.14%
  11  Phalangeridae_Strigocuscus_pelengensis          4.19%    passed     97.10%
  12  Dasyuridae_Phascogale_tapoatafa                20.12%    passed     69.77%
  13  Dasyuridae_Sminthopsis_macroura                 5.36%    passed     45.39%
  14  Phalangeridae_Phalanger_orientalis              2.11%    passed     86.92%
  15  Acrobatidae_Acrobates_pygmaeus                  9.29%    passed     67.44%
  16  Dasyuridae_Phascogale_calura                   20.12%    passed     59.73%
  17  Dasyuridae_Sarcophilus_harrisii                 0.38%    passed     24.44%
  18  Dasyuridae_Planigale_tenuirostris              22.26%    passed     30.26%
  19  Peramelidae_Echymipera_kalubu                   0.67%    passed     90.68%
  20  Macropodidae_Dorcopsulus_vanheurni              9.05%    passed     92.71%
  21  Pseudochiridae_Pseudochirulus_forbesi           0.32%    passed     92.77%
  22  Didelphidae_Didelphis_virginiana               57.88%    passed     31.73%
  23  Marmosidae_Monodelphis_domestica                7.23%    passed     59.47%
  24  Dasyuridae_Antechinus_stuartii                 20.24%    passed     70.24%
  25  Hypsiprymnodontidae_Hypsiprymnodon_moschatus    0.09%    passed     56.17%
  26  Microbiotheriidae_Dromiciops_gliroides          1.64%    passed     65.12%
  27  Pseudochiridae_Petauroides_volans               2.40%    passed     81.90%
  28  Macropodidae_Wallabia_bicolor                   8.82%    passed     80.57%
  29  Pseudochiridae_Pseudocheirus_occidentalis       0.38%    passed     94.36%
  30  Tarsipedidae_Tarsipes_rostratus                 2.14%    passed     71.64%
  31  Acrobatidae_Distoechurus_pennatus               0.56%    passed     96.11%
  32  Phalangeridae_Phalanger_carmelitae              1.52%    passed     86.32%
  33  Peramelidae_Peroryctes_raffrayana               0.23%    passed     89.02%
  34  Dasyuridae_Dasyurus_geffroii                    0.29%    passed      7.08%
  35  Peramelidae_Perameles_gunnii                    0.41%    passed     82.96%
WARNING: 1 sequences contain more than 50% gaps/ambiguity
****  TOTAL                                           6.82%  0 sequences failed composition chi2 test (p-value<5%; df=3)
NOTE: No CharPartition defined, use all CharSets

Loading 15 partitions...
Subset	Type	Seqs	Sites	Infor	Invar	Model	Name
1		35	92	5	84	TESTMERGE	part1.1
2		35	92	1	88	TESTMERGE	part1.2
3		35	92	40	29	TESTMERGE	part1.3
4		31	99	25	51	TESTMERGE	part2.1
5		31	99	19	59	TESTMERGE	part2.2
6		31	99	49	22	TESTMERGE	part2.3
7		30	229	47	156	TESTMERGE	part3.1
8		30	229	22	188	TESTMERGE	part3.2
9		30	229	124	66	TESTMERGE	part3.3
10		34	653	90	503	TESTMERGE	part4.1
11		34	653	49	540	TESTMERGE	part4.2
12		34	653	296	206	TESTMERGE	part4.3
13		35	65	12	35	TESTMERGE	part5.1
14		35	65	6	46	TESTMERGE	part5.2
15		35	65	33	19	TESTMERGE	part5.3
Degree of missing data: 0.055
Info: multi-threading strategy over partitions



Create initial parsimony tree by phylogenetic likelihood library (PLL)... 0.013 seconds
NOTE: ModelFinder requires 12 MB RAM!
NUMBER OF THREADS FOR PARTITION FINDING: 8
Testing GTR+F+G on supermatrix...
GTR+F+G4 / LnL: -18813.250 / df: 76 / AIC: 37778.501 / AICc: 37782.008 / BIC: 38244.809
Selecting individual models for 15 charsets using BIC...
 No. Model        Score       Charset
   1 K2P+G4       1084.867    part2.2
   2 HKY+F+G4     2125.614    part3.1
   3 HKY+F+G4     3918.809    part4.2
   4 TPM3u+F+G4   1920.002    part2.3
   5 K2P+G4       1212.584    part2.1
   6 TNe+G4       1617.567    part1.3
   7 K2P+G4       1506.550    part3.2
   8 TIM2+F+G4    4726.808    part4.1
   9 K2P          717.138     part5.1
  10 K3Pu+F+G4    1261.595    part5.3	0h:0m:11s (0h:3m:44s left)
  11 K2P          483.338     part5.2	0h:0m:11s (0h:3m:33s left)
  12 HKY+F+I      414.897     part1.1	0h:0m:11s (0h:3m:16s left)
  13 K3Pu+F+G4    4572.200    part3.3	0h:0m:12s (0h:3m:6s left)
  14 K2P          333.871     part1.2	0h:0m:12s (0h:2m:54s left)
  15 K2P+G4       10683.871   part4.3	0h:0m:16s (0h:3m:29s left)
Full partition model BIC score: 37320.981 (LnL: -18111.335  df:135)
Merging models to increase model fit (about 211 total partition schemes)...
  16 K2P+G4       37742.992   part4.2+part4.3	0h:0m:32s (0h:6m:31s left)
  17 TIM2e+G4     37636.255   part4.1+part4.3	0h:0m:32s (0h:6m:10s left)
  18 K2P+G4       37318.985   part2.1+part4.3	0h:0m:33s (0h:5m:54s left)
  19 K2P+G4       37344.941   part2.2+part4.3	0h:0m:33s (0h:5m:36s left)
  20 K2P+G4       37292.343   part1.3+part4.3	0h:0m:33s (0h:5m:19s left)
  21 K2P+G4       37393.032   part3.1+part4.3	0h:0m:34s (0h:5m:9s left)
  22 K2P+G4       37300.041   part2.3+part4.3	0h:0m:34s (0h:5m:0s left)
  23 TIM+F+G4     37423.657   part3.3+part4.3	0h:0m:35s (0h:4m:53s left)
  24 K3Pu+F+G4    37303.984   part4.1+part4.2	0h:0m:44s (0h:5m:46s left)
  25 TPM2u+F+I+G4 37623.189   part3.3+part4.1	0h:0m:46s (0h:5m:47s left)
  26 K2P+G4       37426.745   part1.1+part4.3	0h:0m:49s (0h:5m:49s left)
  27 K2P+G4       37486.715   part3.2+part4.3	0h:0m:49s (0h:5m:34s left)
  28 K2P+G4       37343.480   part4.3+part5.3	0h:0m:50s (0h:5m:30s left)
  29 K2P+G4       37348.499   part4.3+part5.2	0h:0m:50s (0h:5m:17s left)
  30 K2P+G4       37465.348   part1.2+part4.3	0h:0m:50s (0h:5m:5s left)
  31 K2P+G4       37326.853   part4.3+part5.1	0h:0m:50s (0h:4m:55s left)
  32 TIM+F+I+G4   37697.083   part3.3+part4.2	0h:0m:56s (0h:5m:16s left)
  33 TPM2u+F+G4   37430.727   part2.3+part4.1	0h:0m:57s (0h:5m:8s left)
  34 TPM2+F+G4    37406.591   part1.3+part4.1	0h:0m:57s (0h:4m:59s left)
  35 TIM2e+I      37317.184   part2.2+part4.1	0h:0m:58s (0h:4m:52s left)
  36 TPM2u+F+G4   37319.924   part2.1+part4.1	0h:0m:59s (0h:4m:50s left)
  37 TIM2+F+G4    37285.291   part3.1+part4.1	0h:0m:59s (0h:4m:42s left)
  38 TIM2+F+G4    37426.753   part3.1+part3.3	0h:1m:1s (0h:4m:39s left)
  39 K3Pu+F+G4    37290.522   part2.3+part3.3	0h:1m:2s (0h:4m:37s left)
  40 TPM2u+F+G4   37399.505   part4.1+part5.3	0h:1m:6s (0h:4m:45s left)
  41 TNe+I        37302.872   part3.2+part4.1	0h:1m:8s (0h:4m:44s left)
  42 TIM2e+I      37327.218   part4.1+part5.1	0h:1m:10s (0h:4m:43s left)
  43 HKY+F+G4     37407.725   part2.2+part3.3	0h:1m:10s (0h:4m:36s left)
  44 TIM+F+G4     37387.939   part2.1+part3.3	0h:1m:12s (0h:4m:34s left)
  45 K3Pu+F+G4    37316.085   part1.3+part3.3	0h:1m:13s (0h:4m:29s left)
  46 TPM3u+F+I+G4 37496.800   part2.3+part4.2	0h:1m:15s (0h:4m:30s left)
  47 K3Pu+F+G4    37282.021   part3.3+part5.3	0h:1m:18s (0h:4m:35s left)
  48 HKY+F+G4     37317.436   part3.1+part4.2	0h:1m:19s (0h:4m:28s left)
  49 TIM2e+I      37308.443   part4.1+part5.2	0h:1m:22s (0h:4m:31s left)
  50 K2P+I+G4     37442.347   part1.3+part4.2	0h:1m:23s (0h:4m:27s left)
  51 TN+F+I+G4    37554.795   part3.2+part3.3	0h:1m:25s (0h:4m:27s left)
  52 HKY+F+G4     37333.469   part2.2+part4.2	0h:1m:26s (0h:4m:24s left)
  53 K3Pu+F+G4    37350.905   part3.3+part5.1	0h:1m:32s (0h:4m:35s left)
  54 K3Pu+F+G4    37399.055   part3.3+part5.2	0h:1m:33s (0h:4m:30s left)
  55 HKY+F+G4     37350.651   part2.1+part4.2	0h:1m:33s (0h:4m:26s left)
  56 HKY+F+I+G4   37433.838   part4.2+part5.3	0h:1m:35s (0h:4m:24s left)
  57 K2P+G4       37304.065   part3.2+part4.2	0h:1m:41s (0h:4m:34s left)
  58 TIM2e+I      37327.672   part1.2+part4.1	0h:1m:42s (0h:4m:30s left)
  59 TIM2+F+G4    37294.780   part1.1+part4.1	0h:1m:43s (0h:4m:25s left)
  60 K2P+G4       37330.104   part4.2+part5.1	0h:1m:43s (0h:4m:20s left)
  61 K2P+G4       37309.517   part4.2+part5.2	0h:1m:45s (0h:4m:19s left)
  62 TPM3+F+G4    37350.277   part2.3+part3.1	0h:1m:47s (0h:4m:17s left)
  63 K2P+G4       37285.079   part1.3+part2.3	0h:1m:48s (0h:4m:14s left)
  64 K3Pu+F+G4    37507.014   part1.2+part3.3	0h:1m:48s (0h:4m:9s left)
  65 K2P+G4       37327.976   part2.2+part2.3	0h:1m:50s (0h:4m:7s left)
  66 K2P+G4       37328.183   part1.3+part3.1	0h:1m:50s (0h:4m:2s left)
  67 K3Pu+F+G4    37408.808   part1.1+part3.3	0h:1m:51s (0h:3m:59s left)
  68 K2P+G4       37310.901   part2.1+part2.3	0h:1m:52s (0h:3m:57s left)
  69 K2P+G4       37295.116   part2.2+part3.1	0h:1m:53s (0h:3m:54s left)
  70 TPM2+F+G4    37305.186   part2.1+part3.1	0h:1m:56s (0h:3m:53s left)
  71 HKY+F+G4     37319.740   part1.2+part4.2	0h:1m:56s (0h:3m:50s left)
  72 HKY+F+G4     37290.965   part1.1+part4.2	0h:1m:56s (0h:3m:45s left)
  73 HKY+F+G4     37331.733   part3.1+part5.3	0h:1m:57s (0h:3m:41s left)
  74 K2P+G4       37320.145   part1.3+part2.2	0h:1m:57s (0h:3m:37s left)
  75 TPM3u+F+G4   37285.680   part2.3+part5.3	0h:1m:58s (0h:3m:34s left)
  76 K2P+G4       37304.582   part1.3+part2.1	0h:2m:0s (0h:3m:34s left)
  77 K2P+G4       37305.104   part3.1+part3.2	0h:2m:0s (0h:3m:29s left)
  78 K2P+G4       37405.031   part2.3+part3.2	0h:2m:1s (0h:3m:26s left)
  79 K2P+G4       37299.997   part2.1+part2.2	0h:2m:1s (0h:3m:23s left)
  80 HKY+F+G4     37318.207   part1.3+part5.3	0h:2m:4s (0h:3m:23s left)
  81 K2P+G4       37337.336   part2.2+part5.3	0h:2m:4s (0h:3m:19s left)
  82 K2P+G4       37303.353   part3.1+part5.1	0h:2m:5s (0h:3m:17s left)
  83 TPM3u+F+G4   37332.856   part2.3+part5.1	0h:2m:6s (0h:3m:14s left)
  84 K2P+G4       37302.834   part3.1+part5.2	0h:2m:8s (0h:3m:14s left)
  85 K2P+G4       37330.477   part2.1+part5.3	0h:2m:9s (0h:3m:12s left)
  86 K2P+G4       37377.071   part1.3+part3.2	0h:2m:10s (0h:3m:9s left)
  87 K2P+G4       37343.984   part2.3+part5.2	0h:2m:12s (0h:3m:8s left)
  88 K2P+G4       37327.735   part2.1+part3.2	0h:2m:12s (0h:3m:5s left)
  89 K2P+G4       37305.376   part2.2+part5.1	0h:2m:12s (0h:3m:2s left)
  90 K2P+G4       37314.758   part2.2+part3.2	0h:2m:13s (0h:2m:59s left)
  91 K2P+G4       37315.218   part1.3+part5.1	0h:2m:15s (0h:2m:58s left)
  92 K2P+G4       37304.526   part2.1+part5.1	0h:2m:17s (0h:2m:58s left)
  93 K2P+G4       37386.158   part3.2+part5.3	0h:2m:18s (0h:2m:55s left)
  94 HKY+F+G4     37335.617   part5.1+part5.3	0h:2m:19s (0h:2m:53s left)
  95 K2P+G4       37310.572   part2.2+part5.2	0h:2m:19s (0h:2m:50s left)
  96 K2P+G4       37313.490   part2.1+part5.2	0h:2m:20s (0h:2m:48s left)
  97 K2P+G4       37329.839   part1.3+part5.2	0h:2m:21s (0h:2m:45s left)
  98 HKY+F+G4     37305.406   part1.1+part3.1	0h:2m:21s (0h:2m:43s left)
  99 TPM3+F+G4    37377.252   part1.1+part2.3	0h:2m:22s (0h:2m:40s left)
 100 TN+F+G4      37368.140   part5.2+part5.3	0h:2m:24s (0h:2m:39s left)
 101 K2P+G4       37323.511   part3.2+part5.1	0h:2m:24s (0h:2m:37s left)
 102 K2P+G4       37310.657   part3.2+part5.2	0h:2m:25s (0h:2m:35s left)
 103 K2P+G4       37342.601   part1.2+part3.1	0h:2m:27s (0h:2m:34s left)
 104 K2P+G4       37428.103   part1.2+part2.3	0h:2m:27s (0h:2m:32s left)
 105 K2P+G4       37313.203   part5.1+part5.2	0h:2m:29s (0h:2m:31s left)
 106 HKY+F+G4     37379.902   part1.1+part1.3	0h:2m:30s (0h:2m:28s left)
 107 K2P+G4       37324.636   part1.1+part2.2	0h:2m:32s (0h:2m:27s left)
 108 K2P+G4       37403.532   part1.2+part1.3	0h:2m:32s (0h:2m:25s left)
 109 K3P+G4       37352.991   part1.2+part2.2	0h:2m:32s (0h:2m:22s left)
 110 K2P+G4       37337.107   part1.1+part2.1	0h:2m:32s (0h:2m:20s left)
 111 K2P+G4       37365.403   part1.2+part2.1	0h:2m:33s (0h:2m:18s left)
 112 HKY+F+G4     37424.585   part1.2+part5.3	0h:2m:34s (0h:2m:16s left)
 113 K2P+I        37300.343   part1.1+part3.2	0h:2m:34s (0h:2m:14s left)
 114 K3Pu+F+G4    37358.401   part1.1+part5.3	0h:2m:36s (0h:2m:13s left)
 115 K2P+I        37321.989   part1.2+part3.2	0h:2m:36s (0h:2m:10s left)
 116 K2P+G4       37356.371   part1.2+part5.1	0h:2m:36s (0h:2m:8s left)
 117 HKY+F+G4     37323.271   part1.1+part5.2	0h:2m:36s (0h:2m:5s left)
 118 TPM3+F+G4    37339.517   part1.1+part5.1	0h:2m:36s (0h:2m:3s left)
 119 K2P+G4       37333.589   part1.2+part5.2	0h:2m:36s (0h:2m:1s left)
 120 K2P          37299.251   part1.1+part1.2	0h:2m:37s (0h:1m:59s left)
Merging part3.3+part5.3 with BIC score: 37282.021 (LnL: -18120.330  df: 128)
 121 HKY+F+G4     37377.064   part2.2+part3.3+part5.3	0h:2m:48s (0h:2m:5s left)
 122 K3Pu+F+G4    37353.481   part2.1+part3.3+part5.3	0h:2m:49s (0h:2m:3s left)
 123 TIM+F+G4     37401.986   part3.1+part3.3+part5.3	0h:2m:50s (0h:2m:1s left)
 124 K3Pu+F+G4    37285.906   part1.3+part3.3+part5.3	0h:2m:50s (0h:1m:59s left)
 125 TIM+F+I+G4   37715.351   part3.3+part4.2+part5.3	0h:2m:51s (0h:1m:57s left)
 126 TPM2u+F+I+G4 37632.426   part3.3+part4.1+part5.3	0h:2m:51s (0h:1m:55s left)
 127 K3Pu+F+G4    37251.719   part2.3+part3.3+part5.3	0h:2m:52s (0h:1m:54s left)
 128 HKY+F+I+G4   37548.834   part3.2+part3.3+part5.3	0h:2m:58s (0h:1m:56s left)
 129 TIM+F+G4     37416.856   part3.3+part4.3+part5.3	0h:2m:59s (0h:1m:54s left)
 130 K3Pu+F+G4    37375.111   part3.3+part5.2+part5.3	0h:3m:0s (0h:1m:52s left)
 131 K3Pu+F+G4    37316.159   part3.3+part5.1+part5.3	0h:3m:1s (0h:1m:50s left)
 132 K3Pu+F+G4    37485.717   part1.2+part3.3+part5.3	0h:3m:1s (0h:1m:48s left)
 133 K3Pu+F+G4    37378.112   part1.1+part3.3+part5.3	0h:3m:1s (0h:1m:46s left)
Merging part1.3+part2.3 with BIC score: 37246.118 (LnL: -18134.921  df: 120)
 134 K2P+G4       37255.771   part1.3+part2.3+part5.1	0h:3m:8s (0h:1m:48s left)
 135 K2P+G4       37368.415   part1.3+part2.3+part3.2	0h:3m:8s (0h:1m:46s left)
 136 K2P+G4       37265.373   part1.3+part2.2+part2.3	0h:3m:9s (0h:1m:44s left)
 137 K2P+G4       37245.107   part1.3+part2.1+part2.3	0h:3m:11s (0h:1m:43s left)
 138 K2P+G4       37295.737   part1.3+part2.3+part3.1	0h:3m:12s (0h:1m:41s left)
 139 K2P+I+G4     37502.784   part1.3+part2.3+part4.2	0h:3m:14s (0h:1m:40s left)
 140 TPM2u+F+G4   37432.593   part1.3+part2.3+part4.1	0h:3m:16s (0h:1m:39s left)
 141 K2P+G4       37277.808   part1.3+part2.3+part5.2	0h:3m:18s (0h:1m:38s left)
 142 TPM3+F+G4    37333.669   part1.1+part1.3+part2.3	0h:3m:18s (0h:1m:36s left)
 143 K2P+G4       37376.400   part1.2+part1.3+part2.3	0h:3m:18s (0h:1m:34s left)
 144 K2P+G4       37231.852   part1.3+part2.3+part4.3	0h:3m:20s (0h:1m:33s left)
 145 K3Pu+F+G4    37250.400   part1.3+part2.3+part3.3+part5.3	0h:3m:22s (0h:1m:32s left)
Merging part3.1+part4.1 with BIC score: 37210.428 (LnL: -18141.483  df: 114)
 146 TPM2u+F+G4   37205.537   part3.1+part3.2+part4.1	0h:3m:31s (0h:1m:33s left)
 147 TPM2u+F+G4   37200.162   part2.1+part3.1+part4.1	0h:3m:31s (0h:1m:32s left)
 148 TPM2+F+G4    37213.770   part3.1+part4.1+part5.1	0h:3m:32s (0h:1m:30s left)
 149 TIM2+F+G4    37208.268   part3.1+part4.1+part5.2	0h:3m:32s (0h:1m:28s left)
 150 TPM2u+F+G4   37207.143   part2.2+part3.1+part4.1	0h:3m:33s (0h:1m:26s left)
 151 TPM2u+F+G4   37208.299   part3.1+part4.1+part4.2	0h:3m:34s (0h:1m:25s left)
 152 TPM2u+F+I+G4 37385.633   part1.3+part2.3+part3.1+part4.1	0h:3m:36s (0h:1m:23s left)
 153 TIM2+F+G4    37232.594   part1.2+part3.1+part4.1	0h:3m:39s (0h:1m:23s left)
 154 TIM2+F+G4    37188.045   part1.1+part3.1+part4.1	0h:3m:39s (0h:1m:21s left)
 155 TIM2e+G4     37554.538   part3.1+part4.1+part4.3	0h:3m:39s (0h:1m:19s left)
 156 TPM2u+F+I+G4 37566.768   part3.1+part3.3+part4.1+part5.3	0h:3m:42s (0h:1m:18s left)
Merging part1.1+part4.2 with BIC score: 37180.412 (LnL: -18150.881  df: 108)
 157 HKY+F+G4     37180.813   part1.1+part4.2+part5.2	0h:3m:46s (0h:1m:17s left)
 158 HKY+F+G4     37171.889   part1.1+part3.2+part4.2	0h:3m:47s (0h:1m:16s left)
 159 HKY+F+G4     37198.415   part1.1+part2.2+part4.2	0h:3m:48s (0h:1m:14s left)
 160 HKY+F+G4     37199.113   part1.1+part4.2+part5.1	0h:3m:49s (0h:1m:13s left)
 161 HKY+F+G4     37217.425   part1.1+part2.1+part4.2	0h:3m:49s (0h:1m:11s left)
 162 HKY+F+G4     37179.160   part1.1+part1.2+part4.2	0h:3m:51s (0h:1m:10s left)
 163 TPM3u+F+I+G4 37463.675   part1.1+part1.3+part2.3+part4.2	0h:3m:52s (0h:1m:8s left)
 164 TPM2u+F+G4   37183.529   part1.1+part3.1+part4.1+part4.2	0h:3m:53s (0h:1m:6s left)
 165 K2P+G4       37661.646   part1.1+part4.2+part4.3	0h:3m:56s (0h:1m:5s left)
 166 TIM+F+I+G4   37633.813   part1.1+part3.3+part4.2+part5.3	0h:3m:57s (0h:1m:4s left)
Merging part2.1+part2.2 with BIC score: 37159.428 (LnL: -18152.593  df: 105)
 167 K2P+G4       37151.638   part2.1+part2.2+part5.2	0h:4m:1s (0h:1m:3s left)
 168 K2P+G4       37143.145   part2.1+part2.2+part5.1	0h:4m:1s (0h:1m:1s left)
 169 K2P+G4       37170.803   part2.1+part2.2+part3.2	0h:4m:2s (0h:1m:0s left)
 170 HKY+F+G4     37221.160   part1.1+part2.1+part2.2+part4.2	0h:4m:3s (0h:0m:58s left)
 171 K2P+G4       37208.145   part1.2+part2.1+part2.2	0h:4m:4s (0h:0m:57s left)
 172 K2P+G4       37185.350   part1.3+part2.1+part2.2+part2.3	0h:4m:6s (0h:0m:55s left)
 173 TPM2u+F+G4   37165.214   part2.1+part2.2+part3.1+part4.1	0h:4m:8s (0h:0m:54s left)
 174 HKY+F+G4     37310.265   part2.1+part2.2+part3.3+part5.3	0h:4m:9s (0h:0m:53s left)
 175 K2P+G4       37196.203   part2.1+part2.2+part4.3	0h:4m:12s (0h:0m:52s left)
Merging part2.1+part2.2+part5.1 with BIC score: 37143.145 (LnL: -18152.587  df: 103)
 176 K2P+G4       37134.857   part2.1+part2.2+part5.1+part5.2	0h:4m:17s (0h:0m:51s left)
 177 K2P+G4       37196.447   part1.2+part2.1+part2.2+part5.1	0h:4m:17s (0h:0m:49s left)
 178 K2P+G4       37160.623   part2.1+part2.2+part3.2+part5.1	0h:4m:18s (0h:0m:47s left)
 179 HKY+F+G4     37226.358   part1.1+part2.1+part2.2+part4.2+part5.1	0h:4m:21s (0h:0m:46s left)
 180 K2P+G4       37179.268   part1.3+part2.1+part2.2+part2.3+part5.1	0h:4m:23s (0h:0m:45s left)
 181 HKY+F+G4     37316.651   part2.1+part2.2+part3.3+part5.1+part5.3	0h:4m:24s (0h:0m:43s left)
 182 TPM2u+F+G4   37165.842   part2.1+part2.2+part3.1+part4.1+part5.1	0h:4m:25s (0h:0m:42s left)
 183 K2P+G4       37194.619   part2.1+part2.2+part4.3+part5.1	0h:4m:29s (0h:0m:41s left)
Merging part1.3+part2.3+part4.3 with BIC score: 37128.879 (LnL: -18157.657  df: 100)
 184 K2P+G4       37281.884   part1.2+part1.3+part2.3+part4.3	0h:4m:47s (0h:0m:42s left)
 185 K2P+G4       37311.582   part1.3+part2.3+part3.2+part4.3	0h:4m:48s (0h:0m:40s left)
 186 K2P+G4       37160.061   part1.3+part2.3+part4.3+part5.2	0h:4m:48s (0h:0m:38s left)
 187 K2P+G4       37684.831   part1.1+part1.3+part2.3+part4.2+part4.3	0h:4m:49s (0h:0m:37s left)
 188 K2P+G4       37187.079   part1.3+part2.1+part2.2+part2.3+part4.3+part5.1	0h:4m:51s (0h:0m:35s left)
 189 TPM2+F+G4    37538.049   part1.3+part2.3+part3.1+part4.1+part4.3	0h:4m:52s (0h:0m:33s left)
 190 TIM+F+G4     37251.606   part1.3+part2.3+part3.3+part4.3+part5.3	0h:4m:53s (0h:0m:32s left)
Merging part3.2+part5.2 with BIC score: 37118.554 (LnL: -18160.631  df: 98)
 191 K2P+G4       37124.151   part1.2+part3.2+part5.2	0h:4m:57s (0h:0m:31s left)
 192 K2P+G4       37109.864   part1.1+part3.2+part4.2+part5.2	0h:4m:59s (0h:0m:29s left)
 193 K2P+G4       37132.879   part2.1+part2.2+part3.2+part5.1+part5.2	0h:4m:59s (0h:0m:27s left)
 194 TIM2+F+G4    37122.280   part3.1+part3.2+part4.1+part5.2	0h:5m:1s (0h:0m:26s left)
 195 HKY+F+I+G4   37414.975   part3.2+part3.3+part5.2+part5.3	0h:5m:1s (0h:0m:24s left)
 196 K2P+G4       37324.575   part1.3+part2.3+part3.2+part4.3+part5.2	0h:5m:8s (0h:0m:23s left)
Merging part1.1+part3.2+part4.2+part5.2 with BIC score: 37109.864 (LnL: -18180.693  df: 92)
 197 K2P+G4       37110.756   part1.1+part1.2+part3.2+part4.2+part5.2	0h:5m:14s (0h:0m:22s left)
 198 K2P+G4       37176.909   part1.1+part2.1+part2.2+part3.2+part4.2+part5.1+part5.2	0h:5m:17s (0h:0m:20s left)
 199 HKY+F+G4     37116.010   part1.1+part3.1+part3.2+part4.1+part4.2+part5.2	0h:5m:20s (0h:0m:19s left)
 200 TN+F+I+G4    37634.698   part1.1+part3.2+part3.3+part4.2+part5.2+part5.3	0h:5m:22s (0h:0m:17s left)
 201 K2P+G4       37727.570   part1.1+part1.3+part2.3+part3.2+part4.2+part4.3+part5.2	0h:5m:27s (0h:0m:16s left)
BEST-FIT PARTITION MODEL: 
  charpartition BIC = K2P+G4: part1.1 part3.2 part4.2 part5.2, K2P: part1.2, K2P+G4: part1.3 part2.3 part4.3, K2P+G4: part2.1 part2.2 part5.1, TIM2+F+G4: part3.1 part4.1, K3Pu+F+G4: part3.3 part5.3;
Agglomerative model selection: (((part1.1,part4.2)4:37180.4,(part3.2,part5.2)8:37118.6)9:37109.9,part1.2,((part1.3,part2.3)2:37246.1,part4.3)7:37128.9,((part2.1,part2.2)5:37159.4,part5.1)6:37143.1,(part3.1,part4.1)3:37210.4,(part3.3,part5.3)1:37282)
Merging into 6 partitions...
Partition information was printed to 4_set244.best_scheme.nex
Partition information in Raxml format was printed to 4_set244.best_scheme

All model information printed to 4_set244.model.gz
CPU time for ModelFinder: 514.251 seconds (0h:8m:34s)
Wall-clock time for ModelFinder: 328.998 seconds (0h:5m:28s)
Generating 1000 samples for ultrafast bootstrap (seed: 888690)...

NOTE: 12 MB RAM (0 GB) is required!
Measuring multi-threading efficiency up to 8 CPU cores
Increase to 10 rounds for branch lengths
19 trees examined
Threads: 1 / Time: 8.444 sec / Speedup: 1.000 / Efficiency: 100% / LogL: -28388
Threads: 2 / Time: 14.022 sec / Speedup: 0.602 / Efficiency: 30% / LogL: -28388
BEST NUMBER OF THREADS: 1

Estimate model parameters (epsilon = 0.100)
Initial log-likelihood: -20002.360
Current log-likelihood at step 1: -18416.835
Current log-likelihood at step 2: -18269.933
Current log-likelihood at step 3: -18228.978
Current log-likelihood at step 4: -18202.586
Current log-likelihood at step 5: -18199.418
Current log-likelihood at step 6: -18197.065
Current log-likelihood at step 7: -18195.362
Current log-likelihood at step 8: -18194.089
Current log-likelihood at step 9: -18193.130
Current log-likelihood at step 10: -18192.406
Current log-likelihood at step 11: -18191.846
Current log-likelihood at step 12: -18191.437
Current log-likelihood at step 13: -18191.125
Current log-likelihood at step 14: -18190.859
Current log-likelihood at step 15: -18190.602
Current log-likelihood at step 16: -18190.354
Current log-likelihood at step 17: -18190.113
Current log-likelihood at step 18: -18189.880
Current log-likelihood at step 19: -18189.653
Current log-likelihood at step 20: -18189.433
Current log-likelihood at step 21: -18189.229
Current log-likelihood at step 22: -18189.050
Current log-likelihood at step 23: -18188.857
Current log-likelihood at step 24: -18188.695
Current log-likelihood at step 25: -18188.536
Current log-likelihood at step 26: -18188.381
Current log-likelihood at step 27: -18188.229
Current log-likelihood at step 28: -18188.081
Current log-likelihood at step 29: -18187.936
Current log-likelihood at step 30: -18187.794
Current log-likelihood at step 31: -18187.655
Current log-likelihood at step 32: -18187.520
Current log-likelihood at step 33: -18187.387
Current log-likelihood at step 34: -18187.257
Current log-likelihood at step 35: -18187.130
Current log-likelihood at step 36: -18187.003
Current log-likelihood at step 37: -18186.881
Current log-likelihood at step 38: -18186.761
Current log-likelihood at step 39: -18186.643
Current log-likelihood at step 40: -18186.529
Current log-likelihood at step 41: -18186.417
Current log-likelihood at step 42: -18186.306
Current log-likelihood at step 43: -18186.199
Current log-likelihood at step 44: -18186.094
Current log-likelihood at step 45: -18185.990
Current log-likelihood at step 46: -18185.889
Current log-likelihood at step 47: -18185.791
Partition-specific rates:  0.280 0.203 1.831 0.887 0.518 2.957
Parameters optimization took 46 rounds (11.530 sec)

Computing ML distances based on estimated model parameters... 0.068 sec
Computing BIONJ tree...
0.004 seconds
Log-likelihood of BIONJ tree: -18197.147
--------------------------------------------------------------------
|             INITIALIZING CANDIDATE TREE SET                      |
--------------------------------------------------------------------
Generating 98 parsimony trees... 3.890 second
Computing log-likelihood of 98 initial trees ... 14.471 seconds
Current best score: -18179.090

Do NNI search on 20 best initial trees
Estimate model parameters (epsilon = 0.100)
Initial log-likelihood: -18175.808
Current log-likelihood at step 1: -18175.563
Current log-likelihood at step 2: -18175.471
Parameters optimization took 1 rounds (0.644 sec)

BETTER TREE FOUND at iteration 1: -18175.471
UPDATE BEST LOG-LIKELIHOOD: -18175.467
UPDATE BEST LOG-LIKELIHOOD: -18175.467
UPDATE BEST LOG-LIKELIHOOD: -18175.466
Iteration 10 / LogL: -18181.325 / Time: 0h:1m:2s
Iteration 20 / LogL: -18175.467 / Time: 0h:1m:14s
Finish initializing candidate tree set (2)
Current best tree score: -18175.466 / CPU time: 39.496
Number of iterations: 20
--------------------------------------------------------------------
|               OPTIMIZING CANDIDATE TREE SET                      |
--------------------------------------------------------------------
UPDATE BEST LOG-LIKELIHOOD: -18175.465
UPDATE BEST LOG-LIKELIHOOD: -18175.465
Iteration 30 / LogL: -18175.465 / Time: 0h:1m:28s (0h:3m:37s left)
Iteration 40 / LogL: -18175.468 / Time: 0h:1m:44s (0h:2m:43s left)
Iteration 50 / LogL: -18175.490 / Time: 0h:1m:58s (0h:2m:2s left)
Log-likelihood cutoff on original alignment: -18227.056
Iteration 60 / LogL: -18181.696 / Time: 0h:2m:14s (0h:1m:33s left)
Iteration 70 / LogL: -18175.467 / Time: 0h:2m:29s (0h:1m:7s left)
Iteration 80 / LogL: -18175.487 / Time: 0h:2m:44s (0h:0m:43s left)
Iteration 90 / LogL: -18175.468 / Time: 0h:3m:1s (0h:0m:22s left)
Iteration 100 / LogL: -18181.328 / Time: 0h:3m:16s (0h:0m:1s left)
Log-likelihood cutoff on original alignment: -18227.006
NOTE: Bootstrap correlation coefficient of split occurrence frequencies: 1.000
TREE SEARCH COMPLETED AFTER 102 ITERATIONS / Time: 0h:3m:20s

--------------------------------------------------------------------
|                    FINALIZING TREE SEARCH                        |
--------------------------------------------------------------------
Performs final model parameters optimization
Estimate model parameters (epsilon = 0.010)
Initial log-likelihood: -18175.464
Current log-likelihood at step 1: -18175.351
Current log-likelihood at step 2: -18175.241
Current log-likelihood at step 3: -18175.135
Current log-likelihood at step 4: -18175.030
Current log-likelihood at step 5: -18174.929
Current log-likelihood at step 6: -18174.829
Current log-likelihood at step 7: -18174.731
Current log-likelihood at step 8: -18174.634
Current log-likelihood at step 9: -18174.542
Current log-likelihood at step 10: -18174.450
Current log-likelihood at step 11: -18174.361
Current log-likelihood at step 12: -18174.273
Current log-likelihood at step 13: -18174.187
Current log-likelihood at step 14: -18174.104
Current log-likelihood at step 15: -18174.023
Current log-likelihood at step 16: -18173.943
Current log-likelihood at step 17: -18173.865
Current log-likelihood at step 18: -18173.788
Current log-likelihood at step 19: -18173.712
Current log-likelihood at step 20: -18173.637
Current log-likelihood at step 21: -18173.562
Current log-likelihood at step 22: -18173.492
Current log-likelihood at step 23: -18173.421
Current log-likelihood at step 24: -18173.353
Current log-likelihood at step 25: -18173.285
Current log-likelihood at step 26: -18173.219
Current log-likelihood at step 27: -18173.155
Current log-likelihood at step 28: -18173.090
Current log-likelihood at step 29: -18173.027
Current log-likelihood at step 30: -18172.966
Current log-likelihood at step 31: -18172.906
Current log-likelihood at step 32: -18172.847
Current log-likelihood at step 33: -18172.789
Current log-likelihood at step 34: -18172.731
Current log-likelihood at step 35: -18172.675
Current log-likelihood at step 36: -18172.620
Current log-likelihood at step 37: -18172.565
Current log-likelihood at step 38: -18172.512
Current log-likelihood at step 39: -18172.460
Current log-likelihood at step 40: -18172.408
Current log-likelihood at step 41: -18172.357
Current log-likelihood at step 42: -18172.308
Current log-likelihood at step 43: -18172.259
Current log-likelihood at step 44: -18172.211
Current log-likelihood at step 45: -18172.163
Current log-likelihood at step 46: -18172.117
Current log-likelihood at step 47: -18172.068
Current log-likelihood at step 48: -18172.023
Current log-likelihood at step 49: -18171.978
Current log-likelihood at step 50: -18171.935
Current log-likelihood at step 51: -18171.892
Current log-likelihood at step 52: -18171.850
Current log-likelihood at step 53: -18171.808
Current log-likelihood at step 54: -18171.767
Current log-likelihood at step 55: -18171.727
Current log-likelihood at step 56: -18171.688
Current log-likelihood at step 57: -18171.649
Current log-likelihood at step 58: -18171.610
Current log-likelihood at step 59: -18171.573
Current log-likelihood at step 60: -18171.536
Current log-likelihood at step 61: -18171.499
Current log-likelihood at step 62: -18171.463
Current log-likelihood at step 63: -18171.427
Current log-likelihood at step 64: -18171.393
Current log-likelihood at step 65: -18171.358
Current log-likelihood at step 66: -18171.324
Current log-likelihood at step 67: -18171.291
Current log-likelihood at step 68: -18171.258
Current log-likelihood at step 69: -18171.226
Current log-likelihood at step 70: -18171.194
Current log-likelihood at step 71: -18171.162
Current log-likelihood at step 72: -18171.131
Current log-likelihood at step 73: -18171.101
Current log-likelihood at step 74: -18171.071
Current log-likelihood at step 75: -18171.041
Current log-likelihood at step 76: -18171.012
Current log-likelihood at step 77: -18170.983
Current log-likelihood at step 78: -18170.954
Current log-likelihood at step 79: -18170.926
Current log-likelihood at step 80: -18170.899
Current log-likelihood at step 81: -18170.872
Current log-likelihood at step 82: -18170.845
Current log-likelihood at step 83: -18170.818
Current log-likelihood at step 84: -18170.792
Current log-likelihood at step 85: -18170.766
Current log-likelihood at step 86: -18170.741
Current log-likelihood at step 87: -18170.716
Current log-likelihood at step 88: -18170.691
Current log-likelihood at step 89: -18170.667
Current log-likelihood at step 90: -18170.643
Current log-likelihood at step 91: -18170.619
Current log-likelihood at step 92: -18170.595
Current log-likelihood at step 93: -18170.572
Current log-likelihood at step 94: -18170.550
Current log-likelihood at step 95: -18170.528
Current log-likelihood at step 96: -18170.509
Current log-likelihood at step 97: -18170.488
Current log-likelihood at step 98: -18170.470
Current log-likelihood at step 99: -18170.453
Partition-specific rates:  0.283 0.115 1.841 0.878 0.516 2.960
Parameters optimization took 99 rounds (22.938 sec)

BEST SCORE FOUND : -18170.453
Creating bootstrap support values...
Split supports printed to NEXUS file 4_set244.splits.nex
Total tree length: 0.932

Total number of iterations: 102
CPU time used for tree search: 70.019 sec (0h:1m:10s)
Wall-clock time used for tree search: 166.097 sec (0h:2m:46s)
Total CPU time used: 95.542 sec (0h:1m:35s)
Total wall-clock time used: 224.089 sec (0h:3m:44s)

Computing bootstrap consensus tree...
Reading input file 4_set244.splits.nex...
35 taxa and 121 splits.
Consensus tree written to 4_set244.contree
Reading input trees file 4_set244.contree
Log-likelihood of consensus tree: -18170.452

Analysis results written to: 
  IQ-TREE report:                4_set244.iqtree
  Maximum-likelihood tree:       4_set244.treefile
  Likelihood distances:          4_set244.mldist
  Best partitioning scheme:      4_set244.best_scheme.nex
           in RAxML format:      4_set244.best_scheme

Ultrafast bootstrap approximation results written to:
  Split support values:          4_set244.splits.nex
  Consensus tree:                4_set244.contree
  Screen log file:               4_set244.log

Date and Time: Sat Sep  8 05:48:21 2018
