IQ-TREE multicore version 1.6.7 for Mac OS X 64-bit built Aug 23 2018
Developed by Bui Quang Minh, Nguyen Lam Tung, Olga Chernomor,
Heiko Schmidt, Dominik Schrempf, Michael Woodhams.

Host:    meeps-mac-pro.staff.sydney.edu.au (AVX, 64 GB RAM)
Command: /Users/davidduchene/Desktop/Software/iqtree-1.6.7-MacOSX/bin/iqtree -s ../../../../marsupials/set200.fasta -m TESTMERGE -bb 1000 -sp ../../../../marsupials/set200.nex -nt AUTO -pre 6_set200
Seed:    379228 (Using SPRNG - Scalable Parallel Random Number Generator)
Time:    Sat Sep  8 03:16:44 2018
Kernel:  AVX - auto-detect threads (8 CPU cores detected)

Reading partition model file ../../../../marsupials/set200.nex ...
Reading alignment file ../../../../marsupials/set200.fasta ... Fasta format detected
Alignment most likely contains DNA/RNA sequences
Alignment has 37 sequences with 2373 columns, 844 distinct patterns
500 parsimony-informative, 282 singleton sites, 1591 constant sites
                                              Gap/Ambiguity  Composition  p-value
   1  Burramyidae_Burramys_parvus                     0.17%    passed     92.17%
   2  Notoryctidae_Notoryctes_typhlops                2.65%    passed     72.98%
   3  Vombatidae_Lasiorhinus_latifrons                0.04%    passed     99.90%
   4  Potoroidae_Bettongia_penicillata                0.21%    passed     99.73%
   5  Potoroidae_Bettongia_lesueur                    0.29%    passed     98.03%
   6  Dasyuridae_Dasyurus_maculatus                   1.35%    passed     98.90%
   7  Phalangeridae_Trichosurus_vulpecula             0.00%    passed     97.80%
   8  Phalangeridae_Spilocuscus_maculatus             1.39%    passed     98.42%
   9  Potoroidae_Aepyprymnus_rufescens                0.34%    passed     97.85%
  10  Peramelidae_Perameles_nasuta                   15.97%    passed     78.18%
  11  Phalangeridae_Strigocuscus_pelengensis          3.16%    passed     96.39%
  12  Dasyuridae_Phascogale_tapoatafa                 1.10%    passed     99.86%
  13  Vombatidae_Vombatus_ursinus1                   90.27%    failed      0.00%
  14  Dasyuridae_Sminthopsis_macroura                 0.17%    passed     99.32%
  15  Vombatidae_Vombatus_ursinus2                   90.27%    failed      0.00%
  16  Phalangeridae_Phalanger_orientalis              0.17%    passed     96.50%
  17  Acrobatidae_Acrobates_pygmaeus                  1.18%    passed     62.99%
  18  Dasyuridae_Phascogale_calura                    0.17%    passed     99.80%
  19  Dasyuridae_Sarcophilus_harrisii                 1.69%    passed     99.50%
  20  Dasyuridae_Planigale_tenuirostris              15.21%    passed     14.50%
  21  Peramelidae_Echymipera_kalubu                   2.15%    passed     98.68%
  22  Macropodidae_Dorcopsulus_vanheurni              0.08%    passed     99.76%
  23  Pseudochiridae_Pseudochirulus_forbesi           0.29%    passed     84.49%
  24  Didelphidae_Didelphis_virginiana                1.98%    passed     73.06%
  25  Marmosidae_Monodelphis_domestica                0.04%    passed     94.75%
  26  Dasyuridae_Antechinus_stuartii                  3.41%    passed     91.77%
  27  Hypsiprymnodontidae_Hypsiprymnodon_moschatus    0.04%    passed     98.95%
  28  Microbiotheriidae_Dromiciops_gliroides          0.93%    passed     99.52%
  29  Pseudochiridae_Petauroides_volans               1.77%    passed     92.85%
  30  Macropodidae_Wallabia_bicolor                   0.84%    passed     99.38%
  31  Pseudochiridae_Pseudocheirus_occidentalis      16.35%    passed     58.20%
  32  Tarsipedidae_Tarsipes_rostratus                 2.15%    passed     99.53%
  33  Acrobatidae_Distoechurus_pennatus               0.00%    passed     62.43%
  34  Phalangeridae_Phalanger_carmelitae              0.04%    passed     99.88%
  35  Peramelidae_Peroryctes_raffrayana               6.32%    passed     97.77%
  36  Dasyuridae_Dasyurus_geffroii                    0.34%    passed     97.30%
  37  Peramelidae_Perameles_gunnii                    0.38%    passed     99.55%
WARNING: 2 sequences contain more than 50% gaps/ambiguity
****  TOTAL                                           7.11%  2 sequences failed composition chi2 test (p-value<5%; df=3)
NOTE: No CharPartition defined, use all CharSets

Loading 15 partitions...
Subset	Type	Seqs	Sites	Infor	Invar	Model	Name
1		35	75	24	35	TESTMERGE	part1.1
2		35	75	21	46	TESTMERGE	part1.2
3		35	75	38	18	TESTMERGE	part1.3
4		36	77	2	73	TESTMERGE	part2.1
5		36	77	0	77	TESTMERGE	part2.2
WARNING: No parsimony-informative sites in partition part2.2
6		36	77	45	18	TESTMERGE	part2.3
7		35	242	34	187	TESTMERGE	part3.1
8		35	242	24	200	TESTMERGE	part3.2
9		35	242	81	118	TESTMERGE	part3.3
10		35	276	28	223	TESTMERGE	part4.1
11		35	276	11	245	TESTMERGE	part4.2
12		35	276	82	148	TESTMERGE	part4.3
13		35	121	26	78	TESTMERGE	part5.1
14		35	121	22	90	TESTMERGE	part5.2
15		35	121	62	35	TESTMERGE	part5.3
Degree of missing data: 0.051
Info: multi-threading strategy over partitions

NOTE: Vombatidae_Vombatus_ursinus2 is identical to Vombatidae_Vombatus_ursinus1 but kept for subsequent analysis


Create initial parsimony tree by phylogenetic likelihood library (PLL)... 0.008 seconds
NOTE: ModelFinder requires 9 MB RAM!
NUMBER OF THREADS FOR PARTITION FINDING: 8
Testing GTR+F+G on supermatrix...
GTR+F+G4 / LnL: -11354.809 / df: 80 / AIC: 22869.619 / AICc: 22875.273 / BIC: 23331.372
Selecting individual models for 15 charsets using BIC...
 No. Model        Score       Charset
   1 K2P          1603.800    part1.3
   2 TPM2u+F+I    1703.691    part4.2
   3 HKY+F+G4     2110.215    part4.1
   4 TNe+G4       2104.758    part3.1
   5 HKY+F+I      3349.175    part3.3
   6 K3P+G4       2450.848    part5.3
   7 TIMe+G4      1186.335    part1.1
   8 TPM3u+F+G4   1427.408    part5.1
   9 TPM3u+F+G4   1729.569    part3.2
  10 JC           513.239     part2.2	0h:0m:8s (0h:2m:56s left)
  11 TPM3u+F+G4   3278.006    part4.3	0h:0m:9s (0h:2m:48s left)
  12 HKY+F+I      1283.871    part5.2	0h:0m:9s (0h:2m:35s left)
  13 TPM2u+F+G4   1831.997    part2.3	0h:0m:10s (0h:2m:46s left)
  14 K3P+G4       1091.517    part1.2	0h:0m:11s (0h:2m:36s left)
  15 TNe+I        583.937     part2.1	0h:0m:11s (0h:2m:28s left)
Full partition model BIC score: 29310.546 (LnL: -10485.643  df:1073)
Merging models to increase model fit (about 211 total partition schemes)...
  16 TN+F+I       28930.482   part3.3+part4.1	0h:0m:16s (0h:3m:27s left)
  17 HKY+F+G4     28949.637   part4.1+part4.3	0h:0m:18s (0h:3m:27s left)
  18 HKY+F+G4     28954.159   part4.2+part4.3	0h:0m:18s (0h:3m:16s left)
  19 HKY+F+G4     28915.344   part3.1+part4.3	0h:0m:19s (0h:3m:18s left)
  20 HKY+F+G4     28855.067   part3.3+part5.3	0h:0m:19s (0h:3m:9s left)
  21 TPM3+F+G4    28836.726   part3.3+part4.3	0h:0m:20s (0h:3m:8s left)
  22 TPM3u+F+G4   29034.354   part2.3+part4.3	0h:0m:21s (0h:3m:6s left)
  23 TPM3u+F+G4   28899.531   part4.3+part5.3	0h:0m:22s (0h:3m:3s left)
  24 K2P+G4       28860.836   part3.1+part3.3	0h:0m:24s (0h:3m:8s left)
  25 TPM3+F+G4    28905.823   part3.2+part4.3	0h:0m:25s (0h:3m:7s left)
  26 TPM3u+F+G4   28925.726   part4.3+part5.1	0h:0m:25s (0h:3m:0s left)
  27 K3Pu+F+G4    28892.514   part1.3+part4.3	0h:0m:25s (0h:2m:54s left)
  28 HKY+F+G4     28936.939   part3.3+part4.2	0h:0m:26s (0h:2m:50s left)
  29 TPM3+F+G4    28865.498   part1.1+part4.3	0h:0m:26s (0h:2m:48s left)
  30 K2P+G4       28959.101   part2.3+part3.3	0h:0m:27s (0h:2m:46s left)
  31 HKY+F+G4     28842.597   part4.3+part5.2	0h:0m:28s (0h:2m:46s left)
  32 K2P+I        28842.332   part3.3+part5.1	0h:0m:30s (0h:2m:48s left)
  33 K2P+G4       28819.943   part1.1+part3.3	0h:0m:30s (0h:2m:46s left)
  34 HKY+F+I      28884.214   part3.2+part3.3	0h:0m:30s (0h:2m:41s left)
  35 HKY+F+G4     28853.939   part1.3+part3.3	0h:0m:31s (0h:2m:37s left)
  36 K3Pu+F+G4    28843.585   part1.2+part4.3	0h:0m:31s (0h:2m:34s left)
  37 K2P+G4       28981.789   part4.1+part5.3	0h:0m:32s (0h:2m:33s left)
  38 HKY+F+I      28837.897   part3.3+part5.2	0h:0m:34s (0h:2m:36s left)
  39 HKY+F+G4     28845.563   part3.1+part4.1	0h:0m:35s (0h:2m:37s left)
  40 HKY+F+G4     28905.627   part2.1+part4.3	0h:0m:35s (0h:2m:32s left)
  41 HKY+F+I      28834.881   part1.2+part3.3	0h:0m:36s (0h:2m:30s left)
  42 HKY+F+G4     28804.274   part4.1+part4.2	0h:0m:37s (0h:2m:28s left)
  43 K2P+G4       28904.403   part3.1+part5.3	0h:0m:37s (0h:2m:26s left)
  44 HKY+F+G4     28903.627   part2.2+part4.3	0h:0m:38s (0h:2m:26s left)
  45 HKY+F+G4     28988.768   part4.2+part5.3	0h:0m:38s (0h:2m:23s left)
  46 K2P+I        28873.292   part2.1+part3.3	0h:0m:41s (0h:2m:28s left)
  47 K2P+G4       28832.837   part1.3+part5.3	0h:0m:42s (0h:2m:28s left)
  48 K2P+G4       28938.243   part1.3+part4.1	0h:0m:42s (0h:2m:24s left)
  49 HKY+F+I      28894.599   part2.2+part3.3	0h:0m:43s (0h:2m:23s left)
  50 K2P+G4       28904.041   part2.3+part5.3	0h:0m:43s (0h:2m:20s left)
  51 HKY+F+G4     28846.732   part3.2+part4.1	0h:0m:44s (0h:2m:19s left)
  52 TN+F+I+G4    29028.510   part2.3+part4.1	0h:0m:44s (0h:2m:16s left)
  53 K2P+G4       28965.418   part3.2+part5.3	0h:0m:45s (0h:2m:16s left)
  54 HKY+F+G4     28848.316   part4.1+part5.1	0h:0m:46s (0h:2m:16s left)
  55 K3Pu+F+G4    28855.417   part1.1+part4.1	0h:0m:46s (0h:2m:13s left)
  56 HKY+F+G4     28827.753   part3.1+part4.2	0h:0m:47s (0h:2m:12s left)
  57 K2P+G4       28892.489   part5.1+part5.3	0h:0m:48s (0h:2m:9s left)
  58 K2P+G4       28848.819   part1.1+part5.3	0h:0m:49s (0h:2m:9s left)
  59 HKY+F+G4     28893.958   part5.2+part5.3	0h:0m:50s (0h:2m:10s left)
  60 HKY+F+G4     28817.267   part4.1+part5.2	0h:0m:51s (0h:2m:9s left)
  61 K2P+I+G4     28994.887   part2.3+part3.1	0h:0m:52s (0h:2m:8s left)
  62 K2P+G4       28837.514   part3.1+part3.2	0h:0m:53s (0h:2m:8s left)
  63 K2P+G4       28912.596   part1.3+part3.1	0h:0m:53s (0h:2m:6s left)
  64 HKY+F+G4     28843.503   part1.2+part4.1	0h:0m:54s (0h:2m:4s left)
  65 K2P+G4       28840.302   part1.2+part5.3	0h:0m:54s (0h:2m:2s left)
  66 HKY+F+G4     28842.908   part3.1+part5.1	0h:0m:55s (0h:2m:2s left)
  67 TPM3u+F+G4   28844.033   part4.2+part5.1	0h:0m:58s (0h:2m:5s left)
  68 TPM3u+F+G4   28822.680   part3.2+part4.2	0h:0m:58s (0h:2m:2s left)
  69 TNe+G4       28851.262   part1.1+part3.1	0h:0m:59s (0h:2m:1s left)
  70 K2P+G4       28972.427   part1.3+part4.2	0h:0m:59s (0h:2m:0s left)
  71 TPM3+F+G4    28908.351   part1.3+part2.3	0h:1m:0s (0h:1m:58s left)
  72 K2P+G4       28943.673   part1.3+part3.2	0h:1m:2s (0h:2m:0s left)
  73 TIM2+F+I+G4  29044.500   part2.3+part4.2	0h:1m:4s (0h:2m:1s left)
  74 K2P+I+G4     29042.889   part2.3+part3.2	0h:1m:6s (0h:2m:3s left)
  75 K2P+G4       28884.265   part1.3+part5.1	0h:1m:6s (0h:2m:0s left)
  76 HKY+F+G4     28871.329   part1.1+part4.2	0h:1m:6s (0h:1m:58s left)
  77 HKY+F+G4     28831.702   part3.1+part5.2	0h:1m:7s (0h:1m:57s left)
  78 TIM3e+G4     28832.602   part3.2+part5.1	0h:1m:8s (0h:1m:57s left)
  79 K3Pu+F+G4    28905.322   part1.1+part2.3	0h:1m:10s (0h:1m:58s left)
  80 TN+F+G4      28936.419   part2.3+part5.1	0h:1m:11s (0h:1m:56s left)
  81 K2P+G4       28840.679   part1.2+part3.1	0h:1m:13s (0h:1m:57s left)
  82 K2P+G4       28840.396   part1.1+part1.3	0h:1m:15s (0h:1m:58s left)
  83 HKY+F+G4     28820.376   part2.1+part4.1	0h:1m:15s (0h:1m:56s left)
  84 HKY+F+I      28836.524   part2.2+part4.1	0h:1m:17s (0h:1m:57s left)
  85 K3P+G4       28917.257   part2.1+part5.3	0h:1m:19s (0h:1m:58s left)
  86 K2P+G4       28853.712   part1.1+part3.2	0h:1m:21s (0h:1m:59s left)
  87 HKY+F+I      28807.805   part4.2+part5.2	0h:1m:22s (0h:1m:57s left)
  88 K3P+G4       28931.372   part2.2+part5.3	0h:1m:23s (0h:1m:56s left)
  89 K3Pu+F+G4    28830.812   part1.1+part5.1	0h:1m:24s (0h:1m:55s left)
  90 TPM2u+F+I+G4 28858.236   part1.2+part4.2	0h:1m:27s (0h:1m:57s left)
  91 TPM3u+F+G4   28902.746   part1.3+part5.2	0h:1m:28s (0h:1m:56s left)
  92 K2P+G4       28956.107   part2.3+part5.2	0h:1m:28s (0h:1m:54s left)
  93 K2P+G4       28853.266   part1.2+part1.3	0h:1m:28s (0h:1m:52s left)
  94 K2P+G4       28903.700   part1.2+part2.3	0h:1m:28s (0h:1m:50s left)
  95 HKY+F+G4     28823.728   part3.2+part5.2	0h:1m:30s (0h:1m:50s left)
  96 K2P+G4       28827.276   part5.1+part5.2	0h:1m:30s (0h:1m:48s left)
  97 HKY+F+G4     28854.652   part1.2+part3.2	0h:1m:33s (0h:1m:49s left)
  98 K2P+G4       28844.114   part1.2+part5.1	0h:1m:39s (0h:1m:54s left)
  99 K3P+G4       28821.192   part1.1+part1.2	0h:1m:39s (0h:1m:53s left)
 100 HKY+F+G4     28844.083   part1.1+part5.2	0h:1m:40s (0h:1m:51s left)
 101 TNe+G4       28826.678   part2.1+part3.1	0h:1m:40s (0h:1m:49s left)
 102 TNe+G4       28839.554   part2.2+part3.1	0h:1m:41s (0h:1m:48s left)
 103 HKY+F+I      28815.793   part2.1+part4.2	0h:1m:41s (0h:1m:46s left)
 104 HKY+F+I      28823.236   part2.2+part4.2	0h:1m:49s (0h:1m:52s left)
 105 HKY+F+G4     28825.557   part1.2+part5.2	0h:1m:50s (0h:1m:51s left)
 106 K2P+G4       28908.987   part1.3+part2.1	0h:1m:52s (0h:1m:51s left)
 107 K2P+G4       28927.763   part1.3+part2.2	0h:1m:53s (0h:1m:50s left)
 108 K2P+G4       28818.990   part2.1+part3.2	0h:1m:55s (0h:1m:49s left)
 109 TPM3u+F+G4   28829.694   part2.2+part3.2	0h:1m:56s (0h:1m:49s left)
 110 TN+F+G4      28902.444   part2.1+part2.3	0h:1m:56s (0h:1m:47s left)
 111 TIM3e+G4     28832.900   part2.1+part5.1	0h:1m:58s (0h:1m:47s left)
 112 TIM3e+G4     28849.458   part2.2+part5.1	0h:1m:59s (0h:1m:45s left)
 113 TIMe+G4      28875.233   part1.1+part2.2	0h:1m:59s (0h:1m:43s left)
 114 TIMe+G4      28859.100   part1.1+part2.1	0h:2m:1s (0h:1m:43s left)
 115 TPM3u+F+G4   28934.308   part2.2+part2.3	0h:2m:2s (0h:1m:42s left)
 116 HKY+F+I      28835.299   part2.1+part5.2	0h:2m:4s (0h:1m:41s left)
 117 K3P+G4       28843.436   part1.2+part2.1	0h:2m:5s (0h:1m:40s left)
 118 HKY+F+I      28842.828   part2.2+part5.2	0h:2m:5s (0h:1m:39s left)
 119 K3P+I        28855.624   part1.2+part2.2	0h:2m:7s (0h:1m:38s left)
 120 TNe+I        28779.988   part2.1+part2.2	0h:2m:7s (0h:1m:36s left)
Merging part2.1+part2.2 with BIC score: 28779.988 (LnL: -10488.495  df: 1004)
 121 TIM3e+G4     28329.958   part2.1+part2.2+part5.1	0h:2m:11s (0h:1m:38s left)
 122 HKY+F+I      28296.841   part2.1+part2.2+part4.2	0h:2m:12s (0h:1m:36s left)
 123 K2P+G4       28433.683   part1.3+part2.1+part2.2	0h:2m:12s (0h:1m:35s left)
 124 HKY+F+I      28310.659   part2.1+part2.2+part4.1	0h:2m:13s (0h:1m:33s left)
 125 TNe+I        28318.947   part2.1+part2.2+part3.1	0h:2m:14s (0h:1m:32s left)
 126 K2P+I        28303.698   part2.1+part2.2+part3.2	0h:2m:16s (0h:1m:32s left)
 127 K2P+I        28404.992   part2.1+part2.2+part3.3	0h:2m:17s (0h:1m:30s left)
 128 TIMe+G4      28364.651   part1.1+part2.1+part2.2	0h:2m:21s (0h:1m:31s left)
 129 HKY+F+G4     28438.380   part2.1+part2.2+part4.3	0h:2m:22s (0h:1m:30s left)
 130 HKY+F+I      28324.267   part2.1+part2.2+part5.2	0h:2m:24s (0h:1m:29s left)
 131 K3P+I        28337.664   part1.2+part2.1+part2.2	0h:2m:24s (0h:1m:28s left)
 132 K3P+G4       28456.773   part2.1+part2.2+part5.3	0h:2m:25s (0h:1m:27s left)
 133 HKY+F+I+G4   28442.457   part2.1+part2.2+part2.3	0h:2m:26s (0h:1m:25s left)
Merging part4.1+part4.2 with BIC score: 28273.716 (LnL: -10519.034  df: 931)
 134 HKY+F+G4     27826.316   part4.1+part4.2+part5.1	0h:2m:32s (0h:1m:27s left)
 135 HKY+F+G4     27815.382   part3.2+part4.1+part4.2	0h:2m:34s (0h:1m:27s left)
 136 HKY+F+G4     27815.528   part3.1+part4.1+part4.2	0h:2m:34s (0h:1m:25s left)
 137 HKY+F+G4     27778.449   part4.1+part4.2+part5.2	0h:2m:35s (0h:1m:24s left)
 138 TN+F+G4      27955.916   part1.3+part4.1+part4.2	0h:2m:37s (0h:1m:23s left)
 139 TN+F+G4      27953.143   part3.3+part4.1+part4.2	0h:2m:38s (0h:1m:22s left)
 140 HKY+F+G4     27972.229   part4.1+part4.2+part4.3	0h:2m:39s (0h:1m:20s left)
 141 HKY+F+G4     28008.669   part4.1+part4.2+part5.3	0h:2m:41s (0h:1m:20s left)
 142 HKY+F+G4     27835.243   part1.1+part4.1+part4.2	0h:2m:43s (0h:1m:19s left)
 143 HKY+F+I      27800.907   part2.1+part2.2+part4.1+part4.2	0h:2m:43s (0h:1m:17s left)
 144 HKY+F+I+G4   27824.664   part1.2+part4.1+part4.2	0h:2m:44s (0h:1m:16s left)
 145 TN+F+I+G4    28049.246   part2.3+part4.1+part4.2	0h:2m:45s (0h:1m:15s left)
Merging part4.1+part4.2+part5.2 with BIC score: 27778.449 (LnL: -10551.189  df: 859)
 146 HKY+F+G4     27322.837   part3.2+part4.1+part4.2+part5.2	0h:2m:55s (0h:1m:17s left)
 147 HKY+F+G4     27334.245   part4.1+part4.2+part5.1+part5.2	0h:2m:55s (0h:1m:16s left)
 148 HKY+F+G4     27322.765   part3.1+part4.1+part4.2+part5.2	0h:2m:56s (0h:1m:15s left)
 149 HKY+F+G4     27339.873   part1.1+part4.1+part4.2+part5.2	0h:2m:58s (0h:1m:14s left)
 150 HKY+F+G4     27450.566   part3.3+part4.1+part4.2+part5.2	0h:2m:58s (0h:1m:12s left)
 151 HKY+F+G4     27458.809   part1.3+part4.1+part4.2+part5.2	0h:2m:59s (0h:1m:11s left)
 152 HKY+F+G4     27507.120   part4.1+part4.2+part5.2+part5.3	0h:3m:1s (0h:1m:10s left)
 153 HKY+F+G4     27468.021   part4.1+part4.2+part4.3+part5.2	0h:3m:2s (0h:1m:9s left)
 154 HKY+F+G4     27321.309   part1.2+part4.1+part4.2+part5.2	0h:3m:4s (0h:1m:8s left)
 155 HKY+F+I      27312.659   part2.1+part2.2+part4.1+part4.2+part5.2	0h:3m:4s (0h:1m:6s left)
 156 TN+F+I+G4    27569.476   part2.3+part4.1+part4.2+part5.2	0h:3m:6s (0h:1m:5s left)
Merging part1.1+part3.3 with BIC score: 27287.847 (LnL: -10593.449  df: 785)
 157 K2P+G4       26825.012   part1.1+part3.3+part5.1	0h:3m:12s (0h:1m:6s left)
 158 HKY+F+I      26881.004   part1.1+part3.2+part3.3	0h:3m:14s (0h:1m:5s left)
 159 K2P+G4       26853.344   part1.1+part3.1+part3.3	0h:3m:14s (0h:1m:3s left)
 160 K2P+G4       26816.279   part1.1+part1.2+part3.3	0h:3m:14s (0h:1m:1s left)
 161 K2P+G4       26830.022   part1.1+part1.3+part3.3	0h:3m:15s (0h:1m:0s left)
 162 HKY+F+G4     26982.053   part1.1+part3.3+part4.1+part4.2+part5.2	0h:3m:17s (0h:0m:59s left)
 163 K2P+G4       26845.594   part1.1+part3.3+part5.3	0h:3m:17s (0h:0m:58s left)
 164 TPM3+F+G4    26839.221   part1.1+part3.3+part4.3	0h:3m:19s (0h:0m:57s left)
 165 K2P+G4       26927.111   part1.1+part2.1+part2.2+part3.3	0h:3m:19s (0h:0m:55s left)
 166 K2P+G4       26948.339   part1.1+part2.3+part3.3	0h:3m:20s (0h:0m:54s left)
Merging part3.2+part5.1 with BIC score: 26809.903 (LnL: -10645.924  df: 710)
 167 TIM3e+G4     26353.290   part2.1+part2.2+part3.2+part5.1	0h:3m:29s (0h:0m:55s left)
 168 K2P+G4       26367.921   part1.2+part3.2+part5.1	0h:3m:31s (0h:0m:54s left)
 169 K2P+G4       26450.514   part1.3+part3.2+part5.1	0h:3m:32s (0h:0m:52s left)
 170 TPM3u+F+G4   26354.130   part3.1+part3.2+part5.1	0h:3m:32s (0h:0m:51s left)
 171 K2P+G4       26412.005   part1.1+part3.2+part3.3+part5.1	0h:3m:34s (0h:0m:50s left)
 172 HKY+F+G4     26386.850   part3.2+part4.1+part4.2+part5.1+part5.2	0h:3m:34s (0h:0m:48s left)
 173 K2P+G4       26485.499   part3.2+part5.1+part5.3	0h:3m:34s (0h:0m:47s left)
 174 TPM3u+F+G4   26465.373   part3.2+part4.3+part5.1	0h:3m:35s (0h:0m:45s left)
 175 TIM3e+I+G4   26562.977   part2.3+part3.2+part5.1	0h:3m:36s (0h:0m:44s left)
Merging part1.3+part5.3 with BIC score: 26332.194 (LnL: -10675.200  df: 641)
 176 K2P+G4       25874.213   part1.2+part1.3+part5.3	0h:3m:42s (0h:0m:44s left)
 177 K2P+G4       26050.701   part1.3+part2.1+part2.2+part5.3	0h:3m:43s (0h:0m:42s left)
 178 K2P+G4       25970.209   part1.3+part3.1+part5.3	0h:3m:45s (0h:0m:41s left)
 179 K2P+G4       26058.800   part1.3+part3.2+part5.1+part5.3	0h:3m:45s (0h:0m:40s left)
 180 K2P+G4       25936.257   part1.3+part2.3+part5.3	0h:3m:46s (0h:0m:39s left)
 181 K2P+G4       25901.140   part1.1+part1.3+part3.3+part5.3	0h:3m:46s (0h:0m:37s left)
 182 TN+F+G4      26153.330   part1.3+part4.1+part4.2+part5.2+part5.3	0h:3m:47s (0h:0m:36s left)
 183 HKY+F+G4     25952.720   part1.3+part4.3+part5.3	0h:3m:47s (0h:0m:34s left)
Merging part1.1+part1.2+part3.3 with BIC score: 25860.627 (LnL: -10711.433  df: 571)
 184 K2P+G4       25497.079   part1.1+part1.2+part2.1+part2.2+part3.3	0h:3m:53s (0h:0m:34s left)
 185 K2P+G4       25423.832   part1.1+part1.2+part3.1+part3.3	0h:3m:53s (0h:0m:32s left)
 186 K2P+G4       25467.431   part1.1+part1.2+part3.2+part3.3+part5.1	0h:3m:53s (0h:0m:31s left)
 187 K2P+G4       25520.526   part1.1+part1.2+part2.3+part3.3	0h:3m:54s (0h:0m:30s left)
 188 HKY+F+G4     25551.613   part1.1+part1.2+part3.3+part4.1+part4.2+part5.2	0h:3m:54s (0h:0m:28s left)
 189 K2P+G4       25431.020   part1.1+part1.2+part1.3+part3.3+part5.3	0h:3m:55s (0h:0m:27s left)
 190 K3Pu+F+G4    25409.409   part1.1+part1.2+part3.3+part4.3	0h:3m:55s (0h:0m:26s left)
Merging part2.1+part2.2+part4.1+part4.2+part5.2 with BIC score: 25394.836 (LnL: -10742.783  df: 503)
 191 HKY+F+G4     24977.888   part2.1+part2.2+part3.2+part4.1+part4.2+part5.1+part5.2	0h:4m:4s (0h:0m:25s left)
 192 HKY+F+I+G4   24945.896   part2.1+part2.2+part3.1+part4.1+part4.2+part5.2	0h:4m:4s (0h:0m:24s left)
 193 HKY+F+G4     25123.356   part1.1+part1.2+part2.1+part2.2+part3.3+part4.1+part4.2+part5.2	0h:4m:6s (0h:0m:22s left)
 194 HKY+F+G4     25117.224   part2.1+part2.2+part4.1+part4.2+part4.3+part5.2	0h:4m:6s (0h:0m:21s left)
 195 TN+F+I+G4    25174.522   part2.1+part2.2+part2.3+part4.1+part4.2+part5.2	0h:4m:6s (0h:0m:20s left)
 196 HKY+F+G4     25256.917   part1.3+part2.1+part2.2+part4.1+part4.2+part5.2+part5.3	0h:4m:7s (0h:0m:18s left)
Merging part3.1+part3.2+part5.1 with BIC score: 24939.063 (LnL: -10779.141  df: 435)
 197 K2P+G4       24664.738   part1.3+part3.1+part3.2+part5.1+part5.3	0h:4m:15s (0h:0m:18s left)
 198 K2P+G4       24541.666   part1.1+part1.2+part3.1+part3.2+part3.3+part5.1	0h:4m:15s (0h:0m:16s left)
 199 TIM3e+I+G4   24702.632   part2.3+part3.1+part3.2+part5.1	0h:4m:15s (0h:0m:15s left)
 200 HKY+F+G4     24516.035   part2.1+part2.2+part3.1+part3.2+part4.1+part4.2+part5.1+part5.2	0h:4m:15s (0h:0m:14s left)
 201 TPM3u+F+G4   24593.731   part3.1+part3.2+part4.3+part5.1	0h:4m:16s (0h:0m:12s left)
Merging part1.1+part1.2+part3.3+part4.3 with BIC score: 24487.845 (LnL: -10821.663  df: 366)
 202 TPM3u+F+G4   24147.773   part1.1+part1.2+part3.1+part3.2+part3.3+part4.3+part5.1	0h:4m:24s (0h:0m:11s left)
 203 HKY+F+G4     24203.080   part1.1+part1.2+part2.3+part3.3+part4.3	0h:4m:25s (0h:0m:10s left)
 204 K3Pu+F+G4    24296.624   part1.1+part1.2+part2.1+part2.2+part3.3+part4.1+part4.2+part4.3+part5.2	0h:4m:25s (0h:0m:9s left)
 205 HKY+F+G4     24091.249   part1.1+part1.2+part1.3+part3.3+part4.3+part5.3	0h:4m:25s (0h:0m:7s left)
Merging part2.1+part2.2+part3.1+part3.2+part4.1+part4.2+part5.1+part5.2 with BIC score: 24064.818 (LnL: -10893.824  df: 293)
 206 HKY+F+I+G4   23858.466   part2.1+part2.2+part2.3+part3.1+part3.2+part4.1+part4.2+part5.1+part5.2	0h:4m:33s (0h:0m:6s left)
 207 HKY+F+I+G4   23898.550   part1.3+part2.1+part2.2+part3.1+part3.2+part4.1+part4.2+part5.1+part5.2+part5.3	0h:4m:33s (0h:0m:5s left)
 208 HKY+F+G4     23861.039   part1.1+part1.2+part2.1+part2.2+part3.1+part3.2+part3.3+part4.1+part4.2+part4.3+part5.1+part5.2	0h:4m:34s (0h:0m:3s left)
Merging part1.1+part1.2+part1.3+part3.3+part4.3+part5.3 with BIC score: 23668.222 (LnL: -10967.543  df: 223)
 209 HKY+F+G4     23354.429   part1.1+part1.2+part1.3+part2.3+part3.3+part4.3+part5.3	0h:4m:43s (0h:0m:2s left)
 210 HKY+F+G4     23590.812   part1.1+part1.2+part1.3+part2.1+part2.2+part3.1+part3.2+part3.3+part4.1+part4.2+part4.3+part5.1+part5.2+part5.3	0h:4m:46s (0h:0m:1s left)
Merging part1.1+part1.2+part1.3+part2.3+part3.3+part4.3+part5.3 with BIC score: 23354.429 (LnL: -11086.549  df: 152)
 211 HKY+F+I+G4   23311.622   part1.1+part1.2+part1.3+part2.1+part2.2+part2.3+part3.1+part3.2+part3.3+part4.1+part4.2+part4.3+part5.1+part5.2+part5.3	0h:4m:58s (0h:0m:0s left)
Merging part1.1+part1.2+part1.3+part2.1+part2.2+part2.3+part3.1+part3.2+part3.3+part4.1+part4.2+part4.3+part5.1+part5.2+part5.3 with BIC score: 23311.622 (LnL: -11356.593  df: 77)
BEST-FIT PARTITION MODEL: 
  charpartition BIC = HKY+F+I+G4: part1.1 part1.2 part1.3 part2.1 part2.2 part2.3 part3.1 part3.2 part3.3 part4.1 part4.2 part4.3 part5.1 part5.2 part5.3;
Agglomerative model selection: ((((((part1.1,part3.3)4:27287.8,part1.2)7:25860.6,part4.3)10:24487.8,(part1.3,part5.3)6:26332.2)12:23668.2,part2.3)13:23354.4,(((part2.1,part2.2)1:28780,((part4.1,part4.2)2:28273.7,part5.2)3:27778.4)8:25394.8,(part3.1,(part3.2,part5.1)5:26809.9)9:24939.1)11:24064.8)14:23311.6
Merging into 1 partitions...
Partition information was printed to 6_set200.best_scheme.nex
Partition information in Raxml format was printed to 6_set200.best_scheme

All model information printed to 6_set200.model.gz
CPU time for ModelFinder: 410.707 seconds (0h:6m:50s)
Wall-clock time for ModelFinder: 299.314 seconds (0h:4m:59s)
Generating 1000 samples for ultrafast bootstrap (seed: 379228)...

NOTE: 7 MB RAM (0 GB) is required!
Measuring multi-threading efficiency up to 8 CPU cores
Increase to 10 rounds for branch lengths
56 trees examined
Threads: 1 / Time: 8.188 sec / Speedup: 1.000 / Efficiency: 100% / LogL: -17015
Threads: 2 / Time: 26.082 sec / Speedup: 0.314 / Efficiency: 16% / LogL: -17015
BEST NUMBER OF THREADS: 1

Estimate model parameters (epsilon = 0.100)
Optimizing HKY+F+I+G4 parameters for partition part1.1+part1.2+part1.3+part2.1+part2.2+part2.3+part3.1+part3.2+part3.3+part4.1+part4.2+part4.3+part5.1+part5.2+part5.3 (77 free parameters)
Optimal log-likelihood: -11356.681
Computing ML distances based on estimated model parameters... 0.027 sec
WARNING: Some pairwise ML distances are too long (saturated)
Computing BIONJ tree...
0.004 seconds
Log-likelihood of BIONJ tree: -11362.061
--------------------------------------------------------------------
|             INITIALIZING CANDIDATE TREE SET                      |
--------------------------------------------------------------------
Generating 98 parsimony trees... 1.524 second
Computing log-likelihood of 98 initial trees ... 4.326 seconds
Current best score: -11352.890

Do NNI search on 20 best initial trees
Estimate model parameters (epsilon = 0.100)
BETTER TREE FOUND at iteration 1: -11347.648
Iteration 10 / LogL: -11347.656 / Time: 0h:0m:52s
Iteration 20 / LogL: -11347.720 / Time: 0h:0m:56s
Finish initializing candidate tree set (1)
Current best tree score: -11347.648 / CPU time: 13.008
Number of iterations: 20
--------------------------------------------------------------------
|               OPTIMIZING CANDIDATE TREE SET                      |
--------------------------------------------------------------------
Iteration 30 / LogL: -11347.747 / Time: 0h:0m:59s (0h:2m:26s left)
Iteration 40 / LogL: -11347.893 / Time: 0h:1m:3s (0h:1m:39s left)
Iteration 50 / LogL: -11394.083 / Time: 0h:1m:6s (0h:1m:9s left)
Log-likelihood cutoff on original alignment: -11379.083
Iteration 60 / LogL: -11347.664 / Time: 0h:1m:10s (0h:0m:49s left)
Iteration 70 / LogL: -11394.086 / Time: 0h:1m:13s (0h:0m:33s left)
Iteration 80 / LogL: -11347.706 / Time: 0h:1m:18s (0h:0m:20s left)
Iteration 90 / LogL: -11394.569 / Time: 0h:1m:22s (0h:0m:10s left)
Iteration 100 / LogL: -11347.695 / Time: 0h:1m:26s (0h:0m:0s left)
Log-likelihood cutoff on original alignment: -11379.083
NOTE: Bootstrap correlation coefficient of split occurrence frequencies: 1.000
TREE SEARCH COMPLETED AFTER 102 ITERATIONS / Time: 0h:1m:27s

--------------------------------------------------------------------
|                    FINALIZING TREE SEARCH                        |
--------------------------------------------------------------------
Performs final model parameters optimization
Estimate model parameters (epsilon = 0.010)
Optimizing HKY+F+I+G4 parameters for partition part1.1+part1.2+part1.3+part2.1+part2.2+part2.3+part3.1+part3.2+part3.3+part4.1+part4.2+part4.3+part5.1+part5.2+part5.3 (77 free parameters)
Optimal log-likelihood: -11347.646
BEST SCORE FOUND : -11347.646
Creating bootstrap support values...
Split supports printed to NEXUS file 6_set200.splits.nex
Total tree length: 0.667

Total number of iterations: 102
CPU time used for tree search: 30.860 sec (0h:0m:30s)
Wall-clock time used for tree search: 44.432 sec (0h:0m:44s)
Total CPU time used: 49.994 sec (0h:0m:49s)
Total wall-clock time used: 88.283 sec (0h:1m:28s)

Computing bootstrap consensus tree...
Reading input file 6_set200.splits.nex...
37 taxa and 141 splits.
Consensus tree written to 6_set200.contree
Reading input trees file 6_set200.contree
Log-likelihood of consensus tree: -11347.646

Analysis results written to: 
  IQ-TREE report:                6_set200.iqtree
  Maximum-likelihood tree:       6_set200.treefile
  Likelihood distances:          6_set200.mldist
  Best partitioning scheme:      6_set200.best_scheme.nex
           in RAxML format:      6_set200.best_scheme

Ultrafast bootstrap approximation results written to:
  Split support values:          6_set200.splits.nex
  Consensus tree:                6_set200.contree
  Screen log file:               6_set200.log

Date and Time: Sat Sep  8 03:23:12 2018
