IQ-TREE multicore version 1.6.7 for Mac OS X 64-bit built Aug 23 2018
Developed by Bui Quang Minh, Nguyen Lam Tung, Olga Chernomor,
Heiko Schmidt, Dominik Schrempf, Michael Woodhams.

Host:    meeps-mac-pro.staff.sydney.edu.au (AVX, 64 GB RAM)
Command: /Users/davidduchene/Desktop/Software/iqtree-1.6.7-MacOSX/bin/iqtree -s ../../../../marsupials/set101.fasta -m TESTMERGE -bb 1000 -spp ../../../../marsupials/set101.nex -nt AUTO -pre 4_set101
Seed:    337741 (Using SPRNG - Scalable Parallel Random Number Generator)
Time:    Fri Sep  7 06:55:48 2018
Kernel:  AVX - auto-detect threads (8 CPU cores detected)

Reading partition model file ../../../../marsupials/set101.nex ...
Reading alignment file ../../../../marsupials/set101.fasta ... Fasta format detected
Alignment most likely contains DNA/RNA sequences
Alignment has 35 sequences with 2628 columns, 1064 distinct patterns
575 parsimony-informative, 378 singleton sites, 1675 constant sites
                                              Gap/Ambiguity  Composition  p-value
   1  Burramyidae_Burramys_parvus                     1.03%    passed     90.79%
   2  Notoryctidae_Notoryctes_typhlops                2.74%    passed     91.88%
   3  Vombatidae_Lasiorhinus_latifrons                0.34%    passed     96.90%
   4  Potoroidae_Bettongia_penicillata                2.28%    passed     98.44%
   5  Potoroidae_Bettongia_lesueur                    2.66%    passed     87.60%
   6  Dasyuridae_Dasyurus_maculatus                   0.30%    passed     99.89%
   7  Phalangeridae_Trichosurus_vulpecula            10.20%    passed     99.94%
   8  Phalangeridae_Spilocuscus_maculatus             4.19%    passed     97.34%
   9  Potoroidae_Aepyprymnus_rufescens                2.05%    passed     99.52%
  10  Peramelidae_Perameles_nasuta                    8.94%    passed     74.77%
  11  Phalangeridae_Strigocuscus_pelengensis          2.36%    passed     85.41%
  12  Dasyuridae_Phascogale_tapoatafa                 0.23%    passed     99.71%
  13  Dasyuridae_Sminthopsis_macroura                 0.11%    passed     92.41%
  14  Phalangeridae_Phalanger_orientalis              1.07%    passed     97.63%
  15  Acrobatidae_Acrobates_pygmaeus                 27.13%    passed     56.65%
  16  Dasyuridae_Phascogale_calura                    0.15%    passed     99.71%
  17  Dasyuridae_Sarcophilus_harrisii                 0.23%    passed     97.82%
  18  Dasyuridae_Planigale_tenuirostris               3.27%    passed     98.87%
  19  Peramelidae_Echymipera_kalubu                   0.27%    passed     99.36%
  20  Macropodidae_Dorcopsulus_vanheurni              2.09%    passed     99.03%
  21  Pseudochiridae_Pseudochirulus_forbesi           0.00%    passed     86.75%
  22  Didelphidae_Didelphis_virginiana               12.29%    passed     75.69%
  23  Marmosidae_Monodelphis_domestica               11.68%    passed     65.94%
  24  Dasyuridae_Antechinus_stuartii                  0.68%    passed     97.69%
  25  Hypsiprymnodontidae_Hypsiprymnodon_moschatus   26.75%    passed     47.29%
  26  Microbiotheriidae_Dromiciops_gliroides          8.94%    passed     79.92%
  27  Pseudochiridae_Petauroides_volans               0.72%    passed     95.77%
  28  Macropodidae_Wallabia_bicolor                   3.20%    passed     99.61%
  29  Pseudochiridae_Pseudocheirus_occidentalis      20.70%    passed     25.29%
  30  Tarsipedidae_Tarsipes_rostratus                27.66%    passed     65.37%
  31  Acrobatidae_Distoechurus_pennatus               0.42%    passed     96.67%
  32  Phalangeridae_Phalanger_carmelitae              0.84%    passed     94.06%
  33  Peramelidae_Peroryctes_raffrayana              11.83%    passed     43.63%
  34  Dasyuridae_Dasyurus_geffroii                   30.06%    failed      0.19%
  35  Peramelidae_Perameles_gunnii                    0.34%    passed     99.99%
****  TOTAL                                           6.51%  1 sequences failed composition chi2 test (p-value<5%; df=3)
NOTE: No CharPartition defined, use all CharSets

Loading 15 partitions...
Subset	Type	Seqs	Sites	Infor	Invar	Model	Name
1		34	178	55	94	TESTMERGE	part1.1
2		34	178	37	102	TESTMERGE	part1.2
3		34	178	71	58	TESTMERGE	part1.3
4		34	260	23	218	TESTMERGE	part2.1
5		34	260	12	236	TESTMERGE	part2.2
6		34	260	71	148	TESTMERGE	part2.3
7		35	127	12	89	TESTMERGE	part3.1
8		35	127	12	108	TESTMERGE	part3.2
9		35	127	44	55	TESTMERGE	part3.3
10		32	234	59	149	TESTMERGE	part4.1
11		32	234	46	153	TESTMERGE	part4.2
12		32	234	114	69	TESTMERGE	part4.3
13		35	77	2	70	TESTMERGE	part5.1
14		35	77	0	75	TESTMERGE	part5.2
WARNING: No parsimony-informative sites in partition part5.2
15		35	77	17	51	TESTMERGE	part5.3
Degree of missing data: 0.037
Info: multi-threading strategy over partitions



Create initial parsimony tree by phylogenetic likelihood library (PLL)... 0.008 seconds
NOTE: ModelFinder requires 10 MB RAM!
NUMBER OF THREADS FOR PARTITION FINDING: 8
Testing GTR+F+G on supermatrix...
GTR+F+G4 / LnL: -13520.188 / df: 76 / AIC: 27192.376 / AICc: 27196.964 / BIC: 27638.798
Selecting individual models for 15 charsets using BIC...
 No. Model        Score       Charset
   1 TN+F+G4      1772.617    part3.3
   2 K2P+G4       2391.056    part4.1
   3 K2P+G4       2272.571    part4.2
   4 K3P+I        2375.356    part1.1
   5 K2P+G4       3196.152    part2.3
   6 HKY+F+G4     1912.660    part1.2
   7 K2P          1029.958    part3.1
   8 HKY+F+G4     2857.159    part1.3
   9 TNe+G4       1533.831    part2.1
  10 HKY+F+I      1162.477    part2.2	0h:0m:13s (0h:4m:25s left)
  11 K2P+G4       3942.903    part4.3	0h:0m:13s (0h:4m:0s left)
  12 K3P+I        713.497     part5.3	0h:0m:13s (0h:3m:46s left)
  13 K2P          343.222     part5.1	0h:0m:14s (0h:3m:42s left)
  14 K2P          259.021     part5.2	0h:0m:14s (0h:3m:26s left)
  15 TNe+I+G4     803.901     part3.2	0h:0m:14s (0h:3m:12s left)
Full partition model BIC score: 27251.638 (LnL: -13129.758  df:126)
Merging models to increase model fit (about 211 total partition schemes)...
  16 K2P+G4       27297.188   part4.2+part4.3	0h:0m:22s (0h:4m:35s left)
  17 K2P+G4       27290.696   part4.1+part4.3	0h:0m:23s (0h:4m:33s left)
  18 K3Pu+F+G4    27255.518   part1.1+part1.3	0h:0m:24s (0h:4m:19s left)
  19 TNe+G4       27285.344   part1.3+part2.3	0h:0m:26s (0h:4m:27s left)
  20 HKY+F+G4     27245.588   part1.3+part4.3	0h:0m:27s (0h:4m:22s left)
  21 K2P+G4       27286.473   part2.3+part4.3	0h:0m:27s (0h:4m:9s left)
  22 K3P+G4       27273.301   part1.1+part4.3	0h:0m:28s (0h:4m:1s left)
  23 TPM2+F+G4    27306.471   part1.2+part4.3	0h:0m:28s (0h:3m:53s left)
  24 K2P+G4       27284.780   part1.3+part4.1	0h:0m:35s (0h:4m:37s left)
  25 HKY+F+G4     27250.056   part3.3+part4.3	0h:0m:35s (0h:4m:26s left)
  26 K3Pu+F+G4    27244.892   part1.1+part1.2	0h:0m:37s (0h:4m:24s left)
  27 K3P+G4       27246.485   part1.1+part2.3	0h:0m:37s (0h:4m:15s left)
  28 TN+F+G4      27259.368   part1.2+part1.3	0h:0m:37s (0h:4m:6s left)
  29 TN+F+G4      27266.018   part1.2+part2.3	0h:0m:39s (0h:4m:8s left)
  30 K2P+G4       27244.540   part2.3+part4.1	0h:0m:40s (0h:4m:6s left)
  31 TN+F+G4      27290.489   part1.3+part4.2	0h:0m:41s (0h:4m:1s left)
  32 K3P+G4       27233.861   part1.1+part4.1	0h:0m:44s (0h:4m:10s left)
  33 K2P+G4       27425.239   part2.1+part4.3	0h:0m:46s (0h:4m:12s left)
  34 K3P+G4       27239.767   part1.1+part4.2	0h:0m:47s (0h:4m:5s left)
  35 K2P+G4       27246.210   part2.3+part4.2	0h:0m:47s (0h:4m:0s left)
  36 K2P+G4       27332.835   part3.1+part4.3	0h:0m:49s (0h:4m:2s left)
  37 TN+F+G4      27208.276   part1.3+part3.3	0h:0m:50s (0h:3m:57s left)
  38 K2P+G4       27255.877   part1.2+part4.1	0h:0m:50s (0h:3m:51s left)
  39 K2P+G4       27493.975   part2.2+part4.3	0h:0m:51s (0h:3m:47s left)
  40 K2P+G4       27228.590   part4.1+part4.2	0h:0m:56s (0h:3m:59s left)
  41 K2P+G4       27277.420   part4.3+part5.3	0h:0m:57s (0h:3m:56s left)
  42 K2P+G4       27351.105   part3.2+part4.3	0h:0m:57s (0h:3m:49s left)
  43 K3Pu+F+G4    27244.306   part1.1+part3.3	0h:0m:58s (0h:3m:47s left)
  44 TIM2e+G4     27387.532   part1.3+part2.1	0h:0m:59s (0h:3m:46s left)
  45 TIM2+F+G4    27225.520   part1.2+part4.2	0h:1m:0s (0h:3m:43s left)
  46 K2P+G4       27233.457   part2.3+part3.3	0h:1m:1s (0h:3m:41s left)
  47 K2P+G4       27355.854   part4.3+part5.1	0h:1m:2s (0h:3m:38s left)
  48 K2P+G4       27236.545   part3.3+part4.1	0h:1m:7s (0h:3m:47s left)
  49 HKY+F+G4     27300.612   part1.3+part3.1	0h:1m:8s (0h:3m:45s left)
  50 K2P+G4       27236.381   part3.3+part4.2	0h:1m:9s (0h:3m:44s left)
  51 TN+F+G4      27229.924   part1.2+part3.3	0h:1m:9s (0h:3m:38s left)
  52 K2P+G4       27445.611   part1.3+part2.2	0h:1m:10s (0h:3m:36s left)
  53 K2P+G4       27383.164   part4.3+part5.2	0h:1m:11s (0h:3m:31s left)
  54 K2P+I+G4     27289.885   part2.1+part2.3	0h:1m:12s (0h:3m:30s left)
  55 HKY+F+G4     27259.431   part1.3+part5.3	0h:1m:13s (0h:3m:27s left)
  56 K3P+G4       27298.100   part1.1+part2.1	0h:1m:17s (0h:3m:35s left)
  57 K3P+G4       27264.938   part1.1+part3.1	0h:1m:17s (0h:3m:30s left)
  58 K2P+G4       27274.295   part2.3+part3.1	0h:1m:18s (0h:3m:26s left)
  59 TN+F+G4      27327.237   part1.3+part3.2	0h:1m:19s (0h:3m:24s left)
  60 K3P+G4       27337.964   part1.1+part2.2	0h:1m:20s (0h:3m:22s left)
  61 TN+F+I+G4    27346.496   part2.2+part2.3	0h:1m:20s (0h:3m:18s left)
  62 K3P+G4       27234.813   part2.3+part5.3	0h:1m:21s (0h:3m:15s left)
  63 HKY+F+G4     27342.832   part1.3+part5.1	0h:1m:21s (0h:3m:11s left)
  64 K3P+I        27231.240   part1.1+part5.3	0h:1m:24s (0h:3m:14s left)
  65 TPM3u+F+G4   27273.433   part1.2+part3.1	0h:1m:25s (0h:3m:13s left)
  66 HKY+F+G4     27285.314   part2.1+part4.1	0h:1m:26s (0h:3m:9s left)
  67 K3P+G4       27269.230   part1.1+part3.2	0h:1m:27s (0h:3m:9s left)
  68 HKY+F+G4     27282.643   part1.2+part2.1	0h:1m:28s (0h:3m:5s left)
  69 K2P+G4       27252.054   part3.1+part4.1	0h:1m:29s (0h:3m:3s left)
  70 TNe+I+G4     27259.997   part2.3+part3.2	0h:1m:31s (0h:3m:3s left)
  71 HKY+F+G4     27347.555   part1.3+part5.2	0h:1m:31s (0h:3m:0s left)
  72 HKY+F+G4     27274.484   part2.1+part4.2	0h:1m:34s (0h:3m:3s left)
  73 K2P+G4       27247.256   part3.1+part4.2	0h:1m:35s (0h:3m:0s left)
  74 K2P+G4       27319.952   part2.2+part4.1	0h:1m:37s (0h:3m:0s left)
  75 HKY+F+G4     27314.065   part1.2+part2.2	0h:1m:38s (0h:2m:58s left)
  76 K2P+G4       27234.105   part4.1+part5.3	0h:1m:38s (0h:2m:54s left)
  77 TPM3u+F+G4   27249.088   part1.2+part5.3	0h:1m:38s (0h:2m:52s left)
  78 K2P+G4       27281.264   part2.3+part5.1	0h:1m:40s (0h:2m:51s left)
  79 TN+F+G4      27256.504   part1.2+part3.2	0h:1m:41s (0h:2m:50s left)
  80 HKY+F+G4     27297.756   part2.2+part4.2	0h:1m:44s (0h:2m:50s left)
  81 K2P+G4       27232.478   part4.2+part5.3	0h:1m:44s (0h:2m:47s left)
  82 K3P+G4       27285.458   part1.1+part5.1	0h:1m:46s (0h:2m:47s left)
  83 K2P+I+G4     27303.351   part2.3+part5.2	0h:1m:48s (0h:2m:46s left)
  84 TIM2+F+G4    27258.101   part3.2+part4.2	0h:1m:48s (0h:2m:44s left)
  85 K2P+G4       27253.839   part3.2+part4.1	0h:1m:50s (0h:2m:43s left)
  86 K3Pu+F+I     27307.590   part1.1+part5.2	0h:1m:50s (0h:2m:40s left)
  87 HKY+F+G4     27263.019   part3.1+part3.3	0h:1m:53s (0h:2m:41s left)
  88 K2P+G4       27288.657   part2.1+part3.3	0h:1m:54s (0h:2m:40s left)
  89 HKY+F+G4     27295.944   part1.2+part5.1	0h:1m:54s (0h:2m:37s left)
  90 K2P+G4       27273.188   part4.1+part5.1	0h:1m:57s (0h:2m:37s left)
  91 K2P+G4       27340.072   part2.2+part3.3	0h:1m:58s (0h:2m:36s left)
  92 K2P+G4       27269.880   part4.2+part5.1	0h:1m:59s (0h:2m:34s left)
  93 HKY+F+G4     27238.151   part3.3+part5.3	0h:2m:1s (0h:2m:33s left)
  94 TPM3u+F+G4   27294.702   part1.2+part5.2	0h:2m:3s (0h:2m:33s left)
  95 K2P+G4       27286.146   part4.2+part5.2	0h:2m:4s (0h:2m:32s left)
  96 K2P+G4       27289.285   part4.1+part5.2	0h:2m:4s (0h:2m:29s left)
  97 TNe+G4       27254.307   part2.1+part3.1	0h:2m:5s (0h:2m:27s left)
  98 TN+F+G4      27272.829   part3.2+part3.3	0h:2m:6s (0h:2m:26s left)
  99 K2P+G4       27284.241   part3.3+part5.1	0h:2m:6s (0h:2m:23s left)
 100 K2P+G4       27266.448   part2.2+part3.1	0h:2m:7s (0h:2m:21s left)
 101 HKY+F+G4     27306.914   part3.3+part5.2	0h:2m:8s (0h:2m:19s left)
 102 K2P+G4       27241.329   part3.1+part5.3	0h:2m:10s (0h:2m:19s left)
 103 K3P+G4       27240.777   part2.1+part5.3	0h:2m:12s (0h:2m:18s left)
 104 HKY+F+I      27239.820   part2.1+part2.2	0h:2m:12s (0h:2m:15s left)
 105 TNe+I+G4     27224.288   part2.1+part3.2	0h:2m:12s (0h:2m:13s left)
 106 TNe+G4       27245.665   part3.1+part3.2	0h:2m:14s (0h:2m:13s left)
 107 K2P+I        27267.663   part2.2+part5.3	0h:2m:16s (0h:2m:12s left)
 108 TN+F+I+G4    27248.877   part2.2+part3.2	0h:2m:16s (0h:2m:10s left)
 109 K2P+G4       27256.086   part3.1+part5.1	0h:2m:17s (0h:2m:9s left)
 110 TNe+G4       27239.457   part3.2+part5.3	0h:2m:18s (0h:2m:7s left)
 111 TNe+G4       27241.961   part2.1+part5.1	0h:2m:18s (0h:2m:5s left)
 112 TNe+I        27252.702   part2.1+part5.2	0h:2m:20s (0h:2m:4s left)
 113 K2P+G4       27269.153   part3.1+part5.2	0h:2m:21s (0h:2m:2s left)
 114 HKY+F+I      27248.528   part2.2+part5.1	0h:2m:23s (0h:2m:1s left)
 115 K3P+G4       27256.673   part5.1+part5.3	0h:2m:23s (0h:1m:59s left)
 116 HKY+F+I      27247.885   part2.2+part5.2	0h:2m:23s (0h:1m:57s left)
 117 K3P+G4       27270.448   part5.2+part5.3	0h:2m:24s (0h:1m:55s left)
 118 TNe+I+G4     27246.911   part3.2+part5.1	0h:2m:24s (0h:1m:53s left)
 119 TNe+I+G4     27251.288   part3.2+part5.2	0h:2m:24s (0h:1m:51s left)
 120 K2P          27240.792   part5.1+part5.2	0h:2m:24s (0h:1m:49s left)
Merging part1.3+part3.3 with BIC score: 27208.276 (LnL: -13131.699  df: 120)
 121 TN+F+G4      27374.064   part1.3+part2.1+part3.3	0h:2m:33s (0h:1m:53s left)
 122 HKY+F+G4     27299.132   part1.3+part3.3+part5.1	0h:2m:34s (0h:1m:53s left)
 123 HKY+F+G4     27259.456   part1.3+part3.3+part4.1	0h:2m:36s (0h:1m:52s left)
 124 TN+F+G4      27255.277   part1.3+part2.3+part3.3	0h:2m:38s (0h:1m:51s left)
 125 K3Pu+F+G4    27219.067   part1.1+part1.3+part3.3	0h:2m:39s (0h:1m:49s left)
 126 TN+F+G4      27248.511   part1.3+part3.3+part4.2	0h:2m:40s (0h:1m:47s left)
 127 TN+F+G4      27213.498   part1.2+part1.3+part3.3	0h:2m:40s (0h:1m:46s left)
 128 HKY+F+G4     27213.755   part1.3+part3.3+part4.3	0h:2m:43s (0h:1m:45s left)
 129 TN+F+G4      27435.700   part1.3+part2.2+part3.3	0h:2m:47s (0h:1m:46s left)
 130 TN+F+G4      27255.255   part1.3+part3.1+part3.3	0h:2m:47s (0h:1m:44s left)
 131 TN+F+G4      27280.088   part1.3+part3.2+part3.3	0h:2m:50s (0h:1m:43s left)
 132 TN+F+G4      27305.322   part1.3+part3.3+part5.2	0h:2m:50s (0h:1m:41s left)
 133 TN+F+G4      27212.985   part1.3+part3.3+part5.3	0h:2m:50s (0h:1m:39s left)
Merging part2.1+part3.2 with BIC score: 27180.926 (LnL: -13133.772  df: 116)
 134 TNe+I+G4     27182.227   part2.1+part3.2+part5.2	0h:2m:55s (0h:1m:40s left)
 135 TNe+I+G4     27173.615   part2.1+part3.2+part5.1	0h:2m:55s (0h:1m:38s left)
 136 TN+F+I+G4    27214.651   part2.1+part3.2+part4.2	0h:2m:58s (0h:1m:38s left)
 137 TIMe+G4      27243.468   part1.1+part2.1+part3.2	0h:2m:58s (0h:1m:36s left)
 138 TNe+I+G4     27228.143   part2.1+part2.3+part3.2	0h:2m:59s (0h:1m:35s left)
 139 TN+F+G4      27222.094   part1.2+part2.1+part3.2	0h:3m:0s (0h:1m:33s left)
 140 TNe+G4       27184.149   part2.1+part3.1+part3.2	0h:3m:2s (0h:1m:32s left)
 141 K2P+G4       27390.933   part2.1+part3.2+part4.3	0h:3m:2s (0h:1m:30s left)
 142 TN+F+I+G4    27178.212   part2.1+part2.2+part3.2	0h:3m:3s (0h:1m:29s left)
 143 TN+F+G4      27375.090   part1.3+part2.1+part3.2+part3.3	0h:3m:3s (0h:1m:27s left)
 144 TNe+G4       27173.929   part2.1+part3.2+part5.3	0h:3m:4s (0h:1m:26s left)
 145 TNe+I+G4     27221.571   part2.1+part3.2+part4.1	0h:3m:6s (0h:1m:24s left)
Merging part1.2+part4.2 with BIC score: 27154.809 (LnL: -13124.651  df: 115)
 146 TPM2+F+G4    27195.764   part1.2+part4.2+part5.1	0h:3m:16s (0h:1m:27s left)
 147 TIM2+F+G4    27153.508   part1.2+part4.2+part5.3	0h:3m:18s (0h:1m:26s left)
 148 TPM2u+F+G4   27151.300   part1.1+part1.2+part4.2	0h:3m:20s (0h:1m:25s left)
 149 TPM2u+F+G4   27196.836   part1.2+part4.2+part5.2	0h:3m:20s (0h:1m:23s left)
 150 TN+F+I+G4    27208.556   part1.2+part2.1+part3.2+part4.2	0h:3m:20s (0h:1m:21s left)
 151 TN+F+G4      27166.328   part1.2+part2.3+part4.2	0h:3m:24s (0h:1m:21s left)
 152 TPM2u+F+G4   27228.049   part1.2+part4.2+part4.3	0h:3m:29s (0h:1m:21s left)
 153 TIM2+F+G4    27196.095   part1.2+part1.3+part3.3+part4.2	0h:3m:30s (0h:1m:19s left)
 154 TPM3u+F+G4   27176.103   part1.2+part3.1+part4.2	0h:3m:31s (0h:1m:18s left)
 155 TIM2+F+G4    27230.775   part1.2+part2.2+part4.2	0h:3m:32s (0h:1m:16s left)
 156 HKY+F+G4     27160.546   part1.2+part4.1+part4.2	0h:3m:33s (0h:1m:15s left)
Merging part1.1+part5.3 with BIC score: 27134.411 (LnL: -13130.200  df: 111)
 157 K3P+I        27181.077   part1.1+part5.2+part5.3	0h:3m:40s (0h:1m:15s left)
 158 K3P+G4       27163.251   part1.1+part5.1+part5.3	0h:3m:42s (0h:1m:14s left)
 159 K3P+G4       27145.967   part1.1+part3.1+part5.3	0h:3m:42s (0h:1m:12s left)
 160 TIMe+G4      27192.364   part1.1+part2.1+part3.2+part5.3	0h:3m:44s (0h:1m:11s left)
 161 K3P+G4       27128.280   part1.1+part2.3+part5.3	0h:3m:47s (0h:1m:10s left)
 162 TVM+F+G4     27141.758   part1.1+part1.2+part4.2+part5.3	0h:3m:49s (0h:1m:9s left)
 163 K3P+G4       27217.879   part1.1+part2.2+part5.3	0h:3m:49s (0h:1m:7s left)
 164 K3P+G4       27177.318   part1.1+part4.3+part5.3	0h:3m:50s (0h:1m:6s left)
 165 K3Pu+F+G4    27155.913   part1.1+part1.3+part3.3+part5.3	0h:3m:50s (0h:1m:4s left)
 166 K3P+G4       27116.763   part1.1+part4.1+part5.3	0h:3m:51s (0h:1m:2s left)
Merging part1.1+part4.1+part5.3 with BIC score: 27116.763 (LnL: -13133.186  df: 108)
 167 K3P+G4       27164.111   part1.1+part4.1+part5.2+part5.3	0h:4m:1s (0h:1m:3s left)
 168 K3P+G4       27213.469   part1.1+part2.2+part4.1+part5.3	0h:4m:2s (0h:1m:2s left)
 169 K3P+G4       27145.261   part1.1+part4.1+part5.1+part5.3	0h:4m:4s (0h:1m:0s left)
 170 K3P+G4       27125.602   part1.1+part3.1+part4.1+part5.3	0h:4m:5s (0h:0m:59s left)
 171 TIMe+G4      27188.348   part1.1+part2.1+part3.2+part4.1+part5.3	0h:4m:7s (0h:0m:57s left)
 172 K3P+G4       27113.139   part1.1+part2.3+part4.1+part5.3	0h:4m:9s (0h:0m:56s left)
 173 K3Pu+F+G4    27129.577   part1.1+part1.2+part4.1+part4.2+part5.3	0h:4m:10s (0h:0m:55s left)
 174 K3Pu+F+G4    27176.369   part1.1+part1.3+part3.3+part4.1+part5.3	0h:4m:11s (0h:0m:53s left)
 175 K3P+G4       27175.147   part1.1+part4.1+part4.3+part5.3	0h:4m:16s (0h:0m:52s left)
Merging part5.1+part5.2 with BIC score: 27105.917 (LnL: -13135.638  df: 106)
 176 K2P+G4       27126.101   part3.1+part5.1+part5.2	0h:4m:20s (0h:0m:51s left)
 177 K2P+I        27098.682   part2.2+part5.1+part5.2	0h:4m:22s (0h:0m:50s left)
 178 TNe+I+G4     27108.880   part2.1+part3.2+part5.1+part5.2	0h:4m:23s (0h:0m:48s left)
 179 K2P+I+G4     27181.684   part2.3+part5.1+part5.2	0h:4m:25s (0h:0m:47s left)
 180 K2P+G4       27301.613   part4.3+part5.1+part5.2	0h:4m:27s (0h:0m:45s left)
 181 K3P+G4       27183.581   part1.1+part4.1+part5.1+part5.2+part5.3	0h:4m:27s (0h:0m:44s left)
 182 TPM2u+F+G4   27189.404   part1.2+part4.2+part5.1+part5.2	0h:4m:28s (0h:0m:42s left)
 183 HKY+F+G4     27270.493   part1.3+part3.3+part5.1+part5.2	0h:4m:28s (0h:0m:41s left)
Merging part2.2+part5.1+part5.2 with BIC score: 27098.682 (LnL: -13151.705  df: 101)
 184 K2P+G4       27117.408   part2.2+part3.1+part5.1+part5.2	0h:4m:34s (0h:0m:40s left)
 185 HKY+F+I+G4   27106.881   part2.1+part2.2+part3.2+part5.1+part5.2	0h:4m:37s (0h:0m:38s left)
 186 K2P+I+G4     27230.219   part2.2+part2.3+part5.1+part5.2	0h:4m:37s (0h:0m:37s left)
 187 K2P+G4       27400.996   part1.3+part2.2+part3.3+part5.1+part5.2	0h:4m:40s (0h:0m:35s left)
 188 K2P+G4       27416.525   part2.2+part4.3+part5.1+part5.2	0h:4m:40s (0h:0m:34s left)
 189 K3P+G4       27246.614   part1.1+part2.2+part4.1+part5.1+part5.2+part5.3	0h:4m:40s (0h:0m:32s left)
 190 HKY+F+I+G4   27227.696   part1.2+part2.2+part4.2+part5.1+part5.2	0h:4m:40s (0h:0m:31s left)
Merging part1.1+part2.3+part4.1+part5.3 with BIC score: 27095.058 (LnL: -13161.704  df: 98)
 191 K3P+I+G4     27177.064   part1.1+part2.1+part2.3+part3.2+part4.1+part5.3	0h:4m:56s (0h:0m:31s left)
 192 K3P+I+G4     27274.849   part1.1+part2.2+part2.3+part4.1+part5.1+part5.2+part5.3	0h:4m:56s (0h:0m:29s left)
 193 K3P+G4       27112.206   part1.1+part2.3+part3.1+part4.1+part5.3	0h:4m:56s (0h:0m:27s left)
 194 K3P+G4       27110.209   part1.1+part1.2+part2.3+part4.1+part4.2+part5.3	0h:5m:0s (0h:0m:26s left)
 195 K3P+G4       27151.655   part1.1+part2.3+part4.1+part4.3+part5.3	0h:5m:0s (0h:0m:24s left)
 196 K3P+G4       27161.268   part1.1+part1.3+part2.3+part3.3+part4.1+part5.3	0h:5m:0s (0h:0m:23s left)
BEST-FIT PARTITION MODEL: 
  charpartition BIC = K3P+G4: part1.1 part2.3 part4.1 part5.3, TIM2+F+G4: part1.2 part4.2, TN+F+G4: part1.3 part3.3, TNe+I+G4: part2.1 part3.2, K2P+I: part2.2 part5.1 part5.2, K2P: part3.1, K2P+G4: part4.3;
Agglomerative model selection: ((((part1.1,part5.3)4:27134.4,part4.1)5:27116.8,part2.3)8:27095.1,(part1.2,part4.2)3:27154.8,(part1.3,part3.3)1:27208.3,(part2.1,part3.2)2:27180.9,(part2.2,(part5.1,part5.2)6:27105.9)7:27098.7,part3.1,part4.3)
Merging into 7 partitions...
Partition information was printed to 4_set101.best_scheme.nex
Partition information in Raxml format was printed to 4_set101.best_scheme

All model information printed to 4_set101.model.gz
CPU time for ModelFinder: 357.005 seconds (0h:5m:57s)
Wall-clock time for ModelFinder: 302.380 seconds (0h:5m:2s)
Generating 1000 samples for ultrafast bootstrap (seed: 337741)...

NOTE: 9 MB RAM (0 GB) is required!
Measuring multi-threading efficiency up to 8 CPU cores
Increase to 10 rounds for branch lengths
18 trees examined
Threads: 1 / Time: 8.204 sec / Speedup: 1.000 / Efficiency: 100% / LogL: -20356
Threads: 2 / Time: 18.200 sec / Speedup: 0.451 / Efficiency: 23% / LogL: -20356
BEST NUMBER OF THREADS: 1

Estimate model parameters (epsilon = 0.100)
Initial log-likelihood: -14072.296
Current log-likelihood at step 1: -13495.802
Current log-likelihood at step 2: -13442.791
Current log-likelihood at step 3: -13344.358
Current log-likelihood at step 4: -13329.942
Current log-likelihood at step 5: -13309.882
Current log-likelihood at step 6: -13307.456
Current log-likelihood at step 7: -13305.176
Current log-likelihood at step 8: -13302.957
Current log-likelihood at step 9: -13300.798
Current log-likelihood at step 10: -13296.588
Current log-likelihood at step 11: -13294.730
Current log-likelihood at step 12: -13292.916
Current log-likelihood at step 13: -13291.145
Current log-likelihood at step 14: -13289.413
Current log-likelihood at step 15: -13287.716
Current log-likelihood at step 16: -13286.050
Current log-likelihood at step 17: -13284.416
Current log-likelihood at step 18: -13282.810
Current log-likelihood at step 19: -13281.222
Current log-likelihood at step 20: -13279.659
Current log-likelihood at step 21: -13278.115
Current log-likelihood at step 22: -13276.590
Current log-likelihood at step 23: -13275.085
Current log-likelihood at step 24: -13273.602
Current log-likelihood at step 25: -13272.134
Current log-likelihood at step 26: -13270.681
Current log-likelihood at step 27: -13269.240
Current log-likelihood at step 28: -13267.813
Current log-likelihood at step 29: -13266.394
Current log-likelihood at step 30: -13264.984
Current log-likelihood at step 31: -13263.581
Current log-likelihood at step 32: -13262.181
Current log-likelihood at step 33: -13260.793
Current log-likelihood at step 34: -13259.433
Current log-likelihood at step 35: -13258.068
Current log-likelihood at step 36: -13256.699
Current log-likelihood at step 37: -13255.326
Current log-likelihood at step 38: -13253.946
Current log-likelihood at step 39: -13252.558
Current log-likelihood at step 40: -13251.165
Current log-likelihood at step 41: -13249.762
Current log-likelihood at step 42: -13248.348
Current log-likelihood at step 43: -13246.924
Current log-likelihood at step 44: -13245.486
Current log-likelihood at step 45: -13244.033
Current log-likelihood at step 46: -13242.563
Current log-likelihood at step 47: -13241.074
Current log-likelihood at step 48: -13239.563
Current log-likelihood at step 49: -13238.029
Current log-likelihood at step 50: -13236.467
Current log-likelihood at step 51: -13234.877
Current log-likelihood at step 52: -13233.253
Current log-likelihood at step 53: -13231.593
Current log-likelihood at step 54: -13229.894
Current log-likelihood at step 55: -13228.150
Current log-likelihood at step 56: -13226.357
Current log-likelihood at step 57: -13224.513
Current log-likelihood at step 58: -13222.610
Current log-likelihood at step 59: -13220.647
Current log-likelihood at step 60: -13218.617
Current log-likelihood at step 61: -13216.514
Current log-likelihood at step 62: -13214.332
Current log-likelihood at step 63: -13212.065
Current log-likelihood at step 64: -13209.708
Current log-likelihood at step 65: -13207.253
Current log-likelihood at step 66: -13204.693
Current log-likelihood at step 67: -13202.021
Current log-likelihood at step 68: -13199.228
Current log-likelihood at step 69: -13196.312
Current log-likelihood at step 70: -13193.265
Current log-likelihood at step 71: -13190.086
Current log-likelihood at step 72: -13186.778
Current log-likelihood at step 73: -13183.350
Current log-likelihood at step 74: -13179.826
Current log-likelihood at step 75: -13160.422
Current log-likelihood at step 76: -13160.398
Partition-specific rates:  1.199 1.037 1.576 0.338 0.138 0.479 2.450
Parameters optimization took 75 rounds (32.095 sec)

Computing ML distances based on estimated model parameters... 0.063 sec
Computing BIONJ tree...
0.007 seconds
Log-likelihood of BIONJ tree: -13163.369
--------------------------------------------------------------------
|             INITIALIZING CANDIDATE TREE SET                      |
--------------------------------------------------------------------
Generating 98 parsimony trees... 8.250 second
Computing log-likelihood of 98 initial trees ... 20.073 seconds
Current best score: -13159.467

Do NNI search on 20 best initial trees
Estimate model parameters (epsilon = 0.100)
Initial log-likelihood: -13155.402
Current log-likelihood at step 1: -13155.200
Current log-likelihood at step 2: -13155.177
Parameters optimization took 1 rounds (0.452 sec)

BETTER TREE FOUND at iteration 1: -13155.177
UPDATE BEST LOG-LIKELIHOOD: -13155.176
Iteration 10 / LogL: -13158.333 / Time: 0h:1m:43s
UPDATE BEST LOG-LIKELIHOOD: -13155.175
Iteration 20 / LogL: -13155.178 / Time: 0h:2m:6s
Finish initializing candidate tree set (3)
Current best tree score: -13155.175 / CPU time: 66.778
Number of iterations: 20
--------------------------------------------------------------------
|               OPTIMIZING CANDIDATE TREE SET                      |
--------------------------------------------------------------------
UPDATE BEST LOG-LIKELIHOOD: -13155.175
Iteration 30 / LogL: -13156.504 / Time: 0h:2m:24s (0h:5m:52s left)
Iteration 40 / LogL: -13155.178 / Time: 0h:2m:43s (0h:4m:15s left)
UPDATE BEST LOG-LIKELIHOOD: -13155.175
Iteration 50 / LogL: -13155.177 / Time: 0h:3m:4s (0h:3m:11s left)
Log-likelihood cutoff on original alignment: -13191.161
Iteration 60 / LogL: -13155.177 / Time: 0h:3m:21s (0h:2m:19s left)
Iteration 70 / LogL: -13155.224 / Time: 0h:3m:37s (0h:1m:37s left)
Iteration 80 / LogL: -13155.177 / Time: 0h:3m:52s (0h:1m:1s left)
UPDATE BEST LOG-LIKELIHOOD: -13155.175
Iteration 90 / LogL: -13156.501 / Time: 0h:4m:10s (0h:0m:31s left)
UPDATE BEST LOG-LIKELIHOOD: -13155.175
Iteration 100 / LogL: -13155.175 / Time: 0h:4m:29s (0h:0m:2s left)
Log-likelihood cutoff on original alignment: -13191.161
NOTE: Bootstrap correlation coefficient of split occurrence frequencies: 0.999
TREE SEARCH COMPLETED AFTER 102 ITERATIONS / Time: 0h:4m:32s

--------------------------------------------------------------------
|                    FINALIZING TREE SEARCH                        |
--------------------------------------------------------------------
Performs final model parameters optimization
Estimate model parameters (epsilon = 0.010)
Initial log-likelihood: -13155.175
Current log-likelihood at step 1: -13155.146
Current log-likelihood at step 2: -13155.121
Current log-likelihood at step 3: -13155.097
Current log-likelihood at step 4: -13155.076
Current log-likelihood at step 5: -13155.058
Current log-likelihood at step 6: -13155.041
Current log-likelihood at step 7: -13155.025
Current log-likelihood at step 8: -13155.010
Current log-likelihood at step 9: -13154.995
Current log-likelihood at step 10: -13154.982
Current log-likelihood at step 11: -13154.968
Current log-likelihood at step 12: -13154.956
Current log-likelihood at step 13: -13154.944
Current log-likelihood at step 14: -13154.933
Current log-likelihood at step 15: -13154.922
Current log-likelihood at step 16: -13154.912
Current log-likelihood at step 17: -13154.902
Partition-specific rates:  1.205 1.036 1.573 0.337 0.129 0.487 2.449
Parameters optimization took 16 rounds (4.409 sec)

BEST SCORE FOUND : -13154.902
Creating bootstrap support values...
Split supports printed to NEXUS file 4_set101.splits.nex
Total tree length: 0.838

Total number of iterations: 102
CPU time used for tree search: 59.228 sec (0h:0m:59s)
Wall-clock time used for tree search: 212.955 sec (0h:3m:32s)
Total CPU time used: 76.008 sec (0h:1m:16s)
Total wall-clock time used: 277.740 sec (0h:4m:37s)

Computing bootstrap consensus tree...
Reading input file 4_set101.splits.nex...
35 taxa and 134 splits.
Consensus tree written to 4_set101.contree
Reading input trees file 4_set101.contree
Log-likelihood of consensus tree: -13154.902

Analysis results written to: 
  IQ-TREE report:                4_set101.iqtree
  Maximum-likelihood tree:       4_set101.treefile
  Likelihood distances:          4_set101.mldist
  Best partitioning scheme:      4_set101.best_scheme.nex
           in RAxML format:      4_set101.best_scheme

Ultrafast bootstrap approximation results written to:
  Split support values:          4_set101.splits.nex
  Consensus tree:                4_set101.contree
  Screen log file:               4_set101.log

Date and Time: Fri Sep  7 07:05:29 2018
