IQ-TREE multicore version 1.6.7 for Mac OS X 64-bit built Aug 23 2018
Developed by Bui Quang Minh, Nguyen Lam Tung, Olga Chernomor,
Heiko Schmidt, Dominik Schrempf, Michael Woodhams.

Host:    meeps-mac-pro.staff.sydney.edu.au (AVX, 64 GB RAM)
Command: /Users/davidduchene/Desktop/Software/iqtree-1.6.7-MacOSX/bin/iqtree -s ../../../../marsupials/set197.fasta -m TESTMERGE -bb 1000 -spp ../../../../marsupials/set197.nex -nt AUTO -pre 4_set197
Seed:    688705 (Using SPRNG - Scalable Parallel Random Number Generator)
Time:    Fri Sep  7 23:28:56 2018
Kernel:  AVX - auto-detect threads (8 CPU cores detected)

Reading partition model file ../../../../marsupials/set197.nex ...
Reading alignment file ../../../../marsupials/set197.fasta ... Fasta format detected
Alignment most likely contains DNA/RNA sequences
Alignment has 37 sequences with 3477 columns, 1056 distinct patterns
657 parsimony-informative, 374 singleton sites, 2446 constant sites
                                              Gap/Ambiguity  Composition  p-value
   1  Burramyidae_Burramys_parvus                     1.61%    passed     99.81%
   2  Notoryctidae_Notoryctes_typhlops                2.99%    passed     41.69%
   3  Vombatidae_Lasiorhinus_latifrons                0.12%    passed     99.60%
   4  Potoroidae_Bettongia_penicillata                3.02%    passed      9.09%
   5  Potoroidae_Bettongia_lesueur                    0.23%    passed     26.97%
   6  Dasyuridae_Dasyurus_maculatus                   1.67%    passed     94.67%
   7  Phalangeridae_Trichosurus_vulpecula             4.75%    passed     99.51%
   8  Phalangeridae_Spilocuscus_maculatus             0.29%    passed     99.80%
   9  Potoroidae_Aepyprymnus_rufescens                3.57%    passed     40.34%
  10  Peramelidae_Perameles_nasuta                    1.50%    passed     17.55%
  11  Myrmecobiidae_Myrmecobius_fasciatus1           97.67%    failed      0.55%
  12  Phalangeridae_Strigocuscus_pelengensis          8.66%    passed     99.18%
  13  Dasyuridae_Phascogale_tapoatafa                 1.21%    passed     92.18%
  14  Dasyuridae_Sminthopsis_macroura                 2.33%    passed     98.57%
  15  Phalangeridae_Phalanger_orientalis              0.86%    passed     99.78%
  16  Acrobatidae_Acrobates_pygmaeus                  0.58%    passed     98.27%
  17  Dasyuridae_Phascogale_calura                    2.99%    passed     90.89%
  18  Dasyuridae_Sarcophilus_harrisii                 1.73%    passed     97.49%
  19  Dasyuridae_Planigale_tenuirostris              10.04%    passed     89.66%
  20  Peramelidae_Echymipera_kalubu                   4.92%    failed      3.14%
  21  Macropodidae_Dorcopsulus_vanheurni              1.06%    passed     98.48%
  22  Pseudochiridae_Pseudochirulus_forbesi           0.69%    passed     99.09%
  23  Didelphidae_Didelphis_virginiana                0.78%    passed     84.35%
  24  Marmosidae_Monodelphis_domestica                0.09%    passed     97.69%
  25  Dasyuridae_Antechinus_stuartii                  5.49%    passed     71.26%
  26  Hypsiprymnodontidae_Hypsiprymnodon_moschatus    0.20%    passed     85.88%
  27  Microbiotheriidae_Dromiciops_gliroides          0.75%    passed     99.85%
  28  Pseudochiridae_Petauroides_volans               0.26%    passed     99.64%
  29  Macropodidae_Wallabia_bicolor                   0.32%    passed     98.72%
  30  Pseudochiridae_Pseudocheirus_occidentalis      37.50%    failed      1.09%
  31  Tarsipedidae_Tarsipes_rostratus                 2.16%    passed     85.01%
  32  Acrobatidae_Distoechurus_pennatus               0.17%    passed     94.42%
  33  Myrmecobiidae_Myrmecobius_fasciatus2           97.67%    failed      0.55%
  34  Phalangeridae_Phalanger_carmelitae              0.06%    passed     99.75%
  35  Peramelidae_Peroryctes_raffrayana               3.80%    passed     29.22%
  36  Dasyuridae_Dasyurus_geffroii                    0.81%    passed     93.57%
  37  Peramelidae_Perameles_gunnii                    0.20%    passed     23.52%
WARNING: 2 sequences contain more than 50% gaps/ambiguity
****  TOTAL                                           8.18%  4 sequences failed composition chi2 test (p-value<5%; df=3)
NOTE: No CharPartition defined, use all CharSets

Loading 15 partitions...
Subset	Type	Seqs	Sites	Infor	Invar	Model	Name
1		34	55	6	47	TESTMERGE	part1.1
2		34	55	0	53	TESTMERGE	part1.2
WARNING: No parsimony-informative sites in partition part1.2
3		34	55	35	11	TESTMERGE	part1.3
4		35	110	7	92	TESTMERGE	part2.1
5		35	110	2	100	TESTMERGE	part2.2
6		35	110	54	46	TESTMERGE	part2.3
7		35	260	59	177	TESTMERGE	part3.1
8		35	260	42	197	TESTMERGE	part3.2
9		35	260	114	97	TESTMERGE	part3.3
10		34	428	17	392	TESTMERGE	part4.1
11		34	428	6	404	TESTMERGE	part4.2
12		34	428	138	197	TESTMERGE	part4.3
13		35	306	47	235	TESTMERGE	part5.1
14		35	306	25	261	TESTMERGE	part5.2
15		35	306	105	137	TESTMERGE	part5.3
Degree of missing data: 0.065
Info: multi-threading strategy over partitions

NOTE: Myrmecobiidae_Myrmecobius_fasciatus2 is identical to Myrmecobiidae_Myrmecobius_fasciatus1 but kept for subsequent analysis


Create initial parsimony tree by phylogenetic likelihood library (PLL)... 0.014 seconds
NOTE: ModelFinder requires 11 MB RAM!
NUMBER OF THREADS FOR PARTITION FINDING: 8
Testing GTR+F+G on supermatrix...
GTR+F+G4 / LnL: -15736.648 / df: 80 / AIC: 31633.295 / AICc: 31637.111 / BIC: 32125.609
Selecting individual models for 15 charsets using BIC...
 No. Model        Score       Charset
   1 K2P+G4       1971.308    part3.2
   2 K2P+G4       2495.930    part3.1
   3 K2P+I        1914.873    part5.2
   4 K2P+G4       2514.838    part5.1
   5 K2P+G4       4337.164    part5.3
   6 TPM3+F+G4    1552.735    part2.3
   7 TN+F+G4      1874.423    part4.1
   8 TPM3u+F+G4   4186.002    part3.3
   9 K2P+G4       5400.865    part4.3
  10 K2P          191.509     part1.2	0h:0m:14s (0h:4m:58s left)
  11 TIM2+F+G4    1145.459    part1.3	0h:0m:14s (0h:4m:31s left)
  12 TPM3+F       1592.702    part4.2	0h:0m:15s (0h:4m:10s left)
  13 TN+F         289.895     part1.1	0h:0m:15s (0h:3m:51s left)
  14 K3P+I        505.163     part2.2	0h:0m:15s (0h:3m:40s left)
  15 K2P+G4       668.499     part2.1	0h:0m:16s (0h:3m:29s left)
Full partition model BIC score: 31415.937 (LnL: -15145.348  df:138)
Merging models to increase model fit (about 211 total partition schemes)...
  16 K2P+G4       31449.920   part3.1+part5.3	0h:0m:25s (0h:5m:12s left)
  17 K2P+G4       31452.355   part3.1+part4.3	0h:0m:26s (0h:4m:57s left)
  18 K2P+G4       31473.885   part4.3+part5.1	0h:0m:26s (0h:4m:45s left)
  19 K2P+G4       31462.213   part3.2+part4.3	0h:0m:27s (0h:4m:39s left)
  20 K2P+G4       31520.133   part4.3+part5.2	0h:0m:27s (0h:4m:25s left)
  21 HKY+F+G4     31395.789   part4.3+part5.3	0h:0m:30s (0h:4m:38s left)
  22 K3Pu+F+G4    31395.136   part3.3+part4.3	0h:0m:31s (0h:4m:33s left)
  23 HKY+F+G4     31401.539   part3.3+part5.3	0h:0m:32s (0h:4m:24s left)
  24 K2P+G4       31461.739   part3.2+part5.3	0h:0m:35s (0h:4m:39s left)
  25 K2P+G4       31464.262   part5.1+part5.3	0h:0m:37s (0h:4m:37s left)
  26 K2P+G4       31509.642   part5.2+part5.3	0h:0m:38s (0h:4m:33s left)
  27 K2P+G4       31415.613   part2.3+part4.3	0h:0m:38s (0h:4m:25s left)
  28 TPM3u+F+G4   31479.405   part3.1+part3.3	0h:0m:40s (0h:4m:25s left)
  29 K2P+G4       31507.929   part3.3+part5.1	0h:0m:41s (0h:4m:20s left)
  30 K2P+G4       31632.401   part4.1+part4.3	0h:0m:43s (0h:4m:22s left)
  31 K2P+G4       31419.691   part1.3+part4.3	0h:0m:44s (0h:4m:19s left)
  32 HKY+F+G4     31498.581   part3.2+part3.3	0h:0m:46s (0h:4m:21s left)
  33 K3Pu+F+G4    31686.116   part4.2+part4.3	0h:0m:48s (0h:4m:23s left)
  34 HKY+F+G4     31560.392   part3.3+part5.2	0h:0m:50s (0h:4m:25s left)
  35 K2P+G4       31413.201   part2.3+part5.3	0h:0m:51s (0h:4m:17s left)
  36 K2P+G4       31619.178   part4.1+part5.3	0h:0m:53s (0h:4m:18s left)
  37 K2P+G4       31420.211   part1.1+part4.3	0h:0m:56s (0h:4m:27s left)
  38 K2P+G4       31466.905   part1.2+part4.3	0h:0m:58s (0h:4m:27s left)
  39 K2P+G4       31403.054   part1.3+part5.3	0h:0m:59s (0h:4m:23s left)
  40 K2P+G4       31451.689   part2.1+part4.3	0h:0m:59s (0h:4m:16s left)
  41 HKY+F+G4     31447.515   part2.3+part3.3	0h:1m:2s (0h:4m:20s left)
  42 K2P+G4       31476.998   part2.2+part4.3	0h:1m:4s (0h:4m:19s left)
  43 TN+F+I+G4    31683.710   part3.3+part4.1	0h:1m:5s (0h:4m:17s left)
  44 HKY+F+G4     31660.248   part4.2+part5.3	0h:1m:5s (0h:4m:10s left)
  45 K2P+G4       31422.739   part1.1+part5.3	0h:1m:6s (0h:4m:3s left)
  46 K2P+G4       31467.906   part1.2+part5.3	0h:1m:9s (0h:4m:7s left)
  47 K2P+G4       31453.146   part2.1+part5.3	0h:1m:9s (0h:4m:3s left)
  48 K2P+G4       31400.054   part3.1+part5.1	0h:1m:11s (0h:4m:3s left)
  49 HKY+F+G4     31414.061   part1.3+part3.3	0h:1m:11s (0h:3m:57s left)
  50 K2P+G4       31477.167   part2.2+part5.3	0h:1m:11s (0h:3m:51s left)
  51 K2P+G4       31397.964   part3.1+part3.2	0h:1m:15s (0h:3m:58s left)
  52 K3Pu+F+G4    31454.265   part1.1+part3.3	0h:1m:15s (0h:3m:52s left)
  53 HKY+F+G4     31495.415   part1.2+part3.3	0h:1m:16s (0h:3m:47s left)
  54 K3Pu+F+I+G4  31703.426   part3.3+part4.2	0h:1m:16s (0h:3m:42s left)
  55 HKY+F+G4     31496.206   part2.1+part3.3	0h:1m:16s (0h:3m:37s left)
  56 K2P+G4       31419.486   part3.1+part5.2	0h:1m:19s (0h:3m:38s left)
  57 K2P+G4       31394.665   part3.2+part5.1	0h:1m:21s (0h:3m:38s left)
  58 K2P+I+G4     31401.608   part5.1+part5.2	0h:1m:22s (0h:3m:37s left)
  59 TN+F+G4      31474.715   part3.1+part4.1	0h:1m:24s (0h:3m:37s left)
  60 HKY+F+G4     31406.519   part3.2+part5.2	0h:1m:24s (0h:3m:33s left)
  61 TIM3e+G4     31472.541   part2.3+part3.1	0h:1m:25s (0h:3m:31s left)
  62 K2P+I+G4     31450.968   part4.1+part5.1	0h:1m:27s (0h:3m:30s left)
  63 TPM2u+F+G4   31472.412   part2.3+part5.1	0h:1m:28s (0h:3m:26s left)
  64 K3Pu+F+G4    31508.663   part2.2+part3.3	0h:1m:28s (0h:3m:22s left)
  65 K2P+G4       31454.209   part1.3+part3.1	0h:1m:30s (0h:3m:22s left)
  66 K2P+I+G4     31460.687   part1.3+part5.1	0h:1m:31s (0h:3m:22s left)
  67 K2P+G4       31468.992   part2.3+part3.2	0h:1m:33s (0h:3m:20s left)
  68 TPM3u+F+G4   31512.848   part3.1+part4.2	0h:1m:34s (0h:3m:18s left)
  69 HKY+F+I      31435.451   part3.2+part4.1	0h:1m:35s (0h:3m:17s left)
  70 HKY+F+G4     31487.475   part2.3+part5.2	0h:1m:37s (0h:3m:16s left)
  71 K2P+I+G4     31497.210   part4.2+part5.1	0h:1m:37s (0h:3m:12s left)
  72 K2P+G4       31398.513   part1.1+part3.1	0h:1m:37s (0h:3m:8s left)
  73 K2P+I        31416.517   part4.1+part5.2	0h:1m:38s (0h:3m:5s left)
  74 K2P+G4       31429.001   part1.2+part3.1	0h:1m:39s (0h:3m:4s left)
  75 K2P+G4       31468.721   part1.3+part3.2	0h:1m:40s (0h:3m:2s left)
  76 K2P+G4       31403.427   part2.1+part3.1	0h:1m:43s (0h:3m:3s left)
  77 K2P+G4       31393.972   part1.1+part5.1	0h:1m:43s (0h:3m:0s left)
  78 K2P+G4       31417.921   part2.2+part3.1	0h:1m:43s (0h:2m:57s left)
  79 K2P+G4       31398.682   part2.1+part5.1	0h:1m:45s (0h:2m:55s left)
  80 K2P+G4       31422.608   part1.2+part5.1	0h:1m:45s (0h:2m:52s left)
  81 HKY+F+I      31460.029   part3.2+part4.2	0h:1m:45s (0h:2m:49s left)
  82 K2P+I+G4     31489.679   part1.3+part5.2	0h:1m:46s (0h:2m:46s left)
  83 K2P+G4       31408.026   part2.2+part5.1	0h:1m:47s (0h:2m:45s left)
  84 K2P+G4       31391.607   part1.1+part3.2	0h:1m:48s (0h:2m:44s left)
  85 HKY+F+I      31433.345   part4.2+part5.2	0h:1m:50s (0h:2m:43s left)
  86 K2P+G4       31420.744   part1.2+part3.2	0h:1m:52s (0h:2m:43s left)
  87 HKY+F+I      31391.933   part1.1+part5.2	0h:1m:52s (0h:2m:40s left)
  88 TIM3e+I+G4   31536.348   part2.3+part4.1	0h:1m:54s (0h:2m:39s left)
  89 HKY+F+G4     31401.745   part2.1+part3.2	0h:1m:55s (0h:2m:38s left)
  90 K2P+I        31412.931   part1.2+part5.2	0h:1m:55s (0h:2m:35s left)
  91 HKY+F+I      31399.807   part2.1+part5.2	0h:1m:56s (0h:2m:34s left)
  92 K2P+G4       31404.486   part2.2+part3.2	0h:1m:59s (0h:2m:34s left)
  93 TIM2+F+G4    31403.468   part1.3+part2.3	0h:1m:59s (0h:2m:31s left)
  94 K2P+I        31395.691   part2.2+part5.2	0h:2m:2s (0h:2m:32s left)
  95 HKY+F+I      31417.994   part4.1+part4.2	0h:2m:4s (0h:2m:31s left)
  96 K2P+I+G4     31556.916   part1.3+part4.1	0h:2m:5s (0h:2m:30s left)
  97 TPM3u+F+I+G4 31587.519   part2.3+part4.2	0h:2m:5s (0h:2m:27s left)
  98 TN+F+G4      31457.788   part2.1+part2.3	0h:2m:8s (0h:2m:27s left)
  99 TPM3u+F+G4   31413.613   part1.1+part2.3	0h:2m:9s (0h:2m:26s left)
 100 TPM3+F+G4    31473.406   part1.2+part2.3	0h:2m:10s (0h:2m:25s left)
 101 TN+F+G4      31383.125   part1.1+part4.1	0h:2m:11s (0h:2m:23s left)
 102 HKY+F+I+G4   31603.484   part1.3+part4.2	0h:2m:13s (0h:2m:23s left)
 103 TN+F+I       31411.970   part1.2+part4.1	0h:2m:15s (0h:2m:22s left)
 104 TPM3u+F+G4   31440.928   part1.1+part1.3	0h:2m:17s (0h:2m:21s left)
 105 TIM3e+G4     31470.689   part2.2+part2.3	0h:2m:18s (0h:2m:19s left)
 106 TN+F+G4      31392.615   part2.1+part4.1	0h:2m:18s (0h:2m:16s left)
 107 TN+F+I       31396.377   part2.2+part4.1	0h:2m:20s (0h:2m:16s left)
 108 K2P+G4       31473.978   part1.2+part1.3	0h:2m:21s (0h:2m:15s left)
 109 K2P+G4       31462.793   part1.3+part2.1	0h:2m:22s (0h:2m:13s left)
 110 K2P+I+G4     31482.150   part1.3+part2.2	0h:2m:24s (0h:2m:12s left)
 111 TPM3+F       31393.868   part1.1+part4.2	0h:2m:25s (0h:2m:11s left)
 112 TPM3+F       31413.487   part1.2+part4.2	0h:2m:26s (0h:2m:9s left)
 113 TNe          31398.547   part1.1+part1.2	0h:2m:26s (0h:2m:7s left)
 114 HKY+F+I      31420.682   part2.1+part4.2	0h:2m:26s (0h:2m:4s left)
 115 K2P+G4       31410.553   part1.2+part2.1	0h:2m:29s (0h:2m:4s left)
 116 TPM3+F       31389.884   part2.2+part4.2	0h:2m:32s (0h:2m:5s left)
 117 K3P+I        31386.370   part1.1+part2.2	0h:2m:32s (0h:2m:2s left)
 118 K2P+G4       31392.924   part2.1+part2.2	0h:2m:32s (0h:2m:0s left)
 119 TN+F+I       31395.900   part1.1+part2.1	0h:2m:33s (0h:1m:58s left)
 120 K2P+I        31404.109   part1.2+part2.2	0h:2m:33s (0h:1m:56s left)
Merging part1.1+part4.1 with BIC score: 31383.125 (LnL: -15153.404  df: 132)
 121 TIM+F+G4     31391.066   part1.1+part4.1+part4.2	0h:2m:39s (0h:1m:58s left)
 122 TN+F+G4      31449.790   part1.1+part3.1+part4.1	0h:2m:39s (0h:1m:56s left)
 123 HKY+F+I      31408.003   part1.1+part3.2+part4.1	0h:2m:42s (0h:1m:55s left)
 124 K2P+I+G4     31424.058   part1.1+part4.1+part5.1	0h:2m:43s (0h:1m:54s left)
 125 HKY+F+I      31390.656   part1.1+part4.1+part5.2	0h:2m:43s (0h:1m:52s left)
 126 TIM3+F+I+G4  31508.829   part1.1+part2.3+part4.1	0h:2m:45s (0h:1m:51s left)
 127 K2P+G4       31598.361   part1.1+part4.1+part5.3	0h:2m:46s (0h:1m:50s left)
 128 TN+F+I+G4    31669.179   part1.1+part3.3+part4.1	0h:2m:47s (0h:1m:48s left)
 129 TN+F+G4      31378.500   part1.1+part1.2+part4.1	0h:2m:49s (0h:1m:47s left)
 130 TN+F+G4      31364.476   part1.1+part2.2+part4.1	0h:2m:50s (0h:1m:45s left)
 131 TN+F+G4      31358.709   part1.1+part2.1+part4.1	0h:2m:50s (0h:1m:43s left)
 132 TN+F+I+G4    31539.729   part1.1+part1.3+part4.1	0h:2m:50s (0h:1m:42s left)
 133 K2P+G4       31612.298   part1.1+part4.1+part4.3	0h:2m:51s (0h:1m:40s left)
Merging part2.2+part4.2 with BIC score: 31357.072 (LnL: -15156.685  df: 128)
 134 HKY+F+I      31399.179   part2.2+part3.2+part4.2	0h:2m:55s (0h:1m:41s left)
 135 TPM3u+F+I+G4 31453.681   part2.2+part3.1+part4.2	0h:2m:58s (0h:1m:40s left)
 136 K3Pu+F+I     31373.638   part2.2+part4.2+part5.2	0h:2m:58s (0h:1m:38s left)
 137 HKY+F+I+G4   31549.896   part1.3+part2.2+part4.2	0h:3m:2s (0h:1m:38s left)
 138 K3Pu+F+G4    31653.841   part2.2+part4.2+part4.3	0h:3m:2s (0h:1m:36s left)
 139 K3Pu+F+I+G4  31669.169   part2.2+part3.3+part4.2	0h:3m:3s (0h:1m:34s left)
 140 HKY+F+I+G4   31624.133   part2.2+part4.2+part5.3	0h:3m:5s (0h:1m:33s left)
 141 TPM3u+F+I+G4 31531.056   part2.2+part2.3+part4.2	0h:3m:7s (0h:1m:32s left)
 142 K2P+I+G4     31441.787   part2.2+part4.2+part5.1	0h:3m:7s (0h:1m:31s left)
 143 K3Pu+F+I     31359.426   part1.1+part2.2+part4.1+part4.2	0h:3m:7s (0h:1m:29s left)
 144 TPM3+F       31354.697   part1.2+part2.2+part4.2	0h:3m:7s (0h:1m:27s left)
 145 TPM3+F+G4    31355.710   part2.1+part2.2+part4.2	0h:3m:8s (0h:1m:25s left)
Merging part1.1+part2.1+part4.1 with BIC score: 31332.656 (LnL: -15156.708  df: 125)
 146 TN+F+G4      31390.673   part1.1+part2.1+part3.1+part4.1	0h:3m:14s (0h:1m:26s left)
 147 TN+F+G4      31350.280   part1.1+part2.1+part3.2+part4.1	0h:3m:16s (0h:1m:25s left)
 148 HKY+F+I      31334.889   part1.1+part2.1+part4.1+part5.2	0h:3m:16s (0h:1m:23s left)
 149 TN+F+I+G4    31378.120   part1.1+part2.1+part4.1+part5.1	0h:3m:18s (0h:1m:22s left)
 150 TN+F+I+G4    31484.253   part1.1+part1.3+part2.1+part4.1	0h:3m:20s (0h:1m:21s left)
 151 K2P+G4       31577.968   part1.1+part2.1+part4.1+part4.3	0h:3m:21s (0h:1m:20s left)
 152 TN+F+I+G4    31629.082   part1.1+part2.1+part3.3+part4.1	0h:3m:21s (0h:1m:18s left)
 153 TN+F+I+G4    31567.780   part1.1+part2.1+part4.1+part5.3	0h:3m:22s (0h:1m:16s left)
 154 TN+F+G4      31328.360   part1.1+part1.2+part2.1+part4.1	0h:3m:23s (0h:1m:15s left)
 155 TPM3u+F+I    31343.759   part1.1+part2.1+part2.2+part4.1+part4.2	0h:3m:24s (0h:1m:13s left)
 156 TN+F+I+G4    31455.475   part1.1+part2.1+part2.3+part4.1	0h:3m:25s (0h:1m:12s left)
Merging part3.2+part5.1 with BIC score: 31311.384 (LnL: -15158.303  df: 122)
 157 K2P+G4       31318.024   part1.2+part3.2+part5.1	0h:3m:34s (0h:1m:13s left)
 158 K2P+I+G4     31299.178   part3.2+part5.1+part5.2	0h:3m:34s (0h:1m:11s left)
 159 K2P+I+G4     31370.890   part1.3+part3.2+part5.1	0h:3m:35s (0h:1m:10s left)
 160 K2P+G4       31295.961   part3.1+part3.2+part5.1	0h:3m:35s (0h:1m:8s left)
 161 K2P+G4       31436.136   part3.2+part3.3+part5.1	0h:3m:37s (0h:1m:7s left)
 162 K2P+G4       31385.676   part3.2+part5.1+part5.3	0h:3m:38s (0h:1m:6s left)
 163 HKY+F+I+G4   31364.290   part1.1+part2.1+part3.2+part4.1+part5.1	0h:3m:38s (0h:1m:4s left)
 164 K2P+G4       31398.387   part3.2+part4.3+part5.1	0h:3m:40s (0h:1m:3s left)
 165 HKY+F+I+G4   31410.083   part2.2+part3.2+part4.2+part5.1	0h:3m:41s (0h:1m:1s left)
 166 K2P+G4       31379.015   part2.3+part3.2+part5.1	0h:3m:42s (0h:1m:0s left)
Merging part3.3+part4.3 with BIC score: 31290.583 (LnL: -15160.133  df: 119)
 167 K3Pu+F+G4    31694.061   part2.2+part3.3+part4.2+part4.3	0h:3m:57s (0h:1m:2s left)
 168 TPM3+F+G4    31350.407   part3.1+part3.3+part4.3	0h:3m:59s (0h:1m:1s left)
 169 K3Pu+F+G4    31299.884   part1.3+part3.3+part4.3	0h:4m:0s (0h:0m:59s left)
 170 K3Pu+F+G4    31457.746   part3.3+part4.3+part5.2	0h:4m:0s (0h:0m:57s left)
 171 K3Pu+F+G4    31361.320   part1.2+part3.3+part4.3	0h:4m:0s (0h:0m:56s left)
 172 HKY+F+G4     31465.499   part3.2+part3.3+part4.3+part5.1	0h:4m:0s (0h:0m:54s left)
 173 TIM+F+G4     31681.892   part1.1+part2.1+part3.3+part4.1+part4.3	0h:4m:0s (0h:0m:52s left)
 174 K3Pu+F+G4    31268.701   part3.3+part4.3+part5.3	0h:4m:1s (0h:0m:51s left)
 175 K3Pu+F+G4    31320.366   part2.3+part3.3+part4.3	0h:4m:7s (0h:0m:50s left)
Merging part3.3+part4.3+part5.3 with BIC score: 31268.701 (LnL: -15161.423  df: 116)
 176 TIM+F+G4     31439.147   part3.3+part4.3+part5.2+part5.3	0h:4m:25s (0h:0m:52s left)
 177 HKY+F+G4     31290.912   part2.3+part3.3+part4.3+part5.3	0h:4m:25s (0h:0m:51s left)
 178 K3Pu+F+G4    31705.981   part2.2+part3.3+part4.2+part4.3+part5.3	0h:4m:25s (0h:0m:49s left)
 179 HKY+F+G4     31335.001   part1.2+part3.3+part4.3+part5.3	0h:4m:27s (0h:0m:47s left)
 180 HKY+F+G4     31453.452   part3.2+part3.3+part4.3+part5.1+part5.3	0h:4m:28s (0h:0m:46s left)
 181 HKY+F+G4     31687.563   part1.1+part2.1+part3.3+part4.1+part4.3+part5.3	0h:4m:28s (0h:0m:44s left)
 182 TPM3u+F+G4   31329.654   part3.1+part3.3+part4.3+part5.3	0h:4m:28s (0h:0m:42s left)
 183 HKY+F+G4     31273.366   part1.3+part3.3+part4.3+part5.3	0h:4m:29s (0h:0m:41s left)
Merging part3.1+part3.2+part5.1 with BIC score: 31253.279 (LnL: -15165.943  df: 113)
 184 HKY+F+I+G4   31378.290   part2.2+part3.1+part3.2+part4.2+part5.1	0h:4m:38s (0h:0m:40s left)
 185 K2P+G4       31262.503   part1.2+part3.1+part3.2+part5.1	0h:4m:39s (0h:0m:39s left)
 186 K2P+I+G4     31249.346   part3.1+part3.2+part5.1+part5.2	0h:4m:39s (0h:0m:37s left)
 187 K2P+G4       31328.375   part2.3+part3.1+part3.2+part5.1	0h:4m:39s (0h:0m:35s left)
 188 K2P+I+G4     31314.792   part1.3+part3.1+part3.2+part5.1	0h:4m:40s (0h:0m:34s left)
 189 HKY+F+I+G4   31326.855   part1.1+part2.1+part3.1+part3.2+part4.1+part5.1	0h:4m:41s (0h:0m:32s left)
 190 HKY+F+G4     31468.332   part3.1+part3.2+part3.3+part4.3+part5.1+part5.3	0h:4m:46s (0h:0m:31s left)
Merging part1.3+part2.3 with BIC score: 31240.809 (LnL: -15188.247  df: 106)
 191 HKY+F+G4     31310.562   part1.2+part1.3+part2.3	0h:4m:52s (0h:0m:30s left)
 192 HKY+F+I+G4   31366.375   part1.3+part2.3+part5.2	0h:4m:53s (0h:0m:29s left)
 193 TPM3u+F+I+G4 31547.880   part1.3+part2.2+part2.3+part4.2	0h:4m:54s (0h:0m:27s left)
 194 TN+F+I+G4    31475.788   part1.1+part1.3+part2.1+part2.3+part4.1	0h:4m:56s (0h:0m:25s left)
 195 K2P+I+G4     31372.018   part1.3+part2.3+part3.1+part3.2+part5.1	0h:4m:57s (0h:0m:24s left)
 196 TN+F+G4      31277.606   part1.3+part2.3+part3.3+part4.3+part5.3	0h:5m:3s (0h:0m:23s left)
Merging part1.1+part1.2+part2.1+part4.1 with BIC score: 31236.514 (LnL: -15194.253  df: 104)
 197 TPM3u+F+I    31245.234   part1.1+part1.2+part2.1+part2.2+part4.1+part4.2	0h:5m:10s (0h:0m:22s left)
 198 HKY+F+I      31237.085   part1.1+part1.2+part2.1+part4.1+part5.2	0h:5m:13s (0h:0m:20s left)
 199 TN+F+I+G4    31483.631   part1.1+part1.2+part1.3+part2.1+part2.3+part4.1	0h:5m:15s (0h:0m:19s left)
 200 HKY+F+I+G4   31315.557   part1.1+part1.2+part2.1+part3.1+part3.2+part4.1+part5.1	0h:5m:16s (0h:0m:17s left)
 201 HKY+F+G4     31691.368   part1.1+part1.2+part2.1+part3.3+part4.1+part4.3+part5.3	0h:5m:20s (0h:0m:15s left)
Merging part3.1+part3.2+part5.1+part5.2 with BIC score: 31232.581 (LnL: -15200.440  df: 102)
 202 HKY+F+I+G4   31333.968   part2.2+part3.1+part3.2+part4.2+part5.1+part5.2	0h:5m:30s (0h:0m:14s left)
 203 K2P+I+G4     31382.565   part1.3+part2.3+part3.1+part3.2+part5.1+part5.2	0h:5m:32s (0h:0m:13s left)
 204 HKY+F+I+G4   31290.438   part1.1+part1.2+part2.1+part3.1+part3.2+part4.1+part5.1+part5.2	0h:5m:33s (0h:0m:11s left)
 205 HKY+F+G4     31527.902   part3.1+part3.2+part3.3+part4.3+part5.1+part5.2+part5.3	0h:5m:38s (0h:0m:9s left)
BEST-FIT PARTITION MODEL: 
  charpartition BIC = TN+F+G4: part1.1 part1.2 part2.1 part4.1, TIM2+F+G4: part1.3 part2.3, TPM3+F: part2.2 part4.2, K2P+I+G4: part3.1 part3.2 part5.1 part5.2, K3Pu+F+G4: part3.3 part4.3 part5.3;
Agglomerative model selection: ((((part1.1,part4.1)1:31383.1,part2.1)3:31332.7,part1.2)9:31236.5,(part1.3,part2.3)8:31240.8,(part2.2,part4.2)2:31357.1,((part3.1,(part3.2,part5.1)4:31311.4)7:31253.3,part5.2)10:31232.6,((part3.3,part4.3)5:31290.6,part5.3)6:31268.7)
Merging into 5 partitions...
Partition information was printed to 4_set197.best_scheme.nex
Partition information in Raxml format was printed to 4_set197.best_scheme

All model information printed to 4_set197.model.gz
CPU time for ModelFinder: 441.999 seconds (0h:7m:21s)
Wall-clock time for ModelFinder: 341.391 seconds (0h:5m:41s)
Generating 1000 samples for ultrafast bootstrap (seed: 688705)...

NOTE: 10 MB RAM (0 GB) is required!
Measuring multi-threading efficiency up to 8 CPU cores
Increase to 10 rounds for branch lengths
17 trees examined
Threads: 1 / Time: 8.297 sec / Speedup: 1.000 / Efficiency: 100% / LogL: -24305
Threads: 2 / Time: 18.017 sec / Speedup: 0.461 / Efficiency: 23% / LogL: -24305
BEST NUMBER OF THREADS: 1

Estimate model parameters (epsilon = 0.100)
Initial log-likelihood: -16469.501
Current log-likelihood at step 1: -15452.412
Current log-likelihood at step 2: -15281.121
Current log-likelihood at step 3: -15235.400
Current log-likelihood at step 4: -15227.375
Current log-likelihood at step 5: -15221.548
Current log-likelihood at step 6: -15217.266
Current log-likelihood at step 7: -15214.091
Current log-likelihood at step 8: -15211.719
Current log-likelihood at step 9: -15209.941
Current log-likelihood at step 10: -15208.564
Current log-likelihood at step 11: -15207.497
Current log-likelihood at step 12: -15206.611
Current log-likelihood at step 13: -15205.830
Current log-likelihood at step 14: -15205.146
Current log-likelihood at step 15: -15204.540
Current log-likelihood at step 16: -15203.992
Current log-likelihood at step 17: -15203.503
Current log-likelihood at step 18: -15203.068
Current log-likelihood at step 19: -15202.684
Current log-likelihood at step 20: -15202.351
Current log-likelihood at step 21: -15202.050
Current log-likelihood at step 22: -15201.780
Current log-likelihood at step 23: -15201.535
Current log-likelihood at step 24: -15201.323
Current log-likelihood at step 25: -15201.158
Current log-likelihood at step 26: -15201.006
Current log-likelihood at step 27: -15200.863
Current log-likelihood at step 28: -15200.732
Current log-likelihood at step 29: -15200.610
Current log-likelihood at step 30: -15200.497
Current log-likelihood at step 31: -15200.389
Current log-likelihood at step 32: -15200.292
Partition-specific rates:  0.219 3.026 0.153 0.712 1.959
Parameters optimization took 31 rounds (7.734 sec)


WARNING: Estimated model parameters are at boundary that can cause numerical instability!

Computing ML distances based on estimated model parameters... 0.049 sec
WARNING: Some pairwise ML distances are too long (saturated)
Computing BIONJ tree...
0.004 seconds
Log-likelihood of BIONJ tree: -15236.744
--------------------------------------------------------------------
|             INITIALIZING CANDIDATE TREE SET                      |
--------------------------------------------------------------------
Generating 98 parsimony trees... 3.413 second
Computing log-likelihood of 98 initial trees ... 11.443 seconds
Current best score: -15191.120

Do NNI search on 20 best initial trees
Estimate model parameters (epsilon = 0.100)
Initial log-likelihood: -15190.360
Current log-likelihood at step 1: -15190.136
Current log-likelihood at step 2: -15190.044
Parameters optimization took 1 rounds (0.444 sec)


WARNING: Estimated model parameters are at boundary that can cause numerical instability!

BETTER TREE FOUND at iteration 1: -15190.044
Iteration 10 / LogL: -15193.969 / Time: 0h:0m:54s
Iteration 20 / LogL: -15202.958 / Time: 0h:1m:5s
Finish initializing candidate tree set (11)
Current best tree score: -15190.044 / CPU time: 30.997
Number of iterations: 20
--------------------------------------------------------------------
|               OPTIMIZING CANDIDATE TREE SET                      |
--------------------------------------------------------------------
Iteration 30 / LogL: -15192.555 / Time: 0h:1m:17s (0h:3m:9s left)
Iteration 40 / LogL: -15198.951 / Time: 0h:1m:29s (0h:2m:20s left)
Iteration 50 / LogL: -15192.483 / Time: 0h:1m:40s (0h:1m:44s left)
Log-likelihood cutoff on original alignment: -15224.116
Iteration 60 / LogL: -15192.166 / Time: 0h:1m:53s (0h:1m:18s left)
Iteration 70 / LogL: -15192.748 / Time: 0h:2m:6s (0h:0m:56s left)
Iteration 80 / LogL: -15190.863 / Time: 0h:2m:18s (0h:0m:36s left)
UPDATE BEST LOG-LIKELIHOOD: -15190.036
Iteration 90 / LogL: -15190.050 / Time: 0h:2m:31s (0h:0m:18s left)
Iteration 100 / LogL: -15192.467 / Time: 0h:2m:45s (0h:0m:1s left)
Log-likelihood cutoff on original alignment: -15224.686
NOTE: Bootstrap correlation coefficient of split occurrence frequencies: 0.999
TREE SEARCH COMPLETED AFTER 102 ITERATIONS / Time: 0h:2m:48s

--------------------------------------------------------------------
|                    FINALIZING TREE SEARCH                        |
--------------------------------------------------------------------
Performs final model parameters optimization
Estimate model parameters (epsilon = 0.010)
Initial log-likelihood: -15190.036
Current log-likelihood at step 1: -15189.939
Current log-likelihood at step 2: -15189.852
Current log-likelihood at step 3: -15189.772
Current log-likelihood at step 4: -15189.698
Current log-likelihood at step 5: -15189.630
Current log-likelihood at step 6: -15189.567
Current log-likelihood at step 7: -15189.509
Current log-likelihood at step 8: -15189.455
Current log-likelihood at step 9: -15189.404
Current log-likelihood at step 10: -15189.357
Current log-likelihood at step 11: -15189.314
Current log-likelihood at step 12: -15189.274
Current log-likelihood at step 13: -15189.236
Current log-likelihood at step 14: -15189.201
Current log-likelihood at step 15: -15189.169
Current log-likelihood at step 16: -15189.138
Current log-likelihood at step 17: -15189.110
Current log-likelihood at step 18: -15189.086
Current log-likelihood at step 19: -15189.064
Current log-likelihood at step 20: -15189.043
Current log-likelihood at step 21: -15189.022
Current log-likelihood at step 22: -15189.002
Current log-likelihood at step 23: -15188.984
Current log-likelihood at step 24: -15188.966
Current log-likelihood at step 25: -15188.949
Current log-likelihood at step 26: -15188.933
Current log-likelihood at step 27: -15188.917
Current log-likelihood at step 28: -15188.902
Current log-likelihood at step 29: -15188.887
Current log-likelihood at step 30: -15188.874
Current log-likelihood at step 31: -15188.860
Current log-likelihood at step 32: -15188.847
Current log-likelihood at step 33: -15188.835
Current log-likelihood at step 34: -15188.823
Current log-likelihood at step 35: -15188.812
Current log-likelihood at step 36: -15188.801
Current log-likelihood at step 37: -15188.790
Current log-likelihood at step 38: -15188.780
Current log-likelihood at step 39: -15188.770
Partition-specific rates:  0.220 2.955 0.128 0.721 1.974
Parameters optimization took 38 rounds (7.562 sec)


WARNING: Estimated model parameters are at boundary that can cause numerical instability!

BEST SCORE FOUND : -15188.770
Creating bootstrap support values...
Split supports printed to NEXUS file 4_set197.splits.nex
Total tree length: 0.631

Total number of iterations: 102
CPU time used for tree search: 56.393 sec (0h:0m:56s)
Wall-clock time used for tree search: 134.230 sec (0h:2m:14s)
Total CPU time used: 71.579 sec (0h:1m:11s)
Total wall-clock time used: 176.824 sec (0h:2m:56s)

Computing bootstrap consensus tree...
Reading input file 4_set197.splits.nex...
37 taxa and 199 splits.
Consensus tree written to 4_set197.contree
Reading input trees file 4_set197.contree
Log-likelihood of consensus tree: -15188.770

Analysis results written to: 
  IQ-TREE report:                4_set197.iqtree
  Maximum-likelihood tree:       4_set197.treefile
  Likelihood distances:          4_set197.mldist
  Best partitioning scheme:      4_set197.best_scheme.nex
           in RAxML format:      4_set197.best_scheme

Ultrafast bootstrap approximation results written to:
  Split support values:          4_set197.splits.nex
  Consensus tree:                4_set197.contree
  Screen log file:               4_set197.log

Date and Time: Fri Sep  7 23:37:35 2018
