IQ-TREE multicore version 1.6.7 for Mac OS X 64-bit built Aug 23 2018
Developed by Bui Quang Minh, Nguyen Lam Tung, Olga Chernomor,
Heiko Schmidt, Dominik Schrempf, Michael Woodhams.

Host:    meeps-mac-pro.staff.sydney.edu.au (AVX, 64 GB RAM)
Command: /Users/davidduchene/Desktop/Software/iqtree-1.6.7-MacOSX/bin/iqtree -s ../../../../marsupials/set82.fasta -m TESTMERGE -bb 1000 -spp ../../../../marsupials/set82.nex -nt AUTO -pre 4_set82
Seed:    81337 (Using SPRNG - Scalable Parallel Random Number Generator)
Time:    Fri Sep  7 03:19:09 2018
Kernel:  AVX - auto-detect threads (8 CPU cores detected)

Reading partition model file ../../../../marsupials/set82.nex ...
Reading alignment file ../../../../marsupials/set82.fasta ... Fasta format detected
Alignment most likely contains DNA/RNA sequences
WARNING: 1 sites contain only gaps or ambiguous characters.
Alignment has 37 sequences with 3888 columns, 1616 distinct patterns
959 parsimony-informative, 606 singleton sites, 2323 constant sites
                                              Gap/Ambiguity  Composition  p-value
   1  Burramyidae_Burramys_parvus                    22.27%    passed     72.01%
   2  Thylacomyidae_Macrotis_lagotis1                76.44%    failed      0.00%
   3  Notoryctidae_Notoryctes_typhlops                4.91%    passed     59.15%
   4  Thylacomyidae_Macrotis_lagotis2                76.44%    failed      0.00%
   5  Vombatidae_Lasiorhinus_latifrons                1.31%    passed     99.43%
   6  Potoroidae_Bettongia_penicillata                0.44%    passed     88.96%
   7  Potoroidae_Bettongia_lesueur                    0.33%    passed     84.28%
   8  Dasyuridae_Dasyurus_maculatus                   0.95%    passed     99.45%
   9  Phalangeridae_Trichosurus_vulpecula             5.04%    passed     91.30%
  10  Phalangeridae_Spilocuscus_maculatus             4.42%    passed     90.35%
  11  Potoroidae_Aepyprymnus_rufescens                0.28%    passed     91.22%
  12  Peramelidae_Perameles_nasuta                    0.85%    passed     93.94%
  13  Phalangeridae_Strigocuscus_pelengensis          2.60%    passed     99.57%
  14  Dasyuridae_Phascogale_tapoatafa                 0.85%    passed     96.51%
  15  Dasyuridae_Sminthopsis_macroura                 0.87%    passed     60.26%
  16  Phalangeridae_Phalanger_orientalis             22.89%    failed      1.43%
  17  Acrobatidae_Acrobates_pygmaeus                  1.93%    passed     97.99%
  18  Dasyuridae_Phascogale_calura                    2.98%    passed     96.66%
  19  Dasyuridae_Sarcophilus_harrisii                 0.85%    passed     99.49%
  20  Dasyuridae_Planigale_tenuirostris               3.70%    passed     99.16%
  21  Peramelidae_Echymipera_kalubu                   0.23%    passed     93.91%
  22  Macropodidae_Dorcopsulus_vanheurni              0.39%    passed     93.35%
  23  Pseudochiridae_Pseudochirulus_forbesi           2.83%    passed     95.88%
  24  Didelphidae_Didelphis_virginiana               28.91%    failed      0.11%
  25  Marmosidae_Monodelphis_domestica               27.73%    failed      0.12%
  26  Dasyuridae_Antechinus_stuartii                  3.99%    passed     94.07%
  27  Hypsiprymnodontidae_Hypsiprymnodon_moschatus    0.21%    passed     95.82%
  28  Microbiotheriidae_Dromiciops_gliroides          3.70%    passed     91.75%
  29  Pseudochiridae_Petauroides_volans               1.08%    passed     99.47%
  30  Macropodidae_Wallabia_bicolor                   0.59%    passed     80.12%
  31  Pseudochiridae_Pseudocheirus_occidentalis      30.63%    failed      0.41%
  32  Tarsipedidae_Tarsipes_rostratus                27.57%    failed      0.06%
  33  Acrobatidae_Distoechurus_pennatus               0.15%    passed     81.99%
  34  Phalangeridae_Phalanger_carmelitae             24.61%    failed      1.89%
  35  Peramelidae_Peroryctes_raffrayana               1.57%    passed     94.54%
  36  Dasyuridae_Dasyurus_geffroii                    0.90%    passed     99.94%
  37  Peramelidae_Perameles_gunnii                    0.59%    passed     94.16%
WARNING: 2 sequences contain more than 50% gaps/ambiguity
****  TOTAL                                          10.43%  8 sequences failed composition chi2 test (p-value<5%; df=3)
NOTE: No CharPartition defined, use all CharSets

Loading 15 partitions...
Subset	Type	Seqs	Sites	Infor	Invar	Model	Name
1		33	353	82	222	TESTMERGE	part1.1
2		33	353	74	220	TESTMERGE	part1.2
3		33	353	138	153	TESTMERGE	part1.3
4		33	240	9	211	TESTMERGE	part2.1
5		33	240	0	220	TESTMERGE	part2.2
WARNING: No parsimony-informative sites in partition part2.2
6		33	240	81	111	TESTMERGE	part2.3
7		34	241	37	177	TESTMERGE	part3.1
8		34	241	26	199	TESTMERGE	part3.2
9		34	241	96	107	TESTMERGE	part3.3
10		35	312	66	213	TESTMERGE	part4.1
11		35	312	48	232	TESTMERGE	part4.2
12		35	312	186	59	TESTMERGE	part4.3
13		35	150	24	80	TESTMERGE	part5.1
14		35	150	21	82	TESTMERGE	part5.2
15		35	150	71	37	TESTMERGE	part5.3
Degree of missing data: 0.084
Info: multi-threading strategy over partitions

NOTE: Thylacomyidae_Macrotis_lagotis2 is identical to Thylacomyidae_Macrotis_lagotis1 but kept for subsequent analysis


Create initial parsimony tree by phylogenetic likelihood library (PLL)... 0.043 seconds
NOTE: ModelFinder requires 15 MB RAM!
NUMBER OF THREADS FOR PARTITION FINDING: 8
Testing GTR+F+G on supermatrix...
GTR+F+G4 / LnL: -21736.311 / df: 80 / AIC: 43632.622 / AICc: 43636.026 / BIC: 44133.874
Selecting individual models for 15 charsets using BIC...
 No. Model        Score       Charset
   1 K2P+G4       3452.982    part3.3
   2 TNe+G4       2917.587    part4.1
   3 TPM3u+F+G4   3503.513    part1.1
   4 K2P+G4       3017.649    part5.3
   5 TN+F+G4      3454.210    part1.2
   6 HKY+F+G4     3117.689    part2.3
   7 HKY+F+G4     4911.813    part1.3
   8 K3P+G4       1937.239    part3.1
   9 TIM2e+G4     1226.776    part2.1
  10 K2P+G4       2349.376    part4.2	0h:0m:20s (0h:6m:57s left)
  11 TPM2u+F+G4   6525.091    part4.3	0h:0m:21s (0h:6m:24s left)
  12 TNe+I        1506.702    part3.2	0h:0m:21s (0h:6m:2s left)
  13 K2P+G4       1888.706    part5.1	0h:0m:22s (0h:5m:42s left)
  14 JC           993.078     part2.2	0h:0m:22s (0h:5m:20s left)
  15 TPM2u+F+G4   1846.829    part5.2	0h:0m:23s (0h:5m:5s left)
Full partition model BIC score: 43417.462 (LnL: -21130.136  df:140)
Merging models to increase model fit (about 211 total partition schemes)...
  16 TPM2+F+G4    43576.096   part4.1+part4.3	0h:0m:37s (0h:7m:34s left)
  17 K2P+G4       43437.510   part3.3+part4.3	0h:0m:38s (0h:7m:18s left)
  18 K2P+G4       43488.258   part2.3+part4.3	0h:0m:39s (0h:7m:5s left)
  19 TIM2e+G4     43393.644   part4.3+part5.3	0h:0m:39s (0h:6m:43s left)
  20 TIM2e+G4     43460.886   part4.3+part5.1	0h:0m:42s (0h:6m:42s left)
  21 K2P+G4       43467.432   part1.3+part4.3	0h:0m:45s (0h:6m:54s left)
  22 TN+F+G4      43545.335   part1.2+part4.3	0h:0m:46s (0h:6m:42s left)
  23 TIM2e+G4     43572.077   part1.1+part4.3	0h:0m:47s (0h:6m:24s left)
  24 TIM3+F+G4    43430.977   part1.1+part1.3	0h:0m:56s (0h:7m:21s left)
  25 TPM2u+F+G4   43636.920   part4.2+part4.3	0h:0m:58s (0h:7m:13s left)
  26 TN+F+G4      43452.512   part1.2+part1.3	0h:0m:58s (0h:6m:54s left)
  27 K2P+G4       43463.135   part4.3+part5.2	0h:1m:0s (0h:6m:50s left)
  28 TIM2e+G4     43581.673   part3.1+part4.3	0h:1m:3s (0h:6m:56s left)
  29 HKY+F+G4     43410.799   part1.3+part5.3	0h:1m:4s (0h:6m:43s left)
  30 TPM3u+F+G4   43404.715   part1.3+part3.3	0h:1m:5s (0h:6m:34s left)
  31 HKY+F+G4     43385.448   part1.3+part2.3	0h:1m:8s (0h:6m:35s left)
  32 TNe+G4       43498.870   part1.3+part4.1	0h:1m:10s (0h:6m:34s left)
  33 TN+F+G4      43385.886   part1.1+part1.2	0h:1m:12s (0h:6m:29s left)
  34 TN+F+G4      43425.025   part1.3+part5.1	0h:1m:16s (0h:6m:38s left)
  35 K2P+G4       43647.528   part3.2+part4.3	0h:1m:17s (0h:6m:28s left)
  36 TIM2e+G4     43696.813   part2.1+part4.3	0h:1m:18s (0h:6m:22s left)
  37 K2P+G4       43526.576   part1.3+part4.2	0h:1m:18s (0h:6m:9s left)
  38 TPM2+F+G4    43385.399   part1.3+part5.2	0h:1m:19s (0h:6m:4s left)
  39 TIM2e+G4     43775.016   part2.2+part4.3	0h:1m:21s (0h:5m:58s left)
  40 TIM3+F+G4    43438.879   part1.1+part3.3	0h:1m:25s (0h:6m:4s left)
  41 TN+F+G4      43496.520   part1.1+part5.3	0h:1m:26s (0h:5m:57s left)
  42 K2P+G4       43435.420   part1.2+part3.3	0h:1m:30s (0h:6m:5s left)
  43 HKY+F+G4     43499.349   part1.3+part3.1	0h:1m:32s (0h:6m:3s left)
  44 HKY+F+G4     43414.714   part1.1+part4.1	0h:1m:35s (0h:6m:2s left)
  45 K2P+G4       43486.710   part1.2+part5.3	0h:1m:35s (0h:5m:52s left)
  46 HKY+F+G4     43459.765   part1.2+part2.3	0h:1m:38s (0h:5m:52s left)
  47 TPM3+F+G4    43459.577   part1.1+part2.3	0h:1m:38s (0h:5m:43s left)
  48 TN+F+G4      43402.593   part1.1+part5.1	0h:1m:40s (0h:5m:40s left)
  49 K2P+G4       43415.781   part3.3+part5.3	0h:1m:42s (0h:5m:38s left)
  50 HKY+F+G4     43409.323   part1.2+part4.1	0h:1m:46s (0h:5m:44s left)
  51 HKY+F+G4     43405.459   part2.3+part3.3	0h:1m:50s (0h:5m:45s left)
  52 HKY+F+G4     43422.646   part1.1+part4.2	0h:1m:50s (0h:5m:37s left)
  53 K3Pu+F+G4    43390.335   part1.1+part5.2	0h:1m:51s (0h:5m:31s left)
  54 TPM2+F+G4    43426.925   part2.3+part5.3	0h:1m:52s (0h:5m:28s left)
  55 TIM3+F+G4    43417.449   part1.2+part5.1	0h:1m:53s (0h:5m:20s left)
  56 TPM2u+F+G4   43401.893   part1.2+part5.2	0h:1m:54s (0h:5m:17s left)
  57 HKY+F+G4     43501.548   part1.3+part3.2	0h:1m:57s (0h:5m:16s left)
  58 TN+F+G4      43559.646   part1.3+part2.1	0h:2m:0s (0h:5m:17s left)
  59 HKY+F+G4     43410.751   part1.2+part4.2	0h:2m:0s (0h:5m:10s left)
  60 TNe+G4       43445.809   part3.3+part4.1	0h:2m:2s (0h:5m:7s left)
  61 TIM2e+G4     43505.958   part4.1+part5.3	0h:2m:2s (0h:5m:1s left)
  62 TIM2e+G4     43429.281   part5.1+part5.3	0h:2m:5s (0h:5m:1s left)
  63 HKY+F+G4     43617.311   part1.3+part2.2	0h:2m:6s (0h:4m:56s left)
  64 K2P+G4       43408.352   part3.3+part5.1	0h:2m:8s (0h:4m:54s left)
  65 HKY+F+G4     43432.260   part5.2+part5.3	0h:2m:8s (0h:4m:47s left)
  66 TNe+G4       43472.764   part2.3+part4.1	0h:2m:12s (0h:4m:51s left)
  67 K3P+G4       43405.990   part3.3+part5.2	0h:2m:14s (0h:4m:49s left)
  68 K2P+G4       43535.616   part4.2+part5.3	0h:2m:16s (0h:4m:47s left)
  69 HKY+F+G4     43432.090   part2.3+part5.1	0h:2m:17s (0h:4m:43s left)
  70 K2P+G4       43467.830   part3.3+part4.2	0h:2m:18s (0h:4m:39s left)
  71 K2P+G4       43485.442   part2.3+part4.2	0h:2m:18s (0h:4m:34s left)
  72 K3Pu+F+G4    43411.565   part1.1+part3.1	0h:2m:21s (0h:4m:32s left)
  73 HKY+F+G4     43398.055   part2.3+part5.2	0h:2m:23s (0h:4m:31s left)
  74 TIM+F+G4     43426.282   part1.2+part3.1	0h:2m:26s (0h:4m:30s left)
  75 TIM2e+G4     43421.529   part4.1+part5.1	0h:2m:28s (0h:4m:29s left)
  76 K2P+G4       43396.065   part5.1+part5.2	0h:2m:29s (0h:4m:26s left)
  77 TNe+G4       43409.977   part4.1+part5.2	0h:2m:30s (0h:4m:21s left)
  78 TN+F+G4      43400.887   part4.1+part4.2	0h:2m:30s (0h:4m:16s left)
  79 TPM3u+F+G4   43430.489   part1.1+part3.2	0h:2m:32s (0h:4m:14s left)
  80 K2P+G4       43503.613   part3.1+part5.3	0h:2m:32s (0h:4m:9s left)
  81 K3Pu+F+G4    43451.711   part1.1+part2.1	0h:2m:35s (0h:4m:9s left)
  82 K3P+G4       43444.820   part3.1+part3.3	0h:2m:39s (0h:4m:10s left)
  83 K2P+G4       43424.193   part4.2+part5.1	0h:2m:41s (0h:4m:8s left)
  84 K2P+G4       43430.421   part4.2+part5.2	0h:2m:42s (0h:4m:6s left)
  85 HKY+F+G4     43440.250   part1.2+part3.2	0h:2m:43s (0h:4m:1s left)
  86 K2P+G4       43466.778   part2.3+part3.1	0h:2m:43s (0h:3m:58s left)
  87 TPM3u+F+G4   43512.557   part1.1+part2.2	0h:2m:45s (0h:3m:55s left)
  88 TN+F+G4      43461.245   part1.2+part2.1	0h:2m:45s (0h:3m:51s left)
  89 HKY+F+G4     43511.723   part1.2+part2.2	0h:2m:48s (0h:3m:50s left)
  90 K2P+G4       43479.947   part3.2+part3.3	0h:2m:51s (0h:3m:50s left)
  91 TIM2+F+G4    43405.792   part3.1+part4.1	0h:2m:52s (0h:3m:47s left)
  92 HKY+F+G4     43553.181   part3.2+part5.3	0h:2m:53s (0h:3m:44s left)
  93 K2P+G4       43519.568   part2.1+part3.3	0h:2m:54s (0h:3m:41s left)
  94 TIM2e+G4     43583.643   part2.1+part5.3	0h:2m:56s (0h:3m:39s left)
  95 HKY+F+G4     43471.032   part2.3+part3.2	0h:2m:57s (0h:3m:36s left)
  96 K2P+G4       43413.903   part3.1+part5.1	0h:2m:57s (0h:3m:32s left)
  97 K3P+G4       43414.134   part3.1+part5.2	0h:2m:58s (0h:3m:29s left)
  98 HKY+F+G4     43529.238   part2.1+part2.3	0h:3m:5s (0h:3m:33s left)
  99 K2P+G4       43576.617   part2.2+part3.3	0h:3m:7s (0h:3m:31s left)
 100 K2P+G4       43643.114   part2.2+part5.3	0h:3m:7s (0h:3m:28s left)
 101 K2P+G4       43392.582   part3.1+part4.2	0h:3m:7s (0h:3m:24s left)
 102 HKY+F+G4     43579.253   part2.2+part2.3	0h:3m:9s (0h:3m:22s left)
 103 TNe+G4       43405.375   part3.2+part4.1	0h:3m:11s (0h:3m:20s left)
 104 TIM2e+G4     43440.075   part2.1+part4.1	0h:3m:11s (0h:3m:16s left)
 105 K2P+G4       43440.289   part3.2+part5.1	0h:3m:11s (0h:3m:13s left)
 106 TNe+I        43397.597   part3.2+part4.2	0h:3m:15s (0h:3m:14s left)
 107 TIM2e+G4     43459.843   part2.1+part5.1	0h:3m:16s (0h:3m:10s left)
 108 K2P+G4       43408.247   part2.1+part4.2	0h:3m:16s (0h:3m:7s left)
 109 TNe+G4       43475.669   part2.2+part4.1	0h:3m:17s (0h:3m:5s left)
 110 K2P+G4       43508.306   part2.2+part5.1	0h:3m:18s (0h:3m:2s left)
 111 TIM2+F+G4    43436.498   part3.2+part5.2	0h:3m:20s (0h:3m:0s left)
 112 K3Pu+F+I+G4  43463.788   part2.1+part5.2	0h:3m:20s (0h:2m:57s left)
 113 K3Pu+F+I+G4  43513.192   part2.2+part5.2	0h:3m:21s (0h:2m:55s left)
 114 K2P+G4       43448.250   part2.2+part4.2	0h:3m:23s (0h:2m:52s left)
 115 K2P+G4       43412.661   part2.1+part2.2	0h:3m:24s (0h:2m:51s left)
 116 K2P+G4       43396.900   part3.1+part3.2	0h:3m:24s (0h:2m:47s left)
 117 K3P+G4       43452.247   part2.2+part3.1	0h:3m:24s (0h:2m:44s left)
 118 K3P+G4       43407.991   part2.1+part3.1	0h:3m:25s (0h:2m:41s left)
 119 K2P+I        43396.650   part2.1+part3.2	0h:3m:25s (0h:2m:38s left)
 120 K2P+I        43428.804   part2.2+part3.2	0h:3m:25s (0h:2m:35s left)
Merging part1.3+part5.2 with BIC score: 43385.399 (LnL: -21138.901  df: 134)
 121 TNe+G4       43477.728   part1.3+part4.1+part5.2	0h:3m:46s (0h:2m:48s left)
 122 TN+F+G4      43392.287   part1.3+part5.1+part5.2	0h:3m:49s (0h:2m:47s left)
 123 TPM2+F+G4    43415.467   part1.2+part1.3+part5.2	0h:3m:54s (0h:2m:47s left)
 124 TIM+F+G4     43398.897   part1.1+part1.3+part5.2	0h:3m:55s (0h:2m:44s left)
 125 K3Pu+F+G4    43376.769   part1.3+part3.3+part5.2	0h:3m:55s (0h:2m:42s left)
 126 HKY+F+G4     43389.793   part1.3+part5.2+part5.3	0h:3m:56s (0h:2m:39s left)
 127 HKY+F+G4     43482.171   part1.3+part4.3+part5.2	0h:3m:57s (0h:2m:36s left)
 128 K3Pu+F+G4    43361.004   part1.3+part2.3+part5.2	0h:3m:57s (0h:2m:34s left)
 129 HKY+F+G4     43497.568   part1.3+part4.2+part5.2	0h:4m:9s (0h:2m:38s left)
 130 K3Pu+F+G4    43463.854   part1.3+part3.1+part5.2	0h:4m:10s (0h:2m:36s left)
 131 HKY+F+G4     43578.575   part1.3+part2.2+part5.2	0h:4m:14s (0h:2m:35s left)
 132 K3Pu+F+G4    43519.908   part1.3+part2.1+part5.2	0h:4m:14s (0h:2m:32s left)
 133 TPM2u+F+G4   43464.380   part1.3+part3.2+part5.2	0h:4m:14s (0h:2m:29s left)
Merging part1.1+part1.2 with BIC score: 43353.823 (LnL: -21152.042  df: 127)
 134 HKY+F+G4     43362.015   part1.1+part1.2+part4.2	0h:4m:29s (0h:2m:34s left)
 135 TN+F+G4      43405.521   part1.1+part1.2+part2.1	0h:4m:29s (0h:2m:31s left)
 136 TIM+F+G4     43358.029   part1.1+part1.2+part3.1	0h:4m:31s (0h:2m:29s left)
 137 HKY+F+G4     43353.666   part1.1+part1.2+part4.1	0h:4m:32s (0h:2m:26s left)
 138 TN+F+G4      43344.715   part1.1+part1.2+part5.1	0h:4m:32s (0h:2m:24s left)
 139 TN+F+G4      43454.720   part1.1+part1.2+part5.3	0h:4m:38s (0h:2m:24s left)
 140 TN+F+G4      43549.697   part1.1+part1.2+part4.3	0h:4m:44s (0h:2m:24s left)
 141 HKY+F+G4     43386.021   part1.1+part1.2+part3.2	0h:4m:45s (0h:2m:21s left)
 142 HKY+F+G4     43466.859   part1.1+part1.2+part2.2	0h:4m:46s (0h:2m:19s left)
 143 TIM+F+G4     43396.383   part1.1+part1.2+part1.3+part5.2	0h:4m:47s (0h:2m:16s left)
 144 TIM+F+G4     43387.194   part1.1+part1.2+part3.3	0h:4m:49s (0h:2m:14s left)
 145 TN+F+G4      43418.065   part1.1+part1.2+part2.3	0h:4m:52s (0h:2m:12s left)
Merging part3.1+part4.2 with BIC score: 43328.942 (LnL: -21156.134  df: 123)
 146 K2P+G4       43311.173   part3.1+part3.2+part4.2	0h:5m:1s (0h:2m:14s left)
 147 K2P+G4       43325.895   part2.1+part3.1+part4.2	0h:5m:1s (0h:2m:11s left)
 148 TIM2+F+G4    43315.469   part3.1+part4.1+part4.2	0h:5m:5s (0h:2m:10s left)
 149 K2P+G4       43338.621   part3.1+part4.2+part5.1	0h:5m:6s (0h:2m:7s left)
 150 K2P+G4       43472.917   part3.1+part4.2+part5.3	0h:5m:8s (0h:2m:5s left)
 151 K2P+G4       43369.920   part2.2+part3.1+part4.2	0h:5m:11s (0h:2m:3s left)
 152 TIM2+F+G4    43620.122   part3.1+part4.2+part4.3	0h:5m:13s (0h:2m:1s left)
 153 HKY+F+G4     43354.818   part1.1+part1.2+part3.1+part4.2	0h:5m:13s (0h:1m:59s left)
 154 HKY+F+G4     43484.968   part1.3+part3.1+part4.2+part5.2	0h:5m:13s (0h:1m:56s left)
 155 K2P+G4       43393.066   part3.1+part3.3+part4.2	0h:5m:14s (0h:1m:53s left)
 156 K2P+G4       43406.726   part2.3+part3.1+part4.2	0h:5m:16s (0h:1m:51s left)
Merging part1.3+part2.3+part5.2 with BIC score: 43304.548 (LnL: -21168.733  df: 117)
 157 HKY+F+G4     43427.480   part1.3+part2.3+part4.1+part5.2	0h:5m:42s (0h:1m:57s left)
 158 K3Pu+F+G4    43458.418   part1.3+part2.1+part2.3+part5.2	0h:5m:42s (0h:1m:54s left)
 159 HKY+F+G4     43313.422   part1.3+part2.3+part5.1+part5.2	0h:5m:43s (0h:1m:52s left)
 160 HKY+F+G4     43390.947   part1.3+part2.3+part3.2+part5.2	0h:5m:46s (0h:1m:50s left)
 161 K3Pu+F+G4    43293.302   part1.3+part2.3+part3.3+part5.2	0h:5m:48s (0h:1m:48s left)
 162 HKY+F+G4     43308.366   part1.3+part2.3+part5.2+part5.3	0h:5m:48s (0h:1m:45s left)
 163 TIM+F+G4     43391.114   part1.1+part1.2+part1.3+part2.3+part5.2	0h:5m:53s (0h:1m:43s left)
 164 HKY+F+G4     43421.081   part1.3+part2.3+part4.3+part5.2	0h:5m:53s (0h:1m:41s left)
 165 HKY+F+G4     43517.956   part1.3+part2.2+part2.3+part5.2	0h:6m:4s (0h:1m:41s left)
 166 HKY+F+G4     43499.573   part1.3+part2.3+part3.1+part4.2+part5.2	0h:6m:7s (0h:1m:39s left)
Merging part4.3+part5.3 with BIC score: 43280.729 (LnL: -21177.488  df: 112)
 167 TIM2e+G4     43665.137   part2.2+part4.3+part5.3	0h:6m:28s (0h:1m:42s left)
 168 TIM2e+G4     43537.822   part3.2+part4.3+part5.3	0h:6m:29s (0h:1m:39s left)
 169 TIM2e+G4     43582.568   part2.1+part4.3+part5.3	0h:6m:30s (0h:1m:37s left)
 170 TIM2e+G4     43471.795   part4.1+part4.3+part5.3	0h:6m:32s (0h:1m:34s left)
 171 K2P+G4       43306.975   part3.3+part4.3+part5.3	0h:6m:32s (0h:1m:31s left)
 172 TIM2e+G4     43319.286   part4.3+part5.1+part5.3	0h:6m:34s (0h:1m:29s left)
 173 TIM2+F+G4    43541.517   part1.1+part1.2+part4.3+part5.3	0h:6m:41s (0h:1m:28s left)
 174 TIM2e+G4     43615.467   part3.1+part4.2+part4.3+part5.3	0h:6m:47s (0h:1m:26s left)
 175 HKY+F+G4     43409.269   part1.3+part2.3+part4.3+part5.2+part5.3	0h:6m:50s (0h:1m:24s left)
Merging part2.1+part3.2 with BIC score: 43259.917 (LnL: -21191.879  df: 106)
 176 HKY+F+G4     43269.479   part2.1+part2.2+part3.2	0h:6m:56s (0h:1m:22s left)
 177 TNe+G4       43279.017   part2.1+part3.2+part4.1	0h:6m:59s (0h:1m:20s left)
 178 K2P+G4       43308.099   part2.1+part3.2+part5.1	0h:6m:59s (0h:1m:17s left)
 179 K2P+G4       43256.226   part2.1+part3.1+part3.2+part4.2	0h:7m:1s (0h:1m:15s left)
 180 HKY+F+G4     43391.387   part2.1+part3.2+part3.3	0h:7m:2s (0h:1m:12s left)
 181 HKY+F+G4     43339.368   part1.1+part1.2+part2.1+part3.2	0h:7m:6s (0h:1m:10s left)
 182 TIM2e+G4     43703.528   part2.1+part3.2+part4.3+part5.3	0h:7m:10s (0h:1m:8s left)
 183 HKY+F+G4     43468.056   part1.3+part2.1+part2.3+part3.2+part5.2	0h:7m:14s (0h:1m:6s left)
Merging part3.1+part4.1+part4.2 with BIC score: 43246.443 (LnL: -21181.009  df: 107)
 184 TNe+G4       43299.919   part2.2+part3.1+part4.1+part4.2	0h:7m:27s (0h:1m:5s left)
 185 TNe+G4       43258.674   part2.1+part3.1+part3.2+part4.1+part4.2	0h:7m:28s (0h:1m:2s left)
 186 TNe+G4       43311.705   part3.1+part3.3+part4.1+part4.2	0h:7m:30s (0h:1m:0s left)
 187 TPM2+F+G4    43255.696   part3.1+part4.1+part4.2+part5.1	0h:7m:32s (0h:0m:58s left)
 188 HKY+F+G4     43261.410   part1.1+part1.2+part3.1+part4.1+part4.2	0h:7m:37s (0h:0m:55s left)
 189 TNe+G4       43467.973   part1.3+part2.3+part3.1+part4.1+part4.2+part5.2	0h:7m:39s (0h:0m:53s left)
 190 TPM2+F+G4    43628.226   part3.1+part4.1+part4.2+part4.3+part5.3	0h:7m:39s (0h:0m:50s left)
Merging part1.3+part2.3+part3.3+part5.2 with BIC score: 43235.197 (LnL: -21187.785  df: 104)
 191 TNe+G4       43470.673   part1.3+part2.3+part3.1+part3.3+part4.1+part4.2+part5.2	0h:8m:14s (0h:0m:51s left)
 192 K3Pu+F+G4    43457.766   part1.3+part2.2+part2.3+part3.3+part5.2	0h:8m:16s (0h:0m:49s left)
 193 HKY+F+G4     43460.870   part1.3+part2.1+part2.3+part3.2+part3.3+part5.2	0h:8m:18s (0h:0m:46s left)
 194 HKY+F+G4     43240.133   part1.3+part2.3+part3.3+part5.1+part5.2	0h:8m:18s (0h:0m:43s left)
 195 TIM+F+G4     43325.165   part1.1+part1.2+part1.3+part2.3+part3.3+part5.2	0h:8m:25s (0h:0m:41s left)
 196 HKY+F+G4     43362.918   part1.3+part2.3+part3.3+part4.3+part5.2+part5.3	0h:8m:31s (0h:0m:39s left)
Merging part1.1+part1.2+part5.1 with BIC score: 43226.090 (LnL: -21195.630  df: 101)
 197 TN+F+G4      43352.341   part1.1+part1.2+part2.2+part5.1	0h:8m:46s (0h:0m:37s left)
 198 TN+F+G4      43320.496   part1.1+part1.2+part2.1+part3.2+part5.1	0h:8m:48s (0h:0m:34s left)
 199 HKY+F+G4     43257.492   part1.1+part1.2+part3.1+part4.1+part4.2+part5.1	0h:8m:56s (0h:0m:32s left)
 200 TIM2+F+G4    43486.465   part1.1+part1.2+part4.3+part5.1+part5.3	0h:9m:3s (0h:0m:29s left)
 201 TIM+F+G4     43313.570   part1.1+part1.2+part1.3+part2.3+part3.3+part5.1+part5.2	0h:9m:7s (0h:0m:27s left)
BEST-FIT PARTITION MODEL: 
  charpartition BIC = TN+F+G4: part1.1 part1.2 part5.1, K3Pu+F+G4: part1.3 part2.3 part3.3 part5.2, K2P+I: part2.1 part3.2, JC: part2.2, TIM2+F+G4: part3.1 part4.1 part4.2, TIM2e+G4: part4.3 part5.3;
Agglomerative model selection: (((part1.1,part1.2)2:43353.8,part5.1)9:43226.1,(((part1.3,part5.2)1:43385.4,part2.3)4:43304.5,part3.3)8:43235.2,(part2.1,part3.2)6:43259.9,part2.2,((part3.1,part4.2)3:43328.9,part4.1)7:43246.4,(part4.3,part5.3)5:43280.7)
Merging into 6 partitions...
Partition information was printed to 4_set82.best_scheme.nex
Partition information in Raxml format was printed to 4_set82.best_scheme

All model information printed to 4_set82.model.gz
CPU time for ModelFinder: 610.374 seconds (0h:10m:10s)
Wall-clock time for ModelFinder: 548.896 seconds (0h:9m:8s)
Generating 1000 samples for ultrafast bootstrap (seed: 81337)...

NOTE: 14 MB RAM (0 GB) is required!
Measuring multi-threading efficiency up to 8 CPU cores
Increase to 10 rounds for branch lengths
11 trees examined
Threads: 1 / Time: 8.446 sec / Speedup: 1.000 / Efficiency: 100% / LogL: -33146
Threads: 2 / Time: 16.643 sec / Speedup: 0.507 / Efficiency: 25% / LogL: -33146
BEST NUMBER OF THREADS: 1

Estimate model parameters (epsilon = 0.100)
Initial log-likelihood: -22657.102
Current log-likelihood at step 1: -21342.543
Current log-likelihood at step 2: -21210.000
Current log-likelihood at step 3: -21208.257
Current log-likelihood at step 4: -21206.750
Current log-likelihood at step 5: -21205.136
Current log-likelihood at step 6: -21203.414
Current log-likelihood at step 7: -21201.598
Current log-likelihood at step 8: -21194.941
Current log-likelihood at step 9: -21194.941
Partition-specific rates:  0.913 1.356 0.255 0.097 0.559 2.472
Parameters optimization took 8 rounds (4.579 sec)

Computing ML distances based on estimated model parameters... 0.068 sec
WARNING: Some pairwise ML distances are too long (saturated)
Computing BIONJ tree...
0.004 seconds
Log-likelihood of BIONJ tree: -21215.270
--------------------------------------------------------------------
|             INITIALIZING CANDIDATE TREE SET                      |
--------------------------------------------------------------------
Generating 98 parsimony trees... 5.909 second
Computing log-likelihood of 98 initial trees ... 22.444 seconds
Current best score: -21194.941

Do NNI search on 20 best initial trees
Estimate model parameters (epsilon = 0.100)
Initial log-likelihood: -21187.617
Current log-likelihood at step 1: -21187.556
Parameters optimization took 0 rounds (0.490 sec)

BETTER TREE FOUND at iteration 1: -21187.556
Estimate model parameters (epsilon = 0.100)
Initial log-likelihood: -21187.534
Current log-likelihood at step 1: -21187.510
Parameters optimization took 0 rounds (0.362 sec)

UPDATE BEST LOG-LIKELIHOOD: -21187.510
Iteration 10 / LogL: -21188.195 / Time: 0h:1m:19s
Iteration 20 / LogL: -21187.586 / Time: 0h:1m:48s
Finish initializing candidate tree set (3)
Current best tree score: -21187.510 / CPU time: 78.195
Number of iterations: 20
--------------------------------------------------------------------
|               OPTIMIZING CANDIDATE TREE SET                      |
--------------------------------------------------------------------
Iteration 30 / LogL: -21188.138 / Time: 0h:2m:15s (0h:5m:31s left)
Iteration 40 / LogL: -21187.635 / Time: 0h:2m:45s (0h:4m:18s left)
Iteration 50 / LogL: -21187.591 / Time: 0h:3m:14s (0h:3m:22s left)
Log-likelihood cutoff on original alignment: -21217.202
Iteration 60 / LogL: -21338.914 / Time: 0h:3m:43s (0h:2m:35s left)
Iteration 70 / LogL: -21188.201 / Time: 0h:4m:10s (0h:1m:52s left)
Iteration 80 / LogL: -21187.517 / Time: 0h:4m:33s (0h:1m:12s left)
Iteration 90 / LogL: -21188.201 / Time: 0h:5m:5s (0h:0m:37s left)
Iteration 100 / LogL: -21187.593 / Time: 0h:5m:28s (0h:0m:3s left)
Log-likelihood cutoff on original alignment: -21217.202
NOTE: Bootstrap correlation coefficient of split occurrence frequencies: 0.999
TREE SEARCH COMPLETED AFTER 102 ITERATIONS / Time: 0h:5m:34s

--------------------------------------------------------------------
|                    FINALIZING TREE SEARCH                        |
--------------------------------------------------------------------
Performs final model parameters optimization
Estimate model parameters (epsilon = 0.010)
Initial log-likelihood: -21187.510
Current log-likelihood at step 1: -21187.509
Partition-specific rates:  0.915 1.355 0.251 0.098 0.558 2.477
Parameters optimization took 0 rounds (0.369 sec)

BEST SCORE FOUND : -21187.509
Creating bootstrap support values...
Split supports printed to NEXUS file 4_set82.splits.nex
Total tree length: 0.911

Total number of iterations: 102
CPU time used for tree search: 94.046 sec (0h:1m:34s)
Wall-clock time used for tree search: 303.878 sec (0h:5m:3s)
Total CPU time used: 103.009 sec (0h:1m:43s)
Total wall-clock time used: 335.495 sec (0h:5m:35s)

Computing bootstrap consensus tree...
Reading input file 4_set82.splits.nex...
37 taxa and 109 splits.
Consensus tree written to 4_set82.contree
Reading input trees file 4_set82.contree
Log-likelihood of consensus tree: -21188.846

Analysis results written to: 
  IQ-TREE report:                4_set82.iqtree
  Maximum-likelihood tree:       4_set82.treefile
  Likelihood distances:          4_set82.mldist
  Best partitioning scheme:      4_set82.best_scheme.nex
           in RAxML format:      4_set82.best_scheme

Ultrafast bootstrap approximation results written to:
  Split support values:          4_set82.splits.nex
  Consensus tree:                4_set82.contree
  Screen log file:               4_set82.log

Date and Time: Fri Sep  7 03:33:54 2018
