IQ-TREE multicore version 1.6.3 for Mac OS X 64-bit built Mar 22 2018
Developed by Bui Quang Minh, Nguyen Lam Tung, Olga Chernomor,
Heiko Schmidt, Dominik Schrempf, Michael Woodhams.

Host:    meeps-mac-pro.staff.sydney.edu.au (AVX, 64 GB RAM)
Command: /Users/davidduchene/Desktop/Software/iqtree-1.6.3-MacOSX/bin/iqtree -s ../../../../marsupials/set147.fasta -m TEST -bb 1000 -nt AUTO -pre 1_set147
Seed:    410708 (Using SPRNG - Scalable Parallel Random Number Generator)
Time:    Fri Jul 27 16:48:03 2018
Kernel:  AVX - auto-detect threads (8 CPU cores detected)

Reading alignment file ../../../../marsupials/set147.fasta ... Fasta format detected
Alignment most likely contains DNA/RNA sequences
Alignment has 35 sequences with 2421 columns, 1066 distinct patterns
697 parsimony-informative, 306 singleton sites, 1418 constant sites
                                              Gap/Ambiguity  Composition  p-value
   1  Burramyidae_Burramys_parvus                     1.32%    passed     94.99%
   2  Notoryctidae_Notoryctes_typhlops                3.72%    passed     63.87%
   3  Vombatidae_Lasiorhinus_latifrons                0.25%    passed     97.33%
   4  Potoroidae_Bettongia_penicillata                0.21%    passed     96.97%
   5  Potoroidae_Bettongia_lesueur                    3.84%    passed     96.64%
   6  Dasyuridae_Dasyurus_maculatus                   5.16%    passed     76.42%
   7  Phalangeridae_Trichosurus_vulpecula             1.03%    passed     29.25%
   8  Phalangeridae_Spilocuscus_maculatus             0.33%    failed      3.98%
   9  Potoroidae_Aepyprymnus_rufescens                0.21%    passed     99.61%
  10  Peramelidae_Perameles_nasuta                    3.22%    passed     74.53%
  11  Phalangeridae_Strigocuscus_pelengensis         15.08%    passed     13.79%
  12  Dasyuridae_Phascogale_tapoatafa                 0.91%    passed     64.14%
  13  Dasyuridae_Sminthopsis_macroura                 1.32%    passed     93.00%
  14  Phalangeridae_Phalanger_orientalis              0.45%    passed     11.90%
  15  Acrobatidae_Acrobates_pygmaeus                 49.86%    failed      2.92%
  16  Dasyuridae_Phascogale_calura                    1.24%    passed     64.45%
  17  Dasyuridae_Sarcophilus_harrisii                 0.70%    passed     70.91%
  18  Dasyuridae_Planigale_tenuirostris               5.58%    passed     90.55%
  19  Peramelidae_Echymipera_kalubu                   1.36%    passed     72.97%
  20  Macropodidae_Dorcopsulus_vanheurni              0.37%    passed     98.56%
  21  Pseudochiridae_Pseudochirulus_forbesi           0.50%    passed     79.06%
  22  Didelphidae_Didelphis_virginiana                2.48%    passed     86.64%
  23  Marmosidae_Monodelphis_domestica               49.61%    failed      0.18%
  24  Dasyuridae_Antechinus_stuartii                  1.12%    passed     75.63%
  25  Hypsiprymnodontidae_Hypsiprymnodon_moschatus    0.12%    passed     99.28%
  26  Microbiotheriidae_Dromiciops_gliroides          0.95%    passed     89.37%
  27  Pseudochiridae_Petauroides_volans               2.56%    passed     80.50%
  28  Macropodidae_Wallabia_bicolor                   0.29%    passed     98.30%
  29  Pseudochiridae_Pseudocheirus_occidentalis       1.94%    passed     74.21%
  30  Tarsipedidae_Tarsipes_rostratus                 0.99%    passed     96.00%
  31  Acrobatidae_Distoechurus_pennatus               0.50%    passed     99.50%
  32  Phalangeridae_Phalanger_carmelitae              2.44%    passed      6.91%
  33  Peramelidae_Peroryctes_raffrayana              12.47%    passed     72.50%
  34  Dasyuridae_Dasyurus_geffroii                    0.91%    passed     79.24%
  35  Peramelidae_Perameles_gunnii                    1.53%    passed     86.60%
****  TOTAL                                           4.99%  3 sequences failed composition chi2 test (p-value<5%; df=3)


Create initial parsimony tree by phylogenetic likelihood library (PLL)... 0.003 seconds
NOTE: ModelFinder requires 8 MB RAM!
ModelFinder will test 88 DNA models (sample size: 2421) ...
 No. Model         -LnL         df  AIC          AICc         BIC
Measuring multi-threading efficiency up to 8 CPU cores
Increase to 10 rounds for branch lengths
452 trees examined
Threads: 1 / Time: 8.004 sec / Speedup: 1.000 / Efficiency: 100% / LogL: -26497
Threads: 2 / Time: 5.742 sec / Speedup: 1.394 / Efficiency: 70% / LogL: -26497
Threads: 3 / Time: 6.519 sec / Speedup: 1.228 / Efficiency: 41% / LogL: -26497
BEST NUMBER OF THREADS: 2

  1  JC            16337.059    67  32808.117    32811.990    33196.177
  2  JC+I          15808.273    68  31752.545    31756.535    32146.397
  3  JC+G4         15713.830    68  31563.659    31567.649    31957.511
  4  JC+I+G4       15705.478    69  31548.957    31553.066    31948.600
  5  F81+F         16340.619    70  32821.238    32825.467    33226.673
  6  F81+F+I       15811.480    71  31764.960    31769.312    32176.187
  7  F81+F+G4      15716.979    71  31575.959    31580.311    31987.186
  8  F81+F+I+G4    15708.509    72  31561.019    31565.496    31978.038
  9  K2P           15727.166    68  31590.332    31594.322    31984.184
 10  K2P+I         15179.043    69  30496.085    30500.194    30895.729
 11  K2P+G4        15075.362    69  30288.723    30292.832    30688.367
 12  K2P+I+G4      15065.382    70  30270.764    30274.994    30676.200
 13  HKY+F         15730.219    71  31602.439    31606.791    32013.666
 14  HKY+F+I       15179.742    72  30503.484    30507.961    30920.504
 15  HKY+F+G4      15075.894    72  30295.788    30300.265    30712.807
 16  HKY+F+I+G4    15065.628    73  30277.255    30281.858    30700.066
 17  TNe           15719.406    69  31576.813    31580.922    31976.456
 18  TNe+I         15176.853    70  30493.707    30497.937    30899.142
 19  TNe+G4        15072.840    70  30285.679    30289.909    30691.115
 20  TNe+I+G4      15063.122    71  30268.244    30272.596    30679.471
 21  TN+F          15720.257    72  31584.515    31588.992    32001.534
 22  TN+F+I        15176.174    73  30498.347    30502.950    30921.158
 23  TN+F+G4       15071.979    73  30289.957    30294.561    30712.769
 24  TN+F+I+G4     15062.032    74  30272.064    30276.795    30700.667
 25  K3P           15724.706    69  31587.412    31591.521    31987.055
 26  K3P+I         15176.675    70  30493.349    30497.579    30898.785
 27  K3P+G4        15073.263    70  30286.526    30290.756    30691.961
 28  K3P+I+G4      15063.287    71  30268.575    30272.927    30679.802
 29  K3Pu+F        15727.795    72  31599.590    31604.067    32016.609
 30  K3Pu+F+I      15177.418    73  30500.837    30505.440    30923.648
 31  K3Pu+F+G4     15073.845    73  30293.689    30298.292    30716.500
 32  K3Pu+F+I+G4   15063.588    74  30275.176    30279.908    30703.780
 33  TPM2+F        15728.326    72  31600.652    31605.129    32017.671
 34  TPM2+F+I      15176.926    73  30499.852    30504.455    30922.663
 35  TPM2+F+G4     15073.317    73  30292.635    30297.238    30715.446
 36  TPM2+F+I+G4   15063.191    74  30274.383    30279.114    30702.986
 37  TPM2u+F       15728.326    72  31600.652    31605.129    32017.671
 38  TPM2u+F+I     15176.926    73  30499.852    30504.455    30922.663
 39  TPM2u+F+G4    15073.317    73  30292.634    30297.238    30715.446
 40  TPM2u+F+I+G4  15063.191    74  30274.383    30279.114    30702.986
 41  TPM3+F        15728.746    72  31601.493    31605.970    32018.512
 42  TPM3+F+I      15179.408    73  30504.816    30509.419    30927.627
 43  TPM3+F+G4     15075.400    73  30296.799    30301.403    30719.611
 44  TPM3+F+I+G4   15065.206    74  30278.411    30283.143    30707.014
 45  TPM3u+F       15728.747    72  31601.493    31605.970    32018.512
 46  TPM3u+F+I     15179.408    73  30504.816    30509.419    30927.627
 47  TPM3u+F+G4    15075.400    73  30296.800    30301.403    30719.611
 48  TPM3u+F+I+G4  15065.205    74  30278.410    30283.142    30707.014
 49  TIMe          15716.945    70  31573.891    31578.120    31979.326
 50  TIMe+I        15174.490    71  30490.980    30495.333    30902.208
 51  TIMe+G4       15070.737    71  30283.475    30287.827    30694.702
 52  TIMe+I+G4     15061.024    72  30266.049    30270.526    30683.068
 53  TIM+F         15717.832    73  31581.663    31586.267    32004.475
 54  TIM+F+I       15173.852    74  30495.703    30500.435    30924.306
 55  TIM+F+G4      15069.922    74  30287.843    30292.575    30716.447
 56  TIM+F+I+G4    15059.986    75  30269.971    30274.832    30704.366
 57  TIM2e         15717.145    70  31574.289    31578.519    31979.725
 58  TIM2e+I       15173.469    71  30488.937    30493.290    30900.165
 59  TIM2e+G4      15069.533    71  30281.065    30285.418    30692.293
 60  TIM2e+I+G4    15059.970    72  30263.939    30268.416    30680.958
 61  TIM2+F        15718.367    73  31582.733    31587.336    32005.544
 62  TIM2+F+I      15173.370    74  30494.739    30499.471    30923.342
 63  TIM2+F+G4     15069.330    74  30286.660    30291.391    30715.263
 64  TIM2+F+I+G4   15059.530    75  30269.060    30273.921    30703.455
 65  TIM3e         15717.108    70  31574.217    31578.447    31979.652
 66  TIM3e+I       15176.012    71  30494.023    30498.376    30905.251
 67  TIM3e+G4      15071.544    71  30285.088    30289.440    30696.315
 68  TIM3e+I+G4    15061.937    72  30267.874    30272.351    30684.893
 69  TIM3+F        15718.786    73  31583.571    31588.175    32006.383
 70  TIM3+F+I      15175.848    74  30499.695    30504.427    30928.298
 71  TIM3+F+G4     15071.462    74  30290.924    30295.656    30719.527
 72  TIM3+F+I+G4   15061.590    75  30273.180    30278.041    30707.575
 73  TVMe          15720.589    71  31583.178    31587.530    31994.405
 74  TVMe+I        15172.919    72  30489.837    30494.314    30906.857
 75  TVMe+G4       15069.220    72  30282.439    30286.916    30699.459
 76  TVMe+I+G4     15059.496    73  30264.992    30269.595    30687.803
 77  TVM+F         15724.857    74  31597.714    31602.445    32026.317
 78  TVM+F+I       15174.733    75  30499.466    30504.328    30933.861
 79  TVM+F+G4      15071.205    75  30292.410    30297.271    30726.805
 80  TVM+F+I+G4    15061.148    76  30274.295    30279.288    30714.482
 81  SYM           15712.831    72  31569.662    31574.139    31986.681
 82  SYM+I         15170.751    73  30487.503    30492.106    30910.314
 83  SYM+G4        15066.592    73  30279.185    30283.788    30701.996
 84  SYM+I+G4      15057.136    74  30262.272    30267.003    30690.875
 85  GTR+F         15714.896    75  31579.792    31584.653    32014.187
 86  GTR+F+I       15171.183    76  30494.366    30499.360    30934.554
 87  GTR+F+G4      15067.189    76  30286.379    30291.372    30726.566
 88  GTR+F+I+G4    15057.459    77  30268.918    30274.045    30714.897
Akaike Information Criterion:           SYM+I+G4
Corrected Akaike Information Criterion: SYM+I+G4
Bayesian Information Criterion:         K2P+I+G4
Best-fit model: K2P+I+G4 chosen according to BIC

All model information printed to 1_set147.model.gz
CPU time for ModelFinder: 49.400 seconds (0h:0m:49s)
Wall-clock time for ModelFinder: 24.827 seconds (0h:0m:24s)
Generating 1000 samples for ultrafast bootstrap (seed: 410708)...

NOTE: 8 MB RAM (0 GB) is required!
Measuring multi-threading efficiency up to 8 CPU cores
Increase to 10 rounds for branch lengths
86 trees examined
Threads: 1 / Time: 8.086 sec / Speedup: 1.000 / Efficiency: 100% / LogL: -22820
Threads: 2 / Time: 5.393 sec / Speedup: 1.499 / Efficiency: 75% / LogL: -22820
Threads: 3 / Time: 4.195 sec / Speedup: 1.928 / Efficiency: 64% / LogL: -22820
Threads: 4 / Time: 4.276 sec / Speedup: 1.891 / Efficiency: 47% / LogL: -22820
BEST NUMBER OF THREADS: 3

Estimate model parameters (epsilon = 0.100)
Thoroughly optimizing +I+G parameters from 10 start values...
Init pinv, alpha: 0.000, 1.000 / Estimate: 0.000, 0.391 / LogL: -15075.361
Init pinv, alpha: 0.065, 1.000 / Estimate: 0.069, 0.445 / LogL: -15071.866
Init pinv, alpha: 0.130, 1.000 / Estimate: 0.136, 0.513 / LogL: -15068.946
Init pinv, alpha: 0.195, 1.000 / Estimate: 0.202, 0.602 / LogL: -15066.755
Init pinv, alpha: 0.260, 1.000 / Estimate: 0.265, 0.719 / LogL: -15065.534
Init pinv, alpha: 0.325, 1.000 / Estimate: 0.324, 0.877 / LogL: -15065.610
Init pinv, alpha: 0.390, 1.000 / Estimate: 0.348, 0.964 / LogL: -15066.184
Init pinv, alpha: 0.456, 1.000 / Estimate: 0.349, 0.965 / LogL: -15066.191
Init pinv, alpha: 0.521, 1.000 / Estimate: 0.349, 0.968 / LogL: -15066.217
Init pinv, alpha: 0.586, 1.000 / Estimate: 0.349, 0.968 / LogL: -15066.214
Optimal pinv,alpha: 0.265, 0.719 / LogL: -15065.534

Parameters optimization took 2.214 sec
Computing ML distances based on estimated model parameters... 0.027 sec
Computing BIONJ tree...
0.002 seconds
Log-likelihood of BIONJ tree: -15105.875
--------------------------------------------------------------------
|             INITIALIZING CANDIDATE TREE SET                      |
--------------------------------------------------------------------
Generating 98 parsimony trees... 0.567 second
Computing log-likelihood of 98 initial trees ... 1.249 seconds
Current best score: -15060.875

Do NNI search on 20 best initial trees
Estimate model parameters (epsilon = 0.100)
BETTER TREE FOUND at iteration 1: -15056.559
Estimate model parameters (epsilon = 0.100)
BETTER TREE FOUND at iteration 4: -15056.460
Iteration 10 / LogL: -15056.472 / Time: 0h:0m:52s
Iteration 20 / LogL: -15056.554 / Time: 0h:0m:54s
Finish initializing candidate tree set (6)
Current best tree score: -15056.460 / CPU time: 5.171
Number of iterations: 20
--------------------------------------------------------------------
|               OPTIMIZING CANDIDATE TREE SET                      |
--------------------------------------------------------------------
Iteration 30 / LogL: -15060.142 / Time: 0h:0m:55s (0h:1m:18s left)
Iteration 40 / LogL: -15056.557 / Time: 0h:0m:57s (0h:0m:53s left)
Iteration 50 / LogL: -15056.557 / Time: 0h:0m:58s (0h:0m:37s left)
Log-likelihood cutoff on original alignment: -15099.787
Iteration 60 / LogL: -15057.730 / Time: 0h:1m:0s (0h:0m:26s left)
Iteration 70 / LogL: -15057.303 / Time: 0h:1m:1s (0h:0m:18s left)
Iteration 80 / LogL: -15056.562 / Time: 0h:1m:3s (0h:0m:11s left)
Iteration 90 / LogL: -15056.567 / Time: 0h:1m:4s (0h:0m:6s left)
Iteration 100 / LogL: -15056.850 / Time: 0h:1m:6s (0h:0m:1s left)
Log-likelihood cutoff on original alignment: -15099.787
NOTE: Bootstrap correlation coefficient of split occurrence frequencies: 1.000
TREE SEARCH COMPLETED AFTER 105 ITERATIONS / Time: 0h:1m:6s

--------------------------------------------------------------------
|                    FINALIZING TREE SEARCH                        |
--------------------------------------------------------------------
Performs final model parameters optimization
Estimate model parameters (epsilon = 0.010)
1. Initial log-likelihood: -15056.460
Optimal log-likelihood: -15056.453
Rate parameters:  A-C: 1.00000  A-G: 5.15722  A-T: 1.00000  C-G: 1.00000  C-T: 5.15722  G-T: 1.00000
Base frequencies:  A: 0.250  C: 0.250  G: 0.250  T: 0.250
Proportion of invariable sites: 0.267
Gamma shape alpha: 0.722
Parameters optimization took 1 rounds (0.021 sec)
BEST SCORE FOUND : -15056.453
Creating bootstrap support values...
Split supports printed to NEXUS file 1_set147.splits.nex
Total tree length: 1.142

Total number of iterations: 105
CPU time used for tree search: 49.321 sec (0h:0m:49s)
Wall-clock time used for tree search: 17.828 sec (0h:0m:17s)
Total CPU time used: 150.633 sec (0h:2m:30s)
Total wall-clock time used: 67.142 sec (0h:1m:7s)

Computing bootstrap consensus tree...
Reading input file 1_set147.splits.nex...
35 taxa and 127 splits.
Consensus tree written to 1_set147.contree
Reading input trees file 1_set147.contree
Log-likelihood of consensus tree: -15057.502

Analysis results written to: 
  IQ-TREE report:                1_set147.iqtree
  Maximum-likelihood tree:       1_set147.treefile
  Likelihood distances:          1_set147.mldist

Ultrafast bootstrap approximation results written to:
  Split support values:          1_set147.splits.nex
  Consensus tree:                1_set147.contree
  Screen log file:               1_set147.log

Date and Time: Fri Jul 27 16:49:10 2018
