IQ-TREE multicore version 1.6.7 for Mac OS X 64-bit built Aug 23 2018
Developed by Bui Quang Minh, Nguyen Lam Tung, Olga Chernomor,
Heiko Schmidt, Dominik Schrempf, Michael Woodhams.

Host:    meeps-mac-pro.staff.sydney.edu.au (AVX, 64 GB RAM)
Command: /Users/davidduchene/Desktop/Software/iqtree-1.6.7-MacOSX/bin/iqtree -s ../../../../marsupials/set14.fasta -m TESTMERGE -bb 1000 -q ../../../../marsupials/set14.nex -nt AUTO -pre 2_set14
Seed:    877799 (Using SPRNG - Scalable Parallel Random Number Generator)
Time:    Thu Sep  6 13:42:20 2018
Kernel:  AVX - auto-detect threads (8 CPU cores detected)

Reading partition model file ../../../../marsupials/set14.nex ...
Reading alignment file ../../../../marsupials/set14.fasta ... Fasta format detected
Alignment most likely contains DNA/RNA sequences
Alignment has 35 sequences with 5208 columns, 1538 distinct patterns
1147 parsimony-informative, 532 singleton sites, 3529 constant sites
                                              Gap/Ambiguity  Composition  p-value
   1  Burramyidae_Burramys_parvus                     0.10%    passed     79.50%
   2  Notoryctidae_Notoryctes_typhlops                1.65%    passed     96.59%
   3  Vombatidae_Lasiorhinus_latifrons                0.08%    passed     92.38%
   4  Potoroidae_Bettongia_penicillata                0.00%    passed     90.57%
   5  Potoroidae_Bettongia_lesueur                    0.00%    passed     94.99%
   6  Dasyuridae_Dasyurus_maculatus                   0.08%    passed     12.18%
   7  Phalangeridae_Trichosurus_vulpecula             0.00%    passed     93.20%
   8  Phalangeridae_Spilocuscus_maculatus             0.06%    passed     93.71%
   9  Potoroidae_Aepyprymnus_rufescens                0.00%    passed     89.92%
  10  Peramelidae_Perameles_nasuta                    0.61%    passed     24.38%
  11  Phalangeridae_Strigocuscus_pelengensis          0.96%    passed     86.87%
  12  Dasyuridae_Phascogale_tapoatafa                 8.97%    passed     66.23%
  13  Dasyuridae_Sminthopsis_macroura                 0.06%    passed     16.02%
  14  Phalangeridae_Phalanger_orientalis              0.15%    passed     99.07%
  15  Acrobatidae_Acrobates_pygmaeus                  0.35%    passed     97.33%
  16  Dasyuridae_Phascogale_calura                    8.66%    passed     55.21%
  17  Dasyuridae_Sarcophilus_harrisii                 0.33%    passed      8.59%
  18  Dasyuridae_Planigale_tenuirostris              10.58%    passed     94.48%
  19  Peramelidae_Echymipera_kalubu                   0.25%    passed      9.27%
  20  Macropodidae_Dorcopsulus_vanheurni              0.08%    passed     95.11%
  21  Pseudochiridae_Pseudochirulus_forbesi           0.15%    passed     84.64%
  22  Didelphidae_Didelphis_virginiana               18.76%    failed      2.42%
  23  Marmosidae_Monodelphis_domestica               18.57%    passed     78.07%
  24  Dasyuridae_Antechinus_stuartii                 24.92%    passed     25.11%
  25  Hypsiprymnodontidae_Hypsiprymnodon_moschatus    0.10%    passed     99.57%
  26  Microbiotheriidae_Dromiciops_gliroides          0.69%    passed     99.68%
  27  Pseudochiridae_Petauroides_volans               0.86%    passed     96.01%
  28  Macropodidae_Wallabia_bicolor                   0.21%    passed     89.72%
  29  Pseudochiridae_Pseudocheirus_occidentalis       1.77%    passed     90.66%
  30  Tarsipedidae_Tarsipes_rostratus                 0.13%    passed     53.79%
  31  Acrobatidae_Distoechurus_pennatus               0.00%    passed     92.05%
  32  Phalangeridae_Phalanger_carmelitae              0.00%    passed     97.22%
  33  Peramelidae_Peroryctes_raffrayana               2.57%    passed     38.41%
  34  Dasyuridae_Dasyurus_geffroii                    0.06%    passed     15.52%
  35  Peramelidae_Perameles_gunnii                    0.23%    passed     21.85%
****  TOTAL                                           2.91%  1 sequences failed composition chi2 test (p-value<5%; df=3)
NOTE: No CharPartition defined, use all CharSets

Loading 15 partitions...
Subset	Type	Seqs	Sites	Infor	Invar	Model	Name
1		34	429	95	293	TESTMERGE	part1.1
2		34	429	47	342	TESTMERGE	part1.2
3		34	429	278	75	TESTMERGE	part1.3
4		35	321	45	247	TESTMERGE	part2.1
5		35	321	39	260	TESTMERGE	part2.2
6		35	321	154	102	TESTMERGE	part2.3
7		33	322	27	274	TESTMERGE	part3.1
8		33	322	5	311	TESTMERGE	part3.2
9		33	322	153	90	TESTMERGE	part3.3
10		35	145	12	122	TESTMERGE	part4.1
11		35	145	2	136	TESTMERGE	part4.2
12		35	145	72	55	TESTMERGE	part4.3
13		35	519	21	487	TESTMERGE	part5.1
14		35	519	6	505	TESTMERGE	part5.2
15		35	519	191	230	TESTMERGE	part5.3
Degree of missing data: 0.018
Info: multi-threading strategy over partitions



Create initial parsimony tree by phylogenetic likelihood library (PLL)... 0.011 seconds
NOTE: ModelFinder requires 15 MB RAM!
NUMBER OF THREADS FOR PARTITION FINDING: 8
Testing GTR+F+G on supermatrix...
GTR+F+G4 / LnL: -26998.812 / df: 76 / AIC: 54149.623 / AICc: 54151.904 / BIC: 54648.027
Selecting individual models for 15 charsets using BIC...
 No. Model        Score       Charset
   1 HKY+F+G4     2516.654    part2.1
   2 TNe+I+G4     2772.666    part4.3
   3 K2P+G4       5948.001    part3.3
   4 TIM2+F+I+G4  3076.543    part1.2
   5 K2P+G4       5687.514    part2.3
   6 HKY+F+G4     6752.199    part5.3
   7 TIMe+G4      4495.813    part1.1
   8 HKY+F+I+G4   2278.848    part2.2
   9 TNe+G4       842.343     part4.1
  10 TIM+F+I+G4   1857.137    part3.1	0h:0m:29s (0h:9m:56s left)
  11 HKY+F+I+G4   10861.123   part1.3	0h:0m:30s (0h:9m:8s left)
  12 TN+F+I+G4    1133.570    part3.2	0h:0m:30s (0h:8m:27s left)
  13 K2P+I+G4     589.722     part4.2	0h:0m:31s (0h:7m:52s left)
  14 TNe+I+G4     2206.465    part5.1	0h:0m:33s (0h:7m:51s left)
  15 HKY+F+I+G4   1733.521    part5.2	0h:0m:33s (0h:7m:19s left)
Full partition model BIC score: 53524.384 (LnL: -26163.135  df:140)
Merging models to increase model fit (about 211 total partition schemes)...
  16 HKY+F+G4     53527.051   part2.3+part5.3	0h:0m:49s (0h:10m:1s left)
  17 K2P+G4       53530.687   part3.3+part5.3	0h:0m:49s (0h:9m:29s left)
  18 HKY+F+I+G4   53618.959   part1.3+part2.3	0h:0m:57s (0h:10m:20s left)
  19 TPM3u+F+I+G4 53505.736   part1.3+part4.3	0h:0m:57s (0h:9m:45s left)
  20 TIM+F+I+G4   53568.200   part1.1+part1.3	0h:1m:1s (0h:9m:44s left)
  21 HKY+F+I+G4   53558.869   part1.3+part3.3	0h:1m:1s (0h:9m:15s left)
  22 TIM3e+I+G4   53685.747   part1.3+part5.3	0h:1m:1s (0h:8m:47s left)
  23 SYM+I+G4     53566.423   part1.2+part1.3	0h:1m:1s (0h:8m:24s left)
WARNING: ABNORMAL_TERMINATION_IN_LNSRCH
  24 TIM2e+G4     53521.725   part2.3+part3.3	0h:1m:10s (0h:9m:12s left)
  25 SYM+G4       53624.648   part1.1+part5.3	0h:1m:12s (0h:9m:0s left)
  26 SYM+I+G4     53574.924   part1.3+part2.2	0h:1m:14s (0h:8m:51s left)
  27 TN+F+I+G4    53546.086   part1.3+part2.1	0h:1m:18s (0h:8m:54s left)
  28 TN+F+I+G4    53520.944   part1.3+part4.1	0h:1m:24s (0h:9m:10s left)
  29 SYM+I+G4     53875.808   part1.3+part5.2	0h:1m:26s (0h:9m:4s left)
  30 TIM3+F+G4    53581.204   part1.2+part5.3	0h:1m:26s (0h:8m:44s left)
  31 TN+F+I+G4    53555.318   part1.3+part3.1	0h:1m:28s (0h:8m:34s left)
  32 GTR+F+I+G4   53736.265   part1.3+part5.1	0h:1m:28s (0h:8m:16s left)
  33 TPM2u+F+I+G4 53581.213   part1.3+part4.2	0h:1m:31s (0h:8m:15s left)
  34 TIM2e+G4     53563.121   part1.1+part2.3	0h:1m:33s (0h:8m:6s left)
  35 TPM3u+F+G4   53553.596   part4.3+part5.3	0h:1m:37s (0h:8m:11s left)
  36 TPM2u+F+I+G4 53689.603   part1.3+part3.2	0h:1m:39s (0h:8m:2s left)
  37 K2P+G4       53598.548   part2.1+part5.3	0h:1m:40s (0h:7m:51s left)
  38 HKY+F+G4     53560.371   part2.2+part5.3	0h:1m:42s (0h:7m:46s left)
  39 TIMe+I+G4    53559.078   part1.1+part3.3	0h:1m:43s (0h:7m:37s left)
  40 K2P+G4       53559.042   part1.2+part2.3	0h:1m:44s (0h:7m:24s left)
  41 HKY+F+G4     53851.603   part5.1+part5.3	0h:1m:45s (0h:7m:16s left)
  42 K2P+G4       53655.568   part3.1+part5.3	0h:1m:46s (0h:7m:9s left)
  43 TIM2e+G4     53533.885   part2.3+part4.3	0h:1m:49s (0h:7m:8s left)
  44 HKY+F+I+G4   53936.595   part5.2+part5.3	0h:1m:53s (0h:7m:11s left)
  45 TNe+I+G4     53546.726   part1.2+part3.3	0h:1m:53s (0h:6m:59s left)
  46 K2P+G4       53554.502   part2.1+part2.3	0h:1m:54s (0h:6m:50s left)
  47 HKY+F+G4     53554.965   part2.2+part2.3	0h:1m:55s (0h:6m:42s left)
  48 K2P+G4       53572.725   part4.1+part5.3	0h:1m:56s (0h:6m:34s left)
  49 K2P+I+G4     53521.986   part3.3+part4.3	0h:1m:56s (0h:6m:26s left)
  50 K2P+I+G4     53553.079   part2.1+part3.3	0h:1m:59s (0h:6m:23s left)
  51 HKY+F+G4     53619.974   part4.2+part5.3	0h:2m:1s (0h:6m:19s left)
  52 K2P+I+G4     53542.556   part2.2+part3.3	0h:2m:5s (0h:6m:23s left)
  53 TN+F+G4      53779.651   part3.2+part5.3	0h:2m:7s (0h:6m:20s left)
  54 K2P+I+G4     53780.606   part2.3+part5.1	0h:2m:8s (0h:6m:13s left)
  55 TPM2u+F+G4   53631.271   part2.3+part3.1	0h:2m:8s (0h:6m:5s left)
  56 TIMe+I+G4    53509.318   part1.1+part1.2	0h:2m:10s (0h:6m:2s left)
  57 TVMe+I+G4    53527.547   part1.1+part4.3	0h:2m:13s (0h:5m:59s left)
  58 K2P+I+G4     53735.603   part3.3+part5.1	0h:2m:14s (0h:5m:55s left)
  59 HKY+F+I+G4   53887.731   part2.3+part5.2	0h:2m:16s (0h:5m:50s left)
  60 TPM3u+F+I+G4 53594.130   part3.1+part3.3	0h:2m:18s (0h:5m:48s left)
  61 K2P+G4       53547.839   part2.3+part4.1	0h:2m:18s (0h:5m:41s left)
  62 K2P+G4       53600.095   part2.3+part4.2	0h:2m:22s (0h:5m:41s left)
  63 K3Pu+F+I+G4  53501.944   part1.1+part2.1	0h:2m:22s (0h:5m:34s left)
  64 TN+F+I+G4    53751.952   part2.3+part3.2	0h:2m:26s (0h:5m:35s left)
  65 K2P+G4       53542.297   part3.3+part4.1	0h:2m:26s (0h:5m:28s left)
  66 HKY+F+I+G4   53875.543   part3.3+part5.2	0h:2m:26s (0h:5m:21s left)
  67 K3Pu+F+I+G4  53526.124   part1.1+part2.2	0h:2m:29s (0h:5m:20s left)
  68 K2P+I+G4     53586.651   part3.3+part4.2	0h:2m:30s (0h:5m:16s left)
  69 TN+F+I+G4    53720.932   part3.2+part3.3	0h:2m:32s (0h:5m:14s left)
  70 TIM3e+I+G4   53515.339   part1.2+part4.3	0h:2m:37s (0h:5m:16s left)
  71 TPM2u+F+I+G4 53518.247   part1.2+part2.1	0h:2m:37s (0h:5m:11s left)
  72 K3Pu+F+I+G4  53633.957   part1.1+part5.1	0h:2m:38s (0h:5m:6s left)
  73 TVM+F+I+G4   53747.512   part1.1+part5.2	0h:2m:41s (0h:5m:4s left)
  74 K3Pu+F+I+G4  53523.383   part1.1+part3.1	0h:2m:42s (0h:5m:1s left)
  75 K3Pu+F+I+G4  53521.771   part1.1+part4.1	0h:2m:42s (0h:4m:55s left)
  76 TIM3e+I+G4   53524.156   part2.1+part4.3	0h:2m:43s (0h:4m:50s left)
  77 TIM2+F+I+G4  53478.686   part1.2+part2.2	0h:2m:47s (0h:4m:51s left)
  78 TNe+I+G4     53507.362   part2.2+part4.3	0h:2m:50s (0h:4m:51s left)
  79 K3Pu+F+I+G4  53559.270   part1.1+part4.2	0h:2m:51s (0h:4m:46s left)
  80 HKY+F+I+G4   53508.911   part2.1+part2.2	0h:2m:52s (0h:4m:43s left)
  81 TIM+F+I+G4   53639.331   part1.1+part3.2	0h:2m:54s (0h:4m:40s left)
  82 TN+F+I+G4    53546.099   part1.2+part3.1	0h:2m:56s (0h:4m:38s left)
  83 TIM3e+I+G4   53623.247   part4.3+part5.1	0h:2m:58s (0h:4m:35s left)
  84 TPM3u+F+I+G4 53581.155   part1.2+part5.1	0h:3m:0s (0h:4m:33s left)
  85 TN+F+I+G4    53558.955   part3.1+part4.3	0h:3m:1s (0h:4m:29s left)
  86 HKY+F+I+G4   53585.484   part2.1+part5.1	0h:3m:3s (0h:4m:26s left)
  87 K2P+I+G4     53518.828   part1.2+part4.1	0h:3m:4s (0h:4m:22s left)
  88 HKY+F+I+G4   53514.132   part2.1+part3.1	0h:3m:5s (0h:4m:18s left)
  89 TNe+I+G4     53516.503   part4.1+part4.3	0h:3m:10s (0h:4m:21s left)
  90 TIM3+F+I+G4  53732.600   part4.3+part5.2	0h:3m:11s (0h:4m:18s left)
  91 TIM3+F+I+G4  53618.673   part1.2+part5.2	0h:3m:14s (0h:4m:16s left)
  92 TIM2+F+I+G4  53520.461   part1.2+part4.2	0h:3m:16s (0h:4m:13s left)
  93 TPM3+F+I+G4  53668.880   part2.1+part5.2	0h:3m:19s (0h:4m:12s left)
  94 TIM2+F+I+G4  53558.566   part1.2+part3.2	0h:3m:20s (0h:4m:9s left)
  95 HKY+F+I+G4   53541.168   part2.2+part3.1	0h:3m:21s (0h:4m:6s left)
  96 TNe+I+G4     53551.487   part4.2+part4.3	0h:3m:22s (0h:4m:2s left)
  97 HKY+F+I+G4   53640.672   part3.2+part4.3	0h:3m:23s (0h:3m:58s left)
  98 HKY+F+I+G4   53520.374   part2.1+part4.1	0h:3m:23s (0h:3m:55s left)
  99 TN+F+I+G4    53551.340   part2.2+part5.1	0h:3m:25s (0h:3m:52s left)
 100 HKY+F+I+G4   53548.204   part2.1+part4.2	0h:3m:27s (0h:3m:50s left)
 101 TNe+I+G4     53516.585   part2.2+part4.1	0h:3m:30s (0h:3m:48s left)
 102 TN+F+I+G4    53621.812   part2.1+part3.2	0h:3m:31s (0h:3m:46s left)
 103 HKY+F+I+G4   53576.284   part2.2+part5.2	0h:3m:34s (0h:3m:45s left)
 104 HKY+F+I+G4   53521.720   part2.2+part4.2	0h:3m:35s (0h:3m:41s left)
 105 HKY+F+I+G4   53565.818   part2.2+part3.2	0h:3m:37s (0h:3m:39s left)
 106 HKY+F+I+G4   53521.348   part5.1+part5.2	0h:3m:43s (0h:3m:41s left)
 107 TIM+F+I+G4   53527.568   part4.1+part5.1	0h:3m:43s (0h:3m:37s left)
 108 TIM+F+I+G4   53519.605   part3.1+part4.1	0h:3m:44s (0h:3m:33s left)
 109 TIM2+F+I+G4  53542.179   part3.1+part5.1	0h:3m:44s (0h:3m:29s left)
 110 TIM+F+I+G4   53521.661   part3.1+part4.2	0h:3m:47s (0h:3m:28s left)
 111 TIM2e+I+G4   53501.736   part4.2+part5.1	0h:3m:49s (0h:3m:26s left)
 112 TPM3u+F+I+G4 53527.211   part3.2+part5.1	0h:3m:49s (0h:3m:23s left)
 113 TIM+F+I+G4   53642.653   part3.1+part5.2	0h:3m:50s (0h:3m:19s left)
 114 TIM+F+I+G4   53576.040   part3.1+part3.2	0h:3m:52s (0h:3m:18s left)
 115 TN+F+I+G4    53580.555   part4.1+part5.2	0h:3m:53s (0h:3m:15s left)
 116 TNe+I+G4     53513.661   part4.1+part4.2	0h:3m:53s (0h:3m:11s left)
 117 HKY+F+I+G4   53515.110   part3.2+part5.2	0h:3m:56s (0h:3m:10s left)
 118 HKY+F+I+G4   53507.277   part4.2+part5.2	0h:3m:56s (0h:3m:6s left)
 119 HKY+F+I+G4   53559.479   part3.2+part4.1	0h:3m:57s (0h:3m:3s left)
 120 HKY+F+I+G4   53493.924   part3.2+part4.2	0h:3m:58s (0h:3m:0s left)
Merging part1.2+part2.2 with BIC score: 53478.686 (LnL: -26165.960  df: 134)
 121 TPM2u+F+I+G4 53486.456   part1.2+part2.2+part4.1	0h:4m:9s (0h:3m:5s left)
 122 TPM2u+F+I+G4 53474.623   part1.2+part2.1+part2.2	0h:4m:12s (0h:3m:4s left)
 123 HKY+F+I+G4   53515.294   part1.2+part2.2+part3.1	0h:4m:13s (0h:3m:1s left)
 124 HKY+F+I+G4   53545.223   part1.2+part2.2+part2.3	0h:4m:14s (0h:2m:58s left)
 125 TIM3+F+I+G4  53484.711   part1.1+part1.2+part2.2	0h:4m:15s (0h:2m:55s left)
 126 HKY+F+I+G4   53549.048   part1.2+part2.2+part5.1	0h:4m:17s (0h:2m:53s left)
 127 TPM2u+F+I+G4 53592.510   part1.2+part2.2+part5.2	0h:4m:22s (0h:2m:53s left)
 128 SYM+I+G4     53557.971   part1.2+part1.3+part2.2	0h:4m:25s (0h:2m:52s left)
 129 TIM2+F+I+G4  53478.393   part1.2+part2.2+part4.2	0h:4m:27s (0h:2m:50s left)
 130 TIM3+F+G4    53581.855   part1.2+part2.2+part5.3	0h:4m:29s (0h:2m:47s left)
 131 TPM3u+F+I+G4 53486.129   part1.2+part2.2+part4.3	0h:4m:30s (0h:2m:44s left)
 132 TIM2+F+I+G4  53533.248   part1.2+part2.2+part3.2	0h:4m:30s (0h:2m:42s left)
 133 TN+F+I+G4    53539.785   part1.2+part2.2+part3.3	0h:4m:31s (0h:2m:39s left)
Merging part3.2+part4.2 with BIC score: 53448.227 (LnL: -26167.847  df: 130)
WARNING: ABNORMAL_TERMINATION_IN_LNSRCH
 134 HKY+F+I+G4   53557.766   part2.1+part3.2+part4.2	0h:4m:43s (0h:2m:42s left)
 135 TN+F+I+G4    53734.135   part2.3+part3.2+part4.2	0h:4m:44s (0h:2m:40s left)
 136 HKY+F+I+G4   53481.034   part3.2+part4.1+part4.2	0h:4m:44s (0h:2m:37s left)
 137 TN+F+I+G4    53495.145   part3.1+part3.2+part4.2	0h:4m:45s (0h:2m:34s left)
 138 TIM+F+I+G4   53594.182   part1.1+part3.2+part4.2	0h:4m:46s (0h:2m:31s left)
 139 HKY+F+I+G4   53441.866   part3.2+part4.2+part5.2	0h:4m:51s (0h:2m:31s left)
 140 TIM2+F+I+G4  53517.849   part1.2+part2.2+part3.2+part4.2	0h:4m:52s (0h:2m:28s left)
 141 HKY+F+I+G4   53586.479   part3.2+part4.2+part4.3	0h:4m:53s (0h:2m:25s left)
 142 TN+F+G4      53786.261   part3.2+part4.2+part5.3	0h:4m:54s (0h:2m:23s left)
 143 TPM2u+F+I+G4 53662.684   part1.3+part3.2+part4.2	0h:4m:55s (0h:2m:20s left)
 144 TN+F+I+G4    53696.979   part3.2+part3.3+part4.2	0h:4m:55s (0h:2m:17s left)
 145 TPM3u+F+I+G4 53447.131   part3.2+part4.2+part5.1	0h:5m:1s (0h:2m:17s left)
Merging part1.1+part2.1 with BIC score: 53425.787 (LnL: -26165.185  df: 128)
 146 TIM3+F+I+G4  53450.752   part1.1+part2.1+part4.3	0h:5m:13s (0h:2m:19s left)
 147 TPM2u+F+I+G4 53499.790   part1.1+part2.1+part2.3	0h:5m:16s (0h:2m:17s left)
 148 K3Pu+F+I+G4  53419.516   part1.1+part2.1+part3.1	0h:5m:16s (0h:2m:14s left)
 149 TPM3+F+G4    53574.908   part1.1+part2.1+part5.3	0h:5m:17s (0h:2m:11s left)
 150 TIM+F+I+G4   53588.756   part1.1+part2.1+part3.2+part4.2	0h:5m:17s (0h:2m:9s left)
 151 K3Pu+F+I+G4  53489.846   part1.1+part2.1+part3.3	0h:5m:17s (0h:2m:6s left)
 152 TPM3u+F+I+G4 53432.773   part1.1+part1.2+part2.1+part2.2	0h:5m:18s (0h:2m:3s left)
 153 K3Pu+F+I+G4  53535.916   part1.1+part2.1+part5.1	0h:5m:27s (0h:2m:4s left)
 154 K3Pu+F+I+G4  53414.076   part1.1+part2.1+part4.1	0h:5m:28s (0h:2m:1s left)
 155 TPM3+F+I+G4  53657.552   part1.1+part2.1+part5.2	0h:5m:30s (0h:1m:59s left)
 156 GTR+F+I+G4   53488.902   part1.1+part1.3+part2.1	0h:5m:30s (0h:1m:56s left)
Merging part1.3+part4.3 with BIC score: 53407.139 (LnL: -26168.698  df: 125)
 157 TIM3+F+I+G4  53494.132   part1.3+part2.3+part4.3	0h:5m:56s (0h:2m:2s left)
 158 TPM2u+F+I+G4 53627.671   part1.3+part3.2+part4.2+part4.3	0h:5m:56s (0h:1m:59s left)
 159 SYM+I+G4     53755.053   part1.3+part4.3+part5.2	0h:5m:57s (0h:1m:56s left)
 160 TN+F+I+G4    53436.734   part1.3+part3.1+part4.3	0h:5m:57s (0h:1m:53s left)
 161 SYM+I+G4     53475.069   part1.2+part1.3+part2.2+part4.3	0h:5m:58s (0h:1m:51s left)
 162 HKY+F+I+G4   53434.110   part1.3+part3.3+part4.3	0h:5m:58s (0h:1m:48s left)
 163 TIM3+F+I+G4  53604.330   part1.3+part4.3+part5.1	0h:5m:59s (0h:1m:45s left)
 164 TIM3+F+I+G4  53459.189   part1.1+part1.3+part2.1+part4.3	0h:6m:3s (0h:1m:44s left)
 165 TN+F+I+G4    53397.868   part1.3+part4.1+part4.3	0h:6m:17s (0h:1m:45s left)
 166 TIM3e+I+G4   53558.664   part1.3+part4.3+part5.3	0h:6m:19s (0h:1m:42s left)
Merging part1.1+part2.1+part4.1 with BIC score: 53395.428 (LnL: -26175.679  df: 122)
 167 TPM3u+F+I+G4 53638.792   part1.1+part2.1+part4.1+part5.2	0h:6m:32s (0h:1m:43s left)
 168 TPM2u+F+I+G4 53484.209   part1.1+part2.1+part2.3+part4.1	0h:6m:34s (0h:1m:40s left)
 169 K3Pu+F+I+G4  53388.573   part1.1+part2.1+part3.1+part4.1	0h:6m:34s (0h:1m:38s left)
 170 K3Pu+F+I+G4  53558.119   part1.1+part2.1+part3.2+part4.1+part4.2	0h:6m:34s (0h:1m:35s left)
 171 K3P+G4       53567.211   part1.1+part2.1+part4.1+part5.3	0h:6m:34s (0h:1m:32s left)
 172 K3Pu+F+I+G4  53468.627   part1.1+part2.1+part3.3+part4.1	0h:6m:35s (0h:1m:29s left)
 173 TPM3u+F+I+G4 53414.805   part1.1+part1.2+part2.1+part2.2+part4.1	0h:6m:35s (0h:1m:26s left)
 174 K3Pu+F+I+G4  53501.149   part1.1+part2.1+part4.1+part5.1	0h:6m:43s (0h:1m:25s left)
 175 TIM3+F+I+G4  53448.894   part1.1+part1.3+part2.1+part4.1+part4.3	0h:6m:47s (0h:1m:23s left)
Merging part1.1+part2.1+part3.1+part4.1 with BIC score: 53388.573 (LnL: -26206.483  df: 114)
 176 TPM2u+F+I+G4 53509.786   part1.1+part2.1+part2.3+part3.1+part4.1	0h:7m:0s (0h:1m:23s left)
 177 K3Pu+F+I+G4  53490.527   part1.1+part2.1+part3.1+part4.1+part5.1	0h:7m:1s (0h:1m:20s left)
 178 K3Pu+F+I+G4  53546.330   part1.1+part2.1+part3.1+part3.2+part4.1+part4.2	0h:7m:1s (0h:1m:18s left)
 179 K3Pu+F+I+G4  53631.047   part1.1+part2.1+part3.1+part4.1+part5.3	0h:7m:2s (0h:1m:15s left)
 180 K3Pu+F+I+G4  53647.669   part1.1+part2.1+part3.1+part4.1+part5.2	0h:7m:2s (0h:1m:12s left)
 181 K3Pu+F+I+G4  53483.870   part1.1+part2.1+part3.1+part3.3+part4.1	0h:7m:3s (0h:1m:10s left)
 182 HKY+F+I+G4   53429.588   part1.1+part1.2+part2.1+part2.2+part3.1+part4.1	0h:7m:4s (0h:1m:7s left)
 183 TIM+F+I+G4   53458.077   part1.1+part1.3+part2.1+part3.1+part4.1+part4.3	0h:7m:18s (0h:1m:7s left)
Merging part3.2+part4.2+part5.2 with BIC score: 53382.212 (LnL: -26228.977  df: 108)
 184 HKY+F+I+G4   53890.939   part2.3+part3.2+part4.2+part5.2	0h:7m:32s (0h:1m:6s left)
 185 TN+F+I+G4    54003.755   part3.2+part4.2+part5.2+part5.3	0h:7m:36s (0h:1m:4s left)
 186 TN+F+I+G4    53866.321   part3.2+part3.3+part4.2+part5.2	0h:7m:38s (0h:1m:1s left)
 187 K3Pu+F+I+G4  53741.569   part1.1+part2.1+part3.1+part3.2+part4.1+part4.2+part5.2	0h:7m:41s (0h:0m:59s left)
 188 TPM3+F+I+G4  53376.896   part3.2+part4.2+part5.1+part5.2	0h:7m:42s (0h:0m:56s left)
 189 TIM2+F+I+G4  53539.537   part1.2+part2.2+part3.2+part4.2+part5.2	0h:7m:43s (0h:0m:53s left)
 190 GTR+F+I+G4   53897.771   part1.3+part3.2+part4.2+part4.3+part5.2	0h:7m:46s (0h:0m:51s left)
Merging part3.2+part4.2+part5.1+part5.2 with BIC score: 53376.896 (LnL: -26239.156  df: 105)
 191 HKY+F+I+G4   53956.040   part2.3+part3.2+part4.2+part5.1+part5.2	0h:7m:57s (0h:0m:49s left)
 192 HKY+F+I+G4   53926.666   part3.2+part3.3+part4.2+part5.1+part5.2	0h:8m:0s (0h:0m:47s left)
 193 TN+F+I+G4    54112.602   part3.2+part4.2+part5.1+part5.2+part5.3	0h:8m:1s (0h:0m:44s left)
 194 K3Pu+F+I+G4  53759.835   part1.1+part2.1+part3.1+part3.2+part4.1+part4.2+part5.1+part5.2	0h:8m:3s (0h:0m:42s left)
 195 TPM3+F+I+G4  53547.747   part1.2+part2.2+part3.2+part4.2+part5.1+part5.2	0h:8m:8s (0h:0m:40s left)
 196 SYM+I+G4     53984.052   part1.3+part3.2+part4.2+part4.3+part5.1+part5.2	0h:8m:10s (0h:0m:37s left)
Merging part2.3+part3.3 with BIC score: 53374.238 (LnL: -26237.826  df: 105)
 197 TIM2e+G4     53381.787   part2.3+part3.3+part5.3	0h:8m:25s (0h:0m:35s left)
 198 TN+F+I+G4    53457.763   part1.2+part2.2+part2.3+part3.3	0h:8m:25s (0h:0m:33s left)
 199 HKY+F+I+G4   54127.181   part2.3+part3.2+part3.3+part4.2+part5.1+part5.2	0h:8m:25s (0h:0m:30s left)
 200 TPM2u+F+I+G4 53527.067   part1.1+part2.1+part2.3+part3.1+part3.3+part4.1	0h:8m:28s (0h:0m:27s left)
 201 HKY+F+I+G4   53460.303   part1.3+part2.3+part3.3+part4.3	0h:8m:36s (0h:0m:25s left)
BEST-FIT PARTITION MODEL: 
  charpartition BIC = K3Pu+F+I+G4: part1.1 part2.1 part3.1 part4.1, TIM2+F+I+G4: part1.2 part2.2, TPM3u+F+I+G4: part1.3 part4.3, TIM2e+G4: part2.3 part3.3, TPM3+F+I+G4: part3.2 part4.2 part5.1 part5.2, HKY+F+G4: part5.3;
Agglomerative model selection: ((((part1.1,part2.1)3:53425.8,part4.1)5:53395.4,part3.1)6:53388.6,(part1.2,part2.2)1:53478.7,(part1.3,part4.3)4:53407.1,(part2.3,part3.3)9:53374.2,(((part3.2,part4.2)2:53448.2,part5.2)7:53382.2,part5.1)8:53376.9,part5.3)
Merging into 6 partitions...
Partition information was printed to 2_set14.best_scheme.nex
Partition information in Raxml format was printed to 2_set14.best_scheme

All model information printed to 2_set14.model.gz
CPU time for ModelFinder: 440.158 seconds (0h:7m:20s)
Wall-clock time for ModelFinder: 518.016 seconds (0h:8m:38s)
Generating 1000 samples for ultrafast bootstrap (seed: 877799)...

NOTE: 15 MB RAM (0 GB) is required!
Measuring multi-threading efficiency up to 8 CPU cores
Increase to 10 rounds for branch lengths
6 trees examined
Threads: 1 / Time: 9.176 sec / Speedup: 1.000 / Efficiency: 100% / LogL: -39058
Threads: 2 / Time: 18.894 sec / Speedup: 0.486 / Efficiency: 24% / LogL: -39058
BEST NUMBER OF THREADS: 1

Estimate model parameters (epsilon = 0.100)
Initial log-likelihood: -28225.521
Current log-likelihood at step 1: -26247.565
Current log-likelihood at step 2: -26152.127
Current log-likelihood at step 3: -26064.153
Current log-likelihood at step 4: -26063.110
Current log-likelihood at step 5: -26062.590
Current log-likelihood at step 6: -26062.002
Current log-likelihood at step 7: -26061.672
Current log-likelihood at step 8: -26061.584
Parameters optimization took 7 rounds (10.017 sec)

Computing ML distances based on estimated model parameters... 0.074 sec
Computing BIONJ tree...
0.005 seconds
Log-likelihood of BIONJ tree: -26241.350
--------------------------------------------------------------------
|             INITIALIZING CANDIDATE TREE SET                      |
--------------------------------------------------------------------
Generating 98 parsimony trees... 8.510 second
Computing log-likelihood of 98 initial trees ... 40.281 seconds
Current best score: -26061.584

Do NNI search on 20 best initial trees
Estimate model parameters (epsilon = 0.100)
Initial log-likelihood: -26051.567
Current log-likelihood at step 1: -26051.448
Current log-likelihood at step 2: -26051.420
Parameters optimization took 1 rounds (1.319 sec)

BETTER TREE FOUND at iteration 1: -26051.420
Iteration 10 / LogL: -26051.433 / Time: 0h:2m:6s
Iteration 20 / LogL: -26051.422 / Time: 0h:2m:52s
Finish initializing candidate tree set (3)
Current best tree score: -26051.420 / CPU time: 131.940
Number of iterations: 20
--------------------------------------------------------------------
|               OPTIMIZING CANDIDATE TREE SET                      |
--------------------------------------------------------------------
Iteration 30 / LogL: -26051.491 / Time: 0h:3m:31s (0h:8m:37s left)
Iteration 40 / LogL: -26051.426 / Time: 0h:4m:12s (0h:6m:34s left)
UPDATE BEST LOG-LIKELIHOOD: -26051.420
Iteration 50 / LogL: -26051.420 / Time: 0h:4m:55s (0h:5m:7s left)
Log-likelihood cutoff on original alignment: -26080.329
Iteration 60 / LogL: -26051.420 / Time: 0h:5m:45s (0h:4m:0s left)
UPDATE BEST LOG-LIKELIHOOD: -26051.420
Iteration 70 / LogL: -26051.430 / Time: 0h:6m:26s (0h:2m:53s left)
Iteration 80 / LogL: -26051.420 / Time: 0h:7m:10s (0h:1m:54s left)
Iteration 90 / LogL: -26056.117 / Time: 0h:7m:46s (0h:0m:57s left)
UPDATE BEST LOG-LIKELIHOOD: -26051.420
Iteration 100 / LogL: -26051.436 / Time: 0h:8m:26s (0h:0m:5s left)
Log-likelihood cutoff on original alignment: -26080.329
NOTE: Bootstrap correlation coefficient of split occurrence frequencies: 1.000
TREE SEARCH COMPLETED AFTER 102 ITERATIONS / Time: 0h:8m:34s

--------------------------------------------------------------------
|                    FINALIZING TREE SEARCH                        |
--------------------------------------------------------------------
Performs final model parameters optimization
Estimate model parameters (epsilon = 0.010)
Initial log-likelihood: -26051.419
Current log-likelihood at step 1: -26051.406
Current log-likelihood at step 2: -26051.398
Parameters optimization took 1 rounds (1.085 sec)

BEST SCORE FOUND : -26051.398
Creating bootstrap support values...
Split supports printed to NEXUS file 2_set14.splits.nex
Total tree length: 1.765

Total number of iterations: 102
CPU time used for tree search: 87.629 sec (0h:1m:27s)
Wall-clock time used for tree search: 474.593 sec (0h:7m:54s)
Total CPU time used: 94.887 sec (0h:1m:34s)
Total wall-clock time used: 516.878 sec (0h:8m:36s)

Computing bootstrap consensus tree...
Reading input file 2_set14.splits.nex...
35 taxa and 113 splits.
Consensus tree written to 2_set14.contree
Reading input trees file 2_set14.contree
Log-likelihood of consensus tree: -26051.398

Analysis results written to: 
  IQ-TREE report:                2_set14.iqtree
  Maximum-likelihood tree:       2_set14.treefile
  Likelihood distances:          2_set14.mldist
  Best partitioning scheme:      2_set14.best_scheme.nex
           in RAxML format:      2_set14.best_scheme

Ultrafast bootstrap approximation results written to:
  Split support values:          2_set14.splits.nex
  Consensus tree:                2_set14.contree
  Screen log file:               2_set14.log

Date and Time: Thu Sep  6 13:59:37 2018
