IQ-TREE multicore version 1.6.7 for Mac OS X 64-bit built Aug 23 2018
Developed by Bui Quang Minh, Nguyen Lam Tung, Olga Chernomor,
Heiko Schmidt, Dominik Schrempf, Michael Woodhams.

Host:    meeps-mac-pro.staff.sydney.edu.au (AVX, 64 GB RAM)
Command: /Users/davidduchene/Desktop/Software/iqtree-1.6.7-MacOSX/bin/iqtree -s ../../../../marsupials/set56.fasta -m TESTMERGE -bb 1000 -spp ../../../../marsupials/set56.nex -nt AUTO -pre 4_set56
Seed:    866425 (Using SPRNG - Scalable Parallel Random Number Generator)
Time:    Thu Sep  6 22:52:55 2018
Kernel:  AVX - auto-detect threads (8 CPU cores detected)

Reading partition model file ../../../../marsupials/set56.nex ...
Reading alignment file ../../../../marsupials/set56.fasta ... Fasta format detected
Alignment most likely contains DNA/RNA sequences
Alignment has 35 sequences with 3306 columns, 1154 distinct patterns
752 parsimony-informative, 453 singleton sites, 2101 constant sites
                                              Gap/Ambiguity  Composition  p-value
   1  Burramyidae_Burramys_parvus                     0.24%    passed     89.88%
   2  Notoryctidae_Notoryctes_typhlops                3.39%    passed     75.83%
   3  Vombatidae_Lasiorhinus_latifrons                0.12%    passed     92.37%
   4  Potoroidae_Bettongia_penicillata                0.15%    passed     99.50%
   5  Potoroidae_Bettongia_lesueur                    0.12%    passed     98.88%
   6  Dasyuridae_Dasyurus_maculatus                   0.00%    passed     97.02%
   7  Phalangeridae_Trichosurus_vulpecula             0.60%    passed     22.83%
   8  Phalangeridae_Spilocuscus_maculatus             0.39%    passed     41.54%
   9  Potoroidae_Aepyprymnus_rufescens                0.51%    passed     95.47%
  10  Peramelidae_Perameles_nasuta                   35.96%    failed      0.28%
  11  Phalangeridae_Strigocuscus_pelengensis          4.08%    passed     87.53%
  12  Dasyuridae_Phascogale_tapoatafa                 0.06%    passed     81.13%
  13  Dasyuridae_Sminthopsis_macroura                 0.09%    passed     82.18%
  14  Phalangeridae_Phalanger_orientalis              0.64%    passed     58.21%
  15  Acrobatidae_Acrobates_pygmaeus                  0.00%    passed     77.76%
  16  Dasyuridae_Phascogale_calura                    0.03%    passed     87.17%
  17  Dasyuridae_Sarcophilus_harrisii                 0.00%    passed     95.57%
  18  Dasyuridae_Planigale_tenuirostris               4.08%    passed     60.85%
  19  Peramelidae_Echymipera_kalubu                  35.93%    failed      0.12%
  20  Macropodidae_Dorcopsulus_vanheurni              0.21%    passed     98.85%
  21  Pseudochiridae_Pseudochirulus_forbesi           0.03%    passed     86.54%
  22  Didelphidae_Didelphis_virginiana               16.15%    passed      9.95%
  23  Marmosidae_Monodelphis_domestica                1.21%    passed     91.94%
  24  Dasyuridae_Antechinus_stuartii                  0.91%    passed     77.70%
  25  Hypsiprymnodontidae_Hypsiprymnodon_moschatus    0.39%    passed     97.53%
  26  Microbiotheriidae_Dromiciops_gliroides          3.27%    passed     98.12%
  27  Pseudochiridae_Petauroides_volans               0.24%    passed     98.29%
  28  Macropodidae_Wallabia_bicolor                   0.42%    passed     95.11%
  29  Pseudochiridae_Pseudocheirus_occidentalis       0.82%    passed     94.44%
  30  Tarsipedidae_Tarsipes_rostratus                 8.26%    passed     11.53%
  31  Acrobatidae_Distoechurus_pennatus               0.48%    passed     81.67%
  32  Phalangeridae_Phalanger_carmelitae              0.48%    passed     60.03%
  33  Peramelidae_Peroryctes_raffrayana               0.30%    passed     79.95%
  34  Dasyuridae_Dasyurus_geffroii                    0.00%    passed     98.88%
  35  Peramelidae_Perameles_gunnii                    0.15%    passed     81.05%
****  TOTAL                                           3.42%  2 sequences failed composition chi2 test (p-value<5%; df=3)
NOTE: No CharPartition defined, use all CharSets

Loading 15 partitions...
Subset	Type	Seqs	Sites	Infor	Invar	Model	Name
1		35	311	45	230	TESTMERGE	part1.1
2		35	311	25	261	TESTMERGE	part1.2
3		35	311	99	155	TESTMERGE	part1.3
4		33	396	44	322	TESTMERGE	part2.1
5		33	396	36	323	TESTMERGE	part2.2
6		33	396	173	153	TESTMERGE	part2.3
7		35	140	23	94	TESTMERGE	part3.1
8		35	140	17	105	TESTMERGE	part3.2
9		35	140	57	45	TESTMERGE	part3.3
10		34	173	58	79	TESTMERGE	part4.1
11		34	173	32	117	TESTMERGE	part4.2
12		34	173	99	37	TESTMERGE	part4.3
13		35	82	0	76	TESTMERGE	part5.1
WARNING: No parsimony-informative sites in partition part5.1
14		35	82	1	81	TESTMERGE	part5.2
15		35	82	43	23	TESTMERGE	part5.3
Degree of missing data: 0.025
Info: multi-threading strategy over partitions



Create initial parsimony tree by phylogenetic likelihood library (PLL)... 0.008 seconds
NOTE: ModelFinder requires 11 MB RAM!
NUMBER OF THREADS FOR PARTITION FINDING: 8
Testing GTR+F+G on supermatrix...
GTR+F+G4 / LnL: -17417.761 / df: 76 / AIC: 34987.522 / AICc: 34991.147 / BIC: 35451.388
Selecting individual models for 15 charsets using BIC...
 No. Model        Score       Charset
   1 TN+F+G4      2460.962    part2.2
   2 K3P+G4       2272.450    part4.1
   3 TPM3u+F+G4   2642.772    part1.1
   4 HKY+F+G4     2760.496    part2.1
   5 K2P+G4       2192.840    part3.3
   6 TPM2+F+G4    3683.726    part4.3
   7 HKY+F+G4     4044.590    part1.3
   8 K2P+G4       6130.736    part2.3
   9 HKY+F+I      1642.797    part4.2
  10 TNe+G4       1103.571    part3.2	0h:0m:13s (0h:4m:32s left)
  11 TPM2+F+G4    1270.811    part3.1	0h:0m:15s (0h:4m:41s left)
  12 TPM3u+F+G4   1830.671    part1.2	0h:0m:15s (0h:4m:19s left)
  13 K2P+G4       1460.841    part5.3	0h:0m:15s (0h:4m:1s left)
  14 F81+F        248.620     part5.2	0h:0m:16s (0h:3m:49s left)
  15 K2P          333.377     part5.1	0h:0m:16s (0h:3m:35s left)
Full partition model BIC score: 34823.007 (LnL: -16836.155  df:142)
Merging models to increase model fit (about 211 total partition schemes)...
  16 K2P+G4       34995.933   part2.2+part2.3	0h:0m:24s (0h:5m:1s left)
  17 K2P+G4       34976.836   part2.1+part2.3	0h:0m:25s (0h:4m:45s left)
  18 K2P+G4       34903.919   part1.1+part2.3	0h:0m:26s (0h:4m:43s left)
  19 K2P+G4       34894.403   part1.3+part4.3	0h:0m:27s (0h:4m:33s left)
  20 K3P+G4       34813.637   part2.3+part4.1	0h:0m:27s (0h:4m:27s left)
  21 K2P+G4       34806.949   part2.3+part3.3	0h:0m:29s (0h:4m:23s left)
  22 K2P+G4       34847.572   part1.3+part2.3	0h:0m:31s (0h:4m:28s left)
  23 K2P+G4       34836.059   part2.3+part4.3	0h:0m:31s (0h:4m:16s left)
  24 K2P+G4       34839.936   part2.3+part4.2	0h:0m:38s (0h:4m:57s left)
  25 K2P+G4       34967.565   part1.2+part2.3	0h:0m:40s (0h:4m:58s left)
  26 TIM2e+G4     34850.186   part2.3+part3.1	0h:0m:42s (0h:4m:59s left)
  27 K2P+G4       34806.927   part2.3+part5.3	0h:0m:42s (0h:4m:47s left)
  28 K2P+G4       34860.607   part2.3+part3.2	0h:0m:42s (0h:4m:39s left)
  29 TPM3+F+G4    34893.959   part1.1+part1.3	0h:0m:44s (0h:4m:39s left)
  30 K3Pu+F+G4    34847.255   part1.3+part4.1	0h:0m:45s (0h:4m:32s left)
  31 HKY+F+G4     34852.320   part1.3+part3.3	0h:0m:45s (0h:4m:23s left)
  32 K2P+G4       34949.705   part1.3+part2.1	0h:0m:50s (0h:4m:39s left)
  33 K2P+G4       34906.373   part2.3+part5.1	0h:0m:51s (0h:4m:35s left)
  34 K2P+G4       34933.890   part2.3+part5.2	0h:0m:51s (0h:4m:28s left)
  35 TN+F+G4      34972.186   part1.3+part2.2	0h:0m:52s (0h:4m:22s left)
  36 K3Pu+F+G4    34843.424   part4.1+part4.3	0h:0m:53s (0h:4m:18s left)
  37 K3Pu+F+G4    34821.856   part3.3+part4.3	0h:0m:54s (0h:4m:18s left)
  38 K2P+G4       34956.694   part1.1+part4.3	0h:0m:55s (0h:4m:12s left)
  39 TN+F+G4      34810.164   part1.3+part4.2	0h:0m:56s (0h:4m:8s left)
  40 HKY+F+G4     34909.041   part1.2+part1.3	0h:1m:1s (0h:4m:24s left)
  41 TN+F+G4      34890.529   part4.2+part4.3	0h:1m:3s (0h:4m:22s left)
  42 HKY+F+G4     34842.514   part1.3+part5.3	0h:1m:3s (0h:4m:17s left)
  43 TIM+F+G4     35005.384   part2.1+part4.3	0h:1m:4s (0h:4m:10s left)
  44 K2P+G4       34866.640   part1.3+part3.1	0h:1m:6s (0h:4m:12s left)
  45 TN+F+G4      35049.259   part2.2+part4.3	0h:1m:6s (0h:4m:7s left)
  46 HKY+F+G4     35023.095   part1.2+part4.3	0h:1m:7s (0h:4m:3s left)
  47 TPM2+F+G4    34796.036   part4.3+part5.3	0h:1m:10s (0h:4m:4s left)
  48 K2P+G4       34868.713   part1.1+part3.3	0h:1m:11s (0h:4m:2s left)
  49 TVMe+G4      34850.205   part1.1+part4.1	0h:1m:12s (0h:3m:59s left)
  50 K3P+G4       34809.719   part3.3+part4.1	0h:1m:13s (0h:3m:57s left)
  51 TN+F+G4      34842.338   part1.3+part3.2	0h:1m:14s (0h:3m:53s left)
  52 K2P+G4       34908.317   part3.2+part4.3	0h:1m:15s (0h:3m:51s left)
  53 K3Pu+F+G4    34877.504   part2.1+part4.1	0h:1m:17s (0h:3m:50s left)
  54 TPM2+F+G4    34868.347   part3.1+part4.3	0h:1m:19s (0h:3m:51s left)
  55 K3P+G4       34895.331   part2.2+part4.1	0h:1m:21s (0h:3m:52s left)
  56 TPM3+F+G4    34786.786   part1.1+part2.1	0h:1m:23s (0h:3m:50s left)
  57 HKY+F+G4     34808.823   part1.1+part2.2	0h:1m:23s (0h:3m:46s left)
  58 TN+F+G4      34924.243   part2.1+part3.3	0h:1m:26s (0h:3m:47s left)
  59 K2P+G4       34924.397   part2.2+part3.3	0h:1m:27s (0h:3m:44s left)
  60 TN+F+G4      34792.970   part2.1+part2.2	0h:1m:28s (0h:3m:42s left)
  61 HKY+F+G4     34897.659   part1.3+part5.1	0h:1m:30s (0h:3m:42s left)
  62 K3P+G4       34829.005   part4.1+part4.2	0h:1m:31s (0h:3m:39s left)
  63 HKY+F+G4     34888.394   part1.3+part5.2	0h:1m:32s (0h:3m:38s left)
  64 K3Pu+F+G4    34894.166   part1.2+part4.1	0h:1m:34s (0h:3m:37s left)
  65 K2P+G4       34833.983   part3.3+part4.2	0h:1m:34s (0h:3m:33s left)
  66 K2P+G4       34820.286   part1.1+part1.2	0h:1m:36s (0h:3m:32s left)
  67 K2P+G4       34805.428   part1.1+part4.2	0h:1m:37s (0h:3m:29s left)
  68 HKY+F+G4     34924.129   part1.2+part3.3	0h:1m:39s (0h:3m:29s left)
  69 K3P+G4       34827.878   part4.1+part5.3	0h:1m:42s (0h:3m:30s left)
  70 K2P+G4       34814.290   part3.3+part5.3	0h:1m:44s (0h:3m:29s left)
  71 K2P+G4       34824.923   part2.1+part4.2	0h:1m:46s (0h:3m:29s left)
  72 K2P+G4       34830.911   part2.2+part4.2	0h:1m:48s (0h:3m:28s left)
  73 K2P+G4       34882.286   part1.1+part5.3	0h:1m:48s (0h:3m:24s left)
  74 HKY+F+G4     34953.646   part4.3+part5.1	0h:1m:48s (0h:3m:20s left)
  75 K2P+G4       34974.491   part4.3+part5.2	0h:1m:50s (0h:3m:20s left)
  76 TN+F+G4      34794.242   part1.2+part2.2	0h:1m:50s (0h:3m:16s left)
  77 TPM3u+F+I+G4 34828.104   part1.2+part2.1	0h:1m:52s (0h:3m:15s left)
  78 TN+F+I+G4    34938.471   part2.2+part5.3	0h:1m:56s (0h:3m:19s left)
  79 TPM2u+F+G4   34814.159   part1.1+part3.1	0h:1m:58s (0h:3m:18s left)
  80 TN+F+I+G4    34910.531   part2.1+part5.3	0h:1m:59s (0h:3m:15s left)
  81 K2P+G4       34841.919   part3.1+part3.3	0h:1m:59s (0h:3m:11s left)
  82 TVM+F+G4     34824.620   part3.1+part4.1	0h:1m:59s (0h:3m:8s left)
  83 TIM2e+G4     34800.804   part1.1+part3.2	0h:2m:1s (0h:3m:6s left)
  84 K2P+G4       34852.772   part3.2+part3.3	0h:2m:1s (0h:3m:3s left)
  85 TIMe+G4      34833.158   part3.2+part4.1	0h:2m:3s (0h:3m:3s left)
  86 TPM2u+F+G4   34823.340   part1.2+part4.2	0h:2m:8s (0h:3m:6s left)
  87 K2P+G4       34813.284   part2.2+part3.2	0h:2m:9s (0h:3m:4s left)
  88 TIM+F+G4     34826.975   part2.2+part3.1	0h:2m:10s (0h:3m:2s left)
  89 TIM+F+G4     34817.982   part2.1+part3.1	0h:2m:10s (0h:2m:58s left)
  90 K2P+G4       34809.515   part3.1+part4.2	0h:2m:12s (0h:2m:57s left)
  91 K2P+G4       34841.719   part4.2+part5.3	0h:2m:12s (0h:2m:54s left)
  92 K3Pu+F+G4    34824.588   part2.1+part3.2	0h:2m:12s (0h:2m:51s left)
  93 HKY+F+I+G4   34921.271   part1.2+part5.3	0h:2m:13s (0h:2m:48s left)
  94 K3P+G4       34874.914   part4.1+part5.1	0h:2m:15s (0h:2m:48s left)
  95 TPM3u+F+G4   34828.040   part1.1+part5.1	0h:2m:16s (0h:2m:46s left)
  96 HKY+F+G4     34824.776   part1.2+part3.1	0h:2m:16s (0h:2m:43s left)
  97 K2P+G4       34898.605   part3.3+part5.1	0h:2m:16s (0h:2m:40s left)
  98 K3P+G4       34898.843   part4.1+part5.2	0h:2m:17s (0h:2m:38s left)
  99 HKY+F+G4     34806.974   part1.2+part3.2	0h:2m:17s (0h:2m:35s left)
 100 TN+F+G4      34806.923   part3.2+part4.2	0h:2m:18s (0h:2m:34s left)
 101 TPM3u+F+G4   34846.421   part1.1+part5.2	0h:2m:21s (0h:2m:33s left)
 102 TPM2u+F+G4   34838.021   part3.1+part5.3	0h:2m:21s (0h:2m:31s left)
 103 K2P+G4       34923.826   part3.3+part5.2	0h:2m:23s (0h:2m:30s left)
 104 TN+F+G4      34824.605   part2.2+part5.2	0h:2m:23s (0h:2m:28s left)
 105 TN+F+G4      34813.551   part2.2+part5.1	0h:2m:24s (0h:2m:26s left)
 106 K3Pu+F+I+G4  34821.191   part2.1+part5.1	0h:2m:25s (0h:2m:24s left)
 107 HKY+F+I      34835.530   part2.1+part5.2	0h:2m:25s (0h:2m:21s left)
 108 K2P+G4       34857.661   part3.2+part5.3	0h:2m:27s (0h:2m:21s left)
 109 K2P+G4       34837.398   part4.2+part5.1	0h:2m:29s (0h:2m:19s left)
 110 TIM2e+G4     34809.494   part3.1+part3.2	0h:2m:30s (0h:2m:17s left)
 111 TPM2u+F+G4   34853.847   part4.2+part5.2	0h:2m:32s (0h:2m:17s left)
 112 TIM3e+G4     34819.148   part1.2+part5.1	0h:2m:33s (0h:2m:15s left)
 113 TPM3u+F+G4   34816.771   part1.2+part5.2	0h:2m:34s (0h:2m:14s left)
 114 K2P+G4       34899.380   part5.1+part5.3	0h:2m:36s (0h:2m:13s left)
 115 K2P+G4       34921.171   part5.2+part5.3	0h:2m:36s (0h:2m:10s left)
 116 TPM2u+F+G4   34842.351   part3.1+part5.1	0h:2m:36s (0h:2m:8s left)
 117 K3P+G4       34860.884   part3.1+part5.2	0h:2m:37s (0h:2m:6s left)
 118 TNe+G4       34829.703   part3.2+part5.1	0h:2m:37s (0h:2m:3s left)
 119 K2P          34812.074   part5.1+part5.2	0h:2m:37s (0h:2m:1s left)
 120 TN+F+G4      34849.105   part3.2+part5.2	0h:2m:37s (0h:1m:59s left)
Merging part1.1+part2.1 with BIC score: 34786.786 (LnL: -16842.355  df: 136)
 121 TPM3u+F+G4   34786.378   part1.1+part2.1+part5.1	0h:2m:45s (0h:2m:3s left)
 122 TPM2u+F+G4   34782.103   part1.1+part2.1+part3.1	0h:2m:47s (0h:2m:2s left)
 123 TPM3u+F+G4   34802.780   part1.1+part2.1+part4.2	0h:2m:47s (0h:1m:59s left)
 124 TN+F+G4      34770.307   part1.1+part2.1+part2.2	0h:2m:47s (0h:1m:57s left)
 125 TVM+F+G4     34847.414   part1.1+part2.1+part4.1	0h:2m:49s (0h:1m:56s left)
 126 TPM3u+F+G4   34945.565   part1.1+part1.3+part2.1	0h:2m:50s (0h:1m:55s left)
 127 TIM2+F+G4    34971.344   part1.1+part2.1+part2.3	0h:2m:52s (0h:1m:53s left)
 128 TIM+F+G4     35011.022   part1.1+part2.1+part4.3	0h:2m:52s (0h:1m:51s left)
 129 TPM3u+F+I+G4 34804.090   part1.1+part1.2+part2.1	0h:2m:56s (0h:1m:51s left)
 130 TPM3+F+G4    34806.855   part1.1+part2.1+part5.2	0h:2m:56s (0h:1m:49s left)
 131 TPM2u+F+G4   34782.297   part1.1+part2.1+part3.2	0h:2m:56s (0h:1m:47s left)
 132 HKY+F+G4     34887.022   part1.1+part2.1+part3.3	0h:2m:57s (0h:1m:46s left)
 133 TIM2+F+I+G4  34888.411   part1.1+part2.1+part5.3	0h:2m:58s (0h:1m:44s left)
Merging part1.2+part2.2 with BIC score: 34758.021 (LnL: -16856.335  df: 129)
 134 TIM2+F+G4    34757.141   part1.2+part2.2+part5.2	0h:3m:5s (0h:1m:46s left)
 135 HKY+F+G4     34754.599   part1.2+part2.2+part3.2	0h:3m:7s (0h:1m:45s left)
 136 TN+F+G4      34760.831   part1.2+part2.2+part3.1	0h:3m:7s (0h:1m:43s left)
 137 TNe+G4       34780.848   part1.2+part2.2+part4.2	0h:3m:10s (0h:1m:42s left)
 138 TN+F+I+G4    34777.316   part1.1+part1.2+part2.1+part2.2	0h:3m:12s (0h:1m:41s left)
 139 HKY+F+I+G4   34936.849   part1.2+part1.3+part2.2	0h:3m:13s (0h:1m:40s left)
 140 K2P+G4       35007.196   part1.2+part2.2+part2.3	0h:3m:14s (0h:1m:38s left)
 141 TN+F+G4      34752.052   part1.2+part2.2+part5.1	0h:3m:14s (0h:1m:36s left)
 142 TN+F+I+G4    35050.955   part1.2+part2.2+part4.3	0h:3m:15s (0h:1m:34s left)
 143 TN+F+G4      34898.903   part1.2+part2.2+part3.3	0h:3m:16s (0h:1m:33s left)
 144 TIM+F+G4     34864.885   part1.2+part2.2+part4.1	0h:3m:16s (0h:1m:31s left)
 145 TN+F+I+G4    34891.553   part1.2+part2.2+part5.3	0h:3m:18s (0h:1m:30s left)
Merging part4.3+part5.3 with BIC score: 34731.050 (LnL: -16855.005  df: 126)
 146 K2P+G4       34899.563   part4.3+part5.2+part5.3	0h:3m:26s (0h:1m:31s left)
 147 K2P+G4       34832.838   part3.2+part4.3+part5.3	0h:3m:27s (0h:1m:30s left)
 148 HKY+F+G4     34870.611   part4.3+part5.1+part5.3	0h:3m:28s (0h:1m:28s left)
 149 HKY+F+G4     34811.412   part4.2+part4.3+part5.3	0h:3m:28s (0h:1m:26s left)
 150 TPM2+F+G4    34779.126   part3.1+part4.3+part5.3	0h:3m:30s (0h:1m:25s left)
 151 K2P+G4       34811.456   part1.3+part4.3+part5.3	0h:3m:31s (0h:1m:23s left)
 152 TIM2+F+I+G4  35015.176   part1.1+part2.1+part4.3+part5.3	0h:3m:34s (0h:1m:23s left)
 153 K2P+G4       34751.851   part2.3+part4.3+part5.3	0h:3m:34s (0h:1m:21s left)
 154 TPM2+F+G4    34734.474   part3.3+part4.3+part5.3	0h:3m:38s (0h:1m:20s left)
 155 K3Pu+F+G4    34759.315   part4.1+part4.3+part5.3	0h:3m:38s (0h:1m:19s left)
 156 TN+F+I+G4    35091.994   part1.2+part2.2+part4.3+part5.3	0h:3m:39s (0h:1m:17s left)
Merging part3.2+part4.2 with BIC score: 34714.966 (LnL: -16859.118  df: 123)
 157 K2P+G4       34725.036   part3.2+part4.2+part5.1	0h:3m:45s (0h:1m:17s left)
 158 K2P+G4       34699.090   part3.1+part3.2+part4.2	0h:3m:46s (0h:1m:16s left)
 159 TN+F+G4      34745.587   part3.2+part4.2+part5.2	0h:3m:47s (0h:1m:14s left)
 160 K2P+G4       34730.467   part1.1+part2.1+part3.2+part4.2	0h:3m:51s (0h:1m:13s left)
 161 K2P+G4       34737.118   part1.2+part2.2+part3.2+part4.2	0h:3m:51s (0h:1m:11s left)
 162 TN+F+G4      34717.895   part1.3+part3.2+part4.2	0h:3m:52s (0h:1m:10s left)
 163 K2P+G4       34847.636   part3.2+part4.2+part4.3+part5.3	0h:3m:52s (0h:1m:8s left)
 164 K2P+G4       34764.922   part2.3+part3.2+part4.2	0h:3m:53s (0h:1m:6s left)
 165 TN+F+G4      34751.535   part3.2+part3.3+part4.2	0h:3m:54s (0h:1m:5s left)
 166 K3P+G4       34731.451   part3.2+part4.1+part4.2	0h:3m:54s (0h:1m:3s left)
Merging part2.3+part3.3 with BIC score: 34698.908 (LnL: -16863.244  df: 120)
 167 K2P+G4       34818.959   part2.3+part3.3+part5.2	0h:4m:6s (0h:1m:4s left)
 168 K2P+G4       34790.073   part2.3+part3.3+part5.1	0h:4m:9s (0h:1m:3s left)
 169 K2P+G4       34727.835   part2.3+part3.1+part3.3	0h:4m:10s (0h:1m:2s left)
 170 K2P+G4       34763.401   part2.3+part3.2+part3.3+part4.2	0h:4m:10s (0h:1m:0s left)
 171 K2P+G4       34999.968   part1.2+part2.2+part2.3+part3.3	0h:4m:11s (0h:0m:58s left)
 172 TIM2+F+G4    34937.388   part1.1+part2.1+part2.3+part3.3	0h:4m:11s (0h:0m:56s left)
 173 K3P+G4       34688.816   part2.3+part3.3+part4.1	0h:4m:11s (0h:0m:55s left)
 174 K2P+G4       34730.176   part1.3+part2.3+part3.3	0h:4m:11s (0h:0m:53s left)
 175 K2P+G4       34723.520   part2.3+part3.3+part4.3+part5.3	0h:4m:19s (0h:0m:53s left)
Merging part3.1+part3.2+part4.2 with BIC score: 34683.032 (LnL: -16899.875  df: 109)
 176 K2P+G4       34716.007   part3.1+part3.2+part4.2+part5.2	0h:4m:25s (0h:0m:52s left)
 177 K2P+G4       34697.964   part3.1+part3.2+part4.2+part5.1	0h:4m:26s (0h:0m:51s left)
 178 K2P+G4       34715.236   part1.2+part2.2+part3.1+part3.2+part4.2	0h:4m:35s (0h:0m:51s left)
 179 K3P+G4       34697.961   part3.1+part3.2+part4.1+part4.2	0h:4m:35s (0h:0m:49s left)
 180 K2P+G4       34705.849   part1.1+part2.1+part3.1+part3.2+part4.2	0h:4m:36s (0h:0m:47s left)
 181 TN+F+G4      34728.705   part1.3+part3.1+part3.2+part4.2	0h:4m:37s (0h:0m:45s left)
 182 TIM2+F+G4    34848.755   part3.1+part3.2+part4.2+part4.3+part5.3	0h:4m:37s (0h:0m:44s left)
 183 K2P+G4       34766.782   part2.3+part3.1+part3.2+part3.3+part4.2	0h:4m:39s (0h:0m:42s left)
Merging part5.1+part5.2 with BIC score: 34672.098 (LnL: -16910.616  df: 105)
 184 K3P+G4       34783.085   part4.1+part5.1+part5.2	0h:4m:46s (0h:0m:42s left)
 185 K2P+G4       34724.984   part3.1+part3.2+part4.2+part5.1+part5.2	0h:4m:47s (0h:0m:40s left)
 186 TN+F+G4      34674.904   part1.2+part2.2+part5.1+part5.2	0h:4m:47s (0h:0m:38s left)
 187 HKY+F+G4     34803.677   part1.3+part5.1+part5.2	0h:4m:48s (0h:0m:37s left)
 188 TPM3u+F+G4   34700.488   part1.1+part2.1+part5.1+part5.2	0h:4m:49s (0h:0m:35s left)
 189 K2P+G4       34928.657   part4.3+part5.1+part5.2+part5.3	0h:4m:49s (0h:0m:33s left)
 190 K2P+G4       34871.513   part2.3+part3.3+part5.1+part5.2	0h:4m:51s (0h:0m:32s left)
Merging part2.3+part3.3+part4.1 with BIC score: 34662.006 (LnL: -16917.725  df: 102)
 191 K3P+G4       34859.002   part2.3+part3.3+part4.1+part5.1+part5.2	0h:5m:8s (0h:0m:32s left)
 192 K3P+G4       34979.767   part1.2+part2.2+part2.3+part3.3+part4.1	0h:5m:11s (0h:0m:30s left)
 193 TVMe+G4      34905.182   part1.1+part2.1+part2.3+part3.3+part4.1	0h:5m:11s (0h:0m:29s left)
 194 K3P+G4       34744.147   part2.3+part3.1+part3.2+part3.3+part4.1+part4.2	0h:5m:12s (0h:0m:27s left)
 195 K3P+G4       34693.082   part1.3+part2.3+part3.3+part4.1	0h:5m:12s (0h:0m:25s left)
 196 K3P+G4       34697.539   part2.3+part3.3+part4.1+part4.3+part5.3	0h:5m:14s (0h:0m:24s left)
BEST-FIT PARTITION MODEL: 
  charpartition BIC = TPM3+F+G4: part1.1 part2.1, TN+F+G4: part1.2 part2.2, HKY+F+G4: part1.3, K3P+G4: part2.3 part3.3 part4.1, K2P+G4: part3.1 part3.2 part4.2, TPM2+F+G4: part4.3 part5.3, K2P: part5.1 part5.2;
Agglomerative model selection: ((part1.1,part2.1)1:34786.8,(part1.2,part2.2)2:34758,part1.3,((part2.3,part3.3)5:34698.9,part4.1)8:34662,(part3.1,(part3.2,part4.2)4:34715)6:34683,(part4.3,part5.3)3:34731.1,(part5.1,part5.2)7:34672.1)
Merging into 7 partitions...
Partition information was printed to 4_set56.best_scheme.nex
Partition information in Raxml format was printed to 4_set56.best_scheme

All model information printed to 4_set56.model.gz
CPU time for ModelFinder: 394.332 seconds (0h:6m:34s)
Wall-clock time for ModelFinder: 314.794 seconds (0h:5m:14s)
Generating 1000 samples for ultrafast bootstrap (seed: 866425)...

NOTE: 11 MB RAM (0 GB) is required!
Measuring multi-threading efficiency up to 8 CPU cores
Increase to 10 rounds for branch lengths
20 trees examined
Threads: 1 / Time: 8.125 sec / Speedup: 1.000 / Efficiency: 100% / LogL: -27898
Threads: 2 / Time: 16.961 sec / Speedup: 0.479 / Efficiency: 24% / LogL: -27898
BEST NUMBER OF THREADS: 1

Estimate model parameters (epsilon = 0.100)
Initial log-likelihood: -18224.509
Current log-likelihood at step 1: -17296.846
Current log-likelihood at step 2: -17139.471
Current log-likelihood at step 3: -17067.371
Current log-likelihood at step 4: -16955.668
Current log-likelihood at step 5: -16939.874
Current log-likelihood at step 6: -16938.791
Current log-likelihood at step 7: -16937.897
Current log-likelihood at step 8: -16937.067
Current log-likelihood at step 9: -16936.288
Current log-likelihood at step 10: -16935.535
Current log-likelihood at step 11: -16934.824
Current log-likelihood at step 12: -16934.150
Current log-likelihood at step 13: -16933.512
Current log-likelihood at step 14: -16932.906
Current log-likelihood at step 15: -16932.330
Current log-likelihood at step 16: -16931.786
Current log-likelihood at step 17: -16931.264
Current log-likelihood at step 18: -16930.777
Current log-likelihood at step 19: -16930.316
Current log-likelihood at step 20: -16929.875
Current log-likelihood at step 21: -16929.462
Current log-likelihood at step 22: -16929.064
Current log-likelihood at step 23: -16928.684
Current log-likelihood at step 24: -16928.318
Current log-likelihood at step 25: -16927.969
Current log-likelihood at step 26: -16927.634
Current log-likelihood at step 27: -16927.313
Current log-likelihood at step 28: -16927.004
Current log-likelihood at step 29: -16926.708
Current log-likelihood at step 30: -16926.422
Current log-likelihood at step 31: -16926.148
Current log-likelihood at step 32: -16925.884
Current log-likelihood at step 33: -16925.630
Current log-likelihood at step 34: -16925.385
Current log-likelihood at step 35: -16925.149
Current log-likelihood at step 36: -16924.922
Current log-likelihood at step 37: -16924.703
Current log-likelihood at step 38: -16924.499
Current log-likelihood at step 39: -16924.332
Current log-likelihood at step 40: -16924.169
Current log-likelihood at step 41: -16924.010
Current log-likelihood at step 42: -16923.856
Current log-likelihood at step 43: -16923.706
Current log-likelihood at step 44: -16923.560
Current log-likelihood at step 45: -16923.418
Current log-likelihood at step 46: -16923.280
Current log-likelihood at step 47: -16923.145
Current log-likelihood at step 48: -16923.014
Current log-likelihood at step 49: -16922.886
Current log-likelihood at step 50: -16922.762
Current log-likelihood at step 51: -16922.641
Current log-likelihood at step 52: -16922.522
Current log-likelihood at step 53: -16922.407
Current log-likelihood at step 54: -16922.295
Current log-likelihood at step 55: -16922.185
Current log-likelihood at step 56: -16922.077
Current log-likelihood at step 57: -16921.974
Current log-likelihood at step 58: -16921.872
Current log-likelihood at step 59: -16921.774
Partition-specific rates:  0.529 0.317 1.467 1.630 0.739 2.887 0.150
Parameters optimization took 58 rounds (16.739 sec)

Computing ML distances based on estimated model parameters... 0.071 sec
Computing BIONJ tree...
0.005 seconds
Log-likelihood of BIONJ tree: -16923.990
--------------------------------------------------------------------
|             INITIALIZING CANDIDATE TREE SET                      |
--------------------------------------------------------------------
Generating 98 parsimony trees... 4.466 second
Computing log-likelihood of 98 initial trees ... 16.368 seconds
Current best score: -16921.774

Do NNI search on 20 best initial trees
Estimate model parameters (epsilon = 0.100)
Initial log-likelihood: -16918.056
Current log-likelihood at step 1: -16917.896
Current log-likelihood at step 2: -16917.797
Parameters optimization took 1 rounds (0.525 sec)

BETTER TREE FOUND at iteration 1: -16917.797
UPDATE BEST LOG-LIKELIHOOD: -16917.793
Estimate model parameters (epsilon = 0.100)
Initial log-likelihood: -16916.134
Current log-likelihood at step 1: -16910.799
Current log-likelihood at step 2: -16910.796
Parameters optimization took 1 rounds (0.395 sec)

BETTER TREE FOUND at iteration 4: -16910.796
Iteration 10 / LogL: -16912.494 / Time: 0h:1m:17s
Iteration 20 / LogL: -16912.494 / Time: 0h:1m:41s
Finish initializing candidate tree set (5)
Current best tree score: -16910.796 / CPU time: 59.398
Number of iterations: 20
--------------------------------------------------------------------
|               OPTIMIZING CANDIDATE TREE SET                      |
--------------------------------------------------------------------
Iteration 30 / LogL: -16910.796 / Time: 0h:1m:59s (0h:5m:5s left)
Iteration 40 / LogL: -16910.811 / Time: 0h:2m:20s (0h:3m:50s left)
Iteration 50 / LogL: -16910.796 / Time: 0h:2m:39s (0h:2m:55s left)
Log-likelihood cutoff on original alignment: -16947.901
Iteration 60 / LogL: -16910.796 / Time: 0h:3m:0s (0h:2m:14s left)
Iteration 70 / LogL: -16912.853 / Time: 0h:3m:17s (0h:1m:37s left)
Iteration 80 / LogL: -16911.616 / Time: 0h:3m:34s (0h:1m:5s left)
Iteration 90 / LogL: -16910.796 / Time: 0h:3m:51s (0h:0m:36s left)
Iteration 100 / LogL: -16910.808 / Time: 0h:4m:8s (0h:0m:10s left)
Log-likelihood cutoff on original alignment: -16947.901
NOTE: Bootstrap correlation coefficient of split occurrence frequencies: 0.999
TREE SEARCH COMPLETED AFTER 105 ITERATIONS / Time: 0h:4m:19s

--------------------------------------------------------------------
|                    FINALIZING TREE SEARCH                        |
--------------------------------------------------------------------
Performs final model parameters optimization
Estimate model parameters (epsilon = 0.010)
Initial log-likelihood: -16910.796
Current log-likelihood at step 1: -16910.795
Partition-specific rates:  0.534 0.319 1.473 1.635 0.742 2.906 0.053
Parameters optimization took 0 rounds (0.204 sec)

BEST SCORE FOUND : -16910.795
Creating bootstrap support values...
Split supports printed to NEXUS file 4_set56.splits.nex
Total tree length: 0.815

Total number of iterations: 105
CPU time used for tree search: 77.078 sec (0h:1m:17s)
Wall-clock time used for tree search: 216.724 sec (0h:3m:36s)
Total CPU time used: 92.308 sec (0h:1m:32s)
Total wall-clock time used: 259.828 sec (0h:4m:19s)

Computing bootstrap consensus tree...
Reading input file 4_set56.splits.nex...
35 taxa and 118 splits.
Consensus tree written to 4_set56.contree
Reading input trees file 4_set56.contree
Log-likelihood of consensus tree: -16910.795

Analysis results written to: 
  IQ-TREE report:                4_set56.iqtree
  Maximum-likelihood tree:       4_set56.treefile
  Likelihood distances:          4_set56.mldist
  Best partitioning scheme:      4_set56.best_scheme.nex
           in RAxML format:      4_set56.best_scheme

Ultrafast bootstrap approximation results written to:
  Split support values:          4_set56.splits.nex
  Consensus tree:                4_set56.contree
  Screen log file:               4_set56.log

Date and Time: Thu Sep  6 23:02:30 2018
