IQ-TREE multicore version 1.6.7 for Mac OS X 64-bit built Aug 23 2018
Developed by Bui Quang Minh, Nguyen Lam Tung, Olga Chernomor,
Heiko Schmidt, Dominik Schrempf, Michael Woodhams.

Host:    meeps-mac-pro.staff.sydney.edu.au (AVX, 64 GB RAM)
Command: /Users/davidduchene/Desktop/Software/iqtree-1.6.7-MacOSX/bin/iqtree -s ../../../../marsupials/set211.fasta -m TESTMERGE -bb 1000 -spp ../../../../marsupials/set211.nex -nt AUTO -pre 4_set211
Seed:    561364 (Using SPRNG - Scalable Parallel Random Number Generator)
Time:    Sat Sep  8 01:34:05 2018
Kernel:  AVX - auto-detect threads (8 CPU cores detected)

Reading partition model file ../../../../marsupials/set211.nex ...
Reading alignment file ../../../../marsupials/set211.fasta ... Fasta format detected
Alignment most likely contains DNA/RNA sequences
Alignment has 35 sequences with 2823 columns, 1083 distinct patterns
673 parsimony-informative, 358 singleton sites, 1792 constant sites
                                              Gap/Ambiguity  Composition  p-value
   1  Burramyidae_Burramys_parvus                     0.67%    passed     87.72%
   2  Notoryctidae_Notoryctes_typhlops                1.45%    passed     98.85%
   3  Vombatidae_Lasiorhinus_latifrons                2.23%    passed     88.35%
   4  Potoroidae_Bettongia_penicillata               15.02%    passed     29.10%
   5  Potoroidae_Bettongia_lesueur                    0.11%    passed     84.94%
   6  Dasyuridae_Dasyurus_maculatus                  10.95%    passed     18.67%
   7  Phalangeridae_Trichosurus_vulpecula             0.07%    passed     97.73%
   8  Phalangeridae_Spilocuscus_maculatus             0.89%    passed     99.37%
   9  Potoroidae_Aepyprymnus_rufescens                0.25%    passed     28.53%
  10  Peramelidae_Perameles_nasuta                    3.26%    passed     91.76%
  11  Phalangeridae_Strigocuscus_pelengensis          1.03%    passed     87.36%
  12  Dasyuridae_Phascogale_tapoatafa                 0.04%    passed     83.99%
  13  Dasyuridae_Sminthopsis_macroura                 0.07%    passed     76.43%
  14  Phalangeridae_Phalanger_orientalis              0.28%    passed     96.77%
  15  Acrobatidae_Acrobates_pygmaeus                  0.85%    passed     93.08%
  16  Dasyuridae_Phascogale_calura                    0.18%    passed     74.42%
  17  Dasyuridae_Sarcophilus_harrisii                 0.53%    passed     58.74%
  18  Dasyuridae_Planigale_tenuirostris               7.12%    passed     64.26%
  19  Peramelidae_Echymipera_kalubu                   0.00%    passed     49.52%
  20  Macropodidae_Dorcopsulus_vanheurni              1.13%    passed     92.38%
  21  Pseudochiridae_Pseudochirulus_forbesi           0.14%    passed     89.96%
  22  Didelphidae_Didelphis_virginiana                0.28%    passed     85.42%
  23  Marmosidae_Monodelphis_domestica                0.11%    passed     99.01%
  24  Dasyuridae_Antechinus_stuartii                  0.57%    passed     80.18%
  25  Hypsiprymnodontidae_Hypsiprymnodon_moschatus   10.95%    passed     88.63%
  26  Microbiotheriidae_Dromiciops_gliroides          0.64%    passed     89.08%
  27  Pseudochiridae_Petauroides_volans               0.78%    passed     99.70%
  28  Macropodidae_Wallabia_bicolor                   2.20%    passed     76.50%
  29  Pseudochiridae_Pseudocheirus_occidentalis       6.20%    passed     92.96%
  30  Tarsipedidae_Tarsipes_rostratus                 2.90%    passed     10.39%
  31  Acrobatidae_Distoechurus_pennatus              59.16%    failed      0.00%
  32  Phalangeridae_Phalanger_carmelitae              0.00%    passed     96.92%
  33  Peramelidae_Peroryctes_raffrayana               5.92%    passed     97.47%
  34  Dasyuridae_Dasyurus_geffroii                    0.00%    passed     72.44%
  35  Peramelidae_Perameles_gunnii                    0.04%    passed     62.67%
WARNING: 1 sequences contain more than 50% gaps/ambiguity
****  TOTAL                                           3.89%  1 sequences failed composition chi2 test (p-value<5%; df=3)
NOTE: No CharPartition defined, use all CharSets

Loading 15 partitions...
Subset	Type	Seqs	Sites	Infor	Invar	Model	Name
1		35	92	5	73	TESTMERGE	part1.1
2		35	92	5	76	TESTMERGE	part1.2
3		35	92	30	35	TESTMERGE	part1.3
4		33	103	22	66	TESTMERGE	part2.1
5		33	103	12	77	TESTMERGE	part2.2
6		33	103	44	39	TESTMERGE	part2.3
7		35	118	34	53	TESTMERGE	part3.1
8		35	118	21	64	TESTMERGE	part3.2
9		35	118	54	28	TESTMERGE	part3.3
10		34	556	43	483	TESTMERGE	part4.1
11		34	556	20	518	TESTMERGE	part4.2
12		34	556	339	136	TESTMERGE	part4.3
13		35	72	12	54	TESTMERGE	part5.1
14		35	72	6	60	TESTMERGE	part5.2
15		35	72	26	30	TESTMERGE	part5.3
Degree of missing data: 0.023
Info: multi-threading strategy over partitions



Create initial parsimony tree by phylogenetic likelihood library (PLL)... 0.010 seconds
NOTE: ModelFinder requires 10 MB RAM!
NUMBER OF THREADS FOR PARTITION FINDING: 8
Testing GTR+F+G on supermatrix...
GTR+F+G4 / LnL: -15732.817 / df: 76 / AIC: 31617.635 / AICc: 31621.897 / BIC: 32069.497
Selecting individual models for 15 charsets using BIC...
 No. Model        Score       Charset
   1 K2P+G4       1366.038    part3.2
   2 K2P+G4       1677.981    part2.3
   3 K2P+I        1646.438    part3.1
   4 TPM3u+F+G4   1382.155    part1.3
   5 K3P+G4       2298.453    part3.3
   6 K2P+G4       1045.782    part2.1
   7 K2P+I        1088.480    part5.3
   8 TN+F+I+G4    2365.931    part4.2
   9 K3P          555.041     part1.1
  10 TN+F+I+G4    3104.838    part4.1	0h:0m:12s (0h:4m:16s left)
  11 TIMe         770.797     part2.2	0h:0m:12s (0h:3m:53s left)
  12 TPM2u+F+I    545.616     part1.2	0h:0m:12s (0h:3m:33s left)
  13 K2P          421.977     part5.2	0h:0m:13s (0h:3m:20s left)
  14 TNe+I        613.233     part5.1	0h:0m:13s (0h:3m:7s left)
  15 TIM2+F+G4    11415.811   part4.3	0h:0m:18s (0h:3m:58s left)
Full partition model BIC score: 31018.055 (LnL: -14968.730  df:136)
Merging models to increase model fit (about 211 total partition schemes)...
  16 TPM2u+F+G4   31019.490   part1.3+part4.3	0h:0m:35s (0h:7m:11s left)
  17 K2P+I+G4     31700.212   part4.2+part4.3	0h:0m:35s (0h:6m:45s left)
  18 TPM2u+F+G4   31106.645   part3.2+part4.3	0h:0m:36s (0h:6m:26s left)
  19 TPM2+F+G4    31036.532   part4.3+part5.3	0h:0m:37s (0h:6m:17s left)
  20 TIM2+F+G4    31055.498   part3.1+part4.3	0h:0m:38s (0h:6m:7s left)
  21 TPM2+F+G4    31038.321   part2.3+part4.3	0h:0m:38s (0h:5m:52s left)
  22 TIM+F+G4     31044.813   part3.3+part4.3	0h:0m:40s (0h:5m:50s left)
  23 TIM+F+I+G4   31518.015   part4.1+part4.3	0h:0m:41s (0h:5m:40s left)
  24 K3P+G4       31017.649   part3.1+part3.3	0h:0m:46s (0h:6m:1s left)
  25 TIM+F+I+G4   31202.285   part3.3+part4.1	0h:0m:50s (0h:6m:19s left)
  26 TIM2+F+G4    31152.171   part2.2+part4.3	0h:0m:52s (0h:6m:14s left)
  27 TPM2u+F+G4   31113.705   part2.1+part4.3	0h:0m:53s (0h:6m:2s left)
  28 TIM2+F+G4    31147.808   part1.1+part4.3	0h:0m:53s (0h:5m:47s left)
  29 K2P+G4       31141.117   part1.2+part4.3	0h:0m:54s (0h:5m:39s left)
  30 TN+F+I+G4    31099.591   part3.1+part4.1	0h:0m:55s (0h:5m:35s left)
  31 TPM2u+F+G4   31127.226   part4.3+part5.2	0h:0m:57s (0h:5m:33s left)
  32 TIM2+F+G4    31087.869   part4.3+part5.1	0h:0m:58s (0h:5m:25s left)
  33 K3P+G4       31041.726   part3.2+part3.3	0h:1m:0s (0h:5m:23s left)
  34 K3Pu+F+G4    31008.905   part2.3+part3.3	0h:1m:2s (0h:5m:27s left)
  35 TN+F+I+G4    31074.232   part3.2+part4.1	0h:1m:3s (0h:5m:17s left)
  36 K3Pu+F+G4    31002.851   part1.3+part3.3	0h:1m:4s (0h:5m:11s left)
  37 K2P+G4       30998.932   part3.1+part3.2	0h:1m:5s (0h:5m:6s left)
  38 TN+F+I+G4    31116.104   part2.3+part4.1	0h:1m:6s (0h:5m:3s left)
  39 TVM+F+I+G4   31259.137   part3.3+part4.2	0h:1m:6s (0h:4m:54s left)
  40 K2P+G4       31000.928   part2.3+part3.1	0h:1m:8s (0h:4m:52s left)
  41 TN+F+I+G4    31105.578   part1.3+part4.1	0h:1m:9s (0h:4m:47s left)
  42 HKY+F+I+G4   31044.090   part4.1+part4.2	0h:1m:11s (0h:4m:49s left)
  43 K2P+G4       31012.675   part2.3+part3.2	0h:1m:12s (0h:4m:43s left)
  44 K2P+G4       31004.271   part1.3+part3.1	0h:1m:14s (0h:4m:44s left)
  45 TPM2u+F+I+G4 31158.619   part3.1+part4.2	0h:1m:15s (0h:4m:37s left)
  46 K3P+G4       31011.208   part3.3+part5.3	0h:1m:18s (0h:4m:42s left)
  47 K3P+G4       31042.880   part2.1+part3.3	0h:1m:18s (0h:4m:35s left)
  48 TN+F+I+G4    31112.082   part3.2+part4.2	0h:1m:21s (0h:4m:36s left)
  49 TN+F+I+G4    31039.255   part2.1+part4.1	0h:1m:22s (0h:4m:33s left)
  50 TN+F+I+G4    31077.800   part4.1+part5.3	0h:1m:22s (0h:4m:26s left)
  51 HKY+F+G4     30988.410   part1.3+part2.3	0h:1m:23s (0h:4m:22s left)
  52 TPM3+F+G4    31018.289   part1.3+part3.2	0h:1m:25s (0h:4m:21s left)
  53 TPM2+F+I+G4  31156.151   part2.3+part4.2	0h:1m:27s (0h:4m:19s left)
  54 K3P+G4       31081.376   part2.2+part3.3	0h:1m:27s (0h:4m:13s left)
  55 K2P+I        30995.036   part3.1+part5.3	0h:1m:27s (0h:4m:8s left)
  56 K3P+G4       31083.065   part1.1+part3.3	0h:1m:29s (0h:4m:8s left)
  57 K2P+G4       31003.816   part2.1+part3.1	0h:1m:30s (0h:4m:5s left)
  58 TN+F+I+G4    31024.461   part2.2+part4.1	0h:1m:31s (0h:4m:2s left)
  59 K2P+G4       31001.736   part3.2+part5.3	0h:1m:33s (0h:4m:1s left)
  60 HKY+F+I+G4   31129.026   part1.3+part4.2	0h:1m:35s (0h:4m:0s left)
  61 K3Pu+F+G4    31079.795   part1.2+part3.3	0h:1m:35s (0h:3m:55s left)
  62 K2P+G4       30997.110   part2.3+part5.3	0h:1m:38s (0h:3m:56s left)
  63 TIM+F+I+G4   31008.482   part1.1+part4.1	0h:1m:39s (0h:3m:54s left)
  64 K2P+G4       30996.619   part2.1+part3.2	0h:1m:39s (0h:3m:49s left)
  65 K3P+G4       31045.270   part3.3+part5.1	0h:1m:41s (0h:3m:48s left)
  66 TN+F+I+G4    30996.899   part1.2+part4.1	0h:1m:42s (0h:3m:44s left)
  67 K2P+G4       31016.604   part2.1+part2.3	0h:1m:43s (0h:3m:42s left)
  68 K2P+G4       31022.228   part2.2+part3.1	0h:1m:43s (0h:3m:38s left)
  69 K2P+G4       31040.800   part1.1+part3.1	0h:1m:47s (0h:3m:41s left)
  70 TN+F+I+G4    31012.085   part4.1+part5.1	0h:1m:49s (0h:3m:40s left)
  71 K2P+G4       31023.223   part1.2+part3.1	0h:1m:49s (0h:3m:36s left)
  72 K3P+G4       31075.332   part3.3+part5.2	0h:1m:49s (0h:3m:31s left)
  73 HKY+F+G4     30997.634   part1.3+part5.3	0h:1m:51s (0h:3m:30s left)
  74 TN+F+I+G4    31064.802   part2.1+part4.2	0h:1m:52s (0h:3m:27s left)
  75 TPM2+F+I+G4  31115.118   part4.2+part5.3	0h:1m:53s (0h:3m:26s left)
  76 TN+F+I+G4    31017.159   part4.1+part5.2	0h:1m:54s (0h:3m:24s left)
  77 K3P+G4       31009.453   part2.2+part3.2	0h:1m:55s (0h:3m:20s left)
  78 K2P+G4       31025.462   part1.1+part3.2	0h:1m:55s (0h:3m:16s left)
  79 K2P+G4       31040.668   part2.2+part2.3	0h:1m:56s (0h:3m:15s left)
  80 TPM3u+F+G4   31023.850   part1.3+part2.1	0h:1m:58s (0h:3m:14s left)
  81 K2P+G4       31011.564   part3.1+part5.1	0h:1m:59s (0h:3m:12s left)
  82 TNe+G4       31055.119   part1.1+part2.3	0h:2m:1s (0h:3m:11s left)
  83 K2P+G4       31009.468   part1.2+part3.2	0h:2m:3s (0h:3m:11s left)
  84 K2P+G4       31033.560   part3.1+part5.2	0h:2m:3s (0h:3m:7s left)
  85 HKY+F+G4     31041.307   part1.2+part2.3	0h:2m:7s (0h:3m:9s left)
  86 K2P+G4       31001.840   part3.2+part5.1	0h:2m:9s (0h:3m:8s left)
  87 K2P+G4       31039.314   part1.3+part2.2	0h:2m:10s (0h:3m:5s left)
  88 TN+F+I+G4    31031.495   part2.2+part4.2	0h:2m:11s (0h:3m:4s left)
  89 TN+F+I+G4    31041.530   part1.1+part4.2	0h:2m:12s (0h:3m:1s left)
  90 TN+F+G4      31055.083   part1.1+part1.3	0h:2m:12s (0h:2m:58s left)
  91 K2P+G4       31023.318   part2.3+part5.1	0h:2m:14s (0h:2m:57s left)
  92 K2P+G4       31019.748   part3.2+part5.2	0h:2m:16s (0h:2m:56s left)
  93 K2P+G4       31006.307   part2.1+part5.3	0h:2m:18s (0h:2m:55s left)
  94 K2P+G4       31047.016   part2.3+part5.2	0h:2m:19s (0h:2m:53s left)
  95 TN+F+G4      31024.965   part1.2+part1.3	0h:2m:20s (0h:2m:51s left)
  96 TN+F+I+G4    30992.876   part1.2+part4.2	0h:2m:20s (0h:2m:48s left)
  97 K2P+G4       31023.370   part2.2+part5.3	0h:2m:22s (0h:2m:47s left)
  98 K2P+G4       31021.829   part1.3+part5.1	0h:2m:22s (0h:2m:44s left)
  99 K2P+G4       31001.163   part2.1+part2.2	0h:2m:24s (0h:2m:43s left)
 100 TN+F+I+G4    31026.360   part4.2+part5.1	0h:2m:26s (0h:2m:42s left)
 101 TPM3u+F+G4   31049.825   part1.3+part5.2	0h:2m:26s (0h:2m:39s left)
 102 K2P+G4       31039.122   part1.1+part5.3	0h:2m:27s (0h:2m:38s left)
 103 K2P+G4       31018.331   part1.1+part2.1	0h:2m:28s (0h:2m:35s left)
 104 K2P+G4       31020.049   part1.2+part5.3	0h:2m:29s (0h:2m:33s left)
 105 TN+F+I+G4    31016.295   part4.2+part5.2	0h:2m:29s (0h:2m:30s left)
 106 K2P+G4       31013.212   part5.1+part5.3	0h:2m:31s (0h:2m:29s left)
 107 K2P+G4       31000.074   part1.2+part2.1	0h:2m:31s (0h:2m:27s left)
 108 K2P+G4       30995.532   part2.1+part5.1	0h:2m:32s (0h:2m:25s left)
 109 K2P          31003.183   part1.1+part2.2	0h:2m:33s (0h:2m:23s left)
 110 K2P+G4       31033.026   part5.2+part5.3	0h:2m:33s (0h:2m:20s left)
 111 K2P+G4       31011.528   part2.1+part5.2	0h:2m:35s (0h:2m:19s left)
 112 K3P+G4       30992.555   part1.2+part2.2	0h:2m:35s (0h:2m:17s left)
 113 K2P+G4       31011.535   part1.1+part5.1	0h:2m:37s (0h:2m:16s left)
 114 TPM2+F       30996.905   part1.1+part1.2	0h:2m:37s (0h:2m:14s left)
 115 TNe+G4       30991.729   part2.2+part5.1	0h:2m:37s (0h:2m:11s left)
 116 K2P+G4       31003.248   part2.2+part5.2	0h:2m:39s (0h:2m:10s left)
 117 K2P+G4       30991.825   part1.2+part5.1	0h:2m:39s (0h:2m:8s left)
 118 K2P          31001.503   part1.1+part5.2	0h:2m:39s (0h:2m:5s left)
 119 K2P+G4       31004.190   part5.1+part5.2	0h:2m:39s (0h:2m:3s left)
 120 K2P+G4       30992.940   part1.2+part5.2	0h:2m:39s (0h:2m:1s left)
Merging part1.3+part2.3 with BIC score: 30988.410 (LnL: -14969.798  df: 132)
 121 K2P+G4       31007.083   part1.3+part2.3+part5.1	0h:2m:49s (0h:2m:5s left)
 122 TPM3+F+G4    30997.938   part1.3+part2.1+part2.3	0h:2m:50s (0h:2m:4s left)
 123 K2P+G4       30982.522   part1.3+part2.3+part3.1	0h:2m:50s (0h:2m:1s left)
 124 TPM3u+F+G4   30994.216   part1.3+part2.3+part3.2	0h:2m:52s (0h:2m:0s left)
 125 K3Pu+F+G4    30975.725   part1.3+part2.3+part3.3	0h:2m:53s (0h:1m:59s left)
 126 TPM2u+F+I+G4 31207.886   part1.3+part2.3+part4.2	0h:2m:54s (0h:1m:57s left)
 127 TN+F+I+G4    31159.440   part1.3+part2.3+part4.1	0h:2m:56s (0h:1m:56s left)
 128 TPM2+F+G4    31030.065   part1.3+part2.3+part4.3	0h:3m:0s (0h:1m:57s left)
 129 TN+F+G4      31042.414   part1.1+part1.3+part2.3	0h:3m:1s (0h:1m:55s left)
 130 HKY+F+G4     31031.533   part1.3+part2.2+part2.3	0h:3m:1s (0h:1m:52s left)
 131 HKY+F+G4     31008.010   part1.2+part1.3+part2.3	0h:3m:1s (0h:1m:50s left)
 132 HKY+F+G4     31025.671   part1.3+part2.3+part5.2	0h:3m:1s (0h:1m:48s left)
 133 HKY+F+G4     30967.149   part1.3+part2.3+part5.3	0h:3m:2s (0h:1m:46s left)
Merging part2.2+part5.1 with BIC score: 30962.083 (LnL: -14972.526  df: 128)
 134 TNe+G4       30952.620   part2.2+part5.1+part5.2	0h:3m:5s (0h:1m:46s left)
 135 TNe+G4       30958.668   part2.2+part3.2+part5.1	0h:3m:8s (0h:1m:45s left)
 136 K2P+G4       30974.489   part2.2+part3.1+part5.1	0h:3m:8s (0h:1m:44s left)
 137 K3P+G4       31046.537   part2.2+part3.3+part5.1	0h:3m:11s (0h:1m:43s left)
 138 K2P+G4       30948.094   part2.1+part2.2+part5.1	0h:3m:11s (0h:1m:41s left)
 139 TN+F+I+G4    30982.699   part2.2+part4.1+part5.1	0h:3m:11s (0h:1m:39s left)
 140 TNe+G4       30961.318   part1.1+part2.2+part5.1	0h:3m:13s (0h:1m:38s left)
 141 TN+F+I+G4    30996.275   part2.2+part4.2+part5.1	0h:3m:13s (0h:1m:36s left)
 142 K2P+G4       31025.039   part1.3+part2.2+part2.3+part5.1	0h:3m:14s (0h:1m:34s left)
 143 K2P+G4       30942.382   part1.2+part2.2+part5.1	0h:3m:14s (0h:1m:32s left)
 144 K2P+G4       30974.415   part2.2+part5.1+part5.3	0h:3m:15s (0h:1m:30s left)
 145 TIM2+F+G4    31165.562   part2.2+part4.3+part5.1	0h:3m:17s (0h:1m:29s left)
Merging part1.2+part4.2 with BIC score: 30936.904 (LnL: -14987.746  df: 121)
 146 TPM2u+F+I+G4 31016.073   part1.2+part3.2+part4.2	0h:3m:25s (0h:1m:31s left)
 147 TN+F+I+G4    30931.385   part1.2+part4.2+part5.2	0h:3m:25s (0h:1m:29s left)
 148 TPM2+F+I+G4  31017.679   part1.2+part4.2+part5.3	0h:3m:27s (0h:1m:28s left)
 149 TPM2u+F+I+G4 31060.993   part1.2+part3.1+part4.2	0h:3m:27s (0h:1m:26s left)
 150 TPM2u+F+I+G4 31143.387   part1.2+part1.3+part2.3+part4.2	0h:3m:29s (0h:1m:25s left)
 151 TVM+F+I+G4   31169.758   part1.2+part3.3+part4.2	0h:3m:30s (0h:1m:23s left)
 152 HKY+F+I+G4   30959.118   part1.2+part4.1+part4.2	0h:3m:30s (0h:1m:21s left)
 153 TPM2+F+I+G4  30971.323   part1.2+part2.1+part4.2	0h:3m:33s (0h:1m:20s left)
 154 TN+F+I+G4    30968.330   part1.2+part2.2+part4.2+part5.1	0h:3m:33s (0h:1m:19s left)
 155 TPM2u+F+I+G4 30947.908   part1.1+part1.2+part4.2	0h:3m:34s (0h:1m:17s left)
 156 K2P+I+G4     31648.324   part1.2+part4.2+part4.3	0h:3m:34s (0h:1m:15s left)
Merging part3.1+part5.3 with BIC score: 30913.885 (LnL: -14988.155  df: 118)
 157 K2P+I        30937.309   part3.1+part5.2+part5.3	0h:3m:37s (0h:1m:14s left)
 158 K2P+G4       30904.583   part2.1+part3.1+part5.3	0h:3m:39s (0h:1m:13s left)
 159 K2P+G4       30939.799   part2.2+part3.1+part5.1+part5.3	0h:3m:39s (0h:1m:11s left)
 160 K2P+G4       30898.209   part3.1+part3.2+part5.3	0h:3m:40s (0h:1m:10s left)
 161 K3P+G4       30919.664   part3.1+part3.3+part5.3	0h:3m:42s (0h:1m:9s left)
 162 K2P+G4       30909.323   part1.3+part2.3+part3.1+part5.3	0h:3m:42s (0h:1m:7s left)
 163 K2P+G4       30945.567   part1.1+part3.1+part5.3	0h:3m:43s (0h:1m:5s left)
 164 TN+F+G4      31044.097   part3.1+part4.1+part5.3	0h:3m:43s (0h:1m:4s left)
 165 TPM2u+F+G4   31099.632   part1.2+part3.1+part4.2+part5.3	0h:3m:45s (0h:1m:2s left)
 166 TIM2+F+G4    30985.203   part3.1+part4.3+part5.3	0h:3m:47s (0h:1m:1s left)
Merging part2.1+part3.2 with BIC score: 30892.449 (LnL: -14989.355  df: 115)
 167 K2P+G4       30892.808   part2.1+part3.2+part5.2	0h:3m:53s (0h:1m:1s left)
 168 K2P+G4       30885.678   part2.1+part2.2+part3.2+part5.1	0h:3m:53s (0h:0m:59s left)
 169 K2P+G4       30899.777   part1.1+part2.1+part3.2	0h:3m:53s (0h:0m:58s left)
 170 K2P+G4       30883.637   part2.1+part3.1+part3.2+part5.3	0h:3m:56s (0h:0m:57s left)
 171 K3P+G4       30936.269   part2.1+part3.2+part3.3	0h:3m:58s (0h:0m:55s left)
 172 TN+F+I+G4    30969.481   part2.1+part3.2+part4.1	0h:3m:58s (0h:0m:54s left)
 173 TPM3u+F+G4   30912.069   part1.3+part2.1+part2.3+part3.2	0h:3m:58s (0h:0m:52s left)
 174 TPM2u+F+I+G4 30996.231   part1.2+part2.1+part3.2+part4.2	0h:4m:1s (0h:0m:51s left)
 175 K2P+G4       31058.744   part2.1+part3.2+part4.3	0h:4m:2s (0h:0m:49s left)
Merging part1.1+part5.2 with BIC score: 30875.896 (LnL: -14992.997  df: 112)
 176 K2P+G4       30874.346   part1.1+part2.2+part5.1+part5.2	0h:4m:9s (0h:0m:49s left)
 177 K2P+G4       30929.909   part1.1+part3.1+part5.2+part5.3	0h:4m:10s (0h:0m:48s left)
 178 K2P+G4       30893.586   part1.1+part2.1+part3.2+part5.2	0h:4m:12s (0h:0m:46s left)
 179 K3P+G4       30978.574   part1.1+part3.3+part5.2	0h:4m:13s (0h:0m:45s left)
 180 HKY+F+I      30890.619   part1.1+part1.2+part4.2+part5.2	0h:4m:13s (0h:0m:43s left)
 181 TIM+F+I+G4   30880.953   part1.1+part4.1+part5.2	0h:4m:13s (0h:0m:42s left)
 182 TN+F+G4      30965.649   part1.1+part1.3+part2.3+part5.2	0h:4m:13s (0h:0m:40s left)
 183 TIM+F+G4     31107.479   part1.1+part4.3+part5.2	0h:4m:17s (0h:0m:39s left)
Merging part1.3+part2.3+part3.3 with BIC score: 30863.211 (LnL: -14998.573  df: 109)
 184 K3Pu+F+G4    30985.596   part1.1+part1.3+part2.3+part3.3+part5.2	0h:4m:28s (0h:0m:39s left)
 185 TPM3+F+G4    30973.253   part1.3+part2.2+part2.3+part3.3+part5.1	0h:4m:29s (0h:0m:37s left)
 186 TPM3+F+G4    30902.856   part1.3+part2.1+part2.3+part3.2+part3.3	0h:4m:29s (0h:0m:36s left)
 187 K3Pu+F+G4    30875.534   part1.3+part2.3+part3.1+part3.3+part5.3	0h:4m:29s (0h:0m:34s left)
 188 TVM+F+I+G4   31216.216   part1.2+part1.3+part2.3+part3.3+part4.2	0h:4m:30s (0h:0m:33s left)
 189 TIMe+I+G4    31144.278   part1.3+part2.3+part3.3+part4.1	0h:4m:31s (0h:0m:31s left)
 190 K3P+G4       30912.928   part1.3+part2.3+part3.3+part4.3	0h:4m:34s (0h:0m:30s left)
Merging part2.1+part3.1+part3.2+part5.3 with BIC score: 30854.399 (LnL: -15006.085  df: 106)
 191 K2P+G4       30866.907   part2.1+part2.2+part3.1+part3.2+part5.1+part5.3	0h:4m:42s (0h:0m:29s left)
 192 K2P+G4       30897.307   part1.1+part2.1+part3.1+part3.2+part5.2+part5.3	0h:4m:42s (0h:0m:27s left)
 193 TN+F+G4      31010.330   part2.1+part3.1+part3.2+part4.1+part5.3	0h:4m:44s (0h:0m:26s left)
 194 TPM2u+F+G4   31073.292   part1.2+part2.1+part3.1+part3.2+part4.2+part5.3	0h:4m:46s (0h:0m:25s left)
 195 TPM3+F+G4    30894.682   part1.3+part2.1+part2.3+part3.1+part3.2+part3.3+part5.3	0h:4m:47s (0h:0m:23s left)
 196 K2P+G4       31057.041   part2.1+part3.1+part3.2+part4.3+part5.3	0h:4m:50s (0h:0m:22s left)
Merging part1.1+part2.2+part5.1+part5.2 with BIC score: 30852.849 (LnL: -15017.229  df: 103)
 197 TN+F+I+G4    30875.588   part1.1+part2.2+part4.1+part5.1+part5.2	0h:4m:56s (0h:0m:21s left)
 198 TN+F+I+G4    30892.758   part1.1+part1.2+part2.2+part4.2+part5.1+part5.2	0h:4m:56s (0h:0m:19s left)
 199 K2P+G4       30894.295   part1.1+part2.1+part2.2+part3.1+part3.2+part5.1+part5.2+part5.3	0h:4m:56s (0h:0m:17s left)
 200 K3P+G4       31026.537   part1.1+part1.3+part2.2+part2.3+part3.3+part5.1+part5.2	0h:4m:59s (0h:0m:16s left)
 201 K2P+G4       31204.252   part1.1+part2.2+part4.3+part5.1+part5.2	0h:5m:1s (0h:0m:15s left)
BEST-FIT PARTITION MODEL: 
  charpartition BIC = K2P+G4: part1.1 part2.2 part5.1 part5.2, TN+F+I+G4: part1.2 part4.2, K3Pu+F+G4: part1.3 part2.3 part3.3, K2P+G4: part2.1 part3.1 part3.2 part5.3, TN+F+I+G4: part4.1, TIM2+F+G4: part4.3;
Agglomerative model selection: (((part1.1,part5.2)6:30875.9,(part2.2,part5.1)2:30962.1)9:30852.8,(part1.2,part4.2)3:30936.9,((part1.3,part2.3)1:30988.4,part3.3)7:30863.2,((part2.1,part3.2)5:30892.4,(part3.1,part5.3)4:30913.9)8:30854.4,part4.1,part4.3)
Merging into 6 partitions...
Partition information was printed to 4_set211.best_scheme.nex
Partition information in Raxml format was printed to 4_set211.best_scheme

All model information printed to 4_set211.model.gz
CPU time for ModelFinder: 394.892 seconds (0h:6m:34s)
Wall-clock time for ModelFinder: 302.014 seconds (0h:5m:2s)
Generating 1000 samples for ultrafast bootstrap (seed: 561364)...

NOTE: 10 MB RAM (0 GB) is required!
Measuring multi-threading efficiency up to 8 CPU cores
Increase to 10 rounds for branch lengths
20 trees examined
Threads: 1 / Time: 8.094 sec / Speedup: 1.000 / Efficiency: 100% / LogL: -23755
Threads: 2 / Time: 17.844 sec / Speedup: 0.454 / Efficiency: 23% / LogL: -23755
BEST NUMBER OF THREADS: 1

Estimate model parameters (epsilon = 0.100)
Initial log-likelihood: -16557.113
Current log-likelihood at step 1: -15196.440
Current log-likelihood at step 2: -15090.353
Current log-likelihood at step 3: -15033.657
Current log-likelihood at step 4: -15025.709
Current log-likelihood at step 5: -15022.177
Current log-likelihood at step 6: -15019.744
Current log-likelihood at step 7: -15018.053
Current log-likelihood at step 8: -15016.870
Current log-likelihood at step 9: -15016.066
Current log-likelihood at step 10: -15015.526
Current log-likelihood at step 11: -15015.100
Current log-likelihood at step 12: -15014.788
Current log-likelihood at step 13: -15014.545
Current log-likelihood at step 14: -15014.371
Current log-likelihood at step 15: -15014.235
Current log-likelihood at step 16: -15014.134
Current log-likelihood at step 17: -15014.064
Partition-specific rates:  0.328 0.191 1.755 0.928 0.272 2.709
Parameters optimization took 16 rounds (5.345 sec)

Computing ML distances based on estimated model parameters... 0.057 sec
Computing BIONJ tree...
0.005 seconds
Log-likelihood of BIONJ tree: -14970.058
--------------------------------------------------------------------
|             INITIALIZING CANDIDATE TREE SET                      |
--------------------------------------------------------------------
Generating 98 parsimony trees... 4.081 second
Computing log-likelihood of 98 initial trees ... 12.348 seconds
Current best score: -14949.634

Do NNI search on 20 best initial trees
Estimate model parameters (epsilon = 0.100)
Initial log-likelihood: -14949.622
Current log-likelihood at step 1: -14949.159
Current log-likelihood at step 2: -14949.109
Parameters optimization took 1 rounds (0.427 sec)

BETTER TREE FOUND at iteration 1: -14949.109
Iteration 10 / LogL: -14949.110 / Time: 0h:0m:55s
Iteration 20 / LogL: -14969.604 / Time: 0h:1m:1s
Finish initializing candidate tree set (2)
Current best tree score: -14949.109 / CPU time: 29.603
Number of iterations: 20
--------------------------------------------------------------------
|               OPTIMIZING CANDIDATE TREE SET                      |
--------------------------------------------------------------------
Iteration 30 / LogL: -14949.125 / Time: 0h:1m:12s (0h:2m:56s left)
Iteration 40 / LogL: -14951.335 / Time: 0h:1m:22s (0h:2m:9s left)
Iteration 50 / LogL: -14949.112 / Time: 0h:1m:31s (0h:1m:35s left)
Log-likelihood cutoff on original alignment: -15002.831
Iteration 60 / LogL: -14949.758 / Time: 0h:1m:41s (0h:1m:10s left)
Iteration 70 / LogL: -14951.200 / Time: 0h:1m:52s (0h:0m:50s left)
Iteration 80 / LogL: -14951.198 / Time: 0h:2m:4s (0h:0m:32s left)
Iteration 90 / LogL: -14951.265 / Time: 0h:2m:14s (0h:0m:16s left)
Iteration 100 / LogL: -14951.247 / Time: 0h:2m:25s (0h:0m:1s left)
Log-likelihood cutoff on original alignment: -15002.831
NOTE: Bootstrap correlation coefficient of split occurrence frequencies: 1.000
TREE SEARCH COMPLETED AFTER 102 ITERATIONS / Time: 0h:2m:27s

--------------------------------------------------------------------
|                    FINALIZING TREE SEARCH                        |
--------------------------------------------------------------------
Performs final model parameters optimization
Estimate model parameters (epsilon = 0.010)
Initial log-likelihood: -14949.109
Current log-likelihood at step 1: -14949.072
Current log-likelihood at step 2: -14949.045
Current log-likelihood at step 3: -14949.026
Current log-likelihood at step 4: -14949.012
Current log-likelihood at step 5: -14949.001
Current log-likelihood at step 6: -14948.990
Current log-likelihood at step 7: -14948.983
Partition-specific rates:  0.325 0.176 1.761 0.937 0.273 2.717
Parameters optimization took 6 rounds (1.108 sec)

BEST SCORE FOUND : -14948.983
Creating bootstrap support values...
Split supports printed to NEXUS file 4_set211.splits.nex
Total tree length: 0.970

Total number of iterations: 102
CPU time used for tree search: 57.708 sec (0h:0m:57s)
Wall-clock time used for tree search: 115.929 sec (0h:1m:55s)
Total CPU time used: 69.733 sec (0h:1m:9s)
Total wall-clock time used: 149.560 sec (0h:2m:29s)

Computing bootstrap consensus tree...
Reading input file 4_set211.splits.nex...
35 taxa and 138 splits.
Consensus tree written to 4_set211.contree
Reading input trees file 4_set211.contree
Log-likelihood of consensus tree: -14948.982

Analysis results written to: 
  IQ-TREE report:                4_set211.iqtree
  Maximum-likelihood tree:       4_set211.treefile
  Likelihood distances:          4_set211.mldist
  Best partitioning scheme:      4_set211.best_scheme.nex
           in RAxML format:      4_set211.best_scheme

Ultrafast bootstrap approximation results written to:
  Split support values:          4_set211.splits.nex
  Consensus tree:                4_set211.contree
  Screen log file:               4_set211.log

Date and Time: Sat Sep  8 01:41:37 2018
