IQ-TREE multicore version 1.6.3 for Mac OS X 64-bit built Mar 22 2018
Developed by Bui Quang Minh, Nguyen Lam Tung, Olga Chernomor,
Heiko Schmidt, Dominik Schrempf, Michael Woodhams.

Host:    meeps-mac-pro.staff.sydney.edu.au (AVX, 64 GB RAM)
Command: /Users/davidduchene/Desktop/Software/iqtree-1.6.3-MacOSX/bin/iqtree -s ../../../../marsupials/set291.fasta -m TEST -bb 1000 -nt AUTO -pre 1_set291
Seed:    579573 (Using SPRNG - Scalable Parallel Random Number Generator)
Time:    Fri Jul 27 19:40:53 2018
Kernel:  AVX - auto-detect threads (8 CPU cores detected)

Reading alignment file ../../../../marsupials/set291.fasta ... Fasta format detected
Alignment most likely contains DNA/RNA sequences
Alignment has 35 sequences with 3912 columns, 1428 distinct patterns
831 parsimony-informative, 512 singleton sites, 2569 constant sites
                                              Gap/Ambiguity  Composition  p-value
   1  Burramyidae_Burramys_parvus                     1.76%    passed     65.75%
   2  Notoryctidae_Notoryctes_typhlops               36.25%    passed     26.06%
   3  Vombatidae_Lasiorhinus_latifrons                0.43%    passed     78.43%
   4  Potoroidae_Bettongia_penicillata                0.61%    passed     94.22%
   5  Potoroidae_Bettongia_lesueur                    1.97%    passed     96.77%
   6  Dasyuridae_Dasyurus_maculatus                  11.89%    passed     96.89%
   7  Phalangeridae_Trichosurus_vulpecula             0.23%    passed     97.82%
   8  Phalangeridae_Spilocuscus_maculatus             0.54%    passed     97.30%
   9  Potoroidae_Aepyprymnus_rufescens                1.28%    passed     92.38%
  10  Peramelidae_Perameles_nasuta                   42.00%    passed     48.48%
  11  Phalangeridae_Strigocuscus_pelengensis          7.31%    passed     91.86%
  12  Dasyuridae_Phascogale_tapoatafa                 3.27%    passed     97.60%
  13  Dasyuridae_Sminthopsis_macroura                 4.58%    passed     98.79%
  14  Phalangeridae_Phalanger_orientalis              0.56%    passed     98.94%
  15  Acrobatidae_Acrobates_pygmaeus                  9.66%    passed     99.16%
  16  Dasyuridae_Phascogale_calura                    3.60%    passed     98.32%
  17  Dasyuridae_Sarcophilus_harrisii                 0.00%    passed     61.41%
  18  Dasyuridae_Planigale_tenuirostris               8.33%    passed     79.60%
  19  Peramelidae_Echymipera_kalubu                  43.63%    passed     28.87%
  20  Macropodidae_Dorcopsulus_vanheurni              1.30%    passed     95.02%
  21  Pseudochiridae_Pseudochirulus_forbesi           0.31%    passed     99.76%
  22  Didelphidae_Didelphis_virginiana               37.24%    passed     26.96%
  23  Marmosidae_Monodelphis_domestica               33.59%    passed     43.68%
  24  Dasyuridae_Antechinus_stuartii                  5.65%    passed     99.25%
  25  Hypsiprymnodontidae_Hypsiprymnodon_moschatus    0.05%    passed     99.27%
  26  Microbiotheriidae_Dromiciops_gliroides          2.40%    passed     95.86%
  27  Pseudochiridae_Petauroides_volans               0.61%    passed     89.38%
  28  Macropodidae_Wallabia_bicolor                   0.05%    passed     96.62%
  29  Pseudochiridae_Pseudocheirus_occidentalis       1.58%    passed     85.96%
  30  Tarsipedidae_Tarsipes_rostratus                49.87%    failed      0.02%
  31  Acrobatidae_Distoechurus_pennatus               0.10%    passed     98.45%
  32  Phalangeridae_Phalanger_carmelitae              0.46%    passed     99.48%
  33  Peramelidae_Peroryctes_raffrayana              42.05%    passed     52.31%
  34  Dasyuridae_Dasyurus_geffroii                   11.73%    passed     97.92%
  35  Peramelidae_Perameles_gunnii                   45.91%    passed     41.56%
****  TOTAL                                          11.74%  1 sequences failed composition chi2 test (p-value<5%; df=3)


Create initial parsimony tree by phylogenetic likelihood library (PLL)... 0.006 seconds
NOTE: ModelFinder requires 11 MB RAM!
ModelFinder will test 88 DNA models (sample size: 3912) ...
 No. Model         -LnL         df  AIC          AICc         BIC
Measuring multi-threading efficiency up to 8 CPU cores
Increase to 10 rounds for branch lengths
210 trees examined
Threads: 1 / Time: 8.009 sec / Speedup: 1.000 / Efficiency: 100% / LogL: -34636
Threads: 2 / Time: 5.434 sec / Speedup: 1.474 / Efficiency: 74% / LogL: -34636
Threads: 3 / Time: 4.789 sec / Speedup: 1.672 / Efficiency: 56% / LogL: -34636
Threads: 4 / Time: 4.516 sec / Speedup: 1.774 / Efficiency: 44% / LogL: -34636
BEST NUMBER OF THREADS: 3

  1  JC            21358.172    67  42850.344    42852.714    43270.555
  2  JC+I          20756.331    68  41648.663    41651.105    42075.145
  3  JC+G4         20665.654    68  41467.308    41469.750    41893.791
  4  JC+I+G4       20648.412    69  41434.824    41437.338    41867.579
  5  F81+F         21352.324    70  42844.648    42847.236    43283.674
  6  F81+F+I       20749.320    71  41640.640    41643.302    42085.938
  7  F81+F+G4      20658.066    71  41458.132    41460.794    41903.430
  8  F81+F+I+G4    20640.798    72  41425.596    41428.334    41877.166
  9  K2P           20631.358    68  41398.715    41401.157    41825.198
 10  K2P+I         20013.693    69  40165.387    40167.901    40598.141
 11  K2P+G4        19916.747    69  39971.494    39974.008    40404.248
 12  K2P+I+G4      19897.130    70  39934.260    39936.847    40373.286
 13  HKY+F         20624.005    71  41390.011    41392.673    41835.309
 14  HKY+F+I       20003.208    72  40150.416    40153.154    40601.986
 15  HKY+F+G4      19904.958    72  39953.916    39956.654    40405.486
 16  HKY+F+I+G4    19885.348    73  39916.696    39919.511    40374.537
 17  TNe           20629.998    69  41397.996    41400.510    41830.751
 18  TNe+I         20012.374    70  40164.748    40167.336    40603.775
 19  TNe+G4        19914.926    70  39969.853    39972.441    40408.879
 20  TNe+I+G4      19895.207    71  39932.413    39935.076    40377.711
 21  TN+F          20617.605    72  41379.211    41381.949    41830.781
 22  TN+F+I        19996.913    73  40139.826    40142.641    40597.668
 23  TN+F+G4       19897.372    73  39940.745    39943.560    40398.587
 24  TN+F+I+G4     19877.653    74  39903.305    39906.198    40367.419
 25  K3P           20622.522    69  41383.045    41385.559    41815.799
 26  K3P+I         20004.641    70  40149.283    40151.871    40588.309
 27  K3P+G4        19907.437    70  39954.873    39957.461    40393.899
 28  K3P+I+G4      19887.611    71  39917.222    39919.884    40362.520
 29  K3Pu+F        20615.643    72  41375.287    41378.025    41826.857
 30  K3Pu+F+I      19994.773    73  40135.547    40138.362    40593.388
 31  K3Pu+F+G4     19896.336    73  39938.671    39941.486    40396.513
 32  K3Pu+F+I+G4   19876.535    74  39901.070    39903.963    40365.184
 33  TPM2+F        20623.998    72  41391.995    41394.733    41843.565
 34  TPM2+F+I      20003.159    73  40152.317    40155.132    40610.159
 35  TPM2+F+G4     19904.913    73  39955.827    39958.642    40413.669
 36  TPM2+F+I+G4   19885.255    74  39918.510    39921.403    40382.623
 37  TPM2u+F       20623.997    72  41391.995    41394.733    41843.565
 38  TPM2u+F+I     20003.159    73  40152.317    40155.132    40610.159
 39  TPM2u+F+G4    19904.913    73  39955.827    39958.642    40413.668
 40  TPM2u+F+I+G4  19885.247    74  39918.494    39921.387    40382.608
 41  TPM3+F        20616.639    72  41377.279    41380.017    41828.848
 42  TPM3+F+I      19997.055    73  40140.110    40142.925    40597.951
 43  TPM3+F+G4     19899.758    73  39945.517    39948.332    40403.359
 44  TPM3+F+I+G4   19880.011    74  39908.023    39910.915    40372.136
 45  TPM3u+F       20616.638    72  41377.276    41380.014    41828.846
 46  TPM3u+F+I     19997.055    73  40140.110    40142.925    40597.951
 47  TPM3u+F+G4    19899.759    73  39945.517    39948.332    40403.359
 48  TPM3u+F+I+G4  19880.005    74  39908.009    39910.902    40372.123
 49  TIMe          20621.163    70  41382.327    41384.914    41821.353
 50  TIMe+I        20003.323    71  40148.645    40151.308    40593.943
 51  TIMe+G4       19905.621    71  39953.242    39955.905    40398.540
 52  TIMe+I+G4     19885.665    72  39915.330    39918.068    40366.900
 53  TIM+F         20609.246    73  41364.491    41367.306    41822.333
 54  TIM+F+I       19988.482    74  40124.964    40127.857    40589.078
 55  TIM+F+G4      19888.740    74  39925.480    39928.373    40389.593
 56  TIM+F+I+G4    19868.817    75  39887.634    39890.606    40358.019
 57  TIM2e         20629.848    70  41399.697    41402.285    41838.723
 58  TIM2e+I       20012.252    71  40166.503    40169.166    40611.801
 59  TIM2e+G4      19914.729    71  39971.458    39974.120    40416.756
 60  TIM2e+I+G4    19894.924    72  39933.848    39936.586    40385.417
 61  TIM2+F        20617.600    73  41381.200    41384.015    41839.042
 62  TIM2+F+I      19996.873    74  40141.746    40144.639    40605.860
 63  TIM2+F+G4     19897.331    74  39942.661    39945.554    40406.775
 64  TIM2+F+I+G4   19877.561    75  39905.122    39908.094    40375.507
 65  TIM3e         20616.801    70  41373.602    41376.190    41812.629
 66  TIM3e+I       19999.612    71  40141.223    40143.886    40586.521
 67  TIM3e+G4      19902.403    71  39946.806    39949.469    40392.104
 68  TIM3e+I+G4    19882.438    72  39908.875    39911.613    40360.445
 69  TIM3+F        20610.146    73  41366.292    41369.107    41824.133
 70  TIM3+F+I      19990.720    74  40129.439    40132.332    40593.553
 71  TIM3+F+G4     19892.225    74  39932.449    39935.342    40396.563
 72  TIM3+F+I+G4   19872.364    75  39894.729    39897.701    40365.114
 73  TVMe          20609.827    71  41361.654    41364.317    41806.952
 74  TVMe+I        19992.408    72  40128.816    40131.555    40580.386
 75  TVMe+G4       19895.494    72  39934.989    39937.727    40386.558
 76  TVMe+I+G4     19875.468    73  39896.937    39899.752    40354.778
 77  TVM+F         20608.484    74  41364.967    41367.860    41829.081
 78  TVM+F+I       19988.606    75  40127.212    40130.183    40597.597
 79  TVM+F+G4      19891.074    75  39932.149    39935.121    40402.534
 80  TVM+F+I+G4    19871.174    76  39894.349    39897.401    40371.006
 81  SYM           20608.418    72  41360.837    41363.575    41812.406
 82  SYM+I         19991.026    73  40128.053    40130.868    40585.894
 83  SYM+G4        19893.552    73  39933.103    39935.918    40390.945
 84  SYM+I+G4      19873.405    74  39894.811    39897.704    40358.924
 85  GTR+F         20602.005    75  41354.011    41356.982    41824.396
 86  GTR+F+I       19982.288    76  40116.575    40119.627    40593.232
 87  GTR+F+G4      19883.528    76  39919.056    39922.108    40395.713
 88  GTR+F+I+G4    19863.527    77  39881.053    39884.186    40363.982
Akaike Information Criterion:           GTR+F+I+G4
Corrected Akaike Information Criterion: GTR+F+I+G4
Bayesian Information Criterion:         TVMe+I+G4
Best-fit model: TVMe+I+G4 chosen according to BIC

All model information printed to 1_set291.model.gz
CPU time for ModelFinder: 60.670 seconds (0h:1m:0s)
Wall-clock time for ModelFinder: 28.199 seconds (0h:0m:28s)
Generating 1000 samples for ultrafast bootstrap (seed: 579573)...

NOTE: 11 MB RAM (0 GB) is required!
Measuring multi-threading efficiency up to 8 CPU cores
Increase to 10 rounds for branch lengths
57 trees examined
Threads: 1 / Time: 8.137 sec / Speedup: 1.000 / Efficiency: 100% / LogL: -29526
Threads: 2 / Time: 4.992 sec / Speedup: 1.630 / Efficiency: 82% / LogL: -29526
Threads: 3 / Time: 4.625 sec / Speedup: 1.759 / Efficiency: 59% / LogL: -29526
Threads: 4 / Time: 4.161 sec / Speedup: 1.955 / Efficiency: 49% / LogL: -29526
BEST NUMBER OF THREADS: 3

Estimate model parameters (epsilon = 0.100)
Thoroughly optimizing +I+G parameters from 10 start values...
Init pinv, alpha: 0.000, 1.000 / Estimate: 0.000, 0.353 / LogL: -19895.493
Init pinv, alpha: 0.073, 1.000 / Estimate: 0.246, 0.598 / LogL: -19878.345
Init pinv, alpha: 0.146, 1.000 / Estimate: 0.246, 0.597 / LogL: -19878.377
Init pinv, alpha: 0.219, 1.000 / Estimate: 0.246, 0.598 / LogL: -19878.357
Init pinv, alpha: 0.292, 1.000 / Estimate: 0.298, 0.693 / LogL: -19876.367
Init pinv, alpha: 0.365, 1.000 / Estimate: 0.365, 0.869 / LogL: -19875.476
Init pinv, alpha: 0.438, 1.000 / Estimate: 0.404, 1.019 / LogL: -19876.331
Init pinv, alpha: 0.511, 1.000 / Estimate: 0.404, 1.017 / LogL: -19876.307
Init pinv, alpha: 0.584, 1.000 / Estimate: 0.404, 1.016 / LogL: -19876.301
Init pinv, alpha: 0.657, 1.000 / Estimate: 0.404, 1.018 / LogL: -19876.317
Optimal pinv,alpha: 0.365, 0.869 / LogL: -19875.476

Parameters optimization took 9.320 sec
Computing ML distances based on estimated model parameters... 0.035 sec
Computing BIONJ tree...
0.002 seconds
Log-likelihood of BIONJ tree: -20029.994
--------------------------------------------------------------------
|             INITIALIZING CANDIDATE TREE SET                      |
--------------------------------------------------------------------
Generating 98 parsimony trees... 0.806 second
Computing log-likelihood of 98 initial trees ... 2.025 seconds
Current best score: -19874.179

Do NNI search on 20 best initial trees
Estimate model parameters (epsilon = 0.100)
BETTER TREE FOUND at iteration 1: -19872.863
Iteration 10 / LogL: -19872.872 / Time: 0h:1m:4s
Iteration 20 / LogL: -19880.238 / Time: 0h:1m:7s
Finish initializing candidate tree set (3)
Current best tree score: -19872.863 / CPU time: 8.070
Number of iterations: 20
--------------------------------------------------------------------
|               OPTIMIZING CANDIDATE TREE SET                      |
--------------------------------------------------------------------
Iteration 30 / LogL: -19872.889 / Time: 0h:1m:9s (0h:1m:42s left)
Iteration 40 / LogL: -19875.765 / Time: 0h:1m:12s (0h:1m:9s left)
Iteration 50 / LogL: -19875.765 / Time: 0h:1m:14s (0h:0m:48s left)
Log-likelihood cutoff on original alignment: -19917.706
Iteration 60 / LogL: -19873.421 / Time: 0h:1m:17s (0h:0m:34s left)
Iteration 70 / LogL: -19872.961 / Time: 0h:1m:19s (0h:0m:23s left)
Iteration 80 / LogL: -19875.009 / Time: 0h:1m:22s (0h:0m:14s left)
Iteration 90 / LogL: -19873.031 / Time: 0h:1m:24s (0h:0m:7s left)
Iteration 100 / LogL: -19873.184 / Time: 0h:1m:27s (0h:0m:0s left)
Log-likelihood cutoff on original alignment: -19917.934
NOTE: Bootstrap correlation coefficient of split occurrence frequencies: 0.999
TREE SEARCH COMPLETED AFTER 102 ITERATIONS / Time: 0h:1m:28s

--------------------------------------------------------------------
|                    FINALIZING TREE SEARCH                        |
--------------------------------------------------------------------
Performs final model parameters optimization
Estimate model parameters (epsilon = 0.010)
1. Initial log-likelihood: -19872.863
Optimal log-likelihood: -19872.860
Rate parameters:  A-C: 1.46641  A-G: 5.35476  A-T: 0.66856  C-G: 1.04746  C-T: 5.35476  G-T: 1.00000
Base frequencies:  A: 0.250  C: 0.250  G: 0.250  T: 0.250
Proportion of invariable sites: 0.364
Gamma shape alpha: 0.864
Parameters optimization took 1 rounds (0.033 sec)
BEST SCORE FOUND : -19872.860
Creating bootstrap support values...
Split supports printed to NEXUS file 1_set291.splits.nex
Total tree length: 0.902

Total number of iterations: 102
CPU time used for tree search: 65.510 sec (0h:1m:5s)
Wall-clock time used for tree search: 28.450 sec (0h:0m:28s)
Total CPU time used: 191.700 sec (0h:3m:11s)
Total wall-clock time used: 88.295 sec (0h:1m:28s)

Computing bootstrap consensus tree...
Reading input file 1_set291.splits.nex...
35 taxa and 124 splits.
Consensus tree written to 1_set291.contree
Reading input trees file 1_set291.contree
Log-likelihood of consensus tree: -19872.860

Analysis results written to: 
  IQ-TREE report:                1_set291.iqtree
  Maximum-likelihood tree:       1_set291.treefile
  Likelihood distances:          1_set291.mldist

Ultrafast bootstrap approximation results written to:
  Split support values:          1_set291.splits.nex
  Consensus tree:                1_set291.contree
  Screen log file:               1_set291.log

Date and Time: Fri Jul 27 19:42:21 2018
