IQ-TREE multicore version 1.6.3 for Mac OS X 64-bit built Mar 22 2018
Developed by Bui Quang Minh, Nguyen Lam Tung, Olga Chernomor,
Heiko Schmidt, Dominik Schrempf, Michael Woodhams.

Host:    meeps-mac-pro.staff.sydney.edu.au (AVX, 64 GB RAM)
Command: /Users/davidduchene/Desktop/Software/iqtree-1.6.3-MacOSX/bin/iqtree -s ../../../../birds/set7.fasta -m TEST -bb 1000 -nt AUTO -pre 1_set7
Seed:    412973 (Using SPRNG - Scalable Parallel Random Number Generator)
Time:    Fri Jul 27 17:46:45 2018
Kernel:  AVX - auto-detect threads (8 CPU cores detected)

Reading alignment file ../../../../birds/set7.fasta ... Fasta format detected
Alignment most likely contains DNA/RNA sequences
Alignment has 192 sequences with 24010 columns, 13981 distinct patterns
11170 parsimony-informative, 1900 singleton sites, 10940 constant sites
                                                           Gap/Ambiguity  Composition  p-value
   1  I0185_86_Accipitridae_Buteo_jamaicensis                      1.81%    passed     63.95%
   2  I0186_111_Momotidae_Momotus_lessonii                         2.09%    passed     97.80%
   3  I0187_115_Trogonidae_Trogon_elegans                          0.62%    passed      6.80%
   4  I0188_135_Apodidae_Streptoprocne_zonaris                     1.92%    passed     84.47%
   5  I0189_225_Eurylaimidae_Smithornis_rufolateralis              0.64%    passed     98.18%
   6  I0190_295_Trogonidae_Apaloderma_aequatoriale                 1.39%    passed     18.26%
   7  I0191_344_Indicatoridae_Indicator_exilis                     0.67%    failed      0.06%
   8  I0192_375_Musophagidae_Tauraco_macrorhynchus                 1.75%    passed     50.14%
   9  I0193_447_Columbidae_Treron_calvus                           0.68%    passed     91.75%
  10  I0194_495_Alcedinidae_Alcedo_quadribrachys                   6.33%    failed      0.00%
  11  I0195_522_Ramphastidae_Buccanodon_duchaillui                 2.04%    failed      0.06%
  12  I0196_523_Musophagidae_Corythaeola_cristata                  0.80%    passed     39.20%
  13  I0197_832_Corvidae_Corvus_albus                              1.49%    failed      4.60%
  14  I0198_937_Bucerotidae_Tockus_camurus                         1.65%    passed     90.87%
  15  I0199_955_Meropidae_Merops_muelleri                          3.93%    failed      1.52%
  16  I0200_988_Furnariidae_Furnarius_rufus                        1.98%    passed     28.70%
  17  I0201_999_Scolopacidae_Tringa_solitaria                      1.03%    passed     93.65%
  18  I0202_1066_Cathartidae_Cathartes_burrovianus                 6.74%    failed      0.20%
  19  I0203_1087_Tyrannidae_Hymenops_perspicillatus                3.78%    passed     66.04%
  20  I0204_1174_Threskiornithidae_Harpiprion_caerulescens         2.63%    passed     53.16%
  21  I0205_1183_Tyrannidae_Hirundinea_ferruginea                  0.61%    passed     71.80%
  22  I0206_1192_Laridae_Chroicocephalus_cirrocephalus             1.77%    passed     99.14%
  23  I0207_1193_Thamnophilidae_Thamnophilus_ruficapillus          3.44%    passed     12.72%
  24  I0208_1208_Strigidae_Strix_varia                             2.27%    failed      1.61%
  25  I0209_1223_Burhinidae_Burhinus_oedicnemus                    0.43%    passed     39.49%
  26  I0210_1226_Ciconiidae_Ciconia_nigra                          4.74%    failed      0.51%
  27  I0211_1232_Columbidae_Columba_livia                          0.56%    passed     96.58%
  28  I0212_1289_Charadriidae_Charadrius_hiaticula                 1.42%    passed     79.84%
  29  I0213_1334_Picidae_Jynx_torquilla                            1.02%    failed      0.00%
  30  I0214_1354_Sylviidae_Sylvia_melanocephala                    5.17%    failed      0.79%
  31  I0215_1370_Regulidae_Regulus_ignicapilla                     1.35%    failed      0.81%
  32  I0216_1413_Falconidae_Micrastur_gilvicollis                  0.32%    passed     71.28%
  33  I0217_1452_Cotingidae_Rupicola_rupicola                      1.05%    passed     87.59%
  34  I0218_1474_Tityridae_Myiobius_barbatus                       7.18%    passed     45.78%
  35  I0219_1489_Trochilidae_Topaza_pella                          2.12%    passed     66.75%
  36  I0220_1514_Trochilidae_Phaethornis_superciliosus             5.46%    passed     94.83%
  37  I0221_1526_Columbidae_Leptotila_rufaxilla                    0.55%    passed     96.49%
  38  I0222_1568_Turdidae_Turdus_olivater                          0.75%    failed      1.45%
  39  I0223_1586_Furnariidae_Sclerurus_mexicanus                   0.51%    passed      6.02%
  40  I0224_1607_Cracidae_Crax_alector                             1.48%    passed     87.97%
  41  I0225_1616_Incertae_sedis_Piprites_chloris                   1.64%    passed     99.04%
  42  I0226_1619_Odontophoridae_Odontophorus_gujanensis            4.90%    passed     17.81%
  43  I0227_1698_Tyrannidae_Rhynchocyclus_olivaceus                2.11%    passed     40.81%
  44  I0228_1712_Pipridae_Neopelma_chrysocephalum                  1.34%    passed     98.39%
  45  I0232_1837_Fringillidae_Fringilla_coelebs                    0.79%    failed      0.54%
  46  I0233_1920_Upupidae_Upupa_epops                              2.46%    passed     44.01%
  47  I0234_1994_Todidae_Todus_mexicanus                           1.22%    passed     98.00%
  48  I0235_2065_Cuculidae_Coccyzus_melacoryphus                   2.64%    passed     36.06%
  49  I0236_2079_Falconidae_Falco_sparverius                       0.57%    passed     95.91%
  50  I0237_2182_Thamnophilidae_Myrmornis_torquata                 4.64%    passed     24.63%
  51  I0238_2211_Cotingidae_Cotinga_cayana                         0.70%    passed     95.94%
  52  I0239_2212_Ardeidae_Tigrisoma_lineatum                       7.92%    passed     23.89%
  53  I0240_2217_Psittacidae_Deroptyus_accipitrinus                0.92%    passed     19.04%
  54  I0241_2249_Pipridae_Pipra_erythrocephala                     2.92%    passed     82.43%
  55  I0242_2273_Furnariidae_Lepidocolaptes_angustirostris         1.07%    passed     15.06%
  56  I0243_2275_Columbidae_Columbina_minuta                       0.74%    passed     95.91%
  57  I0244_2276_Caprimulgidae_Chordeiles_pusillus                 0.40%    failed      4.43%
  58  I0245_2800_Ardeidae_Ardea_herodias                           0.14%    passed     92.82%
  59  I0246_2823_Tyrannidae_Tyrannus_albogularis                   0.71%    passed     56.78%
  60  I0247_2886_Apodidae_Chaetura_brachyura                       4.34%    passed     61.31%
  61  I0248_2938_Falconidae_Caracara_cheriway                      0.40%    passed     72.74%
  62  I0249_2220_Nyctibiidae_Nyctibius_griseus                     0.64%    passed     21.31%
  63  I0250_2944_Odontophoridae_Colinus_cristatus                  1.37%    passed     36.14%
  64  I0251_3044_Tityridae_Tityra_cayana                           6.41%    passed     84.96%
  65  I0252_3154_Anatidae_Anas_superciliosa                        5.41%    passed     90.82%
  66  I0253_3158_Anseranatidae_Anseranas_semipalmata               1.31%    passed     68.25%
  67  I0254_3160_Sulidae_Morus_serrator                            0.32%    passed     29.16%
  68  I0255_3161_Podargidae_Podargus_strigoides                    0.57%    passed     33.12%
  69  I0257_3236_Anatidae_Oxyura_jamaicensis                       7.91%    passed     17.09%
  70  I0258_3336_Caprimulgidae_Caprimulgus_europaeus               0.95%    passed     51.74%
  71  I0259_3344_Picidae_Picus_canus                               0.54%    failed      0.00%
  72  I0260_3380_Dromaiidae_Dromaius_novaehollandiae               3.22%    failed      3.67%
  73  I0261_3515_Thamnophilidae_Terenura_callinota                 5.91%    passed     36.77%
  74  I0262_3562_Oxyruncidae_Oxyruncus_cristatus                   1.50%    passed     53.93%
  75  I0263_3569_Psophiidae_Psophia_crepitans                      0.66%    passed     87.45%
  76  I0264_3574_Falconidae_Ibycter_americanus                     0.82%    passed     64.58%
  77  I0265_3576_Tityridae_Schiffornis_turdina                     0.86%    passed     91.09%
  78  I0266_3617_Ramphastidae_Capito_niger                         5.10%    failed      3.55%
  79  I0267_3690_Bucconidae_Bucco_capensis                         6.13%    passed     97.13%
  80  I0268_3790_Accipitridae_Accipiter_superciliosus              0.66%    passed     34.19%
  81  I0270_4099_Sternidae_Sterna_hirundo                          0.92%    passed     99.23%
  82  I0271_5253_Psittacidae_Psittrichas_fulgidus                  0.95%    passed      9.71%
  83  I0272_5303_Alcedinidae_Chloroceryle_inda                     1.10%    passed     97.97%
  84  I0273_5315_Galbulidae_Galbula_dea                            0.49%    passed     98.95%
  85  I0274_5339_Bucconidae_Chelidoptera_tenebrosa                 2.22%    passed     25.40%
  86  I0275_5404_Balaenicipitidae_Balaeniceps_rex                  0.15%    passed     51.67%
  87  I0276_5411_Cathartidae_Vultur_gryphus                        5.44%    failed      0.61%
  88  I0277_5465_Trochilidae_Archilochus_colubris                  1.00%    passed     26.53%
  89  I0278_5642_Phasianidae_Bonasa_umbellus                       1.69%    passed     41.74%
  90  I0279_5911_Jacanidae_Jacana_jacana                           4.92%    passed      5.94%
  91  I0280_5927_Psittacidae_Probosciger_aterrimus                 0.88%    passed      9.53%
  92  I0281_5967_Otididae_Ardeotis_kori                            0.55%    passed     53.74%
  93  I0282_6008_Hydrobatidae_Oceanodroma_leucorhoa                0.89%    passed     57.65%
  94  I0284_6031_Coraciidae_Coracias_cyanogaster                   0.61%    passed     33.62%
  95  I0285_6059_Anatidae_Anser_canagicus                          1.50%    passed     77.23%
  96  I0286_6061_Ramphastidae_Ramphastos_ambiguus                  1.56%    failed      0.91%
  97  I0287_6069_Phoenicopteridae_Phoenicopterus_ruber             1.31%    passed     87.95%
  98  I0288_6097_Anatidae_Aythya_valisineria                       1.23%    passed     95.58%
  99  I0289_6295_Haematopodidae_Haematopus_palliatus               0.22%    passed     77.65%
 100  I0361_9545_Sagittariidae_Sagittarius_serpentarius            0.58%    passed     93.36%
 101  I0362_3175_Hydrobatidae_Oceanites_oceanicus                  0.24%    passed      9.30%
 102  I0363_345610_Mesitornithidae_Mesitornis_unicolor             0.97%    passed     49.97%
 103  I0364_384759_Brachypteraciidae_Atelornis_pittoides           2.69%    passed     73.39%
 104  I0365_384805_Rallidae_Sarothrura_rufa_elizabethae            1.05%    passed     76.93%
 105  I0366_438526_Mesitornithidae_Monias_benschi                  0.43%    passed     79.92%
 106  I0367_449184_Leptosomidae_Leptosomus_discolor                5.03%    passed     76.89%
 107  I0368_21_Recurvirostridae_Recurvirostra_americana            0.81%    passed     73.82%
 108  I0369_848_Opisthocomidae_Opisthocomus_hoazin                 1.14%    passed     58.77%
 109  I0370_1566_Psittacidae_Psittacus_erithacus                   1.79%    passed     27.01%
 110  I0371_1587_Phasianidae_Rollulus_rouloul                      1.52%    passed     47.04%
 111  I0372_1658_Phalacrocoracidae_Phalacrocorax_brasilianus       0.50%    passed     94.94%
 112  I0374_2419_Phasianidae_Gallus_gallus                         1.20%    passed     89.33%
 113  I0375_2613_Phaethontidae_Phaethon_rubricauda                 3.79%    passed     75.06%
 114  I0376_2661_Ciconiidae_Leptoptilos_crumeniferus               4.31%    failed      1.85%
 115  I0377_2841_Melanopareiidae_Melanopareia_maximiliani          1.32%    passed     22.48%
 116  I0378_3087_Heliornithidae_Heliornis_fulica                   1.41%    passed     95.28%
 117  I0379_3106_Anhingidae_Anhinga_anhinga                        2.60%    passed     34.03%
 118  I0380_6178_Climacteridae_Climacteris_melanura                3.74%    failed      2.42%
 119  I0381_6209_Maluridae_Malurus_splendens                       2.80%    failed      0.00%
 120  I0382_6875_Casuariidae_Casuarius_bennetti                    2.77%    passed      8.99%
 121  I0383_8723_Psittacidae_Barnardius_zonarius                   0.97%    passed     38.41%
 122  I0384_9129_Fregatidae_Fregata_magnificens                    0.20%    passed     30.74%
 123  I0385_9309_Accipitridae_Elanus_leucurus                      0.58%    passed     66.84%
 124  I0386_10701_Pelecanoididae_Pelecanoides_urinatrix            0.46%    passed     44.94%
 125  I0387_12368_Eurylaimidae_Eurylaimus_ochromalus               1.15%    passed     86.29%
 126  I0388_12571_Hemiprocnidae_Hemiprocne_comata                  1.06%    passed     97.32%
 127  I0389_14873_Psittacidae_Nestor_meridionalis                  1.68%    failed      2.05%
 128  I0390_14905_Apterygidae_Apteryx_sp                           7.67%    failed      1.03%
 129  I0391_15014_Pelecanidae_Pelecanus_occidentalis               1.09%    passed     60.51%
 130  I0392_15430_Phoeniculidae_Phoeniculus_purpureus              3.97%    failed      0.00%
 131  I0393_15950_Rynchopidae_Rhynchops_niger                      0.59%    passed     98.26%
 132  I0394_16098_Aegothelidae_Aegotheles_insignis                 4.68%    passed     15.22%
 133  I0395_16363_Procellariidae_Pterodroma_externa                0.22%    passed     34.14%
 134  I0396_16818_Eurypygidae_Eurypyga_helias                      1.30%    passed     54.67%
 135  I0397_17790_Ramphastidae_Megalaima_chrysopogon               5.69%    failed      0.00%
 136  I0398_17932_Cuculidae_Centropus_bengalensis                  0.64%    passed     99.96%
 137  I0399_18174_Caprimulgidae_Eurostopodus_macrotis              0.42%    passed      6.36%
 138  I0400_19788_Pittidae_Pitta_angolensis                        4.86%    passed     88.69%
 139  I0401_19903_Glareolidae_Glareola_nuchalis                    0.77%    passed     92.85%
 140  I0402_20061_Rostratulidae_Rostratula_benghalensis            3.47%    passed     40.03%
 141  I0403_20547_Pteroclididae_Syrrhaptes_paradoxus               1.29%    passed     47.07%
 142  I0404_21828_Procellariidae_Fulmarus_glacialoides             0.72%    passed     37.86%
 143  I0405_21897_Gruidae_Grus_canadensis                          0.84%    passed     45.99%
 144  I0406_22550_Procellariidae_Puffinus_griseus                  0.26%    passed     67.75%
 145  I0407_22888_Rallidae_Porphyrio_porphyrio                     0.77%    passed     94.49%
 146  I0408_25293_Alcidae_Uria_aalge                               0.94%    passed     94.38%
 147  I0409_25985_Turnicidae_Turnix_ocellata                       5.08%    passed     53.14%
 148  I0410_52764_Coliidae_Colius_colius                           1.21%    passed      9.07%
 149  I0411_53231_Pteroclididae_Pterocles_bicinctus                0.72%    passed     30.53%
 150  I0412_62853_Hydrobatidae_Pelagodroma_marina                  0.58%    passed     12.17%
 151  I0413_67124_Coliidae_Colius_indicus                          2.12%    passed      7.07%
 152  I0414_72512_Rheidae_Rhea_americana                           3.84%    failed      0.04%
 153  I0415_76638_Menuridae_Menura_novaehollandiae                 0.72%    passed     60.75%
 154  I0416_76941_Pipridae_Cryptopipo_holochlora                   4.71%    passed     86.34%
 155  I0417_82096_Diomedeidae_Phoebastria_nigripes                 0.11%    passed     19.19%
 156  I0418_89784_Scopidae_Scopus_umbretta                         0.17%    passed     56.58%
 157  I0419_90368_Aramidae_Aramus_guarauna                         0.38%    passed     52.02%
 158  I0420_730_Ardeidae_Ixobrychus_minutus                        0.45%    passed     99.31%
 159  I0421_1173_Cariamidae_Cariama_cristata                       4.43%    passed     13.35%
 160  I0422_1201_Podicipedidae_Rollandia_rolland                   0.58%    passed     37.51%
 161  I0423_2497_Cuculidae_Cuculus_optatus                         1.81%    passed      8.78%
 162  I0424_2923_Cuculidae_Tapera_naevia                           0.55%    failed      0.83%
 163  I0425_2961_Rallidae_Micropygia_schomburgkii                  2.04%    passed     97.65%
 164  I0426_2963_Cracidae_Ortalis_motmot                           6.97%    passed     98.28%
 165  I0427_3383_Scolopacidae_Arenaria_interpres                   1.23%    passed     84.39%
 166  I0428_3386_Rallidae_Rallus_longirostris                      2.19%    passed     99.73%
 167  I0429_3677_Grallariidae_Myrmothera_campanisona               1.13%    failed      0.03%
 168  I0430_5336_Tyrannidae_Elaenia_flavogaster                    0.69%    passed     36.12%
 169  I0431_5370_Scolopacidae_Limosa_lapponica                     0.87%    passed     98.38%
 170  I0433_6296_Gruidae_Balearica_regulorum                       1.63%    passed     27.69%
 171  I0434_6298_Columbidae_Ptilinopus_magnificus                  0.78%    passed     87.11%
 172  I0436_20224_D_Steatornithidae_Steatornis_caripensis         11.62%    passed     10.65%
 173  I0438_345711_Eurylaimidae_Neodrepanis_coruscans              0.82%    passed     54.36%
 174  I0440_10756_D_Ptilonorhynchidae_Ptilonorhynchus_violaceus    3.49%    failed      0.20%
 175  I0448_52755_Numididae_Numida_malagris                        1.43%    passed     44.90%
 176  I0449_66928_Gaviidae_Gavia_immer                             1.21%    passed     24.53%
 177  I0450_81668_Pandionidae_Pandion_haliaetus                    1.44%    passed     28.54%
 178  I0451_85124_Spheniscidae_Spheniscus_humboldti                0.19%    passed     61.71%
 179  I0452_88784_Tytonidae_Tyto_alba                              6.71%    failed      0.41%
 180  I0453_90121_Struthionidae_Struthio_camelus                   3.10%    passed     10.36%
 181  I0454_77230_Cariamidae_Chunga_burmeisteri                    5.52%    passed     20.19%
 182  I0455_1245_Alaudidae_Calandrella_brachydactyla               2.07%    failed      0.00%
 183  I0456_3321_Paridae_Poecile_lugubris                          0.86%    passed      7.05%
 184  I0457_6346_Paradisaeidae_Lophorina_superba                   3.47%    failed      0.17%
 185  I0459_6323_Eurylaimidae_Calyptomena_viridis                  0.57%    passed     79.42%
 186  I0460_HERP_14722_Crocodylidae_Crocodylus_porosus            15.27%    failed      0.00%
 187  I2824_12230_Ptilonorhynchidae_Sericulus_bakeri               3.20%    failed      0.18%
 188  I2825_21896_Emberizidae_Spizella_arborea                     3.25%    failed      0.12%
 189  I2826_181173_Pycnonotidae_Pycnonotus_macrotis                1.55%    failed      0.06%
 190  I2827_2685_Pedionomidae_Pedionomus_torquatus                 0.69%    passed     96.91%
 191  I2828_3250_Bucerotidae_Bucorvus_leadbeateri                  0.61%    passed     98.56%
 192  I2829_RIFL_Acanthisittidae_Acanthisitta_chloris              3.69%    passed     35.61%
****  TOTAL                                                        2.13%  37 sequences failed composition chi2 test (p-value<5%; df=3)


Create initial parsimony tree by phylogenetic likelihood library (PLL)... 0.386 seconds
NOTE: ModelFinder requires 401 MB RAM!
ModelFinder will test 88 DNA models (sample size: 24010) ...
 No. Model         -LnL         df  AIC          AICc         BIC
Measuring multi-threading efficiency up to 8 CPU cores
Increase to 10 rounds for branch lengths
5 trees examined
Threads: 1 / Time: 9.310 sec / Speedup: 1.000 / Efficiency: 100% / LogL: -960782
Threads: 2 / Time: 4.690 sec / Speedup: 1.985 / Efficiency: 99% / LogL: -960782
Threads: 3 / Time: 4.456 sec / Speedup: 2.089 / Efficiency: 70% / LogL: -960782
Threads: 4 / Time: 3.690 sec / Speedup: 2.523 / Efficiency: 63% / LogL: -960782
Threads: 5 / Time: 3.431 sec / Speedup: 2.714 / Efficiency: 54% / LogL: -960782
Threads: 6 / Time: 4.296 sec / Speedup: 2.167 / Efficiency: 36% / LogL: -960782
BEST NUMBER OF THREADS: 5

  1  JC            604916.165   381 1210594.329  1210606.649  1213675.181
  2  JC+I          563936.146   382 1128636.291  1128648.676  1131725.229
  3  JC+G4         548940.973   382 1098645.947  1098658.331  1101734.885
  4  JC+I+G4       545484.666   383 1091735.333  1091747.783  1094832.357
  5  F81+F         606549.358   384 1213866.716  1213879.232  1216971.827
  6  F81+F+I       565515.688   385 1131801.376  1131813.957  1134914.573
  7  F81+F+G4      550285.304   385 1101340.609  1101353.190  1104453.806
  8  F81+F+I+G4    546847.254   386 1094466.508  1094479.155  1097587.791
  9  K2P           574309.241   382 1149382.482  1149394.866  1152471.420
 10  K2P+I         532972.033   383 1066710.066  1066722.516  1069807.091
 11  K2P+G4        517360.806   383 1035487.611  1035500.061  1038584.635
 12  K2P+I+G4      513851.780   384 1028471.561  1028484.077  1031576.672
 13  HKY+F         575340.394   385 1151450.789  1151463.370  1154563.985
 14  HKY+F+I       533862.647   386 1068497.294  1068509.941  1071618.577
 15  HKY+F+G4      517588.492   386 1035948.985  1035961.632  1039070.268
 16  HKY+F+I+G4    514125.150   387 1029024.299  1029037.012  1032153.668
 17  TNe           574300.633   383 1149367.267  1149379.717  1152464.291
 18  TNe+I         532948.901   384 1066665.803  1066678.318  1069770.914
 19  TNe+G4        517355.454   384 1035478.907  1035491.423  1038584.018
 20  TNe+I+G4      513838.535   385 1028447.071  1028459.652  1031560.268
 21  TN+F          575340.046   386 1151452.092  1151464.740  1154573.376
 22  TN+F+I        533860.327   387 1068494.653  1068507.367  1071624.023
 23  TN+F+G4       517586.524   387 1035947.047  1035959.760  1039076.417
 24  TN+F+I+G4     514124.993   388 1029025.987  1029038.766  1032163.442
 25  K3P           574217.703   383 1149201.406  1149213.856  1152298.430
 26  K3P+I         532879.228   384 1066526.456  1066538.972  1069631.567
 27  K3P+G4        517268.755   384 1035305.511  1035318.026  1038410.622
 28  K3P+I+G4      513760.798   385 1028291.596  1028304.177  1031404.793
 29  K3Pu+F        575208.991   386 1151189.981  1151202.628  1154311.264
 30  K3Pu+F+I      533724.990   387 1068223.980  1068236.693  1071353.349
 31  K3Pu+F+G4     517414.411   387 1035602.823  1035615.536  1038732.192
 32  K3Pu+F+I+G4   513956.290   388 1028688.580  1028701.360  1031826.036
 33  TPM2+F        575062.359   386 1150896.718  1150909.365  1154018.001
 34  TPM2+F+I      533575.320   387 1067924.640  1067937.353  1071054.009
 35  TPM2+F+G4     516972.460   387 1034718.919  1034731.633  1037848.289
 36  TPM2+F+I+G4   513545.847   388 1027867.694  1027880.473  1031005.149
 37  TPM2u+F       575062.359   386 1150896.718  1150909.365  1154018.001
 38  TPM2u+F+I     533575.322   387 1067924.643  1067937.357  1071054.013
 39  TPM2u+F+G4    516972.460   387 1034718.921  1034731.634  1037848.290
 40  TPM2u+F+I+G4  513545.846   388 1027867.691  1027880.471  1031005.147
 41  TPM3+F        575128.420   386 1151028.839  1151041.486  1154150.122
 42  TPM3+F+I      533615.255   387 1068004.510  1068017.223  1071133.879
 43  TPM3+F+G4     517066.869   387 1034907.738  1034920.451  1038037.107
 44  TPM3+F+I+G4   513636.047   388 1028048.094  1028060.873  1031185.549
 45  TPM3u+F       575128.394   386 1151028.788  1151041.435  1154150.071
 46  TPM3u+F+I     533615.236   387 1068004.472  1068017.185  1071133.841
 47  TPM3u+F+G4    517066.869   387 1034907.738  1034920.451  1038037.107
 48  TPM3u+F+I+G4  513636.047   388 1028048.094  1028060.874  1031185.550
 49  TIMe          574209.113   384 1149186.226  1149198.742  1152291.337
 50  TIMe+I        532856.103   385 1066482.206  1066494.788  1069595.403
 51  TIMe+G4       517263.376   385 1035296.752  1035309.333  1038409.949
 52  TIMe+I+G4     513747.510   386 1028267.020  1028279.667  1031388.303
 53  TIM+F         575208.670   387 1151191.341  1151204.054  1154320.710
 54  TIM+F+I       533722.651   388 1068221.302  1068234.081  1071358.757
 55  TIM+F+G4      517412.526   388 1035601.052  1035613.831  1038738.507
 56  TIM+F+I+G4    513956.182   389 1028690.363  1028703.209  1031835.905
 57  TIM2e         574208.413   384 1149184.826  1149197.341  1152289.937
 58  TIM2e+I       532848.606   385 1066467.212  1066479.794  1069580.409
 59  TIM2e+G4      517188.448   385 1035146.897  1035159.478  1038260.093
 60  TIM2e+I+G4    513671.569   386 1028115.139  1028127.786  1031236.422
 61  TIM2+F        575062.003   387 1150898.007  1150910.720  1154027.376
 62  TIM2+F+I      533573.005   388 1067922.011  1067934.790  1071059.466
 63  TIM2+F+G4     516972.357   388 1034720.714  1034733.493  1037858.169
 64  TIM2+F+I+G4   513543.782   389 1027865.563  1027878.409  1031011.105
 65  TIM3e         574245.524   384 1149259.048  1149271.563  1152364.158
 66  TIM3e+I       532874.445   385 1066518.890  1066531.472  1069632.087
 67  TIM3e+G4      517233.724   385 1035237.448  1035250.029  1038350.644
 68  TIM3e+I+G4    513728.216   386 1028228.432  1028241.079  1031349.715
 69  TIM3+F        575128.044   387 1151030.088  1151042.801  1154159.457
 70  TIM3+F+I      533612.868   388 1068001.735  1068014.515  1071139.191
 71  TIM3+F+G4     517060.874   388 1034897.748  1034910.527  1038035.204
 72  TIM3+F+I+G4   513635.784   389 1028049.567  1028062.413  1031195.109
 73  TVMe          574079.206   385 1148928.411  1148940.993  1152041.608
 74  TVMe+I        532714.710   386 1066201.421  1066214.068  1069322.704
 75  TVMe+G4       517000.804   386 1034773.608  1034786.255  1037894.891
 76  TVMe+I+G4     513504.571   387 1027783.142  1027795.856  1030912.512
 77  TVM+F         574759.365   388 1150294.731  1150307.510  1153432.186
 78  TVM+F+I       533235.701   389 1067249.401  1067262.247  1070394.943
 79  TVM+F+G4      516370.617   389 1033519.235  1033532.081  1036664.777
 80  TVM+F+I+G4    512977.646   390 1026735.292  1026748.204  1029888.920
 81  SYM           574070.577   386 1148913.155  1148925.802  1152034.438
 82  SYM+I         532691.564   387 1066157.127  1066169.841  1069286.497
 83  SYM+G4        516995.704   387 1034765.407  1034778.120  1037894.776
 84  SYM+I+G4      513490.321   388 1027756.642  1027769.421  1030894.097
 85  GTR+F         574759.042   389 1150296.084  1150308.930  1153441.625
 86  GTR+F+I       533233.352   390 1067246.704  1067259.617  1070400.332
 87  GTR+F+G4      516368.843   390 1033517.686  1033530.598  1036671.314
 88  GTR+F+I+G4    512977.375   391 1026736.749  1026749.729  1029898.464
Akaike Information Criterion:           TVM+F+I+G4
Corrected Akaike Information Criterion: TVM+F+I+G4
Bayesian Information Criterion:         TVM+F+I+G4
Best-fit model: TVM+F+I+G4 chosen according to BIC

All model information printed to 1_set7.model.gz
CPU time for ModelFinder: 3282.207 seconds (0h:54m:42s)
Wall-clock time for ModelFinder: 716.138 seconds (0h:11m:56s)
Generating 1000 samples for ultrafast bootstrap (seed: 412973)...

NOTE: 401 MB RAM (0 GB) is required!
Measuring multi-threading efficiency up to 8 CPU cores
7 trees examined
Threads: 1 / Time: 8.922 sec / Speedup: 1.000 / Efficiency: 100% / LogL: -808145
Threads: 2 / Time: 5.260 sec / Speedup: 1.696 / Efficiency: 85% / LogL: -808145
Threads: 3 / Time: 3.010 sec / Speedup: 2.964 / Efficiency: 99% / LogL: -808145
Threads: 4 / Time: 3.245 sec / Speedup: 2.749 / Efficiency: 69% / LogL: -808145
Threads: 5 / Time: 3.061 sec / Speedup: 2.914 / Efficiency: 58% / LogL: -808145
Threads: 6 / Time: 2.970 sec / Speedup: 3.004 / Efficiency: 50% / LogL: -808145
Threads: 7 / Time: 3.076 sec / Speedup: 2.901 / Efficiency: 41% / LogL: -808145
BEST NUMBER OF THREADS: 3

Estimate model parameters (epsilon = 0.100)
Thoroughly optimizing +I+G parameters from 10 start values...
Init pinv, alpha: 0.000, 1.000 / Estimate: 0.407, 0.865 / LogL: -512977.602
Init pinv, alpha: 0.051, 1.000 / Estimate: 0.407, 0.865 / LogL: -512977.576
Init pinv, alpha: 0.101, 1.000 / Estimate: 0.407, 0.865 / LogL: -512977.581
Init pinv, alpha: 0.152, 1.000 / Estimate: 0.407, 0.863 / LogL: -512977.603
Init pinv, alpha: 0.203, 1.000 / Estimate: 0.407, 0.863 / LogL: -512977.602
Init pinv, alpha: 0.253, 1.000 / Estimate: 0.407, 0.865 / LogL: -512977.579
Init pinv, alpha: 0.304, 1.000 / Estimate: 0.407, 0.864 / LogL: -512977.588
Init pinv, alpha: 0.354, 1.000 / Estimate: 0.407, 0.865 / LogL: -512977.583
Init pinv, alpha: 0.405, 1.000 / Estimate: 0.407, 0.864 / LogL: -512977.587
Init pinv, alpha: 0.456, 1.000 / Estimate: 0.408, 0.865 / LogL: -512977.586
Optimal pinv,alpha: 0.407, 0.865 / LogL: -512977.576

Parameters optimization took 411.073 sec
Computing ML distances based on estimated model parameters... 12.073 sec
Computing BIONJ tree...
0.022 seconds
Log-likelihood of BIONJ tree: -513696.880
--------------------------------------------------------------------
|             INITIALIZING CANDIDATE TREE SET                      |
--------------------------------------------------------------------
Generating 98 parsimony trees... 58.730 second
Computing log-likelihood of 98 initial trees ... 97.157 seconds
Current best score: -512977.576

Do NNI search on 20 best initial trees
Estimate model parameters (epsilon = 0.100)
BETTER TREE FOUND at iteration 1: -512838.443
Estimate model parameters (epsilon = 0.100)
BETTER TREE FOUND at iteration 2: -512785.653
Estimate model parameters (epsilon = 0.100)
BETTER TREE FOUND at iteration 3: -512769.507
Iteration 10 / LogL: -512806.056 / Time: 0h:23m:44s
Iteration 20 / LogL: -512857.094 / Time: 0h:24m:58s
Finish initializing candidate tree set (20)
Current best tree score: -512769.507 / CPU time: 328.511
Number of iterations: 20
--------------------------------------------------------------------
|               OPTIMIZING CANDIDATE TREE SET                      |
--------------------------------------------------------------------
Estimate model parameters (epsilon = 0.100)
BETTER TREE FOUND at iteration 26: -512763.241
Estimate model parameters (epsilon = 0.100)
BETTER TREE FOUND at iteration 30: -512761.623
Iteration 30 / LogL: -512761.623 / Time: 0h:26m:48s (0h:51m:16s left)
Estimate model parameters (epsilon = 0.100)
BETTER TREE FOUND at iteration 39: -512759.327
Iteration 40 / LogL: -512763.513 / Time: 0h:28m:30s (0h:42m:3s left)
Iteration 50 / LogL: -512773.238 / Time: 0h:29m:57s (0h:32m:44s left)
Log-likelihood cutoff on original alignment: -512873.521
Iteration 60 / LogL: -512773.745 / Time: 0h:31m:29s (0h:26m:11s left)
Iteration 70 / LogL: -512762.680 / Time: 0h:33m:8s (0h:21m:12s left)
Iteration 80 / LogL: -512773.091 / Time: 0h:34m:40s (0h:16m:58s left)
Iteration 90 / LogL: -512766.721 / Time: 0h:36m:0s (0h:13m:15s left)
Iteration 100 / LogL: -512762.896 / Time: 0h:37m:36s (0h:10m:6s left)
Log-likelihood cutoff on original alignment: -512873.521
NOTE: Bootstrap correlation coefficient of split occurrence frequencies: 0.999
Iteration 110 / LogL: -512771.376 / Time: 0h:39m:3s (0h:22m:23s left)
Iteration 120 / LogL: -512767.234 / Time: 0h:40m:33s (0h:19m:14s left)
Iteration 130 / LogL: -512771.631 / Time: 0h:42m:5s (0h:16m:21s left)
Iteration 140 / LogL: -512764.928 / Time: 0h:43m:31s (0h:13m:38s left)
TREE SEARCH COMPLETED AFTER 140 ITERATIONS / Time: 0h:43m:31s

--------------------------------------------------------------------
|                    FINALIZING TREE SEARCH                        |
--------------------------------------------------------------------
Performs final model parameters optimization
Estimate model parameters (epsilon = 0.010)
1. Initial log-likelihood: -512759.327
2. Current log-likelihood: -512759.288
Optimal log-likelihood: -512759.276
Rate parameters:  A-C: 0.96392  A-G: 5.43340  A-T: 0.50250  C-G: 1.32649  C-T: 5.43340  G-T: 1.00000
Base frequencies:  A: 0.275  C: 0.222  G: 0.215  T: 0.288
Proportion of invariable sites: 0.407
Gamma shape alpha: 0.863
Parameters optimization took 2 rounds (4.916 sec)
BEST SCORE FOUND : -512759.276
Creating bootstrap support values...
Split supports printed to NEXUS file 1_set7.splits.nex
Total tree length: 6.459

Total number of iterations: 140
CPU time used for tree search: 4152.434 sec (1h:9m:12s)
Wall-clock time used for tree search: 1441.064 sec (0h:24m:1s)
Total CPU time used: 8767.227 sec (2h:26m:7s)
Total wall-clock time used: 2617.292 sec (0h:43m:37s)

Computing bootstrap consensus tree...
Reading input file 1_set7.splits.nex...
192 taxa and 646 splits.
Consensus tree written to 1_set7.contree
Reading input trees file 1_set7.contree
Log-likelihood of consensus tree: -512759.273

Analysis results written to: 
  IQ-TREE report:                1_set7.iqtree
  Maximum-likelihood tree:       1_set7.treefile
  Likelihood distances:          1_set7.mldist

Ultrafast bootstrap approximation results written to:
  Split support values:          1_set7.splits.nex
  Consensus tree:                1_set7.contree
  Screen log file:               1_set7.log

Date and Time: Fri Jul 27 18:30:32 2018
