IQ-TREE multicore version 1.6.7 for Mac OS X 64-bit built Aug 23 2018
Developed by Bui Quang Minh, Nguyen Lam Tung, Olga Chernomor,
Heiko Schmidt, Dominik Schrempf, Michael Woodhams.

Host:    meeps-mac-pro.staff.sydney.edu.au (AVX, 64 GB RAM)
Command: /Users/davidduchene/Desktop/Software/iqtree-1.6.7-MacOSX/bin/iqtree -s ../../../../marsupials/set36.fasta -m TESTMERGE -bb 1000 -q ../../../../marsupials/set36.nex -nt AUTO -pre 2_set36
Seed:    792220 (Using SPRNG - Scalable Parallel Random Number Generator)
Time:    Thu Sep  6 18:33:09 2018
Kernel:  AVX - auto-detect threads (8 CPU cores detected)

Reading partition model file ../../../../marsupials/set36.nex ...
Reading alignment file ../../../../marsupials/set36.fasta ... Fasta format detected
Alignment most likely contains DNA/RNA sequences
Alignment has 35 sequences with 2274 columns, 730 distinct patterns
435 parsimony-informative, 212 singleton sites, 1627 constant sites
                                              Gap/Ambiguity  Composition  p-value
   1  Burramyidae_Burramys_parvus                     0.18%    passed     98.95%
   2  Notoryctidae_Notoryctes_typhlops                1.50%    passed     59.22%
   3  Vombatidae_Lasiorhinus_latifrons                0.26%    passed     83.54%
   4  Potoroidae_Bettongia_penicillata                3.52%    passed     90.70%
   5  Potoroidae_Bettongia_lesueur                    0.13%    passed     99.72%
   6  Dasyuridae_Dasyurus_maculatus                   0.79%    passed     99.06%
   7  Phalangeridae_Trichosurus_vulpecula             0.09%    passed     98.91%
   8  Phalangeridae_Spilocuscus_maculatus             0.22%    passed     99.32%
   9  Potoroidae_Aepyprymnus_rufescens                0.92%    passed     99.90%
  10  Peramelidae_Perameles_nasuta                   10.55%    passed     93.09%
  11  Phalangeridae_Strigocuscus_pelengensis         13.28%    passed     48.69%
  12  Dasyuridae_Phascogale_tapoatafa                 3.08%    passed     98.04%
  13  Dasyuridae_Sminthopsis_macroura                 0.00%    passed     96.25%
  14  Phalangeridae_Phalanger_orientalis              0.35%    passed     98.57%
  15  Acrobatidae_Acrobates_pygmaeus                  0.31%    passed     99.02%
  16  Dasyuridae_Phascogale_calura                    6.68%    passed     98.13%
  17  Dasyuridae_Sarcophilus_harrisii                 3.52%    passed     93.75%
  18  Dasyuridae_Planigale_tenuirostris              24.23%    passed     86.41%
  19  Peramelidae_Echymipera_kalubu                   7.04%    passed     78.93%
  20  Macropodidae_Dorcopsulus_vanheurni              0.97%    passed     93.47%
  21  Pseudochiridae_Pseudochirulus_forbesi           0.00%    passed     88.86%
  22  Didelphidae_Didelphis_virginiana                2.24%    passed     79.85%
  23  Marmosidae_Monodelphis_domestica                0.13%    passed     87.83%
  24  Dasyuridae_Antechinus_stuartii                 17.33%    passed     49.36%
  25  Hypsiprymnodontidae_Hypsiprymnodon_moschatus    0.31%    passed     99.61%
  26  Microbiotheriidae_Dromiciops_gliroides          1.98%    passed     89.94%
  27  Pseudochiridae_Petauroides_volans               0.97%    passed     95.35%
  28  Macropodidae_Wallabia_bicolor                   0.57%    passed     87.49%
  29  Pseudochiridae_Pseudocheirus_occidentalis       0.53%    passed     97.24%
  30  Tarsipedidae_Tarsipes_rostratus                 0.18%    passed     86.66%
  31  Acrobatidae_Distoechurus_pennatus               0.22%    passed     86.66%
  32  Phalangeridae_Phalanger_carmelitae              0.31%    passed     96.45%
  33  Peramelidae_Peroryctes_raffrayana               1.58%    passed     57.20%
  34  Dasyuridae_Dasyurus_geffroii                    5.94%    passed     94.23%
  35  Peramelidae_Perameles_gunnii                   10.82%    passed     86.90%
****  TOTAL                                           3.45%  0 sequences failed composition chi2 test (p-value<5%; df=3)
NOTE: No CharPartition defined, use all CharSets

Loading 15 partitions...
Subset	Type	Seqs	Sites	Infor	Invar	Model	Name
1		32	80	6	68	TESTMERGE	part1.1
2		32	80	0	73	TESTMERGE	part1.2
WARNING: No parsimony-informative sites in partition part1.2
3		32	80	48	14	TESTMERGE	part1.3
4		35	166	6	145	TESTMERGE	part2.1
5		35	166	1	147	TESTMERGE	part2.2
6		35	166	57	90	TESTMERGE	part2.3
7		35	85	8	71	TESTMERGE	part3.1
8		35	85	0	83	TESTMERGE	part3.2
WARNING: No parsimony-informative sites in partition part3.2
9		35	85	44	28	TESTMERGE	part3.3
10		35	219	15	194	TESTMERGE	part4.1
11		35	219	2	212	TESTMERGE	part4.2
12		35	219	85	92	TESTMERGE	part4.3
13		35	208	19	178	TESTMERGE	part5.1
14		35	208	10	189	TESTMERGE	part5.2
15		35	208	134	43	TESTMERGE	part5.3
Degree of missing data: 0.009
Info: multi-threading strategy over partitions



Create initial parsimony tree by phylogenetic likelihood library (PLL)... 0.028 seconds
NOTE: ModelFinder requires 8 MB RAM!
NUMBER OF THREADS FOR PARTITION FINDING: 8
Testing GTR+F+G on supermatrix...
GTR+F+G4 / LnL: -10647.426 / df: 76 / AIC: 21446.853 / AICc: 21452.180 / BIC: 21882.279
Selecting individual models for 15 charsets using BIC...
 No. Model        Score       Charset
   1 K2P+I        1322.844    part3.3
   2 TPM2u+F+G4   2085.968    part2.3
   3 K2P+I+G4     1164.281    part4.1
   4 TIM+F+G4     1765.836    part1.3
   5 HKY+F+I+G4   1054.177    part5.2
   6 TIM2+F+I+G4  5082.229    part5.3
   7 HKY+F+G4     3089.387    part4.3
   8 TIM3e+G4     440.235     part1.1
   9 TPM2u+F+I+G4 1329.092    part5.1
  10 TNe+G4       509.059     part3.1	0h:0m:20s (0h:6m:47s left)
  11 JC+I+G4      282.523     part3.2	0h:0m:22s (0h:6m:40s left)
  12 TNe+I+G4     865.601     part2.1	0h:0m:22s (0h:6m:13s left)
  13 JC+I+G4      374.473     part1.2	0h:0m:22s (0h:5m:43s left)
  14 TNe+I+G4     765.039     part2.2	0h:0m:23s (0h:5m:30s left)
  15 JC+I+G4      803.951     part4.2	0h:0m:23s (0h:5m:7s left)
Full partition model BIC score: 21629.349 (LnL: -10304.541  df:132)
Merging models to increase model fit (about 211 total partition schemes)...
  16 K2P+I+G4     21625.325   part3.3+part5.3	0h:0m:31s (0h:6m:22s left)
  17 TPM3u+F+I+G4 21624.400   part4.1+part5.3	0h:0m:31s (0h:5m:59s left)
  18 K2P+I+G4     21598.704   part1.1+part5.3	0h:0m:33s (0h:5m:57s left)
  19 TIM3+F+I+G4  21618.006   part5.2+part5.3	0h:0m:34s (0h:5m:46s left)
  20 GTR+F+I+G4   21624.638   part1.3+part5.3	0h:0m:37s (0h:5m:57s left)
  21 TPM2u+F+I+G4 21607.165   part2.3+part5.3	0h:0m:37s (0h:5m:39s left)
  22 TPM2u+F+I+G4 21629.231   part5.1+part5.3	0h:0m:37s (0h:5m:23s left)
  23 TIM2+F+I+G4  21613.078   part4.3+part5.3	0h:0m:39s (0h:5m:23s left)
  24 K2P+I+G4     21605.812   part3.1+part5.3	0h:0m:46s (0h:6m:1s left)
  25 K2P+I+G4     21614.834   part1.2+part5.3	0h:0m:46s (0h:5m:48s left)
  26 HKY+F+G4     21598.649   part2.3+part4.3	0h:0m:48s (0h:5m:45s left)
  27 K2P+I+G4     21617.145   part2.2+part5.3	0h:0m:49s (0h:5m:34s left)
  28 K2P+I+G4     21604.947   part2.1+part5.3	0h:0m:50s (0h:5m:31s left)
  29 K2P+I+G4     21642.349   part3.2+part5.3	0h:0m:50s (0h:5m:19s left)
  30 TPM2u+F+G4   21702.531   part4.3+part5.1	0h:0m:51s (0h:5m:8s left)
  31 K2P+I+G4     21700.248   part4.2+part5.3	0h:0m:52s (0h:5m:1s left)
  32 K2P+G4       21628.783   part3.3+part4.3	0h:0m:58s (0h:5m:28s left)
  33 HKY+F+G4     21673.120   part4.1+part4.3	0h:1m:0s (0h:5m:26s left)
  34 HKY+F+G4     21661.905   part4.3+part5.2	0h:1m:2s (0h:5m:24s left)
  35 HKY+F+G4     21607.945   part1.3+part4.3	0h:1m:3s (0h:5m:19s left)
  36 HKY+F+G4     21642.063   part3.1+part4.3	0h:1m:3s (0h:5m:10s left)
  37 HKY+F+G4     21666.082   part1.2+part4.3	0h:1m:4s (0h:5m:2s left)
  38 TIM2+F+I+G4  21662.684   part2.3+part5.1	0h:1m:6s (0h:5m:0s left)
  39 HKY+F+G4     21624.404   part1.1+part4.3	0h:1m:6s (0h:4m:51s left)
  40 HKY+F+G4     21667.236   part2.1+part4.3	0h:1m:10s (0h:5m:2s left)
  41 HKY+F+G4     21675.948   part2.2+part4.3	0h:1m:13s (0h:5m:5s left)
  42 HKY+F+G4     21699.271   part3.2+part4.3	0h:1m:14s (0h:4m:59s left)
  43 HKY+F+G4     21779.699   part4.2+part4.3	0h:1m:14s (0h:4m:52s left)
  44 HKY+F+I+G4   21599.092   part1.3+part2.3	0h:1m:15s (0h:4m:46s left)
  45 TN+F+I+G4    21637.182   part2.3+part5.2	0h:1m:16s (0h:4m:41s left)
  46 TPM2u+F+I+G4 21613.072   part5.1+part5.2	0h:1m:17s (0h:4m:36s left)
  47 K2P+G4       21623.810   part2.3+part3.3	0h:1m:18s (0h:4m:32s left)
  48 TIM+F+I+G4   21678.124   part1.3+part5.1	0h:1m:18s (0h:4m:26s left)
  49 TVMe+G4      21690.853   part3.3+part5.1	0h:1m:20s (0h:4m:25s left)
  50 K2P+G4       21676.603   part3.3+part5.2	0h:1m:21s (0h:4m:23s left)
  51 TNe+G4       21650.054   part1.3+part3.3	0h:1m:23s (0h:4m:22s left)
  52 TN+F+I+G4    21651.572   part2.3+part4.1	0h:1m:26s (0h:4m:25s left)
  53 TPM2u+F+I+G4 21621.477   part4.1+part5.1	0h:1m:32s (0h:4m:36s left)
  54 TNe+I+G4     21639.622   part1.2+part2.3	0h:1m:33s (0h:4m:30s left)
  55 K3Pu+F+G4    21618.905   part1.1+part2.3	0h:1m:33s (0h:4m:24s left)
  56 HKY+F+I+G4   21635.438   part1.3+part5.2	0h:1m:33s (0h:4m:20s left)
  57 TNe+G4       21613.549   part2.3+part3.1	0h:1m:36s (0h:4m:19s left)
  58 TPM2u+F+I+G4 21616.957   part1.1+part5.1	0h:1m:44s (0h:4m:34s left)
  59 TIM2e+I+G4   21631.331   part1.2+part5.1	0h:1m:47s (0h:4m:36s left)
  60 TNe+I+G4     21641.671   part2.2+part2.3	0h:1m:47s (0h:4m:31s left)
  61 TN+F+I+G4    21661.373   part1.3+part4.1	0h:1m:48s (0h:4m:27s left)
  62 TNe+I+G4     21631.579   part2.1+part2.3	0h:1m:49s (0h:4m:22s left)
  63 HKY+F+I+G4   21606.059   part4.1+part5.2	0h:1m:56s (0h:4m:34s left)
  64 TPM3u+F+I+G4 21732.776   part2.3+part4.2	0h:1m:59s (0h:4m:33s left)
  65 TPM3u+F+I+G4 21619.120   part1.1+part1.3	0h:2m:1s (0h:4m:32s left)
  66 TPM2+F+I+G4  21619.231   part3.1+part5.1	0h:2m:3s (0h:4m:31s left)
  67 HKY+F+I+G4   21615.466   part1.1+part5.2	0h:2m:4s (0h:4m:27s left)
  68 TIM2e+I+G4   21650.554   part1.2+part1.3	0h:2m:6s (0h:4m:25s left)
  69 TPM2u+F+I+G4 21619.201   part2.1+part5.1	0h:2m:7s (0h:4m:22s left)
  70 K2P+G4       21669.309   part3.3+part4.1	0h:2m:8s (0h:4m:18s left)
  71 K2P+I+G4     21610.388   part1.2+part5.2	0h:2m:9s (0h:4m:14s left)
  72 K2P+G4       21628.443   part1.1+part3.3	0h:2m:9s (0h:4m:10s left)
  73 K2P+I        21649.742   part1.2+part3.3	0h:2m:12s (0h:4m:10s left)
  74 TNe+I+G4     21664.132   part2.3+part3.2	0h:2m:15s (0h:4m:11s left)
  75 TIM2e+I+G4   21629.313   part2.2+part5.1	0h:2m:16s (0h:4m:7s left)
  76 K2P+I+G4     21617.840   part3.1+part5.2	0h:2m:19s (0h:4m:7s left)
  77 TIM2e+I+G4   21664.452   part4.2+part5.1	0h:2m:20s (0h:4m:3s left)
  78 TIM2e+I+G4   21653.075   part1.3+part2.2	0h:2m:26s (0h:4m:9s left)
  79 TN+F+I+G4    21636.694   part1.3+part3.1	0h:2m:36s (0h:4m:21s left)
  80 TIM2e+I+G4   21644.470   part1.3+part2.1	0h:2m:37s (0h:4m:18s left)
  81 TNe+I+G4     21610.958   part2.2+part5.2	0h:2m:40s (0h:4m:18s left)
  82 K2P+I+G4     21603.627   part2.1+part5.2	0h:2m:41s (0h:4m:13s left)
  83 TIM2e+I+G4   21636.660   part3.2+part5.1	0h:2m:41s (0h:4m:9s left)
  84 K2P+G4       21660.813   part2.2+part3.3	0h:2m:43s (0h:4m:6s left)
  85 K2P+I        21634.333   part3.1+part3.3	0h:2m:45s (0h:4m:5s left)
  86 K2P+G4       21649.481   part2.1+part3.3	0h:2m:47s (0h:4m:3s left)
  87 K2P+G4       21758.428   part3.3+part4.2	0h:2m:49s (0h:4m:1s left)
  88 TIM2e+I+G4   21733.614   part1.3+part4.2	0h:2m:50s (0h:3m:58s left)
  89 K2P+I+G4     21621.869   part4.2+part5.2	0h:2m:51s (0h:3m:55s left)
  90 K2P+I        21684.572   part3.2+part3.3	0h:2m:52s (0h:3m:52s left)
  91 K2P+I+G4     21614.503   part1.2+part4.1	0h:2m:56s (0h:3m:52s left)
  92 K2P+I+G4     21611.605   part1.1+part4.1	0h:3m:0s (0h:3m:53s left)
  93 TIM2e+I+G4   21675.759   part1.3+part3.2	0h:3m:0s (0h:3m:49s left)
  94 K2P+I+G4     21615.282   part3.2+part5.2	0h:3m:2s (0h:3m:47s left)
  95 K2P+I+G4     21620.996   part1.1+part1.2	0h:3m:5s (0h:3m:45s left)
  96 K2P+I+G4     21612.122   part2.2+part4.1	0h:3m:7s (0h:3m:44s left)
  97 K2P+I+G4     21619.559   part3.1+part4.1	0h:3m:7s (0h:3m:40s left)
  98 K2P+I+G4     21605.414   part2.1+part4.1	0h:3m:7s (0h:3m:36s left)
  99 K2P+I+G4     21634.359   part4.1+part4.2	0h:3m:8s (0h:3m:33s left)
 100 K2P+I+G4     21615.900   part1.1+part3.1	0h:3m:10s (0h:3m:31s left)
 101 TNe+I+G4     21609.806   part1.1+part2.2	0h:3m:12s (0h:3m:29s left)
 102 K2P+I+G4     21609.191   part1.1+part2.1	0h:3m:16s (0h:3m:29s left)
 103 TNe+I+G4     21624.737   part1.2+part3.1	0h:3m:17s (0h:3m:26s left)
 104 TNe+I+G4     21622.152   part1.2+part2.2	0h:3m:20s (0h:3m:26s left)
 105 K2P+I+G4     21640.686   part1.1+part4.2	0h:3m:20s (0h:3m:22s left)
 106 TNe+I+G4     21612.871   part1.2+part2.1	0h:3m:22s (0h:3m:21s left)
 107 K2P+I+G4     21622.810   part3.2+part4.1	0h:3m:27s (0h:3m:22s left)
 108 TIM3e+I      21630.457   part1.1+part3.2	0h:3m:27s (0h:3m:18s left)
 109 JC+I+G4      21618.363   part1.2+part4.2	0h:3m:29s (0h:3m:15s left)
 110 TNe+I+G4     21609.938   part2.1+part3.1	0h:3m:29s (0h:3m:12s left)
 111 K2P+I+G4     21611.096   part2.1+part2.2	0h:3m:32s (0h:3m:11s left)
 112 TNe+I+G4     21621.681   part2.2+part3.1	0h:3m:32s (0h:3m:7s left)
 113 K2P+I+G4     21652.324   part3.1+part4.2	0h:3m:33s (0h:3m:5s left)
 114 F81+F+I+G4   21624.706   part1.2+part3.2	0h:3m:35s (0h:3m:3s left)
 115 K2P+I+G4     21634.619   part2.1+part4.2	0h:3m:36s (0h:3m:0s left)
 116 TNe+I+G4     21631.422   part3.1+part3.2	0h:3m:38s (0h:2m:58s left)
 117 TNe+I+G4     21633.959   part2.2+part4.2	0h:3m:38s (0h:2m:55s left)
 118 TNe+I+G4     21621.225   part2.1+part3.2	0h:3m:39s (0h:2m:53s left)
 119 JC+I+G4      21614.354   part3.2+part4.2	0h:3m:40s (0h:2m:50s left)
 120 TNe+I+G4     21618.777   part2.2+part3.2	0h:3m:40s (0h:2m:47s left)
Merging part2.3+part4.3 with BIC score: 21598.649 (LnL: -10312.379  df: 126)
 121 HKY+F+G4     21618.742   part2.3+part3.3+part4.3	0h:3m:53s (0h:2m:53s left)
 122 HKY+F+G4     21641.357   part2.3+part4.1+part4.3	0h:3m:53s (0h:2m:50s left)
 123 HKY+F+G4     21636.955   part1.2+part2.3+part4.3	0h:3m:55s (0h:2m:48s left)
 124 HKY+F+G4     21592.976   part1.1+part2.3+part4.3	0h:3m:57s (0h:2m:46s left)
 125 HKY+F+G4     21628.611   part2.3+part4.3+part5.2	0h:3m:58s (0h:2m:43s left)
 126 TPM2u+F+G4   21675.479   part2.3+part4.3+part5.1	0h:4m:0s (0h:2m:41s left)
 127 HKY+F+G4     21574.802   part1.3+part2.3+part4.3	0h:4m:0s (0h:2m:38s left)
 128 TIM2+F+I+G4  21593.006   part2.3+part4.3+part5.3	0h:4m:3s (0h:2m:38s left)
 129 HKY+F+G4     21609.214   part2.3+part3.1+part4.3	0h:4m:8s (0h:2m:37s left)
 130 HKY+F+G4     21637.124   part2.1+part2.3+part4.3	0h:4m:8s (0h:2m:34s left)
 131 HKY+F+G4     21643.351   part2.2+part2.3+part4.3	0h:4m:8s (0h:2m:31s left)
 132 HKY+F+G4     21667.882   part2.3+part3.2+part4.3	0h:4m:9s (0h:2m:29s left)
 133 HKY+F+G4     21749.519   part2.3+part4.2+part4.3	0h:4m:9s (0h:2m:26s left)
Merging part1.1+part5.3 with BIC score: 21568.004 (LnL: -10331.838  df: 117)
 134 K2P+I+G4     21579.925   part1.1+part3.3+part5.3	0h:4m:21s (0h:2m:30s left)
 135 TPM3u+F+I+G4 21575.609   part1.1+part4.1+part5.3	0h:4m:22s (0h:2m:27s left)
 136 K2P+I+G4     21558.199   part1.1+part3.1+part5.3	0h:4m:22s (0h:2m:24s left)
 137 K2P+I+G4     21567.200   part1.1+part1.2+part5.3	0h:4m:22s (0h:2m:22s left)
 138 TPM2u+F+I+G4 21578.933   part1.1+part5.1+part5.3	0h:4m:24s (0h:2m:20s left)
 139 TIM2+F+I+G4  21572.147   part1.1+part5.2+part5.3	0h:4m:26s (0h:2m:18s left)
 140 TVM+F+I+G4   21570.030   part1.1+part1.3+part5.3	0h:4m:27s (0h:2m:15s left)
 141 TIM2+F+I+G4  21583.357   part1.1+part2.3+part4.3+part5.3	0h:4m:32s (0h:2m:15s left)
 142 K2P+I+G4     21569.544   part1.1+part2.2+part5.3	0h:4m:33s (0h:2m:12s left)
 143 K2P+I+G4     21557.451   part1.1+part2.1+part5.3	0h:4m:33s (0h:2m:10s left)
 144 K2P+I+G4     21594.250   part1.1+part3.2+part5.3	0h:4m:33s (0h:2m:7s left)
 145 K2P+I+G4     21651.573   part1.1+part4.2+part5.3	0h:4m:34s (0h:2m:4s left)
Merging part2.1+part5.2 with BIC score: 21542.282 (LnL: -10346.030  df: 110)
 146 K2P+G4       21608.541   part2.1+part3.3+part5.2	0h:4m:47s (0h:2m:7s left)
 147 K2P+I+G4     21519.361   part2.1+part4.1+part5.2	0h:4m:49s (0h:2m:6s left)
 148 TPM2u+F+I+G4 21539.489   part2.1+part5.1+part5.2	0h:4m:50s (0h:2m:3s left)
 149 TNe+I+G4     21533.645   part2.1+part3.1+part5.2	0h:4m:51s (0h:2m:1s left)
 150 TN+F+I+G4    21579.782   part1.3+part2.1+part5.2	0h:4m:53s (0h:1m:59s left)
 151 K2P+I+G4     21527.630   part1.2+part2.1+part5.2	0h:4m:54s (0h:1m:56s left)
 152 HKY+F+G4     21623.760   part2.1+part2.3+part4.3+part5.2	0h:4m:54s (0h:1m:54s left)
 153 TPM2u+F+I+G4 21564.702   part1.1+part2.1+part5.2+part5.3	0h:4m:55s (0h:1m:52s left)
 154 K2P+I+G4     21525.565   part2.1+part2.2+part5.2	0h:4m:56s (0h:1m:49s left)
 155 K2P+I+G4     21548.196   part2.1+part4.2+part5.2	0h:4m:58s (0h:1m:47s left)
 156 K2P+I+G4     21536.333   part2.1+part3.2+part5.2	0h:5m:0s (0h:1m:45s left)
Merging part1.3+part2.3+part4.3 with BIC score: 21518.435 (LnL: -10361.159  df: 103)
 157 HKY+F+I+G4   21571.187   part1.3+part2.2+part2.3+part4.3	0h:5m:14s (0h:1m:48s left)
 158 HKY+F+I+G4   21590.380   part1.3+part2.3+part3.2+part4.3	0h:5m:14s (0h:1m:45s left)
 159 HKY+F+I+G4   21671.070   part1.3+part2.3+part4.2+part4.3	0h:5m:15s (0h:1m:43s left)
 160 HKY+F+G4     21531.467   part1.3+part2.3+part3.1+part4.3	0h:5m:15s (0h:1m:40s left)
 161 HKY+F+I+G4   21565.204   part1.3+part2.3+part4.1+part4.3	0h:5m:16s (0h:1m:38s left)
 162 HKY+F+G4     21559.684   part1.2+part1.3+part2.3+part4.3	0h:5m:16s (0h:1m:35s left)
 163 HKY+F+I+G4   21602.036   part1.3+part2.1+part2.3+part4.3+part5.2	0h:5m:18s (0h:1m:33s left)
 164 TVM+F+I+G4   21539.541   part1.1+part1.3+part2.3+part4.3+part5.3	0h:5m:23s (0h:1m:32s left)
 165 HKY+F+G4     21552.132   part1.3+part2.3+part3.3+part4.3	0h:5m:26s (0h:1m:30s left)
 166 K3Pu+F+I+G4  21602.745   part1.3+part2.3+part4.3+part5.1	0h:5m:27s (0h:1m:28s left)
Merging part2.1+part4.1+part5.2 with BIC score: 21495.514 (LnL: -10361.292  df: 100)
 167 K2P+I+G4     21490.791   part2.1+part3.2+part4.1+part5.2	0h:5m:36s (0h:1m:28s left)
 168 K2P+I+G4     21478.753   part2.1+part2.2+part4.1+part5.2	0h:5m:36s (0h:1m:26s left)
 169 TPM2u+F+I+G4 21492.272   part2.1+part4.1+part5.1+part5.2	0h:5m:37s (0h:1m:23s left)
 170 K2P+I+G4     21505.908   part2.1+part4.1+part4.2+part5.2	0h:5m:37s (0h:1m:21s left)
 171 K2P+I+G4     21480.937   part1.2+part2.1+part4.1+part5.2	0h:5m:37s (0h:1m:18s left)
 172 K2P+I+G4     21487.716   part2.1+part3.1+part4.1+part5.2	0h:5m:39s (0h:1m:17s left)
 173 TPM3u+F+I+G4 21527.940   part1.1+part2.1+part4.1+part5.2+part5.3	0h:5m:40s (0h:1m:14s left)
 174 K2P+I+G4     21582.780   part2.1+part3.3+part4.1+part5.2	0h:5m:41s (0h:1m:12s left)
 175 TN+F+I+G4    21616.816   part1.3+part2.1+part2.3+part4.1+part4.3+part5.2	0h:5m:43s (0h:1m:10s left)
Merging part2.1+part2.2+part4.1+part5.2 with BIC score: 21478.753 (LnL: -10368.370  df: 96)
 176 K2P+I+G4     21573.681   part2.1+part2.2+part3.3+part4.1+part5.2	0h:5m:49s (0h:1m:9s left)
 177 TPM2u+F+I+G4 21484.750   part2.1+part2.2+part4.1+part5.1+part5.2	0h:5m:51s (0h:1m:7s left)
 178 K2P+I+G4     21474.112   part2.1+part2.2+part3.2+part4.1+part5.2	0h:5m:51s (0h:1m:5s left)
 179 K2P+I+G4     21491.112   part2.1+part2.2+part4.1+part4.2+part5.2	0h:5m:52s (0h:1m:3s left)
 180 K2P+I+G4     21464.470   part1.2+part2.1+part2.2+part4.1+part5.2	0h:5m:52s (0h:1m:0s left)
 181 HKY+F+I+G4   21524.336   part1.1+part2.1+part2.2+part4.1+part5.2+part5.3	0h:5m:55s (0h:0m:58s left)
 182 K2P+I+G4     21470.428   part2.1+part2.2+part3.1+part4.1+part5.2	0h:5m:56s (0h:0m:56s left)
 183 TN+F+I+G4    21632.832   part1.3+part2.1+part2.2+part2.3+part4.1+part4.3+part5.2	0h:5m:57s (0h:0m:54s left)
Merging part3.2+part4.2 with BIC score: 21463.758 (LnL: -10368.602  df: 94)
 184 K2P+I+G4     21631.879   part3.2+part3.3+part4.2	0h:6m:1s (0h:0m:53s left)
 185 K2P+I+G4     21487.907   part3.1+part3.2+part4.2	0h:6m:6s (0h:0m:51s left)
 186 K2P+I+G4     21581.033   part1.1+part3.2+part4.2+part5.3	0h:6m:8s (0h:0m:49s left)
 187 K2P+I+G4     21482.849   part2.1+part2.2+part3.2+part4.1+part4.2+part5.2	0h:6m:9s (0h:0m:47s left)
 188 JC+I+G4      21453.689   part1.2+part3.2+part4.2	0h:6m:11s (0h:0m:45s left)
 189 TIM2e+I+G4   21506.897   part3.2+part4.2+part5.1	0h:6m:11s (0h:0m:43s left)
 190 HKY+F+I+G4   21681.286   part1.3+part2.3+part3.2+part4.2+part4.3	0h:6m:11s (0h:0m:41s left)
Merging part1.2+part2.1+part2.2+part4.1+part5.2 with BIC score: 21449.475 (LnL: -10369.190  df: 92)
 191 K2P+I+G4     21550.723   part1.2+part2.1+part2.2+part3.3+part4.1+part5.2	0h:6m:18s (0h:0m:39s left)
 192 K2P+I+G4     21459.232   part1.2+part2.1+part2.2+part4.1+part5.1+part5.2	0h:6m:20s (0h:0m:37s left)
 193 K2P+I+G4     21467.507   part1.2+part2.1+part2.2+part3.2+part4.1+part4.2+part5.2	0h:6m:21s (0h:0m:35s left)
 194 K2P+I+G4     21502.969   part1.1+part1.2+part2.1+part2.2+part4.1+part5.2+part5.3	0h:6m:22s (0h:0m:33s left)
 195 K2P+I+G4     21442.195   part1.2+part2.1+part2.2+part3.1+part4.1+part5.2	0h:6m:26s (0h:0m:31s left)
 196 TN+F+I+G4    21631.783   part1.2+part1.3+part2.1+part2.2+part2.3+part4.1+part4.3+part5.2	0h:6m:26s (0h:0m:29s left)
Merging part3.1+part5.1 with BIC score: 21439.357 (LnL: -10375.725  df: 89)
 197 TVMe+G4      21500.447   part3.1+part3.3+part5.1	0h:6m:32s (0h:0m:27s left)
 198 K2P+I+G4     21452.722   part1.2+part2.1+part2.2+part3.1+part4.1+part5.1+part5.2	0h:6m:36s (0h:0m:26s left)
 199 TPM2u+F+I+G4 21450.615   part1.1+part3.1+part5.1+part5.3	0h:6m:37s (0h:0m:23s left)
 200 TVMe+I+G4    21493.940   part3.1+part3.2+part4.2+part5.1	0h:6m:38s (0h:0m:21s left)
 201 TIM+F+I+G4   21529.416   part1.3+part2.3+part3.1+part4.3+part5.1	0h:6m:40s (0h:0m:19s left)
BEST-FIT PARTITION MODEL: 
  charpartition BIC = K2P+I+G4: part1.1 part5.3, K2P+I+G4: part1.2 part2.1 part2.2 part4.1 part5.2, HKY+F+G4: part1.3 part2.3 part4.3, TPM2+F+I+G4: part3.1 part5.1, JC+I+G4: part3.2 part4.2, K2P+I: part3.3;
Agglomerative model selection: ((part1.1,part5.3)2:21568,(part1.2,(((part2.1,part5.2)3:21542.3,part4.1)5:21495.5,part2.2)6:21478.8)8:21449.5,(part1.3,(part2.3,part4.3)1:21598.6)4:21518.4,(part3.1,part5.1)9:21439.4,(part3.2,part4.2)7:21463.8,part3.3)
Merging into 6 partitions...
Partition information was printed to 2_set36.best_scheme.nex
Partition information in Raxml format was printed to 2_set36.best_scheme

All model information printed to 2_set36.model.gz
CPU time for ModelFinder: 327.140 seconds (0h:5m:27s)
Wall-clock time for ModelFinder: 401.378 seconds (0h:6m:41s)
Generating 1000 samples for ultrafast bootstrap (seed: 792220)...

NOTE: 7 MB RAM (0 GB) is required!
Measuring multi-threading efficiency up to 8 CPU cores
Increase to 10 rounds for branch lengths
16 trees examined
Threads: 1 / Time: 8.470 sec / Speedup: 1.000 / Efficiency: 100% / LogL: -15622
Threads: 2 / Time: 26.920 sec / Speedup: 0.315 / Efficiency: 16% / LogL: -15622
BEST NUMBER OF THREADS: 1

Estimate model parameters (epsilon = 0.100)
Initial log-likelihood: -11077.419
Current log-likelihood at step 1: -10418.188
Current log-likelihood at step 2: -10376.234
Current log-likelihood at step 3: -10344.220
Current log-likelihood at step 4: -10313.473
Current log-likelihood at step 5: -10310.676
Current log-likelihood at step 6: -10307.715
Current log-likelihood at step 7: -10304.560
Current log-likelihood at step 8: -10301.249
Current log-likelihood at step 9: -10294.250
Current log-likelihood at step 10: -10293.906
Current log-likelihood at step 11: -10293.561
Current log-likelihood at step 12: -10293.211
Current log-likelihood at step 13: -10292.852
Current log-likelihood at step 14: -10292.486
Current log-likelihood at step 15: -10292.111
Current log-likelihood at step 16: -10291.726
Current log-likelihood at step 17: -10291.331
Current log-likelihood at step 18: -10290.925
Current log-likelihood at step 19: -10290.507
Current log-likelihood at step 20: -10290.078
Current log-likelihood at step 21: -10289.636
Current log-likelihood at step 22: -10289.181
Current log-likelihood at step 23: -10288.711
Current log-likelihood at step 24: -10288.227
Current log-likelihood at step 25: -10287.727
Current log-likelihood at step 26: -10287.210
Current log-likelihood at step 27: -10286.676
Current log-likelihood at step 28: -10286.123
Current log-likelihood at step 29: -10285.550
Current log-likelihood at step 30: -10284.957
Current log-likelihood at step 31: -10284.341
Current log-likelihood at step 32: -10283.702
Current log-likelihood at step 33: -10283.040
Current log-likelihood at step 34: -10282.351
Current log-likelihood at step 35: -10281.637
Current log-likelihood at step 36: -10280.896
Current log-likelihood at step 37: -10280.129
Current log-likelihood at step 38: -10279.335
Current log-likelihood at step 39: -10278.517
Current log-likelihood at step 40: -10277.678
Current log-likelihood at step 41: -10276.825
Current log-likelihood at step 42: -10271.524
Current log-likelihood at step 43: -10271.523
Parameters optimization took 42 rounds (14.025 sec)


WARNING: Estimated model parameters are at boundary that can cause numerical instability!

Computing ML distances based on estimated model parameters... 0.073 sec
Computing BIONJ tree...
0.005 seconds
Log-likelihood of BIONJ tree: -10347.722
--------------------------------------------------------------------
|             INITIALIZING CANDIDATE TREE SET                      |
--------------------------------------------------------------------
Generating 98 parsimony trees... 7.080 second
Computing log-likelihood of 98 initial trees ... 21.201 seconds
Current best score: -10271.523

Do NNI search on 20 best initial trees
Estimate model parameters (epsilon = 0.100)
Initial log-likelihood: -10271.127
Current log-likelihood at step 1: -10271.116
Parameters optimization took 0 rounds (0.370 sec)


WARNING: Estimated model parameters are at boundary that can cause numerical instability!

BETTER TREE FOUND at iteration 1: -10271.116
Estimate model parameters (epsilon = 0.100)
Initial log-likelihood: -10270.374
Current log-likelihood at step 1: -10270.371
Parameters optimization took 0 rounds (0.288 sec)


WARNING: Estimated model parameters are at boundary that can cause numerical instability!

BETTER TREE FOUND at iteration 3: -10270.371
UPDATE BEST LOG-LIKELIHOOD: -10270.371
Iteration 10 / LogL: -10270.371 / Time: 0h:1m:40s
Iteration 20 / LogL: -10271.123 / Time: 0h:2m:0s
Finish initializing candidate tree set (3)
Current best tree score: -10270.371 / CPU time: 69.852
Number of iterations: 20
--------------------------------------------------------------------
|               OPTIMIZING CANDIDATE TREE SET                      |
--------------------------------------------------------------------
Iteration 30 / LogL: -10270.374 / Time: 0h:2m:20s (0h:5m:54s left)
UPDATE BEST LOG-LIKELIHOOD: -10270.371
Iteration 40 / LogL: -10271.123 / Time: 0h:2m:41s (0h:4m:21s left)
UPDATE BEST LOG-LIKELIHOOD: -10270.371
Iteration 50 / LogL: -10270.371 / Time: 0h:3m:1s (0h:3m:16s left)
Log-likelihood cutoff on original alignment: -10297.933
UPDATE BEST LOG-LIKELIHOOD: -10270.371
UPDATE BEST LOG-LIKELIHOOD: -10270.371
Iteration 60 / LogL: -10270.371 / Time: 0h:3m:23s (0h:2m:28s left)
UPDATE BEST LOG-LIKELIHOOD: -10270.371
Iteration 70 / LogL: -10275.107 / Time: 0h:3m:46s (0h:1m:48s left)
Iteration 80 / LogL: -10270.371 / Time: 0h:4m:12s (0h:1m:13s left)
Iteration 90 / LogL: -10270.371 / Time: 0h:4m:39s (0h:0m:40s left)
Iteration 100 / LogL: -10271.219 / Time: 0h:5m:6s (0h:0m:9s left)
Log-likelihood cutoff on original alignment: -10298.913
NOTE: Bootstrap correlation coefficient of split occurrence frequencies: 1.000
TREE SEARCH COMPLETED AFTER 104 ITERATIONS / Time: 0h:5m:17s

--------------------------------------------------------------------
|                    FINALIZING TREE SEARCH                        |
--------------------------------------------------------------------
Performs final model parameters optimization
Estimate model parameters (epsilon = 0.010)
Initial log-likelihood: -10270.371
Current log-likelihood at step 1: -10270.370
Parameters optimization took 0 rounds (0.335 sec)


WARNING: Estimated model parameters are at boundary that can cause numerical instability!

BEST SCORE FOUND : -10270.370
Creating bootstrap support values...
Split supports printed to NEXUS file 2_set36.splits.nex
Total tree length: 1.595

Total number of iterations: 104
CPU time used for tree search: 52.037 sec (0h:0m:52s)
Wall-clock time used for tree search: 267.162 sec (0h:4m:27s)
Total CPU time used: 60.975 sec (0h:1m:0s)
Total wall-clock time used: 319.628 sec (0h:5m:19s)

Computing bootstrap consensus tree...
Reading input file 2_set36.splits.nex...
35 taxa and 166 splits.
Consensus tree written to 2_set36.contree
Reading input trees file 2_set36.contree
Log-likelihood of consensus tree: -10270.370

Analysis results written to: 
  IQ-TREE report:                2_set36.iqtree
  Maximum-likelihood tree:       2_set36.treefile
  Likelihood distances:          2_set36.mldist
  Best partitioning scheme:      2_set36.best_scheme.nex
           in RAxML format:      2_set36.best_scheme

Ultrafast bootstrap approximation results written to:
  Split support values:          2_set36.splits.nex
  Consensus tree:                2_set36.contree
  Screen log file:               2_set36.log

Date and Time: Thu Sep  6 18:45:14 2018
