IQ-TREE multicore version 1.6.3 for Mac OS X 64-bit built Mar 22 2018
Developed by Bui Quang Minh, Nguyen Lam Tung, Olga Chernomor,
Heiko Schmidt, Dominik Schrempf, Michael Woodhams.

Host:    meeps-mac-pro.staff.sydney.edu.au (AVX, 64 GB RAM)
Command: /Users/davidduchene/Desktop/Software/iqtree-1.6.3-MacOSX/bin/iqtree -s ../../../../marsupials/set265.fasta -m TEST -bb 1000 -nt AUTO -pre 1_set265
Seed:    402788 (Using SPRNG - Scalable Parallel Random Number Generator)
Time:    Fri Jul 27 19:09:40 2018
Kernel:  AVX - auto-detect threads (8 CPU cores detected)

Reading alignment file ../../../../marsupials/set265.fasta ... Fasta format detected
Alignment most likely contains DNA/RNA sequences
Alignment has 35 sequences with 3519 columns, 1277 distinct patterns
493 parsimony-informative, 667 singleton sites, 2359 constant sites
                                              Gap/Ambiguity  Composition  p-value
   1  Burramyidae_Burramys_parvus                     6.96%    passed     96.36%
   2  Notoryctidae_Notoryctes_typhlops                2.10%    passed      8.80%
   3  Vombatidae_Lasiorhinus_latifrons                0.31%    passed     90.72%
   4  Potoroidae_Bettongia_penicillata                0.23%    passed     54.03%
   5  Potoroidae_Bettongia_lesueur                    0.45%    passed     75.14%
   6  Dasyuridae_Dasyurus_maculatus                   0.54%    passed     96.89%
   7  Phalangeridae_Trichosurus_vulpecula             0.51%    passed     99.79%
   8  Phalangeridae_Spilocuscus_maculatus            16.31%    passed     73.28%
   9  Potoroidae_Aepyprymnus_rufescens                0.45%    passed     64.24%
  10  Peramelidae_Perameles_nasuta                   10.88%    passed     83.78%
  11  Phalangeridae_Strigocuscus_pelengensis         18.02%    passed     72.19%
  12  Dasyuridae_Phascogale_tapoatafa                 0.31%    passed     94.62%
  13  Dasyuridae_Sminthopsis_macroura                31.83%    failed      2.54%
  14  Phalangeridae_Phalanger_orientalis              0.68%    passed     96.73%
  15  Acrobatidae_Acrobates_pygmaeus                  1.82%    passed     98.14%
  16  Dasyuridae_Phascogale_calura                    0.20%    passed     81.32%
  17  Dasyuridae_Sarcophilus_harrisii                 0.09%    passed     93.45%
  18  Dasyuridae_Planigale_tenuirostris               9.69%    passed     30.19%
  19  Peramelidae_Echymipera_kalubu                   0.74%    passed     90.52%
  20  Macropodidae_Dorcopsulus_vanheurni              0.65%    passed     76.52%
  21  Pseudochiridae_Pseudochirulus_forbesi           6.51%    passed     94.34%
  22  Didelphidae_Didelphis_virginiana                3.10%    passed     93.77%
  23  Marmosidae_Monodelphis_domestica                0.40%    passed     98.26%
  24  Dasyuridae_Antechinus_stuartii                  0.77%    passed     58.23%
  25  Hypsiprymnodontidae_Hypsiprymnodon_moschatus    0.14%    passed     18.71%
  26  Microbiotheriidae_Dromiciops_gliroides          6.73%    passed     95.50%
  27  Pseudochiridae_Petauroides_volans               8.38%    passed     77.95%
  28  Macropodidae_Wallabia_bicolor                   0.54%    passed     59.24%
  29  Pseudochiridae_Pseudocheirus_occidentalis       6.59%    passed     94.90%
  30  Tarsipedidae_Tarsipes_rostratus                 2.22%    passed     63.60%
  31  Acrobatidae_Distoechurus_pennatus               0.11%    passed     99.87%
  32  Phalangeridae_Phalanger_carmelitae              0.45%    passed     98.23%
  33  Peramelidae_Peroryctes_raffrayana               5.06%    passed     99.49%
  34  Dasyuridae_Dasyurus_geffroii                    0.28%    passed     96.02%
  35  Peramelidae_Perameles_gunnii                    0.40%    passed     92.51%
****  TOTAL                                           4.13%  1 sequences failed composition chi2 test (p-value<5%; df=3)


Create initial parsimony tree by phylogenetic likelihood library (PLL)... 0.003 seconds
NOTE: ModelFinder requires 10 MB RAM!
ModelFinder will test 88 DNA models (sample size: 3519) ...
 No. Model         -LnL         df  AIC          AICc         BIC
Measuring multi-threading efficiency up to 8 CPU cores
Increase to 10 rounds for branch lengths
313 trees examined
Threads: 1 / Time: 8.013 sec / Speedup: 1.000 / Efficiency: 100% / LogL: -23082
Threads: 2 / Time: 6.255 sec / Speedup: 1.281 / Efficiency: 64% / LogL: -23082
Threads: 3 / Time: 5.089 sec / Speedup: 1.575 / Efficiency: 52% / LogL: -23082
Threads: 4 / Time: 4.645 sec / Speedup: 1.725 / Efficiency: 43% / LogL: -23082
BEST NUMBER OF THREADS: 3

  1  JC            16549.310    67  33232.619    33235.260    33645.737
  2  JC+I          16349.504    68  32835.008    32837.728    33254.291
  3  JC+G4         16309.172    68  32754.345    32757.065    33173.628
  4  JC+I+G4       16309.043    69  32756.087    32758.887    33181.536
  5  F81+F         16509.915    70  33159.830    33162.712    33591.445
  6  F81+F+I       16313.702    71  32769.404    32772.370    33207.185
  7  F81+F+G4      16272.830    71  32687.659    32690.625    33125.440
  8  F81+F+I+G4    16272.866    72  32689.731    32692.782    33133.679
  9  K2P           16020.965    68  32177.930    32180.650    32597.214
 10  K2P+I         15813.509    69  31765.018    31767.819    32190.467
 11  K2P+G4        15771.456    69  31680.911    31683.712    32106.360
 12  K2P+I+G4      15770.396    70  31680.791    31683.674    32112.406
 13  HKY+F         15980.979    71  32103.958    32106.924    32541.739
 14  HKY+F+I       15775.794    72  31695.589    31698.639    32139.536
 15  HKY+F+G4      15733.612    72  31611.223    31614.274    32055.170
 16  HKY+F+I+G4    15732.791    73  31611.582    31614.718    32061.695
 17  TNe           16019.018    69  32176.036    32178.837    32601.485
 18  TNe+I         15813.091    70  31766.182    31769.065    32197.797
 19  TNe+G4        15770.571    70  31681.142    31684.025    32112.757
 20  TNe+I+G4      15769.391    71  31680.782    31683.748    32118.563
 21  TN+F          15971.121    72  32086.242    32089.292    32530.189
 22  TN+F+I        15770.076    73  31686.152    31689.288    32136.265
 23  TN+F+G4       15726.524    73  31599.047    31602.183    32049.160
 24  TN+F+I+G4     15725.752    74  31599.503    31602.726    32055.782
 25  K3P           16017.914    69  32173.828    32176.628    32599.277
 26  K3P+I         15810.414    70  31760.829    31763.711    32192.444
 27  K3P+G4        15768.344    70  31676.688    31679.571    32108.303
 28  K3P+I+G4      15766.874    71  31675.748    31678.714    32113.529
 29  K3Pu+F        15977.290    72  32098.580    32101.630    32542.527
 30  K3Pu+F+I      15772.189    73  31690.378    31693.514    32140.491
 31  K3Pu+F+G4     15729.956    73  31605.911    31609.047    32056.024
 32  K3Pu+F+I+G4   15728.802    74  31605.604    31608.827    32061.882
 33  TPM2+F        15980.503    72  32105.007    32108.057    32548.954
 34  TPM2+F+I      15775.054    73  31696.108    31699.244    32146.221
 35  TPM2+F+G4     15732.965    73  31611.929    31615.066    32062.043
 36  TPM2+F+I+G4   15731.722    74  31611.444    31614.667    32067.723
 37  TPM2u+F       15980.503    72  32105.007    32108.057    32548.954
 38  TPM2u+F+I     15775.054    73  31696.108    31699.244    32146.221
 39  TPM2u+F+G4    15732.964    73  31611.928    31615.064    32062.041
 40  TPM2u+F+I+G4  15731.686    74  31611.371    31614.594    32067.650
 41  TPM3+F        15976.718    72  32097.436    32100.486    32541.383
 42  TPM3+F+I      15772.358    73  31690.715    31693.852    32140.829
 43  TPM3+F+G4     15729.959    73  31605.919    31609.055    32056.032
 44  TPM3+F+I+G4   15728.799    74  31605.598    31608.821    32061.877
 45  TPM3u+F       15976.718    72  32097.435    32100.486    32541.382
 46  TPM3u+F+I     15772.358    73  31690.715    31693.852    32140.829
 47  TPM3u+F+G4    15729.960    73  31605.920    31609.056    32056.033
 48  TPM3u+F+I+G4  15728.763    74  31605.527    31608.750    32061.806
 49  TIMe          16015.967    70  32171.935    32174.818    32603.550
 50  TIMe+I        15809.998    71  31761.996    31764.962    32199.778
 51  TIMe+G4       15767.463    71  31676.927    31679.893    32114.708
 52  TIMe+I+G4     15765.867    72  31675.733    31678.784    32119.680
 53  TIM+F         15967.439    73  32080.877    32084.013    32530.990
 54  TIM+F+I       15766.478    74  31680.956    31684.179    32137.235
 55  TIM+F+G4      15722.876    74  31593.751    31596.974    32050.030
 56  TIM+F+I+G4    15721.738    75  31593.475    31596.786    32055.920
 57  TIM2e         16016.385    70  32172.769    32175.652    32604.385
 58  TIM2e+I       15808.748    71  31759.496    31762.462    32197.277
 59  TIM2e+G4      15766.168    71  31674.336    31677.302    32112.117
 60  TIM2e+I+G4    15764.344    72  31672.687    31675.738    32116.634
 61  TIM2+F        15970.658    73  32087.316    32090.452    32537.429
 62  TIM2+F+I      15769.343    74  31686.686    31689.909    32142.965
 63  TIM2+F+G4     15725.856    74  31599.712    31602.935    32055.991
 64  TIM2+F+I+G4   15724.538    75  31599.076    31602.387    32061.521
 65  TIM3e         16017.117    70  32174.235    32177.118    32605.850
 66  TIM3e+I       15811.941    71  31765.883    31768.849    32203.664
 67  TIM3e+G4      15769.434    71  31680.867    31683.833    32118.648
 68  TIM3e+I+G4    15767.734    72  31679.468    31682.519    32123.415
 69  TIM3+F        15966.882    73  32079.764    32082.900    32529.877
 70  TIM3+F+I      15766.658    74  31681.317    31684.540    32137.596
 71  TIM3+F+G4     15722.825    74  31593.651    31596.874    32049.930
 72  TIM3+F+I+G4   15721.603    75  31593.205    31596.516    32055.650
 73  TVMe          16013.821    71  32169.641    32172.607    32607.423
 74  TVMe+I        15805.197    72  31754.394    31757.444    32198.341
 75  TVMe+G4       15763.060    72  31670.119    31673.170    32114.067
 76  TVMe+I+G4     15761.050    73  31668.100    31671.237    32118.213
 77  TVM+F         15973.475    74  32094.949    32098.172    32551.228
 78  TVM+F+I       15768.791    75  31687.582    31690.893    32150.027
 79  TVM+F+G4      15726.483    75  31602.966    31606.277    32065.411
 80  TVM+F+I+G4    15724.921    76  31601.842    31605.242    32070.453
 81  SYM           16011.888    72  32167.775    32170.826    32611.722
 82  SYM+I         15804.832    73  31755.664    31758.800    32205.777
 83  SYM+G4        15762.252    73  31670.504    31673.640    32120.617
 84  SYM+I+G4      15760.273    74  31668.546    31671.769    32124.825
 85  GTR+F         15963.658    75  32077.315    32080.626    32539.760
 86  GTR+F+I       15763.104    76  31678.207    31681.608    32146.818
 87  GTR+F+G4      15719.327    76  31590.655    31594.055    32059.266
 88  GTR+F+I+G4    15717.926    77  31589.853    31593.344    32064.630
Akaike Information Criterion:           GTR+F+I+G4
Corrected Akaike Information Criterion: GTR+F+I+G4
Bayesian Information Criterion:         TN+F+G4
Best-fit model: TN+F+G4 chosen according to BIC

All model information printed to 1_set265.model.gz
CPU time for ModelFinder: 64.051 seconds (0h:1m:4s)
Wall-clock time for ModelFinder: 27.314 seconds (0h:0m:27s)
Generating 1000 samples for ultrafast bootstrap (seed: 402788)...

NOTE: 10 MB RAM (0 GB) is required!
Measuring multi-threading efficiency up to 8 CPU cores
Increase to 10 rounds for branch lengths
115 trees examined
Threads: 1 / Time: 8.009 sec / Speedup: 1.000 / Efficiency: 100% / LogL: -21866
Threads: 2 / Time: 5.577 sec / Speedup: 1.436 / Efficiency: 72% / LogL: -21866
Threads: 3 / Time: 4.242 sec / Speedup: 1.888 / Efficiency: 63% / LogL: -21866
Threads: 4 / Time: 3.697 sec / Speedup: 2.166 / Efficiency: 54% / LogL: -21866
Threads: 5 / Time: 5.249 sec / Speedup: 1.526 / Efficiency: 31% / LogL: -21866
BEST NUMBER OF THREADS: 4

Estimate model parameters (epsilon = 0.100)
1. Initial log-likelihood: -16297.136
2. Current log-likelihood: -15727.660
3. Current log-likelihood: -15726.525
Optimal log-likelihood: -15726.524
Rate parameters:  A-C: 1.00000  A-G: 4.47402  A-T: 1.00000  C-G: 1.00000  C-T: 5.76097  G-T: 1.00000
Base frequencies:  A: 0.302  C: 0.214  G: 0.235  T: 0.250
Gamma shape alpha: 0.542
Parameters optimization took 3 rounds (0.143 sec)
Computing ML distances based on estimated model parameters... 0.034 sec
Computing BIONJ tree...
0.001 seconds
Log-likelihood of BIONJ tree: -15774.373
--------------------------------------------------------------------
|             INITIALIZING CANDIDATE TREE SET                      |
--------------------------------------------------------------------
Generating 98 parsimony trees... 0.619 second
Computing log-likelihood of 98 initial trees ... 1.191 seconds
Current best score: -15726.524

Do NNI search on 20 best initial trees
Estimate model parameters (epsilon = 0.100)
BETTER TREE FOUND at iteration 1: -15726.524
Iteration 10 / LogL: -15726.527 / Time: 0h:0m:56s
Iteration 20 / LogL: -15726.526 / Time: 0h:0m:58s
Finish initializing candidate tree set (2)
Current best tree score: -15726.524 / CPU time: 3.747
Number of iterations: 20
--------------------------------------------------------------------
|               OPTIMIZING CANDIDATE TREE SET                      |
--------------------------------------------------------------------
Iteration 30 / LogL: -15726.564 / Time: 0h:0m:59s (0h:1m:18s left)
Iteration 40 / LogL: -15726.529 / Time: 0h:1m:0s (0h:0m:52s left)
Iteration 50 / LogL: -15726.625 / Time: 0h:1m:2s (0h:0m:36s left)
Log-likelihood cutoff on original alignment: -15765.811
Iteration 60 / LogL: -15726.525 / Time: 0h:1m:3s (0h:0m:25s left)
Iteration 70 / LogL: -15726.526 / Time: 0h:1m:4s (0h:0m:16s left)
Iteration 80 / LogL: -15726.527 / Time: 0h:1m:6s (0h:0m:10s left)
Iteration 90 / LogL: -15726.524 / Time: 0h:1m:7s (0h:0m:4s left)
Iteration 100 / LogL: -15726.524 / Time: 0h:1m:9s (0h:0m:0s left)
Log-likelihood cutoff on original alignment: -15765.430
NOTE: Bootstrap correlation coefficient of split occurrence frequencies: 1.000
TREE SEARCH COMPLETED AFTER 102 ITERATIONS / Time: 0h:1m:9s

--------------------------------------------------------------------
|                    FINALIZING TREE SEARCH                        |
--------------------------------------------------------------------
Performs final model parameters optimization
Estimate model parameters (epsilon = 0.010)
1. Initial log-likelihood: -15726.524
Optimal log-likelihood: -15726.524
Rate parameters:  A-C: 1.00000  A-G: 4.47471  A-T: 1.00000  C-G: 1.00000  C-T: 5.75876  G-T: 1.00000
Base frequencies:  A: 0.302  C: 0.214  G: 0.235  T: 0.250
Gamma shape alpha: 0.542
Parameters optimization took 1 rounds (0.027 sec)
BEST SCORE FOUND : -15726.524
Creating bootstrap support values...
Split supports printed to NEXUS file 1_set265.splits.nex
Total tree length: 0.581

Total number of iterations: 102
CPU time used for tree search: 54.834 sec (0h:0m:54s)
Wall-clock time used for tree search: 15.182 sec (0h:0m:15s)
Total CPU time used: 185.924 sec (0h:3m:5s)
Total wall-clock time used: 69.753 sec (0h:1m:9s)

Computing bootstrap consensus tree...
Reading input file 1_set265.splits.nex...
35 taxa and 135 splits.
Consensus tree written to 1_set265.contree
Reading input trees file 1_set265.contree
Log-likelihood of consensus tree: -15726.524

Analysis results written to: 
  IQ-TREE report:                1_set265.iqtree
  Maximum-likelihood tree:       1_set265.treefile
  Likelihood distances:          1_set265.mldist

Ultrafast bootstrap approximation results written to:
  Split support values:          1_set265.splits.nex
  Consensus tree:                1_set265.contree
  Screen log file:               1_set265.log

Date and Time: Fri Jul 27 19:10:50 2018
