IQ-TREE multicore version 1.6.7 for Mac OS X 64-bit built Aug 23 2018
Developed by Bui Quang Minh, Nguyen Lam Tung, Olga Chernomor,
Heiko Schmidt, Dominik Schrempf, Michael Woodhams.

Host:    meeps-mac-pro.staff.sydney.edu.au (AVX, 64 GB RAM)
Command: /Users/davidduchene/Desktop/Software/iqtree-1.6.7-MacOSX/bin/iqtree -s ../../../../marsupials/set90.fasta -m TESTMERGE -bb 1000 -spp ../../../../marsupials/set90.nex -nt AUTO -pre 4_set90
Seed:    807749 (Using SPRNG - Scalable Parallel Random Number Generator)
Time:    Fri Sep  7 04:55:08 2018
Kernel:  AVX - auto-detect threads (8 CPU cores detected)

Reading partition model file ../../../../marsupials/set90.nex ...
Reading alignment file ../../../../marsupials/set90.fasta ... Fasta format detected
Alignment most likely contains DNA/RNA sequences
Alignment has 35 sequences with 2955 columns, 1062 distinct patterns
679 parsimony-informative, 359 singleton sites, 1917 constant sites
                                              Gap/Ambiguity  Composition  p-value
   1  Burramyidae_Burramys_parvus                     2.00%    passed     76.41%
   2  Notoryctidae_Notoryctes_typhlops                2.47%    passed     82.74%
   3  Vombatidae_Lasiorhinus_latifrons                0.30%    passed     83.18%
   4  Potoroidae_Bettongia_penicillata                0.24%    passed     81.23%
   5  Potoroidae_Bettongia_lesueur                    0.37%    passed     78.66%
   6  Dasyuridae_Dasyurus_maculatus                   9.34%    passed     68.39%
   7  Phalangeridae_Trichosurus_vulpecula             2.71%    passed     92.92%
   8  Phalangeridae_Spilocuscus_maculatus             1.15%    passed     98.48%
   9  Potoroidae_Aepyprymnus_rufescens                0.95%    passed     86.24%
  10  Peramelidae_Perameles_nasuta                    0.24%    passed     92.94%
  11  Phalangeridae_Strigocuscus_pelengensis          6.23%    passed     60.38%
  12  Dasyuridae_Phascogale_tapoatafa                 0.07%    passed     94.01%
  13  Dasyuridae_Sminthopsis_macroura                 8.12%    passed     55.71%
  14  Phalangeridae_Phalanger_orientalis              2.81%    passed     91.92%
  15  Acrobatidae_Acrobates_pygmaeus                  3.59%    passed     72.21%
  16  Dasyuridae_Phascogale_calura                    0.14%    passed     91.33%
  17  Dasyuridae_Sarcophilus_harrisii                25.04%    failed      1.49%
  18  Dasyuridae_Planigale_tenuirostris               2.40%    passed     83.36%
  19  Peramelidae_Echymipera_kalubu                   0.44%    passed     94.86%
  20  Macropodidae_Dorcopsulus_vanheurni              0.51%    passed     81.76%
  21  Pseudochiridae_Pseudochirulus_forbesi           0.81%    passed     83.88%
  22  Didelphidae_Didelphis_virginiana               25.14%    failed      0.73%
  23  Marmosidae_Monodelphis_domestica                0.98%    passed     29.01%
  24  Dasyuridae_Antechinus_stuartii                  0.71%    passed     83.88%
  25  Hypsiprymnodontidae_Hypsiprymnodon_moschatus    0.37%    passed     34.30%
  26  Microbiotheriidae_Dromiciops_gliroides          2.40%    passed     64.13%
  27  Pseudochiridae_Petauroides_volans               8.53%    passed     99.60%
  28  Macropodidae_Wallabia_bicolor                   0.58%    passed     80.28%
  29  Pseudochiridae_Pseudocheirus_occidentalis       0.58%    passed     59.32%
  30  Tarsipedidae_Tarsipes_rostratus                25.99%    failed      1.35%
  31  Acrobatidae_Distoechurus_pennatus               0.78%    passed     60.57%
  32  Phalangeridae_Phalanger_carmelitae              5.96%    passed     40.70%
  33  Peramelidae_Peroryctes_raffrayana               0.34%    passed     96.36%
  34  Dasyuridae_Dasyurus_geffroii                    0.03%    passed     99.27%
  35  Peramelidae_Perameles_gunnii                    0.30%    passed     88.64%
****  TOTAL                                           4.07%  3 sequences failed composition chi2 test (p-value<5%; df=3)
NOTE: No CharPartition defined, use all CharSets

Loading 15 partitions...
Subset	Type	Seqs	Sites	Infor	Invar	Model	Name
1		35	200	52	137	TESTMERGE	part1.1
2		35	200	36	156	TESTMERGE	part1.2
3		35	200	119	44	TESTMERGE	part1.3
4		32	245	12	193	TESTMERGE	part2.1
5		32	245	3	208	TESTMERGE	part2.2
6		32	245	72	128	TESTMERGE	part2.3
7		35	102	11	61	TESTMERGE	part3.1
8		35	102	9	72	TESTMERGE	part3.2
9		35	102	59	24	TESTMERGE	part3.3
10		35	138	24	100	TESTMERGE	part4.1
11		35	138	11	116	TESTMERGE	part4.2
12		35	138	93	26	TESTMERGE	part4.3
13		35	300	20	267	TESTMERGE	part5.1
14		35	300	2	297	TESTMERGE	part5.2
15		35	300	156	88	TESTMERGE	part5.3
Degree of missing data: 0.021
Info: multi-threading strategy over partitions



Create initial parsimony tree by phylogenetic likelihood library (PLL)... 0.008 seconds
NOTE: ModelFinder requires 11 MB RAM!
NUMBER OF THREADS FOR PARTITION FINDING: 8
Testing GTR+F+G on supermatrix...
GTR+F+G4 / LnL: -16583.174 / df: 76 / AIC: 33318.347 / AICc: 33322.414 / BIC: 33773.683
Selecting individual models for 15 charsets using BIC...
 No. Model        Score       Charset
   1 K2P          1299.607    part2.2
   2 K2P+G4       2847.479    part4.3
   3 K2P+G4       2345.903    part1.1
   4 K2P+G4       2244.942    part3.3
   5 K3P+G4       4636.251    part1.3
   6 K2P          983.085     part3.1
   7 TN+F+I       1472.724    part2.1
   8 TPM2+F+G4    3073.485    part2.3
   9 K2P+G4       1182.079    part4.1
  10 HKY+F        839.175     part3.2	0h:0m:15s (0h:5m:3s left)
  11 K2P+I+G4     2090.078    part1.2	0h:0m:17s (0h:5m:10s left)
  12 K2P+G4       845.620     part4.2	0h:0m:17s (0h:4m:45s left)
  13 TPM2+F+G4    5699.710    part5.3	0h:0m:17s (0h:4m:26s left)
  14 F81+F+I      900.236     part5.2	0h:0m:18s (0h:4m:19s left)
  15 TIM2e+I      1514.691    part5.1	0h:0m:18s (0h:4m:5s left)
Full partition model BIC score: 32672.075 (LnL: -15820.602  df:129)
Merging models to increase model fit (about 211 total partition schemes)...
  16 K3P+G4       32671.366   part1.3+part4.3	0h:0m:29s (0h:5m:59s left)
  17 K2P+G4       32692.017   part1.3+part2.3	0h:0m:31s (0h:6m:0s left)
  18 TPM2u+F+G4   32647.679   part3.3+part5.3	0h:0m:32s (0h:5m:50s left)
  19 GTR+F+G4     32877.813   part2.2+part5.3	0h:0m:33s (0h:5m:33s left)
  20 TPM2u+F+G4   32663.004   part4.3+part5.3	0h:0m:33s (0h:5m:16s left)
  21 TNe+G4       32675.404   part2.3+part5.3	0h:0m:33s (0h:5m:3s left)
  22 TPM2u+F+G4   32675.243   part1.3+part5.3	0h:0m:34s (0h:5m:0s left)
  23 TIM2+F+G4    32841.961   part2.1+part5.3	0h:0m:37s (0h:5m:4s left)
  24 TPM2u+F+G4   32744.780   part1.1+part5.3	0h:0m:45s (0h:5m:56s left)
  25 K2P+G4       32676.652   part2.3+part4.3	0h:0m:46s (0h:5m:43s left)
  26 TIM3e+G4     32726.717   part3.1+part5.3	0h:0m:46s (0h:5m:33s left)
  27 TNe+G4       32818.479   part1.2+part5.3	0h:0m:48s (0h:5m:31s left)
  28 TN+F+G4      32654.741   part1.3+part3.3	0h:0m:48s (0h:5m:18s left)
  29 TNe+G4       32725.207   part3.2+part5.3	0h:0m:48s (0h:5m:6s left)
  30 TIM2+F+G4    32874.753   part1.3+part2.2	0h:0m:51s (0h:5m:11s left)
  31 TNe+G4       32751.362   part4.1+part5.3	0h:0m:52s (0h:5m:2s left)
  32 TPM2u+F+G4   32735.030   part2.2+part2.3	0h:0m:59s (0h:5m:34s left)
  33 K3P+G4       32729.155   part1.1+part1.3	0h:1m:1s (0h:5m:32s left)
  34 K2P+G4       32673.124   part2.3+part3.3	0h:1m:3s (0h:5m:31s left)
  35 TIM2+F+G4    32734.350   part2.1+part2.3	0h:1m:4s (0h:5m:22s left)
  36 TIM3e+I+G4   32905.896   part5.1+part5.3	0h:1m:6s (0h:5m:23s left)
  37 TIM3e+G4     32782.328   part4.2+part5.3	0h:1m:8s (0h:5m:20s left)
  38 TIM3+F+G4    32886.524   part1.3+part2.1	0h:1m:8s (0h:5m:10s left)
  39 K2P+G4       32731.638   part1.3+part3.1	0h:1m:8s (0h:5m:1s left)
  40 K2P+G4       32668.554   part1.1+part2.3	0h:1m:14s (0h:5m:18s left)
  41 K2P+G4       32787.947   part1.2+part1.3	0h:1m:14s (0h:5m:9s left)
  42 K2P+G4       32733.674   part1.3+part3.2	0h:1m:16s (0h:5m:8s left)
  43 K3P+G4       32756.560   part1.3+part4.1	0h:1m:18s (0h:5m:8s left)
  44 TIM3e+I+G4   33060.899   part5.2+part5.3	0h:1m:19s (0h:5m:3s left)
  45 K2P+G4       32655.542   part3.3+part4.3	0h:1m:20s (0h:4m:55s left)
  46 K2P+G4       32672.344   part2.3+part3.1	0h:1m:22s (0h:4m:56s left)
  47 HKY+F+G4     32724.333   part1.2+part2.3	0h:1m:23s (0h:4m:52s left)
  48 K2P+G4       32856.786   part2.2+part4.3	0h:1m:28s (0h:4m:59s left)
  49 K3P+I+G4     32922.981   part1.3+part5.1	0h:1m:29s (0h:4m:54s left)
  50 K2P+G4       32676.078   part2.3+part4.1	0h:1m:30s (0h:4m:51s left)
  51 HKY+F+G4     32662.745   part2.3+part3.2	0h:1m:31s (0h:4m:45s left)
  52 K3P+G4       32792.256   part1.3+part4.2	0h:1m:31s (0h:4m:39s left)
  53 TIM2e+G4     32759.105   part2.3+part5.1	0h:1m:33s (0h:4m:37s left)
  54 TN+F+G4      32852.594   part2.1+part4.3	0h:1m:33s (0h:4m:31s left)
  55 K2P+G4       32746.924   part1.1+part4.3	0h:1m:33s (0h:4m:26s left)
  56 K2P+G4       32732.300   part3.1+part4.3	0h:1m:39s (0h:4m:34s left)
  57 TIM3+F       32699.040   part2.1+part2.2	0h:1m:40s (0h:4m:30s left)
  58 K2P+G4       32692.259   part2.3+part4.2	0h:1m:40s (0h:4m:24s left)
  59 K3P+I+G4     33052.965   part1.3+part5.2	0h:1m:42s (0h:4m:24s left)
  60 K2P+G4       32818.657   part1.2+part4.3	0h:1m:43s (0h:4m:20s left)
  61 TPM3u+F+I+G4 32831.462   part2.2+part3.3	0h:1m:44s (0h:4m:17s left)
  62 K2P+G4       32732.328   part3.2+part4.3	0h:1m:45s (0h:4m:13s left)
  63 TN+F+G4      32827.612   part2.1+part3.3	0h:1m:47s (0h:4m:12s left)
  64 K2P+G4       32759.541   part4.1+part4.3	0h:1m:50s (0h:4m:13s left)
  65 K2P+G4       32711.221   part1.1+part3.3	0h:1m:51s (0h:4m:10s left)
  66 K2P+G4       32877.886   part4.3+part5.1	0h:1m:53s (0h:4m:10s left)
  67 HKY+F+I+G4   32853.192   part2.3+part5.2	0h:1m:54s (0h:4m:6s left)
  68 K2P+G4       32727.798   part3.1+part3.3	0h:1m:54s (0h:4m:1s left)
  69 TPM2u+F+I+G4 32722.656   part1.1+part2.2	0h:1m:55s (0h:3m:57s left)
  70 K2P+G4       32783.659   part4.2+part4.3	0h:1m:56s (0h:3m:54s left)
  71 TPM3+F       32686.409   part2.2+part3.1	0h:1m:57s (0h:3m:52s left)
  72 TIM3+F+I+G4  32753.032   part1.1+part2.1	0h:1m:59s (0h:3m:50s left)
  73 K2P+G4       32762.816   part1.2+part3.3	0h:2m:4s (0h:3m:54s left)
  74 K2P+G4       32663.822   part2.2+part3.2	0h:2m:5s (0h:3m:52s left)
  75 K2P+G4       32722.581   part3.2+part3.3	0h:2m:5s (0h:3m:48s left)
  76 TN+F+G4      32694.162   part2.1+part3.1	0h:2m:7s (0h:3m:46s left)
  77 TN+F+G4      32686.445   part2.1+part3.2	0h:2m:8s (0h:3m:43s left)
  78 K2P+I+G4     32716.429   part1.2+part2.2	0h:2m:10s (0h:3m:41s left)
  79 K2P+G4       32741.165   part3.3+part4.1	0h:2m:11s (0h:3m:39s left)
  80 TIM3+F+I+G4  32771.966   part1.2+part2.1	0h:2m:11s (0h:3m:36s left)
  81 K2P+G4       32670.921   part2.2+part4.1	0h:2m:15s (0h:3m:37s left)
  82 K2P+I+G4     32694.955   part1.1+part3.1	0h:2m:17s (0h:3m:36s left)
  83 TIM2+F+G4    32674.292   part2.1+part4.1	0h:2m:19s (0h:3m:34s left)
  84 HKY+F+I+G4   33009.393   part4.3+part5.2	0h:2m:20s (0h:3m:31s left)
  85 K2P+I+G4     32835.070   part3.3+part5.1	0h:2m:20s (0h:3m:28s left)
  86 TNe+G4       32680.436   part2.2+part5.1	0h:2m:22s (0h:3m:26s left)
  87 K2P+I+G4     32660.104   part1.1+part1.2	0h:2m:23s (0h:3m:23s left)
  88 K2P+I+G4     32673.905   part1.1+part3.2	0h:2m:23s (0h:3m:20s left)
  89 K2P+I+G4     32672.575   part1.1+part4.1	0h:2m:27s (0h:3m:22s left)
  90 K2P+G4       32659.164   part2.2+part4.2	0h:2m:28s (0h:3m:19s left)
  91 K2P+G4       32655.299   part3.1+part3.2	0h:2m:29s (0h:3m:16s left)
  92 K2P+G4       32760.240   part3.3+part4.2	0h:2m:31s (0h:3m:15s left)
  93 K2P+I+G4     32708.663   part1.2+part3.1	0h:2m:33s (0h:3m:14s left)
  94 TIM2+F+G4    32683.146   part2.1+part5.1	0h:2m:33s (0h:3m:11s left)
  95 TIM2+F+G4    32689.799   part2.1+part4.2	0h:2m:34s (0h:3m:8s left)
  96 K3P+I+G4     32712.722   part1.1+part5.1	0h:2m:35s (0h:3m:5s left)
  97 K2P+G4       32660.133   part3.1+part4.1	0h:2m:35s (0h:3m:2s left)
  98 K2P+G4       32648.623   part3.2+part4.1	0h:2m:40s (0h:3m:4s left)
  99 K2P+I+G4     32681.633   part1.2+part3.2	0h:2m:41s (0h:3m:2s left)
 100 TIM3e+G4     32712.562   part3.1+part5.1	0h:2m:41s (0h:2m:59s left)
 101 K2P+I+G4     32674.598   part1.1+part4.2	0h:2m:44s (0h:2m:58s left)
 102 TPM3+F+I     32714.020   part2.2+part5.2	0h:2m:44s (0h:2m:56s left)
 103 K2P+I+G4     32674.771   part1.2+part4.1	0h:2m:45s (0h:2m:53s left)
 104 K2P+I+G4     32937.409   part3.3+part5.2	0h:2m:49s (0h:2m:54s left)
 105 K2P+G4       32671.826   part3.1+part4.2	0h:2m:51s (0h:2m:53s left)
 106 TNe+G4       32682.825   part3.2+part5.1	0h:2m:52s (0h:2m:50s left)
 107 TPM3+F+G4    32785.136   part2.1+part5.2	0h:2m:52s (0h:2m:47s left)
 108 TIM2e+G4     32688.238   part4.1+part5.1	0h:2m:54s (0h:2m:46s left)
 109 K2P+G4       32652.875   part3.2+part4.2	0h:2m:55s (0h:2m:44s left)
 110 K2P+I+G4     32705.606   part1.2+part5.1	0h:2m:55s (0h:2m:41s left)
 111 K2P+I+G4     32669.211   part1.2+part4.2	0h:2m:56s (0h:2m:39s left)
 112 K2P+G4       32654.793   part4.1+part4.2	0h:2m:58s (0h:2m:37s left)
 113 K2P+I+G4     32779.655   part1.1+part5.2	0h:3m:0s (0h:2m:36s left)
 114 TPM3+F+G4    32768.514   part3.1+part5.2	0h:3m:1s (0h:2m:34s left)
 115 TIM2e+I+G4   32659.884   part4.2+part5.1	0h:3m:2s (0h:2m:32s left)
 116 HKY+F+I      32745.291   part4.1+part5.2	0h:3m:2s (0h:2m:29s left)
 117 HKY+F+I      32709.052   part3.2+part5.2	0h:3m:3s (0h:2m:27s left)
 118 HKY+F+I      32701.496   part4.2+part5.2	0h:3m:4s (0h:2m:25s left)
 119 TIM2e+I      32700.175   part5.1+part5.2	0h:3m:5s (0h:2m:23s left)
 120 HKY+F+I+G4   32732.280   part1.2+part5.2	0h:3m:5s (0h:2m:20s left)
Merging part3.3+part5.3 with BIC score: 32647.679 (LnL: -15820.390  df: 126)
 121 TNe+G4       32824.629   part1.2+part3.3+part5.3	0h:3m:22s (0h:2m:30s left)
 122 HKY+F+G4     32719.938   part3.1+part3.3+part5.3	0h:3m:23s (0h:2m:28s left)
 123 TVM+F+G4     32878.017   part2.2+part3.3+part5.3	0h:3m:25s (0h:2m:27s left)
 124 TPM2u+F+G4   32730.326   part1.1+part3.3+part5.3	0h:3m:27s (0h:2m:25s left)
 125 TNe+G4       32670.329   part2.3+part3.3+part5.3	0h:3m:28s (0h:2m:23s left)
 126 HKY+F+G4     32635.533   part3.3+part4.3+part5.3	0h:3m:30s (0h:2m:22s left)
 127 TN+F+G4      32871.553   part2.1+part3.3+part5.3	0h:3m:32s (0h:2m:20s left)
 128 TIM2+F+G4    32646.532   part1.3+part3.3+part5.3	0h:3m:33s (0h:2m:18s left)
 129 TNe+G4       32722.091   part3.2+part3.3+part5.3	0h:3m:40s (0h:2m:20s left)
 130 TNe+G4       32753.412   part3.3+part4.1+part5.3	0h:3m:43s (0h:2m:19s left)
 131 HKY+F+G4     32786.595   part3.3+part4.2+part5.3	0h:3m:44s (0h:2m:17s left)
 132 TIM3e+I+G4   33105.854   part3.3+part5.2+part5.3	0h:3m:45s (0h:2m:15s left)
 133 TIM3e+G4     32940.485   part3.3+part5.1+part5.3	0h:3m:45s (0h:2m:12s left)
Merging part3.2+part4.1 with BIC score: 32624.227 (LnL: -15828.643  df: 121)
 134 K2P+G4       32611.535   part3.1+part3.2+part4.1	0h:3m:51s (0h:2m:13s left)
 135 K2P+G4       32649.285   part3.2+part4.1+part5.1	0h:3m:53s (0h:2m:11s left)
 136 K2P+G4       32625.063   part2.2+part3.2+part4.1	0h:3m:55s (0h:2m:9s left)
 137 TN+F+G4      32646.616   part2.1+part3.2+part4.1	0h:3m:57s (0h:2m:8s left)
 138 K2P+I+G4     32639.996   part1.1+part3.2+part4.1	0h:3m:57s (0h:2m:5s left)
 139 K2P+G4       32608.178   part3.2+part4.1+part4.2	0h:3m:58s (0h:2m:3s left)
 140 K2P+G4       32641.503   part2.3+part3.2+part4.1	0h:4m:0s (0h:2m:2s left)
 141 HKY+F+I      32708.750   part3.2+part4.1+part5.2	0h:4m:2s (0h:2m:0s left)
 142 K3P+G4       32755.567   part1.3+part3.2+part4.1	0h:4m:2s (0h:1m:57s left)
 143 K2P+I+G4     32649.372   part1.2+part3.2+part4.1	0h:4m:3s (0h:1m:55s left)
 144 TNe+G4       32788.209   part3.2+part3.3+part4.1+part5.3	0h:4m:6s (0h:1m:54s left)
 145 K2P+G4       32743.822   part3.2+part4.1+part4.3	0h:4m:7s (0h:1m:52s left)
Merging part3.2+part4.1+part4.2 with BIC score: 32608.178 (LnL: -15832.605  df: 118)
 146 K2P+G4       32601.034   part3.1+part3.2+part4.1+part4.2	0h:4m:13s (0h:1m:52s left)
 147 HKY+F+I      32691.390   part3.2+part4.1+part4.2+part5.2	0h:4m:14s (0h:1m:50s left)
 148 TIM2+F+G4    32643.959   part2.1+part3.2+part4.1+part4.2	0h:4m:15s (0h:1m:48s left)
 149 K2P+G4       32604.472   part2.2+part3.2+part4.1+part4.2	0h:4m:17s (0h:1m:47s left)
 150 K2P+I+G4     32632.573   part1.1+part3.2+part4.1+part4.2	0h:4m:19s (0h:1m:45s left)
 151 K2P+G4       32648.910   part2.3+part3.2+part4.1+part4.2	0h:4m:21s (0h:1m:43s left)
 152 K2P+I+G4     32627.060   part3.2+part4.1+part4.2+part5.1	0h:4m:22s (0h:1m:42s left)
 153 K3P+I+G4     32804.201   part1.3+part3.2+part4.1+part4.2	0h:4m:23s (0h:1m:39s left)
 154 K2P+I+G4     32638.878   part1.2+part3.2+part4.1+part4.2	0h:4m:24s (0h:1m:37s left)
 155 K2P+G4       32772.580   part3.2+part4.1+part4.2+part4.3	0h:4m:25s (0h:1m:35s left)
 156 TNe+G4       32857.447   part3.2+part3.3+part4.1+part4.2+part5.3	0h:4m:27s (0h:1m:34s left)
Merging part3.3+part4.3+part5.3 with BIC score: 32596.032 (LnL: -15842.515  df: 114)
 157 HKY+F+G4     32805.915   part1.2+part3.3+part4.3+part5.3	0h:4m:47s (0h:1m:38s left)
 158 HKY+F+G4     32674.226   part3.1+part3.3+part4.3+part5.3	0h:4m:48s (0h:1m:36s left)
 159 TNe+G4       32888.930   part3.2+part3.3+part4.1+part4.2+part4.3+part5.3	0h:4m:49s (0h:1m:34s left)
 160 TPM2+F+G4    32628.720   part2.3+part3.3+part4.3+part5.3	0h:4m:52s (0h:1m:33s left)
 161 TVM+F+G4     32859.731   part2.2+part3.3+part4.3+part5.3	0h:4m:52s (0h:1m:30s left)
 162 K3Pu+F+G4    32700.241   part1.1+part3.3+part4.3+part5.3	0h:4m:53s (0h:1m:28s left)
 163 TIM+F+G4     32599.487   part1.3+part3.3+part4.3+part5.3	0h:4m:53s (0h:1m:26s left)
 164 TNe+G4       32853.651   part2.1+part3.3+part4.3+part5.3	0h:4m:54s (0h:1m:24s left)
 165 TPM3u+F+I+G4 33125.332   part3.3+part4.3+part5.2+part5.3	0h:5m:5s (0h:1m:25s left)
 166 TNe+G4       32938.037   part3.3+part4.3+part5.1+part5.3	0h:5m:6s (0h:1m:23s left)
Merging part1.1+part1.2 with BIC score: 32584.061 (LnL: -15848.516  df: 111)
 167 K2P+I+G4     32625.878   part1.1+part1.2+part5.1	0h:5m:17s (0h:1m:23s left)
 168 K2P+I+G4     32613.137   part1.1+part1.2+part3.1	0h:5m:18s (0h:1m:21s left)
 169 TIM3+F+I+G4  32690.838   part1.1+part1.2+part2.1	0h:5m:20s (0h:1m:19s left)
 170 K2P+I+G4     32632.098   part1.1+part1.2+part2.2	0h:5m:20s (0h:1m:17s left)
 171 K2P+I+G4     32614.259   part1.1+part1.2+part3.2+part4.1+part4.2	0h:5m:21s (0h:1m:15s left)
 172 K3P+G4       32707.021   part1.1+part1.2+part1.3	0h:5m:22s (0h:1m:13s left)
 173 K2P+G4       32622.195   part1.1+part1.2+part2.3	0h:5m:23s (0h:1m:10s left)
 174 K2P+I+G4     32690.995   part1.1+part1.2+part5.2	0h:5m:27s (0h:1m:9s left)
 175 HKY+F+G4     32846.249   part1.1+part1.2+part3.3+part4.3+part5.3	0h:5m:29s (0h:1m:7s left)
Merging part3.1+part3.2+part4.1+part4.2 with BIC score: 32576.918 (LnL: -15852.935  df: 109)
 176 K2P+G4       32607.542   part3.1+part3.2+part4.1+part4.2+part5.1	0h:5m:39s (0h:1m:7s left)
 177 HKY+F+G4     32687.270   part3.1+part3.2+part4.1+part4.2+part5.2	0h:5m:40s (0h:1m:5s left)
 178 K2P+G4       32578.097   part2.2+part3.1+part3.2+part4.1+part4.2	0h:5m:41s (0h:1m:3s left)
 179 TN+F+G4      32616.512   part2.1+part3.1+part3.2+part4.1+part4.2	0h:5m:43s (0h:1m:1s left)
 180 K2P+G4       32621.317   part2.3+part3.1+part3.2+part4.1+part4.2	0h:5m:45s (0h:0m:59s left)
 181 K2P+I+G4     32634.782   part1.1+part1.2+part3.1+part3.2+part4.1+part4.2	0h:5m:47s (0h:0m:57s left)
 182 K3P+G4       32791.523   part1.3+part3.1+part3.2+part4.1+part4.2	0h:5m:48s (0h:0m:55s left)
 183 TNe+G4       32906.423   part3.1+part3.2+part3.3+part4.1+part4.2+part4.3+part5.3	0h:5m:53s (0h:0m:54s left)
BEST-FIT PARTITION MODEL: 
  charpartition BIC = K2P+I+G4: part1.1 part1.2, K3P+G4: part1.3, TN+F+I: part2.1, K2P: part2.2, TPM2+F+G4: part2.3, K2P+G4: part3.1 part3.2 part4.1 part4.2, HKY+F+G4: part3.3 part4.3 part5.3, TIM2e+I: part5.1, F81+F+I: part5.2;
Agglomerative model selection: ((part1.1,part1.2)5:32584.1,part1.3,part2.1,part2.2,part2.3,(part3.1,((part3.2,part4.1)2:32624.2,part4.2)3:32608.2)6:32576.9,((part3.3,part5.3)1:32647.7,part4.3)4:32596,part5.1,part5.2)
Merging into 9 partitions...
Partition information was printed to 4_set90.best_scheme.nex
Partition information in Raxml format was printed to 4_set90.best_scheme

All model information printed to 4_set90.model.gz
CPU time for ModelFinder: 377.202 seconds (0h:6m:17s)
Wall-clock time for ModelFinder: 355.598 seconds (0h:5m:55s)
Generating 1000 samples for ultrafast bootstrap (seed: 807749)...

NOTE: 9 MB RAM (0 GB) is required!
Measuring multi-threading efficiency up to 8 CPU cores
Increase to 10 rounds for branch lengths
12 trees examined
Threads: 1 / Time: 8.180 sec / Speedup: 1.000 / Efficiency: 100% / LogL: -25387
Threads: 2 / Time: 17.927 sec / Speedup: 0.456 / Efficiency: 23% / LogL: -25387
BEST NUMBER OF THREADS: 1

Estimate model parameters (epsilon = 0.100)
Initial log-likelihood: -17411.298
Current log-likelihood at step 1: -15979.429
Current log-likelihood at step 2: -15895.623
Current log-likelihood at step 3: -15891.640
Current log-likelihood at step 4: -15886.453
Current log-likelihood at step 5: -15854.724
Current log-likelihood at step 6: -15853.825
Current log-likelihood at step 7: -15850.525
Current log-likelihood at step 8: -15850.514
Partition-specific rates:  1.006 2.778 0.333 0.201 1.206 0.439 2.381 0.232 0.014
Parameters optimization took 7 rounds (4.140 sec)


WARNING: Estimated model parameters are at boundary that can cause numerical instability!

Computing ML distances based on estimated model parameters... 0.077 sec
Computing BIONJ tree...
0.015 seconds
Log-likelihood of BIONJ tree: -15842.076
--------------------------------------------------------------------
|             INITIALIZING CANDIDATE TREE SET                      |
--------------------------------------------------------------------
Generating 98 parsimony trees... 8.422 second
Computing log-likelihood of 98 initial trees ... 22.795 seconds
Current best score: -15824.408

Do NNI search on 20 best initial trees
Estimate model parameters (epsilon = 0.100)
Initial log-likelihood: -15824.128
Current log-likelihood at step 1: -15823.906
Current log-likelihood at step 2: -15823.886
Parameters optimization took 1 rounds (0.715 sec)


WARNING: Estimated model parameters are at boundary that can cause numerical instability!

BETTER TREE FOUND at iteration 1: -15823.886
Iteration 10 / LogL: -15823.887 / Time: 0h:1m:19s
Iteration 20 / LogL: -15823.889 / Time: 0h:1m:39s
Finish initializing candidate tree set (4)
Current best tree score: -15823.886 / CPU time: 68.460
Number of iterations: 20
--------------------------------------------------------------------
|               OPTIMIZING CANDIDATE TREE SET                      |
--------------------------------------------------------------------
Iteration 30 / LogL: -15823.887 / Time: 0h:2m:6s (0h:5m:9s left)
UPDATE BEST LOG-LIKELIHOOD: -15823.886
Iteration 40 / LogL: -15848.156 / Time: 0h:2m:29s (0h:3m:53s left)
Iteration 50 / LogL: -15823.889 / Time: 0h:2m:55s (0h:3m:2s left)
Log-likelihood cutoff on original alignment: -15877.727
Iteration 60 / LogL: -15854.406 / Time: 0h:3m:19s (0h:2m:18s left)
Iteration 70 / LogL: -15823.888 / Time: 0h:3m:42s (0h:1m:39s left)
UPDATE BEST LOG-LIKELIHOOD: -15823.886
UPDATE BEST LOG-LIKELIHOOD: -15823.886
Iteration 80 / LogL: -15823.886 / Time: 0h:4m:3s (0h:1m:4s left)
UPDATE BEST LOG-LIKELIHOOD: -15823.886
Iteration 90 / LogL: -15830.064 / Time: 0h:4m:24s (0h:0m:32s left)
Iteration 100 / LogL: -15823.891 / Time: 0h:4m:47s (0h:0m:2s left)
Log-likelihood cutoff on original alignment: -15877.727
NOTE: Bootstrap correlation coefficient of split occurrence frequencies: 0.999
TREE SEARCH COMPLETED AFTER 102 ITERATIONS / Time: 0h:4m:53s

--------------------------------------------------------------------
|                    FINALIZING TREE SEARCH                        |
--------------------------------------------------------------------
Performs final model parameters optimization
Estimate model parameters (epsilon = 0.010)
Initial log-likelihood: -15823.886
Current log-likelihood at step 1: -15823.869
Current log-likelihood at step 2: -15823.856
Current log-likelihood at step 3: -15823.844
Current log-likelihood at step 4: -15823.833
Current log-likelihood at step 5: -15823.821
Current log-likelihood at step 6: -15823.811
Current log-likelihood at step 7: -15823.802
Partition-specific rates:  0.993 2.769 0.334 0.201 1.198 0.435 2.405 0.227 0.014
Parameters optimization took 6 rounds (2.042 sec)


WARNING: Estimated model parameters are at boundary that can cause numerical instability!

BEST SCORE FOUND : -15823.802
Creating bootstrap support values...
Split supports printed to NEXUS file 4_set90.splits.nex
Total tree length: 0.974

Total number of iterations: 102
CPU time used for tree search: 63.996 sec (0h:1m:3s)
Wall-clock time used for tree search: 262.085 sec (0h:4m:22s)
Total CPU time used: 70.669 sec (0h:1m:10s)
Total wall-clock time used: 296.470 sec (0h:4m:56s)

Computing bootstrap consensus tree...
Reading input file 4_set90.splits.nex...
35 taxa and 145 splits.
Consensus tree written to 4_set90.contree
Reading input trees file 4_set90.contree
Log-likelihood of consensus tree: -15823.801

Analysis results written to: 
  IQ-TREE report:                4_set90.iqtree
  Maximum-likelihood tree:       4_set90.treefile
  Likelihood distances:          4_set90.mldist
  Best partitioning scheme:      4_set90.best_scheme.nex
           in RAxML format:      4_set90.best_scheme

Ultrafast bootstrap approximation results written to:
  Split support values:          4_set90.splits.nex
  Consensus tree:                4_set90.contree
  Screen log file:               4_set90.log

Date and Time: Fri Sep  7 05:06:01 2018
