IQ-TREE multicore version 1.6.7 for Mac OS X 64-bit built Aug 23 2018
Developed by Bui Quang Minh, Nguyen Lam Tung, Olga Chernomor,
Heiko Schmidt, Dominik Schrempf, Michael Woodhams.

Host:    meeps-mac-pro.staff.sydney.edu.au (AVX, 64 GB RAM)
Command: /Users/davidduchene/Desktop/Software/iqtree-1.6.7-MacOSX/bin/iqtree -s ../../../../marsupials/set180.fasta -m TESTMERGE -bb 1000 -sp ../../../../marsupials/set180.nex -nt AUTO -pre 6_set180
Seed:    718199 (Using SPRNG - Scalable Parallel Random Number Generator)
Time:    Sat Sep  8 00:26:21 2018
Kernel:  AVX - auto-detect threads (8 CPU cores detected)

Reading partition model file ../../../../marsupials/set180.nex ...
Reading alignment file ../../../../marsupials/set180.fasta ... Fasta format detected
Alignment most likely contains DNA/RNA sequences
Alignment has 39 sequences with 2355 columns, 881 distinct patterns
543 parsimony-informative, 285 singleton sites, 1527 constant sites
                                              Gap/Ambiguity  Composition  p-value
   1  Burramyidae_Burramys_parvus                     1.15%    passed     90.34%
   2  Notoryctidae_Notoryctes_typhlops                0.72%    passed     29.52%
   3  Vombatidae_Lasiorhinus_latifrons                0.21%    passed     97.60%
   4  Potoroidae_Bettongia_penicillata                0.04%    passed     98.85%
   5  Potoroidae_Bettongia_lesueur                    0.68%    passed     93.78%
   6  Dasyuridae_Dasyurus_maculatus                   0.00%    passed     68.15%
   7  Phalangeridae_Trichosurus_vulpecula             0.17%    passed     92.70%
   8  Phalangeridae_Spilocuscus_maculatus             0.93%    passed     79.21%
   9  Potoroidae_Aepyprymnus_rufescens                0.34%    passed     93.23%
  10  Peramelidae_Perameles_nasuta                    0.04%    passed     97.51%
  11  Myrmecobiidae_Myrmecobius_fasciatus1           87.77%    failed      0.18%
  12  Phalangeridae_Strigocuscus_pelengensis          7.56%    passed     78.32%
  13  Dasyuridae_Phascogale_tapoatafa                 0.00%    passed     65.35%
  14  Vombatidae_Vombatus_ursinus1                   87.86%    failed      0.15%
  15  Dasyuridae_Sminthopsis_macroura                 1.06%    passed     86.20%
  16  Vombatidae_Vombatus_ursinus2                   87.86%    failed      0.15%
  17  Phalangeridae_Phalanger_orientalis              0.34%    passed     65.84%
  18  Acrobatidae_Acrobates_pygmaeus                 10.83%    passed     74.99%
  19  Dasyuridae_Phascogale_calura                    0.04%    passed     66.62%
  20  Dasyuridae_Sarcophilus_harrisii                 0.00%    passed     56.18%
  21  Dasyuridae_Planigale_tenuirostris              11.25%    passed     57.88%
  22  Peramelidae_Echymipera_kalubu                   0.17%    passed     92.14%
  23  Macropodidae_Dorcopsulus_vanheurni              0.38%    passed     86.64%
  24  Pseudochiridae_Pseudochirulus_forbesi           0.13%    passed     99.93%
  25  Didelphidae_Didelphis_virginiana                2.63%    passed     85.31%
  26  Marmosidae_Monodelphis_domestica                2.72%    passed     16.83%
  27  Dasyuridae_Antechinus_stuartii                  1.74%    passed     46.96%
  28  Hypsiprymnodontidae_Hypsiprymnodon_moschatus    0.00%    passed     99.09%
  29  Microbiotheriidae_Dromiciops_gliroides         16.18%    passed     58.85%
  30  Pseudochiridae_Petauroides_volans               1.19%    passed     99.69%
  31  Macropodidae_Wallabia_bicolor                   0.30%    passed     88.08%
  32  Pseudochiridae_Pseudocheirus_occidentalis      16.43%    passed     64.24%
  33  Tarsipedidae_Tarsipes_rostratus                 0.55%    passed     96.10%
  34  Acrobatidae_Distoechurus_pennatus               0.04%    passed     98.80%
  35  Myrmecobiidae_Myrmecobius_fasciatus2           87.77%    failed      0.18%
  36  Phalangeridae_Phalanger_carmelitae              0.00%    passed     69.16%
  37  Peramelidae_Peroryctes_raffrayana               7.01%    passed     92.04%
  38  Dasyuridae_Dasyurus_geffroii                    0.08%    passed     55.62%
  39  Peramelidae_Perameles_gunnii                    0.59%    passed     96.86%
WARNING: 4 sequences contain more than 50% gaps/ambiguity
****  TOTAL                                          11.20%  4 sequences failed composition chi2 test (p-value<5%; df=3)
NOTE: No CharPartition defined, use all CharSets

Loading 15 partitions...
Subset	Type	Seqs	Sites	Infor	Invar	Model	Name
1		35	200	22	159	TESTMERGE	part1.1
2		35	200	14	171	TESTMERGE	part1.2
3		35	200	112	51	TESTMERGE	part1.3
4		35	236	64	138	TESTMERGE	part2.1
5		35	236	54	148	TESTMERGE	part2.2
6		35	236	121	68	TESTMERGE	part2.3
7		34	83	7	65	TESTMERGE	part3.1
8		34	83	5	68	TESTMERGE	part3.2
9		34	83	38	28	TESTMERGE	part3.3
10		35	170	6	157	TESTMERGE	part4.1
11		35	170	2	164	TESTMERGE	part4.2
12		35	170	47	99	TESTMERGE	part4.3
13		37	96	10	82	TESTMERGE	part5.1
14		37	96	3	92	TESTMERGE	part5.2
15		37	96	38	37	TESTMERGE	part5.3
Degree of missing data: 0.099
Info: multi-threading strategy over partitions

NOTE: Myrmecobiidae_Myrmecobius_fasciatus2 is identical to Myrmecobiidae_Myrmecobius_fasciatus1 but kept for subsequent analysis
NOTE: Vombatidae_Vombatus_ursinus2 is identical to Vombatidae_Vombatus_ursinus1 but kept for subsequent analysis


Create initial parsimony tree by phylogenetic likelihood library (PLL)... 0.008 seconds
NOTE: ModelFinder requires 9 MB RAM!
NUMBER OF THREADS FOR PARTITION FINDING: 8
Testing GTR+F+G on supermatrix...
GTR+F+G4 / LnL: -12205.389 / df: 84 / AIC: 24578.779 / AICc: 24585.069 / BIC: 25062.979
Selecting individual models for 15 charsets using BIC...
 No. Model        Score       Charset
   1 K2P+G4       1628.796    part1.1
   2 K2P+G4       2312.501    part4.3
   3 K2P+G4       3118.742    part2.1
   4 K2P+G4       1608.461    part3.3
   5 K2P+I        822.963     part5.1
   6 TIMe+G4      1646.645    part5.3
   7 TPM2+F+G4    2673.100    part2.2
   8 K3P+G4       4001.648    part1.3
   9 JC+I         1049.134    part4.1
  10 K2P+G4       789.807     part3.1	0h:0m:16s (0h:5m:39s left)
  11 K2P+G4       4410.341    part2.3	0h:0m:17s (0h:5m:20s left)
  12 K2P          724.457     part3.2	0h:0m:17s (0h:4m:53s left)
  13 JC           656.455     part5.2	0h:0m:17s (0h:4m:30s left)
  14 TN+F+G4      1467.608    part1.2	0h:0m:17s (0h:4m:9s left)
  15 JC           902.219     part4.2	0h:0m:18s (0h:3m:56s left)
Full partition model BIC score: 30727.156 (LnL: -11302.851  df:1046)
Merging models to increase model fit (about 211 total partition schemes)...
  16 K2P+G4       30323.229   part2.3+part4.3	0h:0m:27s (0h:5m:29s left)
  17 TIM3e+G4     30395.203   part1.3+part2.1	0h:0m:27s (0h:5m:11s left)
  18 K2P+G4       30298.869   part2.3+part3.3	0h:0m:28s (0h:5m:7s left)
  19 TPM3+F+G4    30364.322   part1.3+part2.2	0h:0m:28s (0h:4m:52s left)
  20 TN+F+G4      30316.248   part2.1+part2.3	0h:0m:30s (0h:4m:48s left)
  21 K3P+G4       30317.940   part1.3+part2.3	0h:0m:31s (0h:4m:40s left)
  22 HKY+F+G4     30322.395   part2.2+part2.3	0h:0m:32s (0h:4m:40s left)
  23 K3P+G4       30299.556   part2.3+part5.3	0h:0m:33s (0h:4m:35s left)
  24 HKY+F+G4     30275.629   part2.1+part2.2	0h:0m:41s (0h:5m:26s left)
  25 K2P+G4       30410.953   part1.1+part2.3	0h:0m:44s (0h:5m:29s left)
  26 K2P+G4       30432.235   part1.2+part2.3	0h:0m:46s (0h:5m:30s left)
  27 K2P+G4       30325.128   part1.3+part4.3	0h:0m:46s (0h:5m:17s left)
  28 K2P+G4       30372.976   part2.3+part5.1	0h:0m:48s (0h:5m:19s left)
  29 K3P+G4       30309.835   part1.3+part5.3	0h:0m:49s (0h:5m:8s left)
  30 K2P+G4       30405.481   part2.3+part5.2	0h:0m:49s (0h:5m:0s left)
  31 K2P+G4       30319.739   part2.3+part3.1	0h:0m:50s (0h:4m:54s left)
  32 K2P+G4       30340.368   part2.3+part3.2	0h:0m:57s (0h:5m:20s left)
  33 K2P+G4       30447.310   part2.3+part4.1	0h:0m:57s (0h:5m:11s left)
  34 K2P+G4       30454.792   part2.3+part4.2	0h:0m:58s (0h:5m:3s left)
  35 K2P+G4       30298.571   part2.1+part4.3	0h:0m:59s (0h:4m:59s left)
  36 HKY+F+G4     30330.170   part1.3+part3.3	0h:0m:59s (0h:4m:49s left)
  37 TIM2e+G4     30422.097   part1.1+part1.3	0h:1m:2s (0h:4m:52s left)
  38 K2P+G4       30311.103   part2.1+part5.3	0h:1m:4s (0h:4m:53s left)
  39 HKY+F+G4     30341.159   part2.2+part5.3	0h:1m:6s (0h:4m:51s left)
  40 HKY+F+G4     30296.720   part2.2+part4.3	0h:1m:8s (0h:4m:52s left)
  41 K2P+G4       30328.864   part2.1+part3.3	0h:1m:11s (0h:4m:54s left)
  42 K2P+G4       30304.773   part1.1+part2.1	0h:1m:11s (0h:4m:48s left)
  43 HKY+F+G4     30427.424   part1.2+part1.3	0h:1m:12s (0h:4m:44s left)
  44 TPM2+F+G4    30350.846   part2.2+part3.3	0h:1m:13s (0h:4m:39s left)
  45 K3P+G4       30383.319   part1.3+part5.1	0h:1m:14s (0h:4m:36s left)
  46 K3P+G4       30345.556   part1.3+part3.1	0h:1m:15s (0h:4m:31s left)
  47 K2P+G4       30416.784   part1.3+part5.2	0h:1m:18s (0h:4m:32s left)
  48 HKY+F+G4     30312.215   part1.1+part2.2	0h:1m:19s (0h:4m:30s left)
  49 K3P+G4       30350.866   part1.3+part3.2	0h:1m:20s (0h:4m:25s left)
  50 TN+F+G4      30295.527   part2.1+part5.1	0h:1m:21s (0h:4m:23s left)
  51 HKY+F+G4     30314.340   part1.2+part2.1	0h:1m:24s (0h:4m:24s left)
  52 K2P+G4       30468.003   part1.3+part4.1	0h:1m:25s (0h:4m:22s left)
  53 K3P+I+G4     30467.062   part1.3+part4.2	0h:1m:26s (0h:4m:18s left)
  54 K2P+G4       30315.935   part2.1+part5.2	0h:1m:30s (0h:4m:22s left)
  55 HKY+F+G4     30284.330   part2.1+part3.1	0h:1m:30s (0h:4m:16s left)
  56 HKY+F+G4     30296.479   part2.2+part5.1	0h:1m:30s (0h:4m:10s left)
  57 K2P+G4       30283.514   part2.1+part3.2	0h:1m:33s (0h:4m:11s left)
  58 TNe+G4       30321.420   part4.3+part5.3	0h:1m:36s (0h:4m:15s left)
  59 TIM2+F+G4    30275.534   part1.2+part2.2	0h:1m:38s (0h:4m:13s left)
  60 HKY+F+G4     30292.704   part2.2+part3.1	0h:1m:38s (0h:4m:7s left)
  61 HKY+F+G4     30336.628   part2.2+part5.2	0h:1m:38s (0h:4m:2s left)
  62 HKY+F+G4     30310.134   part2.1+part4.1	0h:1m:41s (0h:4m:3s left)
  63 HKY+F+G4     30326.548   part2.1+part4.2	0h:1m:41s (0h:3m:58s left)
  64 TPM2+F+G4    30301.240   part2.2+part3.2	0h:1m:42s (0h:3m:55s left)
  65 K2P+G4       30328.954   part3.3+part4.3	0h:1m:44s (0h:3m:55s left)
  66 K2P+G4       30307.814   part1.1+part4.3	0h:1m:45s (0h:3m:52s left)
  67 K2P+G4       30304.509   part3.3+part5.3	0h:1m:45s (0h:3m:47s left)
  68 HKY+F+G4     30313.731   part2.2+part4.1	0h:1m:46s (0h:3m:43s left)
  69 HKY+F+G4     30320.520   part2.2+part4.2	0h:1m:46s (0h:3m:39s left)
  70 K2P+G4       30338.924   part1.1+part5.3	0h:1m:49s (0h:3m:39s left)
  71 TIMe+G4      30253.141   part5.1+part5.3	0h:1m:50s (0h:3m:38s left)
  72 K2P+G4       30300.700   part4.3+part5.1	0h:1m:52s (0h:3m:36s left)
  73 K2P+G4       30366.760   part1.1+part3.3	0h:1m:54s (0h:3m:36s left)
  74 HKY+F+G4     30317.796   part1.2+part4.3	0h:1m:54s (0h:3m:31s left)
  75 K2P+G4       30337.424   part1.2+part5.3	0h:1m:56s (0h:3m:31s left)
  76 K2P+G4       30281.553   part5.2+part5.3	0h:1m:57s (0h:3m:28s left)
  77 K2P+G4       30281.993   part3.1+part4.3	0h:1m:59s (0h:3m:27s left)
  78 K2P+G4       30317.944   part4.3+part5.2	0h:2m:1s (0h:3m:26s left)
  79 K3Pu+F+G4    30309.584   part3.1+part5.3	0h:2m:1s (0h:3m:22s left)
  80 TNe+G4       30321.982   part3.2+part5.3	0h:2m:3s (0h:3m:22s left)
  81 K2P+G4       30285.215   part3.2+part4.3	0h:2m:6s (0h:3m:23s left)
  82 K2P+I+G4     30362.791   part1.2+part3.3	0h:2m:8s (0h:3m:22s left)
  83 K2P+I        30263.015   part1.1+part5.1	0h:2m:9s (0h:3m:19s left)
  84 K2P+G4       30376.684   part4.1+part5.3	0h:2m:9s (0h:3m:16s left)
  85 K2P+G4       30336.843   part3.3+part5.1	0h:2m:10s (0h:3m:12s left)
  86 K2P+G4       30313.896   part4.1+part4.3	0h:2m:10s (0h:3m:9s left)
  87 TNe+G4       30374.965   part4.2+part5.3	0h:2m:13s (0h:3m:10s left)
  88 K2P+I+G4     30373.838   part3.3+part5.2	0h:2m:15s (0h:3m:8s left)
  89 K2P+G4       30310.049   part3.1+part3.3	0h:2m:17s (0h:3m:7s left)
  90 K2P+G4       30254.039   part1.1+part3.1	0h:2m:18s (0h:3m:6s left)
  91 K2P+G4       30227.735   part1.1+part1.2	0h:2m:18s (0h:3m:3s left)
  92 K2P+G4       30281.098   part1.1+part5.2	0h:2m:18s (0h:2m:59s left)
  93 K2P+G4       30245.665   part1.1+part3.2	0h:2m:19s (0h:2m:56s left)
  94 K2P+G4       30316.286   part4.2+part4.3	0h:2m:20s (0h:2m:54s left)
  95 K2P+G4       30316.527   part3.2+part3.3	0h:2m:21s (0h:2m:52s left)
  96 K2P+I        30205.350   part5.1+part5.2	0h:2m:24s (0h:2m:53s left)
  97 K2P+G4       30260.896   part1.1+part4.1	0h:2m:25s (0h:2m:50s left)
  98 K2P+I        30253.932   part1.1+part4.2	0h:2m:25s (0h:2m:47s left)
  99 K2P+I+G4     30398.757   part3.3+part4.1	0h:2m:26s (0h:2m:45s left)
 100 K2P+I        30278.736   part3.2+part5.1	0h:2m:26s (0h:2m:42s left)
 101 HKY+F+I      30271.972   part3.1+part5.1	0h:2m:26s (0h:2m:39s left)
 102 HKY+F+G4     30254.804   part1.2+part5.1	0h:2m:27s (0h:2m:37s left)
 103 K2P+I+G4     30383.700   part3.3+part4.2	0h:2m:28s (0h:2m:35s left)
 104 HKY+F+I      30272.051   part4.1+part5.1	0h:2m:30s (0h:2m:34s left)
 105 HKY+F+G4     30243.799   part3.1+part3.2	0h:2m:31s (0h:2m:32s left)
 106 TNe+G4       30254.311   part1.2+part3.1	0h:2m:32s (0h:2m:30s left)
 107 K2P+G4       30286.704   part3.2+part5.2	0h:2m:32s (0h:2m:28s left)
 108 K2P+G4       30287.328   part3.1+part5.2	0h:2m:32s (0h:2m:25s left)
 109 K2P+G4       30252.330   part1.2+part3.2	0h:2m:33s (0h:2m:23s left)
 110 K2P+I        30263.659   part4.2+part5.1	0h:2m:34s (0h:2m:21s left)
 111 TNe+I        30258.899   part1.2+part5.2	0h:2m:34s (0h:2m:19s left)
 112 JC+I         30247.617   part4.1+part5.2	0h:2m:37s (0h:2m:18s left)
 113 HKY+F+G4     30279.040   part3.1+part4.1	0h:2m:38s (0h:2m:17s left)
 114 K2P+G4       30267.838   part3.2+part4.1	0h:2m:38s (0h:2m:15s left)
 115 TN+F+I       30245.179   part1.2+part4.1	0h:2m:38s (0h:2m:12s left)
 116 TNe+I        30232.873   part1.2+part4.2	0h:2m:40s (0h:2m:11s left)
 117 JC           30248.174   part4.2+part5.2	0h:2m:40s (0h:2m:9s left)
 118 K2P+I        30263.345   part3.1+part4.2	0h:2m:41s (0h:2m:6s left)
 119 K2P+G4       30258.990   part3.2+part4.2	0h:2m:41s (0h:2m:4s left)
 120 F81+F+I      30229.073   part4.1+part4.2	0h:2m:41s (0h:2m:2s left)
Merging part5.1+part5.2 with BIC score: 30205.350 (LnL: -11317.581  df: 975)
 121 K2P+I        29758.084   part1.1+part5.1+part5.2	0h:2m:48s (0h:2m:5s left)
 122 TNe+I        29734.806   part1.2+part5.1+part5.2	0h:2m:48s (0h:2m:2s left)
 123 K2P+G4       29818.297   part4.3+part5.1+part5.2	0h:2m:50s (0h:2m:1s left)
 124 HKY+F+G4     29807.482   part2.1+part5.1+part5.2	0h:2m:52s (0h:2m:0s left)
 125 HKY+F+G4     29825.252   part2.2+part5.1+part5.2	0h:2m:52s (0h:1m:58s left)
 126 K2P+I+G4     29867.319   part3.3+part5.1+part5.2	0h:2m:54s (0h:1m:57s left)
 127 HKY+F+I      29758.537   part3.1+part5.1+part5.2	0h:2m:57s (0h:1m:57s left)
 128 K2P+G4       29948.096   part2.3+part5.1+part5.2	0h:2m:57s (0h:1m:54s left)
 129 K2P+I        29735.207   part4.2+part5.1+part5.2	0h:2m:58s (0h:1m:53s left)
 130 HKY+F+I      29742.740   part4.1+part5.1+part5.2	0h:2m:58s (0h:1m:51s left)
 131 K3P+I+G4     29970.055   part1.3+part5.1+part5.2	0h:2m:58s (0h:1m:48s left)
 132 K2P+I        29764.193   part3.2+part5.1+part5.2	0h:2m:58s (0h:1m:46s left)
 133 K2P+G4       29776.811   part5.1+part5.2+part5.3	0h:2m:58s (0h:1m:44s left)
Merging part1.1+part1.2 with BIC score: 29705.929 (LnL: -11351.267  df: 902)
 134 TNe+G4       29244.630   part1.1+part1.2+part4.1	0h:3m:5s (0h:1m:46s left)
 135 TNe+G4       29245.394   part1.1+part1.2+part3.1	0h:3m:7s (0h:1m:45s left)
 136 K2P+I        29255.706   part1.1+part1.2+part5.1+part5.2	0h:3m:8s (0h:1m:44s left)
 137 K2P+G4       29347.220   part1.1+part1.2+part5.3	0h:3m:10s (0h:1m:42s left)
 138 HKY+F+G4     29315.991   part1.1+part1.2+part2.2	0h:3m:11s (0h:1m:41s left)
 139 K2P+G4       29336.648   part1.1+part1.2+part2.1	0h:3m:11s (0h:1m:39s left)
 140 TIM2e+I+G4   29511.369   part1.1+part1.2+part1.3	0h:3m:13s (0h:1m:38s left)
 141 K2P+G4       29235.830   part1.1+part1.2+part3.2	0h:3m:14s (0h:1m:36s left)
 142 K2P+G4       29502.909   part1.1+part1.2+part2.3	0h:3m:14s (0h:1m:34s left)
 143 K2P+I        29232.056   part1.1+part1.2+part4.2	0h:3m:15s (0h:1m:33s left)
 144 K2P+I+G4     29389.242   part1.1+part1.2+part3.3	0h:3m:16s (0h:1m:31s left)
 145 K2P+G4       29335.886   part1.1+part1.2+part4.3	0h:3m:17s (0h:1m:30s left)
Merging part4.1+part4.2 with BIC score: 29207.847 (LnL: -11350.683  df: 838)
 146 K2P+I        28748.783   part3.2+part4.1+part4.2	0h:3m:22s (0h:1m:29s left)
 147 HKY+F+I      28759.617   part3.1+part4.1+part4.2	0h:3m:22s (0h:1m:28s left)
 148 HKY+F+I      28761.974   part1.1+part1.2+part4.1+part4.2	0h:3m:24s (0h:1m:26s left)
 149 HKY+F+I+G4   28843.201   part2.1+part4.1+part4.2	0h:3m:25s (0h:1m:25s left)
 150 K2P+G4       28906.988   part4.1+part4.2+part5.3	0h:3m:25s (0h:1m:23s left)
 151 HKY+F+I+G4   28840.418   part2.2+part4.1+part4.2	0h:3m:26s (0h:1m:21s left)
 152 K2P+G4       29048.991   part2.3+part4.1+part4.2	0h:3m:29s (0h:1m:21s left)
 153 HKY+F+I      28737.985   part4.1+part4.2+part5.1+part5.2	0h:3m:29s (0h:1m:19s left)
 154 K2P+I+G4     28844.820   part4.1+part4.2+part4.3	0h:3m:29s (0h:1m:17s left)
 155 K2P+I+G4     29066.939   part1.3+part4.1+part4.2	0h:3m:29s (0h:1m:15s left)
 156 K2P+I+G4     28928.296   part3.3+part4.1+part4.2	0h:3m:30s (0h:1m:14s left)
Merging part3.1+part3.2 with BIC score: 28724.490 (LnL: -11353.580  df: 775)
WARNING: ABNORMAL_TERMINATION_IN_LNSRCH
 157 HKY+F+G4     28287.424   part3.1+part3.2+part4.1+part4.2	0h:3m:32s (0h:1m:13s left)
 158 K2P+G4       28267.140   part1.1+part1.2+part3.1+part3.2	0h:3m:33s (0h:1m:11s left)
 159 HKY+F+G4     28312.429   part3.1+part3.2+part4.3	0h:3m:34s (0h:1m:10s left)
 160 HKY+F+G4     28309.143   part2.1+part3.1+part3.2	0h:3m:35s (0h:1m:8s left)
 161 K2P+G4       28316.521   part2.2+part3.1+part3.2	0h:3m:36s (0h:1m:7s left)
 162 HKY+F+G4     28351.171   part3.1+part3.2+part3.3	0h:3m:36s (0h:1m:5s left)
 163 K3P+G4       28415.153   part1.3+part3.1+part3.2	0h:3m:39s (0h:1m:4s left)
 164 HKY+F+I      28282.609   part3.1+part3.2+part5.1+part5.2	0h:3m:39s (0h:1m:2s left)
 165 K2P+G4       28385.263   part2.3+part3.1+part3.2	0h:3m:39s (0h:1m:1s left)
 166 K3Pu+F+G4    28333.765   part3.1+part3.2+part5.3	0h:3m:41s (0h:0m:59s left)
Merging part4.1+part4.2+part5.1+part5.2 with BIC score: 28254.628 (LnL: -11367.107  df: 711)
 167 HKY+F+I      27816.248   part3.1+part3.2+part4.1+part4.2+part5.1+part5.2	0h:3m:46s (0h:0m:59s left)
 168 HKY+F+I      27811.616   part1.1+part1.2+part4.1+part4.2+part5.1+part5.2	0h:3m:48s (0h:0m:58s left)
 169 HKY+F+I+G4   27913.516   part2.2+part4.1+part4.2+part5.1+part5.2	0h:3m:49s (0h:0m:57s left)
 170 HKY+F+I+G4   27906.367   part2.1+part4.1+part4.2+part5.1+part5.2	0h:3m:49s (0h:0m:55s left)
 171 HKY+F+I      27919.910   part4.1+part4.2+part4.3+part5.1+part5.2	0h:3m:51s (0h:0m:54s left)
 172 K2P+I+G4     27993.992   part3.3+part4.1+part4.2+part5.1+part5.2	0h:3m:51s (0h:0m:52s left)
 173 HKY+F+G4     28171.090   part2.3+part4.1+part4.2+part5.1+part5.2	0h:3m:52s (0h:0m:51s left)
 174 K2P+I        27914.906   part4.1+part4.2+part5.1+part5.2+part5.3	0h:3m:52s (0h:0m:49s left)
 175 K2P+I+G4     28190.631   part1.3+part4.1+part4.2+part5.1+part5.2	0h:3m:53s (0h:0m:48s left)
Merging part1.1+part1.2+part3.1+part3.2 with BIC score: 27797.278 (LnL: -11410.182  df: 641)
 176 K2P+G4       27439.025   part1.1+part1.2+part3.1+part3.2+part4.3	0h:4m:1s (0h:0m:48s left)
 177 K2P+I+G4     27491.354   part1.1+part1.2+part3.1+part3.2+part3.3	0h:4m:2s (0h:0m:46s left)
 178 HKY+F+I      27368.844   part1.1+part1.2+part3.1+part3.2+part4.1+part4.2+part5.1+part5.2	0h:4m:2s (0h:0m:44s left)
 179 K2P+G4       27443.331   part1.1+part1.2+part2.1+part3.1+part3.2	0h:4m:4s (0h:0m:43s left)
 180 TNe+G4       27426.601   part1.1+part1.2+part2.2+part3.1+part3.2	0h:4m:4s (0h:0m:42s left)
 181 K2P+G4       27440.188   part1.1+part1.2+part3.1+part3.2+part5.3	0h:4m:6s (0h:0m:40s left)
 182 TNe+G4       27621.144   part1.1+part1.2+part2.3+part3.1+part3.2	0h:4m:6s (0h:0m:39s left)
 183 K2P+I+G4     27643.474   part1.1+part1.2+part1.3+part3.1+part3.2	0h:4m:6s (0h:0m:37s left)
Merging part2.1+part2.2 with BIC score: 27345.751 (LnL: -11456.169  df: 571)
 184 K2P+G4       26923.910   part2.1+part2.2+part4.3	0h:4m:15s (0h:0m:37s left)
 185 K2P+G4       26975.406   part2.1+part2.2+part3.3	0h:4m:15s (0h:0m:35s left)
 186 K2P+G4       26946.399   part2.1+part2.2+part5.3	0h:4m:16s (0h:0m:34s left)
 187 HKY+F+I+G4   27036.098   part2.1+part2.2+part4.1+part4.2+part5.1+part5.2	0h:4m:16s (0h:0m:32s left)
 188 HKY+F+G4     27014.547   part1.1+part1.2+part2.1+part2.2+part3.1+part3.2	0h:4m:17s (0h:0m:31s left)
 189 TN+F+G4      26943.211   part2.1+part2.2+part2.3	0h:4m:17s (0h:0m:29s left)
 190 TIM3+F+G4    27059.918   part1.3+part2.1+part2.2	0h:4m:17s (0h:0m:28s left)
Merging part1.1+part1.2+part3.1+part3.2+part4.1+part4.2+part5.1+part5.2 with BIC score: 26917.317 (LnL: -11509.820  df: 502)
 191 HKY+F+I+G4   26593.935   part1.1+part1.2+part3.1+part3.2+part4.1+part4.2+part4.3+part5.1+part5.2	0h:4m:25s (0h:0m:27s left)
 192 HKY+F+I+G4   26560.383   part1.1+part1.2+part3.1+part3.2+part4.1+part4.2+part5.1+part5.2+part5.3	0h:4m:25s (0h:0m:26s left)
 193 HKY+F+I+G4   26662.558   part1.1+part1.2+part3.1+part3.2+part3.3+part4.1+part4.2+part5.1+part5.2	0h:4m:26s (0h:0m:24s left)
 194 HKY+F+I+G4   26877.874   part1.1+part1.2+part2.3+part3.1+part3.2+part4.1+part4.2+part5.1+part5.2	0h:4m:27s (0h:0m:23s left)
 195 HKY+F+I+G4   26642.396   part1.1+part1.2+part2.1+part2.2+part3.1+part3.2+part4.1+part4.2+part5.1+part5.2	0h:4m:28s (0h:0m:22s left)
 196 HKY+F+I+G4   26908.262   part1.1+part1.2+part1.3+part3.1+part3.2+part4.1+part4.2+part5.1+part5.2	0h:4m:28s (0h:0m:20s left)
Merging part2.3+part3.3 with BIC score: 26489.031 (LnL: -11555.781  df: 435)
WARNING: ABNORMAL_TERMINATION_IN_LNSRCH
 197 K2P+G4       26096.337   part2.3+part3.3+part4.3	0h:4m:38s (0h:0m:19s left)
 198 K3P+G4       26092.955   part1.3+part2.3+part3.3	0h:4m:40s (0h:0m:18s left)
 199 TN+F+G4      26128.153   part2.1+part2.2+part2.3+part3.3	0h:4m:42s (0h:0m:17s left)
 200 K3P+G4       26060.511   part2.3+part3.3+part5.3	0h:4m:42s (0h:0m:15s left)
 201 K2P+I+G4     26532.827   part1.1+part1.2+part2.3+part3.1+part3.2+part3.3+part4.1+part4.2+part5.1+part5.2	0h:4m:43s (0h:0m:14s left)
Merging part2.3+part3.3+part5.3 with BIC score: 26060.511 (LnL: -11597.743  df: 369)
 202 K2P+G4       25667.516   part2.3+part3.3+part4.3+part5.3	0h:4m:53s (0h:0m:13s left)
 203 K3P+G4       25662.418   part1.3+part2.3+part3.3+part5.3	0h:4m:54s (0h:0m:11s left)
 204 K2P+G4       25699.762   part2.1+part2.2+part2.3+part3.3+part5.3	0h:4m:54s (0h:0m:10s left)
 205 K2P+I+G4     26089.434   part1.1+part1.2+part2.3+part3.1+part3.2+part3.3+part4.1+part4.2+part5.1+part5.2+part5.3	0h:4m:55s (0h:0m:8s left)
Merging part2.1+part2.2+part4.3 with BIC score: 25638.671 (LnL: -11666.337  df: 297)
 206 K2P+G4       25326.784   part1.3+part2.1+part2.2+part4.3	0h:5m:3s (0h:0m:7s left)
 207 HKY+F+I+G4   25406.191   part1.1+part1.2+part2.1+part2.2+part3.1+part3.2+part4.1+part4.2+part4.3+part5.1+part5.2	0h:5m:4s (0h:0m:5s left)
 208 K2P+G4       25281.278   part2.1+part2.2+part2.3+part3.3+part4.3+part5.3	0h:5m:6s (0h:0m:4s left)
Merging part1.3+part2.3+part3.3+part5.3 with BIC score: 25240.577 (LnL: -11739.041  df: 227)
 209 K3P+G4       24938.158   part1.3+part2.1+part2.2+part2.3+part3.3+part4.3+part5.3	0h:5m:20s (0h:0m:3s left)
 210 K3P+I+G4     25451.350   part1.1+part1.2+part1.3+part2.3+part3.1+part3.2+part3.3+part4.1+part4.2+part5.1+part5.2+part5.3	0h:5m:21s (0h:0m:1s left)
Merging part1.3+part2.1+part2.2+part2.3+part3.3+part4.3+part5.3 with BIC score: 24938.158 (LnL: -11855.699  df: 158)
 211 K2P+I+G4     25026.356   part1.1+part1.2+part1.3+part2.1+part2.2+part2.3+part3.1+part3.2+part3.3+part4.1+part4.2+part4.3+part5.1+part5.2+part5.3	0h:5m:36s (0h:0m:0s left)
BEST-FIT PARTITION MODEL: 
  charpartition BIC = HKY+F+I: part1.1 part1.2 part3.1 part3.2 part4.1 part4.2 part5.1 part5.2, K3P+G4: part1.3 part2.1 part2.2 part2.3 part3.3 part4.3 part5.3;
Agglomerative model selection: ((((part1.1,part1.2)2:29705.9,(part3.1,part3.2)4:28724.5)6:27797.3,((part4.1,part4.2)3:29207.8,(part5.1,part5.2)1:30205.3)5:28254.6)8:26917.3,((part1.3,((part2.3,part3.3)9:26489,part5.3)10:26060.5)12:25240.6,((part2.1,part2.2)7:27345.8,part4.3)11:25638.7)13:24938.2)
Merging into 2 partitions...
Partition information was printed to 6_set180.best_scheme.nex
Partition information in Raxml format was printed to 6_set180.best_scheme

All model information printed to 6_set180.model.gz
CPU time for ModelFinder: 367.026 seconds (0h:6m:7s)
Wall-clock time for ModelFinder: 337.607 seconds (0h:5m:37s)
Generating 1000 samples for ultrafast bootstrap (seed: 718199)...

NOTE: 7 MB RAM (0 GB) is required!
Measuring multi-threading efficiency up to 8 CPU cores
Increase to 10 rounds for branch lengths
37 trees examined
Threads: 1 / Time: 8.119 sec / Speedup: 1.000 / Efficiency: 100% / LogL: -18347
Threads: 2 / Time: 6.907 sec / Speedup: 1.176 / Efficiency: 59% / LogL: -18347
Threads: 3 / Time: 21.976 sec / Speedup: 0.369 / Efficiency: 12% / LogL: -18347
BEST NUMBER OF THREADS: 2

Estimate model parameters (epsilon = 0.100)
Optimizing K3P+G4 parameters for partition part1.3+part2.1+part2.2+part2.3+part3.3+part4.3+part5.3 (78 free parameters)
Optimizing HKY+F+I parameters for partition part1.1+part1.2+part3.1+part3.2+part4.1+part4.2+part5.1+part5.2 (80 free parameters)
Optimal log-likelihood: -11855.699
Computing ML distances based on estimated model parameters... 0.025 sec
WARNING: Some pairwise ML distances are too long (saturated)
Computing BIONJ tree...
0.002 seconds
Log-likelihood of BIONJ tree: -12027.596
--------------------------------------------------------------------
|             INITIALIZING CANDIDATE TREE SET                      |
--------------------------------------------------------------------
Generating 98 parsimony trees... 2.507 second
Computing log-likelihood of 98 initial trees ... 5.195 seconds
Current best score: -11850.853

Do NNI search on 20 best initial trees
Estimate model parameters (epsilon = 0.100)
BETTER TREE FOUND at iteration 1: -11845.427
Iteration 10 / LogL: -11846.456 / Time: 0h:0m:52s
Iteration 20 / LogL: -11847.125 / Time: 0h:0m:58s
Finish initializing candidate tree set (4)
Current best tree score: -11845.427 / CPU time: 19.832
Number of iterations: 20
--------------------------------------------------------------------
|               OPTIMIZING CANDIDATE TREE SET                      |
--------------------------------------------------------------------
Iteration 30 / LogL: -11845.690 / Time: 0h:1m:5s (0h:2m:39s left)
UPDATE BEST LOG-LIKELIHOOD: -11845.422
UPDATE BEST LOG-LIKELIHOOD: -11845.422
Iteration 40 / LogL: -11846.714 / Time: 0h:1m:11s (0h:1m:52s left)
UPDATE BEST LOG-LIKELIHOOD: -11845.420
Iteration 50 / LogL: -11845.421 / Time: 0h:1m:18s (0h:1m:21s left)
Log-likelihood cutoff on original alignment: -11881.964
UPDATE BEST LOG-LIKELIHOOD: -11845.418
UPDATE BEST LOG-LIKELIHOOD: -11845.411
Iteration 60 / LogL: -11845.411 / Time: 0h:1m:26s (0h:0m:59s left)
Iteration 70 / LogL: -11869.139 / Time: 0h:1m:33s (0h:0m:41s left)
UPDATE BEST LOG-LIKELIHOOD: -11845.410
Iteration 80 / LogL: -11846.345 / Time: 0h:1m:40s (0h:0m:26s left)
Iteration 90 / LogL: -11862.794 / Time: 0h:1m:49s (0h:0m:13s left)
Iteration 100 / LogL: -11850.386 / Time: 0h:1m:58s (0h:0m:1s left)
Log-likelihood cutoff on original alignment: -11881.964
NOTE: Bootstrap correlation coefficient of split occurrence frequencies: 0.999
TREE SEARCH COMPLETED AFTER 102 ITERATIONS / Time: 0h:2m:2s

--------------------------------------------------------------------
|                    FINALIZING TREE SEARCH                        |
--------------------------------------------------------------------
Performs final model parameters optimization
Estimate model parameters (epsilon = 0.010)
Optimizing K3P+G4 parameters for partition part1.3+part2.1+part2.2+part2.3+part3.3+part4.3+part5.3 (78 free parameters)
Optimizing HKY+F+I parameters for partition part1.1+part1.2+part3.1+part3.2+part4.1+part4.2+part5.1+part5.2 (80 free parameters)
Optimal log-likelihood: -11845.410
BEST SCORE FOUND : -11845.410
Creating bootstrap support values...
Split supports printed to NEXUS file 6_set180.splits.nex
Total tree length: 0.829

Total number of iterations: 102
CPU time used for tree search: 43.052 sec (0h:0m:43s)
Wall-clock time used for tree search: 83.511 sec (0h:1m:23s)
Total CPU time used: 58.597 sec (0h:0m:58s)
Total wall-clock time used: 123.016 sec (0h:2m:3s)

Computing bootstrap consensus tree...
Reading input file 6_set180.splits.nex...
39 taxa and 149 splits.
Consensus tree written to 6_set180.contree
Reading input trees file 6_set180.contree
Log-likelihood of consensus tree: -11845.427

Analysis results written to: 
  IQ-TREE report:                6_set180.iqtree
  Maximum-likelihood tree:       6_set180.treefile
  Likelihood distances:          6_set180.mldist
  Best partitioning scheme:      6_set180.best_scheme.nex
           in RAxML format:      6_set180.best_scheme

Ultrafast bootstrap approximation results written to:
  Split support values:          6_set180.splits.nex
  Consensus tree:                6_set180.contree
  Screen log file:               6_set180.log

Date and Time: Sat Sep  8 00:34:02 2018
