IQ-TREE multicore version 1.6.3 for Mac OS X 64-bit built Mar 22 2018
Developed by Bui Quang Minh, Nguyen Lam Tung, Olga Chernomor,
Heiko Schmidt, Dominik Schrempf, Michael Woodhams.

Host:    meeps-mac-pro.staff.sydney.edu.au (AVX, 64 GB RAM)
Command: /Users/davidduchene/Desktop/Software/iqtree-1.6.3-MacOSX/bin/iqtree -s ../../../../marsupials/set202.fasta -m TEST -bb 1000 -nt AUTO -pre 1_set202
Seed:    654604 (Using SPRNG - Scalable Parallel Random Number Generator)
Time:    Fri Jul 27 17:55:05 2018
Kernel:  AVX - auto-detect threads (8 CPU cores detected)

Reading alignment file ../../../../marsupials/set202.fasta ... Fasta format detected
Alignment most likely contains DNA/RNA sequences
Alignment has 35 sequences with 5181 columns, 1349 distinct patterns
832 parsimony-informative, 580 singleton sites, 3769 constant sites
                                              Gap/Ambiguity  Composition  p-value
   1  Burramyidae_Burramys_parvus                     7.62%    failed      3.07%
   2  Notoryctidae_Notoryctes_typhlops                1.22%    passed     22.54%
   3  Vombatidae_Lasiorhinus_latifrons                0.02%    passed     97.17%
   4  Potoroidae_Bettongia_penicillata                0.19%    passed     86.49%
   5  Potoroidae_Bettongia_lesueur                    0.19%    passed     65.04%
   6  Dasyuridae_Dasyurus_maculatus                   0.02%    passed     91.34%
   7  Phalangeridae_Trichosurus_vulpecula             1.51%    passed     98.94%
   8  Phalangeridae_Spilocuscus_maculatus             0.25%    passed     96.82%
   9  Potoroidae_Aepyprymnus_rufescens                0.06%    passed     82.33%
  10  Peramelidae_Perameles_nasuta                   58.56%    failed      2.65%
  11  Phalangeridae_Strigocuscus_pelengensis          3.42%    passed     99.15%
  12  Dasyuridae_Phascogale_tapoatafa                 0.08%    passed     96.85%
  13  Dasyuridae_Sminthopsis_macroura                 0.06%    passed     86.87%
  14  Phalangeridae_Phalanger_orientalis              0.29%    passed     98.81%
  15  Acrobatidae_Acrobates_pygmaeus                  7.10%    passed     72.98%
  16  Dasyuridae_Phascogale_calura                    0.06%    passed     98.85%
  17  Dasyuridae_Sarcophilus_harrisii                 0.00%    passed     95.99%
  18  Dasyuridae_Planigale_tenuirostris               3.80%    passed     84.90%
  19  Peramelidae_Echymipera_kalubu                   6.70%    passed     80.90%
  20  Macropodidae_Dorcopsulus_vanheurni              0.15%    passed     97.79%
  21  Pseudochiridae_Pseudochirulus_forbesi           0.14%    passed     95.26%
  22  Didelphidae_Didelphis_virginiana               18.20%    passed     77.73%
  23  Marmosidae_Monodelphis_domestica               17.83%    passed     89.52%
  24  Dasyuridae_Antechinus_stuartii                  0.85%    passed     97.26%
  25  Hypsiprymnodontidae_Hypsiprymnodon_moschatus    9.52%    passed     83.81%
  26  Microbiotheriidae_Dromiciops_gliroides          3.73%    passed     95.62%
  27  Pseudochiridae_Petauroides_volans               0.31%    passed     62.99%
  28  Macropodidae_Wallabia_bicolor                   0.42%    passed     95.79%
  29  Pseudochiridae_Pseudocheirus_occidentalis      60.08%    failed      0.03%
  30  Tarsipedidae_Tarsipes_rostratus                 1.37%    passed     41.22%
  31  Acrobatidae_Distoechurus_pennatus               0.14%    passed     68.54%
  32  Phalangeridae_Phalanger_carmelitae              0.10%    passed     98.76%
  33  Peramelidae_Peroryctes_raffrayana               5.58%    passed     66.08%
  34  Dasyuridae_Dasyurus_geffroii                    0.02%    passed     92.51%
  35  Peramelidae_Perameles_gunnii                   58.04%    failed      3.17%
WARNING: 3 sequences contain more than 50% gaps/ambiguity
****  TOTAL                                           7.65%  4 sequences failed composition chi2 test (p-value<5%; df=3)


Create initial parsimony tree by phylogenetic likelihood library (PLL)... 0.005 seconds
NOTE: ModelFinder requires 11 MB RAM!
ModelFinder will test 88 DNA models (sample size: 5181) ...
 No. Model         -LnL         df  AIC          AICc         BIC
Measuring multi-threading efficiency up to 8 CPU cores
Increase to 10 rounds for branch lengths
261 trees examined
Threads: 1 / Time: 8.017 sec / Speedup: 1.000 / Efficiency: 100% / LogL: -35076
Threads: 2 / Time: 5.979 sec / Speedup: 1.341 / Efficiency: 67% / LogL: -35076
Threads: 3 / Time: 4.986 sec / Speedup: 1.608 / Efficiency: 54% / LogL: -35076
Threads: 4 / Time: 5.898 sec / Speedup: 1.359 / Efficiency: 34% / LogL: -35076
BEST NUMBER OF THREADS: 3

  1  JC            23371.824    67  46877.647    46879.430    47316.682
  2  JC+I          22762.322    68  45660.643    45662.479    46106.231
  3  JC+G4         22710.819    68  45557.637    45559.473    46003.225
  4  JC+I+G4       22690.355    69  45518.711    45520.601    45970.851
  5  F81+F         23346.327    70  46832.654    46834.599    47291.347
  6  F81+F+I       22738.089    71  45618.178    45620.179    46083.423
  7  F81+F+G4      22685.967    71  45513.933    45515.934    45979.179
  8  F81+F+I+G4    22665.260    72  45474.521    45476.579    45946.319
  9  K2P           22448.899    68  45033.798    45035.634    45479.385
 10  K2P+I         21820.208    69  43778.415    43780.305    44230.555
 11  K2P+G4        21765.904    69  43669.808    43671.698    44121.948
 12  K2P+I+G4      21742.939    70  43625.879    43627.824    44084.572
 13  HKY+F         22407.963    71  44957.926    44959.927    45423.172
 14  HKY+F+I       21780.256    72  43704.512    43706.570    44176.310
 15  HKY+F+G4      21723.496    72  43590.992    43593.050    44062.791
 16  HKY+F+I+G4    21699.725    73  43545.451    43547.566    44023.802
 17  TNe           22446.886    69  45031.773    45033.663    45483.913
 18  TNe+I         21819.708    70  43779.416    43781.361    44238.108
 19  TNe+G4        21765.323    70  43670.646    43672.591    44129.339
 20  TNe+I+G4      21742.308    71  43626.615    43628.617    44091.861
 21  TN+F          22405.267    72  44954.534    44956.591    45426.332
 22  TN+F+I        21779.505    73  43705.011    43707.126    44183.362
 23  TN+F+G4       21722.573    73  43591.146    43593.261    44069.497
 24  TN+F+I+G4     21698.750    74  43545.501    43547.674    44030.404
 25  K3P           22441.706    69  45021.413    45023.303    45473.553
 26  K3P+I         21813.315    70  43766.631    43768.576    44225.323
 27  K3P+G4        21759.183    70  43658.366    43660.311    44117.058
 28  K3P+I+G4      21736.160    71  43614.320    43616.321    44079.566
 29  K3Pu+F        22401.856    72  44947.712    44949.770    45419.511
 30  K3Pu+F+I      21774.509    73  43695.018    43697.134    44173.369
 31  K3Pu+F+G4     21718.055    73  43582.111    43584.226    44060.462
 32  K3Pu+F+I+G4   21694.248    74  43536.495    43538.669    44021.399
 33  TPM2+F        22407.834    72  44959.668    44961.726    45431.466
 34  TPM2+F+I      21780.110    73  43706.220    43708.336    44184.571
 35  TPM2+F+G4     21723.185    73  43592.369    43594.485    44070.720
 36  TPM2+F+I+G4   21699.090    74  43546.180    43548.354    44031.084
 37  TPM2u+F       22407.836    72  44959.672    44961.730    45431.470
 38  TPM2u+F+I     21780.113    73  43706.225    43708.341    44184.576
 39  TPM2u+F+G4    21723.182    73  43592.363    43594.479    44070.714
 40  TPM2u+F+I+G4  21699.048    74  43546.096    43548.270    44030.999
 41  TPM3+F        22407.621    72  44959.241    44961.299    45431.039
 42  TPM3+F+I      21780.027    73  43706.054    43708.169    44184.405
 43  TPM3+F+G4     21723.381    73  43592.762    43594.877    44071.113
 44  TPM3+F+I+G4   21699.283    74  43546.567    43548.741    44031.471
 45  TPM3u+F       22407.615    72  44959.231    44961.289    45431.029
 46  TPM3u+F+I     21780.027    73  43706.054    43708.170    44184.405
 47  TPM3u+F+G4    21723.381    73  43592.763    43594.878    44071.114
 48  TPM3u+F+I+G4  21699.246    74  43546.493    43548.667    44031.397
 49  TIMe          22439.689    70  45019.378    45021.323    45478.070
 50  TIMe+I        21812.815    71  43767.630    43769.631    44232.875
 51  TIMe+G4       21758.604    71  43659.207    43661.208    44124.453
 52  TIMe+I+G4     21735.418    72  43614.837    43616.895    44086.635
 53  TIM+F         22399.158    73  44944.315    44946.431    45422.666
 54  TIM+F+I       21773.756    74  43695.513    43697.686    44180.416
 55  TIM+F+G4      21717.138    74  43582.276    43584.450    44067.180
 56  TIM+F+I+G4    21693.166    75  43536.332    43538.565    44027.788
 57  TIM2e         22445.931    70  45031.863    45033.808    45490.555
 58  TIM2e+I       21818.130    71  43778.261    43780.262    44243.506
 59  TIM2e+G4      21763.749    71  43669.498    43671.499    44134.744
 60  TIM2e+I+G4    21740.355    72  43624.710    43626.768    44096.508
 61  TIM2+F        22405.132    73  44956.264    44958.380    45434.615
 62  TIM2+F+I      21779.360    74  43706.720    43708.894    44191.624
 63  TIM2+F+G4     21722.244    74  43592.489    43594.663    44077.393
 64  TIM2+F+I+G4   21697.980    75  43545.960    43548.193    44037.417
 65  TIM3e         22445.259    70  45030.517    45032.462    45489.210
 66  TIM3e+I       21817.889    71  43777.779    43779.780    44243.024
 67  TIM3e+G4      21763.657    71  43669.314    43671.315    44134.559
 68  TIM3e+I+G4    21740.196    72  43624.393    43626.451    44096.191
 69  TIM3+F        22404.912    73  44955.825    44957.940    45434.176
 70  TIM3+F+I      21779.274    74  43706.548    43708.721    44191.451
 71  TIM3+F+G4     21722.450    74  43592.899    43595.073    44077.803
 72  TIM3+F+I+G4   21698.220    75  43546.441    43548.674    44037.897
 73  TVMe          22440.048    71  45022.095    45024.096    45487.341
 74  TVMe+I        21810.924    72  43765.849    43767.907    44237.647
 75  TVMe+G4       21756.924    72  43657.848    43659.906    44129.646
 76  TVMe+I+G4     21733.526    73  43613.051    43615.167    44091.402
 77  TVM+F         22401.444    74  44950.887    44953.061    45435.791
 78  TVM+F+I       21774.130    75  43698.259    43700.493    44189.716
 79  TVM+F+G4      21717.435    75  43584.870    43587.103    44076.327
 80  TVM+F+I+G4    21693.169    76  43538.338    43540.632    44036.348
 81  SYM           22438.044    72  45020.087    45022.145    45491.885
 82  SYM+I         21810.416    73  43766.832    43768.947    44245.183
 83  SYM+G4        21756.331    73  43658.663    43660.778    44137.014
 84  SYM+I+G4      21732.970    74  43613.940    43616.113    44098.843
 85  GTR+F         22398.734    75  44947.469    44949.702    45438.925
 86  GTR+F+I       21773.357    76  43698.714    43701.007    44196.723
 87  GTR+F+G4      21716.492    76  43584.983    43587.276    44082.992
 88  GTR+F+I+G4    21692.260    77  43538.520    43540.874    44043.082
Akaike Information Criterion:           TIM+F+I+G4
Corrected Akaike Information Criterion: TIM+F+I+G4
Bayesian Information Criterion:         K3Pu+F+I+G4
Best-fit model: K3Pu+F+I+G4 chosen according to BIC

All model information printed to 1_set202.model.gz
CPU time for ModelFinder: 64.728 seconds (0h:1m:4s)
Wall-clock time for ModelFinder: 29.443 seconds (0h:0m:29s)
Generating 1000 samples for ultrafast bootstrap (seed: 654604)...

NOTE: 11 MB RAM (0 GB) is required!
Measuring multi-threading efficiency up to 8 CPU cores
Increase to 10 rounds for branch lengths
73 trees examined
Threads: 1 / Time: 8.024 sec / Speedup: 1.000 / Efficiency: 100% / LogL: -31319
Threads: 2 / Time: 5.238 sec / Speedup: 1.532 / Efficiency: 77% / LogL: -31319
Threads: 3 / Time: 4.260 sec / Speedup: 1.884 / Efficiency: 63% / LogL: -31319
Threads: 4 / Time: 5.189 sec / Speedup: 1.546 / Efficiency: 39% / LogL: -31319
BEST NUMBER OF THREADS: 3

Estimate model parameters (epsilon = 0.100)
Thoroughly optimizing +I+G parameters from 10 start values...
Init pinv, alpha: 0.000, 1.000 / Estimate: 0.000, 0.278 / LogL: -21718.055
Init pinv, alpha: 0.081, 1.000 / Estimate: 0.084, 0.327 / LogL: -21711.191
Init pinv, alpha: 0.162, 1.000 / Estimate: 0.277, 0.512 / LogL: -21698.428
Init pinv, alpha: 0.242, 1.000 / Estimate: 0.277, 0.512 / LogL: -21698.440
Init pinv, alpha: 0.323, 1.000 / Estimate: 0.330, 0.598 / LogL: -21695.982
Init pinv, alpha: 0.404, 1.000 / Estimate: 0.407, 0.779 / LogL: -21693.841
Init pinv, alpha: 0.485, 1.000 / Estimate: 0.481, 1.080 / LogL: -21694.532
Init pinv, alpha: 0.566, 1.000 / Estimate: 0.488, 1.120 / LogL: -21694.830
Init pinv, alpha: 0.647, 1.000 / Estimate: 0.486, 1.112 / LogL: -21694.770
Init pinv, alpha: 0.727, 1.000 / Estimate: 0.488, 1.121 / LogL: -21694.837
Optimal pinv,alpha: 0.407, 0.779 / LogL: -21693.841

Parameters optimization took 5.176 sec
Computing ML distances based on estimated model parameters... 0.034 sec
Computing BIONJ tree...
0.002 seconds
Log-likelihood of BIONJ tree: -21708.561
--------------------------------------------------------------------
|             INITIALIZING CANDIDATE TREE SET                      |
--------------------------------------------------------------------
Generating 98 parsimony trees... 0.691 second
Computing log-likelihood of 98 initial trees ... 2.024 seconds
Current best score: -21692.250

Do NNI search on 20 best initial trees
Estimate model parameters (epsilon = 0.100)
BETTER TREE FOUND at iteration 1: -21691.646
Estimate model parameters (epsilon = 0.100)
BETTER TREE FOUND at iteration 8: -21691.376
Iteration 10 / LogL: -21691.741 / Time: 0h:1m:2s
Iteration 20 / LogL: -21691.538 / Time: 0h:1m:5s
Finish initializing candidate tree set (3)
Current best tree score: -21691.376 / CPU time: 7.774
Number of iterations: 20
--------------------------------------------------------------------
|               OPTIMIZING CANDIDATE TREE SET                      |
--------------------------------------------------------------------
Iteration 30 / LogL: -21691.644 / Time: 0h:1m:7s (0h:1m:43s left)
Iteration 40 / LogL: -21691.642 / Time: 0h:1m:9s (0h:1m:10s left)
Iteration 50 / LogL: -21691.388 / Time: 0h:1m:11s (0h:0m:50s left)
Log-likelihood cutoff on original alignment: -21726.495
Iteration 60 / LogL: -21691.384 / Time: 0h:1m:13s (0h:0m:36s left)
Iteration 70 / LogL: -21691.384 / Time: 0h:1m:15s (0h:0m:25s left)
Iteration 80 / LogL: -21691.479 / Time: 0h:1m:17s (0h:0m:17s left)
Iteration 90 / LogL: -21691.385 / Time: 0h:1m:20s (0h:0m:10s left)
Iteration 100 / LogL: -21691.393 / Time: 0h:1m:22s (0h:0m:4s left)
Log-likelihood cutoff on original alignment: -21726.495
NOTE: Bootstrap correlation coefficient of split occurrence frequencies: 1.000
TREE SEARCH COMPLETED AFTER 109 ITERATIONS / Time: 0h:1m:24s

--------------------------------------------------------------------
|                    FINALIZING TREE SEARCH                        |
--------------------------------------------------------------------
Performs final model parameters optimization
Estimate model parameters (epsilon = 0.010)
1. Initial log-likelihood: -21691.376
Optimal log-likelihood: -21691.369
Rate parameters:  A-C: 1.00000  A-G: 5.82958  A-T: 0.74833  C-G: 0.74833  C-T: 5.82958  G-T: 1.00000
Base frequencies:  A: 0.288  C: 0.269  G: 0.213  T: 0.230
Proportion of invariable sites: 0.408
Gamma shape alpha: 0.780
Parameters optimization took 1 rounds (0.028 sec)
BEST SCORE FOUND : -21691.369
Creating bootstrap support values...
Split supports printed to NEXUS file 1_set202.splits.nex
Total tree length: 0.566

Total number of iterations: 109
CPU time used for tree search: 62.489 sec (0h:1m:2s)
Wall-clock time used for tree search: 27.305 sec (0h:0m:27s)
Total CPU time used: 186.361 sec (0h:3m:6s)
Total wall-clock time used: 85.045 sec (0h:1m:25s)

Computing bootstrap consensus tree...
Reading input file 1_set202.splits.nex...
35 taxa and 119 splits.
Consensus tree written to 1_set202.contree
Reading input trees file 1_set202.contree
Log-likelihood of consensus tree: -21691.448

Analysis results written to: 
  IQ-TREE report:                1_set202.iqtree
  Maximum-likelihood tree:       1_set202.treefile
  Likelihood distances:          1_set202.mldist

Ultrafast bootstrap approximation results written to:
  Split support values:          1_set202.splits.nex
  Consensus tree:                1_set202.contree
  Screen log file:               1_set202.log

Date and Time: Fri Jul 27 17:56:30 2018
