IQ-TREE multicore version 1.6.7 for Mac OS X 64-bit built Aug 23 2018
Developed by Bui Quang Minh, Nguyen Lam Tung, Olga Chernomor,
Heiko Schmidt, Dominik Schrempf, Michael Woodhams.

Host:    meeps-mac-pro.staff.sydney.edu.au (AVX, 64 GB RAM)
Command: /Users/davidduchene/Desktop/Software/iqtree-1.6.7-MacOSX/bin/iqtree -s ../../../../marsupials/set298.fasta -m TESTMERGE -bb 1000 -spp ../../../../marsupials/set298.nex -nt AUTO -pre 4_set298
Seed:    600145 (Using SPRNG - Scalable Parallel Random Number Generator)
Time:    Sat Sep  8 12:29:50 2018
Kernel:  AVX - auto-detect threads (8 CPU cores detected)

Reading partition model file ../../../../marsupials/set298.nex ...
Reading alignment file ../../../../marsupials/set298.fasta ... Fasta format detected
Alignment most likely contains DNA/RNA sequences
Alignment has 35 sequences with 2175 columns, 856 distinct patterns
562 parsimony-informative, 303 singleton sites, 1310 constant sites
                                              Gap/Ambiguity  Composition  p-value
   1  Burramyidae_Burramys_parvus                     0.18%    passed     98.94%
   2  Notoryctidae_Notoryctes_typhlops                1.56%    passed     61.72%
   3  Vombatidae_Lasiorhinus_latifrons                0.41%    passed     97.44%
   4  Potoroidae_Bettongia_penicillata                0.41%    passed     99.35%
   5  Potoroidae_Bettongia_lesueur                    0.74%    passed     99.75%
   6  Dasyuridae_Dasyurus_maculatus                   0.14%    passed     86.35%
   7  Phalangeridae_Trichosurus_vulpecula            31.91%    passed     12.60%
   8  Phalangeridae_Spilocuscus_maculatus             0.18%    passed     35.56%
   9  Potoroidae_Aepyprymnus_rufescens                0.51%    passed     96.79%
  10  Peramelidae_Perameles_nasuta                    1.01%    passed     94.05%
  11  Phalangeridae_Strigocuscus_pelengensis          2.99%    passed     70.95%
  12  Dasyuridae_Phascogale_tapoatafa                 0.00%    passed     94.69%
  13  Dasyuridae_Sminthopsis_macroura                 0.51%    passed     76.27%
  14  Phalangeridae_Phalanger_orientalis              1.79%    passed     31.46%
  15  Acrobatidae_Acrobates_pygmaeus                  1.66%    passed     72.78%
  16  Dasyuridae_Phascogale_calura                    0.00%    passed     91.54%
  17  Dasyuridae_Sarcophilus_harrisii                 0.09%    passed     91.95%
  18  Dasyuridae_Planigale_tenuirostris               3.45%    passed     95.48%
  19  Peramelidae_Echymipera_kalubu                   0.46%    passed     90.21%
  20  Macropodidae_Dorcopsulus_vanheurni              0.74%    passed     93.77%
  21  Pseudochiridae_Pseudochirulus_forbesi          27.40%    passed      6.75%
  22  Didelphidae_Didelphis_virginiana                1.01%    passed     98.83%
  23  Marmosidae_Monodelphis_domestica                1.01%    passed     88.58%
  24  Dasyuridae_Antechinus_stuartii                  0.41%    passed     92.00%
  25  Hypsiprymnodontidae_Hypsiprymnodon_moschatus    0.23%    passed     98.28%
  26  Microbiotheriidae_Dromiciops_gliroides          3.86%    passed     70.46%
  27  Pseudochiridae_Petauroides_volans               1.01%    passed     97.47%
  28  Macropodidae_Wallabia_bicolor                   1.29%    passed     91.43%
  29  Pseudochiridae_Pseudocheirus_occidentalis       0.60%    passed     94.35%
  30  Tarsipedidae_Tarsipes_rostratus                 1.75%    passed     94.60%
  31  Acrobatidae_Distoechurus_pennatus               0.32%    passed     92.47%
  32  Phalangeridae_Phalanger_carmelitae              0.05%    passed     21.11%
  33  Peramelidae_Peroryctes_raffrayana               3.77%    passed     92.42%
  34  Dasyuridae_Dasyurus_geffroii                    0.14%    passed     93.63%
  35  Peramelidae_Perameles_gunnii                    0.32%    passed     90.17%
****  TOTAL                                           2.63%  0 sequences failed composition chi2 test (p-value<5%; df=3)
NOTE: No CharPartition defined, use all CharSets

Loading 15 partitions...
Subset	Type	Seqs	Sites	Infor	Invar	Model	Name
1		35	80	7	60	TESTMERGE	part1.1
2		35	80	3	72	TESTMERGE	part1.2
3		35	80	37	29	TESTMERGE	part1.3
4		35	172	22	135	TESTMERGE	part2.1
5		35	172	9	149	TESTMERGE	part2.2
6		35	172	113	39	TESTMERGE	part2.3
7		35	160	10	139	TESTMERGE	part3.1
8		35	160	9	146	TESTMERGE	part3.2
9		35	160	61	69	TESTMERGE	part3.3
10		35	115	11	83	TESTMERGE	part4.1
11		35	115	4	90	TESTMERGE	part4.2
12		35	115	45	40	TESTMERGE	part4.3
13		33	198	64	105	TESTMERGE	part5.1
14		33	198	57	109	TESTMERGE	part5.2
15		33	198	110	45	TESTMERGE	part5.3
Degree of missing data: 0.016
Info: multi-threading strategy over partitions



Create initial parsimony tree by phylogenetic likelihood library (PLL)... 0.019 seconds
NOTE: ModelFinder requires 9 MB RAM!
NUMBER OF THREADS FOR PARTITION FINDING: 8
Testing GTR+F+G on supermatrix...
GTR+F+G4 / LnL: -12236.774 / df: 76 / AIC: 24625.548 / AICc: 24631.127 / BIC: 25057.592
Selecting individual models for 15 charsets using BIC...
 No. Model        Score       Charset
   1 K3P+G4       1290.916    part1.3
   2 HKY+F+G4     2302.266    part5.1
   3 HKY+F+G4     2182.336    part3.3
   4 K3P+G4       1790.707    part4.3
   5 K2P+G4       3647.100    part5.3
   6 TPM3+F+I     2161.105    part5.2
   7 TNe+G4       937.803     part4.1
   8 TIM2e+G4     3928.672    part2.3
   9 TPM2u+F+I+G4 1412.640    part2.1
  10 K2P+G4       935.516     part2.2	0h:0m:10s (0h:3m:33s left)
  11 TPM2u+F      789.026     part4.2	0h:0m:10s (0h:3m:15s left)
  12 K2P          361.696     part1.2	0h:0m:10s (0h:3m:0s left)
  13 TPM2+F+I     701.643     part3.2	0h:0m:11s (0h:2m:49s left)
  14 TPM3u+F+I    910.744     part3.1	0h:0m:11s (0h:2m:37s left)
  15 TNe          537.697     part1.1	0h:0m:11s (0h:2m:29s left)
Full partition model BIC score: 24599.078 (LnL: -11757.761  df:141)
Merging models to increase model fit (about 211 total partition schemes)...
  16 K2P+G4       24618.655   part5.1+part5.3	0h:0m:19s (0h:3m:53s left)
  17 TIM2e+G4     24619.566   part2.3+part3.3	0h:0m:19s (0h:3m:45s left)
  18 K2P+G4       24596.027   part3.3+part5.3	0h:0m:20s (0h:3m:34s left)
  19 TIM2e+G4     24647.359   part2.3+part5.1	0h:0m:21s (0h:3m:34s left)
  20 K2P+G4       24582.769   part4.3+part5.3	0h:0m:21s (0h:3m:24s left)
  21 HKY+F+G4     24638.930   part5.2+part5.3	0h:0m:21s (0h:3m:18s left)
  22 TPM3u+F+G4   24689.211   part2.3+part5.2	0h:0m:22s (0h:3m:12s left)
  23 TIM2e+G4     24595.862   part2.3+part5.3	0h:0m:23s (0h:3m:11s left)
  24 K2P+G4       24584.545   part1.3+part5.3	0h:0m:28s (0h:3m:41s left)
  25 HKY+F+G4     24557.293   part3.3+part5.1	0h:0m:29s (0h:3m:36s left)
  26 TPM3+F+G4    24562.564   part5.1+part5.2	0h:0m:32s (0h:3m:48s left)
  27 K2P+G4       24690.323   part2.1+part5.3	0h:0m:32s (0h:3m:39s left)
  28 K2P+G4       24657.389   part4.1+part5.3	0h:0m:32s (0h:3m:30s left)
  29 TIM2e+G4     24596.143   part2.3+part4.3	0h:0m:32s (0h:3m:25s left)
  30 TPM3+F+G4    24568.358   part3.3+part5.2	0h:0m:33s (0h:3m:25s left)
  31 TIM2e+G4     24587.586   part1.3+part2.3	0h:0m:34s (0h:3m:19s left)
  32 K3P+G4       24583.240   part4.3+part5.1	0h:0m:39s (0h:3m:38s left)
  33 K2P+G4       24573.872   part3.3+part4.3	0h:0m:39s (0h:3m:32s left)
  34 HKY+F+G4     24686.960   part4.2+part5.3	0h:0m:41s (0h:3m:36s left)
  35 K2P+G4       24754.891   part3.1+part5.3	0h:0m:42s (0h:3m:31s left)
  36 TPM3u+F+G4   24621.266   part4.3+part5.2	0h:0m:42s (0h:3m:27s left)
  37 K2P+G4       24759.583   part2.2+part5.3	0h:0m:44s (0h:3m:29s left)
  38 TIM2e+G4     24669.734   part2.3+part4.1	0h:0m:45s (0h:3m:26s left)
  39 HKY+F+G4     24793.041   part3.2+part5.3	0h:0m:46s (0h:3m:27s left)
  40 K2P+G4       24668.031   part1.1+part5.3	0h:0m:50s (0h:3m:35s left)
  41 TIM2e+G4     24685.585   part2.1+part2.3	0h:0m:52s (0h:3m:37s left)
  42 K2P+G4       24712.457   part1.2+part5.3	0h:0m:53s (0h:3m:34s left)
  43 TIM2e+G4     24700.942   part2.3+part4.2	0h:0m:53s (0h:3m:29s left)
  44 TIM2e+G4     24774.850   part2.2+part2.3	0h:0m:55s (0h:3m:31s left)
  45 HKY+F+G4     24782.009   part2.3+part3.2	0h:0m:58s (0h:3m:34s left)
  46 TPM2u+F+I+G4 24749.851   part2.3+part3.1	0h:0m:59s (0h:3m:33s left)
  47 K3P+G4       24586.324   part1.3+part5.1	0h:0m:59s (0h:3m:27s left)
  48 TIM2e+G4     24668.765   part1.1+part2.3	0h:0m:59s (0h:3m:22s left)
  49 K2P+G4       24576.066   part1.3+part3.3	0h:1m:1s (0h:3m:24s left)
  50 K2P+G4       24582.018   part4.1+part5.1	0h:1m:5s (0h:3m:31s left)
  51 TIM2e+G4     24714.004   part1.2+part2.3	0h:1m:5s (0h:3m:26s left)
  52 TPM3u+F+G4   24610.980   part1.3+part5.2	0h:1m:5s (0h:3m:21s left)
  53 K3P+G4       24569.875   part1.3+part4.3	0h:1m:8s (0h:3m:23s left)
  54 TPM3u+F+G4   24603.460   part4.1+part5.2	0h:1m:8s (0h:3m:19s left)
  55 K2P+G4       24592.962   part3.3+part4.1	0h:1m:9s (0h:3m:16s left)
  56 K3P+G4       24594.872   part2.1+part5.1	0h:1m:10s (0h:3m:14s left)
  57 K2P+G4       24606.546   part4.1+part4.3	0h:1m:12s (0h:3m:14s left)
  58 TIM3e+G4     24621.336   part2.1+part5.2	0h:1m:12s (0h:3m:10s left)
  59 K2P+G4       24611.932   part2.1+part3.3	0h:1m:13s (0h:3m:8s left)
  60 HKY+F+G4     24599.681   part3.3+part4.2	0h:1m:14s (0h:3m:6s left)
  61 HKY+F+G4     24585.681   part4.2+part5.1	0h:1m:14s (0h:3m:2s left)
  62 HKY+F+G4     24635.799   part3.1+part5.1	0h:1m:15s (0h:3m:0s left)
  63 TPM3u+F+I    24586.490   part4.2+part5.2	0h:1m:17s (0h:3m:1s left)
  64 K3P+G4       24620.992   part2.1+part4.3	0h:1m:19s (0h:3m:1s left)
  65 TPM3u+F+G4   24661.671   part3.1+part3.3	0h:1m:19s (0h:2m:58s left)
  66 HKY+F+G4     24649.996   part3.1+part5.2	0h:1m:21s (0h:2m:58s left)
  67 K2P+G4       24629.939   part4.2+part4.3	0h:1m:22s (0h:2m:57s left)
  68 HKY+F+G4     24626.406   part2.2+part5.1	0h:1m:22s (0h:2m:54s left)
  69 HKY+F+G4     24650.151   part2.2+part3.3	0h:1m:23s (0h:2m:51s left)
  70 HKY+F+G4     24647.601   part3.2+part5.1	0h:1m:25s (0h:2m:51s left)
  71 K2P+G4       24601.696   part1.1+part5.1	0h:1m:27s (0h:2m:51s left)
  72 HKY+F+G4     24667.122   part3.2+part3.3	0h:1m:28s (0h:2m:50s left)
  73 TPM3u+F+I    24626.111   part2.2+part5.2	0h:1m:29s (0h:2m:49s left)
  74 TPM3u+F+I    24621.263   part1.1+part5.2	0h:1m:31s (0h:2m:49s left)
  75 TIM2+F+I     24647.603   part3.2+part5.2	0h:1m:32s (0h:2m:47s left)
  76 K2P+G4       24611.022   part1.1+part3.3	0h:1m:33s (0h:2m:46s left)
  77 K3Pu+F+G4    24681.536   part3.1+part4.3	0h:1m:33s (0h:2m:43s left)
  78 K2P+G4       24674.575   part2.2+part4.3	0h:1m:34s (0h:2m:41s left)
  79 HKY+F+G4     24710.661   part3.2+part4.3	0h:1m:36s (0h:2m:42s left)
  80 HKY+F+G4     24629.444   part1.2+part5.1	0h:1m:37s (0h:2m:40s left)
  81 HKY+F+G4     24644.030   part1.2+part3.3	0h:1m:38s (0h:2m:38s left)
  82 K3P+G4       24625.660   part1.1+part4.3	0h:1m:39s (0h:2m:37s left)
  83 TPM3u+F+I    24626.283   part1.2+part5.2	0h:1m:40s (0h:2m:34s left)
  84 K3P+G4       24605.941   part1.3+part4.1	0h:1m:41s (0h:2m:33s left)
  85 K2P+G4       24656.668   part1.2+part4.3	0h:1m:42s (0h:2m:31s left)
  86 K3P+G4       24608.665   part1.3+part2.1	0h:1m:44s (0h:2m:32s left)
  87 K2P+G4       24574.489   part4.1+part4.2	0h:1m:45s (0h:2m:31s left)
  88 K2P+G4       24623.209   part1.3+part4.2	0h:1m:47s (0h:2m:29s left)
  89 HKY+F+I+G4   24580.762   part2.1+part4.1	0h:1m:48s (0h:2m:28s left)
  90 HKY+F+G4     24663.359   part1.3+part3.1	0h:1m:48s (0h:2m:25s left)
  91 K2P+G4       24659.448   part1.3+part2.2	0h:1m:49s (0h:2m:23s left)
  92 TIM3+F+G4    24595.849   part3.1+part4.1	0h:1m:50s (0h:2m:22s left)
  93 HKY+F+G4     24689.287   part1.3+part3.2	0h:1m:51s (0h:2m:21s left)
  94 K3P+G4       24620.400   part1.1+part1.3	0h:1m:52s (0h:2m:19s left)
  95 K2P+I+G4     24582.767   part2.1+part4.2	0h:1m:52s (0h:2m:17s left)
  96 K2P+G4       24587.334   part2.2+part4.1	0h:1m:53s (0h:2m:15s left)
  97 TN+F+G4      24608.497   part3.2+part4.1	0h:1m:55s (0h:2m:15s left)
  98 TPM2u+F+I+G4 24581.476   part2.1+part3.1	0h:1m:57s (0h:2m:15s left)
  99 TPM3u+F+G4   24586.152   part3.1+part4.2	0h:1m:57s (0h:2m:12s left)
 100 TIM3e+I      24579.818   part1.1+part4.1	0h:1m:57s (0h:2m:10s left)
 101 K3P+G4       24649.511   part1.2+part1.3	0h:1m:58s (0h:2m:9s left)
 102 TIM3e+I+G4   24593.786   part2.1+part2.2	0h:1m:58s (0h:2m:7s left)
 103 HKY+F+I+G4   24617.899   part2.1+part3.2	0h:1m:59s (0h:2m:5s left)
 104 TPM2u+F+I+G4 24600.189   part1.1+part2.1	0h:2m:1s (0h:2m:4s left)
 105 TNe+G4       24599.863   part1.2+part4.1	0h:2m:3s (0h:2m:4s left)
 106 K2P+G4       24588.298   part1.1+part4.2	0h:2m:5s (0h:2m:4s left)
 107 TPM2u+F+I    24569.206   part2.2+part4.2	0h:2m:5s (0h:2m:1s left)
 108 TPM2+F+G4    24568.370   part3.2+part4.2	0h:2m:5s (0h:1m:59s left)
 109 HKY+F+I      24584.067   part2.2+part3.1	0h:2m:7s (0h:1m:59s left)
 110 HKY+F+I      24575.516   part3.1+part3.2	0h:2m:8s (0h:1m:58s left)
 111 TN+F+I       24609.588   part1.1+part3.1	0h:2m:9s (0h:1m:56s left)
 112 TIM3e+I+G4   24601.603   part1.2+part2.1	0h:2m:11s (0h:1m:56s left)
 113 TPM2+F+I     24573.909   part2.2+part3.2	0h:2m:11s (0h:1m:54s left)
 114 K2P+I        24597.804   part1.1+part2.2	0h:2m:11s (0h:1m:52s left)
 115 HKY+F+G4     24596.662   part1.2+part4.2	0h:2m:11s (0h:1m:50s left)
 116 TN+F+I       24619.102   part1.1+part3.2	0h:2m:12s (0h:1m:48s left)
 117 K2P+G4       24589.818   part1.2+part2.2	0h:2m:12s (0h:1m:46s left)
 118 HKY+F        24598.861   part1.2+part3.2	0h:2m:13s (0h:1m:45s left)
 119 K2P+I        24599.538   part1.2+part3.1	0h:2m:13s (0h:1m:43s left)
 120 TNe          24596.979   part1.1+part1.2	0h:2m:13s (0h:1m:41s left)
Merging part3.3+part5.1 with BIC score: 24557.293 (LnL: -11759.924  df: 135)
 121 HKY+F+G4     24562.609   part3.3+part4.1+part5.1	0h:2m:22s (0h:1m:45s left)
 122 K3P+G4       24560.054   part3.3+part4.3+part5.1	0h:2m:24s (0h:1m:45s left)
 123 HKY+F+G4     24551.241   part1.3+part3.3+part5.1	0h:2m:24s (0h:1m:43s left)
 124 TPM2+F+G4    24585.943   part2.1+part3.3+part5.1	0h:2m:24s (0h:1m:41s left)
 125 HKY+F+G4     24556.356   part3.3+part4.2+part5.1	0h:2m:26s (0h:1m:40s left)
 126 TPM3u+F+G4   24525.638   part3.3+part5.1+part5.2	0h:2m:28s (0h:1m:40s left)
 127 TIM2+F+G4    24637.782   part2.3+part3.3+part5.1	0h:2m:29s (0h:1m:39s left)
 128 HKY+F+G4     24587.200   part3.3+part5.1+part5.3	0h:2m:30s (0h:1m:37s left)
 129 HKY+F+G4     24629.479   part3.1+part3.3+part5.1	0h:2m:32s (0h:1m:36s left)
 130 HKY+F+G4     24583.494   part1.1+part3.3+part5.1	0h:2m:32s (0h:1m:35s left)
 131 HKY+F+G4     24613.260   part2.2+part3.3+part5.1	0h:2m:33s (0h:1m:33s left)
 132 HKY+F+G4     24601.948   part1.2+part3.3+part5.1	0h:2m:33s (0h:1m:31s left)
 133 HKY+F+G4     24637.338   part3.2+part3.3+part5.1	0h:2m:33s (0h:1m:30s left)
Merging part3.3+part5.1+part5.2 with BIC score: 24525.638 (LnL: -11767.151  df: 129)
 134 HKY+F+G4     24611.231   part3.1+part3.3+part5.1+part5.2	0h:2m:43s (0h:1m:33s left)
 135 TPM3u+F+G4   24571.702   part2.1+part3.3+part5.1+part5.2	0h:2m:43s (0h:1m:32s left)
 136 TPM3u+F+G4   24535.510   part3.3+part4.1+part5.1+part5.2	0h:2m:45s (0h:1m:31s left)
 137 TPM3u+F+G4   24524.206   part3.3+part4.2+part5.1+part5.2	0h:2m:47s (0h:1m:30s left)
 138 TPM3u+F+G4   24527.396   part1.3+part3.3+part5.1+part5.2	0h:2m:48s (0h:1m:28s left)
 139 TPM3u+F+G4   24541.694   part3.3+part4.3+part5.1+part5.2	0h:2m:48s (0h:1m:27s left)
 140 HKY+F+G4     24571.852   part3.3+part5.1+part5.2+part5.3	0h:2m:51s (0h:1m:26s left)
 141 TPM3+F+G4    24653.012   part2.3+part3.3+part5.1+part5.2	0h:2m:52s (0h:1m:25s left)
 142 TPM3u+F+G4   24584.426   part2.2+part3.3+part5.1+part5.2	0h:2m:55s (0h:1m:25s left)
 143 TPM3u+F+G4   24553.558   part1.1+part3.3+part5.1+part5.2	0h:2m:55s (0h:1m:23s left)
 144 TPM3+F+G4    24614.667   part3.2+part3.3+part5.1+part5.2	0h:2m:55s (0h:1m:21s left)
 145 TPM3u+F+G4   24568.176   part1.2+part3.3+part5.1+part5.2	0h:2m:56s (0h:1m:20s left)
Merging part3.2+part4.2 with BIC score: 24494.931 (LnL: -11774.851  df: 123)
 146 HKY+F+I      24484.283   part3.1+part3.2+part4.2	0h:3m:1s (0h:1m:20s left)
 147 TPM2u+F+G4   24496.669   part3.2+part4.1+part4.2	0h:3m:1s (0h:1m:18s left)
 148 HKY+F+I+G4   24524.321   part2.1+part3.2+part4.2	0h:3m:2s (0h:1m:17s left)
 149 TPM2+F+G4    24617.687   part3.2+part4.2+part4.3	0h:3m:7s (0h:1m:17s left)
 150 TPM2+F+G4    24514.710   part1.1+part3.2+part4.2	0h:3m:8s (0h:1m:16s left)
 151 HKY+F+G4     24592.757   part1.3+part3.2+part4.2	0h:3m:8s (0h:1m:15s left)
 152 TPM2u+F+G4   24500.048   part1.2+part3.2+part4.2	0h:3m:9s (0h:1m:13s left)
 153 TPM2+F+G4    24462.431   part2.2+part3.2+part4.2	0h:3m:10s (0h:1m:12s left)
 154 HKY+F+I+G4   24723.520   part2.3+part3.2+part4.2	0h:3m:10s (0h:1m:10s left)
 155 HKY+F+G4     24714.781   part3.2+part4.2+part5.3	0h:3m:10s (0h:1m:8s left)
 156 HKY+F+G4     24593.223   part3.2+part3.3+part4.2+part5.1+part5.2	0h:3m:11s (0h:1m:7s left)
Merging part2.2+part3.2+part4.2 with BIC score: 24462.431 (LnL: -11770.128  df: 120)
 157 TPM2u+F+G4   24455.288   part2.2+part3.1+part3.2+part4.2	0h:3m:16s (0h:1m:7s left)
 158 TPM2u+F+G4   24464.174   part2.2+part3.2+part4.1+part4.2	0h:3m:17s (0h:1m:6s left)
 159 HKY+F+I+G4   24500.455   part2.1+part2.2+part3.2+part4.2	0h:3m:18s (0h:1m:4s left)
 160 TPM2u+F+G4   24584.113   part1.3+part2.2+part3.2+part4.2	0h:3m:20s (0h:1m:3s left)
 161 TPM2u+F+G4   24611.474   part2.2+part3.2+part4.2+part4.3	0h:3m:21s (0h:1m:2s left)
 162 TPM2u+F+G4   24480.057   part1.1+part2.2+part3.2+part4.2	0h:3m:22s (0h:1m:1s left)
 163 TPM2+F+G4    24463.300   part1.2+part2.2+part3.2+part4.2	0h:3m:23s (0h:1m:0s left)
 164 HKY+F+G4     24744.820   part2.2+part3.2+part4.2+part5.3	0h:3m:24s (0h:0m:58s left)
 165 TN+F+I+G4    24765.257   part2.2+part2.3+part3.2+part4.2	0h:3m:24s (0h:0m:56s left)
 166 HKY+F+G4     24613.665   part2.2+part3.2+part3.3+part4.2+part5.1+part5.2	0h:3m:25s (0h:0m:55s left)
Merging part1.3+part4.3 with BIC score: 24433.228 (LnL: -11770.897  df: 116)
 167 K3P+G4       24536.915   part1.3+part3.1+part4.3	0h:3m:32s (0h:0m:56s left)
 168 K3P+G4       24466.037   part1.1+part1.3+part4.3	0h:3m:33s (0h:0m:54s left)
 169 K3P+G4       24470.759   part1.3+part2.1+part4.3	0h:3m:34s (0h:0m:53s left)
 170 K3P+G4       24454.159   part1.3+part4.1+part4.3	0h:3m:34s (0h:0m:51s left)
 171 K2P+G4       24426.951   part1.3+part4.3+part5.3	0h:3m:36s (0h:0m:50s left)
 172 TIM2e+G4     24439.718   part1.3+part2.3+part4.3	0h:3m:37s (0h:0m:49s left)
 173 HKY+F+G4     24653.869   part1.3+part2.2+part3.2+part4.2+part4.3	0h:3m:37s (0h:0m:47s left)
 174 K3P+G4       24504.424   part1.2+part1.3+part4.3	0h:3m:38s (0h:0m:46s left)
 175 TPM3u+F+G4   24470.721   part1.3+part3.3+part4.3+part5.1+part5.2	0h:3m:39s (0h:0m:45s left)
Merging part1.1+part4.1 with BIC score: 24413.968 (LnL: -11768.952  df: 114)
 176 TIM3e+I      24416.715   part1.1+part1.2+part4.1	0h:3m:44s (0h:0m:44s left)
 177 TIM2+F+G4    24442.916   part1.1+part2.2+part3.2+part4.1+part4.2	0h:3m:45s (0h:0m:43s left)
 178 TN+F+G4      24416.097   part1.1+part3.1+part4.1	0h:3m:47s (0h:0m:42s left)
 179 TN+F+G4      24407.555   part1.1+part2.1+part4.1	0h:3m:49s (0h:0m:41s left)
 180 K3P+G4       24467.308   part1.1+part1.3+part4.1+part4.3	0h:3m:50s (0h:0m:39s left)
 181 HKY+F+G4     24460.282   part1.1+part3.3+part4.1+part5.1+part5.2	0h:3m:50s (0h:0m:38s left)
 182 K2P+G4       24521.773   part1.1+part4.1+part5.3	0h:3m:50s (0h:0m:36s left)
 183 TIM2e+G4     24534.938   part1.1+part2.3+part4.1	0h:3m:50s (0h:0m:35s left)
Merging part2.1+part3.1 with BIC score: 24396.367 (LnL: -11787.047  df: 107)
 184 TPM2u+F+I+G4 24407.366   part1.2+part2.1+part3.1	0h:3m:54s (0h:0m:34s left)
 185 HKY+F+I+G4   24424.857   part2.1+part2.2+part3.1+part3.2+part4.2	0h:3m:56s (0h:0m:33s left)
 186 TIM2+F+I+G4  24398.707   part1.1+part2.1+part3.1+part4.1	0h:3m:57s (0h:0m:31s left)
 187 K3Pu+F+G4    24506.033   part1.3+part2.1+part3.1+part4.3	0h:3m:58s (0h:0m:30s left)
 188 K2P+G4       24574.853   part2.1+part3.1+part5.3	0h:3m:58s (0h:0m:29s left)
 189 HKY+F+G4     24511.586   part2.1+part3.1+part3.3+part5.1+part5.2	0h:3m:59s (0h:0m:27s left)
 190 TIM2+F+I+G4  24568.562   part2.1+part2.3+part3.1	0h:4m:0s (0h:0m:26s left)
Merging part1.3+part4.3+part5.3 with BIC score: 24390.089 (LnL: -11799.278  df: 103)
 191 K2P+G4       24495.795   part1.2+part1.3+part4.3+part5.3	0h:4m:8s (0h:0m:25s left)
 192 TIM2e+G4     24597.622   part1.3+part2.1+part3.1+part4.3+part5.3	0h:4m:9s (0h:0m:24s left)
 193 K2P+G4       24495.130   part1.1+part1.3+part4.1+part4.3+part5.3	0h:4m:10s (0h:0m:23s left)
 194 TIM2e+G4     24392.377   part1.3+part2.3+part4.3+part5.3	0h:4m:11s (0h:0m:22s left)
 195 HKY+F+G4     24744.152   part1.3+part2.2+part3.2+part4.2+part4.3+part5.3	0h:4m:11s (0h:0m:20s left)
 196 K3Pu+F+G4    24460.874   part1.3+part3.3+part4.3+part5.1+part5.2+part5.3	0h:4m:14s (0h:0m:19s left)
BEST-FIT PARTITION MODEL: 
  charpartition BIC = TIM3e+I: part1.1 part4.1, K2P: part1.2, K2P+G4: part1.3 part4.3 part5.3, TPM2u+F+I+G4: part2.1 part3.1, TPM2+F+G4: part2.2 part3.2 part4.2, TIM2e+G4: part2.3, TPM3u+F+G4: part3.3 part5.1 part5.2;
Agglomerative model selection: ((part1.1,part4.1)6:24414,part1.2,((part1.3,part4.3)5:24433.2,part5.3)8:24390.1,(part2.1,part3.1)7:24396.4,(part2.2,(part3.2,part4.2)3:24494.9)4:24462.4,part2.3,((part3.3,part5.1)1:24557.3,part5.2)2:24525.6)
Merging into 7 partitions...
Partition information was printed to 4_set298.best_scheme.nex
Partition information in Raxml format was printed to 4_set298.best_scheme

All model information printed to 4_set298.model.gz
CPU time for ModelFinder: 333.581 seconds (0h:5m:33s)
Wall-clock time for ModelFinder: 256.227 seconds (0h:4m:16s)
Generating 1000 samples for ultrafast bootstrap (seed: 600145)...

NOTE: 8 MB RAM (0 GB) is required!
Measuring multi-threading efficiency up to 8 CPU cores
Increase to 10 rounds for branch lengths
30 trees examined
Threads: 1 / Time: 8.036 sec / Speedup: 1.000 / Efficiency: 100% / LogL: -18919
Threads: 2 / Time: 17.140 sec / Speedup: 0.469 / Efficiency: 23% / LogL: -18919
BEST NUMBER OF THREADS: 1

Estimate model parameters (epsilon = 0.100)
Initial log-likelihood: -12848.583
Current log-likelihood at step 1: -11921.168
Current log-likelihood at step 2: -11804.590
Current log-likelihood at step 3: -11798.631
Current log-likelihood at step 4: -11798.566
Partition-specific rates:  0.458 0.114 1.864 0.461 0.218 3.108 1.006
Parameters optimization took 3 rounds (1.297 sec)

Computing ML distances based on estimated model parameters... 0.061 sec
Computing BIONJ tree...
0.004 seconds
Log-likelihood of BIONJ tree: -11799.407
--------------------------------------------------------------------
|             INITIALIZING CANDIDATE TREE SET                      |
--------------------------------------------------------------------
Generating 98 parsimony trees... 4.116 second
Computing log-likelihood of 98 initial trees ... 10.273 seconds
Current best score: -11793.421

Do NNI search on 20 best initial trees
Estimate model parameters (epsilon = 0.100)
Initial log-likelihood: -11793.381
Current log-likelihood at step 1: -11793.318
Parameters optimization took 0 rounds (0.172 sec)

BETTER TREE FOUND at iteration 1: -11793.318
Iteration 10 / LogL: -11793.324 / Time: 0h:0m:50s
Iteration 20 / LogL: -11793.319 / Time: 0h:1m:0s
Finish initializing candidate tree set (3)
Current best tree score: -11793.318 / CPU time: 33.061
Number of iterations: 20
--------------------------------------------------------------------
|               OPTIMIZING CANDIDATE TREE SET                      |
--------------------------------------------------------------------
UPDATE BEST LOG-LIKELIHOOD: -11793.318
Iteration 30 / LogL: -11793.322 / Time: 0h:1m:10s (0h:2m:53s left)
Iteration 40 / LogL: -11793.324 / Time: 0h:1m:20s (0h:2m:6s left)
Iteration 50 / LogL: -11793.318 / Time: 0h:1m:31s (0h:1m:35s left)
Log-likelihood cutoff on original alignment: -11834.057
Iteration 60 / LogL: -11793.329 / Time: 0h:1m:42s (0h:1m:11s left)
Iteration 70 / LogL: -11808.885 / Time: 0h:1m:53s (0h:0m:50s left)
Iteration 80 / LogL: -11793.318 / Time: 0h:2m:4s (0h:0m:32s left)
Iteration 90 / LogL: -11809.936 / Time: 0h:2m:13s (0h:0m:16s left)
Iteration 100 / LogL: -11808.960 / Time: 0h:2m:22s (0h:0m:1s left)
Log-likelihood cutoff on original alignment: -11834.057
NOTE: Bootstrap correlation coefficient of split occurrence frequencies: 0.999
TREE SEARCH COMPLETED AFTER 102 ITERATIONS / Time: 0h:2m:24s

--------------------------------------------------------------------
|                    FINALIZING TREE SEARCH                        |
--------------------------------------------------------------------
Performs final model parameters optimization
Estimate model parameters (epsilon = 0.010)
Initial log-likelihood: -11793.318
Current log-likelihood at step 1: -11793.293
Current log-likelihood at step 2: -11793.274
Current log-likelihood at step 3: -11793.256
Current log-likelihood at step 4: -11793.237
Current log-likelihood at step 5: -11793.220
Current log-likelihood at step 6: -11793.202
Current log-likelihood at step 7: -11793.184
Current log-likelihood at step 8: -11793.167
Current log-likelihood at step 9: -11793.150
Current log-likelihood at step 10: -11793.133
Current log-likelihood at step 11: -11793.117
Current log-likelihood at step 12: -11793.100
Current log-likelihood at step 13: -11793.084
Current log-likelihood at step 14: -11793.068
Current log-likelihood at step 15: -11793.052
Current log-likelihood at step 16: -11793.036
Current log-likelihood at step 17: -11793.021
Current log-likelihood at step 18: -11793.005
Current log-likelihood at step 19: -11792.990
Current log-likelihood at step 20: -11792.976
Current log-likelihood at step 21: -11792.961
Current log-likelihood at step 22: -11792.947
Current log-likelihood at step 23: -11792.932
Current log-likelihood at step 24: -11792.918
Current log-likelihood at step 25: -11792.905
Current log-likelihood at step 26: -11792.891
Current log-likelihood at step 27: -11792.878
Current log-likelihood at step 28: -11792.865
Current log-likelihood at step 29: -11792.852
Current log-likelihood at step 30: -11792.840
Current log-likelihood at step 31: -11792.827
Current log-likelihood at step 32: -11792.815
Current log-likelihood at step 33: -11792.804
Current log-likelihood at step 34: -11792.792
Current log-likelihood at step 35: -11792.781
Current log-likelihood at step 36: -11792.770
Current log-likelihood at step 37: -11792.760
Current log-likelihood at step 38: -11792.749
Current log-likelihood at step 39: -11792.739
Current log-likelihood at step 40: -11792.730
Partition-specific rates:  0.460 0.115 1.863 0.449 0.218 3.114 1.010
Parameters optimization took 39 rounds (5.055 sec)

BEST SCORE FOUND : -11792.730
Creating bootstrap support values...
Split supports printed to NEXUS file 4_set298.splits.nex
Total tree length: 0.881

Total number of iterations: 102
CPU time used for tree search: 54.080 sec (0h:0m:54s)
Wall-clock time used for tree search: 117.962 sec (0h:1m:57s)
Total CPU time used: 66.397 sec (0h:1m:6s)
Total wall-clock time used: 150.429 sec (0h:2m:30s)

Computing bootstrap consensus tree...
Reading input file 4_set298.splits.nex...
35 taxa and 134 splits.
Consensus tree written to 4_set298.contree
Reading input trees file 4_set298.contree
Log-likelihood of consensus tree: -11792.730

Analysis results written to: 
  IQ-TREE report:                4_set298.iqtree
  Maximum-likelihood tree:       4_set298.treefile
  Likelihood distances:          4_set298.mldist
  Best partitioning scheme:      4_set298.best_scheme.nex
           in RAxML format:      4_set298.best_scheme

Ultrafast bootstrap approximation results written to:
  Split support values:          4_set298.splits.nex
  Consensus tree:                4_set298.contree
  Screen log file:               4_set298.log

Date and Time: Sat Sep  8 12:36:37 2018
