IQ-TREE multicore version 1.6.7 for Mac OS X 64-bit built Aug 23 2018
Developed by Bui Quang Minh, Nguyen Lam Tung, Olga Chernomor,
Heiko Schmidt, Dominik Schrempf, Michael Woodhams.

Host:    meeps-mac-pro.staff.sydney.edu.au (AVX, 64 GB RAM)
Command: /Users/davidduchene/Desktop/Software/iqtree-1.6.7-MacOSX/bin/iqtree -s ../../../../marsupials/set191.fasta -m TESTMERGE -bb 1000 -spp ../../../../marsupials/set191.nex -nt AUTO -pre 4_set191
Seed:    439566 (Using SPRNG - Scalable Parallel Random Number Generator)
Time:    Fri Sep  7 22:36:00 2018
Kernel:  AVX - auto-detect threads (8 CPU cores detected)

Reading partition model file ../../../../marsupials/set191.nex ...
Reading alignment file ../../../../marsupials/set191.fasta ... Fasta format detected
Alignment most likely contains DNA/RNA sequences
Alignment has 37 sequences with 2322 columns, 1115 distinct patterns
543 parsimony-informative, 464 singleton sites, 1315 constant sites
                                              Gap/Ambiguity  Composition  p-value
   1  Burramyidae_Burramys_parvus                     0.73%    passed     99.92%
   2  Notoryctidae_Notoryctes_typhlops                8.18%    passed     55.10%
   3  Vombatidae_Lasiorhinus_latifrons                6.03%    passed     80.87%
   4  Potoroidae_Bettongia_penicillata                0.86%    passed     46.64%
   5  Potoroidae_Bettongia_lesueur                    1.08%    passed     35.45%
   6  Dasyuridae_Dasyurus_maculatus                   0.34%    passed     49.73%
   7  Phalangeridae_Trichosurus_vulpecula             0.52%    passed     96.53%
   8  Phalangeridae_Spilocuscus_maculatus             1.12%    passed     97.97%
   9  Potoroidae_Aepyprymnus_rufescens                1.42%    passed     61.09%
  10  Peramelidae_Perameles_nasuta                   13.18%    passed     53.43%
  11  Myrmecobiidae_Myrmecobius_fasciatus1           93.67%    failed      1.67%
  12  Phalangeridae_Strigocuscus_pelengensis          4.13%    passed     99.90%
  13  Dasyuridae_Phascogale_tapoatafa                11.20%    passed     30.84%
  14  Dasyuridae_Sminthopsis_macroura                 0.17%    passed     34.76%
  15  Phalangeridae_Phalanger_orientalis              0.95%    passed     95.08%
  16  Acrobatidae_Acrobates_pygmaeus                  1.55%    passed     95.18%
  17  Dasyuridae_Phascogale_calura                    5.21%    passed     61.95%
  18  Dasyuridae_Sarcophilus_harrisii                 2.93%    passed     58.18%
  19  Dasyuridae_Planigale_tenuirostris               6.63%    passed     67.74%
  20  Peramelidae_Echymipera_kalubu                   0.82%    passed     85.68%
  21  Macropodidae_Dorcopsulus_vanheurni              0.43%    passed     91.80%
  22  Pseudochiridae_Pseudochirulus_forbesi           0.09%    passed     99.44%
  23  Didelphidae_Didelphis_virginiana               12.23%    passed     65.36%
  24  Marmosidae_Monodelphis_domestica               12.58%    passed     73.38%
  25  Dasyuridae_Antechinus_stuartii                 16.37%    passed     92.58%
  26  Hypsiprymnodontidae_Hypsiprymnodon_moschatus    0.30%    passed     89.66%
  27  Microbiotheriidae_Dromiciops_gliroides          3.23%    passed     71.53%
  28  Pseudochiridae_Petauroides_volans               2.76%    passed     96.67%
  29  Macropodidae_Wallabia_bicolor                   1.42%    passed     63.21%
  30  Pseudochiridae_Pseudocheirus_occidentalis       0.60%    passed     99.37%
  31  Tarsipedidae_Tarsipes_rostratus                 5.08%    passed     64.61%
  32  Acrobatidae_Distoechurus_pennatus               0.56%    passed     79.54%
  33  Myrmecobiidae_Myrmecobius_fasciatus2           93.67%    failed      1.67%
  34  Phalangeridae_Phalanger_carmelitae              0.30%    passed     97.40%
  35  Peramelidae_Peroryctes_raffrayana              10.21%    passed     67.91%
  36  Dasyuridae_Dasyurus_geffroii                   10.03%    passed     32.50%
  37  Peramelidae_Perameles_gunnii                    0.52%    passed     73.88%
WARNING: 2 sequences contain more than 50% gaps/ambiguity
****  TOTAL                                           8.95%  2 sequences failed composition chi2 test (p-value<5%; df=3)
NOTE: No CharPartition defined, use all CharSets

Loading 15 partitions...
Subset	Type	Seqs	Sites	Infor	Invar	Model	Name
1		36	76	12	58	TESTMERGE	part1.1
2		36	76	4	64	TESTMERGE	part1.2
3		36	76	37	27	TESTMERGE	part1.3
4		35	305	27	223	TESTMERGE	part2.1
5		35	305	14	237	TESTMERGE	part2.2
6		35	305	87	152	TESTMERGE	part2.3
7		35	138	27	96	TESTMERGE	part3.1
8		35	138	18	104	TESTMERGE	part3.2
9		35	138	81	29	TESTMERGE	part3.3
10		35	104	3	97	TESTMERGE	part4.1
11		35	104	1	102	TESTMERGE	part4.2
12		35	104	29	47	TESTMERGE	part4.3
13		35	151	57	28	TESTMERGE	part5.1
14		35	151	54	41	TESTMERGE	part5.2
15		35	151	92	10	TESTMERGE	part5.3
Degree of missing data: 0.051
Info: multi-threading strategy over partitions

NOTE: Myrmecobiidae_Myrmecobius_fasciatus2 is identical to Myrmecobiidae_Myrmecobius_fasciatus1 but kept for subsequent analysis


Create initial parsimony tree by phylogenetic likelihood library (PLL)... 0.010 seconds
NOTE: ModelFinder requires 11 MB RAM!
NUMBER OF THREADS FOR PARTITION FINDING: 8
Testing GTR+F+G on supermatrix...
GTR+F+G4 / LnL: -14909.537 / df: 80 / AIC: 29979.075 / AICc: 29984.858 / BIC: 30439.089
Selecting individual models for 15 charsets using BIC...
 No. Model        Score       Charset
   1 K2P+I        2237.276    part2.1
   2 TPM2+F       1896.433    part2.2
   3 K3P+G4       3015.295    part5.1
   4 K2P+G4       4053.180    part5.3
   5 K2P+G4       4127.206    part2.3
   6 TPM3+F+G4    3226.489    part3.3
   7 TIM2+F+G4    2874.233    part5.2
   8 TPM2+F+G4    1743.309    part1.3
   9 HKY+F+G4     1378.916    part3.1
  10 K3P          1279.984    part4.3	0h:0m:11s (0h:3m:49s left)
  11 K2P+I        1113.316    part3.2	0h:0m:11s (0h:3m:34s left)
  12 K2P+I        460.687     part4.1	0h:0m:12s (0h:3m:20s left)
  13 K2P+I        352.249     part4.2	0h:0m:12s (0h:3m:14s left)
  14 TNe+I        617.272     part1.1	0h:0m:13s (0h:3m:8s left)
  15 K2P+G4       438.270     part1.2	0h:0m:13s (0h:2m:57s left)
Full partition model BIC score: 29542.971 (LnL: -14244.473  df:136)
Merging models to increase model fit (about 211 total partition schemes)...
  16 K2P+G4       29597.169   part2.1+part2.3	0h:0m:23s (0h:4m:46s left)
  17 K2P+G4       29543.640   part5.2+part5.3	0h:0m:24s (0h:4m:37s left)
  18 HKY+F+G4     29609.675   part2.2+part2.3	0h:0m:24s (0h:4m:21s left)
  19 K3P+G4       29585.032   part2.3+part5.1	0h:0m:26s (0h:4m:31s left)
  20 K2P+G4       29668.384   part2.3+part5.3	0h:0m:28s (0h:4m:27s left)
  21 K2P+G4       29583.219   part2.3+part3.3	0h:0m:28s (0h:4m:15s left)
  22 K3P+G4       29548.184   part5.1+part5.3	0h:0m:28s (0h:4m:4s left)
  23 HKY+F+G4     29559.220   part2.3+part5.2	0h:0m:28s (0h:3m:56s left)
  24 K2P+G4       29808.315   part2.1+part5.3	0h:0m:35s (0h:4m:34s left)
  25 GTR+F+G4     29582.408   part3.3+part5.3	0h:0m:36s (0h:4m:31s left)
  26 HKY+F+G4     29520.756   part5.1+part5.2	0h:0m:38s (0h:4m:32s left)
  27 K2P+G4       29534.202   part2.3+part3.1	0h:0m:39s (0h:4m:31s left)
  28 TIM+F+G4     29686.104   part2.1+part5.1	0h:0m:40s (0h:4m:23s left)
  29 K2P+G4       29563.191   part3.3+part5.2	0h:0m:40s (0h:4m:17s left)
  30 TIMe+G4      29573.288   part3.3+part5.1	0h:0m:41s (0h:4m:8s left)
  31 K2P+G4       29590.612   part1.3+part2.3	0h:0m:41s (0h:3m:59s left)
  32 HKY+F+G4     29534.928   part2.3+part4.3	0h:0m:46s (0h:4m:20s left)
  33 K2P+G4       29850.020   part2.2+part5.3	0h:0m:47s (0h:4m:15s left)
  34 K2P+G4       29648.890   part2.1+part5.2	0h:0m:47s (0h:4m:8s left)
  35 HKY+F+G4     29558.575   part2.3+part3.2	0h:0m:51s (0h:4m:18s left)
  36 K2P+G4       29540.931   part1.1+part2.3	0h:0m:52s (0h:4m:14s left)
  37 K3Pu+F+G4    29726.347   part2.2+part5.1	0h:0m:53s (0h:4m:13s left)
  38 TIM2+F+G4    29659.140   part2.2+part5.2	0h:0m:54s (0h:4m:8s left)
  39 TNe+G4       29730.103   part2.1+part3.3	0h:0m:55s (0h:4m:3s left)
  40 HKY+F+I      29526.948   part2.1+part2.2	0h:0m:55s (0h:3m:59s left)
  41 HKY+F+G4     29553.634   part1.2+part2.3	0h:0m:58s (0h:4m:1s left)
  42 K2P+G4       29672.456   part3.1+part5.3	0h:1m:1s (0h:4m:6s left)
  43 K2P+I+G4     29765.004   part2.2+part3.3	0h:1m:1s (0h:4m:0s left)
  44 K2P+G4       29595.669   part2.3+part4.1	0h:1m:2s (0h:3m:57s left)
  45 K2P+G4       29639.551   part4.3+part5.3	0h:1m:3s (0h:3m:52s left)
  46 TVM+F+G4     29609.162   part1.3+part5.3	0h:1m:4s (0h:3m:50s left)
  47 K2P+G4       29708.977   part3.2+part5.3	0h:1m:4s (0h:3m:44s left)
  48 K2P+G4       29626.310   part2.3+part4.2	0h:1m:5s (0h:3m:43s left)
  49 K2P+G4       29648.565   part1.1+part5.3	0h:1m:9s (0h:3m:51s left)
  50 TIM+F+G4     29602.536   part3.1+part5.1	0h:1m:10s (0h:3m:47s left)
  51 K3P+G4       29572.367   part4.3+part5.1	0h:1m:12s (0h:3m:46s left)
  52 K2P+G4       29591.113   part1.3+part5.2	0h:1m:12s (0h:3m:43s left)
  53 K2P+G4       29566.217   part3.1+part5.2	0h:1m:14s (0h:3m:41s left)
  54 K3Pu+F+G4    29633.494   part3.2+part5.1	0h:1m:14s (0h:3m:36s left)
  55 TIMe+G4      29603.816   part1.3+part5.1	0h:1m:14s (0h:3m:31s left)
  56 K2P+G4       29681.297   part1.2+part5.3	0h:1m:15s (0h:3m:28s left)
  57 TPM2u+F+G4   29567.431   part4.3+part5.2	0h:1m:19s (0h:3m:35s left)
  58 K3P+G4       29587.187   part1.1+part5.1	0h:1m:21s (0h:3m:34s left)
  59 K2P+G4       29562.584   part1.1+part5.2	0h:1m:22s (0h:3m:33s left)
  60 TIM3+F+G4    29612.425   part3.1+part3.3	0h:1m:23s (0h:3m:28s left)
  61 TIM3+F+G4    29593.148   part3.2+part5.2	0h:1m:23s (0h:3m:24s left)
  62 K2P+G4       29584.952   part3.3+part4.3	0h:1m:26s (0h:3m:26s left)
  63 TNe+I+G4     29704.110   part1.3+part2.1	0h:1m:28s (0h:3m:28s left)
  64 TVM+F+G4     29506.185   part1.3+part3.3	0h:1m:29s (0h:3m:24s left)
  65 HKY+F+G4     29538.707   part2.1+part3.1	0h:1m:29s (0h:3m:21s left)
  66 K2P+G4       29562.913   part2.1+part4.3	0h:1m:33s (0h:3m:25s left)
  67 K3P+G4       29616.914   part1.2+part5.1	0h:1m:35s (0h:3m:24s left)
  68 K2P+G4       29647.566   part3.2+part3.3	0h:1m:35s (0h:3m:21s left)
  69 K2P+I        29524.037   part2.1+part3.2	0h:1m:36s (0h:3m:18s left)
  70 TPM3u+F+G4   29593.935   part1.1+part3.3	0h:1m:36s (0h:3m:14s left)
  71 TNe+I        29527.661   part1.1+part2.1	0h:1m:38s (0h:3m:14s left)
  72 TIM2+F+G4    29589.333   part1.2+part5.2	0h:1m:40s (0h:3m:13s left)
  73 K2P+I+G4     29754.174   part4.1+part5.3	0h:1m:42s (0h:3m:12s left)
  74 K2P+G4       29552.172   part2.2+part3.1	0h:1m:42s (0h:3m:10s left)
  75 TPM2+F+G4    29583.156   part2.2+part4.3	0h:1m:44s (0h:3m:9s left)
  76 K2P+I+G4     29716.560   part1.3+part2.2	0h:1m:45s (0h:3m:7s left)
  77 TN+F+G4      29530.547   part2.2+part3.2	0h:1m:45s (0h:3m:4s left)
  78 K2P+I+G4     29787.040   part4.2+part5.3	0h:1m:46s (0h:3m:0s left)
  79 K2P+G4       29526.643   part1.2+part2.1	0h:1m:46s (0h:2m:57s left)
  80 K2P+G4       29615.754   part1.2+part3.3	0h:1m:47s (0h:2m:55s left)
  81 HKY+F+G4     29537.824   part1.1+part2.2	0h:1m:49s (0h:2m:55s left)
  82 K3P+G4       29676.371   part4.1+part5.1	0h:1m:49s (0h:2m:52s left)
  83 TIM+F+G4     29718.900   part4.2+part5.1	0h:1m:51s (0h:2m:52s left)
  84 TN+F         29520.062   part1.2+part2.2	0h:1m:52s (0h:2m:50s left)
  85 K2P+G4       29636.631   part4.1+part5.2	0h:1m:52s (0h:2m:47s left)
  86 K2P+I        29565.827   part2.1+part4.2	0h:1m:55s (0h:2m:47s left)
  87 K2P+G4       29545.572   part2.1+part4.1	0h:1m:55s (0h:2m:44s left)
  88 TPM2u+F+G4   29675.317   part4.2+part5.2	0h:1m:56s (0h:2m:43s left)
  89 HKY+F+G4     29667.301   part3.3+part4.1	0h:1m:56s (0h:2m:40s left)
  90 K2P+G4       29702.630   part3.3+part4.2	0h:1m:59s (0h:2m:40s left)
  91 K2P+G4       29544.077   part2.2+part4.1	0h:2m:2s (0h:2m:41s left)
  92 K2P+G4       29522.887   part3.1+part3.2	0h:2m:3s (0h:2m:39s left)
  93 K2P+I+G4     29590.792   part1.3+part3.1	0h:2m:3s (0h:2m:37s left)
  94 K2P+G4       29542.477   part3.1+part4.3	0h:2m:4s (0h:2m:34s left)
  95 K3P+G4       29590.344   part1.3+part4.3	0h:2m:4s (0h:2m:31s left)
  96 HKY+F+G4     29560.955   part2.2+part4.2	0h:2m:5s (0h:2m:30s left)
  97 K2P+I+G4     29623.086   part1.3+part3.2	0h:2m:5s (0h:2m:27s left)
  98 K3Pu+F+I+G4  29578.202   part1.1+part1.3	0h:2m:8s (0h:2m:27s left)
  99 K2P+G4       29557.491   part3.2+part4.3	0h:2m:9s (0h:2m:26s left)
 100 K2P+I        29520.105   part1.1+part3.2	0h:2m:10s (0h:2m:24s left)
 101 K2P+G4       29516.697   part1.1+part3.1	0h:2m:11s (0h:2m:23s left)
 102 TIMe+G4      29545.981   part1.1+part4.3	0h:2m:14s (0h:2m:23s left)
 103 K2P+G4       29525.786   part1.2+part3.1	0h:2m:16s (0h:2m:22s left)
 104 K3P+G4       29551.871   part1.2+part4.3	0h:2m:16s (0h:2m:20s left)
 105 K2P+I+G4     29587.143   part1.2+part1.3	0h:2m:18s (0h:2m:19s left)
 106 K2P+G4       29523.958   part1.1+part1.2	0h:2m:18s (0h:2m:17s left)
 107 TPM3u+F+G4   29532.074   part1.2+part3.2	0h:2m:19s (0h:2m:15s left)
 108 HKY+F+G4     29546.223   part3.1+part4.1	0h:2m:22s (0h:2m:15s left)
 109 K3P+G4       29582.615   part4.1+part4.3	0h:2m:22s (0h:2m:13s left)
 110 HKY+F+I      29565.640   part3.1+part4.2	0h:2m:24s (0h:2m:12s left)
 111 K2P+G4       29537.281   part3.2+part4.1	0h:2m:24s (0h:2m:10s left)
 112 K3Pu+F+I+G4  29610.745   part1.3+part4.1	0h:2m:24s (0h:2m:8s left)
 113 K3P+G4       29610.694   part4.2+part4.3	0h:2m:26s (0h:2m:7s left)
 114 K2P+I        29531.326   part1.1+part4.1	0h:2m:26s (0h:2m:4s left)
 115 K2P+I        29553.618   part3.2+part4.2	0h:2m:27s (0h:2m:2s left)
 116 K3P+I+G4     29635.794   part1.3+part4.2	0h:2m:27s (0h:2m:0s left)
 117 K2P+I        29524.538   part1.2+part4.1	0h:2m:28s (0h:1m:59s left)
 118 K2P+I        29523.646   part4.1+part4.2	0h:2m:28s (0h:1m:57s left)
 119 K2P+I        29534.575   part1.2+part4.2	0h:2m:29s (0h:1m:55s left)
 120 K2P+I        29544.820   part1.1+part4.2	0h:2m:29s (0h:1m:53s left)
Merging part1.3+part3.3 with BIC score: 29506.185 (LnL: -14245.455  df: 131)
 121 TIM3+F+G4    29600.293   part1.3+part3.1+part3.3	0h:2m:37s (0h:1m:57s left)
 122 TPM2+F+G4    29642.989   part1.3+part3.3+part4.1	0h:2m:37s (0h:1m:55s left)
 123 K2P+I+G4     29794.304   part1.3+part2.2+part3.3	0h:2m:40s (0h:1m:54s left)
 124 GTR+F+G4     29590.088   part1.3+part3.3+part5.1	0h:2m:41s (0h:1m:53s left)
 125 K2P+G4       29587.610   part1.3+part3.3+part5.2	0h:2m:42s (0h:1m:51s left)
 126 TN+F+I+G4    29768.056   part1.3+part2.1+part3.3	0h:2m:43s (0h:1m:50s left)
 127 TVM+F+G4     29570.890   part1.3+part3.3+part5.3	0h:2m:44s (0h:1m:48s left)
 128 K2P+G4       29598.957   part1.3+part2.3+part3.3	0h:2m:45s (0h:1m:47s left)
 129 TPM2+F+G4    29611.274   part1.2+part1.3+part3.3	0h:2m:48s (0h:1m:47s left)
 130 K2P+G4       29654.938   part1.3+part3.2+part3.3	0h:2m:49s (0h:1m:45s left)
 131 TVM+F+G4     29568.551   part1.1+part1.3+part3.3	0h:2m:49s (0h:1m:43s left)
 132 TIM3+F+G4    29703.561   part1.3+part3.3+part4.2	0h:2m:50s (0h:1m:41s left)
 133 K3Pu+F+G4    29586.775   part1.3+part3.3+part4.3	0h:2m:50s (0h:1m:39s left)
Merging part1.1+part3.1 with BIC score: 29479.911 (LnL: -14259.444  df: 124)
 134 K2P+G4       29462.965   part1.1+part3.1+part3.2	0h:2m:54s (0h:1m:40s left)
 135 K2P+G4       29502.669   part1.1+part3.1+part4.2	0h:2m:56s (0h:1m:39s left)
 136 K2P+G4       29494.120   part1.1+part2.2+part3.1	0h:2m:56s (0h:1m:37s left)
 137 TN+F+G4      29479.415   part1.1+part2.1+part3.1	0h:2m:59s (0h:1m:36s left)
 138 K2P+G4       29529.839   part1.1+part3.1+part5.2	0h:3m:1s (0h:1m:35s left)
 139 K2P+G4       29658.148   part1.1+part3.1+part5.3	0h:3m:3s (0h:1m:34s left)
 140 K2P+G4       29488.144   part1.1+part2.3+part3.1	0h:3m:3s (0h:1m:32s left)
 141 K2P+G4       29466.015   part1.1+part1.2+part3.1	0h:3m:4s (0h:1m:31s left)
 142 K2P+G4       29482.081   part1.1+part3.1+part4.1	0h:3m:4s (0h:1m:29s left)
 143 TIM3+F+G4    29618.627   part1.1+part1.3+part3.1+part3.3	0h:3m:5s (0h:1m:27s left)
 144 K3P+G4       29493.023   part1.1+part3.1+part4.3	0h:3m:5s (0h:1m:26s left)
 145 K3P+G4       29565.142   part1.1+part3.1+part5.1	0h:3m:7s (0h:1m:25s left)
Merging part1.2+part2.2 with BIC score: 29457.002 (LnL: -14259.615  df: 121)
 146 K2P+G4       29460.022   part1.2+part2.2+part4.1	0h:3m:12s (0h:1m:25s left)
 147 HKY+F+G4     29470.719   part1.2+part2.2+part4.2	0h:3m:13s (0h:1m:24s left)
 148 HKY+F+G4     29443.059   part1.2+part2.1+part2.2	0h:3m:13s (0h:1m:22s left)
 149 TN+F+G4      29439.282   part1.2+part2.2+part3.2	0h:3m:14s (0h:1m:20s left)
 150 TPM2+F+G4    29498.177   part1.2+part2.2+part4.3	0h:3m:14s (0h:1m:19s left)
 151 HKY+F+G4     29531.480   part1.2+part2.2+part2.3	0h:3m:17s (0h:1m:18s left)
 152 K2P+G4       29475.676   part1.1+part1.2+part2.2+part3.1	0h:3m:18s (0h:1m:16s left)
 153 K2P+G4       29801.697   part1.2+part2.2+part5.3	0h:3m:20s (0h:1m:15s left)
 154 K2P+I+G4     29778.144   part1.2+part1.3+part2.2+part3.3	0h:3m:20s (0h:1m:14s left)
 155 K3Pu+F+G4    29659.690   part1.2+part2.2+part5.1	0h:3m:21s (0h:1m:12s left)
 156 TIM2+F+G4    29589.931   part1.2+part2.2+part5.2	0h:3m:22s (0h:1m:11s left)
Merging part5.1+part5.2 with BIC score: 29434.787 (LnL: -14271.758  df: 115)
 157 K2P+G4       29581.558   part4.1+part5.1+part5.2	0h:3m:30s (0h:1m:12s left)
 158 HKY+F+G4     29619.962   part4.2+part5.1+part5.2	0h:3m:32s (0h:1m:11s left)
 159 TN+F+G4      29619.340   part2.1+part5.1+part5.2	0h:3m:34s (0h:1m:10s left)
 160 HKY+F+G4     29518.218   part3.2+part5.1+part5.2	0h:3m:34s (0h:1m:8s left)
 161 K2P+G4       29539.880   part1.1+part3.1+part5.1+part5.2	0h:3m:34s (0h:1m:6s left)
 162 HKY+F+G4     29472.914   part4.3+part5.1+part5.2	0h:3m:34s (0h:1m:5s left)
 163 HKY+F+G4     29487.274   part2.3+part5.1+part5.2	0h:3m:37s (0h:1m:3s left)
 164 K2P+G4       29556.011   part1.3+part3.3+part5.1+part5.2	0h:3m:38s (0h:1m:2s left)
 165 K2P+G4       29445.405   part5.1+part5.2+part5.3	0h:3m:40s (0h:1m:1s left)
 166 TPM2u+F+G4   29682.151   part1.2+part2.2+part5.1+part5.2	0h:3m:42s (0h:1m:0s left)
Merging part4.1+part4.2 with BIC score: 29415.462 (LnL: -14273.721  df: 112)
 167 K2P+I        29429.280   part3.2+part4.1+part4.2	0h:3m:45s (0h:0m:59s left)
 168 K2P+G4       29450.255   part2.1+part4.1+part4.2	0h:3m:45s (0h:0m:57s left)
 169 K3P+G4       29499.228   part4.1+part4.2+part4.3	0h:3m:47s (0h:0m:56s left)
 170 K2P+G4       29443.900   part1.2+part2.2+part4.1+part4.2	0h:3m:47s (0h:0m:54s left)
 171 K2P+I        29447.174   part1.1+part3.1+part4.1+part4.2	0h:3m:49s (0h:0m:53s left)
 172 K2P+I+G4     29543.947   part2.3+part4.1+part4.2	0h:3m:49s (0h:0m:52s left)
 173 K2P+G4       29701.986   part4.1+part4.2+part5.1+part5.2	0h:3m:51s (0h:0m:50s left)
 174 TN+F+I+G4    29687.644   part1.3+part3.3+part4.1+part4.2	0h:3m:51s (0h:0m:49s left)
 175 K2P+I+G4     29748.682   part4.1+part4.2+part5.3	0h:3m:53s (0h:0m:47s left)
Merging part2.1+part3.2 with BIC score: 29396.528 (LnL: -14275.879  df: 109)
 176 K2P+G4       29422.488   part2.1+part3.2+part4.3	0h:3m:57s (0h:0m:47s left)
 177 K2P+G4       29434.058   part2.1+part3.2+part4.1+part4.2	0h:3m:57s (0h:0m:45s left)
 178 K2P+G4       29392.140   part1.1+part2.1+part3.1+part3.2	0h:3m:58s (0h:0m:44s left)
 179 HKY+F+G4     29380.771   part1.2+part2.1+part2.2+part3.2	0h:3m:59s (0h:0m:42s left)
 180 K2P+G4       29464.899   part2.1+part2.3+part3.2	0h:4m:0s (0h:0m:41s left)
 181 K2P+G4       29701.300   part2.1+part3.2+part5.3	0h:4m:0s (0h:0m:39s left)
 182 HKY+F+G4     29612.578   part2.1+part3.2+part5.1+part5.2	0h:4m:2s (0h:0m:38s left)
 183 TNe+I+G4     29707.774   part1.3+part2.1+part3.2+part3.3	0h:4m:3s (0h:0m:37s left)
Merging part1.2+part2.1+part2.2+part3.2 with BIC score: 29380.771 (LnL: -14279.626  df: 106)
 184 HKY+F+G4     29423.621   part1.2+part2.1+part2.2+part3.2+part4.1+part4.2	0h:4m:10s (0h:0m:36s left)
 185 HKY+F+G4     29395.315   part1.1+part1.2+part2.1+part2.2+part3.1+part3.2	0h:4m:12s (0h:0m:35s left)
 186 HKY+F+G4     29420.687   part1.2+part2.1+part2.2+part3.2+part4.3	0h:4m:13s (0h:0m:34s left)
 187 HKY+F+G4     29483.516   part1.2+part2.1+part2.2+part2.3+part3.2	0h:4m:15s (0h:0m:32s left)
 188 HKY+F+I+G4   29805.274   part1.2+part2.1+part2.2+part3.2+part5.3	0h:4m:17s (0h:0m:31s left)
 189 TNe+I+G4     29837.967   part1.2+part1.3+part2.1+part2.2+part3.2+part3.3	0h:4m:18s (0h:0m:30s left)
 190 HKY+F+G4     29700.968   part1.2+part2.1+part2.2+part3.2+part5.1+part5.2	0h:4m:18s (0h:0m:28s left)
Merging part2.3+part4.3 with BIC score: 29372.728 (LnL: -14275.604  df: 106)
 191 K2P+G4       29514.875   part2.3+part4.1+part4.2+part4.3	0h:4m:24s (0h:0m:27s left)
 192 K2P+G4       29385.900   part1.1+part2.3+part3.1+part4.3	0h:4m:28s (0h:0m:26s left)
 193 K2P+G4       29527.019   part2.3+part4.3+part5.3	0h:4m:28s (0h:0m:25s left)
 194 HKY+F+G4     29491.029   part1.2+part2.1+part2.2+part2.3+part3.2+part4.3	0h:4m:29s (0h:0m:23s left)
 195 K2P+G4       29493.601   part1.3+part2.3+part3.3+part4.3	0h:4m:30s (0h:0m:22s left)
 196 HKY+F+G4     29440.456   part2.3+part4.3+part5.1+part5.2	0h:4m:32s (0h:0m:20s left)
BEST-FIT PARTITION MODEL: 
  charpartition BIC = K2P+G4: part1.1 part3.1, HKY+F+G4: part1.2 part2.1 part2.2 part3.2, TVM+F+G4: part1.3 part3.3, HKY+F+G4: part2.3 part4.3, K2P+I: part4.1 part4.2, HKY+F+G4: part5.1 part5.2, K2P+G4: part5.3;
Agglomerative model selection: ((part1.1,part3.1)2:29479.9,((part1.2,part2.2)3:29457,(part2.1,part3.2)6:29396.5)7:29380.8,(part1.3,part3.3)1:29506.2,(part2.3,part4.3)8:29372.7,(part4.1,part4.2)5:29415.5,(part5.1,part5.2)4:29434.8,part5.3)
Merging into 7 partitions...
Partition information was printed to 4_set191.best_scheme.nex
Partition information in Raxml format was printed to 4_set191.best_scheme

All model information printed to 4_set191.model.gz
CPU time for ModelFinder: 410.073 seconds (0h:6m:50s)
Wall-clock time for ModelFinder: 273.116 seconds (0h:4m:33s)
Generating 1000 samples for ultrafast bootstrap (seed: 439566)...

NOTE: 10 MB RAM (0 GB) is required!
Measuring multi-threading efficiency up to 8 CPU cores
Increase to 10 rounds for branch lengths
18 trees examined
Threads: 1 / Time: 8.218 sec / Speedup: 1.000 / Efficiency: 100% / LogL: -19868
Threads: 2 / Time: 20.509 sec / Speedup: 0.401 / Efficiency: 20% / LogL: -19868
BEST NUMBER OF THREADS: 1

Estimate model parameters (epsilon = 0.100)
Initial log-likelihood: -15533.949
Current log-likelihood at step 1: -14483.007
Current log-likelihood at step 2: -14341.343
Current log-likelihood at step 3: -14312.155
Current log-likelihood at step 4: -14296.991
Current log-likelihood at step 5: -14293.486
Current log-likelihood at step 6: -14290.235
Current log-likelihood at step 7: -14287.104
Current log-likelihood at step 8: -14284.027
Current log-likelihood at step 9: -14276.850
Current log-likelihood at step 10: -14276.638
Current log-likelihood at step 11: -14276.507
Current log-likelihood at step 12: -14276.398
Current log-likelihood at step 13: -14276.290
Current log-likelihood at step 14: -14276.185
Current log-likelihood at step 15: -14276.082
Current log-likelihood at step 16: -14275.979
Current log-likelihood at step 17: -14275.877
Current log-likelihood at step 18: -14275.780
Partition-specific rates:  0.519 0.279 2.875 0.917 0.264 1.690 2.820
Parameters optimization took 17 rounds (4.734 sec)

Computing ML distances based on estimated model parameters... 0.078 sec
WARNING: Some pairwise ML distances are too long (saturated)
Computing BIONJ tree...
0.005 seconds
Log-likelihood of BIONJ tree: -14316.912
--------------------------------------------------------------------
|             INITIALIZING CANDIDATE TREE SET                      |
--------------------------------------------------------------------
Generating 98 parsimony trees... 3.487 second
Computing log-likelihood of 98 initial trees ... 15.732 seconds
Current best score: -14267.484

Do NNI search on 20 best initial trees
Estimate model parameters (epsilon = 0.100)
Initial log-likelihood: -14264.694
Current log-likelihood at step 1: -14264.490
Current log-likelihood at step 2: -14264.396
Parameters optimization took 1 rounds (0.620 sec)

BETTER TREE FOUND at iteration 1: -14264.396
Iteration 10 / LogL: -14266.040 / Time: 0h:1m:1s
UPDATE BEST LOG-LIKELIHOOD: -14264.393
Iteration 20 / LogL: -14264.814 / Time: 0h:1m:15s
Finish initializing candidate tree set (8)
Current best tree score: -14264.393 / CPU time: 41.051
Number of iterations: 20
--------------------------------------------------------------------
|               OPTIMIZING CANDIDATE TREE SET                      |
--------------------------------------------------------------------
Iteration 30 / LogL: -14264.783 / Time: 0h:1m:32s (0h:3m:46s left)
Iteration 40 / LogL: -14265.581 / Time: 0h:1m:49s (0h:2m:50s left)
UPDATE BEST LOG-LIKELIHOOD: -14264.393
Iteration 50 / LogL: -14284.348 / Time: 0h:2m:3s (0h:2m:8s left)
Log-likelihood cutoff on original alignment: -14307.313
Iteration 60 / LogL: -14265.067 / Time: 0h:2m:20s (0h:1m:37s left)
UPDATE BEST LOG-LIKELIHOOD: -14264.392
Iteration 70 / LogL: -14265.036 / Time: 0h:2m:37s (0h:1m:10s left)
Iteration 80 / LogL: -14265.011 / Time: 0h:2m:52s (0h:0m:45s left)
UPDATE BEST LOG-LIKELIHOOD: -14264.392
Iteration 90 / LogL: -14264.405 / Time: 0h:3m:9s (0h:0m:23s left)
UPDATE BEST LOG-LIKELIHOOD: -14264.391
Iteration 100 / LogL: -14264.467 / Time: 0h:3m:26s (0h:0m:2s left)
Log-likelihood cutoff on original alignment: -14307.313
NOTE: Bootstrap correlation coefficient of split occurrence frequencies: 0.998
TREE SEARCH COMPLETED AFTER 102 ITERATIONS / Time: 0h:3m:29s

--------------------------------------------------------------------
|                    FINALIZING TREE SEARCH                        |
--------------------------------------------------------------------
Performs final model parameters optimization
Estimate model parameters (epsilon = 0.010)
Initial log-likelihood: -14264.391
Current log-likelihood at step 1: -14264.275
Current log-likelihood at step 2: -14264.163
Current log-likelihood at step 3: -14264.054
Current log-likelihood at step 4: -14263.946
Current log-likelihood at step 5: -14263.840
Current log-likelihood at step 6: -14263.736
Current log-likelihood at step 7: -14263.634
Current log-likelihood at step 8: -14263.534
Current log-likelihood at step 9: -14263.435
Current log-likelihood at step 10: -14263.338
Current log-likelihood at step 11: -14263.243
Current log-likelihood at step 12: -14263.149
Current log-likelihood at step 13: -14263.057
Current log-likelihood at step 14: -14262.966
Current log-likelihood at step 15: -14262.877
Current log-likelihood at step 16: -14262.789
Current log-likelihood at step 17: -14262.703
Current log-likelihood at step 18: -14262.618
Current log-likelihood at step 19: -14262.534
Current log-likelihood at step 20: -14262.453
Current log-likelihood at step 21: -14262.373
Current log-likelihood at step 22: -14262.293
Current log-likelihood at step 23: -14262.214
Current log-likelihood at step 24: -14262.136
Current log-likelihood at step 25: -14262.061
Current log-likelihood at step 26: -14261.988
Current log-likelihood at step 27: -14261.915
Current log-likelihood at step 28: -14261.843
Current log-likelihood at step 29: -14261.772
Current log-likelihood at step 30: -14261.703
Current log-likelihood at step 31: -14261.635
Current log-likelihood at step 32: -14261.568
Current log-likelihood at step 33: -14261.502
Current log-likelihood at step 34: -14261.437
Current log-likelihood at step 35: -14261.372
Current log-likelihood at step 36: -14261.309
Current log-likelihood at step 37: -14261.247
Current log-likelihood at step 38: -14261.186
Current log-likelihood at step 39: -14261.127
Current log-likelihood at step 40: -14261.067
Current log-likelihood at step 41: -14261.009
Current log-likelihood at step 42: -14260.952
Current log-likelihood at step 43: -14260.895
Current log-likelihood at step 44: -14260.840
Current log-likelihood at step 45: -14260.786
Current log-likelihood at step 46: -14260.733
Current log-likelihood at step 47: -14260.681
Current log-likelihood at step 48: -14260.630
Current log-likelihood at step 49: -14260.580
Current log-likelihood at step 50: -14260.530
Current log-likelihood at step 51: -14260.480
Current log-likelihood at step 52: -14260.431
Current log-likelihood at step 53: -14260.383
Current log-likelihood at step 54: -14260.336
Current log-likelihood at step 55: -14260.289
Current log-likelihood at step 56: -14260.243
Current log-likelihood at step 57: -14260.198
Current log-likelihood at step 58: -14260.153
Current log-likelihood at step 59: -14260.109
Current log-likelihood at step 60: -14260.066
Current log-likelihood at step 61: -14260.024
Current log-likelihood at step 62: -14259.982
Current log-likelihood at step 63: -14259.940
Current log-likelihood at step 64: -14259.900
Current log-likelihood at step 65: -14259.860
Current log-likelihood at step 66: -14259.820
Current log-likelihood at step 67: -14259.781
Current log-likelihood at step 68: -14259.743
Current log-likelihood at step 69: -14259.705
Current log-likelihood at step 70: -14259.668
Current log-likelihood at step 71: -14259.632
Current log-likelihood at step 72: -14259.596
Current log-likelihood at step 73: -14259.560
Current log-likelihood at step 74: -14259.525
Current log-likelihood at step 75: -14259.491
Current log-likelihood at step 76: -14259.457
Current log-likelihood at step 77: -14259.423
Current log-likelihood at step 78: -14259.390
Current log-likelihood at step 79: -14259.358
Current log-likelihood at step 80: -14259.326
Current log-likelihood at step 81: -14259.294
Current log-likelihood at step 82: -14259.263
Current log-likelihood at step 83: -14259.232
Current log-likelihood at step 84: -14259.202
Current log-likelihood at step 85: -14259.172
Current log-likelihood at step 86: -14259.143
Current log-likelihood at step 87: -14259.114
Current log-likelihood at step 88: -14259.086
Current log-likelihood at step 89: -14259.058
Current log-likelihood at step 90: -14259.030
Current log-likelihood at step 91: -14259.003
Current log-likelihood at step 92: -14258.976
Current log-likelihood at step 93: -14258.947
Current log-likelihood at step 94: -14258.921
Current log-likelihood at step 95: -14258.895
Current log-likelihood at step 96: -14258.870
Current log-likelihood at step 97: -14258.845
Current log-likelihood at step 98: -14258.820
Current log-likelihood at step 99: -14258.795
Partition-specific rates:  0.521 0.280 2.892 0.934 0.139 1.719 2.853
Parameters optimization took 99 rounds (30.132 sec)

BEST SCORE FOUND : -14258.795
Creating bootstrap support values...
Split supports printed to NEXUS file 4_set191.splits.nex
Total tree length: 1.192

Total number of iterations: 102
CPU time used for tree search: 68.689 sec (0h:1m:8s)
Wall-clock time used for tree search: 175.716 sec (0h:2m:55s)
Total CPU time used: 92.127 sec (0h:1m:32s)
Total wall-clock time used: 240.614 sec (0h:4m:0s)

Computing bootstrap consensus tree...
Reading input file 4_set191.splits.nex...
37 taxa and 190 splits.
Consensus tree written to 4_set191.contree
Reading input trees file 4_set191.contree
Log-likelihood of consensus tree: -14258.796

Analysis results written to: 
  IQ-TREE report:                4_set191.iqtree
  Maximum-likelihood tree:       4_set191.treefile
  Likelihood distances:          4_set191.mldist
  Best partitioning scheme:      4_set191.best_scheme.nex
           in RAxML format:      4_set191.best_scheme

Ultrafast bootstrap approximation results written to:
  Split support values:          4_set191.splits.nex
  Consensus tree:                4_set191.contree
  Screen log file:               4_set191.log

Date and Time: Fri Sep  7 22:44:34 2018
