IQ-TREE multicore version 1.6.7 for Mac OS X 64-bit built Aug 23 2018
Developed by Bui Quang Minh, Nguyen Lam Tung, Olga Chernomor,
Heiko Schmidt, Dominik Schrempf, Michael Woodhams.

Host:    meeps-mac-pro.staff.sydney.edu.au (AVX, 64 GB RAM)
Command: /Users/davidduchene/Desktop/Software/iqtree-1.6.7-MacOSX/bin/iqtree -s ../../../../marsupials/set133.fasta -m TESTMERGE -bb 1000 -sp ../../../../marsupials/set133.nex -nt AUTO -pre 6_set133
Seed:    101086 (Using SPRNG - Scalable Parallel Random Number Generator)
Time:    Fri Sep  7 16:01:03 2018
Kernel:  AVX - auto-detect threads (8 CPU cores detected)

Reading partition model file ../../../../marsupials/set133.nex ...
Reading alignment file ../../../../marsupials/set133.fasta ... Fasta format detected
Alignment most likely contains DNA/RNA sequences
Alignment has 35 sequences with 2370 columns, 869 distinct patterns
580 parsimony-informative, 302 singleton sites, 1488 constant sites
                                              Gap/Ambiguity  Composition  p-value
   1  Burramyidae_Burramys_parvus                     0.93%    passed     96.22%
   2  Notoryctidae_Notoryctes_typhlops                4.35%    passed     95.25%
   3  Vombatidae_Lasiorhinus_latifrons                0.55%    passed     97.89%
   4  Potoroidae_Bettongia_penicillata                1.65%    passed     99.26%
   5  Potoroidae_Bettongia_lesueur                    1.18%    passed     99.81%
   6  Dasyuridae_Dasyurus_maculatus                   0.30%    passed     48.68%
   7  Phalangeridae_Trichosurus_vulpecula             0.08%    passed     95.61%
   8  Phalangeridae_Spilocuscus_maculatus             0.17%    passed     98.47%
   9  Potoroidae_Aepyprymnus_rufescens                0.55%    passed     99.09%
  10  Peramelidae_Perameles_nasuta                    3.08%    passed     64.47%
  11  Phalangeridae_Strigocuscus_pelengensis          5.53%    passed     99.45%
  12  Dasyuridae_Phascogale_tapoatafa                 0.17%    passed     55.92%
  13  Dasyuridae_Sminthopsis_macroura                 0.25%    passed     44.19%
  14  Phalangeridae_Phalanger_orientalis              0.13%    passed     95.18%
  15  Acrobatidae_Acrobates_pygmaeus                  7.34%    passed     94.71%
  16  Dasyuridae_Phascogale_calura                    0.08%    passed     52.41%
  17  Dasyuridae_Sarcophilus_harrisii                 0.21%    passed     47.30%
  18  Dasyuridae_Planigale_tenuirostris               6.92%    passed     36.44%
  19  Peramelidae_Echymipera_kalubu                   0.42%    passed     62.40%
  20  Macropodidae_Dorcopsulus_vanheurni              1.69%    passed     99.23%
  21  Pseudochiridae_Pseudochirulus_forbesi           0.46%    passed     92.54%
  22  Didelphidae_Didelphis_virginiana                4.64%    passed     86.72%
  23  Marmosidae_Monodelphis_domestica                1.43%    failed      4.10%
  24  Dasyuridae_Antechinus_stuartii                  1.73%    passed     43.84%
  25  Hypsiprymnodontidae_Hypsiprymnodon_moschatus    0.97%    passed     98.07%
  26  Microbiotheriidae_Dromiciops_gliroides          5.78%    passed     77.20%
  27  Pseudochiridae_Petauroides_volans               1.81%    passed     67.38%
  28  Macropodidae_Wallabia_bicolor                   0.68%    passed     97.62%
  29  Pseudochiridae_Pseudocheirus_occidentalis       3.80%    passed     99.76%
  30  Tarsipedidae_Tarsipes_rostratus                 2.41%    passed     11.92%
  31  Acrobatidae_Distoechurus_pennatus               1.86%    passed     90.97%
  32  Phalangeridae_Phalanger_carmelitae              0.25%    passed     94.40%
  33  Peramelidae_Peroryctes_raffrayana               6.08%    passed     75.48%
  34  Dasyuridae_Dasyurus_geffroii                    0.08%    passed     60.75%
  35  Peramelidae_Perameles_gunnii                    0.93%    passed     70.18%
****  TOTAL                                           1.96%  1 sequences failed composition chi2 test (p-value<5%; df=3)
NOTE: No CharPartition defined, use all CharSets

Loading 15 partitions...
Subset	Type	Seqs	Sites	Infor	Invar	Model	Name
1		35	149	59	75	TESTMERGE	part1.1
2		35	149	51	77	TESTMERGE	part1.2
3		35	149	109	15	TESTMERGE	part1.3
4		35	215	13	187	TESTMERGE	part2.1
5		35	215	7	199	TESTMERGE	part2.2
6		35	215	110	58	TESTMERGE	part2.3
7		35	272	25	230	TESTMERGE	part3.1
8		35	272	10	249	TESTMERGE	part3.2
9		35	272	134	70	TESTMERGE	part3.3
10		35	76	9	58	TESTMERGE	part4.1
11		35	76	4	65	TESTMERGE	part4.2
12		35	76	17	46	TESTMERGE	part4.3
13		35	78	4	64	TESTMERGE	part5.1
14		35	78	0	66	TESTMERGE	part5.2
WARNING: No parsimony-informative sites in partition part5.2
15		35	78	28	29	TESTMERGE	part5.3
Degree of missing data: 0.000
Info: multi-threading strategy over partitions



Create initial parsimony tree by phylogenetic likelihood library (PLL)... 0.009 seconds
NOTE: ModelFinder requires 9 MB RAM!
NUMBER OF THREADS FOR PARTITION FINDING: 8
Testing GTR+F+G on supermatrix...
GTR+F+G4 / LnL: -13827.901 / df: 76 / AIC: 27807.801 / AICc: 27812.906 / BIC: 28246.370
Selecting individual models for 15 charsets using BIC...
 No. Model        Score       Charset
   1 HKY+F+G4     1036.466    part4.3
   2 TNe+G4       1385.512    part5.3
   3 K2P+G4       2703.624    part1.2
   4 TIM2e+G4     1917.734    part3.1
   5 TIM2e+G4     3996.919    part1.3
   6 K2P+G4       2723.033    part1.1
   7 K2P          723.122     part4.1
   8 K2P+I        1465.343    part2.1
   9 TN+F+G4      4131.886    part2.3
  10 K2P          633.567     part5.2	0h:0m:25s (0h:8m:37s left)
  11 K3Pu+F+G4    723.624     part5.1	0h:0m:25s (0h:7m:49s left)
  12 TPM2u+F+I    1236.773    part2.2	0h:0m:26s (0h:7m:18s left)
  13 TIM3e+I      1549.120    part3.2	0h:0m:26s (0h:6m:44s left)
  14 HKY+F        627.373     part4.2	0h:0m:27s (0h:6m:21s left)
  15 HKY+F+G4     5306.643    part3.3	0h:0m:27s (0h:5m:54s left)
Full partition model BIC score: 33164.419 (LnL: -12463.767  df:1060)
Merging models to increase model fit (about 211 total partition schemes)...
  16 K2P+G4       32868.073   part1.2+part2.3	0h:0m:47s (0h:9m:40s left)
  17 K2P+G4       32868.188   part1.1+part2.3	0h:0m:48s (0h:9m:10s left)
  18 HKY+F+G4     32783.128   part3.3+part5.3	0h:0m:48s (0h:8m:41s left)
  19 K2P+G4       32839.340   part1.3+part2.3	0h:0m:48s (0h:8m:13s left)
  20 HKY+F+G4     32899.991   part1.2+part3.3	0h:0m:55s (0h:8m:50s left)
  21 TPM2+F+G4    32881.667   part1.1+part3.3	0h:0m:59s (0h:9m:1s left)
  22 TPM2+F+G4    32909.205   part1.3+part3.3	0h:1m:1s (0h:8m:51s left)
  23 TN+F+G4      32779.812   part2.3+part3.3	0h:1m:2s (0h:8m:27s left)
  24 TIM2e+I+G4   32774.994   part1.2+part1.3	0h:1m:21s (0h:10m:36s left)
  25 TN+F+I+G4    32943.520   part3.1+part3.3	0h:1m:24s (0h:10m:25s left)
  26 K2P+I+G4     32788.623   part1.1+part1.3	0h:1m:24s (0h:9m:59s left)
  27 TPM3+F+G4    32771.887   part3.3+part4.3	0h:1m:31s (0h:10m:21s left)
  28 TIM3e+I+G4   33021.614   part3.2+part3.3	0h:1m:56s (0h:12m:43s left)
  29 HKY+F+G4     32819.015   part3.3+part4.1	0h:1m:59s (0h:12m:27s left)
  30 HKY+F+G4     32813.370   part3.3+part5.1	0h:2m:4s (0h:12m:30s left)
  31 HKY+F+G4     32934.739   part2.1+part3.3	0h:2m:5s (0h:12m:8s left)
  32 K2P+G4       32721.794   part2.3+part5.3	0h:3m:7s (0h:17m:30s left)
  33 HKY+F+G4     32841.623   part3.3+part4.2	0h:3m:26s (0h:18m:32s left)
  34 TPM3+F+G4    32842.132   part3.3+part5.2	0h:3m:30s (0h:18m:14s left)
  35 K2P+G4       32891.034   part2.3+part3.1	0h:3m:34s (0h:17m:57s left)
  36 TNe+G4       32799.392   part1.3+part5.3	0h:3m:43s (0h:18m:4s left)
  37 K2P+G4       32685.877   part2.3+part4.3	0h:3m:43s (0h:17m:32s left)
  38 K2P+G4       32947.557   part2.3+part3.2	0h:3m:44s (0h:16m:59s left)
  39 TPM3+F+G4    32996.917   part2.2+part3.3	0h:3m:49s (0h:16m:51s left)
  40 K2P+G4       32781.804   part2.3+part4.1	0h:4m:4s (0h:17m:26s left)
  41 K2P+G4       32853.701   part2.1+part2.3	0h:4m:6s (0h:17m:0s left)
  42 TIM2e+G4     32790.624   part1.3+part4.3	0h:4m:6s (0h:16m:32s left)
  43 TIM2e+G4     33019.977   part1.3+part3.1	0h:4m:17s (0h:16m:45s left)
  44 K2P+G4       32777.067   part2.3+part4.2	0h:4m:17s (0h:16m:18s left)
  45 K2P+G4       32781.193   part2.3+part5.2	0h:4m:17s (0h:15m:51s left)
  46 K2P+G4       32757.294   part2.3+part5.1	0h:4m:18s (0h:15m:28s left)
  47 K2P+G4       32686.396   part1.1+part1.2	0h:4m:19s (0h:15m:6s left)
  48 HKY+F+G4     32888.334   part2.2+part2.3	0h:4m:30s (0h:15m:16s left)
  49 TIM2e+G4     32886.114   part1.3+part4.1	0h:4m:32s (0h:14m:59s left)
  50 TIM2e+G4     32980.886   part1.3+part2.1	0h:4m:33s (0h:14m:40s left)
  51 TIM2e+G4     32814.937   part1.3+part5.1	0h:4m:35s (0h:14m:22s left)
  52 TIM2e+G4     32851.644   part1.3+part5.2	0h:4m:39s (0h:14m:14s left)
  53 TNe+G4       32884.162   part1.3+part4.2	0h:4m:39s (0h:13m:53s left)
  54 TIM2e+G4     33058.786   part1.3+part3.2	0h:4m:40s (0h:13m:34s left)
  55 TNe+G4       32998.751   part1.3+part2.2	0h:4m:42s (0h:13m:22s left)
  56 K2P+G4       32782.501   part1.1+part5.3	0h:4m:45s (0h:13m:9s left)
  57 K2P+G4       32787.841   part1.2+part5.3	0h:4m:48s (0h:12m:59s left)
  58 K2P+G4       32729.056   part1.1+part4.3	0h:4m:50s (0h:12m:47s left)
  59 K2P+G4       32720.092   part1.2+part4.3	0h:4m:54s (0h:12m:39s left)
  60 K2P+I+G4     32844.584   part1.2+part3.1	0h:4m:55s (0h:12m:23s left)
  61 K2P+I+G4     32833.256   part1.1+part3.2	0h:4m:56s (0h:12m:8s left)
  62 K2P+I+G4     32846.125   part1.1+part3.1	0h:4m:56s (0h:11m:52s left)
  63 K2P+I+G4     32830.460   part1.2+part3.2	0h:5m:16s (0h:12m:22s left)
  64 K2P+G4       32768.437   part1.1+part4.1	0h:5m:26s (0h:12m:30s left)
  65 K2P+G4       32792.847   part1.2+part4.1	0h:6m:6s (0h:13m:43s left)
  66 K2P+I+G4     32800.358   part1.1+part2.1	0h:6m:7s (0h:13m:27s left)
  67 K2P+I+G4     32801.508   part1.2+part2.1	0h:6m:18s (0h:13m:34s left)
  68 K2P+G4       32736.398   part1.1+part5.2	0h:6m:20s (0h:13m:19s left)
  69 K2P+G4       32707.437   part1.2+part5.1	0h:6m:26s (0h:13m:15s left)
  70 K2P+G4       32719.844   part1.1+part5.1	0h:6m:27s (0h:13m:0s left)
  71 K2P+G4       32762.660   part1.1+part4.2	0h:6m:42s (0h:13m:13s left)
  72 K2P+G4       32769.576   part1.2+part4.2	0h:6m:53s (0h:13m:17s left)
  73 K2P+G4       32691.284   part3.1+part4.3	0h:7m:2s (0h:13m:18s left)
  74 K2P+I+G4     32800.565   part1.1+part2.2	0h:7m:2s (0h:13m:1s left)
  75 K2P+G4       32734.694   part1.2+part5.2	0h:7m:2s (0h:12m:46s left)
  76 K2P+I+G4     32790.749   part1.2+part2.2	0h:7m:3s (0h:12m:33s left)
  77 K2P+G4       32774.717   part3.1+part5.3	0h:7m:5s (0h:12m:19s left)
  78 HKY+F+G4     32709.077   part4.3+part5.3	0h:7m:5s (0h:12m:5s left)
  79 HKY+F+I+G4   32804.019   part3.2+part5.3	0h:7m:10s (0h:11m:59s left)
  80 K2P+G4       32782.154   part2.1+part5.3	0h:7m:16s (0h:11m:54s left)
  81 TNe+G4       32703.048   part3.1+part4.1	0h:7m:17s (0h:11m:42s left)
  82 TNe+G4       32737.342   part4.1+part5.3	0h:7m:20s (0h:11m:32s left)
  83 TNe+I        32670.082   part2.1+part3.1	0h:7m:23s (0h:11m:24s left)
  84 K2P+G4       32693.337   part4.1+part4.3	0h:7m:25s (0h:11m:13s left)
  85 TN+F+G4      32711.865   part3.2+part4.3	0h:7m:31s (0h:11m:9s left)
  86 TVMe+I       32675.343   part3.1+part3.2	0h:7m:35s (0h:11m:2s left)
  87 K2P+G4       32683.774   part2.1+part4.3	0h:7m:39s (0h:10m:55s left)
  88 K2P+G4       32719.999   part5.1+part5.3	0h:7m:43s (0h:10m:48s left)
  89 K3P+G4       32683.979   part3.1+part5.1	0h:7m:44s (0h:10m:37s left)
  90 TNe+G4       32682.121   part3.1+part4.2	0h:7m:44s (0h:10m:24s left)
  91 K2P+G4       32723.449   part5.2+part5.3	0h:7m:44s (0h:10m:13s left)
  92 TPM2+F+G4    32734.831   part4.2+part5.3	0h:7m:46s (0h:10m:3s left)
  93 TPM2u+F+G4   32783.451   part2.2+part5.3	0h:7m:47s (0h:9m:53s left)
  94 TIM2e+G4     32708.069   part3.1+part5.2	0h:7m:49s (0h:9m:44s left)
  95 HKY+F+G4     32668.941   part4.3+part5.1	0h:7m:52s (0h:9m:36s left)
  96 TNe+I        32713.687   part3.2+part4.1	0h:8m:0s (0h:9m:35s left)
  97 K2P+I        32675.113   part2.2+part3.1	0h:8m:0s (0h:9m:24s left)
  98 HKY+F+G4     32701.157   part4.3+part5.2	0h:8m:1s (0h:9m:15s left)
  99 HKY+F+G4     32677.431   part4.2+part4.3	0h:8m:4s (0h:9m:8s left)
 100 K3P+I        32692.872   part2.1+part3.2	0h:8m:5s (0h:8m:58s left)
 101 K2P+G4       32696.888   part2.1+part4.1	0h:8m:5s (0h:8m:48s left)
 102 TN+F+G4      32694.876   part2.2+part4.3	0h:8m:6s (0h:8m:40s left)
 103 K2P+G4       32685.808   part4.1+part5.1	0h:8m:12s (0h:8m:36s left)
 104 K2P          32687.154   part4.1+part5.2	0h:8m:15s (0h:8m:29s left)
 105 TIM+F+I      32685.185   part3.2+part4.2	0h:8m:15s (0h:8m:20s left)
 106 K3P+G4       32671.807   part2.1+part5.1	0h:8m:17s (0h:8m:13s left)
 107 TIM+F+I      32683.795   part3.2+part5.1	0h:8m:19s (0h:8m:5s left)
 108 TIM2e        32658.297   part4.1+part4.2	0h:8m:19s (0h:7m:56s left)
 109 TIM3+F+I     32662.985   part2.2+part3.2	0h:8m:20s (0h:7m:48s left)
 110 TIM3+F+I     32700.646   part3.2+part5.2	0h:8m:20s (0h:7m:39s left)
 111 K2P+G4       32692.274   part2.2+part4.1	0h:8m:22s (0h:7m:32s left)
 112 K2P+G4       32685.523   part2.1+part4.2	0h:8m:22s (0h:7m:24s left)
 113 K2P+G4       32695.102   part2.1+part5.2	0h:8m:22s (0h:7m:15s left)
 114 K2P+I        32655.382   part2.1+part2.2	0h:8m:24s (0h:7m:9s left)
 115 HKY+F        32664.200   part4.2+part5.2	0h:8m:27s (0h:7m:3s left)
 116 HKY+F        32653.462   part5.1+part5.2	0h:8m:28s (0h:6m:56s left)
 117 K3Pu+F+G4    32665.623   part4.2+part5.1	0h:8m:28s (0h:6m:48s left)
 118 HKY+F        32664.318   part2.2+part5.2	0h:8m:28s (0h:6m:41s left)
 119 HKY+F+I      32655.865   part2.2+part5.1	0h:8m:28s (0h:6m:33s left)
 120 TPM2+F+G4    32657.256   part2.2+part4.2	0h:8m:28s (0h:6m:25s left)
Merging part5.1+part5.2 with BIC score: 32653.462 (LnL: -12480.262  df: 990)
 121 K3P+G4       32215.464   part3.1+part5.1+part5.2	0h:8m:36s (0h:6m:24s left)
 122 TIM+F+I      32201.441   part3.2+part5.1+part5.2	0h:8m:37s (0h:6m:17s left)
 123 HKY+F+G4     32187.833   part4.3+part5.1+part5.2	0h:8m:38s (0h:6m:10s left)
 124 K2P+G4       32343.863   part2.3+part5.1+part5.2	0h:8m:45s (0h:6m:8s left)
 125 TIM2e+G4     32415.960   part1.3+part5.1+part5.2	0h:8m:47s (0h:6m:2s left)
 126 K3P+G4       32192.169   part2.1+part5.1+part5.2	0h:8m:48s (0h:5m:56s left)
 127 K2P+G4       32280.994   part1.1+part5.1+part5.2	0h:8m:48s (0h:5m:49s left)
 128 K2P+I+G4     32268.249   part1.2+part5.1+part5.2	0h:8m:48s (0h:5m:42s left)
 129 HKY+F        32202.691   part4.1+part5.1+part5.2	0h:8m:48s (0h:5m:36s left)
 130 HKY+F        32159.498   part4.2+part5.1+part5.2	0h:8m:49s (0h:5m:29s left)
 131 TPM3u+F+G4   32441.566   part3.3+part5.1+part5.2	0h:8m:50s (0h:5m:24s left)
 132 HKY+F+G4     32156.063   part2.2+part5.1+part5.2	0h:8m:51s (0h:5m:17s left)
 133 K2P+G4       32258.002   part5.1+part5.2+part5.3	0h:8m:52s (0h:5m:12s left)
Merging part2.1+part2.2 with BIC score: 32144.425 (LnL: -12509.372  df: 917)
 134 K2P+G4       31694.324   part2.1+part2.2+part4.1	0h:8m:56s (0h:5m:8s left)
 135 K2P+G4       31686.997   part2.1+part2.2+part5.1+part5.2	0h:8m:57s (0h:5m:2s left)
 136 K2P+I        31667.397   part2.1+part2.2+part3.1	0h:8m:58s (0h:4m:56s left)
 137 K2P+I        31677.592   part2.1+part2.2+part3.2	0h:9m:2s (0h:4m:52s left)
 138 K2P+I+G4     31854.282   part1.1+part2.1+part2.2	0h:9m:9s (0h:4m:50s left)
 139 K2P+I        31673.047   part2.1+part2.2+part4.2	0h:9m:11s (0h:4m:45s left)
 140 K2P+I+G4     31849.200   part1.2+part2.1+part2.2	0h:9m:17s (0h:4m:42s left)
 141 TNe+G4       32093.745   part1.3+part2.1+part2.2	0h:9m:19s (0h:4m:37s left)
 142 K2P+I+G4     31688.190   part2.1+part2.2+part4.3	0h:9m:20s (0h:4m:32s left)
 143 K2P+I+G4     31813.706   part2.1+part2.2+part5.3	0h:9m:21s (0h:4m:27s left)
 144 HKY+F+I+G4   32108.575   part2.1+part2.2+part3.3	0h:9m:22s (0h:4m:21s left)
 145 K2P+I+G4     31955.346   part2.1+part2.2+part2.3	0h:9m:23s (0h:4m:16s left)
Merging part4.1+part4.2 with BIC score: 31638.303 (LnL: -12524.398  df: 848)
 146 TPM3+F+G4    31198.637   part3.2+part4.1+part4.2	0h:10m:20s (0h:4m:36s left)
 147 HKY+F+G4     31187.439   part4.1+part4.2+part4.3	0h:10m:21s (0h:4m:30s left)
 148 TNe+G4       31189.057   part3.1+part4.1+part4.2	0h:10m:33s (0h:4m:29s left)
 149 TIM2e+G4     31257.988   part4.1+part4.2+part5.3	0h:10m:33s (0h:4m:23s left)
 150 K2P+G4       31204.698   part2.1+part2.2+part4.1+part4.2	0h:10m:37s (0h:4m:19s left)
 151 TNe+G4       31489.564   part1.3+part4.1+part4.2	0h:10m:39s (0h:4m:13s left)
 152 K2P+G4       31324.352   part1.1+part4.1+part4.2	0h:10m:40s (0h:4m:8s left)
 153 K2P+I+G4     31353.029   part1.2+part4.1+part4.2	0h:10m:41s (0h:4m:3s left)
 154 HKY+F        31188.585   part4.1+part4.2+part5.1+part5.2	0h:10m:41s (0h:3m:57s left)
 155 HKY+F+G4     31436.310   part3.3+part4.1+part4.2	0h:10m:41s (0h:3m:51s left)
 156 K2P+G4       31342.572   part2.3+part4.1+part4.2	0h:10m:44s (0h:3m:47s left)
Merging part3.1+part3.2 with BIC score: 31149.228 (LnL: -12551.833  df: 778)
 157 TVMe+I       30727.099   part3.1+part3.2+part5.1+part5.2	0h:10m:52s (0h:3m:44s left)
 158 K3P+I        30722.984   part3.1+part3.2+part4.1+part4.2	0h:10m:52s (0h:3m:38s left)
 159 K2P+I        30697.861   part3.1+part3.2+part4.3	0h:10m:54s (0h:3m:34s left)
 160 K2P+I        30682.373   part2.1+part2.2+part3.1+part3.2	0h:10m:55s (0h:3m:28s left)
 161 K2P+I+G4     30911.803   part1.1+part3.1+part3.2	0h:10m:57s (0h:3m:24s left)
 162 K2P+I+G4     30904.496   part1.2+part3.1+part3.2	0h:10m:58s (0h:3m:19s left)
 163 TIM2e+I+G4   31158.097   part1.3+part3.1+part3.2	0h:10m:58s (0h:3m:14s left)
 164 TIM3e+I+G4   31093.299   part3.1+part3.2+part3.3	0h:11m:1s (0h:3m:9s left)
 165 K2P+I+G4     30812.045   part3.1+part3.2+part5.3	0h:11m:1s (0h:3m:4s left)
 166 K2P+I+G4     31012.845   part2.3+part3.1+part3.2	0h:11m:2s (0h:2m:59s left)
Merging part2.3+part4.3 with BIC score: 30670.687 (LnL: -12607.847  df: 702)
 167 K2P+G4       30356.816   part2.3+part4.1+part4.2+part4.3	0h:12m:9s (0h:3m:12s left)
 168 K2P+G4       30341.788   part2.3+part4.3+part5.1+part5.2	0h:12m:10s (0h:3m:7s left)
 169 K2P+G4       30236.252   part2.3+part4.3+part5.3	0h:12m:11s (0h:3m:1s left)
 170 K2P+I+G4     30512.431   part2.3+part3.1+part3.2+part4.3	0h:12m:11s (0h:2m:56s left)
 171 K2P+G4       30380.376   part1.1+part2.3+part4.3	0h:12m:13s (0h:2m:51s left)
 172 K2P+G4       30379.188   part1.2+part2.3+part4.3	0h:12m:13s (0h:2m:46s left)
 173 K2P+G4       30390.817   part1.3+part2.3+part4.3	0h:12m:14s (0h:2m:41s left)
 174 HKY+F+G4     30337.784   part2.3+part3.3+part4.3	0h:12m:16s (0h:2m:36s left)
 175 K2P+I+G4     30461.515   part2.1+part2.2+part2.3+part4.3	0h:12m:19s (0h:2m:32s left)
Merging part1.1+part1.2 with BIC score: 30192.664 (LnL: -12636.923  df: 633)
 176 K2P+G4       29843.645   part1.1+part1.2+part5.3	0h:12m:38s (0h:2m:30s left)
 177 K2P+G4       29918.069   part1.1+part1.2+part4.1+part4.2	0h:12m:40s (0h:2m:26s left)
 178 K2P+I+G4     29961.291   part1.1+part1.2+part2.1+part2.2	0h:12m:41s (0h:2m:21s left)
 179 K2P+G4       29823.794   part1.1+part1.2+part5.1+part5.2	0h:12m:41s (0h:2m:16s left)
 180 K2P+I+G4     30033.255   part1.1+part1.2+part3.1+part3.2	0h:12m:43s (0h:2m:11s left)
 181 K2P+G4       29997.274   part1.1+part1.2+part2.3+part4.3	0h:12m:43s (0h:2m:6s left)
 182 HKY+F+G4     30027.987   part1.1+part1.2+part3.3	0h:12m:44s (0h:2m:1s left)
 183 TIM2e+I+G4   29847.400   part1.1+part1.2+part1.3	0h:12m:44s (0h:1m:56s left)
Merging part2.1+part2.2+part3.1+part3.2 with BIC score: 29725.809 (LnL: -12683.239  df: 561)
 184 K2P+I        29312.276   part2.1+part2.2+part3.1+part3.2+part4.1+part4.2	0h:12m:54s (0h:1m:53s left)
 185 K3P+I        29307.169   part2.1+part2.2+part3.1+part3.2+part5.1+part5.2	0h:12m:55s (0h:1m:48s left)
 186 K2P+I+G4     29426.405   part2.1+part2.2+part3.1+part3.2+part5.3	0h:12m:56s (0h:1m:44s left)
 187 TIM2e+I+G4   29838.479   part1.3+part2.1+part2.2+part3.1+part3.2	0h:12m:59s (0h:1m:40s left)
 188 K2P+I+G4     29647.425   part2.1+part2.2+part2.3+part3.1+part3.2+part4.3	0h:13m:0s (0h:1m:35s left)
 189 TIM3e+I+G4   29809.825   part2.1+part2.2+part3.1+part3.2+part3.3	0h:13m:0s (0h:1m:30s left)
 190 K2P+I+G4     29670.873   part1.1+part1.2+part2.1+part2.2+part3.1+part3.2	0h:13m:2s (0h:1m:26s left)
Merging part4.1+part4.2+part5.1+part5.2 with BIC score: 29276.091 (LnL: -12730.352  df: 491)
 191 K3Pu+F+I     28897.911   part2.1+part2.2+part3.1+part3.2+part4.1+part4.2+part5.1+part5.2	0h:13m:12s (0h:1m:22s left)
 192 TN+F+G4      28926.891   part4.1+part4.2+part5.1+part5.2+part5.3	0h:13m:13s (0h:1m:18s left)
 193 K2P+G4       29043.322   part2.3+part4.1+part4.2+part4.3+part5.1+part5.2	0h:13m:16s (0h:1m:14s left)
 194 TIM2e+G4     29205.229   part1.3+part4.1+part4.2+part5.1+part5.2	0h:13m:16s (0h:1m:9s left)
 195 K2P+I+G4     29071.750   part1.1+part1.2+part4.1+part4.2+part5.1+part5.2	0h:13m:19s (0h:1m:5s left)
 196 TIM3e+G4     29200.731   part3.3+part4.1+part4.2+part5.1+part5.2	0h:13m:19s (0h:1m:1s left)
Merging part2.3+part4.3+part5.3 with BIC score: 28841.656 (LnL: -12785.107  df: 421)
 197 K2P+G4       28623.827   part2.3+part4.1+part4.2+part4.3+part5.1+part5.2+part5.3	0h:13m:35s (0h:0m:57s left)
 198 K2P+I+G4     28822.782   part2.1+part2.2+part2.3+part3.1+part3.2+part4.3+part5.3	0h:13m:36s (0h:0m:53s left)
 199 K2P+G4       28574.892   part1.3+part2.3+part4.3+part5.3	0h:13m:36s (0h:0m:49s left)
 200 K2P+G4       28674.396   part1.1+part1.2+part2.3+part4.3+part5.3	0h:13m:38s (0h:0m:45s left)
 201 HKY+F+G4     28531.382   part2.3+part3.3+part4.3+part5.3	0h:13m:39s (0h:0m:40s left)
Merging part2.1+part2.2+part3.1+part3.2+part4.1+part4.2+part5.1+part5.2 with BIC score: 28463.476 (LnL: -12856.334  df: 354)
 202 TIM2e+I+G4   28611.323   part1.3+part2.1+part2.2+part3.1+part3.2+part4.1+part4.2+part5.1+part5.2	0h:13m:57s (0h:0m:37s left)
 203 K2P+I+G4     28464.149   part2.1+part2.2+part2.3+part3.1+part3.2+part4.1+part4.2+part4.3+part5.1+part5.2+part5.3	0h:13m:58s (0h:0m:33s left)
 204 TIM3e+I+G4   28601.756   part2.1+part2.2+part3.1+part3.2+part3.3+part4.1+part4.2+part5.1+part5.2	0h:13m:58s (0h:0m:28s left)
 205 K3P+I+G4     28474.285   part1.1+part1.2+part2.1+part2.2+part3.1+part3.2+part4.1+part4.2+part5.1+part5.2	0h:13m:59s (0h:0m:24s left)
Merging part1.1+part1.2+part1.3 with BIC score: 28118.212 (LnL: -12947.904  df: 286)
 206 TPM2+F+G4    27951.891   part1.1+part1.2+part1.3+part3.3	0h:14m:22s (0h:0m:20s left)
 207 K2P+G4       27934.531   part1.1+part1.2+part1.3+part2.3+part4.3+part5.3	0h:14m:22s (0h:0m:16s left)
 208 K2P+I+G4     28360.660   part1.1+part1.2+part1.3+part2.1+part2.2+part3.1+part3.2+part4.1+part4.2+part5.1+part5.2	0h:14m:29s (0h:0m:12s left)
Merging part2.3+part3.3+part4.3+part5.3 with BIC score: 27807.937 (LnL: -13060.853  df: 217)
 209 K3P+I+G4     28090.167   part2.1+part2.2+part2.3+part3.1+part3.2+part3.3+part4.1+part4.2+part4.3+part5.1+part5.2+part5.3	0h:14m:53s (0h:0m:8s left)
 210 TPM2+F+G4    27700.662   part1.1+part1.2+part1.3+part2.3+part3.3+part4.3+part5.3	0h:14m:56s (0h:0m:4s left)
Merging part1.1+part1.2+part1.3+part2.3+part3.3+part4.3+part5.3 with BIC score: 27700.662 (LnL: -13283.074  df: 146)
 211 TNe+I+G4     28197.114   part1.1+part1.2+part1.3+part2.1+part2.2+part2.3+part3.1+part3.2+part3.3+part4.1+part4.2+part4.3+part5.1+part5.2+part5.3	0h:15m:35s (0h:0m:0s left)
BEST-FIT PARTITION MODEL: 
  charpartition BIC = TPM2+F+G4: part1.1 part1.2 part1.3 part2.3 part3.3 part4.3 part5.3, K3Pu+F+I: part2.1 part2.2 part3.1 part3.2 part4.1 part4.2 part5.1 part5.2;
Agglomerative model selection: ((((part1.1,part1.2)6:30192.7,part1.3)11:28118.2,(((part2.3,part4.3)5:30670.7,part5.3)9:28841.7,part3.3)12:27807.9)13:27700.7,(((part2.1,part2.2)2:32144.4,(part3.1,part3.2)4:31149.2)7:29725.8,((part4.1,part4.2)3:31638.3,(part5.1,part5.2)1:32653.5)8:29276.1)10:28463.5)
Merging into 2 partitions...
Partition information was printed to 6_set133.best_scheme.nex
Partition information in Raxml format was printed to 6_set133.best_scheme

All model information printed to 6_set133.model.gz
CPU time for ModelFinder: 579.116 seconds (0h:9m:39s)
Wall-clock time for ModelFinder: 938.159 seconds (0h:15m:38s)
Generating 1000 samples for ultrafast bootstrap (seed: 101086)...

NOTE: 7 MB RAM (0 GB) is required!
Measuring multi-threading efficiency up to 8 CPU cores
Increase to 10 rounds for branch lengths
20 trees examined
Threads: 1 / Time: 8.044 sec / Speedup: 1.000 / Efficiency: 100% / LogL: -19725
Threads: 2 / Time: 6.780 sec / Speedup: 1.187 / Efficiency: 59% / LogL: -19725
Threads: 3 / Time: 23.319 sec / Speedup: 0.345 / Efficiency: 11% / LogL: -19725
BEST NUMBER OF THREADS: 2

Estimate model parameters (epsilon = 0.100)
Optimizing TPM2+F+G4 parameters for partition part1.1+part1.2+part1.3+part2.3+part3.3+part4.3+part5.3 (73 free parameters)
Optimizing K3Pu+F+I parameters for partition part2.1+part2.2+part3.1+part3.2+part4.1+part4.2+part5.1+part5.2 (73 free parameters)
Optimal log-likelihood: -13283.073
Computing ML distances based on estimated model parameters... 0.021 sec
Computing BIONJ tree...
0.002 seconds
Log-likelihood of BIONJ tree: -13323.392
--------------------------------------------------------------------
|             INITIALIZING CANDIDATE TREE SET                      |
--------------------------------------------------------------------
Generating 98 parsimony trees... 3.996 second
Computing log-likelihood of 98 initial trees ... 7.153 seconds
Current best score: -13278.648

Do NNI search on 20 best initial trees
Estimate model parameters (epsilon = 0.100)
BETTER TREE FOUND at iteration 1: -13272.115
Iteration 10 / LogL: -13272.118 / Time: 0h:0m:59s
Iteration 20 / LogL: -13287.279 / Time: 0h:1m:8s
Finish initializing candidate tree set (4)
Current best tree score: -13272.115 / CPU time: 29.734
Number of iterations: 20
--------------------------------------------------------------------
|               OPTIMIZING CANDIDATE TREE SET                      |
--------------------------------------------------------------------
Estimate model parameters (epsilon = 0.100)
UPDATE BEST LOG-LIKELIHOOD: -13271.282
Iteration 30 / LogL: -13278.721 / Time: 0h:1m:20s (0h:3m:16s left)
Iteration 40 / LogL: -13275.614 / Time: 0h:1m:31s (0h:2m:22s left)
Estimate model parameters (epsilon = 0.100)
UPDATE BEST LOG-LIKELIHOOD: -13271.033
UPDATE BEST LOG-LIKELIHOOD: -13271.033
UPDATE BEST LOG-LIKELIHOOD: -13271.031
Iteration 50 / LogL: -13275.893 / Time: 0h:1m:41s (0h:1m:45s left)
Log-likelihood cutoff on original alignment: -13317.070
Iteration 60 / LogL: -13275.371 / Time: 0h:1m:52s (0h:1m:18s left)
Iteration 70 / LogL: -13272.643 / Time: 0h:2m:3s (0h:0m:55s left)
Iteration 80 / LogL: -13272.939 / Time: 0h:2m:13s (0h:0m:35s left)
Iteration 90 / LogL: -13271.299 / Time: 0h:2m:24s (0h:0m:17s left)
UPDATE BEST LOG-LIKELIHOOD: -13271.029
Iteration 100 / LogL: -13271.360 / Time: 0h:2m:34s (0h:0m:1s left)
Log-likelihood cutoff on original alignment: -13317.070
NOTE: Bootstrap correlation coefficient of split occurrence frequencies: 1.000
TREE SEARCH COMPLETED AFTER 102 ITERATIONS / Time: 0h:2m:37s

--------------------------------------------------------------------
|                    FINALIZING TREE SEARCH                        |
--------------------------------------------------------------------
Performs final model parameters optimization
Estimate model parameters (epsilon = 0.010)
Optimizing TPM2+F+G4 parameters for partition part1.1+part1.2+part1.3+part2.3+part3.3+part4.3+part5.3 (73 free parameters)
Optimizing K3Pu+F+I parameters for partition part2.1+part2.2+part3.1+part3.2+part4.1+part4.2+part5.1+part5.2 (73 free parameters)
Optimal log-likelihood: -13271.028
BEST SCORE FOUND : -13271.028
Creating bootstrap support values...
Split supports printed to NEXUS file 6_set133.splits.nex
Total tree length: 1.067

Total number of iterations: 102
CPU time used for tree search: 38.837 sec (0h:0m:38s)
Wall-clock time used for tree search: 118.208 sec (0h:1m:58s)
Total CPU time used: 46.679 sec (0h:0m:46s)
Total wall-clock time used: 157.996 sec (0h:2m:37s)

Computing bootstrap consensus tree...
Reading input file 6_set133.splits.nex...
35 taxa and 168 splits.
Consensus tree written to 6_set133.contree
Reading input trees file 6_set133.contree
Log-likelihood of consensus tree: -13271.298

Analysis results written to: 
  IQ-TREE report:                6_set133.iqtree
  Maximum-likelihood tree:       6_set133.treefile
  Likelihood distances:          6_set133.mldist
  Best partitioning scheme:      6_set133.best_scheme.nex
           in RAxML format:      6_set133.best_scheme

Ultrafast bootstrap approximation results written to:
  Split support values:          6_set133.splits.nex
  Consensus tree:                6_set133.contree
  Screen log file:               6_set133.log

Date and Time: Fri Sep  7 16:19:19 2018
