IQ-TREE multicore version 1.6.3 for Mac OS X 64-bit built Mar 22 2018
Developed by Bui Quang Minh, Nguyen Lam Tung, Olga Chernomor,
Heiko Schmidt, Dominik Schrempf, Michael Woodhams.

Host:    meeps-mac-pro.staff.sydney.edu.au (AVX, 64 GB RAM)
Command: /Users/davidduchene/Desktop/Software/iqtree-1.6.3-MacOSX/bin/iqtree -s ../../../../marsupials/set76.fasta -m TEST -bb 1000 -nt AUTO -pre 1_set76
Seed:    799058 (Using SPRNG - Scalable Parallel Random Number Generator)
Time:    Fri Jul 27 15:20:17 2018
Kernel:  AVX - auto-detect threads (8 CPU cores detected)

Reading alignment file ../../../../marsupials/set76.fasta ... Fasta format detected
Alignment most likely contains DNA/RNA sequences
Alignment has 37 sequences with 3096 columns, 947 distinct patterns
550 parsimony-informative, 328 singleton sites, 2218 constant sites
                                              Gap/Ambiguity  Composition  p-value
   1  Burramyidae_Burramys_parvus                     0.81%    passed     99.13%
   2  Thylacomyidae_Macrotis_lagotis1                91.67%    failed      0.04%
   3  Notoryctidae_Notoryctes_typhlops                2.52%    passed     72.13%
   4  Thylacomyidae_Macrotis_lagotis2                91.67%    failed      0.04%
   5  Vombatidae_Lasiorhinus_latifrons                0.16%    passed     93.46%
   6  Potoroidae_Bettongia_penicillata                0.26%    passed     98.84%
   7  Potoroidae_Bettongia_lesueur                    0.03%    passed     95.46%
   8  Dasyuridae_Dasyurus_maculatus                   0.19%    passed     82.05%
   9  Phalangeridae_Trichosurus_vulpecula             0.06%    passed     96.48%
  10  Phalangeridae_Spilocuscus_maculatus             6.46%    passed     93.28%
  11  Potoroidae_Aepyprymnus_rufescens                0.36%    passed     83.10%
  12  Peramelidae_Perameles_nasuta                    0.58%    passed     96.19%
  13  Phalangeridae_Strigocuscus_pelengensis          4.88%    passed     96.14%
  14  Dasyuridae_Phascogale_tapoatafa                 8.82%    passed     94.46%
  15  Dasyuridae_Sminthopsis_macroura                 8.43%    passed     97.56%
  16  Phalangeridae_Phalanger_orientalis              0.19%    passed     99.89%
  17  Acrobatidae_Acrobates_pygmaeus                  0.10%    passed     86.58%
  18  Dasyuridae_Phascogale_calura                   15.34%    passed     88.44%
  19  Dasyuridae_Sarcophilus_harrisii                 8.43%    passed     81.78%
  20  Dasyuridae_Planigale_tenuirostris              21.22%    passed     86.78%
  21  Peramelidae_Echymipera_kalubu                   0.10%    passed     97.86%
  22  Macropodidae_Dorcopsulus_vanheurni              0.39%    passed     94.53%
  23  Pseudochiridae_Pseudochirulus_forbesi           0.48%    passed     99.31%
  24  Didelphidae_Didelphis_virginiana                5.14%    passed     88.90%
  25  Marmosidae_Monodelphis_domestica                0.48%    passed     90.78%
  26  Dasyuridae_Antechinus_stuartii                  8.69%    passed     99.05%
  27  Hypsiprymnodontidae_Hypsiprymnodon_moschatus    0.06%    passed     94.93%
  28  Microbiotheriidae_Dromiciops_gliroides          9.72%    passed     97.79%
  29  Pseudochiridae_Petauroides_volans               1.87%    passed     89.41%
  30  Macropodidae_Wallabia_bicolor                   1.20%    passed     95.00%
  31  Pseudochiridae_Pseudocheirus_occidentalis       1.20%    passed     97.85%
  32  Tarsipedidae_Tarsipes_rostratus                 1.29%    passed     95.39%
  33  Acrobatidae_Distoechurus_pennatus               0.13%    passed     93.48%
  34  Phalangeridae_Phalanger_carmelitae              0.00%    passed     99.84%
  35  Peramelidae_Peroryctes_raffrayana               1.00%    passed     93.26%
  36  Dasyuridae_Dasyurus_geffroii                    2.00%    passed     85.26%
  37  Peramelidae_Perameles_gunnii                    0.45%    passed     98.09%
WARNING: 2 sequences contain more than 50% gaps/ambiguity
****  TOTAL                                           8.01%  2 sequences failed composition chi2 test (p-value<5%; df=3)
NOTE: Thylacomyidae_Macrotis_lagotis2 is identical to Thylacomyidae_Macrotis_lagotis1 but kept for subsequent analysis


Create initial parsimony tree by phylogenetic likelihood library (PLL)... 0.006 seconds
NOTE: ModelFinder requires 8 MB RAM!
ModelFinder will test 88 DNA models (sample size: 3096) ...
 No. Model         -LnL         df  AIC          AICc         BIC
Measuring multi-threading efficiency up to 8 CPU cores
Increase to 10 rounds for branch lengths
265 trees examined
Threads: 1 / Time: 8.024 sec / Speedup: 1.000 / Efficiency: 100% / LogL: -23482
Threads: 2 / Time: 5.768 sec / Speedup: 1.391 / Efficiency: 70% / LogL: -23482
Threads: 3 / Time: 5.354 sec / Speedup: 1.499 / Efficiency: 50% / LogL: -23482
BEST NUMBER OF THREADS: 2

  1  JC            15357.309    71  30856.619    30860.000    31285.307
  2  JC+I          14805.161    72  29754.323    29757.800    30189.049
  3  JC+G4         14763.876    72  29671.751    29675.228    30106.477
  4  JC+I+G4       14745.302    73  29636.604    29640.179    30077.368
  5  F81+F         15361.162    74  30870.323    30873.998    31317.126
  6  F81+F+I       14803.828    75  29757.657    29761.432    30210.497
  7  F81+F+G4      14762.332    75  29674.664    29678.439    30127.504
  8  F81+F+I+G4    14743.548    76  29639.096    29642.973    30097.974
  9  K2P           14738.800    72  29621.600    29625.077    30056.326
 10  K2P+I         14171.245    73  28488.490    28492.065    28929.254
 11  K2P+G4        14127.716    73  28401.432    28405.007    28842.196
 12  K2P+I+G4      14106.866    74  28361.732    28365.406    28808.534
 13  HKY+F         14742.942    75  29635.883    29639.658    30088.723
 14  HKY+F+I       14163.656    76  28479.312    28483.189    28938.190
 15  HKY+F+G4      14120.602    76  28393.204    28397.081    28852.082
 16  HKY+F+I+G4    14099.701    77  28353.401    28357.382    28818.317
 17  TNe           14738.097    73  29622.195    29625.770    30062.959
 18  TNe+I         14170.352    74  28488.703    28492.377    28935.505
 19  TNe+G4        14126.107    74  28400.214    28403.889    28847.017
 20  TNe+I+G4      14104.879    75  28359.757    28363.532    28812.597
 21  TN+F          14739.311    76  29630.621    29634.498    30089.499
 22  TN+F+I        14161.141    77  28476.283    28480.263    28941.199
 23  TN+F+G4       14116.834    77  28387.668    28391.648    28852.583
 24  TN+F+I+G4     14095.392    78  28346.785    28350.870    28817.738
 25  K3P           14738.547    73  29623.093    29626.668    30063.857
 26  K3P+I         14170.912    74  28489.824    28493.499    28936.627
 27  K3P+G4        14127.378    74  28402.756    28406.431    28849.558
 28  K3P+I+G4      14105.953    75  28361.906    28365.681    28814.746
 29  K3Pu+F        14742.722    76  29637.444    29641.321    30096.322
 30  K3Pu+F+I      14163.353    77  28480.706    28484.686    28945.622
 31  K3Pu+F+G4     14120.289    77  28394.579    28398.559    28859.494
 32  K3Pu+F+I+G4   14098.840    78  28353.681    28357.766    28824.634
 33  TPM2+F        14742.753    76  29637.506    29641.383    30096.384
 34  TPM2+F+I      14163.381    77  28480.762    28484.742    28945.677
 35  TPM2+F+G4     14120.203    77  28394.406    28398.386    28859.321
 36  TPM2+F+I+G4   14098.499    78  28352.999    28357.084    28823.953
 37  TPM2u+F       14742.751    76  29637.503    29641.380    30096.381
 38  TPM2u+F+I     14163.381    77  28480.761    28484.741    28945.677
 39  TPM2u+F+G4    14120.203    77  28394.406    28398.386    28859.321
 40  TPM2u+F+I+G4  14098.392    78  28352.784    28356.869    28823.738
 41  TPM3+F        14723.932    76  29599.863    29603.740    30058.741
 42  TPM3+F+I      14158.260    77  28470.520    28474.500    28935.436
 43  TPM3+F+G4     14115.112    77  28384.225    28388.205    28849.140
 44  TPM3+F+I+G4   14093.381    78  28342.762    28346.846    28813.715
 45  TPM3u+F       14723.931    76  29599.861    29603.738    30058.739
 46  TPM3u+F+I     14158.255    77  28470.510    28474.490    28935.425
 47  TPM3u+F+G4    14115.115    77  28384.230    28388.211    28849.146
 48  TPM3u+F+I+G4  14093.287    78  28342.575    28346.660    28813.528
 49  TIMe          14737.844    74  29623.688    29627.362    30070.490
 50  TIMe+I        14170.022    75  28490.044    28493.819    28942.884
 51  TIMe+G4       14125.767    75  28401.534    28405.309    28854.374
 52  TIMe+I+G4     14103.679    76  28359.358    28363.234    28818.235
 53  TIM+F         14739.091    77  29632.182    29636.162    30097.098
 54  TIM+F+I       14160.841    78  28477.682    28481.767    28948.636
 55  TIM+F+G4      14116.525    78  28389.050    28393.135    28860.003
 56  TIM+F+I+G4    14094.278    79  28346.557    28350.748    28823.548
 57  TIM2e         14738.054    74  29624.108    29627.782    30070.910
 58  TIM2e+I       14169.779    75  28489.557    28493.332    28942.397
 59  TIM2e+G4      14125.317    75  28400.634    28404.408    28853.473
 60  TIM2e+I+G4    14102.883    76  28357.767    28361.643    28816.644
 61  TIM2+F        14739.121    77  29632.243    29636.223    30097.158
 62  TIM2+F+I      14160.856    78  28477.711    28481.796    28948.665
 63  TIM2+F+G4     14116.441    78  28388.882    28392.967    28859.836
 64  TIM2+F+I+G4   14093.942    79  28345.885    28350.076    28822.876
 65  TIM3e         14714.541    74  29577.082    29580.756    30023.884
 66  TIM3e+I       14161.897    75  28473.794    28477.569    28926.634
 67  TIM3e+G4      14117.375    75  28384.750    28388.525    28837.590
 68  TIM3e+I+G4    14095.187    76  28342.373    28346.250    28801.251
 69  TIM3+F        14720.306    77  29594.611    29598.591    30059.527
 70  TIM3+F+I      14155.619    78  28467.238    28471.323    28938.192
 71  TIM3+F+G4     14111.401    78  28378.801    28382.886    28849.755
 72  TIM3+F+I+G4   14089.108    79  28336.216    28340.407    28813.207
 73  TVMe          14714.919    75  29579.837    29583.612    30032.677
 74  TVMe+I        14162.143    76  28476.286    28480.163    28935.164
 75  TVMe+G4       14117.931    76  28387.862    28391.739    28846.740
 76  TVMe+I+G4     14095.361    77  28344.721    28348.701    28809.637
 77  TVM+F         14723.460    78  29602.920    29607.005    30073.874
 78  TVM+F+I       14157.792    79  28473.583    28477.774    28950.575
 79  TVM+F+G4      14114.567    79  28387.134    28391.325    28864.125
 80  TVM+F+I+G4    14092.080    80  28344.160    28348.459    28827.190
 81  SYM           14714.231    76  29580.462    29584.339    30039.340
 82  SYM+I         14161.163    77  28476.325    28480.305    28941.241
 83  SYM+G4        14116.461    77  28386.922    28390.902    28851.838
 84  SYM+I+G4      14093.913    78  28343.825    28347.910    28814.779
 85  GTR+F         14719.832    79  29597.664    29601.855    30074.656
 86  GTR+F+I       14155.152    80  28470.303    28474.602    28953.332
 87  GTR+F+G4      14110.848    80  28381.696    28385.995    28864.725
 88  GTR+F+I+G4    14088.270    81  28338.540    28342.947    28827.607
Akaike Information Criterion:           TIM3+F+I+G4
Corrected Akaike Information Criterion: TIM3+F+I+G4
Bayesian Information Criterion:         TIM3e+I+G4
Best-fit model: TIM3e+I+G4 chosen according to BIC

All model information printed to 1_set76.model.gz
CPU time for ModelFinder: 42.432 seconds (0h:0m:42s)
Wall-clock time for ModelFinder: 23.926 seconds (0h:0m:23s)
Generating 1000 samples for ultrafast bootstrap (seed: 799058)...

NOTE: 8 MB RAM (0 GB) is required!
Measuring multi-threading efficiency up to 8 CPU cores
Increase to 10 rounds for branch lengths
82 trees examined
Threads: 1 / Time: 8.086 sec / Speedup: 1.000 / Efficiency: 100% / LogL: -20671
Threads: 2 / Time: 5.204 sec / Speedup: 1.554 / Efficiency: 78% / LogL: -20671
Threads: 3 / Time: 4.932 sec / Speedup: 1.640 / Efficiency: 55% / LogL: -20671
Threads: 4 / Time: 4.410 sec / Speedup: 1.833 / Efficiency: 46% / LogL: -20671
BEST NUMBER OF THREADS: 3

Estimate model parameters (epsilon = 0.100)
Thoroughly optimizing +I+G parameters from 10 start values...
Init pinv, alpha: 0.000, 1.000 / Estimate: 0.000, 0.247 / LogL: -14117.366
Init pinv, alpha: 0.080, 1.000 / Estimate: 0.321, 0.502 / LogL: -14098.643
Init pinv, alpha: 0.159, 1.000 / Estimate: 0.342, 0.535 / LogL: -14097.776
Init pinv, alpha: 0.239, 1.000 / Estimate: 0.344, 0.538 / LogL: -14097.697
Init pinv, alpha: 0.318, 1.000 / Estimate: 0.345, 0.540 / LogL: -14097.666
Init pinv, alpha: 0.398, 1.000 / Estimate: 0.406, 0.663 / LogL: -14095.707
Init pinv, alpha: 0.478, 1.000 / Estimate: 0.478, 0.892 / LogL: -14094.789
Init pinv, alpha: 0.557, 1.000 / Estimate: 0.521, 1.112 / LogL: -14095.528
Init pinv, alpha: 0.637, 1.000 / Estimate: 0.521, 1.115 / LogL: -14095.541
Init pinv, alpha: 0.716, 1.000 / Estimate: 0.521, 1.114 / LogL: -14095.540
Optimal pinv,alpha: 0.478, 0.892 / LogL: -14094.789

Parameters optimization took 7.385 sec
Computing ML distances based on estimated model parameters... 0.040 sec
WARNING: Some pairwise ML distances are too long (saturated)
Computing BIONJ tree...
0.002 seconds
Log-likelihood of BIONJ tree: -14113.631
--------------------------------------------------------------------
|             INITIALIZING CANDIDATE TREE SET                      |
--------------------------------------------------------------------
Generating 98 parsimony trees... 0.664 second
Computing log-likelihood of 98 initial trees ... 1.547 seconds
Current best score: -14094.150

Do NNI search on 20 best initial trees
Estimate model parameters (epsilon = 0.100)
BETTER TREE FOUND at iteration 1: -14091.519
UPDATE BEST LOG-LIKELIHOOD: -14091.519
Iteration 10 / LogL: -14157.491 / Time: 0h:0m:57s
Iteration 20 / LogL: -14091.525 / Time: 0h:0m:59s
Finish initializing candidate tree set (6)
Current best tree score: -14091.519 / CPU time: 5.793
Number of iterations: 20
--------------------------------------------------------------------
|               OPTIMIZING CANDIDATE TREE SET                      |
--------------------------------------------------------------------
Iteration 30 / LogL: -14091.519 / Time: 0h:1m:2s (0h:1m:33s left)
Iteration 40 / LogL: -14096.545 / Time: 0h:1m:3s (0h:1m:2s left)
Iteration 50 / LogL: -14091.722 / Time: 0h:1m:5s (0h:0m:43s left)
Log-likelihood cutoff on original alignment: -14134.495
Iteration 60 / LogL: -14092.311 / Time: 0h:1m:7s (0h:0m:30s left)
Iteration 70 / LogL: -14091.520 / Time: 0h:1m:9s (0h:0m:20s left)
Iteration 80 / LogL: -14091.656 / Time: 0h:1m:11s (0h:0m:12s left)
Iteration 90 / LogL: -14095.648 / Time: 0h:1m:13s (0h:0m:6s left)
Iteration 100 / LogL: -14091.519 / Time: 0h:1m:15s (0h:0m:0s left)
Log-likelihood cutoff on original alignment: -14134.495
NOTE: Bootstrap correlation coefficient of split occurrence frequencies: 1.000
TREE SEARCH COMPLETED AFTER 102 ITERATIONS / Time: 0h:1m:15s

--------------------------------------------------------------------
|                    FINALIZING TREE SEARCH                        |
--------------------------------------------------------------------
Performs final model parameters optimization
Estimate model parameters (epsilon = 0.010)
1. Initial log-likelihood: -14091.519
Optimal log-likelihood: -14091.518
Rate parameters:  A-C: 1.60506  A-G: 9.19292  A-T: 1.00000  C-G: 1.60506  C-T: 8.10341  G-T: 1.00000
Base frequencies:  A: 0.250  C: 0.250  G: 0.250  T: 0.250
Proportion of invariable sites: 0.478
Gamma shape alpha: 0.886
Parameters optimization took 1 rounds (0.032 sec)
BEST SCORE FOUND : -14091.518
Creating bootstrap support values...
Split supports printed to NEXUS file 1_set76.splits.nex
Total tree length: 0.685

Total number of iterations: 102
CPU time used for tree search: 48.417 sec (0h:0m:48s)
Wall-clock time used for tree search: 21.571 sec (0h:0m:21s)
Total CPU time used: 151.638 sec (0h:2m:31s)
Total wall-clock time used: 75.907 sec (0h:1m:15s)

Computing bootstrap consensus tree...
Reading input file 1_set76.splits.nex...
37 taxa and 144 splits.
Consensus tree written to 1_set76.contree
Reading input trees file 1_set76.contree
Log-likelihood of consensus tree: -14091.518

Analysis results written to: 
  IQ-TREE report:                1_set76.iqtree
  Maximum-likelihood tree:       1_set76.treefile
  Likelihood distances:          1_set76.mldist

Ultrafast bootstrap approximation results written to:
  Split support values:          1_set76.splits.nex
  Consensus tree:                1_set76.contree
  Screen log file:               1_set76.log

Date and Time: Fri Jul 27 15:21:33 2018
