IQ-TREE multicore version 1.6.7 for Mac OS X 64-bit built Aug 23 2018
Developed by Bui Quang Minh, Nguyen Lam Tung, Olga Chernomor,
Heiko Schmidt, Dominik Schrempf, Michael Woodhams.

Host:    meeps-mac-pro.staff.sydney.edu.au (AVX, 64 GB RAM)
Command: /Users/davidduchene/Desktop/Software/iqtree-1.6.7-MacOSX/bin/iqtree -s ../../../../marsupials/set23.fasta -m TESTMERGE -bb 1000 -q ../../../../marsupials/set23.nex -nt AUTO -pre 2_set23
Seed:    790504 (Using SPRNG - Scalable Parallel Random Number Generator)
Time:    Thu Sep  6 15:52:15 2018
Kernel:  AVX - auto-detect threads (8 CPU cores detected)

Reading partition model file ../../../../marsupials/set23.nex ...
Reading alignment file ../../../../marsupials/set23.fasta ... Fasta format detected
Alignment most likely contains DNA/RNA sequences
Alignment has 35 sequences with 2262 columns, 939 distinct patterns
600 parsimony-informative, 246 singleton sites, 1416 constant sites
                                              Gap/Ambiguity  Composition  p-value
   1  Burramyidae_Burramys_parvus                     3.05%    passed     77.55%
   2  Notoryctidae_Notoryctes_typhlops                5.61%    passed     39.54%
   3  Vombatidae_Lasiorhinus_latifrons                1.77%    passed     99.29%
   4  Potoroidae_Bettongia_penicillata                0.62%    passed     40.49%
   5  Potoroidae_Bettongia_lesueur                    0.62%    passed     55.04%
   6  Dasyuridae_Dasyurus_maculatus                   0.31%    passed     58.54%
   7  Phalangeridae_Trichosurus_vulpecula             0.40%    passed     95.31%
   8  Phalangeridae_Spilocuscus_maculatus             0.49%    passed     93.47%
   9  Potoroidae_Aepyprymnus_rufescens                1.41%    passed     49.67%
  10  Peramelidae_Perameles_nasuta                    5.39%    failed      4.18%
  11  Phalangeridae_Strigocuscus_pelengensis          4.42%    passed     83.10%
  12  Dasyuridae_Phascogale_tapoatafa                 0.40%    passed     15.53%
  13  Dasyuridae_Sminthopsis_macroura                 4.29%    passed     51.51%
  14  Phalangeridae_Phalanger_orientalis              0.22%    passed     88.36%
  15  Acrobatidae_Acrobates_pygmaeus                  0.66%    passed     33.90%
  16  Dasyuridae_Phascogale_calura                    1.95%    passed     14.94%
  17  Dasyuridae_Sarcophilus_harrisii                 0.22%    passed     53.88%
  18  Dasyuridae_Planigale_tenuirostris              21.84%    passed     75.00%
  19  Peramelidae_Echymipera_kalubu                   2.08%    passed     83.49%
  20  Macropodidae_Dorcopsulus_vanheurni              0.97%    passed     68.90%
  21  Pseudochiridae_Pseudochirulus_forbesi           0.49%    passed     92.90%
  22  Didelphidae_Didelphis_virginiana                1.02%    passed     96.33%
  23  Marmosidae_Monodelphis_domestica                4.38%    passed     93.13%
  24  Dasyuridae_Antechinus_stuartii                 22.86%    passed     91.69%
  25  Hypsiprymnodontidae_Hypsiprymnodon_moschatus    0.62%    passed     64.16%
  26  Microbiotheriidae_Dromiciops_gliroides          6.72%    passed     96.28%
  27  Pseudochiridae_Petauroides_volans               1.68%    passed     78.70%
  28  Macropodidae_Wallabia_bicolor                   1.81%    passed     88.95%
  29  Pseudochiridae_Pseudocheirus_occidentalis       0.49%    passed     97.82%
  30  Tarsipedidae_Tarsipes_rostratus                 2.21%    passed     54.89%
  31  Acrobatidae_Distoechurus_pennatus               0.62%    passed     49.38%
  32  Phalangeridae_Phalanger_carmelitae              0.09%    passed     94.86%
  33  Peramelidae_Peroryctes_raffrayana               0.49%    passed     84.50%
  34  Dasyuridae_Dasyurus_geffroii                    4.86%    passed     60.02%
  35  Peramelidae_Perameles_gunnii                   14.85%    failed      2.55%
****  TOTAL                                           3.43%  2 sequences failed composition chi2 test (p-value<5%; df=3)
NOTE: No CharPartition defined, use all CharSets

Loading 15 partitions...
Subset	Type	Seqs	Sites	Infor	Invar	Model	Name
1		35	174	21	130	TESTMERGE	part1.1
2		35	174	12	151	TESTMERGE	part1.2
3		35	174	92	51	TESTMERGE	part1.3
4		35	95	8	81	TESTMERGE	part2.1
5		35	95	4	90	TESTMERGE	part2.2
6		35	95	23	57	TESTMERGE	part2.3
7		35	267	36	207	TESTMERGE	part3.1
8		35	267	23	230	TESTMERGE	part3.2
9		35	267	177	56	TESTMERGE	part3.3
10		34	110	39	64	TESTMERGE	part4.1
11		34	110	24	77	TESTMERGE	part4.2
12		34	110	61	30	TESTMERGE	part4.3
13		34	108	13	86	TESTMERGE	part5.1
14		34	108	10	85	TESTMERGE	part5.2
15		34	108	57	21	TESTMERGE	part5.3
Degree of missing data: 0.008
Info: multi-threading strategy over partitions



Create initial parsimony tree by phylogenetic likelihood library (PLL)... 0.007 seconds
NOTE: ModelFinder requires 9 MB RAM!
NUMBER OF THREADS FOR PARTITION FINDING: 8
Testing GTR+F+G on supermatrix...
GTR+F+G4 / LnL: -13670.132 / df: 76 / AIC: 27492.263 / AICc: 27497.620 / BIC: 27927.288
Selecting individual models for 15 charsets using BIC...
 No. Model        Score       Charset
   1 K2P+G4       1224.925    part4.2
   2 K2P+G4       2365.683    part5.3
   3 HKY+F+G4     1569.233    part4.1
   4 TIM2e+I+G4   2167.973    part3.1
   5 K2P+G4       3127.339    part1.3
   6 HKY+F+G4     2547.605    part4.3
   7 K3P+G4       1407.652    part1.1
   8 TPM3u+F+I+G4 1551.346    part3.2
   9 TPM2u+F+G4   817.384     part5.2
  10 K3P+G4       1040.086    part2.3	0h:0m:17s (0h:5m:54s left)
  11 TN+F+G4      772.919     part5.1	0h:0m:18s (0h:5m:41s left)
  12 TN+F+I+G4    6497.127    part3.3	0h:0m:19s (0h:5m:18s left)
  13 TNe+I+G4     1018.685    part1.2	0h:0m:19s (0h:4m:57s left)
  14 TNe+I+G4     545.724     part2.1	0h:0m:19s (0h:4m:36s left)
  15 TNe+I+G4     404.060     part2.2	0h:0m:22s (0h:4m:52s left)
Full partition model BIC score: 27752.674 (LnL: -13366.553  df:132)
Merging models to increase model fit (about 211 total partition schemes)...
  16 K3Pu+F+I+G4  27815.066   part3.1+part3.3	0h:0m:35s (0h:7m:13s left)
  17 TN+F+G4      27767.136   part1.3+part3.3	0h:0m:35s (0h:6m:48s left)
  18 HKY+F+I+G4   27772.212   part3.3+part4.2	0h:0m:36s (0h:6m:28s left)
  19 K3Pu+F+I+G4  27745.925   part1.1+part3.3	0h:0m:37s (0h:6m:18s left)
  20 TPM2u+F+I+G4 27825.241   part3.2+part3.3	0h:0m:38s (0h:6m:5s left)
  21 HKY+F+G4     27746.825   part3.3+part5.3	0h:0m:39s (0h:5m:58s left)
  22 TN+F+I+G4    27724.888   part3.3+part4.3	0h:0m:40s (0h:5m:43s left)
  23 HKY+F+I+G4   27733.741   part3.3+part4.1	0h:0m:40s (0h:5m:33s left)
  24 K2P+G4       27741.251   part1.3+part5.3	0h:0m:48s (0h:6m:17s left)
  25 TN+F+I+G4    27740.873   part2.3+part3.3	0h:0m:50s (0h:6m:12s left)
  26 TNe+G4       27769.828   part1.3+part4.3	0h:0m:50s (0h:5m:56s left)
  27 TPM2u+F+I+G4 27774.870   part3.3+part5.2	0h:0m:52s (0h:5m:54s left)
  28 TN+F+I+G4    27809.418   part2.2+part3.3	0h:0m:52s (0h:5m:40s left)
  29 TPM2u+F+I+G4 27789.255   part1.2+part3.3	0h:0m:52s (0h:5m:29s left)
  30 HKY+F+I+G4   27761.604   part2.1+part3.3	0h:0m:53s (0h:5m:22s left)
  31 K3Pu+F+I+G4  27749.476   part3.3+part5.1	0h:0m:53s (0h:5m:12s left)
  32 TIM2e+G4     27823.540   part1.3+part3.1	0h:0m:56s (0h:5m:14s left)
  33 K2P+G4       27777.216   part1.3+part4.1	0h:0m:57s (0h:5m:11s left)
  34 K2P+G4       27852.465   part1.3+part3.2	0h:0m:59s (0h:5m:11s left)
  35 K2P+G4       27773.933   part1.1+part1.3	0h:1m:0s (0h:5m:5s left)
  36 K2P+G4       27781.777   part1.3+part4.2	0h:1m:1s (0h:5m:0s left)
  37 K2P+G4       27737.001   part1.3+part2.3	0h:1m:3s (0h:5m:0s left)
  38 TNe+G4       27752.975   part4.3+part5.3	0h:1m:4s (0h:4m:53s left)
  39 K2P+I+G4     27782.414   part3.1+part4.3	0h:1m:6s (0h:4m:52s left)
  40 K3P+G4       27795.201   part3.1+part5.3	0h:1m:9s (0h:4m:55s left)
  41 K2P+G4       27807.206   part1.2+part1.3	0h:1m:10s (0h:4m:52s left)
  42 K2P+G4       27768.387   part1.3+part2.1	0h:1m:11s (0h:4m:48s left)
  43 K2P+G4       27768.776   part1.3+part5.2	0h:1m:12s (0h:4m:43s left)
  44 K2P+G4       27770.669   part1.3+part5.1	0h:1m:12s (0h:4m:36s left)
  45 K2P+G4       27816.298   part1.3+part2.2	0h:1m:17s (0h:4m:45s left)
  46 TN+F+G4      27768.127   part4.1+part5.3	0h:1m:17s (0h:4m:37s left)
  47 HKY+F+G4     27730.674   part4.1+part4.3	0h:1m:19s (0h:4m:36s left)
  48 TN+F+I+G4    27777.158   part3.2+part4.3	0h:1m:20s (0h:4m:31s left)
  49 K2P+G4       27765.806   part4.2+part5.3	0h:1m:22s (0h:4m:31s left)
  50 TIM3e+G4     27756.413   part4.2+part4.3	0h:1m:22s (0h:4m:26s left)
  51 TN+F+I+G4    27834.861   part3.2+part5.3	0h:1m:24s (0h:4m:24s left)
  52 TIM2+F+I+G4  27754.468   part1.1+part4.3	0h:1m:26s (0h:4m:23s left)
  53 TNe+I+G4     27756.007   part3.1+part4.1	0h:1m:26s (0h:4m:19s left)
  54 K3P+G4       27759.339   part1.1+part5.3	0h:1m:27s (0h:4m:13s left)
  55 TPM3+F+G4    27744.152   part2.3+part4.3	0h:1m:29s (0h:4m:12s left)
  56 HKY+F+I+G4   27757.597   part3.1+part3.2	0h:1m:30s (0h:4m:9s left)
  57 K2P+G4       27738.195   part2.3+part5.3	0h:1m:30s (0h:4m:5s left)
  58 TNe+I+G4     27744.015   part3.1+part4.2	0h:1m:32s (0h:4m:3s left)
  59 TIM2e+I+G4   27731.838   part1.1+part3.1	0h:1m:33s (0h:4m:2s left)
  60 TIM2e+I+G4   27767.181   part2.3+part3.1	0h:1m:34s (0h:3m:58s left)
  61 TPM2+F+I+G4  27765.117   part3.2+part4.1	0h:1m:35s (0h:3m:55s left)
  62 TN+F+I+G4    27773.254   part1.2+part4.3	0h:1m:36s (0h:3m:52s left)
  63 K2P+G4       27791.126   part1.2+part5.3	0h:1m:37s (0h:3m:48s left)
  64 TIM2+F+G4    27756.204   part4.3+part5.2	0h:1m:39s (0h:3m:48s left)
  65 HKY+F+G4     27746.447   part4.1+part4.2	0h:1m:40s (0h:3m:46s left)
  66 TN+F+G4      27737.776   part4.3+part5.1	0h:1m:42s (0h:3m:44s left)
  67 K2P+G4       27759.684   part5.2+part5.3	0h:1m:43s (0h:3m:43s left)
  68 TPM2+F+G4    27738.580   part1.1+part4.1	0h:1m:45s (0h:3m:40s left)
  69 TN+F+G4      27755.155   part5.1+part5.3	0h:1m:45s (0h:3m:37s left)
  70 K2P+G4       27763.779   part2.1+part5.3	0h:1m:45s (0h:3m:33s left)
  71 TIM3e+G4     27753.533   part2.1+part4.3	0h:1m:48s (0h:3m:33s left)
  72 K3Pu+F+I+G4  27759.124   part3.2+part4.2	0h:1m:48s (0h:3m:29s left)
  73 HKY+F+I+G4   27754.420   part1.1+part3.2	0h:1m:51s (0h:3m:30s left)
  74 K2P+G4       27747.986   part2.3+part4.1	0h:1m:52s (0h:3m:28s left)
  75 TIMe+I+G4    27735.667   part1.2+part3.1	0h:1m:53s (0h:3m:26s left)
  76 TIMe+I+G4    27747.686   part3.1+part5.2	0h:1m:54s (0h:3m:23s left)
  77 K2P+I+G4     27745.057   part1.1+part4.2	0h:1m:54s (0h:3m:19s left)
  78 TIMe+I+G4    27743.573   part3.1+part5.1	0h:1m:57s (0h:3m:20s left)
  79 TPM3u+F+I+G4 27787.822   part2.2+part4.3	0h:1m:57s (0h:3m:16s left)
  80 K2P+G4       27806.343   part2.2+part5.3	0h:1m:58s (0h:3m:14s left)
  81 TIM3e+I+G4   27785.365   part2.3+part3.2	0h:1m:59s (0h:3m:11s left)
  82 K2P+G4       27748.435   part2.3+part4.2	0h:2m:0s (0h:3m:9s left)
  83 K3P+G4       27743.775   part1.1+part2.3	0h:2m:1s (0h:3m:7s left)
  84 TIM2e+I+G4   27731.827   part2.1+part3.1	0h:2m:3s (0h:3m:7s left)
  85 TIMe+I+G4    27761.295   part2.2+part3.1	0h:2m:5s (0h:3m:6s left)
  86 TPM2u+F+G4   27752.160   part1.2+part4.1	0h:2m:8s (0h:3m:6s left)
  87 TPM2u+F+G4   27753.905   part4.1+part5.2	0h:2m:9s (0h:3m:4s left)
  88 TN+F+G4      27734.706   part4.1+part5.1	0h:2m:11s (0h:3m:4s left)
  89 K2P+I+G4     27743.189   part1.2+part4.2	0h:2m:12s (0h:3m:1s left)
  90 HKY+F+G4     27748.127   part2.1+part4.1	0h:2m:14s (0h:3m:0s left)
  91 K3Pu+F+I+G4  27753.447   part1.1+part1.2	0h:2m:15s (0h:2m:58s left)
  92 TPM2u+F+I+G4 27719.286   part1.2+part3.2	0h:2m:16s (0h:2m:56s left)
  93 K2P+I+G4     27743.678   part4.2+part5.2	0h:2m:17s (0h:2m:54s left)
  94 K3Pu+F+I+G4  27753.272   part1.1+part5.2	0h:2m:22s (0h:2m:57s left)
  95 K2P+I+G4     27743.841   part4.2+part5.1	0h:2m:23s (0h:2m:54s left)
  96 TPM2u+F+I+G4 27723.192   part3.2+part5.2	0h:2m:23s (0h:2m:51s left)
  97 HKY+F+I+G4   27727.285   part3.2+part5.1	0h:2m:24s (0h:2m:49s left)
  98 K2P+I+G4     27743.017   part2.1+part4.2	0h:2m:25s (0h:2m:48s left)
  99 K3Pu+F+G4    27730.319   part1.1+part5.1	0h:2m:25s (0h:2m:45s left)
 100 K2P+I+G4     27758.666   part1.2+part2.3	0h:2m:28s (0h:2m:45s left)
 101 K2P+G4       27767.732   part2.2+part4.1	0h:2m:31s (0h:2m:44s left)
 102 K3P+I+G4     27744.145   part1.1+part2.1	0h:2m:31s (0h:2m:42s left)
 103 K2P+G4       27745.642   part2.3+part5.2	0h:2m:34s (0h:2m:41s left)
 104 TNe+G4       27749.313   part2.3+part5.1	0h:2m:34s (0h:2m:39s left)
 105 TPM3u+F+I+G4 27737.697   part2.1+part3.2	0h:2m:36s (0h:2m:37s left)
 106 K3P+G4       27744.508   part2.1+part2.3	0h:2m:36s (0h:2m:35s left)
 107 K2P+I+G4     27744.551   part2.2+part3.2	0h:2m:39s (0h:2m:35s left)
 108 K2P+I+G4     27761.514   part2.2+part4.2	0h:2m:40s (0h:2m:33s left)
 109 K3P+I+G4     27766.672   part1.1+part2.2	0h:2m:43s (0h:2m:33s left)
 110 K3Pu+F+I+G4  27782.122   part2.2+part2.3	0h:2m:45s (0h:2m:31s left)
 111 HKY+F+I+G4   27733.463   part1.2+part5.1	0h:2m:45s (0h:2m:28s left)
 112 TN+F+I+G4    27731.516   part5.1+part5.2	0h:2m:46s (0h:2m:26s left)
 113 TPM2u+F+I+G4 27727.943   part1.2+part5.2	0h:2m:47s (0h:2m:25s left)
 114 HKY+F+I+G4   27745.777   part2.1+part5.1	0h:2m:51s (0h:2m:25s left)
 115 TNe+I+G4     27725.769   part1.2+part2.1	0h:2m:51s (0h:2m:23s left)
 116 HKY+F+I+G4   27747.052   part2.1+part5.2	0h:2m:52s (0h:2m:21s left)
 117 K2P+I+G4     27734.409   part1.2+part2.2	0h:2m:53s (0h:2m:19s left)
 118 K2P+I+G4     27753.889   part2.2+part5.1	0h:2m:53s (0h:2m:16s left)
 119 K2P+I+G4     27755.652   part2.2+part5.2	0h:2m:54s (0h:2m:14s left)
 120 K2P+I+G4     27736.071   part2.1+part2.2	0h:2m:56s (0h:2m:13s left)
Merging part1.2+part3.2 with BIC score: 27719.286 (LnL: -13365.307  df: 128)
 121 TPM2u+F+I+G4 27730.299   part1.2+part3.2+part4.1	0h:3m:2s (0h:2m:15s left)
 122 TPM2u+F+I+G4 27722.727   part1.2+part3.2+part4.2	0h:3m:5s (0h:2m:15s left)
 123 K2P+I+G4     27868.275   part1.2+part1.3+part3.2	0h:3m:7s (0h:2m:14s left)
 124 TN+F+I+G4    27726.484   part1.2+part3.1+part3.2	0h:3m:9s (0h:2m:12s left)
 125 TIM2+F+I+G4  27762.744   part1.2+part3.2+part4.3	0h:3m:9s (0h:2m:10s left)
 126 HKY+F+I+G4   27721.943   part1.1+part1.2+part3.2	0h:3m:10s (0h:2m:8s left)
 127 HKY+F+I+G4   27694.762   part1.2+part3.2+part5.1	0h:3m:12s (0h:2m:7s left)
 128 TPM2u+F+I+G4 27828.599   part1.2+part3.2+part3.3	0h:3m:17s (0h:2m:7s left)
 129 HKY+F+I+G4   27768.845   part1.2+part2.3+part3.2	0h:3m:19s (0h:2m:6s left)
 130 TN+F+I+G4    27828.573   part1.2+part3.2+part5.3	0h:3m:19s (0h:2m:4s left)
 131 TPM2u+F+I+G4 27727.958   part1.2+part2.2+part3.2	0h:3m:21s (0h:2m:3s left)
 132 TPM2u+F+I+G4 27686.422   part1.2+part3.2+part5.2	0h:3m:22s (0h:2m:1s left)
 133 HKY+F+I+G4   27702.629   part1.2+part2.1+part3.2	0h:3m:24s (0h:2m:0s left)
Merging part1.2+part3.2+part5.2 with BIC score: 27686.422 (LnL: -13372.047  df: 122)
 134 TPM2u+F+I+G4 27697.502   part1.2+part3.2+part4.1+part5.2	0h:3m:33s (0h:2m:2s left)
 135 TPM2u+F+I+G4 27687.101   part1.2+part3.2+part4.2+part5.2	0h:3m:34s (0h:2m:0s left)
 136 TN+F+I+G4    27861.001   part1.2+part1.3+part3.2+part5.2	0h:3m:35s (0h:1m:58s left)
 137 HKY+F+I+G4   27694.975   part1.1+part1.2+part3.2+part5.2	0h:3m:35s (0h:1m:56s left)
 138 TIM2+F+I+G4  27731.406   part1.2+part3.2+part4.3+part5.2	0h:3m:36s (0h:1m:54s left)
 139 HKY+F+I+G4   27698.099   part1.2+part3.1+part3.2+part5.2	0h:3m:38s (0h:1m:52s left)
 140 TPM2u+F+I+G4 27664.774   part1.2+part3.2+part5.1+part5.2	0h:3m:38s (0h:1m:50s left)
 141 TIM2+F+I+G4  27810.941   part1.2+part3.2+part3.3+part5.2	0h:3m:44s (0h:1m:51s left)
 142 TPM2u+F+I+G4 27739.537   part1.2+part2.3+part3.2+part5.2	0h:3m:47s (0h:1m:50s left)
 143 TIM2+F+I+G4  27794.775   part1.2+part3.2+part5.2+part5.3	0h:3m:47s (0h:1m:48s left)
 144 TPM2u+F+I+G4 27674.175   part1.2+part2.1+part3.2+part5.2	0h:3m:51s (0h:1m:47s left)
 145 TPM2u+F+I+G4 27702.112   part1.2+part2.2+part3.2+part5.2	0h:3m:51s (0h:1m:45s left)
Merging part3.3+part4.3 with BIC score: 27658.635 (LnL: -13377.463  df: 117)
 146 TN+F+I+G4    27648.872   part2.3+part3.3+part4.3	0h:4m:8s (0h:1m:50s left)
 147 HKY+F+I+G4   27673.849   part3.3+part4.2+part4.3	0h:4m:9s (0h:1m:48s left)
 148 TN+F+I+G4    27686.974   part1.3+part3.3+part4.3	0h:4m:11s (0h:1m:46s left)
 149 K3Pu+F+I+G4  27652.797   part1.1+part3.3+part4.3	0h:4m:11s (0h:1m:44s left)
 150 K3Pu+F+I+G4  27723.419   part3.1+part3.3+part4.3	0h:4m:12s (0h:1m:42s left)
 151 K3Pu+F+I+G4  27656.126   part3.3+part4.3+part5.1	0h:4m:14s (0h:1m:41s left)
 152 HKY+F+I+G4   27636.961   part3.3+part4.1+part4.3	0h:4m:15s (0h:1m:39s left)
 153 HKY+F+I+G4   27658.345   part3.3+part4.3+part5.3	0h:4m:17s (0h:1m:37s left)
 154 TN+F+I+G4    27713.614   part2.2+part3.3+part4.3	0h:4m:26s (0h:1m:38s left)
 155 HKY+F+I+G4   27665.759   part2.1+part3.3+part4.3	0h:4m:26s (0h:1m:36s left)
 156 TIM2+F+I+G4  27792.934   part1.2+part3.2+part3.3+part4.3+part5.2	0h:4m:31s (0h:1m:35s left)
Merging part1.1+part5.1 with BIC score: 27636.279 (LnL: -13377.871  df: 114)
 157 K3P+G4       27641.170   part1.1+part2.3+part5.1	0h:4m:40s (0h:1m:36s left)
 158 TPM2u+F+I+G4 27638.735   part1.1+part4.2+part5.1	0h:4m:41s (0h:1m:34s left)
 159 TPM2u+F+G4   27618.324   part1.1+part4.1+part5.1	0h:4m:43s (0h:1m:32s left)
 160 TIM2e+G4     27687.742   part1.1+part1.3+part5.1	0h:4m:44s (0h:1m:30s left)
 161 TVM+F+I+G4   27623.342   part1.1+part3.1+part5.1	0h:4m:44s (0h:1m:28s left)
 162 TIM2+F+G4    27653.721   part1.1+part5.1+part5.3	0h:4m:46s (0h:1m:26s left)
 163 HKY+F+I+G4   27638.353   part1.1+part1.2+part3.2+part5.1+part5.2	0h:4m:48s (0h:1m:24s left)
 164 K3Pu+F+I+G4  27624.461   part1.1+part2.1+part5.1	0h:4m:50s (0h:1m:23s left)
 165 K3P+I+G4     27655.631   part1.1+part2.2+part5.1	0h:4m:50s (0h:1m:21s left)
 166 TIM+F+I+G4   27646.761   part1.1+part3.3+part4.3+part5.1	0h:4m:56s (0h:1m:20s left)
Merging part3.3+part4.1+part4.3 with BIC score: 27614.606 (LnL: -13390.207  df: 108)
 167 TN+F+I+G4    27613.597   part2.3+part3.3+part4.1+part4.3	0h:5m:14s (0h:1m:22s left)
 168 HKY+F+I+G4   27626.706   part3.3+part4.1+part4.2+part4.3	0h:5m:16s (0h:1m:21s left)
 169 HKY+F+I+G4   27621.244   part2.1+part3.3+part4.1+part4.3	0h:5m:17s (0h:1m:18s left)
 170 TN+F+I+G4    27658.532   part1.3+part3.3+part4.1+part4.3	0h:5m:18s (0h:1m:16s left)
 171 HKY+F+I+G4   27679.004   part3.1+part3.3+part4.1+part4.3	0h:5m:18s (0h:1m:14s left)
 172 HKY+F+I+G4   27617.840   part3.3+part4.1+part4.3+part5.3	0h:5m:22s (0h:1m:13s left)
 173 TIM2+F+I+G4  27750.752   part1.2+part3.2+part3.3+part4.1+part4.3+part5.2	0h:5m:22s (0h:1m:10s left)
 174 TIM+F+I+G4   27625.881   part1.1+part3.3+part4.1+part4.3+part5.1	0h:5m:23s (0h:1m:8s left)
 175 HKY+F+I+G4   27671.132   part2.2+part3.3+part4.1+part4.3	0h:5m:30s (0h:1m:7s left)
Merging part2.1+part3.1 with BIC score: 27593.758 (LnL: -13395.231  df: 104)
 176 TIM2e+I+G4   27611.682   part2.1+part2.3+part3.1	0h:5m:37s (0h:1m:7s left)
 177 K3P+I+G4     27653.180   part2.1+part3.1+part5.3	0h:5m:37s (0h:1m:4s left)
 178 TIMe+I+G4    27598.597   part2.1+part2.2+part3.1	0h:5m:39s (0h:1m:2s left)
 179 TIM2e+I+G4   27683.818   part1.3+part2.1+part3.1	0h:5m:39s (0h:1m:0s left)
 180 TIM2e+I+G4   27590.016   part2.1+part3.1+part4.2	0h:5m:39s (0h:0m:58s left)
 181 TVM+F+I+G4   27586.185   part1.1+part2.1+part3.1+part5.1	0h:5m:40s (0h:0m:56s left)
 182 TN+F+I+G4    27609.214   part1.2+part2.1+part3.1+part3.2+part5.2	0h:5m:43s (0h:0m:54s left)
 183 HKY+F+I+G4   27677.830   part2.1+part3.1+part3.3+part4.1+part4.3	0h:5m:48s (0h:0m:53s left)
Merging part1.3+part2.3 with BIC score: 27578.085 (LnL: -13398.980  df: 101)
 184 TN+F+G4      27640.561   part1.3+part2.2+part2.3	0h:5m:58s (0h:0m:52s left)
 185 K2P+G4       27603.969   part1.3+part2.3+part4.2	0h:5m:59s (0h:0m:50s left)
 186 K2P+G4       27567.810   part1.3+part2.3+part5.3	0h:5m:59s (0h:0m:48s left)
 187 TIM2e+G4     27626.209   part1.1+part1.3+part2.3+part5.1	0h:5m:59s (0h:0m:46s left)
 188 TIM2e+I+G4   27664.490   part1.3+part2.1+part2.3+part3.1	0h:5m:59s (0h:0m:44s left)
 189 K2P+I+G4     27749.760   part1.2+part1.3+part2.3+part3.2+part5.2	0h:6m:0s (0h:0m:42s left)
 190 TN+F+I+G4    27622.655   part1.3+part2.3+part3.3+part4.1+part4.3	0h:6m:7s (0h:0m:40s left)
Merging part1.3+part2.3+part5.3 with BIC score: 27567.810 (LnL: -13401.567  df: 99)
 191 K2P+G4       27630.232   part1.3+part2.2+part2.3+part5.3	0h:6m:17s (0h:0m:39s left)
 192 K2P+G4       27593.486   part1.3+part2.3+part4.2+part5.3	0h:6m:19s (0h:0m:37s left)
 193 K2P+G4       27663.352   part1.3+part2.1+part2.3+part3.1+part5.3	0h:6m:20s (0h:0m:35s left)
 194 TIM2e+G4     27617.406   part1.1+part1.3+part2.3+part5.1+part5.3	0h:6m:21s (0h:0m:33s left)
 195 K2P+I+G4     27760.340   part1.2+part1.3+part2.3+part3.2+part5.2+part5.3	0h:6m:21s (0h:0m:31s left)
 196 TN+F+I+G4    27620.116   part1.3+part2.3+part3.3+part4.1+part4.3+part5.3	0h:6m:28s (0h:0m:29s left)
Merging part1.1+part2.1+part3.1+part5.1 with BIC score: 27560.236 (LnL: -13405.504  df: 97)
 197 TPM2u+F+I+G4 27557.241   part1.1+part2.1+part3.1+part4.2+part5.1	0h:6m:38s (0h:0m:28s left)
 198 TVMe+I+G4    27570.767   part1.1+part2.1+part2.2+part3.1+part5.1	0h:6m:38s (0h:0m:26s left)
 199 K3Pu+F+I+G4  27569.358   part1.1+part1.2+part2.1+part3.1+part3.2+part5.1+part5.2	0h:6m:42s (0h:0m:24s left)
 200 TVMe+I+G4    27675.215   part1.1+part1.3+part2.1+part2.3+part3.1+part5.1+part5.3	0h:6m:42s (0h:0m:22s left)
 201 K3Pu+F+I+G4  27646.236   part1.1+part2.1+part3.1+part3.3+part4.1+part4.3+part5.1	0h:6m:47s (0h:0m:20s left)
Merging part1.1+part2.1+part3.1+part4.2+part5.1 with BIC score: 27557.241 (LnL: -13419.454  df: 93)
 202 TIMe+I+G4    27565.785   part1.1+part2.1+part2.2+part3.1+part4.2+part5.1	0h:6m:59s (0h:0m:18s left)
 203 HKY+F+I+G4   27561.968   part1.1+part1.2+part2.1+part3.1+part3.2+part4.2+part5.1+part5.2	0h:7m:2s (0h:0m:16s left)
 204 TVMe+I+G4    27680.477   part1.1+part1.3+part2.1+part2.3+part3.1+part4.2+part5.1+part5.3	0h:7m:2s (0h:0m:14s left)
 205 K3Pu+F+I+G4  27644.626   part1.1+part2.1+part3.1+part3.3+part4.1+part4.2+part4.3+part5.1	0h:7m:8s (0h:0m:12s left)
BEST-FIT PARTITION MODEL: 
  charpartition BIC = TPM2u+F+I+G4: part1.1 part2.1 part3.1 part4.2 part5.1, TPM2u+F+I+G4: part1.2 part3.2 part5.2, K2P+G4: part1.3 part2.3 part5.3, TNe+I+G4: part2.2, HKY+F+I+G4: part3.3 part4.1 part4.3;
Agglomerative model selection: ((((part1.1,part5.1)4:27636.3,(part2.1,part3.1)6:27593.8)9:27560.2,part4.2)10:27557.2,((part1.2,part3.2)1:27719.3,part5.2)2:27686.4,((part1.3,part2.3)7:27578.1,part5.3)8:27567.8,part2.2,((part3.3,part4.3)3:27658.6,part4.1)5:27614.6)
Merging into 5 partitions...
Partition information was printed to 2_set23.best_scheme.nex
Partition information in Raxml format was printed to 2_set23.best_scheme

All model information printed to 2_set23.model.gz
CPU time for ModelFinder: 317.619 seconds (0h:5m:17s)
Wall-clock time for ModelFinder: 429.481 seconds (0h:7m:9s)
Generating 1000 samples for ultrafast bootstrap (seed: 790504)...

NOTE: 9 MB RAM (0 GB) is required!
Measuring multi-threading efficiency up to 8 CPU cores
Increase to 10 rounds for branch lengths
10 trees examined
Threads: 1 / Time: 8.858 sec / Speedup: 1.000 / Efficiency: 100% / LogL: -19741
Threads: 2 / Time: 31.220 sec / Speedup: 0.284 / Efficiency: 14% / LogL: -19741
BEST NUMBER OF THREADS: 1

Estimate model parameters (epsilon = 0.100)
Initial log-likelihood: -14220.281
Current log-likelihood at step 1: -13647.422
Current log-likelihood at step 2: -13594.646
Current log-likelihood at step 3: -13571.538
Current log-likelihood at step 4: -13546.787
Current log-likelihood at step 5: -13517.287
Current log-likelihood at step 6: -13480.756
Current log-likelihood at step 7: -13433.956
Current log-likelihood at step 8: -13351.919
Current log-likelihood at step 9: -13351.708
Current log-likelihood at step 10: -13351.672
Parameters optimization took 9 rounds (5.885 sec)

Computing ML distances based on estimated model parameters... 0.064 sec
Computing BIONJ tree...
0.004 seconds
Log-likelihood of BIONJ tree: -13403.437
--------------------------------------------------------------------
|             INITIALIZING CANDIDATE TREE SET                      |
--------------------------------------------------------------------
Generating 98 parsimony trees... 8.115 second
Computing log-likelihood of 98 initial trees ... 24.267 seconds
Current best score: -13351.672

Do NNI search on 20 best initial trees
Estimate model parameters (epsilon = 0.100)
Initial log-likelihood: -13350.046
Current log-likelihood at step 1: -13350.037
Parameters optimization took 0 rounds (0.312 sec)

BETTER TREE FOUND at iteration 1: -13350.037
Estimate model parameters (epsilon = 0.100)
Initial log-likelihood: -13349.705
Current log-likelihood at step 1: -13349.649
Parameters optimization took 0 rounds (0.365 sec)

BETTER TREE FOUND at iteration 2: -13349.649
Iteration 10 / LogL: -13357.177 / Time: 0h:1m:38s
Iteration 20 / LogL: -13357.161 / Time: 0h:2m:5s
Finish initializing candidate tree set (3)
Current best tree score: -13349.649 / CPU time: 78.101
Number of iterations: 20
--------------------------------------------------------------------
|               OPTIMIZING CANDIDATE TREE SET                      |
--------------------------------------------------------------------
Iteration 30 / LogL: -13349.655 / Time: 0h:2m:29s (0h:6m:11s left)
Iteration 40 / LogL: -13358.032 / Time: 0h:2m:51s (0h:4m:32s left)
Iteration 50 / LogL: -13349.651 / Time: 0h:3m:14s (0h:3m:26s left)
Log-likelihood cutoff on original alignment: -13410.748
Iteration 60 / LogL: -13349.651 / Time: 0h:3m:37s (0h:2m:34s left)
Iteration 70 / LogL: -13349.667 / Time: 0h:4m:1s (0h:1m:51s left)
Iteration 80 / LogL: -13357.162 / Time: 0h:4m:26s (0h:1m:14s left)
Iteration 90 / LogL: -13349.651 / Time: 0h:4m:50s (0h:0m:39s left)
Iteration 100 / LogL: -13350.070 / Time: 0h:5m:13s (0h:0m:6s left)
Log-likelihood cutoff on original alignment: -13410.748
NOTE: Bootstrap correlation coefficient of split occurrence frequencies: 1.000
UPDATE BEST LOG-LIKELIHOOD: -13349.649
TREE SEARCH COMPLETED AFTER 103 ITERATIONS / Time: 0h:5m:19s

--------------------------------------------------------------------
|                    FINALIZING TREE SEARCH                        |
--------------------------------------------------------------------
Performs final model parameters optimization
Estimate model parameters (epsilon = 0.010)
Initial log-likelihood: -13349.648
Current log-likelihood at step 1: -13349.645
Parameters optimization took 0 rounds (0.381 sec)

BEST SCORE FOUND : -13349.645
Creating bootstrap support values...
Split supports printed to NEXUS file 2_set23.splits.nex
Total tree length: 2.006

Total number of iterations: 103
CPU time used for tree search: 53.284 sec (0h:0m:53s)
Wall-clock time used for tree search: 272.372 sec (0h:4m:32s)
Total CPU time used: 59.828 sec (0h:0m:59s)
Total wall-clock time used: 321.071 sec (0h:5m:21s)

Computing bootstrap consensus tree...
Reading input file 2_set23.splits.nex...
35 taxa and 147 splits.
Consensus tree written to 2_set23.contree
Reading input trees file 2_set23.contree
Log-likelihood of consensus tree: -13350.060

Analysis results written to: 
  IQ-TREE report:                2_set23.iqtree
  Maximum-likelihood tree:       2_set23.treefile
  Likelihood distances:          2_set23.mldist
  Best partitioning scheme:      2_set23.best_scheme.nex
           in RAxML format:      2_set23.best_scheme

Ultrafast bootstrap approximation results written to:
  Split support values:          2_set23.splits.nex
  Consensus tree:                2_set23.contree
  Screen log file:               2_set23.log

Date and Time: Thu Sep  6 16:04:47 2018
