IQ-TREE multicore version 1.6.7 for Mac OS X 64-bit built Aug 23 2018
Developed by Bui Quang Minh, Nguyen Lam Tung, Olga Chernomor,
Heiko Schmidt, Dominik Schrempf, Michael Woodhams.

Host:    meeps-mac-pro.staff.sydney.edu.au (AVX, 64 GB RAM)
Command: /Users/davidduchene/Desktop/Software/iqtree-1.6.7-MacOSX/bin/iqtree -s ../../../RobAlignments/1_Siler_2013.fasta -m TESTMERGE -bb 1000 -q ../../../RobAlignments/1_Siler_2013_partitions.nex -nt 2 -pre 2_setSiler_2013
Seed:    627423 (Using SPRNG - Scalable Parallel Random Number Generator)
Time:    Fri Sep  7 11:42:13 2018
Kernel:  AVX - 2 threads (8 CPU cores detected)

Reading partition model file ../../../RobAlignments/1_Siler_2013_partitions.nex ...
Reading alignment file ../../../RobAlignments/1_Siler_2013.fasta ... Fasta format detected
Alignment most likely contains DNA/RNA sequences
Alignment has 61 sequences with 2697 columns, 903 distinct patterns
665 parsimony-informative, 127 singleton sites, 1905 constant sites
                                  Gap/Ambiguity  Composition  p-value
   1  AF337128_Lampropeltis_alterna      58.84%    failed      0.00%
   2  AF337134_Lampropeltis_triangulum   58.84%    failed      0.00%
   3  AF471040_Lycodon_zawi              58.84%    failed      0.00%
   4  AF471062_Dipsadoboa_unicolor       58.84%    failed      0.00%
   5  AF471065_Dasypeltis_atra           58.84%    failed      0.00%
   6  Ahaetulla_prasina_CDS1130          37.19%    failed      0.13%
   7  Ahaetulla_prasina_RMB3042          16.43%    passed     14.71%
   8  Boiga_cynodon_CDS4400              15.54%    passed      6.34%
   9  Boiga_dendrophila_CDS1575          36.82%    passed     18.79%
  10  Ptyas_luzonensis_RMB4445           36.86%    passed      6.40%
  11  FJ627818_Pituophis_deppei          64.03%    failed      0.00%
  12  FJ627819_Pituophis_catenifer       61.29%    failed      0.02%
  13  GU073440_Pantherophis_bairdi       69.08%    failed      0.11%
  14  GU073446_Pantherophis_obsoletus    69.08%    failed      0.02%
  15  Gonyosoma_oxycephala_RMB11702      33.15%    failed      0.18%
  16  JF827672.Dinodon.rufozonatum       38.86%    passed     10.74%
  17  AB008539.Dinodon.semicarinatus     58.84%    failed      0.00%
  18  Lycodon_alcalai_RMB9036            17.98%    passed     91.77%
  19  Lycodon_alcalai_RMB9542            15.91%    passed     79.22%
  20  Lycodon_aulicus_205000             14.91%    failed      2.26%
  21  Lycodon_aulicus_CDS4621            35.85%    failed      0.14%
  22  Lycodon_aulicus_CDS658             14.76%    failed      0.72%
  23  Lycodon_aulicus_RMB4347            14.76%    failed      0.72%
  24  Lycodon_aulicus_RMB8785            14.76%    failed      0.95%
  25  Lycodon_bibonius_RMB5709           14.87%    passed     70.13%
  26  Lycodon_butleri_8066               16.17%    failed      3.36%
  27  Lycodon_butleri_9136               14.83%    failed      3.45%
  28  Lycodon_butleri_9421               15.16%    failed      3.58%
  29  Lycodon_capucinus_5725             15.65%    failed      0.88%
  30  Lycodon_capucinus_9277             15.16%    failed      1.46%
  31  Lycodon_capucinus_9695             23.29%    failed      1.31%
  32  Lycodon_capucinus_DSM1325L         14.83%    failed      1.54%
  33  Lycodon_capucinus_RMB9060          14.76%    failed      0.72%
  34  Lycodon_chrysoprateros_RMB6394     14.87%    passed     73.24%
  35  Lycodon_dumereli_ACD4146           15.87%    passed     22.61%
  36  Lycodon_dumereli_CDS1927           36.97%    passed     47.00%
  37  Lycodon_dumereli_RMB4393           15.87%    passed     22.69%
  38  Lycodon_effraensis_DSM927L          3.63%    failed      0.21%
  39  Lycodon_fasciatus_234875           58.84%    failed      0.00%
  40  Lycodon_fasciatus_234957           58.84%    failed      0.00%
  41  Lycodon_jara_235387                40.64%    failed      3.02%
  42  Lycodon_laoensis_258659            37.75%    failed      2.66%
  43  Lycodon_laoensis_262186            58.21%    passed     29.31%
  44  Lycodon_laoensis_8481              15.16%    passed     25.19%
  45  Lycodon_laoensis_DSM902L           56.69%    failed      4.37%
  46  Lycodon_muelleri_CDS5256           36.00%    passed     75.69%
  47  Lycodon_muelleri_DLSUD031          14.91%    passed     70.69%
  48  Lycodon_muelleri_RMB10605          35.97%    passed     59.59%
  49  Lycodon_muelleri_RMB9788           14.87%    passed     72.21%
  50  Lycodon_effraensis_9670            37.78%    passed     12.67%
  51  Lycodon_sp_RMB5948                 14.87%    passed     73.38%
  52  Lycodon_sp_RMB5965                 15.28%    passed     70.63%
  53  Lycodon_sp_RMB5991                 35.97%    passed     67.08%
  54  Lycodon_stormi_JAM7487             15.68%    passed      5.12%
  55  Lycodon_subcinctus_4199            58.92%    passed     56.01%
  56  Lycodon_subcinctus_5016            14.39%    passed     46.19%
  57  Lycodon_subcinctus_DSM1449L        32.44%    failed      0.09%
  58  Lycodon_subcinctus_RMB3097         14.50%    passed     58.78%
  59  Lycodon_subcinctus_RMB7585         35.60%    passed     38.02%
  60  Lycodon_zawi_239944                45.75%    passed      6.21%
  61  Oligodon_maculatus_RMB11713        55.62%    passed     45.41%
WARNING: 16 sequences contain more than 50% gaps/ambiguity
****  TOTAL                              32.74%  32 sequences failed composition chi2 test (p-value<5%; df=3)
NOTE: No CharPartition defined, use all CharSets

Loading 7 partitions...
Subset	Type	Seqs	Sites	Infor	Invar	Model	Name
1		61	370	115	227	TESTMERGE	Cytb_1
2		61	370	60	286	TESTMERGE	Cytb_2
3		61	370	346	9	TESTMERGE	Cytb_3
4		40	190	27	151	TESTMERGE	Cmos_3
5		40	190	10	176	TESTMERGE	Cmos_1
6		40	189	8	175	TESTMERGE	Cmos_2
7		41	1018	99	881	TESTMERGE	Vim
Degree of missing data: 0.196
Info: multi-threading strategy over partitions

NOTE: Lycodon_aulicus_RMB4347 is identical to Lycodon_aulicus_CDS658 but kept for subsequent analysis


Create initial parsimony tree by phylogenetic likelihood library (PLL)... 0.105 seconds
NOTE: ModelFinder requires 10 MB RAM!
Testing GTR+F+G on supermatrix...
GTR+F+G4 / LnL: -18608.542 / df: 128 / AIC: 37473.084 / AICc: 37485.944 / BIC: 38228.271
Selecting individual models for 7 charsets using BIC...
 No. Model        Score       Charset
   1 TPM2u+F+I+G4 6154.340    Cytb_1
   2 HKY+F+I+G4   5361.375    Vim
   3 TIM+F+G4     18901.152   Cytb_3
   4 TN+F+G4      1216.082    Cmos_3
   5 TN+F+I+G4    3321.640    Cytb_2
   6 JC+I+G4      838.619     Cmos_2
   7 K2P+I+G4     848.257     Cmos_1
Full partition model BIC score: 37658.304 (LnL: -18209.010  df:157)
Merging models to increase model fit (about 43 total partition schemes)...
   8 TIM2+F+I+G4  37647.996   Cytb_1+Cytb_3
   9 TIM2+F+I+G4  37879.597   Cytb_3+Vim
  10 TIM2+F+I+G4  37683.012   Cytb_3+Cmos_3	0h:3m:40s (0h:12m:7s left)
  11 TIM2+F+I+G4  37739.694   Cytb_2+Cytb_3	0h:3m:43s (0h:10m:50s left)
  12 TPM2u+F+I+G4 37770.454   Cytb_3+Cmos_2	0h:4m:38s (0h:11m:58s left)
  13 TIM2+F+I+G4  37815.378   Cytb_3+Cmos_1	0h:4m:42s (0h:10m:51s left)
  14 TPM2u+F+I+G4 37726.288   Cytb_1+Cytb_2	0h:5m:5s (0h:10m:33s left)
  15 TPM2+F+I+G4  37695.668   Cytb_1+Vim	0h:5m:7s (0h:9m:33s left)
  16 TPM2u+F+I+G4 37671.595   Cytb_1+Cmos_3	0h:5m:26s (0h:9m:10s left)
  17 TPM2u+F+I+G4 37739.225   Cytb_1+Cmos_2	0h:5m:43s (0h:8m:45s left)
  18 HKY+F+I+G4   37717.651   Cytb_2+Vim	0h:5m:44s (0h:7m:58s left)
  19 TIM2+F+I+G4  37737.955   Cytb_1+Cmos_1	0h:6m:4s (0h:7m:40s left)
  20 HKY+F+I+G4   37637.044   Cmos_3+Vim	0h:6m:7s (0h:7m:2s left)
  21 HKY+F+I+G4   37675.676   Cmos_2+Vim	0h:6m:27s (0h:6m:45s left)
  22 TN+F+I+G4    37639.382   Cytb_2+Cmos_3	0h:6m:34s (0h:6m:16s left)
  23 HKY+F+I+G4   37685.662   Cmos_1+Vim	0h:6m:46s (0h:5m:53s left)
  24 HKY+F+I+G4   37708.816   Cytb_2+Cmos_2	0h:6m:57s (0h:5m:30s left)
  25 HKY+F+I+G4   37674.606   Cmos_3+Cmos_2	0h:7m:6s (0h:5m:7s left)
  26 HKY+F+I+G4   37722.112   Cytb_2+Cmos_1	0h:7m:8s (0h:4m:40s left)
  27 K2P+I+G4     37676.639   Cmos_3+Cmos_1	0h:7m:14s (0h:4m:17s left)
  28 K2P+I+G4     37639.680   Cmos_1+Cmos_2	0h:7m:15s (0h:3m:53s left)
Merging Cmos_3+Vim with BIC score: 37637.044 (LnL: -18222.080  df: 151)
  29 TPM2u+F+I+G4 37686.738   Cytb_1+Cmos_3+Vim	0h:7m:46s (0h:3m:45s left)
  30 GTR+F+I+G4   37906.773   Cytb_3+Cmos_3+Vim	0h:8m:22s (0h:3m:37s left)
  31 HKY+F+I+G4   37690.663   Cytb_2+Cmos_3+Vim	0h:8m:26s (0h:3m:15s left)
  32 HKY+F+I+G4   37655.839   Cmos_3+Cmos_2+Vim	0h:8m:43s (0h:3m:0s left)
  33 HKY+F+I+G4   37667.164   Cmos_3+Cmos_1+Vim	0h:8m:45s (0h:2m:39s left)
Merging Cmos_1+Cmos_2 with BIC score: 37618.420 (LnL: -18220.668  df: 149)
  34 TPM2u+F+I+G4 37771.792   Cytb_1+Cmos_1+Cmos_2	0h:9m:1s (0h:2m:23s left)
  35 HKY+F+I+G4   37722.484   Cytb_2+Cmos_1+Cmos_2	0h:9m:24s (0h:2m:9s left)
  36 TIM2+F+I+G4  37863.040   Cytb_3+Cmos_1+Cmos_2	0h:9m:34s (0h:1m:51s left)
  37 HKY+F+I+G4   37673.314   Cmos_3+Cmos_1+Cmos_2+Vim	0h:9m:44s (0h:1m:34s left)
Merging Cytb_1+Cytb_3 with BIC score: 37608.112 (LnL: -18239.213  df: 143)
  38 TPM2u+F+I+G4 37694.667   Cytb_1+Cytb_2+Cytb_3	0h:10m:51s (0h:1m:25s left)
  39 GTR+F+I+G4   37834.389   Cytb_1+Cytb_3+Cmos_3+Vim	0h:11m:9s (0h:1m:8s left)
  40 TIM2+F+I+G4  37816.252   Cytb_1+Cytb_3+Cmos_1+Cmos_2	0h:11m:52s (0h:0m:53s left)
BEST-FIT PARTITION MODEL: 
  charpartition BIC = TIM2+F+I+G4: Cytb_1 Cytb_3, TN+F+I+G4: Cytb_2, HKY+F+I+G4: Cmos_3 Vim, K2P+I+G4: Cmos_1 Cmos_2;
Agglomerative model selection: ((Cytb_1,Cytb_3)3:37608.1,Cytb_2,(Cmos_3,Vim)1:37637,(Cmos_1,Cmos_2)2:37618.4)
Merging into 4 partitions...
Partition information was printed to 2_setSiler_2013.best_scheme.nex
Partition information in Raxml format was printed to 2_setSiler_2013.best_scheme

All model information printed to 2_setSiler_2013.model.gz
CPU time for ModelFinder: 266.115 seconds (0h:4m:26s)
Wall-clock time for ModelFinder: 714.129 seconds (0h:11m:54s)
Generating 1000 samples for ultrafast bootstrap (seed: 627423)...

NOTE: 10 MB RAM (0 GB) is required!
Estimate model parameters (epsilon = 0.100)
Initial log-likelihood: -19989.813
Current log-likelihood at step 1: -18240.879
Current log-likelihood at step 2: -18176.301
Current log-likelihood at step 3: -18128.055
Current log-likelihood at step 4: -18112.289
Current log-likelihood at step 5: -18108.240
Current log-likelihood at step 6: -18103.450
Current log-likelihood at step 7: -18101.528
Current log-likelihood at step 8: -18099.724
Current log-likelihood at step 9: -18097.869
Current log-likelihood at step 10: -18095.941
Current log-likelihood at step 11: -18093.923
Current log-likelihood at step 12: -18091.800
Current log-likelihood at step 13: -18089.558
Current log-likelihood at step 14: -18087.183
Current log-likelihood at step 15: -18084.660
Current log-likelihood at step 16: -18081.972
Current log-likelihood at step 17: -18079.101
Current log-likelihood at step 18: -18076.028
Current log-likelihood at step 19: -18072.736
Current log-likelihood at step 20: -18069.213
Current log-likelihood at step 21: -18065.462
Current log-likelihood at step 22: -18061.520
Current log-likelihood at step 23: -18049.146
Current log-likelihood at step 24: -18049.094
Parameters optimization took 23 rounds (27.597 sec)


WARNING: Estimated model parameters are at boundary that can cause numerical instability!

Computing ML distances based on estimated model parameters... 0.130 sec
WARNING: Some pairwise ML distances are too long (saturated)
Computing BIONJ tree...
0.028 seconds
Log-likelihood of BIONJ tree: -18371.371
--------------------------------------------------------------------
|             INITIALIZING CANDIDATE TREE SET                      |
--------------------------------------------------------------------
Generating 98 parsimony trees... 8.244 second
Computing log-likelihood of 98 initial trees ... 91.563 seconds
Current best score: -18022.451

Do NNI search on 20 best initial trees
Estimate model parameters (epsilon = 0.100)
Initial log-likelihood: -18003.927
Current log-likelihood at step 1: -18003.666
Current log-likelihood at step 2: -18003.637
Parameters optimization took 1 rounds (1.633 sec)


WARNING: Estimated model parameters are at boundary that can cause numerical instability!

BETTER TREE FOUND at iteration 1: -18003.637
BETTER TREE FOUND at iteration 2: -18003.631
Estimate model parameters (epsilon = 0.100)
Initial log-likelihood: -18003.460
Current log-likelihood at step 1: -18003.438
Parameters optimization took 0 rounds (0.627 sec)


WARNING: Estimated model parameters are at boundary that can cause numerical instability!

BETTER TREE FOUND at iteration 3: -18003.438
BETTER TREE FOUND at iteration 6: -18003.436
Iteration 10 / LogL: -18003.440 / Time: 0h:4m:6s
Iteration 20 / LogL: -18017.261 / Time: 0h:5m:36s
Finish initializing candidate tree set (12)
Current best tree score: -18003.436 / CPU time: 302.563
Number of iterations: 20
--------------------------------------------------------------------
|               OPTIMIZING CANDIDATE TREE SET                      |
--------------------------------------------------------------------
UPDATE BEST LOG-LIKELIHOOD: -18003.435
Iteration 30 / LogL: -18003.441 / Time: 0h:7m:26s (0h:19m:30s left)
Iteration 40 / LogL: -18057.407 / Time: 0h:9m:0s (0h:15m:14s left)
UPDATE BEST LOG-LIKELIHOOD: -18003.435
Iteration 50 / LogL: -18003.608 / Time: 0h:10m:17s (0h:11m:45s left)
Log-likelihood cutoff on original alignment: -18041.540
Iteration 60 / LogL: -18003.436 / Time: 0h:11m:47s (0h:9m:11s left)
UPDATE BEST LOG-LIKELIHOOD: -18003.435
Iteration 70 / LogL: -18003.436 / Time: 0h:13m:16s (0h:6m:55s left)
Iteration 80 / LogL: -18003.436 / Time: 0h:14m:37s (0h:4m:48s left)
UPDATE BEST LOG-LIKELIHOOD: -18003.435
Iteration 90 / LogL: -18003.436 / Time: 0h:16m:3s (0h:2m:53s left)
Iteration 100 / LogL: -18004.886 / Time: 0h:17m:26s (0h:1m:3s left)
Log-likelihood cutoff on original alignment: -18041.540
NOTE: Bootstrap correlation coefficient of split occurrence frequencies: 0.999
TREE SEARCH COMPLETED AFTER 107 ITERATIONS / Time: 0h:18m:41s

--------------------------------------------------------------------
|                    FINALIZING TREE SEARCH                        |
--------------------------------------------------------------------
Performs final model parameters optimization
Estimate model parameters (epsilon = 0.010)
Initial log-likelihood: -18003.435
Current log-likelihood at step 1: -18003.428
Parameters optimization took 0 rounds (0.864 sec)


WARNING: Estimated model parameters are at boundary that can cause numerical instability!

BEST SCORE FOUND : -18003.428
Creating bootstrap support values...
Split supports printed to NEXUS file 2_setSiler_2013.splits.nex
Total tree length: 8.114

Total number of iterations: 107
CPU time used for tree search: 187.935 sec (0h:3m:7s)
Wall-clock time used for tree search: 1087.951 sec (0h:18m:7s)
Total CPU time used: 194.401 sec (0h:3m:14s)
Total wall-clock time used: 1124.069 sec (0h:18m:44s)

Computing bootstrap consensus tree...
Reading input file 2_setSiler_2013.splits.nex...
61 taxa and 324 splits.
Consensus tree written to 2_setSiler_2013.contree
Reading input trees file 2_setSiler_2013.contree
Log-likelihood of consensus tree: -18003.428

Analysis results written to: 
  IQ-TREE report:                2_setSiler_2013.iqtree
  Maximum-likelihood tree:       2_setSiler_2013.treefile
  Likelihood distances:          2_setSiler_2013.mldist
  Best partitioning scheme:      2_setSiler_2013.best_scheme.nex
           in RAxML format:      2_setSiler_2013.best_scheme

Ultrafast bootstrap approximation results written to:
  Split support values:          2_setSiler_2013.splits.nex
  Consensus tree:                2_setSiler_2013.contree
  Screen log file:               2_setSiler_2013.log

Date and Time: Fri Sep  7 12:12:55 2018
