IQ-TREE multicore version 1.6.7 for Mac OS X 64-bit built Aug 23 2018
Developed by Bui Quang Minh, Nguyen Lam Tung, Olga Chernomor,
Heiko Schmidt, Dominik Schrempf, Michael Woodhams.

Host:    meeps-mac-pro.staff.sydney.edu.au (AVX, 64 GB RAM)
Command: /Users/davidduchene/Desktop/Software/iqtree-1.6.7-MacOSX/bin/iqtree -s ../../../../marsupials/set224.fasta -m TESTMERGE -bb 1000 -spp ../../../../marsupials/set224.nex -nt 2 -safe -pre 4_set224
Seed:    131223 (Using SPRNG - Scalable Parallel Random Number Generator)
Time:    Tue Sep 11 14:14:36 2018
Kernel:  Safe AVX - 2 threads (8 CPU cores detected)

Reading partition model file ../../../../marsupials/set224.nex ...
Reading alignment file ../../../../marsupials/set224.fasta ... Fasta format detected
Alignment most likely contains DNA/RNA sequences
Alignment has 37 sequences with 2994 columns, 1106 distinct patterns
776 parsimony-informative, 356 singleton sites, 1862 constant sites
                                              Gap/Ambiguity  Composition  p-value
   1  Burramyidae_Burramys_parvus                    14.43%    passed     44.81%
   2  Notoryctidae_Notoryctes_typhlops                1.87%    passed     30.29%
   3  Vombatidae_Lasiorhinus_latifrons               14.40%    failed      2.87%
   4  Potoroidae_Bettongia_penicillata                0.13%    passed     91.67%
   5  Potoroidae_Bettongia_lesueur                    0.00%    passed     95.16%
   6  Dasyuridae_Dasyurus_maculatus                   0.03%    passed     92.04%
   7  Phalangeridae_Trichosurus_vulpecula             0.20%    passed     95.93%
   8  Phalangeridae_Spilocuscus_maculatus            14.09%    passed     35.95%
   9  Potoroidae_Aepyprymnus_rufescens                1.04%    passed     87.60%
  10  Peramelidae_Perameles_nasuta                    0.30%    passed     94.15%
  11  Phalangeridae_Strigocuscus_pelengensis          2.97%    passed     94.73%
  12  Dasyuridae_Phascogale_tapoatafa                 3.01%    passed     93.90%
  13  Vombatidae_Vombatus_ursinus1                   86.34%    failed      0.46%
  14  Dasyuridae_Sminthopsis_macroura                 0.20%    passed     99.32%
  15  Vombatidae_Vombatus_ursinus2                   86.34%    failed      0.46%
  16  Phalangeridae_Phalanger_orientalis              0.13%    passed     98.84%
  17  Acrobatidae_Acrobates_pygmaeus                  0.77%    passed     74.54%
  18  Dasyuridae_Phascogale_calura                    2.67%    passed     97.99%
  19  Dasyuridae_Sarcophilus_harrisii                 0.03%    passed     83.33%
  20  Dasyuridae_Planigale_tenuirostris               5.34%    passed     92.49%
  21  Peramelidae_Echymipera_kalubu                   0.27%    passed     91.71%
  22  Macropodidae_Dorcopsulus_vanheurni              0.37%    passed     91.38%
  23  Pseudochiridae_Pseudochirulus_forbesi           0.00%    passed     96.56%
  24  Didelphidae_Didelphis_virginiana                4.74%    passed     98.11%
  25  Marmosidae_Monodelphis_domestica                5.71%    passed     99.76%
  26  Dasyuridae_Antechinus_stuartii                  6.48%    passed     81.79%
  27  Hypsiprymnodontidae_Hypsiprymnodon_moschatus    0.00%    passed     95.79%
  28  Microbiotheriidae_Dromiciops_gliroides          5.54%    passed     29.58%
  29  Pseudochiridae_Petauroides_volans               1.04%    passed     98.87%
  30  Macropodidae_Wallabia_bicolor                   0.17%    passed     86.84%
  31  Pseudochiridae_Pseudocheirus_occidentalis       0.13%    passed     99.17%
  32  Tarsipedidae_Tarsipes_rostratus                 4.38%    passed     23.88%
  33  Acrobatidae_Distoechurus_pennatus               0.30%    passed     88.69%
  34  Phalangeridae_Phalanger_carmelitae              0.00%    passed     97.60%
  35  Peramelidae_Peroryctes_raffrayana               0.40%    passed     96.96%
  36  Dasyuridae_Dasyurus_geffroii                    0.47%    passed     94.93%
  37  Peramelidae_Perameles_gunnii                    0.37%    passed     95.42%
WARNING: 2 sequences contain more than 50% gaps/ambiguity
****  TOTAL                                           7.15%  3 sequences failed composition chi2 test (p-value<5%; df=3)
NOTE: No CharPartition defined, use all CharSets

Loading 15 partitions...
Subset	Type	Seqs	Sites	Infor	Invar	Model	Name
1		35	162	11	144	TESTMERGE	part1.1
2		35	162	4	155	TESTMERGE	part1.2
3		35	162	84	47	TESTMERGE	part1.3
4		35	337	66	219	TESTMERGE	part2.1
5		35	337	56	244	TESTMERGE	part2.2
6		35	337	180	96	TESTMERGE	part2.3
7		35	286	47	208	TESTMERGE	part3.1
8		35	286	29	241	TESTMERGE	part3.2
9		35	286	143	88	TESTMERGE	part3.3
10		35	73	18	49	TESTMERGE	part4.1
11		35	73	15	53	TESTMERGE	part4.2
12		35	73	39	20	TESTMERGE	part4.3
13		34	140	18	114	TESTMERGE	part5.1
14		34	140	6	127	TESTMERGE	part5.2
15		34	140	60	57	TESTMERGE	part5.3
Degree of missing data: 0.058
Info: multi-threading strategy over partitions

NOTE: Vombatidae_Vombatus_ursinus2 is identical to Vombatidae_Vombatus_ursinus1 but kept for subsequent analysis


Create initial parsimony tree by phylogenetic likelihood library (PLL)... 0.007 seconds
NOTE: ModelFinder requires 11 MB RAM!
Testing GTR+F+G on supermatrix...
GTR+F+G4 / LnL: -17236.648 / df: 80 / AIC: 34633.295 / AICc: 34637.744 / BIC: 35113.644
Selecting individual models for 15 charsets using BIC...
 No. Model        Score       Charset
   1 TIM2e+G4     5607.370    part3.3
   2 K2P+G4       6519.794    part2.3
   3 K3Pu+F+G4    3534.776    part2.1
   4 HKY+F+G4     3126.814    part1.3
   5 HKY+F+G4     2838.205    part2.2
   6 HKY+F+G4     2316.856    part3.1
   7 TIM2e+G4     2064.540    part5.3
   8 TIM3+F+G4    1770.008    part3.2
   9 TNe+I        1353.176    part4.3
  10 K2P+G4       932.677     part5.1	0h:0m:5s (0h:1m:49s left)
  11 K2P+I        828.974     part1.1	0h:0m:5s (0h:1m:46s left)
  12 K2P+I        693.188     part4.1	0h:0m:6s (0h:1m:41s left)
  13 JC+I         605.890     part4.2	0h:0m:6s (0h:1m:35s left)
  14 F81+F+I      676.436     part5.2	0h:0m:6s (0h:1m:33s left)
  15 K2P+I        656.068     part1.2	0h:0m:6s (0h:1m:28s left)
Full partition model BIC score: 34272.887 (LnL: -16580.140  df:139)
Merging models to increase model fit (about 211 total partition schemes)...
  16 TNe+G4       34378.183   part2.1+part2.3	0h:0m:8s (0h:1m:49s left)
  17 K2P+G4       34259.861   part2.3+part3.3	0h:0m:9s (0h:1m:49s left)
  18 HKY+F+G4     34370.387   part1.3+part2.3	0h:0m:11s (0h:2m:3s left)
  19 K2P+G4       34405.572   part2.2+part2.3	0h:0m:11s (0h:1m:57s left)
  20 K2P+G4       34260.299   part2.3+part5.3	0h:0m:13s (0h:2m:9s left)
  21 HKY+F+G4     34437.967   part2.3+part3.1	0h:0m:13s (0h:2m:3s left)
  22 K3P+G4       34360.893   part2.1+part3.3	0h:0m:15s (0h:2m:14s left)
  23 TIM2+F+G4    34380.690   part1.3+part3.3	0h:0m:15s (0h:2m:10s left)
  24 K2P+I+G4     34484.430   part2.3+part3.2	0h:0m:17s (0h:2m:16s left)
  25 K2P+G4       34250.856   part2.3+part4.3	0h:0m:17s (0h:2m:11s left)
  26 K2P+G4       34396.687   part2.2+part3.3	0h:0m:19s (0h:2m:17s left)
  27 K2P+G4       34431.993   part1.1+part2.3	0h:0m:19s (0h:2m:12s left)
  28 TIM2+F+G4    34427.316   part3.1+part3.3	0h:0m:21s (0h:2m:19s left)
  29 TIM2e+G4     34253.234   part3.3+part5.3	0h:0m:21s (0h:2m:14s left)
  30 K2P+G4       34379.088   part2.3+part5.1	0h:0m:23s (0h:2m:19s left)
  31 K2P+G4       34294.254   part2.3+part4.1	0h:0m:23s (0h:2m:14s left)
  32 K2P+G4       34319.574   part2.3+part4.2	0h:0m:24s (0h:2m:18s left)
  33 K2P+G4       34480.665   part1.2+part2.3	0h:0m:24s (0h:2m:13s left)
  34 K2P+G4       34435.177   part2.3+part5.2	0h:0m:26s (0h:2m:17s left)
  35 TN+F+G4      34444.403   part1.3+part2.1	0h:0m:26s (0h:2m:14s left)
  36 K2P+G4       34256.727   part3.3+part4.3	0h:0m:28s (0h:2m:16s left)
WARNING: ABNORMAL_TERMINATION_IN_LNSRCH
  37 K3Pu+F+I+G4  34465.339   part3.2+part3.3	0h:0m:28s (0h:2m:13s left)
  38 K3P+G4       34411.925   part1.1+part3.3	0h:0m:29s (0h:2m:15s left)
  39 K3Pu+F+G4    34259.274   part2.1+part2.2	0h:0m:29s (0h:2m:11s left)
  40 TIM2e+G4     34370.775   part3.3+part5.1	0h:0m:31s (0h:2m:14s left)
  41 TIM2e+G4     34291.184   part3.3+part4.1	0h:0m:31s (0h:2m:10s left)
  42 K2P+G4       34317.806   part3.3+part4.2	0h:0m:32s (0h:2m:12s left)
  43 TN+F+I+G4    34456.966   part1.3+part2.2	0h:0m:33s (0h:2m:9s left)
  44 K3Pu+F+G4    34462.291   part1.2+part3.3	0h:0m:34s (0h:2m:11s left)
  45 TPM2+F+G4    34293.352   part2.1+part5.3	0h:0m:34s (0h:2m:7s left)
  46 K3Pu+F+G4    34257.337   part2.1+part3.1	0h:0m:36s (0h:2m:9s left)
  47 K3Pu+F+G4    34421.754   part3.3+part5.2	0h:0m:36s (0h:2m:6s left)
  48 TN+F+G4      34376.303   part1.3+part5.3	0h:0m:37s (0h:2m:8s left)
  49 TN+F+G4      34432.460   part1.3+part3.1	0h:0m:38s (0h:2m:5s left)
  50 HKY+F+G4     34289.414   part2.2+part5.3	0h:0m:39s (0h:2m:6s left)
  51 TIM+F+G4     34281.787   part2.1+part3.2	0h:0m:39s (0h:2m:3s left)
  52 K3Pu+F+G4    34300.902   part2.1+part4.3	0h:0m:40s (0h:2m:4s left)
  53 HKY+F+G4     34281.991   part2.2+part3.1	0h:0m:40s (0h:2m:1s left)
  54 HKY+F+G4     34339.655   part1.3+part4.3	0h:0m:42s (0h:2m:2s left)
  55 TVM+F+I+G4   34537.818   part1.3+part3.2	0h:0m:42s (0h:2m:0s left)
  56 TN+F+G4      34338.210   part3.1+part5.3	0h:0m:43s (0h:2m:0s left)
  57 K3Pu+F+I+G4  34291.781   part1.1+part2.1	0h:0m:43s (0h:1m:58s left)
  58 K3Pu+F+G4    34269.340   part2.1+part5.1	0h:0m:44s (0h:1m:58s left)
  59 TN+F+I+G4    34449.076   part1.1+part1.3	0h:0m:45s (0h:1m:57s left)
  60 K3Pu+F+G4    34264.033   part2.1+part4.1	0h:0m:46s (0h:1m:56s left)
  61 TN+F+G4      34426.101   part1.3+part5.1	0h:0m:47s (0h:1m:55s left)
  62 HKY+F+G4     34307.322   part2.2+part4.3	0h:0m:47s (0h:1m:53s left)
  63 TPM3u+F+G4   34252.644   part2.2+part3.2	0h:0m:48s (0h:1m:53s left)
  64 TN+F+G4      34325.131   part1.3+part4.1	0h:0m:48s (0h:1m:52s left)
  65 K3Pu+F+G4    34279.321   part2.1+part4.2	0h:0m:49s (0h:1m:50s left)
  66 TIMe+I+G4    34329.915   part1.2+part2.1	0h:0m:49s (0h:1m:49s left)
  67 TIM+F+G4     34301.120   part2.1+part5.2	0h:0m:50s (0h:1m:48s left)
  68 TN+F+G4      34381.238   part1.3+part4.2	0h:0m:51s (0h:1m:48s left)
  69 TPM3u+F+I+G4 34533.851   part1.2+part1.3	0h:0m:51s (0h:1m:46s left)
  70 TPM3u+F+I+G4 34503.621   part1.3+part5.2	0h:0m:53s (0h:1m:46s left)
  71 HKY+F+G4     34253.591   part4.3+part5.3	0h:0m:53s (0h:1m:45s left)
  72 TIM3+F+G4    34339.389   part3.2+part5.3	0h:0m:54s (0h:1m:44s left)
  73 TN+F+G4      34274.728   part1.1+part2.2	0h:0m:54s (0h:1m:42s left)
  74 TIM3e+G4     34293.988   part3.1+part3.2	0h:0m:55s (0h:1m:42s left)
  75 HKY+F+G4     34329.871   part3.1+part4.3	0h:0m:55s (0h:1m:40s left)
  76 TN+F+G4      34264.991   part2.2+part5.1	0h:0m:56s (0h:1m:40s left)
  77 K2P+G4       34250.550   part2.2+part4.1	0h:0m:56s (0h:1m:38s left)
  78 HKY+F+G4     34262.403   part2.2+part4.2	0h:0m:57s (0h:1m:37s left)
  79 TIM2e+G4     34336.889   part1.1+part5.3	0h:0m:57s (0h:1m:36s left)
  80 K2P+G4       34300.041   part1.2+part2.2	0h:0m:58s (0h:1m:35s left)
  81 HKY+F+G4     34275.227   part1.1+part3.1	0h:0m:58s (0h:1m:34s left)
  82 HKY+F+G4     34270.338   part2.2+part5.2	0h:0m:59s (0h:1m:33s left)
  83 TIM2e+G4     34309.773   part5.1+part5.3	0h:0m:59s (0h:1m:32s left)
  84 TIM2e+G4     34265.080   part4.1+part5.3	0h:1m:0s (0h:1m:31s left)
  85 HKY+F+G4     34254.268   part3.1+part5.1	0h:1m:0s (0h:1m:30s left)
  86 TPM3u+F+G4   34261.582   part3.1+part4.1	0h:1m:1s (0h:1m:29s left)
  87 K2P+G4       34287.007   part4.2+part5.3	0h:1m:1s (0h:1m:28s left)
  88 TPM3u+F+I+G4 34378.166   part1.2+part5.3	0h:1m:2s (0h:1m:28s left)
  89 TIM2+F+I     34337.666   part3.2+part4.3	0h:1m:2s (0h:1m:26s left)
  90 TIM2e+G4     34329.577   part1.2+part3.1	0h:1m:3s (0h:1m:25s left)
  91 HKY+F+G4     34281.064   part3.1+part4.2	0h:1m:3s (0h:1m:24s left)
  92 TPM3u+F+G4   34342.661   part5.2+part5.3	0h:1m:4s (0h:1m:23s left)
  93 HKY+F+G4     34313.081   part3.1+part5.2	0h:1m:4s (0h:1m:22s left)
  94 K2P+I        34256.221   part1.1+part3.2	0h:1m:5s (0h:1m:21s left)
  95 K2P+G4       34341.451   part1.1+part4.3	0h:1m:5s (0h:1m:20s left)
  96 K2P+G4       34250.039   part3.2+part5.1	0h:1m:6s (0h:1m:19s left)
  97 K2P+G4       34317.690   part4.3+part5.1	0h:1m:6s (0h:1m:18s left)
  98 K2P+G4       34259.933   part3.2+part4.1	0h:1m:6s (0h:1m:17s left)
  99 K2P+I        34275.410   part4.1+part4.3	0h:1m:7s (0h:1m:16s left)
 100 TN+F+I       34266.445   part3.2+part4.2	0h:1m:7s (0h:1m:15s left)
 101 K2P+I        34296.978   part4.2+part4.3	0h:1m:8s (0h:1m:14s left)
 102 TIM3+F+I     34258.674   part1.2+part3.2	0h:1m:8s (0h:1m:13s left)
 103 TN+F+I       34376.647   part1.2+part4.3	0h:1m:9s (0h:1m:12s left)
 104 TN+F+I       34352.364   part4.3+part5.2	0h:1m:9s (0h:1m:11s left)
 105 TIM3+F+G4    34231.218   part3.2+part5.2	0h:1m:9s (0h:1m:10s left)
 106 K2P+I        34259.736   part1.1+part5.1	0h:1m:10s (0h:1m:10s left)
 107 K2P+G4       34265.238   part1.1+part4.1	0h:1m:10s (0h:1m:8s left)
 108 K2P+G4       34272.656   part1.1+part4.2	0h:1m:11s (0h:1m:8s left)
 109 K2P+I        34261.089   part1.1+part1.2	0h:1m:11s (0h:1m:7s left)
 110 K2P+G4       34256.041   part4.1+part5.1	0h:1m:12s (0h:1m:6s left)
 111 K3P+I        34263.902   part1.1+part5.2	0h:1m:12s (0h:1m:5s left)
 112 K2P+G4       34256.125   part4.2+part5.1	0h:1m:12s (0h:1m:4s left)
 113 K2P+I        34259.038   part4.1+part4.2	0h:1m:13s (0h:1m:3s left)
 114 K2P+I        34269.104   part1.2+part5.1	0h:1m:13s (0h:1m:2s left)
 115 K2P+G4       34256.416   part5.1+part5.2	0h:1m:13s (0h:1m:1s left)
 116 K2P+I        34284.532   part1.2+part4.1	0h:1m:13s (0h:1m:0s left)
 117 K2P+G4       34273.258   part4.1+part5.2	0h:1m:14s (0h:0m:59s left)
 118 K2P+I        34281.225   part1.2+part4.2	0h:1m:14s (0h:0m:58s left)
 119 F81+F+G4     34268.057   part4.2+part5.2	0h:1m:14s (0h:0m:57s left)
 120 TPM3u+F+I    34250.573   part1.2+part5.2	0h:1m:15s (0h:0m:57s left)
Merging part3.2+part5.2 with BIC score: 34231.218 (LnL: -16579.317  df: 134)
 121 TIM2+F+I+G4  34552.314   part2.3+part3.2+part5.2	0h:1m:17s (0h:0m:57s left)
 122 K3Pu+F+I+G4  34506.848   part3.2+part3.3+part5.2	0h:1m:17s (0h:0m:56s left)
 123 TIM+F+I+G4   34276.495   part2.1+part3.2+part5.2	0h:1m:19s (0h:0m:56s left)
 124 TVM+F+I+G4   34567.995   part1.3+part3.2+part5.2	0h:1m:19s (0h:0m:55s left)
 125 TPM3u+F+G4   34233.325   part2.2+part3.2+part5.2	0h:1m:20s (0h:0m:55s left)
 126 TIM3e+G4     34282.525   part3.1+part3.2+part5.2	0h:1m:21s (0h:0m:54s left)
 127 TIM3+F+I     34323.228   part3.2+part4.3+part5.2	0h:1m:21s (0h:0m:54s left)
 128 TPM3u+F+I    34240.135   part1.1+part3.2+part5.2	0h:1m:22s (0h:0m:53s left)
 129 TPM3u+F+I    34235.237   part3.2+part5.1+part5.2	0h:1m:22s (0h:0m:52s left)
 130 TPM3u+F+G4   34251.205   part3.2+part4.1+part5.2	0h:1m:23s (0h:0m:51s left)
 131 TIM3+F+G4    34234.233   part3.2+part4.2+part5.2	0h:1m:23s (0h:0m:51s left)
 132 TIM3+F+I     34214.729   part1.2+part3.2+part5.2	0h:1m:24s (0h:0m:50s left)
 133 TIM3+F+I+G4  34334.382   part3.2+part5.2+part5.3	0h:1m:24s (0h:0m:49s left)
Merging part2.2+part4.1 with BIC score: 34208.881 (LnL: -16592.161  df: 128)
 134 K2P+G4       34346.773   part2.2+part3.3+part4.1	0h:1m:26s (0h:0m:49s left)
 135 K2P+G4       34352.836   part2.2+part2.3+part4.1	0h:1m:27s (0h:0m:49s left)
 136 HKY+F+G4     34201.205   part2.1+part2.2+part4.1	0h:1m:28s (0h:0m:48s left)
 137 TN+F+G4      34397.298   part1.3+part2.2+part4.1	0h:1m:29s (0h:0m:48s left)
 138 HKY+F+G4     34219.940   part2.2+part3.1+part4.1	0h:1m:30s (0h:0m:47s left)
 139 K2P+G4       34194.141   part2.2+part4.1+part5.1	0h:1m:30s (0h:0m:46s left)
 140 HKY+F+G4     34227.057   part2.2+part3.2+part4.1+part5.2	0h:1m:31s (0h:0m:46s left)
 141 TN+F+G4      34212.720   part1.1+part2.2+part4.1	0h:1m:31s (0h:0m:45s left)
 142 K2P+G4       34197.804   part2.2+part4.1+part4.2	0h:1m:32s (0h:0m:45s left)
 143 HKY+F+G4     34234.408   part2.2+part4.1+part5.3	0h:1m:33s (0h:0m:44s left)
 144 K2P+G4       34241.831   part2.2+part4.1+part4.3	0h:1m:34s (0h:0m:43s left)
 145 K2P+G4       34238.766   part1.2+part2.2+part4.1	0h:1m:34s (0h:0m:42s left)
Merging part2.3+part4.3 with BIC score: 34186.850 (LnL: -16597.155  df: 124)
 146 TNe+G4       34299.242   part2.1+part2.3+part4.3	0h:1m:37s (0h:0m:43s left)
 147 K2P+G4       34177.805   part2.3+part3.3+part4.3	0h:1m:37s (0h:0m:42s left)
 148 HKY+F+G4     34303.468   part1.3+part2.3+part4.3	0h:1m:39s (0h:0m:42s left)
 149 K2P+G4       34347.137   part2.2+part2.3+part4.1+part4.3	0h:1m:39s (0h:0m:41s left)
 150 K2P+G4       34363.819   part2.3+part3.1+part4.3	0h:1m:41s (0h:0m:41s left)
 151 TIM2+F+I+G4  34527.700   part2.3+part3.2+part4.3+part5.2	0h:1m:42s (0h:0m:40s left)
 152 K2P+G4       34174.501   part2.3+part4.3+part5.3	0h:1m:44s (0h:0m:40s left)
 153 K2P+G4       34356.888   part1.1+part2.3+part4.3	0h:1m:44s (0h:0m:39s left)
 154 K2P+G4       34235.789   part2.3+part4.2+part4.3	0h:1m:46s (0h:0m:39s left)
 155 K2P+G4       34300.532   part2.3+part4.3+part5.1	0h:1m:46s (0h:0m:38s left)
 156 TNe+G4       34408.429   part1.2+part2.3+part4.3	0h:1m:48s (0h:0m:38s left)
Merging part3.3+part5.3 with BIC score: 34167.198 (LnL: -16607.339  df: 119)
 157 TVMe+G4      34260.421   part2.1+part3.3+part5.3	0h:1m:51s (0h:0m:38s left)
 158 K2P+G4       34166.492   part2.3+part3.3+part4.3+part5.3	0h:1m:51s (0h:0m:37s left)
 159 TNe+G4       34283.595   part1.3+part3.3+part5.3	0h:1m:53s (0h:0m:37s left)
 160 TIM2e+G4     34309.483   part2.2+part3.3+part4.1+part5.3	0h:1m:54s (0h:0m:36s left)
 161 TIM2+F+G4    34327.148   part3.1+part3.3+part5.3	0h:1m:56s (0h:0m:36s left)
 162 TPM3u+F+I+G4 34456.953   part3.2+part3.3+part5.2+part5.3	0h:1m:57s (0h:0m:35s left)
 163 TIM2e+G4     34306.885   part1.1+part3.3+part5.3	0h:1m:58s (0h:0m:35s left)
 164 TIM2e+G4     34212.746   part3.3+part4.2+part5.3	0h:1m:59s (0h:0m:34s left)
 165 TIM2e+G4     34259.480   part3.3+part5.1+part5.3	0h:2m:1s (0h:0m:33s left)
 166 TPM3+F+G4    34354.616   part1.2+part3.3+part5.3	0h:2m:2s (0h:0m:33s left)
Merging part3.1+part5.1 with BIC score: 34148.579 (LnL: -16610.037  df: 116)
 167 HKY+F+G4     34390.811   part2.3+part3.1+part4.3+part5.1	0h:2m:4s (0h:0m:32s left)
 168 TIM2+F+G4    34363.984   part3.1+part3.3+part5.1+part5.3	0h:2m:5s (0h:0m:32s left)
 169 K3Pu+F+I+G4  34140.115   part2.1+part3.1+part5.1	0h:2m:6s (0h:0m:31s left)
 170 TN+F+G4      34361.250   part1.3+part3.1+part5.1	0h:2m:7s (0h:0m:30s left)
 171 TN+F+G4      34158.744   part2.2+part3.1+part4.1+part5.1	0h:2m:8s (0h:0m:30s left)
 172 TIM3e+G4     34206.639   part3.1+part3.2+part5.1+part5.2	0h:2m:9s (0h:0m:29s left)
 173 HKY+F+G4     34146.150   part1.1+part3.1+part5.1	0h:2m:9s (0h:0m:28s left)
 174 HKY+F+G4     34150.576   part3.1+part4.2+part5.1	0h:2m:10s (0h:0m:27s left)
 175 HKY+F+I+G4   34208.139   part1.2+part3.1+part5.1	0h:2m:10s (0h:0m:26s left)
Merging part1.2+part3.2+part5.2 with BIC score: 34132.090 (LnL: -16613.798  df: 113)
 176 TIM3+F+I     34139.391   part1.2+part3.2+part4.2+part5.2	0h:2m:12s (0h:0m:26s left)
 177 TIM2+F+I+G4  34563.975   part1.2+part2.3+part3.2+part4.3+part5.2	0h:2m:13s (0h:0m:25s left)
 178 GTR+F+I+G4   34217.447   part1.2+part2.1+part3.2+part5.2	0h:2m:14s (0h:0m:24s left)
 179 TPM3u+F+G4   34180.219   part1.2+part2.2+part3.2+part4.1+part5.2	0h:2m:15s (0h:0m:24s left)
 180 TVM+F+I+G4   34514.598   part1.2+part1.3+part3.2+part5.2	0h:2m:16s (0h:0m:23s left)
 181 TIM3e+I+G4   34210.378   part1.2+part3.1+part3.2+part5.1+part5.2	0h:2m:17s (0h:0m:22s left)
 182 TPM3u+F+I    34143.413   part1.1+part1.2+part3.2+part5.2	0h:2m:18s (0h:0m:22s left)
 183 TPM3u+F+I+G4 34503.545   part1.2+part3.2+part3.3+part5.2+part5.3	0h:2m:19s (0h:0m:21s left)
Merging part2.2+part4.1+part4.2 with BIC score: 34121.012 (LnL: -16616.264  df: 111)
 184 HKY+F+G4     34117.798   part2.1+part2.2+part4.1+part4.2	0h:2m:21s (0h:0m:20s left)
 185 K2P+G4       34302.031   part2.2+part2.3+part4.1+part4.2+part4.3	0h:2m:21s (0h:0m:19s left)
 186 TN+F+G4      34330.527   part1.3+part2.2+part4.1+part4.2	0h:2m:23s (0h:0m:19s left)
 187 TN+F+G4      34136.276   part2.2+part3.1+part4.1+part4.2+part5.1	0h:2m:23s (0h:0m:18s left)
 188 TN+F+G4      34127.641   part1.1+part2.2+part4.1+part4.2	0h:2m:25s (0h:0m:17s left)
 189 TIM2e+G4     34289.271   part2.2+part3.3+part4.1+part4.2+part5.3	0h:2m:26s (0h:0m:17s left)
 190 HKY+F+G4     34170.085   part1.2+part2.2+part3.2+part4.1+part4.2+part5.2	0h:2m:26s (0h:0m:16s left)
Merging part2.1+part3.1+part5.1 with BIC score: 34112.548 (LnL: -16632.043  df: 106)
 191 HKY+F+G4     34357.906   part2.1+part2.3+part3.1+part4.3+part5.1	0h:2m:29s (0h:0m:15s left)
 192 TN+F+I+G4    34353.269   part1.3+part2.1+part3.1+part5.1	0h:2m:29s (0h:0m:14s left)
 193 HKY+F+I+G4   34118.824   part2.1+part2.2+part3.1+part4.1+part4.2+part5.1	0h:2m:32s (0h:0m:14s left)
 194 TIM2+F+I+G4  34339.994   part2.1+part3.1+part3.3+part5.1+part5.3	0h:2m:33s (0h:0m:13s left)
 195 K3Pu+F+I+G4  34117.811   part1.1+part2.1+part3.1+part5.1	0h:2m:34s (0h:0m:12s left)
 196 TN+F+I+G4    34235.253   part1.2+part2.1+part3.1+part3.2+part5.1+part5.2	0h:2m:35s (0h:0m:11s left)
Merging part2.3+part3.3+part4.3+part5.3 with BIC score: 34111.842 (LnL: -16651.700  df: 101)
 197 K2P+G4       34229.600   part1.3+part2.3+part3.3+part4.3+part5.3	0h:2m:40s (0h:0m:11s left)
 198 TIM2+F+G4    34452.861   part2.1+part2.3+part3.1+part3.3+part4.3+part5.1+part5.3	0h:2m:40s (0h:0m:10s left)
 199 K2P+G4       34338.383   part2.2+part2.3+part3.3+part4.1+part4.2+part4.3+part5.3	0h:2m:45s (0h:0m:9s left)
 200 K2P+G4       34287.653   part1.1+part2.3+part3.3+part4.3+part5.3	0h:2m:45s (0h:0m:9s left)
 201 TIM3+F+I+G4  34655.274   part1.2+part2.3+part3.2+part3.3+part4.3+part5.2+part5.3	0h:2m:48s (0h:0m:8s left)
BEST-FIT PARTITION MODEL: 
  charpartition BIC = K2P+I: part1.1, TIM3+F+I: part1.2 part3.2 part5.2, HKY+F+G4: part1.3, K3Pu+F+I+G4: part2.1 part3.1 part5.1, K2P+G4: part2.2 part4.1 part4.2, K2P+G4: part2.3 part3.3 part4.3 part5.3;
Agglomerative model selection: (part1.1,(part1.2,(part3.2,part5.2)1:34231.2)6:34132.1,part1.3,(part2.1,(part3.1,part5.1)5:34148.6)8:34112.5,((part2.2,part4.1)2:34208.9,part4.2)7:34121,((part2.3,part4.3)3:34186.9,(part3.3,part5.3)4:34167.2)9:34111.8)
Merging into 6 partitions...
Partition information was printed to 4_set224.best_scheme.nex
Partition information in Raxml format was printed to 4_set224.best_scheme

All model information printed to 4_set224.model.gz
CPU time for ModelFinder: 326.644 seconds (0h:5m:26s)
Wall-clock time for ModelFinder: 169.063 seconds (0h:2m:49s)
Generating 1000 samples for ultrafast bootstrap (seed: 131223)...

NOTE: 10 MB RAM (0 GB) is required!
Estimate model parameters (epsilon = 0.100)
Initial log-likelihood: -18033.291
Current log-likelihood at step 1: -17193.517
Current log-likelihood at step 2: -17084.435
Current log-likelihood at step 3: -16975.846
Current log-likelihood at step 4: -16899.332
Current log-likelihood at step 5: -16818.405
Current log-likelihood at step 6: -16702.153
Current log-likelihood at step 7: -16657.108
Current log-likelihood at step 8: -16656.276
Current log-likelihood at step 9: -16655.547
Current log-likelihood at step 10: -16654.902
Current log-likelihood at step 11: -16654.330
Current log-likelihood at step 12: -16653.824
Current log-likelihood at step 13: -16653.375
Current log-likelihood at step 14: -16652.988
Current log-likelihood at step 15: -16652.643
Current log-likelihood at step 16: -16652.336
Current log-likelihood at step 17: -16652.056
Current log-likelihood at step 18: -16651.806
Current log-likelihood at step 19: -16651.601
Current log-likelihood at step 20: -16651.445
Current log-likelihood at step 21: -16651.303
Current log-likelihood at step 22: -16651.172
Current log-likelihood at step 23: -16651.052
Current log-likelihood at step 24: -16650.941
Current log-likelihood at step 25: -16650.840
Current log-likelihood at step 26: -16650.746
Partition-specific rates:  0.203 0.231 2.793 0.606 0.514 1.989
Parameters optimization took 25 rounds (1.350 sec)

Computing ML distances based on estimated model parameters... 0.061 sec
WARNING: Some pairwise ML distances are too long (saturated)
Computing BIONJ tree...
0.003 seconds
Log-likelihood of BIONJ tree: -16675.619
--------------------------------------------------------------------
|             INITIALIZING CANDIDATE TREE SET                      |
--------------------------------------------------------------------
Generating 98 parsimony trees... 1.124 second
Computing log-likelihood of 98 initial trees ... 2.292 seconds
Current best score: -16649.854

Do NNI search on 20 best initial trees
Estimate model parameters (epsilon = 0.100)
Initial log-likelihood: -16644.354
Current log-likelihood at step 1: -16644.164
Current log-likelihood at step 2: -16644.081
Parameters optimization took 1 rounds (0.067 sec)

BETTER TREE FOUND at iteration 1: -16644.081
UPDATE BEST LOG-LIKELIHOOD: -16644.072
Iteration 10 / LogL: -16644.618 / Time: 0h:0m:7s
Estimate model parameters (epsilon = 0.100)
Initial log-likelihood: -16643.783
Current log-likelihood at step 1: -16643.603
Current log-likelihood at step 2: -16643.524
Parameters optimization took 1 rounds (0.060 sec)

BETTER TREE FOUND at iteration 12: -16643.524
UPDATE BEST LOG-LIKELIHOOD: -16643.516
Iteration 20 / LogL: -16645.626 / Time: 0h:0m:9s
Finish initializing candidate tree set (8)
Current best tree score: -16643.516 / CPU time: 8.390
Number of iterations: 20
--------------------------------------------------------------------
|               OPTIMIZING CANDIDATE TREE SET                      |
--------------------------------------------------------------------
Iteration 30 / LogL: -16644.225 / Time: 0h:0m:12s (0h:0m:35s left)
UPDATE BEST LOG-LIKELIHOOD: -16643.516
Iteration 40 / LogL: -16648.523 / Time: 0h:0m:14s (0h:0m:27s left)
Iteration 50 / LogL: -16644.514 / Time: 0h:0m:17s (0h:0m:21s left)
Log-likelihood cutoff on original alignment: -16677.010
Iteration 60 / LogL: -16645.603 / Time: 0h:0m:20s (0h:0m:17s left)
Iteration 70 / LogL: -16645.551 / Time: 0h:0m:22s (0h:0m:13s left)
UPDATE BEST LOG-LIKELIHOOD: -16643.516
Iteration 80 / LogL: -16645.592 / Time: 0h:0m:25s (0h:0m:10s left)
Iteration 90 / LogL: -16645.565 / Time: 0h:0m:27s (0h:0m:6s left)
Iteration 100 / LogL: -16646.871 / Time: 0h:0m:30s (0h:0m:3s left)
Log-likelihood cutoff on original alignment: -16677.041
NOTE: Bootstrap correlation coefficient of split occurrence frequencies: 1.000
Iteration 110 / LogL: -16644.438 / Time: 0h:0m:33s (0h:0m:27s left)
TREE SEARCH COMPLETED AFTER 113 ITERATIONS / Time: 0h:0m:34s

--------------------------------------------------------------------
|                    FINALIZING TREE SEARCH                        |
--------------------------------------------------------------------
Performs final model parameters optimization
Estimate model parameters (epsilon = 0.010)
Initial log-likelihood: -16643.516
Current log-likelihood at step 1: -16643.424
Current log-likelihood at step 2: -16643.347
Current log-likelihood at step 3: -16643.277
Current log-likelihood at step 4: -16643.214
Current log-likelihood at step 5: -16643.158
Current log-likelihood at step 6: -16643.107
Current log-likelihood at step 7: -16643.062
Current log-likelihood at step 8: -16643.020
Current log-likelihood at step 9: -16642.983
Current log-likelihood at step 10: -16642.949
Current log-likelihood at step 11: -16642.918
Current log-likelihood at step 12: -16642.890
Current log-likelihood at step 13: -16642.865
Current log-likelihood at step 14: -16642.843
Current log-likelihood at step 15: -16642.827
Current log-likelihood at step 16: -16642.811
Current log-likelihood at step 17: -16642.797
Current log-likelihood at step 18: -16642.784
Current log-likelihood at step 19: -16642.772
Current log-likelihood at step 20: -16642.760
Current log-likelihood at step 21: -16642.750
Current log-likelihood at step 22: -16642.740
Partition-specific rates:  0.207 0.201 2.819 0.603 0.514 2.007
Parameters optimization took 21 rounds (0.775 sec)

BEST SCORE FOUND : -16642.740
Creating bootstrap support values...
Split supports printed to NEXUS file 4_set224.splits.nex
Total tree length: 1.059

Total number of iterations: 113
CPU time used for tree search: 63.413 sec (0h:1m:3s)
Wall-clock time used for tree search: 32.648 sec (0h:0m:32s)
Total CPU time used: 68.206 sec (0h:1m:8s)
Total wall-clock time used: 35.105 sec (0h:0m:35s)

Computing bootstrap consensus tree...
Reading input file 4_set224.splits.nex...
37 taxa and 180 splits.
Consensus tree written to 4_set224.contree
Reading input trees file 4_set224.contree
Log-likelihood of consensus tree: -16642.740

Analysis results written to: 
  IQ-TREE report:                4_set224.iqtree
  Maximum-likelihood tree:       4_set224.treefile
  Likelihood distances:          4_set224.mldist
  Best partitioning scheme:      4_set224.best_scheme.nex
           in RAxML format:      4_set224.best_scheme

Ultrafast bootstrap approximation results written to:
  Split support values:          4_set224.splits.nex
  Consensus tree:                4_set224.contree
  Screen log file:               4_set224.log

Date and Time: Tue Sep 11 14:18:00 2018
