IQ-TREE multicore version 1.6.7 for Mac OS X 64-bit built Aug 23 2018
Developed by Bui Quang Minh, Nguyen Lam Tung, Olga Chernomor,
Heiko Schmidt, Dominik Schrempf, Michael Woodhams.

Host:    meeps-mac-pro.staff.sydney.edu.au (AVX, 64 GB RAM)
Command: /Users/davidduchene/Desktop/Software/iqtree-1.6.7-MacOSX/bin/iqtree -s ../../../../marsupials/set86.fasta -m TESTMERGE -bb 1000 -sp ../../../../marsupials/set86.nex -nt AUTO -pre 6_set86
Seed:    324971 (Using SPRNG - Scalable Parallel Random Number Generator)
Time:    Fri Sep  7 06:17:15 2018
Kernel:  AVX - auto-detect threads (8 CPU cores detected)

Reading partition model file ../../../../marsupials/set86.nex ...
Reading alignment file ../../../../marsupials/set86.fasta ... Fasta format detected
Alignment most likely contains DNA/RNA sequences
Alignment has 35 sequences with 1560 columns, 737 distinct patterns
435 parsimony-informative, 221 singleton sites, 904 constant sites
                                              Gap/Ambiguity  Composition  p-value
   1  Burramyidae_Burramys_parvus                     0.64%    passed     99.82%
   2  Notoryctidae_Notoryctes_typhlops               32.63%    passed     21.37%
   3  Vombatidae_Lasiorhinus_latifrons                1.03%    passed     87.28%
   4  Potoroidae_Bettongia_penicillata                0.45%    passed     92.20%
   5  Potoroidae_Bettongia_lesueur                    0.06%    passed     81.30%
   6  Dasyuridae_Dasyurus_maculatus                   0.13%    passed     89.96%
   7  Phalangeridae_Trichosurus_vulpecula             0.06%    passed     85.76%
   8  Phalangeridae_Spilocuscus_maculatus             0.00%    passed     69.44%
   9  Potoroidae_Aepyprymnus_rufescens                0.06%    passed     84.18%
  10  Peramelidae_Perameles_nasuta                    0.58%    passed     94.17%
  11  Phalangeridae_Strigocuscus_pelengensis          4.49%    passed     96.49%
  12  Dasyuridae_Phascogale_tapoatafa                 0.00%    passed     92.38%
  13  Dasyuridae_Sminthopsis_macroura                 0.26%    passed     76.78%
  14  Phalangeridae_Phalanger_orientalis              0.06%    passed     85.40%
  15  Acrobatidae_Acrobates_pygmaeus                  0.64%    passed     96.74%
  16  Dasyuridae_Phascogale_calura                    6.35%    passed     99.73%
  17  Dasyuridae_Sarcophilus_harrisii                 1.03%    passed     95.11%
  18  Dasyuridae_Planigale_tenuirostris              22.50%    passed     64.71%
  19  Peramelidae_Echymipera_kalubu                   8.21%    passed     82.80%
  20  Macropodidae_Dorcopsulus_vanheurni              0.64%    passed     98.05%
  21  Pseudochiridae_Pseudochirulus_forbesi           0.19%    passed     85.30%
  22  Didelphidae_Didelphis_virginiana                6.22%    passed     83.89%
  23  Marmosidae_Monodelphis_domestica                0.51%    passed     92.31%
  24  Dasyuridae_Antechinus_stuartii                  7.56%    passed     98.35%
  25  Hypsiprymnodontidae_Hypsiprymnodon_moschatus    0.19%    passed     91.02%
  26  Microbiotheriidae_Dromiciops_gliroides          2.63%    passed     99.51%
  27  Pseudochiridae_Petauroides_volans               1.15%    passed     97.58%
  28  Macropodidae_Wallabia_bicolor                   0.90%    passed     99.36%
  29  Pseudochiridae_Pseudocheirus_occidentalis       5.26%    passed     77.23%
  30  Tarsipedidae_Tarsipes_rostratus                 9.74%    passed     84.73%
  31  Acrobatidae_Distoechurus_pennatus               0.00%    passed     98.71%
  32  Phalangeridae_Phalanger_carmelitae              0.13%    passed     65.22%
  33  Peramelidae_Peroryctes_raffrayana              13.33%    passed     46.92%
  34  Dasyuridae_Dasyurus_geffroii                    0.06%    passed     78.86%
  35  Peramelidae_Perameles_gunnii                    0.96%    passed     92.04%
****  TOTAL                                           3.68%  0 sequences failed composition chi2 test (p-value<5%; df=3)
NOTE: No CharPartition defined, use all CharSets

Loading 15 partitions...
Subset	Type	Seqs	Sites	Infor	Invar	Model	Name
1		34	135	31	87	TESTMERGE	part1.1
2		34	135	19	98	TESTMERGE	part1.2
3		34	135	86	24	TESTMERGE	part1.3
4		35	141	36	90	TESTMERGE	part2.1
5		35	141	16	105	TESTMERGE	part2.2
6		35	141	59	51	TESTMERGE	part2.3
7		35	76	21	38	TESTMERGE	part3.1
8		35	76	11	53	TESTMERGE	part3.2
9		35	76	48	12	TESTMERGE	part3.3
10		35	82	2	75	TESTMERGE	part4.1
11		35	82	2	80	TESTMERGE	part4.2
12		35	82	33	37	TESTMERGE	part4.3
13		35	86	16	62	TESTMERGE	part5.1
14		35	86	6	74	TESTMERGE	part5.2
15		35	86	49	18	TESTMERGE	part5.3
Degree of missing data: 0.007
Info: multi-threading strategy over partitions



Create initial parsimony tree by phylogenetic likelihood library (PLL)... 0.008 seconds
NOTE: ModelFinder requires 8 MB RAM!
NUMBER OF THREADS FOR PARTITION FINDING: 8
Testing GTR+F+G on supermatrix...
GTR+F+G4 / LnL: -9504.931 / df: 76 / AIC: 19161.861 / AICc: 19169.753 / BIC: 19568.647
Selecting individual models for 15 charsets using BIC...
 No. Model        Score       Charset
   1 HKY+F+G4     1352.247    part1.2
   2 TNe+G4       1841.131    part2.1
   3 K3Pu+F+G4    1387.827    part4.3
   4 K3Pu+F+G4    2446.018    part2.3
   5 HKY+F+G4     2091.732    part3.3
   6 K3P+G4       1946.994    part5.3
   7 HKY+F+G4     3218.659    part1.3
   8 TN+F+G4      1504.125    part1.1
   9 K2P+G4       1226.250    part3.1
  10 HKY+F+I      1389.656    part2.2	0h:0m:13s (0h:4m:23s left)
  11 K2P+G4       961.803     part5.1	0h:0m:14s (0h:4m:21s left)
  12 JC           613.616     part4.1	0h:0m:15s (0h:4m:12s left)
  13 K2P+I        749.078     part5.2	0h:0m:15s (0h:3m:55s left)
  14 TNe+G4       920.828     part3.2	0h:0m:15s (0h:3m:39s left)
  15 F81+F+I      555.369     part4.2	0h:0m:16s (0h:3m:41s left)
Full partition model BIC score: 25100.409 (LnL: -8668.116  df:1056)
Merging models to increase model fit (about 211 total partition schemes)...
  16 K3P+G4       24696.213   part1.1+part2.3	0h:0m:25s (0h:5m:10s left)
  17 HKY+F+G4     24690.049   part1.3+part4.3	0h:0m:26s (0h:4m:57s left)
  18 K2P+G4       24767.952   part1.3+part2.1	0h:0m:27s (0h:4m:52s left)
  19 HKY+F+G4     24765.063   part1.2+part1.3	0h:0m:27s (0h:4m:41s left)
  20 HKY+F+G4     24689.284   part1.3+part5.3	0h:0m:27s (0h:4m:27s left)
  21 K2P+G4       24741.630   part1.3+part2.3	0h:0m:29s (0h:4m:28s left)
  22 TPM2+F+G4    24743.070   part1.1+part1.3	0h:0m:29s (0h:4m:15s left)
  23 HKY+F+G4     24656.582   part1.3+part3.3	0h:0m:30s (0h:4m:11s left)
  24 K3Pu+F+G4    24708.304   part1.2+part2.3	0h:0m:36s (0h:4m:41s left)
  25 TIM+F+G4     24720.309   part2.3+part5.3	0h:0m:36s (0h:4m:29s left)
  26 TN+F+G4      24711.022   part2.1+part2.3	0h:0m:38s (0h:4m:32s left)
  27 K2P+G4       24805.922   part1.3+part2.2	0h:0m:38s (0h:4m:24s left)
  28 TIM+F+G4     24683.663   part2.3+part4.3	0h:0m:40s (0h:4m:23s left)
  29 HKY+F+G4     24742.937   part1.3+part3.1	0h:0m:40s (0h:4m:13s left)
  30 HKY+F+G4     24717.988   part2.3+part3.3	0h:0m:40s (0h:4m:5s left)
  31 TN+F+G4      24736.893   part1.1+part5.3	0h:0m:43s (0h:4m:12s left)
  32 K2P+G4       24696.236   part2.3+part3.1	0h:0m:48s (0h:4m:33s left)
  33 HKY+F+G4     24732.142   part1.3+part5.1	0h:0m:49s (0h:4m:24s left)
  34 HKY+F+G4     24691.112   part2.2+part2.3	0h:0m:49s (0h:4m:18s left)
  35 K2P+G4       24729.441   part1.3+part3.2	0h:0m:50s (0h:4m:16s left)
  36 TNe+G4       24685.811   part1.1+part2.1	0h:0m:51s (0h:4m:8s left)
  37 HKY+F+G4     24676.438   part1.1+part1.2	0h:0m:53s (0h:4m:10s left)
  38 K2P+G4       24775.520   part2.1+part5.3	0h:0m:54s (0h:4m:8s left)
  39 TPM2+F+G4    24745.907   part1.1+part3.3	0h:0m:57s (0h:4m:12s left)
  40 HKY+F+G4     24725.767   part1.2+part5.3	0h:1m:0s (0h:4m:17s left)
  41 K2P+G4       24742.103   part2.1+part3.3	0h:1m:2s (0h:4m:17s left)
  42 TNe+G4       24707.412   part1.2+part2.1	0h:1m:2s (0h:4m:10s left)
  43 K2P+G4       24759.003   part1.3+part5.2	0h:1m:3s (0h:4m:7s left)
  44 TIM2+F+G4    24671.047   part3.3+part5.3	0h:1m:3s (0h:4m:2s left)
  45 HKY+F+G4     24720.105   part1.2+part3.3	0h:1m:6s (0h:4m:6s left)
  46 TN+F+G4      24655.130   part1.1+part4.3	0h:1m:9s (0h:4m:9s left)
  47 K2P+G4       24779.265   part1.3+part4.1	0h:1m:10s (0h:4m:5s left)
  48 HKY+F+G4     24687.792   part2.3+part5.1	0h:1m:14s (0h:4m:11s left)
  49 K3Pu+F+G4    24677.792   part2.3+part3.2	0h:1m:14s (0h:4m:7s left)
  50 TNe+G4       24702.684   part1.1+part2.2	0h:1m:18s (0h:4m:13s left)
  51 HKY+F+G4     24772.403   part1.3+part4.2	0h:1m:20s (0h:4m:13s left)
  52 TN+F+G4      24701.469   part1.1+part3.1	0h:1m:20s (0h:4m:7s left)
  53 TN+F+G4      24653.610   part4.3+part5.3	0h:1m:23s (0h:4m:7s left)
  54 K2P+G4       24696.851   part2.1+part4.3	0h:1m:30s (0h:4m:23s left)
  55 K2P+G4       24723.145   part3.1+part5.3	0h:1m:33s (0h:4m:25s left)
  56 HKY+F+G4     24652.722   part1.2+part4.3	0h:1m:35s (0h:4m:24s left)
  57 K3Pu+F+G4    24708.999   part2.3+part5.2	0h:1m:35s (0h:4m:19s left)
  58 TPM2u+F+G4   24663.633   part3.3+part4.3	0h:1m:37s (0h:4m:17s left)
  59 K2P+G4       24693.494   part1.2+part3.1	0h:1m:37s (0h:4m:11s left)
  60 TNe+G4       24678.539   part2.1+part3.1	0h:1m:38s (0h:4m:6s left)
  61 K2P+G4       24770.202   part2.2+part5.3	0h:1m:40s (0h:4m:6s left)
  62 TNe+G4       24649.526   part2.1+part2.2	0h:1m:44s (0h:4m:11s left)
  63 HKY+F+G4     24675.742   part1.2+part2.2	0h:1m:44s (0h:4m:5s left)
  64 K3Pu+F+G4    24717.184   part2.3+part4.1	0h:1m:46s (0h:4m:3s left)
  65 HKY+F+G4     24704.385   part3.1+part3.3	0h:1m:46s (0h:3m:59s left)
  66 TN+F+G4      24670.770   part1.1+part5.1	0h:1m:47s (0h:3m:55s left)
  67 K2P+G4       24768.755   part2.2+part3.3	0h:1m:48s (0h:3m:52s left)
  68 K3Pu+F+G4    24718.116   part2.3+part4.2	0h:1m:48s (0h:3m:47s left)
  69 K2P+G4       24683.412   part1.1+part3.2	0h:1m:53s (0h:3m:52s left)
  70 K2P+G4       24706.097   part3.2+part5.3	0h:1m:56s (0h:3m:54s left)
  71 TNe+G4       24653.810   part2.1+part5.1	0h:1m:57s (0h:3m:51s left)
  72 HKY+F+G4     24660.328   part1.2+part5.1	0h:1m:58s (0h:3m:49s left)
  73 K2P+G4       24692.219   part3.1+part4.3	0h:1m:59s (0h:3m:45s left)
  74 HKY+F+G4     24717.754   part5.1+part5.3	0h:2m:1s (0h:3m:44s left)
  75 TNe+G4       24654.628   part2.1+part3.2	0h:2m:3s (0h:3m:43s left)
  76 HKY+F+G4     24705.606   part3.3+part5.1	0h:2m:3s (0h:3m:40s left)
  77 HKY+F+G4     24664.717   part1.2+part3.2	0h:2m:5s (0h:3m:39s left)
  78 K2P+G4       24698.991   part2.2+part4.3	0h:2m:8s (0h:3m:38s left)
  79 TNe+G4       24683.416   part2.2+part3.1	0h:2m:10s (0h:3m:37s left)
  80 TNe+G4       24661.391   part1.1+part5.2	0h:2m:11s (0h:3m:35s left)
  81 HKY+F+G4     24694.907   part3.2+part3.3	0h:2m:11s (0h:3m:31s left)
  82 K3P+G4       24720.701   part5.2+part5.3	0h:2m:12s (0h:3m:28s left)
  83 K2P+G4       24670.483   part1.1+part4.1	0h:2m:12s (0h:3m:24s left)
  84 TN+F+G4      24654.044   part1.1+part4.2	0h:2m:17s (0h:3m:27s left)
  85 TNe+G4       24665.019   part2.1+part5.2	0h:2m:17s (0h:3m:23s left)
  86 HKY+F+G4     24661.087   part1.2+part5.2	0h:2m:18s (0h:3m:20s left)
  87 K2P+G4       24719.580   part3.3+part5.2	0h:2m:20s (0h:3m:20s left)
  88 HKY+F+G4     24648.739   part4.3+part5.1	0h:2m:22s (0h:3m:18s left)
  89 TNe+G4       24732.524   part4.1+part5.3	0h:2m:22s (0h:3m:15s left)
  90 TNe+G4       24656.579   part3.2+part4.3	0h:2m:22s (0h:3m:11s left)
  91 TN+F+I+G4    24733.130   part4.2+part5.3	0h:2m:22s (0h:3m:8s left)
  92 TNe+G4       24660.059   part1.2+part4.1	0h:2m:24s (0h:3m:7s left)
  93 TIM3e+G4     24670.991   part2.1+part4.1	0h:2m:25s (0h:3m:4s left)
  94 K2P+G4       24655.824   part3.1+part5.1	0h:2m:28s (0h:3m:5s left)
  95 TNe+G4       24743.549   part3.3+part4.1	0h:2m:28s (0h:3m:1s left)
  96 HKY+F+G4     24646.085   part1.2+part4.2	0h:2m:29s (0h:2m:58s left)
  97 K2P+G4       24641.760   part3.1+part3.2	0h:2m:30s (0h:2m:57s left)
  98 K2P+G4       24641.603   part2.2+part5.1	0h:2m:30s (0h:2m:54s left)
  99 HKY+F+G4     24657.306   part2.2+part3.2	0h:2m:31s (0h:2m:51s left)
 100 TNe+G4       24650.657   part2.1+part4.2	0h:2m:32s (0h:2m:49s left)
 101 HKY+F+I+G4   24734.652   part3.3+part4.2	0h:2m:36s (0h:2m:49s left)
 102 TIM2e+G4     24661.504   part3.1+part5.2	0h:2m:37s (0h:2m:47s left)
 103 TNe+G4       24657.733   part2.2+part5.2	0h:2m:37s (0h:2m:45s left)
 104 TNe+G4       24678.525   part4.1+part4.3	0h:2m:39s (0h:2m:44s left)
 105 K3P+G4       24669.550   part4.3+part5.2	0h:2m:41s (0h:2m:42s left)
 106 K2P+G4       24673.314   part3.1+part4.1	0h:2m:41s (0h:2m:40s left)
 107 TNe+G4       24643.430   part3.2+part5.1	0h:2m:42s (0h:2m:38s left)
 108 TN+F+G4      24662.288   part4.2+part4.3	0h:2m:44s (0h:2m:36s left)
 109 HKY+F+G4     24643.266   part2.2+part4.1	0h:2m:45s (0h:2m:35s left)
 110 TIM2e+I      24670.163   part3.1+part4.2	0h:2m:46s (0h:2m:32s left)
 111 K2P+G4       24634.692   part2.2+part4.2	0h:2m:47s (0h:2m:30s left)
 112 K2P+G4       24623.469   part5.1+part5.2	0h:2m:47s (0h:2m:28s left)
 113 K2P+G4       24644.071   part4.1+part5.1	0h:2m:48s (0h:2m:25s left)
 114 K2P+G4       24639.970   part3.2+part5.2	0h:2m:49s (0h:2m:24s left)
 115 HKY+F+I      24631.598   part4.2+part5.1	0h:2m:50s (0h:2m:22s left)
 116 TNe+G4       24641.341   part3.2+part4.1	0h:2m:51s (0h:2m:20s left)
 117 K2P+I        24624.514   part4.1+part5.2	0h:2m:52s (0h:2m:18s left)
 118 K2P          24612.370   part4.1+part4.2	0h:2m:52s (0h:2m:15s left)
 119 HKY+F+I      24645.594   part3.2+part4.2	0h:2m:52s (0h:2m:13s left)
 120 K2P+I        24616.558   part4.2+part5.2	0h:2m:53s (0h:2m:11s left)
Merging part4.1+part4.2 with BIC score: 24612.370 (LnL: -8681.432  df: 986)
 121 K2P+I        24167.535   part4.1+part4.2+part5.1	0h:2m:56s (0h:2m:11s left)
 122 K2P+G4       24214.965   part3.1+part4.1+part4.2	0h:2m:58s (0h:2m:10s left)
 123 K3P+G4       24287.847   part2.3+part4.1+part4.2	0h:3m:0s (0h:2m:9s left)
 124 TN+F+G4      24197.606   part1.2+part4.1+part4.2	0h:3m:1s (0h:2m:7s left)
 125 TNe+G4       24208.158   part1.1+part4.1+part4.2	0h:3m:3s (0h:2m:6s left)
 126 TIM3e+I+G4   24210.640   part2.1+part4.1+part4.2	0h:3m:4s (0h:2m:4s left)
 127 K2P+I        24173.978   part2.2+part4.1+part4.2	0h:3m:5s (0h:2m:2s left)
 128 K2P+I        24138.263   part4.1+part4.2+part5.2	0h:3m:5s (0h:2m:0s left)
 129 HKY+F+I+G4   24318.164   part3.3+part4.1+part4.2	0h:3m:7s (0h:1m:58s left)
 130 K2P+G4       24376.216   part1.3+part4.1+part4.2	0h:3m:9s (0h:1m:57s left)
 131 TNe+G4       24174.483   part3.2+part4.1+part4.2	0h:3m:9s (0h:1m:55s left)
 132 TNe+G4       24231.210   part4.1+part4.2+part4.3	0h:3m:11s (0h:1m:54s left)
 133 TNe+G4       24307.569   part4.1+part4.2+part5.3	0h:3m:11s (0h:1m:52s left)
Merging part5.1+part5.2 with BIC score: 24135.430 (LnL: -8696.621  df: 917)
 134 K2P+G4       23699.360   part2.2+part5.1+part5.2	0h:3m:17s (0h:1m:53s left)
 135 K2P+G4       23712.960   part3.1+part5.1+part5.2	0h:3m:17s (0h:1m:51s left)
 136 HKY+F+G4     23710.801   part1.2+part5.1+part5.2	0h:3m:19s (0h:1m:50s left)
 137 HKY+F+G4     23776.680   part2.3+part5.1+part5.2	0h:3m:20s (0h:1m:48s left)
 138 TNe+G4       23722.234   part2.1+part5.1+part5.2	0h:3m:23s (0h:1m:47s left)
 139 K2P+G4       23793.969   part3.3+part5.1+part5.2	0h:3m:24s (0h:1m:45s left)
 140 TNe+G4       23722.511   part1.1+part5.1+part5.2	0h:3m:25s (0h:1m:44s left)
 141 K2P+G4       23841.322   part1.3+part5.1+part5.2	0h:3m:26s (0h:1m:42s left)
 142 K2P+G4       23689.109   part3.2+part5.1+part5.2	0h:3m:27s (0h:1m:40s left)
 143 K2P+I        23685.605   part4.1+part4.2+part5.1+part5.2	0h:3m:27s (0h:1m:38s left)
 144 K2P+G4       23797.512   part5.1+part5.2+part5.3	0h:3m:28s (0h:1m:37s left)
 145 HKY+F+G4     23721.670   part4.3+part5.1+part5.2	0h:3m:29s (0h:1m:35s left)
Merging part3.1+part3.2 with BIC score: 23676.780 (LnL: -8724.631  df: 847)
 146 K2P+G4       23257.750   part2.2+part3.1+part3.2	0h:3m:34s (0h:1m:35s left)
 147 K2P+G4       23282.005   part3.1+part3.2+part4.1+part4.2	0h:3m:35s (0h:1m:33s left)
 148 TNe+G4       23262.329   part2.1+part3.1+part3.2	0h:3m:36s (0h:1m:31s left)
 149 K2P+G4       23271.174   part1.2+part3.1+part3.2	0h:3m:36s (0h:1m:30s left)
 150 K2P+G4       23293.655   part2.3+part3.1+part3.2	0h:3m:36s (0h:1m:28s left)
 151 K2P+G4       23335.713   part3.1+part3.2+part5.3	0h:3m:37s (0h:1m:26s left)
 152 K2P+G4       23292.462   part1.1+part3.1+part3.2	0h:3m:37s (0h:1m:24s left)
 153 K2P+G4       23364.265   part1.3+part3.1+part3.2	0h:3m:39s (0h:1m:23s left)
 154 HKY+F+G4     23310.025   part3.1+part3.2+part3.3	0h:3m:42s (0h:1m:22s left)
 155 K2P+G4       23269.430   part3.1+part3.2+part4.3	0h:3m:42s (0h:1m:20s left)
 156 K2P+G4       23260.189   part3.1+part3.2+part5.1+part5.2	0h:3m:42s (0h:1m:18s left)
Merging part2.1+part2.2 with BIC score: 23225.897 (LnL: -8763.877  df: 775)
 157 TNe+G4       22820.424   part2.1+part2.2+part4.1+part4.2	0h:3m:48s (0h:1m:18s left)
 158 K2P+G4       22853.640   part2.1+part2.2+part4.3	0h:3m:49s (0h:1m:16s left)
 159 TNe+G4       22831.902   part2.1+part2.2+part3.1+part3.2	0h:3m:50s (0h:1m:15s left)
 160 TNe+G4       22834.544   part1.2+part2.1+part2.2	0h:3m:50s (0h:1m:13s left)
 161 K2P+I+G4     22930.623   part2.1+part2.2+part3.3	0h:3m:50s (0h:1m:11s left)
 162 TNe+G4       22831.420   part1.1+part2.1+part2.2	0h:3m:51s (0h:1m:10s left)
 163 TN+F+G4      22856.967   part2.1+part2.2+part2.3	0h:3m:51s (0h:1m:8s left)
 164 K2P+G4       22976.793   part1.3+part2.1+part2.2	0h:3m:53s (0h:1m:6s left)
 165 TNe+G4       22817.833   part2.1+part2.2+part5.1+part5.2	0h:3m:56s (0h:1m:5s left)
 166 K2P+G4       22957.594   part2.1+part2.2+part5.3	0h:3m:57s (0h:1m:4s left)
Merging part4.1+part4.2+part5.1+part5.2 with BIC score: 22776.072 (LnL: -8788.948  df: 707)
 167 K2P+G4       22476.186   part2.3+part4.1+part4.2+part5.1+part5.2	0h:4m:4s (0h:1m:4s left)
 168 HKY+F+G4     22363.967   part1.2+part4.1+part4.2+part5.1+part5.2	0h:4m:6s (0h:1m:3s left)
 169 K2P+G4       22380.910   part1.1+part4.1+part4.2+part5.1+part5.2	0h:4m:6s (0h:1m:1s left)
 170 K2P+G4       22396.495   part3.1+part3.2+part4.1+part4.2+part5.1+part5.2	0h:4m:6s (0h:0m:59s left)
 171 HKY+F+G4     22399.891   part4.1+part4.2+part4.3+part5.1+part5.2	0h:4m:8s (0h:0m:58s left)
 172 TNe+G4       22400.847   part2.1+part2.2+part4.1+part4.2+part5.1+part5.2	0h:4m:9s (0h:0m:56s left)
 173 HKY+F+I+G4   22502.533   part3.3+part4.1+part4.2+part5.1+part5.2	0h:4m:9s (0h:0m:54s left)
 174 K2P+I+G4     22583.015   part1.3+part4.1+part4.2+part5.1+part5.2	0h:4m:10s (0h:0m:53s left)
 175 K2P+I+G4     22504.693   part4.1+part4.2+part5.1+part5.2+part5.3	0h:4m:12s (0h:0m:51s left)
Merging part1.2+part4.3 with BIC score: 22328.385 (LnL: -8826.116  df: 636)
 176 HKY+F+G4     21945.855   part1.2+part2.3+part4.3	0h:4m:21s (0h:0m:52s left)
 177 HKY+F+G4     21899.741   part1.1+part1.2+part4.3	0h:4m:22s (0h:0m:50s left)
 178 K2P+G4       21986.105   part1.2+part2.1+part2.2+part4.3	0h:4m:23s (0h:0m:48s left)
 179 HKY+F+G4     21934.647   part1.2+part4.3+part5.3	0h:4m:24s (0h:0m:47s left)
 180 HKY+F+G4     21946.316   part1.2+part3.1+part3.2+part4.3	0h:4m:24s (0h:0m:45s left)
 181 HKY+F+G4     21938.653   part1.2+part3.3+part4.3	0h:4m:24s (0h:0m:43s left)
 182 HKY+F+G4     21952.755   part1.2+part4.1+part4.2+part4.3+part5.1+part5.2	0h:4m:24s (0h:0m:42s left)
 183 HKY+F+G4     22005.361   part1.2+part1.3+part4.3	0h:4m:25s (0h:0m:40s left)
Merging part1.3+part3.3 with BIC score: 21884.558 (LnL: -8861.538  df: 566)
 184 HKY+F+G4     21582.561   part1.3+part3.1+part3.2+part3.3	0h:4m:38s (0h:0m:40s left)
 185 K2P+G4       21691.077   part1.3+part2.1+part2.2+part3.3	0h:4m:38s (0h:0m:39s left)
 186 K2P+G4       21536.058   part1.3+part2.3+part3.3	0h:4m:38s (0h:0m:37s left)
 187 HKY+F+I+G4   21759.223   part1.3+part3.3+part4.1+part4.2+part5.1+part5.2	0h:4m:38s (0h:0m:35s left)
 188 TPM2+F+G4    21464.786   part1.3+part3.3+part5.3	0h:4m:41s (0h:0m:34s left)
 189 HKY+F+G4     21566.290   part1.2+part1.3+part3.3+part4.3	0h:4m:41s (0h:0m:32s left)
 190 TPM2+F+G4    21553.035   part1.1+part1.3+part3.3	0h:4m:41s (0h:0m:31s left)
Merging part1.1+part1.2+part4.3 with BIC score: 21455.914 (LnL: -8908.228  df: 495)
 191 TPM2+F+G4    21085.094   part1.1+part1.2+part2.3+part4.3	0h:4m:51s (0h:0m:30s left)
 192 HKY+F+G4     21088.524   part1.1+part1.2+part4.1+part4.2+part4.3+part5.1+part5.2	0h:4m:53s (0h:0m:29s left)
 193 K2P+G4       21122.555   part1.1+part1.2+part2.1+part2.2+part4.3	0h:4m:53s (0h:0m:27s left)
 194 HKY+F+G4     21093.954   part1.1+part1.2+part3.1+part3.2+part4.3	0h:4m:54s (0h:0m:25s left)
 195 TN+F+G4      21088.942   part1.1+part1.2+part4.3+part5.3	0h:4m:55s (0h:0m:24s left)
 196 TPM2+F+G4    21177.052   part1.1+part1.2+part1.3+part3.3+part4.3	0h:4m:57s (0h:0m:22s left)
Merging part1.3+part3.3+part5.3 with BIC score: 21036.142 (LnL: -8952.001  df: 426)
WARNING: ABNORMAL_TERMINATION_IN_LNSRCH
 197 HKY+F+I+G4   20960.558   part1.3+part3.3+part4.1+part4.2+part5.1+part5.2+part5.3	0h:5m:9s (0h:0m:21s left)
 198 HKY+F+G4     20752.862   part1.3+part3.1+part3.2+part3.3+part5.3	0h:5m:10s (0h:0m:20s left)
 199 K2P+G4       20895.912   part1.3+part2.1+part2.2+part3.3+part5.3	0h:5m:10s (0h:0m:18s left)
 200 K2P+G4       20704.212   part1.3+part2.3+part3.3+part5.3	0h:5m:10s (0h:0m:17s left)
 201 TIM2+F+G4    20769.231   part1.1+part1.2+part1.3+part3.3+part4.3+part5.3	0h:5m:12s (0h:0m:15s left)
Merging part2.1+part2.2+part3.1+part3.2 with BIC score: 20642.147 (LnL: -9008.663  df: 357)
 202 TNe+I+G4     20281.553   part2.1+part2.2+part3.1+part3.2+part4.1+part4.2+part5.1+part5.2	0h:5m:21s (0h:0m:14s left)
 203 TN+F+G4      20288.110   part2.1+part2.2+part2.3+part3.1+part3.2	0h:5m:21s (0h:0m:12s left)
 204 K2P+G4       20325.824   part1.1+part1.2+part2.1+part2.2+part3.1+part3.2+part4.3	0h:5m:23s (0h:0m:11s left)
 205 K2P+G4       20530.376   part1.3+part2.1+part2.2+part3.1+part3.2+part3.3+part5.3	0h:5m:25s (0h:0m:9s left)
Merging part1.1+part1.2+part2.3+part4.3 with BIC score: 20271.327 (LnL: -9087.940  df: 285)
 206 HKY+F+G4     19940.353   part1.1+part1.2+part2.3+part4.1+part4.2+part4.3+part5.1+part5.2	0h:5m:33s (0h:0m:8s left)
 207 K2P+G4       19936.309   part1.1+part1.2+part2.1+part2.2+part2.3+part3.1+part3.2+part4.3	0h:5m:37s (0h:0m:6s left)
 208 TIM2+F+G4    20018.782   part1.1+part1.2+part1.3+part2.3+part3.3+part4.3+part5.3	0h:5m:40s (0h:0m:4s left)
Merging part2.1+part2.2+part3.1+part3.2+part4.1+part4.2+part5.1+part5.2 with BIC score: 19910.732 (LnL: -9157.626  df: 217)
 209 K2P+G4       19601.106   part1.1+part1.2+part2.1+part2.2+part2.3+part3.1+part3.2+part4.1+part4.2+part4.3+part5.1+part5.2	0h:5m:53s (0h:0m:3s left)
 210 K2P+I+G4     19914.560   part1.3+part2.1+part2.2+part3.1+part3.2+part3.3+part4.1+part4.2+part5.1+part5.2+part5.3	0h:5m:54s (0h:0m:1s left)
Merging part1.1+part1.2+part2.1+part2.2+part2.3+part3.1+part3.2+part4.1+part4.2+part4.3+part5.1+part5.2 with BIC score: 19601.106 (LnL: -9278.530  df: 142)
 211 HKY+F+I+G4   19545.940   part1.1+part1.2+part1.3+part2.1+part2.2+part2.3+part3.1+part3.2+part3.3+part4.1+part4.2+part4.3+part5.1+part5.2+part5.3	0h:6m:11s (0h:0m:0s left)
Merging part1.1+part1.2+part1.3+part2.1+part2.2+part2.3+part3.1+part3.2+part3.3+part4.1+part4.2+part4.3+part5.1+part5.2+part5.3 with BIC score: 19545.940 (LnL: -9504.606  df: 73)
BEST-FIT PARTITION MODEL: 
  charpartition BIC = HKY+F+I+G4: part1.1 part1.2 part1.3 part2.1 part2.2 part2.3 part3.1 part3.2 part3.3 part4.1 part4.2 part4.3 part5.1 part5.2 part5.3;
Agglomerative model selection: ((((part1.1,(part1.2,part4.3)6:22328.4)8:21455.9,part2.3)11:20271.3,(((part2.1,part2.2)4:23225.9,(part3.1,part3.2)3:23676.8)10:20642.1,((part4.1,part4.2)1:24612.4,(part5.1,part5.2)2:24135.4)5:22776.1)12:19910.7)13:19601.1,((part1.3,part3.3)7:21884.6,part5.3)9:21036.1)14:19545.9
Merging into 1 partitions...
Partition information was printed to 6_set86.best_scheme.nex
Partition information in Raxml format was printed to 6_set86.best_scheme

All model information printed to 6_set86.model.gz
CPU time for ModelFinder: 317.701 seconds (0h:5m:17s)
Wall-clock time for ModelFinder: 371.765 seconds (0h:6m:11s)
Generating 1000 samples for ultrafast bootstrap (seed: 324971)...

NOTE: 6 MB RAM (0 GB) is required!
Measuring multi-threading efficiency up to 8 CPU cores
Increase to 10 rounds for branch lengths
35 trees examined
Threads: 1 / Time: 8.300 sec / Speedup: 1.000 / Efficiency: 100% / LogL: -14210
Threads: 2 / Time: 24.157 sec / Speedup: 0.344 / Efficiency: 17% / LogL: -14210
BEST NUMBER OF THREADS: 1

Estimate model parameters (epsilon = 0.100)
Optimizing HKY+F+I+G4 parameters for partition part1.1+part1.2+part1.3+part2.1+part2.2+part2.3+part3.1+part3.2+part3.3+part4.1+part4.2+part4.3+part5.1+part5.2+part5.3 (73 free parameters)
Optimal log-likelihood: -9504.646
Computing ML distances based on estimated model parameters... 0.020 sec
Computing BIONJ tree...
0.015 seconds
Log-likelihood of BIONJ tree: -9508.611
--------------------------------------------------------------------
|             INITIALIZING CANDIDATE TREE SET                      |
--------------------------------------------------------------------
Generating 98 parsimony trees... 3.188 second
Computing log-likelihood of 98 initial trees ... 7.512 seconds
Current best score: -9504.646

Do NNI search on 20 best initial trees
Estimate model parameters (epsilon = 0.100)
BETTER TREE FOUND at iteration 1: -9503.337
Iteration 10 / LogL: -9503.835 / Time: 0h:0m:59s
Iteration 20 / LogL: -9510.717 / Time: 0h:1m:5s
Finish initializing candidate tree set (3)
Current best tree score: -9503.337 / CPU time: 22.290
Number of iterations: 20
--------------------------------------------------------------------
|               OPTIMIZING CANDIDATE TREE SET                      |
--------------------------------------------------------------------
Iteration 30 / LogL: -9504.651 / Time: 0h:1m:13s (0h:2m:59s left)
Iteration 40 / LogL: -9504.666 / Time: 0h:1m:20s (0h:2m:5s left)
Iteration 50 / LogL: -9503.341 / Time: 0h:1m:28s (0h:1m:31s left)
Log-likelihood cutoff on original alignment: -9550.706
Iteration 60 / LogL: -9503.482 / Time: 0h:1m:36s (0h:1m:6s left)
Iteration 70 / LogL: -9503.831 / Time: 0h:1m:45s (0h:0m:47s left)
Iteration 80 / LogL: -9512.523 / Time: 0h:1m:53s (0h:0m:30s left)
Iteration 90 / LogL: -9510.762 / Time: 0h:2m:1s (0h:0m:15s left)
Iteration 100 / LogL: -9503.881 / Time: 0h:2m:9s (0h:0m:1s left)
Log-likelihood cutoff on original alignment: -9550.706
NOTE: Bootstrap correlation coefficient of split occurrence frequencies: 0.999
TREE SEARCH COMPLETED AFTER 102 ITERATIONS / Time: 0h:2m:11s

--------------------------------------------------------------------
|                    FINALIZING TREE SEARCH                        |
--------------------------------------------------------------------
Performs final model parameters optimization
Estimate model parameters (epsilon = 0.010)
Optimizing HKY+F+I+G4 parameters for partition part1.1+part1.2+part1.3+part2.1+part2.2+part2.3+part3.1+part3.2+part3.3+part4.1+part4.2+part4.3+part5.1+part5.2+part5.3 (73 free parameters)
Optimal log-likelihood: -9503.335
BEST SCORE FOUND : -9503.335
Creating bootstrap support values...
Split supports printed to NEXUS file 6_set86.splits.nex
Total tree length: 1.059

Total number of iterations: 102
CPU time used for tree search: 24.404 sec (0h:0m:24s)
Wall-clock time used for tree search: 87.720 sec (0h:1m:27s)
Total CPU time used: 35.885 sec (0h:0m:35s)
Total wall-clock time used: 132.366 sec (0h:2m:12s)

Computing bootstrap consensus tree...
Reading input file 6_set86.splits.nex...
35 taxa and 148 splits.
Consensus tree written to 6_set86.contree
Reading input trees file 6_set86.contree
Log-likelihood of consensus tree: -9503.335

Analysis results written to: 
  IQ-TREE report:                6_set86.iqtree
  Maximum-likelihood tree:       6_set86.treefile
  Likelihood distances:          6_set86.mldist
  Best partitioning scheme:      6_set86.best_scheme.nex
           in RAxML format:      6_set86.best_scheme

Ultrafast bootstrap approximation results written to:
  Split support values:          6_set86.splits.nex
  Consensus tree:                6_set86.contree
  Screen log file:               6_set86.log

Date and Time: Fri Sep  7 06:25:39 2018
