IQ-TREE multicore version 1.6.7 for Mac OS X 64-bit built Aug 23 2018
Developed by Bui Quang Minh, Nguyen Lam Tung, Olga Chernomor,
Heiko Schmidt, Dominik Schrempf, Michael Woodhams.

Host:    meeps-mac-pro.staff.sydney.edu.au (AVX, 64 GB RAM)
Command: /Users/davidduchene/Desktop/Software/iqtree-1.6.7-MacOSX/bin/iqtree -s ../../../../marsupials/set32.fasta -m TESTMERGE -bb 1000 -sp ../../../../marsupials/set32.nex -nt AUTO -pre 6_set32
Seed:    723265 (Using SPRNG - Scalable Parallel Random Number Generator)
Time:    Thu Sep  6 19:26:58 2018
Kernel:  AVX - auto-detect threads (8 CPU cores detected)

Reading partition model file ../../../../marsupials/set32.nex ...
Reading alignment file ../../../../marsupials/set32.fasta ... Fasta format detected
Alignment most likely contains DNA/RNA sequences
Alignment has 35 sequences with 1554 columns, 812 distinct patterns
388 parsimony-informative, 231 singleton sites, 934 constant sites
                                              Gap/Ambiguity  Composition  p-value
   1  Burramyidae_Burramys_parvus                     0.64%    passed     93.67%
   2  Notoryctidae_Notoryctes_typhlops                2.32%    passed     54.99%
   3  Vombatidae_Lasiorhinus_latifrons                0.39%    passed     98.73%
   4  Potoroidae_Bettongia_penicillata                1.54%    passed     98.65%
   5  Potoroidae_Bettongia_lesueur                    0.19%    passed     88.59%
   6  Dasyuridae_Dasyurus_maculatus                  10.10%    passed     19.39%
   7  Phalangeridae_Trichosurus_vulpecula             0.58%    passed     97.32%
   8  Phalangeridae_Spilocuscus_maculatus             0.97%    passed     98.79%
   9  Potoroidae_Aepyprymnus_rufescens                0.90%    passed     87.29%
  10  Peramelidae_Perameles_nasuta                    9.52%    passed     94.91%
  11  Phalangeridae_Strigocuscus_pelengensis          2.25%    passed     96.50%
  12  Dasyuridae_Phascogale_tapoatafa                29.09%    passed     68.98%
  13  Dasyuridae_Sminthopsis_macroura                 4.12%    passed     34.14%
  14  Phalangeridae_Phalanger_orientalis              9.07%    passed     32.64%
  15  Acrobatidae_Acrobates_pygmaeus                  4.89%    passed     94.98%
  16  Dasyuridae_Phascogale_calura                    8.88%    passed     24.26%
  17  Dasyuridae_Sarcophilus_harrisii                 7.08%    passed     10.49%
  18  Dasyuridae_Planigale_tenuirostris              36.81%    passed     43.46%
  19  Peramelidae_Echymipera_kalubu                   8.69%    passed     26.39%
  20  Macropodidae_Dorcopsulus_vanheurni              1.29%    passed     69.86%
  21  Pseudochiridae_Pseudochirulus_forbesi           0.51%    passed     96.24%
  22  Didelphidae_Didelphis_virginiana               18.15%    passed     93.12%
  23  Marmosidae_Monodelphis_domestica               26.32%    passed     86.01%
  24  Dasyuridae_Antechinus_stuartii                 31.85%    passed     50.64%
  25  Hypsiprymnodontidae_Hypsiprymnodon_moschatus    0.39%    passed     99.41%
  26  Microbiotheriidae_Dromiciops_gliroides         32.18%    passed     13.86%
  27  Pseudochiridae_Petauroides_volans               2.77%    passed     99.92%
  28  Macropodidae_Wallabia_bicolor                   1.67%    passed     97.31%
  29  Pseudochiridae_Pseudocheirus_occidentalis      22.27%    passed     22.54%
  30  Tarsipedidae_Tarsipes_rostratus                 0.97%    passed     89.69%
  31  Acrobatidae_Distoechurus_pennatus              12.74%    passed     59.58%
  32  Phalangeridae_Phalanger_carmelitae              0.32%    passed     65.61%
  33  Peramelidae_Peroryctes_raffrayana              24.00%    passed     68.61%
  34  Dasyuridae_Dasyurus_geffroii                    9.97%    passed     13.63%
  35  Peramelidae_Perameles_gunnii                    2.06%    passed     55.34%
****  TOTAL                                           9.30%  0 sequences failed composition chi2 test (p-value<5%; df=3)
NOTE: No CharPartition defined, use all CharSets

Loading 15 partitions...
Subset	Type	Seqs	Sites	Infor	Invar	Model	Name
1		35	75	5	62	TESTMERGE	part1.1
2		35	75	1	73	TESTMERGE	part1.2
3		35	75	29	33	TESTMERGE	part1.3
4		33	72	20	42	TESTMERGE	part2.1
5		33	72	15	50	TESTMERGE	part2.2
6		33	72	25	25	TESTMERGE	part2.3
7		31	138	41	52	TESTMERGE	part3.1
8		31	138	28	64	TESTMERGE	part3.2
9		31	138	87	27	TESTMERGE	part3.3
10		35	159	4	148	TESTMERGE	part4.1
11		35	159	3	155	TESTMERGE	part4.2
12		35	159	80	48	TESTMERGE	part4.3
13		35	74	6	65	TESTMERGE	part5.1
14		35	74	4	70	TESTMERGE	part5.2
15		35	74	40	21	TESTMERGE	part5.3
Degree of missing data: 0.038
Info: multi-threading strategy over partitions



Create initial parsimony tree by phylogenetic likelihood library (PLL)... 0.007 seconds
NOTE: ModelFinder requires 8 MB RAM!
NUMBER OF THREADS FOR PARTITION FINDING: 8
Testing GTR+F+G on supermatrix...
GTR+F+G4 / LnL: -9109.306 / df: 76 / AIC: 18370.612 / AICc: 18378.536 / BIC: 18777.104
Selecting individual models for 15 charsets using BIC...
 No. Model        Score       Charset
   1 K2P+I        1040.110    part2.1
   2 HKY+F+I      1238.112    part1.3
   3 TN+F+G4      1381.988    part2.3
   4 TN+F+G4      1583.010    part5.3
   5 K2P+G4       3175.027    part3.3
   6 HKY+F+G4     1910.431    part3.2
   7 K2P+I        980.157     part4.1
   8 K2P+G4       2168.477    part3.1
   9 K2P+G4       688.547     part1.1
  10 JC           522.852     part1.2	0h:0m:20s (0h:6m:46s left)
  11 JC           852.150     part4.2	0h:0m:20s (0h:6m:16s left)
  12 TIM3e+G4     861.571     part2.2	0h:0m:20s (0h:5m:46s left)
  13 JC           624.775     part5.1	0h:0m:21s (0h:5m:21s left)
  14 TIM2+F+G4    3089.104    part4.3	0h:0m:21s (0h:5m:4s left)
  15 JC+I         581.120     part5.2	0h:0m:22s (0h:4m:56s left)
Full partition model BIC score: 23507.719 (LnL: -8031.800  df:1013)
Merging models to increase model fit (about 211 total partition schemes)...
  16 K2P+G4       23229.921   part3.2+part3.3	0h:0m:33s (0h:6m:53s left)
  17 K3P+G4       23114.782   part3.1+part3.2	0h:0m:33s (0h:6m:27s left)
  18 TNe+G4       23178.950   part3.3+part5.3	0h:0m:35s (0h:6m:18s left)
  19 TPM2+F+G4    23145.947   part4.3+part5.3	0h:0m:37s (0h:6m:23s left)
  20 TNe+G4       23213.386   part3.1+part3.3	0h:0m:39s (0h:6m:13s left)
  21 K2P+G4       23387.876   part3.2+part4.3	0h:0m:39s (0h:6m:0s left)
  22 TPM2+F+G4    23375.636   part3.1+part4.3	0h:0m:42s (0h:6m:0s left)
  23 TIM2+F+G4    23274.358   part3.3+part4.3	0h:0m:48s (0h:6m:36s left)
  24 K2P+G4       23215.393   part1.3+part3.3	0h:0m:51s (0h:6m:37s left)
  25 TIM2+F+G4    23178.758   part2.3+part4.3	0h:0m:52s (0h:6m:33s left)
  26 K2P+G4       23194.543   part2.3+part3.3	0h:0m:53s (0h:6m:18s left)
  27 TIM2+F+G4    23210.408   part1.3+part4.3	0h:0m:53s (0h:6m:5s left)
  28 HKY+F+G4     23237.927   part3.2+part5.3	0h:0m:55s (0h:6m:1s left)
  29 K2P+G4       23238.864   part2.1+part3.3	0h:0m:57s (0h:6m:1s left)
  30 TIM2e+G4     23243.752   part3.1+part5.3	0h:1m:0s (0h:6m:4s left)
  31 TIM2+F+G4    23203.111   part2.1+part4.3	0h:1m:3s (0h:6m:5s left)
  32 K2P+G4       23225.574   part1.3+part3.1	0h:1m:6s (0h:6m:12s left)
  33 K2P+G4       23219.841   part2.3+part3.1	0h:1m:9s (0h:6m:13s left)
  34 HKY+F+G4     23197.218   part2.3+part3.2	0h:1m:12s (0h:6m:18s left)
  35 HKY+F+G4     23166.183   part1.3+part3.2	0h:1m:13s (0h:6m:8s left)
  36 TN+F+G4      23182.585   part2.2+part4.3	0h:1m:13s (0h:5m:57s left)
  37 K2P+G4       23236.440   part2.2+part3.3	0h:1m:13s (0h:5m:47s left)
  38 K2P+G4       23233.584   part2.1+part3.1	0h:1m:15s (0h:5m:42s left)
  39 K2P+G4       23321.856   part3.3+part4.1	0h:1m:20s (0h:5m:52s left)
  40 HKY+F+I      23194.177   part2.1+part3.2	0h:1m:21s (0h:5m:47s left)
  41 HKY+F+I+G4   23272.854   part4.1+part4.3	0h:1m:25s (0h:5m:56s left)
  42 K2P+G4       23221.766   part2.2+part3.1	0h:1m:28s (0h:5m:55s left)
  43 K2P+G4       23221.348   part1.1+part3.3	0h:1m:30s (0h:5m:52s left)
  44 TPM2+F+G4    23171.104   part1.1+part4.3	0h:1m:31s (0h:5m:47s left)
  45 K2P+I        23338.859   part3.3+part4.2	0h:1m:33s (0h:5m:44s left)
  46 TNe+I        23246.024   part1.2+part3.3	0h:1m:33s (0h:5m:36s left)
  47 HKY+F+G4     23191.953   part2.2+part3.2	0h:1m:36s (0h:5m:36s left)
  48 TN+F+I+G4    23301.744   part4.2+part4.3	0h:1m:38s (0h:5m:33s left)
  49 HKY+F+G4     23217.020   part1.2+part4.3	0h:1m:39s (0h:5m:29s left)
  50 K2P+G4       23256.204   part3.1+part4.1	0h:1m:41s (0h:5m:26s left)
  51 K2P+G4       23223.936   part3.2+part4.1	0h:1m:41s (0h:5m:17s left)
  52 TNe+G4       23223.222   part3.3+part5.1	0h:1m:41s (0h:5m:10s left)
  53 TPM2u+F+G4   23173.596   part4.3+part5.1	0h:1m:47s (0h:5m:21s left)
  54 K2P+I        23240.913   part3.3+part5.2	0h:1m:50s (0h:5m:22s left)
  55 K2P+G4       23188.168   part1.1+part3.1	0h:1m:53s (0h:5m:21s left)
  56 TIM2+F+G4    23229.956   part4.3+part5.2	0h:1m:56s (0h:5m:23s left)
  57 HKY+F+G4     23173.444   part1.1+part3.2	0h:1m:56s (0h:5m:15s left)
  58 K2P+G4       23252.658   part3.1+part4.2	0h:1m:58s (0h:5m:13s left)
  59 HKY+F+G4     23225.534   part3.2+part4.2	0h:1m:59s (0h:5m:7s left)
  60 K2P+G4       23190.723   part1.2+part3.1	0h:2m:1s (0h:5m:4s left)
  61 TIM2+F+G4    23181.496   part3.1+part5.1	0h:2m:5s (0h:5m:7s left)
  62 K3P+G4       23168.857   part3.2+part5.1	0h:2m:7s (0h:5m:6s left)
  63 K2P+G4       23074.315   part2.3+part5.3	0h:2m:9s (0h:5m:5s left)
  64 HKY+F+G4     23165.501   part1.2+part3.2	0h:2m:10s (0h:4m:58s left)
  65 K2P+G4       23194.026   part3.1+part5.2	0h:2m:14s (0h:5m:1s left)
  66 HKY+F+G4     23179.191   part3.2+part5.2	0h:2m:14s (0h:4m:55s left)
  67 HKY+F+G4     23101.905   part1.3+part5.3	0h:2m:16s (0h:4m:53s left)
  68 TNe+G4       23105.885   part2.1+part5.3	0h:2m:17s (0h:4m:49s left)
  69 HKY+F+G4     23070.978   part1.3+part2.3	0h:2m:20s (0h:4m:48s left)
  70 HKY+F+I      23085.949   part1.3+part2.1	0h:2m:21s (0h:4m:45s left)
  71 HKY+F+I      23081.001   part2.1+part2.3	0h:2m:23s (0h:4m:42s left)
  72 TNe+G4       23079.675   part2.2+part2.3	0h:2m:25s (0h:4m:41s left)
  73 TNe+G4       23140.797   part4.1+part5.3	0h:2m:29s (0h:4m:43s left)
  74 TN+F+G4      23096.623   part1.3+part2.2	0h:2m:29s (0h:4m:37s left)
  75 TNe+G4       23099.233   part1.1+part5.3	0h:2m:29s (0h:4m:31s left)
  76 TN+F+I       23112.905   part2.2+part5.3	0h:2m:30s (0h:4m:28s left)
  77 TNe+G4       23167.605   part4.2+part5.3	0h:2m:32s (0h:4m:24s left)
  78 K2P+G4       23156.756   part2.3+part4.1	0h:2m:34s (0h:4m:22s left)
  79 K2P+I        23064.049   part2.1+part2.2	0h:2m:34s (0h:4m:18s left)
  80 K2P+G4       23125.788   part1.3+part4.1	0h:2m:37s (0h:4m:17s left)
  81 K2P+G4       23099.479   part1.1+part2.3	0h:2m:41s (0h:4m:18s left)
  82 HKY+F+G4     23081.179   part1.1+part1.3	0h:2m:43s (0h:4m:16s left)
  83 HKY+F+G4     23123.794   part1.3+part4.2	0h:2m:45s (0h:4m:15s left)
  84 TN+F+G4      23173.522   part2.3+part4.2	0h:2m:47s (0h:4m:13s left)
  85 TNe+G4       23116.270   part1.2+part5.3	0h:2m:49s (0h:4m:11s left)
  86 K2P+I        23114.826   part2.1+part4.1	0h:2m:51s (0h:4m:9s left)
  87 TNe+G4       23121.785   part5.2+part5.3	0h:2m:52s (0h:4m:5s left)
  88 TNe+G4       23091.188   part5.1+part5.3	0h:2m:53s (0h:4m:3s left)
  89 HKY+F+I      23090.204   part1.2+part1.3	0h:2m:56s (0h:4m:2s left)
  90 HKY+F+I      23133.028   part1.2+part2.3	0h:2m:59s (0h:4m:1s left)
  91 HKY+F+G4     23090.509   part1.3+part5.1	0h:3m:0s (0h:3m:58s left)
  92 K2P+G4       23107.243   part2.3+part5.1	0h:3m:0s (0h:3m:53s left)
  93 K2P+G4       23083.870   part1.1+part2.1	0h:3m:1s (0h:3m:50s left)
  94 K2P+I        23085.425   part2.2+part4.1	0h:3m:5s (0h:3m:50s left)
  95 TNe+G4       23130.891   part2.3+part5.2	0h:3m:7s (0h:3m:48s left)
  96 HKY+F+I      23101.394   part1.3+part5.2	0h:3m:7s (0h:3m:44s left)
  97 K2P+I        23118.980   part2.1+part4.2	0h:3m:9s (0h:3m:42s left)
  98 K2P+I        23086.020   part2.1+part5.1	0h:3m:12s (0h:3m:41s left)
  99 K2P+I        23101.887   part1.2+part2.1	0h:3m:12s (0h:3m:37s left)
 100 K3P+G4       23069.590   part1.1+part2.2	0h:3m:14s (0h:3m:35s left)
 101 K2P+I        23047.707   part1.1+part4.1	0h:3m:16s (0h:3m:33s left)
 102 K2P+I        23099.588   part2.1+part5.2	0h:3m:16s (0h:3m:29s left)
 103 K2P+I        23030.923   part4.1+part4.2	0h:3m:18s (0h:3m:28s left)
 104 TIM3e+G4     23072.991   part2.2+part5.1	0h:3m:20s (0h:3m:26s left)
 105 JC+I         23025.690   part1.2+part4.1	0h:3m:21s (0h:3m:23s left)
 106 TIM3e+I      23092.084   part2.2+part4.2	0h:3m:23s (0h:3m:21s left)
 107 K2P+I        23041.759   part1.1+part4.2	0h:3m:24s (0h:3m:19s left)
 108 K2P+I        23033.401   part4.1+part5.1	0h:3m:24s (0h:3m:15s left)
 109 K2P+I        23038.760   part1.1+part1.2	0h:3m:25s (0h:3m:11s left)
 110 K2P+G4       23039.257   part1.1+part5.1	0h:3m:27s (0h:3m:10s left)
 111 K3P+I        23088.062   part1.2+part2.2	0h:3m:27s (0h:3m:7s left)
 112 K3P+I        23091.142   part2.2+part5.2	0h:3m:30s (0h:3m:5s left)
 113 JC           23023.704   part1.2+part4.2	0h:3m:31s (0h:3m:3s left)
 114 JC           23029.574   part1.2+part5.1	0h:3m:32s (0h:3m:0s left)
 115 K2P+I        23038.096   part4.2+part5.1	0h:3m:33s (0h:2m:58s left)
 116 K2P+I        23039.800   part4.1+part5.2	0h:3m:33s (0h:2m:55s left)
 117 K2P+I        23044.058   part1.1+part5.2	0h:3m:34s (0h:2m:52s left)
 118 JC+I         23042.317   part5.1+part5.2	0h:3m:36s (0h:2m:50s left)
 119 JC+I         23030.939   part1.2+part5.2	0h:3m:37s (0h:2m:47s left)
 120 JC+I         23027.216   part4.2+part5.2	0h:3m:37s (0h:2m:44s left)
Merging part1.2+part4.2 with BIC score: 23023.704 (LnL: -8035.970  df: 946)
 121 K2P+I        22558.904   part1.2+part4.2+part5.1	0h:3m:43s (0h:2m:46s left)
 122 HKY+F+I      22657.751   part1.2+part1.3+part4.2	0h:3m:44s (0h:2m:43s left)
 123 K2P+I        22655.745   part1.2+part2.1+part4.2	0h:3m:47s (0h:2m:42s left)
 124 HKY+F+G4     22777.390   part1.2+part3.2+part4.2	0h:3m:47s (0h:2m:39s left)
 125 HKY+F+I      22711.953   part1.2+part2.3+part4.2	0h:3m:49s (0h:2m:37s left)
 126 K2P+I        22551.901   part1.2+part4.1+part4.2	0h:3m:49s (0h:2m:34s left)
 127 K2P+I        22566.008   part1.1+part1.2+part4.2	0h:3m:51s (0h:2m:32s left)
 128 K2P+I+G4     22820.258   part1.2+part3.1+part4.2	0h:3m:51s (0h:2m:30s left)
 129 K2P+G4       22914.531   part1.2+part3.3+part4.2	0h:3m:52s (0h:2m:27s left)
 130 TPM3u+F+I    22628.940   part1.2+part2.2+part4.2	0h:3m:55s (0h:2m:26s left)
 131 K3P+I        22552.428   part1.2+part4.2+part5.2	0h:3m:58s (0h:2m:25s left)
 132 TNe+I        22716.278   part1.2+part4.2+part5.3	0h:4m:0s (0h:2m:23s left)
 133 HKY+F+I+G4   22885.238   part1.2+part4.2+part4.3	0h:4m:0s (0h:2m:21s left)
Merging part4.1+part5.1 with BIC score: 22549.386 (LnL: -8044.989  df: 879)
 134 K2P+I        22087.191   part4.1+part5.1+part5.2	0h:4m:7s (0h:2m:22s left)
 135 K2P+I        22161.970   part2.1+part4.1+part5.1	0h:4m:13s (0h:2m:22s left)
 136 K2P+G4       22178.748   part1.3+part4.1+part5.1	0h:4m:13s (0h:2m:19s left)
 137 K2P+I        22131.829   part2.2+part4.1+part5.1	0h:4m:13s (0h:2m:17s left)
 138 K2P+G4       22212.077   part2.3+part4.1+part5.1	0h:4m:15s (0h:2m:15s left)
 139 K2P+G4       22300.548   part3.2+part4.1+part5.1	0h:4m:15s (0h:2m:12s left)
 140 K2P+I        22091.452   part1.1+part4.1+part5.1	0h:4m:18s (0h:2m:11s left)
 141 K2P+G4       22405.368   part3.3+part4.1+part5.1	0h:4m:20s (0h:2m:9s left)
 142 K2P+G4       22337.704   part3.1+part4.1+part5.1	0h:4m:20s (0h:2m:6s left)
 143 K2P+I        22080.623   part1.2+part4.1+part4.2+part5.1	0h:4m:21s (0h:2m:4s left)
 144 TNe+G4       22200.576   part4.1+part5.1+part5.3	0h:4m:24s (0h:2m:3s left)
 145 HKY+F+I+G4   22364.373   part4.1+part4.3+part5.1	0h:4m:25s (0h:2m:0s left)
Merging part1.2+part4.2+part5.2 with BIC score: 22078.110 (LnL: -8048.180  df: 814)
 146 K3Pu+F+I     21727.331   part1.2+part1.3+part4.2+part5.2	0h:4m:36s (0h:2m:2s left)
 147 K2P+I        21716.532   part1.2+part2.1+part4.2+part5.2	0h:4m:37s (0h:2m:0s left)
 148 HKY+F+G4     21862.872   part1.2+part3.2+part4.2+part5.2	0h:4m:37s (0h:1m:58s left)
 149 HKY+F+I      21780.641   part1.2+part2.3+part4.2+part5.2	0h:4m:39s (0h:1m:56s left)
 150 TNe+I        21791.698   part1.2+part4.2+part5.2+part5.3	0h:4m:40s (0h:1m:54s left)
 151 K2P+I+G4     21910.049   part1.2+part3.1+part4.2+part5.2	0h:4m:41s (0h:1m:51s left)
 152 K2P+G4       22009.080   part1.2+part3.3+part4.2+part5.2	0h:4m:42s (0h:1m:49s left)
 153 K2P+I        21619.055   part1.2+part4.1+part4.2+part5.1+part5.2	0h:4m:43s (0h:1m:47s left)
 154 K2P+I        21622.958   part1.1+part1.2+part4.2+part5.2	0h:4m:44s (0h:1m:45s left)
 155 K3P+I        21686.234   part1.2+part2.2+part4.2+part5.2	0h:4m:45s (0h:1m:43s left)
 156 TPM3u+F+I+G4 21997.177   part1.2+part4.2+part4.3+part5.2	0h:4m:49s (0h:1m:42s left)
Merging part1.2+part4.1+part4.2+part5.1+part5.2 with BIC score: 21619.055 (LnL: -8075.853  df: 744)
 157 K2P+I        21296.001   part1.2+part1.3+part4.1+part4.2+part5.1+part5.2	0h:4m:59s (0h:1m:43s left)
 158 K2P+I        21262.625   part1.2+part2.1+part4.1+part4.2+part5.1+part5.2	0h:5m:1s (0h:1m:41s left)
 159 K2P+I        21226.038   part1.2+part2.2+part4.1+part4.2+part5.1+part5.2	0h:5m:3s (0h:1m:39s left)
 160 K2P+I        21338.009   part1.2+part2.3+part4.1+part4.2+part5.1+part5.2	0h:5m:6s (0h:1m:37s left)
 161 K2P+I        21461.465   part1.2+part3.2+part4.1+part4.2+part5.1+part5.2	0h:5m:7s (0h:1m:35s left)
 162 K2P+I+G4     21517.781   part1.2+part3.1+part4.1+part4.2+part5.1+part5.2	0h:5m:8s (0h:1m:33s left)
 163 K2P+I+G4     21593.410   part1.2+part4.1+part4.2+part4.3+part5.1+part5.2	0h:5m:9s (0h:1m:31s left)
 164 K2P+I+G4     21627.989   part1.2+part3.3+part4.1+part4.2+part5.1+part5.2	0h:5m:9s (0h:1m:28s left)
 165 K2P+I        21170.785   part1.1+part1.2+part4.1+part4.2+part5.1+part5.2	0h:5m:10s (0h:1m:26s left)
 166 TNe+I        21348.084   part1.2+part4.1+part4.2+part5.1+part5.2+part5.3	0h:5m:15s (0h:1m:25s left)
Merging part1.1+part1.2+part4.1+part4.2+part5.1+part5.2 with BIC score: 21170.785 (LnL: -8105.244  df: 675)
 167 K2P+I        20812.871   part1.1+part1.2+part2.1+part4.1+part4.2+part5.1+part5.2	0h:5m:27s (0h:1m:26s left)
 168 K2P+I        20774.108   part1.1+part1.2+part2.2+part4.1+part4.2+part5.1+part5.2	0h:5m:28s (0h:1m:23s left)
 169 K2P+I        20882.654   part1.1+part1.2+part2.3+part4.1+part4.2+part5.1+part5.2	0h:5m:28s (0h:1m:21s left)
 170 K2P+I+G4     21083.525   part1.1+part1.2+part3.1+part4.1+part4.2+part5.1+part5.2	0h:5m:31s (0h:1m:19s left)
 171 TNe+I+G4     20905.539   part1.1+part1.2+part4.1+part4.2+part5.1+part5.2+part5.3	0h:5m:32s (0h:1m:17s left)
 172 K2P+I        21018.390   part1.1+part1.2+part3.2+part4.1+part4.2+part5.1+part5.2	0h:5m:32s (0h:1m:15s left)
 173 K2P+I+G4     21184.857   part1.1+part1.2+part3.3+part4.1+part4.2+part5.1+part5.2	0h:5m:33s (0h:1m:13s left)
 174 K2P+I+G4     21140.843   part1.1+part1.2+part4.1+part4.2+part4.3+part5.1+part5.2	0h:5m:33s (0h:1m:10s left)
 175 K2P+I        20838.718   part1.1+part1.2+part1.3+part4.1+part4.2+part5.1+part5.2	0h:5m:38s (0h:1m:9s left)
Merging part2.1+part2.2 with BIC score: 20727.115 (LnL: -8129.587  df: 608)
 176 K2P+G4       20351.358   part2.1+part2.2+part5.3	0h:5m:45s (0h:1m:8s left)
 177 K2P+G4       20515.562   part2.1+part2.2+part3.1	0h:5m:49s (0h:1m:7s left)
 178 TNe+G4       20307.604   part2.1+part2.2+part2.3	0h:5m:49s (0h:1m:4s left)
 179 TN+F+I       20322.330   part1.3+part2.1+part2.2	0h:5m:50s (0h:1m:2s left)
 180 TN+F+G4      20474.179   part2.1+part2.2+part4.3	0h:5m:50s (0h:1m:0s left)
 181 HKY+F+I      20457.135   part2.1+part2.2+part3.2	0h:5m:51s (0h:0m:58s left)
 182 K2P+G4       20526.620   part2.1+part2.2+part3.3	0h:5m:51s (0h:0m:56s left)
 183 K2P+I        20395.522   part1.1+part1.2+part2.1+part2.2+part4.1+part4.2+part5.1+part5.2	0h:5m:52s (0h:0m:53s left)
Merging part1.3+part2.3 with BIC score: 20290.373 (LnL: -8164.742  df: 539)
 184 HKY+F+G4     19885.238   part1.3+part2.3+part5.3	0h:6m:3s (0h:0m:53s left)
 185 K2P+G4       20012.222   part1.3+part2.3+part4.3	0h:6m:6s (0h:0m:51s left)
 186 HKY+F+G4     20068.249   part1.3+part2.3+part3.1	0h:6m:6s (0h:0m:49s left)
 187 HKY+F+I      20072.133   part1.1+part1.2+part1.3+part2.3+part4.1+part4.2+part5.1+part5.2	0h:6m:6s (0h:0m:47s left)
 188 TN+F+I       19891.977   part1.3+part2.1+part2.2+part2.3	0h:6m:6s (0h:0m:44s left)
 189 K2P+G4       20044.177   part1.3+part2.3+part3.3	0h:6m:7s (0h:0m:42s left)
 190 HKY+F+G4     19993.228   part1.3+part2.3+part3.2	0h:6m:7s (0h:0m:40s left)
Merging part1.3+part2.3+part5.3 with BIC score: 19885.238 (LnL: -8230.398  df: 466)
 191 K2P+G4       19613.567   part1.3+part2.3+part4.3+part5.3	0h:6m:19s (0h:0m:39s left)
 192 HKY+F+G4     19500.208   part1.3+part2.1+part2.2+part2.3+part5.3	0h:6m:21s (0h:0m:37s left)
 193 K2P+G4       19698.277   part1.3+part2.3+part3.1+part5.3	0h:6m:21s (0h:0m:35s left)
 194 K2P+G4       19634.225   part1.3+part2.3+part3.3+part5.3	0h:6m:21s (0h:0m:33s left)
 195 K2P+G4       19749.572   part1.1+part1.2+part1.3+part2.3+part4.1+part4.2+part5.1+part5.2+part5.3	0h:6m:22s (0h:0m:31s left)
 196 HKY+F+G4     19640.115   part1.3+part2.3+part3.2+part5.3	0h:6m:22s (0h:0m:29s left)
Merging part3.1+part3.2 with BIC score: 19492.301 (LnL: -8265.410  df: 403)
 197 HKY+F+G4     19294.584   part2.1+part2.2+part3.1+part3.2	0h:6m:35s (0h:0m:28s left)
 198 K2P+G4       19251.692   part3.1+part3.2+part3.3	0h:6m:36s (0h:0m:26s left)
 199 K2P+I+G4     19499.978   part1.1+part1.2+part3.1+part3.2+part4.1+part4.2+part5.1+part5.2	0h:6m:37s (0h:0m:23s left)
 200 K2P+G4       19465.430   part3.1+part3.2+part4.3	0h:6m:38s (0h:0m:21s left)
 201 HKY+F+G4     19368.596   part1.3+part2.3+part3.1+part3.2+part5.3	0h:6m:39s (0h:0m:19s left)
Merging part1.3+part2.1+part2.2+part2.3+part5.3 with BIC score: 19107.270 (LnL: -8311.724  df: 338)
 202 HKY+F+G4     18954.746   part1.1+part1.2+part1.3+part2.1+part2.2+part2.3+part4.1+part4.2+part5.1+part5.2+part5.3	0h:6m:51s (0h:0m:18s left)
 203 K2P+G4       18860.731   part1.3+part2.1+part2.2+part2.3+part4.3+part5.3	0h:6m:52s (0h:0m:16s left)
 204 K2P+G4       18920.845   part1.3+part2.1+part2.2+part2.3+part3.3+part5.3	0h:6m:53s (0h:0m:14s left)
 205 HKY+F+G4     19029.730   part1.3+part2.1+part2.2+part2.3+part3.1+part3.2+part5.3	0h:6m:59s (0h:0m:12s left)
Merging part1.3+part2.1+part2.2+part2.3+part4.3+part5.3 with BIC score: 18860.731 (LnL: -8471.375  df: 261)
 206 K2P+I+G4     18834.302   part1.1+part1.2+part1.3+part2.1+part2.2+part2.3+part4.1+part4.2+part4.3+part5.1+part5.2+part5.3	0h:7m:15s (0h:0m:10s left)
 207 K2P+G4       18664.256   part1.3+part2.1+part2.2+part2.3+part3.3+part4.3+part5.3	0h:7m:17s (0h:0m:8s left)
 208 K2P+G4       18854.720   part1.3+part2.1+part2.2+part2.3+part3.1+part3.2+part4.3+part5.3	0h:7m:18s (0h:0m:6s left)
Merging part3.1+part3.2+part3.3 with BIC score: 18620.122 (LnL: -8578.877  df: 199)
 209 K2P+I+G4     18769.462   part1.1+part1.2+part3.1+part3.2+part3.3+part4.1+part4.2+part5.1+part5.2	0h:7m:36s (0h:0m:4s left)
 210 K2P+G4       18578.485   part1.3+part2.1+part2.2+part2.3+part3.1+part3.2+part3.3+part4.3+part5.3	0h:7m:41s (0h:0m:2s left)
Merging part1.3+part2.1+part2.2+part2.3+part3.1+part3.2+part3.3+part4.3+part5.3 with BIC score: 18578.485 (LnL: -8782.190  df: 138)
 211 K2P+I+G4     18735.091   part1.1+part1.2+part1.3+part2.1+part2.2+part2.3+part3.1+part3.2+part3.3+part4.1+part4.2+part4.3+part5.1+part5.2+part5.3	0h:8m:4s (0h:0m:0s left)
BEST-FIT PARTITION MODEL: 
  charpartition BIC = K2P+I: part1.1 part1.2 part4.1 part4.2 part5.1 part5.2, K2P+G4: part1.3 part2.1 part2.2 part2.3 part3.1 part3.2 part3.3 part4.3 part5.3;
Agglomerative model selection: ((part1.1,(((part1.2,part4.2)1:23023.7,part5.2)3:22078.1,(part4.1,part5.1)2:22549.4)4:21619.1)5:21170.8,(((((part1.3,part2.3)7:20290.4,part5.3)8:19885.2,(part2.1,part2.2)6:20727.1)10:19107.3,part4.3)11:18860.7,((part3.1,part3.2)9:19492.3,part3.3)12:18620.1)13:18578.5)
Merging into 2 partitions...
Partition information was printed to 6_set32.best_scheme.nex
Partition information in Raxml format was printed to 6_set32.best_scheme

All model information printed to 6_set32.model.gz
CPU time for ModelFinder: 354.091 seconds (0h:5m:54s)
Wall-clock time for ModelFinder: 486.571 seconds (0h:8m:6s)
Generating 1000 samples for ultrafast bootstrap (seed: 723265)...

NOTE: 6 MB RAM (0 GB) is required!
Measuring multi-threading efficiency up to 8 CPU cores
Increase to 10 rounds for branch lengths
28 trees examined
Threads: 1 / Time: 8.228 sec / Speedup: 1.000 / Efficiency: 100% / LogL: -12178
Threads: 2 / Time: 6.833 sec / Speedup: 1.204 / Efficiency: 60% / LogL: -12178
Threads: 3 / Time: 26.271 sec / Speedup: 0.313 / Efficiency: 10% / LogL: -12178
BEST NUMBER OF THREADS: 2

Estimate model parameters (epsilon = 0.100)
Optimizing K2P+G4 parameters for partition part1.3+part2.1+part2.2+part2.3+part3.1+part3.2+part3.3+part4.3+part5.3 (69 free parameters)
Optimizing K2P+I parameters for partition part1.1+part1.2+part4.1+part4.2+part5.1+part5.2 (69 free parameters)
Optimal log-likelihood: -8782.190
Computing ML distances based on estimated model parameters... 0.021 sec
Computing BIONJ tree...
0.006 seconds
Log-likelihood of BIONJ tree: -8864.955
--------------------------------------------------------------------
|             INITIALIZING CANDIDATE TREE SET                      |
--------------------------------------------------------------------
Generating 98 parsimony trees... 3.360 second
Computing log-likelihood of 98 initial trees ... 7.408 seconds
Current best score: -8776.326

Do NNI search on 20 best initial trees
Estimate model parameters (epsilon = 0.100)
BETTER TREE FOUND at iteration 1: -8776.218
Iteration 10 / LogL: -8783.540 / Time: 0h:1m:1s
Iteration 20 / LogL: -8783.795 / Time: 0h:1m:13s
Finish initializing candidate tree set (4)
Current best tree score: -8776.218 / CPU time: 30.903
Number of iterations: 20
--------------------------------------------------------------------
|               OPTIMIZING CANDIDATE TREE SET                      |
--------------------------------------------------------------------
UPDATE BEST LOG-LIKELIHOOD: -8776.216
UPDATE BEST LOG-LIKELIHOOD: -8776.216
Iteration 30 / LogL: -8783.838 / Time: 0h:1m:31s (0h:3m:43s left)
Iteration 40 / LogL: -8783.509 / Time: 0h:1m:52s (0h:2m:56s left)
UPDATE BEST LOG-LIKELIHOOD: -8776.215
Iteration 50 / LogL: -8784.796 / Time: 0h:2m:11s (0h:2m:16s left)
Log-likelihood cutoff on original alignment: -8812.505
Iteration 60 / LogL: -8783.694 / Time: 0h:2m:35s (0h:1m:48s left)
UPDATE BEST LOG-LIKELIHOOD: -8776.215
Iteration 70 / LogL: -8776.545 / Time: 0h:2m:58s (0h:1m:19s left)
Iteration 80 / LogL: -8784.679 / Time: 0h:3m:18s (0h:0m:52s left)
Iteration 90 / LogL: -8776.216 / Time: 0h:3m:34s (0h:0m:26s left)
UPDATE BEST LOG-LIKELIHOOD: -8776.214
Iteration 100 / LogL: -8777.433 / Time: 0h:3m:51s (0h:0m:2s left)
Log-likelihood cutoff on original alignment: -8812.505
NOTE: Bootstrap correlation coefficient of split occurrence frequencies: 0.999
TREE SEARCH COMPLETED AFTER 102 ITERATIONS / Time: 0h:3m:54s

--------------------------------------------------------------------
|                    FINALIZING TREE SEARCH                        |
--------------------------------------------------------------------
Performs final model parameters optimization
Estimate model parameters (epsilon = 0.010)
Optimizing K2P+G4 parameters for partition part1.3+part2.1+part2.2+part2.3+part3.1+part3.2+part3.3+part4.3+part5.3 (69 free parameters)
Optimizing K2P+I parameters for partition part1.1+part1.2+part4.1+part4.2+part5.1+part5.2 (69 free parameters)
Optimal log-likelihood: -8776.214
BEST SCORE FOUND : -8776.214
Creating bootstrap support values...
Split supports printed to NEXUS file 6_set32.splits.nex
Total tree length: 1.059

Total number of iterations: 102
CPU time used for tree search: 39.860 sec (0h:0m:39s)
Wall-clock time used for tree search: 191.735 sec (0h:3m:11s)
Total CPU time used: 48.905 sec (0h:0m:48s)
Total wall-clock time used: 235.807 sec (0h:3m:55s)

Computing bootstrap consensus tree...
Reading input file 6_set32.splits.nex...
35 taxa and 167 splits.
Consensus tree written to 6_set32.contree
Reading input trees file 6_set32.contree
Log-likelihood of consensus tree: -8776.218

Analysis results written to: 
  IQ-TREE report:                6_set32.iqtree
  Maximum-likelihood tree:       6_set32.treefile
  Likelihood distances:          6_set32.mldist
  Best partitioning scheme:      6_set32.best_scheme.nex
           in RAxML format:      6_set32.best_scheme

Ultrafast bootstrap approximation results written to:
  Split support values:          6_set32.splits.nex
  Consensus tree:                6_set32.contree
  Screen log file:               6_set32.log

Date and Time: Thu Sep  6 19:39:01 2018
