IQ-TREE multicore version 1.6.7 for Mac OS X 64-bit built Aug 23 2018
Developed by Bui Quang Minh, Nguyen Lam Tung, Olga Chernomor,
Heiko Schmidt, Dominik Schrempf, Michael Woodhams.

Host:    meeps-mac-pro.staff.sydney.edu.au (AVX, 64 GB RAM)
Command: /Users/davidduchene/Desktop/Software/iqtree-1.6.7-MacOSX/bin/iqtree -s ../../../../marsupials/set286.fasta -m TESTMERGE -bb 1000 -q ../../../../marsupials/set286.nex -nt AUTO -pre 2_set286
Seed:    84487 (Using SPRNG - Scalable Parallel Random Number Generator)
Time:    Sat Sep  8 06:34:45 2018
Kernel:  AVX - auto-detect threads (8 CPU cores detected)

Reading partition model file ../../../../marsupials/set286.nex ...
Reading alignment file ../../../../marsupials/set286.fasta ... Fasta format detected
Alignment most likely contains DNA/RNA sequences
Alignment has 48 sequences with 2284 columns, 1044 distinct patterns
624 parsimony-informative, 286 singleton sites, 1374 constant sites
                                                Gap/Ambiguity  Composition  p-value
   1  Acrobatidae_Acrobates_pygmaeus                    1.23%    passed     91.38%
   2  Acrobatidae_Distoechurus_pennatus                 0.57%    passed     98.93%
   3  Burramyidae_Burramys_parvus                       1.18%    passed     81.12%
   4  Burramyidae_Cercartetus_nanusnorthern             0.48%    passed     97.65%
   5  Burramyidae_Cercartetus_nanussouthern             7.92%    passed     93.40%
   6  Dasyuridae_Antechinus_stuartii                    0.88%    passed     98.64%
   7  Dasyuridae_Dasyurus_geffroii                      0.22%    passed     94.28%
   8  Dasyuridae_Dasyurus_maculatus                     0.44%    passed     90.11%
   9  Dasyuridae_Phascogale_calura                      0.31%    passed     91.43%
  10  Dasyuridae_Phascogale_tapoatafa                   0.44%    passed     86.80%
  11  Dasyuridae_Planigale_tenuirostris                16.81%    passed     98.00%
  12  Dasyuridae_Sarcophilus_harrisii                   0.39%    passed     91.55%
  13  Dasyuridae_Sminthopsis_macroura                   0.22%    passed     86.66%
  14  Didelphidae_Didelphis_virginiana                  2.41%    passed     59.22%
  15  Hypsiprymnodontidae_Hypsiprymnodon_moschatus      7.44%    passed     51.45%
  16  Macropodidae_Dorcopsulus_vanheurni                0.96%    passed     97.52%
  17  Macropodidae_Onychogalea_fraenata                 0.31%    passed     99.95%
  18  Macropodidae_Wallabia_bicolor                     0.13%    passed     99.99%
  19  Marmosidae_Monodelphis_domestica                  0.48%    passed     87.21%
  20  Microbiotheriidae_Dromiciops_gliroides            3.59%    passed     60.43%
  21  Myrmecobiidae_Myrmecobius_fasciatus               2.85%    passed     89.39%
  22  Notoryctidae_Notoryctes_typhlops                  3.11%    passed     78.10%
  23  Peramelidae_Echymipera_kalubu                     2.71%    passed     71.48%
  24  Peramelidae_Isoodon_obesulus                      0.39%    passed     87.63%
  25  Peramelidae_Perameles_gunnii                      0.83%    passed     74.42%
  26  Peramelidae_Perameles_nasuta                      2.36%    passed     83.24%
  27  Peramelidae_Peroryctes_raffrayana                 7.36%    passed     49.15%
  28  Phalangeridae_Phalanger_carmelitae                0.18%    passed     88.14%
  29  Phalangeridae_Phalanger_orientalis                0.53%    passed     98.37%
  30  Phalangeridae_Spilocuscus_maculatus               0.39%    passed     93.24%
  31  Phalangeridae_Strigocuscus_pelengensis            9.19%    passed     98.11%
  32  Phalangeridae_Trichosurus_vulpecula               0.18%    passed     81.77%
  33  Phascolarctidae_Phascolarctos_cinereus            0.39%    passed     85.82%
  34  Potoroidae_Aepyprymnus_rufescens                  0.39%    passed     88.23%
  35  Potoroidae_Bettongia_lesueur                      0.70%    passed     95.43%
  36  Potoroidae_Bettongia_penicillata                  0.66%    passed     97.31%
  37  Potoroidae_Potorous_tridactylusnorth             15.67%    passed     57.47%
  38  Potoroidae_Potorous_tridactylussouth              1.40%    passed     94.65%
  39  Potoroidae_Potorous_tridactylusTas                2.28%    passed     94.93%
  40  Pseudochiridae_Petauroides_volans                 1.09%    passed     99.37%
  41  Pseudochiridae_Pseudocheirus_occidentalis         7.97%    passed     92.53%
  42  Pseudochiridae_Pseudocheirus_peregrinus_Sydney    6.48%    passed     68.16%
  43  Pseudochiridae_Pseudocheirus_peregrinus_north     5.95%    passed     62.25%
  44  Pseudochiridae_Pseudochirulus_forbesi             0.31%    passed     90.63%
  45  Tarsipedidae_Tarsipes_rostratus                  12.83%    passed     89.05%
  46  Thylacomyidae_Macrotis_lagotis                    2.71%    passed     45.11%
  47  Vombatidae_Lasiorhinus_latifrons                  0.18%    passed     89.86%
  48  Vombatidae_Vombatus_ursinus                       1.23%    passed     97.42%
****  TOTAL                                             2.85%  0 sequences failed composition chi2 test (p-value<5%; df=3)
NOTE: No CharPartition defined, use all CharSets

Loading 15 partitions...
Subset	Type	Seqs	Sites	Infor	Invar	Model	Name
1		48	182	63	90	TESTMERGE	part1.1
2		48	182	20	141	TESTMERGE	part1.2
3		48	182	10	164	TESTMERGE	part1.3
4		48	128	59	45	TESTMERGE	part2.1
5		48	128	28	87	TESTMERGE	part2.2
6		48	128	37	82	TESTMERGE	part2.3
7		48	83	5	66	TESTMERGE	part3.1
8		48	83	2	68	TESTMERGE	part3.2
9		48	83	26	44	TESTMERGE	part3.3
10		48	286	47	214	TESTMERGE	part4.1
11		48	286	27	234	TESTMERGE	part4.2
12		48	286	167	76	TESTMERGE	part4.3
13		48	82	40	24	TESTMERGE	part5.1
14		48	82	40	23	TESTMERGE	part5.2
15		48	82	53	15	TESTMERGE	part5.3
Degree of missing data: 0.000
Info: multi-threading strategy over partitions



Create initial parsimony tree by phylogenetic likelihood library (PLL)... 0.011 seconds
NOTE: ModelFinder requires 13 MB RAM!
NUMBER OF THREADS FOR PARTITION FINDING: 8
Testing GTR+F+G on supermatrix...
GTR+F+G4 / LnL: -14943.721 / df: 102 / AIC: 30091.442 / AICc: 30101.081 / BIC: 30676.233
Selecting individual models for 15 charsets using BIC...
 No. Model        Score       Charset
   1 TPM2u+F+G4   2143.712    part5.3
   2 K2P+G4       1516.335    part2.2
   3 TPM2u+F+G4   2637.387    part4.1
   4 K2P+G4       1663.368    part2.3
   5 K2P+I+G4     2774.916    part2.1
   6 K2P+G4       6276.437    part4.3
   7 TNe+G4       1365.770    part1.2
   8 K3Pu+F+G4    2506.058    part1.1
   9 K3P+G4       1924.109    part5.1
  10 TIM2e+G4     1880.318    part5.2	0h:0m:8s (0h:2m:52s left)
  11 K3P+I        1011.400    part3.3	0h:0m:9s (0h:2m:53s left)
  12 K2P+I+G4     2017.834    part4.2	0h:0m:9s (0h:2m:43s left)
  13 TNe+G4       549.891     part3.1	0h:0m:10s (0h:2m:43s left)
  14 TN+F+G4      510.830     part3.2	0h:0m:10s (0h:2m:31s left)
  15 TIM+F+I+G4   913.999     part1.3	0h:0m:11s (0h:2m:30s left)
Full partition model BIC score: 30580.589 (LnL: -14698.701  df:153)
Merging models to increase model fit (about 211 total partition schemes)...
WARNING: ABNORMAL_TERMINATION_IN_LNSRCH
  16 TNe+G4       30565.482   part4.3+part5.3	0h:0m:16s (0h:3m:15s left)
  17 TNe+G4       30586.033   part1.2+part4.3	0h:0m:16s (0h:3m:6s left)
  18 K2P+G4       30595.572   part1.1+part4.3	0h:0m:16s (0h:3m:1s left)
  19 K2P+I+G4     30578.461   part2.1+part4.3	0h:0m:17s (0h:2m:53s left)
  20 K2P+G4       30603.855   part2.2+part4.3	0h:0m:18s (0h:2m:54s left)
  21 TIMe+G4      30576.006   part4.3+part5.1	0h:0m:18s (0h:2m:49s left)
  22 K2P+G4       30608.557   part4.1+part4.3	0h:0m:18s (0h:2m:42s left)
  23 K2P+G4       30591.545   part2.3+part4.3	0h:0m:19s (0h:2m:35s left)
  24 K2P+I+G4     30631.567   part4.2+part4.3	0h:0m:22s (0h:2m:58s left)
  25 K2P+I+G4     30653.851   part1.3+part4.3	0h:0m:24s (0h:3m:1s left)
  26 K2P+G4       30569.846   part4.3+part5.2	0h:0m:24s (0h:2m:55s left)
  27 K2P+G4       30564.284   part3.3+part4.3	0h:0m:24s (0h:2m:48s left)
  28 K2P+G4       30577.470   part3.1+part4.3	0h:0m:25s (0h:2m:46s left)
  29 K2P+G4       30592.254   part3.2+part4.3	0h:0m:25s (0h:2m:39s left)
  30 K3P+G4       30625.847   part1.1+part4.1	0h:0m:26s (0h:2m:38s left)
  31 TN+F+G4      30611.580   part1.1+part2.1	0h:0m:27s (0h:2m:37s left)
  32 K2P+I+G4     30567.323   part2.1+part4.1	0h:0m:30s (0h:2m:49s left)
  33 K2P+G4       30614.897   part1.1+part2.3	0h:0m:30s (0h:2m:44s left)
  34 K3Pu+F+G4    30625.576   part1.1+part2.2	0h:0m:31s (0h:2m:42s left)
  35 K2P+G4       30611.568   part1.1+part1.2	0h:0m:31s (0h:2m:37s left)
  36 K2P+I+G4     30576.900   part2.1+part2.2	0h:0m:31s (0h:2m:35s left)
  37 HKY+F+G4     30543.668   part1.1+part5.3	0h:0m:32s (0h:2m:31s left)
  38 K3Pu+F+G4    30588.643   part1.1+part5.1	0h:0m:33s (0h:2m:33s left)
  39 TN+F+G4      30565.963   part1.1+part5.2	0h:0m:34s (0h:2m:34s left)
  40 K2P+I+G4     30566.430   part2.1+part2.3	0h:0m:36s (0h:2m:36s left)
  41 K2P+G4       30561.571   part2.1+part5.3	0h:0m:36s (0h:2m:32s left)
  42 K2P+I+G4     30561.702   part1.2+part2.1	0h:0m:36s (0h:2m:27s left)
  43 TIM2e+I+G4   30571.926   part2.1+part5.2	0h:0m:37s (0h:2m:28s left)
  44 K2P+I+G4     30569.518   part2.1+part5.1	0h:0m:38s (0h:2m:24s left)
  45 HKY+F+I+G4   30644.504   part1.1+part4.2	0h:0m:38s (0h:2m:22s left)
  46 K2P+I+G4     30576.854   part2.1+part4.2	0h:0m:39s (0h:2m:20s left)
  47 K3P+G4       30566.939   part2.2+part4.1	0h:0m:41s (0h:2m:24s left)
  48 TIM2e+G4     30573.245   part4.1+part5.3	0h:0m:42s (0h:2m:24s left)
  49 HKY+F+G4     30565.550   part2.3+part4.1	0h:0m:43s (0h:2m:25s left)
  50 HKY+F+G4     30583.275   part1.1+part3.3	0h:0m:44s (0h:2m:22s left)
  51 K2P+G4       30570.155   part2.2+part5.3	0h:0m:44s (0h:2m:19s left)
  52 TIM2+F+I+G4  30555.473   part1.2+part4.1	0h:0m:44s (0h:2m:17s left)
  53 K2P+G4       30566.584   part2.2+part2.3	0h:0m:45s (0h:2m:14s left)
  54 TPM3u+F+G4   30635.112   part1.1+part1.3	0h:0m:47s (0h:2m:16s left)
  55 TIM2+F+G4    30579.359   part4.1+part5.1	0h:0m:48s (0h:2m:16s left)
  56 TIM2e+I+G4   30576.551   part4.1+part5.2	0h:0m:48s (0h:2m:15s left)
  57 K2P+G4       30564.788   part2.3+part5.3	0h:0m:49s (0h:2m:13s left)
  58 K2P+G4       30573.120   part2.1+part3.3	0h:0m:49s (0h:2m:9s left)
  59 HKY+F+I+G4   30566.809   part4.1+part4.2	0h:0m:49s (0h:2m:7s left)
  60 K2P+G4       30567.519   part1.2+part2.2	0h:0m:49s (0h:2m:5s left)
  61 TNe+G4       30580.724   part2.2+part5.2	0h:0m:50s (0h:2m:4s left)
  62 K2P+I+G4     30564.553   part1.2+part2.3	0h:0m:53s (0h:2m:8s left)
  63 K3P+G4       30573.249   part2.2+part5.1	0h:0m:54s (0h:2m:6s left)
  64 TNe+I+G4     30577.622   part2.3+part5.2	0h:0m:54s (0h:2m:6s left)
  65 K2P+I+G4     30601.075   part1.3+part2.1	0h:0m:55s (0h:2m:4s left)
  66 K2P+G4       30571.424   part2.3+part5.1	0h:0m:56s (0h:2m:3s left)
  67 K2P+I+G4     30576.054   part2.2+part4.2	0h:0m:56s (0h:2m:1s left)
  68 TPM3u+F+G4   30573.501   part1.1+part3.2	0h:0m:57s (0h:2m:1s left)
  69 K2P+G4       30566.061   part1.2+part5.3	0h:0m:58s (0h:1m:59s left)
  70 HKY+F+G4     30586.905   part1.1+part3.1	0h:0m:58s (0h:1m:57s left)
  71 TIM2e+G4     30556.870   part5.2+part5.3	0h:0m:58s (0h:1m:55s left)
  72 TIM2e+G4     30552.248   part5.1+part5.3	0h:0m:59s (0h:1m:55s left)
  73 K2P+G4       30592.845   part4.2+part5.3	0h:1m:0s (0h:1m:55s left)
  74 K2P+I+G4     30570.998   part2.3+part4.2	0h:1m:1s (0h:1m:54s left)
  75 TPM3u+F+I+G4 30581.215   part1.2+part5.2	0h:1m:1s (0h:1m:52s left)
  76 TNe+G4       30573.978   part1.2+part5.1	0h:1m:2s (0h:1m:51s left)
  77 TIM2e+G4     30572.254   part5.1+part5.2	0h:1m:3s (0h:1m:50s left)
  78 K2P+I+G4     30567.499   part2.1+part3.1	0h:1m:4s (0h:1m:49s left)
  79 TPM2u+F+I+G4 30563.749   part1.2+part4.2	0h:1m:5s (0h:1m:48s left)
  80 HKY+F+I+G4   30595.441   part4.2+part5.2	0h:1m:6s (0h:1m:49s left)
  81 K2P+I+G4     30575.579   part2.1+part3.2	0h:1m:7s (0h:1m:48s left)
  82 K2P+I+G4     30594.286   part4.2+part5.1	0h:1m:7s (0h:1m:46s left)
  83 K2P+G4       30587.833   part3.3+part4.1	0h:1m:7s (0h:1m:44s left)
  84 K2P+G4       30589.763   part2.2+part3.3	0h:1m:8s (0h:1m:44s left)
  85 K2P+I+G4     30588.882   part1.3+part4.1	0h:1m:9s (0h:1m:42s left)
  86 K2P+G4       30582.319   part2.3+part3.3	0h:1m:11s (0h:1m:43s left)
  87 K2P+I+G4     30598.474   part1.3+part2.2	0h:1m:11s (0h:1m:41s left)
  88 K2P+G4       30557.495   part3.3+part5.3	0h:1m:11s (0h:1m:40s left)
  89 K2P+I+G4     30593.380   part1.3+part2.3	0h:1m:13s (0h:1m:40s left)
  90 HKY+F+G4     30614.222   part1.3+part5.3	0h:1m:14s (0h:1m:39s left)
  91 K2P+G4       30578.809   part1.2+part3.3	0h:1m:14s (0h:1m:38s left)
  92 TNe+G4       30569.495   part3.3+part5.2	0h:1m:14s (0h:1m:37s left)
  93 TPM2u+F+I+G4 30562.894   part3.1+part4.1	0h:1m:16s (0h:1m:36s left)
  94 K2P+G4       30569.789   part3.3+part5.1	0h:1m:16s (0h:1m:35s left)
  95 K2P+I+G4     30571.293   part3.2+part4.1	0h:1m:17s (0h:1m:34s left)
  96 K2P+I+G4     30607.056   part3.3+part4.2	0h:1m:18s (0h:1m:34s left)
  97 K2P+G4       30574.695   part2.2+part3.1	0h:1m:18s (0h:1m:32s left)
  98 K2P+I+G4     30573.359   part1.2+part1.3	0h:1m:20s (0h:1m:32s left)
  99 K2P+I+G4     30622.923   part1.3+part5.1	0h:1m:20s (0h:1m:31s left)
 100 K2P+G4       30571.889   part2.2+part3.2	0h:1m:20s (0h:1m:29s left)
 101 K2P+I+G4     30573.971   part2.3+part3.1	0h:1m:21s (0h:1m:28s left)
 102 TN+F+I+G4    30609.698   part1.3+part5.2	0h:1m:22s (0h:1m:28s left)
 103 K2P+I+G4     30574.872   part2.3+part3.2	0h:1m:22s (0h:1m:26s left)
 104 TIM2e+G4     30571.816   part3.1+part5.3	0h:1m:24s (0h:1m:26s left)
 105 HKY+F+G4     30563.368   part3.2+part5.3	0h:1m:25s (0h:1m:26s left)
 106 TIM2e+G4     30572.741   part3.1+part5.2	0h:1m:25s (0h:1m:24s left)
 107 TPM2u+F+I+G4 30569.732   part1.3+part4.2	0h:1m:26s (0h:1m:23s left)
 108 K3P+G4       30576.462   part3.1+part5.1	0h:1m:26s (0h:1m:22s left)
 109 K2P+I+G4     30567.790   part1.2+part3.2	0h:1m:26s (0h:1m:21s left)
 110 K3P+G4       30582.383   part3.2+part5.1	0h:1m:27s (0h:1m:19s left)
 111 TNe+G4       30561.894   part1.2+part3.1	0h:1m:29s (0h:1m:20s left)
 112 TN+F+G4      30563.101   part3.2+part5.2	0h:1m:29s (0h:1m:19s left)
 113 K3P+G4       30579.053   part3.1+part3.3	0h:1m:30s (0h:1m:18s left)
 114 HKY+F+G4     30591.956   part3.2+part3.3	0h:1m:31s (0h:1m:17s left)
 115 K2P+I+G4     30567.352   part3.1+part4.2	0h:1m:32s (0h:1m:16s left)
 116 K2P+I+G4     30565.124   part3.2+part4.2	0h:1m:32s (0h:1m:15s left)
 117 TIMe+I+G4    30623.655   part1.3+part3.3	0h:1m:33s (0h:1m:15s left)
 118 TN+F+G4      30576.365   part3.1+part3.2	0h:1m:33s (0h:1m:14s left)
 119 TN+F+I+G4    30550.609   part1.3+part3.2	0h:1m:34s (0h:1m:13s left)
 120 TIM+F+I+G4   30570.470   part1.3+part3.1	0h:1m:34s (0h:1m:11s left)
Merging part1.1+part5.3 with BIC score: 30543.668 (LnL: -14707.307  df: 146)
 121 HKY+F+G4     30588.163   part1.1+part1.2+part5.3	0h:1m:39s (0h:1m:14s left)
 122 TIM2+F+G4    30609.908   part1.1+part4.1+part5.3	0h:1m:42s (0h:1m:14s left)
 123 HKY+F+G4     30588.965   part1.1+part2.3+part5.3	0h:1m:42s (0h:1m:13s left)
 124 K3Pu+F+G4    30551.173   part1.1+part5.1+part5.3	0h:1m:42s (0h:1m:11s left)
 125 TN+F+G4      30533.408   part1.1+part5.2+part5.3	0h:1m:42s (0h:1m:10s left)
 126 K3Pu+F+G4    30588.703   part1.1+part2.2+part5.3	0h:1m:43s (0h:1m:9s left)
 127 TPM2+F+G4    30573.386   part1.1+part2.1+part5.3	0h:1m:43s (0h:1m:8s left)
 128 K2P+G4       30578.798   part1.1+part4.3+part5.3	0h:1m:43s (0h:1m:6s left)
 129 HKY+F+G4     30608.221   part1.1+part4.2+part5.3	0h:1m:47s (0h:1m:8s left)
 130 TPM3u+F+G4   30605.531   part1.1+part1.3+part5.3	0h:1m:48s (0h:1m:7s left)
 131 HKY+F+G4     30551.211   part1.1+part3.3+part5.3	0h:1m:48s (0h:1m:6s left)
 132 TPM2u+F+G4   30555.299   part1.1+part3.1+part5.3	0h:1m:48s (0h:1m:4s left)
 133 TPM3u+F+G4   30536.215   part1.1+part3.2+part5.3	0h:1m:48s (0h:1m:3s left)
Merging part1.3+part3.2 with BIC score: 30513.687 (LnL: -14719.383  df: 139)
 134 TPM3u+F+I+G4 30582.043   part1.3+part3.2+part5.1	0h:1m:54s (0h:1m:5s left)
 135 K2P+I+G4     30545.433   part1.3+part2.2+part3.2	0h:1m:54s (0h:1m:4s left)
 136 K2P+I+G4     30542.240   part1.3+part2.3+part3.2	0h:1m:54s (0h:1m:3s left)
 137 TN+F+I+G4    30561.180   part1.3+part2.1+part3.2	0h:1m:54s (0h:1m:2s left)
 138 K2P+I+G4     30521.963   part1.2+part1.3+part3.2	0h:1m:56s (0h:1m:1s left)
 139 TPM3u+F+G4   30586.727   part1.1+part1.3+part3.2+part5.3	0h:1m:56s (0h:1m:0s left)
 140 TN+F+I+G4    30540.216   part1.3+part3.2+part5.2	0h:1m:56s (0h:0m:59s left)
 141 TPM2u+F+I+G4 30512.533   part1.3+part3.2+part4.2	0h:1m:57s (0h:0m:58s left)
 142 K2P+I+G4     30537.520   part1.3+part3.2+part4.1	0h:1m:59s (0h:0m:58s left)
 143 K2P+I+G4     30619.365   part1.3+part3.2+part4.3	0h:1m:59s (0h:0m:56s left)
 144 TN+F+I+G4    30500.754   part1.3+part3.1+part3.2	0h:2m:0s (0h:0m:56s left)
 145 TIM+F+I+G4   30573.204   part1.3+part3.2+part3.3	0h:2m:0s (0h:0m:55s left)
Merging part1.2+part4.1 with BIC score: 30488.571 (LnL: -14710.691  df: 138)
 146 TN+F+I+G4    30468.042   part1.2+part4.1+part4.2	0h:2m:5s (0h:0m:55s left)
 147 TPM2u+F+I+G4 30486.100   part1.2+part4.1+part5.2	0h:2m:6s (0h:0m:54s left)
 148 TIM2+F+I+G4  30484.481   part1.2+part2.1+part4.1	0h:2m:6s (0h:0m:53s left)
 149 TIM2+F+I+G4  30484.604   part1.2+part4.1+part5.1	0h:2m:7s (0h:0m:52s left)
 150 TN+F+I+G4    30468.950   part1.2+part2.3+part4.1	0h:2m:7s (0h:0m:51s left)
 151 TIM2e+G4     30566.157   part1.1+part1.2+part4.1+part5.3	0h:2m:7s (0h:0m:50s left)
 152 HKY+F+I+G4   30480.881   part1.2+part2.2+part4.1	0h:2m:7s (0h:0m:49s left)
 153 K2P+I+G4     30534.032   part1.2+part4.1+part4.3	0h:2m:8s (0h:0m:48s left)
 154 TIM2+F+I+G4  30469.464   part1.2+part3.1+part4.1	0h:2m:10s (0h:0m:48s left)
 155 K2P+I+G4     30516.100   part1.2+part1.3+part3.2+part4.1	0h:2m:10s (0h:0m:47s left)
 156 K2P+G4       30505.583   part1.2+part3.3+part4.1	0h:2m:10s (0h:0m:46s left)
Merging part1.2+part4.1+part4.2 with BIC score: 30468.042 (LnL: -14715.893  df: 134)
 157 HKY+F+I+G4   30472.435   part1.2+part4.1+part4.2+part5.2	0h:2m:16s (0h:0m:47s left)
 158 HKY+F+I+G4   30493.473   part1.2+part1.3+part3.2+part4.1+part4.2	0h:2m:17s (0h:0m:45s left)
 159 TN+F+I+G4    30453.902   part1.2+part2.3+part4.1+part4.2	0h:2m:17s (0h:0m:44s left)
 160 TN+F+I+G4    30462.620   part1.2+part2.2+part4.1+part4.2	0h:2m:17s (0h:0m:43s left)
 161 TN+F+I+G4    30470.964   part1.2+part2.1+part4.1+part4.2	0h:2m:17s (0h:0m:42s left)
 162 TN+F+I+G4    30475.059   part1.2+part4.1+part4.2+part5.1	0h:2m:17s (0h:0m:41s left)
 163 TN+F+I+G4    30579.415   part1.1+part1.2+part4.1+part4.2+part5.3	0h:2m:18s (0h:0m:40s left)
 164 K2P+I+G4     30550.705   part1.2+part4.1+part4.2+part4.3	0h:2m:18s (0h:0m:39s left)
 165 K2P+I+G4     30499.040   part1.2+part3.3+part4.1+part4.2	0h:2m:21s (0h:0m:39s left)
 166 HKY+F+I+G4   30449.882   part1.2+part3.1+part4.1+part4.2	0h:2m:21s (0h:0m:38s left)
Merging part1.2+part3.1+part4.1+part4.2 with BIC score: 30449.882 (LnL: -14722.280  df: 130)
 167 TN+F+I+G4    30488.482   part1.2+part3.1+part3.3+part4.1+part4.2	0h:2m:27s (0h:0m:38s left)
 168 HKY+F+I+G4   30455.668   part1.2+part3.1+part4.1+part4.2+part5.2	0h:2m:28s (0h:0m:38s left)
 169 HKY+F+I+G4   30446.265   part1.2+part2.2+part3.1+part4.1+part4.2	0h:2m:28s (0h:0m:36s left)
 170 TN+F+I+G4    30437.853   part1.2+part2.3+part3.1+part4.1+part4.2	0h:2m:28s (0h:0m:35s left)
 171 TN+F+I+G4    30453.464   part1.2+part2.1+part3.1+part4.1+part4.2	0h:2m:28s (0h:0m:34s left)
 172 HKY+F+I+G4   30475.862   part1.2+part1.3+part3.1+part3.2+part4.1+part4.2	0h:2m:29s (0h:0m:33s left)
 173 TN+F+I+G4    30460.141   part1.2+part3.1+part4.1+part4.2+part5.1	0h:2m:29s (0h:0m:32s left)
 174 TN+F+I+G4    30564.191   part1.1+part1.2+part3.1+part4.1+part4.2+part5.3	0h:2m:29s (0h:0m:31s left)
 175 TN+F+I+G4    30539.337   part1.2+part3.1+part4.1+part4.2+part4.3	0h:2m:34s (0h:0m:31s left)
Merging part3.3+part4.3 with BIC score: 30433.576 (LnL: -14725.727  df: 127)
 176 K2P+I+G4     30547.038   part1.3+part3.2+part3.3+part4.3	0h:2m:41s (0h:0m:32s left)
 177 K2P+G4       30432.101   part2.1+part3.3+part4.3	0h:2m:41s (0h:0m:31s left)
 178 K2P+G4       30469.335   part1.1+part3.3+part4.3+part5.3	0h:2m:44s (0h:0m:30s left)
 179 K2P+G4       30459.807   part2.2+part3.3+part4.3	0h:2m:45s (0h:0m:29s left)
 180 K2P+G4       30423.283   part3.3+part4.3+part5.2	0h:2m:45s (0h:0m:28s left)
 181 K2P+G4       30447.091   part2.3+part3.3+part4.3	0h:2m:45s (0h:0m:27s left)
 182 TNe+G4       30428.609   part3.3+part4.3+part5.1	0h:2m:46s (0h:0m:26s left)
 183 TNe+I+G4     30536.562   part1.2+part3.1+part3.3+part4.1+part4.2+part4.3	0h:2m:46s (0h:0m:25s left)
Merging part2.1+part2.3 with BIC score: 30419.417 (LnL: -14726.381  df: 125)
 184 K2P+I+G4     30471.661   part1.1+part2.1+part2.3+part5.3	0h:3m:1s (0h:0m:26s left)
 185 K2P+I+G4     30461.382   part1.3+part2.1+part2.3+part3.2	0h:3m:1s (0h:0m:25s left)
 186 TN+F+I+G4    30419.864   part1.2+part2.1+part2.3+part3.1+part4.1+part4.2	0h:3m:2s (0h:0m:24s left)
 187 K2P+I+G4     30410.671   part2.1+part2.3+part5.2	0h:3m:2s (0h:0m:23s left)
 188 K2P+I+G4     30412.439   part2.1+part2.2+part2.3	0h:3m:2s (0h:0m:22s left)
 189 K2P+I+G4     30408.790   part2.1+part2.3+part5.1	0h:3m:2s (0h:0m:21s left)
 190 K2P+I+G4     30437.322   part2.1+part2.3+part3.3+part4.3	0h:3m:3s (0h:0m:20s left)
Merging part2.1+part2.3+part5.1 with BIC score: 30408.790 (LnL: -14732.667  df: 122)
 191 K2P+I+G4     30463.629   part1.3+part2.1+part2.3+part3.2+part5.1	0h:3m:14s (0h:0m:20s left)
 192 K2P+I+G4     30456.381   part1.1+part2.1+part2.3+part5.1+part5.3	0h:3m:14s (0h:0m:19s left)
 193 K2P+I+G4     30397.597   part2.1+part2.3+part5.1+part5.2	0h:3m:15s (0h:0m:18s left)
 194 K2P+I+G4     30402.488   part2.1+part2.2+part2.3+part5.1	0h:3m:15s (0h:0m:17s left)
 195 TN+F+I+G4    30421.081   part1.2+part2.1+part2.3+part3.1+part4.1+part4.2+part5.1	0h:3m:15s (0h:0m:16s left)
 196 K2P+I+G4     30426.256   part2.1+part2.3+part3.3+part4.3+part5.1	0h:3m:17s (0h:0m:15s left)
Merging part2.1+part2.3+part5.1+part5.2 with BIC score: 30397.597 (LnL: -14742.537  df: 118)
 197 K2P+I+G4     30461.171   part1.3+part2.1+part2.3+part3.2+part5.1+part5.2	0h:3m:25s (0h:0m:14s left)
 198 K2P+I+G4     30441.597   part1.1+part2.1+part2.3+part5.1+part5.2+part5.3	0h:3m:26s (0h:0m:13s left)
 199 TN+F+I+G4    30425.587   part1.2+part2.1+part2.3+part3.1+part4.1+part4.2+part5.1+part5.2	0h:3m:27s (0h:0m:12s left)
 200 K2P+I+G4     30393.509   part2.1+part2.2+part2.3+part5.1+part5.2	0h:3m:28s (0h:0m:11s left)
 201 K2P+I+G4     30411.512   part2.1+part2.3+part3.3+part4.3+part5.1+part5.2	0h:3m:31s (0h:0m:10s left)
Merging part2.1+part2.2+part2.3+part5.1+part5.2 with BIC score: 30393.509 (LnL: -14748.226  df: 116)
 202 K2P+I+G4     30453.933   part1.3+part2.1+part2.2+part2.3+part3.2+part5.1+part5.2	0h:3m:38s (0h:0m:9s left)
 203 K2P+I+G4     30443.516   part1.1+part2.1+part2.2+part2.3+part5.1+part5.2+part5.3	0h:3m:39s (0h:0m:8s left)
 204 K2P+I+G4     30417.231   part1.2+part2.1+part2.2+part2.3+part3.1+part4.1+part4.2+part5.1+part5.2	0h:3m:40s (0h:0m:7s left)
 205 K2P+I+G4     30420.231   part2.1+part2.2+part2.3+part3.3+part4.3+part5.1+part5.2	0h:3m:44s (0h:0m:6s left)
BEST-FIT PARTITION MODEL: 
  charpartition BIC = HKY+F+G4: part1.1 part5.3, HKY+F+I+G4: part1.2 part3.1 part4.1 part4.2, TN+F+I+G4: part1.3 part3.2, K2P+I+G4: part2.1 part2.2 part2.3 part5.1 part5.2, K2P+G4: part3.3 part4.3;
Agglomerative model selection: ((part1.1,part5.3)1:30543.7,(((part1.2,part4.1)3:30488.6,part4.2)4:30468,part3.1)5:30449.9,(part1.3,part3.2)2:30513.7,((((part2.1,part2.3)7:30419.4,part5.1)8:30408.8,part5.2)9:30397.6,part2.2)10:30393.5,(part3.3,part4.3)6:30433.6)
Merging into 5 partitions...
Partition information was printed to 2_set286.best_scheme.nex
Partition information in Raxml format was printed to 2_set286.best_scheme

All model information printed to 2_set286.model.gz
CPU time for ModelFinder: 478.135 seconds (0h:7m:58s)
Wall-clock time for ModelFinder: 226.566 seconds (0h:3m:46s)
Generating 1000 samples for ultrafast bootstrap (seed: 84487)...

NOTE: 11 MB RAM (0 GB) is required!
Measuring multi-threading efficiency up to 8 CPU cores
Increase to 10 rounds for branch lengths
16 trees examined
Threads: 1 / Time: 8.330 sec / Speedup: 1.000 / Efficiency: 100% / LogL: -23429
Threads: 2 / Time: 17.053 sec / Speedup: 0.488 / Efficiency: 24% / LogL: -23429
BEST NUMBER OF THREADS: 1

Estimate model parameters (epsilon = 0.100)
Initial log-likelihood: -15504.795
Current log-likelihood at step 1: -15006.107
Current log-likelihood at step 2: -14904.862
Current log-likelihood at step 3: -14828.195
Current log-likelihood at step 4: -14824.052
Current log-likelihood at step 5: -14815.384
Current log-likelihood at step 6: -14811.825
Current log-likelihood at step 7: -14808.040
Current log-likelihood at step 8: -14803.968
Current log-likelihood at step 9: -14799.565
Current log-likelihood at step 10: -14794.773
Current log-likelihood at step 11: -14789.524
Current log-likelihood at step 12: -14783.730
Current log-likelihood at step 13: -14777.280
Current log-likelihood at step 14: -14770.037
Current log-likelihood at step 15: -14761.831
Current log-likelihood at step 16: -14752.488
Current log-likelihood at step 17: -14741.936
Current log-likelihood at step 18: -14719.137
Current log-likelihood at step 19: -14719.129
Parameters optimization took 18 rounds (5.350 sec)

Computing ML distances based on estimated model parameters... 0.116 sec
Computing BIONJ tree...
0.007 seconds
Log-likelihood of BIONJ tree: -14790.383
--------------------------------------------------------------------
|             INITIALIZING CANDIDATE TREE SET                      |
--------------------------------------------------------------------
Generating 98 parsimony trees... 4.059 second
Computing log-likelihood of 98 initial trees ... 12.620 seconds
Current best score: -14718.211

Do NNI search on 20 best initial trees
Estimate model parameters (epsilon = 0.100)
Initial log-likelihood: -14717.305
Current log-likelihood at step 1: -14717.255
Parameters optimization took 0 rounds (0.174 sec)

BETTER TREE FOUND at iteration 1: -14717.255
Estimate model parameters (epsilon = 0.100)
Initial log-likelihood: -14715.952
Current log-likelihood at step 1: -14715.921
Parameters optimization took 0 rounds (0.290 sec)

BETTER TREE FOUND at iteration 3: -14715.921
Estimate model parameters (epsilon = 0.100)
Initial log-likelihood: -14715.314
Current log-likelihood at step 1: -14715.298
Parameters optimization took 0 rounds (0.173 sec)

BETTER TREE FOUND at iteration 4: -14715.298
Estimate model parameters (epsilon = 0.100)
Initial log-likelihood: -14713.919
Current log-likelihood at step 1: -14713.891
Parameters optimization took 0 rounds (0.215 sec)

BETTER TREE FOUND at iteration 6: -14713.891
Iteration 10 / LogL: -14725.135 / Time: 0h:1m:1s
Iteration 20 / LogL: -14715.948 / Time: 0h:1m:17s
Finish initializing candidate tree set (8)
Current best tree score: -14713.891 / CPU time: 45.868
Number of iterations: 20
--------------------------------------------------------------------
|               OPTIMIZING CANDIDATE TREE SET                      |
--------------------------------------------------------------------
Iteration 30 / LogL: -14717.347 / Time: 0h:1m:30s (0h:3m:57s left)
UPDATE BEST LOG-LIKELIHOOD: -14713.891
Iteration 40 / LogL: -14713.893 / Time: 0h:1m:43s (0h:2m:55s left)
Iteration 50 / LogL: -14713.896 / Time: 0h:1m:55s (0h:2m:11s left)
Log-likelihood cutoff on original alignment: -14761.307
Iteration 60 / LogL: -14713.893 / Time: 0h:2m:7s (0h:1m:39s left)
Iteration 70 / LogL: -14715.327 / Time: 0h:2m:20s (0h:1m:13s left)
Iteration 80 / LogL: -14715.949 / Time: 0h:2m:31s (0h:0m:49s left)
Iteration 90 / LogL: -14716.012 / Time: 0h:2m:43s (0h:0m:29s left)
Iteration 100 / LogL: -14717.326 / Time: 0h:2m:55s (0h:0m:10s left)
Log-likelihood cutoff on original alignment: -14761.307
NOTE: Bootstrap correlation coefficient of split occurrence frequencies: 1.000
TREE SEARCH COMPLETED AFTER 107 ITERATIONS / Time: 0h:3m:2s

--------------------------------------------------------------------
|                    FINALIZING TREE SEARCH                        |
--------------------------------------------------------------------
Performs final model parameters optimization
Estimate model parameters (epsilon = 0.010)
Initial log-likelihood: -14713.891
Current log-likelihood at step 1: -14713.891
Parameters optimization took 0 rounds (0.112 sec)

BEST SCORE FOUND : -14713.891
Creating bootstrap support values...
Split supports printed to NEXUS file 2_set286.splits.nex
Total tree length: 1.579

Total number of iterations: 107
CPU time used for tree search: 99.330 sec (0h:1m:39s)
Wall-clock time used for tree search: 150.604 sec (0h:2m:30s)
Total CPU time used: 114.672 sec (0h:1m:54s)
Total wall-clock time used: 182.928 sec (0h:3m:2s)

Computing bootstrap consensus tree...
Reading input file 2_set286.splits.nex...
48 taxa and 215 splits.
Consensus tree written to 2_set286.contree
Reading input trees file 2_set286.contree
Log-likelihood of consensus tree: -14713.891

Analysis results written to: 
  IQ-TREE report:                2_set286.iqtree
  Maximum-likelihood tree:       2_set286.treefile
  Likelihood distances:          2_set286.mldist
  Best partitioning scheme:      2_set286.best_scheme.nex
           in RAxML format:      2_set286.best_scheme

Ultrafast bootstrap approximation results written to:
  Split support values:          2_set286.splits.nex
  Consensus tree:                2_set286.contree
  Screen log file:               2_set286.log

Date and Time: Sat Sep  8 06:41:34 2018
