IQ-TREE multicore version 1.6.7 for Mac OS X 64-bit built Aug 23 2018
Developed by Bui Quang Minh, Nguyen Lam Tung, Olga Chernomor,
Heiko Schmidt, Dominik Schrempf, Michael Woodhams.

Host:    meeps-mac-pro.staff.sydney.edu.au (AVX, 64 GB RAM)
Command: /Users/davidduchene/Desktop/Software/iqtree-1.6.7-MacOSX/bin/iqtree -s ../../../../marsupials/set223.fasta -m TESTMERGE -bb 1000 -spp ../../../../marsupials/set223.nex -nt AUTO -pre 4_set223
Seed:    570233 (Using SPRNG - Scalable Parallel Random Number Generator)
Time:    Sat Sep  8 03:10:48 2018
Kernel:  AVX - auto-detect threads (8 CPU cores detected)

Reading partition model file ../../../../marsupials/set223.nex ...
Reading alignment file ../../../../marsupials/set223.fasta ... Fasta format detected
Alignment most likely contains DNA/RNA sequences
Alignment has 35 sequences with 3474 columns, 1251 distinct patterns
896 parsimony-informative, 386 singleton sites, 2192 constant sites
                                              Gap/Ambiguity  Composition  p-value
   1  Burramyidae_Burramys_parvus                     0.46%    passed     96.23%
   2  Notoryctidae_Notoryctes_typhlops                2.01%    passed     96.11%
   3  Vombatidae_Lasiorhinus_latifrons                0.23%    passed     89.40%
   4  Potoroidae_Bettongia_penicillata                0.14%    passed     97.23%
   5  Potoroidae_Bettongia_lesueur                    0.09%    passed     98.87%
   6  Dasyuridae_Dasyurus_maculatus                   0.12%    passed     97.30%
   7  Phalangeridae_Trichosurus_vulpecula             0.20%    passed     63.33%
   8  Phalangeridae_Spilocuscus_maculatus             0.23%    passed     93.16%
   9  Potoroidae_Aepyprymnus_rufescens                0.06%    passed     98.85%
  10  Peramelidae_Perameles_nasuta                    2.19%    passed     88.15%
  11  Phalangeridae_Strigocuscus_pelengensis          3.20%    passed     96.18%
  12  Dasyuridae_Phascogale_tapoatafa                 0.14%    passed     94.93%
  13  Dasyuridae_Sminthopsis_macroura                 0.12%    passed     74.25%
  14  Phalangeridae_Phalanger_orientalis              0.17%    passed     88.77%
  15  Acrobatidae_Acrobates_pygmaeus                  0.95%    passed     92.23%
  16  Dasyuridae_Phascogale_calura                    0.23%    passed     93.88%
  17  Dasyuridae_Sarcophilus_harrisii                 0.12%    passed     98.09%
  18  Dasyuridae_Planigale_tenuirostris               8.49%    passed     53.56%
  19  Peramelidae_Echymipera_kalubu                   0.06%    passed     42.24%
  20  Macropodidae_Dorcopsulus_vanheurni              0.43%    passed     98.75%
  21  Pseudochiridae_Pseudochirulus_forbesi          38.69%    failed      0.00%
  22  Didelphidae_Didelphis_virginiana                3.31%    passed     57.86%
  23  Marmosidae_Monodelphis_domestica                0.26%    passed     86.55%
  24  Dasyuridae_Antechinus_stuartii                  6.33%    passed     69.73%
  25  Hypsiprymnodontidae_Hypsiprymnodon_moschatus    1.27%    passed     90.42%
  26  Microbiotheriidae_Dromiciops_gliroides          2.99%    passed     95.26%
  27  Pseudochiridae_Petauroides_volans               1.73%    passed     97.86%
  28  Macropodidae_Wallabia_bicolor                   0.17%    passed     99.75%
  29  Pseudochiridae_Pseudocheirus_occidentalis       3.17%    passed     97.05%
  30  Tarsipedidae_Tarsipes_rostratus                 3.80%    failed      1.52%
  31  Acrobatidae_Distoechurus_pennatus               0.12%    passed     93.82%
  32  Phalangeridae_Phalanger_carmelitae              0.14%    passed     78.23%
  33  Peramelidae_Peroryctes_raffrayana               4.95%    passed     88.64%
  34  Dasyuridae_Dasyurus_geffroii                    0.09%    passed     97.17%
  35  Peramelidae_Perameles_gunnii                    0.52%    passed     93.26%
****  TOTAL                                           2.49%  2 sequences failed composition chi2 test (p-value<5%; df=3)
NOTE: No CharPartition defined, use all CharSets

Loading 15 partitions...
Subset	Type	Seqs	Sites	Infor	Invar	Model	Name
1		34	446	49	364	TESTMERGE	part1.1
2		34	446	25	403	TESTMERGE	part1.2
3		34	446	200	165	TESTMERGE	part1.3
4		35	315	40	248	TESTMERGE	part2.1
5		35	315	26	268	TESTMERGE	part2.2
6		35	315	130	116	TESTMERGE	part2.3
7		33	70	9	56	TESTMERGE	part3.1
8		33	70	6	61	TESTMERGE	part3.2
9		33	70	42	19	TESTMERGE	part3.3
10		35	252	87	141	TESTMERGE	part4.1
11		35	252	73	162	TESTMERGE	part4.2
12		35	252	156	41	TESTMERGE	part4.3
13		35	75	9	58	TESTMERGE	part5.1
14		35	75	3	68	TESTMERGE	part5.2
15		35	75	41	22	TESTMERGE	part5.3
Degree of missing data: 0.014
Info: multi-threading strategy over partitions



Create initial parsimony tree by phylogenetic likelihood library (PLL)... 0.009 seconds
NOTE: ModelFinder requires 12 MB RAM!
NUMBER OF THREADS FOR PARTITION FINDING: 8
Testing GTR+F+G on supermatrix...
GTR+F+G4 / LnL: -19198.576 / df: 76 / AIC: 38549.152 / AICc: 38552.597 / BIC: 39016.785
Selecting individual models for 15 charsets using BIC...
 No. Model        Score       Charset
   1 HKY+F+G4     2216.285    part2.1
   2 TPM2+F+G4    2761.544    part1.1
   3 HKY+F+I+G4   1878.597    part2.2
   4 TPM3+F+G4    3606.046    part4.1
   5 TIM3e+G4     3272.173    part4.2
   6 K2P+G4       6703.932    part1.3
   7 K3Pu+F+G4    5534.435    part4.3
   8 K3Pu+F+G4    4729.930    part2.3
   9 HKY+F+I      2122.045    part1.2
  10 JC+I         382.824     part5.2	0h:0m:19s (0h:6m:32s left)
  11 K2P+G4       553.960     part5.1	0h:0m:19s (0h:5m:57s left)
  12 TPM3u+F+G4   1405.566    part5.3	0h:0m:20s (0h:5m:40s left)
  13 K2P+G4       1351.474    part3.3	0h:0m:21s (0h:5m:20s left)
  14 K2P+G4       471.724     part3.1	0h:0m:21s (0h:4m:57s left)
  15 K2P          363.752     part3.2	0h:0m:21s (0h:4m:38s left)
Full partition model BIC score: 38100.355 (LnL: -18475.386  df:141)
Merging models to increase model fit (about 211 total partition schemes)...
  16 K2P+G4       38229.691   part1.3+part2.1	0h:0m:36s (0h:7m:21s left)
  17 TPM2+F+G4    38303.986   part1.1+part1.3	0h:0m:38s (0h:7m:14s left)
  18 K2P+G4       38126.703   part1.3+part2.3	0h:0m:38s (0h:6m:52s left)
  19 K2P+G4       38169.329   part1.3+part4.2	0h:0m:38s (0h:6m:33s left)
  20 TPM3u+F+G4   38158.416   part2.3+part4.1	0h:0m:40s (0h:6m:22s left)
  21 K2P+G4       38146.088   part1.3+part4.1	0h:0m:40s (0h:6m:9s left)
  22 K2P+G4       38119.889   part1.3+part4.3	0h:0m:42s (0h:6m:1s left)
  23 TVM+F+G4     38114.355   part2.3+part4.3	0h:0m:44s (0h:6m:5s left)
  24 K3P+G4       38321.539   part1.1+part2.3	0h:0m:51s (0h:6m:43s left)
  25 K2P+G4       38385.295   part1.2+part1.3	0h:0m:53s (0h:6m:38s left)
  26 TVMe+G4      38184.137   part4.1+part4.3	0h:0m:53s (0h:6m:21s left)
  27 K2P+G4       38265.766   part1.3+part2.2	0h:0m:54s (0h:6m:10s left)
  28 K2P+G4       38076.262   part1.3+part5.3	0h:0m:55s (0h:6m:1s left)
  29 K2P+G4       38088.979   part1.3+part3.3	0h:0m:57s (0h:6m:2s left)
  30 TPM3u+F+G4   38180.174   part2.3+part4.2	0h:0m:57s (0h:5m:49s left)
  31 K3P+G4       38431.539   part1.1+part4.3	0h:0m:59s (0h:5m:47s left)
  32 K3Pu+F+G4    38230.056   part2.1+part2.3	0h:1m:9s (0h:6m:29s left)
  33 K2P+G4       38121.251   part1.3+part5.1	0h:1m:9s (0h:6m:17s left)
  34 K2P+G4       38209.265   part4.2+part4.3	0h:1m:11s (0h:6m:12s left)
  35 K2P+G4       38163.686   part1.3+part5.2	0h:1m:11s (0h:6m:0s left)
  36 TIMe+G4      38338.454   part2.1+part4.3	0h:1m:12s (0h:5m:53s left)
  37 K2P+G4       38149.360   part1.3+part3.2	0h:1m:13s (0h:5m:43s left)
  38 K2P+G4       38120.137   part1.3+part3.1	0h:1m:15s (0h:5m:44s left)
  39 K3Pu+F+G4    38230.818   part2.2+part2.3	0h:1m:19s (0h:5m:48s left)
  40 K3Pu+F+G4    38395.752   part1.2+part2.3	0h:1m:24s (0h:6m:0s left)
  41 TN+F+G4      38366.721   part2.2+part4.3	0h:1m:28s (0h:6m:5s left)
  42 TVM+F+G4     38070.840   part2.3+part5.3	0h:1m:28s (0h:5m:55s left)
  43 TVM+F+G4     38060.202   part4.3+part5.3	0h:1m:28s (0h:5m:46s left)
  44 K3Pu+F+G4    38113.168   part2.3+part3.3	0h:1m:28s (0h:5m:37s left)
  45 TNe+I+G4     38506.917   part1.2+part4.3	0h:1m:29s (0h:5m:30s left)
  46 HKY+F+G4     38073.837   part3.3+part4.3	0h:1m:31s (0h:5m:27s left)
  47 K3Pu+F+G4    38132.115   part2.3+part5.1	0h:1m:32s (0h:5m:23s left)
  48 TIMe+G4      38168.104   part4.3+part5.1	0h:1m:39s (0h:5m:36s left)
  49 K3Pu+F+G4    38126.742   part2.3+part3.1	0h:1m:40s (0h:5m:32s left)
  50 K3Pu+F+G4    38150.613   part2.3+part3.2	0h:1m:41s (0h:5m:26s left)
  51 K3Pu+F+G4    38166.732   part2.3+part5.2	0h:1m:41s (0h:5m:19s left)
  52 K3Pu+F+G4    38218.607   part4.3+part5.2	0h:1m:43s (0h:5m:16s left)
  53 K3P+G4       38164.188   part3.1+part4.3	0h:1m:44s (0h:5m:10s left)
  54 K3Pu+F+G4    38206.241   part3.2+part4.3	0h:1m:44s (0h:5m:4s left)
  55 TPM2u+F+I+G4 38153.867   part1.1+part4.1	0h:1m:50s (0h:5m:14s left)
  56 TPM3+F+G4    38074.776   part4.1+part4.2	0h:1m:54s (0h:5m:17s left)
  57 TPM3u+F+G4   38101.800   part4.1+part5.3	0h:1m:55s (0h:5m:11s left)
  58 HKY+F+I+G4   38118.103   part2.1+part4.1	0h:1m:55s (0h:5m:5s left)
  59 K3Pu+F+G4    38083.981   part1.1+part2.1	0h:1m:55s (0h:4m:58s left)
  60 TPM2u+F+I+G4 38161.286   part1.1+part4.2	0h:1m:57s (0h:4m:55s left)
  61 TPM3u+F+I+G4 38149.292   part2.2+part4.1	0h:1m:57s (0h:4m:48s left)
  62 HKY+F+I+G4   38203.037   part1.2+part4.1	0h:1m:59s (0h:4m:46s left)
  63 HKY+F+I+G4   38135.155   part2.1+part4.2	0h:2m:4s (0h:4m:52s left)
  64 HKY+F+G4     38104.525   part1.1+part2.2	0h:2m:6s (0h:4m:50s left)
  65 K2P+G4       38120.624   part3.3+part4.1	0h:2m:8s (0h:4m:47s left)
  66 K3Pu+F+I+G4  38202.315   part1.1+part5.3	0h:2m:10s (0h:4m:45s left)
  67 HKY+F+G4     38075.517   part1.1+part1.2	0h:2m:11s (0h:4m:42s left)
  68 TIM3e+G4     38101.264   part4.2+part5.3	0h:2m:11s (0h:4m:37s left)
  69 TPM3u+F+I+G4 38125.167   part2.2+part4.2	0h:2m:12s (0h:4m:32s left)
  70 TIM3e+I+G4   38177.193   part1.2+part4.2	0h:2m:16s (0h:4m:34s left)
  71 TPM3u+F+G4   38096.213   part4.1+part5.1	0h:2m:20s (0h:4m:36s left)
  72 K2P+G4       38120.878   part3.3+part4.2	0h:2m:23s (0h:4m:36s left)
  73 TPM2u+F+I+G4 38219.914   part1.1+part3.3	0h:2m:23s (0h:4m:31s left)
  74 HKY+F+I+G4   38077.914   part2.1+part2.2	0h:2m:28s (0h:4m:34s left)
  75 TPM3u+F+G4   38130.508   part4.1+part5.2	0h:2m:28s (0h:4m:28s left)
  76 TPM3+F+G4    38095.368   part3.1+part4.1	0h:2m:28s (0h:4m:24s left)
  77 K3P+G4       38167.222   part2.1+part5.3	0h:2m:30s (0h:4m:22s left)
  78 HKY+F+I      38101.083   part1.2+part2.1	0h:2m:31s (0h:4m:18s left)
  79 TPM2+F+G4    38079.378   part1.1+part5.1	0h:2m:34s (0h:4m:17s left)
  80 TPM3+F+G4    38118.679   part3.2+part4.1	0h:2m:37s (0h:4m:18s left)
  81 TIM3e+I+G4   38098.099   part4.2+part5.1	0h:2m:41s (0h:4m:18s left)
  82 HKY+F+I+G4   38084.632   part1.2+part2.2	0h:2m:42s (0h:4m:15s left)
  83 K3Pu+F+G4    38104.726   part1.1+part5.2	0h:2m:42s (0h:4m:11s left)
  84 K2P+G4       38179.038   part2.1+part3.3	0h:2m:44s (0h:4m:9s left)
  85 TPM3u+F+I+G4 38167.054   part2.2+part5.3	0h:2m:44s (0h:4m:4s left)
  86 K2P+I+G4     38224.423   part1.2+part5.3	0h:2m:45s (0h:3m:59s left)
  87 K3Pu+F+G4    38086.938   part1.1+part3.1	0h:2m:48s (0h:4m:0s left)
  88 TIM3e+I+G4   38108.972   part4.2+part5.2	0h:2m:49s (0h:3m:57s left)
  89 TPM2+F+G4    38090.641   part1.1+part3.2	0h:2m:51s (0h:3m:54s left)
  90 TIM3e+I+G4   38094.174   part3.1+part4.2	0h:2m:53s (0h:3m:53s left)
  91 HKY+F+G4     38075.920   part2.1+part5.1	0h:2m:54s (0h:3m:50s left)
  92 TIM3e+I+G4   38110.845   part3.2+part4.2	0h:2m:57s (0h:3m:49s left)
  93 K2P+G4       38065.017   part3.3+part5.3	0h:3m:1s (0h:3m:50s left)
  94 TN+F+I+G4    38195.205   part2.2+part3.3	0h:3m:2s (0h:3m:46s left)
  95 HKY+F+G4     38101.601   part2.1+part5.2	0h:3m:3s (0h:3m:44s left)
  96 TNe+I+G4     38238.829   part1.2+part3.3	0h:3m:5s (0h:3m:41s left)
  97 HKY+F+G4     38075.244   part2.1+part3.1	0h:3m:9s (0h:3m:42s left)
  98 HKY+F+I+G4   38083.813   part2.2+part5.1	0h:3m:9s (0h:3m:38s left)
  99 HKY+F+G4     38088.912   part2.1+part3.2	0h:3m:9s (0h:3m:34s left)
 100 K2P+I        38083.112   part1.2+part5.1	0h:3m:11s (0h:3m:32s left)
 101 K3P+G4       38113.117   part5.1+part5.3	0h:3m:17s (0h:3m:34s left)
 102 HKY+F+I+G4   38083.232   part2.2+part5.2	0h:3m:18s (0h:3m:31s left)
 103 K2P+I        38078.405   part1.2+part5.2	0h:3m:20s (0h:3m:29s left)
 104 HKY+F+I+G4   38077.554   part2.2+part3.1	0h:3m:20s (0h:3m:26s left)
 105 TVM+F+G4     38151.292   part5.2+part5.3	0h:3m:22s (0h:3m:24s left)
 106 HKY+F+I+G4   38080.998   part2.2+part3.2	0h:3m:22s (0h:3m:20s left)
 107 HKY+F+I      38090.771   part1.2+part3.1	0h:3m:24s (0h:3m:18s left)
 108 TNe+G4       38126.287   part3.3+part5.1	0h:3m:24s (0h:3m:15s left)
 109 TVMe+G4      38113.679   part3.1+part5.3	0h:3m:25s (0h:3m:11s left)
 110 HKY+F+I      38084.807   part1.2+part3.2	0h:3m:25s (0h:3m:8s left)
 111 K2P+G4       38155.379   part3.3+part5.2	0h:3m:26s (0h:3m:6s left)
 112 K2P+G4       38087.332   part5.1+part5.2	0h:3m:27s (0h:3m:3s left)
 113 TVM+F+G4     38148.345   part3.2+part5.3	0h:3m:27s (0h:2m:59s left)
 114 K2P+G4       38119.732   part3.1+part3.3	0h:3m:28s (0h:2m:57s left)
 115 K2P+G4       38147.835   part3.2+part3.3	0h:3m:29s (0h:2m:54s left)
 116 K2P+G4       38079.173   part3.1+part5.1	0h:3m:31s (0h:2m:52s left)
 117 K2P+G4       38091.568   part3.1+part5.2	0h:3m:31s (0h:2m:49s left)
 118 K2P+G4       38085.889   part3.2+part5.1	0h:3m:31s (0h:2m:46s left)
 119 K2P+I        38090.325   part3.2+part5.2	0h:3m:31s (0h:2m:43s left)
 120 K2P+G4       38086.316   part3.1+part3.2	0h:3m:32s (0h:2m:40s left)
Merging part4.3+part5.3 with BIC score: 38060.202 (LnL: -18475.693  df: 136)
 121 K3P+I+G4     38505.785   part1.2+part4.3+part5.3	0h:3m:47s (0h:2m:48s left)
 122 TPM3+F+G4    38174.380   part4.2+part4.3+part5.3	0h:3m:47s (0h:2m:46s left)
 123 K3P+G4       38312.072   part2.1+part4.3+part5.3	0h:3m:48s (0h:2m:43s left)
 124 K3P+G4       38417.578   part1.1+part4.3+part5.3	0h:3m:48s (0h:2m:40s left)
 125 TPM3+F+G4    38341.691   part2.2+part4.3+part5.3	0h:3m:49s (0h:2m:37s left)
 126 TVMe+G4      38144.457   part4.1+part4.3+part5.3	0h:3m:49s (0h:2m:34s left)
 127 K2P+G4       38087.729   part1.3+part4.3+part5.3	0h:3m:52s (0h:2m:33s left)
 128 TVM+F+G4     38062.917   part2.3+part4.3+part5.3	0h:3m:53s (0h:2m:31s left)
 129 TVM+F+G4     38176.299   part4.3+part5.2+part5.3	0h:3m:56s (0h:2m:30s left)
 130 TVM+F+G4     38131.900   part3.1+part4.3+part5.3	0h:3m:57s (0h:2m:27s left)
 131 K3Pu+F+G4    38037.553   part3.3+part4.3+part5.3	0h:3m:57s (0h:2m:24s left)
 132 TVM+F+G4     38162.917   part3.2+part4.3+part5.3	0h:3m:57s (0h:2m:21s left)
 133 TVM+F+G4     38134.868   part4.3+part5.1+part5.3	0h:3m:57s (0h:2m:19s left)
Merging part4.1+part4.2 with BIC score: 38034.624 (LnL: -18483.287  df: 131)
 134 TPM3u+F+I+G4 38027.026   part4.1+part4.2+part5.1	0h:4m:8s (0h:2m:22s left)
 135 TPM3u+F+I+G4 38078.878   part2.2+part4.1+part4.2	0h:4m:8s (0h:2m:20s left)
 136 TPM3u+F+I+G4 38157.887   part1.2+part4.1+part4.2	0h:4m:9s (0h:2m:17s left)
 137 TPM3u+F+I+G4 38064.060   part2.1+part4.1+part4.2	0h:4m:9s (0h:2m:14s left)
 138 TPM2u+F+I+G4 38110.452   part1.1+part4.1+part4.2	0h:4m:10s (0h:2m:12s left)
 139 TPM3u+F+G4   38129.187   part2.3+part4.1+part4.2	0h:4m:10s (0h:2m:9s left)
 140 TVMe+G4      38189.743   part4.1+part4.2+part4.3+part5.3	0h:4m:11s (0h:2m:7s left)
 141 TIM2e+G4     38133.779   part1.3+part4.1+part4.2	0h:4m:11s (0h:2m:4s left)
 142 TIM3e+G4     38067.999   part3.3+part4.1+part4.2	0h:4m:15s (0h:2m:4s left)
 143 TIM3e+I+G4   38049.437   part4.1+part4.2+part5.2	0h:4m:16s (0h:2m:1s left)
 144 TPM3u+F+I+G4 38047.247   part3.2+part4.1+part4.2	0h:4m:16s (0h:1m:59s left)
 145 TPM3u+F+I+G4 38026.632   part3.1+part4.1+part4.2	0h:4m:16s (0h:1m:56s left)
Merging part2.1+part3.1 with BIC score: 38009.514 (LnL: -18482.961  df: 128)
 146 HKY+F+G4     38010.456   part2.1+part3.1+part5.2	0h:4m:19s (0h:1m:55s left)
 147 HKY+F+G4     37985.437   part2.1+part3.1+part5.1	0h:4m:20s (0h:1m:53s left)
 148 HKY+F+I+G4   38015.778   part1.2+part2.1+part3.1	0h:4m:21s (0h:1m:51s left)
 149 K3Pu+F+G4    37996.377   part1.1+part2.1+part3.1	0h:4m:21s (0h:1m:49s left)
 150 HKY+F+I+G4   37984.924   part2.1+part2.2+part3.1	0h:4m:22s (0h:1m:46s left)
 151 K3Pu+F+G4    38149.417   part2.1+part2.3+part3.1	0h:4m:23s (0h:1m:44s left)
 152 HKY+F+G4     37997.637   part2.1+part3.1+part3.2	0h:4m:25s (0h:1m:42s left)
 153 K2P+G4       38157.663   part1.3+part2.1+part3.1	0h:4m:25s (0h:1m:40s left)
 154 K3P+G4       38290.165   part2.1+part3.1+part4.3+part5.3	0h:4m:25s (0h:1m:38s left)
 155 K2P+I+G4     38095.488   part2.1+part3.1+part3.3	0h:4m:26s (0h:1m:36s left)
 156 TPM3u+F+I+G4 38046.729   part2.1+part3.1+part4.1+part4.2	0h:4m:27s (0h:1m:34s left)
Merging part1.1+part1.2 with BIC score: 37984.676 (LnL: -18499.078  df: 121)
 157 HKY+F+G4     37970.511   part1.1+part1.2+part3.2	0h:4m:31s (0h:1m:33s left)
 158 HKY+F+G4     37979.787   part1.1+part1.2+part5.2	0h:4m:32s (0h:1m:31s left)
 159 TPM2+F+G4    37969.832   part1.1+part1.2+part5.1	0h:4m:32s (0h:1m:29s left)
 160 HKY+F+I+G4   37981.902   part1.1+part1.2+part2.2	0h:4m:32s (0h:1m:26s left)
 161 HKY+F+I+G4   37985.851   part1.1+part1.2+part2.1+part3.1	0h:4m:32s (0h:1m:24s left)
 162 K3Pu+F+G4    38332.906   part1.1+part1.2+part2.3	0h:4m:33s (0h:1m:22s left)
 163 TPM2+F+G4    38345.698   part1.1+part1.2+part1.3	0h:4m:34s (0h:1m:20s left)
 164 TN+F+I+G4    38137.505   part1.1+part1.2+part3.3	0h:4m:36s (0h:1m:19s left)
 165 K3P+I+G4     38551.355   part1.1+part1.2+part4.3+part5.3	0h:4m:36s (0h:1m:17s left)
 166 TPM2u+F+I+G4 38143.981   part1.1+part1.2+part4.1+part4.2	0h:4m:38s (0h:1m:15s left)
Merging part2.1+part2.2+part3.1 with BIC score: 37960.086 (LnL: -18511.242  df: 115)
 167 HKY+F+I+G4   37936.587   part2.1+part2.2+part3.1+part5.1	0h:4m:43s (0h:1m:14s left)
 168 HKY+F+I+G4   37943.146   part2.1+part2.2+part3.1+part3.2	0h:4m:43s (0h:1m:12s left)
 169 HKY+F+I+G4   37951.854   part2.1+part2.2+part3.1+part5.2	0h:4m:43s (0h:1m:10s left)
 170 TN+F+I+G4    38067.643   part2.1+part2.2+part3.1+part3.3	0h:4m:44s (0h:1m:8s left)
 171 HKY+F+I+G4   37969.155   part1.1+part1.2+part2.1+part2.2+part3.1	0h:4m:44s (0h:1m:6s left)
 172 K3Pu+F+G4    38148.355   part2.1+part2.2+part2.3+part3.1	0h:4m:45s (0h:1m:4s left)
 173 K2P+G4       38203.738   part1.3+part2.1+part2.2+part3.1	0h:4m:46s (0h:1m:2s left)
 174 TPM3u+F+I+G4 38036.811   part2.1+part2.2+part3.1+part4.1+part4.2	0h:4m:46s (0h:1m:0s left)
 175 TIM+F+I+G4   38369.389   part2.1+part2.2+part3.1+part4.3+part5.3	0h:4m:48s (0h:0m:59s left)
Merging part2.1+part2.2+part3.1+part5.1 with BIC score: 37936.587 (LnL: -18511.722  df: 112)
 176 HKY+F+I+G4   37920.073   part2.1+part2.2+part3.1+part3.2+part5.1	0h:4m:52s (0h:0m:58s left)
 177 HKY+F+I+G4   37928.064   part2.1+part2.2+part3.1+part5.1+part5.2	0h:4m:52s (0h:0m:56s left)
 178 HKY+F+I+G4   37948.791   part1.1+part1.2+part2.1+part2.2+part3.1+part5.1	0h:4m:53s (0h:0m:54s left)
 179 TN+F+I+G4    38042.138   part2.1+part2.2+part3.1+part3.3+part5.1	0h:4m:53s (0h:0m:52s left)
 180 K3Pu+F+G4    38129.390   part2.1+part2.2+part2.3+part3.1+part5.1	0h:4m:53s (0h:0m:50s left)
 181 K2P+G4       38188.243   part1.3+part2.1+part2.2+part3.1+part5.1	0h:4m:55s (0h:0m:48s left)
 182 TPM3u+F+I+G4 38016.848   part2.1+part2.2+part3.1+part4.1+part4.2+part5.1	0h:4m:55s (0h:0m:47s left)
 183 TIM+F+I+G4   38354.991   part2.1+part2.2+part3.1+part4.3+part5.1+part5.3	0h:4m:55s (0h:0m:45s left)
Merging part3.3+part4.3+part5.3 with BIC score: 37913.937 (LnL: -18520.780  df: 107)
 184 K3Pu+F+G4    38014.069   part3.2+part3.3+part4.3+part5.3	0h:5m:2s (0h:0m:44s left)
 185 K3Pu+F+G4    38027.622   part3.3+part4.3+part5.2+part5.3	0h:5m:2s (0h:0m:42s left)
 186 TVMe+G4      38086.599   part3.3+part4.1+part4.2+part4.3+part5.3	0h:5m:4s (0h:0m:40s left)
 187 TIM+F+I+G4   38373.376   part2.1+part2.2+part3.1+part3.3+part4.3+part5.1+part5.3	0h:5m:4s (0h:0m:39s left)
 188 K3P+I+G4     38531.877   part1.1+part1.2+part3.3+part4.3+part5.3	0h:5m:4s (0h:0m:37s left)
 189 K2P+G4       37943.175   part1.3+part3.3+part4.3+part5.3	0h:5m:4s (0h:0m:35s left)
 190 TVM+F+G4     37935.203   part2.3+part3.3+part4.3+part5.3	0h:5m:5s (0h:0m:33s left)
Merging part2.1+part2.2+part3.1+part3.2+part5.1 with BIC score: 37897.423 (LnL: -18520.676  df: 105)
 191 HKY+F+I+G4   37888.140   part2.1+part2.2+part3.1+part3.2+part5.1+part5.2	0h:5m:8s (0h:0m:32s left)
 192 HKY+F+I+G4   37909.009   part1.1+part1.2+part2.1+part2.2+part3.1+part3.2+part5.1	0h:5m:10s (0h:0m:30s left)
 193 K3Pu+F+G4    38099.845   part2.1+part2.2+part2.3+part3.1+part3.2+part5.1	0h:5m:10s (0h:0m:28s left)
 194 TN+F+G4      38171.367   part1.3+part2.1+part2.2+part3.1+part3.2+part5.1	0h:5m:11s (0h:0m:27s left)
 195 TPM3u+F+I+G4 37987.552   part2.1+part2.2+part3.1+part3.2+part4.1+part4.2+part5.1	0h:5m:12s (0h:0m:25s left)
 196 TIM+F+I+G4   38379.904   part2.1+part2.2+part3.1+part3.2+part3.3+part4.3+part5.1+part5.3	0h:5m:12s (0h:0m:23s left)
Merging part2.1+part2.2+part3.1+part3.2+part5.1+part5.2 with BIC score: 37888.140 (LnL: -18524.187  df: 103)
 197 HKY+F+I+G4   37899.846   part1.1+part1.2+part2.1+part2.2+part3.1+part3.2+part5.1+part5.2	0h:5m:17s (0h:0m:22s left)
 198 K3Pu+F+G4    38100.453   part2.1+part2.2+part2.3+part3.1+part3.2+part5.1+part5.2	0h:5m:18s (0h:0m:20s left)
 199 HKY+F+G4     38177.855   part1.3+part2.1+part2.2+part3.1+part3.2+part5.1+part5.2	0h:5m:19s (0h:0m:19s left)
 200 TPM3u+F+I+G4 37986.446   part2.1+part2.2+part3.1+part3.2+part4.1+part4.2+part5.1+part5.2	0h:5m:20s (0h:0m:17s left)
 201 TIM+F+I+G4   38393.578   part2.1+part2.2+part3.1+part3.2+part3.3+part4.3+part5.1+part5.2+part5.3	0h:5m:20s (0h:0m:15s left)
BEST-FIT PARTITION MODEL: 
  charpartition BIC = HKY+F+G4: part1.1 part1.2, K2P+G4: part1.3, HKY+F+I+G4: part2.1 part2.2 part3.1 part3.2 part5.1 part5.2, K3Pu+F+G4: part2.3, K3Pu+F+G4: part3.3 part4.3 part5.3, TPM3+F+G4: part4.1 part4.2;
Agglomerative model selection: ((part1.1,part1.2)4:37984.7,part1.3,(((((part2.1,part3.1)3:38009.5,part2.2)5:37960.1,part5.1)6:37936.6,part3.2)8:37897.4,part5.2)9:37888.1,part2.3,(part3.3,(part4.3,part5.3)1:38060.2)7:37913.9,(part4.1,part4.2)2:38034.6)
Merging into 6 partitions...
Partition information was printed to 4_set223.best_scheme.nex
Partition information in Raxml format was printed to 4_set223.best_scheme

All model information printed to 4_set223.model.gz
CPU time for ModelFinder: 511.639 seconds (0h:8m:31s)
Wall-clock time for ModelFinder: 323.286 seconds (0h:5m:23s)
Generating 1000 samples for ultrafast bootstrap (seed: 570233)...

NOTE: 11 MB RAM (0 GB) is required!
Measuring multi-threading efficiency up to 8 CPU cores
Increase to 10 rounds for branch lengths
34 trees examined
Threads: 1 / Time: 8.142 sec / Speedup: 1.000 / Efficiency: 100% / LogL: -30408
Threads: 2 / Time: 12.467 sec / Speedup: 0.653 / Efficiency: 33% / LogL: -30408
BEST NUMBER OF THREADS: 1

Estimate model parameters (epsilon = 0.100)
Initial log-likelihood: -19880.542
Current log-likelihood at step 1: -18961.102
Current log-likelihood at step 2: -18859.146
Current log-likelihood at step 3: -18825.572
Current log-likelihood at step 4: -18728.397
Current log-likelihood at step 5: -18694.398
Current log-likelihood at step 6: -18651.564
Current log-likelihood at step 7: -18641.543
Current log-likelihood at step 8: -18630.087
Current log-likelihood at step 9: -18616.749
Current log-likelihood at step 10: -18600.889
Current log-likelihood at step 11: -18581.592
Current log-likelihood at step 12: -18557.839
Current log-likelihood at step 13: -18522.769
Current log-likelihood at step 14: -18522.753
Partition-specific rates:  0.241 1.507 0.349 1.510 2.631 1.480
Parameters optimization took 13 rounds (2.052 sec)

Computing ML distances based on estimated model parameters... 0.065 sec
Computing BIONJ tree...
0.006 seconds
Log-likelihood of BIONJ tree: -18540.325
--------------------------------------------------------------------
|             INITIALIZING CANDIDATE TREE SET                      |
--------------------------------------------------------------------
Generating 98 parsimony trees... 1.938 second
Computing log-likelihood of 98 initial trees ... 6.960 seconds
Current best score: -18519.974

Do NNI search on 20 best initial trees
Estimate model parameters (epsilon = 0.100)
Initial log-likelihood: -18512.461
Current log-likelihood at step 1: -18512.320
Current log-likelihood at step 2: -18512.307
Parameters optimization took 1 rounds (0.233 sec)

BETTER TREE FOUND at iteration 1: -18512.307
Estimate model parameters (epsilon = 0.100)
Initial log-likelihood: -18512.120
Current log-likelihood at step 1: -18512.046
Parameters optimization took 0 rounds (0.187 sec)

BETTER TREE FOUND at iteration 3: -18512.046
Iteration 10 / LogL: -18512.372 / Time: 0h:0m:40s
Iteration 20 / LogL: -18512.372 / Time: 0h:0m:50s
Finish initializing candidate tree set (4)
Current best tree score: -18512.046 / CPU time: 27.215
Number of iterations: 20
--------------------------------------------------------------------
|               OPTIMIZING CANDIDATE TREE SET                      |
--------------------------------------------------------------------
Iteration 30 / LogL: -18512.374 / Time: 0h:0m:59s (0h:2m:29s left)
UPDATE BEST LOG-LIKELIHOOD: -18512.046
Iteration 40 / LogL: -18512.372 / Time: 0h:1m:8s (0h:1m:50s left)
Iteration 50 / LogL: -18512.375 / Time: 0h:1m:17s (0h:1m:23s left)
Log-likelihood cutoff on original alignment: -18555.253
Iteration 60 / LogL: -18512.372 / Time: 0h:1m:25s (0h:1m:2s left)
Iteration 70 / LogL: -18512.372 / Time: 0h:1m:34s (0h:0m:45s left)
Iteration 80 / LogL: -18515.124 / Time: 0h:1m:44s (0h:0m:30s left)
Iteration 90 / LogL: -18512.377 / Time: 0h:1m:52s (0h:0m:16s left)
Iteration 100 / LogL: -18512.047 / Time: 0h:2m:2s (0h:0m:3s left)
Log-likelihood cutoff on original alignment: -18555.253
NOTE: Bootstrap correlation coefficient of split occurrence frequencies: 1.000
TREE SEARCH COMPLETED AFTER 104 ITERATIONS / Time: 0h:2m:6s

--------------------------------------------------------------------
|                    FINALIZING TREE SEARCH                        |
--------------------------------------------------------------------
Performs final model parameters optimization
Estimate model parameters (epsilon = 0.010)
Initial log-likelihood: -18512.046
Current log-likelihood at step 1: -18512.033
Current log-likelihood at step 2: -18512.021
Current log-likelihood at step 3: -18512.010
Current log-likelihood at step 4: -18511.999
Current log-likelihood at step 5: -18511.989
Current log-likelihood at step 6: -18511.979
Current log-likelihood at step 7: -18511.969
Partition-specific rates:  0.244 1.497 0.347 1.496 2.636 1.493
Parameters optimization took 6 rounds (0.968 sec)

BEST SCORE FOUND : -18511.969
Creating bootstrap support values...
Split supports printed to NEXUS file 4_set223.splits.nex
Total tree length: 0.881

Total number of iterations: 104
CPU time used for tree search: 77.095 sec (0h:1m:17s)
Wall-clock time used for tree search: 103.046 sec (0h:1m:43s)
Total CPU time used: 96.511 sec (0h:1m:36s)
Total wall-clock time used: 127.264 sec (0h:2m:7s)

Computing bootstrap consensus tree...
Reading input file 4_set223.splits.nex...
35 taxa and 113 splits.
Consensus tree written to 4_set223.contree
Reading input trees file 4_set223.contree
Log-likelihood of consensus tree: -18512.334

Analysis results written to: 
  IQ-TREE report:                4_set223.iqtree
  Maximum-likelihood tree:       4_set223.treefile
  Likelihood distances:          4_set223.mldist
  Best partitioning scheme:      4_set223.best_scheme.nex
           in RAxML format:      4_set223.best_scheme

Ultrafast bootstrap approximation results written to:
  Split support values:          4_set223.splits.nex
  Consensus tree:                4_set223.contree
  Screen log file:               4_set223.log

Date and Time: Sat Sep  8 03:18:19 2018
