IQ-TREE multicore version 1.6.7 for Mac OS X 64-bit built Aug 23 2018
Developed by Bui Quang Minh, Nguyen Lam Tung, Olga Chernomor,
Heiko Schmidt, Dominik Schrempf, Michael Woodhams.

Host:    meeps-mac-pro.staff.sydney.edu.au (AVX, 64 GB RAM)
Command: /Users/davidduchene/Desktop/Software/iqtree-1.6.7-MacOSX/bin/iqtree -s ../../../../marsupials/set24.fasta -m TESTMERGE -bb 1000 -sp ../../../../marsupials/set24.nex -nt AUTO -pre 6_set24
Seed:    765807 (Using SPRNG - Scalable Parallel Random Number Generator)
Time:    Thu Sep  6 17:08:31 2018
Kernel:  AVX - auto-detect threads (8 CPU cores detected)

Reading partition model file ../../../../marsupials/set24.nex ...
Reading alignment file ../../../../marsupials/set24.fasta ... Fasta format detected
Alignment most likely contains DNA/RNA sequences
Alignment has 35 sequences with 1263 columns, 473 distinct patterns
254 parsimony-informative, 119 singleton sites, 890 constant sites
                                              Gap/Ambiguity  Composition  p-value
   1  Burramyidae_Burramys_parvus                     0.16%    passed     97.57%
   2  Notoryctidae_Notoryctes_typhlops                4.12%    passed     76.72%
   3  Vombatidae_Lasiorhinus_latifrons                0.87%    passed     94.78%
   4  Potoroidae_Bettongia_penicillata                0.08%    passed     97.43%
   5  Potoroidae_Bettongia_lesueur                    0.16%    passed     99.65%
   6  Dasyuridae_Dasyurus_maculatus                   9.03%    passed     55.29%
   7  Phalangeridae_Trichosurus_vulpecula             0.00%    passed     93.31%
   8  Phalangeridae_Spilocuscus_maculatus             0.32%    passed     74.52%
   9  Potoroidae_Aepyprymnus_rufescens                0.00%    passed     97.52%
  10  Peramelidae_Perameles_nasuta                   22.25%    passed     12.71%
  11  Phalangeridae_Strigocuscus_pelengensis          2.61%    passed     66.40%
  12  Dasyuridae_Phascogale_tapoatafa                 4.51%    passed     88.20%
  13  Dasyuridae_Sminthopsis_macroura                 7.44%    passed     65.29%
  14  Phalangeridae_Phalanger_orientalis              0.00%    passed     93.69%
  15  Acrobatidae_Acrobates_pygmaeus                  0.87%    passed     95.05%
  16  Dasyuridae_Phascogale_calura                    9.98%    passed     66.89%
  17  Dasyuridae_Sarcophilus_harrisii                11.96%    passed     48.71%
  18  Dasyuridae_Planigale_tenuirostris              28.35%    failed      1.98%
  19  Peramelidae_Echymipera_kalubu                   0.24%    passed     99.89%
  20  Macropodidae_Dorcopsulus_vanheurni              0.16%    passed     62.14%
  21  Pseudochiridae_Pseudochirulus_forbesi           0.00%    passed     89.33%
  22  Didelphidae_Didelphis_virginiana                0.32%    passed     91.22%
  23  Marmosidae_Monodelphis_domestica                0.16%    passed     81.25%
  24  Dasyuridae_Antechinus_stuartii                 19.00%    failed      4.75%
  25  Hypsiprymnodontidae_Hypsiprymnodon_moschatus    0.16%    passed     98.51%
  26  Microbiotheriidae_Dromiciops_gliroides          3.88%    passed     98.00%
  27  Pseudochiridae_Petauroides_volans               1.35%    passed     59.75%
  28  Macropodidae_Wallabia_bicolor                   2.61%    passed     93.80%
  29  Pseudochiridae_Pseudocheirus_occidentalis      15.12%    passed     23.70%
  30  Tarsipedidae_Tarsipes_rostratus                18.61%    passed     62.62%
  31  Acrobatidae_Distoechurus_pennatus              18.69%    passed     49.68%
  32  Phalangeridae_Phalanger_carmelitae              0.00%    passed     87.88%
  33  Peramelidae_Peroryctes_raffrayana              11.24%    passed     89.45%
  34  Dasyuridae_Dasyurus_geffroii                    3.25%    passed     99.31%
  35  Peramelidae_Perameles_gunnii                    0.71%    passed     99.66%
****  TOTAL                                           5.66%  2 sequences failed composition chi2 test (p-value<5%; df=3)
NOTE: No CharPartition defined, use all CharSets

Loading 15 partitions...
Subset	Type	Seqs	Sites	Infor	Invar	Model	Name
1		31	77	9	61	TESTMERGE	part1.1
2		31	77	5	70	TESTMERGE	part1.2
3		31	77	45	20	TESTMERGE	part1.3
4		35	79	9	56	TESTMERGE	part2.1
5		35	79	5	69	TESTMERGE	part2.2
6		35	79	47	17	TESTMERGE	part2.3
7		35	80	7	70	TESTMERGE	part3.1
8		35	80	9	70	TESTMERGE	part3.2
9		35	80	35	32	TESTMERGE	part3.3
10		35	94	6	84	TESTMERGE	part4.1
11		35	94	1	92	TESTMERGE	part4.2
12		35	94	37	38	TESTMERGE	part4.3
13		34	91	4	83	TESTMERGE	part5.1
14		34	91	0	90	TESTMERGE	part5.2
WARNING: No parsimony-informative sites in partition part5.2
15		34	91	35	38	TESTMERGE	part5.3
Degree of missing data: 0.027
Info: multi-threading strategy over partitions



Create initial parsimony tree by phylogenetic likelihood library (PLL)... 0.005 seconds
NOTE: ModelFinder requires 5 MB RAM!
NUMBER OF THREADS FOR PARTITION FINDING: 8
Testing GTR+F+G on supermatrix...
GTR+F+G4 / LnL: -5910.540 / df: 76 / AIC: 11973.080 / AICc: 11982.949 / BIC: 12363.815
Selecting individual models for 15 charsets using BIC...
 No. Model        Score       Charset
   1 K3P+G4       1401.397    part3.3
   2 K2P+I        756.259     part1.1
   3 TN+F+I       667.275     part5.1
   4 K2P+I        587.695     part1.2
   5 K3P+G4       1700.075    part4.3
   6 TPM2+F+G4    1772.724    part1.3
   7 JC           558.746     part5.2
   8 HKY+F+G4     1608.229    part5.3
   9 TIM2e        1703.304    part2.3
  10 K2P+I        731.195     part4.1	0h:0m:47s (0h:15m:48s left)
  11 F81+F+I      655.209     part3.2	0h:0m:47s (0h:14m:27s left)
  12 JC+I         735.534     part3.1	0h:0m:48s (0h:13m:23s left)
  13 SYM          830.973     part2.1	0h:0m:48s (0h:12m:19s left)
  14 HKY+F+G4     645.560     part2.2	0h:0m:49s (0h:11m:36s left)
  15 TNe+I        606.811     part4.2	0h:0m:49s (0h:10m:53s left)
Full partition model BIC score: 17738.782 (LnL: -5209.503  df:1025)
Merging models to increase model fit (about 211 total partition schemes)...
  16 K2P+G4       17316.546   part2.3+part3.3	0h:1m:4s (0h:13m:8s left)
  17 TIMe+G4      17407.837   part1.3+part4.3	0h:1m:6s (0h:12m:40s left)
  18 K2P+G4       17342.207   part2.3+part4.3	0h:1m:10s (0h:12m:36s left)
  19 HKY+F+G4     17316.354   part3.3+part5.3	0h:1m:10s (0h:11m:53s left)
  20 K2P+G4       17413.269   part1.3+part5.3	0h:1m:10s (0h:11m:14s left)
  21 TPM2+F+G4    17346.292   part2.3+part5.3	0h:1m:11s (0h:10m:46s left)
  22 K2P+G4       17390.484   part1.3+part2.3	0h:1m:19s (0h:11m:21s left)
  23 TPM3+F+G4    17328.633   part4.3+part5.3	0h:1m:20s (0h:10m:57s left)
  24 K3Pu+F+G4    17311.488   part3.3+part4.3	0h:1m:30s (0h:11m:42s left)
  25 TNe+G4       17383.573   part1.3+part3.3	0h:1m:31s (0h:11m:17s left)
  26 K2P+G4       17386.467   part1.1+part5.3	0h:1m:34s (0h:11m:15s left)
  27 K3P+G4       17375.847   part1.1+part4.3	0h:1m:34s (0h:10m:47s left)
  28 TNe+I        17428.795   part1.2+part2.3	0h:2m:1s (0h:13m:13s left)
  29 TNe+I        17421.595   part1.1+part2.3	0h:2m:3s (0h:12m:57s left)
  30 K3Pu+F+G4    17377.091   part1.1+part1.3	0h:2m:4s (0h:12m:32s left)
  31 HKY+F+G4     17403.940   part1.2+part5.3	0h:2m:6s (0h:12m:12s left)
  32 K3P+G4       17369.728   part1.1+part3.3	0h:2m:23s (0h:13m:21s left)
  33 HKY+F+G4     17443.191   part1.2+part1.3	0h:2m:34s (0h:13m:53s left)
  34 K3P+G4       17390.476   part1.2+part4.3	0h:2m:35s (0h:13m:28s left)
  35 K3P+G4       17401.099   part1.2+part3.3	0h:3m:3s (0h:15m:24s left)
  36 TIM2e+G4     17388.504   part2.1+part5.3	0h:3m:6s (0h:15m:5s left)
  37 TIM2+F+G4    17402.194   part2.3+part5.1	0h:3m:15s (0h:15m:21s left)
  38 TPM2u+F+G4   17362.322   part2.1+part2.3	0h:3m:17s (0h:14m:59s left)
  39 K2P+G4       17368.512   part5.1+part5.3	0h:3m:24s (0h:15m:4s left)
  40 K3P+G4       17349.724   part2.1+part4.3	0h:3m:40s (0h:15m:44s left)
  41 K3P+G4       17361.834   part4.3+part5.1	0h:3m:42s (0h:15m:22s left)
  42 HKY+F+I      17410.394   part2.3+part5.2	0h:3m:42s (0h:14m:56s left)
  43 HKY+F+G4     17353.889   part5.2+part5.3	0h:3m:49s (0h:14m:56s left)
  44 TIM+F+G4     17420.866   part1.3+part2.1	0h:4m:8s (0h:15m:42s left)
  45 TIM2e+G4     17382.334   part2.3+part4.1	0h:4m:19s (0h:15m:58s left)
  46 TN+F+G4      17432.417   part1.3+part5.1	0h:4m:21s (0h:15m:36s left)
  47 TIM2e+G4     17375.121   part4.1+part5.3	0h:4m:24s (0h:15m:22s left)
  48 TPM2u+F+G4   17372.960   part2.3+part3.1	0h:4m:29s (0h:15m:15s left)
  49 TNe+G4       17365.212   part2.3+part3.2	0h:4m:30s (0h:14m:54s left)
  50 HKY+F+G4     17356.684   part3.1+part5.3	0h:4m:35s (0h:14m:46s left)
  51 HKY+F+G4     17356.272   part2.2+part2.3	0h:4m:37s (0h:14m:32s left)
  52 K2P+I        17343.583   part1.1+part1.2	0h:4m:48s (0h:14m:42s left)
  53 K2P+G4       17362.483   part3.2+part5.3	0h:4m:49s (0h:14m:23s left)
  54 HKY+F+G4     17347.601   part2.2+part5.3	0h:4m:50s (0h:14m:5s left)
  55 K3Pu+F+I     17372.130   part4.3+part5.2	0h:4m:51s (0h:13m:45s left)
  56 K2P+G4       17340.413   part4.1+part4.3	0h:4m:56s (0h:13m:40s left)
  57 TNe+G4       17467.242   part1.3+part5.2	0h:4m:58s (0h:13m:26s left)
  58 K3P+G4       17349.478   part3.2+part4.3	0h:4m:59s (0h:13m:11s left)
  59 TIM2e+G4     17386.652   part2.3+part4.2	0h:5m:0s (0h:12m:54s left)
  60 K3P+G4       17330.400   part3.1+part4.3	0h:5m:0s (0h:12m:37s left)
  61 TNe+G4       17352.126   part3.3+part5.1	0h:5m:13s (0h:12m:49s left)
  62 TN+F+G4      17364.262   part4.2+part5.3	0h:5m:19s (0h:12m:48s left)
  63 TIMe+G4      17334.534   part2.1+part3.3	0h:5m:22s (0h:12m:38s left)
  64 TPM2u+F+G4   17408.824   part1.3+part4.1	0h:5m:24s (0h:12m:25s left)
  65 K3Pu+F+G4    17345.337   part2.2+part4.3	0h:5m:27s (0h:12m:16s left)
  66 K3P+G4       17356.873   part4.2+part4.3	0h:5m:30s (0h:12m:6s left)
  67 K3Pu+F+G4    17370.324   part3.3+part5.2	0h:5m:32s (0h:11m:54s left)
  68 TNe+G4       17442.866   part1.3+part2.2	0h:5m:34s (0h:11m:43s left)
  69 TN+F+G4      17428.736   part1.3+part3.1	0h:5m:35s (0h:11m:29s left)
  70 K3Pu+F+G4    17403.764   part1.3+part3.2	0h:5m:37s (0h:11m:19s left)
  71 TN+F+I       17362.970   part1.1+part5.1	0h:5m:39s (0h:11m:10s left)
  72 HKY+F+G4     17444.900   part1.3+part4.2	0h:5m:40s (0h:10m:57s left)
  73 K2P+G4       17337.648   part3.3+part4.1	0h:5m:48s (0h:10m:58s left)
  74 K2P+G4       17324.341   part3.2+part3.3	0h:5m:56s (0h:10m:59s left)
  75 K3P+G4       17328.176   part3.1+part3.3	0h:6m:1s (0h:10m:55s left)
  76 TIM2+F+G4    17376.025   part1.1+part2.1	0h:6m:4s (0h:10m:48s left)
  77 HKY+F+G4     17342.815   part2.2+part3.3	0h:6m:9s (0h:10m:43s left)
  78 K2P+I        17358.035   part1.1+part5.2	0h:6m:11s (0h:10m:33s left)
  79 K2P+I        17354.090   part1.2+part5.1	0h:6m:11s (0h:10m:21s left)
  80 K3P+G4       17348.330   part3.3+part4.2	0h:6m:11s (0h:10m:8s left)
  81 K2P+G4       17368.114   part1.1+part2.2	0h:6m:23s (0h:10m:15s left)
  82 HKY+F+G4     17343.655   part1.1+part4.1	0h:6m:25s (0h:10m:6s left)
  83 TVMe+G4      17379.004   part1.2+part2.1	0h:6m:25s (0h:9m:54s left)
  84 HKY+F+G4     17353.772   part1.1+part3.2	0h:6m:30s (0h:9m:50s left)
  85 K3P+I        17338.508   part1.1+part3.1	0h:6m:32s (0h:9m:41s left)
  86 K2P+I        17337.202   part1.2+part4.1	0h:6m:40s (0h:9m:42s left)
  87 K2P+I        17338.193   part1.1+part4.2	0h:6m:41s (0h:9m:32s left)
  88 K2P+I        17344.688   part1.2+part5.2	0h:6m:43s (0h:9m:23s left)
  89 K2P+I        17347.735   part1.2+part3.2	0h:6m:44s (0h:9m:14s left)
  90 TIM2+F+G4    17289.438   part2.1+part5.1	0h:6m:53s (0h:9m:15s left)
  91 K2P+I        17344.175   part1.2+part3.1	0h:6m:55s (0h:9m:7s left)
  92 HKY+F+I      17348.750   part1.2+part2.2	0h:7m:5s (0h:9m:9s left)
  93 TIM2+F+I     17284.139   part4.1+part5.1	0h:7m:8s (0h:9m:3s left)
  94 K2P+I        17285.088   part5.1+part5.2	0h:7m:12s (0h:8m:58s left)
  95 HKY+F+I      17302.338   part2.2+part5.1	0h:7m:12s (0h:8m:48s left)
  96 TNe+I        17328.121   part1.2+part4.2	0h:7m:12s (0h:8m:38s left)
  97 TIM3e+G4     17310.864   part2.1+part5.2	0h:7m:14s (0h:8m:31s left)
  98 TN+F+I       17289.980   part3.2+part5.1	0h:7m:18s (0h:8m:25s left)
  99 TIM2+F+I     17293.602   part3.1+part5.1	0h:7m:22s (0h:8m:20s left)
 100 TPM2u+F+G4   17296.884   part2.1+part4.1	0h:7m:28s (0h:8m:17s left)
 101 TIM2+F+G4    17295.722   part2.1+part3.1	0h:7m:32s (0h:8m:12s left)
 102 K2P+I        17286.952   part4.1+part5.2	0h:7m:45s (0h:8m:17s left)
 103 TPM3+F+G4    17290.337   part2.1+part2.2	0h:7m:51s (0h:8m:14s left)
 104 TVMe+G4      17296.066   part2.1+part4.2	0h:7m:53s (0h:8m:7s left)
 105 TPM2u+F+G4   17277.462   part2.1+part3.2	0h:7m:56s (0h:8m:1s left)
 106 JC+I         17287.200   part3.2+part5.2	0h:8m:0s (0h:7m:55s left)
 107 K2P+I        17282.352   part4.2+part5.1	0h:8m:6s (0h:7m:52s left)
 108 JC+I         17291.312   part3.1+part5.2	0h:8m:9s (0h:7m:46s left)
 109 K2P+I        17280.122   part3.1+part4.1	0h:8m:15s (0h:7m:43s left)
 110 K2P+I        17285.865   part2.2+part4.1	0h:8m:24s (0h:7m:43s left)
 111 HKY+F+I      17281.737   part2.2+part5.2	0h:8m:27s (0h:7m:37s left)
 112 HKY+F+I      17288.675   part3.1+part3.2	0h:8m:36s (0h:7m:36s left)
 113 HKY+F+G4     17278.110   part3.2+part4.1	0h:8m:40s (0h:7m:31s left)
 114 HKY+F+I      17281.377   part2.2+part3.2	0h:9m:7s (0h:7m:45s left)
 115 K2P+I        17269.078   part4.1+part4.2	0h:9m:19s (0h:7m:46s left)
 116 HKY+F+I      17291.115   part2.2+part3.1	0h:9m:19s (0h:7m:38s left)
 117 TIM3e+I      17273.337   part3.2+part4.2	0h:9m:20s (0h:7m:30s left)
 118 TN+F+I       17279.918   part4.2+part5.2	0h:9m:20s (0h:7m:21s left)
 119 K2P+I        17278.075   part3.1+part4.2	0h:9m:20s (0h:7m:13s left)
 120 TN+F+I       17274.716   part2.2+part4.2	0h:9m:21s (0h:7m:5s left)
Merging part4.1+part4.2 with BIC score: 17269.078 (LnL: -5224.595  df: 955)
 121 K2P+G4       16912.283   part3.3+part4.1+part4.2	0h:9m:28s (0h:7m:2s left)
 122 K2P+I        16880.587   part1.1+part4.1+part4.2	0h:9m:29s (0h:6m:55s left)
 123 K2P+I        16813.466   part4.1+part4.2+part5.1	0h:9m:29s (0h:6m:47s left)
 124 TVMe+G4      16850.982   part2.1+part4.1+part4.2	0h:9m:30s (0h:6m:40s left)
 125 K2P+I        16812.865   part4.1+part4.2+part5.2	0h:9m:30s (0h:6m:32s left)
 126 K2P+I        16871.080   part1.2+part4.1+part4.2	0h:9m:33s (0h:6m:26s left)
 127 TIM2e+G4     16965.054   part2.3+part4.1+part4.2	0h:9m:39s (0h:6m:23s left)
 128 HKY+F+I+G4   17011.720   part1.3+part4.1+part4.2	0h:9m:40s (0h:6m:16s left)
 129 K2P+I        16818.519   part3.1+part4.1+part4.2	0h:9m:43s (0h:6m:10s left)
 130 K2P+I        16812.720   part3.2+part4.1+part4.2	0h:9m:43s (0h:6m:3s left)
 131 K2P+I        16822.241   part2.2+part4.1+part4.2	0h:9m:43s (0h:5m:56s left)
 132 K2P+G4       16922.320   part4.1+part4.2+part4.3	0h:9m:44s (0h:5m:49s left)
 133 TIM2e+G4     16948.075   part4.1+part4.2+part5.3	0h:9m:46s (0h:5m:43s left)
Merging part2.1+part3.2 with BIC score: 16807.758 (LnL: -5243.878  df: 885)
 134 K3P+G4       16470.361   part2.1+part3.2+part4.3	0h:9m:52s (0h:5m:40s left)
 135 TPM2u+F+I    16387.357   part2.1+part3.2+part4.1+part4.2	0h:9m:53s (0h:5m:33s left)
 136 TIM3e+G4     16376.920   part2.1+part3.2+part5.2	0h:10m:3s (0h:5m:32s left)
 137 TPM2+F+G4    16445.251   part1.1+part2.1+part3.2	0h:10m:12s (0h:5m:30s left)
 138 TPM2+F+G4    16471.431   part2.1+part2.3+part3.2	0h:10m:16s (0h:5m:26s left)
 139 TIM2e+G4     16502.148   part2.1+part3.2+part5.3	0h:10m:18s (0h:5m:20s left)
 140 TIM+F+G4     16527.903   part1.3+part2.1+part3.2	0h:10m:19s (0h:5m:14s left)
 141 TVMe+G4      16450.082   part1.2+part2.1+part3.2	0h:10m:19s (0h:5m:7s left)
 142 TIM2+F+G4    16362.642   part2.1+part3.1+part3.2	0h:10m:22s (0h:5m:2s left)
 143 K3P+G4       16435.938   part2.1+part3.2+part3.3	0h:10m:22s (0h:4m:56s left)
 144 TPM3u+F+G4   16356.899   part2.1+part2.2+part3.2	0h:10m:22s (0h:4m:49s left)
 145 TIM2+F+G4    16359.061   part2.1+part3.2+part5.1	0h:10m:23s (0h:4m:43s left)
Merging part2.2+part5.2 with BIC score: 16350.712 (LnL: -5247.446  df: 820)
 146 K2P+I        16000.877   part1.1+part2.2+part5.2	0h:10m:32s (0h:4m:41s left)
 147 K2P+I        15908.602   part2.2+part4.1+part4.2+part5.2	0h:10m:34s (0h:4m:36s left)
 148 TPM3u+F+G4   15918.030   part2.1+part2.2+part3.2+part5.2	0h:10m:35s (0h:4m:30s left)
 149 K3Pu+F+G4    16001.944   part2.2+part4.3+part5.2	0h:10m:36s (0h:4m:24s left)
 150 HKY+F+G4     16003.812   part2.2+part5.2+part5.3	0h:10m:41s (0h:4m:20s left)
 151 HKY+F+G4     16027.328   part2.2+part2.3+part5.2	0h:10m:41s (0h:4m:14s left)
 152 TNe+I+G4     16127.092   part1.3+part2.2+part5.2	0h:10m:43s (0h:4m:9s left)
 153 HKY+F+I      15958.853   part1.2+part2.2+part5.2	0h:10m:43s (0h:4m:4s left)
 154 HKY+F+I      15917.175   part2.2+part5.1+part5.2	0h:10m:45s (0h:3m:58s left)
 155 HKY+F+I      15905.719   part2.2+part3.1+part5.2	0h:10m:45s (0h:3m:53s left)
 156 HKY+F+G4     15994.776   part2.2+part3.3+part5.2	0h:10m:47s (0h:3m:48s left)
Merging part4.1+part4.2+part5.1 with BIC score: 15895.100 (LnL: -5273.154  df: 749)
 157 TPM2u+F+I    15480.911   part2.1+part3.2+part4.1+part4.2+part5.1	0h:10m:58s (0h:3m:46s left)
 158 K2P+G4       15563.127   part3.3+part4.1+part4.2+part5.1	0h:10m:59s (0h:3m:41s left)
 159 K2P+I        15465.363   part2.2+part4.1+part4.2+part5.1+part5.2	0h:11m:0s (0h:3m:36s left)
 160 K2P+G4       15579.637   part4.1+part4.2+part4.3+part5.1	0h:11m:3s (0h:3m:31s left)
 161 K2P+I        15518.213   part1.1+part4.1+part4.2+part5.1	0h:11m:5s (0h:3m:26s left)
 162 K2P+I        15509.740   part1.2+part4.1+part4.2+part5.1	0h:11m:6s (0h:3m:21s left)
 163 TIM2e+G4     15633.638   part2.3+part4.1+part4.2+part5.1	0h:11m:6s (0h:3m:16s left)
 164 TN+F+I+G4    15671.918   part1.3+part4.1+part4.2+part5.1	0h:11m:6s (0h:3m:11s left)
 165 TIM2e+I      15454.827   part3.1+part4.1+part4.2+part5.1	0h:11m:8s (0h:3m:6s left)
 166 TIM2e+I+G4   15607.559   part4.1+part4.2+part5.1+part5.3	0h:11m:11s (0h:3m:2s left)
Merging part2.1+part3.1+part3.2 with BIC score: 15449.985 (LnL: -5289.828  df: 682)
 167 K3P+G4       15121.148   part2.1+part3.1+part3.2+part4.3	0h:11m:17s (0h:2m:58s left)
 168 TPM3+F+I     15025.129   part2.1+part2.2+part3.1+part3.2+part5.2	0h:11m:18s (0h:2m:53s left)
 169 K3P+G4       15088.726   part2.1+part3.1+part3.2+part3.3	0h:11m:18s (0h:2m:48s left)
 170 TIM+F+G4     15081.104   part1.1+part2.1+part3.1+part3.2	0h:11m:19s (0h:2m:43s left)
 171 TPM2u+F+I    15087.933   part1.2+part2.1+part3.1+part3.2	0h:11m:19s (0h:2m:38s left)
 172 TPM2u+F+G4   15130.394   part2.1+part2.3+part3.1+part3.2	0h:11m:19s (0h:2m:34s left)
 173 TPM2+F+G4    15159.179   part2.1+part3.1+part3.2+part5.3	0h:11m:19s (0h:2m:29s left)
 174 TIM+F+I+G4   15199.180   part1.3+part2.1+part3.1+part3.2	0h:11m:20s (0h:2m:24s left)
 175 TPM2u+F+I    15031.186   part2.1+part3.1+part3.2+part4.1+part4.2+part5.1	0h:11m:22s (0h:2m:20s left)
Merging part2.2+part4.1+part4.2+part5.1+part5.2 with BIC score: 15020.248 (LnL: -5332.044  df: 610)
 176 K2P+I        14708.202   part2.2+part3.3+part4.1+part4.2+part5.1+part5.2	0h:11m:30s (0h:2m:17s left)
 177 TPM2u+F+I    14608.604   part2.1+part2.2+part3.1+part3.2+part4.1+part4.2+part5.1+part5.2	0h:11m:31s (0h:2m:12s left)
 178 K3P+I        14637.622   part1.2+part2.2+part4.1+part4.2+part5.1+part5.2	0h:11m:35s (0h:2m:9s left)
 179 K2P+I        14660.108   part1.1+part2.2+part4.1+part4.2+part5.1+part5.2	0h:11m:36s (0h:2m:4s left)
 180 K2P+I        14730.956   part2.2+part4.1+part4.2+part4.3+part5.1+part5.2	0h:11m:36s (0h:1m:59s left)
 181 K2P+I+G4     14759.696   part2.2+part4.1+part4.2+part5.1+part5.2+part5.3	0h:11m:37s (0h:1m:55s left)
 182 TNe+I+G4     14834.047   part1.3+part2.2+part4.1+part4.2+part5.1+part5.2	0h:11m:37s (0h:1m:51s left)
 183 HKY+F+I      14783.323   part2.2+part2.3+part4.1+part4.2+part5.1+part5.2	0h:11m:37s (0h:1m:46s left)
Merging part3.3+part4.3 with BIC score: 14592.953 (LnL: -5357.629  df: 543)
 184 K3P+G4       14288.206   part2.1+part3.1+part3.2+part3.3+part4.3	0h:11m:49s (0h:1m:44s left)
 185 K3P+G4       14231.027   part1.1+part3.3+part4.3	0h:11m:51s (0h:1m:39s left)
 186 K3Pu+F+G4    14265.123   part1.2+part3.3+part4.3	0h:11m:52s (0h:1m:35s left)
 187 K3P+G4       14372.649   part2.2+part3.3+part4.1+part4.2+part4.3+part5.1+part5.2	0h:11m:53s (0h:1m:31s left)
 188 TIMe+G4      14259.222   part1.3+part3.3+part4.3	0h:11m:53s (0h:1m:27s left)
 189 K3Pu+F+G4    14199.722   part2.3+part3.3+part4.3	0h:11m:54s (0h:1m:23s left)
 190 K3Pu+F+G4    14172.090   part3.3+part4.3+part5.3	0h:11m:54s (0h:1m:19s left)
Merging part3.3+part4.3+part5.3 with BIC score: 14172.090 (LnL: -5397.140  df: 473)
 191 TVMe+G4      13927.479   part2.1+part3.1+part3.2+part3.3+part4.3+part5.3	0h:12m:9s (0h:1m:16s left)
 192 K3Pu+F+G4    13835.812   part1.1+part3.3+part4.3+part5.3	0h:12m:11s (0h:1m:12s left)
 193 HKY+F+G4     14020.603   part2.2+part3.3+part4.1+part4.2+part4.3+part5.1+part5.2+part5.3	0h:12m:11s (0h:1m:8s left)
 194 K3Pu+F+G4    13847.743   part1.2+part3.3+part4.3+part5.3	0h:12m:12s (0h:1m:4s left)
 195 HKY+F+G4     13862.025   part1.3+part3.3+part4.3+part5.3	0h:12m:13s (0h:1m:0s left)
 196 HKY+F+G4     13773.977   part2.3+part3.3+part4.3+part5.3	0h:12m:13s (0h:0m:56s left)
Merging part2.1+part2.2+part3.1+part3.2+part4.1+part4.2+part5.1+part5.2 with BIC score: 13760.446 (LnL: -5441.262  df: 403)
 197 TPM2u+F+I+G4 13521.861   part2.1+part2.2+part2.3+part3.1+part3.2+part4.1+part4.2+part5.1+part5.2	0h:12m:27s (0h:0m:53s left)
 198 TPM2u+F+I    13412.550   part1.1+part2.1+part2.2+part3.1+part3.2+part4.1+part4.2+part5.1+part5.2	0h:12m:27s (0h:0m:49s left)
 199 TPM2u+F+I    13387.937   part1.2+part2.1+part2.2+part3.1+part3.2+part4.1+part4.2+part5.1+part5.2	0h:12m:27s (0h:0m:45s left)
 200 TIM2e+I+G4   13663.654   part2.1+part2.2+part3.1+part3.2+part3.3+part4.1+part4.2+part4.3+part5.1+part5.2+part5.3	0h:12m:28s (0h:0m:41s left)
 201 TN+F+I+G4    13601.447   part1.3+part2.1+part2.2+part3.1+part3.2+part4.1+part4.2+part5.1+part5.2	0h:12m:29s (0h:0m:37s left)
Merging part2.3+part3.3+part4.3+part5.3 with BIC score: 13362.333 (LnL: -5495.720  df: 332)
 202 TPM2+F+G4    13331.613   part2.1+part2.2+part2.3+part3.1+part3.2+part3.3+part4.1+part4.2+part4.3+part5.1+part5.2+part5.3	0h:12m:41s (0h:0m:33s left)
 203 TIM2e+G4     13041.361   part1.1+part2.3+part3.3+part4.3+part5.3	0h:12m:41s (0h:0m:29s left)
 204 HKY+F+G4     13049.559   part1.2+part2.3+part3.3+part4.3+part5.3	0h:12m:41s (0h:0m:26s left)
 205 K2P+G4       13042.598   part1.3+part2.3+part3.3+part4.3+part5.3	0h:12m:42s (0h:0m:22s left)
Merging part1.1+part1.2 with BIC score: 12967.134 (LnL: -5515.928  df: 271)
 206 K3Pu+F+G4    12680.482   part1.1+part1.2+part1.3	0h:12m:49s (0h:0m:18s left)
 207 TPM2u+F+I    12637.526   part1.1+part1.2+part2.1+part2.2+part3.1+part3.2+part4.1+part4.2+part5.1+part5.2	0h:12m:54s (0h:0m:14s left)
 208 TIM2e+G4     12710.323   part1.1+part1.2+part2.3+part3.3+part4.3+part5.3	0h:12m:55s (0h:0m:11s left)
Merging part1.1+part1.2+part2.1+part2.2+part3.1+part3.2+part4.1+part4.2+part5.1+part5.2 with BIC score: 12637.526 (LnL: -5568.932  df: 210)
 209 TIM+F+I+G4   12451.140   part1.1+part1.2+part1.3+part2.1+part2.2+part3.1+part3.2+part4.1+part4.2+part5.1+part5.2	0h:13m:8s (0h:0m:7s left)
 210 TIM2e+G4     12586.706   part1.1+part1.2+part2.1+part2.2+part2.3+part3.1+part3.2+part3.3+part4.1+part4.2+part4.3+part5.1+part5.2+part5.3	0h:13m:9s (0h:0m:3s left)
Merging part1.3+part2.3+part3.3+part4.3+part5.3 with BIC score: 12317.791 (LnL: -5651.867  df: 142)
 211 K2P+I+G4     12338.762   part1.1+part1.2+part1.3+part2.1+part2.2+part2.3+part3.1+part3.2+part3.3+part4.1+part4.2+part4.3+part5.1+part5.2+part5.3	0h:13m:25s (0h:0m:0s left)
BEST-FIT PARTITION MODEL: 
  charpartition BIC = TPM2u+F+I: part1.1 part1.2 part2.1 part2.2 part3.1 part3.2 part4.1 part4.2 part5.1 part5.2, K2P+G4: part1.3 part2.3 part3.3 part4.3 part5.3;
Agglomerative model selection: (((part1.1,part1.2)11:12967.1,(((part2.1,part3.2)2:16807.8,part3.1)5:15450,((part2.2,part5.2)3:16350.7,((part4.1,part4.2)1:17269.1,part5.1)4:15895.1)6:15020.2)9:13760.4)12:12637.5,(part1.3,(part2.3,((part3.3,part4.3)7:14593,part5.3)8:14172.1)10:13362.3)13:12317.8)
Merging into 2 partitions...
Partition information was printed to 6_set24.best_scheme.nex
Partition information in Raxml format was printed to 6_set24.best_scheme

All model information printed to 6_set24.model.gz
CPU time for ModelFinder: 370.732 seconds (0h:6m:10s)
Wall-clock time for ModelFinder: 808.950 seconds (0h:13m:28s)
Generating 1000 samples for ultrafast bootstrap (seed: 765807)...

NOTE: 3 MB RAM (0 GB) is required!
Measuring multi-threading efficiency up to 8 CPU cores
Increase to 10 rounds for branch lengths
39 trees examined
Threads: 1 / Time: 8.028 sec / Speedup: 1.000 / Efficiency: 100% / LogL: -8711
Threads: 2 / Time: 3.304 sec / Speedup: 2.430 / Efficiency: 121% / LogL: -8711
Threads: 3 / Time: 38.479 sec / Speedup: 0.209 / Efficiency: 7% / LogL: -8711
BEST NUMBER OF THREADS: 2

Estimate model parameters (epsilon = 0.100)
Optimizing K2P+G4 parameters for partition part1.3+part2.3+part3.3+part4.3+part5.3 (69 free parameters)
Optimizing TPM2u+F+I parameters for partition part1.1+part1.2+part2.1+part2.2+part3.1+part3.2+part4.1+part4.2+part5.1+part5.2 (73 free parameters)
Optimal log-likelihood: -5651.870
Computing ML distances based on estimated model parameters... 0.015 sec
Computing BIONJ tree...
0.011 seconds
Log-likelihood of BIONJ tree: -5663.367
--------------------------------------------------------------------
|             INITIALIZING CANDIDATE TREE SET                      |
--------------------------------------------------------------------
Generating 98 parsimony trees... 3.040 second
Computing log-likelihood of 98 initial trees ... 4.237 seconds
Current best score: -5643.945

Do NNI search on 20 best initial trees
Estimate model parameters (epsilon = 0.100)
BETTER TREE FOUND at iteration 1: -5638.765
Iteration 10 / LogL: -5640.325 / Time: 0h:1m:8s
Iteration 20 / LogL: -5638.767 / Time: 0h:1m:17s
Finish initializing candidate tree set (2)
Current best tree score: -5638.765 / CPU time: 25.292
Number of iterations: 20
--------------------------------------------------------------------
|               OPTIMIZING CANDIDATE TREE SET                      |
--------------------------------------------------------------------
Iteration 30 / LogL: -5638.844 / Time: 0h:1m:27s (0h:3m:34s left)
Iteration 40 / LogL: -5638.769 / Time: 0h:1m:38s (0h:2m:34s left)
Iteration 50 / LogL: -5638.790 / Time: 0h:1m:50s (0h:1m:54s left)
Log-likelihood cutoff on original alignment: -5662.113
Iteration 60 / LogL: -5638.774 / Time: 0h:2m:1s (0h:1m:24s left)
Iteration 70 / LogL: -5638.775 / Time: 0h:2m:14s (0h:1m:0s left)
Iteration 80 / LogL: -5638.776 / Time: 0h:2m:26s (0h:0m:38s left)
Iteration 90 / LogL: -5638.782 / Time: 0h:2m:37s (0h:0m:19s left)
Iteration 100 / LogL: -5638.776 / Time: 0h:2m:50s (0h:0m:1s left)
Log-likelihood cutoff on original alignment: -5662.406
NOTE: Bootstrap correlation coefficient of split occurrence frequencies: 0.999
TREE SEARCH COMPLETED AFTER 102 ITERATIONS / Time: 0h:2m:54s

--------------------------------------------------------------------
|                    FINALIZING TREE SEARCH                        |
--------------------------------------------------------------------
Performs final model parameters optimization
Estimate model parameters (epsilon = 0.010)
Optimizing K2P+G4 parameters for partition part1.3+part2.3+part3.3+part4.3+part5.3 (69 free parameters)
Optimizing TPM2u+F+I parameters for partition part1.1+part1.2+part2.1+part2.2+part3.1+part3.2+part4.1+part4.2+part5.1+part5.2 (73 free parameters)
Optimal log-likelihood: -5638.764
BEST SCORE FOUND : -5638.764
Creating bootstrap support values...
Split supports printed to NEXUS file 6_set24.splits.nex
Total tree length: 0.701

Total number of iterations: 102
CPU time used for tree search: 23.672 sec (0h:0m:23s)
Wall-clock time used for tree search: 122.562 sec (0h:2m:2s)
Total CPU time used: 32.533 sec (0h:0m:32s)
Total wall-clock time used: 175.362 sec (0h:2m:55s)

Computing bootstrap consensus tree...
Reading input file 6_set24.splits.nex...
35 taxa and 157 splits.
Consensus tree written to 6_set24.contree
Reading input trees file 6_set24.contree
Log-likelihood of consensus tree: -5638.767

Analysis results written to: 
  IQ-TREE report:                6_set24.iqtree
  Maximum-likelihood tree:       6_set24.treefile
  Likelihood distances:          6_set24.mldist
  Best partitioning scheme:      6_set24.best_scheme.nex
           in RAxML format:      6_set24.best_scheme

Ultrafast bootstrap approximation results written to:
  Split support values:          6_set24.splits.nex
  Consensus tree:                6_set24.contree
  Screen log file:               6_set24.log

Date and Time: Thu Sep  6 17:24:56 2018
