IQ-TREE multicore version 1.6.3 for Mac OS X 64-bit built Mar 22 2018
Developed by Bui Quang Minh, Nguyen Lam Tung, Olga Chernomor,
Heiko Schmidt, Dominik Schrempf, Michael Woodhams.

Host:    meeps-mac-pro.staff.sydney.edu.au (AVX, 64 GB RAM)
Command: /Users/davidduchene/Desktop/Software/iqtree-1.6.3-MacOSX/bin/iqtree -s ../../../../marsupials/set282.fasta -m TEST -bb 1000 -nt AUTO -pre 1_set282
Seed:    459526 (Using SPRNG - Scalable Parallel Random Number Generator)
Time:    Fri Jul 27 19:29:04 2018
Kernel:  AVX - auto-detect threads (8 CPU cores detected)

Reading alignment file ../../../../marsupials/set282.fasta ... Fasta format detected
Alignment most likely contains DNA/RNA sequences
Alignment has 35 sequences with 2430 columns, 915 distinct patterns
477 parsimony-informative, 372 singleton sites, 1581 constant sites
                                              Gap/Ambiguity  Composition  p-value
   1  Burramyidae_Burramys_parvus                     2.72%    passed     79.04%
   2  Notoryctidae_Notoryctes_typhlops               11.48%    passed     93.29%
   3  Vombatidae_Lasiorhinus_latifrons                0.66%    passed     69.12%
   4  Potoroidae_Bettongia_penicillata                0.25%    passed     99.48%
   5  Potoroidae_Bettongia_lesueur                    0.49%    passed     99.62%
   6  Dasyuridae_Dasyurus_maculatus                   0.21%    passed     89.87%
   7  Phalangeridae_Trichosurus_vulpecula             1.23%    passed     95.30%
   8  Phalangeridae_Spilocuscus_maculatus             2.26%    passed     69.95%
   9  Potoroidae_Aepyprymnus_rufescens                1.89%    passed     97.39%
  10  Peramelidae_Perameles_nasuta                   10.04%    passed     59.96%
  11  Phalangeridae_Strigocuscus_pelengensis          1.15%    passed     90.00%
  12  Dasyuridae_Phascogale_tapoatafa                 5.60%    passed     93.59%
  13  Dasyuridae_Sminthopsis_macroura                 9.84%    failed      1.72%
  14  Phalangeridae_Phalanger_orientalis              1.56%    passed     80.37%
  15  Acrobatidae_Acrobates_pygmaeus                  2.30%    passed     89.54%
  16  Dasyuridae_Phascogale_calura                    0.21%    passed     95.37%
  17  Dasyuridae_Sarcophilus_harrisii                 0.08%    passed     93.20%
  18  Dasyuridae_Planigale_tenuirostris               5.47%    passed     64.07%
  19  Peramelidae_Echymipera_kalubu                   0.25%    passed     86.32%
  20  Macropodidae_Dorcopsulus_vanheurni              0.29%    passed     98.99%
  21  Pseudochiridae_Pseudochirulus_forbesi           0.12%    passed     59.63%
  22  Didelphidae_Didelphis_virginiana               10.29%    passed      5.04%
  23  Marmosidae_Monodelphis_domestica               10.33%    passed      7.25%
  24  Dasyuridae_Antechinus_stuartii                  1.03%    passed     85.09%
  25  Hypsiprymnodontidae_Hypsiprymnodon_moschatus    0.58%    passed     98.02%
  26  Microbiotheriidae_Dromiciops_gliroides          1.81%    passed     78.69%
  27  Pseudochiridae_Petauroides_volans               0.58%    passed     18.74%
  28  Macropodidae_Wallabia_bicolor                   1.98%    passed     99.76%
  29  Pseudochiridae_Pseudocheirus_occidentalis      17.57%    passed      7.06%
  30  Tarsipedidae_Tarsipes_rostratus                 3.99%    passed     90.63%
  31  Acrobatidae_Distoechurus_pennatus               0.21%    passed     99.46%
  32  Phalangeridae_Phalanger_carmelitae              1.48%    passed     79.83%
  33  Peramelidae_Peroryctes_raffrayana              20.53%    passed     13.83%
  34  Dasyuridae_Dasyurus_geffroii                    0.12%    passed     88.18%
  35  Peramelidae_Perameles_gunnii                    0.08%    passed     93.42%
****  TOTAL                                           3.68%  1 sequences failed composition chi2 test (p-value<5%; df=3)


Create initial parsimony tree by phylogenetic likelihood library (PLL)... 0.005 seconds
NOTE: ModelFinder requires 7 MB RAM!
ModelFinder will test 88 DNA models (sample size: 2430) ...
 No. Model         -LnL         df  AIC          AICc         BIC
Measuring multi-threading efficiency up to 8 CPU cores
Increase to 10 rounds for branch lengths
317 trees examined
Threads: 1 / Time: 8.016 sec / Speedup: 1.000 / Efficiency: 100% / LogL: -19669
Threads: 2 / Time: 5.684 sec / Speedup: 1.410 / Efficiency: 71% / LogL: -19669
Threads: 3 / Time: 5.139 sec / Speedup: 1.560 / Efficiency: 52% / LogL: -19669
Threads: 4 / Time: 4.887 sec / Speedup: 1.640 / Efficiency: 41% / LogL: -19669
BEST NUMBER OF THREADS: 3

  1  JC            13063.251    67  26260.503    26264.360    26648.811
  2  JC+I          12758.501    68  25653.002    25656.977    26047.106
  3  JC+G4         12718.478    68  25572.955    25576.930    25967.059
  4  JC+I+G4       12713.096    69  25564.191    25568.285    25964.091
  5  F81+F         13030.172    70  26200.343    26204.557    26606.039
  6  F81+F+I       12728.525    71  25599.050    25603.386    26010.541
  7  F81+F+G4      12688.818    71  25519.637    25523.973    25931.128
  8  F81+F+I+G4    12683.549    72  25511.097    25515.557    25928.384
  9  K2P           12538.481    68  25212.962    25216.937    25607.066
 10  K2P+I         12222.332    69  24582.664    24586.757    24982.564
 11  K2P+G4        12178.753    69  24495.506    24499.600    24895.406
 12  K2P+I+G4      12172.303    70  24484.606    24488.820    24890.302
 13  HKY+F         12491.910    71  25125.820    25130.156    25537.311
 14  HKY+F+I       12180.221    72  24504.441    24508.901    24921.728
 15  HKY+F+G4      12137.078    72  24418.156    24422.616    24835.442
 16  HKY+F+I+G4    12130.868    73  24407.736    24412.321    24830.818
 17  TNe           12538.464    69  25214.927    25219.020    25614.827
 18  TNe+I         12221.329    70  24582.658    24586.871    24988.353
 19  TNe+G4        12178.310    70  24496.621    24500.834    24902.316
 20  TNe+I+G4      12171.939    71  24485.878    24490.214    24897.369
 21  TN+F          12491.905    72  25127.811    25132.271    25545.097
 22  TN+F+I        12179.367    73  24504.733    24509.319    24927.815
 23  TN+F+G4       12136.742    73  24419.485    24424.071    24842.567
 24  TN+F+I+G4     12130.594    74  24409.187    24413.900    24838.065
 25  K3P           12537.745    69  25213.490    25217.583    25613.389
 26  K3P+I         12221.518    70  24583.036    24587.250    24988.732
 27  K3P+G4        12177.974    70  24495.948    24500.162    24901.643
 28  K3P+I+G4      12171.522    71  24485.045    24489.380    24896.535
 29  K3Pu+F        12490.751    72  25125.502    25129.962    25542.789
 30  K3Pu+F+I      12179.195    73  24504.390    24508.975    24927.472
 31  K3Pu+F+G4     12136.081    73  24418.163    24422.748    24841.245
 32  K3Pu+F+I+G4   12129.874    74  24407.748    24412.462    24836.626
 33  TPM2+F        12491.724    72  25127.449    25131.909    25544.735
 34  TPM2+F+I      12180.112    73  24506.224    24510.809    24929.306
 35  TPM2+F+G4     12136.996    73  24419.992    24424.578    24843.074
 36  TPM2+F+I+G4   12130.788    74  24409.575    24414.289    24838.453
 37  TPM2u+F       12491.724    72  25127.448    25131.908    25544.735
 38  TPM2u+F+I     12180.112    73  24506.224    24510.809    24929.306
 39  TPM2u+F+G4    12136.996    73  24419.992    24424.578    24843.074
 40  TPM2u+F+I+G4  12130.788    74  24409.575    24414.289    24838.453
 41  TPM3+F        12491.670    72  25127.341    25131.801    25544.627
 42  TPM3+F+I      12180.211    73  24506.422    24511.008    24929.505
 43  TPM3+F+G4     12137.074    73  24420.148    24424.734    24843.231
 44  TPM3+F+I+G4   12130.862    74  24409.724    24414.438    24838.602
 45  TPM3u+F       12491.671    72  25127.341    25131.801    25544.628
 46  TPM3u+F+I     12180.213    73  24506.426    24511.011    24929.508
 47  TPM3u+F+G4    12137.074    73  24420.148    24424.734    24843.230
 48  TPM3u+F+I+G4  12130.862    74  24409.723    24414.436    24838.601
 49  TIMe          12537.727    70  25215.454    25219.667    25621.149
 50  TIMe+I        12220.513    71  24583.026    24587.361    24994.517
 51  TIMe+G4       12177.533    71  24497.065    24501.401    24908.556
 52  TIMe+I+G4     12171.167    72  24486.333    24490.793    24903.620
 53  TIM+F         12490.747    73  25127.493    25132.079    25550.575
 54  TIM+F+I       12178.337    74  24504.675    24509.388    24933.553
 55  TIM+F+G4      12135.750    74  24419.500    24424.214    24848.378
 56  TIM+F+I+G4    12129.602    75  24409.203    24414.046    24843.877
 57  TIM2e         12535.381    70  25210.763    25214.976    25616.458
 58  TIM2e+I       12217.270    71  24576.540    24580.876    24988.031
 59  TIM2e+G4      12173.772    71  24489.544    24493.880    24901.035
 60  TIM2e+I+G4    12167.363    72  24478.726    24483.186    24896.013
 61  TIM2+F        12491.720    73  25129.439    25134.025    25552.521
 62  TIM2+F+I      12179.257    74  24506.515    24511.228    24935.393
 63  TIM2+F+G4     12136.664    74  24421.328    24426.042    24850.206
 64  TIM2+F+I+G4   12130.518    75  24411.037    24415.879    24845.710
 65  TIM3e         12538.411    70  25216.822    25221.035    25622.517
 66  TIM3e+I       12220.473    71  24582.946    24587.282    24994.437
 67  TIM3e+G4      12177.253    71  24496.506    24500.842    24907.997
 68  TIM3e+I+G4    12170.802    72  24485.603    24490.063    24902.890
 69  TIM3+F        12491.667    73  25129.333    25133.919    25552.415
 70  TIM3+F+I      12179.358    74  24506.717    24511.430    24935.595
 71  TIM3+F+G4     12136.739    74  24421.477    24426.191    24850.355
 72  TIM3+F+I+G4   12130.593    75  24411.187    24416.030    24845.860
 73  TVMe          12534.316    71  25210.632    25214.968    25622.123
 74  TVMe+I        12216.159    72  24576.318    24580.778    24993.604
 75  TVMe+G4       12171.933    72  24487.866    24492.326    24905.153
 76  TVMe+I+G4     12165.346    73  24476.693    24481.279    24899.775
 77  TVM+F         12490.408    74  25128.815    25133.528    25557.693
 78  TVM+F+I       12178.936    75  24507.873    24512.715    24942.546
 79  TVM+F+G4      12135.883    75  24421.767    24426.609    24856.440
 80  TVM+F+I+G4    12129.661    76  24411.321    24416.295    24851.790
 81  SYM           12534.297    72  25212.594    25217.053    25629.880
 82  SYM+I         12215.121    73  24576.242    24580.828    24999.324
 83  SYM+G4        12171.435    73  24488.870    24493.455    24911.952
 84  SYM+I+G4      12164.933    74  24477.866    24482.579    24906.744
 85  GTR+F         12490.402    75  25130.804    25135.647    25565.478
 86  GTR+F+I       12178.081    76  24508.163    24513.137    24948.632
 87  GTR+F+G4      12135.549    76  24423.097    24428.071    24863.566
 88  GTR+F+I+G4    12129.388    77  24412.775    24417.882    24859.040
Akaike Information Criterion:           HKY+F+I+G4
Corrected Akaike Information Criterion: HKY+F+I+G4
Bayesian Information Criterion:         HKY+F+I+G4
Best-fit model: HKY+F+I+G4 chosen according to BIC

All model information printed to 1_set282.model.gz
CPU time for ModelFinder: 57.689 seconds (0h:0m:57s)
Wall-clock time for ModelFinder: 27.059 seconds (0h:0m:27s)
Generating 1000 samples for ultrafast bootstrap (seed: 459526)...

NOTE: 7 MB RAM (0 GB) is required!
Measuring multi-threading efficiency up to 8 CPU cores
Increase to 10 rounds for branch lengths
95 trees examined
Threads: 1 / Time: 8.001 sec / Speedup: 1.000 / Efficiency: 100% / LogL: -17625
Threads: 2 / Time: 5.010 sec / Speedup: 1.597 / Efficiency: 80% / LogL: -17625
Threads: 3 / Time: 4.504 sec / Speedup: 1.777 / Efficiency: 59% / LogL: -17625
Threads: 4 / Time: 4.145 sec / Speedup: 1.930 / Efficiency: 48% / LogL: -17625
BEST NUMBER OF THREADS: 3

Estimate model parameters (epsilon = 0.100)
Thoroughly optimizing +I+G parameters from 10 start values...
Init pinv, alpha: 0.000, 1.000 / Estimate: 0.000, 0.399 / LogL: -12137.078
Init pinv, alpha: 0.072, 1.000 / Estimate: 0.075, 0.464 / LogL: -12134.896
Init pinv, alpha: 0.145, 1.000 / Estimate: 0.149, 0.548 / LogL: -12133.053
Init pinv, alpha: 0.217, 1.000 / Estimate: 0.221, 0.662 / LogL: -12131.659
Init pinv, alpha: 0.289, 1.000 / Estimate: 0.291, 0.821 / LogL: -12130.910
Init pinv, alpha: 0.361, 1.000 / Estimate: 0.359, 1.057 / LogL: -12131.134
Init pinv, alpha: 0.434, 1.000 / Estimate: 0.396, 1.251 / LogL: -12131.949
Init pinv, alpha: 0.506, 1.000 / Estimate: 0.397, 1.254 / LogL: -12131.966
Init pinv, alpha: 0.578, 1.000 / Estimate: 0.396, 1.253 / LogL: -12131.959
Init pinv, alpha: 0.651, 1.000 / Estimate: 0.397, 1.257 / LogL: -12131.982
Optimal pinv,alpha: 0.291, 0.821 / LogL: -12130.910

Parameters optimization took 2.477 sec
Computing ML distances based on estimated model parameters... 0.026 sec
Computing BIONJ tree...
0.002 seconds
Log-likelihood of BIONJ tree: -12129.735
--------------------------------------------------------------------
|             INITIALIZING CANDIDATE TREE SET                      |
--------------------------------------------------------------------
Generating 98 parsimony trees... 0.532 second
Computing log-likelihood of 98 initial trees ... 1.220 seconds
Current best score: -12124.455

Do NNI search on 20 best initial trees
Estimate model parameters (epsilon = 0.100)
BETTER TREE FOUND at iteration 1: -12123.411
UPDATE BEST LOG-LIKELIHOOD: -12123.411
Iteration 10 / LogL: -12125.837 / Time: 0h:0m:54s
Iteration 20 / LogL: -12126.803 / Time: 0h:0m:55s
Finish initializing candidate tree set (5)
Current best tree score: -12123.411 / CPU time: 4.074
Number of iterations: 20
--------------------------------------------------------------------
|               OPTIMIZING CANDIDATE TREE SET                      |
--------------------------------------------------------------------
Iteration 30 / LogL: -12126.804 / Time: 0h:0m:57s (0h:1m:13s left)
Iteration 40 / LogL: -12123.413 / Time: 0h:0m:59s (0h:0m:50s left)
UPDATE BEST LOG-LIKELIHOOD: -12123.411
Iteration 50 / LogL: -12125.837 / Time: 0h:1m:1s (0h:0m:35s left)
Log-likelihood cutoff on original alignment: -12165.688
Iteration 60 / LogL: -12124.576 / Time: 0h:1m:3s (0h:0m:25s left)
Iteration 70 / LogL: -12125.837 / Time: 0h:1m:4s (0h:0m:17s left)
Iteration 80 / LogL: -12126.807 / Time: 0h:1m:6s (0h:0m:10s left)
Iteration 90 / LogL: -12123.425 / Time: 0h:1m:8s (0h:0m:5s left)
UPDATE BEST LOG-LIKELIHOOD: -12123.411
Iteration 100 / LogL: -12126.817 / Time: 0h:1m:10s (0h:0m:0s left)
Log-likelihood cutoff on original alignment: -12165.688
NOTE: Bootstrap correlation coefficient of split occurrence frequencies: 0.998
TREE SEARCH COMPLETED AFTER 102 ITERATIONS / Time: 0h:1m:11s

--------------------------------------------------------------------
|                    FINALIZING TREE SEARCH                        |
--------------------------------------------------------------------
Performs final model parameters optimization
Estimate model parameters (epsilon = 0.010)
1. Initial log-likelihood: -12123.411
Optimal log-likelihood: -12123.410
Rate parameters:  A-C: 1.00000  A-G: 6.07626  A-T: 1.00000  C-G: 1.00000  C-T: 6.07626  G-T: 1.00000
Base frequencies:  A: 0.301  C: 0.221  G: 0.209  T: 0.269
Proportion of invariable sites: 0.291
Gamma shape alpha: 0.826
Parameters optimization took 1 rounds (0.021 sec)
BEST SCORE FOUND : -12123.410
Creating bootstrap support values...
Split supports printed to NEXUS file 1_set282.splits.nex
Total tree length: 0.748

Total number of iterations: 102
CPU time used for tree search: 45.992 sec (0h:0m:45s)
Wall-clock time used for tree search: 19.734 sec (0h:0m:19s)
Total CPU time used: 152.198 sec (0h:2m:32s)
Total wall-clock time used: 71.281 sec (0h:1m:11s)

Computing bootstrap consensus tree...
Reading input file 1_set282.splits.nex...
35 taxa and 147 splits.
Consensus tree written to 1_set282.contree
Reading input trees file 1_set282.contree
Log-likelihood of consensus tree: -12123.410

Analysis results written to: 
  IQ-TREE report:                1_set282.iqtree
  Maximum-likelihood tree:       1_set282.treefile
  Likelihood distances:          1_set282.mldist

Ultrafast bootstrap approximation results written to:
  Split support values:          1_set282.splits.nex
  Consensus tree:                1_set282.contree
  Screen log file:               1_set282.log

Date and Time: Fri Jul 27 19:30:15 2018
