IQ-TREE multicore version 1.6.7 for Mac OS X 64-bit built Aug 23 2018
Developed by Bui Quang Minh, Nguyen Lam Tung, Olga Chernomor,
Heiko Schmidt, Dominik Schrempf, Michael Woodhams.

Host:    meeps-mac-pro.staff.sydney.edu.au (AVX, 64 GB RAM)
Command: /Users/davidduchene/Desktop/Software/iqtree-1.6.7-MacOSX/bin/iqtree -s ../../../../marsupials/set51.fasta -m TESTMERGE -bb 1000 -spp ../../../../marsupials/set51.nex -nt AUTO -pre 4_set51
Seed:    614717 (Using SPRNG - Scalable Parallel Random Number Generator)
Time:    Thu Sep  6 21:53:09 2018
Kernel:  AVX - auto-detect threads (8 CPU cores detected)

Reading partition model file ../../../../marsupials/set51.nex ...
Reading alignment file ../../../../marsupials/set51.fasta ... Fasta format detected
Alignment most likely contains DNA/RNA sequences
Alignment has 37 sequences with 1917 columns, 1032 distinct patterns
654 parsimony-informative, 301 singleton sites, 962 constant sites
                                              Gap/Ambiguity  Composition  p-value
   1  Burramyidae_Burramys_parvus                     0.57%    passed     79.76%
   2  Thylacomyidae_Macrotis_lagotis1                87.22%    passed     20.97%
   3  Notoryctidae_Notoryctes_typhlops                8.97%    passed     60.58%
   4  Thylacomyidae_Macrotis_lagotis2                87.22%    passed     20.97%
   5  Vombatidae_Lasiorhinus_latifrons               13.77%    passed     84.22%
   6  Potoroidae_Bettongia_penicillata                0.26%    passed     98.43%
   7  Potoroidae_Bettongia_lesueur                    0.26%    passed     99.95%
   8  Dasyuridae_Dasyurus_maculatus                   1.36%    passed     93.87%
   9  Phalangeridae_Trichosurus_vulpecula             0.37%    passed     93.43%
  10  Phalangeridae_Spilocuscus_maculatus             0.57%    passed     96.73%
  11  Potoroidae_Aepyprymnus_rufescens                0.31%    passed     97.24%
  12  Peramelidae_Perameles_nasuta                    0.89%    passed     84.21%
  13  Phalangeridae_Strigocuscus_pelengensis          6.31%    passed     98.31%
  14  Dasyuridae_Phascogale_tapoatafa                 1.20%    passed     94.98%
  15  Dasyuridae_Sminthopsis_macroura                 9.70%    passed     84.22%
  16  Phalangeridae_Phalanger_orientalis              0.73%    passed     95.44%
  17  Acrobatidae_Acrobates_pygmaeus                  4.38%    passed     62.12%
  18  Dasyuridae_Phascogale_calura                    1.36%    passed     94.08%
  19  Dasyuridae_Sarcophilus_harrisii                 1.56%    passed     89.94%
  20  Dasyuridae_Planigale_tenuirostris              15.13%    passed     98.58%
  21  Peramelidae_Echymipera_kalubu                  14.35%    passed     79.12%
  22  Macropodidae_Dorcopsulus_vanheurni              0.99%    passed     99.24%
  23  Pseudochiridae_Pseudochirulus_forbesi           0.89%    passed     90.95%
  24  Didelphidae_Didelphis_virginiana                6.21%    passed     31.68%
  25  Marmosidae_Monodelphis_domestica                1.30%    passed     23.17%
  26  Dasyuridae_Antechinus_stuartii                 10.43%    passed     75.61%
  27  Hypsiprymnodontidae_Hypsiprymnodon_moschatus    0.47%    passed     92.32%
  28  Microbiotheriidae_Dromiciops_gliroides         12.62%    passed     62.66%
  29  Pseudochiridae_Petauroides_volans               3.18%    passed     95.67%
  30  Macropodidae_Wallabia_bicolor                   0.57%    passed     99.01%
  31  Pseudochiridae_Pseudocheirus_occidentalis       3.08%    passed     55.62%
  32  Tarsipedidae_Tarsipes_rostratus                 9.49%    passed     71.37%
  33  Acrobatidae_Distoechurus_pennatus              10.80%    passed     88.87%
  34  Phalangeridae_Phalanger_carmelitae              0.47%    passed     88.43%
  35  Peramelidae_Peroryctes_raffrayana               9.23%    passed     33.89%
  36  Dasyuridae_Dasyurus_geffroii                    1.51%    passed     88.49%
  37  Peramelidae_Perameles_gunnii                    1.41%    passed     80.29%
WARNING: 2 sequences contain more than 50% gaps/ambiguity
****  TOTAL                                           8.90%  0 sequences failed composition chi2 test (p-value<5%; df=3)
NOTE: No CharPartition defined, use all CharSets

Loading 15 partitions...
Subset	Type	Seqs	Sites	Infor	Invar	Model	Name
1		31	60	1	56	TESTMERGE	part1.1
2		31	60	0	60	TESTMERGE	part1.2
WARNING: No parsimony-informative sites in partition part1.2
3		31	60	37	18	TESTMERGE	part1.3
4		35	83	18	46	TESTMERGE	part2.1
5		35	83	22	48	TESTMERGE	part2.2
6		35	83	32	32	TESTMERGE	part2.3
7		35	141	37	81	TESTMERGE	part3.1
8		35	141	39	83	TESTMERGE	part3.2
9		35	141	74	35	TESTMERGE	part3.3
10		35	189	62	102	TESTMERGE	part4.1
11		35	189	50	111	TESTMERGE	part4.2
12		35	189	110	35	TESTMERGE	part4.3
13		35	166	49	97	TESTMERGE	part5.1
14		35	166	27	125	TESTMERGE	part5.2
15		35	166	96	33	TESTMERGE	part5.3
Degree of missing data: 0.064
Info: multi-threading strategy over partitions

NOTE: Thylacomyidae_Macrotis_lagotis2 is identical to Thylacomyidae_Macrotis_lagotis1 but kept for subsequent analysis


Create initial parsimony tree by phylogenetic likelihood library (PLL)... 0.011 seconds
NOTE: ModelFinder requires 10 MB RAM!
NUMBER OF THREADS FOR PARTITION FINDING: 8
Testing GTR+F+G on supermatrix...
GTR+F+G4 / LnL: -14064.130 / df: 80 / AIC: 28288.260 / AICc: 28295.319 / BIC: 28732.942
Selecting individual models for 15 charsets using BIC...
 No. Model        Score       Charset
   1 TIM3e+G4     2220.783    part4.2
   2 K2P+G4       1866.592    part3.1
   3 TNe+G4       1945.939    part3.2
   4 K2P+G4       2808.440    part3.3
   5 K3P+I        2444.924    part4.1
   6 K3Pu+F+G4    2196.167    part5.1
   7 HKY+F+G4     3675.072    part5.3
   8 K2P+G4       3680.704    part4.3
   9 F81+F        168.528     part1.2
  10 K2P+G4       1402.667    part2.3	0h:0m:9s (0h:3m:4s left)
  11 K3Pu+F+G4    1069.465    part2.2	0h:0m:11s (0h:3m:21s left)
  12 K2P+I+G4     1656.542    part5.2	0h:0m:11s (0h:3m:11s left)
  13 TNe          265.048     part1.1	0h:0m:11s (0h:2m:56s left)
  14 TIM+F+G4     1061.547    part2.1	0h:0m:12s (0h:2m:50s left)
  15 TPM2u+F+G4   1345.072    part1.3	0h:0m:12s (0h:2m:40s left)
Full partition model BIC score: 28537.086 (LnL: -13735.667  df:141)
Merging models to increase model fit (about 211 total partition schemes)...
  16 K2P+G4       28587.319   part3.2+part4.3	0h:0m:21s (0h:4m:17s left)
  17 K2P+G4       28515.268   part3.3+part5.3	0h:0m:21s (0h:4m:5s left)
  18 K3P+G4       28562.815   part4.1+part5.3	0h:0m:21s (0h:3m:53s left)
  19 K2P+G4       28522.573   part3.3+part4.3	0h:0m:21s (0h:3m:40s left)
  20 K3P+G4       28584.321   part4.3+part5.1	0h:0m:23s (0h:3m:43s left)
  21 K3P+G4       28562.804   part4.1+part4.3	0h:0m:23s (0h:3m:32s left)
  22 K2P+G4       28575.481   part4.2+part4.3	0h:0m:23s (0h:3m:22s left)
  23 TVMe+G4      28525.215   part4.3+part5.3	0h:0m:24s (0h:3m:24s left)
  24 K2P+G4       28573.768   part4.2+part5.3	0h:0m:32s (0h:4m:10s left)
  25 K2P+G4       28639.271   part4.3+part5.2	0h:0m:33s (0h:4m:9s left)
  26 TNe+G4       28569.794   part3.2+part5.3	0h:0m:33s (0h:4m:1s left)
  27 K2P+G4       28527.337   part2.3+part4.3	0h:0m:34s (0h:3m:51s left)
  28 K3P+G4       28567.110   part5.1+part5.3	0h:0m:34s (0h:3m:42s left)
  29 K2P+G4       28570.213   part3.1+part4.3	0h:0m:34s (0h:3m:34s left)
  30 K2P+G4       28556.793   part3.1+part5.3	0h:0m:34s (0h:3m:26s left)
  31 K2P+G4       28547.708   part3.3+part4.1	0h:0m:34s (0h:3m:20s left)
  32 K2P+G4       28553.801   part3.3+part4.2	0h:0m:42s (0h:3m:56s left)
  33 HKY+F+G4     28610.215   part5.2+part5.3	0h:0m:42s (0h:3m:50s left)
  34 K3P+G4       28558.369   part3.3+part5.1	0h:0m:43s (0h:3m:45s left)
  35 TVMe+G4      28525.507   part2.3+part5.3	0h:0m:44s (0h:3m:44s left)
  36 TIM3e+G4     28539.498   part2.1+part5.3	0h:0m:44s (0h:3m:38s left)
  37 TPM2u+F+G4   28554.452   part1.3+part4.3	0h:0m:46s (0h:3m:40s left)
  38 K3P+G4       28552.305   part2.2+part4.3	0h:0m:46s (0h:3m:33s left)
  39 K2P+G4       28542.184   part2.1+part4.3	0h:0m:47s (0h:3m:30s left)
  40 K2P+G4       28514.216   part4.1+part4.2	0h:0m:52s (0h:3m:46s left)
  41 K2P+G4       28559.922   part3.2+part3.3	0h:0m:53s (0h:3m:42s left)
  42 K2P+G4       28544.996   part3.1+part3.3	0h:0m:55s (0h:3m:42s left)
  43 K3Pu+F+G4    28510.014   part4.1+part5.1	0h:0m:55s (0h:3m:38s left)
  44 TVM+F+G4     28546.765   part2.2+part5.3	0h:0m:56s (0h:3m:34s left)
  45 K3P+G4       28527.360   part4.2+part5.1	0h:0m:57s (0h:3m:31s left)
  46 K2P+G4       28543.097   part1.3+part5.3	0h:0m:57s (0h:3m:26s left)
  47 K2P+G4       28518.035   part2.3+part3.3	0h:0m:58s (0h:3m:23s left)
  48 TNe+G4       28525.345   part3.2+part4.1	0h:1m:1s (0h:3m:30s left)
  49 K2P+G4       28654.875   part1.2+part4.3	0h:1m:5s (0h:3m:37s left)
  50 K2P+G4       28619.205   part1.1+part4.3	0h:1m:5s (0h:3m:32s left)
  51 K2P+G4       28593.956   part3.3+part5.2	0h:1m:6s (0h:3m:28s left)
  52 K3Pu+F+G4    28522.118   part3.1+part4.1	0h:1m:7s (0h:3m:27s left)
  53 TIM3e+G4     28533.170   part3.2+part4.2	0h:1m:8s (0h:3m:23s left)
  54 TIM3e+G4     28520.002   part3.1+part4.2	0h:1m:10s (0h:3m:23s left)
  55 TNe+G4       28513.165   part3.2+part5.1	0h:1m:13s (0h:3m:27s left)
  56 K3Pu+F+G4    28515.750   part3.1+part5.1	0h:1m:16s (0h:3m:31s left)
  57 K2P+G4       28540.118   part4.1+part5.2	0h:1m:18s (0h:3m:33s left)
  58 K2P+G4       28615.921   part1.1+part5.3	0h:1m:20s (0h:3m:32s left)
  59 K3P+G4       28522.505   part2.3+part4.1	0h:1m:20s (0h:3m:28s left)
  60 TNe+G4       28529.689   part2.1+part3.3	0h:1m:21s (0h:3m:24s left)
  61 TN+F+G4      28652.382   part1.2+part5.3	0h:1m:21s (0h:3m:20s left)
  62 K2P+G4       28533.458   part2.2+part3.3	0h:1m:23s (0h:3m:20s left)
  63 K2P+G4       28524.465   part2.3+part4.2	0h:1m:25s (0h:3m:19s left)
  64 K3P+G4       28525.873   part2.3+part5.1	0h:1m:30s (0h:3m:26s left)
  65 K2P+G4       28552.774   part1.3+part3.3	0h:1m:30s (0h:3m:23s left)
  66 K2P+G4       28529.786   part4.2+part5.2	0h:1m:30s (0h:3m:19s left)
  67 TNe+G4       28515.744   part3.1+part3.2	0h:1m:32s (0h:3m:17s left)
  68 K3Pu+F+I+G4  28535.254   part5.1+part5.2	0h:1m:33s (0h:3m:16s left)
  69 K2P+G4       28513.162   part2.1+part4.1	0h:1m:33s (0h:3m:12s left)
  70 TIMe+G4      28507.665   part2.2+part4.1	0h:1m:35s (0h:3m:12s left)
  71 TIM2e+G4     28536.821   part2.3+part3.2	0h:1m:35s (0h:3m:8s left)
  72 K2P+G4       28522.179   part2.3+part3.1	0h:1m:39s (0h:3m:11s left)
  73 TIM+F+G4     28588.892   part1.3+part4.1	0h:1m:40s (0h:3m:9s left)
  74 TNe+G4       28508.109   part2.1+part4.2	0h:1m:42s (0h:3m:9s left)
  75 K2P+I+G4     28525.089   part3.1+part5.2	0h:1m:42s (0h:3m:6s left)
  76 TNe+G4       28528.834   part3.2+part5.2	0h:1m:43s (0h:3m:3s left)
  77 K2P+G4       28518.864   part2.1+part5.1	0h:1m:44s (0h:3m:1s left)
  78 K2P+G4       28513.104   part2.2+part4.2	0h:1m:44s (0h:2m:58s left)
  79 K3Pu+F+G4    28487.526   part2.2+part5.1	0h:1m:47s (0h:2m:58s left)
  80 TIM3e+G4     28581.402   part1.3+part4.2	0h:1m:50s (0h:3m:1s left)
  81 K2P+G4       28602.072   part1.1+part3.3	0h:1m:51s (0h:2m:58s left)
  82 K2P+G4       28544.795   part2.3+part5.2	0h:1m:51s (0h:2m:56s left)
  83 K2P+G4       28634.438   part1.2+part3.3	0h:1m:52s (0h:2m:53s left)
  84 K3Pu+F+G4    28564.248   part1.3+part5.1	0h:1m:52s (0h:2m:50s left)
  85 K3Pu+F+G4    28521.952   part2.1+part3.2	0h:1m:55s (0h:2m:51s left)
  86 K2P+G4       28509.334   part2.1+part3.1	0h:1m:55s (0h:2m:48s left)
  87 TNe+G4       28504.615   part2.2+part3.2	0h:1m:57s (0h:2m:47s left)
  88 K2P+G4       28569.732   part1.3+part3.2	0h:2m:0s (0h:2m:48s left)
  89 TIMe+I       28578.942   part1.2+part4.1	0h:2m:1s (0h:2m:46s left)
  90 K3Pu+F+I     28556.132   part1.1+part4.1	0h:2m:1s (0h:2m:43s left)
  91 TIMe+G4      28509.772   part2.2+part3.1	0h:2m:3s (0h:2m:42s left)
  92 K2P+G4       28561.078   part1.3+part3.1	0h:2m:4s (0h:2m:41s left)
  93 TNe+G4       28513.675   part2.1+part2.3	0h:2m:6s (0h:2m:40s left)
  94 TN+F+I+G4    28526.739   part2.1+part5.2	0h:2m:8s (0h:2m:40s left)
  95 TIM3e+G4     28546.481   part1.1+part4.2	0h:2m:10s (0h:2m:39s left)
  96 TIM3e+G4     28572.665   part1.2+part4.2	0h:2m:11s (0h:2m:37s left)
  97 K3Pu+F+G4    28544.669   part1.1+part5.1	0h:2m:11s (0h:2m:35s left)
  98 K3P+G4       28513.645   part2.2+part2.3	0h:2m:12s (0h:2m:32s left)
  99 TIMe+G4      28570.090   part1.2+part5.1	0h:2m:14s (0h:2m:32s left)
 100 TPM2u+F+G4   28539.096   part1.3+part2.3	0h:2m:16s (0h:2m:31s left)
 101 K2P+I+G4     28515.383   part2.2+part5.2	0h:2m:18s (0h:2m:30s left)
 102 K2P+I+G4     28582.777   part1.3+part5.2	0h:2m:20s (0h:2m:30s left)
 103 TNe+G4       28553.158   part1.1+part3.2	0h:2m:22s (0h:2m:29s left)
 104 K2P+G4       28550.469   part1.1+part3.1	0h:2m:23s (0h:2m:27s left)
 105 TNe+G4       28570.032   part1.2+part3.2	0h:2m:23s (0h:2m:24s left)
 106 K2P+G4       28575.492   part1.2+part3.1	0h:2m:24s (0h:2m:23s left)
 107 TIM3e+G4     28509.076   part2.1+part2.2	0h:2m:25s (0h:2m:21s left)
 108 K2P+G4       28567.982   part1.1+part2.3	0h:2m:27s (0h:2m:20s left)
 109 K3Pu+F+G4    28548.627   part1.3+part2.2	0h:2m:29s (0h:2m:19s left)
 110 K2P+G4       28595.162   part1.2+part2.3	0h:2m:29s (0h:2m:16s left)
 111 TNe+G4       28542.326   part1.3+part2.1	0h:2m:31s (0h:2m:16s left)
 112 K2P+I+G4     28531.607   part1.1+part5.2	0h:2m:33s (0h:2m:15s left)
 113 K2P+I+G4     28549.795   part1.2+part5.2	0h:2m:35s (0h:2m:14s left)
 114 K2P+I+G4     28570.589   part1.2+part2.1	0h:2m:38s (0h:2m:14s left)
 115 TIM3+F+G4    28542.422   part1.1+part2.1	0h:2m:38s (0h:2m:12s left)
 116 K2P+I        28529.949   part1.1+part1.2	0h:2m:39s (0h:2m:10s left)
 117 TPM3u+F+G4   28543.416   part1.1+part2.2	0h:2m:40s (0h:2m:9s left)
 118 TIMe+I+G4    28565.242   part1.2+part2.2	0h:2m:41s (0h:2m:7s left)
 119 TN+F+I+G4    28629.535   part1.2+part1.3	0h:2m:41s (0h:2m:4s left)
 120 HKY+F+I+G4   28596.896   part1.1+part1.3	0h:2m:41s (0h:2m:2s left)
Merging part2.2+part5.1 with BIC score: 28487.526 (LnL: -13737.342  df: 134)
 121 K3P+G4       28489.912   part2.2+part2.3+part5.1	0h:2m:51s (0h:2m:7s left)
 122 K3Pu+F+I+G4  28492.074   part2.2+part5.1+part5.2	0h:2m:52s (0h:2m:5s left)
 123 K3Pu+F+G4    28471.132   part2.2+part3.1+part5.1	0h:2m:54s (0h:2m:4s left)
 124 TIMe+G4      28479.924   part2.2+part3.2+part5.1	0h:2m:54s (0h:2m:2s left)
 125 K3P+G4       28529.047   part2.2+part3.3+part5.1	0h:2m:54s (0h:2m:0s left)
 126 K3Pu+F+G4    28468.961   part2.2+part4.1+part5.1	0h:2m:54s (0h:1m:57s left)
 127 K3Pu+F+G4    28497.039   part2.2+part4.2+part5.1	0h:2m:56s (0h:1m:56s left)
 128 K3P+G4       28563.932   part2.2+part4.3+part5.1	0h:2m:57s (0h:1m:54s left)
 129 K3Pu+F+G4    28526.154   part1.3+part2.2+part5.1	0h:3m:5s (0h:1m:57s left)
 130 TVM+F+G4     28543.901   part2.2+part5.1+part5.3	0h:3m:6s (0h:1m:55s left)
 131 TVM+F+G4     28490.030   part2.1+part2.2+part5.1	0h:3m:6s (0h:1m:53s left)
 132 K3Pu+F+G4    28499.337   part1.1+part2.2+part5.1	0h:3m:6s (0h:1m:51s left)
 133 TIMe+G4      28531.280   part1.2+part2.2+part5.1	0h:3m:6s (0h:1m:49s left)
Merging part2.1+part4.2 with BIC score: 28458.550 (LnL: -13756.868  df: 125)
 134 TNe+G4       28446.970   part2.1+part2.3+part4.2	0h:3m:15s (0h:1m:52s left)
 135 K2P+G4       28441.246   part2.1+part3.1+part4.2	0h:3m:16s (0h:1m:50s left)
 136 K2P+G4       28458.297   part2.1+part4.2+part5.2	0h:3m:16s (0h:1m:48s left)
 137 K2P+G4       28454.214   part2.1+part3.2+part4.2	0h:3m:17s (0h:1m:46s left)
 138 TN+F+G4      28443.279   part2.1+part4.1+part4.2	0h:3m:18s (0h:1m:44s left)
 139 TNe+G4       28479.137   part2.1+part3.3+part4.2	0h:3m:19s (0h:1m:43s left)
 140 K2P+G4       28501.123   part2.1+part4.2+part5.3	0h:3m:20s (0h:1m:41s left)
 141 TNe+G4       28508.105   part2.1+part4.2+part4.3	0h:3m:22s (0h:1m:40s left)
 142 TN+F+G4      28471.315   part1.1+part2.1+part4.2	0h:3m:27s (0h:1m:40s left)
 143 K2P+G4       28500.622   part1.2+part2.1+part4.2	0h:3m:27s (0h:1m:38s left)
 144 TNe+G4       28497.629   part1.3+part2.1+part4.2	0h:3m:28s (0h:1m:37s left)
 145 K3P+G4       28475.455   part2.1+part2.2+part4.2+part5.1	0h:3m:29s (0h:1m:35s left)
Merging part3.3+part5.3 with BIC score: 28436.732 (LnL: -13768.634  df: 119)
 146 HKY+F+G4     28537.556   part3.3+part5.2+part5.3	0h:3m:42s (0h:1m:39s left)
 147 K2P+G4       28463.659   part3.1+part3.3+part5.3	0h:3m:43s (0h:1m:37s left)
 148 K2P+G4       28479.084   part3.2+part3.3+part5.3	0h:3m:44s (0h:1m:35s left)
 149 K3P+G4       28470.875   part3.3+part4.1+part5.3	0h:3m:45s (0h:1m:33s left)
 150 K2P+G4       28421.561   part2.3+part3.3+part5.3	0h:3m:45s (0h:1m:31s left)
 151 K2P+G4       28425.196   part3.3+part4.3+part5.3	0h:3m:48s (0h:1m:30s left)
 152 K3P+G4       28509.435   part2.2+part3.3+part5.1+part5.3	0h:3m:48s (0h:1m:28s left)
 153 K2P+G4       28495.324   part2.1+part3.3+part4.2+part5.3	0h:3m:48s (0h:1m:26s left)
 154 K2P+G4       28522.575   part1.1+part3.3+part5.3	0h:3m:55s (0h:1m:27s left)
 155 K2P+G4       28451.662   part1.3+part3.3+part5.3	0h:3m:55s (0h:1m:25s left)
 156 TN+F+G4      28561.000   part1.2+part3.3+part5.3	0h:3m:55s (0h:1m:23s left)
Merging part3.1+part3.2 with BIC score: 28415.390 (LnL: -13769.301  df: 116)
 157 K2P+G4       28454.732   part1.3+part3.1+part3.2	0h:4m:4s (0h:1m:24s left)
 158 TNe+G4       28411.589   part2.3+part3.1+part3.2	0h:4m:4s (0h:1m:22s left)
 159 HKY+F+G4     28402.525   part3.1+part3.2+part4.1	0h:4m:6s (0h:1m:20s left)
 160 TNe+I+G4     28409.822   part3.1+part3.2+part5.2	0h:4m:8s (0h:1m:19s left)
 161 K2P+G4       28485.268   part3.1+part3.2+part4.3	0h:4m:10s (0h:1m:17s left)
 162 HKY+F+G4     28412.808   part2.1+part3.1+part3.2+part4.2	0h:4m:12s (0h:1m:16s left)
 163 TIMe+G4      28405.923   part2.2+part3.1+part3.2+part5.1	0h:4m:13s (0h:1m:14s left)
 164 K2P+G4       28480.369   part3.1+part3.2+part3.3+part5.3	0h:4m:13s (0h:1m:12s left)
 165 TNe+G4       28434.162   part1.1+part3.1+part3.2	0h:4m:14s (0h:1m:11s left)
 166 TNe+G4       28454.090   part1.2+part3.1+part3.2	0h:4m:15s (0h:1m:9s left)
Merging part2.2+part4.1+part5.1 with BIC score: 28396.824 (LnL: -13775.135  df: 112)
 167 TVM+F+G4     28412.092   part1.1+part2.2+part4.1+part5.1	0h:4m:28s (0h:1m:10s left)
 168 K3Pu+F+I+G4  28406.805   part2.2+part4.1+part5.1+part5.2	0h:4m:29s (0h:1m:9s left)
 169 K3Pu+F+G4    28448.337   part1.3+part2.2+part4.1+part5.1	0h:4m:29s (0h:1m:7s left)
 170 TVM+F+G4     28401.007   part2.2+part2.3+part4.1+part5.1	0h:4m:30s (0h:1m:5s left)
 171 K3Pu+F+G4    28384.218   part2.2+part3.1+part3.2+part4.1+part5.1	0h:4m:32s (0h:1m:3s left)
 172 TIM+F+G4     28409.343   part2.1+part2.2+part4.1+part4.2+part5.1	0h:4m:32s (0h:1m:1s left)
 173 K3P+G4       28474.975   part2.2+part4.1+part4.3+part5.1	0h:4m:33s (0h:1m:0s left)
 174 K3P+G4       28483.573   part2.2+part3.3+part4.1+part5.1+part5.3	0h:4m:34s (0h:0m:58s left)
 175 TIMe+G4      28443.384   part1.2+part2.2+part4.1+part5.1	0h:4m:38s (0h:0m:57s left)
Merging part2.3+part3.3+part5.3 with BIC score: 28381.654 (LnL: -13778.888  df: 109)
 176 K2P+G4       28461.464   part1.1+part2.3+part3.3+part5.3	0h:4m:52s (0h:0m:58s left)
 177 K2P+G4       28496.730   part1.2+part2.3+part3.3+part5.3	0h:4m:53s (0h:0m:56s left)
 178 K2P+G4       28476.978   part2.3+part3.3+part5.2+part5.3	0h:4m:53s (0h:0m:54s left)
 179 K2P+G4       28398.761   part1.3+part2.3+part3.3+part5.3	0h:4m:55s (0h:0m:52s left)
 180 K2P+G4       28433.392   part2.1+part2.3+part3.3+part4.2+part5.3	0h:4m:57s (0h:0m:51s left)
 181 K2P+G4       28440.173   part2.3+part3.1+part3.2+part3.3+part5.3	0h:4m:57s (0h:0m:49s left)
 182 TVMe+G4      28372.468   part2.3+part3.3+part4.3+part5.3	0h:4m:58s (0h:0m:47s left)
 183 K3P+G4       28459.696   part2.2+part2.3+part3.3+part4.1+part5.1+part5.3	0h:4m:59s (0h:0m:45s left)
Merging part2.2+part3.1+part3.2+part4.1+part5.1 with BIC score: 28369.047 (LnL: -13787.702  df: 105)
 184 TIMe+G4      28416.584   part1.2+part2.2+part3.1+part3.2+part4.1+part5.1	0h:5m:17s (0h:0m:46s left)
 185 K3Pu+F+G4    28383.852   part1.1+part2.2+part3.1+part3.2+part4.1+part5.1	0h:5m:17s (0h:0m:44s left)
 186 K3Pu+F+G4    28424.592   part1.3+part2.2+part3.1+part3.2+part4.1+part5.1	0h:5m:18s (0h:0m:42s left)
 187 K3Pu+F+I+G4  28368.392   part2.2+part3.1+part3.2+part4.1+part5.1+part5.2	0h:5m:18s (0h:0m:40s left)
 188 TIMe+G4      28469.618   part2.2+part3.1+part3.2+part4.1+part4.3+part5.1	0h:5m:20s (0h:0m:39s left)
 189 K3Pu+F+G4    28369.752   part2.1+part2.2+part3.1+part3.2+part4.1+part4.2+part5.1	0h:5m:21s (0h:0m:37s left)
 190 TIMe+G4      28472.657   part2.2+part2.3+part3.1+part3.2+part3.3+part4.1+part5.1+part5.3	0h:5m:23s (0h:0m:35s left)
Merging part2.3+part3.3+part4.3+part5.3 with BIC score: 28359.862 (LnL: -13783.109  df: 105)
 191 TVMe+G4      28483.805   part2.3+part3.3+part4.3+part5.2+part5.3	0h:5m:44s (0h:0m:36s left)
 192 TVMe+G4      28447.666   part1.1+part2.3+part3.3+part4.3+part5.3	0h:5m:44s (0h:0m:34s left)
 193 TVMe+G4      28486.426   part1.2+part2.3+part3.3+part4.3+part5.3	0h:5m:46s (0h:0m:32s left)
 194 K3P+G4       28381.407   part1.3+part2.3+part3.3+part4.3+part5.3	0h:5m:46s (0h:0m:30s left)
 195 K2P+G4       28430.928   part2.1+part2.3+part3.3+part4.2+part4.3+part5.3	0h:5m:48s (0h:0m:28s left)
 196 TIMe+G4      28514.512   part2.2+part2.3+part3.1+part3.2+part3.3+part4.1+part4.3+part5.1+part5.3	0h:5m:54s (0h:0m:27s left)
Merging part1.1+part1.2 with BIC score: 28352.725 (LnL: -13794.657  df: 101)
 197 HKY+F+I+G4   28456.143   part1.1+part1.2+part1.3	0h:6m:0s (0h:0m:25s left)
 198 K2P+I+G4     28361.994   part1.1+part1.2+part5.2	0h:6m:0s (0h:0m:23s left)
 199 TNe+G4       28407.335   part1.1+part1.2+part2.1+part4.2	0h:6m:1s (0h:0m:21s left)
 200 TIMe+G4      28424.299   part1.1+part1.2+part2.2+part3.1+part3.2+part4.1+part5.1	0h:6m:8s (0h:0m:20s left)
 201 TVMe+G4      28557.104   part1.1+part1.2+part2.3+part3.3+part4.3+part5.3	0h:6m:10s (0h:0m:18s left)
Merging part2.2+part3.1+part3.2+part4.1+part5.1+part5.2 with BIC score: 28352.069 (LnL: -13805.667  df: 98)
 202 K3Pu+F+I+G4  28413.732   part1.3+part2.2+part3.1+part3.2+part4.1+part5.1+part5.2	0h:6m:30s (0h:0m:17s left)
 203 K3Pu+F+I+G4  28414.513   part1.1+part1.2+part2.2+part3.1+part3.2+part4.1+part5.1+part5.2	0h:6m:31s (0h:0m:15s left)
 204 K3Pu+F+I+G4  28350.911   part2.1+part2.2+part3.1+part3.2+part4.1+part4.2+part5.1+part5.2	0h:6m:31s (0h:0m:13s left)
 205 K3P+G4       28554.837   part2.2+part2.3+part3.1+part3.2+part3.3+part4.1+part4.3+part5.1+part5.2+part5.3	0h:6m:38s (0h:0m:11s left)
Merging part2.1+part2.2+part3.1+part3.2+part4.1+part4.2+part5.1+part5.2 with BIC score: 28350.911 (LnL: -13820.205  df: 94)
 206 K3Pu+F+I+G4  28412.800   part1.1+part1.2+part2.1+part2.2+part3.1+part3.2+part4.1+part4.2+part5.1+part5.2	0h:7m:1s (0h:0m:10s left)
 207 K3Pu+F+I+G4  28413.511   part1.3+part2.1+part2.2+part3.1+part3.2+part4.1+part4.2+part5.1+part5.2	0h:7m:1s (0h:0m:8s left)
 208 K3P+G4       28555.560   part2.1+part2.2+part2.3+part3.1+part3.2+part3.3+part4.1+part4.2+part4.3+part5.1+part5.2+part5.3	0h:7m:9s (0h:0m:6s left)
BEST-FIT PARTITION MODEL: 
  charpartition BIC = K2P+I: part1.1 part1.2, TPM2u+F+G4: part1.3, K3Pu+F+I+G4: part2.1 part2.2 part3.1 part3.2 part4.1 part4.2 part5.1 part5.2, TVMe+G4: part2.3 part3.3 part4.3 part5.3;
Agglomerative model selection: ((part1.1,part1.2)9:28352.7,part1.3,((part2.1,part4.2)2:28458.5,((((part2.2,part5.1)1:28487.5,part4.1)5:28396.8,(part3.1,part3.2)4:28415.4)7:28369,part5.2)10:28352.1)11:28350.9,((part2.3,(part3.3,part5.3)3:28436.7)6:28381.7,part4.3)8:28359.9)
Merging into 4 partitions...
Partition information was printed to 4_set51.best_scheme.nex
Partition information in Raxml format was printed to 4_set51.best_scheme

All model information printed to 4_set51.model.gz
CPU time for ModelFinder: 484.359 seconds (0h:8m:4s)
Wall-clock time for ModelFinder: 431.135 seconds (0h:7m:11s)
Generating 1000 samples for ultrafast bootstrap (seed: 614717)...

NOTE: 9 MB RAM (0 GB) is required!
Measuring multi-threading efficiency up to 8 CPU cores
Increase to 10 rounds for branch lengths
16 trees examined
Threads: 1 / Time: 8.286 sec / Speedup: 1.000 / Efficiency: 100% / LogL: -20388
Threads: 2 / Time: 16.718 sec / Speedup: 0.496 / Efficiency: 25% / LogL: -20388
BEST NUMBER OF THREADS: 1

Estimate model parameters (epsilon = 0.100)
Initial log-likelihood: -14505.157
Current log-likelihood at step 1: -13850.916
Current log-likelihood at step 2: -13819.634
Current log-likelihood at step 3: -13819.495
Current log-likelihood at step 4: -13819.485
Partition-specific rates:  0.045 2.389 0.782 1.490
Parameters optimization took 3 rounds (1.411 sec)

Computing ML distances based on estimated model parameters... 0.047 sec
WARNING: Some pairwise ML distances are too long (saturated)
Computing BIONJ tree...
0.050 seconds
Log-likelihood of BIONJ tree: -14119.996
--------------------------------------------------------------------
|             INITIALIZING CANDIDATE TREE SET                      |
--------------------------------------------------------------------
Generating 98 parsimony trees... 3.528 second
Computing log-likelihood of 98 initial trees ... 12.131 seconds
Current best score: -13819.485

Do NNI search on 20 best initial trees
Estimate model parameters (epsilon = 0.100)
Initial log-likelihood: -13819.485
Current log-likelihood at step 1: -13819.477
Parameters optimization took 0 rounds (0.218 sec)

BETTER TREE FOUND at iteration 1: -13819.477
Iteration 10 / LogL: -13819.484 / Time: 0h:0m:49s
Estimate model parameters (epsilon = 0.100)
Initial log-likelihood: -13819.283
Current log-likelihood at step 1: -13818.226
Current log-likelihood at step 2: -13818.180
Parameters optimization took 1 rounds (0.559 sec)

BETTER TREE FOUND at iteration 11: -13818.180
Estimate model parameters (epsilon = 0.100)
Initial log-likelihood: -13817.208
Current log-likelihood at step 1: -13816.861
Current log-likelihood at step 2: -13816.845
Parameters optimization took 1 rounds (0.463 sec)

BETTER TREE FOUND at iteration 15: -13816.845
Iteration 20 / LogL: -13820.287 / Time: 0h:1m:1s
Finish initializing candidate tree set (8)
Current best tree score: -13816.845 / CPU time: 33.972
Number of iterations: 20
--------------------------------------------------------------------
|               OPTIMIZING CANDIDATE TREE SET                      |
--------------------------------------------------------------------
Iteration 30 / LogL: -13818.346 / Time: 0h:1m:13s (0h:3m:36s left)
Iteration 40 / LogL: -13818.342 / Time: 0h:1m:27s (0h:2m:47s left)
Iteration 50 / LogL: -13818.485 / Time: 0h:1m:39s (0h:2m:11s left)
Log-likelihood cutoff on original alignment: -13866.336
Iteration 60 / LogL: -13819.124 / Time: 0h:1m:52s (0h:1m:44s left)
Iteration 70 / LogL: -13834.200 / Time: 0h:2m:6s (0h:1m:22s left)
Iteration 80 / LogL: -13817.149 / Time: 0h:2m:19s (0h:1m:1s left)
Iteration 90 / LogL: -13816.988 / Time: 0h:2m:32s (0h:0m:42s left)
Iteration 100 / LogL: -13818.996 / Time: 0h:2m:45s (0h:0m:25s left)
Log-likelihood cutoff on original alignment: -13866.336
NOTE: Bootstrap correlation coefficient of split occurrence frequencies: 0.999
Iteration 110 / LogL: -13816.850 / Time: 0h:2m:59s (0h:2m:28s left)
TREE SEARCH COMPLETED AFTER 116 ITERATIONS / Time: 0h:3m:9s

--------------------------------------------------------------------
|                    FINALIZING TREE SEARCH                        |
--------------------------------------------------------------------
Performs final model parameters optimization
Estimate model parameters (epsilon = 0.010)
Initial log-likelihood: -13816.843
Current log-likelihood at step 1: -13816.837
Partition-specific rates:  0.059 2.514 0.766 1.506
Parameters optimization took 0 rounds (0.222 sec)

BEST SCORE FOUND : -13816.837
Creating bootstrap support values...
Split supports printed to NEXUS file 4_set51.splits.nex
Total tree length: 1.421

Total number of iterations: 116
CPU time used for tree search: 56.737 sec (0h:0m:56s)
Wall-clock time used for tree search: 161.843 sec (0h:2m:41s)
Total CPU time used: 65.215 sec (0h:1m:5s)
Total wall-clock time used: 190.143 sec (0h:3m:10s)

Computing bootstrap consensus tree...
Reading input file 4_set51.splits.nex...
37 taxa and 187 splits.
Consensus tree written to 4_set51.contree
Reading input trees file 4_set51.contree
Log-likelihood of consensus tree: -13820.442

Analysis results written to: 
  IQ-TREE report:                4_set51.iqtree
  Maximum-likelihood tree:       4_set51.treefile
  Likelihood distances:          4_set51.mldist
  Best partitioning scheme:      4_set51.best_scheme.nex
           in RAxML format:      4_set51.best_scheme

Ultrafast bootstrap approximation results written to:
  Split support values:          4_set51.splits.nex
  Consensus tree:                4_set51.contree
  Screen log file:               4_set51.log

Date and Time: Thu Sep  6 22:03:31 2018
