IQ-TREE multicore version 1.6.3 for Mac OS X 64-bit built Mar 22 2018
Developed by Bui Quang Minh, Nguyen Lam Tung, Olga Chernomor,
Heiko Schmidt, Dominik Schrempf, Michael Woodhams.

Host:    meeps-mac-pro.staff.sydney.edu.au (AVX, 64 GB RAM)
Command: /Users/davidduchene/Desktop/Software/iqtree-1.6.3-MacOSX/bin/iqtree -s ../../../../marsupials/set260.fasta -m TEST -bb 1000 -nt AUTO -pre 1_set260
Seed:    979542 (Using SPRNG - Scalable Parallel Random Number Generator)
Time:    Fri Jul 27 19:03:45 2018
Kernel:  AVX - auto-detect threads (8 CPU cores detected)

Reading alignment file ../../../../marsupials/set260.fasta ... Fasta format detected
Alignment most likely contains DNA/RNA sequences
Alignment has 35 sequences with 2169 columns, 1037 distinct patterns
646 parsimony-informative, 359 singleton sites, 1164 constant sites
                                              Gap/Ambiguity  Composition  p-value
   1  Burramyidae_Burramys_parvus                     1.20%    passed     91.89%
   2  Notoryctidae_Notoryctes_typhlops                2.35%    passed     74.69%
   3  Vombatidae_Lasiorhinus_latifrons                0.23%    passed     74.98%
   4  Potoroidae_Bettongia_penicillata                0.60%    passed     93.66%
   5  Potoroidae_Bettongia_lesueur                    0.65%    passed     98.23%
   6  Dasyuridae_Dasyurus_maculatus                   0.32%    passed     61.45%
   7  Phalangeridae_Trichosurus_vulpecula             1.98%    passed     92.38%
   8  Phalangeridae_Spilocuscus_maculatus             0.14%    passed     90.45%
   9  Potoroidae_Aepyprymnus_rufescens                1.15%    passed     99.20%
  10  Peramelidae_Perameles_nasuta                    3.69%    passed     95.87%
  11  Phalangeridae_Strigocuscus_pelengensis          1.89%    passed     70.58%
  12  Dasyuridae_Phascogale_tapoatafa                 0.46%    passed     38.05%
  13  Dasyuridae_Sminthopsis_macroura                 0.05%    passed     63.02%
  14  Phalangeridae_Phalanger_orientalis              0.00%    passed     92.04%
  15  Acrobatidae_Acrobates_pygmaeus                  0.83%    passed     95.86%
  16  Dasyuridae_Phascogale_calura                    0.37%    passed     34.37%
  17  Dasyuridae_Sarcophilus_harrisii                 0.28%    passed     67.88%
  18  Dasyuridae_Planigale_tenuirostris               7.51%    passed     70.69%
  19  Peramelidae_Echymipera_kalubu                   0.32%    passed     82.34%
  20  Macropodidae_Dorcopsulus_vanheurni              1.20%    passed     88.17%
  21  Pseudochiridae_Pseudochirulus_forbesi           0.00%    passed     95.90%
  22  Didelphidae_Didelphis_virginiana                9.36%    passed     18.20%
  23  Marmosidae_Monodelphis_domestica                1.06%    passed     68.66%
  24  Dasyuridae_Antechinus_stuartii                  1.15%    passed     51.06%
  25  Hypsiprymnodontidae_Hypsiprymnodon_moschatus    0.18%    passed     99.15%
  26  Microbiotheriidae_Dromiciops_gliroides          2.86%    passed     60.31%
  27  Pseudochiridae_Petauroides_volans               0.97%    passed     59.11%
  28  Macropodidae_Wallabia_bicolor                   1.75%    passed     96.42%
  29  Pseudochiridae_Pseudocheirus_occidentalis       3.73%    passed     90.34%
  30  Tarsipedidae_Tarsipes_rostratus                35.64%    passed     26.85%
  31  Acrobatidae_Distoechurus_pennatus               0.09%    passed     90.79%
  32  Phalangeridae_Phalanger_carmelitae              0.00%    passed     87.28%
  33  Peramelidae_Peroryctes_raffrayana               5.30%    passed     86.46%
  34  Dasyuridae_Dasyurus_geffroii                    0.37%    passed     56.85%
  35  Peramelidae_Perameles_gunnii                    1.11%    passed     86.13%
****  TOTAL                                           2.54%  0 sequences failed composition chi2 test (p-value<5%; df=3)


Create initial parsimony tree by phylogenetic likelihood library (PLL)... 0.006 seconds
NOTE: ModelFinder requires 8 MB RAM!
ModelFinder will test 88 DNA models (sample size: 2169) ...
 No. Model         -LnL         df  AIC          AICc         BIC
Measuring multi-threading efficiency up to 8 CPU cores
Increase to 10 rounds for branch lengths
302 trees examined
Threads: 1 / Time: 8.006 sec / Speedup: 1.000 / Efficiency: 100% / LogL: -22465
Threads: 2 / Time: 5.577 sec / Speedup: 1.435 / Efficiency: 72% / LogL: -22465
Threads: 3 / Time: 5.112 sec / Speedup: 1.566 / Efficiency: 52% / LogL: -22465
Threads: 4 / Time: 4.857 sec / Speedup: 1.648 / Efficiency: 41% / LogL: -22465
BEST NUMBER OF THREADS: 3

  1  JC            14787.082    67  29708.164    29712.501    30088.859
  2  JC+I          14510.491    68  29156.982    29161.451    29543.359
  3  JC+G4         14458.278    68  29052.555    29057.024    29438.932
  4  JC+I+G4       14457.663    69  29053.326    29057.928    29445.385
  5  F81+F         14763.812    70  29667.623    29672.361    30065.365
  6  F81+F+I       14489.041    71  29120.082    29124.957    29523.505
  7  F81+F+G4      14437.190    71  29016.379    29021.255    29419.803
  8  F81+F+I+G4    14436.532    72  29017.064    29022.079    29426.169
  9  K2P           14218.869    68  28573.738    28578.207    28960.116
 10  K2P+I         13931.647    69  28001.294    28005.896    28393.353
 11  K2P+G4        13874.762    69  27887.523    27892.126    28279.583
 12  K2P+I+G4      13873.629    70  27887.259    27891.997    28285.000
 13  HKY+F         14193.441    71  28528.882    28533.757    28932.305
 14  HKY+F+I       13909.299    72  27962.598    27967.613    28371.704
 15  HKY+F+G4      13854.214    72  27852.429    27857.444    28261.534
 16  HKY+F+I+G4    13852.954    73  27851.908    27857.065    28266.696
 17  TNe           14217.213    69  28572.425    28577.027    28964.485
 18  TNe+I         13928.847    70  27997.695    28002.432    28395.436
 19  TNe+G4        13872.824    70  27885.647    27890.385    28283.389
 20  TNe+I+G4      13871.542    71  27885.084    27889.960    28288.508
 21  TN+F          14193.360    72  28530.721    28535.736    28939.826
 22  TN+F+I        13908.871    73  27963.742    27968.899    28378.530
 23  TN+F+G4       13854.077    73  27854.155    27859.312    28268.943
 24  TN+F+I+G4     13852.737    74  27853.473    27858.774    28273.943
 25  K3P           14217.886    69  28573.772    28578.374    28965.832
 26  K3P+I         13930.565    70  28001.131    28005.869    28398.872
 27  K3P+G4        13873.763    70  27887.527    27892.265    28285.268
 28  K3P+I+G4      13872.503    71  27887.007    27891.882    28290.430
 29  K3Pu+F        14192.323    72  28528.646    28533.661    28937.751
 30  K3Pu+F+I      13908.171    73  27962.343    27967.500    28377.130
 31  K3Pu+F+G4     13853.198    73  27852.396    27857.553    28267.184
 32  K3Pu+F+I+G4   13851.821    74  27851.642    27856.943    28272.112
 33  TPM2+F        14193.433    72  28530.866    28535.881    28939.972
 34  TPM2+F+I      13909.294    73  27964.589    27969.746    28379.376
 35  TPM2+F+G4     13854.194    73  27854.389    27859.546    28269.177
 36  TPM2+F+I+G4   13852.812    74  27853.624    27858.924    28274.093
 37  TPM2u+F       14193.436    72  28530.872    28535.888    28939.978
 38  TPM2u+F+I     13909.294    73  27964.589    27969.746    28379.376
 39  TPM2u+F+G4    13854.195    73  27854.389    27859.546    28269.177
 40  TPM2u+F+I+G4  13852.791    74  27853.582    27858.883    28274.052
 41  TPM3+F        14189.808    72  28523.616    28528.632    28932.722
 42  TPM3+F+I      13906.605    73  27959.211    27964.368    28373.998
 43  TPM3+F+G4     13851.717    73  27849.435    27854.592    28264.222
 44  TPM3+F+I+G4   13850.293    74  27848.587    27853.887    28269.056
 45  TPM3u+F       14189.808    72  28523.615    28528.631    28932.721
 46  TPM3u+F+I     13906.605    73  27959.211    27964.368    28373.998
 47  TPM3u+F+G4    13851.717    73  27849.435    27854.592    28264.222
 48  TPM3u+F+I+G4  13850.275    74  27848.550    27853.850    28269.019
 49  TIMe          14216.232    70  28572.464    28577.202    28970.206
 50  TIMe+I        13927.770    71  27997.540    28002.415    28400.963
 51  TIMe+G4       13871.822    71  27885.644    27890.519    28289.067
 52  TIMe+I+G4     13870.359    72  27884.718    27889.733    28293.824
 53  TIM+F         14192.244    73  28530.487    28535.644    28945.275
 54  TIM+F+I       13907.744    74  27963.489    27968.790    28383.958
 55  TIM+F+G4      13853.060    74  27854.120    27859.421    28274.589
 56  TIM+F+I+G4    13851.548    75  27853.097    27858.543    28279.248
 57  TIM2e         14216.595    70  28573.190    28577.928    28970.932
 58  TIM2e+I       13927.520    71  27997.040    28001.916    28400.464
 59  TIM2e+G4      13870.906    71  27883.812    27888.687    28287.235
 60  TIM2e+I+G4    13869.439    72  27882.878    27887.893    28291.983
 61  TIM2+F        14193.354    73  28532.707    28537.864    28947.495
 62  TIM2+F+I      13908.869    74  27965.737    27971.038    28386.207
 63  TIM2+F+G4     13854.063    74  27856.126    27861.426    28276.595
 64  TIM2+F+I+G4   13852.534    75  27855.068    27860.515    28281.220
 65  TIM3e         14214.987    70  28569.974    28574.712    28967.715
 66  TIM3e+I       13927.460    71  27996.921    28001.796    28400.344
 67  TIM3e+G4      13871.737    71  27885.474    27890.349    28288.897
 68  TIM3e+I+G4    13870.224    72  27884.447    27889.462    28293.553
 69  TIM3+F        14189.728    73  28525.456    28530.613    28940.244
 70  TIM3+F+I      13906.168    74  27960.336    27965.637    28380.806
 71  TIM3+F+G4     13851.587    74  27851.174    27856.474    28271.643
 72  TIM3+F+I+G4   13850.033    75  27850.066    27855.513    28276.217
 73  TVMe          14215.265    71  28572.530    28577.406    28975.954
 74  TVMe+I        13928.111    72  28000.221    28005.236    28409.327
 75  TVMe+G4       13871.022    72  27886.043    27891.058    28295.149
 76  TVMe+I+G4     13869.552    73  27885.105    27890.262    28299.893
 77  TVM+F         14189.028    74  28526.057    28531.358    28946.526
 78  TVM+F+I       13905.747    75  27961.494    27966.941    28387.646
 79  TVM+F+G4      13850.927    75  27851.854    27857.300    28278.005
 80  TVM+F+I+G4    13849.361    76  27850.721    27856.316    28282.555
 81  SYM           14213.625    72  28571.249    28576.265    28980.355
 82  SYM+I         13925.271    73  27996.543    28001.700    28411.330
 83  SYM+G4        13869.039    73  27884.077    27889.234    28298.865
 84  SYM+I+G4      13867.481    74  27882.963    27888.264    28303.432
 85  GTR+F         14188.946    75  28527.892    28533.339    28954.044
 86  GTR+F+I       13905.311    76  27962.623    27968.217    28394.456
 87  GTR+F+G4      13850.806    76  27853.612    27859.206    28285.445
 88  GTR+F+I+G4    13849.197    77  27852.394    27858.138    28289.909
Akaike Information Criterion:           TPM3u+F+I+G4
Corrected Akaike Information Criterion: TPM3u+F+I+G4
Bayesian Information Criterion:         HKY+F+G4
Best-fit model: HKY+F+G4 chosen according to BIC

All model information printed to 1_set260.model.gz
CPU time for ModelFinder: 57.715 seconds (0h:0m:57s)
Wall-clock time for ModelFinder: 27.084 seconds (0h:0m:27s)
Generating 1000 samples for ultrafast bootstrap (seed: 979542)...

NOTE: 8 MB RAM (0 GB) is required!
Measuring multi-threading efficiency up to 8 CPU cores
Increase to 10 rounds for branch lengths
103 trees examined
Threads: 1 / Time: 8.072 sec / Speedup: 1.000 / Efficiency: 100% / LogL: -21516
Threads: 2 / Time: 4.906 sec / Speedup: 1.645 / Efficiency: 82% / LogL: -21516
Threads: 3 / Time: 4.586 sec / Speedup: 1.760 / Efficiency: 59% / LogL: -21516
Threads: 4 / Time: 4.092 sec / Speedup: 1.973 / Efficiency: 49% / LogL: -21516
BEST NUMBER OF THREADS: 3

Estimate model parameters (epsilon = 0.100)
1. Initial log-likelihood: -14460.592
2. Current log-likelihood: -14194.528
3. Current log-likelihood: -13855.814
4. Current log-likelihood: -13854.215
Optimal log-likelihood: -13854.214
Rate parameters:  A-C: 1.00000  A-G: 5.06781  A-T: 1.00000  C-G: 1.00000  C-T: 5.06781  G-T: 1.00000
Base frequencies:  A: 0.288  C: 0.228  G: 0.234  T: 0.250
Gamma shape alpha: 0.606
Parameters optimization took 4 rounds (0.161 sec)
Computing ML distances based on estimated model parameters... 0.029 sec
Computing BIONJ tree...
0.002 seconds
Log-likelihood of BIONJ tree: -13856.618
--------------------------------------------------------------------
|             INITIALIZING CANDIDATE TREE SET                      |
--------------------------------------------------------------------
Generating 98 parsimony trees... 0.672 second
Computing log-likelihood of 98 initial trees ... 1.469 seconds
Current best score: -13854.214

Do NNI search on 20 best initial trees
Estimate model parameters (epsilon = 0.100)
BETTER TREE FOUND at iteration 1: -13852.688
Iteration 10 / LogL: -13854.215 / Time: 0h:0m:52s
Iteration 20 / LogL: -13854.216 / Time: 0h:0m:55s
Finish initializing candidate tree set (2)
Current best tree score: -13852.688 / CPU time: 6.081
Number of iterations: 20
--------------------------------------------------------------------
|               OPTIMIZING CANDIDATE TREE SET                      |
--------------------------------------------------------------------
UPDATE BEST LOG-LIKELIHOOD: -13852.688
Iteration 30 / LogL: -13852.688 / Time: 0h:0m:57s (0h:1m:13s left)
Iteration 40 / LogL: -13852.689 / Time: 0h:0m:59s (0h:0m:50s left)
Iteration 50 / LogL: -13853.333 / Time: 0h:1m:1s (0h:0m:35s left)
Log-likelihood cutoff on original alignment: -13894.448
UPDATE BEST LOG-LIKELIHOOD: -13852.688
Iteration 60 / LogL: -13853.336 / Time: 0h:1m:2s (0h:0m:24s left)
Iteration 70 / LogL: -13852.691 / Time: 0h:1m:4s (0h:0m:16s left)
Iteration 80 / LogL: -13854.215 / Time: 0h:1m:6s (0h:0m:10s left)
UPDATE BEST LOG-LIKELIHOOD: -13852.687
Iteration 90 / LogL: -13852.691 / Time: 0h:1m:8s (0h:0m:5s left)
Iteration 100 / LogL: -13852.693 / Time: 0h:1m:9s (0h:0m:0s left)
Log-likelihood cutoff on original alignment: -13894.448
NOTE: Bootstrap correlation coefficient of split occurrence frequencies: 0.998
TREE SEARCH COMPLETED AFTER 102 ITERATIONS / Time: 0h:1m:9s

--------------------------------------------------------------------
|                    FINALIZING TREE SEARCH                        |
--------------------------------------------------------------------
Performs final model parameters optimization
Estimate model parameters (epsilon = 0.010)
1. Initial log-likelihood: -13852.687
Optimal log-likelihood: -13852.686
Rate parameters:  A-C: 1.00000  A-G: 5.07274  A-T: 1.00000  C-G: 1.00000  C-T: 5.07274  G-T: 1.00000
Base frequencies:  A: 0.288  C: 0.228  G: 0.234  T: 0.250
Gamma shape alpha: 0.605
Parameters optimization took 1 rounds (0.010 sec)
BEST SCORE FOUND : -13852.686
Creating bootstrap support values...
Split supports printed to NEXUS file 1_set260.splits.nex
Total tree length: 1.080

Total number of iterations: 102
CPU time used for tree search: 48.154 sec (0h:0m:48s)
Wall-clock time used for tree search: 20.726 sec (0h:0m:20s)
Total CPU time used: 148.489 sec (0h:2m:28s)
Total wall-clock time used: 69.854 sec (0h:1m:9s)

Computing bootstrap consensus tree...
Reading input file 1_set260.splits.nex...
35 taxa and 145 splits.
Consensus tree written to 1_set260.contree
Reading input trees file 1_set260.contree
Log-likelihood of consensus tree: -13852.688

Analysis results written to: 
  IQ-TREE report:                1_set260.iqtree
  Maximum-likelihood tree:       1_set260.treefile
  Likelihood distances:          1_set260.mldist

Ultrafast bootstrap approximation results written to:
  Split support values:          1_set260.splits.nex
  Consensus tree:                1_set260.contree
  Screen log file:               1_set260.log

Date and Time: Fri Jul 27 19:04:55 2018
