IQ-TREE multicore version 1.6.7 for Mac OS X 64-bit built Aug 23 2018
Developed by Bui Quang Minh, Nguyen Lam Tung, Olga Chernomor,
Heiko Schmidt, Dominik Schrempf, Michael Woodhams.

Host:    meeps-mac-pro.staff.sydney.edu.au (AVX, 64 GB RAM)
Command: /Users/davidduchene/Desktop/Software/iqtree-1.6.7-MacOSX/bin/iqtree -s ../../../../marsupials/set32.fasta -m TESTMERGE -bb 1000 -q ../../../../marsupials/set32.nex -nt AUTO -pre 2_set32
Seed:    47643 (Using SPRNG - Scalable Parallel Random Number Generator)
Time:    Thu Sep  6 17:32:23 2018
Kernel:  AVX - auto-detect threads (8 CPU cores detected)

Reading partition model file ../../../../marsupials/set32.nex ...
Reading alignment file ../../../../marsupials/set32.fasta ... Fasta format detected
Alignment most likely contains DNA/RNA sequences
Alignment has 35 sequences with 1554 columns, 812 distinct patterns
388 parsimony-informative, 231 singleton sites, 934 constant sites
                                              Gap/Ambiguity  Composition  p-value
   1  Burramyidae_Burramys_parvus                     0.64%    passed     93.67%
   2  Notoryctidae_Notoryctes_typhlops                2.32%    passed     54.99%
   3  Vombatidae_Lasiorhinus_latifrons                0.39%    passed     98.73%
   4  Potoroidae_Bettongia_penicillata                1.54%    passed     98.65%
   5  Potoroidae_Bettongia_lesueur                    0.19%    passed     88.59%
   6  Dasyuridae_Dasyurus_maculatus                  10.10%    passed     19.39%
   7  Phalangeridae_Trichosurus_vulpecula             0.58%    passed     97.32%
   8  Phalangeridae_Spilocuscus_maculatus             0.97%    passed     98.79%
   9  Potoroidae_Aepyprymnus_rufescens                0.90%    passed     87.29%
  10  Peramelidae_Perameles_nasuta                    9.52%    passed     94.91%
  11  Phalangeridae_Strigocuscus_pelengensis          2.25%    passed     96.50%
  12  Dasyuridae_Phascogale_tapoatafa                29.09%    passed     68.98%
  13  Dasyuridae_Sminthopsis_macroura                 4.12%    passed     34.14%
  14  Phalangeridae_Phalanger_orientalis              9.07%    passed     32.64%
  15  Acrobatidae_Acrobates_pygmaeus                  4.89%    passed     94.98%
  16  Dasyuridae_Phascogale_calura                    8.88%    passed     24.26%
  17  Dasyuridae_Sarcophilus_harrisii                 7.08%    passed     10.49%
  18  Dasyuridae_Planigale_tenuirostris              36.81%    passed     43.46%
  19  Peramelidae_Echymipera_kalubu                   8.69%    passed     26.39%
  20  Macropodidae_Dorcopsulus_vanheurni              1.29%    passed     69.86%
  21  Pseudochiridae_Pseudochirulus_forbesi           0.51%    passed     96.24%
  22  Didelphidae_Didelphis_virginiana               18.15%    passed     93.12%
  23  Marmosidae_Monodelphis_domestica               26.32%    passed     86.01%
  24  Dasyuridae_Antechinus_stuartii                 31.85%    passed     50.64%
  25  Hypsiprymnodontidae_Hypsiprymnodon_moschatus    0.39%    passed     99.41%
  26  Microbiotheriidae_Dromiciops_gliroides         32.18%    passed     13.86%
  27  Pseudochiridae_Petauroides_volans               2.77%    passed     99.92%
  28  Macropodidae_Wallabia_bicolor                   1.67%    passed     97.31%
  29  Pseudochiridae_Pseudocheirus_occidentalis      22.27%    passed     22.54%
  30  Tarsipedidae_Tarsipes_rostratus                 0.97%    passed     89.69%
  31  Acrobatidae_Distoechurus_pennatus              12.74%    passed     59.58%
  32  Phalangeridae_Phalanger_carmelitae              0.32%    passed     65.61%
  33  Peramelidae_Peroryctes_raffrayana              24.00%    passed     68.61%
  34  Dasyuridae_Dasyurus_geffroii                    9.97%    passed     13.63%
  35  Peramelidae_Perameles_gunnii                    2.06%    passed     55.34%
****  TOTAL                                           9.30%  0 sequences failed composition chi2 test (p-value<5%; df=3)
NOTE: No CharPartition defined, use all CharSets

Loading 15 partitions...
Subset	Type	Seqs	Sites	Infor	Invar	Model	Name
1		35	75	5	62	TESTMERGE	part1.1
2		35	75	1	73	TESTMERGE	part1.2
3		35	75	29	33	TESTMERGE	part1.3
4		33	72	20	42	TESTMERGE	part2.1
5		33	72	15	50	TESTMERGE	part2.2
6		33	72	25	25	TESTMERGE	part2.3
7		31	138	41	52	TESTMERGE	part3.1
8		31	138	28	64	TESTMERGE	part3.2
9		31	138	87	27	TESTMERGE	part3.3
10		35	159	4	148	TESTMERGE	part4.1
11		35	159	3	155	TESTMERGE	part4.2
12		35	159	80	48	TESTMERGE	part4.3
13		35	74	6	65	TESTMERGE	part5.1
14		35	74	4	70	TESTMERGE	part5.2
15		35	74	40	21	TESTMERGE	part5.3
Degree of missing data: 0.038
Info: multi-threading strategy over partitions



Create initial parsimony tree by phylogenetic likelihood library (PLL)... 0.007 seconds
NOTE: ModelFinder requires 8 MB RAM!
NUMBER OF THREADS FOR PARTITION FINDING: 8
Testing GTR+F+G on supermatrix...
GTR+F+G4 / LnL: -9121.803 / df: 76 / AIC: 18395.607 / AICc: 18403.531 / BIC: 18802.099
Selecting individual models for 15 charsets using BIC...
 No. Model        Score       Charset
   1 K2P+I        842.257     part2.1
   2 HKY+F+G4     1054.595    part1.3
   3 TN+F+G4      1196.909    part2.3
   4 K2P+G4       3097.447    part3.3
   5 TPM2u+F+G4   1760.678    part3.2
   6 K2P+G4       2071.522    part3.1
   7 TNe+G4       1440.104    part5.3
   8 TIM2+F+G4    3012.217    part4.3
   9 TIM3e+G4     658.705     part2.2
  10 K2P+I+G4     704.893     part4.1	0h:0m:18s (0h:6m:8s left)
  11 K2P+G4       468.000     part1.1	0h:0m:18s (0h:5m:38s left)
  12 JC+I+G4      259.111     part1.2	0h:0m:21s (0h:5m:50s left)
  13 JC+I+G4      334.773     part5.2	0h:0m:23s (0h:5m:52s left)
  14 K2P+I+G4     553.740     part4.2	0h:0m:23s (0h:5m:29s left)
  15 TNe+G4       389.703     part5.1	0h:0m:24s (0h:5m:16s left)
Full partition model BIC score: 18479.358 (LnL: -8802.438  df:119)
Merging models to increase model fit (about 211 total partition schemes)...
  16 K2P+G4       18473.977   part3.2+part3.3	0h:0m:33s (0h:6m:50s left)
  17 TNe+G4       18479.926   part3.3+part5.3	0h:0m:34s (0h:6m:28s left)
  18 K3P+G4       18468.564   part3.1+part3.2	0h:0m:35s (0h:6m:24s left)
  19 TIM2+F+G4    18483.919   part4.3+part5.3	0h:0m:38s (0h:6m:26s left)
  20 K2P+G4       18527.600   part3.2+part4.3	0h:0m:39s (0h:6m:12s left)
  21 K2P+G4       18471.818   part3.1+part3.3	0h:0m:39s (0h:5m:58s left)
  22 TPM2u+F+G4   18506.919   part3.1+part4.3	0h:0m:40s (0h:5m:48s left)
  23 TIM2+F+G4    18502.030   part3.3+part4.3	0h:0m:43s (0h:5m:57s left)
  24 K2P+G4       18478.098   part1.3+part3.3	0h:0m:45s (0h:5m:53s left)
  25 TIM2+F+G4    18507.935   part2.3+part4.3	0h:0m:45s (0h:5m:40s left)
  26 K2P+G4       18457.555   part2.3+part3.3	0h:0m:46s (0h:5m:31s left)
  27 K2P+G4       18467.228   part2.1+part3.3	0h:0m:47s (0h:5m:21s left)
  28 K2P+G4       18527.138   part1.3+part4.3	0h:0m:47s (0h:5m:11s left)
  29 TN+F+G4      18483.366   part3.2+part5.3	0h:0m:53s (0h:5m:36s left)
  30 TNe+G4       18479.930   part3.1+part5.3	0h:0m:56s (0h:5m:37s left)
  31 TN+F+G4      18513.487   part2.1+part4.3	0h:0m:58s (0h:5m:39s left)
  32 K2P+G4       18476.746   part1.3+part3.1	0h:1m:0s (0h:5m:37s left)
  33 K2P+G4       18456.364   part2.3+part3.1	0h:1m:4s (0h:5m:47s left)
  34 K2P+G4       18466.319   part2.2+part3.3	0h:1m:7s (0h:5m:50s left)
  35 TN+F+G4      18505.784   part2.2+part4.3	0h:1m:10s (0h:5m:54s left)
  36 HKY+F+G4     18442.288   part2.3+part3.2	0h:1m:10s (0h:5m:43s left)
  37 HKY+F+G4     18450.728   part1.3+part3.2	0h:1m:10s (0h:5m:32s left)
  38 K2P+G4       18468.563   part2.1+part3.1	0h:1m:17s (0h:5m:50s left)
  39 K2P+G4       18535.426   part3.3+part4.1	0h:1m:21s (0h:6m:0s left)
  40 K2P+G4       18472.100   part1.1+part3.3	0h:1m:21s (0h:5m:49s left)
  41 HKY+F+I      18465.318   part2.1+part3.2	0h:1m:24s (0h:5m:49s left)
  42 HKY+F+I+G4   18580.372   part4.1+part4.3	0h:1m:26s (0h:5m:48s left)
  43 HKY+F+G4     18508.614   part1.1+part4.3	0h:1m:29s (0h:5m:48s left)
  44 K2P+G4       18574.520   part3.3+part4.2	0h:1m:31s (0h:5m:46s left)
  45 K2P+G4       18528.941   part1.2+part3.3	0h:1m:31s (0h:5m:37s left)
  46 K2P+G4       18473.915   part2.2+part3.1	0h:1m:32s (0h:5m:32s left)
  47 K2P+G4       18481.161   part3.3+part5.1	0h:1m:35s (0h:5m:33s left)
  48 TN+F+I+G4    18632.315   part4.2+part4.3	0h:1m:37s (0h:5m:29s left)
  49 TN+F+G4      18580.132   part1.2+part4.3	0h:1m:38s (0h:5m:24s left)
  50 HKY+F+G4     18466.761   part2.2+part3.2	0h:1m:39s (0h:5m:20s left)
  51 K2P+G4       18558.585   part3.2+part4.1	0h:1m:42s (0h:5m:22s left)
  52 TPM2u+F+G4   18513.110   part4.3+part5.1	0h:1m:43s (0h:5m:15s left)
  53 K2P+G4       18558.786   part3.1+part4.1	0h:1m:43s (0h:5m:8s left)
  54 K2P+G4       18512.140   part3.3+part5.2	0h:1m:45s (0h:5m:7s left)
  55 TN+F+G4      18562.062   part4.3+part5.2	0h:1m:48s (0h:5m:9s left)
  56 K2P+G4       18482.575   part1.1+part3.1	0h:1m:49s (0h:5m:4s left)
  57 K2P+G4       18601.964   part3.1+part4.2	0h:1m:50s (0h:4m:58s left)
  58 HKY+F+G4     18487.871   part1.1+part3.2	0h:1m:50s (0h:4m:51s left)
  59 K2P+G4       18544.272   part1.2+part3.1	0h:1m:54s (0h:4m:54s left)
  60 TIM2+F+G4    18495.286   part3.1+part5.1	0h:1m:55s (0h:4m:50s left)
  61 HKY+F+G4     18605.451   part3.2+part4.2	0h:1m:57s (0h:4m:49s left)
  62 K2P+G4       18466.714   part2.3+part5.3	0h:1m:59s (0h:4m:46s left)
  63 K2P+G4       18495.094   part3.2+part5.1	0h:1m:59s (0h:4m:40s left)
  64 HKY+F+G4     18538.911   part1.2+part3.2	0h:1m:59s (0h:4m:34s left)
  65 K2P+G4       18526.378   part3.1+part5.2	0h:2m:3s (0h:4m:36s left)
  66 HKY+F+G4     18527.292   part3.2+part5.2	0h:2m:6s (0h:4m:37s left)
  67 HKY+F+G4     18488.580   part1.3+part5.3	0h:2m:7s (0h:4m:33s left)
  68 TNe+G4       18477.663   part2.1+part5.3	0h:2m:8s (0h:4m:29s left)
  69 K2P+I        18456.051   part2.1+part2.3	0h:2m:11s (0h:4m:30s left)
  70 HKY+F+I      18474.859   part1.3+part2.1	0h:2m:11s (0h:4m:24s left)
  71 HKY+F+G4     18480.743   part2.2+part5.3	0h:2m:12s (0h:4m:21s left)
  72 HKY+F+G4     18440.270   part1.3+part2.3	0h:2m:13s (0h:4m:17s left)
  73 TNe+G4       18456.716   part2.2+part2.3	0h:2m:18s (0h:4m:22s left)
  74 TN+F+G4      18477.116   part1.3+part2.2	0h:2m:21s (0h:4m:22s left)
  75 TNe+G4       18472.498   part1.1+part5.3	0h:2m:21s (0h:4m:17s left)
  76 TNe+G4       18545.739   part4.1+part5.3	0h:2m:23s (0h:4m:14s left)
  77 K2P+G4       18532.367   part2.3+part4.1	0h:2m:24s (0h:4m:11s left)
  78 TNe+G4       18538.789   part1.2+part5.3	0h:2m:25s (0h:4m:8s left)
  79 K2P+I        18466.269   part2.1+part2.2	0h:2m:28s (0h:4m:8s left)
  80 K2P+G4       18552.483   part1.3+part4.1	0h:2m:29s (0h:4m:4s left)
  81 HKY+F+G4     18490.275   part1.1+part1.3	0h:2m:30s (0h:4m:1s left)
  82 K2P+G4       18467.250   part1.1+part2.3	0h:2m:31s (0h:3m:57s left)
  83 TNe+I+G4     18587.830   part4.2+part5.3	0h:2m:31s (0h:3m:53s left)
  84 TNe+G4       18481.554   part5.1+part5.3	0h:2m:32s (0h:3m:49s left)
  85 HKY+F+I+G4   18584.489   part1.3+part4.2	0h:2m:35s (0h:3m:50s left)
  86 TN+F+I+G4    18577.015   part2.3+part4.2	0h:2m:36s (0h:3m:47s left)
  87 TNe+G4       18528.035   part5.2+part5.3	0h:2m:38s (0h:3m:45s left)
  88 K2P+I+G4     18525.397   part2.1+part4.1	0h:2m:38s (0h:3m:41s left)
  89 HKY+F+G4     18534.720   part1.2+part1.3	0h:2m:38s (0h:3m:37s left)
  90 K2P+G4       18477.831   part2.3+part5.1	0h:2m:39s (0h:3m:33s left)
  91 HKY+F+G4     18502.749   part1.3+part5.1	0h:2m:39s (0h:3m:30s left)
  92 HKY+F+I      18532.019   part1.2+part2.3	0h:2m:41s (0h:3m:28s left)
  93 K2P+G4       18473.804   part1.1+part2.1	0h:2m:44s (0h:3m:28s left)
  94 HKY+F+G4     18527.405   part1.3+part5.2	0h:2m:46s (0h:3m:27s left)
  95 TNe+G4       18510.389   part2.3+part5.2	0h:2m:47s (0h:3m:24s left)
  96 K2P+G4       18482.394   part2.1+part5.1	0h:2m:47s (0h:3m:21s left)
  97 K2P+G4       18525.927   part1.2+part2.1	0h:2m:50s (0h:3m:20s left)
  98 TNe+I+G4     18553.510   part2.1+part4.2	0h:2m:52s (0h:3m:18s left)
  99 TNe+G4       18469.584   part1.1+part2.2	0h:2m:54s (0h:3m:17s left)
 100 TIM3e+I+G4   18502.510   part2.2+part4.1	0h:2m:54s (0h:3m:13s left)
 101 K2P+I        18509.292   part2.1+part5.2	0h:2m:59s (0h:3m:15s left)
 102 TIM3e+G4     18473.691   part2.2+part5.1	0h:3m:3s (0h:3m:16s left)
 103 K2P+I+G4     18470.377   part1.1+part4.1	0h:3m:5s (0h:3m:14s left)
 104 TIM3e+I+G4   18519.680   part2.2+part4.2	0h:3m:8s (0h:3m:13s left)
 105 K2P+I+G4     18461.310   part4.1+part4.2	0h:3m:10s (0h:3m:12s left)
 106 K2P+I+G4     18469.605   part1.2+part4.1	0h:3m:10s (0h:3m:8s left)
 107 TIM3e+G4     18514.571   part1.2+part2.2	0h:3m:12s (0h:3m:6s left)
 108 TIM3e+G4     18494.678   part2.2+part5.2	0h:3m:14s (0h:3m:5s left)
 109 K2P+I+G4     18481.914   part1.1+part4.2	0h:3m:17s (0h:3m:4s left)
 110 TNe+I+G4     18487.974   part1.1+part1.2	0h:3m:18s (0h:3m:2s left)
 111 K2P+I+G4     18459.882   part4.1+part5.1	0h:3m:21s (0h:3m:1s left)
 112 TNe+I+G4     18461.478   part1.1+part5.1	0h:3m:25s (0h:3m:1s left)
 113 K2P+I+G4     18465.862   part4.1+part5.2	0h:3m:27s (0h:2m:59s left)
 114 K2P+I+G4     18478.052   part1.1+part5.2	0h:3m:30s (0h:2m:58s left)
 115 JC+I+G4      18463.176   part1.2+part4.2	0h:3m:34s (0h:2m:59s left)
 116 K2P+I+G4     18467.744   part4.2+part5.1	0h:3m:35s (0h:2m:56s left)
 117 JC+I+G4      18467.916   part1.2+part5.1	0h:3m:36s (0h:2m:53s left)
 118 JC+I+G4      18464.724   part4.2+part5.2	0h:3m:37s (0h:2m:51s left)
 119 JC+I+G4      18466.264   part1.2+part5.2	0h:3m:38s (0h:2m:48s left)
 120 JC+I+G4      18465.389   part5.1+part5.2	0h:3m:40s (0h:2m:47s left)
Merging part1.3+part2.3 with BIC score: 18440.270 (LnL: -8804.940  df: 113)
 121 TN+F+G4      18548.895   part1.3+part2.3+part4.1	0h:3m:51s (0h:2m:51s left)
 122 HKY+F+G4     18466.997   part1.3+part2.3+part5.1	0h:3m:52s (0h:2m:49s left)
 123 K2P+G4       18454.394   part1.3+part2.3+part3.3	0h:3m:54s (0h:2m:48s left)
 124 TN+F+G4      18570.345   part1.3+part2.3+part4.2	0h:3m:55s (0h:2m:44s left)
 125 TN+F+I       18438.361   part1.3+part2.1+part2.3	0h:3m:55s (0h:2m:42s left)
 126 K2P+G4       18452.424   part1.3+part2.3+part3.1	0h:3m:56s (0h:2m:39s left)
 127 TN+F+G4      18436.561   part1.3+part2.2+part2.3	0h:3m:57s (0h:2m:36s left)
 128 HKY+F+G4     18412.992   part1.3+part2.3+part3.2	0h:3m:59s (0h:2m:35s left)
 129 HKY+F+G4     18454.415   part1.1+part1.3+part2.3	0h:4m:2s (0h:2m:34s left)
 130 K2P+G4       18502.420   part1.3+part2.3+part4.3	0h:4m:3s (0h:2m:31s left)
 131 HKY+F+G4     18459.571   part1.3+part2.3+part5.3	0h:4m:3s (0h:2m:28s left)
 132 TN+F+G4      18498.091   part1.3+part2.3+part5.2	0h:4m:4s (0h:2m:26s left)
 133 TN+F+G4      18509.418   part1.2+part1.3+part2.3	0h:4m:4s (0h:2m:23s left)
Merging part1.3+part2.3+part3.2 with BIC score: 18412.992 (LnL: -8813.346  df: 107)
 134 K2P+G4       18497.684   part1.3+part2.3+part3.2+part4.3	0h:4m:20s (0h:2m:29s left)
 135 HKY+F+G4     18539.106   part1.3+part2.3+part3.2+part4.1	0h:4m:22s (0h:2m:27s left)
 136 HKY+F+G4     18473.872   part1.3+part2.3+part3.2+part5.2	0h:4m:24s (0h:2m:25s left)
 137 HKY+F+G4     18405.066   part1.3+part2.1+part2.3+part3.2	0h:4m:25s (0h:2m:23s left)
 138 TN+F+G4      18567.981   part1.3+part2.3+part3.2+part4.2	0h:4m:26s (0h:2m:21s left)
 139 TN+F+G4      18408.085   part1.3+part2.2+part2.3+part3.2	0h:4m:26s (0h:2m:18s left)
 140 HKY+F+G4     18440.211   part1.3+part2.3+part3.2+part3.3	0h:4m:27s (0h:2m:15s left)
 141 HKY+F+G4     18427.184   part1.3+part2.3+part3.1+part3.2	0h:4m:28s (0h:2m:13s left)
 142 HKY+F+G4     18428.736   part1.1+part1.3+part2.3+part3.2	0h:4m:37s (0h:2m:14s left)
 143 HKY+F+G4     18445.401   part1.3+part2.3+part3.2+part5.1	0h:4m:38s (0h:2m:12s left)
 144 HKY+F+G4     18485.222   part1.2+part1.3+part2.3+part3.2	0h:4m:40s (0h:2m:10s left)
 145 HKY+F+G4     18430.247   part1.3+part2.3+part3.2+part5.3	0h:4m:40s (0h:2m:7s left)
Merging part4.1+part5.1 with BIC score: 18393.516 (LnL: -8814.631  df: 104)
 146 K2P+I+G4     18441.380   part2.1+part4.1+part5.1	0h:4m:50s (0h:2m:9s left)
 147 K2P+I+G4     18489.373   part3.1+part4.1+part5.1	0h:4m:52s (0h:2m:7s left)
 148 TNe+I+G4     18465.564   part4.1+part5.1+part5.3	0h:4m:53s (0h:2m:4s left)
 149 HKY+F+I+G4   18516.180   part4.1+part4.3+part5.1	0h:4m:53s (0h:2m:2s left)
 150 K2P+G4       18462.027   part3.3+part4.1+part5.1	0h:4m:54s (0h:1m:59s left)
 151 HKY+F+G4     18545.571   part1.3+part2.3+part3.2+part4.1+part5.1	0h:4m:57s (0h:1m:58s left)
 152 K2P+I+G4     18414.800   part2.2+part4.1+part5.1	0h:4m:58s (0h:1m:55s left)
 153 K2P+I+G4     18379.423   part4.1+part4.2+part5.1	0h:5m:0s (0h:1m:54s left)
 154 K2P+I+G4     18380.836   part4.1+part5.1+part5.2	0h:5m:4s (0h:1m:52s left)
 155 K2P+I+G4     18383.082   part1.1+part4.1+part5.1	0h:5m:5s (0h:1m:50s left)
 156 K2P+I+G4     18385.493   part1.2+part4.1+part5.1	0h:5m:6s (0h:1m:48s left)
Merging part1.2+part4.2 with BIC score: 18377.334 (LnL: -8817.563  df: 101)
 157 HKY+F+I+G4   18588.159   part1.2+part4.2+part4.3	0h:5m:21s (0h:1m:50s left)
 158 K2P+G4       18519.060   part1.2+part3.3+part4.2	0h:5m:21s (0h:1m:47s left)
 159 K2P+I+G4     18550.313   part1.2+part3.1+part4.2	0h:5m:22s (0h:1m:45s left)
 160 K2P+I+G4     18472.354   part1.2+part2.1+part4.2	0h:5m:24s (0h:1m:43s left)
 161 JC+I+G4      18364.862   part1.2+part4.2+part5.2	0h:5m:26s (0h:1m:41s left)
 162 TN+F+G4      18593.039   part1.2+part1.3+part2.3+part3.2+part4.2	0h:5m:27s (0h:1m:39s left)
 163 K2P+I+G4     18369.538   part1.2+part4.1+part4.2+part5.1	0h:5m:28s (0h:1m:36s left)
 164 K2P+I+G4     18434.364   part1.2+part2.2+part4.2	0h:5m:30s (0h:1m:34s left)
 165 TNe+I+G4     18520.489   part1.2+part4.2+part5.3	0h:5m:31s (0h:1m:32s left)
 166 K2P+I+G4     18388.318   part1.1+part1.2+part4.2	0h:5m:33s (0h:1m:30s left)
Merging part2.1+part2.2 with BIC score: 18364.245 (LnL: -8825.716  df: 97)
 167 K2P+G4       18366.350   part2.1+part2.2+part5.3	0h:5m:42s (0h:1m:30s left)
 168 K2P+G4       18356.364   part1.1+part2.1+part2.2	0h:5m:44s (0h:1m:28s left)
 169 K2P+G4       18352.358   part2.1+part2.2+part3.3	0h:5m:46s (0h:1m:26s left)
 170 TN+F+G4      18409.576   part2.1+part2.2+part4.3	0h:5m:46s (0h:1m:23s left)
 171 K2P+G4       18359.603   part2.1+part2.2+part3.1	0h:5m:47s (0h:1m:21s left)
 172 TNe+G4       18394.598   part2.1+part2.2+part5.2	0h:5m:48s (0h:1m:18s left)
 173 K2P+I+G4     18420.620   part2.1+part2.2+part4.1+part5.1	0h:5m:48s (0h:1m:16s left)
 174 TN+F+G4      18361.567   part1.3+part2.1+part2.2+part2.3+part3.2	0h:5m:55s (0h:1m:15s left)
 175 TIM3e+I+G4   18478.748   part1.2+part2.1+part2.2+part4.2	0h:5m:58s (0h:1m:13s left)
Merging part4.1+part5.1+part5.2 with BIC score: 18351.565 (LnL: -8826.724  df: 95)
 176 K2P+I+G4     18475.960   part3.1+part4.1+part5.1+part5.2	0h:6m:12s (0h:1m:14s left)
 177 HKY+F+I+G4   18516.871   part4.1+part4.3+part5.1+part5.2	0h:6m:13s (0h:1m:11s left)
 178 TNe+I+G4     18453.780   part4.1+part5.1+part5.2+part5.3	0h:6m:13s (0h:1m:9s left)
 179 K2P+G4       18449.416   part3.3+part4.1+part5.1+part5.2	0h:6m:13s (0h:1m:6s left)
 180 TIM3e+I+G4   18422.764   part2.1+part2.2+part4.1+part5.1+part5.2	0h:6m:14s (0h:1m:4s left)
 181 K2P+I+G4     18343.353   part1.1+part4.1+part5.1+part5.2	0h:6m:15s (0h:1m:2s left)
 182 HKY+F+G4     18545.971   part1.3+part2.3+part3.2+part4.1+part5.1+part5.2	0h:6m:17s (0h:1m:0s left)
 183 K2P+I+G4     18342.836   part1.2+part4.1+part4.2+part5.1+part5.2	0h:6m:20s (0h:0m:58s left)
Merging part2.1+part2.2+part3.3 with BIC score: 18339.678 (LnL: -8828.130  df: 93)
 184 K2P+G4       18332.364   part1.1+part2.1+part2.2+part3.3	0h:6m:29s (0h:0m:57s left)
 185 K2P+G4       18343.400   part2.1+part2.2+part3.3+part5.3	0h:6m:30s (0h:0m:54s left)
 186 K2P+G4       18379.757   part2.1+part2.2+part3.3+part4.3	0h:6m:31s (0h:0m:52s left)
 187 K2P+G4       18449.159   part2.1+part2.2+part3.3+part4.1+part5.1+part5.2	0h:6m:32s (0h:0m:50s left)
 188 K2P+G4       18334.501   part2.1+part2.2+part3.1+part3.3	0h:6m:34s (0h:0m:48s left)
 189 K2P+G4       18495.167   part1.2+part2.1+part2.2+part3.3+part4.2	0h:6m:34s (0h:0m:45s left)
 190 HKY+F+G4     18365.659   part1.3+part2.1+part2.2+part2.3+part3.2+part3.3	0h:6m:40s (0h:0m:44s left)
Merging part1.2+part4.1+part4.2+part5.1+part5.2 with BIC score: 18330.949 (LnL: -8831.114  df: 91)
 191 K2P+I+G4     18600.291   part1.2+part4.1+part4.2+part4.3+part5.1+part5.2	0h:6m:49s (0h:0m:42s left)
 192 TNe+I+G4     18499.842   part1.2+part4.1+part4.2+part5.1+part5.2+part5.3	0h:6m:51s (0h:0m:40s left)
 193 K2P+I+G4     18547.380   part1.2+part3.1+part4.1+part4.2+part5.1+part5.2	0h:6m:52s (0h:0m:38s left)
 194 K2P+I+G4     18329.862   part1.1+part1.2+part4.1+part4.2+part5.1+part5.2	0h:6m:54s (0h:0m:36s left)
 195 K2P+G4       18565.707   part1.2+part2.1+part2.2+part3.3+part4.1+part4.2+part5.1+part5.2	0h:6m:55s (0h:0m:34s left)
 196 TN+F+I+G4    18663.712   part1.2+part1.3+part2.3+part3.2+part4.1+part4.2+part5.1+part5.2	0h:6m:55s (0h:0m:31s left)
Merging part1.1+part2.1+part2.2+part3.3 with BIC score: 18323.636 (LnL: -8834.806  df: 89)
 197 TNe+G4       18330.058   part1.1+part2.1+part2.2+part3.3+part5.3	0h:7m:4s (0h:0m:30s left)
 198 K2P+G4       18365.737   part1.1+part2.1+part2.2+part3.3+part4.3	0h:7m:7s (0h:0m:28s left)
 199 K2P+G4       18322.636   part1.1+part2.1+part2.2+part3.1+part3.3	0h:7m:8s (0h:0m:25s left)
 200 K2P+G4       18551.835   part1.1+part1.2+part2.1+part2.2+part3.3+part4.1+part4.2+part5.1+part5.2	0h:7m:10s (0h:0m:23s left)
 201 HKY+F+G4     18358.202   part1.1+part1.3+part2.1+part2.2+part2.3+part3.2+part3.3	0h:7m:13s (0h:0m:21s left)
Merging part1.1+part2.1+part2.2+part3.1+part3.3 with BIC score: 18322.636 (LnL: -8841.654  df: 87)
 202 TNe+G4       18328.640   part1.1+part2.1+part2.2+part3.1+part3.3+part5.3	0h:7m:27s (0h:0m:19s left)
 203 K2P+G4       18598.100   part1.1+part1.2+part2.1+part2.2+part3.1+part3.3+part4.1+part4.2+part5.1+part5.2	0h:7m:29s (0h:0m:17s left)
 204 TIM3e+G4     18365.333   part1.1+part2.1+part2.2+part3.1+part3.3+part4.3	0h:7m:29s (0h:0m:15s left)
 205 K2P+G4       18358.406   part1.1+part1.3+part2.1+part2.2+part2.3+part3.1+part3.2+part3.3	0h:7m:30s (0h:0m:13s left)
BEST-FIT PARTITION MODEL: 
  charpartition BIC = K2P+G4: part1.1 part2.1 part2.2 part3.1 part3.3, K2P+I+G4: part1.2 part4.1 part4.2 part5.1 part5.2, HKY+F+G4: part1.3 part2.3 part3.2, TIM2+F+G4: part4.3, TNe+G4: part5.3;
Agglomerative model selection: (((part1.1,((part2.1,part2.2)5:18364.2,part3.3)7:18339.7)9:18323.6,part3.1)10:18322.6,((part1.2,part4.2)4:18377.3,((part4.1,part5.1)3:18393.5,part5.2)6:18351.6)8:18330.9,((part1.3,part2.3)1:18440.3,part3.2)2:18413,part4.3,part5.3)
Merging into 5 partitions...
Partition information was printed to 2_set32.best_scheme.nex
Partition information in Raxml format was printed to 2_set32.best_scheme

All model information printed to 2_set32.model.gz
CPU time for ModelFinder: 301.412 seconds (0h:5m:1s)
Wall-clock time for ModelFinder: 452.318 seconds (0h:7m:32s)
Generating 1000 samples for ultrafast bootstrap (seed: 47643)...

NOTE: 7 MB RAM (0 GB) is required!
Measuring multi-threading efficiency up to 8 CPU cores
Increase to 10 rounds for branch lengths
15 trees examined
Threads: 1 / Time: 8.303 sec / Speedup: 1.000 / Efficiency: 100% / LogL: -12602
Threads: 2 / Time: 25.722 sec / Speedup: 0.323 / Efficiency: 16% / LogL: -12602
BEST NUMBER OF THREADS: 1

Estimate model parameters (epsilon = 0.100)
Initial log-likelihood: -9466.036
Current log-likelihood at step 1: -9015.908
Current log-likelihood at step 2: -8942.689
Current log-likelihood at step 3: -8907.056
Current log-likelihood at step 4: -8881.573
Current log-likelihood at step 5: -8878.621
Current log-likelihood at step 6: -8875.539
Current log-likelihood at step 7: -8870.207
Current log-likelihood at step 8: -8867.490
Current log-likelihood at step 9: -8864.602
Current log-likelihood at step 10: -8861.520
Current log-likelihood at step 11: -8858.215
Current log-likelihood at step 12: -8854.658
Current log-likelihood at step 13: -8850.808
Current log-likelihood at step 14: -8846.620
Current log-likelihood at step 15: -8842.037
Current log-likelihood at step 16: -8836.990
Current log-likelihood at step 17: -8831.400
Current log-likelihood at step 18: -8825.182
Current log-likelihood at step 19: -8818.266
Current log-likelihood at step 20: -8810.685
Current log-likelihood at step 21: -8792.923
Current log-likelihood at step 22: -8792.918
Parameters optimization took 21 rounds (6.552 sec)

Computing ML distances based on estimated model parameters... 0.061 sec
Computing BIONJ tree...
0.004 seconds
Log-likelihood of BIONJ tree: -8915.352
--------------------------------------------------------------------
|             INITIALIZING CANDIDATE TREE SET                      |
--------------------------------------------------------------------
Generating 98 parsimony trees... 7.197 second
Computing log-likelihood of 98 initial trees ... 20.456 seconds
Current best score: -8778.028

Do NNI search on 20 best initial trees
Estimate model parameters (epsilon = 0.100)
Initial log-likelihood: -8776.808
Current log-likelihood at step 1: -8776.517
Current log-likelihood at step 2: -8776.516
Parameters optimization took 1 rounds (0.625 sec)

BETTER TREE FOUND at iteration 1: -8776.516
UPDATE BEST LOG-LIKELIHOOD: -8776.516
UPDATE BEST LOG-LIKELIHOOD: -8776.516
UPDATE BEST LOG-LIKELIHOOD: -8776.516
Iteration 10 / LogL: -8776.516 / Time: 0h:1m:25s
Iteration 20 / LogL: -8787.080 / Time: 0h:1m:39s
Finish initializing candidate tree set (5)
Current best tree score: -8776.516 / CPU time: 57.771
Number of iterations: 20
--------------------------------------------------------------------
|               OPTIMIZING CANDIDATE TREE SET                      |
--------------------------------------------------------------------
Iteration 30 / LogL: -8777.634 / Time: 0h:2m:4s (0h:5m:4s left)
Iteration 40 / LogL: -8776.516 / Time: 0h:2m:28s (0h:3m:52s left)
Iteration 50 / LogL: -8776.524 / Time: 0h:2m:52s (0h:2m:59s left)
Log-likelihood cutoff on original alignment: -8816.902
Iteration 60 / LogL: -8777.597 / Time: 0h:3m:13s (0h:2m:14s left)
Iteration 70 / LogL: -8777.609 / Time: 0h:3m:32s (0h:1m:35s left)
Iteration 80 / LogL: -8776.524 / Time: 0h:3m:49s (0h:1m:0s left)
Iteration 90 / LogL: -8776.516 / Time: 0h:4m:9s (0h:0m:30s left)
Iteration 100 / LogL: -8776.516 / Time: 0h:4m:30s (0h:0m:2s left)
Log-likelihood cutoff on original alignment: -8816.902
NOTE: Bootstrap correlation coefficient of split occurrence frequencies: 0.999
TREE SEARCH COMPLETED AFTER 102 ITERATIONS / Time: 0h:4m:36s

--------------------------------------------------------------------
|                    FINALIZING TREE SEARCH                        |
--------------------------------------------------------------------
Performs final model parameters optimization
Estimate model parameters (epsilon = 0.010)
Initial log-likelihood: -8776.516
Current log-likelihood at step 1: -8776.515
Parameters optimization took 0 rounds (0.226 sec)

BEST SCORE FOUND : -8776.515
Creating bootstrap support values...
Split supports printed to NEXUS file 2_set32.splits.nex
Total tree length: 1.564

Total number of iterations: 102
CPU time used for tree search: 50.952 sec (0h:0m:50s)
Wall-clock time used for tree search: 234.726 sec (0h:3m:54s)
Total CPU time used: 57.521 sec (0h:0m:57s)
Total wall-clock time used: 277.973 sec (0h:4m:37s)

Computing bootstrap consensus tree...
Reading input file 2_set32.splits.nex...
35 taxa and 177 splits.
Consensus tree written to 2_set32.contree
Reading input trees file 2_set32.contree
Log-likelihood of consensus tree: -8776.516

Analysis results written to: 
  IQ-TREE report:                2_set32.iqtree
  Maximum-likelihood tree:       2_set32.treefile
  Likelihood distances:          2_set32.mldist
  Best partitioning scheme:      2_set32.best_scheme.nex
           in RAxML format:      2_set32.best_scheme

Ultrafast bootstrap approximation results written to:
  Split support values:          2_set32.splits.nex
  Consensus tree:                2_set32.contree
  Screen log file:               2_set32.log

Date and Time: Thu Sep  6 17:44:33 2018
