IQ-TREE multicore version 1.6.7 for Mac OS X 64-bit built Aug 23 2018
Developed by Bui Quang Minh, Nguyen Lam Tung, Olga Chernomor,
Heiko Schmidt, Dominik Schrempf, Michael Woodhams.

Host:    meeps-mac-pro.staff.sydney.edu.au (AVX, 64 GB RAM)
Command: /Users/davidduchene/Desktop/Software/iqtree-1.6.7-MacOSX/bin/iqtree -s ../../../../marsupials/set117.fasta -m TESTMERGE -bb 1000 -sp ../../../../marsupials/set117.nex -nt AUTO -pre 6_set117
Seed:    714157 (Using SPRNG - Scalable Parallel Random Number Generator)
Time:    Fri Sep  7 12:59:22 2018
Kernel:  AVX - auto-detect threads (8 CPU cores detected)

Reading partition model file ../../../../marsupials/set117.nex ...
Reading alignment file ../../../../marsupials/set117.fasta ... Fasta format detected
Alignment most likely contains DNA/RNA sequences
Alignment has 35 sequences with 3174 columns, 1253 distinct patterns
853 parsimony-informative, 403 singleton sites, 1918 constant sites
                                              Gap/Ambiguity  Composition  p-value
   1  Burramyidae_Burramys_parvus                     1.39%    passed     99.81%
   2  Notoryctidae_Notoryctes_typhlops                6.68%    passed     48.28%
   3  Vombatidae_Lasiorhinus_latifrons                0.82%    passed     96.75%
   4  Potoroidae_Bettongia_penicillata                2.08%    passed     68.19%
   5  Potoroidae_Bettongia_lesueur                    1.20%    passed     73.29%
   6  Dasyuridae_Dasyurus_maculatus                   0.22%    passed     63.79%
   7  Phalangeridae_Trichosurus_vulpecula             1.13%    passed     97.19%
   8  Phalangeridae_Spilocuscus_maculatus             0.91%    passed     83.02%
   9  Potoroidae_Aepyprymnus_rufescens                0.35%    passed     94.95%
  10  Peramelidae_Perameles_nasuta                    2.84%    passed     87.54%
  11  Phalangeridae_Strigocuscus_pelengensis         14.90%    passed     87.72%
  12  Dasyuridae_Phascogale_tapoatafa                 0.19%    passed     88.69%
  13  Dasyuridae_Sminthopsis_macroura                 0.19%    passed     84.27%
  14  Phalangeridae_Phalanger_orientalis              1.17%    passed     78.47%
  15  Acrobatidae_Acrobates_pygmaeus                  5.36%    passed     82.51%
  16  Dasyuridae_Phascogale_calura                    0.35%    passed     79.40%
  17  Dasyuridae_Sarcophilus_harrisii                 0.19%    passed     52.24%
  18  Dasyuridae_Planigale_tenuirostris               6.36%    passed     65.37%
  19  Peramelidae_Echymipera_kalubu                   6.11%    passed     91.38%
  20  Macropodidae_Dorcopsulus_vanheurni              2.77%    passed     80.16%
  21  Pseudochiridae_Pseudochirulus_forbesi           2.77%    passed     75.72%
  22  Didelphidae_Didelphis_virginiana                4.06%    passed     89.18%
  23  Marmosidae_Monodelphis_domestica                0.60%    passed     92.30%
  24  Dasyuridae_Antechinus_stuartii                  0.76%    passed     75.07%
  25  Hypsiprymnodontidae_Hypsiprymnodon_moschatus    0.19%    passed     69.47%
  26  Microbiotheriidae_Dromiciops_gliroides          3.50%    passed     93.71%
  27  Pseudochiridae_Petauroides_volans               3.15%    passed     55.09%
  28  Macropodidae_Wallabia_bicolor                   8.60%    passed     68.28%
  29  Pseudochiridae_Pseudocheirus_occidentalis       2.71%    passed     75.04%
  30  Tarsipedidae_Tarsipes_rostratus                10.02%    passed     89.57%
  31  Acrobatidae_Distoechurus_pennatus               0.69%    passed     83.31%
  32  Phalangeridae_Phalanger_carmelitae              0.57%    passed     91.27%
  33  Peramelidae_Peroryctes_raffrayana               6.68%    passed     90.01%
  34  Dasyuridae_Dasyurus_geffroii                    4.73%    passed     38.54%
  35  Peramelidae_Perameles_gunnii                    0.47%    passed     78.83%
****  TOTAL                                           2.99%  0 sequences failed composition chi2 test (p-value<5%; df=3)
NOTE: No CharPartition defined, use all CharSets

Loading 15 partitions...
Subset	Type	Seqs	Sites	Infor	Invar	Model	Name
1		35	373	24	329	TESTMERGE	part1.1
2		35	373	10	356	TESTMERGE	part1.2
3		35	373	188	112	TESTMERGE	part1.3
4		35	77	18	39	TESTMERGE	part2.1
5		35	77	18	35	TESTMERGE	part2.2
6		35	77	36	21	TESTMERGE	part2.3
7		35	215	21	171	TESTMERGE	part3.1
8		35	215	11	182	TESTMERGE	part3.2
9		35	215	103	68	TESTMERGE	part3.3
10		35	70	6	53	TESTMERGE	part4.1
11		35	70	8	55	TESTMERGE	part4.2
12		35	70	23	26	TESTMERGE	part4.3
13		35	323	95	191	TESTMERGE	part5.1
14		35	323	77	226	TESTMERGE	part5.2
15		35	323	215	54	TESTMERGE	part5.3
Degree of missing data: 0.000
Info: multi-threading strategy over partitions



Create initial parsimony tree by phylogenetic likelihood library (PLL)... 0.011 seconds
NOTE: ModelFinder requires 13 MB RAM!
NUMBER OF THREADS FOR PARTITION FINDING: 8
Testing GTR+F+G on supermatrix...
GTR+F+G4 / LnL: -19569.808 / df: 76 / AIC: 39291.617 / AICc: 39295.396 / BIC: 39752.385
Selecting individual models for 15 charsets using BIC...
 No. Model        Score       Charset
   1 K2P+G4       1702.575    part2.3
   2 K2P+G4       3681.027    part3.3
   3 HKY+F+I      2436.690    part1.1
   4 HKY+F+I      1808.704    part1.2
   5 K2P+I+G4     4014.159    part5.2
   6 K2P+G4       1149.813    part2.2
   7 K2P+G4       4574.306    part5.1
   8 JC           710.463     part4.1
   9 TN+F+G4      1478.444    part3.2
  10 HKY+F        1156.894    part4.3	0h:0m:17s (0h:5m:55s left)
  11 TNe+G4       722.293     part4.2	0h:0m:17s (0h:5m:26s left)
  12 TNe+G4       1145.004    part2.1	0h:0m:18s (0h:5m:9s left)
  13 K2P+G4       1738.088    part3.1	0h:0m:19s (0h:4m:59s left)
  14 GTR+F+G4     8046.384    part5.3	0h:0m:20s (0h:4m:54s left)
  15 TIM+F+G4     7225.208    part1.3	0h:0m:21s (0h:4m:34s left)
Full partition model BIC score: 44683.062 (LnL: -18068.275  df:1060)
Merging models to increase model fit (about 211 total partition schemes)...
  16 TIM+F+G4     44472.860   part1.3+part5.2	0h:0m:35s (0h:7m:9s left)
  17 K2P+G4       44429.789   part5.2+part5.3	0h:0m:35s (0h:6m:44s left)
  18 TIM+F+I+G4   44508.499   part1.1+part1.3	0h:0m:37s (0h:6m:37s left)
  19 GTR+F+G4     44251.827   part1.3+part3.3	0h:0m:37s (0h:6m:23s left)
  20 TVM+F+G4     44411.697   part1.3+part5.1	0h:0m:41s (0h:6m:32s left)
  21 TPM3u+F+G4   44356.443   part5.1+part5.3	0h:0m:42s (0h:6m:26s left)
  22 TIM2+F+G4    44306.410   part3.3+part5.3	0h:0m:43s (0h:6m:10s left)
  23 GTR+F+G4     44228.895   part1.3+part5.3	0h:0m:51s (0h:6m:57s left)
  24 K3Pu+F+I+G4  44618.540   part1.2+part1.3	0h:0m:54s (0h:7m:4s left)
  25 TPM3u+F+I+G4 44596.854   part1.1+part5.3	0h:0m:54s (0h:6m:48s left)
  26 TPM2+F+G4    44296.250   part2.3+part5.3	0h:0m:55s (0h:6m:37s left)
  27 TIM+F+G4     44281.089   part1.3+part2.3	0h:0m:56s (0h:6m:22s left)
  28 TN+F+I+G4    44718.213   part1.2+part5.3	0h:0m:58s (0h:6m:21s left)
  29 TIM+F+G4     44341.044   part1.3+part2.2	0h:0m:58s (0h:6m:8s left)
  30 TPM2+F+G4    44387.118   part2.2+part5.3	0h:0m:59s (0h:5m:59s left)
  31 TIM+F+G4     44290.123   part1.3+part4.3	0h:1m:8s (0h:6m:36s left)
  32 K2P+G4       44280.680   part4.3+part5.3	0h:1m:12s (0h:6m:46s left)
  33 TIM+F+G4     44432.156   part1.3+part3.1	0h:1m:12s (0h:6m:33s left)
  34 TIM+F+G4     44485.786   part1.3+part3.2	0h:1m:15s (0h:6m:32s left)
  35 TPM3u+F+G4   44492.911   part3.1+part5.3	0h:1m:17s (0h:6m:30s left)
  36 TVM+F+G4     44361.043   part2.1+part5.3	0h:1m:18s (0h:6m:20s left)
  37 GTR+F+G4     44323.239   part1.3+part2.1	0h:1m:19s (0h:6m:12s left)
  38 K2P+G4       44520.139   part3.2+part5.3	0h:1m:20s (0h:6m:6s left)
  39 K2P+G4       44376.444   part3.3+part5.1	0h:1m:26s (0h:6m:19s left)
  40 K2P+G4       44379.758   part3.3+part5.2	0h:1m:31s (0h:6m:32s left)
  41 TIM+F+G4     44272.475   part1.3+part4.2	0h:1m:32s (0h:6m:24s left)
  42 HKY+F+G4     44306.704   part4.2+part5.3	0h:1m:32s (0h:6m:13s left)
  43 K2P+I+G4     44213.193   part5.1+part5.2	0h:1m:35s (0h:6m:11s left)
  44 TIM+F+G4     44278.893   part1.3+part4.1	0h:1m:35s (0h:6m:2s left)
  45 TPM2+F+G4    44301.865   part4.1+part5.3	0h:1m:36s (0h:5m:57s left)
  46 TPM3u+F+I+G4 44296.379   part1.1+part5.1	0h:1m:37s (0h:5m:51s left)
  47 K2P+I        44408.529   part1.1+part3.3	0h:1m:40s (0h:5m:51s left)
  48 K2P+G4       44469.602   part1.2+part3.3	0h:1m:44s (0h:5m:55s left)
  49 K2P+G4       44300.637   part2.3+part5.1	0h:1m:46s (0h:5m:50s left)
  50 K2P+G4       44332.929   part2.2+part5.1	0h:1m:48s (0h:5m:50s left)
  51 K2P+I+G4     44263.856   part1.1+part5.2	0h:1m:50s (0h:5m:47s left)
  52 K2P+G4       44284.131   part4.3+part5.1	0h:1m:51s (0h:5m:39s left)
  53 TIM3+F+I+G4  44346.662   part1.2+part5.1	0h:1m:52s (0h:5m:34s left)
  54 K2P+G4       44241.218   part2.3+part3.3	0h:1m:53s (0h:5m:30s left)
  55 K2P+G4       44303.003   part2.2+part3.3	0h:1m:54s (0h:5m:25s left)
  56 K2P+I+G4     44292.594   part3.1+part5.1	0h:1m:55s (0h:5m:20s left)
  57 K2P+G4       44210.565   part3.3+part4.3	0h:1m:58s (0h:5m:19s left)
  58 K2P+G4       44280.485   part2.1+part3.3	0h:2m:1s (0h:5m:19s left)
  59 K2P+G4       44307.136   part2.1+part5.1	0h:2m:1s (0h:5m:12s left)
  60 K2P+G4       44301.216   part3.1+part3.3	0h:2m:1s (0h:5m:5s left)
  61 HKY+F+G4     44335.991   part3.2+part3.3	0h:2m:3s (0h:5m:4s left)
  62 K2P+I+G4     44281.712   part3.2+part5.1	0h:2m:6s (0h:5m:3s left)
  63 K2P+I+G4     44325.609   part2.3+part5.2	0h:2m:8s (0h:5m:1s left)
  64 K2P+I+G4     44287.687   part1.2+part5.2	0h:2m:11s (0h:5m:2s left)
  65 K2P+I+G4     44218.959   part4.2+part5.1	0h:2m:13s (0h:5m:0s left)
  66 K2P+I+G4     44285.035   part4.3+part5.2	0h:2m:15s (0h:4m:57s left)
  67 K2P+G4       44343.038   part2.2+part5.2	0h:2m:15s (0h:4m:51s left)
  68 K2P+I+G4     44272.679   part3.1+part5.2	0h:2m:17s (0h:4m:48s left)
  69 K2P+G4       44233.964   part3.3+part4.1	0h:2m:17s (0h:4m:42s left)
  70 K2P+G4       44230.952   part3.3+part4.2	0h:2m:17s (0h:4m:37s left)
  71 K2P+I+G4     44213.087   part4.1+part5.1	0h:2m:18s (0h:4m:33s left)
  72 K2P+I+G4     44313.136   part2.1+part5.2	0h:2m:28s (0h:4m:46s left)
  73 K2P+G4       44301.630   part1.1+part4.3	0h:2m:29s (0h:4m:43s left)
  74 K2P+G4       44308.770   part1.1+part2.2	0h:2m:29s (0h:4m:37s left)
  75 K2P+I+G4     44212.797   part4.1+part5.2	0h:2m:32s (0h:4m:35s left)
  76 K2P+I+G4     44255.822   part3.2+part5.2	0h:2m:32s (0h:4m:30s left)
  77 K2P+G4       44332.117   part1.1+part2.3	0h:2m:34s (0h:4m:28s left)
  78 K2P+I+G4     44205.974   part4.2+part5.2	0h:2m:34s (0h:4m:23s left)
  79 HKY+F+I      44170.555   part1.1+part1.2	0h:2m:35s (0h:4m:20s left)
  80 K2P+I        44278.412   part1.1+part2.1	0h:2m:39s (0h:4m:21s left)
  81 K2P+I        44208.110   part1.1+part3.2	0h:2m:42s (0h:4m:21s left)
  82 K2P+I        44220.066   part1.1+part3.1	0h:2m:42s (0h:4m:16s left)
  83 K2P+I        44317.030   part1.2+part4.3	0h:2m:43s (0h:4m:12s left)
  84 K2P+I+G4     44349.704   part1.2+part2.3	0h:2m:44s (0h:4m:9s left)
  85 K2P+G4       44207.697   part2.2+part2.3	0h:2m:45s (0h:4m:4s left)
  86 K2P+I        44291.349   part1.2+part2.2	0h:2m:45s (0h:4m:0s left)
  87 K2P+I        44224.393   part1.2+part3.1	0h:2m:46s (0h:3m:57s left)
  88 HKY+F+I      44196.524   part1.1+part4.1	0h:2m:52s (0h:4m:0s left)
  89 K2P+G4       44283.305   part2.3+part3.1	0h:2m:52s (0h:3m:56s left)
  90 HKY+F+G4     44222.676   part2.3+part4.3	0h:2m:54s (0h:3m:53s left)
  91 K2P+I        44189.250   part1.1+part4.2	0h:2m:54s (0h:3m:49s left)
  92 HKY+F        44224.614   part2.2+part4.3	0h:2m:54s (0h:3m:45s left)
  93 K2P+G4       44266.345   part2.2+part3.1	0h:2m:55s (0h:3m:42s left)
  94 K2P+I        44210.111   part1.2+part3.2	0h:2m:56s (0h:3m:39s left)
  95 TN+F+I       44273.852   part1.2+part2.1	0h:2m:56s (0h:3m:35s left)
  96 K2P+G4       44206.771   part2.1+part2.3	0h:2m:58s (0h:3m:33s left)
  97 K2P+G4       44161.527   part2.1+part2.2	0h:2m:58s (0h:3m:29s left)
  98 K3P+G4       44233.870   part3.1+part4.3	0h:2m:58s (0h:3m:26s left)
  99 K2P+G4       44245.185   part2.1+part3.1	0h:3m:0s (0h:3m:24s left)
 100 HKY+F+G4     44316.807   part2.3+part3.2	0h:3m:0s (0h:3m:20s left)
 101 HKY+F+G4     44281.663   part2.2+part3.2	0h:3m:0s (0h:3m:16s left)
 102 HKY+F+G4     44239.145   part3.2+part4.3	0h:3m:1s (0h:3m:13s left)
 103 TN+F+G4      44230.046   part2.1+part4.3	0h:3m:1s (0h:3m:10s left)
 104 K2P+G4       44161.794   part3.1+part3.2	0h:3m:5s (0h:3m:10s left)
 105 HKY+F+I      44199.769   part1.2+part4.1	0h:3m:7s (0h:3m:9s left)
 106 K2P+G4       44220.740   part2.2+part4.1	0h:3m:7s (0h:3m:5s left)
 107 HKY+F+G4     44269.383   part2.1+part3.2	0h:3m:7s (0h:3m:2s left)
 108 K2P+G4       44228.424   part2.3+part4.1	0h:3m:8s (0h:2m:59s left)
 109 HKY+F+I      44182.466   part1.2+part4.2	0h:3m:9s (0h:2m:57s left)
 110 K2P+G4       44221.960   part2.3+part4.2	0h:3m:9s (0h:2m:53s left)
 111 K2P+G4       44205.084   part2.2+part4.2	0h:3m:9s (0h:2m:50s left)
 112 K2P+G4       44210.706   part4.1+part4.3	0h:3m:11s (0h:2m:49s left)
 113 HKY+F+G4     44205.858   part4.2+part4.3	0h:3m:14s (0h:2m:48s left)
 114 K2P+G4       44207.833   part2.1+part4.1	0h:3m:16s (0h:2m:46s left)
 115 K2P+G4       44171.228   part3.2+part4.1	0h:3m:16s (0h:2m:43s left)
 116 TIM2e+G4     44185.350   part3.1+part4.1	0h:3m:16s (0h:2m:40s left)
 117 K2P+G4       44173.615   part3.1+part4.2	0h:3m:16s (0h:2m:38s left)
 118 K2P+G4       44197.021   part2.1+part4.2	0h:3m:17s (0h:2m:35s left)
 119 TN+F+G4      44157.748   part3.2+part4.2	0h:3m:17s (0h:2m:32s left)
 120 K2P+G4       44174.538   part4.1+part4.2	0h:3m:17s (0h:2m:29s left)
Merging part3.2+part4.2 with BIC score: 44157.748 (LnL: -18087.814  df: 990)
 121 TN+F+G4      43770.577   part2.2+part3.2+part4.2	0h:3m:23s (0h:2m:31s left)
 122 TN+F+G4      43810.132   part2.3+part3.2+part4.2	0h:3m:25s (0h:2m:29s left)
 123 HKY+F+G4     43838.626   part3.2+part3.3+part4.2	0h:3m:27s (0h:2m:28s left)
 124 HKY+F+I      43704.797   part1.2+part3.2+part4.2	0h:3m:27s (0h:2m:25s left)
 125 K2P+I        43710.024   part1.1+part3.2+part4.2	0h:3m:27s (0h:2m:22s left)
 126 TPM3u+F+I+G4 43772.557   part3.2+part4.2+part5.2	0h:3m:31s (0h:2m:22s left)
 127 TIM2e+G4     43659.508   part3.2+part4.1+part4.2	0h:3m:32s (0h:2m:20s left)
 128 TIM+F+G4     44015.738   part1.3+part3.2+part4.2	0h:3m:33s (0h:2m:18s left)
 129 K2P+G4       43654.057   part3.1+part3.2+part4.2	0h:3m:33s (0h:2m:15s left)
 130 HKY+F+G4     43758.928   part2.1+part3.2+part4.2	0h:3m:33s (0h:2m:13s left)
 131 K2P+G4       44066.209   part3.2+part4.2+part5.3	0h:3m:35s (0h:2m:11s left)
 132 TN+F+G4      43724.459   part3.2+part4.2+part4.3	0h:3m:35s (0h:2m:8s left)
 133 K2P+I+G4     43802.545   part3.2+part4.2+part5.1	0h:3m:36s (0h:2m:7s left)
Merging part2.1+part2.2 with BIC score: 43636.213 (LnL: -18109.242  df: 920)
 134 K2P+G4       43179.910   part2.1+part2.2+part4.1	0h:3m:41s (0h:2m:6s left)
 135 K2P+G4       43252.898   part2.1+part2.2+part3.1	0h:3m:42s (0h:2m:5s left)
WARNING: ABNORMAL_TERMINATION_IN_LNSRCH
 136 K2P+I+G4     43303.006   part1.2+part2.1+part2.2	0h:3m:44s (0h:2m:4s left)
 137 K2P+G4       43313.734   part1.1+part2.1+part2.2	0h:3m:45s (0h:2m:1s left)
 138 K2P+G4       43183.028   part2.1+part2.2+part2.3	0h:3m:47s (0h:2m:0s left)
 139 K2P+G4       43379.925   part2.1+part2.2+part5.2	0h:3m:49s (0h:1m:59s left)
 140 HKY+F+G4     43293.739   part2.1+part2.2+part3.2+part4.2	0h:3m:52s (0h:1m:57s left)
 141 TIM+F+G4     43414.221   part1.3+part2.1+part2.2	0h:3m:53s (0h:1m:56s left)
 142 K2P+G4       43331.238   part2.1+part2.2+part3.3	0h:3m:53s (0h:1m:53s left)
 143 TN+F+G4      43209.921   part2.1+part2.2+part4.3	0h:3m:54s (0h:1m:51s left)
 144 K2P+G4       43476.006   part2.1+part2.2+part5.3	0h:3m:56s (0h:1m:49s left)
 145 K2P+G4       43380.097   part2.1+part2.2+part5.1	0h:3m:56s (0h:1m:47s left)
Merging part1.1+part1.2 with BIC score: 43123.706 (LnL: -18143.248  df: 848)
 146 K2P+I        42791.642   part1.1+part1.2+part4.3	0h:4m:4s (0h:1m:48s left)
 147 HKY+F+I      42689.127   part1.1+part1.2+part3.1	0h:4m:6s (0h:1m:47s left)
 148 HKY+F+I+G4   42831.733   part1.1+part1.2+part2.3	0h:4m:7s (0h:1m:45s left)
 149 HKY+F+I      42708.347   part1.1+part1.2+part3.2+part4.2	0h:4m:7s (0h:1m:42s left)
 150 K2P+I+G4     42879.130   part1.1+part1.2+part2.1+part2.2	0h:4m:8s (0h:1m:40s left)
 151 K2P+G4       42978.510   part1.1+part1.2+part3.3	0h:4m:9s (0h:1m:38s left)
 152 K3Pu+F+I+G4  43164.014   part1.1+part1.2+part1.3	0h:4m:14s (0h:1m:38s left)
 153 HKY+F+I      42644.828   part1.1+part1.2+part4.1	0h:4m:14s (0h:1m:36s left)
 154 TPM3u+F+I+G4 43292.257   part1.1+part1.2+part5.3	0h:4m:16s (0h:1m:34s left)
 155 HKY+F+I+G4   42776.698   part1.1+part1.2+part5.2	0h:4m:18s (0h:1m:33s left)
 156 TPM3u+F+I+G4 42827.962   part1.1+part1.2+part5.1	0h:4m:19s (0h:1m:31s left)
Merging part3.1+part3.2+part4.2 with BIC score: 42620.015 (LnL: -18185.693  df: 775)
 157 TIM2e+G4     42124.570   part3.1+part3.2+part4.1+part4.2	0h:4m:24s (0h:1m:30s left)
 158 K2P+G4       42202.286   part3.1+part3.2+part4.2+part4.3	0h:4m:24s (0h:1m:28s left)
 159 K2P+G4       42326.541   part2.1+part2.2+part3.1+part3.2+part4.2	0h:4m:26s (0h:1m:27s left)
 160 K2P+I+G4     42293.421   part2.3+part3.1+part3.2+part4.2	0h:4m:27s (0h:1m:25s left)
 161 K2P+G4       42333.318   part3.1+part3.2+part3.3+part4.2	0h:4m:28s (0h:1m:23s left)
 162 K2P+I        42233.969   part1.1+part1.2+part3.1+part3.2+part4.2	0h:4m:31s (0h:1m:21s left)
 163 K2P+I+G4     42327.566   part3.1+part3.2+part4.2+part5.1	0h:4m:31s (0h:1m:19s left)
 164 TIM+F+I+G4   42593.517   part1.3+part3.1+part3.2+part4.2	0h:4m:31s (0h:1m:17s left)
 165 K2P+I+G4     42292.199   part3.1+part3.2+part4.2+part5.2	0h:4m:33s (0h:1m:16s left)
 166 K2P+I+G4     42669.526   part3.1+part3.2+part4.2+part5.3	0h:4m:37s (0h:1m:15s left)
Merging part3.1+part3.2+part4.1+part4.2 with BIC score: 42124.570 (LnL: -18200.010  df: 710)
 167 TIM2e+G4     41703.685   part3.1+part3.2+part4.1+part4.2+part4.3	0h:4m:42s (0h:1m:14s left)
 168 K2P+G4       41829.936   part2.1+part2.2+part3.1+part3.2+part4.1+part4.2	0h:4m:43s (0h:1m:12s left)
 169 K2P+I+G4     41794.833   part2.3+part3.1+part3.2+part4.1+part4.2	0h:4m:44s (0h:1m:10s left)
 170 TIM2e+G4     41839.810   part3.1+part3.2+part3.3+part4.1+part4.2	0h:4m:44s (0h:1m:8s left)
 171 K2P+I+G4     41808.244   part3.1+part3.2+part4.1+part4.2+part5.2	0h:4m:46s (0h:1m:7s left)
 172 K2P+I        41737.276   part1.1+part1.2+part3.1+part3.2+part4.1+part4.2	0h:4m:46s (0h:1m:5s left)
 173 K2P+I+G4     41834.528   part3.1+part3.2+part4.1+part4.2+part5.1	0h:4m:47s (0h:1m:3s left)
 174 K3Pu+F+I+G4  42112.743   part1.3+part3.1+part3.2+part4.1+part4.2	0h:4m:47s (0h:1m:1s left)
 175 K2P+I+G4     42199.133   part3.1+part3.2+part4.1+part4.2+part5.3	0h:4m:53s (0h:1m:0s left)
Merging part3.3+part4.3 with BIC score: 41652.073 (LnL: -18249.988  df: 639)
 176 TIM2e+G4     41387.834   part3.1+part3.2+part3.3+part4.1+part4.2+part4.3	0h:5m:0s (0h:0m:59s left)
 177 K2P+G4       41562.197   part1.1+part1.2+part3.3+part4.3	0h:5m:2s (0h:0m:58s left)
 178 K2P+G4       41346.184   part2.1+part2.2+part3.3+part4.3	0h:5m:2s (0h:0m:56s left)
 179 K2P+G4       41216.191   part2.3+part3.3+part4.3	0h:5m:2s (0h:0m:54s left)
 180 K2P+G4       41378.938   part3.3+part4.3+part5.2	0h:5m:4s (0h:0m:52s left)
 181 K2P+G4       41375.397   part3.3+part4.3+part5.1	0h:5m:4s (0h:0m:50s left)
 182 GTR+F+G4     41276.351   part1.3+part3.3+part4.3	0h:5m:7s (0h:0m:48s left)
 183 K2P+G4       41314.371   part3.3+part4.3+part5.3	0h:5m:8s (0h:0m:47s left)
Merging part5.1+part5.2 with BIC score: 41182.204 (LnL: -18293.219  df: 570)
 184 K2P+I+G4     40837.443   part2.3+part5.1+part5.2	0h:5m:29s (0h:0m:48s left)
 185 K2P+I+G4     40983.653   part2.1+part2.2+part5.1+part5.2	0h:5m:32s (0h:0m:46s left)
 186 K2P+I+G4     40976.571   part3.3+part4.3+part5.1+part5.2	0h:5m:33s (0h:0m:44s left)
 187 TIM+F+I+G4   41041.803   part1.3+part5.1+part5.2	0h:5m:35s (0h:0m:43s left)
 188 K2P+I+G4     40917.479   part3.1+part3.2+part4.1+part4.2+part5.1+part5.2	0h:5m:36s (0h:0m:41s left)
 189 HKY+F+I+G4   40917.305   part1.1+part1.2+part5.1+part5.2	0h:5m:36s (0h:0m:39s left)
 190 K2P+I+G4     40971.242   part5.1+part5.2+part5.3	0h:5m:37s (0h:0m:37s left)
Merging part1.3+part5.3 with BIC score: 40728.037 (LnL: -18364.457  df: 496)
 191 GTR+F+G4     40592.191   part1.3+part2.1+part2.2+part5.3	0h:6m:1s (0h:0m:37s left)
 192 GTR+F+G4     40349.884   part1.3+part2.3+part5.3	0h:6m:5s (0h:0m:36s left)
 193 TIM+F+G4     40958.687   part1.3+part3.1+part3.2+part4.1+part4.2+part5.3	0h:6m:6s (0h:0m:34s left)
 194 GTR+F+G4     40406.439   part1.3+part3.3+part4.3+part5.3	0h:6m:8s (0h:0m:32s left)
 195 K3Pu+F+I+G4  41088.945   part1.1+part1.2+part1.3+part5.3	0h:6m:8s (0h:0m:30s left)
 196 TIM+F+G4     40672.248   part1.3+part5.1+part5.2+part5.3	0h:6m:8s (0h:0m:28s left)
Merging part2.1+part2.2+part2.3 with BIC score: 40274.852 (LnL: -18416.030  df: 427)
 197 K2P+G4       40035.865   part2.1+part2.2+part2.3+part3.1+part3.2+part4.1+part4.2	0h:6m:21s (0h:0m:27s left)
 198 K2P+I+G4     40115.036   part1.1+part1.2+part2.1+part2.2+part2.3	0h:6m:22s (0h:0m:25s left)
 199 K2P+G4       39949.325   part2.1+part2.2+part2.3+part3.3+part4.3	0h:6m:23s (0h:0m:23s left)
 200 K2P+I+G4     40121.066   part2.1+part2.2+part2.3+part5.1+part5.2	0h:6m:24s (0h:0m:21s left)
 201 GTR+F+G4     40168.648   part1.3+part2.1+part2.2+part2.3+part5.3	0h:6m:30s (0h:0m:19s left)
Merging part1.1+part1.2+part3.1+part3.2+part4.1+part4.2 with BIC score: 39887.558 (LnL: -18520.704  df: 353)
 202 TIM2e+G4     39754.267   part1.1+part1.2+part3.1+part3.2+part3.3+part4.1+part4.2+part4.3	0h:6m:43s (0h:0m:17s left)
 203 K2P+I+G4     39745.675   part1.1+part1.2+part2.1+part2.2+part2.3+part3.1+part3.2+part4.1+part4.2	0h:6m:43s (0h:0m:15s left)
 204 HKY+F+I+G4   39693.860   part1.1+part1.2+part3.1+part3.2+part4.1+part4.2+part5.1+part5.2	0h:6m:49s (0h:0m:14s left)
 205 K3Pu+F+I+G4  40462.667   part1.1+part1.2+part1.3+part3.1+part3.2+part4.1+part4.2+part5.3	0h:6m:54s (0h:0m:12s left)
Merging part2.1+part2.2+part2.3+part3.3+part4.3 with BIC score: 39562.031 (LnL: -18636.105  df: 284)
 206 K2P+G4       39576.238   part1.1+part1.2+part2.1+part2.2+part2.3+part3.1+part3.2+part3.3+part4.1+part4.2+part4.3	0h:7m:7s (0h:0m:10s left)
 207 K2P+G4       39465.998   part2.1+part2.2+part2.3+part3.3+part4.3+part5.1+part5.2	0h:7m:8s (0h:0m:8s left)
 208 GTR+F+G4     39413.927   part1.3+part2.1+part2.2+part2.3+part3.3+part4.3+part5.3	0h:7m:17s (0h:0m:6s left)
Merging part1.1+part1.2+part3.1+part3.2+part4.1+part4.2+part5.1+part5.2 with BIC score: 39368.333 (LnL: -18805.327  df: 218)
 209 K2P+I+G4     39446.916   part1.1+part1.2+part2.1+part2.2+part2.3+part3.1+part3.2+part3.3+part4.1+part4.2+part4.3+part5.1+part5.2	0h:7m:37s (0h:0m:4s left)
 210 TPM3u+F+I+G4 39785.788   part1.1+part1.2+part1.3+part3.1+part3.2+part4.1+part4.2+part5.1+part5.2+part5.3	0h:7m:44s (0h:0m:2s left)
Merging part1.3+part2.1+part2.2+part2.3+part3.3+part4.3+part5.3 with BIC score: 39220.229 (LnL: -19009.440  df: 149)
 211 TPM3u+F+I+G4 39702.126   part1.1+part1.2+part1.3+part2.1+part2.2+part2.3+part3.1+part3.2+part3.3+part4.1+part4.2+part4.3+part5.1+part5.2+part5.3	0h:8m:14s (0h:0m:0s left)
BEST-FIT PARTITION MODEL: 
  charpartition BIC = HKY+F+I+G4: part1.1 part1.2 part3.1 part3.2 part4.1 part4.2 part5.1 part5.2, GTR+F+G4: part1.3 part2.1 part2.2 part2.3 part3.3 part4.3 part5.3;
Agglomerative model selection: ((((part1.1,part1.2)3:43123.7,((part3.1,(part3.2,part4.2)1:44157.7)4:42620,part4.1)5:42124.6)10:39887.6,(part5.1,part5.2)7:41182.2)12:39368.3,((part1.3,part5.3)8:40728,(((part2.1,part2.2)2:43636.2,part2.3)9:40274.9,(part3.3,part4.3)6:41652.1)11:39562)13:39220.2)
Merging into 2 partitions...
Partition information was printed to 6_set117.best_scheme.nex
Partition information in Raxml format was printed to 6_set117.best_scheme

All model information printed to 6_set117.model.gz
CPU time for ModelFinder: 520.920 seconds (0h:8m:40s)
Wall-clock time for ModelFinder: 496.009 seconds (0h:8m:16s)
Generating 1000 samples for ultrafast bootstrap (seed: 714157)...

NOTE: 11 MB RAM (0 GB) is required!
Measuring multi-threading efficiency up to 8 CPU cores
Increase to 10 rounds for branch lengths
18 trees examined
Threads: 1 / Time: 8.186 sec / Speedup: 1.000 / Efficiency: 100% / LogL: -28680
Threads: 2 / Time: 3.483 sec / Speedup: 2.350 / Efficiency: 118% / LogL: -28680
Threads: 3 / Time: 19.054 sec / Speedup: 0.430 / Efficiency: 14% / LogL: -28680
BEST NUMBER OF THREADS: 2

Estimate model parameters (epsilon = 0.100)
Optimizing GTR+F+G4 parameters for partition part1.3+part2.1+part2.2+part2.3+part3.3+part4.3+part5.3 (76 free parameters)
Optimizing HKY+F+I+G4 parameters for partition part1.1+part1.2+part3.1+part3.2+part4.1+part4.2+part5.1+part5.2 (73 free parameters)
Optimal log-likelihood: -19009.098
Computing ML distances based on estimated model parameters... 0.037 sec
Computing BIONJ tree...
0.004 seconds
Log-likelihood of BIONJ tree: -19083.483
--------------------------------------------------------------------
|             INITIALIZING CANDIDATE TREE SET                      |
--------------------------------------------------------------------
Generating 98 parsimony trees... 3.799 second
Computing log-likelihood of 98 initial trees ... 8.057 seconds
Current best score: -19009.098

Do NNI search on 20 best initial trees
Estimate model parameters (epsilon = 0.100)
BETTER TREE FOUND at iteration 1: -19009.097
Iteration 10 / LogL: -19009.796 / Time: 0h:1m:17s
Iteration 20 / LogL: -19009.443 / Time: 0h:1m:31s
Finish initializing candidate tree set (2)
Current best tree score: -19009.097 / CPU time: 36.624
Number of iterations: 20
--------------------------------------------------------------------
|               OPTIMIZING CANDIDATE TREE SET                      |
--------------------------------------------------------------------
Iteration 30 / LogL: -19009.653 / Time: 0h:1m:43s (0h:4m:12s left)
Iteration 40 / LogL: -19009.187 / Time: 0h:1m:56s (0h:3m:2s left)
Iteration 50 / LogL: -19015.841 / Time: 0h:2m:9s (0h:2m:15s left)
Log-likelihood cutoff on original alignment: -19038.571
Iteration 60 / LogL: -19009.190 / Time: 0h:2m:21s (0h:1m:38s left)
Iteration 70 / LogL: -19009.327 / Time: 0h:2m:35s (0h:1m:9s left)
Iteration 80 / LogL: -19016.249 / Time: 0h:2m:51s (0h:0m:45s left)
Iteration 90 / LogL: -19010.231 / Time: 0h:3m:7s (0h:0m:23s left)
Iteration 100 / LogL: -19009.113 / Time: 0h:3m:21s (0h:0m:2s left)
Log-likelihood cutoff on original alignment: -19039.091
NOTE: Bootstrap correlation coefficient of split occurrence frequencies: 1.000
TREE SEARCH COMPLETED AFTER 102 ITERATIONS / Time: 0h:3m:24s

--------------------------------------------------------------------
|                    FINALIZING TREE SEARCH                        |
--------------------------------------------------------------------
Performs final model parameters optimization
Estimate model parameters (epsilon = 0.010)
Optimizing GTR+F+G4 parameters for partition part1.3+part2.1+part2.2+part2.3+part3.3+part4.3+part5.3 (76 free parameters)
Optimizing HKY+F+I+G4 parameters for partition part1.1+part1.2+part3.1+part3.2+part4.1+part4.2+part5.1+part5.2 (73 free parameters)
Optimal log-likelihood: -19009.096
BEST SCORE FOUND : -19009.096
Creating bootstrap support values...
Split supports printed to NEXUS file 6_set117.splits.nex
Total tree length: 1.135

Total number of iterations: 102
CPU time used for tree search: 57.058 sec (0h:0m:57s)
Wall-clock time used for tree search: 149.456 sec (0h:2m:29s)
Total CPU time used: 77.131 sec (0h:1m:17s)
Total wall-clock time used: 204.929 sec (0h:3m:24s)

Computing bootstrap consensus tree...
Reading input file 6_set117.splits.nex...
35 taxa and 104 splits.
Consensus tree written to 6_set117.contree
Reading input trees file 6_set117.contree
Log-likelihood of consensus tree: -19009.100

Analysis results written to: 
  IQ-TREE report:                6_set117.iqtree
  Maximum-likelihood tree:       6_set117.treefile
  Likelihood distances:          6_set117.mldist
  Best partitioning scheme:      6_set117.best_scheme.nex
           in RAxML format:      6_set117.best_scheme

Ultrafast bootstrap approximation results written to:
  Split support values:          6_set117.splits.nex
  Consensus tree:                6_set117.contree
  Screen log file:               6_set117.log

Date and Time: Fri Sep  7 13:11:03 2018
