IQ-TREE multicore version 1.6.3 for Mac OS X 64-bit built Mar 22 2018
Developed by Bui Quang Minh, Nguyen Lam Tung, Olga Chernomor,
Heiko Schmidt, Dominik Schrempf, Michael Woodhams.

Host:    meeps-mac-pro.staff.sydney.edu.au (AVX, 64 GB RAM)
Command: /Users/davidduchene/Desktop/Software/iqtree-1.6.3-MacOSX/bin/iqtree -s ../../../../marsupials/set264.fasta -m TEST -bb 1000 -nt AUTO -pre 1_set264
Seed:    170259 (Using SPRNG - Scalable Parallel Random Number Generator)
Time:    Fri Jul 27 19:08:29 2018
Kernel:  AVX - auto-detect threads (8 CPU cores detected)

Reading alignment file ../../../../marsupials/set264.fasta ... Fasta format detected
Alignment most likely contains DNA/RNA sequences
Alignment has 35 sequences with 2814 columns, 931 distinct patterns
632 parsimony-informative, 344 singleton sites, 1838 constant sites
                                              Gap/Ambiguity  Composition  p-value
   1  Burramyidae_Burramys_parvus                     0.11%    passed     87.16%
   2  Notoryctidae_Notoryctes_typhlops                1.49%    passed     60.36%
   3  Vombatidae_Lasiorhinus_latifrons                0.85%    passed     75.94%
   4  Potoroidae_Bettongia_penicillata                0.07%    passed     98.81%
   5  Potoroidae_Bettongia_lesueur                    0.00%    passed     92.73%
   6  Dasyuridae_Dasyurus_maculatus                   0.25%    passed     96.35%
   7  Phalangeridae_Trichosurus_vulpecula            13.36%    passed     57.47%
   8  Phalangeridae_Spilocuscus_maculatus             0.00%    passed     99.76%
   9  Potoroidae_Aepyprymnus_rufescens                0.60%    passed     98.68%
  10  Peramelidae_Perameles_nasuta                    0.07%    passed     97.26%
  11  Phalangeridae_Strigocuscus_pelengensis         14.64%    passed     43.71%
  12  Dasyuridae_Phascogale_tapoatafa                 0.21%    passed     98.57%
  13  Dasyuridae_Sminthopsis_macroura                 0.21%    passed     92.01%
  14  Phalangeridae_Phalanger_orientalis             13.61%    passed     52.99%
  15  Acrobatidae_Acrobates_pygmaeus                  0.75%    passed     98.37%
  16  Dasyuridae_Phascogale_calura                    0.28%    passed     99.01%
  17  Dasyuridae_Sarcophilus_harrisii                 0.25%    passed     94.68%
  18  Dasyuridae_Planigale_tenuirostris               5.01%    passed     94.51%
  19  Peramelidae_Echymipera_kalubu                   0.04%    passed     84.32%
  20  Macropodidae_Dorcopsulus_vanheurni              0.18%    passed     99.73%
  21  Pseudochiridae_Pseudochirulus_forbesi           0.64%    passed     86.60%
  22  Didelphidae_Didelphis_virginiana                0.60%    passed     81.67%
  23  Marmosidae_Monodelphis_domestica                0.00%    passed     82.40%
  24  Dasyuridae_Antechinus_stuartii                  1.17%    passed     99.68%
  25  Hypsiprymnodontidae_Hypsiprymnodon_moschatus   13.33%    passed     90.37%
  26  Microbiotheriidae_Dromiciops_gliroides          2.49%    passed     32.31%
  27  Pseudochiridae_Petauroides_volans               0.78%    passed     99.02%
  28  Macropodidae_Wallabia_bicolor                   0.50%    passed     99.80%
  29  Pseudochiridae_Pseudocheirus_occidentalis       1.24%    passed     91.37%
  30  Tarsipedidae_Tarsipes_rostratus                 0.46%    passed     52.93%
  31  Acrobatidae_Distoechurus_pennatus               0.14%    passed     92.90%
  32  Phalangeridae_Phalanger_carmelitae             13.33%    passed     50.31%
  33  Peramelidae_Peroryctes_raffrayana              22.28%    passed     91.59%
  34  Dasyuridae_Dasyurus_geffroii                    0.21%    passed     96.67%
  35  Peramelidae_Perameles_gunnii                    0.11%    passed     98.98%
****  TOTAL                                           3.12%  0 sequences failed composition chi2 test (p-value<5%; df=3)


Create initial parsimony tree by phylogenetic likelihood library (PLL)... 0.006 seconds
NOTE: ModelFinder requires 7 MB RAM!
ModelFinder will test 88 DNA models (sample size: 2814) ...
 No. Model         -LnL         df  AIC          AICc         BIC
Measuring multi-threading efficiency up to 8 CPU cores
Increase to 10 rounds for branch lengths
398 trees examined
Threads: 1 / Time: 8.007 sec / Speedup: 1.000 / Efficiency: 100% / LogL: -25226
Threads: 2 / Time: 6.272 sec / Speedup: 1.277 / Efficiency: 64% / LogL: -25226
Threads: 3 / Time: 5.181 sec / Speedup: 1.545 / Efficiency: 52% / LogL: -25226
Threads: 4 / Time: 5.028 sec / Speedup: 1.593 / Efficiency: 40% / LogL: -25226
BEST NUMBER OF THREADS: 3

  1  JC            15700.867    67  31535.734    31539.052    31933.872
  2  JC+I          15248.478    68  30632.955    30636.374    31037.036
  3  JC+G4         15187.695    68  30511.389    30514.808    30915.470
  4  JC+I+G4       15174.826    69  30487.651    30491.172    30897.674
  5  F81+F         15701.626    70  31543.252    31546.876    31959.217
  6  F81+F+I       15249.333    71  30640.667    30644.395    31062.574
  7  F81+F+G4      15188.546    71  30519.092    30522.820    30940.999
  8  F81+F+I+G4    15175.654    72  30495.308    30499.143    30923.158
  9  K2P           15060.994    68  30257.989    30261.407    30662.069
 10  K2P+I         14591.560    69  29321.121    29324.641    29731.144
 11  K2P+G4        14524.830    69  29187.661    29191.181    29597.684
 12  K2P+I+G4      14509.608    70  29159.217    29162.840    29575.182
 13  HKY+F         15062.022    71  30266.044    30269.773    30687.952
 14  HKY+F+I       14591.655    72  29327.311    29331.146    29755.161
 15  HKY+F+G4      14524.984    72  29193.968    29197.803    29621.818
 16  HKY+F+I+G4    14509.719    73  29165.438    29169.381    29599.231
 17  TNe           15059.585    69  30257.170    30260.691    30667.193
 18  TNe+I         14591.392    70  29322.784    29326.407    29738.749
 19  TNe+G4        14524.495    70  29188.991    29192.614    29604.956
 20  TNe+I+G4      14509.167    71  29160.335    29164.064    29582.243
 21  TN+F          15059.590    72  30263.179    30267.014    30691.029
 22  TN+F+I        14591.040    73  29328.080    29332.023    29761.873
 23  TN+F+G4       14524.094    73  29194.187    29198.130    29627.980
 24  TN+F+I+G4     14508.718    74  29165.435    29169.488    29605.170
 25  K3P           15059.445    69  30256.891    30260.411    30666.914
 26  K3P+I         14589.967    70  29319.933    29323.557    29735.898
 27  K3P+G4        14523.211    70  29186.421    29190.045    29602.386
 28  K3P+I+G4      14507.786    71  29157.573    29161.301    29579.481
 29  K3Pu+F        15060.474    72  30264.947    30268.782    30692.797
 30  K3Pu+F+I      14590.050    73  29326.101    29330.044    29759.893
 31  K3Pu+F+G4     14523.354    73  29192.708    29196.651    29626.501
 32  K3Pu+F+I+G4   14507.900    74  29163.800    29167.853    29603.535
 33  TPM2+F        15062.010    72  30268.019    30271.854    30695.869
 34  TPM2+F+I      14591.348    73  29328.696    29332.639    29762.489
 35  TPM2+F+G4     14524.720    73  29195.441    29199.384    29629.233
 36  TPM2+F+I+G4   14509.313    74  29166.626    29170.678    29606.361
 37  TPM2u+F       15062.010    72  30268.021    30271.856    30695.871
 38  TPM2u+F+I     14591.345    73  29328.690    29332.633    29762.482
 39  TPM2u+F+G4    14524.719    73  29195.438    29199.381    29629.230
 40  TPM2u+F+I+G4  14509.291    74  29166.582    29170.635    29606.317
 41  TPM3+F        15053.195    72  30250.391    30254.226    30678.241
 42  TPM3+F+I      14586.420    73  29318.840    29322.783    29752.632
 43  TPM3+F+G4     14519.627    73  29185.254    29189.197    29619.046
 44  TPM3+F+I+G4   14504.266    74  29156.533    29160.585    29596.267
 45  TPM3u+F       15053.197    72  30250.394    30254.230    30678.245
 46  TPM3u+F+I     14586.420    73  29318.839    29322.782    29752.632
 47  TPM3u+F+G4    14519.627    73  29185.253    29189.196    29619.046
 48  TPM3u+F+I+G4  14504.251    74  29156.501    29160.554    29596.236
 49  TIMe          15058.040    70  30256.080    30259.704    30672.046
 50  TIMe+I        14589.800    71  29321.599    29325.328    29743.507
 51  TIMe+G4       14522.878    71  29187.756    29191.485    29609.664
 52  TIMe+I+G4     14507.301    72  29158.601    29162.436    29586.451
 53  TIM+F         15058.047    73  30262.094    30266.037    30695.887
 54  TIM+F+I       14589.437    74  29326.874    29330.927    29766.609
 55  TIM+F+G4      14522.465    74  29192.930    29196.982    29632.664
 56  TIM+F+I+G4    14506.861    75  29163.723    29167.886    29609.400
 57  TIM2e         15059.574    70  30259.148    30262.772    30675.113
 58  TIM2e+I       14591.060    71  29324.119    29327.848    29746.027
 59  TIM2e+G4      14524.202    71  29190.405    29194.133    29612.312
 60  TIM2e+I+G4    14508.680    72  29161.359    29165.194    29589.209
 61  TIM2+F        15059.579    73  30265.158    30269.101    30698.950
 62  TIM2+F+I      14590.738    74  29329.477    29333.529    29769.212
 63  TIM2+F+G4     14523.837    74  29195.675    29199.727    29635.409
 64  TIM2+F+I+G4   14508.276    75  29166.551    29170.715    29612.228
 65  TIM3e         15050.269    70  30240.537    30244.161    30656.502
 66  TIM3e+I       14585.694    71  29313.388    29317.116    29735.295
 67  TIM3e+G4      14518.567    71  29179.134    29182.862    29601.041
 68  TIM3e+I+G4    14503.110    72  29150.219    29154.054    29578.069
 69  TIM3+F        15050.751    73  30247.502    30251.445    30681.294
 70  TIM3+F+I      14585.827    74  29319.655    29323.707    29759.389
 71  TIM3+F+G4     14518.720    74  29185.439    29189.492    29625.174
 72  TIM3+F+I+G4   14503.243    75  29156.486    29160.650    29602.163
 73  TVMe          15050.042    71  30242.085    30245.813    30663.992
 74  TVMe+I        14583.966    72  29311.932    29315.767    29739.782
 75  TVMe+G4       14517.084    72  29178.168    29182.003    29606.018
 76  TVMe+I+G4     14501.593    73  29149.186    29153.129    29582.978
 77  TVM+F         15051.539    74  30251.078    30255.131    30690.813
 78  TVM+F+I       14584.554    75  29319.108    29323.271    29764.785
 79  TVM+F+G4      14517.813    75  29185.625    29189.789    29631.302
 80  TVM+F+I+G4    14502.313    76  29156.625    29160.901    29608.245
 81  SYM           15048.622    72  30241.243    30245.078    30669.093
 82  SYM+I         14583.815    73  29313.631    29317.574    29747.423
 83  SYM+G4        14516.715    73  29179.429    29183.372    29613.222
 84  SYM+I+G4      14501.200    74  29150.400    29154.453    29590.135
 85  GTR+F         15049.104    75  30248.207    30252.371    30693.884
 86  GTR+F+I       14583.969    76  29319.937    29324.213    29771.557
 87  GTR+F+G4      14516.888    76  29185.776    29190.052    29637.395
 88  GTR+F+I+G4    14501.354    77  29156.708    29161.098    29614.270
Akaike Information Criterion:           TVMe+I+G4
Corrected Akaike Information Criterion: TVMe+I+G4
Bayesian Information Criterion:         K2P+I+G4
Best-fit model: K2P+I+G4 chosen according to BIC

All model information printed to 1_set264.model.gz
CPU time for ModelFinder: 64.661 seconds (0h:1m:4s)
Wall-clock time for ModelFinder: 27.389 seconds (0h:0m:27s)
Generating 1000 samples for ultrafast bootstrap (seed: 170259)...

NOTE: 7 MB RAM (0 GB) is required!
Measuring multi-threading efficiency up to 8 CPU cores
Increase to 10 rounds for branch lengths
110 trees examined
Threads: 1 / Time: 8.073 sec / Speedup: 1.000 / Efficiency: 100% / LogL: -21802
Threads: 2 / Time: 5.650 sec / Speedup: 1.429 / Efficiency: 71% / LogL: -21802
Threads: 3 / Time: 4.511 sec / Speedup: 1.789 / Efficiency: 60% / LogL: -21802
Threads: 4 / Time: 3.989 sec / Speedup: 2.024 / Efficiency: 51% / LogL: -21802
Threads: 5 / Time: 5.796 sec / Speedup: 1.393 / Efficiency: 28% / LogL: -21802
BEST NUMBER OF THREADS: 4

Estimate model parameters (epsilon = 0.100)
Thoroughly optimizing +I+G parameters from 10 start values...
Init pinv, alpha: 0.000, 1.000 / Estimate: 0.000, 0.348 / LogL: -14524.830
Init pinv, alpha: 0.073, 1.000 / Estimate: 0.077, 0.401 / LogL: -14520.357
Init pinv, alpha: 0.145, 1.000 / Estimate: 0.228, 0.565 / LogL: -14512.905
Init pinv, alpha: 0.218, 1.000 / Estimate: 0.229, 0.567 / LogL: -14512.864
Init pinv, alpha: 0.290, 1.000 / Estimate: 0.298, 0.690 / LogL: -14510.453
Init pinv, alpha: 0.363, 1.000 / Estimate: 0.365, 0.866 / LogL: -14509.266
Init pinv, alpha: 0.435, 1.000 / Estimate: 0.425, 1.114 / LogL: -14509.982
Init pinv, alpha: 0.508, 1.000 / Estimate: 0.425, 1.116 / LogL: -14509.995
Init pinv, alpha: 0.581, 1.000 / Estimate: 0.423, 1.106 / LogL: -14509.931
Init pinv, alpha: 0.653, 1.000 / Estimate: 0.424, 1.109 / LogL: -14509.953
Optimal pinv,alpha: 0.365, 0.866 / LogL: -14509.266

Parameters optimization took 1.684 sec
Computing ML distances based on estimated model parameters... 0.031 sec
Computing BIONJ tree...
0.002 seconds
Log-likelihood of BIONJ tree: -14515.519
--------------------------------------------------------------------
|             INITIALIZING CANDIDATE TREE SET                      |
--------------------------------------------------------------------
Generating 98 parsimony trees... 0.561 second
Computing log-likelihood of 98 initial trees ... 0.959 seconds
Current best score: -14508.653

Do NNI search on 20 best initial trees
Estimate model parameters (epsilon = 0.100)
BETTER TREE FOUND at iteration 1: -14507.072
Iteration 10 / LogL: -14507.072 / Time: 0h:0m:59s
Iteration 20 / LogL: -14507.096 / Time: 0h:1m:0s
Finish initializing candidate tree set (3)
Current best tree score: -14507.072 / CPU time: 3.741
Number of iterations: 20
--------------------------------------------------------------------
|               OPTIMIZING CANDIDATE TREE SET                      |
--------------------------------------------------------------------
Iteration 30 / LogL: -14508.395 / Time: 0h:1m:2s (0h:1m:24s left)
Iteration 40 / LogL: -14507.073 / Time: 0h:1m:3s (0h:0m:56s left)
Iteration 50 / LogL: -14531.366 / Time: 0h:1m:4s (0h:0m:38s left)
Log-likelihood cutoff on original alignment: -14550.728
Iteration 60 / LogL: -14507.076 / Time: 0h:1m:5s (0h:0m:26s left)
Iteration 70 / LogL: -14507.277 / Time: 0h:1m:7s (0h:0m:17s left)
Iteration 80 / LogL: -14507.698 / Time: 0h:1m:8s (0h:0m:10s left)
Iteration 90 / LogL: -14507.273 / Time: 0h:1m:9s (0h:0m:5s left)
Iteration 100 / LogL: -14507.089 / Time: 0h:1m:10s (0h:0m:0s left)
Log-likelihood cutoff on original alignment: -14550.728
NOTE: Bootstrap correlation coefficient of split occurrence frequencies: 0.999
TREE SEARCH COMPLETED AFTER 102 ITERATIONS / Time: 0h:1m:10s

--------------------------------------------------------------------
|                    FINALIZING TREE SEARCH                        |
--------------------------------------------------------------------
Performs final model parameters optimization
Estimate model parameters (epsilon = 0.010)
1. Initial log-likelihood: -14507.072
Optimal log-likelihood: -14507.070
Rate parameters:  A-C: 1.00000  A-G: 6.02197  A-T: 1.00000  C-G: 1.00000  C-T: 6.02197  G-T: 1.00000
Base frequencies:  A: 0.250  C: 0.250  G: 0.250  T: 0.250
Proportion of invariable sites: 0.365
Gamma shape alpha: 0.871
Parameters optimization took 1 rounds (0.015 sec)
BEST SCORE FOUND : -14507.070
Creating bootstrap support values...
Split supports printed to NEXUS file 1_set264.splits.nex
Total tree length: 0.800

Total number of iterations: 102
CPU time used for tree search: 49.205 sec (0h:0m:49s)
Wall-clock time used for tree search: 13.715 sec (0h:0m:13s)
Total CPU time used: 191.004 sec (0h:3m:11s)
Total wall-clock time used: 71.128 sec (0h:1m:11s)

Computing bootstrap consensus tree...
Reading input file 1_set264.splits.nex...
35 taxa and 144 splits.
Consensus tree written to 1_set264.contree
Reading input trees file 1_set264.contree
Log-likelihood of consensus tree: -14507.070

Analysis results written to: 
  IQ-TREE report:                1_set264.iqtree
  Maximum-likelihood tree:       1_set264.treefile
  Likelihood distances:          1_set264.mldist

Ultrafast bootstrap approximation results written to:
  Split support values:          1_set264.splits.nex
  Consensus tree:                1_set264.contree
  Screen log file:               1_set264.log

Date and Time: Fri Jul 27 19:09:40 2018
