IQ-TREE multicore version 1.6.7 for Mac OS X 64-bit built Aug 23 2018
Developed by Bui Quang Minh, Nguyen Lam Tung, Olga Chernomor,
Heiko Schmidt, Dominik Schrempf, Michael Woodhams.

Host:    meeps-mac-pro.staff.sydney.edu.au (AVX, 64 GB RAM)
Command: /Users/davidduchene/Desktop/Software/iqtree-1.6.7-MacOSX/bin/iqtree -s ../../../../marsupials/set181.fasta -m TESTMERGE -bb 1000 -sp ../../../../marsupials/set181.nex -nt AUTO -pre 6_set181
Seed:    788933 (Using SPRNG - Scalable Parallel Random Number Generator)
Time:    Sat Sep  8 00:34:02 2018
Kernel:  AVX - auto-detect threads (8 CPU cores detected)

Reading partition model file ../../../../marsupials/set181.nex ...
Reading alignment file ../../../../marsupials/set181.fasta ... Fasta format detected
Alignment most likely contains DNA/RNA sequences
Alignment has 35 sequences with 1833 columns, 662 distinct patterns
403 parsimony-informative, 214 singleton sites, 1216 constant sites
                                              Gap/Ambiguity  Composition  p-value
   1  Burramyidae_Burramys_parvus                     5.51%    passed     73.41%
   2  Notoryctidae_Notoryctes_typhlops                3.76%    passed     97.98%
   3  Vombatidae_Lasiorhinus_latifrons                0.38%    passed     99.84%
   4  Potoroidae_Bettongia_penicillata                0.22%    passed     99.88%
   5  Potoroidae_Bettongia_lesueur                    0.65%    passed     93.70%
   6  Dasyuridae_Dasyurus_maculatus                   0.05%    passed     99.22%
   7  Phalangeridae_Trichosurus_vulpecula             0.27%    passed     96.63%
   8  Phalangeridae_Spilocuscus_maculatus            10.80%    passed     66.92%
   9  Potoroidae_Aepyprymnus_rufescens                0.00%    passed     78.60%
  10  Peramelidae_Perameles_nasuta                    2.35%    passed     99.77%
  11  Phalangeridae_Strigocuscus_pelengensis          3.49%    passed     97.84%
  12  Dasyuridae_Phascogale_tapoatafa                 0.00%    passed     99.82%
  13  Dasyuridae_Sminthopsis_macroura                 0.38%    passed     97.54%
  14  Phalangeridae_Phalanger_orientalis              0.71%    passed     99.08%
  15  Acrobatidae_Acrobates_pygmaeus                  1.69%    passed     95.27%
  16  Dasyuridae_Phascogale_calura                    0.22%    passed     98.97%
  17  Dasyuridae_Sarcophilus_harrisii                10.86%    passed     74.20%
  18  Dasyuridae_Planigale_tenuirostris               7.53%    passed     99.55%
  19  Peramelidae_Echymipera_kalubu                   0.11%    passed     95.77%
  20  Macropodidae_Dorcopsulus_vanheurni              1.91%    passed     86.28%
  21  Pseudochiridae_Pseudochirulus_forbesi           0.00%    passed     91.70%
  22  Didelphidae_Didelphis_virginiana                2.45%    passed     77.94%
  23  Marmosidae_Monodelphis_domestica                1.53%    passed     93.66%
  24  Dasyuridae_Antechinus_stuartii                  1.04%    passed     97.70%
  25  Hypsiprymnodontidae_Hypsiprymnodon_moschatus    0.38%    passed     96.63%
  26  Microbiotheriidae_Dromiciops_gliroides          3.06%    passed     85.55%
  27  Pseudochiridae_Petauroides_volans               0.76%    passed     98.95%
  28  Macropodidae_Wallabia_bicolor                   0.82%    passed     99.05%
  29  Pseudochiridae_Pseudocheirus_occidentalis      11.67%    passed     69.91%
  30  Tarsipedidae_Tarsipes_rostratus                 2.02%    passed     91.86%
  31  Acrobatidae_Distoechurus_pennatus               0.44%    passed     97.24%
  32  Phalangeridae_Phalanger_carmelitae              0.00%    passed     99.33%
  33  Peramelidae_Peroryctes_raffrayana               3.60%    passed     93.52%
  34  Dasyuridae_Dasyurus_geffroii                    0.22%    passed     94.86%
  35  Peramelidae_Perameles_gunnii                    1.36%    passed     96.93%
****  TOTAL                                           2.29%  0 sequences failed composition chi2 test (p-value<5%; df=3)
NOTE: No CharPartition defined, use all CharSets

Loading 15 partitions...
Subset	Type	Seqs	Sites	Infor	Invar	Model	Name
1		35	208	26	157	TESTMERGE	part1.1
2		35	208	29	157	TESTMERGE	part1.2
3		35	208	119	48	TESTMERGE	part1.3
4		35	127	8	110	TESTMERGE	part2.1
5		35	127	10	111	TESTMERGE	part2.2
6		35	127	78	29	TESTMERGE	part2.3
7		35	83	9	62	TESTMERGE	part3.1
8		35	83	8	65	TESTMERGE	part3.2
9		35	83	48	21	TESTMERGE	part3.3
10		35	127	7	108	TESTMERGE	part4.1
11		35	127	3	117	TESTMERGE	part4.2
12		35	127	29	74	TESTMERGE	part4.3
13		32	66	2	62	TESTMERGE	part5.1
14		32	66	0	65	TESTMERGE	part5.2
WARNING: No parsimony-informative sites in partition part5.2
15		32	66	27	30	TESTMERGE	part5.3
Degree of missing data: 0.009
Info: multi-threading strategy over partitions



Create initial parsimony tree by phylogenetic likelihood library (PLL)... 0.007 seconds
NOTE: ModelFinder requires 7 MB RAM!
NUMBER OF THREADS FOR PARTITION FINDING: 8
Testing GTR+F+G on supermatrix...
GTR+F+G4 / LnL: -9317.717 / df: 76 / AIC: 18787.433 / AICc: 18794.098 / BIC: 19206.475
Selecting individual models for 15 charsets using BIC...
 No. Model        Score       Charset
   1 JC+I         999.863     part2.1
   2 K2P+G4       1091.992    part5.3
   3 K2P+G4       1903.172    part1.1
   4 GTR+F+G4     1750.549    part1.2
   5 K2P+G4       1756.932    part3.3
   6 TPM2u+F+G4   1617.467    part4.3
   7 K2P+G4       2918.986    part2.3
   8 K2P+G4       859.561     part3.1
   9 TPM2+F+G4    4390.292    part1.3
  10 F81+F        799.379     part4.2	0h:0m:14s (0h:4m:44s left)
  11 TN+F+G4      975.667     part4.1	0h:0m:15s (0h:4m:40s left)
  12 F81+F        449.086     part5.2	0h:0m:15s (0h:4m:16s left)
  13 TIM3+F       748.606     part3.2	0h:0m:15s (0h:3m:56s left)
  14 TNe+I        496.267     part5.1	0h:0m:15s (0h:3m:40s left)
  15 HKY+F+I      976.992     part2.2	0h:0m:16s (0h:3m:37s left)
Full partition model BIC score: 24631.676 (LnL: -8389.925  df:1045)
Merging models to increase model fit (about 211 total partition schemes)...
  16 K2P+G4       24240.883   part1.3+part3.1	0h:0m:24s (0h:5m:0s left)
  17 K2P+G4       24333.498   part1.1+part1.3	0h:0m:26s (0h:5m:2s left)
  18 TPM2+F+G4    24329.815   part1.3+part2.1	0h:0m:26s (0h:4m:49s left)
  19 TNe+G4       24369.968   part1.2+part1.3	0h:0m:28s (0h:4m:51s left)
  20 TIM2+F+G4    24246.649   part1.3+part4.3	0h:0m:28s (0h:4m:35s left)
  21 K2P+G4       24228.256   part1.3+part5.3	0h:0m:29s (0h:4m:23s left)
  22 TPM2+F+G4    24219.117   part1.3+part2.3	0h:0m:30s (0h:4m:25s left)
  23 TPM2+F+G4    24190.450   part1.3+part3.3	0h:0m:30s (0h:4m:12s left)
  24 K2P+G4       24336.175   part1.3+part2.2	0h:0m:37s (0h:4m:53s left)
  25 TNe+G4       24258.882   part1.3+part3.2	0h:0m:39s (0h:4m:50s left)
  26 TNe+G4       24297.860   part1.3+part4.1	0h:0m:39s (0h:4m:42s left)
  27 K2P+G4       24298.390   part1.3+part5.1	0h:0m:39s (0h:4m:30s left)
  28 K2P+G4       24197.271   part2.3+part3.3	0h:0m:39s (0h:4m:19s left)
  29 K2P+G4       24302.122   part1.3+part5.2	0h:0m:40s (0h:4m:12s left)
  30 K2P+G4       24219.607   part2.3+part4.3	0h:0m:41s (0h:4m:12s left)
  31 TNe+G4       24350.711   part1.3+part4.2	0h:0m:41s (0h:4m:3s left)
  32 K2P+G4       24371.596   part1.1+part2.3	0h:0m:44s (0h:4m:10s left)
  33 K2P+G4       24312.449   part2.1+part2.3	0h:0m:47s (0h:4m:13s left)
  34 K2P+G4       24239.595   part2.3+part3.1	0h:0m:47s (0h:4m:9s left)
  35 K2P+G4       24217.582   part2.3+part5.3	0h:0m:48s (0h:4m:6s left)
  36 HKY+F+G4     24396.884   part1.2+part2.3	0h:0m:50s (0h:4m:6s left)
  37 K2P+G4       24250.095   part2.3+part3.2	0h:0m:50s (0h:3m:59s left)
  38 K2P+G4       24321.110   part2.2+part2.3	0h:0m:52s (0h:4m:0s left)
  39 K2P+G4       24285.835   part2.3+part4.1	0h:0m:52s (0h:3m:53s left)
  40 K2P+G4       24186.887   part3.3+part4.3	0h:0m:57s (0h:4m:4s left)
  41 K2P+G4       24301.915   part1.1+part3.3	0h:1m:0s (0h:4m:10s left)
  42 K2P+G4       24287.576   part2.3+part5.1	0h:1m:1s (0h:4m:8s left)
  43 K2P+G4       24291.279   part2.3+part5.2	0h:1m:2s (0h:4m:5s left)
  44 TPM3+F+G4    24321.025   part1.2+part3.3	0h:1m:4s (0h:4m:3s left)
  45 K2P+G4       24338.952   part2.3+part4.2	0h:1m:4s (0h:3m:57s left)
  46 K2P+G4       24233.270   part1.2+part4.3	0h:1m:4s (0h:3m:51s left)
  47 K2P+G4       24229.380   part1.1+part4.3	0h:1m:7s (0h:3m:54s left)
  48 TPM3u+F+G4   24196.843   part1.1+part1.2	0h:1m:8s (0h:3m:52s left)
  49 K2P+G4       24284.800   part2.1+part3.3	0h:1m:10s (0h:3m:52s left)
  50 K2P+G4       24212.728   part3.3+part5.3	0h:1m:11s (0h:3m:50s left)
  51 K2P+G4       24203.745   part3.1+part3.3	0h:1m:12s (0h:3m:47s left)
  52 K2P+G4       24265.085   part1.1+part5.3	0h:1m:14s (0h:3m:48s left)
  53 K2P+G4       24193.208   part4.3+part5.3	0h:1m:15s (0h:3m:44s left)
  54 K2P+G4       24253.101   part3.3+part4.1	0h:1m:15s (0h:3m:39s left)
  55 K2P+G4       24289.304   part2.2+part3.3	0h:1m:17s (0h:3m:39s left)
  56 K2P+G4       24225.736   part3.2+part3.3	0h:1m:17s (0h:3m:34s left)
  57 TPM2u+F+G4   24268.514   part1.2+part5.3	0h:1m:20s (0h:3m:37s left)
  58 TIM3e+G4     24200.971   part1.1+part2.1	0h:1m:21s (0h:3m:34s left)
  59 TNe+G4       24152.838   part3.1+part4.3	0h:1m:22s (0h:3m:32s left)
  60 TNe+G4       24211.099   part2.1+part4.3	0h:1m:23s (0h:3m:30s left)
  61 K2P+G4       24187.203   part1.1+part3.1	0h:1m:24s (0h:3m:26s left)
  62 TPM2u+F+G4   24157.492   part4.1+part4.3	0h:1m:25s (0h:3m:26s left)
  63 K2P+G4       24274.815   part3.3+part5.1	0h:1m:26s (0h:3m:22s left)
  64 TN+F+G4      24222.955   part2.2+part4.3	0h:1m:26s (0h:3m:19s left)
  65 TPM3u+F+G4   24201.537   part1.2+part2.1	0h:1m:29s (0h:3m:20s left)
  66 TPM2+F+G4    24188.193   part3.2+part4.3	0h:1m:30s (0h:3m:18s left)
  67 K2P+G4       24296.547   part3.3+part4.2	0h:1m:30s (0h:3m:14s left)
  68 K2P+G4       24188.327   part1.1+part4.1	0h:1m:31s (0h:3m:11s left)
  69 TIM3e+G4     24172.216   part1.1+part3.2	0h:1m:31s (0h:3m:7s left)
  70 TPM3u+F+G4   24196.457   part1.2+part3.1	0h:1m:31s (0h:3m:4s left)
  71 TN+F+G4      24204.349   part1.1+part2.2	0h:1m:34s (0h:3m:6s left)
  72 K2P+G4       24270.360   part3.3+part5.2	0h:1m:36s (0h:3m:7s left)
  73 TN+F+G4      24178.821   part1.2+part4.1	0h:1m:39s (0h:3m:7s left)
  74 TVM+F+G4     24199.560   part1.2+part2.2	0h:1m:39s (0h:3m:4s left)
  75 GTR+F+G4     24155.741   part1.2+part3.2	0h:1m:41s (0h:3m:3s left)
  76 K2P+G4       24207.419   part1.1+part4.2	0h:1m:41s (0h:3m:0s left)
  77 TIM3e+G4     24214.173   part1.1+part5.1	0h:1m:41s (0h:2m:57s left)
  78 TNe+G4       24211.185   part4.3+part5.1	0h:1m:44s (0h:2m:57s left)
  79 HKY+F+G4     24201.770   part4.2+part4.3	0h:1m:44s (0h:2m:54s left)
  80 TIM2+F+G4    24195.065   part1.2+part4.2	0h:1m:46s (0h:2m:54s left)
  81 TVM+F+G4     24214.115   part1.2+part5.1	0h:1m:46s (0h:2m:51s left)
  82 K2P+G4       24198.519   part1.1+part5.2	0h:1m:48s (0h:2m:50s left)
  83 K3P+G4       24212.180   part4.3+part5.2	0h:1m:50s (0h:2m:49s left)
  84 K2P+G4       24259.110   part2.1+part5.3	0h:1m:50s (0h:2m:46s left)
  85 K2P+G4       24217.389   part3.1+part5.3	0h:1m:51s (0h:2m:45s left)
  86 GTR+F+G4     24189.259   part1.2+part5.2	0h:1m:51s (0h:2m:42s left)
  87 K2P+G4       24156.390   part2.1+part4.1	0h:1m:52s (0h:2m:40s left)
  88 K2P+G4       24176.992   part2.1+part3.1	0h:1m:54s (0h:2m:39s left)
  89 K2P+G4       24275.324   part2.2+part5.3	0h:1m:54s (0h:2m:37s left)
  90 K2P+G4       24234.016   part4.1+part5.3	0h:1m:56s (0h:2m:36s left)
  91 K2P+G4       24232.264   part3.2+part5.3	0h:1m:56s (0h:2m:33s left)
  92 HKY+F+I      24186.790   part2.1+part2.2	0h:1m:57s (0h:2m:31s left)
  93 TIM3e+G4     24165.832   part2.1+part3.2	0h:1m:57s (0h:2m:29s left)
  94 K2P+G4       24227.449   part5.1+part5.3	0h:2m:0s (0h:2m:29s left)
  95 K2P+G4       24276.577   part4.2+part5.3	0h:2m:1s (0h:2m:28s left)
  96 K2P+G4       24151.171   part3.1+part3.2	0h:2m:3s (0h:2m:28s left)
  97 TN+F+G4      24193.008   part2.2+part3.1	0h:2m:3s (0h:2m:25s left)
  98 K2P+I+G4     24162.703   part3.1+part4.1	0h:2m:4s (0h:2m:23s left)
  99 HKY+F+I      24157.313   part2.2+part4.1	0h:2m:6s (0h:2m:22s left)
 100 TN+F         24137.883   part3.2+part4.1	0h:2m:8s (0h:2m:22s left)
 101 JC+I         24169.769   part2.1+part4.2	0h:2m:10s (0h:2m:21s left)
 102 HKY+F+G4     24232.639   part5.2+part5.3	0h:2m:11s (0h:2m:20s left)
 103 HKY+F+G4     24191.584   part2.2+part3.2	0h:2m:12s (0h:2m:18s left)
 104 K2P+G4       24187.576   part3.1+part4.2	0h:2m:12s (0h:2m:16s left)
 105 JC+I         24201.815   part2.1+part5.1	0h:2m:12s (0h:2m:13s left)
 106 TN+F+G4      24137.135   part4.1+part4.2	0h:2m:15s (0h:2m:14s left)
 107 TNe+G4       24201.532   part3.1+part5.1	0h:2m:16s (0h:2m:12s left)
 108 HKY+F+I      24194.885   part4.1+part5.1	0h:2m:16s (0h:2m:9s left)
 109 HKY+F        24165.433   part3.2+part4.2	0h:2m:16s (0h:2m:7s left)
 110 JC+I         24181.053   part2.1+part5.2	0h:2m:17s (0h:2m:5s left)
 111 TPM3+F       24193.070   part3.2+part5.1	0h:2m:18s (0h:2m:5s left)
 112 HKY+F+I      24160.640   part2.2+part4.2	0h:2m:19s (0h:2m:2s left)
 113 HKY+F+I      24213.954   part4.2+part5.1	0h:2m:23s (0h:2m:4s left)
 114 TPM3+F       24170.714   part3.2+part5.2	0h:2m:25s (0h:2m:3s left)
 115 F81+F        24186.991   part4.2+part5.2	0h:2m:25s (0h:2m:1s left)
 116 TN+F+G4      24187.458   part4.1+part5.2	0h:2m:25s (0h:1m:59s left)
 117 HKY+F+I      24196.369   part2.2+part5.1	0h:2m:26s (0h:1m:57s left)
 118 TNe+I        24171.088   part5.1+part5.2	0h:2m:26s (0h:1m:55s left)
 119 K2P+G4       24191.842   part3.1+part5.2	0h:2m:27s (0h:1m:53s left)
 120 HKY+F+I      24205.416   part2.2+part5.2	0h:2m:28s (0h:1m:52s left)
Merging part4.1+part4.2 with BIC score: 24137.135 (LnL: -8405.634  df: 975)
 121 HKY+F+G4     23693.821   part2.1+part4.1+part4.2	0h:2m:32s (0h:1m:53s left)
 122 HKY+F+I      23709.495   part4.1+part4.2+part5.1	0h:2m:34s (0h:1m:52s left)
 123 TPM2u+F+G4   23696.961   part3.1+part4.1+part4.2	0h:2m:34s (0h:1m:50s left)
 124 HKY+F+G4     23744.919   part1.1+part4.1+part4.2	0h:2m:34s (0h:1m:48s left)
 125 TN+F+G4      23714.348   part1.2+part4.1+part4.2	0h:2m:36s (0h:1m:47s left)
 126 TN+F+G4      23697.852   part4.1+part4.2+part5.2	0h:2m:39s (0h:1m:47s left)
 127 TN+F+G4      23663.109   part3.2+part4.1+part4.2	0h:2m:39s (0h:1m:45s left)
 128 HKY+F+I      23673.690   part2.2+part4.1+part4.2	0h:2m:40s (0h:1m:44s left)
 129 TN+F+G4      23835.793   part3.3+part4.1+part4.2	0h:2m:41s (0h:1m:42s left)
 130 TN+F+G4      23904.933   part2.3+part4.1+part4.2	0h:2m:43s (0h:1m:41s left)
 131 TIM3+F+G4    23795.134   part4.1+part4.2+part5.3	0h:2m:43s (0h:1m:39s left)
 132 TIM2+F+G4    23937.285   part1.3+part4.1+part4.2	0h:2m:43s (0h:1m:37s left)
 133 TPM2u+F+I+G4 23708.573   part4.1+part4.2+part4.3	0h:2m:44s (0h:1m:36s left)
Merging part3.1+part3.2 with BIC score: 23656.631 (LnL: -8439.632  df: 902)
 134 TIM3e+G4     23206.634   part2.1+part3.1+part3.2	0h:2m:47s (0h:1m:36s left)
 135 TN+F+G4      23216.718   part3.1+part3.2+part4.1+part4.2	0h:2m:48s (0h:1m:34s left)
 136 TIM3e+G4     23227.537   part1.1+part3.1+part3.2	0h:2m:49s (0h:1m:33s left)
 137 TPM3u+F+G4   23219.170   part1.2+part3.1+part3.2	0h:2m:50s (0h:1m:32s left)
 138 HKY+F+G4     23238.186   part2.2+part3.1+part3.2	0h:2m:51s (0h:1m:30s left)
 139 TPM3u+F+G4   23220.771   part3.1+part3.2+part5.2	0h:2m:51s (0h:1m:29s left)
 140 K2P+G4       23324.175   part2.3+part3.1+part3.2	0h:2m:52s (0h:1m:27s left)
 141 K2P+G4       23342.243   part1.3+part3.1+part3.2	0h:2m:54s (0h:1m:26s left)
 142 K2P+G4       23266.918   part3.1+part3.2+part5.3	0h:2m:55s (0h:1m:25s left)
 143 K2P+G4       23270.361   part3.1+part3.2+part3.3	0h:2m:56s (0h:1m:24s left)
 144 TNe+G4       23227.083   part3.1+part3.2+part5.1	0h:2m:57s (0h:1m:22s left)
 145 TIM2e+G4     23217.408   part3.1+part3.2+part4.3	0h:2m:57s (0h:1m:20s left)
Merging part2.2+part4.1+part4.2 with BIC score: 23193.185 (LnL: -8482.160  df: 829)
 146 HKY+F+I      22754.460   part2.1+part2.2+part4.1+part4.2	0h:3m:3s (0h:1m:21s left)
 147 TN+F+G4      22789.779   part1.2+part2.2+part4.1+part4.2	0h:3m:5s (0h:1m:20s left)
 148 HKY+F+G4     22770.847   part2.2+part3.1+part3.2+part4.1+part4.2	0h:3m:5s (0h:1m:18s left)
 149 HKY+F+G4     22863.411   part2.2+part4.1+part4.2+part5.3	0h:3m:7s (0h:1m:18s left)
 150 HKY+F+I+G4   22803.433   part1.1+part2.2+part4.1+part4.2	0h:3m:9s (0h:1m:17s left)
 151 HKY+F+I+G4   22786.740   part2.2+part4.1+part4.2+part4.3	0h:3m:11s (0h:1m:15s left)
 152 HKY+F+I      22759.458   part2.2+part4.1+part4.2+part5.1	0h:3m:13s (0h:1m:15s left)
 153 HKY+F+I      22758.271   part2.2+part4.1+part4.2+part5.2	0h:3m:14s (0h:1m:13s left)
 154 TN+F+G4      23008.590   part2.2+part2.3+part4.1+part4.2	0h:3m:14s (0h:1m:11s left)
 155 TIM3+F+G4    23068.941   part1.3+part2.2+part4.1+part4.2	0h:3m:14s (0h:1m:10s left)
 156 TN+F+G4      22923.812   part2.2+part3.3+part4.1+part4.2	0h:3m:16s (0h:1m:9s left)
Merging part5.1+part5.2 with BIC score: 22732.597 (LnL: -8492.305  df: 765)
 157 JC+I         22310.985   part2.1+part5.1+part5.2	0h:3m:23s (0h:1m:9s left)
 158 TIM3e+G4     22337.141   part1.1+part5.1+part5.2	0h:3m:25s (0h:1m:8s left)
 159 HKY+F+I      22321.304   part2.2+part4.1+part4.2+part5.1+part5.2	0h:3m:26s (0h:1m:7s left)
 160 TVM+F+G4     22328.942   part1.2+part5.1+part5.2	0h:3m:27s (0h:1m:6s left)
 161 TPM3u+F+G4   22320.750   part3.1+part3.2+part5.1+part5.2	0h:3m:28s (0h:1m:4s left)
 162 TNe+G4       22346.323   part4.3+part5.1+part5.2	0h:3m:28s (0h:1m:3s left)
 163 K2P+G4       22458.645   part2.3+part5.1+part5.2	0h:3m:28s (0h:1m:1s left)
 164 K2P+G4       22492.957   part1.3+part5.1+part5.2	0h:3m:29s (0h:0m:59s left)
 165 K2P+G4       22359.180   part5.1+part5.2+part5.3	0h:3m:30s (0h:0m:58s left)
 166 K3P+G4       22434.034   part3.3+part5.1+part5.2	0h:3m:32s (0h:0m:57s left)
Merging part2.1+part3.1+part3.2 with BIC score: 22282.601 (LnL: -8515.259  df: 699)
 167 K2P+G4       21908.345   part2.1+part3.1+part3.2+part5.3	0h:3m:38s (0h:0m:57s left)
 168 TIM3e+G4     21864.137   part2.1+part3.1+part3.2+part5.1+part5.2	0h:3m:38s (0h:0m:55s left)
 169 TIM3e+G4     21861.550   part1.1+part2.1+part3.1+part3.2	0h:3m:39s (0h:0m:54s left)
 170 HKY+F+G4     21868.946   part2.1+part2.2+part3.1+part3.2+part4.1+part4.2	0h:3m:40s (0h:0m:53s left)
 171 TPM3u+F+G4   21859.966   part1.2+part2.1+part3.1+part3.2	0h:3m:40s (0h:0m:51s left)
 172 K2P+G4       21942.391   part2.1+part3.1+part3.2+part3.3	0h:3m:42s (0h:0m:50s left)
 173 K2P+G4       22010.824   part2.1+part2.3+part3.1+part3.2	0h:3m:42s (0h:0m:48s left)
 174 K2P+G4       22046.514   part1.3+part2.1+part3.1+part3.2	0h:3m:43s (0h:0m:47s left)
 175 TIM3e+G4     21861.295   part2.1+part3.1+part3.2+part4.3	0h:3m:45s (0h:0m:46s left)
Merging part3.3+part4.3 with BIC score: 21837.812 (LnL: -8567.115  df: 626)
 176 K2P+G4       21511.336   part3.3+part4.3+part5.1+part5.2	0h:3m:55s (0h:0m:46s left)
 177 K2P+G4       21405.960   part3.3+part4.3+part5.3	0h:3m:55s (0h:0m:45s left)
 178 K2P+G4       21513.635   part1.2+part3.3+part4.3	0h:3m:55s (0h:0m:43s left)
 179 K2P+G4       21503.672   part1.1+part3.3+part4.3	0h:3m:55s (0h:0m:42s left)
 180 HKY+F+G4     21554.876   part2.2+part3.3+part4.1+part4.2+part4.3	0h:3m:56s (0h:0m:40s left)
 181 K2P+G4       21487.130   part2.1+part3.1+part3.2+part3.3+part4.3	0h:3m:56s (0h:0m:39s left)
 182 K2P+G4       21438.833   part2.3+part3.3+part4.3	0h:3m:56s (0h:0m:37s left)
 183 TIM2+F+G4    21453.585   part1.3+part3.3+part4.3	0h:3m:57s (0h:0m:36s left)
Merging part1.1+part1.2 with BIC score: 21402.979 (LnL: -8620.192  df: 554)
 184 HKY+F+I+G4   21025.950   part1.1+part1.2+part2.2+part4.1+part4.2	0h:4m:2s (0h:0m:35s left)
 185 TPM3+F+G4    21002.197   part1.1+part1.2+part5.1+part5.2	0h:4m:4s (0h:0m:34s left)
 186 K2P+G4       21048.693   part1.1+part1.2+part5.3	0h:4m:5s (0h:0m:32s left)
 187 TPM3+F+G4    20983.805   part1.1+part1.2+part2.1+part3.1+part3.2	0h:4m:5s (0h:0m:31s left)
 188 K2P+G4       21117.978   part1.1+part1.2+part3.3+part4.3	0h:4m:8s (0h:0m:30s left)
 189 K2P+G4       21222.681   part1.1+part1.2+part2.3	0h:4m:8s (0h:0m:28s left)
 190 K2P+G4       21187.699   part1.1+part1.2+part1.3	0h:4m:9s (0h:0m:27s left)
Merging part3.3+part4.3+part5.3 with BIC score: 20971.127 (LnL: -8640.948  df: 491)
 191 K2P+G4       20652.502   part3.3+part4.3+part5.1+part5.2+part5.3	0h:4m:18s (0h:0m:27s left)
 192 K2P+G4       20633.713   part2.1+part3.1+part3.2+part3.3+part4.3+part5.3	0h:4m:19s (0h:0m:25s left)
 193 K2P+G4       20714.154   part1.1+part1.2+part3.3+part4.3+part5.3	0h:4m:19s (0h:0m:24s left)
 194 HKY+F+G4     20725.432   part2.2+part3.3+part4.1+part4.2+part4.3+part5.3	0h:4m:20s (0h:0m:22s left)
 195 K2P+G4       20573.001   part2.3+part3.3+part4.3+part5.3	0h:4m:20s (0h:0m:21s left)
 196 K2P+G4       20598.822   part1.3+part3.3+part4.3+part5.3	0h:4m:21s (0h:0m:20s left)
Merging part1.1+part1.2+part2.1+part3.1+part3.2 with BIC score: 20551.952 (LnL: -8698.097  df: 420)
 197 TPM3u+F+I+G4 20175.458   part1.1+part1.2+part2.1+part2.2+part3.1+part3.2+part4.1+part4.2	0h:4m:27s (0h:0m:18s left)
 198 TPM3u+F+G4   20146.853   part1.1+part1.2+part2.1+part3.1+part3.2+part5.1+part5.2	0h:4m:27s (0h:0m:17s left)
 199 K2P+I+G4     20411.826   part1.1+part1.2+part2.1+part2.3+part3.1+part3.2	0h:4m:29s (0h:0m:16s left)
 200 K2P+G4       20324.043   part1.1+part1.2+part2.1+part3.1+part3.2+part3.3+part4.3+part5.3	0h:4m:30s (0h:0m:14s left)
 201 K2P+I+G4     20403.688   part1.1+part1.2+part1.3+part2.1+part3.1+part3.2	0h:4m:30s (0h:0m:13s left)
Merging part1.3+part2.3 with BIC score: 20139.393 (LnL: -8751.041  df: 351)
 202 K2P+G4       19927.589   part1.3+part2.3+part5.1+part5.2	0h:4m:37s (0h:0m:12s left)
 203 TNe+G4       20099.906   part1.3+part2.2+part2.3+part4.1+part4.2	0h:4m:38s (0h:0m:10s left)
 204 K2P+G4       20125.982   part1.1+part1.2+part1.3+part2.1+part2.3+part3.1+part3.2	0h:4m:39s (0h:0m:9s left)
 205 K2P+G4       19771.214   part1.3+part2.3+part3.3+part4.3+part5.3	0h:4m:39s (0h:0m:8s left)
Merging part2.2+part4.1+part4.2+part5.1+part5.2 with BIC score: 19728.099 (LnL: -8785.832  df: 287)
 206 TPM3u+F+I+G4 19352.718   part1.1+part1.2+part2.1+part2.2+part3.1+part3.2+part4.1+part4.2+part5.1+part5.2	0h:4m:43s (0h:0m:6s left)
 207 HKY+F+I+G4   19514.713   part2.2+part3.3+part4.1+part4.2+part4.3+part5.1+part5.2+part5.3	0h:4m:44s (0h:0m:5s left)
 208 TNe+G4       19756.049   part1.3+part2.2+part2.3+part4.1+part4.2+part5.1+part5.2	0h:4m:46s (0h:0m:4s left)
Merging part1.1+part1.2+part2.1+part2.2+part3.1+part3.2+part4.1+part4.2+part5.1+part5.2 with BIC score: 19352.718 (LnL: -8864.879  df: 216)
 209 K2P+I+G4     19184.755   part1.1+part1.2+part2.1+part2.2+part3.1+part3.2+part3.3+part4.1+part4.2+part4.3+part5.1+part5.2+part5.3	0h:4m:52s (0h:0m:2s left)
 210 K2P+I+G4     19482.664   part1.1+part1.2+part1.3+part2.1+part2.2+part2.3+part3.1+part3.2+part4.1+part4.2+part5.1+part5.2	0h:4m:54s (0h:0m:1s left)
Merging part1.3+part2.3+part3.3+part4.3+part5.3 with BIC score: 18984.539 (LnL: -8955.039  df: 143)
 211 K2P+I+G4     19158.588   part1.1+part1.2+part1.3+part2.1+part2.2+part2.3+part3.1+part3.2+part3.3+part4.1+part4.2+part4.3+part5.1+part5.2+part5.3	0h:5m:5s (0h:0m:0s left)
BEST-FIT PARTITION MODEL: 
  charpartition BIC = TPM3u+F+I+G4: part1.1 part1.2 part2.1 part2.2 part3.1 part3.2 part4.1 part4.2 part5.1 part5.2, K2P+G4: part1.3 part2.3 part3.3 part4.3 part5.3;
Agglomerative model selection: ((((part1.1,part1.2)7:21403,(part2.1,(part3.1,part3.2)2:23656.6)5:22282.6)9:20552,((part2.2,(part4.1,part4.2)1:24137.1)3:23193.2,(part5.1,part5.2)4:22732.6)11:19728.1)12:19352.7,((part1.3,part2.3)10:20139.4,((part3.3,part4.3)6:21837.8,part5.3)8:20971.1)13:18984.5)
Merging into 2 partitions...
Partition information was printed to 6_set181.best_scheme.nex
Partition information in Raxml format was printed to 6_set181.best_scheme

All model information printed to 6_set181.model.gz
CPU time for ModelFinder: 308.316 seconds (0h:5m:8s)
Wall-clock time for ModelFinder: 306.633 seconds (0h:5m:6s)
Generating 1000 samples for ultrafast bootstrap (seed: 788933)...

NOTE: 6 MB RAM (0 GB) is required!
Measuring multi-threading efficiency up to 8 CPU cores
Increase to 10 rounds for branch lengths
59 trees examined
Threads: 1 / Time: 8.003 sec / Speedup: 1.000 / Efficiency: 100% / LogL: -13090
Threads: 2 / Time: 4.846 sec / Speedup: 1.652 / Efficiency: 83% / LogL: -13090
Threads: 3 / Time: 19.483 sec / Speedup: 0.411 / Efficiency: 14% / LogL: -13090
BEST NUMBER OF THREADS: 2

Estimate model parameters (epsilon = 0.100)
Optimizing K2P+G4 parameters for partition part1.3+part2.3+part3.3+part4.3+part5.3 (69 free parameters)
Optimizing TPM3u+F+I+G4 parameters for partition part1.1+part1.2+part2.1+part2.2+part3.1+part3.2+part4.1+part4.2+part5.1+part5.2 (74 free parameters)
Optimal log-likelihood: -8954.641
Computing ML distances based on estimated model parameters... 0.041 sec
Computing BIONJ tree...
0.004 seconds
Log-likelihood of BIONJ tree: -8954.895
--------------------------------------------------------------------
|             INITIALIZING CANDIDATE TREE SET                      |
--------------------------------------------------------------------
Generating 98 parsimony trees... 1.543 second
Computing log-likelihood of 98 initial trees ... 2.661 seconds
Current best score: -8953.435

Do NNI search on 20 best initial trees
Estimate model parameters (epsilon = 0.100)
BETTER TREE FOUND at iteration 1: -8951.434
Estimate model parameters (epsilon = 0.100)
BETTER TREE FOUND at iteration 2: -8951.374
Estimate model parameters (epsilon = 0.100)
BETTER TREE FOUND at iteration 4: -8950.947
Estimate model parameters (epsilon = 0.100)
BETTER TREE FOUND at iteration 7: -8949.373
Iteration 10 / LogL: -8951.074 / Time: 0h:0m:43s
Iteration 20 / LogL: -8949.448 / Time: 0h:0m:46s
Finish initializing candidate tree set (5)
Current best tree score: -8949.373 / CPU time: 11.058
Number of iterations: 20
--------------------------------------------------------------------
|               OPTIMIZING CANDIDATE TREE SET                      |
--------------------------------------------------------------------
Estimate model parameters (epsilon = 0.100)
BETTER TREE FOUND at iteration 23: -8948.925
Iteration 30 / LogL: -8951.405 / Time: 0h:0m:52s (0h:2m:48s left)
Iteration 40 / LogL: -8949.972 / Time: 0h:0m:58s (0h:2m:3s left)
Iteration 50 / LogL: -8949.968 / Time: 0h:1m:3s (0h:1m:34s left)
Log-likelihood cutoff on original alignment: -9004.981
Iteration 60 / LogL: -8948.968 / Time: 0h:1m:12s (0h:1m:17s left)
Iteration 70 / LogL: -8948.966 / Time: 0h:1m:19s (0h:1m:1s left)
Iteration 80 / LogL: -8954.630 / Time: 0h:1m:28s (0h:0m:48s left)
UPDATE BEST LOG-LIKELIHOOD: -8948.925
Iteration 90 / LogL: -8954.615 / Time: 0h:1m:40s (0h:0m:37s left)
Iteration 100 / LogL: -8948.962 / Time: 0h:1m:51s (0h:0m:25s left)
Log-likelihood cutoff on original alignment: -9004.981
NOTE: Bootstrap correlation coefficient of split occurrence frequencies: 0.999
Iteration 110 / LogL: -8949.124 / Time: 0h:1m:59s (0h:1m:38s left)
Iteration 120 / LogL: -8948.953 / Time: 0h:2m:6s (0h:1m:25s left)
TREE SEARCH COMPLETED AFTER 124 ITERATIONS / Time: 0h:2m:9s

--------------------------------------------------------------------
|                    FINALIZING TREE SEARCH                        |
--------------------------------------------------------------------
Performs final model parameters optimization
Estimate model parameters (epsilon = 0.010)
Optimizing K2P+G4 parameters for partition part1.3+part2.3+part3.3+part4.3+part5.3 (69 free parameters)
Optimizing TPM3u+F+I+G4 parameters for partition part1.1+part1.2+part2.1+part2.2+part3.1+part3.2+part4.1+part4.2+part5.1+part5.2 (74 free parameters)
Optimal log-likelihood: -8948.923
BEST SCORE FOUND : -8948.923
Creating bootstrap support values...
Split supports printed to NEXUS file 6_set181.splits.nex
Total tree length: 0.776

Total number of iterations: 124
CPU time used for tree search: 39.977 sec (0h:0m:39s)
Wall-clock time used for tree search: 93.986 sec (0h:1m:33s)
Total CPU time used: 58.184 sec (0h:0m:58s)
Total wall-clock time used: 130.218 sec (0h:2m:10s)

Computing bootstrap consensus tree...
Reading input file 6_set181.splits.nex...
35 taxa and 164 splits.
Consensus tree written to 6_set181.contree
Reading input trees file 6_set181.contree
Log-likelihood of consensus tree: -8949.371

Analysis results written to: 
  IQ-TREE report:                6_set181.iqtree
  Maximum-likelihood tree:       6_set181.treefile
  Likelihood distances:          6_set181.mldist
  Best partitioning scheme:      6_set181.best_scheme.nex
           in RAxML format:      6_set181.best_scheme

Ultrafast bootstrap approximation results written to:
  Split support values:          6_set181.splits.nex
  Consensus tree:                6_set181.contree
  Screen log file:               6_set181.log

Date and Time: Sat Sep  8 00:41:20 2018
