IQ-TREE multicore version 1.6.7 for Mac OS X 64-bit built Aug 23 2018
Developed by Bui Quang Minh, Nguyen Lam Tung, Olga Chernomor,
Heiko Schmidt, Dominik Schrempf, Michael Woodhams.

Host:    meeps-mac-pro.staff.sydney.edu.au (AVX, 64 GB RAM)
Command: /Users/davidduchene/Desktop/Software/iqtree-1.6.7-MacOSX/bin/iqtree -s ../../../../marsupials/set68.fasta -m TESTMERGE -bb 1000 -spp ../../../../marsupials/set68.nex -nt AUTO -pre 4_set68
Seed:    534762 (Using SPRNG - Scalable Parallel Random Number Generator)
Time:    Fri Sep  7 00:56:44 2018
Kernel:  AVX - auto-detect threads (8 CPU cores detected)

Reading partition model file ../../../../marsupials/set68.nex ...
Reading alignment file ../../../../marsupials/set68.fasta ... Fasta format detected
Alignment most likely contains DNA/RNA sequences
Alignment has 35 sequences with 2376 columns, 919 distinct patterns
600 parsimony-informative, 310 singleton sites, 1466 constant sites
                                              Gap/Ambiguity  Composition  p-value
   1  Burramyidae_Burramys_parvus                     5.05%    passed     99.60%
   2  Notoryctidae_Notoryctes_typhlops                2.86%    passed     96.55%
   3  Vombatidae_Lasiorhinus_latifrons                0.34%    passed     90.09%
   4  Potoroidae_Bettongia_penicillata                0.21%    passed     91.39%
   5  Potoroidae_Bettongia_lesueur                    0.67%    passed     71.58%
   6  Dasyuridae_Dasyurus_maculatus                   0.55%    passed     88.26%
   7  Phalangeridae_Trichosurus_vulpecula             0.17%    passed     61.49%
   8  Phalangeridae_Spilocuscus_maculatus             0.42%    passed     70.43%
   9  Potoroidae_Aepyprymnus_rufescens                4.21%    passed     94.20%
  10  Peramelidae_Perameles_nasuta                    0.42%    passed     99.36%
  11  Phalangeridae_Strigocuscus_pelengensis          3.11%    passed     76.37%
  12  Dasyuridae_Phascogale_tapoatafa                 0.21%    passed     97.81%
  13  Dasyuridae_Sminthopsis_macroura                 0.04%    passed     83.11%
  14  Phalangeridae_Phalanger_orientalis              0.55%    passed     80.15%
  15  Acrobatidae_Acrobates_pygmaeus                  2.27%    passed     98.19%
  16  Dasyuridae_Phascogale_calura                    0.21%    passed     95.45%
  17  Dasyuridae_Sarcophilus_harrisii                 0.34%    passed     95.38%
  18  Dasyuridae_Planigale_tenuirostris               5.18%    passed     79.64%
  19  Peramelidae_Echymipera_kalubu                   0.51%    passed     96.09%
  20  Macropodidae_Dorcopsulus_vanheurni              0.00%    passed     98.29%
  21  Pseudochiridae_Pseudochirulus_forbesi           0.42%    passed     95.29%
  22  Didelphidae_Didelphis_virginiana                1.94%    passed     73.26%
  23  Marmosidae_Monodelphis_domestica                1.09%    passed     94.80%
  24  Dasyuridae_Antechinus_stuartii                 14.31%    passed     98.29%
  25  Hypsiprymnodontidae_Hypsiprymnodon_moschatus    0.13%    passed     96.54%
  26  Microbiotheriidae_Dromiciops_gliroides          3.58%    passed     90.43%
  27  Pseudochiridae_Petauroides_volans               2.69%    passed     91.78%
  28  Macropodidae_Wallabia_bicolor                   0.21%    passed     93.15%
  29  Pseudochiridae_Pseudocheirus_occidentalis       0.97%    passed     99.91%
  30  Tarsipedidae_Tarsipes_rostratus                 0.34%    passed     79.90%
  31  Acrobatidae_Distoechurus_pennatus               0.17%    passed     75.33%
  32  Phalangeridae_Phalanger_carmelitae              0.08%    passed     81.59%
  33  Peramelidae_Peroryctes_raffrayana               1.77%    passed     93.33%
  34  Dasyuridae_Dasyurus_geffroii                    0.80%    passed     84.88%
  35  Peramelidae_Perameles_gunnii                    0.88%    passed     99.72%
****  TOTAL                                           1.62%  0 sequences failed composition chi2 test (p-value<5%; df=3)
NOTE: No CharPartition defined, use all CharSets

Loading 15 partitions...
Subset	Type	Seqs	Sites	Infor	Invar	Model	Name
1		35	83	15	49	TESTMERGE	part1.1
2		35	83	15	63	TESTMERGE	part1.2
3		35	83	48	23	TESTMERGE	part1.3
4		35	178	17	143	TESTMERGE	part2.1
5		35	178	13	146	TESTMERGE	part2.2
6		35	178	66	77	TESTMERGE	part2.3
7		35	118	32	58	TESTMERGE	part3.1
8		35	118	23	74	TESTMERGE	part3.2
9		35	118	74	22	TESTMERGE	part3.3
10		35	80	17	56	TESTMERGE	part4.1
11		35	80	10	61	TESTMERGE	part4.2
12		35	80	51	19	TESTMERGE	part4.3
13		35	333	34	274	TESTMERGE	part5.1
14		35	333	14	304	TESTMERGE	part5.2
15		35	333	171	97	TESTMERGE	part5.3
Degree of missing data: 0.000
Info: multi-threading strategy over partitions



Create initial parsimony tree by phylogenetic likelihood library (PLL)... 0.009 seconds
NOTE: ModelFinder requires 10 MB RAM!
NUMBER OF THREADS FOR PARTITION FINDING: 8
Testing GTR+F+G on supermatrix...
GTR+F+G4 / LnL: -13588.157 / df: 76 / AIC: 27328.315 / AICc: 27333.406 / BIC: 27767.076
Selecting individual models for 15 charsets using BIC...
 No. Model        Score       Charset
   1 TPM3u+F+G4   1190.154    part3.2
   2 K2P+G4       1707.543    part1.3
   3 TIM2e+I+G4   2186.053    part5.1
   4 HKY+F+G4     1881.424    part4.3
   5 K2P+I        2583.069    part3.3
   6 HKY+F+G4     2402.926    part2.3
   7 TNe+I        1487.882    part3.1
   8 TIM2e+G4     6360.172    part5.3
   9 K2P+G4       1145.548    part2.1
  10 TN+F         1048.557    part2.2	0h:0m:17s (0h:5m:50s left)
  11 K2P          587.033     part4.2	0h:0m:18s (0h:5m:35s left)
  12 HKY+F+I      1612.140    part5.2	0h:0m:19s (0h:5m:16s left)
  13 TNe+I        697.933     part4.1	0h:0m:19s (0h:4m:58s left)
  14 K2P+G4       848.204     part1.1	0h:0m:20s (0h:4m:43s left)
  15 TNe+G4       766.411     part1.2	0h:0m:20s (0h:4m:30s left)
Full partition model BIC score: 27206.626 (LnL: -13082.510  df:134)
Merging models to increase model fit (about 211 total partition schemes)...
  16 TIM2e+G4     27330.802   part2.1+part5.3	0h:0m:30s (0h:6m:9s left)
  17 TPM2u+F+G4   27214.087   part3.1+part5.3	0h:0m:30s (0h:5m:47s left)
  18 TIM2e+G4     27232.024   part3.2+part5.3	0h:0m:30s (0h:5m:26s left)
  19 TIM2e+G4     27374.356   part5.1+part5.3	0h:0m:30s (0h:5m:12s left)
  20 TIM2e+G4     27218.144   part2.3+part5.3	0h:0m:31s (0h:5m:2s left)
  21 K2P+G4       27195.006   part3.3+part5.3	0h:0m:31s (0h:4m:48s left)
  22 TPM2+F+G4    27198.283   part1.3+part5.3	0h:0m:31s (0h:4m:34s left)
  23 TPM2+F+G4    27205.177   part4.3+part5.3	0h:0m:32s (0h:4m:26s left)
  24 K2P+G4       27199.130   part2.3+part3.1	0h:0m:38s (0h:5m:2s left)
  25 HKY+F+G4     27343.602   part2.2+part5.3	0h:0m:40s (0h:4m:59s left)
  26 HKY+F+G4     27234.764   part2.3+part3.3	0h:0m:40s (0h:4m:47s left)
  27 TPM2+F+G4    27225.404   part1.1+part5.3	0h:0m:40s (0h:4m:38s left)
  28 TPM3u+F+G4   27479.543   part5.2+part5.3	0h:0m:41s (0h:4m:28s left)
  29 K2P+G4       27240.047   part1.2+part5.3	0h:0m:41s (0h:4m:22s left)
  30 TIM2e+G4     27241.908   part4.1+part5.3	0h:0m:42s (0h:4m:14s left)
  31 TPM2+F+G4    27267.742   part4.2+part5.3	0h:0m:42s (0h:4m:7s left)
  32 TPM2u+F+G4   27268.351   part2.3+part5.1	0h:0m:47s (0h:4m:27s left)
  33 K2P+G4       27252.357   part2.3+part4.3	0h:0m:50s (0h:4m:29s left)
  34 K2P+G4       27349.368   part3.3+part5.1	0h:0m:50s (0h:4m:21s left)
  35 HKY+F+G4     27224.853   part1.3+part2.3	0h:0m:53s (0h:4m:26s left)
  36 TPM3+F+G4    27219.123   part3.3+part4.3	0h:0m:53s (0h:4m:17s left)
  37 K2P+G4       27197.088   part1.3+part3.3	0h:0m:53s (0h:4m:10s left)
  38 K2P+I        27230.258   part3.1+part3.3	0h:0m:56s (0h:4m:19s left)
  39 HKY+F+G4     27172.205   part2.3+part3.2	0h:1m:0s (0h:4m:25s left)
  40 K2P+G4       27249.563   part2.1+part2.3	0h:1m:5s (0h:4m:37s left)
  41 K2P+I        27248.426   part3.2+part3.3	0h:1m:11s (0h:4m:54s left)
  42 K2P+G4       27203.084   part1.1+part2.3	0h:1m:11s (0h:4m:48s left)
  43 K2P+G4       27337.403   part2.2+part3.3	0h:1m:13s (0h:4m:45s left)
  44 TN+F+G4      27311.212   part2.3+part5.2	0h:1m:15s (0h:4m:45s left)
  45 HKY+F+G4     27255.315   part2.2+part2.3	0h:1m:16s (0h:4m:41s left)
  46 K2P+G4       27328.709   part2.1+part3.3	0h:1m:17s (0h:4m:37s left)
  47 HKY+F+G4     27421.682   part3.3+part5.2	0h:1m:18s (0h:4m:32s left)
  48 K2P+G4       27242.550   part1.1+part3.3	0h:1m:21s (0h:4m:35s left)
  49 TNe+G4       27222.919   part3.1+part5.1	0h:1m:21s (0h:4m:30s left)
  50 K2P+G4       27215.400   part2.3+part4.1	0h:1m:24s (0h:4m:31s left)
  51 HKY+F+G4     27200.217   part1.2+part2.3	0h:1m:26s (0h:4m:30s left)
  52 K2P+G4       27219.737   part1.3+part3.1	0h:1m:28s (0h:4m:30s left)
  53 TIM3+F+G4    27238.954   part3.1+part4.3	0h:1m:29s (0h:4m:26s left)
  54 TN+F+G4      27218.877   part2.3+part4.2	0h:1m:34s (0h:4m:34s left)
  55 K2P+I+G4     27290.542   part1.3+part5.1	0h:1m:38s (0h:4m:39s left)
  56 K2P+G4       27187.603   part3.1+part3.2	0h:1m:51s (0h:5m:9s left)
  57 K2P+I        27255.697   part3.3+part4.1	0h:1m:57s (0h:5m:16s left)
  58 K2P+I        27246.580   part1.2+part3.3	0h:2m:2s (0h:5m:22s left)
  59 K2P+I+G4     27322.780   part4.3+part5.1	0h:2m:6s (0h:5m:25s left)
  60 K2P+I        27279.385   part3.3+part4.2	0h:2m:10s (0h:5m:27s left)
  61 TPM2+F+G4    27204.122   part1.3+part4.3	0h:2m:12s (0h:5m:26s left)
  62 K2P+G4       27223.606   part2.2+part3.1	0h:2m:14s (0h:5m:23s left)
  63 TNe+I        27223.308   part2.1+part3.1	0h:2m:16s (0h:5m:21s left)
  64 K2P+G4       27193.021   part3.2+part5.1	0h:2m:21s (0h:5m:25s left)
  65 K2P+G4       27222.643   part1.3+part3.2	0h:2m:23s (0h:5m:21s left)
  66 K2P+G4       27179.864   part2.2+part5.1	0h:2m:24s (0h:5m:17s left)
  67 K2P+G4       27182.986   part2.1+part5.1	0h:2m:25s (0h:5m:13s left)
  68 K2P+G4       27245.964   part3.2+part4.3	0h:2m:28s (0h:5m:12s left)
  69 K2P+G4       27280.240   part1.3+part2.1	0h:2m:28s (0h:5m:6s left)
  70 K2P+G4       27276.310   part3.1+part5.2	0h:2m:29s (0h:5m:1s left)
  71 K2P+G4       27290.074   part1.3+part2.2	0h:2m:30s (0h:4m:56s left)
  72 K2P+I+G4     27320.409   part2.1+part4.3	0h:2m:32s (0h:4m:54s left)
  73 K2P+I+G4     27197.394   part5.1+part5.2	0h:2m:35s (0h:4m:54s left)
  74 TPM2u+F+I+G4 27330.552   part2.2+part4.3	0h:2m:36s (0h:4m:49s left)
  75 K2P+G4       27189.942   part1.1+part3.1	0h:2m:37s (0h:4m:44s left)
  76 K2P+G4       27198.449   part1.1+part5.1	0h:2m:38s (0h:4m:42s left)
  77 K2P+G4       27196.458   part2.1+part3.2	0h:2m:40s (0h:4m:39s left)
  78 HKY+F+I+G4   27349.442   part1.3+part5.2	0h:2m:42s (0h:4m:36s left)
  79 K2P+G4       27223.430   part1.1+part1.3	0h:2m:42s (0h:4m:31s left)
  80 TN+F+G4      27191.500   part2.2+part3.2	0h:2m:43s (0h:4m:27s left)
  81 K3P+G4       27183.703   part2.1+part2.2	0h:2m:46s (0h:4m:26s left)
  82 K2P+G4       27203.147   part1.2+part3.1	0h:2m:47s (0h:4m:23s left)
  83 K3P+I+G4     27370.347   part4.3+part5.2	0h:2m:50s (0h:4m:22s left)
  84 HKY+F+G4     27232.090   part1.1+part4.3	0h:2m:51s (0h:4m:18s left)
  85 TNe+I        27187.067   part3.1+part4.1	0h:2m:52s (0h:4m:15s left)
  86 K2P+G4       27208.934   part3.1+part4.2	0h:2m:52s (0h:4m:11s left)
  87 TIM3+F+G4    27211.363   part3.2+part5.2	0h:2m:54s (0h:4m:9s left)
  88 K2P+I+G4     27183.797   part1.2+part5.1	0h:2m:55s (0h:4m:5s left)
  89 TNe+G4       27187.621   part4.1+part5.1	0h:2m:56s (0h:4m:2s left)
  90 K2P+G4       27180.662   part1.1+part3.2	0h:2m:56s (0h:3m:57s left)
  91 K2P+I        27207.352   part2.1+part5.2	0h:2m:58s (0h:3m:54s left)
  92 K2P+G4       27219.499   part1.2+part1.3	0h:2m:58s (0h:3m:51s left)
  93 K2P+G4       27236.729   part1.3+part4.1	0h:3m:0s (0h:3m:49s left)
  94 K2P+G4       27197.935   part1.1+part2.1	0h:3m:3s (0h:3m:47s left)
  95 K2P+G4       27250.117   part1.2+part4.3	0h:3m:5s (0h:3m:46s left)
  96 K2P+I+G4     27190.829   part4.2+part5.1	0h:3m:5s (0h:3m:42s left)
  97 TN+F+I       27197.858   part2.2+part5.2	0h:3m:7s (0h:3m:39s left)
  98 HKY+F+G4     27200.789   part1.1+part2.2	0h:3m:9s (0h:3m:38s left)
  99 K2P+G4       27248.389   part1.3+part4.2	0h:3m:9s (0h:3m:34s left)
 100 HKY+F+G4     27247.882   part4.1+part4.3	0h:3m:12s (0h:3m:33s left)
 101 HKY+F+G4     27266.080   part4.2+part4.3	0h:3m:14s (0h:3m:31s left)
 102 K2P+G4       27232.544   part1.1+part5.2	0h:3m:15s (0h:3m:28s left)
 103 K2P+G4       27181.915   part3.2+part4.1	0h:3m:15s (0h:3m:24s left)
 104 TNe+G4       27196.980   part1.2+part2.1	0h:3m:16s (0h:3m:21s left)
 105 K2P+G4       27190.680   part2.1+part4.1	0h:3m:16s (0h:3m:18s left)
 106 HKY+F+G4     27181.310   part1.2+part3.2	0h:3m:17s (0h:3m:15s left)
 107 TPM3u+F+G4   27190.304   part3.2+part4.2	0h:3m:18s (0h:3m:13s left)
 108 K2P+I        27184.994   part2.2+part4.1	0h:3m:20s (0h:3m:11s left)
 109 K2P+G4       27190.533   part2.1+part4.2	0h:3m:20s (0h:3m:8s left)
 110 K2P+G4       27183.643   part2.2+part4.2	0h:3m:22s (0h:3m:6s left)
 111 TPM2u+F+G4   27194.737   part1.2+part2.2	0h:3m:23s (0h:3m:3s left)
 112 K2P+G4       27193.958   part1.1+part1.2	0h:3m:27s (0h:3m:3s left)
 113 K2P+I        27204.970   part4.1+part5.2	0h:3m:28s (0h:3m:0s left)
 114 HKY+F+I      27196.128   part4.2+part5.2	0h:3m:33s (0h:3m:1s left)
 115 HKY+F+I+G4   27200.163   part1.2+part5.2	0h:3m:33s (0h:2m:58s left)
 116 K2P+G4       27186.215   part1.1+part4.1	0h:3m:33s (0h:2m:54s left)
 117 K2P+G4       27193.225   part1.1+part4.2	0h:3m:33s (0h:2m:51s left)
 118 K2P+G4       27190.363   part1.2+part4.1	0h:3m:34s (0h:2m:48s left)
 119 TIM2e+G4     27193.497   part4.1+part4.2	0h:3m:34s (0h:2m:45s left)
 120 K2P+G4       27196.269   part1.2+part4.2	0h:3m:35s (0h:2m:43s left)
Merging part2.3+part3.2 with BIC score: 27172.205 (LnL: -13092.506  df: 127)
 121 HKY+F+G4     27219.959   part2.1+part2.3+part3.2	0h:3m:49s (0h:2m:50s left)
 122 HKY+F+G4     27183.593   part2.3+part3.2+part4.1	0h:3m:51s (0h:2m:48s left)
 123 TN+F+G4      27212.653   part2.2+part2.3+part3.2	0h:3m:52s (0h:2m:46s left)
 124 TN+F+G4      27272.297   part2.3+part3.2+part5.2	0h:3m:52s (0h:2m:43s left)
 125 HKY+F+G4     27183.057   part2.3+part3.1+part3.2	0h:3m:53s (0h:2m:40s left)
 126 HKY+F+G4     27231.921   part2.3+part3.2+part5.1	0h:3m:53s (0h:2m:37s left)
 127 HKY+F+G4     27225.872   part2.3+part3.2+part3.3	0h:3m:55s (0h:2m:36s left)
 128 HKY+F+G4     27208.345   part1.3+part2.3+part3.2	0h:3m:56s (0h:2m:33s left)
 129 HKY+F+G4     27181.892   part1.1+part2.3+part3.2	0h:4m:3s (0h:2m:35s left)
 130 TN+F+G4      27177.251   part2.3+part3.2+part4.2	0h:4m:4s (0h:2m:32s left)
 131 HKY+F+G4     27159.398   part1.2+part2.3+part3.2	0h:4m:5s (0h:2m:29s left)
 132 K2P+G4       27253.037   part2.3+part3.2+part4.3	0h:4m:5s (0h:2m:26s left)
 133 TPM3u+F+G4   27223.374   part2.3+part3.2+part5.3	0h:4m:6s (0h:2m:24s left)
Merging part2.2+part5.1 with BIC score: 27145.444 (LnL: -13114.105  df: 118)
 134 K2P+G4       27129.312   part2.2+part4.1+part5.1	0h:4m:11s (0h:2m:24s left)
 135 K2P+I+G4     27143.911   part2.2+part5.1+part5.2	0h:4m:13s (0h:2m:22s left)
 136 K2P+G4       27122.755   part2.1+part2.2+part5.1	0h:4m:15s (0h:2m:21s left)
 137 TNe+G4       27175.632   part2.2+part3.1+part5.1	0h:4m:16s (0h:2m:18s left)
 138 K2P+I+G4     27259.427   part1.3+part2.2+part5.1	0h:4m:16s (0h:2m:15s left)
 139 K2P+G4       27326.680   part2.2+part3.3+part5.1	0h:4m:18s (0h:2m:13s left)
 140 HKY+F+G4     27228.017   part2.2+part2.3+part3.2+part5.1	0h:4m:20s (0h:2m:11s left)
 141 K2P+G4       27141.994   part1.1+part2.2+part5.1	0h:4m:20s (0h:2m:9s left)
 142 TIM2e+G4     27381.956   part2.2+part5.1+part5.3	0h:4m:21s (0h:2m:6s left)
 143 K2P+G4       27129.932   part2.2+part4.2+part5.1	0h:4m:21s (0h:2m:4s left)
 144 K2P+I+G4     27132.970   part1.2+part2.2+part5.1	0h:4m:23s (0h:2m:2s left)
 145 K2P+I+G4     27295.747   part2.2+part4.3+part5.1	0h:4m:24s (0h:2m:0s left)
Merging part2.1+part2.2+part5.1 with BIC score: 27122.755 (LnL: -13114.420  df: 115)
 146 K2P+G4       27108.091   part2.1+part2.2+part4.2+part5.1	0h:4m:32s (0h:2m:1s left)
 147 K2P+G4       27108.156   part2.1+part2.2+part4.1+part5.1	0h:4m:33s (0h:1m:58s left)
 148 K2P+G4       27120.550   part1.1+part2.1+part2.2+part5.1	0h:4m:33s (0h:1m:56s left)
 149 K2P+I+G4     27250.165   part1.3+part2.1+part2.2+part5.1	0h:4m:36s (0h:1m:55s left)
 150 K2P+G4       27156.620   part2.1+part2.2+part3.1+part5.1	0h:4m:37s (0h:1m:52s left)
 151 K2P+G4       27324.159   part2.1+part2.2+part3.3+part5.1	0h:4m:38s (0h:1m:50s left)
 152 HKY+F+G4     27221.049   part2.1+part2.2+part2.3+part3.2+part5.1	0h:4m:40s (0h:1m:48s left)
 153 TIM2e+G4     27399.737   part2.1+part2.2+part5.1+part5.3	0h:4m:42s (0h:1m:46s left)
 154 K2P+I+G4     27112.408   part1.2+part2.1+part2.2+part5.1	0h:4m:42s (0h:1m:44s left)
 155 K2P+I+G4     27127.516   part2.1+part2.2+part5.1+part5.2	0h:4m:42s (0h:1m:42s left)
 156 K2P+I+G4     27293.422   part2.1+part2.2+part4.3+part5.1	0h:4m:43s (0h:1m:39s left)
Merging part1.1+part4.1 with BIC score: 27102.344 (LnL: -13119.761  df: 111)
 157 K2P+G4       27086.821   part1.1+part4.1+part4.2	0h:4m:49s (0h:1m:39s left)
 158 K2P+G4       27092.368   part1.1+part1.2+part4.1	0h:4m:51s (0h:1m:37s left)
 159 HKY+F+G4     27160.020   part1.1+part4.1+part4.3	0h:4m:53s (0h:1m:35s left)
 160 K2P+G4       27147.390   part1.1+part1.3+part4.1	0h:4m:55s (0h:1m:34s left)
 161 K2P+G4       27123.942   part1.1+part2.3+part3.2+part4.1	0h:4m:56s (0h:1m:31s left)
 162 K2P+G4       27103.238   part1.1+part2.1+part2.2+part4.1+part5.1	0h:4m:56s (0h:1m:29s left)
 163 TNe+I        27088.266   part1.1+part3.1+part4.1	0h:4m:57s (0h:1m:27s left)
 164 K2P+G4       27174.647   part1.1+part3.3+part4.1	0h:4m:58s (0h:1m:25s left)
 165 K2P+G4       27132.550   part1.1+part4.1+part5.2	0h:4m:58s (0h:1m:23s left)
 166 TPM2u+F+G4   27162.957   part1.1+part4.1+part5.3	0h:5m:2s (0h:1m:21s left)
Merging part1.1+part4.1+part4.2 with BIC score: 27086.821 (LnL: -13119.773  df: 109)
 167 K2P+G4       27079.162   part1.1+part1.2+part4.1+part4.2	0h:5m:31s (0h:1m:27s left)
 168 K2P+G4       27086.309   part1.1+part2.1+part2.2+part4.1+part4.2+part5.1	0h:5m:31s (0h:1m:24s left)
 169 K2P+G4       27115.879   part1.1+part4.1+part4.2+part5.2	0h:5m:31s (0h:1m:22s left)
 170 HKY+F+G4     27175.303   part1.1+part4.1+part4.2+part4.3	0h:5m:33s (0h:1m:20s left)
 171 K2P+G4       27120.801   part1.1+part2.3+part3.2+part4.1+part4.2	0h:5m:33s (0h:1m:17s left)
 172 K2P+G4       27154.920   part1.1+part1.3+part4.1+part4.2	0h:5m:33s (0h:1m:15s left)
 173 TNe+G4       27083.725   part1.1+part3.1+part4.1+part4.2	0h:5m:34s (0h:1m:13s left)
 174 K2P+G4       27189.080   part1.1+part3.3+part4.1+part4.2	0h:5m:34s (0h:1m:11s left)
 175 K2P+G4       27186.646   part1.1+part4.1+part4.2+part5.3	0h:5m:40s (0h:1m:10s left)
Merging part1.2+part2.3+part3.2 with BIC score: 27074.014 (LnL: -13128.915  df: 105)
 176 HKY+F+G4     27085.256   part1.2+part2.3+part3.1+part3.2	0h:5m:52s (0h:1m:10s left)
 177 TN+F+G4      27160.711   part1.2+part2.3+part3.2+part5.2	0h:5m:53s (0h:1m:7s left)
 178 HKY+F+G4     27109.438   part1.1+part1.2+part2.3+part3.2+part4.1+part4.2	0h:5m:53s (0h:1m:5s left)
 179 K2P+G4       27167.145   part1.2+part2.3+part3.2+part4.3	0h:5m:53s (0h:1m:3s left)
 180 HKY+F+G4     27113.870   part1.2+part1.3+part2.3+part3.2	0h:5m:53s (0h:1m:0s left)
 181 HKY+F+G4     27141.960   part1.2+part2.3+part3.2+part3.3	0h:5m:55s (0h:0m:58s left)
 182 HKY+F+G4     27159.953   part1.2+part2.1+part2.2+part2.3+part3.2+part5.1	0h:5m:55s (0h:0m:56s left)
 183 TPM3u+F+G4   27143.489   part1.2+part2.3+part3.2+part5.3	0h:5m:56s (0h:0m:54s left)
Merging part3.3+part5.3 with BIC score: 27062.394 (LnL: -13142.538  df: 100)
 184 K2P+G4       27197.325   part1.1+part3.3+part4.1+part4.2+part5.3	0h:6m:12s (0h:0m:54s left)
 185 K2P+G4       27078.958   part3.1+part3.3+part5.3	0h:6m:12s (0h:0m:52s left)
 186 K2P+G4       27048.953   part1.3+part3.3+part5.3	0h:6m:13s (0h:0m:50s left)
 187 TPM2u+F+G4   27071.658   part3.3+part4.3+part5.3	0h:6m:14s (0h:0m:48s left)
 188 K2P+G4       27446.463   part2.1+part2.2+part3.3+part5.1+part5.3	0h:6m:14s (0h:0m:45s left)
 189 HKY+F+G4     27170.933   part1.2+part2.3+part3.2+part3.3+part5.3	0h:6m:16s (0h:0m:43s left)
 190 HKY+F+I+G4   27422.203   part3.3+part5.2+part5.3	0h:6m:16s (0h:0m:41s left)
Merging part1.3+part3.3+part5.3 with BIC score: 27048.953 (LnL: -13147.477  df: 97)
 191 K2P+G4       27068.138   part1.3+part3.1+part3.3+part5.3	0h:6m:33s (0h:0m:41s left)
 192 K2P+G4       27194.131   part1.1+part1.3+part3.3+part4.1+part4.2+part5.3	0h:6m:34s (0h:0m:39s left)
 193 TPM2+F+G4    27054.457   part1.3+part3.3+part4.3+part5.3	0h:6m:35s (0h:0m:36s left)
 194 K2P+G4       27473.194   part1.3+part2.1+part2.2+part3.3+part5.1+part5.3	0h:6m:35s (0h:0m:34s left)
 195 HKY+F+G4     27170.698   part1.2+part1.3+part2.3+part3.2+part3.3+part5.3	0h:6m:36s (0h:0m:32s left)
 196 TPM2u+F+I+G4 27433.607   part1.3+part3.3+part5.2+part5.3	0h:6m:36s (0h:0m:30s left)
Merging part1.1+part3.1+part4.1+part4.2 with BIC score: 27045.857 (LnL: -13157.589  df: 94)
 197 K2P+G4       27110.648   part1.1+part3.1+part4.1+part4.2+part5.2	0h:6m:43s (0h:0m:28s left)
 198 TNe+G4       27071.820   part1.1+part2.1+part2.2+part3.1+part4.1+part4.2+part5.1	0h:6m:48s (0h:0m:26s left)
 199 HKY+F+G4     27129.045   part1.1+part3.1+part4.1+part4.2+part4.3	0h:6m:48s (0h:0m:24s left)
 200 K2P+G4       27071.989   part1.1+part1.2+part2.3+part3.1+part3.2+part4.1+part4.2	0h:6m:48s (0h:0m:22s left)
 201 K2P+G4       27189.493   part1.1+part1.3+part3.1+part3.3+part4.1+part4.2+part5.3	0h:6m:51s (0h:0m:20s left)
BEST-FIT PARTITION MODEL: 
  charpartition BIC = TNe+G4: part1.1 part3.1 part4.1 part4.2, HKY+F+G4: part1.2 part2.3 part3.2, K2P+G4: part1.3 part3.3 part5.3, K2P+G4: part2.1 part2.2 part5.1, HKY+F+G4: part4.3, HKY+F+I: part5.2;
Agglomerative model selection: ((((part1.1,part4.1)4:27102.3,part4.2)5:27086.8,part3.1)9:27045.9,(part1.2,(part2.3,part3.2)1:27172.2)6:27074,(part1.3,(part3.3,part5.3)7:27062.4)8:27049,(part2.1,(part2.2,part5.1)2:27145.4)3:27122.8,part4.3,part5.2)
Merging into 6 partitions...
Partition information was printed to 4_set68.best_scheme.nex
Partition information in Raxml format was printed to 4_set68.best_scheme

All model information printed to 4_set68.model.gz
CPU time for ModelFinder: 406.741 seconds (0h:6m:46s)
Wall-clock time for ModelFinder: 412.260 seconds (0h:6m:52s)
Generating 1000 samples for ultrafast bootstrap (seed: 534762)...

NOTE: 8 MB RAM (0 GB) is required!
Measuring multi-threading efficiency up to 8 CPU cores
Increase to 10 rounds for branch lengths
21 trees examined
Threads: 1 / Time: 8.286 sec / Speedup: 1.000 / Efficiency: 100% / LogL: -20458
Threads: 2 / Time: 20.908 sec / Speedup: 0.396 / Efficiency: 20% / LogL: -20458
BEST NUMBER OF THREADS: 1

Estimate model parameters (epsilon = 0.100)
Initial log-likelihood: -14220.633
Current log-likelihood at step 1: -13594.850
Current log-likelihood at step 2: -13523.886
Current log-likelihood at step 3: -13497.361
Current log-likelihood at step 4: -13456.704
Current log-likelihood at step 5: -13426.227
Current log-likelihood at step 6: -13388.595
Current log-likelihood at step 7: -13340.094
Current log-likelihood at step 8: -13276.493
Current log-likelihood at step 9: -13237.409
Current log-likelihood at step 10: -13234.003
Current log-likelihood at step 11: -13230.353
Current log-likelihood at step 12: -13226.470
Current log-likelihood at step 13: -13213.614
Current log-likelihood at step 14: -13213.360
Current log-likelihood at step 15: -13213.111
Current log-likelihood at step 16: -13212.860
Current log-likelihood at step 17: -13212.605
Current log-likelihood at step 18: -13212.348
Current log-likelihood at step 19: -13212.087
Current log-likelihood at step 20: -13211.823
Current log-likelihood at step 21: -13211.556
Current log-likelihood at step 22: -13211.285
Current log-likelihood at step 23: -13211.011
Current log-likelihood at step 24: -13210.734
Current log-likelihood at step 25: -13210.452
Current log-likelihood at step 26: -13210.167
Current log-likelihood at step 27: -13209.879
Current log-likelihood at step 28: -13209.586
Current log-likelihood at step 29: -13209.289
Current log-likelihood at step 30: -13208.988
Current log-likelihood at step 31: -13208.683
Current log-likelihood at step 32: -13208.373
Current log-likelihood at step 33: -13208.059
Current log-likelihood at step 34: -13207.740
Current log-likelihood at step 35: -13207.417
Current log-likelihood at step 36: -13207.088
Current log-likelihood at step 37: -13206.754
Current log-likelihood at step 38: -13206.415
Current log-likelihood at step 39: -13206.071
Current log-likelihood at step 40: -13205.721
Current log-likelihood at step 41: -13205.366
Current log-likelihood at step 42: -13205.004
Current log-likelihood at step 43: -13204.636
Current log-likelihood at step 44: -13204.262
Current log-likelihood at step 45: -13203.881
Current log-likelihood at step 46: -13203.494
Current log-likelihood at step 47: -13203.099
Current log-likelihood at step 48: -13202.697
Current log-likelihood at step 49: -13202.288
Current log-likelihood at step 50: -13201.870
Current log-likelihood at step 51: -13201.445
Current log-likelihood at step 52: -13201.011
Current log-likelihood at step 53: -13200.568
Current log-likelihood at step 54: -13200.116
Current log-likelihood at step 55: -13199.654
Current log-likelihood at step 56: -13199.183
Current log-likelihood at step 57: -13198.701
Current log-likelihood at step 58: -13198.208
Current log-likelihood at step 59: -13197.704
Current log-likelihood at step 60: -13197.188
Current log-likelihood at step 61: -13196.660
Current log-likelihood at step 62: -13196.119
Current log-likelihood at step 63: -13195.564
Current log-likelihood at step 64: -13194.995
Current log-likelihood at step 65: -13194.411
Current log-likelihood at step 66: -13193.811
Current log-likelihood at step 67: -13193.194
Current log-likelihood at step 68: -13192.560
Current log-likelihood at step 69: -13191.908
Current log-likelihood at step 70: -13191.236
Current log-likelihood at step 71: -13190.543
Current log-likelihood at step 72: -13189.828
Current log-likelihood at step 73: -13189.091
Current log-likelihood at step 74: -13188.328
Current log-likelihood at step 75: -13187.540
Current log-likelihood at step 76: -13186.723
Current log-likelihood at step 77: -13185.877
Current log-likelihood at step 78: -13184.998
Current log-likelihood at step 79: -13184.086
Current log-likelihood at step 80: -13183.138
Current log-likelihood at step 81: -13182.150
Current log-likelihood at step 82: -13181.120
Current log-likelihood at step 83: -13180.046
Current log-likelihood at step 84: -13178.923
Current log-likelihood at step 85: -13177.749
Current log-likelihood at step 86: -13176.520
Current log-likelihood at step 87: -13175.232
Current log-likelihood at step 88: -13173.883
Current log-likelihood at step 89: -13172.469
Current log-likelihood at step 90: -13170.990
Current log-likelihood at step 91: -13169.446
Current log-likelihood at step 92: -13167.843
Current log-likelihood at step 93: -13166.192
Current log-likelihood at step 94: -13157.290
Current log-likelihood at step 95: -13157.289
Partition-specific rates:  0.710 0.980 2.278 0.333 3.051 0.175
Parameters optimization took 94 rounds (21.168 sec)

Computing ML distances based on estimated model parameters... 0.062 sec
Computing BIONJ tree...
0.004 seconds
Log-likelihood of BIONJ tree: -13159.276
--------------------------------------------------------------------
|             INITIALIZING CANDIDATE TREE SET                      |
--------------------------------------------------------------------
Generating 98 parsimony trees... 4.680 second
Computing log-likelihood of 98 initial trees ... 14.796 seconds
Current best score: -13157.289

Do NNI search on 20 best initial trees
Estimate model parameters (epsilon = 0.100)
Initial log-likelihood: -13157.289
Current log-likelihood at step 1: -13157.289
Parameters optimization took 0 rounds (0.147 sec)

BETTER TREE FOUND at iteration 1: -13157.289
Estimate model parameters (epsilon = 0.100)
Initial log-likelihood: -13155.496
Current log-likelihood at step 1: -13155.252
Current log-likelihood at step 2: -13155.251
Parameters optimization took 1 rounds (0.408 sec)

BETTER TREE FOUND at iteration 4: -13155.251
Iteration 10 / LogL: -13155.252 / Time: 0h:1m:21s
Iteration 20 / LogL: -13155.252 / Time: 0h:1m:35s
Finish initializing candidate tree set (3)
Current best tree score: -13155.251 / CPU time: 44.925
Number of iterations: 20
--------------------------------------------------------------------
|               OPTIMIZING CANDIDATE TREE SET                      |
--------------------------------------------------------------------
Iteration 30 / LogL: -13155.252 / Time: 0h:1m:48s (0h:4m:36s left)
Iteration 40 / LogL: -13157.514 / Time: 0h:2m:2s (0h:3m:20s left)
Iteration 50 / LogL: -13157.515 / Time: 0h:2m:15s (0h:2m:29s left)
Log-likelihood cutoff on original alignment: -13211.068
Iteration 60 / LogL: -13157.514 / Time: 0h:2m:29s (0h:1m:51s left)
Iteration 70 / LogL: -13155.251 / Time: 0h:2m:42s (0h:1m:20s left)
Iteration 80 / LogL: -13157.521 / Time: 0h:2m:56s (0h:0m:53s left)
Iteration 90 / LogL: -13157.515 / Time: 0h:3m:8s (0h:0m:29s left)
Iteration 100 / LogL: -13157.531 / Time: 0h:3m:22s (0h:0m:8s left)
Log-likelihood cutoff on original alignment: -13211.068
NOTE: Bootstrap correlation coefficient of split occurrence frequencies: 1.000
TREE SEARCH COMPLETED AFTER 105 ITERATIONS / Time: 0h:3m:33s

--------------------------------------------------------------------
|                    FINALIZING TREE SEARCH                        |
--------------------------------------------------------------------
Performs final model parameters optimization
Estimate model parameters (epsilon = 0.010)
Initial log-likelihood: -13155.251
Current log-likelihood at step 1: -13155.251
Partition-specific rates:  0.709 0.969 2.276 0.335 3.102 0.175
Parameters optimization took 0 rounds (0.217 sec)

BEST SCORE FOUND : -13155.251
Creating bootstrap support values...
Split supports printed to NEXUS file 4_set68.splits.nex
Total tree length: 0.878

Total number of iterations: 105
CPU time used for tree search: 55.144 sec (0h:0m:55s)
Wall-clock time used for tree search: 162.995 sec (0h:2m:42s)
Total CPU time used: 70.649 sec (0h:1m:10s)
Total wall-clock time used: 215.021 sec (0h:3m:35s)

Computing bootstrap consensus tree...
Reading input file 4_set68.splits.nex...
35 taxa and 128 splits.
Consensus tree written to 4_set68.contree
Reading input trees file 4_set68.contree
Log-likelihood of consensus tree: -13155.251

Analysis results written to: 
  IQ-TREE report:                4_set68.iqtree
  Maximum-likelihood tree:       4_set68.treefile
  Likelihood distances:          4_set68.mldist
  Best partitioning scheme:      4_set68.best_scheme.nex
           in RAxML format:      4_set68.best_scheme

Ultrafast bootstrap approximation results written to:
  Split support values:          4_set68.splits.nex
  Consensus tree:                4_set68.contree
  Screen log file:               4_set68.log

Date and Time: Fri Sep  7 01:07:12 2018
