IQ-TREE multicore version 1.6.7 for Mac OS X 64-bit built Aug 23 2018
Developed by Bui Quang Minh, Nguyen Lam Tung, Olga Chernomor,
Heiko Schmidt, Dominik Schrempf, Michael Woodhams.

Host:    meeps-mac-pro.staff.sydney.edu.au (AVX, 64 GB RAM)
Command: /Users/davidduchene/Desktop/Software/iqtree-1.6.7-MacOSX/bin/iqtree -s ../../../../marsupials/set210.fasta -m TESTMERGE -bb 1000 -spp ../../../../marsupials/set210.nex -nt AUTO -pre 4_set210
Seed:    890651 (Using SPRNG - Scalable Parallel Random Number Generator)
Time:    Sat Sep  8 01:22:49 2018
Kernel:  AVX - auto-detect threads (8 CPU cores detected)

Reading partition model file ../../../../marsupials/set210.nex ...
Reading alignment file ../../../../marsupials/set210.fasta ... Fasta format detected
Alignment most likely contains DNA/RNA sequences
Alignment has 35 sequences with 2712 columns, 1228 distinct patterns
793 parsimony-informative, 371 singleton sites, 1548 constant sites
                                              Gap/Ambiguity  Composition  p-value
   1  Burramyidae_Burramys_parvus                     0.48%    passed     98.84%
   2  Notoryctidae_Notoryctes_typhlops                7.96%    failed      4.94%
   3  Vombatidae_Lasiorhinus_latifrons                0.33%    passed     99.03%
   4  Potoroidae_Bettongia_penicillata                2.40%    passed     79.21%
   5  Potoroidae_Bettongia_lesueur                    0.22%    passed     90.85%
   6  Dasyuridae_Dasyurus_maculatus                   0.22%    passed     96.55%
   7  Phalangeridae_Trichosurus_vulpecula             0.33%    passed     88.15%
   8  Phalangeridae_Spilocuscus_maculatus             0.26%    passed     91.64%
   9  Potoroidae_Aepyprymnus_rufescens                0.37%    passed     57.79%
  10  Peramelidae_Perameles_nasuta                    0.41%    passed     99.77%
  11  Phalangeridae_Strigocuscus_pelengensis          2.77%    passed     98.10%
  12  Dasyuridae_Phascogale_tapoatafa                 0.15%    passed     91.74%
  13  Dasyuridae_Sminthopsis_macroura                 3.50%    passed     73.36%
  14  Phalangeridae_Phalanger_orientalis              0.48%    passed     96.63%
  15  Acrobatidae_Acrobates_pygmaeus                  0.48%    passed     41.73%
  16  Dasyuridae_Phascogale_calura                    0.22%    passed     97.04%
  17  Dasyuridae_Sarcophilus_harrisii                 0.15%    passed     97.96%
  18  Dasyuridae_Planigale_tenuirostris              13.68%    passed     89.86%
  19  Peramelidae_Echymipera_kalubu                   0.18%    passed     98.25%
  20  Macropodidae_Dorcopsulus_vanheurni              0.26%    passed     77.10%
  21  Pseudochiridae_Pseudochirulus_forbesi           2.95%    passed     93.82%
  22  Didelphidae_Didelphis_virginiana               47.49%    passed     84.69%
  23  Marmosidae_Monodelphis_domestica                6.23%    failed      1.55%
  24  Dasyuridae_Antechinus_stuartii                  4.13%    passed     96.26%
  25  Hypsiprymnodontidae_Hypsiprymnodon_moschatus    0.15%    passed     87.91%
  26  Microbiotheriidae_Dromiciops_gliroides          4.65%    passed     72.83%
  27  Pseudochiridae_Petauroides_volans               0.48%    passed     88.69%
  28  Macropodidae_Wallabia_bicolor                   4.72%    passed     76.04%
  29  Pseudochiridae_Pseudocheirus_occidentalis      23.27%    passed     65.00%
  30  Tarsipedidae_Tarsipes_rostratus                10.99%    passed     94.04%
  31  Acrobatidae_Distoechurus_pennatus               0.00%    passed     97.79%
  32  Phalangeridae_Phalanger_carmelitae              0.22%    passed     95.84%
  33  Peramelidae_Peroryctes_raffrayana               0.70%    passed     97.55%
  34  Dasyuridae_Dasyurus_geffroii                    0.15%    passed     92.67%
  35  Peramelidae_Perameles_gunnii                    0.04%    passed     99.46%
****  TOTAL                                           4.03%  2 sequences failed composition chi2 test (p-value<5%; df=3)
NOTE: No CharPartition defined, use all CharSets

Loading 15 partitions...
Subset	Type	Seqs	Sites	Infor	Invar	Model	Name
1		35	214	88	91	TESTMERGE	part1.1
2		35	214	85	96	TESTMERGE	part1.2
3		35	214	128	39	TESTMERGE	part1.3
4		34	178	2	171	TESTMERGE	part2.1
5		34	178	2	175	TESTMERGE	part2.2
6		34	178	52	91	TESTMERGE	part2.3
7		34	88	9	75	TESTMERGE	part3.1
8		34	88	7	78	TESTMERGE	part3.2
9		34	88	46	32	TESTMERGE	part3.3
10		34	341	57	227	TESTMERGE	part4.1
11		34	341	57	239	TESTMERGE	part4.2
12		34	341	188	96	TESTMERGE	part4.3
13		35	83	20	53	TESTMERGE	part5.1
14		35	83	11	60	TESTMERGE	part5.2
15		35	83	41	25	TESTMERGE	part5.3
Degree of missing data: 0.019
Info: multi-threading strategy over partitions



Create initial parsimony tree by phylogenetic likelihood library (PLL)... 0.008 seconds
NOTE: ModelFinder requires 12 MB RAM!
NUMBER OF THREADS FOR PARTITION FINDING: 8
Testing GTR+F+G on supermatrix...
GTR+F+G4 / LnL: -16837.701 / df: 76 / AIC: 33827.402 / AICc: 33831.844 / BIC: 34276.216
Selecting individual models for 15 charsets using BIC...
 No. Model        Score       Charset
   1 K3Pu+F+I     1386.704    part5.3
   2 K2P+G4       3173.025    part4.1
   3 K2P+G4       2103.398    part2.3
   4 K2P+G4       3010.616    part4.2
   5 K2P+G4       4560.155    part1.3
   6 HKY+F+G4     3401.198    part1.2
   7 K3Pu+F+G4    3227.577    part1.1
   8 TNe+I        855.397     part5.1
   9 TPM3u+F+G4   6509.066    part4.3
  10 K2P+I        504.123     part3.1	0h:0m:13s (0h:4m:30s left)
  11 K2P+I        463.480     part3.2	0h:0m:15s (0h:4m:42s left)
  12 K2P+I        695.395     part5.2	0h:0m:15s (0h:4m:18s left)
  13 K2P          639.098     part2.1	0h:0m:15s (0h:3m:59s left)
  14 K2P          582.778     part2.2	0h:0m:15s (0h:3m:43s left)
  15 TPM2u+F+G4   1730.270    part3.3	0h:0m:16s (0h:3m:37s left)
Full partition model BIC score: 33544.070 (LnL: -16262.134  df:129)
Merging models to increase model fit (about 211 total partition schemes)...
  16 K2P+G4       33570.016   part1.2+part1.3	0h:0m:23s (0h:4m:48s left)
  17 TIM3e+G4     33660.870   part4.2+part4.3	0h:0m:24s (0h:4m:37s left)
  18 TIM3e+G4     33659.545   part4.1+part4.3	0h:0m:24s (0h:4m:21s left)
  19 K2P+G4       33563.476   part2.3+part4.3	0h:0m:24s (0h:4m:10s left)
  20 K2P+G4       33569.231   part1.1+part1.3	0h:0m:26s (0h:4m:8s left)
  21 K2P+G4       33546.560   part1.2+part4.3	0h:0m:26s (0h:4m:2s left)
  22 HKY+F+G4     33539.377   part1.1+part4.3	0h:0m:26s (0h:3m:51s left)
  23 HKY+F+G4     33519.068   part1.3+part4.3	0h:0m:29s (0h:4m:0s left)
  24 K2P+G4       33685.653   part1.3+part4.1	0h:0m:34s (0h:4m:27s left)
  25 K2P+G4       33521.716   part4.3+part5.3	0h:0m:34s (0h:4m:16s left)
  26 K2P+G4       33683.742   part1.3+part4.2	0h:0m:35s (0h:4m:10s left)
  27 K2P+G4       33564.396   part4.3+part5.1	0h:0m:35s (0h:4m:2s left)
  28 HKY+F+G4     33508.885   part1.1+part1.2	0h:0m:36s (0h:3m:56s left)
  29 TIM3e+G4     33592.748   part4.3+part5.2	0h:0m:36s (0h:3m:49s left)
  30 HKY+F+G4     33545.919   part3.3+part4.3	0h:0m:37s (0h:3m:48s left)
  31 K2P+G4       33587.343   part1.3+part2.3	0h:0m:40s (0h:3m:55s left)
  32 K3Pu+F+G4    33557.753   part1.1+part4.1	0h:0m:45s (0h:4m:12s left)
  33 HKY+F+G4     33571.130   part1.2+part4.1	0h:0m:46s (0h:4m:9s left)
  34 K2P+G4       33530.314   part1.3+part5.3	0h:0m:46s (0h:4m:2s left)
  35 TPM3+F+G4    33640.089   part3.1+part4.3	0h:0m:46s (0h:3m:56s left)
  36 TIM3e+G4     33641.480   part3.2+part4.3	0h:0m:48s (0h:3m:55s left)
  37 TIMe+G4      33562.018   part1.1+part4.2	0h:0m:48s (0h:3m:49s left)
  38 TIM3e+I+G4   33808.138   part2.1+part4.3	0h:0m:51s (0h:3m:53s left)
  39 K2P+I+G4     33819.495   part2.2+part4.3	0h:0m:53s (0h:3m:57s left)
  40 TIM3e+G4     33522.063   part4.1+part4.2	0h:0m:57s (0h:4m:5s left)
  41 K2P+G4       33587.503   part1.3+part5.1	0h:0m:57s (0h:4m:0s left)
  42 TPM2u+F+G4   33562.723   part1.2+part4.2	0h:0m:59s (0h:3m:57s left)
  43 K2P+G4       33614.366   part1.3+part5.2	0h:0m:59s (0h:3m:52s left)
  44 TPM2u+F+G4   33593.683   part1.3+part3.3	0h:1m:0s (0h:3m:49s left)
  45 TIMe+G4      33535.713   part1.1+part2.3	0h:1m:1s (0h:3m:47s left)
  46 HKY+F+G4     33549.519   part1.2+part2.3	0h:1m:2s (0h:3m:42s left)
  47 K2P+G4       33662.031   part1.3+part3.1	0h:1m:5s (0h:3m:49s left)
  48 K2P+G4       33535.986   part2.3+part4.1	0h:1m:7s (0h:3m:50s left)
  49 K3P+G4       33534.781   part1.1+part5.3	0h:1m:8s (0h:3m:46s left)
  50 K2P+G4       33666.932   part1.3+part3.2	0h:1m:8s (0h:3m:41s left)
  51 K2P+G4       33833.417   part1.3+part2.1	0h:1m:10s (0h:3m:41s left)
  52 K2P+G4       33847.888   part1.3+part2.2	0h:1m:11s (0h:3m:37s left)
  53 K2P+G4       33537.513   part2.3+part4.2	0h:1m:14s (0h:3m:40s left)
  54 HKY+F+G4     33542.459   part1.2+part5.3	0h:1m:14s (0h:3m:37s left)
  55 K3Pu+F+G4    33576.116   part1.1+part3.3	0h:1m:15s (0h:3m:33s left)
  56 K2P+G4       33567.724   part4.1+part5.3	0h:1m:16s (0h:3m:30s left)
  57 HKY+F+G4     33602.235   part1.2+part3.3	0h:1m:17s (0h:3m:28s left)
  58 TIM3e+G4     33666.044   part3.3+part4.1	0h:1m:17s (0h:3m:25s left)
  59 K3Pu+F+G4    33524.230   part1.1+part5.1	0h:1m:18s (0h:3m:22s left)
  60 HKY+F+G4     33529.335   part1.2+part5.1	0h:1m:19s (0h:3m:20s left)
  61 K2P+G4       33566.190   part4.2+part5.3	0h:1m:22s (0h:3m:22s left)
  62 K3Pu+F+G4    33562.554   part1.1+part5.2	0h:1m:23s (0h:3m:21s left)
  63 HKY+F+G4     33551.748   part1.2+part5.2	0h:1m:24s (0h:3m:17s left)
  64 TIM3e+G4     33527.164   part4.1+part5.1	0h:1m:25s (0h:3m:17s left)
  65 TIMe+G4      33580.715   part1.1+part3.1	0h:1m:27s (0h:3m:15s left)
  66 K2P+I+G4     33654.478   part3.3+part4.2	0h:1m:28s (0h:3m:13s left)
  67 TIMe+G4      33586.915   part1.1+part3.2	0h:1m:28s (0h:3m:9s left)
  68 HKY+F+G4     33591.270   part1.2+part3.1	0h:1m:28s (0h:3m:5s left)
  69 K2P+G4       33523.221   part4.1+part5.2	0h:1m:28s (0h:3m:2s left)
  70 TNe+G4       33523.439   part4.2+part5.1	0h:1m:32s (0h:3m:5s left)
  71 TIM3e+G4     33540.355   part3.1+part4.1	0h:1m:32s (0h:3m:2s left)
  72 HKY+F+G4     33583.969   part1.2+part3.2	0h:1m:32s (0h:2m:58s left)
  73 TIMe+G4      33688.590   part1.1+part2.1	0h:1m:32s (0h:2m:55s left)
  74 K2P+G4       33534.627   part2.3+part5.3	0h:1m:34s (0h:2m:55s left)
  75 K2P+G4       33525.433   part4.2+part5.2	0h:1m:35s (0h:2m:52s left)
  76 TIM+F+G4     33704.390   part1.1+part2.2	0h:1m:37s (0h:2m:52s left)
  77 HKY+F+G4     33691.469   part1.2+part2.1	0h:1m:37s (0h:2m:49s left)
  78 K2P+G4       33540.667   part3.2+part4.1	0h:1m:39s (0h:2m:50s left)
  79 TIM3e+G4     33610.483   part2.1+part4.1	0h:1m:42s (0h:2m:50s left)
  80 TNe+G4       33540.309   part3.1+part4.2	0h:1m:43s (0h:2m:49s left)
  81 K2P+G4       33619.127   part2.2+part4.1	0h:1m:43s (0h:2m:46s left)
  82 K2P+G4       33538.389   part3.2+part4.2	0h:1m:45s (0h:2m:46s left)
  83 TPM2+F+G4    33613.833   part2.3+part3.3	0h:1m:45s (0h:2m:43s left)
  84 HKY+F+G4     33690.389   part1.2+part2.2	0h:1m:46s (0h:2m:40s left)
  85 K2P+G4       33530.724   part2.3+part5.1	0h:1m:48s (0h:2m:40s left)
  86 K2P+I+G4     33604.494   part2.1+part4.2	0h:1m:49s (0h:2m:38s left)
  87 K2P+G4       33536.675   part2.3+part5.2	0h:1m:51s (0h:2m:38s left)
  88 TPM2+F+G4    33604.823   part3.3+part5.3	0h:1m:52s (0h:2m:37s left)
  89 K2P+I+G4     33612.568   part2.2+part4.2	0h:1m:52s (0h:2m:34s left)
  90 K2P+G4       33559.722   part2.3+part3.1	0h:1m:52s (0h:2m:31s left)
  91 K2P+G4       33562.316   part2.3+part3.2	0h:1m:53s (0h:2m:29s left)
  92 K2P+I        33546.204   part5.1+part5.3	0h:1m:53s (0h:2m:27s left)
  93 HKY+F+G4     33601.203   part3.3+part5.1	0h:1m:55s (0h:2m:27s left)
  94 HKY+F+I      33557.733   part5.2+part5.3	0h:1m:55s (0h:2m:24s left)
  95 K2P+G4       33648.153   part2.1+part2.3	0h:1m:57s (0h:2m:23s left)
  96 K2P+G4       33659.129   part2.2+part2.3	0h:2m:3s (0h:2m:28s left)
  97 K3P+I        33589.717   part3.1+part5.3	0h:2m:3s (0h:2m:25s left)
  98 TNe+I        33535.230   part5.1+part5.2	0h:2m:6s (0h:2m:25s left)
  99 HKY+F+I      33589.398   part3.2+part5.3	0h:2m:6s (0h:2m:23s left)
 100 TPM2u+F+G4   33617.848   part3.3+part5.2	0h:2m:7s (0h:2m:21s left)
 101 TPM2+F+G4    33638.122   part3.1+part3.3	0h:2m:8s (0h:2m:19s left)
 102 K3P+I        33675.856   part2.1+part5.3	0h:2m:10s (0h:2m:19s left)
 103 TNe+I        33533.416   part3.1+part5.1	0h:2m:12s (0h:2m:18s left)
 104 HKY+F+I+G4   33650.601   part3.2+part3.3	0h:2m:14s (0h:2m:18s left)
 105 K2P+I        33680.696   part2.2+part5.3	0h:2m:14s (0h:2m:15s left)
 106 TNe+G4       33536.752   part3.2+part5.1	0h:2m:14s (0h:2m:13s left)
 107 K2P+I        33525.932   part3.1+part5.2	0h:2m:15s (0h:2m:11s left)
 108 K2P+I        33528.156   part3.2+part5.2	0h:2m:19s (0h:2m:13s left)
 109 K2P+I        33521.841   part3.1+part3.2	0h:2m:21s (0h:2m:12s left)
 110 HKY+F+I+G4   33731.940   part2.1+part3.3	0h:2m:22s (0h:2m:11s left)
 111 TNe+I        33579.631   part2.1+part5.1	0h:2m:23s (0h:2m:8s left)
 112 K2P+I        33560.735   part2.1+part5.2	0h:2m:23s (0h:2m:6s left)
 113 HKY+F+I+G4   33720.905   part2.2+part3.3	0h:2m:23s (0h:2m:4s left)
 114 TNe+I        33581.863   part2.2+part5.1	0h:2m:24s (0h:2m:2s left)
 115 K2P+I        33537.540   part2.1+part3.1	0h:2m:25s (0h:2m:1s left)
 116 K2P+I        33566.260   part2.2+part5.2	0h:2m:25s (0h:1m:58s left)
 117 K2P+I        33530.566   part2.1+part2.2	0h:2m:25s (0h:1m:56s left)
 118 K2P+I        33541.235   part2.2+part3.1	0h:2m:25s (0h:1m:54s left)
 119 K2P+I        33536.151   part2.1+part3.2	0h:2m:25s (0h:1m:52s left)
 120 K2P+I        33536.750   part2.2+part3.2	0h:2m:25s (0h:1m:50s left)
Merging part1.1+part1.2 with BIC score: 33508.885 (LnL: -16272.211  df: 122)
 121 HKY+F+G4     33523.702   part1.1+part1.2+part5.2	0h:2m:38s (0h:1m:57s left)
 122 HKY+F+G4     33692.414   part1.1+part1.2+part2.1	0h:2m:38s (0h:1m:55s left)
 123 HKY+F+G4     33561.728   part1.1+part1.2+part3.1	0h:2m:40s (0h:1m:54s left)
 124 HKY+F+G4     33491.830   part1.1+part1.2+part5.1	0h:2m:40s (0h:1m:52s left)
 125 HKY+F+G4     33543.348   part1.1+part1.2+part4.1	0h:2m:41s (0h:1m:51s left)
 126 HKY+F+G4     33541.541   part1.1+part1.2+part4.2	0h:2m:42s (0h:1m:49s left)
 127 HKY+F+G4     33568.763   part1.1+part1.2+part1.3	0h:2m:45s (0h:1m:49s left)
 128 HKY+F+G4     33529.277   part1.1+part1.2+part4.3	0h:2m:45s (0h:1m:47s left)
 129 HKY+F+G4     33522.841   part1.1+part1.2+part5.3	0h:2m:50s (0h:1m:48s left)
 130 HKY+F+G4     33560.224   part1.1+part1.2+part3.2	0h:2m:50s (0h:1m:46s left)
 131 HKY+F+G4     33693.751   part1.1+part1.2+part2.2	0h:2m:50s (0h:1m:44s left)
 132 HKY+F+G4     33575.282   part1.1+part1.2+part3.3	0h:2m:53s (0h:1m:43s left)
 133 HKY+F+G4     33522.056   part1.1+part1.2+part2.3	0h:2m:53s (0h:1m:41s left)
Merging part1.3+part4.3 with BIC score: 33483.883 (LnL: -16275.520  df: 118)
 134 K2P+I+G4     33822.705   part1.3+part2.1+part4.3	0h:3m:9s (0h:1m:49s left)
 135 K2P+G4       33553.635   part1.3+part4.3+part5.2	0h:3m:10s (0h:1m:47s left)
 136 HKY+F+G4     33527.001   part1.3+part4.3+part5.1	0h:3m:10s (0h:1m:45s left)
 137 HKY+F+G4     33606.443   part1.3+part3.1+part4.3	0h:3m:10s (0h:1m:42s left)
 138 K2P+G4       33469.834   part1.3+part4.3+part5.3	0h:3m:11s (0h:1m:41s left)
 139 K2P+G4       33669.195   part1.3+part4.1+part4.3	0h:3m:12s (0h:1m:39s left)
 140 K2P+G4       33669.127   part1.3+part4.2+part4.3	0h:3m:12s (0h:1m:37s left)
 141 HKY+F+G4     33547.327   part1.1+part1.2+part1.3+part4.3	0h:3m:17s (0h:1m:38s left)
 142 K2P+G4       33611.118   part1.3+part3.2+part4.3	0h:3m:28s (0h:1m:41s left)
 143 K2P+I+G4     33839.257   part1.3+part2.2+part4.3	0h:3m:28s (0h:1m:39s left)
 144 K2P+G4       33529.876   part1.3+part2.3+part4.3	0h:3m:29s (0h:1m:37s left)
 145 HKY+F+G4     33507.469   part1.3+part3.3+part4.3	0h:3m:30s (0h:1m:35s left)
Merging part3.1+part3.2 with BIC score: 33461.654 (LnL: -16276.264  df: 115)
 146 K2P+I        33446.462   part3.1+part3.2+part5.2	0h:3m:34s (0h:1m:35s left)
 147 K2P+I        33457.750   part2.1+part3.1+part3.2	0h:3m:35s (0h:1m:33s left)
 148 TNe+G4       33458.590   part3.1+part3.2+part5.1	0h:3m:37s (0h:1m:32s left)
 149 K2P+I        33533.089   part3.1+part3.2+part5.3	0h:3m:45s (0h:1m:33s left)
 150 TNe+G4       33469.387   part3.1+part3.2+part4.2	0h:3m:47s (0h:1m:32s left)
 151 HKY+F+I+G4   33615.959   part3.1+part3.2+part3.3	0h:3m:52s (0h:1m:32s left)
 152 K2P+I        33461.710   part2.2+part3.1+part3.2	0h:3m:52s (0h:1m:30s left)
 153 HKY+F+G4     33571.011   part1.1+part1.2+part3.1+part3.2	0h:3m:52s (0h:1m:28s left)
 154 TIM3e+G4     33470.999   part3.1+part3.2+part4.1	0h:3m:53s (0h:1m:26s left)
 155 K2P+G4       33502.117   part2.3+part3.1+part3.2	0h:3m:53s (0h:1m:24s left)
 156 K2P+G4       33698.461   part1.3+part3.1+part3.2+part4.3	0h:3m:53s (0h:1m:22s left)
Merging part4.1+part4.2 with BIC score: 33439.647 (LnL: -16269.213  df: 114)
 157 TIM3e+G4     33420.912   part4.1+part4.2+part5.2	0h:4m:18s (0h:1m:28s left)
 158 K2P+G4       33469.570   part4.1+part4.2+part5.3	0h:4m:18s (0h:1m:26s left)
 159 TIM3e+G4     33416.368   part4.1+part4.2+part5.1	0h:4m:18s (0h:1m:24s left)
 160 TIM3e+G4     33447.250   part3.1+part3.2+part4.1+part4.2	0h:4m:18s (0h:1m:22s left)
 161 TIM3e+I+G4   33577.367   part3.3+part4.1+part4.2	0h:4m:20s (0h:1m:20s left)
 162 TIM3e+G4     33508.694   part2.1+part4.1+part4.2	0h:4m:20s (0h:1m:18s left)
 163 TN+F+G4      33497.944   part1.1+part1.2+part4.1+part4.2	0h:4m:21s (0h:1m:17s left)
 164 TIM3e+G4     33724.715   part1.3+part4.1+part4.2+part4.3	0h:4m:23s (0h:1m:15s left)
 165 TIM3e+G4     33521.934   part2.2+part4.1+part4.2	0h:4m:25s (0h:1m:14s left)
 166 K2P+G4       33437.431   part2.3+part4.1+part4.2	0h:4m:25s (0h:1m:12s left)
Merging part4.1+part4.2+part5.1 with BIC score: 33416.368 (LnL: -16273.384  df: 110)
 167 K2P+G4       33452.690   part4.1+part4.2+part5.1+part5.3	0h:4m:54s (0h:1m:17s left)
 168 TIM3e+G4     33399.150   part4.1+part4.2+part5.1+part5.2	0h:4m:54s (0h:1m:15s left)
 169 TIM3e+G4     33425.197   part3.1+part3.2+part4.1+part4.2+part5.1	0h:4m:56s (0h:1m:13s left)
 170 TIM3e+G4     33487.834   part2.1+part4.1+part4.2+part5.1	0h:4m:58s (0h:1m:11s left)
 171 TIM3e+I+G4   33560.923   part3.3+part4.1+part4.2+part5.1	0h:4m:58s (0h:1m:9s left)
 172 TIM3e+G4     33500.952   part2.2+part4.1+part4.2+part5.1	0h:4m:59s (0h:1m:7s left)
 173 TN+F+G4      33469.125   part1.1+part1.2+part4.1+part4.2+part5.1	0h:5m:0s (0h:1m:6s left)
 174 TIM3e+G4     33717.207   part1.3+part4.1+part4.2+part4.3+part5.1	0h:5m:1s (0h:1m:4s left)
 175 TNe+G4       33421.831   part2.3+part4.1+part4.2+part5.1	0h:5m:4s (0h:1m:2s left)
Merging part4.1+part4.2+part5.1+part5.2 with BIC score: 33399.150 (LnL: -16276.634  df: 107)
 176 TIM3e+G4     33406.934   part3.1+part3.2+part4.1+part4.2+part5.1+part5.2	0h:5m:33s (0h:1m:6s left)
 177 K2P+G4       33436.361   part4.1+part4.2+part5.1+part5.2+part5.3	0h:5m:33s (0h:1m:4s left)
 178 TIM3e+G4     33469.408   part2.1+part4.1+part4.2+part5.1+part5.2	0h:5m:34s (0h:1m:2s left)
 179 TIM3e+G4     33482.820   part2.2+part4.1+part4.2+part5.1+part5.2	0h:5m:35s (0h:0m:59s left)
 180 K2P+G4       33403.747   part2.3+part4.1+part4.2+part5.1+part5.2	0h:5m:35s (0h:0m:57s left)
 181 TIM3e+I+G4   33547.044   part3.3+part4.1+part4.2+part5.1+part5.2	0h:5m:35s (0h:0m:55s left)
 182 TIM3+F+G4    33462.701   part1.1+part1.2+part4.1+part4.2+part5.1+part5.2	0h:5m:36s (0h:0m:53s left)
 183 TIM3e+G4     33723.023   part1.3+part4.1+part4.2+part4.3+part5.1+part5.2	0h:5m:36s (0h:0m:51s left)
Merging part1.3+part4.3+part5.3 with BIC score: 33385.101 (LnL: -16309.137  df: 97)
 184 K2P+I+G4     33725.632   part1.3+part2.1+part4.3+part5.3	0h:5m:55s (0h:0m:52s left)
 185 K2P+I+G4     33742.651   part1.3+part2.2+part4.3+part5.3	0h:5m:55s (0h:0m:50s left)
 186 K2P+G4       33622.007   part1.3+part3.1+part3.2+part4.3+part5.3	0h:5m:56s (0h:0m:47s left)
 187 HKY+F+G4     33428.771   part1.3+part3.3+part4.3+part5.3	0h:5m:58s (0h:0m:45s left)
 188 K2P+G4       33427.477   part1.3+part2.3+part4.3+part5.3	0h:5m:58s (0h:0m:43s left)
 189 K2P+G4       33450.213   part1.1+part1.2+part1.3+part4.3+part5.3	0h:6m:1s (0h:0m:42s left)
 190 TIM3e+G4     33720.350   part1.3+part4.1+part4.2+part4.3+part5.1+part5.2+part5.3	0h:6m:1s (0h:0m:40s left)
Merging part2.1+part2.2 with BIC score: 33371.597 (LnL: -16306.337  df: 96)
 191 K2P+I        33372.981   part2.1+part2.2+part3.1+part3.2	0h:6m:17s (0h:0m:39s left)
 192 TIM3e+G4     33520.745   part2.1+part2.2+part4.1+part4.2+part5.1+part5.2	0h:6m:18s (0h:0m:37s left)
 193 K2P+I+G4     33541.412   part2.1+part2.2+part2.3	0h:6m:18s (0h:0m:35s left)
 194 TN+F+G4      33684.323   part1.1+part1.2+part2.1+part2.2	0h:6m:19s (0h:0m:33s left)
 195 HKY+F+I+G4   33612.272   part2.1+part2.2+part3.3	0h:6m:20s (0h:0m:31s left)
 196 K2P+I+G4     33960.303   part1.3+part2.1+part2.2+part4.3+part5.3	0h:6m:20s (0h:0m:29s left)
BEST-FIT PARTITION MODEL: 
  charpartition BIC = HKY+F+G4: part1.1 part1.2, K2P+G4: part1.3 part4.3 part5.3, K2P+I: part2.1 part2.2, K2P+G4: part2.3, K2P+I: part3.1 part3.2, TPM2u+F+G4: part3.3, TIM3e+G4: part4.1 part4.2 part5.1 part5.2;
Agglomerative model selection: ((part1.1,part1.2)1:33508.9,((part1.3,part4.3)2:33483.9,part5.3)7:33385.1,(part2.1,part2.2)8:33371.6,part2.3,(part3.1,part3.2)3:33461.7,part3.3,(((part4.1,part4.2)4:33439.6,part5.1)5:33416.4,part5.2)6:33399.2)
Merging into 7 partitions...
Partition information was printed to 4_set210.best_scheme.nex
Partition information in Raxml format was printed to 4_set210.best_scheme

All model information printed to 4_set210.model.gz
CPU time for ModelFinder: 476.450 seconds (0h:7m:56s)
Wall-clock time for ModelFinder: 381.506 seconds (0h:6m:21s)
Generating 1000 samples for ultrafast bootstrap (seed: 890651)...

NOTE: 10 MB RAM (0 GB) is required!
Measuring multi-threading efficiency up to 8 CPU cores
Increase to 10 rounds for branch lengths
16 trees examined
Threads: 1 / Time: 8.093 sec / Speedup: 1.000 / Efficiency: 100% / LogL: -26324
Threads: 2 / Time: 19.573 sec / Speedup: 0.413 / Efficiency: 21% / LogL: -26324
BEST NUMBER OF THREADS: 1

Estimate model parameters (epsilon = 0.100)
Initial log-likelihood: -17728.734
Current log-likelihood at step 1: -16572.499
Current log-likelihood at step 2: -16539.492
Current log-likelihood at step 3: -16528.500
Current log-likelihood at step 4: -16519.976
Current log-likelihood at step 5: -16510.965
Current log-likelihood at step 6: -16501.342
Current log-likelihood at step 7: -16490.939
Current log-likelihood at step 8: -16479.541
Current log-likelihood at step 9: -16466.859
Current log-likelihood at step 10: -16452.490
Current log-likelihood at step 11: -16435.886
Current log-likelihood at step 12: -16416.415
Current log-likelihood at step 13: -16394.084
Current log-likelihood at step 14: -16371.285
Current log-likelihood at step 15: -16370.071
Current log-likelihood at step 16: -16368.907
Current log-likelihood at step 17: -16367.786
Current log-likelihood at step 18: -16366.706
Current log-likelihood at step 19: -16365.652
Current log-likelihood at step 20: -16364.632
Current log-likelihood at step 21: -16363.644
Current log-likelihood at step 22: -16362.684
Current log-likelihood at step 23: -16361.753
Current log-likelihood at step 24: -16360.848
Current log-likelihood at step 25: -16359.964
Current log-likelihood at step 26: -16359.104
Current log-likelihood at step 27: -16358.277
Current log-likelihood at step 28: -16357.466
Current log-likelihood at step 29: -16356.667
Current log-likelihood at step 30: -16355.878
Current log-likelihood at step 31: -16355.100
Current log-likelihood at step 32: -16354.331
Current log-likelihood at step 33: -16353.569
Current log-likelihood at step 34: -16352.814
Current log-likelihood at step 35: -16352.064
Current log-likelihood at step 36: -16351.317
Current log-likelihood at step 37: -16350.572
Current log-likelihood at step 38: -16349.827
Current log-likelihood at step 39: -16349.082
Current log-likelihood at step 40: -16348.335
Current log-likelihood at step 41: -16347.582
Current log-likelihood at step 42: -16346.818
Current log-likelihood at step 43: -16346.051
Current log-likelihood at step 44: -16345.297
Current log-likelihood at step 45: -16344.501
Current log-likelihood at step 46: -16343.724
Current log-likelihood at step 47: -16342.928
Current log-likelihood at step 48: -16342.112
Current log-likelihood at step 49: -16341.276
Current log-likelihood at step 50: -16340.418
Current log-likelihood at step 51: -16339.537
Current log-likelihood at step 52: -16338.628
Current log-likelihood at step 53: -16337.696
Current log-likelihood at step 54: -16336.732
Current log-likelihood at step 55: -16335.740
Current log-likelihood at step 56: -16334.715
Current log-likelihood at step 57: -16333.655
Current log-likelihood at step 58: -16332.556
Current log-likelihood at step 59: -16331.417
Current log-likelihood at step 60: -16330.236
Current log-likelihood at step 61: -16329.010
Current log-likelihood at step 62: -16327.738
Current log-likelihood at step 63: -16326.419
Current log-likelihood at step 64: -16325.055
Current log-likelihood at step 65: -16323.649
Current log-likelihood at step 66: -16322.209
Current log-likelihood at step 67: -16320.754
Current log-likelihood at step 68: -16314.314
Current log-likelihood at step 69: -16314.194
Current log-likelihood at step 70: -16314.075
Current log-likelihood at step 71: -16313.957
Current log-likelihood at step 72: -16313.841
Current log-likelihood at step 73: -16313.726
Current log-likelihood at step 74: -16313.613
Current log-likelihood at step 75: -16313.501
Current log-likelihood at step 76: -16313.390
Current log-likelihood at step 77: -16313.281
Current log-likelihood at step 78: -16313.172
Current log-likelihood at step 79: -16313.067
Current log-likelihood at step 80: -16312.961
Current log-likelihood at step 81: -16312.857
Current log-likelihood at step 82: -16312.753
Current log-likelihood at step 83: -16312.652
Current log-likelihood at step 84: -16312.553
Partition-specific rates:  1.322 1.939 0.115 0.831 0.172 2.560 0.548
Parameters optimization took 83 rounds (25.292 sec)

Computing ML distances based on estimated model parameters... 0.070 sec
Computing BIONJ tree...
0.005 seconds
Log-likelihood of BIONJ tree: -16323.982
--------------------------------------------------------------------
|             INITIALIZING CANDIDATE TREE SET                      |
--------------------------------------------------------------------
Generating 98 parsimony trees... 6.984 second
Computing log-likelihood of 98 initial trees ... 16.329 seconds
Current best score: -16312.553

Do NNI search on 20 best initial trees
Estimate model parameters (epsilon = 0.100)
Initial log-likelihood: -16312.533
Current log-likelihood at step 1: -16312.412
Current log-likelihood at step 2: -16312.317
Parameters optimization took 1 rounds (0.710 sec)

BETTER TREE FOUND at iteration 1: -16312.317
UPDATE BEST LOG-LIKELIHOOD: -16312.314
UPDATE BEST LOG-LIKELIHOOD: -16312.311
UPDATE BEST LOG-LIKELIHOOD: -16312.311
Estimate model parameters (epsilon = 0.100)
Initial log-likelihood: -16311.357
Current log-likelihood at step 1: -16311.204
Current log-likelihood at step 2: -16311.110
Parameters optimization took 1 rounds (0.330 sec)

BETTER TREE FOUND at iteration 6: -16311.110
UPDATE BEST LOG-LIKELIHOOD: -16311.107
Iteration 10 / LogL: -16312.129 / Time: 0h:1m:32s
UPDATE BEST LOG-LIKELIHOOD: -16311.105
Iteration 20 / LogL: -16311.634 / Time: 0h:1m:51s
Finish initializing candidate tree set (3)
Current best tree score: -16311.105 / CPU time: 57.723
Number of iterations: 20
--------------------------------------------------------------------
|               OPTIMIZING CANDIDATE TREE SET                      |
--------------------------------------------------------------------
UPDATE BEST LOG-LIKELIHOOD: -16311.105
UPDATE BEST LOG-LIKELIHOOD: -16311.105
Iteration 30 / LogL: -16312.129 / Time: 0h:2m:11s (0h:5m:43s left)
Iteration 40 / LogL: -16311.106 / Time: 0h:2m:32s (0h:4m:17s left)
Iteration 50 / LogL: -16312.129 / Time: 0h:2m:49s (0h:3m:13s left)
Log-likelihood cutoff on original alignment: -16349.428
Iteration 60 / LogL: -16312.616 / Time: 0h:3m:6s (0h:2m:25s left)
Iteration 70 / LogL: -16312.129 / Time: 0h:3m:22s (0h:1m:45s left)
Iteration 80 / LogL: -16312.130 / Time: 0h:3m:41s (0h:1m:12s left)
Iteration 90 / LogL: -16311.108 / Time: 0h:3m:57s (0h:0m:42s left)
Iteration 100 / LogL: -16311.105 / Time: 0h:4m:12s (0h:0m:15s left)
Log-likelihood cutoff on original alignment: -16348.849
NOTE: Bootstrap correlation coefficient of split occurrence frequencies: 1.000
UPDATE BEST LOG-LIKELIHOOD: -16311.105
TREE SEARCH COMPLETED AFTER 107 ITERATIONS / Time: 0h:4m:25s

--------------------------------------------------------------------
|                    FINALIZING TREE SEARCH                        |
--------------------------------------------------------------------
Performs final model parameters optimization
Estimate model parameters (epsilon = 0.010)
Initial log-likelihood: -16311.105
Current log-likelihood at step 1: -16310.985
Current log-likelihood at step 2: -16310.868
Current log-likelihood at step 3: -16310.755
Current log-likelihood at step 4: -16310.644
Current log-likelihood at step 5: -16310.535
Current log-likelihood at step 6: -16310.427
Current log-likelihood at step 7: -16310.319
Current log-likelihood at step 8: -16310.214
Current log-likelihood at step 9: -16310.111
Current log-likelihood at step 10: -16310.010
Current log-likelihood at step 11: -16309.910
Current log-likelihood at step 12: -16309.811
Current log-likelihood at step 13: -16309.714
Current log-likelihood at step 14: -16309.618
Current log-likelihood at step 15: -16309.522
Current log-likelihood at step 16: -16309.427
Current log-likelihood at step 17: -16309.336
Current log-likelihood at step 18: -16309.246
Current log-likelihood at step 19: -16309.156
Current log-likelihood at step 20: -16309.068
Current log-likelihood at step 21: -16308.981
Current log-likelihood at step 22: -16308.897
Current log-likelihood at step 23: -16308.813
Current log-likelihood at step 24: -16308.730
Current log-likelihood at step 25: -16308.649
Current log-likelihood at step 26: -16308.568
Current log-likelihood at step 27: -16308.489
Current log-likelihood at step 28: -16308.412
Current log-likelihood at step 29: -16308.335
Current log-likelihood at step 30: -16308.259
Current log-likelihood at step 31: -16308.185
Current log-likelihood at step 32: -16308.112
Current log-likelihood at step 33: -16308.041
Current log-likelihood at step 34: -16307.968
Current log-likelihood at step 35: -16307.896
Current log-likelihood at step 36: -16307.827
Current log-likelihood at step 37: -16307.759
Current log-likelihood at step 38: -16307.690
Current log-likelihood at step 39: -16307.623
Current log-likelihood at step 40: -16307.557
Current log-likelihood at step 41: -16307.493
Current log-likelihood at step 42: -16307.429
Current log-likelihood at step 43: -16307.366
Current log-likelihood at step 44: -16307.303
Current log-likelihood at step 45: -16307.241
Current log-likelihood at step 46: -16307.182
Current log-likelihood at step 47: -16307.122
Current log-likelihood at step 48: -16307.063
Current log-likelihood at step 49: -16307.006
Current log-likelihood at step 50: -16306.950
Current log-likelihood at step 51: -16306.892
Current log-likelihood at step 52: -16306.837
Current log-likelihood at step 53: -16306.783
Current log-likelihood at step 54: -16306.730
Current log-likelihood at step 55: -16306.676
Current log-likelihood at step 56: -16306.625
Current log-likelihood at step 57: -16306.573
Current log-likelihood at step 58: -16306.523
Current log-likelihood at step 59: -16306.472
Current log-likelihood at step 60: -16306.423
Current log-likelihood at step 61: -16306.374
Current log-likelihood at step 62: -16306.326
Current log-likelihood at step 63: -16306.278
Current log-likelihood at step 64: -16306.231
Current log-likelihood at step 65: -16306.185
Current log-likelihood at step 66: -16306.140
Current log-likelihood at step 67: -16306.095
Current log-likelihood at step 68: -16306.052
Current log-likelihood at step 69: -16306.009
Current log-likelihood at step 70: -16305.966
Current log-likelihood at step 71: -16305.925
Current log-likelihood at step 72: -16305.883
Current log-likelihood at step 73: -16305.842
Current log-likelihood at step 74: -16305.801
Current log-likelihood at step 75: -16305.761
Current log-likelihood at step 76: -16305.722
Current log-likelihood at step 77: -16305.684
Current log-likelihood at step 78: -16305.646
Current log-likelihood at step 79: -16305.609
Current log-likelihood at step 80: -16305.573
Current log-likelihood at step 81: -16305.536
Current log-likelihood at step 82: -16305.501
Current log-likelihood at step 83: -16305.465
Current log-likelihood at step 84: -16305.431
Current log-likelihood at step 85: -16305.397
Current log-likelihood at step 86: -16305.364
Current log-likelihood at step 87: -16305.331
Current log-likelihood at step 88: -16305.298
Current log-likelihood at step 89: -16305.267
Current log-likelihood at step 90: -16305.234
Current log-likelihood at step 91: -16305.203
Current log-likelihood at step 92: -16305.173
Current log-likelihood at step 93: -16305.143
Current log-likelihood at step 94: -16305.113
Current log-likelihood at step 95: -16305.083
Current log-likelihood at step 96: -16305.055
Current log-likelihood at step 97: -16305.026
Current log-likelihood at step 98: -16304.998
Current log-likelihood at step 99: -16304.970
Partition-specific rates:  1.333 1.952 0.058 0.827 0.173 2.614 0.552
Parameters optimization took 99 rounds (27.644 sec)

BEST SCORE FOUND : -16304.970
Creating bootstrap support values...
Split supports printed to NEXUS file 4_set210.splits.nex
Total tree length: 1.119

Total number of iterations: 107
CPU time used for tree search: 72.132 sec (0h:1m:12s)
Wall-clock time used for tree search: 211.842 sec (0h:3m:31s)
Total CPU time used: 99.914 sec (0h:1m:39s)
Total wall-clock time used: 293.604 sec (0h:4m:53s)

Computing bootstrap consensus tree...
Reading input file 4_set210.splits.nex...
35 taxa and 124 splits.
Consensus tree written to 4_set210.contree
Reading input trees file 4_set210.contree
Log-likelihood of consensus tree: -16304.969

Analysis results written to: 
  IQ-TREE report:                4_set210.iqtree
  Maximum-likelihood tree:       4_set210.treefile
  Likelihood distances:          4_set210.mldist
  Best partitioning scheme:      4_set210.best_scheme.nex
           in RAxML format:      4_set210.best_scheme

Ultrafast bootstrap approximation results written to:
  Split support values:          4_set210.splits.nex
  Consensus tree:                4_set210.contree
  Screen log file:               4_set210.log

Date and Time: Sat Sep  8 01:34:05 2018
