IQ-TREE multicore version 1.6.7 for Mac OS X 64-bit built Aug 23 2018
Developed by Bui Quang Minh, Nguyen Lam Tung, Olga Chernomor,
Heiko Schmidt, Dominik Schrempf, Michael Woodhams.

Host:    meeps-mac-pro.staff.sydney.edu.au (AVX, 64 GB RAM)
Command: /Users/davidduchene/Desktop/Software/iqtree-1.6.7-MacOSX/bin/iqtree -s ../../../../marsupials/set103.fasta -m TESTMERGE -bb 1000 -spp ../../../../marsupials/set103.nex -nt AUTO -pre 4_set103
Seed:    849667 (Using SPRNG - Scalable Parallel Random Number Generator)
Time:    Fri Sep  7 07:21:24 2018
Kernel:  AVX - auto-detect threads (8 CPU cores detected)

Reading partition model file ../../../../marsupials/set103.nex ...
Reading alignment file ../../../../marsupials/set103.fasta ... Fasta format detected
Alignment most likely contains DNA/RNA sequences
Alignment has 35 sequences with 2106 columns, 764 distinct patterns
455 parsimony-informative, 229 singleton sites, 1422 constant sites
                                              Gap/Ambiguity  Composition  p-value
   1  Burramyidae_Burramys_parvus                     1.00%    passed     98.69%
   2  Notoryctidae_Notoryctes_typhlops                3.66%    passed     79.78%
   3  Vombatidae_Lasiorhinus_latifrons                6.41%    passed     99.70%
   4  Potoroidae_Bettongia_penicillata                0.28%    passed     55.20%
   5  Potoroidae_Bettongia_lesueur                    0.00%    passed     51.25%
   6  Dasyuridae_Dasyurus_maculatus                   1.61%    passed     72.75%
   7  Phalangeridae_Trichosurus_vulpecula             0.00%    passed     90.51%
   8  Phalangeridae_Spilocuscus_maculatus             0.33%    passed     96.62%
   9  Potoroidae_Aepyprymnus_rufescens                0.09%    passed     62.42%
  10  Peramelidae_Perameles_nasuta                    2.09%    passed     43.16%
  11  Phalangeridae_Strigocuscus_pelengensis          1.33%    passed     88.32%
  12  Dasyuridae_Phascogale_tapoatafa                 1.57%    passed     68.53%
  13  Dasyuridae_Sminthopsis_macroura                 0.00%    passed     94.25%
  14  Phalangeridae_Phalanger_orientalis              0.19%    passed     92.48%
  15  Acrobatidae_Acrobates_pygmaeus                  0.19%    passed     94.87%
  16  Dasyuridae_Phascogale_calura                    2.47%    passed     57.95%
  17  Dasyuridae_Sarcophilus_harrisii                 1.04%    passed     90.76%
  18  Dasyuridae_Planigale_tenuirostris               7.12%    passed     71.62%
  19  Peramelidae_Echymipera_kalubu                   0.09%    passed     50.39%
  20  Macropodidae_Dorcopsulus_vanheurni             10.78%    passed     71.32%
  21  Pseudochiridae_Pseudochirulus_forbesi           0.05%    passed     99.55%
  22  Didelphidae_Didelphis_virginiana                0.05%    passed     95.74%
  23  Marmosidae_Monodelphis_domestica                0.09%    passed     91.68%
  24  Dasyuridae_Antechinus_stuartii                  3.28%    passed     72.86%
  25  Hypsiprymnodontidae_Hypsiprymnodon_moschatus    0.05%    passed     73.37%
  26  Microbiotheriidae_Dromiciops_gliroides          1.66%    passed     96.62%
  27  Pseudochiridae_Petauroides_volans               2.04%    passed     92.16%
  28  Macropodidae_Wallabia_bicolor                   0.28%    passed     56.58%
  29  Pseudochiridae_Pseudocheirus_occidentalis       8.45%    passed     78.08%
  30  Tarsipedidae_Tarsipes_rostratus                 2.61%    passed     85.08%
  31  Acrobatidae_Distoechurus_pennatus               0.05%    passed     91.43%
  32  Phalangeridae_Phalanger_carmelitae              0.00%    passed     88.43%
  33  Peramelidae_Peroryctes_raffrayana               2.18%    passed     46.73%
  34  Dasyuridae_Dasyurus_geffroii                    1.76%    passed     90.34%
  35  Peramelidae_Perameles_gunnii                    0.33%    passed     45.71%
****  TOTAL                                           1.80%  0 sequences failed composition chi2 test (p-value<5%; df=3)
NOTE: No CharPartition defined, use all CharSets

Loading 15 partitions...
Subset	Type	Seqs	Sites	Infor	Invar	Model	Name
1		35	95	2	86	TESTMERGE	part1.1
2		35	95	1	93	TESTMERGE	part1.2
3		35	95	30	49	TESTMERGE	part1.3
4		35	261	75	145	TESTMERGE	part2.1
5		35	261	51	173	TESTMERGE	part2.2
6		35	261	145	67	TESTMERGE	part2.3
7		35	155	7	145	TESTMERGE	part3.1
8		35	155	1	153	TESTMERGE	part3.2
9		35	155	69	50	TESTMERGE	part3.3
10		35	76	5	69	TESTMERGE	part4.1
11		35	76	1	75	TESTMERGE	part4.2
12		35	76	32	28	TESTMERGE	part4.3
13		35	115	0	112	TESTMERGE	part5.1
WARNING: No parsimony-informative sites in partition part5.1
14		35	115	0	115	TESTMERGE	part5.2
WARNING: No parsimony-informative sites in partition part5.2
15		35	115	36	62	TESTMERGE	part5.3
Degree of missing data: 0.000
Info: multi-threading strategy over partitions



Create initial parsimony tree by phylogenetic likelihood library (PLL)... 0.006 seconds
NOTE: ModelFinder requires 8 MB RAM!
NUMBER OF THREADS FOR PARTITION FINDING: 8
Testing GTR+F+G on supermatrix...
GTR+F+G4 / LnL: -10340.782 / df: 76 / AIC: 20833.564 / AICc: 20839.332 / BIC: 21263.157
Selecting individual models for 15 charsets using BIC...
 No. Model        Score       Charset
   1 K2P+G4       4828.978    part2.3
   2 K3P+G4       1185.275    part4.3
   3 TN+F+G4      2573.853    part2.2
   4 K2P+G4       3059.824    part2.1
   5 TPM3u+F+G4   1132.727    part1.3
   6 K3P+G4       2470.335    part3.3
   7 HKY+F+I      661.926     part3.1
   8 TN+F+I       1479.378    part5.3
   9 JC           324.097     part5.2
  10 JC           470.907     part3.2	0h:1m:32s (0h:30m:57s left)
  11 JC           380.255     part5.1	0h:1m:32s (0h:28m:7s left)
  12 JC           233.840     part4.2	0h:1m:33s (0h:25m:47s left)
  13 TNe          427.286     part1.1	0h:1m:33s (0h:23m:41s left)
  14 K2P+I        317.821     part1.2	0h:1m:33s (0h:21m:56s left)
  15 TNe+I        383.921     part4.1	0h:1m:35s (0h:20m:42s left)
Full partition model BIC score: 20587.683 (LnL: -9830.863  df:121)
Merging models to increase model fit (about 211 total partition schemes)...
  16 K2P+G4       20571.449   part2.1+part2.2	0h:1m:42s (0h:20m:53s left)
  17 K2P+G4       20569.610   part2.3+part4.3	0h:2m:2s (0h:23m:22s left)
  18 K2P+G4       20662.774   part2.2+part2.3	0h:2m:4s (0h:22m:13s left)
  19 K2P+G4       20588.752   part2.1+part3.3	0h:2m:4s (0h:21m:2s left)
  20 K2P+G4       20587.314   part1.3+part2.3	0h:2m:5s (0h:19m:54s left)
  21 HKY+F+G4     20590.798   part2.3+part5.3	0h:2m:5s (0h:18m:59s left)
  22 K2P+G4       20570.126   part2.3+part3.3	0h:2m:7s (0h:18m:11s left)
  23 K2P+G4       20619.934   part2.1+part2.3	0h:2m:15s (0h:18m:29s left)
  24 K2P+G4       20767.564   part2.3+part3.1	0h:2m:49s (0h:21m:58s left)
  25 K2P+G4       20712.366   part1.1+part2.3	0h:3m:2s (0h:22m:38s left)
  26 K2P+G4       20678.476   part2.3+part4.1	0h:3m:10s (0h:22m:32s left)
  27 K2P+G4       20841.009   part2.3+part3.2	0h:3m:10s (0h:21m:38s left)
  28 K2P+G4       20740.294   part1.2+part2.3	0h:3m:12s (0h:20m:54s left)
  29 K2P+G4       20784.156   part2.3+part5.1	0h:3m:13s (0h:20m:13s left)
  30 K2P+G4       20617.620   part2.2+part3.3	0h:3m:16s (0h:19m:44s left)
  31 K2P+G4       20735.063   part2.3+part4.2	0h:3m:16s (0h:19m:3s left)
  32 K2P+G4       20578.760   part2.1+part5.3	0h:3m:21s (0h:18m:48s left)
  33 K2P+G4       20804.411   part2.3+part5.2	0h:3m:22s (0h:18m:13s left)
  34 K2P+G4       20577.516   part2.1+part4.3	0h:3m:26s (0h:17m:54s left)
  35 K2P+G4       20587.061   part3.3+part5.3	0h:3m:30s (0h:17m:38s left)
  36 K2P+G4       20565.499   part1.3+part2.1	0h:3m:30s (0h:17m:5s left)
  37 K2P+G4       20571.220   part1.3+part3.3	0h:3m:35s (0h:16m:51s left)
  38 TN+F+G4      20561.093   part2.2+part5.3	0h:3m:36s (0h:16m:25s left)
  39 TIM3+F+G4    20553.737   part1.3+part2.2	0h:3m:46s (0h:16m:38s left)
  40 K3P+G4       20557.988   part3.3+part4.3	0h:3m:58s (0h:17m:0s left)
  41 K2P+G4       20637.818   part2.1+part3.1	0h:4m:2s (0h:16m:45s left)
  42 K2P+G4       20641.146   part1.2+part2.1	0h:4m:3s (0h:16m:19s left)
  43 K2P+G4       20699.708   part2.1+part3.2	0h:4m:4s (0h:15m:55s left)
  44 TN+F+G4      20595.273   part2.2+part4.3	0h:4m:5s (0h:15m:30s left)
  45 K2P+G4       20623.130   part1.1+part2.1	0h:4m:9s (0h:15m:19s left)
  46 K2P+G4       20604.663   part2.1+part4.1	0h:4m:12s (0h:15m:7s left)
  47 K2P+G4       20669.948   part2.1+part5.1	0h:4m:21s (0h:15m:12s left)
  48 K2P+G4       20649.444   part2.1+part4.2	0h:4m:30s (0h:15m:18s left)
  49 K2P+G4       20601.517   part1.1+part2.2	0h:4m:35s (0h:15m:12s left)
  50 K2P+G4       20605.479   part2.2+part3.1	0h:4m:39s (0h:14m:59s left)
  51 K2P+G4       20700.732   part3.1+part3.3	0h:4m:39s (0h:14m:37s left)
  52 TNe+G4       20660.286   part2.2+part3.2	0h:4m:42s (0h:14m:22s left)
  53 K2P+G4       20686.331   part2.1+part5.2	0h:4m:44s (0h:14m:8s left)
  54 K3P+G4       20672.561   part1.1+part3.3	0h:4m:49s (0h:14m:0s left)
  55 K3P+G4       20770.018   part3.2+part3.3	0h:4m:49s (0h:13m:40s left)
  56 K2P+G4       20587.570   part2.2+part4.1	0h:4m:51s (0h:13m:26s left)
  57 TN+F+G4      20612.644   part1.2+part2.2	0h:4m:52s (0h:13m:11s left)
  58 K3P+G4       20642.982   part3.3+part4.1	0h:4m:53s (0h:12m:53s left)
  59 TNe+G4       20638.373   part2.2+part5.1	0h:4m:53s (0h:12m:36s left)
  60 K3P+G4       20693.198   part1.2+part3.3	0h:4m:56s (0h:12m:25s left)
  61 K3P+G4       20730.018   part3.3+part5.1	0h:4m:57s (0h:12m:12s left)
  62 TNe+G4       20654.069   part2.2+part5.2	0h:4m:59s (0h:12m:0s left)
  63 TIM3+F+G4    20624.160   part2.2+part4.2	0h:5m:1s (0h:11m:47s left)
  64 K3P+G4       20695.961   part3.3+part4.2	0h:5m:2s (0h:11m:35s left)
  65 K3P+G4       20746.686   part3.3+part5.2	0h:5m:6s (0h:11m:29s left)
  66 HKY+F+G4     20534.172   part1.3+part5.3	0h:5m:9s (0h:11m:20s left)
  67 HKY+F+G4     20560.389   part4.3+part5.3	0h:5m:11s (0h:11m:8s left)
  68 K2P+G4       20634.147   part3.1+part5.3	0h:5m:11s (0h:10m:54s left)
  69 K2P+G4       20630.838   part1.1+part5.3	0h:5m:13s (0h:10m:45s left)
  70 K3P+G4       20650.364   part3.1+part4.3	0h:5m:14s (0h:10m:33s left)
  71 K3Pu+F+G4    20564.392   part1.3+part4.3	0h:5m:17s (0h:10m:26s left)
  72 K2P+G4       20619.004   part1.1+part1.3	0h:5m:21s (0h:10m:20s left)
  73 K2P+I+G4     20626.379   part1.3+part3.1	0h:5m:21s (0h:10m:7s left)
  74 K2P+G4       20691.446   part3.2+part5.3	0h:5m:23s (0h:9m:59s left)
  75 TN+F+I       20632.229   part1.2+part5.3	0h:5m:24s (0h:9m:48s left)
  76 K3P+G4       20643.801   part1.1+part4.3	0h:5m:24s (0h:9m:36s left)
  77 TN+F+G4      20630.690   part1.2+part1.3	0h:5m:25s (0h:9m:25s left)
  78 TNe+I+G4     20683.368   part1.3+part3.2	0h:5m:26s (0h:9m:15s left)
  79 K3P+G4       20707.716   part3.2+part4.3	0h:5m:26s (0h:9m:6s left)
  80 TNe+G4       20607.364   part1.3+part4.1	0h:5m:26s (0h:8m:55s left)
  81 TN+F+I       20619.091   part4.1+part5.3	0h:5m:27s (0h:8m:45s left)
  82 K3Pu+F+G4    20660.085   part1.2+part4.3	0h:5m:29s (0h:8m:38s left)
  83 K3P+G4       20617.941   part4.1+part4.3	0h:5m:30s (0h:8m:30s left)
  84 K2P+G4       20669.843   part5.1+part5.3	0h:5m:31s (0h:8m:21s left)
  85 TNe+G4       20661.227   part1.3+part5.1	0h:5m:31s (0h:8m:11s left)
  86 TN+F+I       20640.384   part4.2+part5.3	0h:5m:34s (0h:8m:6s left)
  87 K3P+G4       20684.991   part4.3+part5.1	0h:5m:35s (0h:7m:58s left)
  88 K2P+G4       20682.277   part5.2+part5.3	0h:5m:40s (0h:7m:56s left)
  89 HKY+F+G4     20638.172   part1.3+part4.2	0h:5m:41s (0h:7m:47s left)
  90 K3Pu+F+G4    20671.718   part4.2+part4.3	0h:5m:42s (0h:7m:40s left)
  91 K2P+I+G4     20675.439   part1.3+part5.2	0h:5m:43s (0h:7m:33s left)
  92 K3P+G4       20696.112   part4.3+part5.2	0h:5m:43s (0h:7m:24s left)
  93 TIM3e+I      20574.804   part1.1+part3.1	0h:5m:44s (0h:7m:16s left)
  94 JC           20594.050   part1.1+part3.2	0h:5m:48s (0h:7m:13s left)
  95 K2P+I        20581.981   part3.1+part3.2	0h:5m:49s (0h:7m:6s left)
  96 K2P+I        20582.637   part1.1+part1.2	0h:5m:51s (0h:7m:1s left)
  97 K2P+I        20561.905   part1.2+part3.1	0h:5m:56s (0h:6m:58s left)
  98 JC           20577.456   part1.2+part3.2	0h:6m:8s (0h:7m:4s left)
  99 TNe+I        20562.129   part3.1+part4.1	0h:6m:9s (0h:6m:58s left)
 100 TIM3e+I      20568.373   part1.1+part4.1	0h:6m:18s (0h:7m:0s left)
 101 K2P+I        20580.438   part3.1+part4.2	0h:6m:21s (0h:6m:55s left)
 102 K2P+I        20581.376   part3.1+part5.1	0h:6m:23s (0h:6m:49s left)
 103 JC           20580.631   part3.2+part5.1	0h:6m:23s (0h:6m:42s left)
 104 JC           20588.565   part1.1+part5.1	0h:6m:27s (0h:6m:38s left)
 105 TNe+I        20593.109   part3.2+part4.1	0h:6m:29s (0h:6m:32s left)
 106 K2P+I        20571.452   part1.2+part4.1	0h:6m:33s (0h:6m:29s left)
 107 TIM3e        20591.725   part1.1+part4.2	0h:6m:34s (0h:6m:23s left)
 108 JC           20580.031   part3.2+part4.2	0h:6m:34s (0h:6m:16s left)
 109 K2P+I        20584.366   part3.1+part5.2	0h:6m:35s (0h:6m:10s left)
 110 JC           20576.517   part1.2+part5.1	0h:6m:36s (0h:6m:4s left)
 111 TN+F         20605.196   part1.1+part5.2	0h:6m:39s (0h:5m:59s left)
 112 JC           20580.413   part4.2+part5.1	0h:6m:41s (0h:5m:54s left)
 113 JC           20577.115   part1.2+part4.2	0h:6m:41s (0h:5m:48s left)
 114 K2P+I        20582.739   part1.2+part5.2	0h:6m:41s (0h:5m:42s left)
 115 JC           20583.686   part5.1+part5.2	0h:6m:43s (0h:5m:36s left)
 116 TNe+I        20590.962   part4.1+part5.1	0h:6m:43s (0h:5m:30s left)
 117 TNe+I        20589.366   part4.1+part4.2	0h:6m:43s (0h:5m:24s left)
 118 JC           20581.376   part4.2+part5.2	0h:6m:44s (0h:5m:18s left)
 119 TNe+I        20592.244   part4.1+part5.2	0h:6m:44s (0h:5m:12s left)
 120 JC           20581.757   part3.2+part5.2	0h:6m:44s (0h:5m:6s left)
Merging part1.3+part5.3 with BIC score: 20534.172 (LnL: -9834.717  df: 113)
 121 HKY+F+G4     20610.257   part1.1+part1.3+part5.3	0h:6m:54s (0h:5m:8s left)
 122 HKY+F+G4     20687.711   part1.3+part3.2+part5.3	0h:6m:54s (0h:5m:2s left)
 123 HKY+F+G4     20513.553   part1.3+part4.3+part5.3	0h:6m:56s (0h:4m:57s left)
 124 HKY+F+G4     20629.414   part1.3+part3.1+part5.3	0h:6m:57s (0h:4m:53s left)
 125 K2P+G4       20556.126   part1.3+part2.1+part5.3	0h:6m:58s (0h:4m:47s left)
 126 HKY+F+G4     20560.991   part1.3+part3.3+part5.3	0h:7m:0s (0h:4m:43s left)
 127 TN+F+G4      20520.765   part1.3+part2.2+part5.3	0h:7m:1s (0h:4m:38s left)
 128 HKY+F+G4     20561.697   part1.3+part2.3+part5.3	0h:7m:3s (0h:4m:34s left)
 129 TN+F+G4      20663.177   part1.3+part5.1+part5.3	0h:7m:7s (0h:4m:31s left)
 130 HKY+F+G4     20583.114   part1.3+part4.1+part5.3	0h:7m:8s (0h:4m:26s left)
 131 HKY+F+G4     20677.755   part1.3+part5.2+part5.3	0h:7m:8s (0h:4m:21s left)
 132 HKY+F+G4     20598.510   part1.2+part1.3+part5.3	0h:7m:9s (0h:4m:16s left)
 133 HKY+F+G4     20603.196   part1.3+part4.2+part5.3	0h:7m:9s (0h:4m:11s left)
Merging part3.3+part4.3 with BIC score: 20504.477 (LnL: -9835.175  df: 109)
 134 K3P+G4       20659.724   part3.3+part4.3+part5.1	0h:7m:16s (0h:4m:11s left)
 135 K3P+G4       20706.752   part3.2+part3.3+part4.3	0h:7m:18s (0h:4m:6s left)
 136 K3P+G4       20597.232   part1.1+part3.3+part4.3	0h:7m:18s (0h:4m:1s left)
 137 K3P+G4       20636.753   part3.1+part3.3+part4.3	0h:7m:20s (0h:3m:57s left)
 138 K2P+G4       20551.241   part2.2+part3.3+part4.3	0h:7m:23s (0h:3m:54s left)
 139 K3P+G4       20516.144   part2.1+part3.3+part4.3	0h:7m:25s (0h:3m:50s left)
 140 K2P+G4       20495.952   part2.3+part3.3+part4.3	0h:7m:26s (0h:3m:46s left)
 141 HKY+F+G4     20529.989   part1.3+part3.3+part4.3+part5.3	0h:7m:26s (0h:3m:41s left)
 142 K3P+G4       20564.552   part3.3+part4.1+part4.3	0h:7m:28s (0h:3m:37s left)
 143 K3P+G4       20619.332   part1.2+part3.3+part4.3	0h:7m:28s (0h:3m:33s left)
 144 K3P+G4       20677.133   part3.3+part4.3+part5.2	0h:7m:28s (0h:3m:28s left)
 145 K3P+G4       20619.534   part3.3+part4.2+part4.3	0h:7m:28s (0h:3m:24s left)
Merging part1.2+part3.1 with BIC score: 20478.699 (LnL: -9845.243  df: 103)
 146 K2P+I        20471.503   part1.1+part1.2+part3.1	0h:7m:34s (0h:3m:22s left)
 147 K2P+G4       20533.378   part1.2+part2.2+part3.1	0h:7m:35s (0h:3m:18s left)
 148 K2P+I        20459.500   part1.2+part3.1+part4.1	0h:7m:36s (0h:3m:14s left)
 149 K2P+I        20477.823   part1.2+part3.1+part3.2	0h:7m:38s (0h:3m:10s left)
 150 K2P+G4       20579.513   part1.2+part2.1+part3.1	0h:7m:38s (0h:3m:6s left)
 151 K2P+I        20479.852   part1.2+part3.1+part5.2	0h:7m:38s (0h:3m:2s left)
 152 K2P+G4       20756.730   part1.2+part2.3+part3.1	0h:7m:39s (0h:2m:58s left)
 153 HKY+F+G4     20625.355   part1.2+part1.3+part3.1+part5.3	0h:7m:40s (0h:2m:54s left)
 154 K2P+I        20477.013   part1.2+part3.1+part4.2	0h:7m:42s (0h:2m:51s left)
 155 K3P+G4       20691.058   part1.2+part3.1+part3.3+part4.3	0h:7m:43s (0h:2m:47s left)
 156 K2P+I        20478.256   part1.2+part3.1+part5.1	0h:7m:43s (0h:2m:43s left)
Merging part1.1+part4.1 with BIC score: 20459.389 (LnL: -9843.241  df: 101)
 157 TIM3e+I      20470.090   part1.1+part3.2+part4.1	0h:7m:54s (0h:2m:43s left)
 158 K2P+G4       20486.426   part1.1+part2.2+part4.1	0h:7m:54s (0h:2m:39s left)
 159 TIM3e+I      20461.091   part1.1+part4.1+part4.2	0h:7m:55s (0h:2m:35s left)
 160 K3P+G4       20598.985   part1.1+part3.3+part4.1+part4.3	0h:7m:57s (0h:2m:32s left)
 161 TIM3e+I      20450.754   part1.1+part1.2+part3.1+part4.1	0h:7m:57s (0h:2m:28s left)
 162 K2P+G4       20517.901   part1.1+part2.1+part4.1	0h:7m:58s (0h:2m:24s left)
 163 K2P+G4       20649.309   part1.1+part2.3+part4.1	0h:7m:58s (0h:2m:20s left)
 164 HKY+F+G4     20571.241   part1.1+part1.3+part4.1+part5.3	0h:7m:58s (0h:2m:17s left)
 165 TIM3e+I      20469.306   part1.1+part4.1+part5.2	0h:7m:59s (0h:2m:13s left)
 166 TNe+I        20465.723   part1.1+part4.1+part5.1	0h:7m:59s (0h:2m:10s left)
Merging part2.1+part2.2 with BIC score: 20443.155 (LnL: -9861.908  df: 94)
 167 TNe+G4       20499.484   part2.1+part2.2+part4.2	0h:8m:8s (0h:2m:8s left)
 168 TNe+G4       20551.262   part2.1+part2.2+part3.2	0h:8m:9s (0h:2m:5s left)
 169 TNe+G4       20519.898   part2.1+part2.2+part5.1	0h:8m:10s (0h:2m:1s left)
 170 K2P+G4       20543.903   part1.2+part2.1+part2.2+part3.1	0h:8m:11s (0h:1m:58s left)
 171 K2P+G4       20495.856   part1.1+part2.1+part2.2+part4.1	0h:8m:11s (0h:1m:54s left)
 172 K2P+G4       20486.424   part2.1+part2.2+part3.3+part4.3	0h:8m:14s (0h:1m:52s left)
 173 K2P+G4       20520.805   part2.1+part2.2+part2.3	0h:8m:15s (0h:1m:48s left)
 174 TN+F+G4      20465.798   part1.3+part2.1+part2.2+part5.3	0h:8m:16s (0h:1m:45s left)
 175 K2P+G4       20535.871   part2.1+part2.2+part5.2	0h:8m:16s (0h:1m:42s left)
Merging part1.1+part1.2+part3.1+part4.1 with BIC score: 20434.520 (LnL: -9869.069  df: 91)
 176 TIM3e+I      20440.771   part1.1+part1.2+part3.1+part4.1+part5.2	0h:8m:24s (0h:1m:40s left)
 177 TIM3e+I      20437.108   part1.1+part1.2+part3.1+part3.2+part4.1	0h:8m:25s (0h:1m:37s left)
 178 TIM3e+I      20438.040   part1.1+part1.2+part3.1+part4.1+part5.1	0h:8m:26s (0h:1m:33s left)
 179 K2P+I+G4     20608.115   part1.1+part1.2+part1.3+part3.1+part4.1+part5.3	0h:8m:26s (0h:1m:30s left)
 180 TIM3e+I      20434.108   part1.1+part1.2+part3.1+part4.1+part4.2	0h:8m:26s (0h:1m:27s left)
 181 K2P+G4       20566.092   part1.1+part1.2+part2.1+part2.2+part3.1+part4.1	0h:8m:27s (0h:1m:24s left)
 182 K3P+G4       20696.657   part1.1+part1.2+part3.1+part3.3+part4.1+part4.3	0h:8m:27s (0h:1m:20s left)
 183 K2P+G4       20780.772   part1.1+part1.2+part2.3+part3.1+part4.1	0h:8m:27s (0h:1m:17s left)
Merging part2.3+part3.3+part4.3 with BIC score: 20425.994 (LnL: -9880.111  df: 87)
 184 K2P+G4       20572.140   part2.3+part3.3+part4.2+part4.3	0h:8m:42s (0h:1m:16s left)
 185 K2P+G4       20696.184   part2.3+part3.2+part3.3+part4.3	0h:8m:42s (0h:1m:13s left)
 186 K2P+G4       20628.667   part2.3+part3.3+part4.3+part5.1	0h:8m:43s (0h:1m:10s left)
 187 K2P+G4       20649.894   part2.3+part3.3+part4.3+part5.2	0h:8m:43s (0h:1m:7s left)
 188 TNe+G4       20848.091   part1.1+part1.2+part2.3+part3.1+part3.3+part4.1+part4.3	0h:8m:44s (0h:1m:4s left)
 189 K2P+G4       20519.313   part2.1+part2.2+part2.3+part3.3+part4.3	0h:8m:47s (0h:1m:1s left)
 190 HKY+F+G4     20464.043   part1.3+part2.3+part3.3+part4.3+part5.3	0h:8m:48s (0h:0m:58s left)
Merging part3.2+part4.2 with BIC score: 20418.341 (LnL: -9880.111  df: 86)
 191 JC           20412.621   part3.2+part4.2+part5.2	0h:8m:52s (0h:0m:55s left)
 192 JC           20411.393   part3.2+part4.2+part5.1	0h:8m:52s (0h:0m:52s left)
 193 TNe+G4       20572.577   part2.1+part2.2+part3.2+part4.2	0h:8m:56s (0h:0m:50s left)
 194 TIM3e+I      20426.351   part1.1+part1.2+part3.1+part3.2+part4.1+part4.2	0h:8m:56s (0h:0m:47s left)
 195 TN+F+I+G4    20610.585   part1.3+part3.2+part4.2+part5.3	0h:8m:57s (0h:0m:44s left)
 196 K2P+G4       20791.249   part2.3+part3.2+part3.3+part4.2+part4.3	0h:8m:59s (0h:0m:41s left)
Merging part3.2+part4.2+part5.1 with BIC score: 20411.393 (LnL: -9880.463  df: 85)
 197 JC           20406.692   part3.2+part4.2+part5.1+part5.2	0h:9m:1s (0h:0m:38s left)
 198 TNe+G4       20618.955   part2.1+part2.2+part3.2+part4.2+part5.1	0h:9m:7s (0h:0m:35s left)
 199 TIM3e+I      20427.493   part1.1+part1.2+part3.1+part3.2+part4.1+part4.2+part5.1	0h:9m:7s (0h:0m:32s left)
 200 TN+F+I+G4    20658.478   part1.3+part3.2+part4.2+part5.1+part5.3	0h:9m:7s (0h:0m:30s left)
 201 K2P+G4       20904.501   part2.3+part3.2+part3.3+part4.2+part4.3+part5.1	0h:9m:9s (0h:0m:27s left)
Merging part3.2+part4.2+part5.1+part5.2 with BIC score: 20406.692 (LnL: -9881.939  df: 84)
 202 TNe+G4       20671.999   part2.1+part2.2+part3.2+part4.2+part5.1+part5.2	0h:9m:17s (0h:0m:24s left)
 203 TIM3e+I      20429.239   part1.1+part1.2+part3.1+part3.2+part4.1+part4.2+part5.1+part5.2	0h:9m:18s (0h:0m:21s left)
 204 K2P+I+G4     20695.744   part1.3+part3.2+part4.2+part5.1+part5.2+part5.3	0h:9m:18s (0h:0m:19s left)
 205 K2P+G4       21013.650   part2.3+part3.2+part3.3+part4.2+part4.3+part5.1+part5.2	0h:9m:20s (0h:0m:16s left)
BEST-FIT PARTITION MODEL: 
  charpartition BIC = TIM3e+I: part1.1 part1.2 part3.1 part4.1, HKY+F+G4: part1.3 part5.3, K2P+G4: part2.1 part2.2, K2P+G4: part2.3 part3.3 part4.3, JC: part3.2 part4.2 part5.1 part5.2;
Agglomerative model selection: (((part1.1,part4.1)4:20459.4,(part1.2,part3.1)3:20478.7)6:20434.5,(part1.3,part5.3)1:20534.2,(part2.1,part2.2)5:20443.2,(part2.3,(part3.3,part4.3)2:20504.5)7:20426,(((part3.2,part4.2)8:20418.3,part5.1)9:20411.4,part5.2)10:20406.7)
Merging into 5 partitions...
Partition information was printed to 4_set103.best_scheme.nex
Partition information in Raxml format was printed to 4_set103.best_scheme

All model information printed to 4_set103.model.gz
CPU time for ModelFinder: 417.650 seconds (0h:6m:57s)
Wall-clock time for ModelFinder: 564.400 seconds (0h:9m:24s)
Generating 1000 samples for ultrafast bootstrap (seed: 849667)...

NOTE: 6 MB RAM (0 GB) is required!
Measuring multi-threading efficiency up to 8 CPU cores
Increase to 10 rounds for branch lengths
31 trees examined
Threads: 1 / Time: 8.017 sec / Speedup: 1.000 / Efficiency: 100% / LogL: -16081
Threads: 2 / Time: 22.925 sec / Speedup: 0.350 / Efficiency: 17% / LogL: -16081
BEST NUMBER OF THREADS: 1

Estimate model parameters (epsilon = 0.100)
Initial log-likelihood: -10979.678
Current log-likelihood at step 1: -10032.894
Current log-likelihood at step 2: -9971.628
Current log-likelihood at step 3: -9958.791
Current log-likelihood at step 4: -9944.271
Current log-likelihood at step 5: -9927.712
Current log-likelihood at step 6: -9927.579
Current log-likelihood at step 7: -9927.448
Current log-likelihood at step 8: -9927.315
Current log-likelihood at step 9: -9927.182
Current log-likelihood at step 10: -9927.048
Current log-likelihood at step 11: -9926.912
Current log-likelihood at step 12: -9926.776
Current log-likelihood at step 13: -9926.639
Current log-likelihood at step 14: -9926.501
Current log-likelihood at step 15: -9926.362
Current log-likelihood at step 16: -9926.222
Current log-likelihood at step 17: -9926.081
Current log-likelihood at step 18: -9925.940
Current log-likelihood at step 19: -9925.797
Current log-likelihood at step 20: -9925.653
Current log-likelihood at step 21: -9925.508
Current log-likelihood at step 22: -9925.362
Current log-likelihood at step 23: -9925.215
Current log-likelihood at step 24: -9925.066
Current log-likelihood at step 25: -9924.917
Current log-likelihood at step 26: -9924.767
Current log-likelihood at step 27: -9924.615
Current log-likelihood at step 28: -9924.462
Current log-likelihood at step 29: -9924.308
Current log-likelihood at step 30: -9924.153
Current log-likelihood at step 31: -9923.997
Current log-likelihood at step 32: -9923.840
Current log-likelihood at step 33: -9923.681
Current log-likelihood at step 34: -9923.521
Current log-likelihood at step 35: -9923.359
Current log-likelihood at step 36: -9923.197
Current log-likelihood at step 37: -9923.033
Current log-likelihood at step 38: -9922.868
Current log-likelihood at step 39: -9922.701
Current log-likelihood at step 40: -9922.533
Current log-likelihood at step 41: -9922.364
Current log-likelihood at step 42: -9922.193
Current log-likelihood at step 43: -9922.020
Current log-likelihood at step 44: -9921.846
Current log-likelihood at step 45: -9921.671
Current log-likelihood at step 46: -9921.494
Current log-likelihood at step 47: -9921.316
Current log-likelihood at step 48: -9921.136
Current log-likelihood at step 49: -9920.954
Current log-likelihood at step 50: -9920.771
Current log-likelihood at step 51: -9920.586
Current log-likelihood at step 52: -9920.399
Current log-likelihood at step 53: -9920.211
Current log-likelihood at step 54: -9920.021
Current log-likelihood at step 55: -9919.829
Current log-likelihood at step 56: -9919.635
Current log-likelihood at step 57: -9919.439
Current log-likelihood at step 58: -9919.242
Current log-likelihood at step 59: -9919.042
Current log-likelihood at step 60: -9918.841
Current log-likelihood at step 61: -9918.637
Current log-likelihood at step 62: -9918.432
Current log-likelihood at step 63: -9918.224
Current log-likelihood at step 64: -9918.014
Current log-likelihood at step 65: -9917.802
Current log-likelihood at step 66: -9917.588
Current log-likelihood at step 67: -9917.371
Current log-likelihood at step 68: -9917.153
Current log-likelihood at step 69: -9916.932
Current log-likelihood at step 70: -9916.708
Current log-likelihood at step 71: -9916.482
Current log-likelihood at step 72: -9916.253
Current log-likelihood at step 73: -9916.022
Current log-likelihood at step 74: -9915.789
Current log-likelihood at step 75: -9915.552
Current log-likelihood at step 76: -9915.313
Current log-likelihood at step 77: -9915.071
Current log-likelihood at step 78: -9914.826
Current log-likelihood at step 79: -9914.579
Current log-likelihood at step 80: -9914.328
Current log-likelihood at step 81: -9914.074
Current log-likelihood at step 82: -9913.817
Current log-likelihood at step 83: -9913.557
Current log-likelihood at step 84: -9913.293
Current log-likelihood at step 85: -9913.026
Current log-likelihood at step 86: -9912.756
Current log-likelihood at step 87: -9912.482
Current log-likelihood at step 88: -9912.205
Current log-likelihood at step 89: -9911.923
Current log-likelihood at step 90: -9911.638
Current log-likelihood at step 91: -9911.349
Current log-likelihood at step 92: -9911.056
Current log-likelihood at step 93: -9910.759
Current log-likelihood at step 94: -9910.458
Current log-likelihood at step 95: -9910.152
Current log-likelihood at step 96: -9909.842
Current log-likelihood at step 97: -9909.527
Current log-likelihood at step 98: -9909.208
Current log-likelihood at step 99: -9908.883
Partition-specific rates:  0.156 1.578 1.066 2.325 0.019
Parameters optimization took 99 rounds (20.359 sec)


WARNING: Estimated model parameters are at boundary that can cause numerical instability!

Computing ML distances based on estimated model parameters... 0.045 sec
Computing BIONJ tree...
0.006 seconds
Log-likelihood of BIONJ tree: -9909.257
--------------------------------------------------------------------
|             INITIALIZING CANDIDATE TREE SET                      |
--------------------------------------------------------------------
Generating 98 parsimony trees... 6.333 second
Computing log-likelihood of 98 initial trees ... 16.326 seconds
Current best score: -9906.186

Do NNI search on 20 best initial trees
Estimate model parameters (epsilon = 0.100)
Initial log-likelihood: -9906.122
Current log-likelihood at step 1: -9905.788
Current log-likelihood at step 2: -9905.471
Current log-likelihood at step 3: -9905.149
Current log-likelihood at step 4: -9904.822
Current log-likelihood at step 5: -9904.490
Current log-likelihood at step 6: -9904.153
Current log-likelihood at step 7: -9903.810
Current log-likelihood at step 8: -9903.462
Current log-likelihood at step 9: -9903.108
Current log-likelihood at step 10: -9902.748
Current log-likelihood at step 11: -9902.382
Current log-likelihood at step 12: -9902.009
Current log-likelihood at step 13: -9901.631
Current log-likelihood at step 14: -9901.245
Current log-likelihood at step 15: -9900.853
Current log-likelihood at step 16: -9900.454
Current log-likelihood at step 17: -9900.048
Current log-likelihood at step 18: -9899.634
Current log-likelihood at step 19: -9899.212
Current log-likelihood at step 20: -9898.783
Current log-likelihood at step 21: -9898.346
Current log-likelihood at step 22: -9897.900
Current log-likelihood at step 23: -9897.446
Current log-likelihood at step 24: -9896.983
Current log-likelihood at step 25: -9896.511
Current log-likelihood at step 26: -9896.030
Current log-likelihood at step 27: -9895.540
Current log-likelihood at step 28: -9895.040
Current log-likelihood at step 29: -9894.531
Current log-likelihood at step 30: -9894.012
Current log-likelihood at step 31: -9893.483
Current log-likelihood at step 32: -9892.944
Current log-likelihood at step 33: -9892.395
Current log-likelihood at step 34: -9891.837
Current log-likelihood at step 35: -9891.268
Current log-likelihood at step 36: -9890.691
Current log-likelihood at step 37: -9890.105
Current log-likelihood at step 38: -9889.510
Current log-likelihood at step 39: -9888.909
Current log-likelihood at step 40: -9888.300
Current log-likelihood at step 41: -9887.688
Current log-likelihood at step 42: -9887.072
Current log-likelihood at step 43: -9879.733
Current log-likelihood at step 44: -9879.729
Parameters optimization took 43 rounds (12.256 sec)


WARNING: Estimated model parameters are at boundary that can cause numerical instability!

BETTER TREE FOUND at iteration 1: -9879.729
Estimate model parameters (epsilon = 0.100)
Initial log-likelihood: -9879.494
Current log-likelihood at step 1: -9879.462
Parameters optimization took 0 rounds (0.241 sec)


WARNING: Estimated model parameters are at boundary that can cause numerical instability!

BETTER TREE FOUND at iteration 2: -9879.462
Estimate model parameters (epsilon = 0.100)
Initial log-likelihood: -9878.597
Current log-likelihood at step 1: -9878.457
Current log-likelihood at step 2: -9878.453
Parameters optimization took 1 rounds (0.553 sec)


WARNING: Estimated model parameters are at boundary that can cause numerical instability!

BETTER TREE FOUND at iteration 3: -9878.453
Estimate model parameters (epsilon = 0.100)
Initial log-likelihood: -9878.137
Current log-likelihood at step 1: -9878.079
Parameters optimization took 0 rounds (0.369 sec)


WARNING: Estimated model parameters are at boundary that can cause numerical instability!

BETTER TREE FOUND at iteration 5: -9878.079
Iteration 10 / LogL: -9879.514 / Time: 0h:1m:38s
Iteration 20 / LogL: -9881.125 / Time: 0h:1m:50s
Finish initializing candidate tree set (7)
Current best tree score: -9878.079 / CPU time: 58.798
Number of iterations: 20
--------------------------------------------------------------------
|               OPTIMIZING CANDIDATE TREE SET                      |
--------------------------------------------------------------------
Iteration 30 / LogL: -9878.302 / Time: 0h:2m:11s (0h:5m:39s left)
Iteration 40 / LogL: -9878.087 / Time: 0h:2m:31s (0h:4m:12s left)
Iteration 50 / LogL: -9879.503 / Time: 0h:2m:51s (0h:3m:12s left)
Log-likelihood cutoff on original alignment: -9910.276
Iteration 60 / LogL: -9878.104 / Time: 0h:3m:11s (0h:2m:26s left)
Iteration 70 / LogL: -9878.082 / Time: 0h:3m:31s (0h:1m:47s left)
Iteration 80 / LogL: -9878.087 / Time: 0h:3m:49s (0h:1m:12s left)
Iteration 90 / LogL: -9878.301 / Time: 0h:4m:6s (0h:0m:41s left)
Iteration 100 / LogL: -9878.081 / Time: 0h:4m:24s (0h:0m:13s left)
Log-likelihood cutoff on original alignment: -9910.276
NOTE: Bootstrap correlation coefficient of split occurrence frequencies: 1.000
TREE SEARCH COMPLETED AFTER 106 ITERATIONS / Time: 0h:4m:36s

--------------------------------------------------------------------
|                    FINALIZING TREE SEARCH                        |
--------------------------------------------------------------------
Performs final model parameters optimization
Estimate model parameters (epsilon = 0.010)
Initial log-likelihood: -9878.079
Current log-likelihood at step 1: -9878.077
Partition-specific rates:  0.154 1.519 1.080 2.336 0.019
Parameters optimization took 0 rounds (0.248 sec)


WARNING: Estimated model parameters are at boundary that can cause numerical instability!

BEST SCORE FOUND : -9878.077
Creating bootstrap support values...
Split supports printed to NEXUS file 4_set103.splits.nex
Total tree length: 0.701

Total number of iterations: 106
CPU time used for tree search: 42.498 sec (0h:0m:42s)
Wall-clock time used for tree search: 224.919 sec (0h:3m:44s)
Total CPU time used: 56.272 sec (0h:0m:56s)
Total wall-clock time used: 278.346 sec (0h:4m:38s)

Computing bootstrap consensus tree...
Reading input file 4_set103.splits.nex...
35 taxa and 154 splits.
Consensus tree written to 4_set103.contree
Reading input trees file 4_set103.contree
Log-likelihood of consensus tree: -9878.077

Analysis results written to: 
  IQ-TREE report:                4_set103.iqtree
  Maximum-likelihood tree:       4_set103.treefile
  Likelihood distances:          4_set103.mldist
  Best partitioning scheme:      4_set103.best_scheme.nex
           in RAxML format:      4_set103.best_scheme

Ultrafast bootstrap approximation results written to:
  Split support values:          4_set103.splits.nex
  Consensus tree:                4_set103.contree
  Screen log file:               4_set103.log

Date and Time: Fri Sep  7 07:35:28 2018
