IQ-TREE multicore version 1.6.3 for Mac OS X 64-bit built Mar 22 2018
Developed by Bui Quang Minh, Nguyen Lam Tung, Olga Chernomor,
Heiko Schmidt, Dominik Schrempf, Michael Woodhams.

Host:    meeps-mac-pro.staff.sydney.edu.au (AVX, 64 GB RAM)
Command: /Users/davidduchene/Desktop/Software/iqtree-1.6.3-MacOSX/bin/iqtree -s ../../../../marsupials/set211.fasta -m TEST -bb 1000 -nt AUTO -pre 1_set211
Seed:    828392 (Using SPRNG - Scalable Parallel Random Number Generator)
Time:    Fri Jul 27 18:06:00 2018
Kernel:  AVX - auto-detect threads (8 CPU cores detected)

Reading alignment file ../../../../marsupials/set211.fasta ... Fasta format detected
Alignment most likely contains DNA/RNA sequences
Alignment has 35 sequences with 2823 columns, 1083 distinct patterns
673 parsimony-informative, 358 singleton sites, 1792 constant sites
                                              Gap/Ambiguity  Composition  p-value
   1  Burramyidae_Burramys_parvus                     0.67%    passed     87.72%
   2  Notoryctidae_Notoryctes_typhlops                1.45%    passed     98.85%
   3  Vombatidae_Lasiorhinus_latifrons                2.23%    passed     88.35%
   4  Potoroidae_Bettongia_penicillata               15.02%    passed     29.10%
   5  Potoroidae_Bettongia_lesueur                    0.11%    passed     84.94%
   6  Dasyuridae_Dasyurus_maculatus                  10.95%    passed     18.67%
   7  Phalangeridae_Trichosurus_vulpecula             0.07%    passed     97.73%
   8  Phalangeridae_Spilocuscus_maculatus             0.89%    passed     99.37%
   9  Potoroidae_Aepyprymnus_rufescens                0.25%    passed     28.53%
  10  Peramelidae_Perameles_nasuta                    3.26%    passed     91.76%
  11  Phalangeridae_Strigocuscus_pelengensis          1.03%    passed     87.36%
  12  Dasyuridae_Phascogale_tapoatafa                 0.04%    passed     83.99%
  13  Dasyuridae_Sminthopsis_macroura                 0.07%    passed     76.43%
  14  Phalangeridae_Phalanger_orientalis              0.28%    passed     96.77%
  15  Acrobatidae_Acrobates_pygmaeus                  0.85%    passed     93.08%
  16  Dasyuridae_Phascogale_calura                    0.18%    passed     74.42%
  17  Dasyuridae_Sarcophilus_harrisii                 0.53%    passed     58.74%
  18  Dasyuridae_Planigale_tenuirostris               7.12%    passed     64.26%
  19  Peramelidae_Echymipera_kalubu                   0.00%    passed     49.52%
  20  Macropodidae_Dorcopsulus_vanheurni              1.13%    passed     92.38%
  21  Pseudochiridae_Pseudochirulus_forbesi           0.14%    passed     89.96%
  22  Didelphidae_Didelphis_virginiana                0.28%    passed     85.42%
  23  Marmosidae_Monodelphis_domestica                0.11%    passed     99.01%
  24  Dasyuridae_Antechinus_stuartii                  0.57%    passed     80.18%
  25  Hypsiprymnodontidae_Hypsiprymnodon_moschatus   10.95%    passed     88.63%
  26  Microbiotheriidae_Dromiciops_gliroides          0.64%    passed     89.08%
  27  Pseudochiridae_Petauroides_volans               0.78%    passed     99.70%
  28  Macropodidae_Wallabia_bicolor                   2.20%    passed     76.50%
  29  Pseudochiridae_Pseudocheirus_occidentalis       6.20%    passed     92.96%
  30  Tarsipedidae_Tarsipes_rostratus                 2.90%    passed     10.39%
  31  Acrobatidae_Distoechurus_pennatus              59.16%    failed      0.00%
  32  Phalangeridae_Phalanger_carmelitae              0.00%    passed     96.92%
  33  Peramelidae_Peroryctes_raffrayana               5.92%    passed     97.47%
  34  Dasyuridae_Dasyurus_geffroii                    0.00%    passed     72.44%
  35  Peramelidae_Perameles_gunnii                    0.04%    passed     62.67%
WARNING: 1 sequences contain more than 50% gaps/ambiguity
****  TOTAL                                           3.89%  1 sequences failed composition chi2 test (p-value<5%; df=3)


Create initial parsimony tree by phylogenetic likelihood library (PLL)... 0.003 seconds
NOTE: ModelFinder requires 9 MB RAM!
ModelFinder will test 88 DNA models (sample size: 2823) ...
 No. Model         -LnL         df  AIC          AICc         BIC
Measuring multi-threading efficiency up to 8 CPU cores
Increase to 10 rounds for branch lengths
421 trees examined
Threads: 1 / Time: 8.007 sec / Speedup: 1.000 / Efficiency: 100% / LogL: -26992
Threads: 2 / Time: 7.163 sec / Speedup: 1.118 / Efficiency: 56% / LogL: -26992
Threads: 3 / Time: 4.935 sec / Speedup: 1.623 / Efficiency: 54% / LogL: -26992
Threads: 4 / Time: 4.669 sec / Speedup: 1.715 / Efficiency: 43% / LogL: -26992
BEST NUMBER OF THREADS: 3

  1  JC            17278.313    67  34690.625    34693.933    35088.978
  2  JC+I          16674.667    68  33485.333    33488.741    33889.631
  3  JC+G4         16604.079    68  33344.158    33347.566    33748.456
  4  JC+I+G4       16586.907    69  33311.813    33315.322    33722.056
  5  F81+F         17260.609    70  34661.219    34664.831    35077.408
  6  F81+F+I       16666.614    71  33475.229    33478.945    33897.363
  7  F81+F+G4      16594.204    71  33330.409    33334.125    33752.543
  8  F81+F+I+G4    16577.114    72  33298.228    33302.050    33726.308
  9  K2P           16433.323    68  33002.647    33006.054    33406.944
 10  K2P+I         15807.809    69  31753.617    31757.126    32163.860
 11  K2P+G4        15728.941    69  31595.881    31599.390    32006.124
 12  K2P+I+G4      15708.403    70  31556.805    31560.417    31972.994
 13  HKY+F         16429.447    71  33000.894    33004.611    33423.029
 14  HKY+F+I       15806.479    72  31756.959    31760.781    32185.039
 15  HKY+F+G4      15725.879    72  31595.757    31599.580    32023.837
 16  HKY+F+I+G4    15704.244    73  31554.488    31558.418    31988.513
 17  TNe           16423.879    69  32985.759    32989.268    33396.002
 18  TNe+I         15806.522    70  31753.045    31756.657    32169.234
 19  TNe+G4        15725.505    70  31591.010    31594.622    32007.199
 20  TNe+I+G4      15705.225    71  31552.450    31556.167    31974.585
 21  TN+F          16397.066    72  32938.132    32941.955    33366.212
 22  TN+F+I        15792.107    73  31730.214    31734.145    32164.240
 23  TN+F+G4       15706.939    73  31559.879    31563.809    31993.904
 24  TN+F+I+G4     15686.629    74  31521.259    31525.298    31961.230
 25  K3P           16426.245    69  32990.490    32993.998    33400.733
 26  K3P+I         15801.032    70  31742.064    31745.676    32158.253
 27  K3P+G4        15722.376    70  31584.753    31588.365    32000.942
 28  K3P+I+G4      15701.302    71  31544.603    31548.320    31966.738
 29  K3Pu+F        16422.175    72  32988.351    32992.173    33416.431
 30  K3Pu+F+I      15799.915    73  31745.831    31749.761    32179.856
 31  K3Pu+F+G4     15719.397    73  31584.794    31588.724    32018.820
 32  K3Pu+F+I+G4   15697.251    74  31542.502    31546.541    31982.473
 33  TPM2+F        16426.238    72  32996.475    33000.298    33424.555
 34  TPM2+F+I      15805.723    73  31757.446    31761.376    32191.471
 35  TPM2+F+G4     15724.561    73  31595.122    31599.052    32029.148
 36  TPM2+F+I+G4   15702.260    74  31552.519    31556.559    31992.491
 37  TPM2u+F       16426.237    72  32996.474    33000.297    33424.554
 38  TPM2u+F+I     15805.722    73  31757.445    31761.375    32191.470
 39  TPM2u+F+G4    15724.562    73  31595.123    31599.053    32029.149
 40  TPM2u+F+I+G4  15702.171    74  31552.342    31556.381    31992.313
 41  TPM3+F        16428.212    72  33000.425    33004.247    33428.505
 42  TPM3+F+I      15806.355    73  31758.711    31762.641    32192.736
 43  TPM3+F+G4     15725.303    73  31596.607    31600.537    32030.632
 44  TPM3+F+I+G4   15702.658    74  31553.316    31557.355    31993.287
 45  TPM3u+F       16428.213    72  33000.426    33004.248    33428.506
 46  TPM3u+F+I     15806.356    73  31758.711    31762.641    32192.737
 47  TPM3u+F+G4    15725.303    73  31596.607    31600.537    32030.632
 48  TPM3u+F+I+G4  15702.595    74  31553.189    31557.228    31993.160
 49  TIMe          16416.824    70  32973.648    32977.260    33389.837
 50  TIMe+I        15799.759    71  31741.519    31745.235    32163.653
 51  TIMe+G4       15718.982    71  31579.964    31583.681    32002.099
 52  TIMe+I+G4     15698.120    72  31540.240    31544.062    31968.320
 53  TIM+F         16389.846    73  32925.691    32929.621    33359.717
 54  TIM+F+I       15785.591    74  31719.182    31723.221    32159.153
 55  TIM+F+G4      15700.514    74  31549.029    31553.068    31989.000
 56  TIM+F+I+G4    15679.822    75  31509.644    31513.794    31955.561
 57  TIM2e         16422.426    70  32984.851    32988.463    33401.040
 58  TIM2e+I       15806.522    71  31755.044    31758.760    32177.178
 59  TIM2e+G4      15725.483    71  31592.965    31596.682    32015.100
 60  TIM2e+I+G4    15704.547    72  31553.093    31556.916    31981.173
 61  TIM2+F        16393.875    73  32933.749    32937.679    33367.775
 62  TIM2+F+I      15791.280    74  31730.560    31734.599    32170.531
 63  TIM2+F+G4     15705.777    74  31559.555    31563.594    31999.526
 64  TIM2+F+I+G4   15685.042    75  31520.085    31524.235    31966.002
 65  TIM3e         16422.980    70  32985.961    32989.573    33402.150
 66  TIM3e+I       15806.477    71  31754.954    31758.670    32177.088
 67  TIM3e+G4      15725.071    71  31592.143    31595.859    32014.277
 68  TIM3e+I+G4    15703.967    72  31551.934    31555.756    31980.014
 69  TIM3+F        16395.831    73  32937.662    32941.593    33371.688
 70  TIM3+F+I      15791.997    74  31731.994    31736.033    32171.965
 71  TIM3+F+G4     15706.180    74  31560.361    31564.400    32000.332
 72  TIM3+F+I+G4   15685.263    75  31520.526    31524.676    31966.443
 73  TVMe          16423.515    71  32989.030    32992.746    33411.164
 74  TVMe+I        15800.870    72  31745.740    31749.562    32173.820
 75  TVMe+G4       15721.787    72  31587.574    31591.396    32015.654
 76  TVMe+I+G4     15699.946    73  31545.893    31549.823    31979.918
 77  TVM+F         16417.359    74  32982.718    32986.758    33422.690
 78  TVM+F+I       15798.642    75  31747.284    31751.434    32193.201
 79  TVM+F+G4      15717.080    75  31584.160    31588.310    32030.077
 80  TVM+F+I+G4    15694.229    76  31540.458    31544.720    31992.320
 81  SYM           16414.106    72  32972.213    32976.035    33400.293
 82  SYM+I         15799.593    73  31745.186    31749.116    32179.212
 83  SYM+G4        15718.346    73  31582.692    31586.623    32016.718
 84  SYM+I+G4      15697.250    74  31542.500    31546.539    31982.471
 85  GTR+F         16385.061    75  32920.122    32924.272    33366.039
 86  GTR+F+I       15784.251    76  31720.501    31724.764    32172.364
 87  GTR+F+G4      15698.216    76  31548.432    31552.694    32000.294
 88  GTR+F+I+G4    15677.341    77  31508.682    31513.058    31966.490
Akaike Information Criterion:           GTR+F+I+G4
Corrected Akaike Information Criterion: GTR+F+I+G4
Bayesian Information Criterion:         TIM+F+I+G4
Best-fit model: TIM+F+I+G4 chosen according to BIC

All model information printed to 1_set211.model.gz
CPU time for ModelFinder: 65.162 seconds (0h:1m:5s)
Wall-clock time for ModelFinder: 27.592 seconds (0h:0m:27s)
Generating 1000 samples for ultrafast bootstrap (seed: 828392)...

NOTE: 9 MB RAM (0 GB) is required!
Measuring multi-threading efficiency up to 8 CPU cores
Increase to 10 rounds for branch lengths
114 trees examined
Threads: 1 / Time: 8.001 sec / Speedup: 1.000 / Efficiency: 100% / LogL: -22862
Threads: 2 / Time: 6.085 sec / Speedup: 1.315 / Efficiency: 66% / LogL: -22862
Threads: 3 / Time: 4.188 sec / Speedup: 1.911 / Efficiency: 64% / LogL: -22862
Threads: 4 / Time: 4.076 sec / Speedup: 1.963 / Efficiency: 49% / LogL: -22862
BEST NUMBER OF THREADS: 3

Estimate model parameters (epsilon = 0.100)
Thoroughly optimizing +I+G parameters from 10 start values...
Init pinv, alpha: 0.000, 1.000 / Estimate: 0.000, 0.342 / LogL: -15700.515
Init pinv, alpha: 0.071, 1.000 / Estimate: 0.315, 0.715 / LogL: -15681.422
Init pinv, alpha: 0.141, 1.000 / Estimate: 0.315, 0.715 / LogL: -15681.414
Init pinv, alpha: 0.212, 1.000 / Estimate: 0.315, 0.715 / LogL: -15681.416
Init pinv, alpha: 0.282, 1.000 / Estimate: 0.316, 0.716 / LogL: -15681.403
Init pinv, alpha: 0.353, 1.000 / Estimate: 0.359, 0.832 / LogL: -15680.135
Init pinv, alpha: 0.423, 1.000 / Estimate: 0.419, 1.062 / LogL: -15680.088
Init pinv, alpha: 0.494, 1.000 / Estimate: 0.427, 1.104 / LogL: -15680.312
Init pinv, alpha: 0.564, 1.000 / Estimate: 0.428, 1.108 / LogL: -15680.341
Init pinv, alpha: 0.635, 1.000 / Estimate: 0.428, 1.111 / LogL: -15680.354
Optimal pinv,alpha: 0.419, 1.062 / LogL: -15680.088

Parameters optimization took 4.430 sec
Computing ML distances based on estimated model parameters... 0.019 sec
Computing BIONJ tree...
0.001 seconds
Log-likelihood of BIONJ tree: -15691.004
--------------------------------------------------------------------
|             INITIALIZING CANDIDATE TREE SET                      |
--------------------------------------------------------------------
Generating 98 parsimony trees... 0.452 second
Computing log-likelihood of 98 initial trees ... 0.958 seconds
Current best score: -15652.989

Do NNI search on 20 best initial trees
Estimate model parameters (epsilon = 0.100)
BETTER TREE FOUND at iteration 1: -15652.480
UPDATE BEST LOG-LIKELIHOOD: -15652.480
UPDATE BEST LOG-LIKELIHOOD: -15652.479
Iteration 10 / LogL: -15652.480 / Time: 0h:0m:56s
Iteration 20 / LogL: -15669.191 / Time: 0h:0m:56s
Finish initializing candidate tree set (4)
Current best tree score: -15652.479 / CPU time: 2.538
Number of iterations: 20
--------------------------------------------------------------------
|               OPTIMIZING CANDIDATE TREE SET                      |
--------------------------------------------------------------------
Iteration 30 / LogL: -15666.714 / Time: 0h:0m:58s (0h:1m:14s left)
Iteration 40 / LogL: -15666.867 / Time: 0h:0m:59s (0h:0m:49s left)
Iteration 50 / LogL: -15652.499 / Time: 0h:1m:0s (0h:0m:34s left)
Log-likelihood cutoff on original alignment: -15690.286
Iteration 60 / LogL: -15669.269 / Time: 0h:1m:1s (0h:0m:23s left)
Iteration 70 / LogL: -15666.771 / Time: 0h:1m:2s (0h:0m:15s left)
Iteration 80 / LogL: -15652.510 / Time: 0h:1m:3s (0h:0m:9s left)
Iteration 90 / LogL: -15666.802 / Time: 0h:1m:4s (0h:0m:4s left)
Iteration 100 / LogL: -15653.185 / Time: 0h:1m:6s (0h:0m:0s left)
Log-likelihood cutoff on original alignment: -15691.620
NOTE: Bootstrap correlation coefficient of split occurrence frequencies: 1.000
TREE SEARCH COMPLETED AFTER 102 ITERATIONS / Time: 0h:1m:7s

--------------------------------------------------------------------
|                    FINALIZING TREE SEARCH                        |
--------------------------------------------------------------------
Performs final model parameters optimization
Estimate model parameters (epsilon = 0.010)
1. Initial log-likelihood: -15652.479
2. Current log-likelihood: -15652.434
3. Current log-likelihood: -15652.397
4. Current log-likelihood: -15652.364
5. Current log-likelihood: -15652.335
6. Current log-likelihood: -15652.310
7. Current log-likelihood: -15652.288
8. Current log-likelihood: -15652.269
9. Current log-likelihood: -15652.253
10. Current log-likelihood: -15652.238
11. Current log-likelihood: -15652.225
12. Current log-likelihood: -15652.214
13. Current log-likelihood: -15652.204
Optimal log-likelihood: -15652.194
Rate parameters:  A-C: 1.00000  A-G: 5.10462  A-T: 0.71934  C-G: 0.71934  C-T: 7.61101  G-T: 1.00000
Base frequencies:  A: 0.294  C: 0.223  G: 0.253  T: 0.231
Proportion of invariable sites: 0.398
Gamma shape alpha: 0.953
Parameters optimization took 13 rounds (0.157 sec)
BEST SCORE FOUND : -15652.194
Creating bootstrap support values...
Split supports printed to NEXUS file 1_set211.splits.nex
Total tree length: 0.947

Total number of iterations: 102
CPU time used for tree search: 33.938 sec (0h:0m:33s)
Wall-clock time used for tree search: 12.588 sec (0h:0m:12s)
Total CPU time used: 161.125 sec (0h:2m:41s)
Total wall-clock time used: 67.335 sec (0h:1m:7s)

Computing bootstrap consensus tree...
Reading input file 1_set211.splits.nex...
35 taxa and 130 splits.
Consensus tree written to 1_set211.contree
Reading input trees file 1_set211.contree
Log-likelihood of consensus tree: -15652.152

Analysis results written to: 
  IQ-TREE report:                1_set211.iqtree
  Maximum-likelihood tree:       1_set211.treefile
  Likelihood distances:          1_set211.mldist

Ultrafast bootstrap approximation results written to:
  Split support values:          1_set211.splits.nex
  Consensus tree:                1_set211.contree
  Screen log file:               1_set211.log

Date and Time: Fri Jul 27 18:07:08 2018
