IQ-TREE multicore version 1.6.7 for Mac OS X 64-bit built Aug 23 2018
Developed by Bui Quang Minh, Nguyen Lam Tung, Olga Chernomor,
Heiko Schmidt, Dominik Schrempf, Michael Woodhams.

Host:    meeps-mac-pro.staff.sydney.edu.au (AVX, 64 GB RAM)
Command: /Users/davidduchene/Desktop/Software/iqtree-1.6.7-MacOSX/bin/iqtree -s ../../../../marsupials/set45.fasta -m TESTMERGE -bb 1000 -q ../../../../marsupials/set45.nex -nt AUTO -pre 2_set45
Seed:    820478 (Using SPRNG - Scalable Parallel Random Number Generator)
Time:    Thu Sep  6 20:15:41 2018
Kernel:  AVX - auto-detect threads (8 CPU cores detected)

Reading partition model file ../../../../marsupials/set45.nex ...
Reading alignment file ../../../../marsupials/set45.fasta ... Fasta format detected
Alignment most likely contains DNA/RNA sequences
Alignment has 35 sequences with 1935 columns, 916 distinct patterns
527 parsimony-informative, 294 singleton sites, 1114 constant sites
                                              Gap/Ambiguity  Composition  p-value
   1  Burramyidae_Burramys_parvus                     0.72%    passed     99.00%
   2  Notoryctidae_Notoryctes_typhlops               11.73%    passed     23.56%
   3  Vombatidae_Lasiorhinus_latifrons                0.26%    passed     99.47%
   4  Potoroidae_Bettongia_penicillata                0.21%    passed     99.70%
   5  Potoroidae_Bettongia_lesueur                    0.41%    passed     99.81%
   6  Dasyuridae_Dasyurus_maculatus                   0.83%    passed     21.91%
   7  Phalangeridae_Trichosurus_vulpecula             0.41%    passed     83.63%
   8  Phalangeridae_Spilocuscus_maculatus             3.62%    passed     99.05%
   9  Potoroidae_Aepyprymnus_rufescens                0.21%    passed     99.81%
  10  Peramelidae_Perameles_nasuta                    5.17%    passed     69.56%
  11  Phalangeridae_Strigocuscus_pelengensis          7.65%    passed     35.11%
  12  Dasyuridae_Phascogale_tapoatafa                 0.62%    passed     93.96%
  13  Dasyuridae_Sminthopsis_macroura                 0.16%    passed     99.08%
  14  Phalangeridae_Phalanger_orientalis              0.26%    passed     79.96%
  15  Acrobatidae_Acrobates_pygmaeus                  1.03%    passed     89.90%
  16  Dasyuridae_Phascogale_calura                    2.12%    passed     95.64%
  17  Dasyuridae_Sarcophilus_harrisii                 0.21%    passed     14.64%
  18  Dasyuridae_Planigale_tenuirostris               8.01%    passed     87.41%
  19  Peramelidae_Echymipera_kalubu                   0.47%    passed     79.38%
  20  Macropodidae_Dorcopsulus_vanheurni              0.62%    passed     99.01%
  21  Pseudochiridae_Pseudochirulus_forbesi           0.05%    passed     77.63%
  22  Didelphidae_Didelphis_virginiana               17.78%    failed      2.89%
  23  Marmosidae_Monodelphis_domestica                4.50%    passed     71.13%
  24  Dasyuridae_Antechinus_stuartii                  2.53%    passed     93.56%
  25  Hypsiprymnodontidae_Hypsiprymnodon_moschatus    0.67%    passed     88.81%
  26  Microbiotheriidae_Dromiciops_gliroides          3.67%    passed     91.76%
  27  Pseudochiridae_Petauroides_volans               0.98%    passed     94.13%
  28  Macropodidae_Wallabia_bicolor                   0.72%    passed     94.65%
  29  Pseudochiridae_Pseudocheirus_occidentalis      13.90%    passed     92.50%
  30  Tarsipedidae_Tarsipes_rostratus                 2.84%    passed     96.77%
  31  Acrobatidae_Distoechurus_pennatus               2.02%    passed     83.14%
  32  Phalangeridae_Phalanger_carmelitae              0.05%    passed     95.46%
  33  Peramelidae_Peroryctes_raffrayana              18.40%    passed     35.26%
  34  Dasyuridae_Dasyurus_geffroii                    4.13%    passed     68.23%
  35  Peramelidae_Perameles_gunnii                    3.10%    passed     88.89%
****  TOTAL                                           3.43%  1 sequences failed composition chi2 test (p-value<5%; df=3)
NOTE: No CharPartition defined, use all CharSets

Loading 15 partitions...
Subset	Type	Seqs	Sites	Infor	Invar	Model	Name
1		35	300	44	220	TESTMERGE	part1.1
2		35	300	32	246	TESTMERGE	part1.2
3		35	300	154	77	TESTMERGE	part1.3
4		34	72	10	52	TESTMERGE	part2.1
5		34	72	6	62	TESTMERGE	part2.2
6		34	72	37	22	TESTMERGE	part2.3
7		35	69	4	59	TESTMERGE	part3.1
8		35	69	8	55	TESTMERGE	part3.2
9		35	69	40	19	TESTMERGE	part3.3
10		35	99	10	81	TESTMERGE	part4.1
11		35	99	4	85	TESTMERGE	part4.2
12		35	99	38	48	TESTMERGE	part4.3
13		33	105	46	33	TESTMERGE	part5.1
14		33	105	46	29	TESTMERGE	part5.2
15		33	105	48	26	TESTMERGE	part5.3
Degree of missing data: 0.012
Info: multi-threading strategy over partitions



Create initial parsimony tree by phylogenetic likelihood library (PLL)... 0.007 seconds
NOTE: ModelFinder requires 9 MB RAM!
NUMBER OF THREADS FOR PARTITION FINDING: 8
Testing GTR+F+G on supermatrix...
GTR+F+G4 / LnL: -12151.210 / df: 76 / AIC: 24454.420 / AICc: 24460.719 / BIC: 24877.577
Selecting individual models for 15 charsets using BIC...
 No. Model        Score       Charset
   1 HKY+F+G4     1966.074    part5.3
   2 HKY+F+G4     1273.965    part2.3
   3 HKY+F+I+G4   2136.845    part1.2
   4 K2P+G4       2569.385    part1.1
   5 TIM3+F+I     1856.352    part5.1
   6 TN+F+G4      1937.903    part5.2
   7 TN+F+G4      1340.365    part4.3
   8 K2P+G4       6243.340    part1.3
   9 TPM2u+F+G4   1587.780    part3.3
  10 TVMe+G4      600.322     part2.1	0h:0m:32s (0h:10m:45s left)
  11 TNe+I+G4     487.906     part2.2	0h:0m:32s (0h:9m:44s left)
  12 TPM2u+F+I+G4 585.415     part4.2	0h:0m:33s (0h:9m:22s left)
  13 K2P+I+G4     418.390     part3.1	0h:0m:33s (0h:8m:37s left)
  14 K2P+I+G4     689.282     part4.1	0h:0m:34s (0h:8m:6s left)
  15 TNe+G4       460.158     part3.2	0h:0m:34s (0h:7m:35s left)
Full partition model BIC score: 24865.265 (LnL: -11914.234  df:137)
Merging models to increase model fit (about 211 total partition schemes)...
  16 TIM3e+G4     24849.508   part1.3+part5.1	0h:0m:44s (0h:9m:4s left)
  17 TIM3e+G4     24888.032   part1.3+part3.3	0h:0m:44s (0h:8m:30s left)
  18 K2P+G4       24870.387   part1.1+part1.3	0h:0m:45s (0h:8m:3s left)
  19 K2P+G4       24846.052   part1.3+part4.3	0h:0m:46s (0h:7m:48s left)
  20 TIM3e+G4     24924.480   part1.2+part1.3	0h:0m:51s (0h:8m:14s left)
  21 K3P+G4       24858.594   part1.3+part5.2	0h:0m:55s (0h:8m:18s left)
  22 K2P+G4       24852.601   part1.3+part2.3	0h:0m:57s (0h:8m:10s left)
  23 K2P+G4       24856.874   part1.3+part5.3	0h:1m:0s (0h:8m:16s left)
  24 K2P+G4       24877.362   part1.1+part5.3	0h:1m:16s (0h:9m:52s left)
  25 HKY+F+G4     24822.085   part5.2+part5.3	0h:1m:17s (0h:9m:36s left)
  26 K2P+G4       24867.713   part1.3+part4.1	0h:1m:18s (0h:9m:20s left)
  27 K2P+G4       24867.639   part1.3+part3.1	0h:1m:20s (0h:9m:5s left)
  28 K2P+G4       24857.990   part1.3+part3.2	0h:1m:20s (0h:8m:48s left)
  29 K3P+G4       24858.616   part1.3+part2.1	0h:1m:23s (0h:8m:44s left)
  30 TNe+G4       24878.495   part1.3+part2.2	0h:1m:25s (0h:8m:35s left)
  31 K2P+G4       24877.302   part1.3+part4.2	0h:1m:28s (0h:8m:35s left)
  32 HKY+F+G4     24874.695   part1.1+part5.2	0h:1m:38s (0h:9m:12s left)
  33 TN+F+G4      24865.716   part1.1+part5.1	0h:1m:46s (0h:9m:36s left)
  34 TIM2+F+G4    24849.665   part4.3+part5.3	0h:1m:47s (0h:9m:21s left)
  35 TN+F+G4      24839.093   part5.1+part5.3	0h:1m:48s (0h:9m:7s left)
  36 K2P+G4       24858.866   part1.1+part4.3	0h:1m:54s (0h:9m:14s left)
  37 TIM+F+G4     24823.741   part5.1+part5.2	0h:1m:54s (0h:8m:57s left)
  38 TN+F+G4      24911.753   part1.2+part5.3	0h:1m:55s (0h:8m:44s left)
  39 HKY+F+I+G4   24864.980   part1.1+part1.2	0h:1m:55s (0h:8m:30s left)
  40 K2P+G4       24893.859   part3.3+part5.3	0h:2m:3s (0h:8m:49s left)
  41 HKY+F+G4     24833.842   part2.3+part5.3	0h:2m:4s (0h:8m:38s left)
  42 TIM+F+G4     24844.626   part4.3+part5.2	0h:2m:5s (0h:8m:23s left)
  43 TN+F+I+G4    24878.434   part1.1+part3.3	0h:2m:13s (0h:8m:40s left)
  44 K2P+G4       24868.281   part1.1+part2.3	0h:2m:14s (0h:8m:29s left)
  45 HKY+F+G4     24900.297   part1.2+part5.2	0h:2m:14s (0h:8m:15s left)
  46 TIM3+F+G4    24844.600   part4.3+part5.1	0h:2m:25s (0h:8m:41s left)
  47 TN+F+G4      24900.469   part3.3+part5.2	0h:2m:25s (0h:8m:29s left)
  48 HKY+F+G4     24901.130   part1.2+part5.1	0h:2m:27s (0h:8m:21s left)
  49 HKY+F+G4     24834.433   part2.3+part5.2	0h:2m:30s (0h:8m:17s left)
  50 TIM3+F+G4    24841.084   part2.3+part5.1	0h:2m:30s (0h:8m:5s left)
  51 HKY+F+G4     24864.717   part3.2+part5.3	0h:2m:32s (0h:7m:57s left)
  52 TIM3e+G4     24875.777   part3.3+part5.1	0h:2m:37s (0h:8m:0s left)
  53 HKY+F+I+G4   24897.207   part1.2+part4.3	0h:2m:37s (0h:7m:49s left)
  54 K2P+G4       24875.720   part3.1+part5.3	0h:2m:42s (0h:7m:51s left)
  55 K2P+I+G4     24850.664   part1.1+part3.2	0h:2m:43s (0h:7m:44s left)
  56 HKY+F+I+G4   24853.748   part1.1+part3.1	0h:2m:47s (0h:7m:42s left)
  57 TNe+G4       24868.607   part3.3+part4.3	0h:2m:51s (0h:7m:43s left)
  58 HKY+F+G4     24861.010   part3.2+part5.2	0h:2m:52s (0h:7m:33s left)
  59 TN+F+G4      24837.015   part2.3+part4.3	0h:2m:53s (0h:7m:26s left)
  60 TPM2u+F+G4   24849.367   part2.1+part5.3	0h:2m:55s (0h:7m:20s left)
  61 TPM2u+F+G4   24882.989   part4.1+part5.3	0h:2m:56s (0h:7m:12s left)
  62 HKY+F+G4     24857.451   part1.1+part2.1	0h:3m:12s (0h:7m:42s left)
  63 HKY+F+I+G4   24849.446   part1.1+part4.1	0h:3m:13s (0h:7m:34s left)
  64 K3P+G4       24874.506   part3.1+part5.2	0h:3m:18s (0h:7m:35s left)
  65 HKY+F+I+G4   24884.156   part1.2+part2.3	0h:3m:18s (0h:7m:26s left)
  66 TPM3u+F+I+G4 24867.441   part1.2+part3.3	0h:3m:19s (0h:7m:17s left)
  67 TIM+F+G4     24874.825   part4.1+part5.2	0h:3m:19s (0h:7m:8s left)
  68 K3Pu+F+G4    24834.402   part2.1+part5.2	0h:3m:19s (0h:7m:0s left)
  69 TIM3+F+I     24861.550   part3.2+part5.1	0h:3m:23s (0h:6m:59s left)
  70 HKY+F+G4     24881.613   part2.2+part5.3	0h:3m:28s (0h:6m:59s left)
  71 TN+F+I       24869.286   part3.1+part5.1	0h:3m:36s (0h:7m:6s left)
  72 TIM3e+G4     24872.773   part2.3+part3.3	0h:3m:36s (0h:6m:58s left)
  73 K2P+I+G4     24854.872   part1.1+part2.2	0h:3m:38s (0h:6m:52s left)
  74 K2P+I+G4     24851.545   part1.1+part4.2	0h:3m:38s (0h:6m:45s left)
  75 TN+F+G4      24866.385   part4.2+part5.3	0h:3m:39s (0h:6m:38s left)
  76 TIM3+F+I     24863.457   part4.1+part5.1	0h:3m:40s (0h:6m:32s left)
  77 TIM3+F+I     24843.676   part2.1+part5.1	0h:3m:42s (0h:6m:26s left)
  78 K3Pu+F+G4    24872.734   part2.2+part5.2	0h:3m:45s (0h:6m:23s left)
  79 TNe+G4       24862.246   part3.1+part4.3	0h:3m:46s (0h:6m:19s left)
  80 TPM2u+F+G4   24862.711   part4.2+part5.2	0h:3m:47s (0h:6m:12s left)
  81 TN+F+G4      24857.592   part3.2+part4.3	0h:3m:47s (0h:6m:5s left)
  82 TIM3+F+I     24882.528   part2.2+part5.1	0h:3m:49s (0h:6m:1s left)
  83 HKY+F+I+G4   24858.900   part1.2+part3.2	0h:3m:49s (0h:5m:54s left)
  84 TPM3+F+I     24874.834   part4.2+part5.1	0h:3m:49s (0h:5m:47s left)
  85 SYM+G4       24853.653   part2.1+part4.3	0h:3m:52s (0h:5m:44s left)
  86 TIM2e+G4     24857.652   part4.1+part4.3	0h:3m:54s (0h:5m:40s left)
  87 TNe+G4       24859.415   part2.3+part3.2	0h:3m:55s (0h:5m:36s left)
  88 HKY+F+I+G4   24854.759   part1.2+part3.1	0h:3m:56s (0h:5m:30s left)
  89 HKY+F+I+G4   24853.392   part1.2+part4.1	0h:3m:56s (0h:5m:24s left)
  90 TIM3e+G4     24872.366   part3.2+part3.3	0h:3m:56s (0h:5m:18s left)
  91 TNe+G4       24869.390   part2.3+part3.1	0h:3m:58s (0h:5m:14s left)
  92 HKY+F+I+G4   24850.263   part1.2+part2.1	0h:3m:58s (0h:5m:8s left)
  93 TN+F+G4      24870.488   part3.1+part3.3	0h:3m:59s (0h:5m:3s left)
  94 K2P+G4       24869.328   part2.2+part4.3	0h:3m:59s (0h:4m:58s left)
  95 HKY+F+G4     24847.378   part2.1+part2.3	0h:4m:1s (0h:4m:54s left)
  96 TN+F+G4      24864.870   part4.2+part4.3	0h:4m:3s (0h:4m:51s left)
  97 TIM2e+G4     24865.673   part2.3+part4.1	0h:4m:5s (0h:4m:47s left)
  98 TIM3e+G4     24870.158   part2.1+part3.3	0h:4m:5s (0h:4m:42s left)
  99 TIM3e+G4     24868.991   part3.3+part4.1	0h:4m:7s (0h:4m:39s left)
 100 HKY+F+G4     24879.374   part2.2+part2.3	0h:4m:7s (0h:4m:34s left)
 101 HKY+F+I+G4   24853.442   part1.2+part2.2	0h:4m:8s (0h:4m:30s left)
 102 HKY+F+I+G4   24835.134   part1.2+part4.2	0h:4m:10s (0h:4m:27s left)
 103 TIM3e+G4     24890.300   part2.2+part3.3	0h:4m:11s (0h:4m:24s left)
 104 TIM3e+I+G4   24887.738   part3.3+part4.2	0h:4m:12s (0h:4m:19s left)
 105 HKY+F+G4     24855.517   part2.3+part4.2	0h:4m:13s (0h:4m:16s left)
 106 K3P+G4       24853.922   part2.1+part3.1	0h:4m:19s (0h:4m:16s left)
 107 TNe+G4       24846.130   part3.1+part3.2	0h:4m:20s (0h:4m:13s left)
 108 TPM2u+F+I+G4 24851.657   part3.1+part4.1	0h:4m:20s (0h:4m:8s left)
 109 TNe+I+G4     24848.697   part2.2+part3.2	0h:4m:23s (0h:4m:6s left)
 110 TVMe+G4      24856.564   part2.1+part3.2	0h:4m:24s (0h:4m:2s left)
 111 K2P+I+G4     24844.874   part3.2+part4.2	0h:4m:25s (0h:3m:59s left)
 112 TNe+G4       24845.809   part3.2+part4.1	0h:4m:27s (0h:3m:56s left)
 113 TVMe+I+G4    24843.337   part2.1+part4.1	0h:4m:29s (0h:3m:53s left)
 114 TNe+I+G4     24841.979   part2.2+part3.1	0h:4m:30s (0h:3m:50s left)
 115 TIM2e+G4     24850.833   part2.1+part2.2	0h:4m:30s (0h:3m:45s left)
 116 K2P+I+G4     24840.033   part4.1+part4.2	0h:4m:31s (0h:3m:42s left)
 117 TIM2e+I+G4   24847.718   part2.2+part4.1	0h:4m:31s (0h:3m:38s left)
 118 K2P+I+G4     24837.796   part3.1+part4.2	0h:4m:32s (0h:3m:34s left)
 119 K3Pu+F+I+G4  24845.141   part2.1+part4.2	0h:4m:32s (0h:3m:30s left)
 120 HKY+F+I+G4   24842.978   part2.2+part4.2	0h:4m:32s (0h:3m:26s left)
Merging part5.2+part5.3 with BIC score: 24822.085 (LnL: -11915.348  df: 131)
 121 TN+F+G4      24889.867   part3.3+part5.2+part5.3	0h:4m:38s (0h:3m:27s left)
 122 HKY+F+G4     24826.178   part3.2+part5.2+part5.3	0h:4m:41s (0h:3m:25s left)
 123 HKY+F+G4     24864.994   part1.1+part5.2+part5.3	0h:4m:42s (0h:3m:21s left)
 124 TIM+F+G4     24812.760   part4.3+part5.2+part5.3	0h:4m:43s (0h:3m:19s left)
 125 TN+F+G4      24902.820   part1.2+part5.2+part5.3	0h:4m:43s (0h:3m:15s left)
 126 TIM+F+G4     24793.857   part5.1+part5.2+part5.3	0h:4m:44s (0h:3m:11s left)
 127 HKY+F+G4     24795.281   part2.3+part5.2+part5.3	0h:4m:44s (0h:3m:8s left)
 128 HKY+F+G4     24855.910   part3.1+part5.2+part5.3	0h:4m:47s (0h:3m:6s left)
 129 K3P+G4       24848.334   part1.3+part5.2+part5.3	0h:4m:48s (0h:3m:3s left)
 130 TN+F+G4      24851.822   part4.1+part5.2+part5.3	0h:4m:49s (0h:3m:0s left)
 131 K3Pu+F+G4    24800.729   part2.1+part5.2+part5.3	0h:4m:49s (0h:2m:56s left)
 132 K3Pu+F+G4    24842.753   part2.2+part5.2+part5.3	0h:4m:50s (0h:2m:54s left)
 133 K3Pu+F+G4    24830.844   part4.2+part5.2+part5.3	0h:4m:52s (0h:2m:51s left)
Merging part1.2+part4.2 with BIC score: 24791.955 (LnL: -11926.770  df: 124)
 134 HKY+F+I+G4   24815.991   part1.2+part2.3+part4.2	0h:4m:59s (0h:2m:52s left)
 135 HKY+F+I+G4   24810.436   part1.2+part3.3+part4.2	0h:5m:0s (0h:2m:49s left)
 136 HKY+F+I+G4   24784.574   part1.2+part3.1+part4.2	0h:5m:0s (0h:2m:45s left)
 137 HKY+F+I+G4   24803.316   part1.1+part1.2+part4.2	0h:5m:2s (0h:2m:43s left)
 138 HKY+F+I+G4   24785.001   part1.2+part3.2+part4.2	0h:5m:2s (0h:2m:40s left)
 139 HKY+F+G4     24846.868   part1.2+part4.2+part5.1	0h:5m:5s (0h:2m:38s left)
 140 TN+F+G4      24888.847   part1.2+part4.2+part5.2+part5.3	0h:5m:7s (0h:2m:36s left)
 141 TIM2+F+I+G4  24878.842   part1.2+part1.3+part4.2	0h:5m:8s (0h:2m:33s left)
 142 HKY+F+I+G4   24782.527   part1.2+part4.1+part4.2	0h:5m:10s (0h:2m:30s left)
 143 HKY+F+I+G4   24776.323   part1.2+part2.1+part4.2	0h:5m:10s (0h:2m:27s left)
 144 HKY+F+I+G4   24826.946   part1.2+part4.2+part4.3	0h:5m:10s (0h:2m:24s left)
 145 HKY+F+I+G4   24776.574   part1.2+part2.2+part4.2	0h:5m:10s (0h:2m:21s left)
Merging part2.3+part4.3 with BIC score: 24763.706 (LnL: -11931.565  df: 119)
 146 TIM2e+G4     24769.422   part2.3+part3.1+part4.3	0h:5m:16s (0h:2m:20s left)
 147 TNe+G4       24774.544   part2.3+part3.3+part4.3	0h:5m:17s (0h:2m:18s left)
 148 TNe+G4       24780.029   part1.1+part2.3+part4.3	0h:5m:17s (0h:2m:15s left)
 149 TIM2e+G4     24763.851   part2.3+part4.1+part4.3	0h:5m:17s (0h:2m:12s left)
 150 TN+F+G4      24759.492   part2.3+part3.2+part4.3	0h:5m:17s (0h:2m:9s left)
 151 HKY+F+I+G4   24826.760   part1.2+part2.3+part4.2+part4.3	0h:5m:19s (0h:2m:7s left)
 152 TIM+F+G4     24752.356   part2.3+part4.3+part5.2+part5.3	0h:5m:21s (0h:2m:4s left)
 153 K3P+G4       24760.986   part1.3+part2.3+part4.3	0h:5m:21s (0h:2m:1s left)
 154 TIM+F+G4     24754.567   part2.1+part2.3+part4.3	0h:5m:22s (0h:1m:59s left)
 155 TN+F+G4      24787.037   part2.2+part2.3+part4.3	0h:5m:22s (0h:1m:56s left)
 156 TIM3+F+G4    24741.801   part2.3+part4.3+part5.1	0h:5m:24s (0h:1m:54s left)
Merging part5.1+part5.2+part5.3 with BIC score: 24735.477 (LnL: -11936.370  df: 114)
 157 TN+F+G4      24796.670   part3.3+part5.1+part5.2+part5.3	0h:5m:32s (0h:1m:54s left)
 158 TIM+F+G4     24763.741   part3.1+part5.1+part5.2+part5.3	0h:5m:33s (0h:1m:51s left)
 159 TIM+F+G4     24779.106   part1.1+part5.1+part5.2+part5.3	0h:5m:34s (0h:1m:49s left)
 160 TIM+F+G4     24755.154   part4.1+part5.1+part5.2+part5.3	0h:5m:35s (0h:1m:46s left)
 161 TIM+F+G4     24738.227   part3.2+part5.1+part5.2+part5.3	0h:5m:38s (0h:1m:45s left)
 162 K3Pu+F+G4    24766.024   part1.3+part5.1+part5.2+part5.3	0h:5m:38s (0h:1m:42s left)
 163 TIM+F+G4     24718.224   part2.3+part4.3+part5.1+part5.2+part5.3	0h:5m:41s (0h:1m:40s left)
 164 HKY+F+G4     24852.529   part1.2+part4.2+part5.1+part5.2+part5.3	0h:5m:42s (0h:1m:38s left)
 165 TIM+F+G4     24714.233   part2.1+part5.1+part5.2+part5.3	0h:5m:45s (0h:1m:36s left)
 166 K3Pu+F+G4    24756.374   part2.2+part5.1+part5.2+part5.3	0h:5m:45s (0h:1m:33s left)
Merging part2.2+part3.1 with BIC score: 24712.191 (LnL: -11936.079  df: 111)
 167 TIM3e+I+G4   24748.518   part2.2+part3.1+part3.3	0h:5m:52s (0h:1m:32s left)
 168 TIM2e+G4     24755.245   part2.2+part2.3+part3.1+part4.3	0h:5m:52s (0h:1m:30s left)
 169 HKY+F+I+G4   24710.814   part1.1+part2.2+part3.1	0h:5m:53s (0h:1m:27s left)
 170 TIM2e+I+G4   24696.611   part2.2+part3.1+part4.1	0h:5m:55s (0h:1m:25s left)
 171 HKY+F+I+G4   24710.328   part1.2+part2.2+part3.1+part4.2	0h:5m:55s (0h:1m:23s left)
 172 TNe+I+G4     24696.263   part2.2+part3.1+part3.2	0h:5m:55s (0h:1m:20s left)
 173 TIM+F+G4     24777.555   part2.2+part3.1+part5.1+part5.2+part5.3	0h:5m:56s (0h:1m:18s left)
 174 K3P+G4       24747.020   part1.3+part2.2+part3.1	0h:5m:57s (0h:1m:16s left)
 175 TVMe+I+G4    24709.394   part2.1+part2.2+part3.1	0h:5m:58s (0h:1m:13s left)
Merging part2.1+part4.1 with BIC score: 24690.264 (LnL: -11932.683  df: 109)
 176 TIM3e+G4     24699.201   part2.1+part3.3+part4.1	0h:6m:4s (0h:1m:12s left)
 177 TPM2u+F+I+G4 24683.444   part1.1+part2.1+part4.1	0h:6m:5s (0h:1m:10s left)
 178 TIM2e+G4     24695.764   part2.1+part2.3+part4.1+part4.3	0h:6m:6s (0h:1m:7s left)
 179 TVMe+I+G4    24677.273   part2.1+part2.2+part3.1+part4.1	0h:6m:7s (0h:1m:5s left)
 180 TPM3u+F+I+G4 24687.237   part1.2+part2.1+part4.1+part4.2	0h:6m:7s (0h:1m:3s left)
 181 TVMe+G4      24708.424   part1.3+part2.1+part4.1	0h:6m:10s (0h:1m:1s left)
 182 TIM+F+G4     24707.720   part2.1+part4.1+part5.1+part5.2+part5.3	0h:6m:10s (0h:0m:59s left)
 183 TVMe+I+G4    24677.080   part2.1+part3.2+part4.1	0h:6m:11s (0h:0m:56s left)
Merging part2.3+part4.3+part5.1+part5.2+part5.3 with BIC score: 24673.010 (LnL: -11946.760  df: 103)
 184 TIM+F+G4     24737.071   part2.3+part3.3+part4.3+part5.1+part5.2+part5.3	0h:6m:22s (0h:0m:56s left)
 185 K3Pu+F+G4    24700.995   part1.3+part2.3+part4.3+part5.1+part5.2+part5.3	0h:6m:23s (0h:0m:53s left)
 186 TIM+F+G4     24726.551   part1.1+part2.3+part4.3+part5.1+part5.2+part5.3	0h:6m:24s (0h:0m:51s left)
 187 TIM+F+G4     24742.796   part2.2+part2.3+part3.1+part4.3+part5.1+part5.2+part5.3	0h:6m:24s (0h:0m:49s left)
 188 TIM+F+G4     24673.447   part2.3+part3.2+part4.3+part5.1+part5.2+part5.3	0h:6m:24s (0h:0m:47s left)
 189 TIM+F+G4     24694.495   part2.1+part2.3+part4.1+part4.3+part5.1+part5.2+part5.3	0h:6m:24s (0h:0m:44s left)
 190 HKY+F+I+G4   24806.413   part1.2+part2.3+part4.2+part4.3+part5.1+part5.2+part5.3	0h:6m:25s (0h:0m:42s left)
Merging part2.2+part3.1+part3.2 with BIC score: 24657.082 (LnL: -11950.148  df: 100)
 191 TIM3e+I+G4   24690.711   part2.2+part3.1+part3.2+part3.3	0h:6m:30s (0h:0m:40s left)
 192 HKY+F+I+G4   24651.916   part1.1+part2.2+part3.1+part3.2	0h:6m:31s (0h:0m:38s left)
 193 TPM2u+F+I+G4 24645.363   part2.1+part2.2+part3.1+part3.2+part4.1	0h:6m:32s (0h:0m:36s left)
 194 K2P+I+G4     24653.775   part1.2+part2.2+part3.1+part3.2+part4.2	0h:6m:32s (0h:0m:34s left)
 195 K2P+G4       24695.297   part1.3+part2.2+part3.1+part3.2	0h:6m:34s (0h:0m:32s left)
 196 TIM+F+G4     24735.180   part2.2+part2.3+part3.1+part3.2+part4.3+part5.1+part5.2+part5.3	0h:6m:36s (0h:0m:30s left)
Merging part2.1+part2.2+part3.1+part3.2+part4.1 with BIC score: 24645.363 (LnL: -11955.640  df: 97)
 197 TIM3e+I+G4   24674.310   part2.1+part2.2+part3.1+part3.2+part3.3+part4.1	0h:6m:42s (0h:0m:28s left)
 198 TPM2u+F+I+G4 24631.233   part1.1+part2.1+part2.2+part3.1+part3.2+part4.1	0h:6m:43s (0h:0m:26s left)
 199 HKY+F+I+G4   24646.435   part1.2+part2.1+part2.2+part3.1+part3.2+part4.1+part4.2	0h:6m:45s (0h:0m:24s left)
 200 K3P+I+G4     24700.495   part1.3+part2.1+part2.2+part3.1+part3.2+part4.1	0h:6m:46s (0h:0m:22s left)
 201 TIM+F+G4     24736.113   part2.1+part2.2+part2.3+part3.1+part3.2+part4.1+part4.3+part5.1+part5.2+part5.3	0h:6m:47s (0h:0m:20s left)
Merging part1.1+part2.1+part2.2+part3.1+part3.2+part4.1 with BIC score: 24631.233 (LnL: -11956.143  df: 95)
 202 TN+F+I+G4    24659.692   part1.1+part2.1+part2.2+part3.1+part3.2+part3.3+part4.1	0h:6m:53s (0h:0m:18s left)
 203 HKY+F+I+G4   24638.196   part1.1+part1.2+part2.1+part2.2+part3.1+part3.2+part4.1+part4.2	0h:6m:55s (0h:0m:16s left)
 204 K3P+I+G4     24685.688   part1.1+part1.3+part2.1+part2.2+part3.1+part3.2+part4.1	0h:6m:56s (0h:0m:14s left)
 205 TIM+F+G4     24743.086   part1.1+part2.1+part2.2+part2.3+part3.1+part3.2+part4.1+part4.3+part5.1+part5.2+part5.3	0h:6m:57s (0h:0m:12s left)
BEST-FIT PARTITION MODEL: 
  charpartition BIC = TPM2u+F+I+G4: part1.1 part2.1 part2.2 part3.1 part3.2 part4.1, HKY+F+I+G4: part1.2 part4.2, K2P+G4: part1.3, TIM+F+G4: part2.3 part4.3 part5.1 part5.2 part5.3, TPM2u+F+G4: part3.3;
Agglomerative model selection: ((part1.1,((part2.1,part4.1)6:24690.3,((part2.2,part3.1)5:24712.2,part3.2)8:24657.1)9:24645.4)10:24631.2,(part1.2,part4.2)2:24792,part1.3,((part2.3,part4.3)3:24763.7,(part5.1,(part5.2,part5.3)1:24822.1)4:24735.5)7:24673,part3.3)
Merging into 5 partitions...
Partition information was printed to 2_set45.best_scheme.nex
Partition information in Raxml format was printed to 2_set45.best_scheme

All model information printed to 2_set45.model.gz
CPU time for ModelFinder: 343.087 seconds (0h:5m:43s)
Wall-clock time for ModelFinder: 429.129 seconds (0h:7m:9s)
Generating 1000 samples for ultrafast bootstrap (seed: 820478)...

NOTE: 8 MB RAM (0 GB) is required!
Measuring multi-threading efficiency up to 8 CPU cores
Increase to 10 rounds for branch lengths
22 trees examined
Threads: 1 / Time: 8.291 sec / Speedup: 1.000 / Efficiency: 100% / LogL: -17239
Threads: 2 / Time: 25.698 sec / Speedup: 0.323 / Efficiency: 16% / LogL: -17239
BEST NUMBER OF THREADS: 1

Estimate model parameters (epsilon = 0.100)
Initial log-likelihood: -12573.230
Current log-likelihood at step 1: -12188.211
Current log-likelihood at step 2: -12069.923
Current log-likelihood at step 3: -12055.493
Current log-likelihood at step 4: -12044.970
Current log-likelihood at step 5: -12033.509
Current log-likelihood at step 6: -12017.138
Current log-likelihood at step 7: -12007.723
Current log-likelihood at step 8: -11997.056
Current log-likelihood at step 9: -11984.793
Current log-likelihood at step 10: -11970.464
Current log-likelihood at step 11: -11953.449
Current log-likelihood at step 12: -11933.153
Current log-likelihood at step 13: -11897.274
Current log-likelihood at step 14: -11897.266
Parameters optimization took 13 rounds (2.866 sec)

Computing ML distances based on estimated model parameters... 0.062 sec
Computing BIONJ tree...
0.011 seconds
Log-likelihood of BIONJ tree: -11902.061
--------------------------------------------------------------------
|             INITIALIZING CANDIDATE TREE SET                      |
--------------------------------------------------------------------
Generating 98 parsimony trees... 3.213 second
Computing log-likelihood of 98 initial trees ... 10.011 seconds
Current best score: -11897.266

Do NNI search on 20 best initial trees
Estimate model parameters (epsilon = 0.100)
Initial log-likelihood: -11894.199
Current log-likelihood at step 1: -11894.111
Parameters optimization took 0 rounds (0.121 sec)

BETTER TREE FOUND at iteration 1: -11894.111
Iteration 10 / LogL: -11894.384 / Time: 0h:0m:57s
Iteration 20 / LogL: -11894.384 / Time: 0h:1m:7s
Finish initializing candidate tree set (8)
Current best tree score: -11894.111 / CPU time: 30.446
Number of iterations: 20
--------------------------------------------------------------------
|               OPTIMIZING CANDIDATE TREE SET                      |
--------------------------------------------------------------------
Iteration 30 / LogL: -11894.384 / Time: 0h:1m:17s (0h:3m:10s left)
Iteration 40 / LogL: -11894.124 / Time: 0h:1m:27s (0h:2m:17s left)
Iteration 50 / LogL: -11894.115 / Time: 0h:1m:41s (0h:1m:45s left)
Log-likelihood cutoff on original alignment: -11935.178
Iteration 60 / LogL: -11894.123 / Time: 0h:1m:52s (0h:1m:17s left)
Iteration 70 / LogL: -11894.168 / Time: 0h:2m:1s (0h:0m:54s left)
Iteration 80 / LogL: -11894.375 / Time: 0h:2m:10s (0h:0m:34s left)
Iteration 90 / LogL: -11894.123 / Time: 0h:2m:21s (0h:0m:17s left)
Iteration 100 / LogL: -11894.373 / Time: 0h:2m:31s (0h:0m:1s left)
Log-likelihood cutoff on original alignment: -11935.542
NOTE: Bootstrap correlation coefficient of split occurrence frequencies: 1.000
TREE SEARCH COMPLETED AFTER 102 ITERATIONS / Time: 0h:2m:33s

--------------------------------------------------------------------
|                    FINALIZING TREE SEARCH                        |
--------------------------------------------------------------------
Performs final model parameters optimization
Estimate model parameters (epsilon = 0.010)
Initial log-likelihood: -11894.111
Current log-likelihood at step 1: -11894.110
Parameters optimization took 0 rounds (0.115 sec)

BEST SCORE FOUND : -11894.110
Creating bootstrap support values...
Split supports printed to NEXUS file 2_set45.splits.nex
Total tree length: 1.727

Total number of iterations: 102
CPU time used for tree search: 50.000 sec (0h:0m:50s)
Wall-clock time used for tree search: 116.464 sec (0h:1m:56s)
Total CPU time used: 61.347 sec (0h:1m:1s)
Total wall-clock time used: 154.332 sec (0h:2m:34s)

Computing bootstrap consensus tree...
Reading input file 2_set45.splits.nex...
35 taxa and 143 splits.
Consensus tree written to 2_set45.contree
Reading input trees file 2_set45.contree
Log-likelihood of consensus tree: -11895.397

Analysis results written to: 
  IQ-TREE report:                2_set45.iqtree
  Maximum-likelihood tree:       2_set45.treefile
  Likelihood distances:          2_set45.mldist
  Best partitioning scheme:      2_set45.best_scheme.nex
           in RAxML format:      2_set45.best_scheme

Ultrafast bootstrap approximation results written to:
  Split support values:          2_set45.splits.nex
  Consensus tree:                2_set45.contree
  Screen log file:               2_set45.log

Date and Time: Thu Sep  6 20:25:25 2018
