IQ-TREE multicore version 1.6.3 for Mac OS X 64-bit built Mar 22 2018
Developed by Bui Quang Minh, Nguyen Lam Tung, Olga Chernomor,
Heiko Schmidt, Dominik Schrempf, Michael Woodhams.

Host:    meeps-mac-pro.staff.sydney.edu.au (AVX, 64 GB RAM)
Command: /Users/davidduchene/Desktop/Software/iqtree-1.6.3-MacOSX/bin/iqtree -s ../../../../marsupials/set184.fasta -m TEST -bb 1000 -nt AUTO -pre 1_set184
Seed:    46717 (Using SPRNG - Scalable Parallel Random Number Generator)
Time:    Fri Jul 27 17:32:34 2018
Kernel:  AVX - auto-detect threads (8 CPU cores detected)

Reading alignment file ../../../../marsupials/set184.fasta ... Fasta format detected
Alignment most likely contains DNA/RNA sequences
WARNING: 2 sites contain only gaps or ambiguous characters.
Alignment has 35 sequences with 2742 columns, 1067 distinct patterns
750 parsimony-informative, 327 singleton sites, 1665 constant sites
                                              Gap/Ambiguity  Composition  p-value
   1  Burramyidae_Burramys_parvus                     0.80%    passed     99.72%
   2  Notoryctidae_Notoryctes_typhlops                8.21%    passed     31.01%
   3  Vombatidae_Lasiorhinus_latifrons                0.55%    passed     90.75%
   4  Potoroidae_Bettongia_penicillata                0.18%    passed     98.56%
   5  Potoroidae_Bettongia_lesueur                    0.26%    passed     97.49%
   6  Dasyuridae_Dasyurus_maculatus                   0.33%    passed     89.51%
   7  Phalangeridae_Trichosurus_vulpecula            28.23%    passed     50.24%
   8  Phalangeridae_Spilocuscus_maculatus            30.71%    passed     85.56%
   9  Potoroidae_Aepyprymnus_rufescens                0.44%    passed     97.63%
  10  Peramelidae_Perameles_nasuta                    0.11%    passed     44.70%
  11  Phalangeridae_Strigocuscus_pelengensis         30.16%    passed     52.82%
  12  Dasyuridae_Phascogale_tapoatafa                 0.33%    passed     90.87%
  13  Dasyuridae_Sminthopsis_macroura                26.99%    passed     19.73%
  14  Phalangeridae_Phalanger_orientalis             35.59%    passed     87.02%
  15  Acrobatidae_Acrobates_pygmaeus                  0.33%    passed     97.84%
  16  Dasyuridae_Phascogale_calura                    0.29%    passed     93.19%
  17  Dasyuridae_Sarcophilus_harrisii                 0.33%    passed     88.06%
  18  Dasyuridae_Planigale_tenuirostris               5.76%    passed     89.21%
  19  Peramelidae_Echymipera_kalubu                   0.07%    passed     66.92%
  20  Macropodidae_Dorcopsulus_vanheurni              0.44%    passed     98.82%
  21  Pseudochiridae_Pseudochirulus_forbesi           0.11%    passed     58.38%
  22  Didelphidae_Didelphis_virginiana                1.90%    passed     70.13%
  23  Marmosidae_Monodelphis_domestica                0.11%    passed     89.41%
  24  Dasyuridae_Antechinus_stuartii                  1.50%    passed     83.54%
  25  Hypsiprymnodontidae_Hypsiprymnodon_moschatus    0.11%    passed     95.28%
  26  Microbiotheriidae_Dromiciops_gliroides          2.41%    passed     65.32%
  27  Pseudochiridae_Petauroides_volans               0.98%    passed     99.73%
  28  Macropodidae_Wallabia_bicolor                   0.62%    passed     96.76%
  29  Pseudochiridae_Pseudocheirus_occidentalis       0.40%    passed     92.48%
  30  Tarsipedidae_Tarsipes_rostratus                 0.69%    passed     43.85%
  31  Acrobatidae_Distoechurus_pennatus               1.02%    passed     83.69%
  32  Phalangeridae_Phalanger_carmelitae             28.23%    passed     47.21%
  33  Peramelidae_Peroryctes_raffrayana               1.35%    passed     68.73%
  34  Dasyuridae_Dasyurus_geffroii                    0.29%    passed     82.52%
  35  Peramelidae_Perameles_gunnii                    0.36%    passed     49.62%
****  TOTAL                                           6.01%  0 sequences failed composition chi2 test (p-value<5%; df=3)


Create initial parsimony tree by phylogenetic likelihood library (PLL)... 0.005 seconds
NOTE: ModelFinder requires 8 MB RAM!
ModelFinder will test 88 DNA models (sample size: 2742) ...
 No. Model         -LnL         df  AIC          AICc         BIC
Measuring multi-threading efficiency up to 8 CPU cores
Increase to 10 rounds for branch lengths
276 trees examined
Threads: 1 / Time: 8.007 sec / Speedup: 1.000 / Efficiency: 100% / LogL: -27564
Threads: 2 / Time: 6.408 sec / Speedup: 1.250 / Efficiency: 62% / LogL: -27564
Threads: 3 / Time: 5.368 sec / Speedup: 1.492 / Efficiency: 50% / LogL: -27564
BEST NUMBER OF THREADS: 2

  1  JC            17000.117    67  34134.235    34137.643    34530.637
  2  JC+I          16495.856    68  33127.711    33131.222    33530.029
  3  JC+G4         16428.658    68  32993.315    32996.826    33395.633
  4  JC+I+G4       16420.443    69  32978.887    32982.502    33387.122
  5  F81+F         16996.701    70  34133.402    34137.124    34547.553
  6  F81+F+I       16492.977    71  33127.953    33131.783    33548.021
  7  F81+F+G4      16425.465    71  32992.931    32996.760    33412.998
  8  F81+F+I+G4    16417.271    72  32978.541    32982.480    33404.525
  9  K2P           16312.409    68  32760.818    32764.328    33163.136
 10  K2P+I         15789.179    69  31716.358    31719.973    32124.593
 11  K2P+G4        15715.859    69  31569.718    31573.333    31977.953
 12  K2P+I+G4      15706.295    70  31552.591    31556.312    31966.742
 13  HKY+F         16308.793    71  32759.586    32763.416    33179.654
 14  HKY+F+I       15786.802    72  31717.603    31721.542    32143.587
 15  HKY+F+G4      15712.839    72  31569.679    31573.617    31995.663
 16  HKY+F+I+G4    15703.333    73  31552.666    31556.716    31984.566
 17  TNe           16311.196    69  32760.393    32764.008    33168.627
 18  TNe+I         15787.472    70  31714.945    31718.666    32129.096
 19  TNe+G4        15714.601    70  31569.202    31572.924    31983.353
 20  TNe+I+G4      15705.051    71  31552.103    31555.932    31972.170
 21  TN+F          16307.783    72  32759.567    32763.505    33185.550
 22  TN+F+I        15785.326    73  31716.652    31720.701    32148.552
 23  TN+F+G4       15711.786    73  31569.573    31573.622    32001.473
 24  TN+F+I+G4     15702.288    74  31552.576    31556.738    31990.393
 25  K3P           16312.029    69  32762.058    32765.673    33170.292
 26  K3P+I         15788.856    70  31717.712    31721.434    32131.863
 27  K3P+G4        15715.537    70  31571.074    31574.796    31985.225
 28  K3P+I+G4      15705.937    71  31553.875    31557.704    31973.942
 29  K3Pu+F        16308.419    72  32760.838    32764.776    33186.822
 30  K3Pu+F+I      15786.503    73  31719.006    31723.055    32150.906
 31  K3Pu+F+G4     15712.533    73  31571.066    31575.115    32002.966
 32  K3Pu+F+I+G4   15702.993    74  31553.987    31558.149    31991.804
 33  TPM2+F        16308.049    72  32760.099    32764.037    33186.082
 34  TPM2+F+I      15784.916    73  31715.833    31719.882    32147.733
 35  TPM2+F+G4     15711.489    73  31568.979    31573.028    32000.879
 36  TPM2+F+I+G4   15701.898    74  31551.796    31555.958    31989.612
 37  TPM2u+F       16308.049    72  32760.099    32764.037    33186.083
 38  TPM2u+F+I     15784.916    73  31715.833    31719.882    32147.733
 39  TPM2u+F+G4    15711.489    73  31568.979    31573.028    32000.879
 40  TPM2u+F+I+G4  15701.893    74  31551.787    31555.949    31989.604
 41  TPM3+F        16308.787    72  32761.574    32765.512    33187.557
 42  TPM3+F+I      15786.757    73  31719.515    31723.564    32151.415
 43  TPM3+F+G4     15712.839    73  31571.677    31575.726    32003.577
 44  TPM3+F+I+G4   15703.303    74  31554.605    31558.767    31992.422
 45  TPM3u+F       16308.787    72  32761.573    32765.512    33187.557
 46  TPM3u+F+I     15786.757    73  31719.515    31723.564    32151.415
 47  TPM3u+F+G4    15712.839    73  31571.677    31575.727    32003.578
 48  TPM3u+F+I+G4  15703.300    74  31554.599    31558.761    31992.416
 49  TIMe          16310.818    70  32761.636    32765.358    33175.787
 50  TIMe+I        15787.149    71  31716.298    31720.127    32136.366
 51  TIMe+G4       15714.277    71  31570.554    31574.383    31990.621
 52  TIMe+I+G4     15704.675    72  31553.351    31557.289    31979.335
 53  TIM+F         16307.409    73  32760.818    32764.867    33192.718
 54  TIM+F+I       15785.027    74  31718.053    31722.215    32155.870
 55  TIM+F+G4      15711.478    74  31570.957    31575.119    32008.774
 56  TIM+F+I+G4    15701.935    75  31553.869    31558.145    31997.603
 57  TIM2e         16310.237    70  32760.474    32764.196    33174.625
 58  TIM2e+I       15785.164    71  31712.328    31716.158    32132.396
 59  TIM2e+G4      15712.871    71  31567.742    31571.571    31987.809
 60  TIM2e+I+G4    15703.188    72  31550.376    31554.314    31976.360
 61  TIM2+F        16307.041    73  32760.081    32764.131    33191.982
 62  TIM2+F+I      15783.436    74  31714.872    31719.033    32152.688
 63  TIM2+F+G4     15710.466    74  31568.933    31573.095    32006.749
 64  TIM2+F+I+G4   15700.856    75  31551.712    31555.988    31995.446
 65  TIM3e         16311.182    70  32762.363    32766.085    33176.514
 66  TIM3e+I       15787.270    71  31716.540    31720.369    32136.607
 67  TIM3e+G4      15714.538    71  31571.075    31574.904    31991.143
 68  TIM3e+I+G4    15704.922    72  31553.844    31557.782    31979.827
 69  TIM3+F        16307.779    73  32761.558    32765.608    33193.459
 70  TIM3+F+I      15785.279    74  31718.557    31722.719    32156.374
 71  TIM3+F+G4     15711.788    74  31571.577    31575.739    32009.393
 72  TIM3+F+I+G4   15702.247    75  31554.494    31558.770    31998.227
 73  TVMe          16311.029    71  32764.057    32767.886    33184.125
 74  TVMe+I        15786.318    72  31716.636    31720.574    32142.620
 75  TVMe+G4       15713.696    72  31571.392    31575.331    31997.376
 76  TVMe+I+G4     15703.946    73  31553.893    31557.942    31985.793
 77  TVM+F         16307.653    74  32763.307    32767.469    33201.124
 78  TVM+F+I       15784.541    75  31719.081    31723.357    32162.814
 79  TVM+F+G4      15711.164    75  31572.327    31576.603    32016.060
 80  TVM+F+I+G4    15701.513    76  31555.026    31559.418    32004.676
 81  SYM           16309.815    72  32763.630    32767.568    33189.614
 82  SYM+I         15784.607    73  31715.214    31719.263    32147.114
 83  SYM+G4        15712.471    73  31570.942    31574.992    32002.843
 84  SYM+I+G4      15702.742    74  31553.484    31557.646    31991.300
 85  GTR+F         16306.642    75  32763.285    32767.561    33207.018
 86  GTR+F+I       15783.066    76  31718.132    31722.524    32167.782
 87  GTR+F+G4      15710.139    76  31572.278    31576.670    32021.928
 88  GTR+F+I+G4    15700.500    77  31555.000    31559.509    32010.566
Akaike Information Criterion:           TIM2e+I+G4
Corrected Akaike Information Criterion: TIM2e+I+G4
Bayesian Information Criterion:         K2P+I+G4
Best-fit model: K2P+I+G4 chosen according to BIC

All model information printed to 1_set184.model.gz
CPU time for ModelFinder: 40.761 seconds (0h:0m:40s)
Wall-clock time for ModelFinder: 23.884 seconds (0h:0m:23s)
Generating 1000 samples for ultrafast bootstrap (seed: 46717)...

NOTE: 8 MB RAM (0 GB) is required!
Measuring multi-threading efficiency up to 8 CPU cores
Increase to 10 rounds for branch lengths
75 trees examined
Threads: 1 / Time: 8.082 sec / Speedup: 1.000 / Efficiency: 100% / LogL: -24113
Threads: 2 / Time: 5.072 sec / Speedup: 1.593 / Efficiency: 80% / LogL: -24113
Threads: 3 / Time: 5.022 sec / Speedup: 1.609 / Efficiency: 54% / LogL: -24113
Threads: 4 / Time: 4.865 sec / Speedup: 1.661 / Efficiency: 42% / LogL: -24113
BEST NUMBER OF THREADS: 2

Estimate model parameters (epsilon = 0.100)
Thoroughly optimizing +I+G parameters from 10 start values...
Init pinv, alpha: 0.000, 1.000 / Estimate: 0.000, 0.393 / LogL: -15715.859
Init pinv, alpha: 0.067, 1.000 / Estimate: 0.070, 0.452 / LogL: -15712.961
Init pinv, alpha: 0.135, 1.000 / Estimate: 0.140, 0.528 / LogL: -15710.381
Init pinv, alpha: 0.202, 1.000 / Estimate: 0.209, 0.630 / LogL: -15708.224
Init pinv, alpha: 0.270, 1.000 / Estimate: 0.275, 0.769 / LogL: -15706.711
Init pinv, alpha: 0.337, 1.000 / Estimate: 0.337, 0.962 / LogL: -15706.222
Init pinv, alpha: 0.405, 1.000 / Estimate: 0.386, 1.189 / LogL: -15707.042
Init pinv, alpha: 0.472, 1.000 / Estimate: 0.385, 1.182 / LogL: -15707.001
Init pinv, alpha: 0.540, 1.000 / Estimate: 0.384, 1.182 / LogL: -15706.998
Init pinv, alpha: 0.607, 1.000 / Estimate: 0.385, 1.183 / LogL: -15707.004
Optimal pinv,alpha: 0.337, 0.962 / LogL: -15706.222

Parameters optimization took 2.856 sec
Computing ML distances based on estimated model parameters... 0.028 sec
Computing BIONJ tree...
0.002 seconds
Log-likelihood of BIONJ tree: -15703.820
--------------------------------------------------------------------
|             INITIALIZING CANDIDATE TREE SET                      |
--------------------------------------------------------------------
Generating 98 parsimony trees... 0.604 second
Computing log-likelihood of 98 initial trees ... 1.634 seconds
Current best score: -15703.820

Do NNI search on 20 best initial trees
Estimate model parameters (epsilon = 0.100)
BETTER TREE FOUND at iteration 1: -15703.817
Iteration 10 / LogL: -15703.819 / Time: 0h:0m:53s
Iteration 20 / LogL: -15704.194 / Time: 0h:0m:54s
Finish initializing candidate tree set (1)
Current best tree score: -15703.817 / CPU time: 4.641
Number of iterations: 20
--------------------------------------------------------------------
|               OPTIMIZING CANDIDATE TREE SET                      |
--------------------------------------------------------------------
Iteration 30 / LogL: -15703.928 / Time: 0h:0m:56s (0h:1m:19s left)
Iteration 40 / LogL: -15703.823 / Time: 0h:0m:57s (0h:0m:53s left)
Iteration 50 / LogL: -15703.878 / Time: 0h:0m:59s (0h:0m:37s left)
Log-likelihood cutoff on original alignment: -15732.350
Iteration 60 / LogL: -15703.848 / Time: 0h:1m:1s (0h:0m:26s left)
Iteration 70 / LogL: -15707.171 / Time: 0h:1m:3s (0h:0m:17s left)
Iteration 80 / LogL: -15707.181 / Time: 0h:1m:5s (0h:0m:11s left)
Iteration 90 / LogL: -15704.902 / Time: 0h:1m:7s (0h:0m:5s left)
Iteration 100 / LogL: -15707.223 / Time: 0h:1m:9s (0h:0m:0s left)
Log-likelihood cutoff on original alignment: -15732.350
NOTE: Bootstrap correlation coefficient of split occurrence frequencies: 0.999
TREE SEARCH COMPLETED AFTER 102 ITERATIONS / Time: 0h:1m:10s

--------------------------------------------------------------------
|                    FINALIZING TREE SEARCH                        |
--------------------------------------------------------------------
Performs final model parameters optimization
Estimate model parameters (epsilon = 0.010)
1. Initial log-likelihood: -15703.817
Optimal log-likelihood: -15703.816
Rate parameters:  A-C: 1.00000  A-G: 5.60945  A-T: 1.00000  C-G: 1.00000  C-T: 5.60945  G-T: 1.00000
Base frequencies:  A: 0.250  C: 0.250  G: 0.250  T: 0.250
Proportion of invariable sites: 0.337
Gamma shape alpha: 0.962
Parameters optimization took 1 rounds (0.029 sec)
BEST SCORE FOUND : -15703.816
Creating bootstrap support values...
Split supports printed to NEXUS file 1_set184.splits.nex
Total tree length: 0.982

Total number of iterations: 102
CPU time used for tree search: 37.017 sec (0h:0m:37s)
Wall-clock time used for tree search: 20.140 sec (0h:0m:20s)
Total CPU time used: 125.854 sec (0h:2m:5s)
Total wall-clock time used: 70.286 sec (0h:1m:10s)

Computing bootstrap consensus tree...
Reading input file 1_set184.splits.nex...
35 taxa and 115 splits.
Consensus tree written to 1_set184.contree
Reading input trees file 1_set184.contree
Log-likelihood of consensus tree: -15703.816

Analysis results written to: 
  IQ-TREE report:                1_set184.iqtree
  Maximum-likelihood tree:       1_set184.treefile
  Likelihood distances:          1_set184.mldist

Ultrafast bootstrap approximation results written to:
  Split support values:          1_set184.splits.nex
  Consensus tree:                1_set184.contree
  Screen log file:               1_set184.log

Date and Time: Fri Jul 27 17:33:44 2018
