IQ-TREE multicore version 1.6.7 for Mac OS X 64-bit built Aug 23 2018
Developed by Bui Quang Minh, Nguyen Lam Tung, Olga Chernomor,
Heiko Schmidt, Dominik Schrempf, Michael Woodhams.

Host:    meeps-mac-pro.staff.sydney.edu.au (AVX, 64 GB RAM)
Command: /Users/davidduchene/Desktop/Software/iqtree-1.6.7-MacOSX/bin/iqtree -s ../../../../marsupials/set298.fasta -m TESTMERGE -bb 1000 -sp ../../../../marsupials/set298.nex -nt AUTO -pre 6_set298
Seed:    752072 (Using SPRNG - Scalable Parallel Random Number Generator)
Time:    Sat Sep  8 16:51:55 2018
Kernel:  AVX - auto-detect threads (8 CPU cores detected)

Reading partition model file ../../../../marsupials/set298.nex ...
Reading alignment file ../../../../marsupials/set298.fasta ... Fasta format detected
Alignment most likely contains DNA/RNA sequences
Alignment has 35 sequences with 2175 columns, 856 distinct patterns
562 parsimony-informative, 303 singleton sites, 1310 constant sites
                                              Gap/Ambiguity  Composition  p-value
   1  Burramyidae_Burramys_parvus                     0.18%    passed     98.94%
   2  Notoryctidae_Notoryctes_typhlops                1.56%    passed     61.72%
   3  Vombatidae_Lasiorhinus_latifrons                0.41%    passed     97.44%
   4  Potoroidae_Bettongia_penicillata                0.41%    passed     99.35%
   5  Potoroidae_Bettongia_lesueur                    0.74%    passed     99.75%
   6  Dasyuridae_Dasyurus_maculatus                   0.14%    passed     86.35%
   7  Phalangeridae_Trichosurus_vulpecula            31.91%    passed     12.60%
   8  Phalangeridae_Spilocuscus_maculatus             0.18%    passed     35.56%
   9  Potoroidae_Aepyprymnus_rufescens                0.51%    passed     96.79%
  10  Peramelidae_Perameles_nasuta                    1.01%    passed     94.05%
  11  Phalangeridae_Strigocuscus_pelengensis          2.99%    passed     70.95%
  12  Dasyuridae_Phascogale_tapoatafa                 0.00%    passed     94.69%
  13  Dasyuridae_Sminthopsis_macroura                 0.51%    passed     76.27%
  14  Phalangeridae_Phalanger_orientalis              1.79%    passed     31.46%
  15  Acrobatidae_Acrobates_pygmaeus                  1.66%    passed     72.78%
  16  Dasyuridae_Phascogale_calura                    0.00%    passed     91.54%
  17  Dasyuridae_Sarcophilus_harrisii                 0.09%    passed     91.95%
  18  Dasyuridae_Planigale_tenuirostris               3.45%    passed     95.48%
  19  Peramelidae_Echymipera_kalubu                   0.46%    passed     90.21%
  20  Macropodidae_Dorcopsulus_vanheurni              0.74%    passed     93.77%
  21  Pseudochiridae_Pseudochirulus_forbesi          27.40%    passed      6.75%
  22  Didelphidae_Didelphis_virginiana                1.01%    passed     98.83%
  23  Marmosidae_Monodelphis_domestica                1.01%    passed     88.58%
  24  Dasyuridae_Antechinus_stuartii                  0.41%    passed     92.00%
  25  Hypsiprymnodontidae_Hypsiprymnodon_moschatus    0.23%    passed     98.28%
  26  Microbiotheriidae_Dromiciops_gliroides          3.86%    passed     70.46%
  27  Pseudochiridae_Petauroides_volans               1.01%    passed     97.47%
  28  Macropodidae_Wallabia_bicolor                   1.29%    passed     91.43%
  29  Pseudochiridae_Pseudocheirus_occidentalis       0.60%    passed     94.35%
  30  Tarsipedidae_Tarsipes_rostratus                 1.75%    passed     94.60%
  31  Acrobatidae_Distoechurus_pennatus               0.32%    passed     92.47%
  32  Phalangeridae_Phalanger_carmelitae              0.05%    passed     21.11%
  33  Peramelidae_Peroryctes_raffrayana               3.77%    passed     92.42%
  34  Dasyuridae_Dasyurus_geffroii                    0.14%    passed     93.63%
  35  Peramelidae_Perameles_gunnii                    0.32%    passed     90.17%
****  TOTAL                                           2.63%  0 sequences failed composition chi2 test (p-value<5%; df=3)
NOTE: No CharPartition defined, use all CharSets

Loading 15 partitions...
Subset	Type	Seqs	Sites	Infor	Invar	Model	Name
1		35	80	7	60	TESTMERGE	part1.1
2		35	80	3	72	TESTMERGE	part1.2
3		35	80	37	29	TESTMERGE	part1.3
4		35	172	22	135	TESTMERGE	part2.1
5		35	172	9	149	TESTMERGE	part2.2
6		35	172	113	39	TESTMERGE	part2.3
7		35	160	10	139	TESTMERGE	part3.1
8		35	160	9	146	TESTMERGE	part3.2
9		35	160	61	69	TESTMERGE	part3.3
10		35	115	11	83	TESTMERGE	part4.1
11		35	115	4	90	TESTMERGE	part4.2
12		35	115	45	40	TESTMERGE	part4.3
13		33	198	64	105	TESTMERGE	part5.1
14		33	198	57	109	TESTMERGE	part5.2
15		33	198	110	45	TESTMERGE	part5.3
Degree of missing data: 0.016
Info: multi-threading strategy over partitions



Create initial parsimony tree by phylogenetic likelihood library (PLL)... 0.006 seconds
NOTE: ModelFinder requires 9 MB RAM!
NUMBER OF THREADS FOR PARTITION FINDING: 8
Testing GTR+F+G on supermatrix...
GTR+F+G4 / LnL: -12236.774 / df: 76 / AIC: 24625.548 / AICc: 24631.127 / BIC: 25057.592
Selecting individual models for 15 charsets using BIC...
 No. Model        Score       Charset
   1 K3P+G4       1504.490    part1.3
   2 HKY+F+G4     2571.289    part5.1
   3 HKY+F+G4     2436.445    part3.3
   4 TPM3+F+I     2417.499    part5.2
   5 TNe+G4       1136.838    part4.1
   6 K2P+G4       2030.053    part4.3
   7 K2P+G4       3919.122    part5.3
   8 TIM2e+G4     4190.717    part2.3
   9 K2P+I        1224.539    part2.2
  10 TPM2+F+G4    979.127     part4.2	0h:0m:15s (0h:5m:13s left)
  11 K2P          599.109     part1.2	0h:0m:15s (0h:4m:46s left)
  12 K3Pu+F+I+G4  1679.987    part2.1	0h:0m:16s (0h:4m:31s left)
  13 TPM2u+F+I    987.655     part3.2	0h:0m:16s (0h:4m:14s left)
  14 TPM3u+F+I    1196.459    part3.1	0h:0m:16s (0h:3m:55s left)
  15 TNe          763.924     part1.1	0h:0m:17s (0h:3m:49s left)
Full partition model BIC score: 30540.142 (LnL: -11224.032  df:1053)
Merging models to increase model fit (about 211 total partition schemes)...
WARNING: ABNORMAL_TERMINATION_IN_LNSRCH
  16 TIM2e+G4     30149.137   part2.3+part3.3	0h:0m:26s (0h:5m:26s left)
  17 TIM2e+G4     30181.503   part2.3+part5.1	0h:0m:28s (0h:5m:21s left)
  18 K2P+G4       30126.569   part5.1+part5.3	0h:0m:28s (0h:5m:2s left)
  19 K2P+G4       30138.971   part3.3+part5.3	0h:0m:28s (0h:4m:52s left)
  20 K2P+G4       30119.435   part4.3+part5.3	0h:0m:29s (0h:4m:39s left)
  21 HKY+F+G4     30167.256   part5.2+part5.3	0h:0m:29s (0h:4m:25s left)
  22 TPM3u+F+G4   30229.307   part2.3+part5.2	0h:0m:29s (0h:4m:14s left)
  23 TIM2e+G4     30130.963   part2.3+part5.3	0h:0m:30s (0h:4m:7s left)
  24 K2P+G4       30123.231   part1.3+part5.3	0h:0m:38s (0h:5m:0s left)
  25 HKY+F+G4     30100.479   part3.3+part5.1	0h:0m:38s (0h:4m:49s left)
  26 K2P+G4       30235.177   part4.1+part5.3	0h:0m:39s (0h:4m:38s left)
  27 TPM3+F+G4    30083.646   part5.1+part5.2	0h:0m:40s (0h:4m:33s left)
  28 TPM3u+F+G4   30112.300   part3.3+part5.2	0h:0m:41s (0h:4m:30s left)
  29 TIM2e+G4     30101.957   part2.3+part4.3	0h:0m:41s (0h:4m:21s left)
  30 TIM2e+G4     30117.330   part1.3+part2.3	0h:0m:43s (0h:4m:20s left)
  31 K2P+G4       30224.956   part2.1+part5.3	0h:0m:43s (0h:4m:11s left)
  32 K2P+G4       30085.337   part3.3+part4.3	0h:0m:48s (0h:4m:30s left)
  33 K3P+G4       30122.063   part4.3+part5.1	0h:0m:49s (0h:4m:29s left)
  34 K2P+G4       30265.502   part3.1+part5.3	0h:0m:51s (0h:4m:28s left)
  35 HKY+F+G4     30270.418   part4.2+part5.3	0h:0m:52s (0h:4m:22s left)
  36 TPM3u+F+G4   30183.906   part4.3+part5.2	0h:0m:52s (0h:4m:16s left)
  37 K2P+G4       30271.026   part2.2+part5.3	0h:0m:54s (0h:4m:14s left)
  38 HKY+F+G4     30304.267   part3.2+part5.3	0h:0m:55s (0h:4m:10s left)
  39 TIM2e+G4     30222.471   part2.3+part4.1	0h:0m:55s (0h:4m:3s left)
  40 K2P+G4       30193.306   part1.1+part5.3	0h:1m:0s (0h:4m:16s left)
  41 TIM2e+G4     30187.256   part2.1+part2.3	0h:1m:5s (0h:4m:33s left)
  42 TIM2e+G4     30260.254   part2.3+part4.2	0h:1m:6s (0h:4m:27s left)
  43 K2P+G4       30229.315   part1.2+part5.3	0h:1m:6s (0h:4m:20s left)
  44 TIM2e+G4     30265.658   part2.2+part2.3	0h:1m:7s (0h:4m:16s left)
  45 HKY+F+G4     30268.920   part2.3+part3.2	0h:1m:10s (0h:4m:20s left)
  46 TIM2e+G4     30169.887   part1.1+part2.3	0h:1m:11s (0h:4m:17s left)
  47 TPM2u+F+I+G4 30250.025   part2.3+part3.1	0h:1m:12s (0h:4m:12s left)
  48 K3P+G4       30119.230   part1.3+part5.1	0h:1m:14s (0h:4m:12s left)
  49 K2P+G4       30074.418   part1.3+part3.3	0h:1m:16s (0h:4m:12s left)
  50 K2P+G4       30158.142   part4.1+part5.1	0h:1m:21s (0h:4m:22s left)
  51 TPM3+F+G4    30145.497   part1.3+part5.2	0h:1m:25s (0h:4m:27s left)
  52 TIM2e+G4     30203.201   part1.2+part2.3	0h:1m:25s (0h:4m:21s left)
  53 K3P+G4       30089.025   part1.3+part4.3	0h:1m:27s (0h:4m:21s left)
  54 TPM3+F+I     30167.787   part4.1+part5.2	0h:1m:27s (0h:4m:15s left)
  55 K2P+G4       30127.746   part3.3+part4.1	0h:1m:29s (0h:4m:13s left)
  56 K3P+G4       30131.119   part2.1+part5.1	0h:1m:30s (0h:4m:11s left)
  57 K2P+G4       30135.965   part4.1+part4.3	0h:1m:32s (0h:4m:10s left)
  58 TIM3e+G4     30141.878   part2.1+part5.2	0h:1m:33s (0h:4m:7s left)
  59 K2P+G4       30123.354   part2.1+part3.3	0h:1m:34s (0h:4m:2s left)
  60 HKY+F+G4     30144.572   part3.3+part4.2	0h:1m:36s (0h:4m:3s left)
  61 HKY+F+G4     30164.604   part4.2+part5.1	0h:1m:37s (0h:4m:0s left)
  62 HKY+F+G4     30152.188   part3.1+part5.1	0h:1m:38s (0h:3m:57s left)
  63 K3P+G4       30133.501   part2.1+part4.3	0h:1m:39s (0h:3m:53s left)
  64 TPM3u+F+I    30149.137   part4.2+part5.2	0h:1m:40s (0h:3m:50s left)
  65 TPM3+F+G4    30143.884   part3.1+part3.3	0h:1m:41s (0h:3m:47s left)
  66 HKY+F+G4     30135.802   part2.2+part5.1	0h:1m:42s (0h:3m:45s left)
  67 K2P+G4       30162.262   part4.2+part4.3	0h:1m:42s (0h:3m:40s left)
  68 HKY+F+G4     30167.162   part3.1+part5.2	0h:1m:43s (0h:3m:37s left)
  69 HKY+F+G4     30139.339   part2.2+part3.3	0h:1m:45s (0h:3m:37s left)
  70 HKY+F+G4     30159.966   part3.2+part5.1	0h:1m:45s (0h:3m:33s left)
  71 K2P+G4       30127.639   part1.1+part5.1	0h:1m:47s (0h:3m:31s left)
  72 HKY+F+G4     30146.280   part3.2+part3.3	0h:1m:47s (0h:3m:28s left)
  73 TPM3u+F+I    30132.612   part2.2+part5.2	0h:1m:50s (0h:3m:28s left)
  74 K2P+G4       30102.525   part1.1+part3.3	0h:1m:52s (0h:3m:27s left)
  75 TIM2+F+I     30168.876   part3.2+part5.2	0h:1m:53s (0h:3m:25s left)
  76 K3Pu+F+G4    30161.370   part3.1+part4.3	0h:1m:53s (0h:3m:22s left)
  77 TPM3u+F+I    30151.287   part1.1+part5.2	0h:1m:55s (0h:3m:21s left)
  78 K2P+G4       30164.274   part2.2+part4.3	0h:1m:56s (0h:3m:18s left)
  79 HKY+F+G4     30189.961   part3.2+part4.3	0h:1m:58s (0h:3m:18s left)
  80 HKY+F+G4     30144.482   part1.2+part5.1	0h:2m:1s (0h:3m:18s left)
  81 K3P+G4       30108.285   part1.1+part4.3	0h:2m:2s (0h:3m:16s left)
  82 HKY+F+G4     30125.612   part1.2+part3.3	0h:2m:3s (0h:3m:13s left)
  83 TPM3u+F+I    30145.295   part1.2+part5.2	0h:2m:4s (0h:3m:12s left)
  84 K3P+G4       30137.557   part1.2+part4.3	0h:2m:5s (0h:3m:9s left)
  85 K3P+G4       30119.059   part1.3+part4.1	0h:2m:5s (0h:3m:6s left)
  86 K3P+G4       30104.616   part1.3+part2.1	0h:2m:7s (0h:3m:5s left)
  87 K2P+G4       30026.362   part4.1+part4.2	0h:2m:9s (0h:3m:3s left)
  88 K2P+G4       30143.405   part1.3+part4.2	0h:2m:9s (0h:3m:0s left)
  89 HKY+F+G4     30144.792   part1.3+part3.1	0h:2m:12s (0h:3m:1s left)
  90 HKY+F+G4     30100.582   part2.1+part4.1	0h:2m:12s (0h:2m:57s left)
  91 K2P+G4       30148.070   part1.3+part2.2	0h:2m:13s (0h:2m:56s left)
  92 TN+F+G4      30094.154   part3.1+part4.1	0h:2m:14s (0h:2m:54s left)
  93 K2P+G4       30082.292   part2.2+part4.1	0h:2m:16s (0h:2m:53s left)
  94 K2P+I+G4     30102.970   part2.1+part4.2	0h:2m:18s (0h:2m:51s left)
  95 K3P+G4       30120.974   part1.1+part1.3	0h:2m:18s (0h:2m:48s left)
  96 HKY+F+G4     30168.839   part1.3+part3.2	0h:2m:20s (0h:2m:48s left)
  97 TN+F+G4      30097.213   part3.2+part4.1	0h:2m:24s (0h:2m:49s left)
  98 TPM2u+F+I+G4 30065.916   part2.1+part3.1	0h:2m:25s (0h:2m:48s left)
  99 TPM3u+F+G4   30087.446   part3.1+part4.2	0h:2m:26s (0h:2m:45s left)
 100 K3P+G4       30131.125   part1.2+part1.3	0h:2m:26s (0h:2m:42s left)
 101 TIM3e+I      30072.699   part1.1+part4.1	0h:2m:26s (0h:2m:39s left)
 102 TIM3e+I+G4   30068.484   part2.1+part2.2	0h:2m:28s (0h:2m:39s left)
 103 HKY+F+I+G4   30098.441   part2.1+part3.2	0h:2m:31s (0h:2m:38s left)
 104 TNe+G4       30066.876   part1.2+part4.1	0h:2m:33s (0h:2m:38s left)
 105 TPM2u+F+I+G4 30091.958   part1.1+part2.1	0h:2m:34s (0h:2m:35s left)
 106 K2P+G4       30080.894   part1.1+part4.2	0h:2m:36s (0h:2m:34s left)
 107 TPM2u+F+G4   30067.838   part2.2+part4.2	0h:2m:36s (0h:2m:32s left)
 108 TPM2+F+G4    30062.067   part3.2+part4.2	0h:2m:37s (0h:2m:30s left)
 109 HKY+F+I      30057.319   part2.2+part3.1	0h:2m:38s (0h:2m:28s left)
 110 HKY+F+I      30040.045   part3.1+part3.2	0h:2m:38s (0h:2m:25s left)
 111 TPM2u+F+G4   30043.161   part2.2+part3.2	0h:2m:40s (0h:2m:24s left)
 112 HKY+F+I      30076.281   part1.1+part3.1	0h:2m:40s (0h:2m:22s left)
 113 K2P+I        30071.551   part1.1+part2.2	0h:2m:42s (0h:2m:20s left)
 114 TIM3e+I+G4   30082.796   part1.2+part2.1	0h:2m:42s (0h:2m:17s left)
 115 HKY+F+G4     30060.016   part1.2+part4.2	0h:2m:42s (0h:2m:15s left)
 116 TN+F+I       30090.828   part1.1+part3.2	0h:2m:42s (0h:2m:12s left)
 117 K2P+G4       30056.379   part1.2+part2.2	0h:2m:43s (0h:2m:11s left)
 118 K2P+I        30056.747   part1.2+part3.1	0h:2m:44s (0h:2m:9s left)
 119 HKY+F        30054.862   part1.2+part3.2	0h:2m:44s (0h:2m:6s left)
 120 TNe          30041.600   part1.1+part1.2	0h:2m:46s (0h:2m:5s left)
Merging part4.1+part4.2 with BIC score: 30026.362 (LnL: -11251.479  df: 979)
 121 K2P+G4       29629.811   part2.1+part4.1+part4.2	0h:2m:54s (0h:2m:9s left)
 122 K2P+G4       29700.810   part4.1+part4.2+part4.3	0h:2m:55s (0h:2m:7s left)
 123 HKY+F+G4     29719.213   part4.1+part4.2+part5.1	0h:2m:56s (0h:2m:6s left)
 124 HKY+F+G4     29697.267   part3.3+part4.1+part4.2	0h:2m:56s (0h:2m:3s left)
 125 K2P+G4       29667.011   part1.3+part4.1+part4.2	0h:2m:57s (0h:2m:2s left)
 126 TPM3u+F+G4   29706.576   part4.1+part4.2+part5.2	0h:2m:59s (0h:2m:1s left)
 127 TN+F+G4      29866.124   part2.3+part4.1+part4.2	0h:3m:1s (0h:2m:0s left)
 128 K2P+G4       29859.048   part4.1+part4.2+part5.3	0h:3m:1s (0h:1m:57s left)
 129 HKY+F+G4     29603.147   part3.1+part4.1+part4.2	0h:3m:2s (0h:1m:56s left)
 130 TPM2+F+G4    29586.983   part2.2+part4.1+part4.2	0h:3m:2s (0h:1m:53s left)
 131 TPM2u+F+G4   29583.436   part3.2+part4.1+part4.2	0h:3m:3s (0h:1m:51s left)
 132 K2P+G4       29556.236   part1.2+part4.1+part4.2	0h:3m:3s (0h:1m:49s left)
 133 TNe+G4       29583.563   part1.1+part4.1+part4.2	0h:3m:3s (0h:1m:47s left)
Merging part3.1+part3.2 with BIC score: 29526.265 (LnL: -11285.768  df: 905)
 134 HKY+F+G4     29134.941   part3.1+part3.2+part4.1+part4.2	0h:3m:8s (0h:1m:48s left)
 135 HKY+F+I+G4   29089.785   part2.1+part3.1+part3.2	0h:3m:8s (0h:1m:46s left)
 136 HKY+F+G4     29198.561   part3.1+part3.2+part5.2	0h:3m:12s (0h:1m:46s left)
 137 HKY+F+G4     29182.843   part1.3+part3.1+part3.2	0h:3m:13s (0h:1m:44s left)
 138 HKY+F+G4     29185.644   part3.1+part3.2+part5.1	0h:3m:13s (0h:1m:42s left)
 139 HKY+F+G4     29207.062   part3.1+part3.2+part4.3	0h:3m:15s (0h:1m:41s left)
 140 HKY+F+I      29044.170   part2.2+part3.1+part3.2	0h:3m:18s (0h:1m:40s left)
 141 TPM3u+F+G4   29373.098   part3.1+part3.2+part5.3	0h:3m:19s (0h:1m:39s left)
 142 HKY+F+I      29076.209   part1.1+part3.1+part3.2	0h:3m:19s (0h:1m:37s left)
 143 HKY+F+I      29054.315   part1.2+part3.1+part3.2	0h:3m:20s (0h:1m:35s left)
 144 HKY+F+I+G4   29348.627   part2.3+part3.1+part3.2	0h:3m:20s (0h:1m:33s left)
 145 HKY+F+G4     29180.608   part3.1+part3.2+part3.3	0h:3m:21s (0h:1m:31s left)
Merging part1.1+part1.2 with BIC score: 29027.722 (LnL: -11297.779  df: 837)
 146 K2P+I        28561.881   part1.1+part1.2+part2.2	0h:3m:26s (0h:1m:31s left)
 147 HKY+F+I      28592.395   part1.1+part1.2+part3.1+part3.2	0h:3m:28s (0h:1m:30s left)
 148 K2P+I+G4     28597.587   part1.1+part1.2+part2.1	0h:3m:32s (0h:1m:30s left)
 149 TPM3+F+I     28684.260   part1.1+part1.2+part5.2	0h:3m:33s (0h:1m:28s left)
 150 K2P+G4       28667.014   part1.1+part1.2+part5.1	0h:3m:34s (0h:1m:27s left)
 151 K2P+G4       28649.095   part1.1+part1.2+part3.3	0h:3m:35s (0h:1m:25s left)
 152 K3P+G4       28656.098   part1.1+part1.2+part4.3	0h:3m:38s (0h:1m:24s left)
 153 K2P+G4       28788.862   part1.1+part1.2+part5.3	0h:3m:39s (0h:1m:23s left)
 154 K2P+G4       28600.650   part1.1+part1.2+part4.1+part4.2	0h:3m:39s (0h:1m:21s left)
 155 K3P+G4       28659.370   part1.1+part1.2+part1.3	0h:3m:40s (0h:1m:19s left)
 156 TIM2e+G4     28768.743   part1.1+part1.2+part2.3	0h:3m:41s (0h:1m:18s left)
Merging part2.2+part3.1+part3.2 with BIC score: 28545.628 (LnL: -11321.857  df: 768)
 157 TPM2u+F+G4   28169.793   part2.2+part3.1+part3.2+part4.1+part4.2	0h:3m:47s (0h:1m:18s left)
 158 HKY+F+G4     28219.578   part2.2+part3.1+part3.2+part3.3	0h:3m:47s (0h:1m:16s left)
 159 HKY+F+G4     28251.505   part2.2+part3.1+part3.2+part4.3	0h:3m:48s (0h:1m:14s left)
 160 HKY+F+I+G4   28109.859   part2.1+part2.2+part3.1+part3.2	0h:3m:49s (0h:1m:13s left)
 161 TPM2u+F+G4   28219.832   part2.2+part3.1+part3.2+part5.2	0h:3m:49s (0h:1m:11s left)
 162 HKY+F+G4     28211.616   part2.2+part3.1+part3.2+part5.1	0h:3m:49s (0h:1m:9s left)
 163 HKY+F+I      28110.302   part1.1+part1.2+part2.2+part3.1+part3.2	0h:3m:51s (0h:1m:8s left)
 164 TPM3+F+G4    28436.983   part2.2+part3.1+part3.2+part5.3	0h:3m:52s (0h:1m:6s left)
 165 HKY+F+I+G4   28426.082   part2.2+part2.3+part3.1+part3.2	0h:3m:52s (0h:1m:4s left)
 166 HKY+F+G4     28222.371   part1.3+part2.2+part3.1+part3.2	0h:3m:53s (0h:1m:3s left)
Merging part1.3+part3.3 with BIC score: 28079.904 (LnL: -11369.489  df: 695)
 167 HKY+F+G4     27790.463   part1.3+part3.3+part4.1+part4.2	0h:4m:4s (0h:1m:4s left)
 168 TIM2e+G4     27686.295   part1.3+part2.1+part3.3	0h:4m:5s (0h:1m:2s left)
 169 HKY+F+G4     27830.104   part1.3+part2.2+part3.1+part3.2+part3.3	0h:4m:5s (0h:1m:1s left)
 170 K2P+G4       27635.196   part1.3+part3.3+part4.3	0h:4m:6s (0h:0m:59s left)
 171 HKY+F+G4     27659.900   part1.3+part3.3+part5.1	0h:4m:8s (0h:0m:58s left)
 172 TIM2e+G4     27702.543   part1.3+part2.3+part3.3	0h:4m:8s (0h:0m:56s left)
 173 TPM3u+F+G4   27681.413   part1.3+part3.3+part5.2	0h:4m:9s (0h:0m:54s left)
 174 K2P+G4       27691.966   part1.3+part3.3+part5.3	0h:4m:10s (0h:0m:53s left)
 175 K2P+G4       27740.902   part1.1+part1.2+part1.3+part3.3	0h:4m:11s (0h:0m:51s left)
Merging part5.1+part5.2 with BIC score: 27623.407 (LnL: -11402.524  df: 627)
 176 TPM3u+F+G4   27247.610   part2.1+part5.1+part5.2	0h:4m:19s (0h:0m:51s left)
 177 TPM3u+F+G4   27300.097   part1.1+part1.2+part5.1+part5.2	0h:4m:21s (0h:0m:50s left)
 178 HKY+F+G4     27353.645   part2.2+part3.1+part3.2+part5.1+part5.2	0h:4m:23s (0h:0m:48s left)
 179 HKY+F+G4     27350.954   part4.1+part4.2+part5.1+part5.2	0h:4m:25s (0h:0m:47s left)
 180 TPM3u+F+G4   27261.316   part4.3+part5.1+part5.2	0h:4m:26s (0h:0m:45s left)
 181 HKY+F+G4     27246.529   part5.1+part5.2+part5.3	0h:4m:27s (0h:0m:44s left)
 182 TPM3+F+G4    27230.301   part1.3+part3.3+part5.1+part5.2	0h:4m:27s (0h:0m:42s left)
 183 TPM3+F+G4    27351.828   part2.3+part5.1+part5.2	0h:4m:27s (0h:0m:40s left)
Merging part1.3+part3.3+part4.3 with BIC score: 27178.699 (LnL: -11445.295  df: 558)
 184 K2P+G4       26854.327   part1.1+part1.2+part1.3+part3.3+part4.3	0h:4m:34s (0h:0m:40s left)
 185 K2P+G4       26919.237   part1.3+part3.3+part4.1+part4.2+part4.3	0h:4m:36s (0h:0m:38s left)
 186 TVMe+G4      26800.936   part1.3+part2.1+part3.3+part4.3	0h:4m:38s (0h:0m:37s left)
 187 HKY+F+G4     26999.311   part1.3+part2.2+part3.1+part3.2+part3.3+part4.3	0h:4m:38s (0h:0m:35s left)
 188 TIM2e+G4     26794.989   part1.3+part2.3+part3.3+part4.3	0h:4m:41s (0h:0m:34s left)
 189 TIM2e+G4     26790.606   part1.3+part3.3+part4.3+part5.3	0h:4m:41s (0h:0m:32s left)
 190 TPM3u+F+G4   26825.273   part1.3+part3.3+part4.3+part5.1+part5.2	0h:4m:43s (0h:0m:31s left)
Merging part2.1+part2.2+part3.1+part3.2 with BIC score: 26742.930 (LnL: -11507.905  df: 485)
 191 HKY+F+I+G4   26319.810   part1.1+part1.2+part2.1+part2.2+part3.1+part3.2	0h:4m:50s (0h:0m:30s left)
 192 HKY+F+I+G4   26394.178   part2.1+part2.2+part3.1+part3.2+part4.1+part4.2	0h:4m:51s (0h:0m:28s left)
 193 HKY+F+G4     26471.665   part2.1+part2.2+part3.1+part3.2+part5.1+part5.2	0h:4m:53s (0h:0m:27s left)
 194 HKY+F+G4     26630.487   part2.1+part2.2+part3.1+part3.2+part5.3	0h:4m:55s (0h:0m:25s left)
 195 HKY+F+G4     26562.556   part1.3+part2.1+part2.2+part3.1+part3.2+part3.3+part4.3	0h:4m:55s (0h:0m:24s left)
 196 HKY+F+I+G4   26607.905   part2.1+part2.2+part2.3+part3.1+part3.2	0h:4m:56s (0h:0m:22s left)
Merging part1.1+part1.2+part4.1+part4.2 with BIC score: 26315.858 (LnL: -11559.494  df: 416)
 197 HKY+F+I+G4   25972.660   part1.1+part1.2+part2.1+part2.2+part3.1+part3.2+part4.1+part4.2	0h:5m:3s (0h:0m:21s left)
 198 K2P+G4       26216.801   part1.1+part1.2+part4.1+part4.2+part5.3	0h:5m:5s (0h:0m:20s left)
 199 K2P+G4       26118.180   part1.1+part1.2+part1.3+part3.3+part4.1+part4.2+part4.3	0h:5m:6s (0h:0m:18s left)
 200 TIM2e+I+G4   26235.547   part1.1+part1.2+part2.3+part4.1+part4.2	0h:5m:6s (0h:0m:16s left)
 201 TPM3u+F+G4   26096.211   part1.1+part1.2+part4.1+part4.2+part5.1+part5.2	0h:5m:7s (0h:0m:15s left)
Merging part2.3+part5.3 with BIC score: 25906.678 (LnL: -11604.660  df: 351)
 202 TIM2e+G4     25931.454   part1.1+part1.2+part2.3+part4.1+part4.2+part5.3	0h:5m:17s (0h:0m:14s left)
 203 TPM2u+F+I+G4 25936.096   part2.1+part2.2+part2.3+part3.1+part3.2+part5.3	0h:5m:19s (0h:0m:12s left)
 204 TIM2e+G4     25522.461   part1.3+part2.3+part3.3+part4.3+part5.3	0h:5m:20s (0h:0m:11s left)
 205 TPM2u+F+G4   25628.683   part2.3+part5.1+part5.2+part5.3	0h:5m:21s (0h:0m:9s left)
Merging part1.3+part2.3+part3.3+part4.3+part5.3 with BIC score: 25522.461 (LnL: -11677.676  df: 282)
 206 TPM2+F+G4    25588.889   part1.3+part2.1+part2.2+part2.3+part3.1+part3.2+part3.3+part4.3+part5.3	0h:5m:35s (0h:0m:8s left)
 207 TIM2e+G4     25526.880   part1.1+part1.2+part1.3+part2.3+part3.3+part4.1+part4.2+part4.3+part5.3	0h:5m:35s (0h:0m:6s left)
 208 TPM2+F+G4    25222.337   part1.3+part2.3+part3.3+part4.3+part5.1+part5.2+part5.3	0h:5m:39s (0h:0m:4s left)
Merging part1.1+part1.2+part2.1+part2.2+part3.1+part3.2+part4.1+part4.2 with BIC score: 25179.264 (LnL: -11771.202  df: 213)
 209 HKY+F+G4     24960.620   part1.1+part1.2+part2.1+part2.2+part3.1+part3.2+part4.1+part4.2+part5.1+part5.2	0h:5m:46s (0h:0m:3s left)
 210 TIM2+F+I+G4  25410.082   part1.1+part1.2+part1.3+part2.1+part2.2+part2.3+part3.1+part3.2+part3.3+part4.1+part4.2+part4.3+part5.3	0h:5m:55s (0h:0m:1s left)
Merging part1.3+part2.3+part3.3+part4.3+part5.1+part5.2+part5.3 with BIC score: 24879.140 (LnL: -11878.581  df: 146)
 211 TPM2u+F+G4   25047.066   part1.1+part1.2+part1.3+part2.1+part2.2+part2.3+part3.1+part3.2+part3.3+part4.1+part4.2+part4.3+part5.1+part5.2+part5.3	0h:6m:15s (0h:0m:0s left)
BEST-FIT PARTITION MODEL: 
  charpartition BIC = HKY+F+I+G4: part1.1 part1.2 part2.1 part2.2 part3.1 part3.2 part4.1 part4.2, TPM2+F+G4: part1.3 part2.3 part3.3 part4.3 part5.1 part5.2 part5.3;
Agglomerative model selection: ((((part1.1,part1.2)3:29027.7,(part4.1,part4.2)1:30026.4)9:26315.9,(part2.1,(part2.2,(part3.1,part3.2)2:29526.3)4:28545.6)8:26742.9)12:25179.3,((((part1.3,part3.3)5:28079.9,part4.3)7:27178.7,(part2.3,part5.3)10:25906.7)11:25522.5,(part5.1,part5.2)6:27623.4)13:24879.1)
Merging into 2 partitions...
Partition information was printed to 6_set298.best_scheme.nex
Partition information in Raxml format was printed to 6_set298.best_scheme

All model information printed to 6_set298.model.gz
CPU time for ModelFinder: 370.045 seconds (0h:6m:10s)
Wall-clock time for ModelFinder: 379.436 seconds (0h:6m:19s)
Generating 1000 samples for ultrafast bootstrap (seed: 752072)...

NOTE: 7 MB RAM (0 GB) is required!
Measuring multi-threading efficiency up to 8 CPU cores
Increase to 10 rounds for branch lengths
33 trees examined
Threads: 1 / Time: 8.210 sec / Speedup: 1.000 / Efficiency: 100% / LogL: -17746
Threads: 2 / Time: 5.264 sec / Speedup: 1.560 / Efficiency: 78% / LogL: -17746
Threads: 3 / Time: 20.786 sec / Speedup: 0.395 / Efficiency: 13% / LogL: -17746
BEST NUMBER OF THREADS: 2

Estimate model parameters (epsilon = 0.100)
Optimizing TPM2+F+G4 parameters for partition part1.3+part2.3+part3.3+part4.3+part5.1+part5.2+part5.3 (73 free parameters)
Optimizing HKY+F+I+G4 parameters for partition part1.1+part1.2+part2.1+part2.2+part3.1+part3.2+part4.1+part4.2 (73 free parameters)
Optimal log-likelihood: -11877.847
Computing ML distances based on estimated model parameters... 0.037 sec
Computing BIONJ tree...
0.002 seconds
Log-likelihood of BIONJ tree: -11925.731
--------------------------------------------------------------------
|             INITIALIZING CANDIDATE TREE SET                      |
--------------------------------------------------------------------
Generating 98 parsimony trees... 2.801 second
Computing log-likelihood of 98 initial trees ... 5.542 seconds
Current best score: -11872.219

Do NNI search on 20 best initial trees
Estimate model parameters (epsilon = 0.100)
BETTER TREE FOUND at iteration 1: -11872.154
UPDATE BEST LOG-LIKELIHOOD: -11872.153
Iteration 10 / LogL: -11873.091 / Time: 0h:0m:57s
Iteration 20 / LogL: -11872.156 / Time: 0h:1m:11s
Finish initializing candidate tree set (6)
Current best tree score: -11872.153 / CPU time: 34.424
Number of iterations: 20
--------------------------------------------------------------------
|               OPTIMIZING CANDIDATE TREE SET                      |
--------------------------------------------------------------------
UPDATE BEST LOG-LIKELIHOOD: -11872.148
Iteration 30 / LogL: -11872.850 / Time: 0h:1m:22s (0h:3m:22s left)
Iteration 40 / LogL: -11872.157 / Time: 0h:1m:35s (0h:2m:28s left)
Iteration 50 / LogL: -11872.152 / Time: 0h:1m:45s (0h:1m:49s left)
Log-likelihood cutoff on original alignment: -11905.669
Iteration 60 / LogL: -11873.041 / Time: 0h:1m:56s (0h:1m:20s left)
Iteration 70 / LogL: -11872.163 / Time: 0h:2m:7s (0h:0m:57s left)
Iteration 80 / LogL: -11872.153 / Time: 0h:2m:19s (0h:0m:36s left)
Iteration 90 / LogL: -11872.150 / Time: 0h:2m:30s (0h:0m:18s left)
Iteration 100 / LogL: -11873.095 / Time: 0h:2m:42s (0h:0m:1s left)
Log-likelihood cutoff on original alignment: -11905.897
NOTE: Bootstrap correlation coefficient of split occurrence frequencies: 1.000
TREE SEARCH COMPLETED AFTER 102 ITERATIONS / Time: 0h:2m:45s

--------------------------------------------------------------------
|                    FINALIZING TREE SEARCH                        |
--------------------------------------------------------------------
Performs final model parameters optimization
Estimate model parameters (epsilon = 0.010)
Optimizing TPM2+F+G4 parameters for partition part1.3+part2.3+part3.3+part4.3+part5.1+part5.2+part5.3 (73 free parameters)
Optimizing HKY+F+I+G4 parameters for partition part1.1+part1.2+part2.1+part2.2+part3.1+part3.2+part4.1+part4.2 (73 free parameters)
Optimal log-likelihood: -11872.147
BEST SCORE FOUND : -11872.147
Creating bootstrap support values...
Split supports printed to NEXUS file 6_set298.splits.nex
Total tree length: 0.886

Total number of iterations: 102
CPU time used for tree search: 43.539 sec (0h:0m:43s)
Wall-clock time used for tree search: 127.858 sec (0h:2m:7s)
Total CPU time used: 57.146 sec (0h:0m:57s)
Total wall-clock time used: 166.159 sec (0h:2m:46s)

Computing bootstrap consensus tree...
Reading input file 6_set298.splits.nex...
35 taxa and 129 splits.
Consensus tree written to 6_set298.contree
Reading input trees file 6_set298.contree
Log-likelihood of consensus tree: -11873.088

Analysis results written to: 
  IQ-TREE report:                6_set298.iqtree
  Maximum-likelihood tree:       6_set298.treefile
  Likelihood distances:          6_set298.mldist
  Best partitioning scheme:      6_set298.best_scheme.nex
           in RAxML format:      6_set298.best_scheme

Ultrafast bootstrap approximation results written to:
  Split support values:          6_set298.splits.nex
  Consensus tree:                6_set298.contree
  Screen log file:               6_set298.log

Date and Time: Sat Sep  8 17:01:05 2018
