IQ-TREE multicore version 1.6.7 for Mac OS X 64-bit built Aug 23 2018
Developed by Bui Quang Minh, Nguyen Lam Tung, Olga Chernomor,
Heiko Schmidt, Dominik Schrempf, Michael Woodhams.

Host:    meeps-mac-pro.staff.sydney.edu.au (AVX, 64 GB RAM)
Command: /Users/davidduchene/Desktop/Software/iqtree-1.6.7-MacOSX/bin/iqtree -s ../../../../marsupials/set198.fasta -m TESTMERGE -bb 1000 -q ../../../../marsupials/set198.nex -nt AUTO -pre 2_set198
Seed:    172938 (Using SPRNG - Scalable Parallel Random Number Generator)
Time:    Fri Sep  7 20:18:11 2018
Kernel:  AVX - auto-detect threads (8 CPU cores detected)

Reading partition model file ../../../../marsupials/set198.nex ...
Reading alignment file ../../../../marsupials/set198.fasta ... Fasta format detected
Alignment most likely contains DNA/RNA sequences
Alignment has 35 sequences with 2214 columns, 823 distinct patterns
466 parsimony-informative, 249 singleton sites, 1499 constant sites
                                              Gap/Ambiguity  Composition  p-value
   1  Burramyidae_Burramys_parvus                     3.30%    passed     97.22%
   2  Notoryctidae_Notoryctes_typhlops               10.93%    passed     80.61%
   3  Vombatidae_Lasiorhinus_latifrons                0.59%    passed     97.16%
   4  Potoroidae_Bettongia_penicillata                0.45%    passed     84.22%
   5  Potoroidae_Bettongia_lesueur                    0.41%    passed     66.10%
   6  Dasyuridae_Dasyurus_maculatus                   0.09%    passed     94.00%
   7  Phalangeridae_Trichosurus_vulpecula             0.05%    passed     99.27%
   8  Phalangeridae_Spilocuscus_maculatus             0.00%    passed     98.31%
   9  Potoroidae_Aepyprymnus_rufescens                1.76%    passed     89.40%
  10  Peramelidae_Perameles_nasuta                    4.02%    passed     98.03%
  11  Phalangeridae_Strigocuscus_pelengensis          1.17%    passed     98.63%
  12  Dasyuridae_Phascogale_tapoatafa                 0.14%    passed     95.25%
  13  Dasyuridae_Sminthopsis_macroura                 0.09%    passed     96.97%
  14  Phalangeridae_Phalanger_orientalis              0.09%    passed     97.92%
  15  Acrobatidae_Acrobates_pygmaeus                  5.42%    passed     98.03%
  16  Dasyuridae_Phascogale_calura                    0.27%    passed     94.61%
  17  Dasyuridae_Sarcophilus_harrisii                 0.23%    passed     97.12%
  18  Dasyuridae_Planigale_tenuirostris               7.36%    passed     87.31%
  19  Peramelidae_Echymipera_kalubu                   0.18%    passed     94.31%
  20  Macropodidae_Dorcopsulus_vanheurni              0.99%    passed     93.83%
  21  Pseudochiridae_Pseudochirulus_forbesi           2.57%    passed     99.99%
  22  Didelphidae_Didelphis_virginiana                4.56%    passed     73.61%
  23  Marmosidae_Monodelphis_domestica                3.66%    passed     73.93%
  24  Dasyuridae_Antechinus_stuartii                  0.18%    passed     89.90%
  25  Hypsiprymnodontidae_Hypsiprymnodon_moschatus    2.03%    passed     96.94%
  26  Microbiotheriidae_Dromiciops_gliroides          8.27%    passed     99.15%
  27  Pseudochiridae_Petauroides_volans              24.48%    passed     11.66%
  28  Macropodidae_Wallabia_bicolor                   5.15%    passed     89.03%
  29  Pseudochiridae_Pseudocheirus_occidentalis       6.41%    passed     48.31%
  30  Tarsipedidae_Tarsipes_rostratus                19.78%    passed     44.12%
  31  Acrobatidae_Distoechurus_pennatus               0.05%    passed     99.77%
  32  Phalangeridae_Phalanger_carmelitae              0.00%    passed     96.78%
  33  Peramelidae_Peroryctes_raffrayana               3.48%    passed     88.59%
  34  Dasyuridae_Dasyurus_geffroii                   26.69%    passed     11.13%
  35  Peramelidae_Perameles_gunnii                    0.72%    passed     95.08%
****  TOTAL                                           4.16%  0 sequences failed composition chi2 test (p-value<5%; df=3)
NOTE: No CharPartition defined, use all CharSets

Loading 15 partitions...
Subset	Type	Seqs	Sites	Infor	Invar	Model	Name
1		34	197	40	130	TESTMERGE	part1.1
2		34	197	13	168	TESTMERGE	part1.2
3		34	197	91	51	TESTMERGE	part1.3
4		35	114	11	92	TESTMERGE	part2.1
5		35	114	13	99	TESTMERGE	part2.2
6		35	114	66	31	TESTMERGE	part2.3
7		33	142	15	113	TESTMERGE	part3.1
8		33	142	16	115	TESTMERGE	part3.2
9		33	142	91	28	TESTMERGE	part3.3
10		35	183	6	174	TESTMERGE	part4.1
11		35	183	2	181	TESTMERGE	part4.2
12		35	183	41	109	TESTMERGE	part4.3
13		35	102	5	89	TESTMERGE	part5.1
14		35	102	5	88	TESTMERGE	part5.2
15		35	102	51	31	TESTMERGE	part5.3
Degree of missing data: 0.019
Info: multi-threading strategy over partitions



Create initial parsimony tree by phylogenetic likelihood library (PLL)... 0.007 seconds
NOTE: ModelFinder requires 8 MB RAM!
NUMBER OF THREADS FOR PARTITION FINDING: 8
Testing GTR+F+G on supermatrix...
GTR+F+G4 / LnL: -11058.079 / df: 76 / AIC: 22268.158 / AICc: 22273.635 / BIC: 22701.553
Selecting individual models for 15 charsets using BIC...
 No. Model        Score       Charset
   1 K3Pu+F+G4    1865.964    part4.3
   2 TIM2+F+G4    925.960     part3.1
   3 TIMe+G4      2336.832    part2.3
   4 TNe+G4       1839.613    part5.3
   5 HKY+F+G4     3641.963    part1.3
   6 TPM2+F+G4    2026.680    part1.1
   7 TN+F+G4      2999.757    part3.3
   8 TN+F+G4      1058.620    part1.2
   9 HKY+F+G4     807.849     part2.1
  10 HKY+F+G4     930.302     part3.2	0h:0m:14s (0h:4m:45s left)
  11 K2P+I        756.171     part2.2	0h:0m:14s (0h:4m:26s left)
  12 K2P+I+G4     533.824     part5.1	0h:0m:15s (0h:4m:16s left)
  13 F81+F+I+G4   572.634     part4.2	0h:0m:16s (0h:4m:5s left)
  14 TIM2+F+G4    531.276     part5.2	0h:0m:16s (0h:3m:48s left)
  15 K2P+I+G4     728.699     part4.1	0h:0m:16s (0h:3m:32s left)
Full partition model BIC score: 22270.325 (LnL: -10595.984  df:140)
Merging models to increase model fit (about 211 total partition schemes)...
  16 HKY+F+G4     22279.849   part1.3+part2.3	0h:0m:21s (0h:4m:21s left)
  17 TPM3+F+G4    22270.031   part1.3+part5.3	0h:0m:21s (0h:4m:10s left)
  18 HKY+F+G4     22255.053   part1.3+part4.3	0h:0m:22s (0h:3m:56s left)
  19 TIM2+F+G4    22345.933   part1.2+part1.3	0h:0m:22s (0h:3m:43s left)
  20 TPM2+F+G4    22357.939   part1.1+part1.3	0h:0m:22s (0h:3m:34s left)
  21 K3P+G4       22265.373   part2.3+part3.3	0h:0m:22s (0h:3m:27s left)
  22 TIM2+F+G4    22290.100   part1.1+part3.3	0h:0m:23s (0h:3m:17s left)
  23 TPM2+F+G4    22303.915   part1.3+part3.3	0h:0m:24s (0h:3m:19s left)
  24 K2P+G4       22250.587   part3.3+part4.3	0h:0m:29s (0h:3m:47s left)
  25 TVMe+G4      22288.603   part1.3+part3.1	0h:0m:29s (0h:3m:43s left)
  26 TN+F+G4      22274.768   part1.3+part3.2	0h:0m:30s (0h:3m:39s left)
  27 TN+F+G4      22255.168   part3.3+part5.3	0h:0m:31s (0h:3m:34s left)
  28 TIM3+F+G4    22282.256   part1.3+part5.2	0h:0m:31s (0h:3m:26s left)
  29 TVMe+G4      22285.856   part1.3+part5.1	0h:0m:32s (0h:3m:22s left)
  30 TPM2u+F+G4   22271.595   part1.3+part2.1	0h:0m:32s (0h:3m:18s left)
  31 TN+F+G4      22253.406   part1.2+part3.3	0h:0m:33s (0h:3m:12s left)
  32 K3Pu+F+G4    22249.634   part2.3+part4.3	0h:0m:35s (0h:3m:16s left)
  33 K3P+G4       22266.611   part2.3+part5.3	0h:0m:37s (0h:3m:22s left)
  34 GTR+F+G4     22365.154   part1.1+part2.3	0h:0m:38s (0h:3m:19s left)
  35 TPM2u+F+G4   22375.404   part1.1+part4.3	0h:0m:38s (0h:3m:13s left)
  36 TPM2u+F+G4   22374.139   part1.3+part4.1	0h:0m:38s (0h:3m:8s left)
  37 TN+F+G4      22293.287   part1.3+part2.2	0h:0m:39s (0h:3m:6s left)
  38 TIM+F+G4     22278.362   part3.1+part3.3	0h:0m:39s (0h:3m:0s left)
  39 TPM2u+F+G4   22321.866   part1.1+part5.3	0h:0m:40s (0h:2m:56s left)
  40 TNe+G4       22254.038   part4.3+part5.3	0h:0m:41s (0h:2m:57s left)
  41 HKY+F+I+G4   22393.203   part1.3+part4.2	0h:0m:42s (0h:2m:57s left)
  42 TN+F+G4      22281.670   part3.2+part3.3	0h:0m:43s (0h:2m:54s left)
  43 TIM2+F+G4    22298.279   part3.3+part5.2	0h:0m:44s (0h:2m:55s left)
  44 TN+F+G4      22267.903   part3.3+part5.1	0h:0m:44s (0h:2m:50s left)
  45 TIM2+F+G4    22291.857   part1.1+part1.2	0h:0m:46s (0h:2m:50s left)
  46 TN+F+G4      22238.542   part2.1+part3.3	0h:0m:46s (0h:2m:46s left)
  47 TN+F+G4      22300.745   part1.2+part5.3	0h:0m:47s (0h:2m:46s left)
  48 TIM+F+G4     22304.406   part1.2+part2.3	0h:0m:49s (0h:2m:47s left)
  49 TN+F+G4      22329.111   part3.3+part4.1	0h:0m:49s (0h:2m:44s left)
  50 TNe+G4       22309.853   part1.2+part4.3	0h:0m:50s (0h:2m:43s left)
  51 SYM+G4       22285.694   part2.3+part3.1	0h:0m:51s (0h:2m:41s left)
  52 K2P+G4       22283.948   part2.2+part3.3	0h:0m:52s (0h:2m:41s left)
  53 K3Pu+F+G4    22303.559   part3.1+part5.3	0h:0m:53s (0h:2m:38s left)
  54 K2P+G4       22407.063   part3.3+part4.2	0h:0m:55s (0h:2m:40s left)
  55 TPM2u+F+G4   22261.321   part1.1+part3.1	0h:0m:56s (0h:2m:39s left)
  56 TIM2e+G4     22285.768   part3.1+part4.3	0h:0m:57s (0h:2m:40s left)
  57 TPM2u+F+G4   22322.503   part1.1+part3.2	0h:1m:0s (0h:2m:42s left)
  58 TN+F+G4      22298.644   part2.3+part3.2	0h:1m:1s (0h:2m:43s left)
  59 HKY+F+G4     22282.463   part3.2+part4.3	0h:1m:4s (0h:2m:46s left)
  60 TIMe+G4      22264.954   part2.3+part5.1	0h:1m:5s (0h:2m:44s left)
  61 K3P+G4       22262.585   part4.3+part5.1	0h:1m:6s (0h:2m:42s left)
  62 TPM2u+F+G4   22265.360   part3.2+part5.3	0h:1m:6s (0h:2m:39s left)
  63 TPM2+F+G4    22272.943   part1.1+part5.1	0h:1m:6s (0h:2m:35s left)
  64 TIM+F+G4     22286.499   part2.3+part5.2	0h:1m:8s (0h:2m:36s left)
  65 TNe+G4       22269.543   part5.1+part5.3	0h:1m:9s (0h:2m:35s left)
  66 TIM2+F+G4    22354.553   part1.1+part5.2	0h:1m:9s (0h:2m:31s left)
  67 TIMe+G4      22256.506   part2.1+part2.3	0h:1m:11s (0h:2m:33s left)
  68 HKY+F+G4     22252.244   part2.1+part5.3	0h:1m:12s (0h:2m:33s left)
  69 TPM2u+F+G4   22250.195   part1.1+part2.1	0h:1m:14s (0h:2m:34s left)
  70 TIM2+F+G4    22286.830   part4.3+part5.2	0h:1m:15s (0h:2m:31s left)
  71 TIM2+F+G4    22296.020   part5.2+part5.3	0h:1m:15s (0h:2m:28s left)
  72 K2P+G4       22250.039   part2.1+part4.3	0h:1m:17s (0h:2m:28s left)
  73 TIMe+I+G4    22328.781   part2.3+part4.1	0h:1m:18s (0h:2m:28s left)
  74 K3Pu+F+I+G4  22286.614   part2.2+part2.3	0h:1m:18s (0h:2m:25s left)
  75 TPM2u+F+G4   22355.505   part1.1+part2.2	0h:1m:19s (0h:2m:24s left)
  76 TIM2+F+G4    22273.801   part1.2+part3.1	0h:1m:20s (0h:2m:23s left)
  77 TNe+G4       22332.093   part4.1+part4.3	0h:1m:21s (0h:2m:21s left)
  78 TPM2u+F+I+G4 22344.950   part1.1+part4.1	0h:1m:23s (0h:2m:22s left)
  79 HKY+F+I+G4   22345.366   part4.1+part5.3	0h:1m:24s (0h:2m:20s left)
  80 TPM2u+F+G4   22278.986   part2.2+part4.3	0h:1m:25s (0h:2m:19s left)
  81 TPM2u+F+I+G4 22301.392   part1.2+part3.2	0h:1m:26s (0h:2m:18s left)
  82 TNe+G4       22287.020   part2.2+part5.3	0h:1m:28s (0h:2m:19s left)
  83 TVM+F+I+G4   22449.423   part1.1+part4.2	0h:1m:30s (0h:2m:19s left)
  84 TPM3u+F+I+G4 22395.625   part4.2+part5.3	0h:1m:30s (0h:2m:17s left)
  85 HKY+F+G4     22312.339   part3.1+part3.2	0h:1m:31s (0h:2m:15s left)
  86 K3Pu+F+I+G4  22396.654   part2.3+part4.2	0h:1m:32s (0h:2m:14s left)
  87 TN+F+I+G4    22266.762   part1.2+part5.1	0h:1m:34s (0h:2m:14s left)
  88 HKY+F+I+G4   22385.187   part4.2+part4.3	0h:1m:35s (0h:2m:12s left)
  89 TIM2+F+G4    22266.000   part1.2+part5.2	0h:1m:37s (0h:2m:13s left)
  90 TIM2+F+G4    22254.481   part3.1+part5.1	0h:1m:38s (0h:2m:12s left)
  91 TN+F+G4      22298.584   part3.1+part5.2	0h:1m:39s (0h:2m:10s left)
  92 HKY+F+I+G4   22286.203   part3.2+part5.1	0h:1m:39s (0h:2m:8s left)
  93 TN+F+I+G4    22247.943   part1.2+part2.1	0h:1m:41s (0h:2m:8s left)
  94 TIM2+F+I+G4  22315.229   part1.2+part2.2	0h:1m:44s (0h:2m:9s left)
  95 TN+F+I+G4    22287.589   part1.2+part4.1	0h:1m:45s (0h:2m:9s left)
  96 TIM2+F+G4    22253.432   part2.1+part3.1	0h:1m:46s (0h:2m:8s left)
  97 K3P+I+G4     22296.743   part2.2+part3.1	0h:1m:47s (0h:2m:6s left)
  98 HKY+F+I+G4   22248.339   part2.1+part3.2	0h:1m:47s (0h:2m:3s left)
  99 TVM+F+G4     22254.564   part3.2+part5.2	0h:1m:50s (0h:2m:4s left)
 100 TIM2+F+I+G4  22294.165   part3.1+part4.1	0h:1m:52s (0h:2m:4s left)
 101 TPM3u+F+I+G4 22359.118   part1.2+part4.2	0h:1m:53s (0h:2m:3s left)
 102 HKY+F+I+G4   22303.596   part3.2+part4.1	0h:1m:54s (0h:2m:2s left)
 103 TN+F+G4      22277.145   part5.1+part5.2	0h:1m:55s (0h:2m:0s left)
 104 K2P+I+G4     22248.576   part2.1+part5.1	0h:1m:57s (0h:2m:0s left)
 105 TPM2u+F+I+G4 22286.552   part2.2+part3.2	0h:1m:59s (0h:2m:0s left)
 106 TN+F+G4      22261.043   part2.1+part5.2	0h:2m:1s (0h:2m:0s left)
 107 K2P+I+G4     22252.907   part2.2+part5.1	0h:2m:3s (0h:1m:59s left)
 108 JC+I+G4      22358.977   part3.1+part4.2	0h:2m:3s (0h:1m:57s left)
 109 GTR+F+I+G4   22319.100   part3.2+part4.2	0h:2m:3s (0h:1m:55s left)
 110 K2P+I+G4     22255.775   part4.1+part5.1	0h:2m:5s (0h:1m:55s left)
 111 TN+F+I+G4    22286.574   part4.1+part5.2	0h:2m:7s (0h:1m:55s left)
 112 K2P+I+G4     22255.115   part2.1+part2.2	0h:2m:8s (0h:1m:53s left)
 113 TIM2+F+I+G4  22282.955   part2.2+part5.2	0h:2m:9s (0h:1m:51s left)
 114 K3P+I+G4     22268.256   part2.2+part4.1	0h:2m:10s (0h:1m:50s left)
 115 HKY+F+I+G4   22271.549   part2.1+part4.1	0h:2m:12s (0h:1m:50s left)
 116 TN+F+I+G4    22313.939   part2.1+part4.2	0h:2m:13s (0h:1m:49s left)
WARNING: ABNORMAL_TERMINATION_IN_LNSRCH
 117 JC+I+G4      22290.477   part4.2+part5.1	0h:2m:14s (0h:1m:48s left)
 118 TIM2+F+I+G4  22298.116   part2.2+part4.2	0h:2m:14s (0h:1m:46s left)
 119 GTR+F+I+G4   22304.504   part4.2+part5.2	0h:2m:15s (0h:1m:44s left)
 120 TPM3u+F+I+G4 22283.045   part4.1+part4.2	0h:2m:15s (0h:1m:42s left)
Merging part2.1+part3.3 with BIC score: 22238.542 (LnL: -10599.349  df: 135)
 121 TN+F+G4      22292.559   part2.1+part3.3+part4.1	0h:2m:21s (0h:1m:45s left)
 122 TN+F+G4      22247.492   part2.1+part3.2+part3.3	0h:2m:21s (0h:1m:43s left)
 123 TIM+F+G4     22247.814   part2.1+part3.1+part3.3	0h:2m:23s (0h:1m:43s left)
 124 TN+F+G4      22235.037   part2.1+part3.3+part5.1	0h:2m:24s (0h:1m:41s left)
 125 TIM2+F+G4    22262.610   part1.1+part2.1+part3.3	0h:2m:24s (0h:1m:39s left)
 126 TIM+F+I+G4   22257.418   part2.1+part2.3+part3.3	0h:2m:24s (0h:1m:37s left)
 127 TN+F+G4      22222.028   part1.2+part2.1+part3.3	0h:2m:24s (0h:1m:35s left)
 128 TIM2+F+G4    22285.387   part1.3+part2.1+part3.3	0h:2m:25s (0h:1m:34s left)
 129 TN+F+G4      22262.222   part2.1+part3.3+part5.2	0h:2m:29s (0h:1m:35s left)
 130 K2P+G4       22239.233   part2.1+part3.3+part4.3	0h:2m:30s (0h:1m:33s left)
 131 HKY+F+I+G4   22388.793   part2.1+part3.3+part4.2	0h:2m:30s (0h:1m:32s left)
 132 K2P+G4       22264.960   part2.1+part2.2+part3.3	0h:2m:30s (0h:1m:30s left)
 133 TN+F+G4      22226.153   part2.1+part3.3+part5.3	0h:2m:31s (0h:1m:28s left)
Merging part2.3+part4.3 with BIC score: 22217.851 (LnL: -10604.408  df: 131)
 134 TIMe+G4      22293.870   part2.3+part4.1+part4.3	0h:2m:36s (0h:1m:29s left)
 135 TIM2e+G4     22239.651   part2.3+part3.1+part4.3	0h:2m:36s (0h:1m:28s left)
 136 K3P+G4       22216.058   part2.3+part4.3+part5.3	0h:2m:36s (0h:1m:26s left)
 137 TVMe+G4      22344.299   part1.1+part2.3+part4.3	0h:2m:38s (0h:1m:25s left)
 138 HKY+F+G4     22219.583   part1.3+part2.3+part4.3	0h:2m:38s (0h:1m:23s left)
 139 TN+F+G4      22234.504   part2.3+part4.3+part5.2	0h:2m:39s (0h:1m:22s left)
 140 TNe+G4       22266.961   part1.2+part2.3+part4.3	0h:2m:40s (0h:1m:21s left)
 141 TN+F+G4      22245.609   part2.3+part3.2+part4.3	0h:2m:40s (0h:1m:19s left)
 142 TNe+G4       22216.202   part2.3+part4.3+part5.1	0h:2m:43s (0h:1m:19s left)
 143 K2P+G4       22232.786   part2.1+part2.3+part3.3+part4.3	0h:2m:44s (0h:1m:18s left)
 144 K3Pu+F+G4    22227.393   part2.2+part2.3+part4.3	0h:2m:44s (0h:1m:16s left)
 145 HKY+F+I+G4   22347.504   part2.3+part4.2+part4.3	0h:2m:44s (0h:1m:14s left)
Merging part2.2+part5.1 with BIC score: 22200.433 (LnL: -10603.402  df: 129)
 146 K3P+I+G4     22224.707   part2.2+part3.1+part5.1	0h:2m:48s (0h:1m:15s left)
 147 TPM2u+F+I+G4 22287.813   part1.1+part2.2+part5.1	0h:2m:49s (0h:1m:13s left)
 148 K3Pu+F+G4    22232.976   part2.2+part2.3+part4.3+part5.1	0h:2m:50s (0h:1m:12s left)
 149 K3P+I+G4     22198.119   part2.2+part4.1+part5.1	0h:2m:50s (0h:1m:10s left)
 150 TNe+G4       22224.960   part2.2+part5.1+part5.3	0h:2m:51s (0h:1m:9s left)
 151 HKY+F+I+G4   22230.748   part2.2+part3.2+part5.1	0h:2m:51s (0h:1m:8s left)
 152 TN+F+I+G4    22242.790   part1.2+part2.2+part5.1	0h:2m:51s (0h:1m:6s left)
 153 HKY+F+G4     22256.724   part1.3+part2.2+part5.1	0h:2m:52s (0h:1m:5s left)
 154 HKY+F+I+G4   22245.641   part2.2+part4.2+part5.1	0h:2m:54s (0h:1m:4s left)
 155 TN+F+I+G4    22232.080   part2.2+part5.1+part5.2	0h:2m:54s (0h:1m:3s left)
 156 HKY+F+I+G4   22237.243   part2.1+part2.2+part3.3+part5.1	0h:2m:54s (0h:1m:1s left)
Merging part1.2+part2.1+part3.3 with BIC score: 22183.919 (LnL: -10618.252  df: 123)
 157 TN+F+I+G4    22349.343   part1.2+part2.1+part3.3+part4.2	0h:3m:1s (0h:1m:2s left)
 158 TN+F+I+G4    22241.028   part1.2+part2.1+part3.3+part4.1	0h:3m:3s (0h:1m:1s left)
 159 TN+F+I+G4    22238.427   part1.2+part2.1+part2.2+part3.3+part5.1	0h:3m:4s (0h:1m:0s left)
 160 TN+F+I+G4    22204.638   part1.2+part2.1+part3.2+part3.3	0h:3m:4s (0h:0m:58s left)
 161 TIM+F+G4     22200.791   part1.2+part2.1+part3.1+part3.3	0h:3m:5s (0h:0m:57s left)
 162 TN+F+G4      22214.384   part1.2+part2.1+part3.3+part5.2	0h:3m:5s (0h:0m:56s left)
 163 TIM2+F+G4    22218.746   part1.1+part1.2+part2.1+part3.3	0h:3m:6s (0h:0m:54s left)
 164 TIM2+F+G4    22270.786   part1.2+part1.3+part2.1+part3.3	0h:3m:7s (0h:0m:53s left)
 165 TN+F+I+G4    22185.043   part1.2+part2.1+part3.3+part5.3	0h:3m:11s (0h:0m:53s left)
 166 TN+F+I+G4    22260.629   part1.2+part2.1+part2.3+part3.3+part4.3	0h:3m:11s (0h:0m:51s left)
Merging part3.2+part5.2 with BIC score: 22168.158 (LnL: -10625.777  df: 119)
 167 HKY+F+I+G4   22227.188   part3.1+part3.2+part5.2	0h:3m:15s (0h:0m:51s left)
 168 TPM3u+F+I+G4 22268.100   part1.1+part3.2+part5.2	0h:3m:19s (0h:0m:50s left)
 169 HKY+F+I+G4   22212.252   part3.2+part4.1+part5.2	0h:3m:20s (0h:0m:49s left)
 170 TPM2u+F+I+G4 22204.105   part2.2+part3.2+part5.1+part5.2	0h:3m:23s (0h:0m:48s left)
 171 TVM+F+G4     22178.332   part3.2+part5.2+part5.3	0h:3m:23s (0h:0m:47s left)
 172 TIM3+F+G4    22181.801   part1.3+part3.2+part5.2	0h:3m:24s (0h:0m:46s left)
 173 TVM+F+I+G4   22219.656   part3.2+part4.2+part5.2	0h:3m:25s (0h:0m:45s left)
 174 TIM2+F+I+G4  22220.402   part1.2+part2.1+part3.2+part3.3+part5.2	0h:3m:25s (0h:0m:43s left)
 175 TIM2+F+G4    22208.349   part2.3+part3.2+part4.3+part5.2	0h:3m:27s (0h:0m:42s left)
Merging part1.1+part3.1 with BIC score: 22159.154 (LnL: -10648.234  df: 112)
 176 TPM2u+F+I+G4 22234.109   part1.1+part2.2+part3.1+part5.1	0h:3m:34s (0h:0m:42s left)
 177 TPM2u+F+I+G4 22278.602   part1.1+part3.1+part3.2+part5.2	0h:3m:34s (0h:0m:41s left)
 178 TPM2u+F+I+G4 22335.699   part1.1+part3.1+part4.2	0h:3m:35s (0h:0m:39s left)
 179 TPM2u+F+I+G4 22222.018   part1.1+part3.1+part4.1	0h:3m:35s (0h:0m:38s left)
 180 TPM2+F+G4    22214.204   part1.1+part3.1+part5.3	0h:3m:36s (0h:0m:37s left)
 181 TIM2+F+G4    22293.244   part1.1+part2.3+part3.1+part4.3	0h:3m:36s (0h:0m:35s left)
 182 TPM2+F+G4    22244.444   part1.1+part1.3+part3.1	0h:3m:37s (0h:0m:34s left)
 183 TIM2+F+G4    22201.663   part1.1+part1.2+part2.1+part3.1+part3.3	0h:3m:38s (0h:0m:33s left)
Merging part2.2+part4.1+part5.1 with BIC score: 22156.840 (LnL: -10654.779  df: 110)
 184 TNe+I+G4     22225.200   part2.2+part4.1+part5.1+part5.3	0h:3m:42s (0h:0m:32s left)
 185 TIMe+I+G4    22244.811   part2.2+part2.3+part4.1+part4.3+part5.1	0h:3m:45s (0h:0m:31s left)
 186 TPM2u+F+I+G4 22286.099   part1.3+part2.2+part4.1+part5.1	0h:3m:46s (0h:0m:30s left)
 187 TPM2u+F+I+G4 22260.901   part1.1+part2.2+part3.1+part4.1+part5.1	0h:3m:46s (0h:0m:29s left)
 188 K2P+I+G4     22181.922   part2.2+part4.1+part4.2+part5.1	0h:3m:47s (0h:0m:27s left)
 189 TN+F+I+G4    22244.712   part1.2+part2.1+part2.2+part3.3+part4.1+part5.1	0h:3m:47s (0h:0m:26s left)
 190 HKY+F+I+G4   22207.690   part2.2+part3.2+part4.1+part5.1+part5.2	0h:3m:47s (0h:0m:25s left)
Merging part2.3+part4.3+part5.3 with BIC score: 22155.047 (LnL: -10676.991  df: 104)
 191 K3P+I+G4     22247.776   part2.2+part2.3+part4.1+part4.3+part5.1+part5.3	0h:3m:53s (0h:0m:24s left)
 192 TVMe+G4      22303.156   part1.1+part2.3+part3.1+part4.3+part5.3	0h:3m:55s (0h:0m:23s left)
 193 HKY+F+G4     22163.180   part1.3+part2.3+part4.3+part5.3	0h:3m:57s (0h:0m:22s left)
 194 K3Pu+F+I+G4  22296.839   part2.3+part4.2+part4.3+part5.3	0h:3m:58s (0h:0m:20s left)
 195 TIM2+F+G4    22205.705   part2.3+part3.2+part4.3+part5.2+part5.3	0h:3m:59s (0h:0m:19s left)
 196 TIM+F+I+G4   22227.742   part1.2+part2.1+part2.3+part3.3+part4.3+part5.3	0h:3m:59s (0h:0m:18s left)
BEST-FIT PARTITION MODEL: 
  charpartition BIC = TPM2u+F+G4: part1.1 part3.1, TN+F+G4: part1.2 part2.1 part3.3, HKY+F+G4: part1.3, K3P+I+G4: part2.2 part4.1 part5.1, K3P+G4: part2.3 part4.3 part5.3, TVM+F+G4: part3.2 part5.2, F81+F+I+G4: part4.2;
Agglomerative model selection: ((part1.1,part3.1)6:22159.2,(part1.2,(part2.1,part3.3)1:22238.5)4:22183.9,part1.3,((part2.2,part5.1)3:22200.4,part4.1)7:22156.8,((part2.3,part4.3)2:22217.9,part5.3)8:22155,(part3.2,part5.2)5:22168.2,part4.2)
Merging into 7 partitions...
Partition information was printed to 2_set198.best_scheme.nex
Partition information in Raxml format was printed to 2_set198.best_scheme

All model information printed to 2_set198.model.gz
CPU time for ModelFinder: 280.577 seconds (0h:4m:40s)
Wall-clock time for ModelFinder: 240.392 seconds (0h:4m:0s)
Generating 1000 samples for ultrafast bootstrap (seed: 172938)...

NOTE: 8 MB RAM (0 GB) is required!
Measuring multi-threading efficiency up to 8 CPU cores
Increase to 10 rounds for branch lengths
24 trees examined
Threads: 1 / Time: 8.126 sec / Speedup: 1.000 / Efficiency: 100% / LogL: -16259
Threads: 2 / Time: 21.195 sec / Speedup: 0.383 / Efficiency: 19% / LogL: -16259
BEST NUMBER OF THREADS: 1

Estimate model parameters (epsilon = 0.100)
Initial log-likelihood: -11385.067
Current log-likelihood at step 1: -10836.478
Current log-likelihood at step 2: -10785.458
Current log-likelihood at step 3: -10762.250
Current log-likelihood at step 4: -10729.123
Current log-likelihood at step 5: -10726.098
Current log-likelihood at step 6: -10722.963
Current log-likelihood at step 7: -10719.684
Current log-likelihood at step 8: -10716.241
Current log-likelihood at step 9: -10712.613
Current log-likelihood at step 10: -10708.782
Current log-likelihood at step 11: -10704.724
Current log-likelihood at step 12: -10700.422
Current log-likelihood at step 13: -10695.861
Current log-likelihood at step 14: -10691.043
Current log-likelihood at step 15: -10686.008
Current log-likelihood at step 16: -10641.719
Current log-likelihood at step 17: -10633.054
Current log-likelihood at step 18: -10633.048
Parameters optimization took 17 rounds (2.962 sec)

Computing ML distances based on estimated model parameters... 0.067 sec
Computing BIONJ tree...
0.005 seconds
Log-likelihood of BIONJ tree: -10716.622
--------------------------------------------------------------------
|             INITIALIZING CANDIDATE TREE SET                      |
--------------------------------------------------------------------
Generating 98 parsimony trees... 3.713 second
Computing log-likelihood of 98 initial trees ... 10.479 seconds
Current best score: -10633.048

Do NNI search on 20 best initial trees
Estimate model parameters (epsilon = 0.100)
Initial log-likelihood: -10630.991
Current log-likelihood at step 1: -10630.975
Parameters optimization took 0 rounds (0.127 sec)

BETTER TREE FOUND at iteration 1: -10630.975
Iteration 10 / LogL: -10631.032 / Time: 0h:0m:52s
Iteration 20 / LogL: -10630.980 / Time: 0h:0m:58s
Finish initializing candidate tree set (3)
Current best tree score: -10630.975 / CPU time: 25.711
Number of iterations: 20
--------------------------------------------------------------------
|               OPTIMIZING CANDIDATE TREE SET                      |
--------------------------------------------------------------------
Iteration 30 / LogL: -10635.028 / Time: 0h:1m:11s (0h:2m:54s left)
Iteration 40 / LogL: -10631.540 / Time: 0h:1m:22s (0h:2m:8s left)
Iteration 50 / LogL: -10630.984 / Time: 0h:1m:32s (0h:1m:35s left)
Log-likelihood cutoff on original alignment: -10674.100
Iteration 60 / LogL: -10631.540 / Time: 0h:1m:44s (0h:1m:12s left)
Iteration 70 / LogL: -10637.107 / Time: 0h:1m:54s (0h:0m:51s left)
Iteration 80 / LogL: -10630.985 / Time: 0h:2m:5s (0h:0m:33s left)
Iteration 90 / LogL: -10630.977 / Time: 0h:2m:16s (0h:0m:16s left)
Iteration 100 / LogL: -10630.979 / Time: 0h:2m:26s (0h:0m:1s left)
Log-likelihood cutoff on original alignment: -10674.100
NOTE: Bootstrap correlation coefficient of split occurrence frequencies: 1.000
TREE SEARCH COMPLETED AFTER 102 ITERATIONS / Time: 0h:2m:28s

--------------------------------------------------------------------
|                    FINALIZING TREE SEARCH                        |
--------------------------------------------------------------------
Performs final model parameters optimization
Estimate model parameters (epsilon = 0.010)
Initial log-likelihood: -10630.975
Current log-likelihood at step 1: -10630.975
Parameters optimization took 0 rounds (0.093 sec)

BEST SCORE FOUND : -10630.975
Creating bootstrap support values...
Split supports printed to NEXUS file 2_set198.splits.nex
Total tree length: 1.204

Total number of iterations: 102
CPU time used for tree search: 52.065 sec (0h:0m:52s)
Wall-clock time used for tree search: 115.818 sec (0h:1m:55s)
Total CPU time used: 63.000 sec (0h:1m:3s)
Total wall-clock time used: 149.382 sec (0h:2m:29s)

Computing bootstrap consensus tree...
Reading input file 2_set198.splits.nex...
35 taxa and 162 splits.
Consensus tree written to 2_set198.contree
Reading input trees file 2_set198.contree
Log-likelihood of consensus tree: -10630.975

Analysis results written to: 
  IQ-TREE report:                2_set198.iqtree
  Maximum-likelihood tree:       2_set198.treefile
  Likelihood distances:          2_set198.mldist
  Best partitioning scheme:      2_set198.best_scheme.nex
           in RAxML format:      2_set198.best_scheme

Ultrafast bootstrap approximation results written to:
  Split support values:          2_set198.splits.nex
  Consensus tree:                2_set198.contree
  Screen log file:               2_set198.log

Date and Time: Fri Sep  7 20:24:41 2018
