IQ-TREE multicore version 1.6.3 for Mac OS X 64-bit built Mar 22 2018
Developed by Bui Quang Minh, Nguyen Lam Tung, Olga Chernomor,
Heiko Schmidt, Dominik Schrempf, Michael Woodhams.

Host:    meeps-mac-pro.staff.sydney.edu.au (AVX, 64 GB RAM)
Command: /Users/davidduchene/Desktop/Software/iqtree-1.6.3-MacOSX/bin/iqtree -s ../../../../marsupials/set13.fasta -m TEST -bb 1000 -nt AUTO -pre 1_set13
Seed:    472676 (Using SPRNG - Scalable Parallel Random Number Generator)
Time:    Fri Jul 27 14:00:32 2018
Kernel:  AVX - auto-detect threads (8 CPU cores detected)

Reading alignment file ../../../../marsupials/set13.fasta ... Fasta format detected
Alignment most likely contains DNA/RNA sequences
Alignment has 39 sequences with 2598 columns, 968 distinct patterns
606 parsimony-informative, 332 singleton sites, 1660 constant sites
                                              Gap/Ambiguity  Composition  p-value
   1  Burramyidae_Burramys_parvus                     0.46%    passed     97.80%
   2  Thylacomyidae_Macrotis_lagotis1                84.18%    failed      0.27%
   3  Notoryctidae_Notoryctes_typhlops                0.81%    passed     90.25%
   4  Thylacomyidae_Macrotis_lagotis2                84.18%    failed      0.27%
   5  Vombatidae_Lasiorhinus_latifrons                0.15%    passed     48.41%
   6  Potoroidae_Bettongia_penicillata                6.00%    passed     98.23%
   7  Potoroidae_Bettongia_lesueur                    4.04%    passed     98.94%
   8  Dasyuridae_Dasyurus_maculatus                   0.08%    passed     92.75%
   9  Phalangeridae_Trichosurus_vulpecula             0.08%    passed     95.21%
  10  Phalangeridae_Spilocuscus_maculatus             0.46%    passed     98.38%
  11  Potoroidae_Aepyprymnus_rufescens                0.65%    passed     98.57%
  12  Peramelidae_Perameles_nasuta                    0.73%    passed     87.56%
  13  Myrmecobiidae_Myrmecobius_fasciatus1           90.07%    passed     38.85%
  14  Phalangeridae_Strigocuscus_pelengensis          2.08%    passed     98.95%
  15  Dasyuridae_Phascogale_tapoatafa                 2.50%    passed     92.08%
  16  Dasyuridae_Sminthopsis_macroura                 0.04%    passed     84.77%
  17  Phalangeridae_Phalanger_orientalis              0.38%    passed     97.39%
  18  Acrobatidae_Acrobates_pygmaeus                  0.19%    passed     99.37%
  19  Dasyuridae_Phascogale_calura                    0.19%    passed     88.68%
  20  Dasyuridae_Sarcophilus_harrisii                 0.08%    passed     98.31%
  21  Dasyuridae_Planigale_tenuirostris               8.55%    passed     97.93%
  22  Peramelidae_Echymipera_kalubu                   0.54%    passed     82.75%
  23  Macropodidae_Dorcopsulus_vanheurni              0.31%    passed     94.24%
  24  Pseudochiridae_Pseudochirulus_forbesi           0.04%    passed     65.57%
  25  Didelphidae_Didelphis_virginiana                3.43%    passed     84.40%
  26  Marmosidae_Monodelphis_domestica                0.12%    passed     97.14%
  27  Dasyuridae_Antechinus_stuartii                  0.38%    passed     94.95%
  28  Hypsiprymnodontidae_Hypsiprymnodon_moschatus    1.42%    passed     98.61%
  29  Microbiotheriidae_Dromiciops_gliroides          2.27%    passed     78.77%
  30  Pseudochiridae_Petauroides_volans               2.23%    passed     67.37%
  31  Macropodidae_Wallabia_bicolor                   0.38%    passed     86.45%
  32  Pseudochiridae_Pseudocheirus_occidentalis      18.98%    passed     42.61%
  33  Tarsipedidae_Tarsipes_rostratus                 0.77%    passed     97.44%
  34  Acrobatidae_Distoechurus_pennatus               0.04%    passed     91.77%
  35  Myrmecobiidae_Myrmecobius_fasciatus2           90.07%    passed     38.85%
  36  Phalangeridae_Phalanger_carmelitae              0.31%    passed     94.86%
  37  Peramelidae_Peroryctes_raffrayana               4.50%    passed     97.91%
  38  Dasyuridae_Dasyurus_geffroii                    3.23%    passed     91.43%
  39  Peramelidae_Perameles_gunnii                    1.85%    passed     84.04%
WARNING: 4 sequences contain more than 50% gaps/ambiguity
****  TOTAL                                          10.69%  2 sequences failed composition chi2 test (p-value<5%; df=3)
NOTE: Thylacomyidae_Macrotis_lagotis2 is identical to Thylacomyidae_Macrotis_lagotis1 but kept for subsequent analysis
NOTE: Myrmecobiidae_Myrmecobius_fasciatus2 is identical to Myrmecobiidae_Myrmecobius_fasciatus1 but kept for subsequent analysis


Create initial parsimony tree by phylogenetic likelihood library (PLL)... 0.006 seconds
NOTE: ModelFinder requires 8 MB RAM!
ModelFinder will test 88 DNA models (sample size: 2598) ...
 No. Model         -LnL         df  AIC          AICc         BIC
Measuring multi-threading efficiency up to 8 CPU cores
Increase to 10 rounds for branch lengths
179 trees examined
Threads: 1 / Time: 8.017 sec / Speedup: 1.000 / Efficiency: 100% / LogL: -22947
Threads: 2 / Time: 5.150 sec / Speedup: 1.556 / Efficiency: 78% / LogL: -22947
Threads: 3 / Time: 4.829 sec / Speedup: 1.660 / Efficiency: 55% / LogL: -22947
Threads: 4 / Time: 6.997 sec / Speedup: 1.146 / Efficiency: 29% / LogL: -22947
BEST NUMBER OF THREADS: 3

  1  JC            15090.980    75  30331.960    30336.480    30771.648
  2  JC+I          14677.066    76  29506.131    29510.774    29951.681
  3  JC+G4         14623.383    76  29398.766    29403.409    29844.316
  4  JC+I+G4       14611.404    77  29376.808    29381.575    29828.221
  5  F81+F         15093.893    78  30343.785    30348.677    30801.060
  6  F81+F+I       14679.442    79  29516.884    29521.904    29980.021
  7  F81+F+G4      14626.046    79  29410.092    29415.112    29873.230
  8  F81+F+I+G4    14614.027    80  29388.053    29393.202    29857.053
  9  K2P           14423.549    76  28999.098    29003.740    29444.648
 10  K2P+I         13994.772    77  28143.543    28148.310    28594.956
 11  K2P+G4        13935.978    77  28025.955    28030.722    28477.367
 12  K2P+I+G4      13922.293    78  28000.585    28005.478    28457.860
 13  HKY+F         14426.770    79  29011.540    29016.560    29474.677
 14  HKY+F+I       13995.889    80  28151.778    28156.927    28620.778
 15  HKY+F+G4      13937.674    80  28035.349    28040.498    28504.349
 16  HKY+F+I+G4    13923.987    81  28009.975    28015.254    28484.837
 17  TNe           14423.168    77  29000.336    29005.103    29451.748
 18  TNe+I         13994.734    78  28145.469    28150.361    28602.743
 19  TNe+G4        13935.957    78  28027.914    28032.806    28485.188
 20  TNe+I+G4      13922.191    79  28002.382    28007.402    28465.520
 21  TN+F          14425.422    80  29010.844    29015.993    29479.844
 22  TN+F+I        13995.402    81  28152.805    28158.085    28627.667
 23  TN+F+G4       13937.244    81  28036.489    28041.768    28511.351
 24  TN+F+I+G4     13923.426    82  28010.852    28016.265    28491.577
 25  K3P           14420.871    77  28995.741    29000.508    29447.153
 26  K3P+I         13991.978    78  28139.957    28144.849    28597.231
 27  K3P+G4        13933.116    78  28022.231    28027.124    28479.506
 28  K3P+I+G4      13919.292    79  27996.583    28001.603    28459.720
 29  K3Pu+F        14424.080    80  29008.161    29013.310    29477.160
 30  K3Pu+F+I      13993.002    81  28148.004    28153.283    28622.866
 31  K3Pu+F+G4     13934.730    81  28031.460    28036.740    28506.322
 32  K3Pu+F+I+G4   13920.908    82  28005.817    28011.229    28486.541
 33  TPM2+F        14419.389    80  28998.778    29003.927    29467.777
 34  TPM2+F+I      13985.327    81  28132.654    28137.934    28607.516
 35  TPM2+F+G4     13928.177    81  28018.353    28023.633    28493.216
 36  TPM2+F+I+G4   13914.321    82  27992.642    27998.055    28473.367
 37  TPM2u+F       14419.393    80  28998.786    29003.935    29467.786
 38  TPM2u+F+I     13985.327    81  28132.655    28137.935    28607.517
 39  TPM2u+F+G4    13928.176    81  28018.352    28023.632    28493.214
 40  TPM2u+F+I+G4  13914.293    82  27992.585    27997.998    28473.310
 41  TPM3+F        14422.207    80  29004.414    29009.563    29473.414
 42  TPM3+F+I      13993.578    81  28149.156    28154.436    28624.018
 43  TPM3+F+G4     13934.871    81  28031.742    28037.022    28506.605
 44  TPM3+F+I+G4   13920.949    82  28005.898    28011.311    28486.623
 45  TPM3u+F       14422.207    80  29004.414    29009.563    29473.414
 46  TPM3u+F+I     13993.578    81  28149.156    28154.436    28624.018
 47  TPM3u+F+G4    13934.871    81  28031.742    28037.022    28506.604
 48  TPM3u+F+I+G4  13920.929    82  28005.857    28011.270    28486.582
 49  TIMe          14420.490    78  28996.980    29001.872    29454.255
 50  TIMe+I        13991.940    79  28141.880    28146.900    28605.018
 51  TIMe+G4       13933.096    79  28024.193    28029.213    28487.330
 52  TIMe+I+G4     13919.119    80  27998.238    28003.387    28467.237
 53  TIM+F         14422.736    81  29007.472    29012.752    29482.335
 54  TIM+F+I       13992.520    82  28149.040    28154.452    28629.765
 55  TIM+F+G4      13934.313    82  28032.625    28038.038    28513.350
 56  TIM+F+I+G4    13920.288    83  28006.575    28012.122    28493.163
 57  TIM2e         14416.888    78  28989.775    28994.668    29447.050
 58  TIM2e+I       13985.749    79  28129.498    28134.517    28592.635
 59  TIM2e+G4      13928.154    79  28014.309    28019.328    28477.446
 60  TIM2e+I+G4    13914.135    80  27988.271    27993.420    28457.271
 61  TIM2+F        14418.054    81  28998.108    29003.388    29472.971
 62  TIM2+F+I      13984.853    82  28133.706    28139.118    28614.431
 63  TIM2+F+G4     13927.714    82  28019.428    28024.841    28500.153
 64  TIM2+F+I+G4   13913.630    83  27993.260    27998.806    28479.847
 65  TIM3e         14418.258    78  28992.516    28997.409    29449.791
 66  TIM3e+I       13992.086    79  28142.172    28147.191    28605.309
 67  TIM3e+G4      13932.727    79  28023.453    28028.473    28486.590
 68  TIM3e+I+G4    13918.649    80  27997.297    28002.446    28466.297
 69  TIM3+F        14420.853    81  29003.706    29008.986    29478.569
 70  TIM3+F+I      13993.100    82  28150.200    28155.612    28630.925
 71  TIM3+F+G4     13934.418    82  28032.836    28038.249    28513.561
 72  TIM3+F+I+G4   13920.301    83  28006.602    28012.148    28493.189
 73  TVMe          14410.623    79  28979.245    28984.265    29442.382
 74  TVMe+I        13981.471    80  28122.942    28128.091    28591.941
 75  TVMe+G4       13923.175    80  28006.350    28011.499    28475.350
 76  TVMe+I+G4     13909.054    81  27980.107    27985.387    28454.969
 77  TVM+F         14413.100    82  28990.201    28995.613    29470.925
 78  TVM+F+I       13981.347    83  28128.694    28134.241    28615.281
 79  TVM+F+G4      13923.569    83  28013.139    28018.686    28499.726
 80  TVM+F+I+G4    13909.430    84  27986.860    27992.543    28479.310
 81  SYM           14410.240    80  28980.481    28985.630    29449.481
 82  SYM+I         13981.438    81  28124.877    28130.157    28599.739
 83  SYM+G4        13923.139    81  28008.277    28013.557    28483.139
 84  SYM+I+G4      13908.972    82  27981.944    27987.357    28462.669
 85  GTR+F         14411.764    83  28989.528    28995.075    29476.116
 86  GTR+F+I       13980.867    84  28129.734    28135.416    28622.184
 87  GTR+F+G4      13923.102    84  28014.203    28019.886    28506.653
 88  GTR+F+I+G4    13908.879    85  27987.757    27993.577    28486.069
Akaike Information Criterion:           TVMe+I+G4
Corrected Akaike Information Criterion: TVMe+I+G4
Bayesian Information Criterion:         TVMe+I+G4
Best-fit model: TVMe+I+G4 chosen according to BIC

All model information printed to 1_set13.model.gz
CPU time for ModelFinder: 54.814 seconds (0h:0m:54s)
Wall-clock time for ModelFinder: 29.222 seconds (0h:0m:29s)
Generating 1000 samples for ultrafast bootstrap (seed: 472676)...

NOTE: 8 MB RAM (0 GB) is required!
Measuring multi-threading efficiency up to 8 CPU cores
Increase to 10 rounds for branch lengths
61 trees examined
Threads: 1 / Time: 8.059 sec / Speedup: 1.000 / Efficiency: 100% / LogL: -20698
Threads: 2 / Time: 5.324 sec / Speedup: 1.514 / Efficiency: 76% / LogL: -20698
Threads: 3 / Time: 5.043 sec / Speedup: 1.598 / Efficiency: 53% / LogL: -20698
Threads: 4 / Time: 4.575 sec / Speedup: 1.762 / Efficiency: 44% / LogL: -20698
BEST NUMBER OF THREADS: 3

Estimate model parameters (epsilon = 0.100)
Thoroughly optimizing +I+G parameters from 10 start values...
Init pinv, alpha: 0.000, 1.000 / Estimate: 0.000, 0.377 / LogL: -13923.169
Init pinv, alpha: 0.071, 1.000 / Estimate: 0.075, 0.437 / LogL: -13919.411
Init pinv, alpha: 0.142, 1.000 / Estimate: 0.149, 0.515 / LogL: -13915.897
Init pinv, alpha: 0.213, 1.000 / Estimate: 0.222, 0.618 / LogL: -13912.769
Init pinv, alpha: 0.284, 1.000 / Estimate: 0.292, 0.761 / LogL: -13910.304
Init pinv, alpha: 0.355, 1.000 / Estimate: 0.357, 0.956 / LogL: -13908.990
Init pinv, alpha: 0.426, 1.000 / Estimate: 0.416, 1.235 / LogL: -13909.376
Init pinv, alpha: 0.497, 1.000 / Estimate: 0.420, 1.260 / LogL: -13909.491
Init pinv, alpha: 0.568, 1.000 / Estimate: 0.420, 1.263 / LogL: -13909.508
Init pinv, alpha: 0.639, 1.000 / Estimate: 0.421, 1.266 / LogL: -13909.526
Optimal pinv,alpha: 0.357, 0.956 / LogL: -13908.990

Parameters optimization took 3.035 sec
Computing ML distances based on estimated model parameters... 0.036 sec
WARNING: Some pairwise ML distances are too long (saturated)
Computing BIONJ tree...
0.002 seconds
Log-likelihood of BIONJ tree: -13937.034
--------------------------------------------------------------------
|             INITIALIZING CANDIDATE TREE SET                      |
--------------------------------------------------------------------
Generating 98 parsimony trees... 0.713 second
Computing log-likelihood of 98 initial trees ... 1.728 seconds
Current best score: -13908.990

Do NNI search on 20 best initial trees
Estimate model parameters (epsilon = 0.100)
BETTER TREE FOUND at iteration 1: -13905.000
Estimate model parameters (epsilon = 0.100)
BETTER TREE FOUND at iteration 2: -13904.167
Iteration 10 / LogL: -13904.220 / Time: 0h:0m:59s
Iteration 20 / LogL: -13904.244 / Time: 0h:1m:1s
Finish initializing candidate tree set (3)
Current best tree score: -13904.167 / CPU time: 5.809
Number of iterations: 20
--------------------------------------------------------------------
|               OPTIMIZING CANDIDATE TREE SET                      |
--------------------------------------------------------------------
Estimate model parameters (epsilon = 0.100)
UPDATE BEST LOG-LIKELIHOOD: -13904.129
Iteration 30 / LogL: -13905.650 / Time: 0h:1m:4s (0h:1m:27s left)
Iteration 40 / LogL: -13904.306 / Time: 0h:1m:7s (0h:1m:0s left)
Iteration 50 / LogL: -13904.177 / Time: 0h:1m:10s (0h:0m:43s left)
Log-likelihood cutoff on original alignment: -13935.072
Iteration 60 / LogL: -13904.160 / Time: 0h:1m:13s (0h:0m:31s left)
Iteration 70 / LogL: -13905.414 / Time: 0h:1m:16s (0h:0m:21s left)
Iteration 80 / LogL: -13904.210 / Time: 0h:1m:18s (0h:0m:13s left)
Iteration 90 / LogL: -13932.547 / Time: 0h:1m:21s (0h:0m:7s left)
Iteration 100 / LogL: -13905.265 / Time: 0h:1m:24s (0h:0m:1s left)
Log-likelihood cutoff on original alignment: -13935.072
NOTE: Bootstrap correlation coefficient of split occurrence frequencies: 0.999
TREE SEARCH COMPLETED AFTER 103 ITERATIONS / Time: 0h:1m:25s

--------------------------------------------------------------------
|                    FINALIZING TREE SEARCH                        |
--------------------------------------------------------------------
Performs final model parameters optimization
Estimate model parameters (epsilon = 0.010)
1. Initial log-likelihood: -13904.129
Optimal log-likelihood: -13904.125
Rate parameters:  A-C: 1.81814  A-G: 8.02702  A-T: 1.18232  C-G: 1.02011  C-T: 8.02702  G-T: 1.00000
Base frequencies:  A: 0.250  C: 0.250  G: 0.250  T: 0.250
Proportion of invariable sites: 0.360
Gamma shape alpha: 0.967
Parameters optimization took 1 rounds (0.040 sec)
BEST SCORE FOUND : -13904.125
Creating bootstrap support values...
Split supports printed to NEXUS file 1_set13.splits.nex
Total tree length: 0.852

Total number of iterations: 103
CPU time used for tree search: 55.257 sec (0h:0m:55s)
Wall-clock time used for tree search: 29.767 sec (0h:0m:29s)
Total CPU time used: 156.644 sec (0h:2m:36s)
Total wall-clock time used: 85.485 sec (0h:1m:25s)

Computing bootstrap consensus tree...
Reading input file 1_set13.splits.nex...
39 taxa and 169 splits.
Consensus tree written to 1_set13.contree
Reading input trees file 1_set13.contree
Log-likelihood of consensus tree: -13904.126

Analysis results written to: 
  IQ-TREE report:                1_set13.iqtree
  Maximum-likelihood tree:       1_set13.treefile
  Likelihood distances:          1_set13.mldist

Ultrafast bootstrap approximation results written to:
  Split support values:          1_set13.splits.nex
  Consensus tree:                1_set13.contree
  Screen log file:               1_set13.log

Date and Time: Fri Jul 27 14:01:58 2018
