IQ-TREE multicore version 1.6.7 for Mac OS X 64-bit built Aug 23 2018
Developed by Bui Quang Minh, Nguyen Lam Tung, Olga Chernomor,
Heiko Schmidt, Dominik Schrempf, Michael Woodhams.

Host:    meeps-mac-pro.staff.sydney.edu.au (AVX, 64 GB RAM)
Command: /Users/davidduchene/Desktop/Software/iqtree-1.6.7-MacOSX/bin/iqtree -s ../../../../marsupials/set73.fasta -m TESTMERGE -bb 1000 -q ../../../../marsupials/set73.nex -nt AUTO -pre 2_set73
Seed:    997861 (Using SPRNG - Scalable Parallel Random Number Generator)
Time:    Fri Sep  7 00:20:57 2018
Kernel:  AVX - auto-detect threads (8 CPU cores detected)

Reading partition model file ../../../../marsupials/set73.nex ...
Reading alignment file ../../../../marsupials/set73.fasta ... Fasta format detected
Alignment most likely contains DNA/RNA sequences
Alignment has 37 sequences with 1770 columns, 744 distinct patterns
393 parsimony-informative, 256 singleton sites, 1121 constant sites
                                              Gap/Ambiguity  Composition  p-value
   1  Burramyidae_Burramys_parvus                     2.32%    passed     97.51%
   2  Notoryctidae_Notoryctes_typhlops               39.94%    passed      9.01%
   3  Vombatidae_Lasiorhinus_latifrons                0.17%    passed     99.67%
   4  Potoroidae_Bettongia_penicillata                0.23%    passed     90.15%
   5  Potoroidae_Bettongia_lesueur                    5.37%    passed     99.92%
   6  Dasyuridae_Dasyurus_maculatus                   0.06%    passed     98.27%
   7  Phalangeridae_Trichosurus_vulpecula             0.17%    passed     89.68%
   8  Phalangeridae_Spilocuscus_maculatus             0.23%    passed     88.61%
   9  Potoroidae_Aepyprymnus_rufescens                0.28%    passed     93.85%
  10  Peramelidae_Perameles_nasuta                    4.24%    passed     80.67%
  11  Myrmecobiidae_Myrmecobius_fasciatus1           74.63%    failed      1.20%
  12  Phalangeridae_Strigocuscus_pelengensis          0.96%    passed     95.30%
  13  Dasyuridae_Phascogale_tapoatafa                 0.00%    passed     95.89%
  14  Dasyuridae_Sminthopsis_macroura                 0.06%    passed     97.67%
  15  Phalangeridae_Phalanger_orientalis              0.11%    passed     89.65%
  16  Acrobatidae_Acrobates_pygmaeus                  5.93%    passed     99.86%
  17  Dasyuridae_Phascogale_calura                    0.17%    passed     91.99%
  18  Dasyuridae_Sarcophilus_harrisii                 0.00%    passed     96.21%
  19  Dasyuridae_Planigale_tenuirostris              10.34%    passed     98.73%
  20  Peramelidae_Echymipera_kalubu                   0.17%    passed     74.32%
  21  Macropodidae_Dorcopsulus_vanheurni              0.40%    passed     92.86%
  22  Pseudochiridae_Pseudochirulus_forbesi           7.06%    passed     77.70%
  23  Didelphidae_Didelphis_virginiana                1.41%    passed     87.93%
  24  Marmosidae_Monodelphis_domestica                0.17%    passed     90.47%
  25  Dasyuridae_Antechinus_stuartii                  1.24%    passed     80.75%
  26  Hypsiprymnodontidae_Hypsiprymnodon_moschatus    0.40%    passed     78.43%
  27  Microbiotheriidae_Dromiciops_gliroides          2.71%    passed     98.62%
  28  Pseudochiridae_Petauroides_volans              10.23%    passed     91.71%
  29  Macropodidae_Wallabia_bicolor                   0.34%    passed     98.13%
  30  Pseudochiridae_Pseudocheirus_occidentalis       9.44%    passed     86.71%
  31  Tarsipedidae_Tarsipes_rostratus                 1.81%    passed     52.91%
  32  Acrobatidae_Distoechurus_pennatus               0.45%    passed     97.30%
  33  Myrmecobiidae_Myrmecobius_fasciatus2           74.63%    failed      1.20%
  34  Phalangeridae_Phalanger_carmelitae              0.23%    passed     98.01%
  35  Peramelidae_Peroryctes_raffrayana               2.20%    passed     85.82%
  36  Dasyuridae_Dasyurus_geffroii                    0.06%    passed     97.51%
  37  Peramelidae_Perameles_gunnii                    1.19%    passed     80.59%
WARNING: 2 sequences contain more than 50% gaps/ambiguity
****  TOTAL                                           7.01%  2 sequences failed composition chi2 test (p-value<5%; df=3)
NOTE: No CharPartition defined, use all CharSets

Loading 15 partitions...
Subset	Type	Seqs	Sites	Infor	Invar	Model	Name
1		35	71	3	67	TESTMERGE	part1.1
2		35	71	0	70	TESTMERGE	part1.2
WARNING: No parsimony-informative sites in partition part1.2
3		35	71	33	24	TESTMERGE	part1.3
4		35	110	42	34	TESTMERGE	part2.1
5		35	110	28	57	TESTMERGE	part2.2
6		35	110	45	37	TESTMERGE	part2.3
7		34	188	25	149	TESTMERGE	part3.1
8		34	188	8	176	TESTMERGE	part3.2
9		34	188	95	55	TESTMERGE	part3.3
10		37	152	16	106	TESTMERGE	part4.1
11		37	152	9	130	TESTMERGE	part4.2
12		37	152	59	56	TESTMERGE	part4.3
13		35	69	2	63	TESTMERGE	part5.1
14		35	69	1	65	TESTMERGE	part5.2
15		35	69	27	32	TESTMERGE	part5.3
Degree of missing data: 0.049
Info: multi-threading strategy over partitions

NOTE: Myrmecobiidae_Myrmecobius_fasciatus2 is identical to Myrmecobiidae_Myrmecobius_fasciatus1 but kept for subsequent analysis


Create initial parsimony tree by phylogenetic likelihood library (PLL)... 0.007 seconds
NOTE: ModelFinder requires 8 MB RAM!
NUMBER OF THREADS FOR PARTITION FINDING: 8
Testing GTR+F+G on supermatrix...
GTR+F+G4 / LnL: -9824.995 / df: 80 / AIC: 19809.991 / AICc: 19817.664 / BIC: 20248.289
Selecting individual models for 15 charsets using BIC...
 No. Model        Score       Charset
   1 TNe+G4       1422.639    part2.2
   2 HKY+F+G4     1315.350    part4.1
   3 HKY+F+G4     2050.468    part2.3
   4 HKY+F+G4     2576.177    part4.3
   5 TPM2u+F+I+G4 1380.956    part3.1
   6 K2P+G4       1818.004    part2.1
   7 K2P+I+G4     3834.206    part3.3
   8 K3P+G4       907.150     part5.3
   9 K3P+G4       1273.019    part1.3
  10 JC+I+G4      227.574     part1.2	0h:0m:13s (0h:4m:28s left)
  11 JC+I+G4      308.638     part5.1	0h:0m:13s (0h:4m:2s left)
  12 K2P+I+G4     293.782     part5.2	0h:0m:13s (0h:3m:42s left)
  13 K2P+I+G4     895.694     part4.2	0h:0m:13s (0h:3m:29s left)
  14 JC+I+G4      301.824     part1.1	0h:0m:14s (0h:3m:21s left)
  15 TIM2+F+I+G4  780.156     part3.2	0h:0m:14s (0h:3m:11s left)
Full partition model BIC score: 20065.153 (LnL: -9557.677  df:127)
Merging models to increase model fit (about 211 total partition schemes)...
  16 TNe+I+G4     20059.083   part2.2+part3.3	0h:0m:20s (0h:4m:9s left)
  17 K2P+G4       20054.777   part2.1+part4.3	0h:0m:20s (0h:3m:56s left)
  18 HKY+F+G4     20029.396   part2.3+part4.3	0h:0m:22s (0h:3m:56s left)
  19 K2P+I+G4     20059.420   part2.3+part3.3	0h:0m:22s (0h:3m:42s left)
  20 K2P+G4       20065.627   part3.3+part4.3	0h:0m:22s (0h:3m:30s left)
  21 TIM2+F+I+G4  20049.401   part3.1+part3.3	0h:0m:23s (0h:3m:29s left)
  22 TN+F+I+G4    20060.335   part3.3+part4.1	0h:0m:24s (0h:3m:28s left)
  23 K2P+G4       20083.694   part2.1+part3.3	0h:0m:24s (0h:3m:22s left)
  24 K2P+G4       20051.998   part4.1+part4.3	0h:0m:28s (0h:3m:41s left)
  25 HKY+F+G4     20041.900   part2.2+part4.3	0h:0m:29s (0h:3m:38s left)
  26 K2P+G4       20055.259   part2.1+part2.3	0h:0m:31s (0h:3m:40s left)
  27 K2P+I+G4     20064.894   part3.3+part4.2	0h:0m:31s (0h:3m:32s left)
  28 TNe+I+G4     20048.892   part1.3+part3.3	0h:0m:33s (0h:3m:37s left)
  29 HKY+F+G4     20082.712   part4.2+part4.3	0h:0m:33s (0h:3m:29s left)
  30 TIM2+F+I+G4  20057.577   part3.3+part5.3	0h:0m:33s (0h:3m:22s left)
  31 K2P+G4       20081.301   part3.1+part4.3	0h:0m:33s (0h:3m:16s left)
  32 HKY+F+G4     20052.109   part1.3+part4.3	0h:0m:37s (0h:3m:28s left)
  33 TN+F+G4      20049.770   part2.3+part4.1	0h:0m:37s (0h:3m:24s left)
  34 K2P+G4       20057.758   part4.3+part5.3	0h:0m:38s (0h:3m:20s left)
  35 HKY+F+G4     20046.806   part2.2+part2.3	0h:0m:39s (0h:3m:19s left)
  36 K2P+G4       20052.247   part2.1+part2.2	0h:0m:39s (0h:3m:12s left)
  37 K2P+G4       20055.061   part2.1+part4.1	0h:0m:39s (0h:3m:8s left)
  38 TN+F+I+G4    20151.560   part3.2+part3.3	0h:0m:42s (0h:3m:13s left)
  39 K2P+I+G4     20071.811   part3.3+part5.1	0h:0m:42s (0h:3m:8s left)
  40 K2P+G4       20046.685   part2.2+part4.1	0h:0m:46s (0h:3m:19s left)
  41 K2P+I+G4     20080.891   part3.3+part5.2	0h:0m:46s (0h:3m:13s left)
  42 K2P+I+G4     20082.279   part1.1+part3.3	0h:0m:47s (0h:3m:10s left)
  43 TPM2+F+G4    20168.148   part3.2+part4.3	0h:0m:49s (0h:3m:11s left)
  44 TN+F+G4      20079.592   part2.1+part3.1	0h:0m:49s (0h:3m:6s left)
  45 K2P+I+G4     20102.289   part1.2+part3.3	0h:0m:50s (0h:3m:6s left)
  46 K2P+G4       20096.691   part2.1+part4.2	0h:0m:50s (0h:3m:2s left)
  47 TN+F+G4      20074.874   part2.3+part3.1	0h:0m:51s (0h:2m:59s left)
  48 K2P+G4       20046.182   part1.3+part2.3	0h:0m:55s (0h:3m:7s left)
  49 K2P+G4       20084.303   part4.3+part5.1	0h:0m:55s (0h:3m:2s left)
  50 K2P+G4       20058.239   part1.3+part2.1	0h:0m:55s (0h:2m:59s left)
  51 HKY+F+G4     20079.920   part2.3+part4.2	0h:0m:55s (0h:2m:54s left)
  52 HKY+F+I+G4   20037.846   part3.1+part4.1	0h:0m:57s (0h:2m:55s left)
  53 K2P+I+G4     20067.725   part4.1+part4.2	0h:0m:57s (0h:2m:51s left)
  54 K2P+G4       20097.740   part1.1+part4.3	0h:0m:57s (0h:2m:48s left)
  55 K2P+G4       20051.356   part1.3+part4.1	0h:0m:59s (0h:2m:48s left)
  56 K2P+G4       20053.547   part2.3+part5.3	0h:1m:1s (0h:2m:51s left)
  57 HKY+F+G4     20120.392   part1.2+part4.3	0h:1m:3s (0h:2m:50s left)
  58 HKY+F+G4     20092.572   part4.3+part5.2	0h:1m:3s (0h:2m:48s left)
  59 TN+F+G4      20072.642   part2.2+part3.1	0h:1m:4s (0h:2m:45s left)
  60 TNe+G4       20048.262   part1.3+part2.2	0h:1m:4s (0h:2m:42s left)
  61 HKY+F+G4     20073.189   part2.2+part4.2	0h:1m:6s (0h:2m:42s left)
  62 TIM2+F+G4    20171.045   part2.1+part3.2	0h:1m:6s (0h:2m:40s left)
  63 K2P+G4       20067.291   part2.1+part5.3	0h:1m:8s (0h:2m:40s left)
  64 K2P+I+G4     20057.300   part3.1+part4.2	0h:1m:10s (0h:2m:42s left)
  65 K2P+G4       20059.219   part4.1+part5.3	0h:1m:11s (0h:2m:39s left)
  66 TPM2u+F+G4   20147.307   part2.3+part3.2	0h:1m:11s (0h:2m:37s left)
  67 TIM2+F+G4    20076.999   part1.3+part3.1	0h:1m:13s (0h:2m:37s left)
  68 K2P+G4       20054.347   part2.2+part5.3	0h:1m:13s (0h:2m:35s left)
  69 K2P+G4       20069.773   part1.3+part4.2	0h:1m:14s (0h:2m:34s left)
  70 K2P+G4       20091.641   part2.1+part5.1	0h:1m:14s (0h:2m:30s left)
  71 TPM2+F+I+G4  20113.484   part3.2+part4.1	0h:1m:16s (0h:2m:30s left)
  72 K2P+G4       20078.857   part2.3+part5.1	0h:1m:17s (0h:2m:28s left)
  73 K2P+G4       20091.214   part1.1+part2.3	0h:1m:18s (0h:2m:28s left)
  74 K2P+G4       20106.044   part1.1+part2.1	0h:1m:19s (0h:2m:26s left)
  75 K2P+G4       20111.256   part2.1+part5.2	0h:1m:19s (0h:2m:23s left)
  76 TIM2+F+I+G4  20119.113   part2.2+part3.2	0h:1m:19s (0h:2m:22s left)
  77 HKY+F+G4     20085.642   part2.3+part5.2	0h:1m:20s (0h:2m:20s left)
  78 K2P+G4       20130.522   part1.2+part2.1	0h:1m:21s (0h:2m:19s left)
  79 HKY+F+G4     20112.811   part1.2+part2.3	0h:1m:21s (0h:2m:16s left)
  80 TIM2+F+G4    20083.462   part3.1+part5.3	0h:1m:23s (0h:2m:17s left)
  81 TNe+G4       20047.682   part1.3+part5.3	0h:1m:26s (0h:2m:18s left)
  82 K3P+G4       20076.921   part4.2+part5.3	0h:1m:27s (0h:2m:17s left)
  83 HKY+F+G4     20073.834   part4.1+part5.1	0h:1m:27s (0h:2m:15s left)
  84 HKY+F+G4     20084.677   part1.1+part4.1	0h:1m:28s (0h:2m:14s left)
  85 HKY+F+I+G4   20104.280   part1.2+part4.1	0h:1m:30s (0h:2m:13s left)
  86 TPM2u+F+G4   20090.171   part4.1+part5.2	0h:1m:30s (0h:2m:11s left)
  87 TNe+G4       20077.021   part2.2+part5.1	0h:1m:30s (0h:2m:8s left)
  88 TN+F+I+G4    20079.347   part3.1+part3.2	0h:1m:30s (0h:2m:6s left)
  89 K2P+G4       20087.754   part1.1+part2.2	0h:1m:31s (0h:2m:5s left)
  90 TPM2u+F+G4   20089.746   part2.2+part5.2	0h:1m:33s (0h:2m:5s left)
  91 TNe+G4       20110.993   part1.2+part2.2	0h:1m:35s (0h:2m:5s left)
  92 TIM+F+G4     20152.559   part1.3+part3.2	0h:1m:37s (0h:2m:5s left)
  93 TPM2+F+I+G4  20062.198   part1.1+part3.1	0h:1m:39s (0h:2m:6s left)
  94 TPM2+F+I+G4  20054.733   part3.1+part5.1	0h:1m:39s (0h:2m:4s left)
  95 HKY+F+I+G4   20065.800   part3.1+part5.2	0h:1m:41s (0h:2m:3s left)
  96 K2P+G4       20073.873   part1.3+part5.1	0h:1m:42s (0h:2m:2s left)
  97 TPM2u+F+I+G4 20158.527   part3.2+part5.3	0h:1m:44s (0h:2m:3s left)
  98 HKY+F+I+G4   20077.042   part1.2+part3.1	0h:1m:45s (0h:2m:1s left)
  99 TVM+F+I+G4   20073.949   part3.2+part4.2	0h:1m:45s (0h:1m:59s left)
 100 K2P+G4       20085.453   part1.1+part1.3	0h:1m:45s (0h:1m:57s left)
 101 K3P+G4       20089.702   part1.3+part5.2	0h:1m:47s (0h:1m:56s left)
 102 K2P+I+G4     20050.609   part4.2+part5.1	0h:1m:47s (0h:1m:55s left)
 103 K3P+G4       20076.656   part5.1+part5.3	0h:1m:49s (0h:1m:54s left)
 104 TNe+G4       20109.152   part1.2+part1.3	0h:1m:50s (0h:1m:53s left)
 105 K3P+G4       20087.624   part1.1+part5.3	0h:1m:50s (0h:1m:51s left)
 106 K3P+G4       20085.653   part5.2+part5.3	0h:1m:51s (0h:1m:50s left)
 107 K3P+G4       20108.019   part1.2+part5.3	0h:1m:52s (0h:1m:49s left)
 108 K2P+I+G4     20054.456   part1.1+part4.2	0h:1m:53s (0h:1m:48s left)
 109 HKY+F+I+G4   20056.209   part4.2+part5.2	0h:1m:55s (0h:1m:47s left)
 110 K2P+I+G4     20064.924   part1.2+part4.2	0h:1m:57s (0h:1m:47s left)
 111 K3P+I+G4     20055.140   part1.1+part5.1	0h:2m:1s (0h:1m:49s left)
 112 TIM2+F+I+G4  20058.902   part3.2+part5.1	0h:2m:1s (0h:1m:47s left)
 113 F81+F+I+G4   20063.765   part1.1+part3.2	0h:2m:3s (0h:1m:47s left)
 114 K2P+I+G4     20052.345   part5.1+part5.2	0h:2m:3s (0h:1m:45s left)
 115 TPM2u+F+I+G4 20054.743   part3.2+part5.2	0h:2m:4s (0h:1m:43s left)
 116 TIM2+F+I+G4  20053.812   part1.2+part3.2	0h:2m:4s (0h:1m:42s left)
 117 JC+I+G4      20054.590   part1.2+part5.1	0h:2m:6s (0h:1m:41s left)
 118 TNe+I+G4     20052.740   part1.1+part5.2	0h:2m:7s (0h:1m:40s left)
 119 HKY+F+I+G4   20059.390   part1.2+part5.2	0h:2m:8s (0h:1m:39s left)
 120 JC+I+G4      20052.333   part1.1+part1.2	0h:2m:9s (0h:1m:38s left)
Merging part2.3+part4.3 with BIC score: 20029.396 (LnL: -9558.495  df: 122)
 121 HKY+F+G4     20058.651   part2.3+part4.3+part5.1	0h:2m:26s (0h:1m:48s left)
 122 HKY+F+G4     20026.972   part2.3+part4.1+part4.3	0h:2m:28s (0h:1m:48s left)
 123 HKY+F+G4     20018.824   part1.3+part2.3+part4.3	0h:2m:28s (0h:1m:46s left)
 124 HKY+F+G4     20011.035   part2.2+part2.3+part4.3	0h:2m:28s (0h:1m:44s left)
 125 HKY+F+G4     20054.200   part2.3+part4.2+part4.3	0h:2m:29s (0h:1m:42s left)
 126 HKY+F+G4     20044.967   part2.1+part2.3+part4.3	0h:2m:29s (0h:1m:41s left)
 127 TN+F+G4      20068.103   part2.3+part3.1+part4.3	0h:2m:29s (0h:1m:39s left)
 128 K2P+G4       20051.632   part2.3+part3.3+part4.3	0h:2m:32s (0h:1m:38s left)
 129 HKY+F+G4     20086.757   part1.2+part2.3+part4.3	0h:2m:35s (0h:1m:39s left)
 130 HKY+F+G4     20072.103   part1.1+part2.3+part4.3	0h:2m:36s (0h:1m:37s left)
 131 HKY+F+G4     20040.788   part2.3+part4.3+part5.3	0h:2m:36s (0h:1m:35s left)
 132 HKY+F+G4     20058.224   part2.3+part4.3+part5.2	0h:2m:36s (0h:1m:33s left)
 133 TPM2u+F+G4   20146.150   part2.3+part3.2+part4.3	0h:2m:37s (0h:1m:32s left)
Merging part3.1+part4.1 with BIC score: 20002.089 (LnL: -9567.278  df: 116)
 134 K3Pu+F+I+G4  20001.524   part3.1+part4.1+part5.1	0h:2m:42s (0h:1m:33s left)
 135 HKY+F+I+G4   20014.742   part3.1+part4.1+part5.2	0h:2m:45s (0h:1m:33s left)
 136 HKY+F+I+G4   20013.997   part3.1+part4.1+part4.2	0h:2m:45s (0h:1m:31s left)
 137 TN+F+G4      20013.496   part1.3+part3.1+part4.1	0h:2m:46s (0h:1m:29s left)
 138 TN+F+G4      20009.970   part2.2+part3.1+part4.1	0h:2m:47s (0h:1m:28s left)
 139 TN+F+G4      20013.140   part2.1+part3.1+part4.1	0h:2m:49s (0h:1m:27s left)
 140 TN+F+G4      20040.617   part2.3+part3.1+part4.1+part4.3	0h:2m:50s (0h:1m:26s left)
 141 TIM+F+I+G4   20000.599   part3.1+part3.3+part4.1	0h:2m:51s (0h:1m:25s left)
 142 K3Pu+F+I+G4  20011.822   part1.1+part3.1+part4.1	0h:2m:53s (0h:1m:24s left)
 143 HKY+F+I+G4   20048.323   part3.1+part3.2+part4.1	0h:2m:53s (0h:1m:22s left)
 144 HKY+F+I+G4   20027.242   part1.2+part3.1+part4.1	0h:2m:53s (0h:1m:20s left)
 145 TIM+F+G4     20025.620   part3.1+part4.1+part5.3	0h:2m:54s (0h:1m:19s left)
Merging part2.2+part2.3+part4.3 with BIC score: 19983.728 (LnL: -9569.315  df: 113)
 146 HKY+F+G4     20009.388   part2.2+part2.3+part4.3+part5.1	0h:3m:0s (0h:1m:20s left)
 147 HKY+F+G4     19992.563   part2.2+part2.3+part4.3+part5.3	0h:3m:1s (0h:1m:18s left)
 148 HKY+F+G4     19971.999   part1.3+part2.2+part2.3+part4.3	0h:3m:3s (0h:1m:17s left)
 149 HKY+F+G4     20003.615   part2.2+part2.3+part4.2+part4.3	0h:3m:3s (0h:1m:16s left)
 150 HKY+F+G4     19996.359   part2.1+part2.2+part2.3+part4.3	0h:3m:5s (0h:1m:15s left)
 151 HKY+F+G4     20010.566   part2.2+part2.3+part4.3+part5.2	0h:3m:5s (0h:1m:13s left)
 152 TPM2u+F+G4   20091.594   part2.2+part2.3+part3.2+part4.3	0h:3m:6s (0h:1m:12s left)
 153 TN+F+G4      20023.690   part2.2+part2.3+part3.1+part4.1+part4.3	0h:3m:7s (0h:1m:10s left)
 154 HKY+F+G4     20024.585   part1.1+part2.2+part2.3+part4.3	0h:3m:10s (0h:1m:10s left)
 155 HKY+F+G4     20039.473   part1.2+part2.2+part2.3+part4.3	0h:3m:10s (0h:1m:8s left)
 156 K2P+G4       20009.849   part2.2+part2.3+part3.3+part4.3	0h:3m:11s (0h:1m:7s left)
Merging part1.3+part5.3 with BIC score: 19966.256 (LnL: -9571.798  df: 110)
 157 TNe+G4       19994.672   part1.3+part5.2+part5.3	0h:3m:16s (0h:1m:7s left)
 158 TNe+G4       19981.475   part1.3+part5.1+part5.3	0h:3m:16s (0h:1m:5s left)
 159 K2P+G4       19976.202   part1.3+part4.2+part5.3	0h:3m:18s (0h:1m:4s left)
 160 K2P+G4       19970.457   part1.3+part2.1+part5.3	0h:3m:20s (0h:1m:3s left)
 161 TNe+G4       19995.248   part1.1+part1.3+part5.3	0h:3m:22s (0h:1m:2s left)
 162 TNe+I+G4     19952.225   part1.3+part3.3+part5.3	0h:3m:22s (0h:1m:1s left)
 163 TN+F+G4      20081.515   part1.3+part3.2+part5.3	0h:3m:22s (0h:0m:59s left)
 164 TNe+G4       20015.385   part1.2+part1.3+part5.3	0h:3m:23s (0h:0m:58s left)
 165 HKY+F+G4     19977.063   part1.3+part2.2+part2.3+part4.3+part5.3	0h:3m:23s (0h:0m:56s left)
 166 TN+F+G4      19998.146   part1.3+part3.1+part4.1+part5.3	0h:3m:23s (0h:0m:55s left)
Merging part4.2+part5.1 with BIC score: 19951.712 (LnL: -9572.004  df: 108)
 167 K2P+G4       20008.730   part2.1+part4.2+part5.1	0h:3m:27s (0h:0m:54s left)
 168 K2P+I+G4     19985.229   part1.3+part4.2+part5.1+part5.3	0h:3m:27s (0h:0m:53s left)
 169 HKY+F+I+G4   19970.731   part3.1+part4.1+part4.2+part5.1	0h:3m:29s (0h:0m:52s left)
 170 K2P+I+G4     19968.428   part3.3+part4.2+part5.1	0h:3m:31s (0h:0m:51s left)
 171 HKY+F+G4     20003.817   part2.2+part2.3+part4.2+part4.3+part5.1	0h:3m:32s (0h:0m:49s left)
 172 TPM3u+F+I+G4 19942.597   part4.2+part5.1+part5.2	0h:3m:35s (0h:0m:48s left)
 173 K2P+I+G4     19939.340   part1.1+part4.2+part5.1	0h:3m:35s (0h:0m:47s left)
 174 TPM3+F+I+G4  19951.549   part3.2+part4.2+part5.1	0h:3m:36s (0h:0m:46s left)
 175 K2P+I+G4     19949.275   part1.2+part4.2+part5.1	0h:3m:37s (0h:0m:44s left)
Merging part1.3+part3.3+part5.3 with BIC score: 19937.681 (LnL: -9572.467  df: 106)
 176 K2P+I+G4     19957.734   part1.3+part3.3+part5.2+part5.3	0h:3m:45s (0h:0m:44s left)
 177 TN+F+I+G4    20048.839   part1.3+part3.2+part3.3+part5.3	0h:3m:46s (0h:0m:43s left)
 178 TNe+I+G4     19980.573   part1.2+part1.3+part3.3+part5.3	0h:3m:46s (0h:0m:42s left)
 179 TNe+I+G4     19960.315   part1.1+part1.3+part3.3+part5.3	0h:3m:47s (0h:0m:40s left)
 180 TNe+I+G4     19965.171   part1.3+part3.3+part4.2+part5.1+part5.3	0h:3m:47s (0h:0m:39s left)
 181 K2P+G4       19956.033   part1.3+part2.1+part3.3+part5.3	0h:3m:47s (0h:0m:37s left)
 182 K2P+G4       19965.515   part1.3+part2.2+part2.3+part3.3+part4.3+part5.3	0h:3m:48s (0h:0m:36s left)
 183 TIM2+F+I+G4  19954.005   part1.3+part3.1+part3.3+part4.1+part5.3	0h:3m:49s (0h:0m:35s left)
Merging part1.1+part1.2 with BIC score: 19924.861 (LnL: -9573.536  df: 104)
 184 K2P+G4       20027.381   part1.1+part1.2+part2.1	0h:3m:51s (0h:0m:34s left)
 185 K3Pu+F+I+G4  19966.492   part1.1+part1.2+part3.1+part4.1	0h:3m:54s (0h:0m:32s left)
 186 TNe+I+G4     19912.541   part1.1+part1.2+part5.2	0h:3m:55s (0h:0m:31s left)
 187 HKY+F+G4     20027.821   part1.1+part1.2+part2.2+part2.3+part4.3	0h:3m:56s (0h:0m:30s left)
 188 F81+F+I+G4   19920.417   part1.1+part1.2+part3.2	0h:3m:57s (0h:0m:29s left)
 189 TNe+I+G4     19998.939   part1.1+part1.2+part1.3+part3.3+part5.3	0h:3m:57s (0h:0m:27s left)
 190 K2P+I+G4     19920.470   part1.1+part1.2+part4.2+part5.1	0h:3m:58s (0h:0m:26s left)
Merging part1.1+part1.2+part5.2 with BIC score: 19912.541 (LnL: -9571.116  df: 103)
 191 K2P+G4       20047.777   part1.1+part1.2+part2.1+part5.2	0h:4m:2s (0h:0m:25s left)
 192 HKY+F+I+G4   19965.395   part1.1+part1.2+part3.1+part4.1+part5.2	0h:4m:5s (0h:0m:24s left)
 193 HKY+F+G4     20044.492   part1.1+part1.2+part2.2+part2.3+part4.3+part5.2	0h:4m:6s (0h:0m:23s left)
 194 K2P+I+G4     20011.519   part1.1+part1.2+part1.3+part3.3+part5.2+part5.3	0h:4m:7s (0h:0m:21s left)
 195 TPM3u+F+I+G4 19904.017   part1.1+part1.2+part3.2+part5.2	0h:4m:7s (0h:0m:20s left)
 196 TPM3u+F+I+G4 19906.260   part1.1+part1.2+part4.2+part5.1+part5.2	0h:4m:9s (0h:0m:19s left)
Merging part1.1+part1.2+part3.2+part5.2 with BIC score: 19904.017 (LnL: -9585.551  df: 98)
 197 TPM2u+F+I+G4 20096.884   part1.1+part1.2+part2.1+part3.2+part5.2	0h:4m:16s (0h:0m:18s left)
 198 HKY+F+I+G4   19981.633   part1.1+part1.2+part3.1+part3.2+part4.1+part5.2	0h:4m:17s (0h:0m:16s left)
 199 TN+F+I+G4    20100.635   part1.1+part1.2+part1.3+part3.2+part3.3+part5.2+part5.3	0h:4m:18s (0h:0m:15s left)
 200 TPM2u+F+G4   20125.131   part1.1+part1.2+part2.2+part2.3+part3.2+part4.3+part5.2	0h:4m:19s (0h:0m:14s left)
 201 TPM3+F+I+G4  19888.439   part1.1+part1.2+part3.2+part4.2+part5.1+part5.2	0h:4m:20s (0h:0m:12s left)
Merging part1.1+part1.2+part3.2+part4.2+part5.1+part5.2 with BIC score: 19888.439 (LnL: -9588.980  df: 95)
 202 HKY+F+I+G4   20081.730   part1.1+part1.2+part2.1+part3.2+part4.2+part5.1+part5.2	0h:4m:27s (0h:0m:11s left)
 203 HKY+F+I+G4   19969.744   part1.1+part1.2+part3.1+part3.2+part4.1+part4.2+part5.1+part5.2	0h:4m:28s (0h:0m:10s left)
 204 TPM2u+F+I+G4 20133.878   part1.1+part1.2+part2.2+part2.3+part3.2+part4.2+part4.3+part5.1+part5.2	0h:4m:30s (0h:0m:9s left)
 205 TN+F+I+G4    20098.756   part1.1+part1.2+part1.3+part3.2+part3.3+part4.2+part5.1+part5.2+part5.3	0h:4m:31s (0h:0m:7s left)
BEST-FIT PARTITION MODEL: 
  charpartition BIC = TPM3+F+I+G4: part1.1 part1.2 part3.2 part4.2 part5.1 part5.2, TNe+I+G4: part1.3 part3.3 part5.3, K2P+G4: part2.1, HKY+F+G4: part2.2 part2.3 part4.3, HKY+F+I+G4: part3.1 part4.1;
Agglomerative model selection: (((((part1.1,part1.2)7:19924.9,part5.2)8:19912.5,part3.2)9:19904,(part4.2,part5.1)5:19951.7)10:19888.4,((part1.3,part5.3)4:19966.3,part3.3)6:19937.7,part2.1,(part2.2,(part2.3,part4.3)1:20029.4)3:19983.7,(part3.1,part4.1)2:20002.1)
Merging into 5 partitions...
Partition information was printed to 2_set73.best_scheme.nex
Partition information in Raxml format was printed to 2_set73.best_scheme

All model information printed to 2_set73.model.gz
CPU time for ModelFinder: 277.210 seconds (0h:4m:37s)
Wall-clock time for ModelFinder: 271.285 seconds (0h:4m:31s)
Generating 1000 samples for ultrafast bootstrap (seed: 997861)...

NOTE: 7 MB RAM (0 GB) is required!
Measuring multi-threading efficiency up to 8 CPU cores
Increase to 10 rounds for branch lengths
19 trees examined
Threads: 1 / Time: 8.417 sec / Speedup: 1.000 / Efficiency: 100% / LogL: -14197
Threads: 2 / Time: 24.841 sec / Speedup: 0.339 / Efficiency: 17% / LogL: -14197
BEST NUMBER OF THREADS: 1

Estimate model parameters (epsilon = 0.100)
Initial log-likelihood: -10192.771
Current log-likelihood at step 1: -9693.507
Current log-likelihood at step 2: -9652.438
Current log-likelihood at step 3: -9628.821
Current log-likelihood at step 4: -9601.030
Current log-likelihood at step 5: -9600.145
Current log-likelihood at step 6: -9599.326
Current log-likelihood at step 7: -9598.525
Current log-likelihood at step 8: -9597.724
Current log-likelihood at step 9: -9596.916
Current log-likelihood at step 10: -9596.099
Current log-likelihood at step 11: -9595.272
Current log-likelihood at step 12: -9594.433
Current log-likelihood at step 13: -9593.583
Current log-likelihood at step 14: -9592.720
Current log-likelihood at step 15: -9591.844
Current log-likelihood at step 16: -9590.954
Current log-likelihood at step 17: -9590.051
Current log-likelihood at step 18: -9589.133
Current log-likelihood at step 19: -9588.201
Current log-likelihood at step 20: -9587.253
Current log-likelihood at step 21: -9586.290
Current log-likelihood at step 22: -9585.309
Current log-likelihood at step 23: -9584.312
Current log-likelihood at step 24: -9583.297
Current log-likelihood at step 25: -9582.264
Current log-likelihood at step 26: -9581.212
Current log-likelihood at step 27: -9580.140
Current log-likelihood at step 28: -9579.048
Current log-likelihood at step 29: -9577.935
Current log-likelihood at step 30: -9576.800
Current log-likelihood at step 31: -9575.643
Current log-likelihood at step 32: -9574.462
Current log-likelihood at step 33: -9573.257
Current log-likelihood at step 34: -9572.028
Current log-likelihood at step 35: -9570.773
Current log-likelihood at step 36: -9569.491
Current log-likelihood at step 37: -9568.183
Current log-likelihood at step 38: -9566.847
Current log-likelihood at step 39: -9565.484
Current log-likelihood at step 40: -9564.091
Current log-likelihood at step 41: -9562.670
Current log-likelihood at step 42: -9561.219
Current log-likelihood at step 43: -9559.740
Current log-likelihood at step 44: -9558.232
Current log-likelihood at step 45: -9556.697
Current log-likelihood at step 46: -9555.135
Current log-likelihood at step 47: -9553.548
Current log-likelihood at step 48: -9551.940
Current log-likelihood at step 49: -9550.313
Current log-likelihood at step 50: -9548.672
Current log-likelihood at step 51: -9547.024
Current log-likelihood at step 52: -9529.950
Current log-likelihood at step 53: -9529.930
Parameters optimization took 52 rounds (12.847 sec)

Computing ML distances based on estimated model parameters... 0.057 sec
Computing BIONJ tree...
0.013 seconds
Log-likelihood of BIONJ tree: -9643.785
--------------------------------------------------------------------
|             INITIALIZING CANDIDATE TREE SET                      |
--------------------------------------------------------------------
Generating 98 parsimony trees... 6.194 second
Computing log-likelihood of 98 initial trees ... 13.844 seconds
Current best score: -9529.366

Do NNI search on 20 best initial trees
Estimate model parameters (epsilon = 0.100)
Initial log-likelihood: -9528.121
Current log-likelihood at step 1: -9528.065
Parameters optimization took 0 rounds (0.280 sec)

BETTER TREE FOUND at iteration 1: -9528.065
Estimate model parameters (epsilon = 0.100)
Initial log-likelihood: -9527.441
Current log-likelihood at step 1: -9527.384
Parameters optimization took 0 rounds (0.160 sec)

BETTER TREE FOUND at iteration 3: -9527.384
Iteration 10 / LogL: -9528.169 / Time: 0h:1m:17s
Estimate model parameters (epsilon = 0.100)
Initial log-likelihood: -9526.023
Current log-likelihood at step 1: -9526.007
Parameters optimization took 0 rounds (0.124 sec)

BETTER TREE FOUND at iteration 15: -9526.007
Iteration 20 / LogL: -9526.008 / Time: 0h:1m:30s
Finish initializing candidate tree set (8)
Current best tree score: -9526.007 / CPU time: 43.717
Number of iterations: 20
--------------------------------------------------------------------
|               OPTIMIZING CANDIDATE TREE SET                      |
--------------------------------------------------------------------
Iteration 30 / LogL: -9527.851 / Time: 0h:1m:43s (0h:5m:2s left)
Iteration 40 / LogL: -9526.012 / Time: 0h:1m:58s (0h:3m:47s left)
Iteration 50 / LogL: -9526.693 / Time: 0h:2m:11s (0h:2m:54s left)
Log-likelihood cutoff on original alignment: -9566.053
Iteration 60 / LogL: -9526.014 / Time: 0h:2m:25s (0h:2m:15s left)
Iteration 70 / LogL: -9527.118 / Time: 0h:2m:40s (0h:1m:44s left)
Iteration 80 / LogL: -9526.010 / Time: 0h:2m:53s (0h:1m:16s left)
Iteration 90 / LogL: -9526.118 / Time: 0h:3m:6s (0h:0m:52s left)
Iteration 100 / LogL: -9526.897 / Time: 0h:3m:18s (0h:0m:30s left)
Log-likelihood cutoff on original alignment: -9565.218
NOTE: Bootstrap correlation coefficient of split occurrence frequencies: 0.999
Iteration 110 / LogL: -9526.860 / Time: 0h:3m:33s (0h:2m:56s left)
TREE SEARCH COMPLETED AFTER 116 ITERATIONS / Time: 0h:3m:40s

--------------------------------------------------------------------
|                    FINALIZING TREE SEARCH                        |
--------------------------------------------------------------------
Performs final model parameters optimization
Estimate model parameters (epsilon = 0.010)
Initial log-likelihood: -9526.007
Current log-likelihood at step 1: -9526.000
Parameters optimization took 0 rounds (0.147 sec)

BEST SCORE FOUND : -9526.000
Creating bootstrap support values...
Split supports printed to NEXUS file 2_set73.splits.nex
Total tree length: 1.609

Total number of iterations: 116
CPU time used for tree search: 56.187 sec (0h:0m:56s)
Wall-clock time used for tree search: 173.970 sec (0h:2m:53s)
Total CPU time used: 68.097 sec (0h:1m:8s)
Total wall-clock time used: 221.682 sec (0h:3m:41s)

Computing bootstrap consensus tree...
Reading input file 2_set73.splits.nex...
37 taxa and 190 splits.
Consensus tree written to 2_set73.contree
Reading input trees file 2_set73.contree
Log-likelihood of consensus tree: -9526.443

Analysis results written to: 
  IQ-TREE report:                2_set73.iqtree
  Maximum-likelihood tree:       2_set73.treefile
  Likelihood distances:          2_set73.mldist
  Best partitioning scheme:      2_set73.best_scheme.nex
           in RAxML format:      2_set73.best_scheme

Ultrafast bootstrap approximation results written to:
  Split support values:          2_set73.splits.nex
  Consensus tree:                2_set73.contree
  Screen log file:               2_set73.log

Date and Time: Fri Sep  7 00:29:11 2018
