IQ-TREE multicore version 1.6.7 for Mac OS X 64-bit built Aug 23 2018
Developed by Bui Quang Minh, Nguyen Lam Tung, Olga Chernomor,
Heiko Schmidt, Dominik Schrempf, Michael Woodhams.

Host:    meeps-mac-pro.staff.sydney.edu.au (AVX, 64 GB RAM)
Command: /Users/davidduchene/Desktop/Software/iqtree-1.6.7-MacOSX/bin/iqtree -s ../../../../marsupials/set206.fasta -m TESTMERGE -bb 1000 -sp ../../../../marsupials/set206.nex -nt AUTO -pre 6_set206
Seed:    521713 (Using SPRNG - Scalable Parallel Random Number Generator)
Time:    Sat Sep  8 04:06:33 2018
Kernel:  AVX - auto-detect threads (8 CPU cores detected)

Reading partition model file ../../../../marsupials/set206.nex ...
Reading alignment file ../../../../marsupials/set206.fasta ... Fasta format detected
Alignment most likely contains DNA/RNA sequences
Alignment has 35 sequences with 2784 columns, 1179 distinct patterns
846 parsimony-informative, 394 singleton sites, 1544 constant sites
                                              Gap/Ambiguity  Composition  p-value
   1  Burramyidae_Burramys_parvus                     0.61%    passed     91.08%
   2  Notoryctidae_Notoryctes_typhlops                5.46%    passed     72.12%
   3  Vombatidae_Lasiorhinus_latifrons                0.11%    passed     81.82%
   4  Potoroidae_Bettongia_penicillata                0.00%    passed     53.97%
   5  Potoroidae_Bettongia_lesueur                    0.00%    passed     72.43%
   6  Dasyuridae_Dasyurus_maculatus                  20.94%    passed     47.48%
   7  Phalangeridae_Trichosurus_vulpecula             0.11%    passed     83.75%
   8  Phalangeridae_Spilocuscus_maculatus            20.94%    passed     27.32%
   9  Potoroidae_Aepyprymnus_rufescens                0.25%    passed     79.07%
  10  Peramelidae_Perameles_nasuta                    2.12%    passed     87.82%
  11  Phalangeridae_Strigocuscus_pelengensis          0.75%    passed     98.39%
  12  Dasyuridae_Phascogale_tapoatafa                 0.11%    passed     68.46%
  13  Dasyuridae_Sminthopsis_macroura                20.91%    passed     43.64%
  14  Phalangeridae_Phalanger_orientalis              1.15%    passed     90.30%
  15  Acrobatidae_Acrobates_pygmaeus                  0.86%    passed     99.54%
  16  Dasyuridae_Phascogale_calura                    0.36%    passed     76.91%
  17  Dasyuridae_Sarcophilus_harrisii                 0.00%    passed     49.48%
  18  Dasyuridae_Planigale_tenuirostris               4.92%    passed     82.42%
  19  Peramelidae_Echymipera_kalubu                   0.07%    passed     88.85%
  20  Macropodidae_Dorcopsulus_vanheurni              0.86%    passed     81.33%
  21  Pseudochiridae_Pseudochirulus_forbesi           0.68%    passed     71.43%
  22  Didelphidae_Didelphis_virginiana                5.39%    passed     50.53%
  23  Marmosidae_Monodelphis_domestica                1.01%    passed     23.56%
  24  Dasyuridae_Antechinus_stuartii                  0.54%    passed     68.28%
  25  Hypsiprymnodontidae_Hypsiprymnodon_moschatus    0.11%    passed     54.68%
  26  Microbiotheriidae_Dromiciops_gliroides          1.72%    passed     54.14%
  27  Pseudochiridae_Petauroides_volans               0.57%    passed     85.30%
  28  Macropodidae_Wallabia_bicolor                   0.14%    passed     83.06%
  29  Pseudochiridae_Pseudocheirus_occidentalis       3.70%    passed     60.93%
  30  Tarsipedidae_Tarsipes_rostratus                 1.72%    passed     98.45%
  31  Acrobatidae_Distoechurus_pennatus               0.07%    passed     99.96%
  32  Phalangeridae_Phalanger_carmelitae              0.18%    passed     98.20%
  33  Peramelidae_Peroryctes_raffrayana               5.32%    passed     99.12%
  34  Dasyuridae_Dasyurus_geffroii                    0.00%    passed     63.87%
  35  Peramelidae_Perameles_gunnii                    0.22%    passed     83.16%
****  TOTAL                                           2.91%  0 sequences failed composition chi2 test (p-value<5%; df=3)
NOTE: No CharPartition defined, use all CharSets

Loading 15 partitions...
Subset	Type	Seqs	Sites	Infor	Invar	Model	Name
1		35	134	40	83	TESTMERGE	part1.1
2		35	134	26	100	TESTMERGE	part1.2
3		35	134	74	27	TESTMERGE	part1.3
4		32	194	65	111	TESTMERGE	part2.1
5		32	194	43	128	TESTMERGE	part2.2
6		32	194	121	38	TESTMERGE	part2.3
7		35	175	25	113	TESTMERGE	part3.1
8		35	175	29	117	TESTMERGE	part3.2
9		35	175	82	58	TESTMERGE	part3.3
10		35	344	73	238	TESTMERGE	part4.1
11		35	344	42	278	TESTMERGE	part4.2
12		35	344	195	86	TESTMERGE	part4.3
13		35	81	6	64	TESTMERGE	part5.1
14		35	81	6	58	TESTMERGE	part5.2
15		35	81	19	45	TESTMERGE	part5.3
Degree of missing data: 0.018
Info: multi-threading strategy over partitions



Create initial parsimony tree by phylogenetic likelihood library (PLL)... 0.008 seconds
NOTE: ModelFinder requires 12 MB RAM!
NUMBER OF THREADS FOR PARTITION FINDING: 8
Testing GTR+F+G on supermatrix...
GTR+F+G4 / LnL: -17453.607 / df: 76 / AIC: 35059.214 / AICc: 35063.538 / BIC: 35510.019
Selecting individual models for 15 charsets using BIC...
 No. Model        Score       Charset
   1 K2P+G4       2337.339    part2.2
   2 TIM3+F+G4    2618.578    part2.1
   3 HKY+F+G4     3608.347    part4.1
   4 K2P+G4       2970.820    part1.3
   5 TN+F+G4      2768.195    part4.2
   6 K2P+G4       3315.499    part3.3
   7 K2P+G4       4135.591    part2.3
   8 TNe+I        1752.879    part1.1
   9 K2P+G4       2018.631    part3.1
  10 K2P+G4       1123.785    part5.3	0h:0m:18s (0h:6m:5s left)
  11 HKY+F+G4     6789.370    part4.3	0h:0m:18s (0h:5m:38s left)
  12 HKY+F+I      1853.312    part3.2	0h:0m:19s (0h:5m:28s left)
  13 HKY+F        788.480     part5.2	0h:0m:20s (0h:5m:5s left)
  14 K2P+I        1408.413    part1.2	0h:0m:20s (0h:4m:42s left)
  15 K2P          749.614     part5.1	0h:0m:20s (0h:4m:23s left)
Full partition model BIC score: 41157.184 (LnL: -16466.034  df:1037)
Merging models to increase model fit (about 211 total partition schemes)...
  16 HKY+F+G4     40923.043   part4.2+part4.3	0h:0m:34s (0h:6m:58s left)
  17 HKY+F+G4     40829.872   part2.2+part4.3	0h:0m:34s (0h:6m:35s left)
  18 HKY+F+G4     40845.072   part4.1+part4.3	0h:0m:35s (0h:6m:17s left)
  19 TPM3+F+G4    40719.933   part1.3+part4.3	0h:0m:35s (0h:5m:56s left)
  20 TNe+G4       40791.654   part3.1+part4.3	0h:0m:37s (0h:5m:57s left)
  21 HKY+F+G4     40708.801   part3.3+part4.3	0h:0m:37s (0h:5m:42s left)
  22 TNe+G4       40848.134   part2.1+part4.3	0h:0m:38s (0h:5m:30s left)
  23 TNe+G4       40754.890   part2.3+part4.3	0h:0m:39s (0h:5m:21s left)
  24 HKY+F+G4     40786.465   part1.2+part4.3	0h:0m:47s (0h:6m:11s left)
  25 HKY+F+G4     40819.529   part3.2+part4.3	0h:0m:47s (0h:5m:56s left)
  26 HKY+F+G4     40781.926   part1.1+part4.3	0h:0m:47s (0h:5m:41s left)
  27 HKY+F+G4     40718.586   part4.3+part5.3	0h:0m:48s (0h:5m:32s left)
  28 HKY+F+G4     40782.331   part4.3+part5.1	0h:0m:48s (0h:5m:19s left)
  29 TN+F+G4      40788.127   part4.3+part5.2	0h:0m:50s (0h:5m:18s left)
  30 K2P+G4       40744.482   part2.3+part3.3	0h:0m:50s (0h:5m:7s left)
  31 HKY+F+G4     40871.523   part2.3+part4.1	0h:0m:53s (0h:5m:12s left)
  32 HKY+F+G4     40786.309   part3.3+part4.1	0h:1m:0s (0h:5m:37s left)
  33 K2P+G4       40810.017   part1.3+part4.1	0h:1m:1s (0h:5m:33s left)
  34 TIM3+F+G4    40836.165   part2.1+part2.3	0h:1m:1s (0h:5m:21s left)
  35 K2P+G4       40688.969   part1.3+part3.3	0h:1m:2s (0h:5m:14s left)
  36 K2P+G4       40723.053   part1.3+part2.3	0h:1m:2s (0h:5m:5s left)
  37 HKY+F+G4     40810.304   part2.2+part2.3	0h:1m:4s (0h:5m:1s left)
  38 TPM3+F+G4    40933.127   part2.3+part4.2	0h:1m:6s (0h:5m:0s left)
  39 K2P+G4       40845.783   part2.3+part3.1	0h:1m:6s (0h:4m:53s left)
  40 K2P+G4       40809.678   part1.1+part2.3	0h:1m:13s (0h:5m:12s left)
  41 K2P+G4       40769.264   part2.3+part5.3	0h:1m:15s (0h:5m:11s left)
  42 HKY+F+G4     40863.713   part2.3+part3.2	0h:1m:15s (0h:5m:4s left)
  43 TIM2+F+G4    40827.961   part2.1+part3.3	0h:1m:17s (0h:5m:1s left)
  44 TPM3u+F+G4   40754.075   part2.1+part4.1	0h:1m:17s (0h:4m:52s left)
  45 TN+F+G4      40680.171   part4.1+part4.2	0h:1m:17s (0h:4m:45s left)
  46 TN+F+G4      40846.895   part3.3+part4.2	0h:1m:19s (0h:4m:44s left)
  47 TN+F+G4      40868.328   part1.3+part4.2	0h:1m:20s (0h:4m:40s left)
  48 K2P+G4       40779.869   part2.2+part3.3	0h:1m:28s (0h:4m:59s left)
  49 K2P+G4       40712.827   part3.1+part3.3	0h:1m:28s (0h:4m:51s left)
  50 K2P+G4       40836.802   part1.3+part2.1	0h:1m:28s (0h:4m:44s left)
  51 K2P+G4       40846.589   part2.3+part5.1	0h:1m:30s (0h:4m:43s left)
  52 HKY+F+G4     40709.777   part3.1+part4.1	0h:1m:31s (0h:4m:39s left)
  53 HKY+F+G4     40712.765   part2.2+part4.1	0h:1m:32s (0h:4m:35s left)
  54 TPM3u+F+I    40825.896   part1.2+part2.3	0h:1m:34s (0h:4m:36s left)
  55 TN+F+G4      40846.748   part2.3+part5.2	0h:1m:35s (0h:4m:31s left)
  56 TNe+G4       40691.231   part1.1+part4.1	0h:1m:42s (0h:4m:43s left)
  57 K2P+G4       40783.146   part1.3+part2.2	0h:1m:43s (0h:4m:39s left)
  58 K2P+G4       40738.514   part1.1+part3.3	0h:1m:43s (0h:4m:33s left)
  59 HKY+F+G4     40698.927   part3.2+part4.1	0h:1m:44s (0h:4m:30s left)
  60 K2P+G4       40766.819   part1.3+part3.1	0h:1m:45s (0h:4m:24s left)
  61 K2P+G4       40744.562   part3.2+part3.3	0h:1m:45s (0h:4m:20s left)
  62 K2P+G4       40769.785   part1.3+part3.2	0h:1m:47s (0h:4m:19s left)
  63 K2P+G4       40742.180   part1.1+part1.3	0h:1m:48s (0h:4m:14s left)
  64 HKY+F+G4     40667.480   part4.1+part5.3	0h:1m:54s (0h:4m:22s left)
  65 K2P+G4       40697.052   part3.3+part5.3	0h:1m:55s (0h:4m:19s left)
  66 K2P+G4       40765.512   part1.2+part1.3	0h:1m:57s (0h:4m:18s left)
  67 K2P+G4       40741.522   part1.2+part3.3	0h:1m:57s (0h:4m:13s left)
  68 HKY+F+G4     40661.342   part1.2+part4.1	0h:1m:58s (0h:4m:10s left)
  69 K2P+G4       40759.539   part3.3+part5.1	0h:1m:59s (0h:4m:4s left)
  70 K2P+G4       40716.232   part1.3+part5.3	0h:1m:59s (0h:3m:59s left)
  71 TPM3u+F+G4   40801.485   part2.1+part4.2	0h:1m:59s (0h:3m:55s left)
  72 HKY+F+G4     40681.821   part4.1+part5.1	0h:2m:4s (0h:3m:59s left)
  73 TPM3u+F+G4   40735.552   part2.1+part2.2	0h:2m:7s (0h:4m:1s left)
  74 HKY+F+G4     40675.190   part4.1+part5.2	0h:2m:7s (0h:3m:56s left)
  75 K2P+G4       40766.198   part1.3+part5.1	0h:2m:8s (0h:3m:52s left)
  76 TIM3+F+G4    40774.767   part3.3+part5.2	0h:2m:8s (0h:3m:47s left)
  77 HKY+F+I+G4   40737.448   part3.1+part4.2	0h:2m:10s (0h:3m:46s left)
  78 TIM3+F+G4    40773.301   part2.1+part3.1	0h:2m:10s (0h:3m:42s left)
  79 TN+F+I+G4    40724.722   part2.2+part4.2	0h:2m:12s (0h:3m:41s left)
  80 K2P+G4       40774.063   part1.3+part5.2	0h:2m:16s (0h:3m:44s left)
  81 TPM3+F+G4    40757.825   part1.1+part2.1	0h:2m:17s (0h:3m:41s left)
  82 TPM3u+F+G4   40774.314   part2.1+part3.2	0h:2m:18s (0h:3m:38s left)
  83 K2P+G4       40703.212   part1.1+part4.2	0h:2m:19s (0h:3m:34s left)
  84 TN+F+G4      40718.938   part3.2+part4.2	0h:2m:21s (0h:3m:33s left)
  85 K2P+G4       40740.718   part2.2+part3.1	0h:2m:21s (0h:3m:29s left)
  86 TIM3+F+G4    40748.876   part2.1+part5.3	0h:2m:23s (0h:3m:28s left)
  87 TN+F+G4      40726.321   part4.2+part5.3	0h:2m:25s (0h:3m:27s left)
  88 K2P+G4       40694.727   part1.1+part3.1	0h:2m:27s (0h:3m:25s left)
  89 TNe+G4       40719.156   part1.1+part2.2	0h:2m:27s (0h:3m:22s left)
  90 K2P+G4       40676.678   part3.1+part3.2	0h:2m:28s (0h:3m:19s left)
  91 TNe+I        40696.385   part1.1+part3.2	0h:2m:29s (0h:3m:17s left)
  92 HKY+F+G4     40757.549   part2.2+part3.2	0h:2m:29s (0h:3m:13s left)
  93 TPM3u+F+G4   40732.083   part1.2+part2.1	0h:2m:30s (0h:3m:10s left)
  94 TIM3+F+G4    40675.525   part1.2+part4.2	0h:2m:32s (0h:3m:9s left)
  95 K2P+G4       40730.990   part2.2+part5.3	0h:2m:34s (0h:3m:8s left)
  96 K2P+G4       40692.423   part3.1+part5.3	0h:2m:36s (0h:3m:8s left)
  97 TNe+G4       40684.884   part1.1+part5.3	0h:2m:39s (0h:3m:6s left)
  98 TIM3+F+G4    40752.091   part2.1+part5.1	0h:2m:39s (0h:3m:4s left)
  99 HKY+F+G4     40703.909   part4.2+part5.1	0h:2m:40s (0h:3m:1s left)
 100 TIM3+F+G4    40763.139   part2.1+part5.2	0h:2m:42s (0h:3m:0s left)
 101 HKY+F+G4     40713.180   part4.2+part5.2	0h:2m:43s (0h:2m:57s left)
 102 K2P+G4       40693.316   part3.2+part5.3	0h:2m:46s (0h:2m:57s left)
 103 HKY+F+G4     40717.689   part1.2+part2.2	0h:2m:47s (0h:2m:55s left)
 104 K2P+G4       40686.047   part1.2+part3.1	0h:2m:48s (0h:2m:52s left)
 105 TNe+I        40680.418   part1.1+part1.2	0h:2m:49s (0h:2m:51s left)
 106 K2P+G4       40711.500   part3.1+part5.1	0h:2m:49s (0h:2m:48s left)
 107 K2P+G4       40750.110   part2.2+part5.1	0h:2m:49s (0h:2m:45s left)
 108 HKY+F+G4     40763.525   part2.2+part5.2	0h:2m:50s (0h:2m:42s left)
 109 TN+F+G4      40716.450   part3.1+part5.2	0h:2m:51s (0h:2m:40s left)
 110 K2P+G4       40694.576   part1.1+part5.1	0h:2m:52s (0h:2m:38s left)
 111 HKY+F+G4     40708.609   part1.1+part5.2	0h:2m:54s (0h:2m:37s left)
 112 HKY+F+I      40677.510   part3.2+part5.1	0h:2m:54s (0h:2m:34s left)
 113 HKY+F+I      40662.801   part1.2+part3.2	0h:2m:55s (0h:2m:32s left)
 114 K2P+G4       40682.808   part1.2+part5.3	0h:2m:56s (0h:2m:30s left)
 115 K2P+G4       40673.118   part5.1+part5.3	0h:2m:56s (0h:2m:27s left)
 116 HKY+F+G4     40675.722   part3.2+part5.2	0h:2m:58s (0h:2m:26s left)
 117 HKY+F+G4     40680.798   part5.2+part5.3	0h:2m:58s (0h:2m:23s left)
 118 HKY+F+I      40692.236   part1.2+part5.1	0h:2m:59s (0h:2m:21s left)
 119 HKY+F+G4     40637.594   part5.1+part5.2	0h:2m:59s (0h:2m:18s left)
 120 TPM2u+F+G4   40689.969   part1.2+part5.2	0h:2m:59s (0h:2m:16s left)
Merging part5.1+part5.2 with BIC score: 40637.594 (LnL: -16471.950  df: 970)
 121 TN+F+G4      40283.790   part2.1+part5.1+part5.2	0h:3m:9s (0h:2m:21s left)
 122 HKY+F+G4     40279.965   part2.2+part5.1+part5.2	0h:3m:10s (0h:2m:19s left)
 123 HKY+F+G4     40188.922   part4.1+part5.1+part5.2	0h:3m:11s (0h:2m:17s left)
 124 HKY+F+G4     40233.691   part4.2+part5.1+part5.2	0h:3m:11s (0h:2m:14s left)
 125 K2P+G4       40339.532   part1.3+part5.1+part5.2	0h:3m:13s (0h:2m:13s left)
 126 TIM3+F+G4    40327.688   part3.3+part5.1+part5.2	0h:3m:13s (0h:2m:10s left)
 127 TN+F+G4      40429.239   part2.3+part5.1+part5.2	0h:3m:16s (0h:2m:9s left)
 128 HKY+F+G4     40214.723   part1.1+part5.1+part5.2	0h:3m:17s (0h:2m:8s left)
 129 TN+F+G4      40238.081   part3.1+part5.1+part5.2	0h:3m:18s (0h:2m:6s left)
 130 TN+F+G4      40375.412   part4.3+part5.1+part5.2	0h:3m:20s (0h:2m:4s left)
 131 TPM2u+F+G4   40191.401   part1.2+part5.1+part5.2	0h:3m:20s (0h:2m:2s left)
 132 HKY+F+G4     40181.482   part3.2+part5.1+part5.2	0h:3m:20s (0h:2m:0s left)
 133 HKY+F+G4     40172.109   part5.1+part5.2+part5.3	0h:3m:21s (0h:1m:58s left)
Merging part1.2+part4.1 with BIC score: 40141.752 (LnL: -16497.671  df: 901)
 134 HKY+F+G4     39704.151   part1.2+part4.1+part5.1+part5.2	0h:3m:29s (0h:2m:0s left)
 135 TPM3u+F+G4   39741.552   part1.2+part2.1+part4.1	0h:3m:31s (0h:1m:58s left)
 136 TN+F+G4      39698.808   part1.2+part2.2+part4.1	0h:3m:31s (0h:1m:56s left)
 137 TIM3+F+G4    39666.280   part1.2+part4.1+part4.2	0h:3m:32s (0h:1m:54s left)
 138 HKY+F+G4     39829.201   part1.2+part1.3+part4.1	0h:3m:33s (0h:1m:53s left)
 139 HKY+F+G4     39787.632   part1.2+part3.3+part4.1	0h:3m:34s (0h:1m:50s left)
 140 HKY+F+G4     39878.155   part1.2+part2.3+part4.1	0h:3m:36s (0h:1m:49s left)
 141 HKY+F+G4     39878.955   part1.2+part4.1+part4.3	0h:3m:37s (0h:1m:47s left)
 142 TN+F+G4      39694.741   part1.1+part1.2+part4.1	0h:3m:40s (0h:1m:47s left)
 143 HKY+F+G4     39699.667   part1.2+part3.1+part4.1	0h:3m:40s (0h:1m:45s left)
 144 HKY+F+G4     39661.443   part1.2+part4.1+part5.3	0h:3m:41s (0h:1m:42s left)
 145 HKY+F+G4     39681.077   part1.2+part3.2+part4.1	0h:3m:41s (0h:1m:40s left)
Merging part3.1+part3.2 with BIC score: 39661.246 (LnL: -16542.957  df: 829)
 146 K2P+G4       39207.379   part3.1+part3.2+part5.3	0h:3m:50s (0h:1m:42s left)
 147 HKY+F+G4     39258.201   part3.1+part3.2+part5.1+part5.2	0h:3m:51s (0h:1m:40s left)
 148 HKY+F+G4     39266.257   part2.2+part3.1+part3.2	0h:3m:52s (0h:1m:38s left)
 149 TIM3+F+G4    39308.016   part2.1+part3.1+part3.2	0h:3m:52s (0h:1m:36s left)
 150 HKY+F+G4     39261.465   part3.1+part3.2+part4.2	0h:3m:53s (0h:1m:35s left)
 151 K2P+G4       39311.129   part1.3+part3.1+part3.2	0h:3m:53s (0h:1m:32s left)
 152 K3P+G4       39409.527   part2.3+part3.1+part3.2	0h:3m:54s (0h:1m:31s left)
 153 K3P+G4       39211.407   part1.1+part3.1+part3.2	0h:3m:56s (0h:1m:29s left)
 154 TNe+G4       39392.019   part3.1+part3.2+part4.3	0h:3m:57s (0h:1m:28s left)
 155 K2P+G4       39255.968   part3.1+part3.2+part3.3	0h:3m:59s (0h:1m:26s left)
 156 HKY+F+G4     39225.589   part1.2+part3.1+part3.2+part4.1	0h:4m:0s (0h:1m:24s left)
Merging part1.2+part4.1+part5.3 with BIC score: 39180.937 (LnL: -16576.444  df: 760)
 157 HKY+F+G4     38742.244   part1.2+part4.1+part5.1+part5.2+part5.3	0h:4m:9s (0h:1m:25s left)
 158 TPM3+F+G4    38786.592   part1.2+part2.1+part4.1+part5.3	0h:4m:11s (0h:1m:24s left)
 159 TIM3+F+G4    38725.040   part1.2+part4.1+part4.2+part5.3	0h:4m:13s (0h:1m:22s left)
 160 TN+F+G4      38740.853   part1.2+part2.2+part4.1+part5.3	0h:4m:13s (0h:1m:20s left)
 161 HKY+F+G4     38755.127   part1.2+part3.1+part3.2+part4.1+part5.3	0h:4m:13s (0h:1m:18s left)
 162 HKY+F+G4     38866.966   part1.2+part1.3+part4.1+part5.3	0h:4m:14s (0h:1m:17s left)
 163 HKY+F+G4     38924.754   part1.2+part4.1+part4.3+part5.3	0h:4m:16s (0h:1m:15s left)
 164 TPM3+F+G4    38919.188   part1.2+part2.3+part4.1+part5.3	0h:4m:16s (0h:1m:13s left)
 165 TN+F+G4      38733.691   part1.1+part1.2+part4.1+part5.3	0h:4m:19s (0h:1m:12s left)
 166 HKY+F+G4     38829.167   part1.2+part3.3+part4.1+part5.3	0h:4m:21s (0h:1m:10s left)
Merging part1.3+part3.3 with BIC score: 38712.722 (LnL: -16615.978  df: 691)
 167 K2P+G4       38357.808   part1.3+part2.2+part3.3	0h:4m:30s (0h:1m:11s left)
 168 K2P+G4       38447.594   part1.3+part3.3+part5.1+part5.2	0h:4m:33s (0h:1m:9s left)
 169 K2P+G4       38482.102   part1.3+part3.3+part4.2	0h:4m:33s (0h:1m:7s left)
 170 K2P+G4       38306.297   part1.1+part1.3+part3.3	0h:4m:34s (0h:1m:6s left)
 171 K2P+G4       38372.944   part1.3+part3.1+part3.2+part3.3	0h:4m:35s (0h:1m:4s left)
 172 K2P+G4       38414.732   part1.3+part2.1+part3.3	0h:4m:35s (0h:1m:2s left)
 173 K2P+G4       38291.694   part1.3+part2.3+part3.3	0h:4m:37s (0h:1m:0s left)
 174 TNe+G4       38274.786   part1.3+part3.3+part4.3	0h:4m:37s (0h:0m:59s left)
 175 HKY+F+G4     38452.274   part1.2+part1.3+part3.3+part4.1+part5.3	0h:4m:41s (0h:0m:57s left)
Merging part1.2+part4.1+part4.2+part5.3 with BIC score: 38256.825 (LnL: -16669.603  df: 620)
 176 TN+F+G4      37847.739   part1.2+part4.1+part4.2+part5.1+part5.2+part5.3	0h:4m:52s (0h:0m:58s left)
 177 TIM3+F+G4    37811.850   part1.1+part1.2+part4.1+part4.2+part5.3	0h:4m:53s (0h:0m:56s left)
 178 TPM3u+F+G4   37887.132   part1.2+part2.1+part4.1+part4.2+part5.3	0h:4m:53s (0h:0m:54s left)
 179 TIM3+F+I+G4  37813.309   part1.2+part2.2+part4.1+part4.2+part5.3	0h:4m:54s (0h:0m:52s left)
 180 TN+F+G4      37861.551   part1.2+part3.1+part3.2+part4.1+part4.2+part5.3	0h:4m:54s (0h:0m:50s left)
 181 TPM3u+F+G4   38039.451   part1.2+part2.3+part4.1+part4.2+part5.3	0h:4m:55s (0h:0m:49s left)
 182 HKY+F+G4     38079.592   part1.2+part4.1+part4.2+part4.3+part5.3	0h:4m:56s (0h:0m:47s left)
 183 HKY+F+G4     38077.197   part1.2+part1.3+part3.3+part4.1+part4.2+part5.3	0h:4m:56s (0h:0m:45s left)
Merging part1.1+part3.1+part3.2 with BIC score: 37806.986 (LnL: -16718.325  df: 551)
 184 HKY+F+G4     37406.775   part1.1+part3.1+part3.2+part5.1+part5.2	0h:5m:1s (0h:0m:44s left)
 185 HKY+F+G4     37394.529   part1.1+part2.2+part3.1+part3.2	0h:5m:2s (0h:0m:42s left)
 186 TPM3u+F+G4   37448.354   part1.1+part2.1+part3.1+part3.2	0h:5m:2s (0h:0m:40s left)
 187 K3P+G4       37550.277   part1.1+part2.3+part3.1+part3.2	0h:5m:4s (0h:0m:39s left)
 188 K2P+G4       37475.782   part1.1+part1.3+part3.1+part3.2+part3.3	0h:5m:5s (0h:0m:37s left)
 189 TIMe+G4      37552.612   part1.1+part3.1+part3.2+part4.3	0h:5m:6s (0h:0m:35s left)
 190 TIM3+F+G4    37409.825   part1.1+part1.2+part3.1+part3.2+part4.1+part4.2+part5.3	0h:5m:7s (0h:0m:33s left)
Merging part1.2+part2.2+part4.1+part4.2+part5.3 with BIC score: 37363.470 (LnL: -16742.448  df: 489)
 191 TN+F+I+G4    36965.121   part1.2+part2.2+part4.1+part4.2+part5.1+part5.2+part5.3	0h:5m:18s (0h:0m:33s left)
 192 TPM3u+F+I+G4 36987.347   part1.2+part2.1+part2.2+part4.1+part4.2+part5.3	0h:5m:19s (0h:0m:31s left)
 193 TIM3+F+I+G4  36968.703   part1.1+part1.2+part2.2+part3.1+part3.2+part4.1+part4.2+part5.3	0h:5m:21s (0h:0m:29s left)
 194 TIM3+F+G4    37135.069   part1.2+part2.2+part2.3+part4.1+part4.2+part5.3	0h:5m:22s (0h:0m:28s left)
 195 HKY+F+I+G4   37180.200   part1.2+part1.3+part2.2+part3.3+part4.1+part4.2+part5.3	0h:5m:22s (0h:0m:26s left)
 196 HKY+F+I+G4   37194.985   part1.2+part2.2+part4.1+part4.2+part4.3+part5.3	0h:5m:23s (0h:0m:24s left)
Merging part1.3+part3.3+part4.3 with BIC score: 36925.533 (LnL: -16805.053  df: 418)
 197 TIM3+F+G4    36691.922   part1.3+part3.3+part4.3+part5.1+part5.2	0h:5m:35s (0h:0m:23s left)
 198 TNe+G4       36630.731   part1.3+part2.1+part3.3+part4.3	0h:5m:37s (0h:0m:22s left)
 199 TNe+G4       36688.382   part1.1+part1.3+part3.1+part3.2+part3.3+part4.3	0h:5m:37s (0h:0m:20s left)
 200 TNe+G4       36502.139   part1.3+part2.3+part3.3+part4.3	0h:5m:38s (0h:0m:18s left)
 201 HKY+F+G4     36893.746   part1.2+part1.3+part2.2+part3.3+part4.1+part4.2+part4.3+part5.3	0h:5m:41s (0h:0m:16s left)
Merging part1.3+part2.3+part3.3+part4.3 with BIC score: 36502.139 (LnL: -16843.203  df: 355)
 202 TNe+G4       36290.820   part1.3+part2.3+part3.3+part4.3+part5.1+part5.2	0h:5m:54s (0h:0m:15s left)
 203 TIM2e+G4     36212.815   part1.3+part2.1+part2.3+part3.3+part4.3	0h:5m:56s (0h:0m:14s left)
 204 TNe+G4       36311.498   part1.1+part1.3+part2.3+part3.1+part3.2+part3.3+part4.3	0h:5m:56s (0h:0m:12s left)
 205 HKY+F+G4     36554.365   part1.2+part1.3+part2.2+part2.3+part3.3+part4.1+part4.2+part4.3+part5.3	0h:6m:2s (0h:0m:10s left)
Merging part1.1+part3.1+part3.2+part5.1+part5.2 with BIC score: 36101.929 (LnL: -16920.705  df: 285)
 206 HKY+F+G4     35750.271   part1.1+part2.1+part3.1+part3.2+part5.1+part5.2	0h:6m:10s (0h:0m:8s left)
 207 TN+F+I+G4    35713.231   part1.1+part1.2+part2.2+part3.1+part3.2+part4.1+part4.2+part5.1+part5.2+part5.3	0h:6m:16s (0h:0m:7s left)
 208 TNe+G4       36030.100   part1.1+part1.3+part2.3+part3.1+part3.2+part3.3+part4.3+part5.1+part5.2	0h:6m:19s (0h:0m:5s left)
Merging part1.1+part1.2+part2.2+part3.1+part3.2+part4.1+part4.2+part5.1+part5.2+part5.3 with BIC score: 35713.231 (LnL: -17015.861  df: 212)
 209 TPM3u+F+I+G4 35340.811   part1.1+part1.2+part2.1+part2.2+part3.1+part3.2+part4.1+part4.2+part5.1+part5.2+part5.3	0h:6m:33s (0h:0m:3s left)
 210 HKY+F+G4     35847.204   part1.1+part1.2+part1.3+part2.2+part2.3+part3.1+part3.2+part3.3+part4.1+part4.2+part4.3+part5.1+part5.2+part5.3	0h:6m:40s (0h:0m:1s left)
Merging part1.1+part1.2+part2.1+part2.2+part3.1+part3.2+part4.1+part4.2+part5.1+part5.2+part5.3 with BIC score: 35340.811 (LnL: -17099.327  df: 144)
 211 HKY+F+G4     35492.955   part1.1+part1.2+part1.3+part2.1+part2.2+part2.3+part3.1+part3.2+part3.3+part4.1+part4.2+part4.3+part5.1+part5.2+part5.3	0h:7m:0s (0h:0m:0s left)
BEST-FIT PARTITION MODEL: 
  charpartition BIC = TPM3u+F+I+G4: part1.1 part1.2 part2.1 part2.2 part3.1 part3.2 part4.1 part4.2 part5.1 part5.2 part5.3, TNe+G4: part1.3 part2.3 part3.3 part4.3;
Agglomerative model selection: (((((part1.1,(part3.1,part3.2)3:39661.2)7:37807,(part5.1,part5.2)1:40637.6)11:36101.9,((((part1.2,part4.1)2:40141.8,part5.3)4:39180.9,part4.2)6:38256.8,part2.2)8:37363.5)12:35713.2,part2.1)13:35340.8,(((part1.3,part3.3)5:38712.7,part4.3)9:36925.5,part2.3)10:36502.1)
Merging into 2 partitions...
Partition information was printed to 6_set206.best_scheme.nex
Partition information in Raxml format was printed to 6_set206.best_scheme

All model information printed to 6_set206.model.gz
CPU time for ModelFinder: 507.210 seconds (0h:8m:27s)
Wall-clock time for ModelFinder: 422.036 seconds (0h:7m:2s)
Generating 1000 samples for ultrafast bootstrap (seed: 521713)...

NOTE: 10 MB RAM (0 GB) is required!
Measuring multi-threading efficiency up to 8 CPU cores
Increase to 10 rounds for branch lengths
31 trees examined
Threads: 1 / Time: 8.048 sec / Speedup: 1.000 / Efficiency: 100% / LogL: -25968
Threads: 2 / Time: 4.718 sec / Speedup: 1.706 / Efficiency: 85% / LogL: -25968
Threads: 3 / Time: 20.826 sec / Speedup: 0.386 / Efficiency: 13% / LogL: -25968
BEST NUMBER OF THREADS: 2

Estimate model parameters (epsilon = 0.100)
Optimizing TPM3u+F+I+G4 parameters for partition part1.1+part1.2+part2.1+part2.2+part3.1+part3.2+part4.1+part4.2+part5.1+part5.2+part5.3 (74 free parameters)
Optimizing TNe+G4 parameters for partition part1.3+part2.3+part3.3+part4.3 (70 free parameters)
Optimal log-likelihood: -17099.362
Computing ML distances based on estimated model parameters... 0.036 sec
Computing BIONJ tree...
0.009 seconds
Log-likelihood of BIONJ tree: -17107.405
--------------------------------------------------------------------
|             INITIALIZING CANDIDATE TREE SET                      |
--------------------------------------------------------------------
Generating 98 parsimony trees... 2.588 second
Computing log-likelihood of 98 initial trees ... 4.091 seconds
Current best score: -17098.943

Do NNI search on 20 best initial trees
Estimate model parameters (epsilon = 0.100)
BETTER TREE FOUND at iteration 1: -17094.964
Estimate model parameters (epsilon = 0.100)
BETTER TREE FOUND at iteration 4: -17094.349
Estimate model parameters (epsilon = 0.100)
BETTER TREE FOUND at iteration 6: -17093.614
Iteration 10 / LogL: -17095.033 / Time: 0h:1m:2s
Iteration 20 / LogL: -17093.616 / Time: 0h:1m:17s
Finish initializing candidate tree set (8)
Current best tree score: -17093.614 / CPU time: 34.544
Number of iterations: 20
--------------------------------------------------------------------
|               OPTIMIZING CANDIDATE TREE SET                      |
--------------------------------------------------------------------
Iteration 30 / LogL: -17094.415 / Time: 0h:1m:27s (0h:3m:48s left)
Iteration 40 / LogL: -17094.415 / Time: 0h:1m:35s (0h:2m:42s left)
Iteration 50 / LogL: -17094.951 / Time: 0h:1m:45s (0h:2m:0s left)
Log-likelihood cutoff on original alignment: -17131.177
Iteration 60 / LogL: -17094.420 / Time: 0h:1m:54s (0h:1m:29s left)
Iteration 70 / LogL: -17093.615 / Time: 0h:2m:3s (0h:1m:4s left)
Iteration 80 / LogL: -17094.230 / Time: 0h:2m:12s (0h:0m:43s left)
Iteration 90 / LogL: -17094.415 / Time: 0h:2m:22s (0h:0m:25s left)
Iteration 100 / LogL: -17095.187 / Time: 0h:2m:30s (0h:0m:9s left)
Log-likelihood cutoff on original alignment: -17131.177
NOTE: Bootstrap correlation coefficient of split occurrence frequencies: 0.999
TREE SEARCH COMPLETED AFTER 107 ITERATIONS / Time: 0h:2m:39s

--------------------------------------------------------------------
|                    FINALIZING TREE SEARCH                        |
--------------------------------------------------------------------
Performs final model parameters optimization
Estimate model parameters (epsilon = 0.010)
Optimizing TPM3u+F+I+G4 parameters for partition part1.1+part1.2+part2.1+part2.2+part3.1+part3.2+part4.1+part4.2+part5.1+part5.2+part5.3 (74 free parameters)
Optimizing TNe+G4 parameters for partition part1.3+part2.3+part3.3+part4.3 (70 free parameters)
Optimal log-likelihood: -17093.612
BEST SCORE FOUND : -17093.612
Creating bootstrap support values...
Split supports printed to NEXUS file 6_set206.splits.nex
Total tree length: 1.014

Total number of iterations: 107
CPU time used for tree search: 56.106 sec (0h:0m:56s)
Wall-clock time used for tree search: 116.132 sec (0h:1m:56s)
Total CPU time used: 77.084 sec (0h:1m:17s)
Total wall-clock time used: 159.952 sec (0h:2m:39s)

Computing bootstrap consensus tree...
Reading input file 6_set206.splits.nex...
35 taxa and 115 splits.
Consensus tree written to 6_set206.contree
Reading input trees file 6_set206.contree
Log-likelihood of consensus tree: -17094.882

Analysis results written to: 
  IQ-TREE report:                6_set206.iqtree
  Maximum-likelihood tree:       6_set206.treefile
  Likelihood distances:          6_set206.mldist
  Best partitioning scheme:      6_set206.best_scheme.nex
           in RAxML format:      6_set206.best_scheme

Ultrafast bootstrap approximation results written to:
  Split support values:          6_set206.splits.nex
  Consensus tree:                6_set206.contree
  Screen log file:               6_set206.log

Date and Time: Sat Sep  8 04:16:15 2018
