IQ-TREE multicore version 1.6.7 for Mac OS X 64-bit built Aug 23 2018
Developed by Bui Quang Minh, Nguyen Lam Tung, Olga Chernomor,
Heiko Schmidt, Dominik Schrempf, Michael Woodhams.

Host:    meeps-mac-pro.staff.sydney.edu.au (AVX, 64 GB RAM)
Command: /Users/davidduchene/Desktop/Software/iqtree-1.6.7-MacOSX/bin/iqtree -s ../../../../marsupials/set56.fasta -m TESTMERGE -bb 1000 -q ../../../../marsupials/set56.nex -nt AUTO -pre 2_set56
Seed:    437590 (Using SPRNG - Scalable Parallel Random Number Generator)
Time:    Thu Sep  6 21:54:55 2018
Kernel:  AVX - auto-detect threads (8 CPU cores detected)

Reading partition model file ../../../../marsupials/set56.nex ...
Reading alignment file ../../../../marsupials/set56.fasta ... Fasta format detected
Alignment most likely contains DNA/RNA sequences
Alignment has 35 sequences with 3306 columns, 1154 distinct patterns
752 parsimony-informative, 453 singleton sites, 2101 constant sites
                                              Gap/Ambiguity  Composition  p-value
   1  Burramyidae_Burramys_parvus                     0.24%    passed     89.88%
   2  Notoryctidae_Notoryctes_typhlops                3.39%    passed     75.83%
   3  Vombatidae_Lasiorhinus_latifrons                0.12%    passed     92.37%
   4  Potoroidae_Bettongia_penicillata                0.15%    passed     99.50%
   5  Potoroidae_Bettongia_lesueur                    0.12%    passed     98.88%
   6  Dasyuridae_Dasyurus_maculatus                   0.00%    passed     97.02%
   7  Phalangeridae_Trichosurus_vulpecula             0.60%    passed     22.83%
   8  Phalangeridae_Spilocuscus_maculatus             0.39%    passed     41.54%
   9  Potoroidae_Aepyprymnus_rufescens                0.51%    passed     95.47%
  10  Peramelidae_Perameles_nasuta                   35.96%    failed      0.28%
  11  Phalangeridae_Strigocuscus_pelengensis          4.08%    passed     87.53%
  12  Dasyuridae_Phascogale_tapoatafa                 0.06%    passed     81.13%
  13  Dasyuridae_Sminthopsis_macroura                 0.09%    passed     82.18%
  14  Phalangeridae_Phalanger_orientalis              0.64%    passed     58.21%
  15  Acrobatidae_Acrobates_pygmaeus                  0.00%    passed     77.76%
  16  Dasyuridae_Phascogale_calura                    0.03%    passed     87.17%
  17  Dasyuridae_Sarcophilus_harrisii                 0.00%    passed     95.57%
  18  Dasyuridae_Planigale_tenuirostris               4.08%    passed     60.85%
  19  Peramelidae_Echymipera_kalubu                  35.93%    failed      0.12%
  20  Macropodidae_Dorcopsulus_vanheurni              0.21%    passed     98.85%
  21  Pseudochiridae_Pseudochirulus_forbesi           0.03%    passed     86.54%
  22  Didelphidae_Didelphis_virginiana               16.15%    passed      9.95%
  23  Marmosidae_Monodelphis_domestica                1.21%    passed     91.94%
  24  Dasyuridae_Antechinus_stuartii                  0.91%    passed     77.70%
  25  Hypsiprymnodontidae_Hypsiprymnodon_moschatus    0.39%    passed     97.53%
  26  Microbiotheriidae_Dromiciops_gliroides          3.27%    passed     98.12%
  27  Pseudochiridae_Petauroides_volans               0.24%    passed     98.29%
  28  Macropodidae_Wallabia_bicolor                   0.42%    passed     95.11%
  29  Pseudochiridae_Pseudocheirus_occidentalis       0.82%    passed     94.44%
  30  Tarsipedidae_Tarsipes_rostratus                 8.26%    passed     11.53%
  31  Acrobatidae_Distoechurus_pennatus               0.48%    passed     81.67%
  32  Phalangeridae_Phalanger_carmelitae              0.48%    passed     60.03%
  33  Peramelidae_Peroryctes_raffrayana               0.30%    passed     79.95%
  34  Dasyuridae_Dasyurus_geffroii                    0.00%    passed     98.88%
  35  Peramelidae_Perameles_gunnii                    0.15%    passed     81.05%
****  TOTAL                                           3.42%  2 sequences failed composition chi2 test (p-value<5%; df=3)
NOTE: No CharPartition defined, use all CharSets

Loading 15 partitions...
Subset	Type	Seqs	Sites	Infor	Invar	Model	Name
1		35	311	45	230	TESTMERGE	part1.1
2		35	311	25	261	TESTMERGE	part1.2
3		35	311	99	155	TESTMERGE	part1.3
4		33	396	44	322	TESTMERGE	part2.1
5		33	396	36	323	TESTMERGE	part2.2
6		33	396	173	153	TESTMERGE	part2.3
7		35	140	23	94	TESTMERGE	part3.1
8		35	140	17	105	TESTMERGE	part3.2
9		35	140	57	45	TESTMERGE	part3.3
10		34	173	58	79	TESTMERGE	part4.1
11		34	173	32	117	TESTMERGE	part4.2
12		34	173	99	37	TESTMERGE	part4.3
13		35	82	0	76	TESTMERGE	part5.1
WARNING: No parsimony-informative sites in partition part5.1
14		35	82	1	81	TESTMERGE	part5.2
15		35	82	43	23	TESTMERGE	part5.3
Degree of missing data: 0.025
Info: multi-threading strategy over partitions



Create initial parsimony tree by phylogenetic likelihood library (PLL)... 0.009 seconds
NOTE: ModelFinder requires 11 MB RAM!
NUMBER OF THREADS FOR PARTITION FINDING: 8
Testing GTR+F+G on supermatrix...
GTR+F+G4 / LnL: -17417.761 / df: 76 / AIC: 34987.522 / AICc: 34991.147 / BIC: 35451.388
Selecting individual models for 15 charsets using BIC...
 No. Model        Score       Charset
   1 K3Pu+F+I+G4  2785.615    part2.1
   2 K3P+G4       2277.549    part4.1
   3 K2P+G4       2215.353    part3.3
   4 TPM3u+F+G4   2658.049    part1.1
   5 TPM2+F+G4    3845.023    part4.3
   6 HKY+F+G4     4059.758    part1.3
   7 K2P+G4       6195.226    part2.3
   8 TN+F+I+G4    2519.909    part2.2
   9 K2P+G4       1502.372    part5.3
  10 HKY+F+I      1638.711    part4.2	0h:0m:17s (0h:5m:54s left)
  11 F81+F+I+G4   255.223     part5.2	0h:0m:17s (0h:5m:22s left)
  12 TPM2u+F+G4   1267.901    part3.1	0h:0m:17s (0h:4m:55s left)
  13 TNe+G4       1104.409    part3.2	0h:0m:17s (0h:4m:31s left)
  14 K2P+I+G4     352.889     part5.1	0h:0m:18s (0h:4m:22s left)
  15 TIM3+F+I+G4  1873.417    part1.2	0h:0m:19s (0h:4m:14s left)
Full partition model BIC score: 35286.253 (LnL: -17088.037  df:137)
Merging models to increase model fit (about 211 total partition schemes)...
  16 K2P+G4       35315.490   part1.3+part4.3	0h:0m:25s (0h:5m:16s left)
  17 K2P+G4       35296.063   part1.1+part2.3	0h:0m:28s (0h:5m:27s left)
  18 K3P+G4       35281.865   part2.3+part4.1	0h:0m:28s (0h:5m:8s left)
  19 K2P+G4       35329.901   part2.2+part2.3	0h:0m:28s (0h:4m:50s left)
  20 K2P+G4       35343.891   part2.1+part2.3	0h:0m:28s (0h:4m:35s left)
  21 K2P+G4       35311.004   part1.3+part2.3	0h:0m:28s (0h:4m:21s left)
  22 K2P+G4       35278.189   part2.3+part4.3	0h:0m:29s (0h:4m:14s left)
  23 K2P+G4       35278.863   part2.3+part3.3	0h:0m:30s (0h:4m:13s left)
  24 K3Pu+F+G4    35317.593   part1.3+part4.1	0h:0m:36s (0h:4m:40s left)
  25 K2P+G4       35280.165   part2.3+part4.2	0h:0m:36s (0h:4m:32s left)
  26 K2P+G4       35271.886   part2.3+part5.3	0h:0m:37s (0h:4m:23s left)
  27 TPM3u+F+G4   35323.527   part1.1+part1.3	0h:0m:38s (0h:4m:21s left)
  28 HKY+F+G4     35317.534   part1.3+part3.3	0h:0m:38s (0h:4m:12s left)
  29 K2P+G4       35317.805   part1.2+part2.3	0h:0m:40s (0h:4m:14s left)
  30 K2P+G4       35286.926   part2.3+part3.2	0h:0m:42s (0h:4m:15s left)
  31 K2P+G4       35284.598   part2.3+part3.1	0h:0m:42s (0h:4m:9s left)
  32 K3Pu+F+G4    35281.259   part4.1+part4.3	0h:0m:47s (0h:4m:25s left)
  33 K3Pu+F+G4    35284.324   part3.3+part4.3	0h:0m:48s (0h:4m:23s left)
  34 K2P+G4       35367.596   part1.3+part2.1	0h:0m:49s (0h:4m:15s left)
  35 K2P+G4       35306.346   part2.3+part5.1	0h:0m:49s (0h:4m:8s left)
  36 TN+F+G4      35364.010   part1.3+part2.2	0h:0m:50s (0h:4m:3s left)
  37 K2P+G4       35344.205   part2.3+part5.2	0h:0m:50s (0h:3m:59s left)
  38 K2P+G4       35270.490   part1.1+part4.3	0h:0m:53s (0h:4m:3s left)
  39 TN+F+G4      35268.334   part1.3+part4.2	0h:0m:55s (0h:4m:3s left)
  40 TN+F+G4      35271.760   part4.2+part4.3	0h:0m:59s (0h:4m:15s left)
  41 HKY+F+G4     35298.757   part1.3+part5.3	0h:1m:1s (0h:4m:13s left)
  42 HKY+F+I+G4   35289.298   part1.2+part4.3	0h:1m:3s (0h:4m:16s left)
  43 TIM+F+G4     35284.813   part2.1+part4.3	0h:1m:3s (0h:4m:9s left)
  44 HKY+F+G4     35308.347   part1.2+part1.3	0h:1m:4s (0h:4m:3s left)
  45 K2P+G4       35322.524   part1.3+part3.1	0h:1m:4s (0h:3m:59s left)
  46 TN+F+I+G4    35294.669   part2.2+part4.3	0h:1m:6s (0h:3m:58s left)
  47 TPM2+F+G4    35268.767   part4.3+part5.3	0h:1m:10s (0h:4m:7s left)
  48 K2P+G4       35292.078   part1.1+part3.3	0h:1m:14s (0h:4m:12s left)
  49 TVMe+G4      35292.820   part1.1+part4.1	0h:1m:14s (0h:4m:6s left)
  50 TN+F+G4      35291.351   part1.3+part3.2	0h:1m:15s (0h:4m:2s left)
  51 K3P+G4       35278.326   part3.3+part4.1	0h:1m:16s (0h:3m:59s left)
  52 TPM2+F+G4    35252.319   part3.1+part4.3	0h:1m:17s (0h:3m:55s left)
  53 K2P+G4       35275.266   part3.2+part4.3	0h:1m:17s (0h:3m:51s left)
  54 K3Pu+F+G4    35313.354   part2.1+part4.1	0h:1m:17s (0h:3m:46s left)
  55 TIM+F+G4     35324.503   part2.2+part4.1	0h:1m:22s (0h:3m:52s left)
  56 TPM2u+F+G4   35256.707   part1.1+part2.1	0h:1m:23s (0h:3m:52s left)
  57 HKY+F+G4     35320.629   part1.3+part5.1	0h:1m:24s (0h:3m:47s left)
  58 K3Pu+F+G4    35339.352   part2.1+part3.3	0h:1m:28s (0h:3m:52s left)
  59 K2P+G4       35324.480   part2.2+part3.3	0h:1m:28s (0h:3m:47s left)
  60 TN+F+I+G4    35279.031   part1.1+part2.2	0h:1m:28s (0h:3m:42s left)
  61 K3P+G4       35291.490   part4.1+part4.2	0h:1m:37s (0h:3m:58s left)
  62 HKY+F+G4     35323.659   part1.3+part5.2	0h:1m:37s (0h:3m:54s left)
  63 TN+F+I+G4    35258.213   part2.1+part2.2	0h:1m:37s (0h:3m:49s left)
  64 K3Pu+F+G4    35316.342   part1.2+part4.1	0h:1m:39s (0h:3m:49s left)
  65 K2P+G4       35283.954   part3.3+part4.2	0h:1m:40s (0h:3m:45s left)
  66 K2P+I+G4     35280.889   part1.1+part1.2	0h:1m:41s (0h:3m:42s left)
  67 HKY+F+G4     35325.312   part1.2+part3.3	0h:1m:45s (0h:3m:46s left)
  68 K2P+G4       35270.204   part1.1+part4.2	0h:1m:46s (0h:3m:44s left)
  69 K3P+G4       35287.652   part4.1+part5.3	0h:1m:47s (0h:3m:40s left)
  70 K2P+G4       35281.721   part3.3+part5.3	0h:1m:47s (0h:3m:37s left)
  71 K2P+G4       35286.849   part1.1+part5.3	0h:1m:48s (0h:3m:34s left)
  72 K2P+G4       35292.442   part2.1+part4.2	0h:1m:50s (0h:3m:33s left)
  73 HKY+F+G4     35294.848   part4.3+part5.1	0h:1m:50s (0h:3m:29s left)
  74 TNe+G4       35289.478   part2.2+part4.2	0h:1m:52s (0h:3m:29s left)
  75 K2P+G4       35324.923   part4.3+part5.2	0h:1m:53s (0h:3m:26s left)
  76 HKY+F+I+G4   35283.206   part1.2+part2.1	0h:1m:59s (0h:3m:33s left)
  77 TN+F+I+G4    35304.703   part2.1+part5.3	0h:2m:1s (0h:3m:32s left)
  78 TN+F+I+G4    35307.532   part2.2+part5.3	0h:2m:1s (0h:3m:27s left)
  79 TVM+F+G4     35285.449   part3.1+part4.1	0h:2m:5s (0h:3m:29s left)
  80 TN+F+I+G4    35253.745   part1.2+part2.2	0h:2m:7s (0h:3m:29s left)
  81 K2P+G4       35288.513   part3.1+part3.3	0h:2m:8s (0h:3m:25s left)
  82 TIMe+G4      35288.834   part3.2+part4.1	0h:2m:8s (0h:3m:22s left)
  83 TPM2u+F+G4   35285.926   part1.1+part3.1	0h:2m:8s (0h:3m:18s left)
  84 K2P+G4       35292.796   part3.2+part3.3	0h:2m:11s (0h:3m:18s left)
  85 TIM2e+G4     35275.362   part1.1+part3.2	0h:2m:12s (0h:3m:15s left)
  86 TPM2u+F+G4   35278.553   part1.2+part4.2	0h:2m:13s (0h:3m:13s left)
  87 K2P+G4       35276.958   part4.2+part5.3	0h:2m:18s (0h:3m:17s left)
  88 TPM2u+F+I+G4 35296.029   part2.1+part3.2	0h:2m:19s (0h:3m:15s left)
  89 TPM2+F+G4    35280.843   part2.1+part3.1	0h:2m:20s (0h:3m:12s left)
  90 HKY+F+I+G4   35298.528   part1.2+part5.3	0h:2m:27s (0h:3m:17s left)
  91 TIM+F+G4     35292.249   part2.2+part3.1	0h:2m:31s (0h:3m:19s left)
  92 K2P+I+G4     35297.439   part2.2+part3.2	0h:2m:33s (0h:3m:18s left)
  93 K2P+G4       35282.162   part3.1+part4.2	0h:2m:35s (0h:3m:17s left)
  94 K2P+G4       35312.142   part3.3+part5.1	0h:2m:44s (0h:3m:24s left)
  95 K3P+G4       35304.763   part4.1+part5.1	0h:2m:44s (0h:3m:20s left)
  96 HKY+F+G4     35283.719   part1.1+part5.1	0h:2m:47s (0h:3m:20s left)
  97 HKY+F+I+G4   35291.610   part1.2+part3.1	0h:2m:47s (0h:3m:17s left)
  98 K3P+G4       35341.725   part4.1+part5.2	0h:2m:48s (0h:3m:14s left)
  99 TN+F+G4      35280.179   part3.2+part4.2	0h:2m:50s (0h:3m:12s left)
 100 HKY+F+I+G4   35276.405   part1.2+part3.2	0h:2m:54s (0h:3m:13s left)
 101 K2P+G4       35349.861   part3.3+part5.2	0h:2m:54s (0h:3m:10s left)
 102 HKY+F+G4     35314.378   part1.1+part5.2	0h:2m:54s (0h:3m:6s left)
 103 TPM2+F+G4    35274.450   part3.1+part5.3	0h:2m:56s (0h:3m:5s left)
 104 K3Pu+F+I+G4  35270.294   part2.1+part5.1	0h:2m:58s (0h:3m:4s left)
 105 K2P+G4       35282.355   part3.2+part5.3	0h:2m:59s (0h:3m:0s left)
 106 K2P+G4       35288.006   part4.2+part5.1	0h:3m:0s (0h:2m:58s left)
 107 HKY+F+I+G4   35302.436   part2.1+part5.2	0h:3m:0s (0h:2m:55s left)
 108 TIM2e+G4     35283.659   part3.1+part3.2	0h:3m:3s (0h:2m:54s left)
 109 TN+F+I+G4    35268.239   part2.2+part5.1	0h:3m:4s (0h:2m:52s left)
 110 TN+F+I+G4    35290.648   part2.2+part5.2	0h:3m:5s (0h:2m:50s left)
 111 TPM2u+F+G4   35320.596   part4.2+part5.2	0h:3m:7s (0h:2m:49s left)
 112 K2P+I+G4     35334.621   part5.2+part5.3	0h:3m:11s (0h:2m:49s left)
 113 K2P+G4       35298.004   part5.1+part5.3	0h:3m:11s (0h:2m:46s left)
 114 TIM2e+G4     35337.381   part3.1+part5.2	0h:3m:12s (0h:2m:43s left)
 115 TPM2u+F+G4   35296.090   part3.1+part5.1	0h:3m:13s (0h:2m:41s left)
 116 TIM2e+G4     35288.760   part3.2+part5.1	0h:3m:13s (0h:2m:38s left)
 117 TIM3e+I+G4   35267.631   part1.2+part5.1	0h:3m:14s (0h:2m:36s left)
 118 TNe+I+G4     35314.058   part3.2+part5.2	0h:3m:15s (0h:2m:33s left)
 119 TIM3+F+I+G4  35279.699   part1.2+part5.2	0h:3m:15s (0h:2m:30s left)
 120 K2P+I+G4     35268.304   part5.1+part5.2	0h:3m:16s (0h:2m:29s left)
Merging part3.1+part4.3 with BIC score: 35252.319 (LnL: -17095.381  df: 131)
 121 K3Pu+F+G4    35269.053   part3.1+part4.3+part5.1	0h:3m:26s (0h:2m:33s left)
 122 TVM+F+G4     35253.271   part3.1+part4.1+part4.3	0h:3m:27s (0h:2m:31s left)
 123 TVM+F+G4     35262.844   part3.1+part3.3+part4.3	0h:3m:27s (0h:2m:28s left)
 124 TIM2+F+G4    35269.520   part1.1+part3.1+part4.3	0h:3m:29s (0h:2m:26s left)
 125 K2P+G4       35311.071   part1.3+part3.1+part4.3	0h:3m:30s (0h:2m:24s left)
 126 TIM+F+G4     35263.944   part2.1+part3.1+part4.3	0h:3m:30s (0h:2m:21s left)
 127 TIM+F+G4     35276.196   part2.2+part3.1+part4.3	0h:3m:30s (0h:2m:19s left)
 128 K3P+G4       35275.121   part2.3+part3.1+part4.3	0h:3m:31s (0h:2m:17s left)
 129 TIM2+F+G4    35266.142   part3.1+part4.2+part4.3	0h:3m:34s (0h:2m:16s left)
 130 K3Pu+F+G4    35319.893   part3.1+part4.3+part5.2	0h:3m:35s (0h:2m:14s left)
 131 TPM2u+F+G4   35270.512   part3.1+part3.2+part4.3	0h:3m:36s (0h:2m:11s left)
 132 HKY+F+I+G4   35273.306   part1.2+part3.1+part4.3	0h:3m:36s (0h:2m:9s left)
 133 TPM2u+F+G4   35236.744   part3.1+part4.3+part5.3	0h:3m:36s (0h:2m:7s left)
Merging part1.2+part2.2 with BIC score: 35219.811 (LnL: -17111.541  df: 123)
 134 TIM+F+I+G4   35288.036   part1.2+part2.2+part4.1	0h:3m:43s (0h:2m:8s left)
 135 TN+F+I+G4    35237.674   part1.1+part1.2+part2.2	0h:3m:45s (0h:2m:6s left)
 136 TNe+I+G4     35235.422   part1.2+part2.2+part4.2	0h:3m:45s (0h:2m:4s left)
 137 TN+F+I+G4    35220.895   part1.2+part2.2+part5.2	0h:3m:47s (0h:2m:2s left)
 138 K2P+G4       35311.099   part1.2+part2.2+part2.3	0h:3m:47s (0h:2m:0s left)
 139 TN+F+I+G4    35319.012   part1.2+part1.3+part2.2	0h:3m:47s (0h:1m:57s left)
 140 TN+F+I+G4    35214.729   part1.2+part2.1+part2.2	0h:3m:48s (0h:1m:55s left)
 141 TN+F+I+G4    35272.636   part1.2+part2.2+part3.1+part4.3	0h:3m:48s (0h:1m:53s left)
 142 TN+F+I+G4    35299.173   part1.2+part2.2+part3.3	0h:3m:53s (0h:1m:53s left)
 143 TN+F+I+G4    35239.971   part1.2+part2.2+part3.2	0h:3m:54s (0h:1m:51s left)
 144 TN+F+I+G4    35205.122   part1.2+part2.2+part5.1	0h:3m:54s (0h:1m:48s left)
 145 TN+F+I+G4    35252.218   part1.2+part2.2+part5.3	0h:3m:54s (0h:1m:46s left)
Merging part1.1+part2.1 with BIC score: 35190.265 (LnL: -17125.130  df: 116)
 146 HKY+F+I+G4   35216.888   part1.1+part2.1+part5.2	0h:4m:0s (0h:1m:46s left)
 147 TPM2u+F+I+G4 35182.058   part1.1+part2.1+part5.1	0h:4m:0s (0h:1m:44s left)
 148 TPM2+F+G4    35195.462   part1.1+part2.1+part3.2	0h:4m:0s (0h:1m:42s left)
 149 TIM2+F+I+G4  35217.404   part1.1+part2.1+part5.3	0h:4m:2s (0h:1m:40s left)
 150 TPM3u+F+G4   35212.118   part1.1+part2.1+part4.2	0h:4m:4s (0h:1m:39s left)
 151 TPM3+F+G4    35294.508   part1.1+part1.3+part2.1	0h:4m:5s (0h:1m:37s left)
 152 TIM2+F+G4    35258.238   part1.1+part2.1+part2.3	0h:4m:7s (0h:1m:35s left)
 153 TIM2+F+G4    35222.553   part1.1+part2.1+part3.1+part4.3	0h:4m:8s (0h:1m:34s left)
 154 HKY+F+G4     35238.296   part1.1+part2.1+part3.3	0h:4m:9s (0h:1m:32s left)
 155 TVM+F+G4     35222.873   part1.1+part2.1+part4.1	0h:4m:9s (0h:1m:30s left)
 156 TN+F+I+G4    35208.220   part1.1+part1.2+part2.1+part2.2	0h:4m:10s (0h:1m:28s left)
Merging part5.1+part5.2 with BIC score: 35172.315 (LnL: -17136.414  df: 111)
 157 K2P+G4       35218.593   part4.2+part5.1+part5.2	0h:4m:14s (0h:1m:27s left)
 158 TNe+I+G4     35202.307   part3.2+part5.1+part5.2	0h:4m:15s (0h:1m:25s left)
 159 K2P+I+G4     35235.345   part5.1+part5.2+part5.3	0h:4m:15s (0h:1m:23s left)
 160 HKY+F+G4     35256.547   part1.3+part5.1+part5.2	0h:4m:15s (0h:1m:21s left)
 161 HKY+F+I+G4   35204.168   part1.1+part2.1+part5.1+part5.2	0h:4m:18s (0h:1m:20s left)
 162 K2P+G4       35263.322   part2.3+part5.1+part5.2	0h:4m:18s (0h:1m:18s left)
 163 K3Pu+F+G4    35266.527   part3.1+part4.3+part5.1+part5.2	0h:4m:19s (0h:1m:16s left)
 164 K2P+G4       35267.459   part3.3+part5.1+part5.2	0h:4m:19s (0h:1m:14s left)
 165 K3P+G4       35253.726   part4.1+part5.1+part5.2	0h:4m:20s (0h:1m:12s left)
 166 TN+F+I+G4    35175.181   part1.2+part2.2+part5.1+part5.2	0h:4m:20s (0h:1m:10s left)
Merging part1.3+part4.2 with BIC score: 35154.396 (LnL: -17143.661  df: 107)
 167 HKY+F+G4     35236.469   part1.3+part4.2+part5.1+part5.2	0h:4m:31s (0h:1m:11s left)
 168 HKY+F+G4     35161.139   part1.3+part4.2+part5.3	0h:4m:33s (0h:1m:9s left)
 169 TN+F+G4      35148.995   part1.3+part3.2+part4.2	0h:4m:34s (0h:1m:8s left)
 170 TN+F+G4      35223.283   part1.3+part3.1+part4.2+part4.3	0h:4m:35s (0h:1m:6s left)
 171 TPM3u+F+G4   35261.098   part1.1+part1.3+part2.1+part4.2	0h:4m:35s (0h:1m:4s left)
 172 TN+F+G4      35178.839   part1.3+part3.3+part4.2	0h:4m:36s (0h:1m:2s left)
 173 TPM2u+F+I+G4 35254.157   part1.2+part1.3+part2.2+part4.2	0h:4m:36s (0h:1m:0s left)
 174 TPM3+F+G4    35181.036   part1.3+part2.3+part4.2	0h:4m:36s (0h:0m:58s left)
 175 TIM3+F+G4    35182.190   part1.3+part4.1+part4.2	0h:4m:40s (0h:0m:57s left)
Merging part3.1+part4.3+part5.3 with BIC score: 35138.820 (LnL: -17143.977  df: 105)
 176 TPM2u+F+G4   35147.343   part3.1+part3.3+part4.3+part5.3	0h:4m:51s (0h:0m:57s left)
 177 TVM+F+G4     35143.810   part3.1+part4.1+part4.3+part5.3	0h:4m:52s (0h:0m:56s left)
 178 TIM+F+I+G4   35244.331   part3.1+part4.3+part5.1+part5.2+part5.3	0h:4m:53s (0h:0m:54s left)
 179 TPM2u+F+G4   35158.137   part3.1+part3.2+part4.3+part5.3	0h:4m:53s (0h:0m:52s left)
 180 K2P+I+G4     35207.059   part1.3+part3.1+part4.2+part4.3+part5.3	0h:4m:54s (0h:0m:50s left)
 181 TN+F+I+G4    35204.150   part1.2+part2.2+part3.1+part4.3+part5.3	0h:4m:54s (0h:0m:48s left)
 182 TPM2+F+G4    35164.263   part2.3+part3.1+part4.3+part5.3	0h:4m:54s (0h:0m:46s left)
 183 TIM2+F+I+G4  35182.290   part1.1+part2.1+part3.1+part4.3+part5.3	0h:4m:54s (0h:0m:45s left)
Merging part3.3+part4.1 with BIC score: 35130.893 (LnL: -17148.117  df: 103)
 184 K3P+G4       35230.400   part3.3+part4.1+part5.1+part5.2	0h:5m:1s (0h:0m:44s left)
 185 K3P+G4       35136.063   part3.2+part3.3+part4.1	0h:5m:3s (0h:0m:42s left)
 186 TIM+F+G4     35232.079   part1.2+part2.2+part3.3+part4.1	0h:5m:4s (0h:0m:40s left)
 187 K3Pu+F+G4    35199.004   part1.1+part2.1+part3.3+part4.1	0h:5m:4s (0h:0m:39s left)
 188 TVM+F+G4     35144.161   part3.1+part3.3+part4.1+part4.3+part5.3	0h:5m:5s (0h:0m:37s left)
 189 TIM3+F+G4    35178.767   part1.3+part3.3+part4.1+part4.2	0h:5m:5s (0h:0m:35s left)
 190 K3P+G4       35125.625   part2.3+part3.3+part4.1	0h:5m:6s (0h:0m:33s left)
Merging part1.3+part3.2+part4.2 with BIC score: 35125.492 (LnL: -17157.571  df: 100)
 191 HKY+F+G4     35207.548   part1.3+part3.2+part4.2+part5.1+part5.2	0h:5m:14s (0h:0m:32s left)
 192 K2P+G4       35223.836   part1.1+part1.3+part2.1+part3.2+part4.2	0h:5m:16s (0h:0m:31s left)
 193 K2P+I+G4     35192.105   part1.3+part3.1+part3.2+part4.2+part4.3+part5.3	0h:5m:17s (0h:0m:29s left)
 194 HKY+F+I+G4   35215.939   part1.2+part1.3+part2.2+part3.2+part4.2	0h:5m:17s (0h:0m:27s left)
 195 TIM+F+G4     35170.237   part1.3+part3.2+part3.3+part4.1+part4.2	0h:5m:17s (0h:0m:26s left)
 196 TN+F+G4      35155.291   part1.3+part2.3+part3.2+part4.2	0h:5m:18s (0h:0m:24s left)
Merging part2.3+part3.3+part4.1 with BIC score: 35120.224 (LnL: -17163.041  df: 98)
 197 K3P+G4       35220.652   part2.3+part3.3+part4.1+part5.1+part5.2	0h:5m:30s (0h:0m:23s left)
 198 K3P+G4       35233.066   part1.2+part2.2+part2.3+part3.3+part4.1	0h:5m:31s (0h:0m:21s left)
 199 TVMe+G4      35214.566   part1.1+part2.1+part2.3+part3.3+part4.1	0h:5m:31s (0h:0m:19s left)
 200 K3P+G4       35173.597   part1.3+part2.3+part3.2+part3.3+part4.1+part4.2	0h:5m:32s (0h:0m:18s left)
 201 K3P+G4       35146.765   part2.3+part3.1+part3.3+part4.1+part4.3+part5.3	0h:5m:32s (0h:0m:16s left)
BEST-FIT PARTITION MODEL: 
  charpartition BIC = TPM2u+F+G4: part1.1 part2.1, TN+F+I+G4: part1.2 part2.2, TN+F+G4: part1.3 part3.2 part4.2, K3P+G4: part2.3 part3.3 part4.1, TPM2u+F+G4: part3.1 part4.3 part5.3, K2P+I+G4: part5.1 part5.2;
Agglomerative model selection: ((part1.1,part2.1)3:35190.3,(part1.2,part2.2)2:35219.8,((part1.3,part4.2)5:35154.4,part3.2)8:35125.5,(part2.3,(part3.3,part4.1)7:35130.9)9:35120.2,((part3.1,part4.3)1:35252.3,part5.3)6:35138.8,(part5.1,part5.2)4:35172.3)
Merging into 6 partitions...
Partition information was printed to 2_set56.best_scheme.nex
Partition information in Raxml format was printed to 2_set56.best_scheme

All model information printed to 2_set56.model.gz
CPU time for ModelFinder: 317.219 seconds (0h:5m:17s)
Wall-clock time for ModelFinder: 334.487 seconds (0h:5m:34s)
Generating 1000 samples for ultrafast bootstrap (seed: 437590)...

NOTE: 11 MB RAM (0 GB) is required!
Measuring multi-threading efficiency up to 8 CPU cores
Increase to 10 rounds for branch lengths
17 trees examined
Threads: 1 / Time: 8.229 sec / Speedup: 1.000 / Efficiency: 100% / LogL: -26707
Threads: 2 / Time: 18.142 sec / Speedup: 0.454 / Efficiency: 23% / LogL: -26707
BEST NUMBER OF THREADS: 1

Estimate model parameters (epsilon = 0.100)
Initial log-likelihood: -18105.567
Current log-likelihood at step 1: -17450.245
Current log-likelihood at step 2: -17266.963
Current log-likelihood at step 3: -17129.349
Current log-likelihood at step 4: -17129.307
Parameters optimization took 3 rounds (2.273 sec)

Computing ML distances based on estimated model parameters... 0.070 sec
Computing BIONJ tree...
0.004 seconds
Log-likelihood of BIONJ tree: -17130.544
--------------------------------------------------------------------
|             INITIALIZING CANDIDATE TREE SET                      |
--------------------------------------------------------------------
Generating 98 parsimony trees... 5.618 second
Computing log-likelihood of 98 initial trees ... 16.675 seconds
Current best score: -17129.307

Do NNI search on 20 best initial trees
Estimate model parameters (epsilon = 0.100)
Initial log-likelihood: -17124.430
Current log-likelihood at step 1: -17124.396
Parameters optimization took 0 rounds (0.304 sec)

BETTER TREE FOUND at iteration 1: -17124.396
Estimate model parameters (epsilon = 0.100)
Initial log-likelihood: -17123.076
Current log-likelihood at step 1: -17123.026
Parameters optimization took 0 rounds (0.282 sec)

BETTER TREE FOUND at iteration 5: -17123.026
Iteration 10 / LogL: -17124.394 / Time: 0h:1m:7s
UPDATE BEST LOG-LIKELIHOOD: -17123.026
Iteration 20 / LogL: -17125.219 / Time: 0h:1m:29s
Finish initializing candidate tree set (5)
Current best tree score: -17123.026 / CPU time: 59.614
Number of iterations: 20
--------------------------------------------------------------------
|               OPTIMIZING CANDIDATE TREE SET                      |
--------------------------------------------------------------------
UPDATE BEST LOG-LIKELIHOOD: -17123.026
Iteration 30 / LogL: -17124.395 / Time: 0h:1m:47s (0h:4m:37s left)
Iteration 40 / LogL: -17123.699 / Time: 0h:2m:7s (0h:3m:32s left)
Iteration 50 / LogL: -17123.704 / Time: 0h:2m:28s (0h:2m:46s left)
Log-likelihood cutoff on original alignment: -17162.383
Iteration 60 / LogL: -17124.397 / Time: 0h:2m:48s (0h:2m:8s left)
Iteration 70 / LogL: -17123.027 / Time: 0h:3m:9s (0h:1m:36s left)
Iteration 80 / LogL: -17123.026 / Time: 0h:3m:32s (0h:1m:7s left)
Iteration 90 / LogL: -17123.027 / Time: 0h:3m:54s (0h:0m:39s left)
Iteration 100 / LogL: -17123.029 / Time: 0h:4m:12s (0h:0m:12s left)
Log-likelihood cutoff on original alignment: -17162.383
NOTE: Bootstrap correlation coefficient of split occurrence frequencies: 0.999
TREE SEARCH COMPLETED AFTER 106 ITERATIONS / Time: 0h:4m:21s

--------------------------------------------------------------------
|                    FINALIZING TREE SEARCH                        |
--------------------------------------------------------------------
Performs final model parameters optimization
Estimate model parameters (epsilon = 0.010)
Initial log-likelihood: -17123.026
Current log-likelihood at step 1: -17123.018
Parameters optimization took 0 rounds (0.292 sec)

BEST SCORE FOUND : -17123.018
Creating bootstrap support values...
Split supports printed to NEXUS file 2_set56.splits.nex
Total tree length: 1.083

Total number of iterations: 106
CPU time used for tree search: 80.103 sec (0h:1m:20s)
Wall-clock time used for tree search: 232.460 sec (0h:3m:52s)
Total CPU time used: 89.500 sec (0h:1m:29s)
Total wall-clock time used: 262.845 sec (0h:4m:22s)

Computing bootstrap consensus tree...
Reading input file 2_set56.splits.nex...
35 taxa and 114 splits.
Consensus tree written to 2_set56.contree
Reading input trees file 2_set56.contree
Log-likelihood of consensus tree: -17123.023

Analysis results written to: 
  IQ-TREE report:                2_set56.iqtree
  Maximum-likelihood tree:       2_set56.treefile
  Likelihood distances:          2_set56.mldist
  Best partitioning scheme:      2_set56.best_scheme.nex
           in RAxML format:      2_set56.best_scheme

Ultrafast bootstrap approximation results written to:
  Split support values:          2_set56.splits.nex
  Consensus tree:                2_set56.contree
  Screen log file:               2_set56.log

Date and Time: Thu Sep  6 22:04:53 2018
