IQ-TREE multicore version 1.6.7 for Mac OS X 64-bit built Aug 23 2018
Developed by Bui Quang Minh, Nguyen Lam Tung, Olga Chernomor,
Heiko Schmidt, Dominik Schrempf, Michael Woodhams.

Host:    meeps-mac-pro.staff.sydney.edu.au (AVX, 64 GB RAM)
Command: /Users/davidduchene/Desktop/Software/iqtree-1.6.7-MacOSX/bin/iqtree -s ../../../../marsupials/set217.fasta -m TESTMERGE -bb 1000 -q ../../../../marsupials/set217.nex -nt AUTO -pre 2_set217
Seed:    453984 (Using SPRNG - Scalable Parallel Random Number Generator)
Time:    Fri Sep  7 22:41:18 2018
Kernel:  AVX - auto-detect threads (8 CPU cores detected)

Reading partition model file ../../../../marsupials/set217.nex ...
Reading alignment file ../../../../marsupials/set217.fasta ... Fasta format detected
Alignment most likely contains DNA/RNA sequences
Alignment has 37 sequences with 2760 columns, 876 distinct patterns
533 parsimony-informative, 301 singleton sites, 1926 constant sites
                                              Gap/Ambiguity  Composition  p-value
   1  Burramyidae_Burramys_parvus                     0.29%    passed     99.59%
   2  Notoryctidae_Notoryctes_typhlops               69.93%    passed     10.08%
   3  Vombatidae_Lasiorhinus_latifrons               59.78%    failed      0.85%
   4  Potoroidae_Bettongia_penicillata                3.59%    passed     95.33%
   5  Potoroidae_Bettongia_lesueur                   10.80%    passed     78.39%
   6  Dasyuridae_Dasyurus_maculatus                  59.46%    failed      1.93%
   7  Phalangeridae_Trichosurus_vulpecula             0.04%    passed     95.41%
   8  Phalangeridae_Spilocuscus_maculatus             0.04%    passed     99.98%
   9  Potoroidae_Aepyprymnus_rufescens                3.22%    passed     89.36%
  10  Peramelidae_Perameles_nasuta                    0.07%    passed     99.99%
  11  Phalangeridae_Strigocuscus_pelengensis          2.61%    passed     99.41%
  12  Dasyuridae_Phascogale_tapoatafa                 0.07%    passed     58.66%
  13  Vombatidae_Vombatus_ursinus1                   41.20%    failed      0.77%
  14  Dasyuridae_Sminthopsis_macroura                 0.11%    passed     80.88%
  15  Vombatidae_Vombatus_ursinus2                   41.20%    failed      0.77%
  16  Phalangeridae_Phalanger_orientalis              0.07%    passed     97.90%
  17  Acrobatidae_Acrobates_pygmaeus                  0.54%    passed     79.42%
  18  Dasyuridae_Phascogale_calura                    0.14%    passed     65.13%
  19  Dasyuridae_Sarcophilus_harrisii                 0.14%    passed     77.07%
  20  Dasyuridae_Planigale_tenuirostris               7.28%    passed     88.21%
  21  Peramelidae_Echymipera_kalubu                   0.07%    passed     95.70%
  22  Macropodidae_Dorcopsulus_vanheurni              0.51%    passed     98.58%
  23  Pseudochiridae_Pseudochirulus_forbesi           4.96%    passed     79.40%
  24  Didelphidae_Didelphis_virginiana                1.41%    passed     65.09%
  25  Marmosidae_Monodelphis_domestica                0.40%    passed     69.49%
  26  Dasyuridae_Antechinus_stuartii                 59.57%    passed      5.38%
  27  Hypsiprymnodontidae_Hypsiprymnodon_moschatus    0.54%    passed     96.33%
  28  Microbiotheriidae_Dromiciops_gliroides          2.50%    passed     56.14%
  29  Pseudochiridae_Petauroides_volans              20.29%    passed     81.26%
  30  Macropodidae_Wallabia_bicolor                   0.72%    passed     93.00%
  31  Pseudochiridae_Pseudocheirus_occidentalis       2.14%    passed     75.71%
  32  Tarsipedidae_Tarsipes_rostratus                 0.65%    passed     99.86%
  33  Acrobatidae_Distoechurus_pennatus               0.00%    passed     95.95%
  34  Phalangeridae_Phalanger_carmelitae              0.00%    passed     99.79%
  35  Peramelidae_Peroryctes_raffrayana              59.57%    failed      0.13%
  36  Dasyuridae_Dasyurus_geffroii                    0.07%    passed     83.40%
  37  Peramelidae_Perameles_gunnii                    0.14%    passed     99.56%
WARNING: 5 sequences contain more than 50% gaps/ambiguity
****  TOTAL                                          12.27%  5 sequences failed composition chi2 test (p-value<5%; df=3)
NOTE: No CharPartition defined, use all CharSets

Loading 15 partitions...
Subset	Type	Seqs	Sites	Infor	Invar	Model	Name
1		35	99	6	83	TESTMERGE	part1.1
2		35	99	6	82	TESTMERGE	part1.2
3		35	99	3	85	TESTMERGE	part1.3
4		35	73	12	53	TESTMERGE	part2.1
5		35	73	11	59	TESTMERGE	part2.2
6		35	73	43	12	TESTMERGE	part2.3
7		35	121	20	74	TESTMERGE	part3.1
8		35	121	14	82	TESTMERGE	part3.2
9		35	121	78	22	TESTMERGE	part3.3
10		33	80	15	44	TESTMERGE	part4.1
11		33	80	13	48	TESTMERGE	part4.2
12		33	80	21	35	TESTMERGE	part4.3
13		32	547	46	473	TESTMERGE	part5.1
14		32	547	20	519	TESTMERGE	part5.2
15		32	547	225	255	TESTMERGE	part5.3
Degree of missing data: 0.107
Info: multi-threading strategy over partitions

NOTE: Vombatidae_Vombatus_ursinus2 is identical to Vombatidae_Vombatus_ursinus1 but kept for subsequent analysis


Create initial parsimony tree by phylogenetic likelihood library (PLL)... 0.009 seconds
NOTE: ModelFinder requires 9 MB RAM!
NUMBER OF THREADS FOR PARTITION FINDING: 8
Testing GTR+F+G on supermatrix...
GTR+F+G4 / LnL: -13085.343 / df: 80 / AIC: 26330.687 / AICc: 26335.524 / BIC: 26804.526
Selecting individual models for 15 charsets using BIC...
 No. Model        Score       Charset
   1 K2P+G4       1063.055    part4.3
   2 K2P          895.775     part4.1
   3 K2P+G4       1329.684    part3.1
   4 K2P+G4       1526.915    part2.3
   5 K2P+G4       2787.808    part3.3
   6 HKY+F+I+G4   3016.789    part5.1
   7 TNe+G4       1097.385    part3.2
   8 TN+F+I+G4    8243.393    part5.3
   9 HKY+F        810.027     part4.2
  10 JC+G4        610.317     part1.1	0h:0m:13s (0h:4m:28s left)
  11 HKY+F+I+G4   2036.409    part5.2	0h:0m:13s (0h:4m:7s left)
  12 HKY+F+G4     633.248     part2.1	0h:0m:13s (0h:3m:47s left)
  13 TNe+G4       608.211     part1.2	0h:0m:14s (0h:3m:46s left)
  14 K2P+I        571.676     part2.2	0h:0m:15s (0h:3m:33s left)
  15 TNe+I+G4     598.420     part1.3	0h:0m:15s (0h:3m:21s left)
Full partition model BIC score: 26528.388 (LnL: -12784.853  df:121)
Merging models to increase model fit (about 211 total partition schemes)...
  16 K2P+I+G4     26536.179   part5.1+part5.3	0h:0m:26s (0h:5m:25s left)
  17 TN+F+I+G4    26539.734   part4.3+part5.3	0h:0m:27s (0h:5m:17s left)
  18 K2P+I+G4     26550.735   part4.1+part5.3	0h:0m:27s (0h:5m:0s left)
  19 K2P+I+G4     26531.904   part3.1+part5.3	0h:0m:28s (0h:4m:47s left)
  20 K2P+I+G4     26518.523   part2.3+part5.3	0h:0m:28s (0h:4m:33s left)
  21 TN+F+I+G4    26522.741   part4.2+part5.3	0h:0m:29s (0h:4m:24s left)
  22 K2P+I+G4     26511.393   part3.3+part5.3	0h:0m:32s (0h:4m:38s left)
  23 TN+F+I+G4    26695.338   part5.2+part5.3	0h:0m:39s (0h:5m:22s left)
  24 TN+F+I+G4    26517.496   part3.2+part5.3	0h:0m:43s (0h:5m:40s left)
  25 TN+F+I+G4    26518.022   part2.2+part5.3	0h:0m:43s (0h:5m:27s left)
  26 TN+F+I+G4    26514.933   part1.3+part5.3	0h:0m:44s (0h:5m:18s left)
  27 K2P+I+G4     26502.216   part2.1+part5.3	0h:0m:45s (0h:5m:10s left)
  28 K2P+I+G4     26522.271   part1.1+part5.3	0h:0m:45s (0h:4m:58s left)
  29 TN+F+I+G4    26504.875   part1.2+part5.3	0h:0m:46s (0h:4m:49s left)
  30 K2P+I+G4     26555.779   part3.3+part5.1	0h:0m:48s (0h:4m:54s left)
  31 TNe+G4       26514.862   part2.3+part3.3	0h:0m:49s (0h:4m:47s left)
  32 K2P+G4       26541.172   part3.3+part4.1	0h:0m:51s (0h:4m:48s left)
  33 K2P+G4       26525.939   part3.3+part4.3	0h:0m:52s (0h:4m:40s left)
  34 K2P+G4       26525.830   part3.3+part4.2	0h:0m:53s (0h:4m:40s left)
  35 K2P+I+G4     26560.615   part2.3+part5.1	0h:0m:54s (0h:4m:31s left)
  36 K2P+G4       26528.360   part3.1+part3.3	0h:0m:56s (0h:4m:36s left)
  37 K2P+G4       26524.935   part3.2+part3.3	0h:0m:59s (0h:4m:39s left)
  38 HKY+F+I+G4   26704.979   part3.3+part5.2	0h:1m:2s (0h:4m:46s left)
  39 K2P+G4       26529.977   part1.1+part3.3	0h:1m:3s (0h:4m:39s left)
  40 K2P+I+G4     26567.652   part4.3+part5.1	0h:1m:8s (0h:4m:52s left)
  41 HKY+F+I+G4   26537.854   part3.1+part5.1	0h:1m:9s (0h:4m:46s left)
  42 K2P+G4       26521.694   part1.3+part3.3	0h:1m:10s (0h:4m:42s left)
  43 K2P+G4       26526.216   part1.2+part3.3	0h:1m:13s (0h:4m:48s left)
  44 HKY+F+I+G4   26565.078   part4.1+part5.1	0h:1m:15s (0h:4m:45s left)
  45 K2P+G4       26508.190   part2.1+part3.3	0h:1m:16s (0h:4m:40s left)
  46 HKY+F+I+G4   26545.315   part4.2+part5.1	0h:1m:20s (0h:4m:47s left)
  47 K2P+G4       26522.771   part2.2+part3.3	0h:1m:20s (0h:4m:41s left)
  48 K2P+G4       26520.058   part2.3+part4.3	0h:1m:25s (0h:4m:50s left)
  49 TNe+I+G4     26531.468   part3.2+part5.1	0h:1m:25s (0h:4m:43s left)
  50 HKY+F+I+G4   26518.678   part1.1+part5.1	0h:1m:26s (0h:4m:37s left)
  51 TN+F+I+G4    26570.150   part5.1+part5.2	0h:1m:32s (0h:4m:51s left)
  52 HKY+F+I+G4   26515.446   part1.2+part5.1	0h:1m:34s (0h:4m:49s left)
  53 HKY+F+I+G4   26501.924   part1.3+part5.1	0h:1m:36s (0h:4m:46s left)
  54 K2P+G4       26526.009   part2.3+part3.1	0h:1m:39s (0h:4m:47s left)
  55 K2P+G4       26534.629   part2.3+part4.1	0h:1m:40s (0h:4m:44s left)
  56 HKY+F+I+G4   26503.182   part2.1+part5.1	0h:1m:41s (0h:4m:41s left)
  57 K2P+G4       26523.098   part2.3+part4.2	0h:1m:44s (0h:4m:41s left)
  58 K2P+G4       26517.198   part3.1+part4.3	0h:1m:44s (0h:4m:36s left)
  59 K2P+G4       26526.639   part2.3+part3.2	0h:1m:45s (0h:4m:31s left)
  60 K2P+I+G4     26513.962   part2.2+part5.1	0h:1m:45s (0h:4m:25s left)
  61 K2P+G4       26520.390   part4.1+part4.3	0h:1m:46s (0h:4m:20s left)
  62 HKY+F+I+G4   26683.697   part2.3+part5.2	0h:1m:46s (0h:4m:14s left)
  63 HKY+F+G4     26526.331   part3.1+part4.1	0h:1m:48s (0h:4m:15s left)
  64 K2P+G4       26533.245   part1.1+part2.3	0h:1m:49s (0h:4m:11s left)
  65 K2P+G4       26527.087   part1.3+part2.3	0h:1m:52s (0h:4m:13s left)
  66 K2P+G4       26530.455   part1.2+part2.3	0h:1m:54s (0h:4m:11s left)
  67 TPM3u+F+G4   26508.813   part4.2+part4.3	0h:1m:55s (0h:4m:9s left)
  68 K2P+G4       26519.493   part3.1+part4.2	0h:1m:58s (0h:4m:9s left)
  69 K2P+G4       26510.901   part2.1+part2.3	0h:2m:0s (0h:4m:8s left)
  70 TN+F+I+G4    26685.602   part4.3+part5.2	0h:2m:1s (0h:4m:4s left)
  71 TNe+G4       26527.676   part3.2+part4.3	0h:2m:1s (0h:3m:59s left)
  72 TN+F+I+G4    26644.249   part3.1+part5.2	0h:2m:3s (0h:3m:57s left)
  73 TIM3e+G4     26518.108   part3.1+part3.2	0h:2m:3s (0h:3m:53s left)
  74 HKY+F+I      26524.393   part4.1+part4.2	0h:2m:3s (0h:3m:49s left)
  75 TN+F+I+G4    26649.506   part4.1+part5.2	0h:2m:5s (0h:3m:47s left)
  76 K2P+G4       26531.865   part1.1+part4.3	0h:2m:5s (0h:3m:42s left)
  77 TNe+G4       26528.436   part3.2+part4.1	0h:2m:9s (0h:3m:45s left)
  78 K2P+G4       26535.554   part1.3+part4.3	0h:2m:10s (0h:3m:42s left)
  79 K2P+G4       26526.633   part2.2+part2.3	0h:2m:11s (0h:3m:40s left)
  80 K2P+G4       26521.877   part1.1+part3.1	0h:2m:11s (0h:3m:35s left)
  81 K2P+G4       26536.079   part1.2+part4.3	0h:2m:11s (0h:3m:31s left)
  82 HKY+F+G4     26532.305   part1.3+part3.1	0h:2m:14s (0h:3m:32s left)
  83 K2P+G4       26535.170   part1.1+part4.1	0h:2m:15s (0h:3m:28s left)
  84 K2P+G4       26514.600   part2.1+part4.3	0h:2m:16s (0h:3m:26s left)
  85 K2P+G4       26543.126   part1.3+part4.1	0h:2m:18s (0h:3m:25s left)
  86 TNe+G4       26528.159   part1.2+part3.1	0h:2m:18s (0h:3m:21s left)
  87 TN+F+G4      26522.703   part3.2+part4.2	0h:2m:20s (0h:3m:20s left)
  88 TIM2+F+I+G4  26614.229   part3.2+part5.2	0h:2m:23s (0h:3m:20s left)
  89 TNe+G4       26542.085   part1.2+part4.1	0h:2m:23s (0h:3m:16s left)
  90 TN+F+I+G4    26618.629   part4.2+part5.2	0h:2m:23s (0h:3m:13s left)
  91 HKY+F+G4     26500.048   part2.1+part3.1	0h:2m:25s (0h:3m:11s left)
  92 K2P+G4       26531.640   part1.1+part4.2	0h:2m:27s (0h:3m:10s left)
  93 HKY+F+G4     26519.743   part2.1+part4.1	0h:2m:28s (0h:3m:8s left)
  94 TPM3u+F+G4   26534.919   part2.2+part4.3	0h:2m:29s (0h:3m:6s left)
  95 TNe+G4       26517.919   part1.1+part3.2	0h:2m:30s (0h:3m:3s left)
  96 K2P+G4       26533.090   part1.3+part4.2	0h:2m:32s (0h:3m:2s left)
  97 TN+F+G4      26530.775   part1.2+part4.2	0h:2m:34s (0h:3m:1s left)
  98 HKY+F+I+G4   26547.709   part1.1+part5.2	0h:2m:35s (0h:2m:59s left)
  99 K2P+G4       26519.348   part2.2+part3.1	0h:2m:36s (0h:2m:56s left)
 100 TNe+G4       26525.025   part1.3+part3.2	0h:2m:38s (0h:2m:55s left)
 101 TNe+G4       26511.606   part1.2+part3.2	0h:2m:39s (0h:2m:53s left)
 102 HKY+F+G4     26519.357   part2.1+part4.2	0h:2m:40s (0h:2m:51s left)
 103 HKY+F+I      26540.009   part2.2+part4.1	0h:2m:40s (0h:2m:48s left)
 104 TN+F+I+G4    26562.117   part2.1+part5.2	0h:2m:41s (0h:2m:46s left)
 105 TN+F+I+G4    26531.445   part1.2+part5.2	0h:2m:41s (0h:2m:43s left)
 106 HKY+F+I+G4   26513.894   part1.3+part5.2	0h:2m:42s (0h:2m:41s left)
 107 TNe+G4       26499.808   part2.1+part3.2	0h:2m:42s (0h:2m:38s left)
 108 K2P+I+G4     26518.830   part1.1+part1.3	0h:2m:43s (0h:2m:35s left)
 109 TNe+G4       26509.651   part1.1+part2.1	0h:2m:45s (0h:2m:35s left)
 110 TNe+G4       26518.482   part1.1+part1.2	0h:2m:47s (0h:2m:33s left)
 111 TNe+G4       26512.721   part2.2+part3.2	0h:2m:47s (0h:2m:30s left)
 112 TN+F+I       26523.856   part2.2+part4.2	0h:2m:47s (0h:2m:28s left)
 113 K2P+I+G4     26509.791   part1.3+part2.1	0h:2m:49s (0h:2m:26s left)
 114 TNe+G4       26501.924   part1.2+part2.1	0h:2m:50s (0h:2m:24s left)
 115 HKY+F+I+G4   26516.980   part1.2+part1.3	0h:2m:50s (0h:2m:22s left)
 116 TIM2e+G4     26521.878   part1.1+part2.2	0h:2m:50s (0h:2m:19s left)
 117 TNe+G4       26504.942   part2.1+part2.2	0h:2m:50s (0h:2m:17s left)
 118 HKY+F+I+G4   26568.347   part2.2+part5.2	0h:2m:51s (0h:2m:14s left)
 119 K2P+I+G4     26514.729   part1.3+part2.2	0h:2m:51s (0h:2m:12s left)
 120 TNe+G4       26515.866   part1.2+part2.2	0h:2m:51s (0h:2m:9s left)
Merging part2.1+part3.2 with BIC score: 26499.808 (LnL: -12790.371  df: 116)
 121 TIM3e+G4     26505.647   part2.1+part3.2+part4.3	0h:2m:54s (0h:2m:9s left)
 122 K2P+G4       26506.313   part2.1+part2.3+part3.2	0h:2m:55s (0h:2m:7s left)
 123 TNe+G4       26495.451   part2.1+part3.2+part4.2	0h:2m:55s (0h:2m:5s left)
 124 TNe+G4       26503.458   part2.1+part3.2+part4.1	0h:2m:55s (0h:2m:3s left)
 125 TIM3e+G4     26489.768   part2.1+part3.1+part3.2	0h:2m:55s (0h:2m:0s left)
 126 TN+F+I+G4    26506.046   part2.1+part3.2+part5.1	0h:2m:57s (0h:1m:59s left)
 127 TNe+G4       26483.634   part2.1+part2.2+part3.2	0h:2m:58s (0h:1m:58s left)
 128 TNe+G4       26488.686   part1.1+part2.1+part3.2	0h:2m:58s (0h:1m:56s left)
 129 TNe+G4       26495.386   part1.3+part2.1+part3.2	0h:3m:0s (0h:1m:54s left)
 130 TIM2+F+I+G4  26609.788   part2.1+part3.2+part5.2	0h:3m:0s (0h:1m:52s left)
 131 TNe+I+G4     26497.990   part2.1+part3.2+part5.3	0h:3m:0s (0h:1m:50s left)
 132 K2P+G4       26503.645   part2.1+part3.2+part3.3	0h:3m:0s (0h:1m:48s left)
 133 TNe+G4       26482.521   part1.2+part2.1+part3.2	0h:3m:0s (0h:1m:45s left)
Merging part1.3+part5.1 with BIC score: 26473.343 (LnL: -12792.984  df: 112)
 134 HKY+F+I+G4   26488.781   part1.3+part3.1+part5.1	0h:3m:6s (0h:1m:47s left)
 135 HKY+F+I+G4   26518.426   part1.3+part4.1+part5.1	0h:3m:7s (0h:1m:45s left)
 136 K2P+I+G4     26512.190   part1.3+part2.3+part5.1	0h:3m:8s (0h:1m:44s left)
 137 HKY+F+I+G4   26495.817   part1.3+part4.2+part5.1	0h:3m:9s (0h:1m:42s left)
 138 K2P+I+G4     26519.136   part1.3+part4.3+part5.1	0h:3m:9s (0h:1m:40s left)
 139 K2P+I+G4     26509.132   part1.3+part3.3+part5.1	0h:3m:11s (0h:1m:39s left)
 140 K2P+I+G4     26489.764   part1.3+part5.1+part5.3	0h:3m:11s (0h:1m:37s left)
 141 HKY+F+I+G4   26514.570   part1.3+part5.1+part5.2	0h:3m:13s (0h:1m:35s left)
 142 K2P+I+G4     26461.237   part1.3+part2.2+part5.1	0h:3m:13s (0h:1m:34s left)
 143 HKY+F+I+G4   26464.410   part1.1+part1.3+part5.1	0h:3m:14s (0h:1m:32s left)
 144 HKY+F+I+G4   26457.956   part1.2+part1.3+part5.1	0h:3m:14s (0h:1m:30s left)
 145 HKY+F+I+G4   26487.352   part1.3+part2.1+part3.2+part5.1	0h:3m:14s (0h:1m:28s left)
Merging part1.2+part5.3 with BIC score: 26449.830 (LnL: -12793.112  df: 109)
 146 TN+F+I+G4    26489.535   part1.2+part4.1+part5.3	0h:3m:24s (0h:1m:30s left)
 147 K2P+I+G4     26470.147   part1.2+part3.1+part5.3	0h:3m:25s (0h:1m:29s left)
 148 TN+F+I+G4    26450.264   part1.1+part1.2+part5.3	0h:3m:25s (0h:1m:27s left)
 149 TN+F+I+G4    26445.756   part1.2+part4.2+part5.3	0h:3m:25s (0h:1m:25s left)
 150 TN+F+I+G4    26458.377   part1.2+part2.3+part5.3	0h:3m:26s (0h:1m:23s left)
 151 TN+F+I+G4    26464.160   part1.2+part4.3+part5.3	0h:3m:26s (0h:1m:21s left)
 152 TN+F+I+G4    26446.816   part1.2+part3.3+part5.3	0h:3m:29s (0h:1m:21s left)
 153 TN+F+I+G4    26611.657   part1.2+part5.2+part5.3	0h:3m:30s (0h:1m:19s left)
 154 TN+F+I+G4    26440.989   part1.2+part2.2+part5.3	0h:3m:34s (0h:1m:19s left)
 155 TN+F+I+G4    26477.743   part1.2+part1.3+part5.1+part5.3	0h:3m:34s (0h:1m:17s left)
 156 TN+F+I+G4    26456.058   part1.2+part2.1+part3.2+part5.3	0h:3m:34s (0h:1m:15s left)
Merging part4.2+part4.3 with BIC score: 26430.254 (LnL: -12783.324  df: 109)
 157 TIM3e+G4     26432.202   part3.1+part4.2+part4.3	0h:3m:38s (0h:1m:15s left)
 158 HKY+F+G4     26445.693   part1.1+part4.2+part4.3	0h:3m:39s (0h:1m:13s left)
 159 K2P+G4       26433.324   part2.3+part4.2+part4.3	0h:3m:40s (0h:1m:12s left)
 160 HKY+F+G4     26423.195   part4.1+part4.2+part4.3	0h:3m:40s (0h:1m:10s left)
 161 HKY+F+I+G4   26503.983   part1.3+part4.2+part4.3+part5.1	0h:3m:41s (0h:1m:8s left)
 162 K2P+G4       26441.286   part3.3+part4.2+part4.3	0h:3m:41s (0h:1m:7s left)
 163 TN+F+I+G4    26635.475   part4.2+part4.3+part5.2	0h:3m:43s (0h:1m:5s left)
 164 TIM3+F+G4    26446.385   part2.1+part3.2+part4.2+part4.3	0h:3m:43s (0h:1m:4s left)
 165 TPM3u+F+G4   26426.383   part2.2+part4.2+part4.3	0h:3m:44s (0h:1m:2s left)
 166 TN+F+I+G4    26454.648   part1.2+part4.2+part4.3+part5.3	0h:3m:44s (0h:1m:0s left)
Merging part2.1+part2.2+part3.2 with BIC score: 26414.080 (LnL: -12783.160  df: 107)
 167 TIM3e+G4     26407.668   part2.1+part2.2+part3.1+part3.2	0h:3m:50s (0h:1m:0s left)
 168 TNe+G4       26419.541   part2.1+part2.2+part3.2+part4.1	0h:3m:50s (0h:0m:59s left)
 169 TNe+G4       26402.165   part1.1+part2.1+part2.2+part3.2	0h:3m:50s (0h:0m:57s left)
 170 K2P+G4       26426.011   part2.1+part2.2+part3.2+part3.3	0h:3m:51s (0h:0m:55s left)
 171 TIM3+F+G4    26430.854   part2.1+part2.2+part3.2+part4.2+part4.3	0h:3m:53s (0h:0m:54s left)
 172 K2P+G4       26429.465   part2.1+part2.2+part2.3+part3.2	0h:3m:55s (0h:0m:53s left)
 173 TNe+I+G4     26430.257   part1.3+part2.1+part2.2+part3.2+part5.1	0h:3m:55s (0h:0m:51s left)
 174 TN+F+I+G4    26543.424   part2.1+part2.2+part3.2+part5.2	0h:3m:56s (0h:0m:50s left)
 175 TN+F+I+G4    26425.247   part1.2+part2.1+part2.2+part3.2+part5.3	0h:3m:57s (0h:0m:48s left)
Merging part2.3+part3.3 with BIC score: 26400.554 (LnL: -12780.359  df: 106)
 176 K2P+G4       26410.873   part2.3+part3.3+part4.2+part4.3	0h:4m:5s (0h:0m:48s left)
 177 K2P+G4       26416.829   part2.1+part2.2+part2.3+part3.2+part3.3	0h:4m:6s (0h:0m:47s left)
 178 TNe+G4       26405.580   part1.1+part2.3+part3.3	0h:4m:7s (0h:0m:45s left)
 179 TNe+G4       26414.653   part2.3+part3.3+part4.1	0h:4m:7s (0h:0m:44s left)
 180 TNe+I+G4     26456.154   part1.3+part2.3+part3.3+part5.1	0h:4m:8s (0h:0m:42s left)
 181 TIM3e+G4     26406.024   part2.3+part3.1+part3.3	0h:4m:9s (0h:0m:41s left)
 182 TN+F+I+G4    26626.266   part2.3+part3.3+part5.2	0h:4m:10s (0h:0m:39s left)
 183 K2P+I+G4     26407.333   part1.2+part2.3+part3.3+part5.3	0h:4m:13s (0h:0m:38s left)
Merging part1.1+part2.1+part2.2+part3.2 with BIC score: 26388.639 (LnL: -12778.363  df: 105)
 184 TNe+G4       26381.632   part1.1+part2.1+part2.2+part3.1+part3.2	0h:4m:20s (0h:0m:38s left)
 185 TNe+G4       26395.617   part1.1+part2.1+part2.2+part3.2+part4.1	0h:4m:20s (0h:0m:36s left)
 186 TN+F+G4      26415.235   part1.1+part2.1+part2.2+part3.2+part4.2+part4.3	0h:4m:22s (0h:0m:35s left)
 187 K2P+G4       26416.322   part1.1+part2.1+part2.2+part2.3+part3.2+part3.3	0h:4m:24s (0h:0m:33s left)
 188 TNe+I+G4     26404.555   part1.1+part1.3+part2.1+part2.2+part3.2+part5.1	0h:4m:25s (0h:0m:32s left)
 189 TN+F+I+G4    26518.288   part1.1+part2.1+part2.2+part3.2+part5.2	0h:4m:25s (0h:0m:30s left)
 190 TN+F+I+G4    26408.175   part1.1+part1.2+part2.1+part2.2+part3.2+part5.3	0h:4m:26s (0h:0m:29s left)
Merging part4.1+part4.2+part4.3 with BIC score: 26381.581 (LnL: -12782.757  df: 103)
 191 HKY+F+G4     26383.415   part3.1+part4.1+part4.2+part4.3	0h:4m:31s (0h:0m:28s left)
 192 HKY+F+I+G4   26476.103   part1.3+part4.1+part4.2+part4.3+part5.1	0h:4m:32s (0h:0m:26s left)
 193 TN+F+G4      26410.941   part1.1+part2.1+part2.2+part3.2+part4.1+part4.2+part4.3	0h:4m:34s (0h:0m:25s left)
 194 K2P+G4       26405.352   part2.3+part3.3+part4.1+part4.2+part4.3	0h:4m:34s (0h:0m:24s left)
 195 TN+F+I+G4    26634.511   part4.1+part4.2+part4.3+part5.2	0h:4m:35s (0h:0m:22s left)
 196 TN+F+I+G4    26442.228   part1.2+part4.1+part4.2+part4.3+part5.3	0h:4m:37s (0h:0m:21s left)
Merging part1.1+part2.1+part2.2+part3.1+part3.2 with BIC score: 26374.573 (LnL: -12787.176  df: 101)
 197 TIM3e+G4     26398.242   part1.1+part2.1+part2.2+part3.1+part3.2+part4.1+part4.2+part4.3	0h:4m:45s (0h:0m:20s left)
 198 TN+F+I+G4    26403.985   part1.1+part1.3+part2.1+part2.2+part3.1+part3.2+part5.1	0h:4m:46s (0h:0m:18s left)
 199 TN+F+I+G4    26548.079   part1.1+part2.1+part2.2+part3.1+part3.2+part5.2	0h:4m:48s (0h:0m:17s left)
 200 K2P+G4       26405.677   part1.1+part2.1+part2.2+part2.3+part3.1+part3.2+part3.3	0h:4m:48s (0h:0m:15s left)
 201 TNe+I+G4     26408.031   part1.1+part1.2+part2.1+part2.2+part3.1+part3.2+part5.3	0h:4m:48s (0h:0m:14s left)
BEST-FIT PARTITION MODEL: 
  charpartition BIC = TNe+G4: part1.1 part2.1 part2.2 part3.1 part3.2, TN+F+I+G4: part1.2 part5.3, HKY+F+I+G4: part1.3 part5.1, TNe+G4: part2.3 part3.3, HKY+F+G4: part4.1 part4.2 part4.3, HKY+F+I+G4: part5.2;
Agglomerative model selection: (((part1.1,((part2.1,part3.2)1:26499.8,part2.2)5:26414.1)7:26388.6,part3.1)9:26374.6,(part1.2,part5.3)3:26449.8,(part1.3,part5.1)2:26473.3,(part2.3,part3.3)6:26400.6,(part4.1,(part4.2,part4.3)4:26430.3)8:26381.6,part5.2)
Merging into 6 partitions...
Partition information was printed to 2_set217.best_scheme.nex
Partition information in Raxml format was printed to 2_set217.best_scheme

All model information printed to 2_set217.model.gz
CPU time for ModelFinder: 287.556 seconds (0h:4m:47s)
Wall-clock time for ModelFinder: 289.935 seconds (0h:4m:49s)
Generating 1000 samples for ultrafast bootstrap (seed: 453984)...

NOTE: 8 MB RAM (0 GB) is required!
Measuring multi-threading efficiency up to 8 CPU cores
Increase to 10 rounds for branch lengths
16 trees examined
Threads: 1 / Time: 8.223 sec / Speedup: 1.000 / Efficiency: 100% / LogL: -19037
Threads: 2 / Time: 19.188 sec / Speedup: 0.429 / Efficiency: 21% / LogL: -19037
BEST NUMBER OF THREADS: 1

Estimate model parameters (epsilon = 0.100)
Initial log-likelihood: -13581.846
Current log-likelihood at step 1: -12822.430
Current log-likelihood at step 2: -12761.643
Current log-likelihood at step 3: -12760.860
Current log-likelihood at step 4: -12760.420
Current log-likelihood at step 5: -12760.085
Current log-likelihood at step 6: -12759.799
Current log-likelihood at step 7: -12759.543
Current log-likelihood at step 8: -12759.301
Current log-likelihood at step 9: -12759.067
Current log-likelihood at step 10: -12758.835
Current log-likelihood at step 11: -12758.604
Current log-likelihood at step 12: -12758.371
Current log-likelihood at step 13: -12758.137
Current log-likelihood at step 14: -12757.900
Current log-likelihood at step 15: -12757.660
Current log-likelihood at step 16: -12757.417
Current log-likelihood at step 17: -12757.171
Current log-likelihood at step 18: -12756.921
Current log-likelihood at step 19: -12756.667
Current log-likelihood at step 20: -12756.409
Current log-likelihood at step 21: -12756.147
Current log-likelihood at step 22: -12755.881
Current log-likelihood at step 23: -12755.611
Current log-likelihood at step 24: -12755.336
Current log-likelihood at step 25: -12755.056
Current log-likelihood at step 26: -12754.772
Current log-likelihood at step 27: -12754.483
Current log-likelihood at step 28: -12754.189
Current log-likelihood at step 29: -12753.889
Current log-likelihood at step 30: -12753.585
Current log-likelihood at step 31: -12753.274
Current log-likelihood at step 32: -12752.958
Current log-likelihood at step 33: -12752.636
Current log-likelihood at step 34: -12752.308
Current log-likelihood at step 35: -12751.973
Current log-likelihood at step 36: -12751.632
Current log-likelihood at step 37: -12751.284
Current log-likelihood at step 38: -12750.928
Current log-likelihood at step 39: -12750.566
Current log-likelihood at step 40: -12750.196
Current log-likelihood at step 41: -12749.817
Current log-likelihood at step 42: -12749.431
Current log-likelihood at step 43: -12749.036
Current log-likelihood at step 44: -12748.633
Current log-likelihood at step 45: -12748.220
Current log-likelihood at step 46: -12747.797
Current log-likelihood at step 47: -12747.365
Current log-likelihood at step 48: -12746.923
Current log-likelihood at step 49: -12746.470
Current log-likelihood at step 50: -12746.007
Current log-likelihood at step 51: -12745.532
Current log-likelihood at step 52: -12745.045
Current log-likelihood at step 53: -12744.547
Current log-likelihood at step 54: -12744.036
Current log-likelihood at step 55: -12743.513
Current log-likelihood at step 56: -12742.977
Current log-likelihood at step 57: -12742.429
Current log-likelihood at step 58: -12741.868
Current log-likelihood at step 59: -12741.294
Current log-likelihood at step 60: -12740.707
Current log-likelihood at step 61: -12740.109
Current log-likelihood at step 62: -12739.501
Current log-likelihood at step 63: -12738.882
Current log-likelihood at step 64: -12738.256
Current log-likelihood at step 65: -12737.625
Current log-likelihood at step 66: -12731.625
Current log-likelihood at step 67: -12731.621
Parameters optimization took 66 rounds (14.647 sec)

Computing ML distances based on estimated model parameters... 0.069 sec
WARNING: Some pairwise ML distances are too long (saturated)
Computing BIONJ tree...
0.005 seconds
Log-likelihood of BIONJ tree: -12850.190
--------------------------------------------------------------------
|             INITIALIZING CANDIDATE TREE SET                      |
--------------------------------------------------------------------
Generating 98 parsimony trees... 5.418 second
Computing log-likelihood of 98 initial trees ... 13.816 seconds
Current best score: -12728.836

Do NNI search on 20 best initial trees
Estimate model parameters (epsilon = 0.100)
Initial log-likelihood: -12723.681
Current log-likelihood at step 1: -12723.636
Parameters optimization took 0 rounds (0.222 sec)

BETTER TREE FOUND at iteration 1: -12723.636
Estimate model parameters (epsilon = 0.100)
Initial log-likelihood: -12719.461
Current log-likelihood at step 1: -12719.375
Parameters optimization took 0 rounds (0.226 sec)

BETTER TREE FOUND at iteration 2: -12719.375
Iteration 10 / LogL: -12719.723 / Time: 0h:1m:14s
Iteration 20 / LogL: -12727.747 / Time: 0h:1m:25s
Finish initializing candidate tree set (9)
Current best tree score: -12719.375 / CPU time: 42.786
Number of iterations: 20
--------------------------------------------------------------------
|               OPTIMIZING CANDIDATE TREE SET                      |
--------------------------------------------------------------------
Iteration 30 / LogL: -12719.380 / Time: 0h:1m:41s (0h:4m:12s left)
Iteration 40 / LogL: -12723.372 / Time: 0h:1m:57s (0h:3m:7s left)
Iteration 50 / LogL: -12720.918 / Time: 0h:2m:14s (0h:2m:22s left)
Log-likelihood cutoff on original alignment: -12766.191
Iteration 60 / LogL: -12719.699 / Time: 0h:2m:29s (0h:1m:46s left)
Iteration 70 / LogL: -12719.700 / Time: 0h:2m:44s (0h:1m:16s left)
Iteration 80 / LogL: -12719.382 / Time: 0h:3m:0s (0h:0m:50s left)
Iteration 90 / LogL: -12720.102 / Time: 0h:3m:15s (0h:0m:26s left)
Iteration 100 / LogL: -12719.701 / Time: 0h:3m:30s (0h:0m:4s left)
Log-likelihood cutoff on original alignment: -12766.191
NOTE: Bootstrap correlation coefficient of split occurrence frequencies: 1.000
TREE SEARCH COMPLETED AFTER 103 ITERATIONS / Time: 0h:3m:35s

--------------------------------------------------------------------
|                    FINALIZING TREE SEARCH                        |
--------------------------------------------------------------------
Performs final model parameters optimization
Estimate model parameters (epsilon = 0.010)
Initial log-likelihood: -12719.375
Current log-likelihood at step 1: -12719.374
Parameters optimization took 0 rounds (0.168 sec)

BEST SCORE FOUND : -12719.374
Creating bootstrap support values...
Split supports printed to NEXUS file 2_set217.splits.nex
Total tree length: 1.318

Total number of iterations: 103
CPU time used for tree search: 58.932 sec (0h:0m:58s)
Wall-clock time used for tree search: 172.601 sec (0h:2m:52s)
Total CPU time used: 70.619 sec (0h:1m:10s)
Total wall-clock time used: 216.403 sec (0h:3m:36s)

Computing bootstrap consensus tree...
Reading input file 2_set217.splits.nex...
37 taxa and 186 splits.
Consensus tree written to 2_set217.contree
Reading input trees file 2_set217.contree
Log-likelihood of consensus tree: -12719.696

Analysis results written to: 
  IQ-TREE report:                2_set217.iqtree
  Maximum-likelihood tree:       2_set217.treefile
  Likelihood distances:          2_set217.mldist
  Best partitioning scheme:      2_set217.best_scheme.nex
           in RAxML format:      2_set217.best_scheme

Ultrafast bootstrap approximation results written to:
  Split support values:          2_set217.splits.nex
  Consensus tree:                2_set217.contree
  Screen log file:               2_set217.log

Date and Time: Fri Sep  7 22:49:45 2018
