IQ-TREE multicore version 1.6.7 for Mac OS X 64-bit built Aug 23 2018
Developed by Bui Quang Minh, Nguyen Lam Tung, Olga Chernomor,
Heiko Schmidt, Dominik Schrempf, Michael Woodhams.

Host:    meeps-mac-pro.staff.sydney.edu.au (AVX, 64 GB RAM)
Command: /Users/davidduchene/Desktop/Software/iqtree-1.6.7-MacOSX/bin/iqtree -s ../../../../marsupials/set46.fasta -m TESTMERGE -bb 1000 -sp ../../../../marsupials/set46.nex -nt AUTO -pre 6_set46
Seed:    953949 (Using SPRNG - Scalable Parallel Random Number Generator)
Time:    Thu Sep  6 22:07:17 2018
Kernel:  AVX - auto-detect threads (8 CPU cores detected)

Reading partition model file ../../../../marsupials/set46.nex ...
Reading alignment file ../../../../marsupials/set46.fasta ... Fasta format detected
Alignment most likely contains DNA/RNA sequences
Alignment has 35 sequences with 1494 columns, 601 distinct patterns
344 parsimony-informative, 219 singleton sites, 931 constant sites
                                              Gap/Ambiguity  Composition  p-value
   1  Burramyidae_Burramys_parvus                     1.00%    passed     98.31%
   2  Notoryctidae_Notoryctes_typhlops                3.61%    passed     93.69%
   3  Vombatidae_Lasiorhinus_latifrons                1.27%    passed     83.34%
   4  Potoroidae_Bettongia_penicillata                0.27%    passed     94.32%
   5  Potoroidae_Bettongia_lesueur                    0.20%    passed     91.37%
   6  Dasyuridae_Dasyurus_maculatus                   0.13%    passed     83.80%
   7  Phalangeridae_Trichosurus_vulpecula             0.13%    passed     95.37%
   8  Phalangeridae_Spilocuscus_maculatus             1.67%    passed     92.99%
   9  Potoroidae_Aepyprymnus_rufescens                0.20%    passed     92.45%
  10  Peramelidae_Perameles_nasuta                    0.87%    passed     93.84%
  11  Phalangeridae_Strigocuscus_pelengensis          1.81%    passed     84.65%
  12  Dasyuridae_Phascogale_tapoatafa                 0.07%    passed     81.10%
  13  Dasyuridae_Sminthopsis_macroura                 0.00%    passed     89.21%
  14  Phalangeridae_Phalanger_orientalis              0.33%    passed     99.69%
  15  Acrobatidae_Acrobates_pygmaeus                  0.47%    passed     99.83%
  16  Dasyuridae_Phascogale_calura                    0.07%    passed     89.09%
  17  Dasyuridae_Sarcophilus_harrisii                 0.60%    passed     99.28%
  18  Dasyuridae_Planigale_tenuirostris              10.78%    passed     50.45%
  19  Peramelidae_Echymipera_kalubu                   0.13%    passed     92.37%
  20  Macropodidae_Dorcopsulus_vanheurni              0.47%    passed     93.03%
  21  Pseudochiridae_Pseudochirulus_forbesi           0.33%    passed     99.77%
  22  Didelphidae_Didelphis_virginiana                1.07%    passed     98.92%
  23  Marmosidae_Monodelphis_domestica                0.33%    passed     88.80%
  24  Dasyuridae_Antechinus_stuartii                  1.87%    passed     83.07%
  25  Hypsiprymnodontidae_Hypsiprymnodon_moschatus    0.40%    passed     76.70%
  26  Microbiotheriidae_Dromiciops_gliroides          4.69%    passed     99.60%
  27  Pseudochiridae_Petauroides_volans               5.69%    passed     97.72%
  28  Macropodidae_Wallabia_bicolor                   1.27%    passed     97.12%
  29  Pseudochiridae_Pseudocheirus_occidentalis       6.63%    passed     87.53%
  30  Tarsipedidae_Tarsipes_rostratus                 5.15%    passed     38.01%
  31  Acrobatidae_Distoechurus_pennatus               0.07%    passed     99.93%
  32  Phalangeridae_Phalanger_carmelitae              0.13%    passed     98.53%
  33  Peramelidae_Peroryctes_raffrayana               7.16%    passed     95.30%
  34  Dasyuridae_Dasyurus_geffroii                    0.07%    passed     89.19%
  35  Peramelidae_Perameles_gunnii                    0.54%    passed     95.72%
****  TOTAL                                           1.70%  0 sequences failed composition chi2 test (p-value<5%; df=3)
NOTE: No CharPartition defined, use all CharSets

Loading 15 partitions...
Subset	Type	Seqs	Sites	Infor	Invar	Model	Name
1		35	77	9	57	TESTMERGE	part1.1
2		35	77	12	59	TESTMERGE	part1.2
3		35	77	27	38	TESTMERGE	part1.3
4		35	77	9	57	TESTMERGE	part2.1
5		35	77	2	67	TESTMERGE	part2.2
6		35	77	40	21	TESTMERGE	part2.3
7		35	150	16	117	TESTMERGE	part3.1
8		35	150	14	123	TESTMERGE	part3.2
9		35	150	60	60	TESTMERGE	part3.3
10		35	78	21	42	TESTMERGE	part4.1
11		35	78	13	54	TESTMERGE	part4.2
12		35	78	40	23	TESTMERGE	part4.3
13		35	116	21	81	TESTMERGE	part5.1
14		35	116	11	86	TESTMERGE	part5.2
15		35	116	49	46	TESTMERGE	part5.3
Degree of missing data: 0.000
Info: multi-threading strategy over partitions



Create initial parsimony tree by phylogenetic likelihood library (PLL)... 0.006 seconds
NOTE: ModelFinder requires 7 MB RAM!
NUMBER OF THREADS FOR PARTITION FINDING: 8
Testing GTR+F+G on supermatrix...
GTR+F+G4 / LnL: -7962.365 / df: 76 / AIC: 16076.730 / AICc: 16084.989 / BIC: 16480.230
Selecting individual models for 15 charsets using BIC...
 No. Model        Score       Charset
   1 K2P+G4       1335.383    part1.3
   2 K2P+G4       1342.095    part5.1
   3 TNe+G4       1107.575    part4.1
   4 K3P+G4       995.264     part4.2
   5 K2P+G4       1658.259    part2.3
   6 K3Pu+F+G4    1519.172    part4.3
   7 HKY+F+G4     2097.759    part5.3
   8 HKY+F        1257.233    part3.1
   9 K2P          1086.263    part5.2
  10 K2P+G4       2536.380    part3.3	0h:0m:13s (0h:4m:27s left)
  11 HKY+F+G4     1194.329    part3.2	0h:0m:14s (0h:4m:18s left)
  12 TNe+G4       887.325     part1.1	0h:0m:15s (0h:4m:14s left)
  13 K2P+I        837.752     part2.1	0h:0m:15s (0h:3m:55s left)
  14 K3P          638.288     part2.2	0h:0m:16s (0h:3m:46s left)
  15 K2P+I        814.198     part1.2	0h:0m:16s (0h:3m:32s left)
Full partition model BIC score: 22188.224 (LnL: -7260.430  df:1049)
Merging models to increase model fit (about 211 total partition schemes)...
  16 K2P+G4       21738.779   part3.3+part4.1	0h:0m:23s (0h:4m:46s left)
  17 K2P+G4       21777.115   part1.3+part3.3	0h:0m:23s (0h:4m:33s left)
  18 K2P+G4       21796.953   part3.3+part5.1	0h:0m:24s (0h:4m:27s left)
  19 K2P+G4       21774.677   part2.3+part3.3	0h:0m:26s (0h:4m:27s left)
  20 K3P+G4       21755.377   part3.3+part4.3	0h:0m:27s (0h:4m:26s left)
  21 K2P+G4       21806.738   part2.3+part5.3	0h:0m:28s (0h:4m:20s left)
  22 TPM2+F+G4    21764.347   part4.3+part5.3	0h:0m:29s (0h:4m:12s left)
  23 HKY+F+G4     21767.454   part3.3+part5.3	0h:0m:31s (0h:4m:13s left)
  24 K2P+G4       21808.047   part3.1+part3.3	0h:0m:37s (0h:4m:49s left)
  25 K2P+G4       21812.992   part3.3+part5.2	0h:0m:37s (0h:4m:38s left)
  26 K3P+G4       21748.647   part3.3+part4.2	0h:0m:37s (0h:4m:26s left)
  27 K2P+G4       21759.090   part2.3+part4.3	0h:0m:37s (0h:4m:15s left)
  28 K2P+G4       21760.885   part4.1+part5.3	0h:0m:37s (0h:4m:8s left)
  29 TN+F+G4      21809.047   part3.2+part3.3	0h:0m:39s (0h:4m:5s left)
  30 K2P+G4       21776.428   part1.1+part3.3	0h:0m:40s (0h:4m:1s left)
  31 K3P+G4       21776.337   part2.1+part3.3	0h:0m:41s (0h:4m:3s left)
  32 HKY+F+G4     21787.548   part5.1+part5.3	0h:0m:46s (0h:4m:18s left)
  33 K2P+G4       21777.818   part1.3+part5.3	0h:0m:48s (0h:4m:23s left)
  34 K2P+G4       21771.817   part2.3+part4.1	0h:0m:50s (0h:4m:24s left)
  35 K2P+G4       21846.380   part3.1+part5.3	0h:0m:52s (0h:4m:26s left)
  36 K2P+G4       21781.652   part1.2+part3.3	0h:0m:53s (0h:4m:19s left)
  37 HKY+F+G4     21807.953   part5.2+part5.3	0h:0m:55s (0h:4m:19s left)
  38 HKY+F+G4     21772.760   part4.2+part5.3	0h:0m:55s (0h:4m:11s left)
  39 K2P+G4       21740.591   part4.1+part4.3	0h:0m:55s (0h:4m:5s left)
  40 K2P+G4       21784.570   part1.3+part2.3	0h:1m:0s (0h:4m:16s left)
  41 HKY+F+G4     21806.056   part3.2+part5.3	0h:1m:1s (0h:4m:16s left)
  42 K2P+G4       21827.938   part2.3+part5.1	0h:1m:2s (0h:4m:9s left)
  43 K2P+G4       21779.655   part1.3+part4.3	0h:1m:3s (0h:4m:7s left)
  44 K2P+G4       21786.373   part2.1+part5.3	0h:1m:6s (0h:4m:12s left)
  45 K2P+G4       21803.511   part2.2+part3.3	0h:1m:7s (0h:4m:8s left)
  46 K2P+G4       21788.746   part1.1+part5.3	0h:1m:8s (0h:4m:7s left)
  47 K2P+G4       21812.037   part4.3+part5.1	0h:1m:11s (0h:4m:10s left)
  48 TPM2+F+G4    21836.267   part2.3+part3.1	0h:1m:14s (0h:4m:12s left)
  49 K2P+G4       21833.507   part2.3+part5.2	0h:1m:19s (0h:4m:22s left)
  50 K2P+G4       21767.861   part2.3+part4.2	0h:1m:19s (0h:4m:15s left)
  51 TNe+G4       21796.768   part3.1+part4.3	0h:1m:25s (0h:4m:29s left)
  52 HKY+F+G4     21782.656   part1.2+part5.3	0h:1m:26s (0h:4m:23s left)
  53 K3Pu+F+G4    21770.015   part4.2+part4.3	0h:1m:28s (0h:4m:22s left)
  54 HKY+F+G4     21844.966   part2.3+part3.2	0h:1m:29s (0h:4m:19s left)
  55 TNe+G4       21811.860   part4.3+part5.2	0h:1m:31s (0h:4m:18s left)
  56 TNe+G4       21743.295   part4.1+part5.1	0h:1m:32s (0h:4m:17s left)
  57 TNe+G4       21766.019   part1.3+part4.1	0h:1m:34s (0h:4m:16s left)
  58 TIM2+F+G4    21812.535   part3.2+part4.3	0h:1m:37s (0h:4m:16s left)
  59 K2P+G4       21783.418   part2.1+part2.3	0h:1m:39s (0h:4m:16s left)
  60 K2P+G4       21781.798   part1.1+part2.3	0h:1m:39s (0h:4m:11s left)
  61 HKY+F+G4     21800.296   part2.2+part5.3	0h:1m:40s (0h:4m:6s left)
  62 TIMe+G4      21768.839   part2.1+part4.3	0h:1m:43s (0h:4m:9s left)
  63 HKY+F+G4     21758.207   part3.1+part4.1	0h:1m:46s (0h:4m:9s left)
  64 K2P+G4       21774.772   part1.1+part4.3	0h:1m:48s (0h:4m:8s left)
  65 K2P+G4       21746.358   part4.1+part4.2	0h:1m:48s (0h:4m:2s left)
  66 K2P+G4       21767.895   part4.1+part5.2	0h:1m:50s (0h:4m:1s left)
  67 K2P+G4       21783.033   part1.3+part5.1	0h:1m:51s (0h:3m:59s left)
  68 K2P+G4       21813.986   part1.2+part2.3	0h:2m:0s (0h:4m:12s left)
  69 HKY+F+G4     21763.223   part3.2+part4.1	0h:2m:2s (0h:4m:11s left)
  70 HKY+F+G4     21782.455   part1.3+part3.1	0h:2m:3s (0h:4m:9s left)
  71 K2P+G4       21759.034   part1.3+part4.2	0h:2m:7s (0h:4m:10s left)
  72 K2P+G4       21784.909   part1.3+part5.2	0h:2m:9s (0h:4m:10s left)
  73 TNe+G4       21739.107   part1.1+part4.1	0h:2m:11s (0h:4m:8s left)
  74 K2P+G4       21758.073   part4.2+part5.1	0h:2m:12s (0h:4m:4s left)
  75 HKY+F+G4     21793.818   part1.2+part4.3	0h:2m:14s (0h:4m:4s left)
  76 HKY+F+G4     21782.688   part3.1+part5.1	0h:2m:15s (0h:3m:59s left)
  77 K2P+G4       21782.733   part1.3+part3.2	0h:2m:15s (0h:3m:55s left)
  78 K2P+G4       21742.973   part2.1+part4.1	0h:2m:15s (0h:3m:51s left)
  79 K2P+G4       21796.753   part2.2+part2.3	0h:2m:17s (0h:3m:50s left)
  80 K2P+G4       21744.631   part5.1+part5.2	0h:2m:18s (0h:3m:46s left)
  81 K3Pu+F+G4    21803.815   part2.2+part4.3	0h:2m:19s (0h:3m:43s left)
  82 HKY+F+G4     21748.784   part3.2+part5.1	0h:2m:21s (0h:3m:42s left)
  83 K2P+G4       21768.668   part3.1+part4.2	0h:2m:24s (0h:3m:42s left)
  84 K2P          21752.520   part3.1+part5.2	0h:2m:24s (0h:3m:38s left)
  85 K3P+G4       21757.867   part4.2+part5.2	0h:2m:29s (0h:3m:42s left)
  86 TNe+G4       21742.978   part1.2+part4.1	0h:2m:30s (0h:3m:38s left)
  87 HKY+F+G4     21728.620   part3.1+part3.2	0h:2m:35s (0h:3m:41s left)
  88 K2P+G4       21760.536   part1.3+part2.1	0h:2m:36s (0h:3m:38s left)
  89 K2P+G4       21740.493   part2.1+part5.1	0h:2m:36s (0h:3m:34s left)
  90 K2P+G4       21748.698   part1.1+part1.3	0h:2m:39s (0h:3m:34s left)
  91 K3Pu+F+G4    21758.353   part3.2+part4.2	0h:2m:39s (0h:3m:30s left)
  92 HKY+F+G4     21748.428   part3.2+part5.2	0h:2m:40s (0h:3m:27s left)
  93 TNe+G4       21766.551   part1.1+part5.1	0h:2m:41s (0h:3m:25s left)
  94 K2P+G4       21744.487   part1.2+part1.3	0h:2m:49s (0h:3m:31s left)
  95 TPM2+F+I     21736.546   part2.1+part3.1	0h:2m:52s (0h:3m:30s left)
  96 K2P+I        21741.753   part2.1+part5.2	0h:2m:52s (0h:3m:26s left)
  97 K3P+G4       21745.580   part1.1+part4.2	0h:2m:54s (0h:3m:24s left)
  98 HKY+F+G4     21740.220   part1.1+part3.1	0h:2m:54s (0h:3m:20s left)
  99 TNe+G4       21755.314   part2.2+part4.1	0h:2m:55s (0h:3m:18s left)
 100 K3P+G4       21729.627   part2.1+part4.2	0h:2m:56s (0h:3m:15s left)
 101 K2P+G4       21741.599   part1.1+part5.2	0h:2m:58s (0h:3m:14s left)
 102 K2P+G4       21742.142   part1.2+part5.1	0h:3m:3s (0h:3m:15s left)
 103 K2P+I        21743.738   part1.2+part5.2	0h:3m:5s (0h:3m:14s left)
 104 HKY+F+G4     21746.941   part2.1+part3.2	0h:3m:5s (0h:3m:10s left)
 105 TIM3e+I      21749.196   part1.2+part3.1	0h:3m:5s (0h:3m:6s left)
 106 K2P+G4       21774.203   part1.3+part2.2	0h:3m:7s (0h:3m:5s left)
 107 HKY+F+G4     21739.167   part1.1+part3.2	0h:3m:7s (0h:3m:1s left)
 108 K2P+G4       21748.324   part1.2+part4.2	0h:3m:7s (0h:2m:58s left)
 109 HKY+F+I      21750.304   part1.2+part3.2	0h:3m:8s (0h:2m:56s left)
 110 K2P+I        21739.403   part2.2+part3.1	0h:3m:10s (0h:2m:54s left)
 111 K2P+G4       21755.092   part2.2+part5.1	0h:3m:10s (0h:2m:51s left)
 112 K2P+G4       21731.174   part1.1+part2.1	0h:3m:11s (0h:2m:49s left)
 113 K2P          21737.275   part2.2+part5.2	0h:3m:13s (0h:2m:48s left)
 114 K2P+I        21734.188   part1.2+part2.1	0h:3m:13s (0h:2m:44s left)
 115 K3P+G4       21737.139   part2.2+part4.2	0h:3m:15s (0h:2m:43s left)
 116 TNe+G4       21730.739   part1.1+part1.2	0h:3m:16s (0h:2m:40s left)
 117 HKY+F+G4     21731.527   part2.2+part3.2	0h:3m:16s (0h:2m:37s left)
 118 K3P+I        21726.027   part2.1+part2.2	0h:3m:16s (0h:2m:35s left)
 119 K2P+G4       21734.847   part1.1+part2.2	0h:3m:16s (0h:2m:32s left)
 120 K2P+I        21738.613   part1.2+part2.2	0h:3m:17s (0h:2m:29s left)
Merging part2.1+part2.2 with BIC score: 21726.027 (LnL: -7277.845  df: 981)
 121 TVMe+I       21289.808   part2.1+part2.2+part3.1	0h:3m:20s (0h:2m:29s left)
 122 K3P+I        21293.790   part2.1+part2.2+part5.2	0h:3m:21s (0h:2m:26s left)
 123 K3Pu+F+G4    21290.398   part2.1+part2.2+part3.2	0h:3m:22s (0h:2m:24s left)
 124 K2P+G4       21301.667   part2.1+part2.2+part5.1	0h:3m:22s (0h:2m:22s left)
 125 K2P+G4       21331.775   part1.3+part2.1+part2.2	0h:3m:22s (0h:2m:19s left)
 126 K2P+G4       21306.228   part2.1+part2.2+part4.1	0h:3m:22s (0h:2m:16s left)
 127 K3P+G4       21279.132   part2.1+part2.2+part4.2	0h:3m:22s (0h:2m:14s left)
 128 TIMe+G4      21356.299   part2.1+part2.2+part4.3	0h:3m:26s (0h:2m:13s left)
 129 K3P+G4       21281.840   part1.1+part2.1+part2.2	0h:3m:27s (0h:2m:11s left)
 130 K2P+I        21287.464   part1.2+part2.1+part2.2	0h:3m:28s (0h:2m:10s left)
 131 HKY+F+G4     21383.620   part2.1+part2.2+part5.3	0h:3m:30s (0h:2m:8s left)
 132 K2P+G4       21365.552   part2.1+part2.2+part2.3	0h:3m:30s (0h:2m:5s left)
 133 K3P+G4       21371.304   part2.1+part2.2+part3.3	0h:3m:31s (0h:2m:3s left)
Merging part3.1+part3.2 with BIC score: 21266.422 (LnL: -7307.520  df: 910)
 134 HKY+F+G4     20840.239   part3.1+part3.2+part5.2	0h:3m:40s (0h:2m:6s left)
 135 K2P+G4       20881.150   part1.3+part3.1+part3.2	0h:3m:40s (0h:2m:4s left)
 136 HKY+F+G4     20850.353   part3.1+part3.2+part4.1	0h:3m:41s (0h:2m:1s left)
 137 HKY+F+G4     20859.716   part3.1+part3.2+part5.1	0h:3m:41s (0h:1m:59s left)
 138 K3Pu+F+G4    20861.219   part3.1+part3.2+part4.2	0h:3m:42s (0h:1m:57s left)
 139 TN+F+G4      20971.720   part3.1+part3.2+part5.3	0h:3m:45s (0h:1m:57s left)
 140 TNe+G4       20915.078   part3.1+part3.2+part4.3	0h:3m:46s (0h:1m:55s left)
 141 TN+F+G4      20933.243   part3.1+part3.2+part3.3	0h:3m:46s (0h:1m:52s left)
 142 HKY+F+I      20836.867   part1.2+part3.1+part3.2	0h:3m:47s (0h:1m:50s left)
 143 HKY+F+G4     20820.434   part1.1+part3.1+part3.2	0h:3m:47s (0h:1m:48s left)
 144 HKY+F+G4     20841.332   part2.1+part2.2+part3.1+part3.2	0h:3m:47s (0h:1m:46s left)
 145 TN+F+G4      20962.449   part2.3+part3.1+part3.2	0h:3m:49s (0h:1m:44s left)
Merging part1.1+part1.2 with BIC score: 20808.937 (LnL: -7330.945  df: 841)
 146 K2P+G4       20371.078   part1.1+part1.2+part5.2	0h:3m:54s (0h:1m:44s left)
 147 K2P+G4       20383.089   part1.1+part1.2+part2.1+part2.2	0h:3m:55s (0h:1m:42s left)
 148 TNe+G4       20390.092   part1.1+part1.2+part5.1	0h:3m:55s (0h:1m:40s left)
 149 K2P+G4       20383.025   part1.1+part1.2+part4.2	0h:3m:56s (0h:1m:38s left)
 150 K2P+G4       20432.041   part1.1+part1.2+part3.3	0h:3m:58s (0h:1m:36s left)
 151 TNe+G4       20367.288   part1.1+part1.2+part4.1	0h:3m:58s (0h:1m:34s left)
 152 K2P+G4       20433.324   part1.1+part1.2+part5.3	0h:3m:59s (0h:1m:32s left)
 153 K2P+G4       20427.116   part1.1+part1.2+part4.3	0h:3m:59s (0h:1m:30s left)
 154 TNe+G4       20380.496   part1.1+part1.2+part1.3	0h:4m:1s (0h:1m:29s left)
 155 HKY+F+G4     20388.877   part1.1+part1.2+part3.1+part3.2	0h:4m:1s (0h:1m:27s left)
 156 K2P+G4       20449.934   part1.1+part1.2+part2.3	0h:4m:2s (0h:1m:25s left)
Merging part3.3+part4.1 with BIC score: 20359.492 (LnL: -7362.045  df: 771)
 157 K2P+G4       19982.258   part3.3+part4.1+part5.2	0h:4m:15s (0h:1m:27s left)
 158 K3P+G4       19921.489   part3.3+part4.1+part4.2	0h:4m:15s (0h:1m:25s left)
 159 K2P+G4       19962.165   part3.3+part4.1+part5.1	0h:4m:16s (0h:1m:23s left)
 160 K2P+G4       19977.556   part1.1+part1.2+part3.3+part4.1	0h:4m:17s (0h:1m:22s left)
 161 K2P+G4       20003.520   part2.1+part2.2+part3.3+part4.1	0h:4m:17s (0h:1m:20s left)
 162 K2P+G4       19928.812   part3.3+part4.1+part4.3	0h:4m:17s (0h:1m:17s left)
 163 K2P+G4       19959.681   part2.3+part3.3+part4.1	0h:4m:18s (0h:1m:16s left)
 164 K2P+G4       19952.345   part3.3+part4.1+part5.3	0h:4m:18s (0h:1m:14s left)
 165 K2P+G4       19952.066   part1.3+part3.3+part4.1	0h:4m:22s (0h:1m:13s left)
 166 TN+F+G4      20030.478   part3.1+part3.2+part3.3+part4.1	0h:4m:22s (0h:1m:11s left)
Merging part2.1+part2.2+part4.2 with BIC score: 19912.597 (LnL: -7394.420  df: 701)
 167 K3P+G4       19491.292   part2.1+part2.2+part4.2+part5.2	0h:4m:28s (0h:1m:10s left)
 168 K3P+G4       19507.707   part2.1+part2.2+part4.2+part5.1	0h:4m:28s (0h:1m:8s left)
 169 K3P+G4       19527.616   part1.3+part2.1+part2.2+part4.2	0h:4m:28s (0h:1m:6s left)
 170 K3P+G4       19505.275   part1.1+part1.2+part2.1+part2.2+part4.2	0h:4m:29s (0h:1m:4s left)
 171 K3P+G4       19552.706   part2.1+part2.2+part2.3+part4.2	0h:4m:31s (0h:1m:3s left)
 172 K3Pu+F+G4    19580.682   part2.1+part2.2+part4.2+part5.3	0h:4m:32s (0h:1m:1s left)
 173 TIMe+G4      19542.836   part2.1+part2.2+part4.2+part4.3	0h:4m:32s (0h:0m:59s left)
 174 K3P+G4       19550.639   part2.1+part2.2+part3.3+part4.1+part4.2	0h:4m:33s (0h:0m:58s left)
 175 K3Pu+F+G4    19518.299   part2.1+part2.2+part3.1+part3.2+part4.2	0h:4m:34s (0h:0m:56s left)
Merging part5.1+part5.2 with BIC score: 19469.004 (LnL: -7421.136  df: 633)
 176 K2P+G4       19080.484   part1.3+part5.1+part5.2	0h:4m:39s (0h:0m:55s left)
 177 HKY+F+G4     19064.551   part3.1+part3.2+part5.1+part5.2	0h:4m:39s (0h:0m:53s left)
 178 TNe+G4       19048.690   part1.1+part1.2+part5.1+part5.2	0h:4m:39s (0h:0m:51s left)
 179 K3P+G4       19072.352   part2.1+part2.2+part4.2+part5.1+part5.2	0h:4m:40s (0h:0m:50s left)
 180 K2P+G4       19146.594   part2.3+part5.1+part5.2	0h:4m:40s (0h:0m:48s left)
 181 HKY+F+G4     19100.152   part5.1+part5.2+part5.3	0h:4m:40s (0h:0m:46s left)
 182 K2P+G4       19125.916   part4.3+part5.1+part5.2	0h:4m:40s (0h:0m:44s left)
 183 K2P+G4       19115.060   part3.3+part4.1+part5.1+part5.2	0h:4m:41s (0h:0m:43s left)
Merging part3.3+part4.1+part4.3 with BIC score: 19038.324 (LnL: -7472.582  df: 560)
 184 K2P+G4       18675.285   part1.1+part1.2+part3.3+part4.1+part4.3	0h:4m:51s (0h:0m:42s left)
 185 K2P+G4       18642.570   part1.3+part3.3+part4.1+part4.3	0h:4m:52s (0h:0m:41s left)
 186 K2P+G4       18639.100   part2.3+part3.3+part4.1+part4.3	0h:4m:52s (0h:0m:39s left)
 187 K3P+G4       18699.613   part2.1+part2.2+part3.3+part4.1+part4.2+part4.3	0h:4m:52s (0h:0m:37s left)
 188 K2P+G4       18740.841   part3.1+part3.2+part3.3+part4.1+part4.3	0h:4m:53s (0h:0m:35s left)
 189 K2P+G4       18719.405   part3.3+part4.1+part4.3+part5.1+part5.2	0h:4m:53s (0h:0m:34s left)
 190 HKY+F+G4     18641.586   part3.3+part4.1+part4.3+part5.3	0h:4m:53s (0h:0m:32s left)
Merging part1.1+part1.2+part1.3 with BIC score: 18609.882 (LnL: -7510.529  df: 491)
 191 K2P+G4       18214.790   part1.1+part1.2+part1.3+part3.1+part3.2	0h:4m:59s (0h:0m:31s left)
 192 K2P+G4       18214.681   part1.1+part1.2+part1.3+part5.1+part5.2	0h:5m:1s (0h:0m:29s left)
 193 K3P+G4       18225.812   part1.1+part1.2+part1.3+part2.1+part2.2+part4.2	0h:5m:1s (0h:0m:28s left)
 194 K2P+G4       18230.783   part1.1+part1.2+part1.3+part5.3	0h:5m:2s (0h:0m:26s left)
 195 K2P+G4       18251.083   part1.1+part1.2+part1.3+part2.3	0h:5m:2s (0h:0m:24s left)
 196 K2P+G4       18262.043   part1.1+part1.2+part1.3+part3.3+part4.1+part4.3	0h:5m:4s (0h:0m:23s left)
Merging part3.1+part3.2+part5.1+part5.2 with BIC score: 18205.429 (LnL: -7560.471  df: 422)
 197 K3Pu+F+G4    17815.577   part2.1+part2.2+part3.1+part3.2+part4.2+part5.1+part5.2	0h:5m:9s (0h:0m:22s left)
 198 HKY+F+G4     17828.020   part1.1+part1.2+part1.3+part3.1+part3.2+part5.1+part5.2	0h:5m:10s (0h:0m:20s left)
 199 HKY+F+G4     17916.285   part2.3+part3.1+part3.2+part5.1+part5.2	0h:5m:10s (0h:0m:18s left)
 200 HKY+F+G4     17892.439   part3.1+part3.2+part5.1+part5.2+part5.3	0h:5m:10s (0h:0m:17s left)
 201 K2P+G4       17949.615   part3.1+part3.2+part3.3+part4.1+part4.3+part5.1+part5.2	0h:5m:13s (0h:0m:15s left)
Merging part2.3+part3.3+part4.1+part4.3 with BIC score: 17806.206 (LnL: -7613.027  df: 353)
WARNING: ABNORMAL_TERMINATION_IN_LNSRCH
 202 K3P+G4       17475.419   part2.1+part2.2+part2.3+part3.3+part4.1+part4.2+part4.3	0h:5m:22s (0h:0m:14s left)
 203 K2P+G4       17475.253   part1.1+part1.2+part1.3+part2.3+part3.3+part4.1+part4.3	0h:5m:23s (0h:0m:12s left)
 204 K2P+G4       17414.896   part2.3+part3.3+part4.1+part4.3+part5.3	0h:5m:23s (0h:0m:11s left)
 205 K2P+G4       17599.900   part2.3+part3.1+part3.2+part3.3+part4.1+part4.3+part5.1+part5.2	0h:5m:23s (0h:0m:9s left)
Merging part2.3+part3.3+part4.1+part4.3+part5.3 with BIC score: 17414.896 (LnL: -7680.504  df: 281)
 206 K3P+G4       17100.394   part2.1+part2.2+part2.3+part3.3+part4.1+part4.2+part4.3+part5.3	0h:5m:31s (0h:0m:8s left)
 207 K2P+G4       17076.280   part1.1+part1.2+part1.3+part2.3+part3.3+part4.1+part4.3+part5.3	0h:5m:32s (0h:0m:6s left)
 208 TN+F+G4      17226.376   part2.3+part3.1+part3.2+part3.3+part4.1+part4.3+part5.1+part5.2+part5.3	0h:5m:33s (0h:0m:4s left)
Merging part2.1+part2.2+part3.1+part3.2+part4.2+part5.1+part5.2 with BIC score: 17025.044 (LnL: -7737.746  df: 212)
 209 HKY+F+G4     16648.824   part1.1+part1.2+part1.3+part2.1+part2.2+part3.1+part3.2+part4.2+part5.1+part5.2	0h:5m:37s (0h:0m:3s left)
 210 TIM+F+G4     16842.217   part2.1+part2.2+part2.3+part3.1+part3.2+part3.3+part4.1+part4.2+part4.3+part5.1+part5.2+part5.3	0h:5m:42s (0h:0m:1s left)
Merging part1.1+part1.2+part1.3+part2.1+part2.2+part3.1+part3.2+part4.2+part5.1+part5.2 with BIC score: 16648.824 (LnL: -7809.113  df: 141)
 211 K3P+G4       16461.136   part1.1+part1.2+part1.3+part2.1+part2.2+part2.3+part3.1+part3.2+part3.3+part4.1+part4.2+part4.3+part5.1+part5.2+part5.3	0h:5m:53s (0h:0m:0s left)
Merging part1.1+part1.2+part1.3+part2.1+part2.2+part2.3+part3.1+part3.2+part3.3+part4.1+part4.2+part4.3+part5.1+part5.2+part5.3 with BIC score: 16461.136 (LnL: -7974.746  df: 70)
BEST-FIT PARTITION MODEL: 
  charpartition BIC = K3P+G4: part1.1 part1.2 part1.3 part2.1 part2.2 part2.3 part3.1 part3.2 part3.3 part4.1 part4.2 part4.3 part5.1 part5.2 part5.3;
Agglomerative model selection: ((((part1.1,part1.2)3:20808.9,part1.3)8:18609.9,(((part2.1,part2.2)1:21726,part4.2)5:19912.6,((part3.1,part3.2)2:21266.4,(part5.1,part5.2)6:19469)9:18205.4)12:17025)13:16648.8,((part2.3,((part3.3,part4.1)4:20359.5,part4.3)7:19038.3)10:17806.2,part5.3)11:17414.9)14:16461.1
Merging into 1 partitions...
Partition information was printed to 6_set46.best_scheme.nex
Partition information in Raxml format was printed to 6_set46.best_scheme

All model information printed to 6_set46.model.gz
CPU time for ModelFinder: 282.791 seconds (0h:4m:42s)
Wall-clock time for ModelFinder: 354.931 seconds (0h:5m:54s)
Generating 1000 samples for ultrafast bootstrap (seed: 953949)...

NOTE: 5 MB RAM (0 GB) is required!
Measuring multi-threading efficiency up to 8 CPU cores
Increase to 10 rounds for branch lengths
60 trees examined
Threads: 1 / Time: 8.125 sec / Speedup: 1.000 / Efficiency: 100% / LogL: -12564
Threads: 2 / Time: 25.912 sec / Speedup: 0.314 / Efficiency: 16% / LogL: -12564
BEST NUMBER OF THREADS: 1

Estimate model parameters (epsilon = 0.100)
Optimizing K3P+G4 parameters for partition part1.1+part1.2+part1.3+part2.1+part2.2+part2.3+part3.1+part3.2+part3.3+part4.1+part4.2+part4.3+part5.1+part5.2+part5.3 (70 free parameters)
Optimal log-likelihood: -7974.745
Computing ML distances based on estimated model parameters... 0.016 sec
Computing BIONJ tree...
0.002 seconds
Log-likelihood of BIONJ tree: -7982.316
--------------------------------------------------------------------
|             INITIALIZING CANDIDATE TREE SET                      |
--------------------------------------------------------------------
Generating 98 parsimony trees... 2.227 second
Computing log-likelihood of 98 initial trees ... 4.894 seconds
Current best score: -7968.998

Do NNI search on 20 best initial trees
Estimate model parameters (epsilon = 0.100)
BETTER TREE FOUND at iteration 1: -7968.983
Iteration 10 / LogL: -7968.983 / Time: 0h:0m:46s
Iteration 20 / LogL: -7968.983 / Time: 0h:0m:52s
Finish initializing candidate tree set (1)
Current best tree score: -7968.983 / CPU time: 16.645
Number of iterations: 20
--------------------------------------------------------------------
|               OPTIMIZING CANDIDATE TREE SET                      |
--------------------------------------------------------------------
UPDATE BEST LOG-LIKELIHOOD: -7968.983
Iteration 30 / LogL: -7968.983 / Time: 0h:0m:58s (0h:2m:22s left)
Iteration 40 / LogL: -7968.983 / Time: 0h:1m:4s (0h:1m:40s left)
UPDATE BEST LOG-LIKELIHOOD: -7968.983
Iteration 50 / LogL: -7968.983 / Time: 0h:1m:9s (0h:1m:12s left)
Log-likelihood cutoff on original alignment: -7997.005
Iteration 60 / LogL: -7968.983 / Time: 0h:1m:15s (0h:0m:52s left)
Iteration 70 / LogL: -7968.997 / Time: 0h:1m:21s (0h:0m:36s left)
Iteration 80 / LogL: -7968.983 / Time: 0h:1m:27s (0h:0m:23s left)
Iteration 90 / LogL: -7968.985 / Time: 0h:1m:32s (0h:0m:11s left)
Iteration 100 / LogL: -7973.090 / Time: 0h:1m:38s (0h:0m:0s left)
Log-likelihood cutoff on original alignment: -7996.826
NOTE: Bootstrap correlation coefficient of split occurrence frequencies: 0.998
TREE SEARCH COMPLETED AFTER 102 ITERATIONS / Time: 0h:1m:39s

--------------------------------------------------------------------
|                    FINALIZING TREE SEARCH                        |
--------------------------------------------------------------------
Performs final model parameters optimization
Estimate model parameters (epsilon = 0.010)
Optimizing K3P+G4 parameters for partition part1.1+part1.2+part1.3+part2.1+part2.2+part2.3+part3.1+part3.2+part3.3+part4.1+part4.2+part4.3+part5.1+part5.2+part5.3 (70 free parameters)
Optimal log-likelihood: -7968.983
BEST SCORE FOUND : -7968.983
Creating bootstrap support values...
Split supports printed to NEXUS file 6_set46.splits.nex
Total tree length: 0.800

Total number of iterations: 102
CPU time used for tree search: 22.426 sec (0h:0m:22s)
Wall-clock time used for tree search: 64.118 sec (0h:1m:4s)
Total CPU time used: 31.610 sec (0h:0m:31s)
Total wall-clock time used: 100.566 sec (0h:1m:40s)

Computing bootstrap consensus tree...
Reading input file 6_set46.splits.nex...
35 taxa and 164 splits.
Consensus tree written to 6_set46.contree
Reading input trees file 6_set46.contree
Log-likelihood of consensus tree: -7968.984

Analysis results written to: 
  IQ-TREE report:                6_set46.iqtree
  Maximum-likelihood tree:       6_set46.treefile
  Likelihood distances:          6_set46.mldist
  Best partitioning scheme:      6_set46.best_scheme.nex
           in RAxML format:      6_set46.best_scheme

Ultrafast bootstrap approximation results written to:
  Split support values:          6_set46.splits.nex
  Consensus tree:                6_set46.contree
  Screen log file:               6_set46.log

Date and Time: Thu Sep  6 22:14:53 2018
