IQ-TREE multicore version 1.6.7 for Mac OS X 64-bit built Aug 23 2018
Developed by Bui Quang Minh, Nguyen Lam Tung, Olga Chernomor,
Heiko Schmidt, Dominik Schrempf, Michael Woodhams.

Host:    meeps-mac-pro.staff.sydney.edu.au (AVX, 64 GB RAM)
Command: /Users/davidduchene/Desktop/Software/iqtree-1.6.7-MacOSX/bin/iqtree -s ../../../../birds/set1.fasta -m TESTMERGE -bb 1000 -q ../../../../birds/set1.nex -nt AUTO -pre 2_set1
Seed:    396169 (Using SPRNG - Scalable Parallel Random Number Generator)
Time:    Thu Sep  6 10:44:49 2018
Kernel:  AVX - auto-detect threads (8 CPU cores detected)

Reading partition model file ../../../../birds/set1.nex ...
Reading alignment file ../../../../birds/set1.fasta ... Fasta format detected
Alignment most likely contains DNA/RNA sequences
Alignment has 192 sequences with 23991 columns, 15413 distinct patterns
12434 parsimony-informative, 2034 singleton sites, 9523 constant sites
                                                           Gap/Ambiguity  Composition  p-value
   1  I0185_86_Accipitridae_Buteo_jamaicensis                      0.88%    passed     42.73%
   2  I0186_111_Momotidae_Momotus_lessonii                         1.75%    passed     96.58%
   3  I0187_115_Trogonidae_Trogon_elegans                          1.58%    failed      0.00%
   4  I0188_135_Apodidae_Streptoprocne_zonaris                     1.15%    passed     38.73%
   5  I0189_225_Eurylaimidae_Smithornis_rufolateralis              0.37%    passed     33.17%
   6  I0190_295_Trogonidae_Apaloderma_aequatoriale                 4.03%    failed      0.15%
   7  I0191_344_Indicatoridae_Indicator_exilis                     2.70%    failed      0.07%
   8  I0192_375_Musophagidae_Tauraco_macrorhynchus                 2.41%    failed      4.30%
   9  I0193_447_Columbidae_Treron_calvus                           1.35%    passed     95.47%
  10  I0194_495_Alcedinidae_Alcedo_quadribrachys                   9.07%    failed      1.10%
  11  I0195_522_Ramphastidae_Buccanodon_duchaillui                 4.19%    failed      0.02%
  12  I0196_523_Musophagidae_Corythaeola_cristata                  1.45%    passed     99.10%
  13  I0197_832_Corvidae_Corvus_albus                              0.41%    passed     87.53%
  14  I0198_937_Bucerotidae_Tockus_camurus                         3.60%    passed     40.63%
  15  I0200_988_Furnariidae_Furnarius_rufus                        1.00%    passed     95.63%
  16  I0201_999_Scolopacidae_Tringa_solitaria                      1.02%    passed     95.54%
  17  I0202_1066_Cathartidae_Cathartes_burrovianus                 3.11%    passed     55.52%
  18  I0203_1087_Tyrannidae_Hymenops_perspicillatus                7.34%    failed      0.01%
  19  I0204_1174_Threskiornithidae_Harpiprion_caerulescens         0.72%    passed     42.41%
  20  I0205_1183_Tyrannidae_Hirundinea_ferruginea                  1.58%    passed      8.53%
  21  I0206_1192_Laridae_Chroicocephalus_cirrocephalus             1.92%    passed     27.89%
  22  I0207_1193_Thamnophilidae_Thamnophilus_ruficapillus          0.76%    passed     93.99%
  23  I0208_1208_Strigidae_Strix_varia                             2.09%    passed     72.00%
  24  I0209_1223_Burhinidae_Burhinus_oedicnemus                    0.24%    passed      9.93%
  25  I0210_1226_Ciconiidae_Ciconia_nigra                          0.55%    passed     22.25%
  26  I0211_1232_Columbidae_Columba_livia                          0.62%    passed     89.76%
  27  I0212_1289_Charadriidae_Charadrius_hiaticula                 2.08%    passed     50.40%
  28  I0213_1334_Picidae_Jynx_torquilla                            5.27%    failed      0.00%
  29  I0214_1354_Sylviidae_Sylvia_melanocephala                    0.95%    passed     65.15%
  30  I0215_1370_Regulidae_Regulus_ignicapilla                     0.35%    passed     43.32%
  31  I0216_1413_Falconidae_Micrastur_gilvicollis                  0.86%    passed     51.13%
  32  I0217_1452_Cotingidae_Rupicola_rupicola                      0.54%    passed     95.16%
  33  I0218_1474_Tityridae_Myiobius_barbatus                       1.54%    passed     14.65%
  34  I0219_1489_Trochilidae_Topaza_pella                          0.86%    passed     34.81%
  35  I0220_1514_Trochilidae_Phaethornis_superciliosus             3.83%    passed     56.46%
  36  I0221_1526_Columbidae_Leptotila_rufaxilla                    0.86%    passed     69.35%
  37  I0222_1568_Turdidae_Turdus_olivater                          0.85%    passed     77.25%
  38  I0223_1586_Furnariidae_Sclerurus_mexicanus                   0.23%    passed     97.83%
  39  I0224_1607_Cracidae_Crax_alector                             6.15%    passed     17.42%
  40  I0225_1616_Incertae_sedis_Piprites_chloris                   0.25%    passed     77.16%
  41  I0226_1619_Odontophoridae_Odontophorus_gujanensis            6.47%    passed     77.03%
  42  I0227_1698_Tyrannidae_Rhynchocyclus_olivaceus                0.55%    passed      7.88%
  43  I0228_1712_Pipridae_Neopelma_chrysocephalum                  0.43%    passed     75.18%
  44  I0229_1748_Tinamidae_Nothoprocta_ornata                      4.27%    failed      0.00%
  45  I0230_1770_Tinamidae_Crypturellus_tataupa                    3.30%    failed      0.00%
  46  I0231_1774_Tinamidae_Tinamus_major                           3.16%    failed      0.00%
  47  I0232_1837_Fringillidae_Fringilla_coelebs                    0.59%    failed      0.78%
  48  I0234_1994_Todidae_Todus_mexicanus                           1.23%    passed     93.41%
  49  I0235_2065_Cuculidae_Coccyzus_melacoryphus                   3.23%    passed     80.64%
  50  I0236_2079_Falconidae_Falco_sparverius                       0.28%    passed     79.23%
  51  I0237_2182_Thamnophilidae_Myrmornis_torquata                 0.83%    passed     94.02%
  52  I0238_2211_Cotingidae_Cotinga_cayana                         0.98%    passed     72.71%
  53  I0239_2212_Ardeidae_Tigrisoma_lineatum                       0.48%    passed     98.92%
  54  I0240_2217_Psittacidae_Deroptyus_accipitrinus                5.78%    passed     93.61%
  55  I0241_2249_Pipridae_Pipra_erythrocephala                     0.42%    passed     83.81%
  56  I0242_2273_Furnariidae_Lepidocolaptes_angustirostris         0.78%    passed     92.82%
  57  I0243_2275_Columbidae_Columbina_minuta                       0.87%    passed     53.27%
  58  I0244_2276_Caprimulgidae_Chordeiles_pusillus                 1.03%    passed     55.30%
  59  I0245_2800_Ardeidae_Ardea_herodias                           0.97%    passed     80.72%
  60  I0246_2823_Tyrannidae_Tyrannus_albogularis                   0.96%    failed      2.00%
  61  I0247_2886_Apodidae_Chaetura_brachyura                       1.09%    passed     28.88%
  62  I0248_2938_Falconidae_Caracara_cheriway                      0.17%    passed     61.27%
  63  I0249_2220_Nyctibiidae_Nyctibius_griseus                     2.03%    passed     99.35%
  64  I0250_2944_Odontophoridae_Colinus_cristatus                  7.13%    passed     77.93%
  65  I0251_3044_Tityridae_Tityra_cayana                           2.08%    passed     73.95%
  66  I0252_3154_Anatidae_Anas_superciliosa                        3.73%    passed     90.78%
  67  I0253_3158_Anseranatidae_Anseranas_semipalmata               1.15%    passed     18.15%
  68  I0254_3160_Sulidae_Morus_serrator                            0.46%    passed     65.32%
  69  I0255_3161_Podargidae_Podargus_strigoides                    0.58%    passed     35.00%
  70  I0256_3178_Megapodiidae_Leipoa_ocellata                      1.25%    failed      0.15%
  71  I0257_3236_Anatidae_Oxyura_jamaicensis                       1.62%    passed     99.77%
  72  I0258_3336_Caprimulgidae_Caprimulgus_europaeus               0.82%    passed     84.48%
  73  I0259_3344_Picidae_Picus_canus                               4.96%    failed      0.00%
  74  I0260_3380_Dromaiidae_Dromaius_novaehollandiae               1.03%    failed      1.25%
  75  I0261_3515_Thamnophilidae_Terenura_callinota                 0.85%    passed     96.06%
  76  I0262_3562_Oxyruncidae_Oxyruncus_cristatus                   0.66%    passed     86.22%
  77  I0263_3569_Psophiidae_Psophia_crepitans                      0.84%    passed     99.49%
  78  I0264_3574_Falconidae_Ibycter_americanus                     0.34%    passed     49.77%
  79  I0265_3576_Tityridae_Schiffornis_turdina                     0.55%    passed     94.74%
  80  I0266_3617_Ramphastidae_Capito_niger                         7.38%    failed      0.00%
  81  I0267_3690_Bucconidae_Bucco_capensis                         5.08%    failed      0.33%
  82  I0268_3790_Accipitridae_Accipiter_superciliosus              0.19%    passed     40.32%
  83  I0270_4099_Sternidae_Sterna_hirundo                          1.38%    passed     36.52%
  84  I0271_5253_Psittacidae_Psittrichas_fulgidus                  6.23%    passed     94.36%
  85  I0272_5303_Alcedinidae_Chloroceryle_inda                     0.81%    passed     85.87%
  86  I0273_5315_Galbulidae_Galbula_dea                            0.83%    failed      0.83%
  87  I0274_5339_Bucconidae_Chelidoptera_tenebrosa                 1.60%    failed      0.19%
  88  I0275_5404_Balaenicipitidae_Balaeniceps_rex                  0.88%    passed     58.98%
  89  I0276_5411_Cathartidae_Vultur_gryphus                        1.80%    passed     61.61%
  90  I0277_5465_Trochilidae_Archilochus_colubris                  1.21%    passed     34.99%
  91  I0278_5642_Phasianidae_Bonasa_umbellus                       3.38%    passed     84.94%
  92  I0279_5911_Jacanidae_Jacana_jacana                           1.10%    failed      3.93%
  93  I0280_5927_Psittacidae_Probosciger_aterrimus                 6.05%    passed     96.44%
  94  I0281_5967_Otididae_Ardeotis_kori                            1.87%    passed     60.10%
  95  I0282_6008_Hydrobatidae_Oceanodroma_leucorhoa                0.77%    passed     46.74%
  96  I0283_6026_Anatidae_Dendrocygna_viduata                      3.54%    passed     47.99%
  97  I0284_6031_Coraciidae_Coracias_cyanogaster                   0.45%    passed     20.38%
  98  I0285_6059_Anatidae_Anser_canagicus                          2.01%    passed     96.41%
  99  I0286_6061_Ramphastidae_Ramphastos_ambiguus                  1.68%    failed      0.03%
 100  I0287_6069_Phoenicopteridae_Phoenicopterus_ruber             1.56%    passed     99.68%
 101  I0288_6097_Anatidae_Aythya_valisineria                       1.70%    passed     86.04%
 102  I0289_6295_Haematopodidae_Haematopus_palliatus               0.81%    passed     30.08%
 103  I0361_9545_Sagittariidae_Sagittarius_serpentarius            1.97%    passed     79.36%
 104  I0362_3175_Hydrobatidae_Oceanites_oceanicus                  0.65%    passed     18.13%
 105  I0363_345610_Mesitornithidae_Mesitornis_unicolor             3.75%    passed     99.25%
 106  I0364_384759_Brachypteraciidae_Atelornis_pittoides           0.30%    passed     44.33%
 107  I0365_384805_Rallidae_Sarothrura_rufa_elizabethae            2.14%    passed     91.77%
 108  I0366_438526_Mesitornithidae_Monias_benschi                  0.52%    passed     98.24%
 109  I0367_449184_Leptosomidae_Leptosomus_discolor                0.44%    passed     77.20%
 110  I0368_21_Recurvirostridae_Recurvirostra_americana            0.58%    passed     46.68%
 111  I0369_848_Opisthocomidae_Opisthocomus_hoazin                 1.13%    passed      7.97%
 112  I0370_1566_Psittacidae_Psittacus_erithacus                   5.36%    passed     98.97%
 113  I0371_1587_Phasianidae_Rollulus_rouloul                      3.09%    passed     84.24%
 114  I0372_1658_Phalacrocoracidae_Phalacrocorax_brasilianus       0.66%    passed     37.86%
 115  I0373_1829_Anhimidae_Chauna_torquata                         0.73%    failed      3.20%
 116  I0374_2419_Phasianidae_Gallus_gallus                         2.63%    passed     57.35%
 117  I0375_2613_Phaethontidae_Phaethon_rubricauda                 1.08%    failed      3.39%
 118  I0376_2661_Ciconiidae_Leptoptilos_crumeniferus               0.67%    passed      8.82%
 119  I0377_2841_Melanopareiidae_Melanopareia_maximiliani          0.67%    passed     93.78%
 120  I0378_3087_Heliornithidae_Heliornis_fulica                   1.10%    passed     99.03%
 121  I0379_3106_Anhingidae_Anhinga_anhinga                        2.75%    passed     57.17%
 122  I0380_6178_Climacteridae_Climacteris_melanura                1.15%    passed     16.25%
 123  I0381_6209_Maluridae_Malurus_splendens                       3.18%    passed     63.79%
 124  I0382_6875_Casuariidae_Casuarius_bennetti                    1.11%    failed      2.14%
 125  I0383_8723_Psittacidae_Barnardius_zonarius                   5.63%    passed     91.32%
 126  I0384_9129_Fregatidae_Fregata_magnificens                    0.66%    passed     31.05%
 127  I0385_9309_Accipitridae_Elanus_leucurus                      0.60%    passed     14.29%
 128  I0386_10701_Pelecanoididae_Pelecanoides_urinatrix            1.29%    passed     51.30%
 129  I0387_12368_Eurylaimidae_Eurylaimus_ochromalus               1.20%    passed     99.53%
 130  I0388_12571_Hemiprocnidae_Hemiprocne_comata                  0.55%    passed     21.60%
 131  I0389_14873_Psittacidae_Nestor_meridionalis                  4.26%    passed     93.81%
 132  I0390_14905_Apterygidae_Apteryx_sp                           1.51%    failed      0.01%
 133  I0391_15014_Pelecanidae_Pelecanus_occidentalis               0.97%    passed     63.68%
 134  I0393_15950_Rynchopidae_Rhynchops_niger                      0.78%    passed     32.12%
 135  I0394_16098_Aegothelidae_Aegotheles_insignis                 1.16%    passed     31.93%
 136  I0395_16363_Procellariidae_Pterodroma_externa                0.20%    passed     27.36%
 137  I0396_16818_Eurypygidae_Eurypyga_helias                      0.76%    passed     53.25%
 138  I0397_17790_Ramphastidae_Megalaima_chrysopogon               6.46%    failed      0.00%
 139  I0398_17932_Cuculidae_Centropus_bengalensis                  0.53%    passed     97.28%
 140  I0399_18174_Caprimulgidae_Eurostopodus_macrotis              0.66%    passed     93.22%
 141  I0400_19788_Pittidae_Pitta_angolensis                        0.68%    passed     86.17%
 142  I0401_19903_Glareolidae_Glareola_nuchalis                    0.22%    passed     60.80%
 143  I0402_20061_Rostratulidae_Rostratula_benghalensis            1.79%    passed     14.59%
 144  I0403_20547_Pteroclididae_Syrrhaptes_paradoxus               0.78%    passed     74.46%
 145  I0404_21828_Procellariidae_Fulmarus_glacialoides             0.73%    passed     24.73%
 146  I0405_21897_Gruidae_Grus_canadensis                          0.40%    passed     29.36%
 147  I0406_22550_Procellariidae_Puffinus_griseus                  0.84%    passed     50.25%
 148  I0407_22888_Rallidae_Porphyrio_porphyrio                     2.06%    passed     99.12%
 149  I0408_25293_Alcidae_Uria_aalge                               0.95%    passed     11.43%
 150  I0410_52764_Coliidae_Colius_colius                           4.58%    failed      0.00%
 151  I0411_53231_Pteroclididae_Pterocles_bicinctus                1.19%    passed     92.49%
 152  I0412_62853_Hydrobatidae_Pelagodroma_marina                  0.85%    passed     24.12%
 153  I0414_72512_Rheidae_Rhea_americana                           0.61%    failed      0.02%
 154  I0415_76638_Menuridae_Menura_novaehollandiae                 0.53%    passed     98.13%
 155  I0416_76941_Pipridae_Cryptopipo_holochlora                   0.28%    passed     84.07%
 156  I0417_82096_Diomedeidae_Phoebastria_nigripes                 0.90%    passed     15.26%
 157  I0418_89784_Scopidae_Scopus_umbretta                         1.07%    passed     71.92%
 158  I0419_90368_Aramidae_Aramus_guarauna                         0.29%    passed     26.46%
 159  I0420_730_Ardeidae_Ixobrychus_minutus                        1.27%    passed     83.90%
 160  I0421_1173_Cariamidae_Cariama_cristata                       2.22%    passed     70.37%
 161  I0422_1201_Podicipedidae_Rollandia_rolland                   0.48%    passed     99.27%
 162  I0423_2497_Cuculidae_Cuculus_optatus                         2.18%    passed     20.90%
 163  I0424_2923_Cuculidae_Tapera_naevia                           0.61%    passed     12.55%
 164  I0425_2961_Rallidae_Micropygia_schomburgkii                  1.20%    passed     90.16%
 165  I0426_2963_Cracidae_Ortalis_motmot                           7.14%    passed     24.10%
 166  I0427_3383_Scolopacidae_Arenaria_interpres                   0.92%    passed     86.01%
 167  I0428_3386_Rallidae_Rallus_longirostris                      4.20%    passed     93.42%
 168  I0429_3677_Grallariidae_Myrmothera_campanisona               0.59%    passed     13.19%
 169  I0430_5336_Tyrannidae_Elaenia_flavogaster                    2.66%    failed      0.37%
 170  I0431_5370_Scolopacidae_Limosa_lapponica                     0.86%    passed     94.26%
 171  I0432_5886_Tinamidae_Eudromia_elegans                        3.51%    failed      0.00%
 172  I0433_6296_Gruidae_Balearica_regulorum                       1.36%    passed     20.65%
 173  I0434_6298_Columbidae_Ptilinopus_magnificus                  0.52%    passed     77.77%
 174  I0436_20224_D_Steatornithidae_Steatornis_caripensis          5.55%    passed     84.30%
 175  I0438_345711_Eurylaimidae_Neodrepanis_coruscans              1.09%    passed     92.95%
 176  I0440_10756_D_Ptilonorhynchidae_Ptilonorhynchus_violaceus    0.28%    passed     15.73%
 177  I0448_52755_Numididae_Numida_malagris                        6.70%    passed     59.45%
 178  I0449_66928_Gaviidae_Gavia_immer                             0.58%    passed     34.99%
 179  I0450_81668_Pandionidae_Pandion_haliaetus                    2.08%    passed     40.17%
 180  I0451_85124_Spheniscidae_Spheniscus_humboldti                0.84%    passed     21.46%
 181  I0452_88784_Tytonidae_Tyto_alba                              2.16%    passed     86.80%
 182  I0453_90121_Struthionidae_Struthio_camelus                   1.28%    passed      8.59%
 183  I0454_77230_Cariamidae_Chunga_burmeisteri                    0.45%    passed     63.15%
 184  I0455_1245_Alaudidae_Calandrella_brachydactyla               1.68%    passed     10.96%
 185  I0456_3321_Paridae_Poecile_lugubris                          4.54%    passed     98.42%
 186  I0457_6346_Paradisaeidae_Lophorina_superba                   1.59%    passed     86.68%
 187  I0459_6323_Eurylaimidae_Calyptomena_viridis                  0.65%    passed     66.78%
 188  I0460_HERP_14722_Crocodylidae_Crocodylus_porosus            12.46%    failed      0.03%
 189  I2824_12230_Ptilonorhynchidae_Sericulus_bakeri               0.25%    passed     18.89%
 190  I2826_181173_Pycnonotidae_Pycnonotus_macrotis                0.63%    passed     52.70%
 191  I2827_2685_Pedionomidae_Pedionomus_torquatus                 1.34%    passed     99.84%
 192  I2828_3250_Bucerotidae_Bucorvus_leadbeateri                  2.90%    passed     75.09%
****  TOTAL                                                        1.87%  32 sequences failed composition chi2 test (p-value<5%; df=3)
NOTE: No CharPartition defined, use all CharSets

Loading 15 partitions...
Subset	Type	Seqs	Sites	Infor	Invar	Model	Name
1		192	1598	1156	249	TESTMERGE	part1
2		192	1429	644	601	TESTMERGE	part2
3		192	1541	924	515	TESTMERGE	part3
4		192	2316	1163	949	TESTMERGE	part4
5		192	1665	682	901	TESTMERGE	part5
6		192	1775	697	963	TESTMERGE	part6
7		192	964	529	354	TESTMERGE	part7
8		192	1622	1083	384	TESTMERGE	part8
9		192	960	259	594	TESTMERGE	part9
10		192	1616	1056	423	TESTMERGE	part10
11		192	1639	895	634	TESTMERGE	part11
12		192	1688	814	656	TESTMERGE	part12
13		192	1604	816	674	TESTMERGE	part13
14		192	1722	783	840	TESTMERGE	part14
15		192	1852	933	786	TESTMERGE	part15
Degree of missing data: 0.000
Info: multi-threading strategy over partitions



Create initial parsimony tree by phylogenetic likelihood library (PLL)... 0.527 seconds
NOTE: ModelFinder requires 451 MB RAM!
NUMBER OF THREADS FOR PARTITION FINDING: 8
Testing GTR+F+G on supermatrix...
GTR+F+G4 / LnL: -594197.130 / df: 390 / AIC: 1189174.259 / AICc: 1189187.182 / BIC: 1192327.579
Selecting individual models for 15 charsets using BIC...
 No. Model        Score       Charset
   1 TIM3+F+I+G4  64208.539   part6
   2 TVM+F+I+G4   67812.989   part12
   3 SYM+I+G4     92654.541   part3
   4 SYM+I+G4     99510.088   part8
   5 GTR+F+I+G4   105732.100  part15
   6 SYM+I+G4     104538.063  part10
   7 TIM2+F+I+G4  105911.291  part4
   8 GTR+F+I+G4   101424.684  part1
   9 GTR+F+I+G4   75828.832   part13
  10 TVM+F+I+G4   57647.372   part7	0h:2m:39s (0h:53m:33s left)
  11 TVM+F+I+G4   69213.270   part14	0h:2m:41s (0h:48m:47s left)
  12 GTR+F+I+G4   85083.983   part11	0h:2m:42s (0h:44m:47s left)
  13 TVMe+I+G4    20357.644   part9	0h:2m:42s (0h:41m:16s left)
  14 TVM+F+I+G4   71608.009   part5	0h:2m:43s (0h:38m:24s left)
  15 TVMe+I+G4    57487.645   part2	0h:2m:45s (0h:36m:3s left)
Full partition model BIC score: 1183201.454 (LnL: -589049.112  df:506)
Merging models to increase model fit (about 211 total partition schemes)...
  16 TVM+F+I+G4   1183718.396 part1+part12	0h:13m:8s (2h:40m:15s left)
  17 GTR+F+I+G4   1183224.181 part4+part12	0h:13m:59s (2h:39m:39s left)
  18 GTR+F+I+G4   1183513.993 part1+part8	0h:14m:11s (2h:32m:8s left)
  19 GTR+F+I+G4   1183377.486 part4+part8	0h:15m:33s (2h:37m:8s left)
  20 TVM+F+I+G4   1183576.356 part4+part15	0h:16m:46s (2h:40m:9s left)
  21 TVM+F+I+G4   1184010.201 part1+part4	0h:16m:53s (2h:32m:47s left)
  22 GTR+F+I+G4   1183499.991 part4+part10	0h:17m:47s (2h:32m:49s left)
  23 GTR+F+I+G4   1183862.404 part1+part10	0h:20m:17s (2h:45m:54s left)
  24 SYM+I+G4     1183226.729 part8+part10	0h:35m:15s (4h:34m:46s left)
  25 TVM+F+I+G4   1183466.431 part3+part4	0h:36m:11s (4h:29m:13s left)
  26 TVM+F+I+G4   1183256.977 part4+part6	0h:36m:23s (4h:18m:52s left)
  27 GTR+F+I+G4   1183569.625 part4+part11	0h:38m:22s (4h:21m:30s left)
  28 GTR+F+I+G4   1184266.578 part1+part6	0h:38m:34s (4h:12m:8s left)
  29 GTR+F+I+G4   1183888.254 part1+part3	0h:38m:51s (4h:3m:51s left)
  30 GTR+F+I+G4   1184642.615 part1+part15	0h:39m:2s (3h:55m:34s left)
  31 GTR+F+I+G4   1183732.935 part1+part11	0h:40m:0s (3h:52m:17s left)
  32 TVM+F+I+G4   1183146.767 part4+part13	0h:49m:2s (4h:34m:21s left)
  33 GTR+F+I+G4   1183302.914 part8+part12	0h:50m:36s (4h:32m:59s left)
  34 TVM+F+I+G4   1183192.845 part4+part14	0h:52m:18s (4h:32m:18s left)
  35 TVMe+I+G4    1183459.642 part10+part12	0h:54m:13s (4h:32m:42s left)
  36 TVMe+I+G4    1183334.752 part3+part8	0h:54m:17s (4h:23m:55s left)
  37 GTR+F+I+G4   1183674.069 part1+part13	0h:54m:38s (4h:16m:58s left)
  38 TVMe+I+G4    1183546.507 part10+part15	0h:55m:14s (4h:11m:29s left)
  39 TVMe+I+G4    1183762.982 part8+part15	0h:55m:43s (4h:5m:47s left)
  40 TVMe+I+G4    1183314.581 part3+part10	1h:7m:41s (4h:49m:22s left)
  41 GTR+F+I+G4   1183904.782 part1+part14	1h:8m:36s (4h:44m:26s left)
  42 TVM+F+I+G4   1183217.056 part2+part4	1h:8m:55s (4h:37m:21s left)
  43 GTR+F+I+G4   1183597.002 part8+part11	1h:11m:16s (4h:38m:26s left)
  44 TVM+F+I+G4   1183702.845 part6+part8	1h:11m:46s (4h:32m:23s left)
  45 TVMe+I+G4    1183648.961 part6+part10	1h:12m:39s (4h:28m:1s left)
  46 GTR+F+I+G4   1183924.652 part10+part11	1h:14m:13s (4h:26m:16s left)
  47 GTR+F+I+G4   1183840.177 part1+part2	1h:15m:57s (4h:25m:3s left)
  48 GTR+F+I+G4   1183274.048 part4+part5	1h:23m:6s (4h:42m:13s left)
  49 TVM+F+I+G4   1183282.277 part8+part13	1h:23m:29s (4h:36m:0s left)
  50 SYM+I+G4     1183720.772 part12+part15	1h:24m:32s (4h:32m:11s left)
  51 GTR+F+I+G4   1183403.388 part3+part12	1h:26m:33s (4h:31m:32s left)
  52 SYM+I+G4     1183276.406 part10+part13	1h:26m:41s (4h:25m:5s left)
  53 GTR+F+I+G4   1183486.555 part8+part14	1h:27m:43s (4h:21m:30s left)
  54 GTR+F+I+G4   1184094.610 part1+part5	1h:29m:38s (4h:20m:38s left)
  55 SYM+I+G4     1183493.366 part10+part14	1h:31m:6s (4h:18m:24s left)
  56 TVM+F+I+G4   1183417.261 part6+part12	1h:36m:55s (4h:28m:17s left)
  57 GTR+F+I+G4   1183522.091 part3+part15	1h:39m:48s (4h:29m:40s left)
  58 TVM+F+I+G4   1183407.481 part2+part8	1h:40m:38s (4h:25m:29s left)
  59 GTR+F+I+G4   1184380.134 part11+part15	1h:42m:9s (4h:23m:12s left)
  60 SYM+I+G4     1183493.415 part6+part15	1h:43m:1s (4h:19m:15s left)
  61 GTR+F+I+G4   1183375.508 part11+part12	1h:43m:4s (4h:13m:28s left)
  62 SYM+I+G4     1183676.837 part3+part6	1h:45m:55s (4h:14m:34s left)
  63 SYM+I+G4     1183364.605 part2+part10	1h:47m:12s (4h:11m:52s left)
  64 GTR+F+I+G4   1183808.667 part3+part11	1h:50m:54s (4h:14m:44s left)
  65 TVM+F+I+G4   1183699.632 part6+part11	1h:54m:21s (4h:16m:52s left)
  66 TVMe+I+G4    1183445.561 part4+part7	1h:55m:6s (4h:12m:53s left)
  67 TVM+F+I+G4   1183218.814 part12+part13	1h:56m:59s (4h:11m:26s left)
  68 GTR+F+I+G4   1183776.262 part1+part7	1h:57m:9s (4h:6m:22s left)
  69 SYM+I+G4     1183439.804 part13+part15	1h:58m:17s (4h:3m:26s left)
  70 GTR+F+I+G4   1183565.114 part5+part8	1h:59m:32s (4h:0m:47s left)
  71 SYM+I+G4     1183447.822 part5+part10	2h:1m:49s (4h:0m:13s left)
  72 TVM+F+I+G4   1183283.459 part12+part14	2h:4m:16s (3h:59m:55s left)
  73 SYM+I+G4     1183524.210 part14+part15	2h:8m:25s (4h:2m:46s left)
  74 SYM+I+G4     1183316.224 part3+part13	2h:9m:53s (4h:0m:28s left)
  75 TVM+F+I+G4   1183429.162 part11+part13	2h:10m:59s (3h:57m:31s left)
  76 GTR+F+I+G4   1183259.474 part6+part13	2h:11m:33s (3h:53m:40s left)
  77 TVM+F+I+G4   1183256.751 part2+part12	2h:11m:46s (3h:49m:19s left)
  78 GTR+F+I+G4   1183535.332 part3+part14	2h:14m:29s (3h:49m:19s left)
  79 GTR+F+I+G4   1183367.700 part2+part15	2h:17m:50s (3h:50m:18s left)
  80 GTR+F+I+G4   1183182.558 part6+part14	2h:18m:19s (3h:46m:29s left)
  81 GTR+F+I+G4   1183451.217 part11+part14	2h:23m:20s (3h:50m:3s left)
  82 SYM+I+G4     1183365.583 part7+part8	2h:24m:47s (3h:47m:46s left)
  83 GTR+F+I+G4   1183240.536 part2+part6	2h:24m:54s (3h:43m:28s left)
  84 SYM+I+G4     1183425.796 part2+part3	2h:25m:5s (3h:39m:22s left)
  85 TVM+F+I+G4   1183644.656 part2+part11	2h:26m:0s (3h:36m:25s left)
  86 SYM+I+G4     1183245.333 part7+part10	2h:27m:9s (3h:33m:53s left)
  87 GTR+F+I+G4   1183442.166 part5+part12	2h:31m:16s (3h:35m:36s left)
  88 GTR+F+I+G4   1183340.317 part5+part15	2h:32m:8s (3h:32m:38s left)
  89 TVM+F+I+G4   1183533.617 part4+part9	2h:35m:7s (3h:32m:38s left)
  90 TVM+F+I+G4   1183197.009 part5+part6	2h:37m:42s (3h:32m:1s left)
  91 SYM+I+G4     1183479.734 part3+part5	2h:38m:10s (3h:28m:35s left)
  92 TVM+F+I+G4   1183154.341 part13+part14	2h:38m:35s (3h:25m:7s left)
  93 GTR+F+I+G4   1184081.289 part1+part9	2h:39m:44s (3h:22m:41s left)
  94 GTR+F+I+G4   1183730.465 part5+part11	2h:40m:8s (3h:19m:19s left)
  95 GTR+F+I+G4   1183184.312 part2+part13	2h:45m:15s (3h:21m:47s left)
  96 TVMe+I+G4    1183474.654 part7+part12	2h:45m:27s (3h:18m:11s left)
  97 GTR+F+I+G4   1183203.241 part2+part14	2h:46m:0s (3h:15m:6s left)
  98 SYM+I+G4     1183321.672 part3+part7	2h:49m:32s (3h:15m:29s left)
  99 TVM+F+I+G4   1183176.440 part5+part13	2h:50m:4s (3h:12m:24s left)
 100 TVMe+I+G4    1183562.187 part6+part7	2h:51m:32s (3h:10m:24s left)
 101 TVM+F+I+G4   1183167.747 part5+part14	2h:52m:9s (3h:7m:30s left)
 102 GTR+F+I+G4   1183249.845 part7+part15	2h:52m:18s (3h:4m:8s left)
 103 TVM+F+I+G4   1183814.487 part7+part11	2h:55m:59s (3h:4m:31s left)
 104 GTR+F+I+G4   1183702.672 part8+part9	2h:56m:12s (3h:1m:17s left)
 105 SYM+I+G4     1183536.758 part9+part10	2h:59m:14s (3h:0m:56s left)
 106 TVMe+I+G4    1183300.680 part7+part13	3h:0m:23s (2h:58m:41s left)
 107 TVM+F+I+G4   1183200.975 part2+part5	3h:1m:54s (2h:56m:48s left)
 108 TVMe+I+G4    1183467.392 part7+part14	3h:2m:17s (2h:53m:51s left)
 109 TVM+F+I+G4   1183495.332 part9+part12	3h:3m:6s (2h:51m:20s left)
 110 SYM+I+G4     1183515.076 part9+part15	3h:3m:51s (2h:48m:48s left)
 111 TVMe+I+G4    1183337.961 part2+part7	3h:6m:58s (2h:48m:26s left)
 112 SYM+I+G4     1183488.141 part3+part9	3h:7m:44s (2h:45m:57s left)
 113 GTR+F+I+G4   1183521.871 part6+part9	3h:9m:27s (2h:44m:18s left)
 114 TVM+F+I+G4   1183719.925 part9+part11	3h:10m:30s (2h:42m:6s left)
 115 TVM+F+I+G4   1183382.047 part5+part7	3h:11m:28s (2h:39m:50s left)
 116 TVM+F+I+G4   1183445.135 part9+part14	3h:11m:50s (2h:37m:6s left)
 117 GTR+F+I+G4   1183488.530 part9+part13	3h:12m:7s (2h:34m:21s left)
 118 SYM+I+G4     1183449.974 part7+part9	3h:13m:49s (2h:32m:45s left)
 119 TVM+F+I+G4   1183428.491 part5+part9	3h:14m:54s (2h:30m:41s left)
 120 TVMe+I+G4    1183415.783 part2+part9	3h:14m:55s (2h:27m:48s left)
Merging part4+part13 with BIC score: 1183146.767 (LnL: -589067.153  df: 497)
 121 TVM+F+I+G4   1183122.705 part4+part13+part14	3h:40m:10s (2h:43m:46s left)
 122 TVM+F+I+G4   1183567.814 part4+part11+part13	3h:41m:3s (2h:41m:15s left)
 123 TVM+F+I+G4   1183189.334 part4+part12+part13	3h:41m:12s (2h:38m:16s left)
 124 GTR+F+I+G4   1183336.426 part4+part8+part13	3h:41m:28s (2h:35m:23s left)
 125 GTR+F+I+G4   1183233.611 part4+part6+part13	3h:42m:48s (2h:33m:17s left)
 126 GTR+F+I+G4   1183436.481 part3+part4+part13	3h:42m:48s (2h:30m:18s left)
 127 TVM+F+I+G4   1183432.913 part4+part10+part13	3h:44m:49s (2h:28m:42s left)
 128 GTR+F+I+G4   1184009.338 part1+part4+part13	3h:45m:37s (2h:26m:18s left)
 129 TVMe+I+G4    1183405.252 part4+part7+part13	4h:1m:25s (2h:33m:27s left)
 130 TVM+F+I+G4   1183483.329 part4+part9+part13	4h:2m:12s (2h:30m:55s left)
 131 TVM+F+I+G4   1183197.697 part4+part5+part13	4h:3m:43s (2h:28m:50s left)
 132 TVM+F+I+G4   1183159.858 part2+part4+part13	4h:4m:30s (2h:26m:20s left)
 133 SYM+I+G4     1183570.419 part4+part13+part15	4h:5m:50s (2h:24m:10s left)
Merging part5+part14 with BIC score: 1183113.060 (LnL: -589095.684  df: 488)
 134 TVM+F+I+G4   1183099.038 part5+part6+part14	4h:26m:42s (2h:33m:15s left)
 135 GTR+F+I+G4   1183543.888 part3+part5+part14	4h:26m:42s (2h:30m:8s left)
 136 GTR+F+I+G4   1183333.146 part5+part12+part14	4h:27m:50s (2h:27m:42s left)
 137 GTR+F+I+G4   1183657.580 part5+part11+part14	4h:27m:50s (2h:24m:40s left)
 138 GTR+F+I+G4   1183542.792 part5+part8+part14	4h:29m:26s (2h:22m:32s left)
 139 SYM+I+G4     1183539.211 part5+part10+part14	4h:29m:30s (2h:19m:36s left)
 140 GTR+F+I+G4   1184167.986 part1+part5+part14	4h:32m:18s (2h:18m:5s left)
 141 TVM+F+I+G4   1183148.821 part4+part5+part13+part14	4h:36m:42s (2h:17m:22s left)
 142 TVM+F+I+G4   1183369.311 part5+part9+part14	4h:42m:7s (2h:17m:5s left)
 143 TVM+F+I+G4   1183432.473 part5+part7+part14	4h:43m:40s (2h:14m:53s left)
 144 TVM+F+I+G4   1183124.424 part2+part5+part14	4h:46m:17s (2h:13m:12s left)
 145 TVMe+I+G4    1183451.251 part5+part14+part15	4h:46m:22s (2h:10m:21s left)
Merging part5+part6+part14 with BIC score: 1183099.038 (LnL: -589129.015  df: 480)
 146 TVM+F+I+G4   1183384.544 part5+part6+part9+part14	5h:10m:7s (2h:18m:4s left)
 147 TVM+F+I+G4   1183539.225 part5+part6+part7+part14	5h:13m:6s (2h:16m:19s left)
 148 GTR+F+I+G4   1183676.626 part3+part5+part6+part14	5h:16m:38s (2h:14m:47s left)
 149 TVM+F+I+G4   1183367.194 part5+part6+part12+part14	5h:17m:5s (2h:11m:56s left)
 150 TVM+F+I+G4   1183776.536 part5+part6+part11+part14	5h:17m:34s (2h:9m:8s left)
 151 GTR+F+I+G4   1183558.702 part5+part6+part14+part15	5h:18m:37s (2h:6m:36s left)
 152 GTR+F+I+G4   1184407.187 part1+part5+part6+part14	5h:19m:35s (2h:4m:3s left)
 153 TVM+F+I+G4   1183183.638 part4+part5+part6+part13+part14	5h:25m:37s (2h:3m:26s left)
 154 GTR+F+I+G4   1183129.718 part2+part5+part6+part14	5h:36m:52s (2h:4m:41s left)
 155 TVM+F+I+G4   1183675.781 part5+part6+part8+part14	5h:41m:38s (2h:3m:25s left)
 156 TVM+F+I+G4   1183668.113 part5+part6+part10+part14	5h:43m:48s (2h:1m:12s left)
BEST-FIT PARTITION MODEL: 
  charpartition BIC = GTR+F+I+G4: part1, TVMe+I+G4: part2, SYM+I+G4: part3, TVM+F+I+G4: part4 part13, TVM+F+I+G4: part5 part6 part14, TVM+F+I+G4: part7, SYM+I+G4: part8, TVMe+I+G4: part9, SYM+I+G4: part10, GTR+F+I+G4: part11, TVM+F+I+G4: part12, GTR+F+I+G4: part15;
Agglomerative model selection: (part1,part2,part3,(part4,part13)1:1.18315e+06,((part5,part14)2:1.18311e+06,part6)3:1.1831e+06,part7,part8,part9,part10,part11,part12,part15)
Merging into 12 partitions...
Partition information was printed to 2_set1.best_scheme.nex
Partition information in Raxml format was printed to 2_set1.best_scheme

All model information printed to 2_set1.model.gz
CPU time for ModelFinder: 27510.014 seconds (7h:38m:30s)
Wall-clock time for ModelFinder: 20631.071 seconds (5h:43m:51s)
Generating 1000 samples for ultrafast bootstrap (seed: 396169)...

NOTE: 449 MB RAM (0 GB) is required!
Measuring multi-threading efficiency up to 8 CPU cores
2 trees examined
Threads: 1 / Time: 29.986 sec / Speedup: 1.000 / Efficiency: 100% / LogL: -926191
Threads: 2 / Time: 27.071 sec / Speedup: 1.108 / Efficiency: 55% / LogL: -926191
Threads: 3 / Time: 27.581 sec / Speedup: 1.087 / Efficiency: 36% / LogL: -926191
BEST NUMBER OF THREADS: 2

Estimate model parameters (epsilon = 0.100)
Initial log-likelihood: -629280.707
Current log-likelihood at step 1: -589265.133
Current log-likelihood at step 2: -589046.842
Current log-likelihood at step 3: -589009.730
Current log-likelihood at step 4: -589003.267
Current log-likelihood at step 5: -589001.194
Current log-likelihood at step 6: -589000.214
Current log-likelihood at step 7: -588999.850
Current log-likelihood at step 8: -588999.735
Current log-likelihood at step 9: -588999.692
Parameters optimization took 8 rounds (565.764 sec)

Computing ML distances based on estimated model parameters... 35.977 sec
Computing BIONJ tree...
0.232 seconds
Log-likelihood of BIONJ tree: -589583.014
--------------------------------------------------------------------
|             INITIALIZING CANDIDATE TREE SET                      |
--------------------------------------------------------------------
Generating 98 parsimony trees... 422.079 second
Computing log-likelihood of 98 initial trees ... 1897.880 seconds
Current best score: -588999.692

Do NNI search on 20 best initial trees
Estimate model parameters (epsilon = 0.100)
Initial log-likelihood: -588855.024
Current log-likelihood at step 1: -588854.897
Current log-likelihood at step 2: -588854.874
Parameters optimization took 1 rounds (77.630 sec)

BETTER TREE FOUND at iteration 1: -588854.874
Estimate model parameters (epsilon = 0.100)
Initial log-likelihood: -588664.846
Current log-likelihood at step 1: -588657.940
Current log-likelihood at step 2: -588656.127
Current log-likelihood at step 3: -588655.681
Current log-likelihood at step 4: -588655.547
Current log-likelihood at step 5: -588655.481
Parameters optimization took 4 rounds (211.062 sec)

BETTER TREE FOUND at iteration 2: -588655.481
Estimate model parameters (epsilon = 0.100)
Initial log-likelihood: -588573.382
Current log-likelihood at step 1: -588572.814
Current log-likelihood at step 2: -588572.676
Current log-likelihood at step 3: -588572.615
Parameters optimization took 2 rounds (127.414 sec)

BETTER TREE FOUND at iteration 3: -588572.615
Iteration 10 / LogL: -588706.705 / Time: 1h:31m:14s
Iteration 20 / LogL: -588802.367 / Time: 2h:1m:1s
Finish initializing candidate tree set (20)
Current best tree score: -588572.615 / CPU time: 6364.770
Number of iterations: 20
--------------------------------------------------------------------
|               OPTIMIZING CANDIDATE TREE SET                      |
--------------------------------------------------------------------
Estimate model parameters (epsilon = 0.100)
Initial log-likelihood: -588565.278
Current log-likelihood at step 1: -588565.153
Current log-likelihood at step 2: -588565.125
Parameters optimization took 1 rounds (84.700 sec)

BETTER TREE FOUND at iteration 23: -588565.125
Estimate model parameters (epsilon = 0.100)
Initial log-likelihood: -588557.586
Current log-likelihood at step 1: -588557.504
Parameters optimization took 0 rounds (23.531 sec)

BETTER TREE FOUND at iteration 28: -588557.504
Iteration 30 / LogL: -588580.161 / Time: 2h:44m:14s (9h:14m:59s left)
Estimate model parameters (epsilon = 0.100)
Initial log-likelihood: -588555.666
Current log-likelihood at step 1: -588555.616
Parameters optimization took 0 rounds (30.136 sec)

BETTER TREE FOUND at iteration 37: -588555.616
Iteration 40 / LogL: -588558.395 / Time: 3h:24m:32s (8h:28m:42s left)
Estimate model parameters (epsilon = 0.100)
Initial log-likelihood: -588544.676
Current log-likelihood at step 1: -588544.589
Parameters optimization took 0 rounds (24.275 sec)

BETTER TREE FOUND at iteration 46: -588544.589
Iteration 50 / LogL: -588545.673 / Time: 3h:54m:21s (7h:39m:9s left)
Log-likelihood cutoff on original alignment: -588676.176
Estimate model parameters (epsilon = 0.100)
Initial log-likelihood: -588543.931
Current log-likelihood at step 1: -588543.882
Parameters optimization took 0 rounds (18.691 sec)

BETTER TREE FOUND at iteration 51: -588543.882
Estimate model parameters (epsilon = 0.100)
Initial log-likelihood: -588543.692
Current log-likelihood at step 1: -588543.630
Parameters optimization took 0 rounds (24.817 sec)

BETTER TREE FOUND at iteration 52: -588543.630
Iteration 60 / LogL: -588550.710 / Time: 4h:19m:38s (6h:44m:50s left)
Estimate model parameters (epsilon = 0.100)
Initial log-likelihood: -588528.493
Current log-likelihood at step 1: -588528.397
Parameters optimization took 0 rounds (24.229 sec)

BETTER TREE FOUND at iteration 67: -588528.397
Iteration 70 / LogL: -588548.269 / Time: 4h:45m:4s (6h:40m:45s left)
Iteration 80 / LogL: -588544.243 / Time: 5h:11m:39s (5h:43m:13s left)
Iteration 90 / LogL: -588530.643 / Time: 5h:39m:8s (4h:53m:24s left)
Iteration 100 / LogL: -588538.516 / Time: 6h:3m:52s (4h:6m:15s left)
Log-likelihood cutoff on original alignment: -588654.786
NOTE: Bootstrap correlation coefficient of split occurrence frequencies: 0.983
NOTE: UFBoot does not converge, continue at least 100 more iterations
Iteration 110 / LogL: -588536.051 / Time: 6h:27m:18s (5h:19m:47s left)
Iteration 120 / LogL: -588529.350 / Time: 6h:51m:46s (4h:36m:49s left)
Iteration 130 / LogL: -588529.836 / Time: 7h:25m:30s (4h:1m:44s left)
Iteration 140 / LogL: -588533.469 / Time: 7h:54m:53s (3h:24m:59s left)
Iteration 150 / LogL: -588594.017 / Time: 8h:23m:15s (2h:48m:52s left)
Log-likelihood cutoff on original alignment: -588633.848
Iteration 160 / LogL: -588568.371 / Time: 8h:48m:59s (2h:13m:4s left)
Iteration 170 / LogL: -588533.235 / Time: 9h:10m:12s (1h:37m:40s left)
Iteration 180 / LogL: -588529.923 / Time: 9h:32m:42s (1h:3m:59s left)
Iteration 190 / LogL: -588545.354 / Time: 9h:57m:56s (0h:31m:38s left)
UPDATE BEST LOG-LIKELIHOOD: -588528.397
Iteration 200 / LogL: -588528.606 / Time: 10h:24m:54s (0h:0m:0s left)
Log-likelihood cutoff on original alignment: -588633.848
NOTE: Bootstrap correlation coefficient of split occurrence frequencies: 0.998
TREE SEARCH COMPLETED AFTER 200 ITERATIONS / Time: 10h:24m:57s

--------------------------------------------------------------------
|                    FINALIZING TREE SEARCH                        |
--------------------------------------------------------------------
Performs final model parameters optimization
Estimate model parameters (epsilon = 0.010)
Initial log-likelihood: -588528.397
Current log-likelihood at step 1: -588528.339
Current log-likelihood at step 2: -588528.306
Current log-likelihood at step 3: -588528.290
Current log-likelihood at step 4: -588528.282
Parameters optimization took 3 rounds (78.606 sec)

BEST SCORE FOUND : -588528.282
Creating bootstrap support values...
Split supports printed to NEXUS file 2_set1.splits.nex
Total tree length: 7.867

Total number of iterations: 200
CPU time used for tree search: 11954.179 sec (3h:19m:14s)
Wall-clock time used for tree search: 36600.648 sec (10h:10m:0s)
Total CPU time used: 12309.136 sec (3h:25m:9s)
Total wall-clock time used: 37584.336 sec (10h:26m:24s)

Computing bootstrap consensus tree...
Reading input file 2_set1.splits.nex...
192 taxa and 631 splits.
Consensus tree written to 2_set1.contree
Reading input trees file 2_set1.contree
Log-likelihood of consensus tree: -588551.452

Analysis results written to: 
  IQ-TREE report:                2_set1.iqtree
  Maximum-likelihood tree:       2_set1.treefile
  Likelihood distances:          2_set1.mldist
  Best partitioning scheme:      2_set1.best_scheme.nex
           in RAxML format:      2_set1.best_scheme

Ultrafast bootstrap approximation results written to:
  Split support values:          2_set1.splits.nex
  Consensus tree:                2_set1.contree
  Screen log file:               2_set1.log

Date and Time: Fri Sep  7 02:56:52 2018
