IQ-TREE multicore version 1.6.7 for Mac OS X 64-bit built Aug 23 2018
Developed by Bui Quang Minh, Nguyen Lam Tung, Olga Chernomor,
Heiko Schmidt, Dominik Schrempf, Michael Woodhams.

Host:    meeps-mac-pro.staff.sydney.edu.au (AVX, 64 GB RAM)
Command: /Users/davidduchene/Desktop/Software/iqtree-1.6.7-MacOSX/bin/iqtree -s ../../../../marsupials/set15.fasta -m TESTMERGE -bb 1000 -spp ../../../../marsupials/set15.nex -nt AUTO -pre 4_set15
Seed:    640414 (Using SPRNG - Scalable Parallel Random Number Generator)
Time:    Thu Sep  6 14:15:08 2018
Kernel:  AVX - auto-detect threads (8 CPU cores detected)

Reading partition model file ../../../../marsupials/set15.nex ...
Reading alignment file ../../../../marsupials/set15.fasta ... Fasta format detected
Alignment most likely contains DNA/RNA sequences
Alignment has 37 sequences with 3207 columns, 1406 distinct patterns
857 parsimony-informative, 433 singleton sites, 1917 constant sites
                                              Gap/Ambiguity  Composition  p-value
   1  Burramyidae_Burramys_parvus                     1.22%    passed     79.04%
   2  Notoryctidae_Notoryctes_typhlops                2.87%    passed     98.44%
   3  Vombatidae_Lasiorhinus_latifrons                0.62%    passed     79.92%
   4  Potoroidae_Bettongia_penicillata                0.59%    passed     89.49%
   5  Potoroidae_Bettongia_lesueur                    0.56%    passed     93.14%
   6  Dasyuridae_Dasyurus_maculatus                   0.16%    passed     41.88%
   7  Phalangeridae_Trichosurus_vulpecula             9.79%    passed     86.78%
   8  Phalangeridae_Spilocuscus_maculatus             1.09%    passed     37.34%
   9  Potoroidae_Aepyprymnus_rufescens                0.69%    passed     99.64%
  10  Peramelidae_Perameles_nasuta                    5.05%    passed     95.21%
  11  Myrmecobiidae_Myrmecobius_fasciatus1           83.63%    failed      0.00%
  12  Phalangeridae_Strigocuscus_pelengensis         13.94%    passed     97.49%
  13  Dasyuridae_Phascogale_tapoatafa                 3.21%    passed     61.68%
  14  Dasyuridae_Sminthopsis_macroura                 0.16%    passed     18.41%
  15  Phalangeridae_Phalanger_orientalis              9.73%    passed     87.12%
  16  Acrobatidae_Acrobates_pygmaeus                  2.59%    passed     99.76%
  17  Dasyuridae_Phascogale_calura                    0.50%    passed     32.97%
  18  Dasyuridae_Sarcophilus_harrisii                 0.19%    passed     33.23%
  19  Dasyuridae_Planigale_tenuirostris               8.79%    passed     15.79%
  20  Peramelidae_Echymipera_kalubu                  17.93%    failed      0.30%
  21  Macropodidae_Dorcopsulus_vanheurni              0.53%    passed     71.75%
  22  Pseudochiridae_Pseudochirulus_forbesi           1.68%    passed     94.91%
  23  Didelphidae_Didelphis_virginiana               11.23%    passed     20.44%
  24  Marmosidae_Monodelphis_domestica                2.49%    passed     42.74%
  25  Dasyuridae_Antechinus_stuartii                  1.28%    passed     39.88%
  26  Hypsiprymnodontidae_Hypsiprymnodon_moschatus    0.41%    passed     52.35%
  27  Microbiotheriidae_Dromiciops_gliroides         12.19%    passed     55.91%
  28  Pseudochiridae_Petauroides_volans              13.19%    passed     23.34%
  29  Macropodidae_Wallabia_bicolor                   0.87%    passed     66.93%
  30  Pseudochiridae_Pseudocheirus_occidentalis      13.10%    passed     42.73%
  31  Tarsipedidae_Tarsipes_rostratus                 6.86%    passed     16.92%
  32  Acrobatidae_Distoechurus_pennatus               0.31%    passed     93.38%
  33  Myrmecobiidae_Myrmecobius_fasciatus2           83.63%    failed      0.00%
  34  Phalangeridae_Phalanger_carmelitae              0.47%    passed     36.87%
  35  Peramelidae_Peroryctes_raffrayana              16.25%    passed     42.06%
  36  Dasyuridae_Dasyurus_geffroii                    0.16%    passed     33.68%
  37  Peramelidae_Perameles_gunnii                    0.44%    passed     94.60%
WARNING: 2 sequences contain more than 50% gaps/ambiguity
****  TOTAL                                           8.88%  3 sequences failed composition chi2 test (p-value<5%; df=3)
NOTE: No CharPartition defined, use all CharSets

Loading 15 partitions...
Subset	Type	Seqs	Sites	Infor	Invar	Model	Name
1		35	192	46	116	TESTMERGE	part1.1
2		35	192	36	125	TESTMERGE	part1.2
3		35	192	98	60	TESTMERGE	part1.3
4		35	114	31	68	TESTMERGE	part2.1
5		35	114	21	82	TESTMERGE	part2.2
6		35	114	53	35	TESTMERGE	part2.3
7		35	587	80	458	TESTMERGE	part3.1
8		35	587	27	534	TESTMERGE	part3.2
9		35	587	302	165	TESTMERGE	part3.3
10		36	63	5	45	TESTMERGE	part4.1
11		36	63	5	52	TESTMERGE	part4.2
12		36	63	26	28	TESTMERGE	part4.3
13		34	113	38	54	TESTMERGE	part5.1
14		34	113	26	71	TESTMERGE	part5.2
15		34	113	63	24	TESTMERGE	part5.3
Degree of missing data: 0.055
Info: multi-threading strategy over partitions

NOTE: Myrmecobiidae_Myrmecobius_fasciatus2 is identical to Myrmecobiidae_Myrmecobius_fasciatus1 but kept for subsequent analysis


Create initial parsimony tree by phylogenetic likelihood library (PLL)... 0.051 seconds
NOTE: ModelFinder requires 14 MB RAM!
NUMBER OF THREADS FOR PARTITION FINDING: 8
Testing GTR+F+G on supermatrix...
GTR+F+G4 / LnL: -18559.795 / df: 80 / AIC: 37279.590 / AICc: 37283.736 / BIC: 37765.438
Selecting individual models for 15 charsets using BIC...
 No. Model        Score       Charset
   1 K2P+G4       2113.761    part1.1
   2 K3P+G4       2238.100    part5.3
   3 TN+F+G4      1921.093    part1.2
   4 HKY+F+G4     1945.276    part2.3
   5 TN+F+I       2689.589    part3.2
   6 HKY+F+G4     3618.708    part1.3
   7 HKY+F+G4     1635.966    part5.1
   8 K2P+G4       1241.346    part2.1
   9 TPM2u+F+I+G4 4293.858    part3.1
  10 K2P+G4       1003.974    part2.2	0h:0m:21s (0h:7m:17s left)
  11 TNe+G4       1248.366    part5.2	0h:0m:22s (0h:6m:54s left)
  12 TPM3+F+G4    940.541     part4.3	0h:0m:23s (0h:6m:32s left)
  13 K2P          458.686     part4.1	0h:0m:24s (0h:6m:11s left)
  14 HKY+F        359.707     part4.2	0h:0m:25s (0h:5m:56s left)
  15 TPM2u+F+G4   10373.262   part3.3	0h:0m:31s (0h:6m:56s left)
Full partition model BIC score: 36871.658 (LnL: -17838.420  df:148)
Merging models to increase model fit (about 211 total partition schemes)...
  16 HKY+F+G4     36941.327   part1.1+part3.3	0h:0m:56s (0h:11m:24s left)
  17 TIM2e+G4     37521.425   part3.2+part3.3	0h:0m:56s (0h:10m:49s left)
  18 HKY+F+G4     36926.243   part1.2+part3.3	0h:1m:1s (0h:10m:56s left)
  19 TIM2e+G4     37289.565   part3.1+part3.3	0h:1m:2s (0h:10m:33s left)
  20 HKY+F+G4     36824.352   part2.3+part3.3	0h:1m:2s (0h:9m:58s left)
  21 TPM2u+F+G4   36861.835   part3.3+part5.1	0h:1m:2s (0h:9m:29s left)
  22 HKY+F+G4     36857.900   part3.3+part5.3	0h:1m:4s (0h:9m:18s left)
  23 HKY+F+G4     36842.613   part1.3+part3.3	0h:1m:5s (0h:8m:52s left)
  24 TIM2+F+I+G4  36887.979   part3.1+part3.2	0h:1m:23s (0h:10m:48s left)
  25 TPM2u+F+G4   36899.156   part2.1+part3.3	0h:1m:24s (0h:10m:25s left)
  26 TPM2+F+G4    37108.752   part1.3+part3.1	0h:1m:24s (0h:9m:58s left)
  27 HKY+F+G4     36912.418   part2.2+part3.3	0h:1m:30s (0h:10m:16s left)
  28 HKY+F+G4     36916.567   part3.3+part5.2	0h:1m:31s (0h:9m:56s left)
  29 TIM2+F+G4    36934.152   part3.3+part4.1	0h:1m:33s (0h:9m:45s left)
  30 HKY+F+G4     36919.785   part3.3+part4.2	0h:1m:34s (0h:9m:30s left)
  31 HKY+F+G4     36828.591   part3.3+part4.3	0h:1m:35s (0h:9m:16s left)
  32 TPM2u+F+I+G4 37000.131   part2.3+part3.1	0h:1m:41s (0h:9m:27s left)
  33 HKY+F+G4     36892.311   part1.1+part3.1	0h:1m:42s (0h:9m:11s left)
  34 HKY+F+G4     37020.476   part3.1+part5.3	0h:1m:46s (0h:9m:16s left)
  35 HKY+F+G4     36897.398   part1.2+part3.1	0h:1m:47s (0h:8m:59s left)
  36 TPM2+F+G4    36897.958   part3.1+part5.1	0h:1m:51s (0h:9m:1s left)
  37 TPM2u+F+G4   36866.650   part2.1+part3.1	0h:1m:54s (0h:8m:56s left)
  38 TIM3+F+I+G4  37255.336   part1.3+part3.2	0h:1m:56s (0h:8m:49s left)
  39 K2P+G4       36918.207   part1.1+part1.3	0h:1m:56s (0h:8m:35s left)
  40 HKY+F+G4     36861.447   part1.3+part5.3	0h:1m:56s (0h:8m:20s left)
  41 HKY+F+I+G4   36907.822   part3.1+part5.2	0h:2m:1s (0h:8m:24s left)
  42 HKY+F+G4     36890.107   part2.2+part3.1	0h:2m:4s (0h:8m:22s left)
  43 HKY+F+G4     36833.696   part1.3+part2.3	0h:2m:6s (0h:8m:13s left)
  44 TN+F+G4      36919.343   part1.2+part1.3	0h:2m:8s (0h:8m:5s left)
  45 HKY+F+G4     36899.164   part1.3+part2.1	0h:2m:10s (0h:8m:2s left)
  46 HKY+F+G4     36872.577   part1.3+part5.1	0h:2m:11s (0h:7m:53s left)
  47 TPM2u+F+I+G4 36889.292   part3.1+part4.3	0h:2m:14s (0h:7m:48s left)
  48 TIM2+F+G4    36875.923   part3.1+part4.1	0h:2m:16s (0h:7m:45s left)
  49 TN+F+G4      36925.256   part1.3+part5.2	0h:2m:22s (0h:7m:50s left)
  50 HKY+F+I+G4   36887.313   part3.1+part4.2	0h:2m:25s (0h:7m:48s left)
  51 HKY+F+G4     36901.273   part1.3+part2.2	0h:2m:27s (0h:7m:42s left)
  52 TN+F+I+G4    36981.473   part1.1+part3.2	0h:2m:29s (0h:7m:37s left)
  53 TIM3+F+I+G4  37156.115   part3.2+part5.3	0h:2m:31s (0h:7m:31s left)
  54 K2P+G4       36908.039   part1.1+part5.3	0h:2m:33s (0h:7m:26s left)
  55 TIM3+F+I+G4  37114.395   part2.3+part3.2	0h:2m:33s (0h:7m:16s left)
  56 HKY+F+G4     36837.555   part1.3+part4.3	0h:2m:35s (0h:7m:9s left)
  57 K2P+G4       36848.264   part2.3+part5.3	0h:2m:39s (0h:7m:11s left)
  58 HKY+F+I+G4   36979.088   part1.2+part3.2	0h:2m:40s (0h:7m:2s left)
  59 K2P+G4       36879.259   part1.1+part2.3	0h:2m:42s (0h:6m:59s left)
  60 HKY+F+I+G4   37010.352   part3.2+part5.1	0h:2m:43s (0h:6m:50s left)
  61 K2P+G4       36918.682   part1.2+part5.3	0h:2m:44s (0h:6m:44s left)
  62 TN+F+G4      36850.636   part1.1+part1.2	0h:2m:44s (0h:6m:35s left)
  63 K2P+G4       36860.334   part5.1+part5.3	0h:2m:46s (0h:6m:30s left)
  64 HKY+F+G4     36932.909   part1.3+part4.1	0h:2m:48s (0h:6m:27s left)
  65 TNe+G4       36850.033   part1.1+part5.1	0h:2m:50s (0h:6m:24s left)
  66 TN+F+G4      36874.811   part1.2+part2.3	0h:2m:55s (0h:6m:24s left)
  67 HKY+F+G4     36914.278   part1.3+part4.2	0h:2m:55s (0h:6m:16s left)
  68 HKY+F+G4     36850.415   part2.3+part5.1	0h:2m:55s (0h:6m:8s left)
  69 TN+F+I+G4    36953.202   part2.1+part3.2	0h:2m:57s (0h:6m:4s left)
  70 TN+F+G4      36848.445   part1.2+part5.1	0h:2m:57s (0h:5m:57s left)
  71 HKY+F+I+G4   36988.360   part3.2+part5.2	0h:3m:0s (0h:5m:55s left)
  72 K2P+G4       36889.214   part2.1+part5.3	0h:3m:1s (0h:5m:51s left)
  73 TIMe+G4      36917.549   part5.2+part5.3	0h:3m:3s (0h:5m:46s left)
  74 K2P+G4       36851.100   part1.1+part2.1	0h:3m:6s (0h:5m:45s left)
  75 K2P+G4       36865.172   part2.1+part2.3	0h:3m:7s (0h:5m:40s left)
  76 TNe+G4       36869.884   part1.1+part5.2	0h:3m:9s (0h:5m:36s left)
  77 TN+F+G4      36900.579   part2.3+part5.2	0h:3m:12s (0h:5m:35s left)
  78 TN+F+I+G4    36941.608   part2.2+part3.2	0h:3m:13s (0h:5m:29s left)
  79 TN+F+G4      36853.806   part1.2+part2.1	0h:3m:14s (0h:5m:25s left)
  80 K2P+G4       36915.277   part2.2+part5.3	0h:3m:15s (0h:5m:20s left)
  81 HKY+F+G4     36851.367   part2.1+part5.1	0h:3m:17s (0h:5m:16s left)
  82 TNe+G4       36851.603   part5.1+part5.2	0h:3m:20s (0h:5m:15s left)
  83 K2P+G4       36854.544   part1.1+part2.2	0h:3m:23s (0h:5m:13s left)
  84 TN+F+I+G4    36953.164   part3.2+part4.3	0h:3m:23s (0h:5m:7s left)
  85 TN+F+G4      36857.732   part1.2+part5.2	0h:3m:23s (0h:5m:2s left)
  86 K2P+G4       36844.002   part4.3+part5.3	0h:3m:25s (0h:4m:58s left)
  87 K2P+G4       36841.636   part1.1+part4.3	0h:3m:26s (0h:4m:54s left)
  88 HKY+F+G4     36880.039   part2.2+part2.3	0h:3m:27s (0h:4m:49s left)
  89 HKY+F+G4     36823.151   part2.3+part4.3	0h:3m:30s (0h:4m:47s left)
  90 TNe+G4       36860.961   part2.2+part5.1	0h:3m:33s (0h:4m:46s left)
  91 TN+F+G4      36889.308   part3.2+part4.1	0h:3m:33s (0h:4m:41s left)
  92 TN+F+G4      36842.441   part1.2+part2.2	0h:3m:34s (0h:4m:37s left)
  93 TN+F+I       36888.829   part3.2+part4.2	0h:3m:35s (0h:4m:33s left)
  94 K2P+G4       36928.041   part4.1+part5.3	0h:3m:37s (0h:4m:30s left)
  95 TN+F+G4      36839.860   part1.2+part4.3	0h:3m:39s (0h:4m:28s left)
  96 TNe+G4       36860.293   part2.1+part5.2	0h:3m:40s (0h:4m:23s left)
  97 K2P+G4       36932.538   part4.2+part5.3	0h:3m:42s (0h:4m:21s left)
  98 K2P+G4       36871.964   part1.1+part4.1	0h:3m:43s (0h:4m:17s left)
  99 TPM3+F+G4    36833.938   part4.3+part5.1	0h:3m:45s (0h:4m:15s left)
 100 K2P+G4       36870.642   part1.1+part4.2	0h:3m:46s (0h:4m:11s left)
 101 K2P+G4       36904.111   part2.3+part4.1	0h:3m:47s (0h:4m:7s left)
 102 K2P+G4       36851.621   part2.1+part2.2	0h:3m:49s (0h:4m:4s left)
 103 HKY+F+G4     36889.979   part2.3+part4.2	0h:3m:49s (0h:4m:0s left)
 104 HKY+F+G4     36876.681   part1.2+part4.1	0h:3m:50s (0h:3m:57s left)
 105 HKY+F+G4     36878.687   part4.1+part5.1	0h:3m:52s (0h:3m:54s left)
 106 TNe+G4       36865.802   part2.2+part5.2	0h:3m:53s (0h:3m:51s left)
 107 TPM3u+F+G4   36883.777   part4.2+part5.1	0h:3m:56s (0h:3m:49s left)
 108 TN+F+G4      36858.365   part1.2+part4.2	0h:3m:56s (0h:3m:45s left)
 109 K2P+G4       36837.490   part2.1+part4.3	0h:3m:56s (0h:3m:41s left)
 110 K2P+G4       36874.078   part2.1+part4.1	0h:3m:58s (0h:3m:38s left)
 111 TPM3u+F+G4   36853.306   part2.2+part4.3	0h:4m:2s (0h:3m:38s left)
 112 TIM3e+G4     36864.133   part4.3+part5.2	0h:4m:4s (0h:3m:35s left)
 113 K2P+G4       36869.684   part2.1+part4.2	0h:4m:5s (0h:3m:32s left)
 114 K2P+G4       36869.193   part2.2+part4.1	0h:4m:5s (0h:3m:28s left)
 115 TNe+G4       36890.755   part4.1+part5.2	0h:4m:6s (0h:3m:25s left)
 116 TN+F+G4      36881.656   part4.1+part4.3	0h:4m:7s (0h:3m:22s left)
 117 HKY+F+G4     36862.530   part2.2+part4.2	0h:4m:7s (0h:3m:19s left)
 118 TIM3+F+G4    36890.791   part4.2+part5.2	0h:4m:9s (0h:3m:16s left)
 119 HKY+F        36857.319   part4.1+part4.2	0h:4m:9s (0h:3m:12s left)
 120 TPM3u+F+G4   36862.092   part4.2+part4.3	0h:4m:11s (0h:3m:10s left)
Merging part2.3+part4.3 with BIC score: 36823.151 (LnL: -17842.422  df: 141)
 121 HKY+F+G4     36828.282   part2.1+part2.3+part4.3	0h:4m:23s (0h:3m:15s left)
 122 K2P+G4       36841.576   part1.1+part2.3+part4.3	0h:4m:24s (0h:3m:13s left)
 123 TN+F+G4      36827.050   part1.2+part2.3+part4.3	0h:4m:25s (0h:3m:9s left)
 124 TN+F+G4      36853.245   part2.3+part4.3+part5.2	0h:4m:25s (0h:3m:6s left)
 125 TIM3+F+I+G4  37128.623   part2.3+part3.2+part4.3	0h:4m:28s (0h:3m:4s left)
 126 TPM2+F+I+G4  36990.956   part2.3+part3.1+part4.3	0h:4m:29s (0h:3m:2s left)
 127 HKY+F+G4     36793.626   part1.3+part2.3+part4.3	0h:4m:31s (0h:2m:59s left)
 128 TN+F+G4      36865.872   part2.3+part4.1+part4.3	0h:4m:37s (0h:2m:59s left)
 129 HKY+F+G4     36830.572   part2.2+part2.3+part4.3	0h:4m:37s (0h:2m:56s left)
 130 K2P+G4       36818.945   part2.3+part4.3+part5.3	0h:4m:38s (0h:2m:53s left)
 131 HKY+F+G4     36801.956   part2.3+part4.3+part5.1	0h:4m:39s (0h:2m:50s left)
 132 HKY+F+G4     36839.151   part2.3+part4.2+part4.3	0h:4m:41s (0h:2m:48s left)
 133 HKY+F+G4     36781.147   part2.3+part3.3+part4.3	0h:4m:45s (0h:2m:47s left)
Merging part2.3+part3.3+part4.3 with BIC score: 36781.147 (LnL: -17849.676  df: 134)
 134 TIM2e+G4     37491.214   part2.3+part3.2+part3.3+part4.3	0h:5m:23s (0h:3m:5s left)
 135 TPM2+F+G4    36844.585   part2.3+part3.3+part4.1+part4.3	0h:5m:28s (0h:3m:4s left)
 136 TIM2e+G4     37242.610   part2.3+part3.1+part3.3+part4.3	0h:5m:29s (0h:3m:1s left)
 137 HKY+F+G4     36808.385   part2.1+part2.3+part3.3+part4.3	0h:5m:29s (0h:2m:58s left)
 138 HKY+F+G4     36851.350   part1.1+part2.3+part3.3+part4.3	0h:5m:32s (0h:2m:55s left)
 139 HKY+F+G4     36833.288   part1.2+part2.3+part3.3+part4.3	0h:5m:33s (0h:2m:52s left)
 140 HKY+F+G4     36774.405   part2.3+part3.3+part4.3+part5.3	0h:5m:34s (0h:2m:49s left)
 141 HKY+F+G4     36755.550   part1.3+part2.3+part3.3+part4.3	0h:5m:37s (0h:2m:47s left)
 142 HKY+F+G4     36819.024   part2.2+part2.3+part3.3+part4.3	0h:6m:1s (0h:2m:55s left)
 143 HKY+F+G4     36825.187   part2.3+part3.3+part4.2+part4.3	0h:6m:5s (0h:2m:53s left)
 144 HKY+F+G4     36769.956   part2.3+part3.3+part4.3+part5.1	0h:6m:7s (0h:2m:50s left)
 145 HKY+F+G4     36825.994   part2.3+part3.3+part4.3+part5.2	0h:6m:7s (0h:2m:47s left)
Merging part1.2+part2.2 with BIC score: 36751.930 (LnL: -17847.177  df: 131)
 146 TN+F+G4      36761.920   part1.2+part2.2+part4.1	0h:6m:16s (0h:2m:47s left)
 147 TN+F+G4      36736.084   part1.2+part2.1+part2.2	0h:6m:17s (0h:2m:44s left)
 148 TN+F+G4      36734.048   part1.1+part1.2+part2.2	0h:6m:18s (0h:2m:41s left)
 149 TN+F+G4      36735.770   part1.2+part2.2+part4.2	0h:6m:18s (0h:2m:37s left)
 150 HKY+F+I+G4   36893.977   part1.2+part2.2+part3.2	0h:6m:21s (0h:2m:34s left)
 151 HKY+F+G4     36808.877   part1.2+part2.2+part3.1	0h:6m:24s (0h:2m:32s left)
 152 TN+F+G4      36816.092   part1.2+part1.3+part2.2	0h:6m:25s (0h:2m:29s left)
 153 TN+F+G4      36737.326   part1.2+part2.2+part5.1	0h:6m:32s (0h:2m:28s left)
 154 TIM2+F+G4    36836.281   part1.2+part2.2+part5.3	0h:6m:33s (0h:2m:25s left)
 155 TIM3+F+G4    36742.598   part1.2+part2.2+part5.2	0h:6m:35s (0h:2m:22s left)
 156 HKY+F+G4     36851.041   part1.2+part2.2+part2.3+part3.3+part4.3	0h:6m:49s (0h:2m:24s left)
Merging part1.3+part2.3+part3.3+part4.3 with BIC score: 36726.333 (LnL: -17858.598  df: 125)
 157 TIM2e+I+G4   37506.020   part1.3+part2.3+part3.2+part3.3+part4.3	0h:7m:32s (0h:2m:35s left)
 158 TIM2e+G4     37242.323   part1.3+part2.3+part3.1+part3.3+part4.3	0h:7m:35s (0h:2m:32s left)
 159 HKY+F+G4     36790.512   part1.3+part2.3+part3.3+part4.1+part4.3	0h:7m:38s (0h:2m:29s left)
 160 HKY+F+G4     36773.528   part1.3+part2.3+part3.3+part4.2+part4.3	0h:7m:38s (0h:2m:26s left)
 161 HKY+F+G4     36757.889   part1.3+part2.1+part2.3+part3.3+part4.3	0h:7m:39s (0h:2m:22s left)
 162 HKY+F+G4     36807.707   part1.1+part1.3+part2.3+part3.3+part4.3	0h:7m:41s (0h:2m:19s left)
 163 HKY+F+G4     36719.237   part1.3+part2.3+part3.3+part4.3+part5.1	0h:7m:43s (0h:2m:16s left)
 164 HKY+F+G4     36842.295   part1.2+part1.3+part2.2+part2.3+part3.3+part4.3	0h:7m:45s (0h:2m:13s left)
 165 HKY+F+G4     36777.101   part1.3+part2.3+part3.3+part4.3+part5.2	0h:8m:18s (0h:2m:18s left)
 166 HKY+F+G4     36718.024   part1.3+part2.3+part3.3+part4.3+part5.3	0h:8m:24s (0h:2m:16s left)
Merging part1.1+part5.1 with BIC score: 36704.708 (LnL: -17867.968  df: 120)
 167 TNe+G4       36713.569   part1.1+part4.2+part5.1	0h:8m:36s (0h:2m:16s left)
 168 HKY+F+G4     36720.690   part1.1+part4.1+part5.1	0h:8m:38s (0h:2m:12s left)
 169 TNe+G4       36694.454   part1.1+part5.1+part5.2	0h:8m:39s (0h:2m:9s left)
 170 TNe+G4       36681.781   part1.1+part2.1+part5.1	0h:8m:39s (0h:2m:5s left)
 171 HKY+F+I+G4   36893.918   part1.1+part3.2+part5.1	0h:8m:42s (0h:2m:2s left)
 172 TN+F+G4      36688.809   part1.1+part1.2+part2.2+part5.1	0h:8m:43s (0h:1m:58s left)
 173 HKY+F+G4     36758.645   part1.1+part3.1+part5.1	0h:8m:46s (0h:1m:55s left)
 174 K2P+G4       36735.440   part1.1+part5.1+part5.3	0h:8m:52s (0h:1m:53s left)
 175 HKY+F+G4     36789.819   part1.1+part1.3+part2.3+part3.3+part4.3+part5.1	0h:9m:16s (0h:1m:54s left)
Merging part1.1+part2.1+part5.1 with BIC score: 36681.781 (LnL: -17868.615  df: 117)
 176 TNe+G4       36689.415   part1.1+part2.1+part4.2+part5.1	0h:9m:30s (0h:1m:53s left)
 177 HKY+F+G4     36691.874   part1.1+part2.1+part4.1+part5.1	0h:9m:31s (0h:1m:49s left)
 178 TNe+G4       36671.879   part1.1+part2.1+part5.1+part5.2	0h:9m:32s (0h:1m:46s left)
 179 HKY+F+I+G4   36887.359   part1.1+part2.1+part3.2+part5.1	0h:9m:34s (0h:1m:42s left)
 180 TNe+G4       36723.637   part1.1+part2.1+part5.1+part5.3	0h:9m:34s (0h:1m:38s left)
 181 TN+F+G4      36664.305   part1.1+part1.2+part2.1+part2.2+part5.1	0h:9m:35s (0h:1m:35s left)
 182 HKY+F+G4     36737.639   part1.1+part2.1+part3.1+part5.1	0h:9m:40s (0h:1m:32s left)
 183 HKY+F+G4     36798.217   part1.1+part1.3+part2.1+part2.3+part3.3+part4.3+part5.1	0h:10m:6s (0h:1m:32s left)
Merging part1.1+part1.2+part2.1+part2.2+part5.1 with BIC score: 36664.305 (LnL: -17876.023  df: 113)
 184 TN+F+G4      36659.434   part1.1+part1.2+part2.1+part2.2+part4.2+part5.1	0h:10m:26s (0h:1m:31s left)
 185 TN+F+G4      36671.759   part1.1+part1.2+part2.1+part2.2+part4.1+part5.1	0h:10m:27s (0h:1m:28s left)
 186 HKY+F+I+G4   36900.290   part1.1+part1.2+part2.1+part2.2+part3.2+part5.1	0h:10m:29s (0h:1m:24s left)
 187 TN+F+G4      36653.344   part1.1+part1.2+part2.1+part2.2+part5.1+part5.2	0h:10m:29s (0h:1m:20s left)
 188 HKY+F+G4     36754.258   part1.1+part1.2+part2.1+part2.2+part3.1+part5.1	0h:10m:30s (0h:1m:17s left)
 189 TIM2+F+G4    36742.507   part1.1+part1.2+part2.1+part2.2+part5.1+part5.3	0h:10m:31s (0h:1m:13s left)
 190 HKY+F+G4     36858.497   part1.1+part1.2+part1.3+part2.1+part2.2+part2.3+part3.3+part4.3+part5.1	0h:10m:57s (0h:1m:12s left)
Merging part4.1+part4.2 with BIC score: 36649.966 (LnL: -17876.927  df: 111)
 191 TIM3+F+G4    36692.203   part4.1+part4.2+part5.2	0h:11m:9s (0h:1m:10s left)
 192 K2P+G4       36751.398   part4.1+part4.2+part5.3	0h:11m:10s (0h:1m:6s left)
 193 TN+F+G4      36690.201   part3.2+part4.1+part4.2	0h:11m:11s (0h:1m:2s left)
 194 TPM2u+F+G4   36680.408   part3.1+part4.1+part4.2	0h:11m:17s (0h:0m:59s left)
 195 TN+F+G4      36665.408   part1.1+part1.2+part2.1+part2.2+part4.1+part4.2+part5.1	0h:11m:22s (0h:0m:56s left)
 196 HKY+F+G4     36768.258   part1.3+part2.3+part3.3+part4.1+part4.2+part4.3	0h:11m:47s (0h:0m:54s left)
Merging part1.1+part1.2+part2.1+part2.2+part5.1+part5.2 with BIC score: 36639.005 (LnL: -17887.592  df: 107)
 197 TN+F+G4      36657.332   part1.1+part1.2+part2.1+part2.2+part4.1+part4.2+part5.1+part5.2	0h:12m:14s (0h:0m:52s left)
 198 TN+F+I+G4    36902.238   part1.1+part1.2+part2.1+part2.2+part3.2+part5.1+part5.2	0h:12m:15s (0h:0m:48s left)
 199 TIM2+F+G4    36721.920   part1.1+part1.2+part2.1+part2.2+part5.1+part5.2+part5.3	0h:12m:16s (0h:0m:44s left)
 200 TN+F+G4      36741.996   part1.1+part1.2+part2.1+part2.2+part3.1+part5.1+part5.2	0h:12m:17s (0h:0m:40s left)
 201 TN+F+G4      36862.634   part1.1+part1.2+part1.3+part2.1+part2.2+part2.3+part3.3+part4.3+part5.1+part5.2	0h:12m:46s (0h:0m:38s left)
Merging part1.3+part2.3+part3.3+part4.3+part5.3 with BIC score: 36630.696 (LnL: -17899.584  df: 103)
 202 TIM2e+I+G4   37453.226   part1.3+part2.3+part3.2+part3.3+part4.3+part5.3	0h:13m:28s (0h:0m:36s left)
 203 TIM2e+G4     37176.759   part1.3+part2.3+part3.1+part3.3+part4.3+part5.3	0h:13m:30s (0h:0m:31s left)
 204 HKY+F+G4     36756.542   part1.3+part2.3+part3.3+part4.1+part4.2+part4.3+part5.3	0h:13m:34s (0h:0m:27s left)
 205 TN+F+G4      36878.676   part1.1+part1.2+part1.3+part2.1+part2.2+part2.3+part3.3+part4.3+part5.1+part5.2+part5.3	0h:13m:42s (0h:0m:24s left)
BEST-FIT PARTITION MODEL: 
  charpartition BIC = TN+F+G4: part1.1 part1.2 part2.1 part2.2 part5.1 part5.2, HKY+F+G4: part1.3 part2.3 part3.3 part4.3 part5.3, TPM2u+F+I+G4: part3.1, TN+F+I: part3.2, HKY+F: part4.1 part4.2;
Agglomerative model selection: (((((part1.1,part5.1)5:36704.7,part2.1)6:36681.8,(part1.2,part2.2)3:36751.9)7:36664.3,part5.2)9:36639,((part1.3,((part2.3,part4.3)1:36823.2,part3.3)2:36781.1)4:36726.3,part5.3)10:36630.7,part3.1,part3.2,(part4.1,part4.2)8:36650)
Merging into 5 partitions...
Partition information was printed to 4_set15.best_scheme.nex
Partition information in Raxml format was printed to 4_set15.best_scheme

All model information printed to 4_set15.model.gz
CPU time for ModelFinder: 633.815 seconds (0h:10m:33s)
Wall-clock time for ModelFinder: 823.700 seconds (0h:13m:43s)
Generating 1000 samples for ultrafast bootstrap (seed: 640414)...

NOTE: 13 MB RAM (0 GB) is required!
Measuring multi-threading efficiency up to 8 CPU cores
Increase to 10 rounds for branch lengths
9 trees examined
Threads: 1 / Time: 8.513 sec / Speedup: 1.000 / Efficiency: 100% / LogL: -28863
Threads: 2 / Time: 21.299 sec / Speedup: 0.400 / Efficiency: 20% / LogL: -28863
BEST NUMBER OF THREADS: 1

Estimate model parameters (epsilon = 0.100)
Initial log-likelihood: -19255.606
Current log-likelihood at step 1: -18382.177
Current log-likelihood at step 2: -18290.802
Current log-likelihood at step 3: -18225.864
Current log-likelihood at step 4: -18136.498
Current log-likelihood at step 5: -18007.493
Current log-likelihood at step 6: -17901.297
Current log-likelihood at step 7: -17901.097
Current log-likelihood at step 8: -17900.944
Current log-likelihood at step 9: -17900.799
Current log-likelihood at step 10: -17900.660
Current log-likelihood at step 11: -17900.528
Current log-likelihood at step 12: -17900.403
Current log-likelihood at step 13: -17900.284
Current log-likelihood at step 14: -17900.170
Current log-likelihood at step 15: -17900.061
Current log-likelihood at step 16: -17899.958
Current log-likelihood at step 17: -17899.859
Partition-specific rates:  0.906 1.891 0.487 0.160 0.373
Parameters optimization took 16 rounds (9.362 sec)

Computing ML distances based on estimated model parameters... 0.056 sec
Computing BIONJ tree...
0.004 seconds
Log-likelihood of BIONJ tree: -17919.650
--------------------------------------------------------------------
|             INITIALIZING CANDIDATE TREE SET                      |
--------------------------------------------------------------------
Generating 98 parsimony trees... 8.037 second
Computing log-likelihood of 98 initial trees ... 30.611 seconds
Current best score: -17899.859

Do NNI search on 20 best initial trees
Estimate model parameters (epsilon = 0.100)
Initial log-likelihood: -17897.809
Current log-likelihood at step 1: -17897.665
Current log-likelihood at step 2: -17897.570
Parameters optimization took 1 rounds (1.126 sec)

BETTER TREE FOUND at iteration 1: -17897.570
Estimate model parameters (epsilon = 0.100)
Initial log-likelihood: -17897.559
Current log-likelihood at step 1: -17897.459
Current log-likelihood at step 2: -17897.380
Parameters optimization took 1 rounds (1.006 sec)

UPDATE BEST LOG-LIKELIHOOD: -17897.380
UPDATE BEST LOG-LIKELIHOOD: -17897.378
Iteration 10 / LogL: -17897.389 / Time: 0h:1m:46s
UPDATE BEST LOG-LIKELIHOOD: -17897.377
Iteration 20 / LogL: -17897.400 / Time: 0h:2m:23s
Finish initializing candidate tree set (2)
Current best tree score: -17897.377 / CPU time: 103.045
Number of iterations: 20
--------------------------------------------------------------------
|               OPTIMIZING CANDIDATE TREE SET                      |
--------------------------------------------------------------------
Iteration 30 / LogL: -17897.471 / Time: 0h:2m:54s (0h:7m:7s left)
Iteration 40 / LogL: -17897.390 / Time: 0h:3m:28s (0h:5m:26s left)
Iteration 50 / LogL: -17897.436 / Time: 0h:4m:1s (0h:4m:11s left)
Log-likelihood cutoff on original alignment: -17933.215
Iteration 60 / LogL: -17897.481 / Time: 0h:4m:38s (0h:3m:13s left)
Iteration 70 / LogL: -17897.482 / Time: 0h:5m:11s (0h:2m:19s left)
Iteration 80 / LogL: -17897.395 / Time: 0h:5m:50s (0h:1m:33s left)
Iteration 90 / LogL: -17897.478 / Time: 0h:6m:30s (0h:0m:48s left)
Iteration 100 / LogL: -17907.831 / Time: 0h:7m:7s (0h:0m:4s left)
Log-likelihood cutoff on original alignment: -17933.215
NOTE: Bootstrap correlation coefficient of split occurrence frequencies: 1.000
TREE SEARCH COMPLETED AFTER 102 ITERATIONS / Time: 0h:7m:15s

--------------------------------------------------------------------
|                    FINALIZING TREE SEARCH                        |
--------------------------------------------------------------------
Performs final model parameters optimization
Estimate model parameters (epsilon = 0.010)
Initial log-likelihood: -17897.377
Current log-likelihood at step 1: -17897.285
Current log-likelihood at step 2: -17897.200
Current log-likelihood at step 3: -17897.119
Current log-likelihood at step 4: -17897.042
Current log-likelihood at step 5: -17896.970
Current log-likelihood at step 6: -17896.902
Current log-likelihood at step 7: -17896.837
Current log-likelihood at step 8: -17896.775
Current log-likelihood at step 9: -17896.717
Current log-likelihood at step 10: -17896.661
Current log-likelihood at step 11: -17896.609
Current log-likelihood at step 12: -17896.558
Current log-likelihood at step 13: -17896.511
Current log-likelihood at step 14: -17896.466
Current log-likelihood at step 15: -17896.423
Current log-likelihood at step 16: -17896.382
Current log-likelihood at step 17: -17896.343
Current log-likelihood at step 18: -17896.306
Current log-likelihood at step 19: -17896.271
Current log-likelihood at step 20: -17896.238
Current log-likelihood at step 21: -17896.206
Current log-likelihood at step 22: -17896.175
Current log-likelihood at step 23: -17896.147
Current log-likelihood at step 24: -17896.119
Current log-likelihood at step 25: -17896.093
Current log-likelihood at step 26: -17896.068
Current log-likelihood at step 27: -17896.045
Current log-likelihood at step 28: -17896.026
Current log-likelihood at step 29: -17896.008
Current log-likelihood at step 30: -17895.990
Current log-likelihood at step 31: -17895.973
Current log-likelihood at step 32: -17895.956
Current log-likelihood at step 33: -17895.940
Current log-likelihood at step 34: -17895.925
Current log-likelihood at step 35: -17895.910
Current log-likelihood at step 36: -17895.896
Current log-likelihood at step 37: -17895.883
Current log-likelihood at step 38: -17895.870
Current log-likelihood at step 39: -17895.857
Current log-likelihood at step 40: -17895.845
Current log-likelihood at step 41: -17895.833
Current log-likelihood at step 42: -17895.822
Current log-likelihood at step 43: -17895.811
Current log-likelihood at step 44: -17895.800
Current log-likelihood at step 45: -17895.790
Current log-likelihood at step 46: -17895.781
Partition-specific rates:  0.911 1.897 0.484 0.160 0.297
Parameters optimization took 45 rounds (29.285 sec)

BEST SCORE FOUND : -17895.781
Creating bootstrap support values...
Split supports printed to NEXUS file 4_set15.splits.nex
Total tree length: 0.970

Total number of iterations: 102
CPU time used for tree search: 73.185 sec (0h:1m:13s)
Wall-clock time used for tree search: 395.502 sec (0h:6m:35s)
Total CPU time used: 85.503 sec (0h:1m:25s)
Total wall-clock time used: 466.541 sec (0h:7m:46s)

Computing bootstrap consensus tree...
Reading input file 4_set15.splits.nex...
37 taxa and 135 splits.
Consensus tree written to 4_set15.contree
Reading input trees file 4_set15.contree
Log-likelihood of consensus tree: -17895.780

Analysis results written to: 
  IQ-TREE report:                4_set15.iqtree
  Maximum-likelihood tree:       4_set15.treefile
  Likelihood distances:          4_set15.mldist
  Best partitioning scheme:      4_set15.best_scheme.nex
           in RAxML format:      4_set15.best_scheme

Ultrafast bootstrap approximation results written to:
  Split support values:          4_set15.splits.nex
  Consensus tree:                4_set15.contree
  Screen log file:               4_set15.log

Date and Time: Thu Sep  6 14:36:39 2018
