IQ-TREE multicore version 1.6.7 for Mac OS X 64-bit built Aug 23 2018
Developed by Bui Quang Minh, Nguyen Lam Tung, Olga Chernomor,
Heiko Schmidt, Dominik Schrempf, Michael Woodhams.

Host:    meeps-mac-pro.staff.sydney.edu.au (AVX, 64 GB RAM)
Command: /Users/davidduchene/Desktop/Software/iqtree-1.6.7-MacOSX/bin/iqtree -s ../../../../marsupials/set26.fasta -m TESTMERGE -bb 1000 -sp ../../../../marsupials/set26.nex -nt AUTO -pre 6_set26
Seed:    551865 (Using SPRNG - Scalable Parallel Random Number Generator)
Time:    Thu Sep  6 17:40:08 2018
Kernel:  AVX - auto-detect threads (8 CPU cores detected)

Reading partition model file ../../../../marsupials/set26.nex ...
Reading alignment file ../../../../marsupials/set26.fasta ... Fasta format detected
Alignment most likely contains DNA/RNA sequences
Alignment has 37 sequences with 3345 columns, 1169 distinct patterns
707 parsimony-informative, 471 singleton sites, 2167 constant sites
                                              Gap/Ambiguity  Composition  p-value
   1  Burramyidae_Burramys_parvus                     0.66%    passed     93.82%
   2  Notoryctidae_Notoryctes_typhlops                9.00%    passed     44.61%
   3  Vombatidae_Lasiorhinus_latifrons                4.30%    passed     87.90%
   4  Potoroidae_Bettongia_penicillata                0.24%    passed     94.67%
   5  Potoroidae_Bettongia_lesueur                    0.36%    passed     98.51%
   6  Dasyuridae_Dasyurus_maculatus                   1.73%    passed     95.01%
   7  Phalangeridae_Trichosurus_vulpecula             3.47%    passed     98.28%
   8  Phalangeridae_Spilocuscus_maculatus             0.33%    passed     84.53%
   9  Potoroidae_Aepyprymnus_rufescens                4.45%    passed     94.01%
  10  Peramelidae_Perameles_nasuta                    0.33%    passed     66.33%
  11  Myrmecobiidae_Myrmecobius_fasciatus1           92.35%    passed     30.10%
  12  Phalangeridae_Strigocuscus_pelengensis          2.72%    passed     98.26%
  13  Dasyuridae_Phascogale_tapoatafa                 4.28%    passed     92.08%
  14  Dasyuridae_Sminthopsis_macroura                 3.59%    passed     39.72%
  15  Phalangeridae_Phalanger_orientalis              0.24%    passed     94.39%
  16  Acrobatidae_Acrobates_pygmaeus                  0.48%    passed     97.49%
  17  Dasyuridae_Phascogale_calura                    3.44%    passed     92.00%
  18  Dasyuridae_Sarcophilus_harrisii                 1.02%    passed     91.03%
  19  Dasyuridae_Planigale_tenuirostris               5.56%    passed     71.36%
  20  Peramelidae_Echymipera_kalubu                   3.83%    passed     58.83%
  21  Macropodidae_Dorcopsulus_vanheurni              2.03%    passed     93.95%
  22  Pseudochiridae_Pseudochirulus_forbesi           0.36%    passed     96.78%
  23  Didelphidae_Didelphis_virginiana                1.17%    passed     71.41%
  24  Marmosidae_Monodelphis_domestica                2.27%    passed     98.35%
  25  Dasyuridae_Antechinus_stuartii                  4.66%    passed     95.24%
  26  Hypsiprymnodontidae_Hypsiprymnodon_moschatus    0.18%    passed     98.34%
  27  Microbiotheriidae_Dromiciops_gliroides         22.42%    passed      5.81%
  28  Pseudochiridae_Petauroides_volans               0.93%    passed     99.74%
  29  Macropodidae_Wallabia_bicolor                   3.77%    passed     88.28%
  30  Pseudochiridae_Pseudocheirus_occidentalis       4.10%    passed     80.91%
  31  Tarsipedidae_Tarsipes_rostratus                 2.12%    passed     84.28%
  32  Acrobatidae_Distoechurus_pennatus               0.42%    passed     86.72%
  33  Myrmecobiidae_Myrmecobius_fasciatus2           92.35%    passed     30.10%
  34  Phalangeridae_Phalanger_carmelitae              0.33%    passed     92.37%
  35  Peramelidae_Peroryctes_raffrayana               4.81%    passed     77.00%
  36  Dasyuridae_Dasyurus_geffroii                    5.41%    passed     96.78%
  37  Peramelidae_Perameles_gunnii                    0.48%    passed     72.16%
WARNING: 2 sequences contain more than 50% gaps/ambiguity
****  TOTAL                                           7.84%  0 sequences failed composition chi2 test (p-value<5%; df=3)
NOTE: No CharPartition defined, use all CharSets

Loading 15 partitions...
Subset	Type	Seqs	Sites	Infor	Invar	Model	Name
1		35	207	26	146	TESTMERGE	part1.1
2		35	207	8	171	TESTMERGE	part1.2
3		35	207	107	53	TESTMERGE	part1.3
4		35	421	7	380	TESTMERGE	part2.1
5		35	421	4	387	TESTMERGE	part2.2
6		35	421	85	248	TESTMERGE	part2.3
7		34	232	55	145	TESTMERGE	part3.1
8		34	232	50	157	TESTMERGE	part3.2
9		34	232	150	44	TESTMERGE	part3.3
10		37	110	47	35	TESTMERGE	part4.1
11		37	110	31	48	TESTMERGE	part4.2
12		37	110	83	10	TESTMERGE	part4.3
13		35	145	2	139	TESTMERGE	part5.1
14		35	145	0	143	TESTMERGE	part5.2
WARNING: No parsimony-informative sites in partition part5.2
15		35	145	52	61	TESTMERGE	part5.3
Degree of missing data: 0.054
Info: multi-threading strategy over partitions

NOTE: Myrmecobiidae_Myrmecobius_fasciatus2 is identical to Myrmecobiidae_Myrmecobius_fasciatus1 but kept for subsequent analysis


Create initial parsimony tree by phylogenetic likelihood library (PLL)... 0.013 seconds
NOTE: ModelFinder requires 12 MB RAM!
NUMBER OF THREADS FOR PARTITION FINDING: 8
Testing GTR+F+G on supermatrix...
GTR+F+G4 / LnL: -19385.046 / df: 80 / AIC: 38930.093 / AICc: 38934.064 / BIC: 39419.311
Selecting individual models for 15 charsets using BIC...
 No. Model        Score       Charset
   1 K2P+G4       4235.088    part1.3
   2 TN+F+G4      2016.736    part4.2
   3 HKY+F+G4     4432.566    part2.3
   4 TIM2e+G4     2424.993    part4.1
   5 GTR+F+G4     3231.154    part4.3
   6 TPM3u+F+I+G4 3374.782    part3.1
   7 K2P+I+G4     3111.846    part3.2
   8 K2P          1965.806    part2.2
   9 K3P+G4       2138.030    part2.1
  10 TIM3+F+G4    6212.606    part3.3	0h:0m:28s (0h:9m:28s left)
  11 HKY+F        1430.993    part1.2	0h:0m:28s (0h:8m:37s left)
  12 JC           763.763     part5.2	0h:0m:29s (0h:8m:6s left)
  13 HKY+F+G4     2327.120    part5.3	0h:0m:29s (0h:7m:29s left)
  14 TNe+I        838.731     part5.1	0h:0m:29s (0h:7m:0s left)
  15 TIM2+F+G4    1987.588    part1.1	0h:0m:30s (0h:6m:43s left)
Full partition model BIC score: 43536.383 (LnL: -17398.145  df:1077)
Merging models to increase model fit (about 211 total partition schemes)...
  16 HKY+F+G4     43254.556   part1.3+part2.3	0h:0m:49s (0h:9m:58s left)
  17 K2P+G4       43133.731   part1.3+part3.3	0h:0m:53s (0h:10m:6s left)
  18 K2P+G4       43281.009   part3.3+part4.2	0h:0m:53s (0h:9m:30s left)
  19 TN+F+I+G4    43207.317   part3.2+part3.3	0h:0m:53s (0h:8m:58s left)
  20 K2P+G4       43260.452   part3.3+part4.1	0h:0m:55s (0h:8m:53s left)
  21 TPM3u+F+I+G4 43163.411   part3.1+part3.3	0h:0m:57s (0h:8m:42s left)
  22 K2P+G4       43422.391   part2.3+part3.3	0h:0m:58s (0h:8m:23s left)
  23 TVM+F+G4     43165.507   part3.3+part4.3	0h:0m:59s (0h:8m:5s left)
  24 K2P+I+G4     43280.273   part2.3+part3.1	0h:1m:11s (0h:9m:14s left)
  25 K2P+G4       43186.359   part1.3+part3.1	0h:1m:12s (0h:8m:57s left)
  26 K2P+I+G4     43316.407   part2.3+part3.2	0h:1m:12s (0h:8m:35s left)
  27 K2P+G4       43223.817   part1.3+part3.2	0h:1m:14s (0h:8m:29s left)
  28 TN+F+G4      43162.613   part3.3+part5.3	0h:1m:16s (0h:8m:19s left)
  29 TNe+G4       43412.821   part2.3+part4.3	0h:1m:18s (0h:8m:15s left)
  30 TIM2e+G4     43142.529   part1.3+part4.3	0h:1m:20s (0h:8m:7s left)
  31 K3Pu+F+I+G4  43273.326   part1.1+part3.3	0h:1m:21s (0h:7m:51s left)
  32 TPM2+F+G4    43212.238   part2.3+part5.3	0h:1m:32s (0h:8m:39s left)
  33 TN+F+G4      43276.886   part2.3+part4.2	0h:1m:34s (0h:8m:30s left)
  34 TIM2e+G4     43265.641   part1.3+part4.2	0h:1m:35s (0h:8m:16s left)
  35 K2P+G4       43123.218   part1.3+part5.3	0h:1m:35s (0h:8m:1s left)
  36 TPM3u+F+G4   43320.822   part2.3+part4.1	0h:1m:37s (0h:7m:55s left)
  37 TIM2e+G4     43225.447   part1.3+part4.1	0h:1m:37s (0h:7m:39s left)
  38 TN+F+I+G4    43357.520   part1.2+part3.3	0h:1m:40s (0h:7m:37s left)
  39 K2P+I+G4     43590.930   part2.1+part3.3	0h:1m:44s (0h:7m:39s left)
  40 TNe+G4       43093.834   part1.1+part2.3	0h:1m:47s (0h:7m:39s left)
  41 TIM2e+G4     43154.773   part1.1+part1.3	0h:1m:48s (0h:7m:30s left)
  42 GTR+F+G4     43230.332   part3.1+part4.3	0h:1m:54s (0h:7m:40s left)
  43 K2P+I+G4     43602.330   part2.2+part3.3	0h:1m:56s (0h:7m:36s left)
  44 K2P+I+G4     43261.040   part3.2+part4.3	0h:1m:56s (0h:7m:23s left)
  45 HKY+F+I+G4   43033.631   part3.1+part3.2	0h:1m:57s (0h:7m:14s left)
  46 HKY+F+I+G4   43290.341   part3.3+part5.1	0h:2m:0s (0h:7m:12s left)
  47 K2P+I+G4     43309.626   part3.3+part5.2	0h:2m:2s (0h:7m:6s left)
  48 TNe+G4       43221.284   part2.1+part2.3	0h:2m:6s (0h:7m:8s left)
  49 TIM2e+G4     43033.075   part4.1+part4.3	0h:2m:7s (0h:7m:1s left)
  50 K2P+I+G4     43204.758   part3.1+part4.1	0h:2m:9s (0h:6m:56s left)
  51 TIM2e+G4     43138.283   part4.2+part4.3	0h:2m:9s (0h:6m:47s left)
  52 HKY+F+G4     43125.563   part1.2+part2.3	0h:2m:13s (0h:6m:48s left)
  53 TNe+I+G4     43201.874   part3.1+part4.2	0h:2m:17s (0h:6m:50s left)
  54 HKY+F+G4     43234.892   part2.2+part2.3	0h:2m:18s (0h:6m:42s left)
  55 K3P+G4       43452.841   part1.3+part2.1	0h:2m:18s (0h:6m:33s left)
  56 K2P+I+G4     43234.917   part3.2+part4.1	0h:2m:20s (0h:6m:28s left)
  57 TNe+I+G4     43226.736   part3.2+part4.2	0h:2m:20s (0h:6m:20s left)
  58 K2P+G4       43231.487   part1.2+part1.3	0h:2m:27s (0h:6m:29s left)
  59 TPM2u+F+G4   43169.010   part4.3+part5.3	0h:2m:27s (0h:6m:20s left)
  60 HKY+F+I+G4   43193.859   part3.1+part5.3	0h:2m:29s (0h:6m:15s left)
  61 K2P+G4       43471.700   part1.3+part2.2	0h:2m:30s (0h:6m:9s left)
  62 HKY+F+G4     43020.098   part4.1+part4.2	0h:2m:36s (0h:6m:17s left)
  63 GTR+F+G4     43224.163   part1.1+part4.3	0h:2m:38s (0h:6m:13s left)
  64 TPM3u+F+I+G4 43214.443   part3.2+part5.3	0h:2m:39s (0h:6m:6s left)
  65 TVM+F+I+G4   43117.423   part1.1+part3.1	0h:2m:42s (0h:6m:5s left)
  66 HKY+F+G4     43114.064   part2.3+part5.1	0h:2m:44s (0h:6m:0s left)
  67 K2P+G4       43225.444   part4.2+part5.3	0h:2m:44s (0h:5m:52s left)
  68 TIM3e+G4     43200.682   part4.1+part5.3	0h:2m:46s (0h:5m:49s left)
  69 HKY+F+G4     43117.823   part2.3+part5.2	0h:2m:48s (0h:5m:46s left)
  70 K2P+G4       43214.423   part1.3+part5.1	0h:2m:52s (0h:5m:47s left)
  71 HKY+F+I+G4   43153.964   part1.1+part3.2	0h:2m:54s (0h:5m:43s left)
  72 K2P+G4       43241.650   part1.3+part5.2	0h:2m:56s (0h:5m:41s left)
  73 TPM2+F+G4    43097.854   part1.1+part5.3	0h:2m:58s (0h:5m:38s left)
  74 TIM2e+G4     43212.742   part1.1+part4.2	0h:2m:59s (0h:5m:33s left)
  75 TIM2e+G4     43202.054   part1.1+part4.1	0h:3m:1s (0h:5m:28s left)
  76 HKY+F+I+G4   43234.093   part2.1+part3.1	0h:3m:7s (0h:5m:33s left)
  77 TPM2u+F+G4   43320.889   part1.2+part4.3	0h:3m:9s (0h:5m:30s left)
  78 TIM2+F+I+G4  43505.166   part2.1+part4.3	0h:3m:13s (0h:5m:29s left)
  79 K2P+I+G4     43146.091   part1.2+part3.1	0h:3m:15s (0h:5m:25s left)
  80 K2P+I+G4     43233.213   part2.1+part3.2	0h:3m:18s (0h:5m:24s left)
  81 K2P+I+G4     43253.418   part2.2+part3.1	0h:3m:20s (0h:5m:21s left)
  82 K2P+I+G4     43168.312   part1.2+part3.2	0h:3m:22s (0h:5m:18s left)
  83 TNe+I+G4     43522.135   part2.2+part4.3	0h:3m:24s (0h:5m:15s left)
  84 TIM2+F+I+G4  43358.175   part2.1+part4.1	0h:3m:28s (0h:5m:15s left)
  85 K2P+I+G4     43243.885   part2.2+part3.2	0h:3m:28s (0h:5m:9s left)
  86 K2P+I+G4     43253.347   part1.2+part4.1	0h:3m:29s (0h:5m:4s left)
  87 HKY+F+I+G4   43304.483   part2.1+part4.2	0h:3m:31s (0h:5m:1s left)
  88 TN+F+G4      43221.871   part1.2+part4.2	0h:3m:33s (0h:4m:58s left)
  89 K2P+I+G4     43384.612   part2.2+part4.1	0h:3m:35s (0h:4m:55s left)
  90 TNe+I+G4     43305.095   part2.1+part5.3	0h:3m:35s (0h:4m:49s left)
  91 TN+F+I+G4    43330.577   part2.2+part4.2	0h:3m:40s (0h:4m:50s left)
  92 HKY+F+G4     43178.149   part1.2+part5.3	0h:3m:42s (0h:4m:47s left)
  93 TNe+I+G4     43321.199   part2.2+part5.3	0h:3m:46s (0h:4m:47s left)
  94 K2P+I+G4     43090.496   part3.1+part5.1	0h:3m:47s (0h:4m:42s left)
  95 K2P+I+G4     43102.658   part3.1+part5.2	0h:3m:49s (0h:4m:39s left)
  96 TIM2e+I+G4   43242.759   part4.3+part5.1	0h:3m:49s (0h:4m:34s left)
  97 TIM2+F+G4    43111.323   part1.1+part2.1	0h:3m:50s (0h:4m:30s left)
  98 TIM2e+I+G4   43265.776   part4.3+part5.2	0h:3m:52s (0h:4m:27s left)
  99 K2P+I+G4     43084.134   part3.2+part5.1	0h:3m:54s (0h:4m:24s left)
 100 TNe+G4       43042.680   part1.1+part1.2	0h:3m:55s (0h:4m:20s left)
 101 K2P+I+G4     43099.717   part3.2+part5.2	0h:3m:58s (0h:4m:19s left)
 102 TIM2e+G4     43140.567   part1.1+part2.2	0h:3m:59s (0h:4m:15s left)
 103 TIM2e+I+G4   43162.408   part4.1+part5.1	0h:4m:4s (0h:4m:16s left)
 104 TPM2u+F+G4   43172.111   part5.2+part5.3	0h:4m:5s (0h:4m:12s left)
 105 HKY+F+G4     43146.772   part5.1+part5.3	0h:4m:6s (0h:4m:8s left)
 106 HKY+F+I+G4   43160.908   part4.2+part5.1	0h:4m:6s (0h:4m:4s left)
 107 TIM2e+I+G4   43170.392   part4.1+part5.2	0h:4m:8s (0h:4m:1s left)
 108 TIM2e+G4     43039.581   part1.1+part5.1	0h:4m:12s (0h:4m:0s left)
 109 K2P+G4       43072.010   part1.2+part2.1	0h:4m:14s (0h:3m:58s left)
 110 TIM2e+G4     43067.061   part1.1+part5.2	0h:4m:15s (0h:3m:54s left)
 111 TN+F+I+G4    43131.452   part4.2+part5.2	0h:4m:17s (0h:3m:51s left)
 112 K3P          43006.410   part2.1+part2.2	0h:4m:17s (0h:3m:47s left)
 113 K2P          43076.067   part1.2+part2.2	0h:4m:17s (0h:3m:43s left)
 114 K3P+I        43022.997   part2.1+part5.1	0h:4m:19s (0h:3m:41s left)
 115 K2P+G4       43026.281   part1.2+part5.1	0h:4m:21s (0h:3m:38s left)
 116 K3P+G4       43023.012   part2.1+part5.2	0h:4m:22s (0h:3m:35s left)
 117 K2P          43021.028   part2.2+part5.1	0h:4m:22s (0h:3m:31s left)
 118 K2P          43019.900   part2.2+part5.2	0h:4m:23s (0h:3m:27s left)
 119 K2P+I        43008.329   part5.1+part5.2	0h:4m:23s (0h:3m:23s left)
 120 HKY+F+G4     43045.707   part1.2+part5.2	0h:4m:23s (0h:3m:19s left)
Merging part2.1+part2.2 with BIC score: 43006.410 (LnL: -17413.133  df: 1008)
 121 K3P+G4       42501.597   part2.1+part2.2+part5.1	0h:4m:31s (0h:3m:21s left)
 122 K3P+I+G4     43133.681   part1.3+part2.1+part2.2	0h:4m:40s (0h:3m:24s left)
 123 TIMe+G4      42647.431   part1.1+part2.1+part2.2	0h:4m:42s (0h:3m:22s left)
 124 HKY+F+I+G4   42909.583   part2.1+part2.2+part4.2	0h:4m:47s (0h:3m:21s left)
 125 TIM2+F+I+G4  43003.047   part2.1+part2.2+part4.1	0h:4m:47s (0h:3m:17s left)
 126 K2P+G4       42569.929   part1.2+part2.1+part2.2	0h:4m:50s (0h:3m:15s left)
 127 K2P+I+G4     42853.741   part2.1+part2.2+part3.1	0h:4m:52s (0h:3m:13s left)
 128 K2P+I+G4     42845.064   part2.1+part2.2+part3.2	0h:4m:53s (0h:3m:10s left)
 129 TIM2e+I+G4   43184.550   part2.1+part2.2+part4.3	0h:4m:55s (0h:3m:7s left)
 130 K2P          42491.205   part2.1+part2.2+part5.2	0h:4m:55s (0h:3m:4s left)
 131 TN+F+I+G4    42821.782   part2.1+part2.2+part2.3	0h:4m:57s (0h:3m:1s left)
 132 TNe+I+G4     42907.203   part2.1+part2.2+part5.3	0h:5m:0s (0h:2m:59s left)
 133 K2P+I+G4     43335.161   part2.1+part2.2+part3.3	0h:5m:0s (0h:2m:56s left)
Merging part5.1+part5.2 with BIC score: 42478.355 (LnL: -17425.023  df: 940)
 134 TIM2e+G4     42024.023   part1.1+part5.1+part5.2	0h:5m:14s (0h:3m:0s left)
 135 K2P+G4       42279.738   part1.3+part5.1+part5.2	0h:5m:15s (0h:2m:57s left)
 136 TIM2e+I+G4   42171.846   part4.1+part5.1+part5.2	0h:5m:22s (0h:2m:57s left)
 137 K3P+G4       41987.173   part2.1+part2.2+part5.1+part5.2	0h:5m:22s (0h:2m:54s left)
 138 K2P+I        41987.711   part1.2+part5.1+part5.2	0h:5m:22s (0h:2m:50s left)
 139 TN+F+I+G4    42148.515   part4.2+part5.1+part5.2	0h:5m:23s (0h:2m:47s left)
 140 K2P+I+G4     42076.403   part3.2+part5.1+part5.2	0h:5m:24s (0h:2m:44s left)
 141 TIM2e+I+G4   42285.612   part4.3+part5.1+part5.2	0h:5m:25s (0h:2m:41s left)
 142 K2P+I+G4     42088.219   part3.1+part5.1+part5.2	0h:5m:25s (0h:2m:38s left)
 143 K2P+I+G4     42381.105   part3.3+part5.1+part5.2	0h:5m:29s (0h:2m:36s left)
 144 TIM2e+I+G4   42168.847   part5.1+part5.2+part5.3	0h:5m:32s (0h:2m:34s left)
 145 HKY+F+G4     42136.526   part2.3+part5.1+part5.2	0h:5m:33s (0h:2m:31s left)
Merging part4.1+part4.2 with BIC score: 41962.070 (LnL: -17475.259  df: 864)
 146 K2P+G4       41701.259   part4.1+part4.2+part5.3	0h:5m:54s (0h:2m:37s left)
 147 TIM2e+I+G4   41695.660   part1.1+part4.1+part4.2	0h:5m:59s (0h:2m:36s left)
 148 TIM2e+G4     41551.835   part4.1+part4.2+part4.3	0h:6m:1s (0h:2m:33s left)
 149 TIM2e+G4     41768.128   part1.3+part4.1+part4.2	0h:6m:3s (0h:2m:31s left)
 150 TPM2u+F+I+G4 41723.140   part4.1+part4.2+part5.1+part5.2	0h:6m:3s (0h:2m:27s left)
 151 K2P+I+G4     41735.657   part3.2+part4.1+part4.2	0h:6m:7s (0h:2m:26s left)
 152 TIM2e+I+G4   41711.945   part3.1+part4.1+part4.2	0h:6m:14s (0h:2m:25s left)
 153 K2P+G4       41827.727   part3.3+part4.1+part4.2	0h:6m:17s (0h:2m:23s left)
 154 TIM3+F+G4    41742.162   part1.2+part4.1+part4.2	0h:6m:25s (0h:2m:22s left)
 155 TPM2u+F+I+G4 42093.481   part2.1+part2.2+part4.1+part4.2	0h:6m:25s (0h:2m:19s left)
 156 TPM3+F+G4    41839.812   part2.3+part4.1+part4.2	0h:6m:29s (0h:2m:17s left)
Merging part3.1+part3.2 with BIC score: 41459.317 (LnL: -17503.858  df: 795)
 157 HKY+F+I+G4   41160.929   part3.1+part3.2+part5.3	0h:7m:5s (0h:2m:26s left)
 158 K2P+I+G4     41095.183   part3.1+part3.2+part5.1+part5.2	0h:7m:7s (0h:2m:23s left)
 159 K2P+I+G4     41394.310   part2.1+part2.2+part3.1+part3.2	0h:7m:8s (0h:2m:20s left)
 160 HKY+F+I+G4   41064.925   part1.1+part3.1+part3.2	0h:7m:8s (0h:2m:16s left)
 161 K2P+I+G4     41193.993   part1.3+part3.1+part3.2	0h:7m:9s (0h:2m:13s left)
 162 TPM3u+F+I+G4 41227.984   part3.1+part3.2+part4.3	0h:7m:11s (0h:2m:10s left)
 163 HKY+F+I+G4   41161.165   part3.1+part3.2+part3.3	0h:7m:13s (0h:2m:7s left)
 164 TNe+I+G4     41312.018   part3.1+part3.2+part4.1+part4.2	0h:7m:18s (0h:2m:5s left)
 165 K2P+I+G4     41096.254   part1.2+part3.1+part3.2	0h:7m:31s (0h:2m:6s left)
 166 K2P+I+G4     41306.925   part2.3+part3.1+part3.2	0h:7m:33s (0h:2m:2s left)
Merging part1.1+part1.2 with BIC score: 40965.614 (LnL: -17561.327  df: 720)
 167 TNe+G4       40504.789   part1.1+part1.2+part5.1+part5.2	0h:7m:42s (0h:2m:1s left)
 168 TNe+G4       40627.040   part1.1+part1.2+part2.1+part2.2	0h:7m:45s (0h:1m:59s left)
 169 HKY+F+G4     40610.052   part1.1+part1.2+part5.3	0h:7m:49s (0h:1m:56s left)
 170 HKY+F+G4     40588.510   part1.1+part1.2+part2.3	0h:7m:53s (0h:1m:54s left)
 171 K2P+G4       40687.613   part1.1+part1.2+part1.3	0h:7m:54s (0h:1m:50s left)
 172 TIM2e+I+G4   40859.653   part1.1+part1.2+part4.1+part4.2	0h:8m:0s (0h:1m:48s left)
 173 TPM2u+F+G4   40805.051   part1.1+part1.2+part4.3	0h:8m:1s (0h:1m:45s left)
 174 TN+F+I+G4    40891.027   part1.1+part1.2+part3.3	0h:8m:4s (0h:1m:43s left)
 175 TN+F+I+G4    40681.699   part1.1+part1.2+part3.1+part3.2	0h:8m:12s (0h:1m:41s left)
Merging part2.1+part2.2+part5.1+part5.2 with BIC score: 40474.433 (LnL: -17591.654  df: 652)
 176 TNe+G4       40136.759   part1.1+part1.2+part2.1+part2.2+part5.1+part5.2	0h:8m:24s (0h:1m:40s left)
 177 TN+F+I+G4    40331.057   part2.1+part2.2+part2.3+part5.1+part5.2	0h:8m:26s (0h:1m:37s left)
 178 TNe+I+G4     40390.834   part2.1+part2.2+part5.1+part5.2+part5.3	0h:8m:29s (0h:1m:34s left)
 179 K3P+I+G4     40648.779   part1.3+part2.1+part2.2+part5.1+part5.2	0h:8m:32s (0h:1m:31s left)
 180 TIM2e+I+G4   40675.234   part2.1+part2.2+part4.3+part5.1+part5.2	0h:8m:39s (0h:1m:29s left)
 181 TPM2u+F+I+G4 40649.243   part2.1+part2.2+part4.1+part4.2+part5.1+part5.2	0h:8m:42s (0h:1m:26s left)
 182 K2P+I+G4     40447.750   part2.1+part2.2+part3.1+part3.2+part5.1+part5.2	0h:8m:45s (0h:1m:23s left)
 183 K2P+I+G4     40872.628   part2.1+part2.2+part3.3+part5.1+part5.2	0h:8m:47s (0h:1m:20s left)
Merging part1.3+part5.3 with BIC score: 40061.267 (LnL: -17677.219  df: 580)
 184 K2P+G4       39808.239   part1.1+part1.2+part1.3+part5.3	0h:9m:8s (0h:1m:20s left)
 185 K2P+I+G4     40355.169   part1.3+part2.1+part2.2+part5.1+part5.2+part5.3	0h:9m:11s (0h:1m:17s left)
 186 K2P+G4       39813.674   part1.3+part2.3+part5.3	0h:9m:12s (0h:1m:14s left)
 187 K2P+G4       39709.120   part1.3+part4.3+part5.3	0h:9m:15s (0h:1m:11s left)
 188 K2P+G4       39930.785   part1.3+part4.1+part4.2+part5.3	0h:9m:16s (0h:1m:8s left)
 189 K2P+G4       39706.547   part1.3+part3.3+part5.3	0h:9m:18s (0h:1m:5s left)
 190 HKY+F+I+G4   39866.014   part1.3+part3.1+part3.2+part5.3	0h:9m:19s (0h:1m:1s left)
Merging part4.1+part4.2+part4.3 with BIC score: 39651.032 (LnL: -17800.768  df: 499)
 191 TIM2e+I+G4   39597.151   part1.1+part1.2+part4.1+part4.2+part4.3	0h:9m:55s (0h:1m:2s left)
 192 TIM2e+G4     39467.002   part1.3+part4.1+part4.2+part4.3+part5.3	0h:10m:0s (0h:0m:59s left)
 193 HKY+F+G4     39622.564   part2.3+part4.1+part4.2+part4.3	0h:10m:2s (0h:0m:56s left)
 194 K2P+I+G4     39527.401   part3.1+part3.2+part4.1+part4.2+part4.3	0h:10m:6s (0h:0m:53s left)
 195 K2P+G4       39449.164   part3.3+part4.1+part4.2+part4.3	0h:10m:6s (0h:0m:49s left)
 196 TIM2e+I+G4   40103.176   part2.1+part2.2+part4.1+part4.2+part4.3+part5.1+part5.2	0h:10m:7s (0h:0m:46s left)
Merging part1.1+part1.2+part2.3 with BIC score: 39273.928 (LnL: -17896.249  df: 429)
 197 TNe+I+G4     39099.588   part1.1+part1.2+part2.1+part2.2+part2.3+part5.1+part5.2	0h:10m:21s (0h:0m:44s left)
 198 K2P+G4       39087.534   part1.1+part1.2+part1.3+part2.3+part5.3	0h:10m:33s (0h:0m:41s left)
 199 K2P+I+G4     39309.200   part1.1+part1.2+part2.3+part3.3	0h:10m:41s (0h:0m:38s left)
 200 K2P+I+G4     39165.356   part1.1+part1.2+part2.3+part3.1+part3.2	0h:10m:41s (0h:0m:35s left)
 201 TIM2e+I+G4   39451.191   part1.1+part1.2+part2.3+part4.1+part4.2+part4.3	0h:10m:44s (0h:0m:32s left)
Merging part1.3+part3.3+part5.3 with BIC score: 38919.208 (LnL: -18011.037  df: 357)
 202 K2P+G4       38983.628   part1.1+part1.2+part1.3+part2.3+part3.3+part5.3	0h:11m:20s (0h:0m:30s left)
 203 K2P+I+G4     39590.244   part1.3+part2.1+part2.2+part3.3+part5.1+part5.2+part5.3	0h:11m:23s (0h:0m:26s left)
 204 TN+F+I+G4    38707.079   part1.3+part3.1+part3.2+part3.3+part5.3	0h:11m:26s (0h:0m:23s left)
 205 K2P+G4       38783.372   part1.3+part3.3+part4.1+part4.2+part4.3+part5.3	0h:11m:30s (0h:0m:20s left)
Merging part1.3+part3.1+part3.2+part3.3+part5.3 with BIC score: 38707.079 (LnL: -18172.775  df: 291)
 206 K2P+I+G4     39244.948   part1.3+part2.1+part2.2+part3.1+part3.2+part3.3+part5.1+part5.2+part5.3	0h:12m:26s (0h:0m:18s left)
 207 TN+F+I+G4    38720.755   part1.1+part1.2+part1.3+part2.3+part3.1+part3.2+part3.3+part5.3	0h:12m:31s (0h:0m:14s left)
 208 K2P+I+G4     38632.870   part1.3+part3.1+part3.2+part3.3+part4.1+part4.2+part4.3+part5.3	0h:12m:35s (0h:0m:10s left)
Merging part1.1+part1.2+part2.1+part2.2+part2.3+part5.1+part5.2 with BIC score: 38532.738 (LnL: -18373.695  df: 220)
 209 TIM2e+I+G4   39078.069   part1.1+part1.2+part2.1+part2.2+part2.3+part4.1+part4.2+part4.3+part5.1+part5.2	0h:13m:19s (0h:0m:7s left)
 210 K2P+I+G4     39079.995   part1.1+part1.2+part1.3+part2.1+part2.2+part2.3+part3.1+part3.2+part3.3+part5.1+part5.2+part5.3	0h:13m:43s (0h:0m:3s left)
Merging part1.3+part3.1+part3.2+part3.3+part4.1+part4.2+part4.3+part5.3 with BIC score: 38458.530 (LnL: -18640.911  df: 145)
 211 K2P+I+G4     39266.436   part1.1+part1.2+part1.3+part2.1+part2.2+part2.3+part3.1+part3.2+part3.3+part4.1+part4.2+part4.3+part5.1+part5.2+part5.3	0h:14m:59s (0h:0m:0s left)
BEST-FIT PARTITION MODEL: 
  charpartition BIC = TNe+I+G4: part1.1 part1.2 part2.1 part2.2 part2.3 part5.1 part5.2, K2P+I+G4: part1.3 part3.1 part3.2 part3.3 part4.1 part4.2 part4.3 part5.3;
Agglomerative model selection: ((((part1.1,part1.2)5:40965.6,part2.3)9:39273.9,((part2.1,part2.2)1:43006.4,(part5.1,part5.2)2:42478.4)6:40474.4)12:38532.7,((((part1.3,part5.3)7:40061.3,part3.3)10:38919.2,(part3.1,part3.2)4:41459.3)11:38707.1,((part4.1,part4.2)3:41962.1,part4.3)8:39651)13:38458.5)
Merging into 2 partitions...
Partition information was printed to 6_set26.best_scheme.nex
Partition information in Raxml format was printed to 6_set26.best_scheme

All model information printed to 6_set26.model.gz
CPU time for ModelFinder: 523.178 seconds (0h:8m:43s)
Wall-clock time for ModelFinder: 901.142 seconds (0h:15m:1s)
Generating 1000 samples for ultrafast bootstrap (seed: 551865)...

NOTE: 10 MB RAM (0 GB) is required!
Measuring multi-threading efficiency up to 8 CPU cores
Increase to 10 rounds for branch lengths
9 trees examined
Threads: 1 / Time: 8.180 sec / Speedup: 1.000 / Efficiency: 100% / LogL: -25479
Threads: 2 / Time: 4.764 sec / Speedup: 1.717 / Efficiency: 86% / LogL: -25479
Threads: 3 / Time: 20.200 sec / Speedup: 0.405 / Efficiency: 13% / LogL: -25479
BEST NUMBER OF THREADS: 2

Estimate model parameters (epsilon = 0.100)
Optimizing TNe+I+G4 parameters for partition part1.1+part1.2+part2.1+part2.2+part2.3+part5.1+part5.2 (71 free parameters)
Optimizing K2P+I+G4 parameters for partition part1.3+part3.1+part3.2+part3.3+part4.1+part4.2+part4.3+part5.3 (74 free parameters)
Optimal log-likelihood: -18640.503
Computing ML distances based on estimated model parameters... 0.076 sec
Computing BIONJ tree...
0.004 seconds
Log-likelihood of BIONJ tree: -18697.775
--------------------------------------------------------------------
|             INITIALIZING CANDIDATE TREE SET                      |
--------------------------------------------------------------------
Generating 98 parsimony trees... 6.443 second
Computing log-likelihood of 98 initial trees ... 9.430 seconds
Current best score: -18640.503

Do NNI search on 20 best initial trees
Estimate model parameters (epsilon = 0.100)
BETTER TREE FOUND at iteration 1: -18639.369
Iteration 10 / LogL: -18639.390 / Time: 0h:1m:49s
Iteration 20 / LogL: -18640.825 / Time: 0h:2m:5s
Finish initializing candidate tree set (5)
Current best tree score: -18639.369 / CPU time: 49.195
Number of iterations: 20
--------------------------------------------------------------------
|               OPTIMIZING CANDIDATE TREE SET                      |
--------------------------------------------------------------------
Iteration 30 / LogL: -18639.491 / Time: 0h:2m:26s (0h:5m:57s left)
Iteration 40 / LogL: -18640.129 / Time: 0h:2m:46s (0h:4m:20s left)
Iteration 50 / LogL: -18640.447 / Time: 0h:3m:7s (0h:3m:15s left)
Log-likelihood cutoff on original alignment: -18681.443
Iteration 60 / LogL: -18639.704 / Time: 0h:3m:30s (0h:2m:26s left)
Iteration 70 / LogL: -18640.303 / Time: 0h:3m:52s (0h:1m:44s left)
Iteration 80 / LogL: -18639.946 / Time: 0h:4m:14s (0h:1m:7s left)
Iteration 90 / LogL: -18639.825 / Time: 0h:4m:37s (0h:0m:34s left)
Iteration 100 / LogL: -18642.485 / Time: 0h:4m:56s (0h:0m:2s left)
Log-likelihood cutoff on original alignment: -18677.160
NOTE: Bootstrap correlation coefficient of split occurrence frequencies: 1.000
TREE SEARCH COMPLETED AFTER 102 ITERATIONS / Time: 0h:5m:3s

--------------------------------------------------------------------
|                    FINALIZING TREE SEARCH                        |
--------------------------------------------------------------------
Performs final model parameters optimization
Estimate model parameters (epsilon = 0.010)
Optimizing K2P+I+G4 parameters for partition part1.3+part3.1+part3.2+part3.3+part4.1+part4.2+part4.3+part5.3 (74 free parameters)
Optimizing TNe+I+G4 parameters for partition part1.1+part1.2+part2.1+part2.2+part2.3+part5.1+part5.2 (71 free parameters)
Optimal log-likelihood: -18639.346
BEST SCORE FOUND : -18639.346
Creating bootstrap support values...
Split supports printed to NEXUS file 6_set26.splits.nex
Total tree length: 1.075

Total number of iterations: 102
CPU time used for tree search: 55.085 sec (0h:0m:55s)
Wall-clock time used for tree search: 226.878 sec (0h:3m:46s)
Total CPU time used: 71.113 sec (0h:1m:11s)
Total wall-clock time used: 305.664 sec (0h:5m:5s)

Computing bootstrap consensus tree...
Reading input file 6_set26.splits.nex...
37 taxa and 143 splits.
Consensus tree written to 6_set26.contree
Reading input trees file 6_set26.contree
Log-likelihood of consensus tree: -18639.362

Analysis results written to: 
  IQ-TREE report:                6_set26.iqtree
  Maximum-likelihood tree:       6_set26.treefile
  Likelihood distances:          6_set26.mldist
  Best partitioning scheme:      6_set26.best_scheme.nex
           in RAxML format:      6_set26.best_scheme

Ultrafast bootstrap approximation results written to:
  Split support values:          6_set26.splits.nex
  Consensus tree:                6_set26.contree
  Screen log file:               6_set26.log

Date and Time: Thu Sep  6 18:00:16 2018
