IQ-TREE multicore version 1.6.7 for Mac OS X 64-bit built Aug 23 2018
Developed by Bui Quang Minh, Nguyen Lam Tung, Olga Chernomor,
Heiko Schmidt, Dominik Schrempf, Michael Woodhams.

Host:    meeps-mac-pro.staff.sydney.edu.au (AVX, 64 GB RAM)
Command: /Users/davidduchene/Desktop/Software/iqtree-1.6.7-MacOSX/bin/iqtree -s ../../../../marsupials/set197.fasta -m TESTMERGE -bb 1000 -sp ../../../../marsupials/set197.nex -nt AUTO -pre 6_set197
Seed:    967464 (Using SPRNG - Scalable Parallel Random Number Generator)
Time:    Sat Sep  8 02:51:29 2018
Kernel:  AVX - auto-detect threads (8 CPU cores detected)

Reading partition model file ../../../../marsupials/set197.nex ...
Reading alignment file ../../../../marsupials/set197.fasta ... Fasta format detected
Alignment most likely contains DNA/RNA sequences
Alignment has 37 sequences with 3477 columns, 1056 distinct patterns
657 parsimony-informative, 374 singleton sites, 2446 constant sites
                                              Gap/Ambiguity  Composition  p-value
   1  Burramyidae_Burramys_parvus                     1.61%    passed     99.81%
   2  Notoryctidae_Notoryctes_typhlops                2.99%    passed     41.69%
   3  Vombatidae_Lasiorhinus_latifrons                0.12%    passed     99.60%
   4  Potoroidae_Bettongia_penicillata                3.02%    passed      9.09%
   5  Potoroidae_Bettongia_lesueur                    0.23%    passed     26.97%
   6  Dasyuridae_Dasyurus_maculatus                   1.67%    passed     94.67%
   7  Phalangeridae_Trichosurus_vulpecula             4.75%    passed     99.51%
   8  Phalangeridae_Spilocuscus_maculatus             0.29%    passed     99.80%
   9  Potoroidae_Aepyprymnus_rufescens                3.57%    passed     40.34%
  10  Peramelidae_Perameles_nasuta                    1.50%    passed     17.55%
  11  Myrmecobiidae_Myrmecobius_fasciatus1           97.67%    failed      0.55%
  12  Phalangeridae_Strigocuscus_pelengensis          8.66%    passed     99.18%
  13  Dasyuridae_Phascogale_tapoatafa                 1.21%    passed     92.18%
  14  Dasyuridae_Sminthopsis_macroura                 2.33%    passed     98.57%
  15  Phalangeridae_Phalanger_orientalis              0.86%    passed     99.78%
  16  Acrobatidae_Acrobates_pygmaeus                  0.58%    passed     98.27%
  17  Dasyuridae_Phascogale_calura                    2.99%    passed     90.89%
  18  Dasyuridae_Sarcophilus_harrisii                 1.73%    passed     97.49%
  19  Dasyuridae_Planigale_tenuirostris              10.04%    passed     89.66%
  20  Peramelidae_Echymipera_kalubu                   4.92%    failed      3.14%
  21  Macropodidae_Dorcopsulus_vanheurni              1.06%    passed     98.48%
  22  Pseudochiridae_Pseudochirulus_forbesi           0.69%    passed     99.09%
  23  Didelphidae_Didelphis_virginiana                0.78%    passed     84.35%
  24  Marmosidae_Monodelphis_domestica                0.09%    passed     97.69%
  25  Dasyuridae_Antechinus_stuartii                  5.49%    passed     71.26%
  26  Hypsiprymnodontidae_Hypsiprymnodon_moschatus    0.20%    passed     85.88%
  27  Microbiotheriidae_Dromiciops_gliroides          0.75%    passed     99.85%
  28  Pseudochiridae_Petauroides_volans               0.26%    passed     99.64%
  29  Macropodidae_Wallabia_bicolor                   0.32%    passed     98.72%
  30  Pseudochiridae_Pseudocheirus_occidentalis      37.50%    failed      1.09%
  31  Tarsipedidae_Tarsipes_rostratus                 2.16%    passed     85.01%
  32  Acrobatidae_Distoechurus_pennatus               0.17%    passed     94.42%
  33  Myrmecobiidae_Myrmecobius_fasciatus2           97.67%    failed      0.55%
  34  Phalangeridae_Phalanger_carmelitae              0.06%    passed     99.75%
  35  Peramelidae_Peroryctes_raffrayana               3.80%    passed     29.22%
  36  Dasyuridae_Dasyurus_geffroii                    0.81%    passed     93.57%
  37  Peramelidae_Perameles_gunnii                    0.20%    passed     23.52%
WARNING: 2 sequences contain more than 50% gaps/ambiguity
****  TOTAL                                           8.18%  4 sequences failed composition chi2 test (p-value<5%; df=3)
NOTE: No CharPartition defined, use all CharSets

Loading 15 partitions...
Subset	Type	Seqs	Sites	Infor	Invar	Model	Name
1		34	55	6	47	TESTMERGE	part1.1
2		34	55	0	53	TESTMERGE	part1.2
WARNING: No parsimony-informative sites in partition part1.2
3		34	55	35	11	TESTMERGE	part1.3
4		35	110	7	92	TESTMERGE	part2.1
5		35	110	2	100	TESTMERGE	part2.2
6		35	110	54	46	TESTMERGE	part2.3
7		35	260	59	177	TESTMERGE	part3.1
8		35	260	42	197	TESTMERGE	part3.2
9		35	260	114	97	TESTMERGE	part3.3
10		34	428	17	392	TESTMERGE	part4.1
11		34	428	6	404	TESTMERGE	part4.2
12		34	428	138	197	TESTMERGE	part4.3
13		35	306	47	235	TESTMERGE	part5.1
14		35	306	25	261	TESTMERGE	part5.2
15		35	306	105	137	TESTMERGE	part5.3
Degree of missing data: 0.065
Info: multi-threading strategy over partitions

NOTE: Myrmecobiidae_Myrmecobius_fasciatus2 is identical to Myrmecobiidae_Myrmecobius_fasciatus1 but kept for subsequent analysis


Create initial parsimony tree by phylogenetic likelihood library (PLL)... 0.008 seconds
NOTE: ModelFinder requires 11 MB RAM!
NUMBER OF THREADS FOR PARTITION FINDING: 8
Testing GTR+F+G on supermatrix...
GTR+F+G4 / LnL: -15730.814 / df: 80 / AIC: 31621.627 / AICc: 31625.443 / BIC: 32113.941
Selecting individual models for 15 charsets using BIC...
 No. Model        Score       Charset
   1 K2P+G4       2256.616    part3.2
   2 K2P+G4       2768.344    part3.1
   3 K2P+G4       2774.217    part5.1
   4 K2P+I        2204.907    part5.2
   5 TPM3+F+G4    1691.884    part2.3
   6 K2P+G4       4622.831    part5.3
   7 TN+F+G4      2184.282    part4.1
   8 K2P+G4       5567.732    part4.3
   9 TPM3u+F      1878.083    part4.2
  10 TPM3+F+G4    4448.191    part3.3	0h:0m:14s (0h:4m:45s left)
  11 JC           434.561     part1.2	0h:0m:15s (0h:4m:36s left)
  12 TNe          512.781     part1.1	0h:0m:15s (0h:4m:20s left)
  13 GTR+F+G4     1329.335    part1.3	0h:0m:16s (0h:4m:4s left)
  14 K3P+I        765.340     part2.2	0h:0m:16s (0h:3m:48s left)
  15 K2P+G4       922.828     part2.1	0h:0m:16s (0h:3m:34s left)
Full partition model BIC score: 37434.232 (LnL: -14460.767  df:1044)
Merging models to increase model fit (about 211 total partition schemes)...
  16 K2P+G4       37040.861   part3.1+part5.3	0h:0m:26s (0h:5m:20s left)
  17 K2P+G4       37154.155   part4.3+part5.1	0h:0m:30s (0h:5m:51s left)
  18 K2P+G4       37121.062   part3.1+part4.3	0h:0m:30s (0h:5m:31s left)
  19 K2P+G4       37112.488   part3.2+part4.3	0h:0m:31s (0h:5m:14s left)
  20 K2P+G4       37141.593   part4.3+part5.2	0h:0m:31s (0h:4m:59s left)
  21 HKY+F+G4     37097.464   part4.3+part5.3	0h:0m:34s (0h:5m:8s left)
  22 K3Pu+F+G4    37083.023   part3.3+part4.3	0h:0m:35s (0h:5m:1s left)
  23 HKY+F+G4     37005.043   part3.3+part5.3	0h:0m:36s (0h:4m:55s left)
  24 K2P+G4       37028.710   part3.2+part5.3	0h:0m:42s (0h:5m:28s left)
  25 K2P+G4       37015.381   part5.1+part5.3	0h:0m:43s (0h:5m:25s left)
  26 K2P+G4       37052.715   part5.2+part5.3	0h:0m:46s (0h:5m:29s left)
  27 K2P+G4       37108.743   part2.3+part4.3	0h:0m:47s (0h:5m:20s left)
  28 TPM3+F+G4    37037.352   part3.1+part3.3	0h:0m:48s (0h:5m:14s left)
  29 K2P+G4       37139.250   part3.3+part5.1	0h:0m:48s (0h:5m:7s left)
  30 K2P+G4       37177.624   part4.1+part4.3	0h:0m:50s (0h:5m:6s left)
  31 K2P+G4       37075.758   part1.3+part4.3	0h:0m:53s (0h:5m:9s left)
  32 HKY+F+G4     37045.556   part3.2+part3.3	0h:0m:57s (0h:5m:20s left)
  33 HKY+F+G4     37161.482   part3.3+part5.2	0h:0m:59s (0h:5m:22s left)
  34 K2P+G4       37042.146   part2.3+part5.3	0h:1m:1s (0h:5m:18s left)
  35 K3Pu+F+G4    37269.518   part4.2+part4.3	0h:1m:1s (0h:5m:7s left)
  36 K2P+G4       37213.142   part4.1+part5.3	0h:1m:1s (0h:5m:1s left)
  37 K2P+G4       37031.751   part1.2+part4.3	0h:1m:5s (0h:5m:9s left)
  38 K2P+G4       37016.605   part1.1+part4.3	0h:1m:6s (0h:5m:1s left)
  39 K2P+G4       36990.019   part1.3+part5.3	0h:1m:7s (0h:4m:59s left)
  40 HKY+F+G4     37073.602   part2.3+part3.3	0h:1m:10s (0h:5m:0s left)
  41 K2P+G4       37013.774   part2.1+part4.3	0h:1m:10s (0h:4m:51s left)
  42 K3P+G4       37030.334   part2.2+part4.3	0h:1m:12s (0h:4m:53s left)
  43 TN+F+I+G4    37283.904   part3.3+part4.1	0h:1m:15s (0h:4m:55s left)
  44 HKY+F+G4     37270.415   part4.2+part5.3	0h:1m:16s (0h:4m:51s left)
  45 K2P+G4       36994.779   part1.1+part5.3	0h:1m:18s (0h:4m:48s left)
  46 K2P+G4       37012.551   part1.2+part5.3	0h:1m:20s (0h:4m:49s left)
  47 HKY+F+G4     37014.047   part1.3+part3.3	0h:1m:21s (0h:4m:44s left)
  48 K2P+G4       36990.018   part3.1+part5.1	0h:1m:23s (0h:4m:42s left)
  49 K2P+G4       36981.554   part2.1+part5.3	0h:1m:23s (0h:4m:37s left)
  50 K2P+G4       37011.319   part2.2+part5.3	0h:1m:23s (0h:4m:30s left)
  51 K3Pu+F+G4    37026.390   part1.1+part3.3	0h:1m:28s (0h:4m:36s left)
  52 K2P+G4       36942.863   part3.1+part3.2	0h:1m:28s (0h:4m:31s left)
  53 HKY+F+G4     37044.213   part1.2+part3.3	0h:1m:29s (0h:4m:26s left)
  54 K3Pu+F+I+G4  37312.294   part3.3+part4.2	0h:1m:29s (0h:4m:20s left)
  55 HKY+F+G4     37045.736   part2.1+part3.3	0h:1m:29s (0h:4m:14s left)
  56 K2P+G4       36995.484   part3.1+part5.2	0h:1m:32s (0h:4m:16s left)
  57 K2P+G4       36987.586   part3.2+part5.1	0h:1m:34s (0h:4m:16s left)
  58 K2P+I+G4     36928.689   part5.1+part5.2	0h:1m:37s (0h:4m:15s left)
  59 HKY+F+G4     36976.823   part3.2+part5.2	0h:1m:39s (0h:4m:16s left)
  60 TN+F+G4      37073.760   part3.1+part4.1	0h:1m:39s (0h:4m:11s left)
  61 K2P+G4       37063.336   part2.3+part3.1	0h:1m:41s (0h:4m:9s left)
  62 K3Pu+F+G4    37042.475   part2.2+part3.3	0h:1m:43s (0h:4m:8s left)
  63 TPM2+F+G4    37102.517   part2.3+part5.1	0h:1m:44s (0h:4m:5s left)
  64 K2P+G4       37056.631   part1.3+part3.1	0h:1m:46s (0h:4m:5s left)
  65 K2P+I+G4     37047.729   part4.1+part5.1	0h:1m:47s (0h:4m:0s left)
  66 TPM3u+F+I+G4 37107.695   part3.1+part4.2	0h:1m:49s (0h:4m:1s left)
  67 K2P+I+G4     37057.757   part1.3+part5.1	0h:1m:50s (0h:3m:56s left)
  68 HKY+F+I      37025.193   part3.2+part4.1	0h:1m:50s (0h:3m:52s left)
  69 K2P+G4       37045.233   part2.3+part3.2	0h:1m:53s (0h:3m:53s left)
  70 HKY+F+G4     37101.053   part2.3+part5.2	0h:1m:53s (0h:3m:48s left)
  71 K2P+G4       36975.341   part1.1+part3.1	0h:1m:54s (0h:3m:46s left)
  72 K2P+I+G4     37090.611   part4.2+part5.1	0h:1m:56s (0h:3m:45s left)
  73 K2P+G4       36975.194   part1.2+part3.1	0h:1m:58s (0h:3m:44s left)
  74 K2P+I        36985.960   part4.1+part5.2	0h:1m:58s (0h:3m:39s left)
  75 K2P+I+G4     37060.009   part1.3+part3.2	0h:2m:0s (0h:3m:37s left)
  76 K2P+G4       36945.751   part2.1+part3.1	0h:2m:1s (0h:3m:36s left)
  77 K2P+G4       36966.785   part1.1+part5.1	0h:2m:2s (0h:3m:33s left)
  78 K2P+G4       36972.019   part1.2+part5.1	0h:2m:4s (0h:3m:31s left)
  79 K2P+G4       36946.626   part2.2+part3.1	0h:2m:6s (0h:3m:30s left)
  80 K2P+G4       36943.852   part2.1+part5.1	0h:2m:6s (0h:3m:26s left)
  81 K2P+I+G4     37077.087   part1.3+part5.2	0h:2m:7s (0h:3m:24s left)
  82 HKY+F+I      37042.881   part3.2+part4.2	0h:2m:8s (0h:3m:21s left)
  83 K2P+G4       36946.515   part2.2+part5.1	0h:2m:11s (0h:3m:23s left)
  84 K2P+G4       36961.418   part1.1+part3.2	0h:2m:13s (0h:3m:21s left)
  85 HKY+F+I      37007.001   part4.2+part5.2	0h:2m:14s (0h:3m:19s left)
  86 TIM3e+G4     37148.620   part2.3+part4.1	0h:2m:14s (0h:3m:15s left)
  87 K2P+G4       36964.723   part1.2+part3.2	0h:2m:14s (0h:3m:12s left)
  88 HKY+F+I      36966.883   part1.1+part5.2	0h:2m:17s (0h:3m:12s left)
  89 HKY+F+G4     36933.563   part2.1+part3.2	0h:2m:19s (0h:3m:10s left)
  90 K2P+I        36959.108   part1.2+part5.2	0h:2m:20s (0h:3m:9s left)
  91 TIM2+F+G4    37004.289   part1.3+part2.3	0h:2m:21s (0h:3m:6s left)
  92 HKY+F+G4     36926.410   part2.2+part3.2	0h:2m:25s (0h:3m:8s left)
  93 HKY+F+I      36936.505   part2.1+part5.2	0h:2m:26s (0h:3m:6s left)
  94 K2P+I        36917.624   part2.2+part5.2	0h:2m:30s (0h:3m:7s left)
  95 HKY+F+I      36948.714   part4.1+part4.2	0h:2m:33s (0h:3m:7s left)
  96 K2P+I+G4     37174.801   part1.3+part4.1	0h:2m:34s (0h:3m:4s left)
  97 TPM3u+F+I+G4 37187.132   part2.3+part4.2	0h:2m:36s (0h:3m:3s left)
  98 TPM3+F+G4    36994.382   part1.1+part2.3	0h:2m:37s (0h:3m:1s left)
  99 TN+F+G4      37010.462   part2.1+part2.3	0h:2m:38s (0h:2m:59s left)
 100 TN+F+G4      36981.037   part1.1+part4.1	0h:2m:38s (0h:2m:56s left)
 101 TPM3+F+G4    37026.433   part1.2+part2.3	0h:2m:39s (0h:2m:53s left)
 102 TN+F+I       36974.403   part1.2+part4.1	0h:2m:41s (0h:2m:52s left)
 103 HKY+F+I+G4   37228.121   part1.3+part4.2	0h:2m:43s (0h:2m:51s left)
 104 TN+F+G4      36945.649   part2.1+part4.1	0h:2m:45s (0h:2m:49s left)
 105 TN+F+I       36937.384   part2.2+part4.1	0h:2m:45s (0h:2m:46s left)
 106 TPM3u+F+G4   37024.753   part2.2+part2.3	0h:2m:45s (0h:2m:44s left)
 107 TPM3u+F+G4   36972.368   part1.1+part1.3	0h:2m:47s (0h:2m:42s left)
 108 TPM3+F       36988.800   part1.1+part4.2	0h:2m:48s (0h:2m:40s left)
 109 K2P+I+G4     36987.829   part1.2+part1.3	0h:2m:49s (0h:2m:38s left)
 110 K2P+I+G4     37038.850   part1.3+part2.1	0h:2m:49s (0h:2m:35s left)
 111 TPM3u+F      36976.851   part1.2+part4.2	0h:2m:50s (0h:2m:33s left)
 112 HKY+F+I      36973.751   part2.1+part4.2	0h:2m:50s (0h:2m:30s left)
 113 K2P+I+G4     37041.703   part1.3+part2.2	0h:2m:51s (0h:2m:28s left)
 114 TNe          36920.590   part1.1+part1.2	0h:2m:51s (0h:2m:26s left)
 115 K2P+I        36950.851   part1.2+part2.1	0h:2m:53s (0h:2m:24s left)
 116 TPM3u+F+G4   36929.913   part2.2+part4.2	0h:2m:54s (0h:2m:22s left)
 117 K2P+I        36898.820   part2.1+part2.2	0h:2m:54s (0h:2m:19s left)
 118 K3P+I        36942.906   part1.1+part2.2	0h:2m:54s (0h:2m:17s left)
 119 TN+F+I       36967.423   part1.1+part2.1	0h:2m:54s (0h:2m:14s left)
 120 JC+I         36934.443   part1.2+part2.2	0h:2m:56s (0h:2m:13s left)
Merging part2.1+part2.2 with BIC score: 36898.820 (LnL: -14478.449  df: 974)
 121 TN+F+I       36426.895   part2.1+part2.2+part4.1	0h:3m:1s (0h:2m:15s left)
 122 TPM3u+F+I    36441.587   part2.1+part2.2+part4.2	0h:3m:2s (0h:2m:13s left)
 123 HKY+F+G4     36410.201   part2.1+part2.2+part3.2	0h:3m:3s (0h:2m:11s left)
 124 K2P+G4       36444.101   part2.1+part2.2+part3.1	0h:3m:3s (0h:2m:8s left)
 125 HKY+F+I      36411.957   part2.1+part2.2+part5.2	0h:3m:5s (0h:2m:7s left)
 126 K2P+G4       36446.384   part2.1+part2.2+part5.1	0h:3m:7s (0h:2m:6s left)
 127 K3Pu+F+G4    36603.565   part2.1+part2.2+part3.3	0h:3m:8s (0h:2m:4s left)
 128 K2P+G4       36532.379   part2.1+part2.2+part5.3	0h:3m:9s (0h:2m:2s left)
 129 K2P+I        36412.198   part1.2+part2.1+part2.2	0h:3m:11s (0h:2m:1s left)
 130 K2P+I+G4     36549.542   part1.3+part2.1+part2.2	0h:3m:12s (0h:1m:59s left)
 131 TPM2+F+I     36429.621   part1.1+part2.1+part2.2	0h:3m:12s (0h:1m:57s left)
 132 K2P+G4       36569.144   part2.1+part2.2+part4.3	0h:3m:13s (0h:1m:55s left)
 133 TIM3+F+G4    36549.334   part2.1+part2.2+part2.3	0h:3m:14s (0h:1m:54s left)
Merging part1.1+part1.2 with BIC score: 36385.179 (LnL: -14486.630  df: 909)
 134 TPM3u+F      35946.181   part1.1+part1.2+part4.2	0h:3m:21s (0h:1m:55s left)
 135 TN+F+G4      35935.921   part1.1+part1.2+part4.1	0h:3m:22s (0h:1m:54s left)
 136 K2P+G4       35922.679   part1.1+part1.2+part3.2	0h:3m:23s (0h:1m:51s left)
 137 TPM2u+F+I    35912.575   part1.1+part1.2+part2.1+part2.2	0h:3m:24s (0h:1m:50s left)
 138 HKY+F+I      35923.136   part1.1+part1.2+part5.2	0h:3m:26s (0h:1m:49s left)
 139 HKY+F+G4     36043.726   part1.1+part1.2+part3.3	0h:3m:27s (0h:1m:47s left)
 140 K2P+G4       35995.585   part1.1+part1.2+part5.3	0h:3m:28s (0h:1m:45s left)
 141 K2P+G4       36022.285   part1.1+part1.2+part4.3	0h:3m:30s (0h:1m:44s left)
 142 K2P+G4       35945.236   part1.1+part1.2+part3.1	0h:3m:31s (0h:1m:42s left)
 143 K2P+G4       35934.571   part1.1+part1.2+part5.1	0h:3m:32s (0h:1m:40s left)
 144 TPM3u+F+I+G4 35972.350   part1.1+part1.2+part1.3	0h:3m:32s (0h:1m:38s left)
 145 TPM3+F+G4    35996.599   part1.1+part1.2+part2.3	0h:3m:34s (0h:1m:37s left)
Merging part5.1+part5.2 with BIC score: 35879.636 (LnL: -14511.093  df: 841)
 146 K2P+I+G4     35421.340   part2.1+part2.2+part5.1+part5.2	0h:3m:45s (0h:1m:40s left)
 147 K2P+I+G4     35447.430   part3.2+part5.1+part5.2	0h:3m:45s (0h:1m:38s left)
 148 K2P+I+G4     35425.255   part1.1+part1.2+part5.1+part5.2	0h:3m:47s (0h:1m:36s left)
 149 K2P+I+G4     35489.765   part4.1+part5.1+part5.2	0h:3m:48s (0h:1m:35s left)
 150 HKY+F+I+G4   35537.328   part4.2+part5.1+part5.2	0h:3m:48s (0h:1m:32s left)
 151 K2P+G4       35527.700   part5.1+part5.2+part5.3	0h:3m:49s (0h:1m:31s left)
 152 K2P+G4       35677.565   part3.3+part5.1+part5.2	0h:3m:49s (0h:1m:28s left)
 153 K2P+G4       35703.578   part4.3+part5.1+part5.2	0h:3m:51s (0h:1m:27s left)
 154 HKY+F+I+G4   35597.155   part2.3+part5.1+part5.2	0h:3m:55s (0h:1m:27s left)
 155 K2P+I+G4     35531.817   part1.3+part5.1+part5.2	0h:3m:55s (0h:1m:25s left)
 156 K2P+I+G4     35463.436   part3.1+part5.1+part5.2	0h:3m:55s (0h:1m:23s left)
Merging part3.1+part3.2 with BIC score: 35388.267 (LnL: -14546.718  df: 772)
 157 HKY+F+G4     34920.737   part2.1+part2.2+part3.1+part3.2	0h:4m:4s (0h:1m:24s left)
 158 HKY+F+I+G4   35064.902   part3.1+part3.2+part4.2	0h:4m:5s (0h:1m:22s left)
 159 HKY+F+G4     35030.238   part3.1+part3.2+part4.1	0h:4m:6s (0h:1m:20s left)
 160 K2P+G4       34938.508   part1.1+part1.2+part3.1+part3.2	0h:4m:7s (0h:1m:18s left)
 161 HKY+F+G4     35034.023   part3.1+part3.2+part3.3	0h:4m:9s (0h:1m:17s left)
 162 HKY+F+G4     35039.387   part3.1+part3.2+part5.3	0h:4m:11s (0h:1m:15s left)
 163 K2P+I+G4     34999.660   part3.1+part3.2+part5.1+part5.2	0h:4m:11s (0h:1m:14s left)
 164 K2P+G4       35156.456   part3.1+part3.2+part4.3	0h:4m:13s (0h:1m:12s left)
 165 K2P+G4       35036.465   part2.3+part3.1+part3.2	0h:4m:15s (0h:1m:11s left)
 166 K2P+I+G4     35028.883   part1.3+part3.1+part3.2	0h:4m:15s (0h:1m:9s left)
Merging part4.1+part4.2 with BIC score: 34902.749 (LnL: -14593.424  df: 701)
 167 TPM3u+F+I    34449.185   part2.1+part2.2+part4.1+part4.2	0h:4m:21s (0h:1m:8s left)
 168 TN+F+I       34465.345   part1.1+part1.2+part4.1+part4.2	0h:4m:22s (0h:1m:7s left)
 169 TIM3+F+I+G4  34710.757   part2.3+part4.1+part4.2	0h:4m:24s (0h:1m:5s left)
 170 K3Pu+F+I+G4  34829.711   part4.1+part4.2+part4.3	0h:4m:26s (0h:1m:4s left)
 171 HKY+F+I+G4   34841.996   part4.1+part4.2+part5.3	0h:4m:26s (0h:1m:2s left)
 172 TIM+F+I+G4   34916.851   part3.3+part4.1+part4.2	0h:4m:28s (0h:1m:0s left)
 173 HKY+F+I+G4   34609.581   part4.1+part4.2+part5.1+part5.2	0h:4m:28s (0h:0m:58s left)
 174 HKY+F+I+G4   34723.123   part1.3+part4.1+part4.2	0h:4m:28s (0h:0m:57s left)
 175 HKY+F+I+G4   34644.896   part3.1+part3.2+part4.1+part4.2	0h:4m:29s (0h:0m:55s left)
Merging part1.1+part1.2+part2.1+part2.2 with BIC score: 34430.146 (LnL: -14597.663  df: 642)
 176 TPM3u+F+I    33986.548   part1.1+part1.2+part2.1+part2.2+part4.1+part4.2	0h:4m:39s (0h:0m:55s left)
 177 HKY+F+G4     33977.318   part1.1+part1.2+part2.1+part2.2+part3.1+part3.2	0h:4m:44s (0h:0m:54s left)
 178 HKY+F+I+G4   34066.027   part1.1+part1.2+part1.3+part2.1+part2.2	0h:4m:46s (0h:0m:53s left)
 179 K2P+G4       34178.941   part1.1+part1.2+part2.1+part2.2+part3.3	0h:4m:46s (0h:0m:51s left)
 180 K2P+G4       34105.722   part1.1+part1.2+part2.1+part2.2+part5.3	0h:4m:46s (0h:0m:49s left)
 181 K2P+G4       34155.968   part1.1+part1.2+part2.1+part2.2+part4.3	0h:4m:48s (0h:0m:47s left)
 182 TPM2u+F+I+G4 33986.628   part1.1+part1.2+part2.1+part2.2+part5.1+part5.2	0h:4m:48s (0h:0m:45s left)
 183 TN+F+G4      34090.159   part1.1+part1.2+part2.1+part2.2+part2.3	0h:4m:49s (0h:0m:44s left)
Merging part1.1+part1.2+part2.1+part2.2+part3.1+part3.2 with BIC score: 33977.318 (LnL: -14656.636  df: 572)
 184 HKY+F+I+G4   33689.242   part1.1+part1.2+part2.1+part2.2+part3.1+part3.2+part4.1+part4.2	0h:4m:58s (0h:0m:43s left)
 185 HKY+F+I+G4   33618.210   part1.1+part1.2+part1.3+part2.1+part2.2+part3.1+part3.2	0h:4m:59s (0h:0m:42s left)
 186 K2P+I+G4     33669.952   part1.1+part1.2+part2.1+part2.2+part2.3+part3.1+part3.2	0h:5m:0s (0h:0m:40s left)
 187 HKY+F+I+G4   33708.864   part1.1+part1.2+part2.1+part2.2+part3.1+part3.2+part3.3	0h:5m:0s (0h:0m:38s left)
 188 HKY+F+G4     33684.501   part1.1+part1.2+part2.1+part2.2+part3.1+part3.2+part5.3	0h:5m:1s (0h:0m:36s left)
 189 TIM2e+I+G4   33594.814   part1.1+part1.2+part2.1+part2.2+part3.1+part3.2+part5.1+part5.2	0h:5m:2s (0h:0m:35s left)
 190 K2P+G4       33831.425   part1.1+part1.2+part2.1+part2.2+part3.1+part3.2+part4.3	0h:5m:2s (0h:0m:33s left)
Merging part1.3+part5.3 with BIC score: 33533.104 (LnL: -14719.917  df: 502)
 191 K2P+G4       33144.604   part1.3+part2.3+part5.3	0h:5m:11s (0h:0m:32s left)
 192 K2P+I+G4     33237.321   part1.3+part5.1+part5.2+part5.3	0h:5m:13s (0h:0m:30s left)
 193 HKY+F+I+G4   33578.259   part1.3+part4.1+part4.2+part5.3	0h:5m:14s (0h:0m:29s left)
 194 HKY+F+I+G4   33274.002   part1.1+part1.2+part1.3+part2.1+part2.2+part3.1+part3.2+part5.3	0h:5m:16s (0h:0m:27s left)
 195 K2P+G4       33230.000   part1.3+part4.3+part5.3	0h:5m:16s (0h:0m:25s left)
 196 HKY+F+G4     33117.546   part1.3+part3.3+part5.3	0h:5m:16s (0h:0m:24s left)
Merging part1.3+part3.3+part5.3 with BIC score: 33117.546 (LnL: -14797.525  df: 432)
 197 K2P+G4       32739.628   part1.3+part2.3+part3.3+part5.3	0h:5m:27s (0h:0m:23s left)
 198 K2P+G4       32925.812   part1.3+part3.3+part5.1+part5.2+part5.3	0h:5m:28s (0h:0m:21s left)
 199 HKY+F+I+G4   32912.943   part1.1+part1.2+part1.3+part2.1+part2.2+part3.1+part3.2+part3.3+part5.3	0h:5m:29s (0h:0m:19s left)
 200 HKY+F+I+G4   33314.789   part1.3+part3.3+part4.1+part4.2+part5.3	0h:5m:30s (0h:0m:18s left)
 201 HKY+F+G4     32818.357   part1.3+part3.3+part4.3+part5.3	0h:5m:31s (0h:0m:16s left)
Merging part1.1+part1.2+part2.1+part2.2+part3.1+part3.2+part5.1+part5.2 with BIC score: 32735.043 (LnL: -14891.661  df: 362)
 202 K2P+I+G4     32448.893   part1.1+part1.2+part2.1+part2.2+part2.3+part3.1+part3.2+part5.1+part5.2	0h:5m:44s (0h:0m:15s left)
 203 K2P+I+G4     32673.724   part1.1+part1.2+part2.1+part2.2+part3.1+part3.2+part4.3+part5.1+part5.2	0h:5m:46s (0h:0m:13s left)
 204 HKY+F+I+G4   32481.373   part1.1+part1.2+part2.1+part2.2+part3.1+part3.2+part4.1+part4.2+part5.1+part5.2	0h:5m:46s (0h:0m:11s left)
 205 K2P+I+G4     32580.500   part1.1+part1.2+part1.3+part2.1+part2.2+part3.1+part3.2+part3.3+part5.1+part5.2+part5.3	0h:5m:49s (0h:0m:10s left)
Merging part1.3+part2.3+part3.3+part5.3 with BIC score: 32357.125 (LnL: -15012.551  df: 286)
 206 HKY+F+I+G4   32603.581   part1.3+part2.3+part3.3+part4.1+part4.2+part5.3	0h:6m:4s (0h:0m:8s left)
 207 TN+F+G4      32082.442   part1.3+part2.3+part3.3+part4.3+part5.3	0h:6m:5s (0h:0m:7s left)
 208 K2P+I+G4     32246.003   part1.1+part1.2+part1.3+part2.1+part2.2+part2.3+part3.1+part3.2+part3.3+part5.1+part5.2+part5.3	0h:6m:7s (0h:0m:5s left)
Merging part1.3+part2.3+part3.3+part4.3+part5.3 with BIC score: 32082.442 (LnL: -15132.058  df: 223)
 209 HKY+F+I+G4   32343.023   part1.3+part2.3+part3.3+part4.1+part4.2+part4.3+part5.3	0h:6m:21s (0h:0m:3s left)
 210 K2P+I+G4     32088.724   part1.1+part1.2+part1.3+part2.1+part2.2+part2.3+part3.1+part3.2+part3.3+part4.3+part5.1+part5.2+part5.3	0h:6m:27s (0h:0m:1s left)
Merging part1.1+part1.2+part2.1+part2.2+part3.1+part3.2+part4.1+part4.2+part5.1+part5.2 with BIC score: 31828.773 (LnL: -15286.534  df: 154)
 211 HKY+F+I+G4   32065.582   part1.1+part1.2+part1.3+part2.1+part2.2+part2.3+part3.1+part3.2+part3.3+part4.1+part4.2+part4.3+part5.1+part5.2+part5.3	0h:6m:47s (0h:0m:0s left)
BEST-FIT PARTITION MODEL: 
  charpartition BIC = HKY+F+I+G4: part1.1 part1.2 part2.1 part2.2 part3.1 part3.2 part4.1 part4.2 part5.1 part5.2, TN+F+G4: part1.3 part2.3 part3.3 part4.3 part5.3;
Agglomerative model selection: ((((((part1.1,part1.2)2:36385.2,(part2.1,part2.2)1:36898.8)6:34430.1,(part3.1,part3.2)4:35388.3)7:33977.3,(part5.1,part5.2)3:35879.6)10:32735,(part4.1,part4.2)5:34902.7)13:31828.8,((((part1.3,part5.3)8:33533.1,part3.3)9:33117.5,part2.3)11:32357.1,part4.3)12:32082.4)
Merging into 2 partitions...
Partition information was printed to 6_set197.best_scheme.nex
Partition information in Raxml format was printed to 6_set197.best_scheme

All model information printed to 6_set197.model.gz
CPU time for ModelFinder: 442.172 seconds (0h:7m:22s)
Wall-clock time for ModelFinder: 407.775 seconds (0h:6m:47s)
Generating 1000 samples for ultrafast bootstrap (seed: 967464)...

NOTE: 10 MB RAM (0 GB) is required!
Measuring multi-threading efficiency up to 8 CPU cores
Increase to 10 rounds for branch lengths
28 trees examined
Threads: 1 / Time: 8.054 sec / Speedup: 1.000 / Efficiency: 100% / LogL: -22835
Threads: 2 / Time: 4.331 sec / Speedup: 1.859 / Efficiency: 93% / LogL: -22835
Threads: 3 / Time: 18.249 sec / Speedup: 0.441 / Efficiency: 15% / LogL: -22835
BEST NUMBER OF THREADS: 2

Estimate model parameters (epsilon = 0.100)
Optimizing TN+F+G4 parameters for partition part1.3+part2.3+part3.3+part4.3+part5.3 (77 free parameters)
Optimizing HKY+F+I+G4 parameters for partition part1.1+part1.2+part2.1+part2.2+part3.1+part3.2+part4.1+part4.2+part5.1+part5.2 (77 free parameters)
Optimal log-likelihood: -15284.600
Computing ML distances based on estimated model parameters... 0.052 sec
WARNING: Some pairwise ML distances are too long (saturated)
Computing BIONJ tree...
0.002 seconds
Log-likelihood of BIONJ tree: -15286.382
--------------------------------------------------------------------
|             INITIALIZING CANDIDATE TREE SET                      |
--------------------------------------------------------------------
Generating 98 parsimony trees... 2.128 second
Computing log-likelihood of 98 initial trees ... 4.291 seconds
Current best score: -15281.169

Do NNI search on 20 best initial trees
Estimate model parameters (epsilon = 0.100)
BETTER TREE FOUND at iteration 1: -15280.293
Estimate model parameters (epsilon = 0.100)
UPDATE BEST LOG-LIKELIHOOD: -15280.252
Iteration 10 / LogL: -15284.273 / Time: 0h:0m:51s
Iteration 20 / LogL: -15289.213 / Time: 0h:0m:56s
Finish initializing candidate tree set (13)
Current best tree score: -15280.252 / CPU time: 15.437
Number of iterations: 20
--------------------------------------------------------------------
|               OPTIMIZING CANDIDATE TREE SET                      |
--------------------------------------------------------------------
Iteration 30 / LogL: -15283.147 / Time: 0h:1m:7s (0h:2m:44s left)
Iteration 40 / LogL: -15283.151 / Time: 0h:1m:18s (0h:2m:2s left)
Iteration 50 / LogL: -15283.163 / Time: 0h:1m:29s (0h:1m:33s left)
Log-likelihood cutoff on original alignment: -15312.577
Iteration 60 / LogL: -15283.159 / Time: 0h:1m:39s (0h:1m:8s left)
Iteration 70 / LogL: -15283.132 / Time: 0h:1m:50s (0h:0m:49s left)
Iteration 80 / LogL: -15283.144 / Time: 0h:2m:0s (0h:0m:31s left)
Iteration 90 / LogL: -15283.144 / Time: 0h:2m:7s (0h:0m:15s left)
Iteration 100 / LogL: -15283.135 / Time: 0h:2m:19s (0h:0m:1s left)
Log-likelihood cutoff on original alignment: -15310.229
NOTE: Bootstrap correlation coefficient of split occurrence frequencies: 1.000
TREE SEARCH COMPLETED AFTER 102 ITERATIONS / Time: 0h:2m:21s

--------------------------------------------------------------------
|                    FINALIZING TREE SEARCH                        |
--------------------------------------------------------------------
Performs final model parameters optimization
Estimate model parameters (epsilon = 0.010)
Optimizing TN+F+G4 parameters for partition part1.3+part2.3+part3.3+part4.3+part5.3 (77 free parameters)
Optimizing HKY+F+I+G4 parameters for partition part1.1+part1.2+part2.1+part2.2+part3.1+part3.2+part4.1+part4.2+part5.1+part5.2 (77 free parameters)
Optimal log-likelihood: -15280.246
BEST SCORE FOUND : -15280.246
Creating bootstrap support values...
Split supports printed to NEXUS file 6_set197.splits.nex
Total tree length: 0.623

Total number of iterations: 102
CPU time used for tree search: 51.058 sec (0h:0m:51s)
Wall-clock time used for tree search: 100.294 sec (0h:1m:40s)
Total CPU time used: 71.604 sec (0h:1m:11s)
Total wall-clock time used: 141.837 sec (0h:2m:21s)

Computing bootstrap consensus tree...
Reading input file 6_set197.splits.nex...
37 taxa and 197 splits.
Consensus tree written to 6_set197.contree
Reading input trees file 6_set197.contree
Log-likelihood of consensus tree: -15280.251

Analysis results written to: 
  IQ-TREE report:                6_set197.iqtree
  Maximum-likelihood tree:       6_set197.treefile
  Likelihood distances:          6_set197.mldist
  Best partitioning scheme:      6_set197.best_scheme.nex
           in RAxML format:      6_set197.best_scheme

Ultrafast bootstrap approximation results written to:
  Split support values:          6_set197.splits.nex
  Consensus tree:                6_set197.contree
  Screen log file:               6_set197.log

Date and Time: Sat Sep  8 03:00:39 2018
