IQ-TREE multicore version 1.6.7 for Mac OS X 64-bit built Aug 23 2018
Developed by Bui Quang Minh, Nguyen Lam Tung, Olga Chernomor,
Heiko Schmidt, Dominik Schrempf, Michael Woodhams.

Host:    meeps-mac-pro.staff.sydney.edu.au (AVX, 64 GB RAM)
Command: /Users/davidduchene/Desktop/Software/iqtree-1.6.7-MacOSX/bin/iqtree -s ../../../../marsupials/set283.fasta -m TESTMERGE -bb 1000 -q ../../../../marsupials/set283.nex -nt AUTO -pre 2_set283
Seed:    954889 (Using SPRNG - Scalable Parallel Random Number Generator)
Time:    Sat Sep  8 06:16:12 2018
Kernel:  AVX - auto-detect threads (8 CPU cores detected)

Reading partition model file ../../../../marsupials/set283.nex ...
Reading alignment file ../../../../marsupials/set283.fasta ... Fasta format detected
Alignment most likely contains DNA/RNA sequences
Alignment has 35 sequences with 1866 columns, 942 distinct patterns
539 parsimony-informative, 282 singleton sites, 1045 constant sites
                                              Gap/Ambiguity  Composition  p-value
   1  Burramyidae_Burramys_parvus                     9.06%    passed     80.00%
   2  Notoryctidae_Notoryctes_typhlops                8.09%    passed     96.20%
   3  Vombatidae_Lasiorhinus_latifrons                0.59%    passed     98.39%
   4  Potoroidae_Bettongia_penicillata                2.73%    passed     72.71%
   5  Potoroidae_Bettongia_lesueur                    0.48%    passed     86.35%
   6  Dasyuridae_Dasyurus_maculatus                   3.54%    passed     99.63%
   7  Phalangeridae_Trichosurus_vulpecula             0.32%    passed     91.73%
   8  Phalangeridae_Spilocuscus_maculatus             0.70%    passed     93.52%
   9  Potoroidae_Aepyprymnus_rufescens                0.48%    passed     93.35%
  10  Peramelidae_Perameles_nasuta                   18.86%    passed     88.46%
  11  Phalangeridae_Strigocuscus_pelengensis          3.59%    passed     77.31%
  12  Dasyuridae_Phascogale_tapoatafa                 5.73%    passed     84.59%
  13  Dasyuridae_Sminthopsis_macroura                 5.31%    passed     96.04%
  14  Phalangeridae_Phalanger_orientalis              0.70%    passed     86.12%
  15  Acrobatidae_Acrobates_pygmaeus                  2.63%    passed     89.05%
  16  Dasyuridae_Phascogale_calura                   14.09%    passed     23.28%
  17  Dasyuridae_Sarcophilus_harrisii                 1.98%    passed     95.96%
  18  Dasyuridae_Planigale_tenuirostris              22.83%    passed      7.74%
  19  Peramelidae_Echymipera_kalubu                   1.34%    passed     91.98%
  20  Macropodidae_Dorcopsulus_vanheurni              6.11%    passed     66.44%
  21  Pseudochiridae_Pseudochirulus_forbesi           0.38%    passed     99.60%
  22  Didelphidae_Didelphis_virginiana                1.66%    passed     81.23%
  23  Marmosidae_Monodelphis_domestica                0.48%    passed     97.50%
  24  Dasyuridae_Antechinus_stuartii                 16.02%    passed      9.99%
  25  Hypsiprymnodontidae_Hypsiprymnodon_moschatus    0.32%    passed     99.61%
  26  Microbiotheriidae_Dromiciops_gliroides          9.27%    passed     47.66%
  27  Pseudochiridae_Petauroides_volans               0.80%    passed     53.92%
  28  Macropodidae_Wallabia_bicolor                  10.29%    passed     94.63%
  29  Pseudochiridae_Pseudocheirus_occidentalis      10.93%    passed     74.61%
  30  Tarsipedidae_Tarsipes_rostratus                 2.14%    passed     92.96%
  31  Acrobatidae_Distoechurus_pennatus               0.38%    passed     85.96%
  32  Phalangeridae_Phalanger_carmelitae              9.70%    passed     68.10%
  33  Peramelidae_Peroryctes_raffrayana              10.66%    passed     81.59%
  34  Dasyuridae_Dasyurus_geffroii                    2.95%    passed     96.01%
  35  Peramelidae_Perameles_gunnii                    1.77%    passed     97.91%
****  TOTAL                                           5.34%  0 sequences failed composition chi2 test (p-value<5%; df=3)
NOTE: No CharPartition defined, use all CharSets

Loading 15 partitions...
Subset	Type	Seqs	Sites	Infor	Invar	Model	Name
1		35	113	35	73	TESTMERGE	part1.1
2		35	113	24	80	TESTMERGE	part1.2
3		35	113	66	29	TESTMERGE	part1.3
4		35	158	40	84	TESTMERGE	part2.1
5		35	158	30	101	TESTMERGE	part2.2
6		35	158	42	83	TESTMERGE	part2.3
7		32	80	3	74	TESTMERGE	part3.1
8		32	80	3	75	TESTMERGE	part3.2
9		32	80	49	19	TESTMERGE	part3.3
10		35	193	56	107	TESTMERGE	part4.1
11		35	193	53	103	TESTMERGE	part4.2
12		35	193	103	48	TESTMERGE	part4.3
13		35	78	9	61	TESTMERGE	part5.1
14		35	78	5	72	TESTMERGE	part5.2
15		35	78	21	36	TESTMERGE	part5.3
Degree of missing data: 0.011
Info: multi-threading strategy over partitions



Create initial parsimony tree by phylogenetic likelihood library (PLL)... 0.009 seconds
NOTE: ModelFinder requires 10 MB RAM!
NUMBER OF THREADS FOR PARTITION FINDING: 8
Testing GTR+F+G on supermatrix...
GTR+F+G4 / LnL: -13061.943 / df: 76 / AIC: 26275.886 / AICc: 26282.428 / BIC: 26696.284
Selecting individual models for 15 charsets using BIC...
 No. Model        Score       Charset
   1 K2P+G4       2073.185    part3.3
   2 TIM2e+G4     1994.307    part2.1
   3 TPM3u+F+G4   2787.576    part1.3
   4 TPM2+F+G4    4208.919    part4.3
   5 K3Pu+F+G4    2643.425    part4.2
   6 TPM3u+F+G4   1552.366    part2.2
   7 TN+F+G4      2825.066    part4.1
   8 TPM3+F+G4    2014.231    part2.3
   9 TN+F+G4      1352.978    part1.2
  10 K2P+G4       1711.833    part1.1	0h:0m:8s (0h:2m:48s left)
  11 K2P+G4       1013.228    part5.3	0h:0m:8s (0h:2m:36s left)
  12 TNe+I        354.999     part3.2	0h:0m:9s (0h:2m:32s left)
  13 TN+F+I+G4    348.466     part5.2	0h:0m:9s (0h:2m:23s left)
  14 HKY+F+I+G4   384.848     part3.1	0h:0m:9s (0h:2m:15s left)
  15 K2P+G4       557.037     part5.1	0h:0m:9s (0h:2m:10s left)
Full partition model BIC score: 26516.247 (LnL: -12742.212  df:137)
Merging models to increase model fit (about 211 total partition schemes)...
  16 TIM2e+G4     26538.659   part3.3+part4.3	0h:0m:14s (0h:2m:56s left)
  17 TVMe+G4      26517.652   part1.3+part4.3	0h:0m:15s (0h:2m:51s left)
  18 TN+F+G4      26490.519   part4.1+part4.2	0h:0m:15s (0h:2m:46s left)
  19 TPM3u+F+G4   26536.264   part2.2+part4.3	0h:0m:15s (0h:2m:38s left)
  20 TIM2e+G4     26506.554   part2.1+part4.3	0h:0m:15s (0h:2m:30s left)
  21 TIM2+F+G4    26506.464   part4.1+part4.3	0h:0m:16s (0h:2m:26s left)
  22 TPM2+F+G4    26490.311   part4.2+part4.3	0h:0m:17s (0h:2m:29s left)
  23 HKY+F+G4     26506.757   part2.3+part4.3	0h:0m:18s (0h:2m:29s left)
  24 TIM2+F+G4    26497.572   part4.3+part5.3	0h:0m:20s (0h:2m:36s left)
  25 TPM2+F+G4    26528.903   part4.3+part5.1	0h:0m:20s (0h:2m:31s left)
  26 TPM2+F+G4    26561.131   part1.2+part4.3	0h:0m:20s (0h:2m:26s left)
  27 TIM2+F+G4    26551.953   part1.1+part4.3	0h:0m:20s (0h:2m:21s left)
  28 HKY+F+G4     26515.691   part2.1+part4.1	0h:0m:22s (0h:2m:24s left)
  29 TPM3u+F+G4   26515.749   part1.3+part4.2	0h:0m:22s (0h:2m:20s left)
  30 TIM2e+G4     26539.208   part1.3+part4.1	0h:0m:22s (0h:2m:16s left)
  31 TPM2u+F+G4   26601.965   part3.2+part4.3	0h:0m:25s (0h:2m:25s left)
  32 TPM2+F+G4    26554.408   part4.3+part5.2	0h:0m:25s (0h:2m:22s left)
  33 TN+F+G4      26513.884   part2.1+part4.2	0h:0m:26s (0h:2m:21s left)
  34 TPM3u+F+G4   26550.532   part2.3+part4.1	0h:0m:26s (0h:2m:17s left)
  35 TIM2+F+G4    26575.581   part3.1+part4.3	0h:0m:26s (0h:2m:15s left)
  36 TPM3u+F+G4   26532.232   part2.2+part4.1	0h:0m:28s (0h:2m:17s left)
  37 HKY+F+G4     26515.771   part2.3+part4.2	0h:0m:29s (0h:2m:19s left)
  38 TPM3u+F+G4   26525.451   part2.2+part4.2	0h:0m:29s (0h:2m:16s left)
  39 TVMe+G4      26529.218   part1.3+part2.1	0h:0m:31s (0h:2m:18s left)
  40 K2P+G4       26531.999   part3.3+part4.2	0h:0m:33s (0h:2m:21s left)
  41 HKY+F+G4     26504.606   part1.3+part2.3	0h:0m:33s (0h:2m:18s left)
  42 TN+F+I+G4    26523.472   part3.3+part4.1	0h:0m:35s (0h:2m:21s left)
  43 TN+F+G4      26519.650   part4.1+part5.3	0h:0m:35s (0h:2m:18s left)
  44 TN+F+G4      26528.469   part2.1+part2.3	0h:0m:37s (0h:2m:23s left)
  45 HKY+F+G4     26520.684   part1.1+part4.2	0h:0m:39s (0h:2m:24s left)
  46 HKY+F+G4     26508.826   part4.2+part5.3	0h:0m:39s (0h:2m:23s left)
  47 TN+F+G4      26524.450   part1.1+part4.1	0h:0m:41s (0h:2m:25s left)
  48 TN+F+G4      26541.993   part1.2+part4.1	0h:0m:42s (0h:2m:23s left)
  49 HKY+F+G4     26515.039   part1.2+part4.2	0h:0m:42s (0h:2m:19s left)
  50 TPM3+F+G4    26509.061   part1.3+part2.2	0h:0m:42s (0h:2m:18s left)
  51 TN+F+G4      26515.060   part2.1+part2.2	0h:0m:44s (0h:2m:20s left)
  52 TN+F+G4      26522.652   part4.1+part5.1	0h:0m:46s (0h:2m:22s left)
  53 HKY+F+G4     26519.776   part4.2+part5.1	0h:0m:47s (0h:2m:20s left)
  54 TN+F+G4      26532.910   part2.2+part2.3	0h:0m:48s (0h:2m:21s left)
  55 TIM3e+G4     26529.511   part1.3+part3.3	0h:0m:49s (0h:2m:19s left)
  56 HKY+F+G4     26532.732   part4.1+part5.2	0h:0m:50s (0h:2m:20s left)
  57 K2P+G4       26514.428   part2.1+part3.3	0h:0m:50s (0h:2m:17s left)
  58 HKY+F+G4     26529.374   part4.2+part5.2	0h:0m:51s (0h:2m:15s left)
  59 SYM+G4       26504.196   part1.3+part5.3	0h:0m:53s (0h:2m:17s left)
  60 TPM3u+F+G4   26543.662   part2.3+part3.3	0h:0m:54s (0h:2m:16s left)
  61 TIM2e+G4     26508.104   part2.1+part5.3	0h:0m:55s (0h:2m:15s left)
  62 TN+F+G4      26566.363   part3.2+part4.1	0h:0m:55s (0h:2m:13s left)
  63 HKY+F+G4     26574.837   part3.2+part4.2	0h:0m:55s (0h:2m:10s left)
  64 TIM2e+G4     26539.275   part1.1+part2.1	0h:0m:56s (0h:2m:9s left)
  65 SYM+G4       26517.583   part1.1+part1.3	0h:0m:58s (0h:2m:10s left)
  66 HKY+F+G4     26495.366   part2.3+part5.3	0h:0m:59s (0h:2m:10s left)
  67 HKY+F+G4     26551.571   part1.1+part2.3	0h:1m:1s (0h:2m:11s left)
  68 TPM3+F+G4    26504.728   part1.2+part1.3	0h:1m:1s (0h:2m:9s left)
  69 HKY+F+G4     26552.214   part3.1+part4.2	0h:1m:2s (0h:2m:7s left)
  70 HKY+F+G4     26557.165   part1.2+part2.1	0h:1m:2s (0h:2m:5s left)
  71 TN+F+I+G4    26534.063   part3.1+part4.1	0h:1m:3s (0h:2m:5s left)
  72 TPM3u+F+I+G4 26510.602   part2.2+part3.3	0h:1m:3s (0h:2m:3s left)
  73 HKY+F+G4     26534.059   part1.2+part2.3	0h:1m:5s (0h:2m:2s left)
  74 TVM+F+G4     26523.056   part1.3+part5.1	0h:1m:6s (0h:2m:2s left)
  75 TIM2e+G4     26508.827   part2.1+part5.1	0h:1m:8s (0h:2m:3s left)
  76 TPM3u+F+I+G4 26550.225   part1.1+part2.2	0h:1m:8s (0h:2m:1s left)
  77 TPM3u+F+G4   26529.982   part1.3+part5.2	0h:1m:9s (0h:2m:1s left)
  78 TPM3u+F+G4   26527.928   part2.3+part5.1	0h:1m:10s (0h:2m:0s left)
  79 TPM3u+F+G4   26510.879   part2.2+part5.3	0h:1m:10s (0h:1m:58s left)
  80 TPM3u+F+I+G4 26546.106   part1.2+part2.2	0h:1m:11s (0h:1m:56s left)
  81 TIM2e+G4     26535.174   part2.1+part5.2	0h:1m:13s (0h:1m:58s left)
  82 K2P+G4       26505.623   part3.3+part5.3	0h:1m:14s (0h:1m:57s left)
  83 SYM+G4       26566.115   part1.3+part3.2	0h:1m:15s (0h:1m:56s left)
  84 TNe+G4       26513.986   part2.2+part5.1	0h:1m:17s (0h:1m:57s left)
  85 TIM2e+G4     26569.759   part2.1+part3.2	0h:1m:17s (0h:1m:55s left)
  86 TNe+I+G4     26531.839   part1.1+part3.3	0h:1m:18s (0h:1m:54s left)
  87 TPM3+F+G4    26532.725   part2.3+part5.2	0h:1m:19s (0h:1m:53s left)
  88 HKY+F+G4     26594.936   part2.3+part3.2	0h:1m:19s (0h:1m:50s left)
  89 SYM+G4       26546.588   part1.3+part3.1	0h:1m:20s (0h:1m:49s left)
  90 TNe+I+G4     26542.514   part1.2+part3.3	0h:1m:20s (0h:1m:48s left)
  91 TIM2e+G4     26538.763   part2.1+part3.1	0h:1m:22s (0h:1m:49s left)
  92 TIM2e+G4     26538.181   part1.1+part5.3	0h:1m:22s (0h:1m:47s left)
  93 TN+F+G4      26545.726   part1.2+part5.3	0h:1m:23s (0h:1m:45s left)
  94 HKY+F+G4     26584.139   part2.3+part3.1	0h:1m:23s (0h:1m:44s left)
  95 K2P+I+G4     26508.343   part3.3+part5.1	0h:1m:24s (0h:1m:42s left)
  96 TN+F+G4      26501.038   part1.1+part1.2	0h:1m:26s (0h:1m:43s left)
  97 TIM2+F+G4    26535.999   part2.2+part5.2	0h:1m:27s (0h:1m:42s left)
  98 TPM3u+F+I+G4 26562.669   part2.2+part3.2	0h:1m:28s (0h:1m:42s left)
  99 K2P+I+G4     26530.866   part3.3+part5.2	0h:1m:29s (0h:1m:41s left)
 100 TIM2e+G4     26513.073   part1.1+part5.1	0h:1m:30s (0h:1m:40s left)
 101 TPM3u+F+I+G4 26543.269   part2.2+part3.1	0h:1m:30s (0h:1m:38s left)
 102 TIM2e+G4     26518.523   part5.1+part5.3	0h:1m:31s (0h:1m:37s left)
 103 TN+F+G4      26520.567   part1.2+part5.1	0h:1m:32s (0h:1m:36s left)
 104 HKY+F+G4     26544.994   part5.2+part5.3	0h:1m:33s (0h:1m:36s left)
 105 TNe+I+G4     26552.255   part3.2+part3.3	0h:1m:34s (0h:1m:35s left)
 106 TN+F+G4      26525.084   part1.1+part5.2	0h:1m:35s (0h:1m:34s left)
 107 TN+F+I+G4    26530.759   part3.1+part3.3	0h:1m:35s (0h:1m:32s left)
 108 TN+F+G4      26512.131   part1.2+part5.2	0h:1m:36s (0h:1m:32s left)
 109 K2P+G4       26541.001   part1.1+part3.2	0h:1m:37s (0h:1m:30s left)
 110 TIM2e+G4     26565.400   part3.2+part5.3	0h:1m:39s (0h:1m:31s left)
 111 TIM2e+G4     26548.673   part3.1+part5.3	0h:1m:39s (0h:1m:29s left)
 112 TN+F+G4      26556.112   part1.2+part3.2	0h:1m:40s (0h:1m:28s left)
 113 K2P+G4       26520.673   part1.1+part3.1	0h:1m:41s (0h:1m:28s left)
 114 TIM2e+I+G4   26535.647   part1.2+part3.1	0h:1m:42s (0h:1m:26s left)
 115 TNe+I+G4     26505.654   part5.1+part5.2	0h:1m:45s (0h:1m:27s left)
 116 K2P+I+G4     26492.511   part3.1+part3.2	0h:1m:45s (0h:1m:26s left)
 117 K2P+I+G4     26502.665   part3.1+part5.1	0h:1m:47s (0h:1m:26s left)
 118 TNe+I+G4     26519.199   part3.2+part5.1	0h:1m:47s (0h:1m:24s left)
 119 K2P+I+G4     26492.605   part3.2+part5.2	0h:1m:47s (0h:1m:22s left)
 120 K2P+I+G4     26483.674   part3.1+part5.2	0h:1m:47s (0h:1m:21s left)
Merging part3.1+part5.2 with BIC score: 26483.674 (LnL: -12763.583  df: 127)
 121 SYM+G4       26566.080   part1.3+part3.1+part5.2	0h:1m:51s (0h:1m:22s left)
 122 HKY+F+I+G4   26558.988   part3.1+part4.2+part5.2	0h:1m:52s (0h:1m:21s left)
 123 TPM2u+F+G4   26601.020   part3.1+part4.3+part5.2	0h:1m:52s (0h:1m:20s left)
 124 HKY+F+I+G4   26545.844   part3.1+part4.1+part5.2	0h:1m:54s (0h:1m:20s left)
 125 K2P+I+G4     26530.311   part3.1+part3.3+part5.2	0h:1m:54s (0h:1m:18s left)
 126 TIM2e+G4     26541.854   part2.1+part3.1+part5.2	0h:1m:55s (0h:1m:17s left)
 127 HKY+F+I+G4   26584.273   part2.3+part3.1+part5.2	0h:1m:55s (0h:1m:16s left)
 128 TNe+I+G4     26527.776   part2.2+part3.1+part5.2	0h:1m:56s (0h:1m:15s left)
 129 K2P+I+G4     26521.541   part1.1+part3.1+part5.2	0h:1m:56s (0h:1m:14s left)
 130 TIM2e+I+G4   26525.498   part1.2+part3.1+part5.2	0h:1m:57s (0h:1m:12s left)
 131 TIM2e+I+G4   26553.238   part3.1+part5.2+part5.3	0h:1m:58s (0h:1m:12s left)
 132 TNe+I+G4     26479.667   part3.1+part5.1+part5.2	0h:1m:59s (0h:1m:11s left)
 133 K2P+I+G4     26465.948   part3.1+part3.2+part5.2	0h:1m:59s (0h:1m:10s left)
Merging part4.2+part4.3 with BIC score: 26457.737 (LnL: -12773.210  df: 121)
 134 TIM2+F+G4    26490.485   part1.1+part4.2+part4.3	0h:2m:6s (0h:1m:12s left)
 135 TPM2+F+G4    26468.528   part4.2+part4.3+part5.1	0h:2m:7s (0h:1m:11s left)
 136 TPM3+F+G4    26475.844   part1.3+part4.2+part4.3	0h:2m:8s (0h:1m:10s left)
 137 TN+F+G4      26496.137   part3.3+part4.2+part4.3	0h:2m:8s (0h:1m:9s left)
 138 TIM2+F+G4    26447.022   part4.1+part4.2+part4.3	0h:2m:9s (0h:1m:8s left)
 139 TPM3u+F+G4   26478.855   part2.2+part4.2+part4.3	0h:2m:10s (0h:1m:7s left)
 140 TPM2u+F+G4   26456.637   part2.1+part4.2+part4.3	0h:2m:12s (0h:1m:7s left)
 141 HKY+F+G4     26453.788   part2.3+part4.2+part4.3	0h:2m:13s (0h:1m:6s left)
 142 HKY+F+G4     26490.304   part1.2+part4.2+part4.3	0h:2m:15s (0h:1m:5s left)
 143 TPM2+F+G4    26538.152   part3.2+part4.2+part4.3	0h:2m:15s (0h:1m:4s left)
 144 TPM2+F+G4    26570.333   part3.1+part4.2+part4.3+part5.2	0h:2m:16s (0h:1m:3s left)
 145 TPM2+F+G4    26443.278   part4.2+part4.3+part5.3	0h:2m:16s (0h:1m:2s left)
Merging part2.3+part5.3 with BIC score: 26436.856 (LnL: -12774.066  df: 118)
 146 TN+F+G4      26485.821   part1.1+part2.3+part5.3	0h:2m:21s (0h:1m:3s left)
 147 TN+F+G4      26482.996   part2.3+part4.1+part5.3	0h:2m:23s (0h:1m:2s left)
 148 HKY+F+G4     26449.309   part2.3+part5.1+part5.3	0h:2m:25s (0h:1m:1s left)
 149 HKY+F+G4     26457.081   part2.2+part2.3+part5.3	0h:2m:25s (0h:1m:0s left)
 150 TPM3u+F+G4   26438.587   part1.3+part2.3+part5.3	0h:2m:26s (0h:0m:59s left)
 151 HKY+F+G4     26465.732   part2.3+part3.3+part5.3	0h:2m:26s (0h:0m:58s left)
 152 TN+F+G4      26454.599   part2.1+part2.3+part5.3	0h:2m:28s (0h:0m:57s left)
 153 HKY+F+G4     26469.701   part1.2+part2.3+part5.3	0h:2m:30s (0h:0m:56s left)
 154 HKY+F+G4     26550.925   part2.3+part3.1+part5.2+part5.3	0h:2m:31s (0h:0m:56s left)
 155 HKY+F+G4     26521.071   part2.3+part3.2+part5.3	0h:2m:31s (0h:0m:54s left)
 156 TPM2+F+G4    26437.780   part2.3+part4.2+part4.3+part5.3	0h:2m:31s (0h:0m:53s left)
Merging part3.1+part3.2+part5.2 with BIC score: 26419.131 (LnL: -12776.501  df: 115)
 157 SYM+I+G4     26547.116   part1.3+part3.1+part3.2+part5.2	0h:2m:38s (0h:0m:54s left)
 158 TIM2e+I+G4   26480.545   part1.1+part3.1+part3.2+part5.2	0h:2m:40s (0h:0m:53s left)
 159 HKY+F+I+G4   26595.218   part2.3+part3.1+part3.2+part5.2+part5.3	0h:2m:40s (0h:0m:52s left)
 160 HKY+F+I+G4   26527.659   part3.1+part3.2+part4.1+part5.2	0h:2m:41s (0h:0m:51s left)
 161 TPM2u+F+G4   26608.982   part3.1+part3.2+part4.2+part4.3+part5.2	0h:2m:42s (0h:0m:50s left)
 162 TIM2e+I+G4   26527.411   part2.1+part3.1+part3.2+part5.2	0h:2m:43s (0h:0m:49s left)
 163 TNe+I+G4     26490.732   part2.2+part3.1+part3.2+part5.2	0h:2m:44s (0h:0m:48s left)
 164 TIM2e+I+G4   26478.855   part1.2+part3.1+part3.2+part5.2	0h:2m:45s (0h:0m:47s left)
 165 K2P+I+G4     26493.185   part3.1+part3.2+part3.3+part5.2	0h:2m:45s (0h:0m:46s left)
 166 K2P+I+G4     26419.834   part3.1+part3.2+part5.1+part5.2	0h:2m:45s (0h:0m:44s left)
Merging part1.1+part1.2 with BIC score: 26403.921 (LnL: -12776.428  df: 113)
 167 TPM3u+F+I+G4 26446.289   part1.1+part1.2+part2.2	0h:2m:50s (0h:0m:45s left)
 168 TPM2+F+G4    26452.945   part1.1+part1.2+part2.1	0h:2m:51s (0h:0m:43s left)
 169 TN+F+G4      26401.176   part1.1+part1.2+part5.1	0h:2m:51s (0h:0m:42s left)
 170 TN+F+G4      26465.828   part1.1+part1.2+part2.3+part5.3	0h:2m:52s (0h:0m:41s left)
 171 TIM3+F+G4    26405.683   part1.1+part1.2+part1.3	0h:2m:52s (0h:0m:40s left)
 172 TN+F+G4      26431.567   part1.1+part1.2+part4.1	0h:2m:52s (0h:0m:39s left)
 173 SYM+I+G4     26491.976   part1.1+part1.2+part3.1+part3.2+part5.2	0h:2m:53s (0h:0m:38s left)
 174 TIM2+F+G4    26469.863   part1.1+part1.2+part4.2+part4.3	0h:2m:53s (0h:0m:36s left)
 175 TNe+I+G4     26438.320   part1.1+part1.2+part3.3	0h:2m:54s (0h:0m:35s left)
Merging part4.1+part4.2+part4.3 with BIC score: 26393.206 (LnL: -12789.899  df: 108)
 176 TIM2+F+G4    26402.278   part4.1+part4.2+part4.3+part5.1	0h:3m:2s (0h:0m:36s left)
 177 TPM3+F+G4    26414.698   part2.2+part4.1+part4.2+part4.3	0h:3m:3s (0h:0m:35s left)
 178 TPM2u+F+G4   26570.618   part3.1+part3.2+part4.1+part4.2+part4.3+part5.2	0h:3m:3s (0h:0m:33s left)
 179 TIM2+F+G4    26453.597   part1.1+part1.2+part4.1+part4.2+part4.3	0h:3m:3s (0h:0m:32s left)
 180 TN+F+G4      26420.584   part3.3+part4.1+part4.2+part4.3	0h:3m:4s (0h:0m:31s left)
 181 TPM2+F+G4    26386.582   part2.1+part4.1+part4.2+part4.3	0h:3m:4s (0h:0m:30s left)
 182 GTR+F+G4     26423.434   part1.3+part4.1+part4.2+part4.3	0h:3m:4s (0h:0m:29s left)
 183 TIM2+F+G4    26417.412   part2.3+part4.1+part4.2+part4.3+part5.3	0h:3m:4s (0h:0m:28s left)
Merging part3.3+part5.1 with BIC score: 26385.301 (LnL: -12789.713  df: 107)
 184 HKY+F+I+G4   26384.307   part2.2+part3.3+part5.1	0h:3m:8s (0h:0m:27s left)
 185 TIM3e+G4     26404.596   part1.3+part3.3+part5.1	0h:3m:9s (0h:0m:26s left)
 186 K2P+G4       26386.750   part2.1+part3.3+part5.1	0h:3m:9s (0h:0m:25s left)
 187 TNe+I+G4     26415.690   part1.1+part1.2+part3.3+part5.1	0h:3m:10s (0h:0m:24s left)
 188 K2P+I+G4     26449.111   part3.1+part3.2+part3.3+part5.1+part5.2	0h:3m:10s (0h:0m:23s left)
 189 HKY+F+G4     26422.723   part2.3+part3.3+part5.1+part5.3	0h:3m:12s (0h:0m:22s left)
 190 TIM2+F+G4    26428.091   part3.3+part4.1+part4.2+part4.3+part5.1	0h:3m:13s (0h:0m:21s left)
Merging part1.3+part2.2 with BIC score: 26378.116 (LnL: -12808.714  df: 101)
 191 TIM3+F+G4    26399.988   part1.3+part2.1+part2.2	0h:3m:18s (0h:0m:20s left)
 192 TPM3u+F+I+G4 26407.830   part1.3+part2.2+part3.3+part5.1	0h:3m:18s (0h:0m:19s left)
 193 TPM3u+F+I+G4 26407.407   part1.1+part1.2+part1.3+part2.2	0h:3m:18s (0h:0m:18s left)
 194 TVMe+I+G4    26517.168   part1.3+part2.2+part3.1+part3.2+part5.2	0h:3m:18s (0h:0m:17s left)
 195 TPM3u+F+G4   26398.385   part1.3+part2.2+part2.3+part5.3	0h:3m:18s (0h:0m:16s left)
 196 TIM3+F+G4    26428.545   part1.3+part2.2+part4.1+part4.2+part4.3	0h:3m:20s (0h:0m:15s left)
Merging part2.1+part4.1+part4.2+part4.3 with BIC score: 26371.492 (LnL: -12824.231  df: 96)
 197 TPM2u+F+G4   26550.280   part2.1+part3.1+part3.2+part4.1+part4.2+part4.3+part5.2	0h:3m:28s (0h:0m:14s left)
 198 TPM2u+F+G4   26440.497   part1.1+part1.2+part2.1+part4.1+part4.2+part4.3	0h:3m:29s (0h:0m:13s left)
 199 TPM2+F+G4    26414.245   part2.1+part3.3+part4.1+part4.2+part4.3+part5.1	0h:3m:29s (0h:0m:12s left)
 200 TVM+F+G4     26420.756   part1.3+part2.1+part2.2+part4.1+part4.2+part4.3	0h:3m:29s (0h:0m:11s left)
 201 TPM2u+F+G4   26393.359   part2.1+part2.3+part4.1+part4.2+part4.3+part5.3	0h:3m:31s (0h:0m:10s left)
BEST-FIT PARTITION MODEL: 
  charpartition BIC = TN+F+G4: part1.1 part1.2, TPM3+F+G4: part1.3 part2.2, TPM2+F+G4: part2.1 part4.1 part4.2 part4.3, HKY+F+G4: part2.3 part5.3, K2P+I+G4: part3.1 part3.2 part5.2, K2P+I+G4: part3.3 part5.1;
Agglomerative model selection: ((part1.1,part1.2)5:26403.9,(part1.3,part2.2)8:26378.1,(part2.1,(part4.1,(part4.2,part4.3)2:26457.7)6:26393.2)9:26371.5,(part2.3,part5.3)3:26436.9,((part3.1,part5.2)1:26483.7,part3.2)4:26419.1,(part3.3,part5.1)7:26385.3)
Merging into 6 partitions...
Partition information was printed to 2_set283.best_scheme.nex
Partition information in Raxml format was printed to 2_set283.best_scheme

All model information printed to 2_set283.model.gz
CPU time for ModelFinder: 319.617 seconds (0h:5m:19s)
Wall-clock time for ModelFinder: 213.818 seconds (0h:3m:33s)
Generating 1000 samples for ultrafast bootstrap (seed: 954889)...

NOTE: 8 MB RAM (0 GB) is required!
Measuring multi-threading efficiency up to 8 CPU cores
Increase to 10 rounds for branch lengths
20 trees examined
Threads: 1 / Time: 8.043 sec / Speedup: 1.000 / Efficiency: 100% / LogL: -17746
Threads: 2 / Time: 14.521 sec / Speedup: 0.554 / Efficiency: 28% / LogL: -17746
BEST NUMBER OF THREADS: 1

Estimate model parameters (epsilon = 0.100)
Initial log-likelihood: -13510.988
Current log-likelihood at step 1: -13105.705
Current log-likelihood at step 2: -13060.601
Current log-likelihood at step 3: -12981.464
Current log-likelihood at step 4: -12980.843
Current log-likelihood at step 5: -12980.236
Current log-likelihood at step 6: -12979.632
Current log-likelihood at step 7: -12979.025
Current log-likelihood at step 8: -12978.413
Current log-likelihood at step 9: -12977.794
Current log-likelihood at step 10: -12977.168
Current log-likelihood at step 11: -12976.536
Current log-likelihood at step 12: -12975.896
Current log-likelihood at step 13: -12975.249
Current log-likelihood at step 14: -12974.594
Current log-likelihood at step 15: -12973.932
Current log-likelihood at step 16: -12973.262
Current log-likelihood at step 17: -12972.584
Current log-likelihood at step 18: -12971.897
Current log-likelihood at step 19: -12971.202
Current log-likelihood at step 20: -12970.499
Current log-likelihood at step 21: -12969.786
Current log-likelihood at step 22: -12969.065
Current log-likelihood at step 23: -12968.334
Current log-likelihood at step 24: -12967.594
Current log-likelihood at step 25: -12966.843
Current log-likelihood at step 26: -12966.083
Current log-likelihood at step 27: -12965.312
Current log-likelihood at step 28: -12964.531
Current log-likelihood at step 29: -12963.739
Current log-likelihood at step 30: -12962.935
Current log-likelihood at step 31: -12962.120
Current log-likelihood at step 32: -12961.293
Current log-likelihood at step 33: -12960.454
Current log-likelihood at step 34: -12959.602
Current log-likelihood at step 35: -12958.737
Current log-likelihood at step 36: -12957.859
Current log-likelihood at step 37: -12956.967
Current log-likelihood at step 38: -12956.061
Current log-likelihood at step 39: -12955.140
Current log-likelihood at step 40: -12954.204
Current log-likelihood at step 41: -12953.252
Current log-likelihood at step 42: -12952.284
Current log-likelihood at step 43: -12951.299
Current log-likelihood at step 44: -12950.297
Current log-likelihood at step 45: -12949.277
Current log-likelihood at step 46: -12948.239
Current log-likelihood at step 47: -12947.181
Current log-likelihood at step 48: -12946.103
Current log-likelihood at step 49: -12945.005
Current log-likelihood at step 50: -12943.885
Current log-likelihood at step 51: -12942.743
Current log-likelihood at step 52: -12941.577
Current log-likelihood at step 53: -12940.387
Current log-likelihood at step 54: -12939.173
Current log-likelihood at step 55: -12937.931
Current log-likelihood at step 56: -12936.663
Current log-likelihood at step 57: -12935.366
Current log-likelihood at step 58: -12934.039
Current log-likelihood at step 59: -12932.681
Current log-likelihood at step 60: -12931.290
Current log-likelihood at step 61: -12929.865
Current log-likelihood at step 62: -12928.404
Current log-likelihood at step 63: -12926.905
Current log-likelihood at step 64: -12925.366
Current log-likelihood at step 65: -12923.786
Current log-likelihood at step 66: -12922.162
Current log-likelihood at step 67: -12920.491
Current log-likelihood at step 68: -12918.771
Current log-likelihood at step 69: -12917.000
Current log-likelihood at step 70: -12915.173
Current log-likelihood at step 71: -12913.289
Current log-likelihood at step 72: -12911.342
Current log-likelihood at step 73: -12909.330
Current log-likelihood at step 74: -12907.247
Current log-likelihood at step 75: -12905.089
Current log-likelihood at step 76: -12902.852
Current log-likelihood at step 77: -12900.528
Current log-likelihood at step 78: -12898.113
Current log-likelihood at step 79: -12895.599
Current log-likelihood at step 80: -12892.978
Current log-likelihood at step 81: -12890.242
Current log-likelihood at step 82: -12887.383
Current log-likelihood at step 83: -12884.391
Current log-likelihood at step 84: -12881.255
Current log-likelihood at step 85: -12877.963
Current log-likelihood at step 86: -12874.504
Current log-likelihood at step 87: -12870.867
Current log-likelihood at step 88: -12867.040
Current log-likelihood at step 89: -12863.016
Current log-likelihood at step 90: -12858.793
Current log-likelihood at step 91: -12854.378
Current log-likelihood at step 92: -12849.799
Current log-likelihood at step 93: -12836.726
Current log-likelihood at step 94: -12834.541
Current log-likelihood at step 95: -12822.953
Current log-likelihood at step 96: -12822.946
Parameters optimization took 95 rounds (12.883 sec)

Computing ML distances based on estimated model parameters... 0.066 sec
Computing BIONJ tree...
0.005 seconds
Log-likelihood of BIONJ tree: -12855.580
--------------------------------------------------------------------
|             INITIALIZING CANDIDATE TREE SET                      |
--------------------------------------------------------------------
Generating 98 parsimony trees... 3.726 second
Computing log-likelihood of 98 initial trees ... 10.419 seconds
Current best score: -12821.182

Do NNI search on 20 best initial trees
Estimate model parameters (epsilon = 0.100)
Initial log-likelihood: -12820.226
Current log-likelihood at step 1: -12820.210
Parameters optimization took 0 rounds (0.153 sec)

BETTER TREE FOUND at iteration 1: -12820.210
Estimate model parameters (epsilon = 0.100)
Initial log-likelihood: -12817.109
Current log-likelihood at step 1: -12817.074
Parameters optimization took 0 rounds (0.159 sec)

BETTER TREE FOUND at iteration 5: -12817.074
Iteration 10 / LogL: -12829.978 / Time: 0h:0m:56s
Estimate model parameters (epsilon = 0.100)
Initial log-likelihood: -12815.490
Current log-likelihood at step 1: -12815.446
Parameters optimization took 0 rounds (0.099 sec)

BETTER TREE FOUND at iteration 17: -12815.446
Iteration 20 / LogL: -12830.007 / Time: 0h:1m:4s
Finish initializing candidate tree set (8)
Current best tree score: -12815.446 / CPU time: 28.757
Number of iterations: 20
--------------------------------------------------------------------
|               OPTIMIZING CANDIDATE TREE SET                      |
--------------------------------------------------------------------
Iteration 30 / LogL: -12819.287 / Time: 0h:1m:16s (0h:3m:50s left)
Iteration 40 / LogL: -12817.761 / Time: 0h:1m:26s (0h:2m:50s left)
Iteration 50 / LogL: -12819.286 / Time: 0h:1m:37s (0h:2m:12s left)
Log-likelihood cutoff on original alignment: -12865.084
Iteration 60 / LogL: -12815.454 / Time: 0h:1m:46s (0h:1m:42s left)
Iteration 70 / LogL: -12815.476 / Time: 0h:1m:57s (0h:1m:19s left)
Iteration 80 / LogL: -12815.510 / Time: 0h:2m:5s (0h:0m:58s left)
Iteration 90 / LogL: -12817.201 / Time: 0h:2m:14s (0h:0m:40s left)
Iteration 100 / LogL: -12816.332 / Time: 0h:2m:23s (0h:0m:24s left)
Log-likelihood cutoff on original alignment: -12865.084
NOTE: Bootstrap correlation coefficient of split occurrence frequencies: 0.997
Iteration 110 / LogL: -12817.120 / Time: 0h:2m:32s (0h:2m:5s left)
TREE SEARCH COMPLETED AFTER 118 ITERATIONS / Time: 0h:2m:39s

--------------------------------------------------------------------
|                    FINALIZING TREE SEARCH                        |
--------------------------------------------------------------------
Performs final model parameters optimization
Estimate model parameters (epsilon = 0.010)
Initial log-likelihood: -12815.446
Current log-likelihood at step 1: -12815.446
Parameters optimization took 0 rounds (0.078 sec)

BEST SCORE FOUND : -12815.446
Creating bootstrap support values...
Split supports printed to NEXUS file 2_set283.splits.nex
Total tree length: 1.595

Total number of iterations: 118
CPU time used for tree search: 63.312 sec (0h:1m:3s)
Wall-clock time used for tree search: 123.225 sec (0h:2m:3s)
Total CPU time used: 77.361 sec (0h:1m:17s)
Total wall-clock time used: 159.636 sec (0h:2m:39s)

Computing bootstrap consensus tree...
Reading input file 2_set283.splits.nex...
35 taxa and 185 splits.
Consensus tree written to 2_set283.contree
Reading input trees file 2_set283.contree
Log-likelihood of consensus tree: -12815.446

Analysis results written to: 
  IQ-TREE report:                2_set283.iqtree
  Maximum-likelihood tree:       2_set283.treefile
  Likelihood distances:          2_set283.mldist
  Best partitioning scheme:      2_set283.best_scheme.nex
           in RAxML format:      2_set283.best_scheme

Ultrafast bootstrap approximation results written to:
  Split support values:          2_set283.splits.nex
  Consensus tree:                2_set283.contree
  Screen log file:               2_set283.log

Date and Time: Sat Sep  8 06:22:26 2018
