IQ-TREE multicore version 1.6.7 for Mac OS X 64-bit built Aug 23 2018
Developed by Bui Quang Minh, Nguyen Lam Tung, Olga Chernomor,
Heiko Schmidt, Dominik Schrempf, Michael Woodhams.

Host:    meeps-mac-pro.staff.sydney.edu.au (AVX, 64 GB RAM)
Command: /Users/davidduchene/Desktop/Software/iqtree-1.6.7-MacOSX/bin/iqtree -s ../../../../marsupials/set250.fasta -m TESTMERGE -bb 1000 -sp ../../../../marsupials/set250.nex -nt AUTO -pre 6_set250
Seed:    138660 (Using SPRNG - Scalable Parallel Random Number Generator)
Time:    Sat Sep  8 10:08:41 2018
Kernel:  AVX - auto-detect threads (8 CPU cores detected)

Reading partition model file ../../../../marsupials/set250.nex ...
Reading alignment file ../../../../marsupials/set250.fasta ... Fasta format detected
Alignment most likely contains DNA/RNA sequences
Alignment has 35 sequences with 2913 columns, 1236 distinct patterns
823 parsimony-informative, 387 singleton sites, 1702 constant sites
                                              Gap/Ambiguity  Composition  p-value
   1  Burramyidae_Burramys_parvus                     0.55%    passed     26.78%
   2  Notoryctidae_Notoryctes_typhlops                1.17%    passed     34.72%
   3  Vombatidae_Lasiorhinus_latifrons                1.34%    passed     84.14%
   4  Potoroidae_Bettongia_penicillata                0.03%    passed     93.46%
   5  Potoroidae_Bettongia_lesueur                    0.07%    passed     81.66%
   6  Dasyuridae_Dasyurus_maculatus                   3.64%    passed     27.50%
   7  Phalangeridae_Trichosurus_vulpecula             0.03%    passed     73.05%
   8  Phalangeridae_Spilocuscus_maculatus            41.40%    failed      1.61%
   9  Potoroidae_Aepyprymnus_rufescens                1.61%    passed     99.87%
  10  Peramelidae_Perameles_nasuta                    7.00%    passed     47.83%
  11  Phalangeridae_Strigocuscus_pelengensis          2.20%    passed     83.13%
  12  Dasyuridae_Phascogale_tapoatafa                 3.06%    passed     37.42%
  13  Dasyuridae_Sminthopsis_macroura                 1.58%    passed     38.14%
  14  Phalangeridae_Phalanger_orientalis              0.10%    passed     75.38%
  15  Acrobatidae_Acrobates_pygmaeus                  0.76%    passed     87.63%
  16  Dasyuridae_Phascogale_calura                    1.79%    passed     34.01%
  17  Dasyuridae_Sarcophilus_harrisii                 0.55%    passed     55.89%
  18  Dasyuridae_Planigale_tenuirostris               6.14%    passed     38.07%
  19  Peramelidae_Echymipera_kalubu                   0.41%    passed     87.34%
  20  Macropodidae_Dorcopsulus_vanheurni              0.31%    passed     34.33%
  21  Pseudochiridae_Pseudochirulus_forbesi           0.03%    passed     74.25%
  22  Didelphidae_Didelphis_virginiana                7.55%    passed     77.84%
  23  Marmosidae_Monodelphis_domestica                4.57%    passed     84.96%
  24  Dasyuridae_Antechinus_stuartii                  9.85%    passed     26.26%
  25  Hypsiprymnodontidae_Hypsiprymnodon_moschatus    0.00%    passed     97.77%
  26  Microbiotheriidae_Dromiciops_gliroides          3.88%    passed     75.88%
  27  Pseudochiridae_Petauroides_volans               0.17%    failed      4.48%
  28  Macropodidae_Wallabia_bicolor                   0.58%    passed     99.26%
  29  Pseudochiridae_Pseudocheirus_occidentalis       0.65%    passed     62.98%
  30  Tarsipedidae_Tarsipes_rostratus                 4.70%    passed     77.12%
  31  Acrobatidae_Distoechurus_pennatus               0.07%    passed     98.45%
  32  Phalangeridae_Phalanger_carmelitae              0.03%    passed     84.89%
  33  Peramelidae_Peroryctes_raffrayana               2.33%    passed     86.73%
  34  Dasyuridae_Dasyurus_geffroii                    0.86%    passed     44.77%
  35  Peramelidae_Perameles_gunnii                    0.21%    passed     35.53%
****  TOTAL                                           3.12%  2 sequences failed composition chi2 test (p-value<5%; df=3)
NOTE: No CharPartition defined, use all CharSets

Loading 15 partitions...
Subset	Type	Seqs	Sites	Infor	Invar	Model	Name
1		35	138	9	128	TESTMERGE	part1.1
2		35	138	2	134	TESTMERGE	part1.2
3		35	138	56	52	TESTMERGE	part1.3
4		34	402	60	303	TESTMERGE	part2.1
5		34	402	59	315	TESTMERGE	part2.2
6		34	402	197	127	TESTMERGE	part2.3
7		35	157	22	126	TESTMERGE	part3.1
8		35	157	17	135	TESTMERGE	part3.2
9		35	157	105	34	TESTMERGE	part3.3
10		35	134	36	62	TESTMERGE	part4.1
11		35	134	28	82	TESTMERGE	part4.2
12		35	134	67	28	TESTMERGE	part4.3
13		35	140	47	66	TESTMERGE	part5.1
14		35	140	49	68	TESTMERGE	part5.2
15		35	140	69	43	TESTMERGE	part5.3
Degree of missing data: 0.012
Info: multi-threading strategy over partitions



Create initial parsimony tree by phylogenetic likelihood library (PLL)... 0.009 seconds
NOTE: ModelFinder requires 12 MB RAM!
NUMBER OF THREADS FOR PARTITION FINDING: 8
Testing GTR+F+G on supermatrix...
GTR+F+G4 / LnL: -17403.999 / df: 76 / AIC: 34959.999 / AICc: 34964.126 / BIC: 35414.246
Selecting individual models for 15 charsets using BIC...
 No. Model        Score       Charset
   1 HKY+F+G4     2585.340    part5.3
   2 K2P+G4       3028.555    part4.3
   3 TN+F+G4      1929.917    part4.1
   4 HKY+F+G4     3514.897    part2.1
   5 TPM2+F+G4    3349.211    part2.2
   6 K3P          2111.393    part1.3
   7 TVM+F+G4     3723.032    part3.3
   8 HKY+F+G4     2158.361    part5.1
   9 K2P+G4       7354.948    part2.3
  10 K3Pu+F+I     2262.533    part5.2	0h:0m:21s (0h:7m:7s left)
  11 K2P+G4       1357.397    part3.1	0h:0m:21s (0h:6m:37s left)
  12 JC           783.013     part1.2	0h:0m:23s (0h:6m:29s left)
  13 K2P+I        940.652     part1.1	0h:0m:24s (0h:6m:8s left)
  14 TPM2+F+G4    1698.469    part4.2	0h:0m:24s (0h:5m:42s left)
  15 K2P+I        1211.207    part3.2	0h:0m:24s (0h:5m:24s left)
Full partition model BIC score: 40988.825 (LnL: -16274.612  df:1058)
Merging models to increase model fit (about 211 total partition schemes)...
  16 TPM2+F+G4    40712.201   part2.2+part2.3	0h:0m:39s (0h:7m:57s left)
  17 K3P+G4       40575.094   part2.3+part5.2	0h:0m:41s (0h:7m:50s left)
  18 K2P+G4       40618.568   part2.3+part4.1	0h:0m:42s (0h:7m:35s left)
  19 K2P+G4       40566.345   part1.3+part2.3	0h:0m:42s (0h:7m:11s left)
  20 K2P+G4       40745.379   part2.1+part2.3	0h:0m:44s (0h:7m:1s left)
  21 TN+F+G4      40571.454   part2.3+part5.3	0h:0m:44s (0h:6m:39s left)
  22 K2P+G4       40585.253   part2.3+part4.3	0h:0m:44s (0h:6m:19s left)
  23 K2P+G4       40604.543   part2.3+part3.3	0h:0m:45s (0h:6m:8s left)
  24 K2P+G4       40710.329   part1.2+part2.3	0h:0m:55s (0h:7m:14s left)
  25 K2P+G4       40691.201   part1.1+part2.3	0h:0m:57s (0h:7m:6s left)
  26 K2P+G4       40534.883   part3.3+part4.3	0h:0m:57s (0h:6m:49s left)
  27 K2P+G4       40560.861   part3.3+part5.3	0h:0m:57s (0h:6m:34s left)
  28 TPM2+F+G4    40633.751   part2.3+part4.2	0h:0m:59s (0h:6m:30s left)
  29 K2P+G4       40645.806   part2.3+part3.2	0h:1m:0s (0h:6m:19s left)
  30 K2P+G4       40623.390   part2.3+part3.1	0h:1m:0s (0h:6m:5s left)
  31 K2P+G4       40559.740   part2.3+part5.1	0h:1m:0s (0h:5m:51s left)
  32 HKY+F+G4     40691.582   part2.1+part4.3	0h:1m:9s (0h:6m:27s left)
  33 TIM2+F+G4    40559.144   part1.3+part3.3	0h:1m:10s (0h:6m:19s left)
  34 HKY+F+G4     40767.710   part2.1+part3.3	0h:1m:11s (0h:6m:10s left)
  35 K2P+I+G4     40560.316   part3.3+part5.2	0h:1m:11s (0h:5m:58s left)
  36 K2P+G4       40580.166   part3.3+part5.1	0h:1m:12s (0h:5m:50s left)
  37 TIM2+F+G4    40585.159   part3.3+part4.1	0h:1m:12s (0h:5m:39s left)
  38 HKY+F+G4     40539.225   part4.3+part5.3	0h:1m:12s (0h:5m:30s left)
  39 K2P+G4       40740.939   part2.2+part3.3	0h:1m:14s (0h:5m:29s left)
  40 K2P+G4       40544.037   part1.3+part4.3	0h:1m:23s (0h:5m:55s left)
  41 HKY+F+G4     40549.128   part4.3+part5.2	0h:1m:23s (0h:5m:45s left)
  42 K2P+G4       40541.099   part4.1+part4.3	0h:1m:23s (0h:5m:36s left)
  43 HKY+F+G4     40651.408   part2.1+part5.3	0h:1m:24s (0h:5m:28s left)
  44 K2P+G4       40623.627   part3.3+part4.2	0h:1m:25s (0h:5m:22s left)
  45 HKY+F+G4     40549.075   part4.3+part5.1	0h:1m:25s (0h:5m:16s left)
  46 TPM2u+F+G4   40654.771   part2.2+part4.3	0h:1m:26s (0h:5m:10s left)
  47 TPM2u+F+G4   40607.221   part2.2+part5.3	0h:1m:27s (0h:5m:4s left)
  48 K2P+G4       40538.382   part4.1+part5.3	0h:1m:31s (0h:5m:9s left)
  49 K2P+G4       40523.385   part1.3+part5.3	0h:1m:31s (0h:5m:3s left)
  50 TIM3+F+I+G4  40512.630   part2.1+part2.2	0h:1m:33s (0h:5m:1s left)
  51 HKY+F+I      40497.115   part5.2+part5.3	0h:1m:33s (0h:4m:54s left)
  52 K2P+G4       40632.107   part1.3+part2.1	0h:1m:35s (0h:4m:52s left)
  53 TPM2u+F+G4   40538.883   part4.2+part4.3	0h:1m:37s (0h:4m:50s left)
  54 HKY+F+G4     40583.243   part2.1+part4.1	0h:1m:37s (0h:4m:44s left)
  55 TPM3u+F+I+G4 40603.639   part3.1+part3.3	0h:1m:38s (0h:4m:40s left)
  56 HKY+F+G4     40515.706   part5.1+part5.3	0h:1m:42s (0h:4m:42s left)
  57 HKY+F+G4     40581.959   part2.1+part5.2	0h:1m:46s (0h:4m:46s left)
  58 HKY+F+G4     40571.186   part2.1+part5.1	0h:1m:48s (0h:4m:45s left)
  59 K2P+G4       40600.516   part1.3+part2.2	0h:1m:48s (0h:4m:39s left)
  60 TPM3+F+G4    40549.219   part2.2+part5.2	0h:1m:52s (0h:4m:44s left)
  61 TVM+F+G4     40606.667   part2.2+part4.1	0h:1m:52s (0h:4m:37s left)
  62 HKY+F+I+G4   40667.624   part3.2+part3.3	0h:1m:54s (0h:4m:35s left)
  63 TPM2+F+G4    40554.002   part2.2+part5.1	0h:1m:55s (0h:4m:32s left)
  64 K2P+G4       40533.596   part1.3+part4.1	0h:2m:1s (0h:4m:38s left)
  65 K2P+G4       40604.226   part3.1+part4.3	0h:2m:3s (0h:4m:37s left)
  66 TIM+F+I      40531.835   part4.1+part5.2	0h:2m:5s (0h:4m:35s left)
  67 TPM2+F+G4    40551.056   part4.2+part5.3	0h:2m:5s (0h:4m:29s left)
  68 K2P+G4       40535.286   part1.3+part5.1	0h:2m:7s (0h:4m:28s left)
  69 K3P+G4       40531.749   part1.3+part5.2	0h:2m:9s (0h:4m:25s left)
  70 TN+F+G4      40548.010   part4.1+part5.1	0h:2m:9s (0h:4m:21s left)
  71 HKY+F+G4     40553.495   part2.1+part4.2	0h:2m:11s (0h:4m:19s left)
  72 HKY+F+I      40482.860   part5.1+part5.2	0h:2m:18s (0h:4m:27s left)
  73 HKY+F+G4     40521.070   part4.1+part4.2	0h:2m:20s (0h:4m:25s left)
  74 K2P+G4       40639.860   part3.2+part4.3	0h:2m:20s (0h:4m:20s left)
  75 K2P+G4       40575.007   part1.3+part4.2	0h:2m:22s (0h:4m:18s left)
  76 K2P+G4       40566.710   part3.1+part5.3	0h:2m:22s (0h:4m:13s left)
  77 TIM2+F+G4    40530.679   part2.2+part4.2	0h:2m:26s (0h:4m:14s left)
  78 TPM2u+F+G4   40521.870   part4.2+part5.2	0h:2m:27s (0h:4m:11s left)
  79 TPM2+F+G4    40526.704   part4.2+part5.1	0h:2m:28s (0h:4m:8s left)
  80 K2P+G4       40602.721   part3.2+part5.3	0h:2m:31s (0h:4m:7s left)
  81 HKY+F+G4     40510.641   part2.1+part3.1	0h:2m:35s (0h:4m:9s left)
  82 TPM2u+F+G4   40502.671   part2.2+part3.1	0h:2m:35s (0h:4m:4s left)
  83 HKY+F+G4     40540.759   part3.1+part4.1	0h:2m:35s (0h:4m:0s left)
  84 TIM3e+I+G4   40546.006   part2.1+part3.2	0h:2m:37s (0h:3m:58s left)
  85 HKY+F+I      40523.126   part3.1+part5.2	0h:2m:39s (0h:3m:57s left)
  86 K2P+G4       40535.583   part1.3+part3.1	0h:2m:42s (0h:3m:56s left)
  87 HKY+F+G4     40540.313   part3.1+part5.1	0h:2m:44s (0h:3m:53s left)
  88 TVM+F+G4     40515.619   part2.2+part3.2	0h:2m:45s (0h:3m:50s left)
  89 TIM3e+G4     40546.559   part3.2+part4.1	0h:2m:46s (0h:3m:48s left)
  90 K2P+I        40538.794   part3.2+part5.2	0h:2m:47s (0h:3m:45s left)
  91 TPM3u+F+I    40676.722   part1.1+part3.3	0h:2m:47s (0h:3m:41s left)
  92 K2P+G4       40560.371   part1.3+part3.2	0h:2m:51s (0h:3m:42s left)
  93 K2P+I+G4     40698.624   part1.2+part3.3	0h:2m:53s (0h:3m:39s left)
  94 K2P+G4       40545.548   part3.2+part5.1	0h:2m:53s (0h:3m:35s left)
  95 K3Pu+F+G4    40540.955   part3.1+part4.2	0h:2m:54s (0h:3m:33s left)
  96 K2P+I        40660.023   part1.1+part4.3	0h:2m:55s (0h:3m:30s left)
  97 K2P+I        40621.567   part1.1+part5.3	0h:2m:56s (0h:3m:27s left)
  98 K2P+G4       40679.448   part1.2+part4.3	0h:2m:59s (0h:3m:26s left)
  99 TPM2+F+G4    40573.746   part3.2+part4.2	0h:3m:0s (0h:3m:24s left)
 100 HKY+F+G4     40639.661   part1.2+part5.3	0h:3m:4s (0h:3m:24s left)
 101 K2P+I        40482.231   part3.1+part3.2	0h:3m:4s (0h:3m:21s left)
 102 HKY+F+I+G4   40545.301   part1.1+part2.1	0h:3m:6s (0h:3m:19s left)
 103 K2P+I        40523.851   part1.1+part2.2	0h:3m:11s (0h:3m:20s left)
 104 TIM3e+I+G4   40548.256   part1.2+part2.1	0h:3m:11s (0h:3m:16s left)
 105 K3P+G4       40592.736   part1.1+part1.3	0h:3m:11s (0h:3m:13s left)
 106 K2P+I        40579.682   part1.1+part4.1	0h:3m:12s (0h:3m:10s left)
 107 TVM+F+G4     40536.732   part1.2+part2.2	0h:3m:12s (0h:3m:7s left)
 108 TIM3e+G4     40569.799   part1.2+part4.1	0h:3m:13s (0h:3m:4s left)
 109 K2P+G4       40567.679   part1.1+part5.1	0h:3m:13s (0h:3m:0s left)
 110 K3P+I        40547.627   part1.1+part5.2	0h:3m:13s (0h:2m:57s left)
 111 K2P+I        40571.404   part1.2+part5.2	0h:3m:15s (0h:2m:56s left)
 112 HKY+F+G4     40589.214   part1.2+part5.1	0h:3m:17s (0h:2m:54s left)
 113 HKY+F+G4     40571.212   part1.1+part4.2	0h:3m:18s (0h:2m:52s left)
 114 K2P+I        40504.230   part1.2+part3.1	0h:3m:20s (0h:2m:50s left)
 115 TIM2+F+G4    40568.021   part1.2+part4.2	0h:3m:21s (0h:2m:48s left)
 116 K3P+G4       40613.972   part1.2+part1.3	0h:3m:22s (0h:2m:45s left)
 117 K2P+I        40490.387   part1.1+part3.1	0h:3m:23s (0h:2m:43s left)
 118 K2P+I        40488.663   part1.1+part3.2	0h:3m:24s (0h:2m:41s left)
 119 K2P+I        40481.850   part1.1+part1.2	0h:3m:24s (0h:2m:38s left)
 120 TIM3e+I      40484.982   part1.2+part3.2	0h:3m:26s (0h:2m:36s left)
Merging part1.1+part1.2 with BIC score: 40481.850 (LnL: -16288.352  df: 991)
 121 K2P+G4       40112.793   part1.1+part1.2+part5.1	0h:3m:35s (0h:2m:40s left)
 122 K2P+G4       40196.425   part1.1+part1.2+part5.3	0h:3m:36s (0h:2m:38s left)
 123 K2P+G4       40120.846   part1.1+part1.2+part4.1	0h:3m:37s (0h:2m:35s left)
 124 HKY+F+I      40104.210   part1.1+part1.2+part4.2	0h:3m:40s (0h:2m:34s left)
 125 K2P+I        39999.018   part1.1+part1.2+part3.1	0h:3m:43s (0h:2m:33s left)
 126 TNe+I+G4     40079.386   part1.1+part1.2+part2.1	0h:3m:43s (0h:2m:30s left)
 127 K2P+I        40041.950   part1.1+part1.2+part2.2	0h:3m:46s (0h:2m:29s left)
 128 K2P+I+G4     40332.863   part1.1+part1.2+part2.3	0h:3m:47s (0h:2m:27s left)
 129 K3P+I        40095.078   part1.1+part1.2+part5.2	0h:3m:48s (0h:2m:24s left)
 130 K2P+G4       40240.592   part1.1+part1.2+part4.3	0h:3m:49s (0h:2m:22s left)
 131 K3P+G4       40151.226   part1.1+part1.2+part1.3	0h:3m:50s (0h:2m:21s left)
 132 K2P+I        39981.714   part1.1+part1.2+part3.2	0h:3m:51s (0h:2m:18s left)
 133 K2P+I+G4     40273.848   part1.1+part1.2+part3.3	0h:3m:55s (0h:2m:18s left)
Merging part3.1+part3.2 with BIC score: 39975.256 (LnL: -16310.259  df: 922)
 134 K2P+G4       39617.317   part3.1+part3.2+part5.3	0h:4m:1s (0h:2m:18s left)
 135 TIMe+G4      39565.076   part3.1+part3.2+part4.2	0h:4m:2s (0h:2m:16s left)
 136 K2P+G4       39543.570   part3.1+part3.2+part5.2	0h:4m:2s (0h:2m:13s left)
 137 TNe+G4       39555.331   part3.1+part3.2+part5.1	0h:4m:2s (0h:2m:10s left)
 138 K2P+G4       39662.424   part3.1+part3.2+part4.3	0h:4m:4s (0h:2m:9s left)
 139 TPM2u+F+G4   39503.484   part2.2+part3.1+part3.2	0h:4m:6s (0h:2m:7s left)
 140 TN+F+I+G4    39539.017   part2.1+part3.1+part3.2	0h:4m:8s (0h:2m:6s left)
 141 K2P+G4       39710.066   part2.3+part3.1+part3.2	0h:4m:11s (0h:2m:5s left)
 142 TIM3e+G4     39565.094   part3.1+part3.2+part4.1	0h:4m:15s (0h:2m:3s left)
 143 K2P+I        39496.304   part1.1+part1.2+part3.1+part3.2	0h:4m:15s (0h:2m:1s left)
 144 K2P+G4       39564.402   part1.3+part3.1+part3.2	0h:4m:15s (0h:1m:58s left)
 145 HKY+F+I+G4   39689.325   part3.1+part3.2+part3.3	0h:4m:18s (0h:1m:57s left)
Merging part5.1+part5.2 with BIC score: 39469.291 (LnL: -16348.435  df: 849)
 146 HKY+F+G4     39089.019   part3.1+part3.2+part5.1+part5.2	0h:4m:28s (0h:1m:59s left)
 147 HKY+F+G4     38997.187   part5.1+part5.2+part5.3	0h:4m:30s (0h:1m:57s left)
 148 HKY+F+G4     39104.585   part2.1+part5.1+part5.2	0h:4m:30s (0h:1m:55s left)
 149 TPM2+F+G4    39018.775   part4.2+part5.1+part5.2	0h:4m:32s (0h:1m:53s left)
 150 TPM3u+F+G4   39062.166   part2.2+part5.1+part5.2	0h:4m:33s (0h:1m:51s left)
 151 K2P+G4       39098.408   part3.3+part5.1+part5.2	0h:4m:33s (0h:1m:48s left)
 152 HKY+F+G4     39050.181   part4.3+part5.1+part5.2	0h:4m:34s (0h:1m:46s left)
 153 K3Pu+F+G4    39098.228   part2.3+part5.1+part5.2	0h:4m:37s (0h:1m:45s left)
 154 HKY+F+I      39157.751   part1.1+part1.2+part5.1+part5.2	0h:4m:39s (0h:1m:43s left)
 155 TIM3+F+G4    39043.445   part4.1+part5.1+part5.2	0h:4m:39s (0h:1m:40s left)
 156 K3P+G4       39044.562   part1.3+part5.1+part5.2	0h:4m:40s (0h:1m:38s left)
Merging part1.1+part1.2+part3.1+part3.2 with BIC score: 38990.339 (LnL: -16384.164  df: 780)
 157 K2P+G4       38714.076   part1.1+part1.2+part3.1+part3.2+part5.3	0h:4m:49s (0h:1m:39s left)
 158 TIM3e+G4     38641.555   part1.1+part1.2+part3.1+part3.2+part4.1	0h:4m:51s (0h:1m:37s left)
 159 K2P+G4       38768.194   part1.1+part1.2+part3.1+part3.2+part4.3	0h:4m:53s (0h:1m:35s left)
 160 K2P+G4       38695.417   part1.1+part1.2+part3.1+part3.2+part5.1+part5.2	0h:4m:53s (0h:1m:33s left)
 161 TIM3e+I      38534.588   part1.1+part1.2+part2.2+part3.1+part3.2	0h:4m:56s (0h:1m:32s left)
 162 TIM3e+I+G4   38592.561   part1.1+part1.2+part2.1+part3.1+part3.2	0h:4m:57s (0h:1m:29s left)
 163 HKY+F+G4     38830.038   part1.1+part1.2+part3.1+part3.2+part3.3	0h:4m:57s (0h:1m:27s left)
 164 K2P+I+G4     38905.661   part1.1+part1.2+part2.3+part3.1+part3.2	0h:4m:58s (0h:1m:25s left)
 165 K2P+G4       38645.483   part1.1+part1.2+part1.3+part3.1+part3.2	0h:5m:0s (0h:1m:23s left)
 166 K3P+I+G4     38619.568   part1.1+part1.2+part3.1+part3.2+part4.2	0h:5m:0s (0h:1m:21s left)
Merging part2.1+part2.2 with BIC score: 38514.144 (LnL: -16417.282  df: 712)
 167 TIM2+F+I+G4  38079.112   part2.1+part2.2+part4.2	0h:5m:13s (0h:1m:22s left)
 168 HKY+F+G4     38178.923   part2.1+part2.2+part5.3	0h:5m:14s (0h:1m:20s left)
 169 TPM3+F+G4    38141.673   part2.1+part2.2+part4.1	0h:5m:14s (0h:1m:18s left)
 170 TPM3u+F+G4   38156.175   part2.1+part2.2+part5.1+part5.2	0h:5m:16s (0h:1m:16s left)
 171 TPM2u+F+G4   38233.341   part2.1+part2.2+part4.3	0h:5m:16s (0h:1m:14s left)
 172 HKY+F+I+G4   38339.938   part2.1+part2.2+part3.3	0h:5m:17s (0h:1m:12s left)
 173 TIM3e+I+G4   38094.560   part1.1+part1.2+part2.1+part2.2+part3.1+part3.2	0h:5m:19s (0h:1m:10s left)
 174 TPM2u+F+I+G4 38348.707   part2.1+part2.2+part2.3	0h:5m:19s (0h:1m:7s left)
 175 HKY+F+G4     38164.735   part1.3+part2.1+part2.2	0h:5m:24s (0h:1m:6s left)
Merging part5.1+part5.2+part5.3 with BIC score: 38042.040 (LnL: -16468.400  df: 640)
 176 HKY+F+G4     37857.601   part1.1+part1.2+part3.1+part3.2+part5.1+part5.2+part5.3	0h:5m:35s (0h:1m:6s left)
 177 TN+F+G4      37630.450   part4.1+part5.1+part5.2+part5.3	0h:5m:37s (0h:1m:4s left)
 178 HKY+F+G4     37615.856   part1.3+part5.1+part5.2+part5.3	0h:5m:38s (0h:1m:2s left)
 179 HKY+F+G4     37690.316   part3.3+part5.1+part5.2+part5.3	0h:5m:40s (0h:1m:0s left)
 180 HKY+F+G4     37766.172   part2.1+part2.2+part5.1+part5.2+part5.3	0h:5m:41s (0h:0m:58s left)
 181 TPM2+F+G4    37601.716   part4.2+part5.1+part5.2+part5.3	0h:5m:41s (0h:0m:56s left)
 182 HKY+F+G4     37618.922   part4.3+part5.1+part5.2+part5.3	0h:5m:42s (0h:0m:54s left)
 183 K3Pu+F+G4    37669.315   part2.3+part5.1+part5.2+part5.3	0h:5m:44s (0h:0m:52s left)
Merging part4.1+part4.2 with BIC score: 37574.286 (LnL: -16529.669  df: 566)
 184 TIM3e+G4     37269.328   part1.1+part1.2+part3.1+part3.2+part4.1+part4.2	0h:5m:51s (0h:0m:51s left)
 185 K2P+G4       37151.967   part1.3+part4.1+part4.2	0h:5m:51s (0h:0m:49s left)
 186 TIM2+F+G4    37149.698   part4.1+part4.2+part4.3	0h:5m:54s (0h:0m:47s left)
 187 TN+F+G4      37236.968   part3.3+part4.1+part4.2	0h:5m:55s (0h:0m:45s left)
 188 TPM3u+F+G4   37205.448   part2.1+part2.2+part4.1+part4.2	0h:5m:56s (0h:0m:43s left)
 189 K2P+G4       37275.074   part2.3+part4.1+part4.2	0h:5m:58s (0h:0m:41s left)
 190 HKY+F+G4     37170.945   part4.1+part4.2+part5.1+part5.2+part5.3	0h:5m:58s (0h:0m:39s left)
Merging part3.3+part4.3 with BIC score: 37120.344 (LnL: -16601.834  df: 491)
WARNING: ABNORMAL_TERMINATION_IN_LNSRCH
 191 K2P+G4       36768.270   part3.3+part4.1+part4.2+part4.3	0h:6m:14s (0h:0m:39s left)
 192 K2P+G4       36694.265   part1.3+part3.3+part4.3	0h:6m:15s (0h:0m:37s left)
 193 TPM2u+F+I+G4 37051.064   part2.1+part2.2+part3.3+part4.3	0h:6m:18s (0h:0m:35s left)
 194 K2P+G4       36747.699   part2.3+part3.3+part4.3	0h:6m:19s (0h:0m:33s left)
 195 HKY+F+G4     36782.684   part3.3+part4.3+part5.1+part5.2+part5.3	0h:6m:19s (0h:0m:31s left)
 196 K2P+I+G4     37082.663   part1.1+part1.2+part3.1+part3.2+part3.3+part4.3	0h:6m:19s (0h:0m:29s left)
Merging part1.3+part5.1+part5.2+part5.3 with BIC score: 36694.160 (LnL: -16663.946  df: 422)
 197 K2P+G4       36526.400   part1.1+part1.2+part1.3+part3.1+part3.2+part5.1+part5.2+part5.3	0h:6m:32s (0h:0m:27s left)
 198 HKY+F+G4     36451.485   part1.3+part2.1+part2.2+part5.1+part5.2+part5.3	0h:6m:35s (0h:0m:25s left)
 199 HKY+F+G4     36289.802   part1.3+part4.1+part4.2+part5.1+part5.2+part5.3	0h:6m:36s (0h:0m:23s left)
 200 K2P+G4       36337.220   part1.3+part3.3+part4.3+part5.1+part5.2+part5.3	0h:6m:37s (0h:0m:21s left)
 201 K3Pu+F+G4    36310.603   part1.3+part2.3+part5.1+part5.2+part5.3	0h:6m:37s (0h:0m:19s left)
Merging part1.1+part1.2+part2.1+part2.2+part3.1+part3.2 with BIC score: 36274.576 (LnL: -16733.347  df: 352)
 202 TPM3u+F+I+G4 35960.332   part1.1+part1.2+part2.1+part2.2+part3.1+part3.2+part4.1+part4.2	0h:6m:52s (0h:0m:18s left)
 203 HKY+F+G4     36149.182   part1.1+part1.2+part1.3+part2.1+part2.2+part3.1+part3.2+part5.1+part5.2+part5.3	0h:6m:55s (0h:0m:16s left)
 204 TIM3e+I+G4   36225.020   part1.1+part1.2+part2.1+part2.2+part2.3+part3.1+part3.2	0h:6m:55s (0h:0m:14s left)
 205 HKY+F+I+G4   36312.759   part1.1+part1.2+part2.1+part2.2+part3.1+part3.2+part3.3+part4.3	0h:6m:56s (0h:0m:12s left)
Merging part1.3+part4.1+part4.2+part5.1+part5.2+part5.3 with BIC score: 35870.217 (LnL: -16818.337  df: 280)
 206 HKY+F+G4     35775.375   part1.1+part1.2+part1.3+part2.1+part2.2+part3.1+part3.2+part4.1+part4.2+part5.1+part5.2+part5.3	0h:7m:14s (0h:0m:10s left)
 207 TN+F+G4      35538.079   part1.3+part3.3+part4.1+part4.2+part4.3+part5.1+part5.2+part5.3	0h:7m:14s (0h:0m:8s left)
 208 HKY+F+G4     35547.013   part1.3+part2.3+part4.1+part4.2+part5.1+part5.2+part5.3	0h:7m:16s (0h:0m:6s left)
Merging part2.3+part3.3+part4.3 with BIC score: 35497.572 (LnL: -16899.242  df: 213)
 209 K2P+I+G4     35702.466   part1.1+part1.2+part2.1+part2.2+part2.3+part3.1+part3.2+part3.3+part4.3	0h:7m:35s (0h:0m:4s left)
 210 HKY+F+G4     35179.708   part1.3+part2.3+part3.3+part4.1+part4.2+part4.3+part5.1+part5.2+part5.3	0h:7m:40s (0h:0m:2s left)
Merging part1.3+part2.3+part3.3+part4.1+part4.2+part4.3+part5.1+part5.2+part5.3 with BIC score: 35179.708 (LnL: -17015.514  df: 144)
 211 HKY+F+I+G4   35387.003   part1.1+part1.2+part1.3+part2.1+part2.2+part2.3+part3.1+part3.2+part3.3+part4.1+part4.2+part4.3+part5.1+part5.2+part5.3	0h:8m:7s (0h:0m:0s left)
BEST-FIT PARTITION MODEL: 
  charpartition BIC = TIM3e+I+G4: part1.1 part1.2 part2.1 part2.2 part3.1 part3.2, HKY+F+G4: part1.3 part2.3 part3.3 part4.1 part4.2 part4.3 part5.1 part5.2 part5.3;
Agglomerative model selection: ((((part1.1,part1.2)1:40481.8,(part3.1,part3.2)2:39975.3)4:38990.3,(part2.1,part2.2)5:38514.1)10:36274.6,(((part1.3,((part5.1,part5.2)3:39469.3,part5.3)6:38042)9:36694.2,(part4.1,part4.2)7:37574.3)11:35870.2,(part2.3,(part3.3,part4.3)8:37120.3)12:35497.6)13:35179.7)
Merging into 2 partitions...
Partition information was printed to 6_set250.best_scheme.nex
Partition information in Raxml format was printed to 6_set250.best_scheme

All model information printed to 6_set250.model.gz
CPU time for ModelFinder: 468.962 seconds (0h:7m:48s)
Wall-clock time for ModelFinder: 488.806 seconds (0h:8m:8s)
Generating 1000 samples for ultrafast bootstrap (seed: 138660)...

NOTE: 10 MB RAM (0 GB) is required!
Measuring multi-threading efficiency up to 8 CPU cores
Increase to 10 rounds for branch lengths
22 trees examined
Threads: 1 / Time: 8.115 sec / Speedup: 1.000 / Efficiency: 100% / LogL: -25141
Threads: 2 / Time: 5.684 sec / Speedup: 1.428 / Efficiency: 71% / LogL: -25141
Threads: 3 / Time: 18.756 sec / Speedup: 0.433 / Efficiency: 14% / LogL: -25141
BEST NUMBER OF THREADS: 2

Estimate model parameters (epsilon = 0.100)
Optimizing HKY+F+G4 parameters for partition part1.3+part2.3+part3.3+part4.1+part4.2+part4.3+part5.1+part5.2+part5.3 (72 free parameters)
Optimizing TIM3e+I+G4 parameters for partition part1.1+part1.2+part2.1+part2.2+part3.1+part3.2 (72 free parameters)
Optimal log-likelihood: -17014.544
Computing ML distances based on estimated model parameters... 0.048 sec
Computing BIONJ tree...
0.004 seconds
Log-likelihood of BIONJ tree: -17038.127
--------------------------------------------------------------------
|             INITIALIZING CANDIDATE TREE SET                      |
--------------------------------------------------------------------
Generating 98 parsimony trees... 3.665 second
Computing log-likelihood of 98 initial trees ... 8.398 seconds
Current best score: -17009.217

Do NNI search on 20 best initial trees
Estimate model parameters (epsilon = 0.100)
BETTER TREE FOUND at iteration 1: -17004.206
Estimate model parameters (epsilon = 0.100)
UPDATE BEST LOG-LIKELIHOOD: -17004.118
Iteration 10 / LogL: -17006.820 / Time: 0h:1m:6s
Iteration 20 / LogL: -17004.181 / Time: 0h:1m:28s
Finish initializing candidate tree set (3)
Current best tree score: -17004.118 / CPU time: 50.361
Number of iterations: 20
--------------------------------------------------------------------
|               OPTIMIZING CANDIDATE TREE SET                      |
--------------------------------------------------------------------
Iteration 30 / LogL: -17004.151 / Time: 0h:1m:37s (0h:3m:58s left)
Iteration 40 / LogL: -17006.052 / Time: 0h:1m:49s (0h:2m:51s left)
UPDATE BEST LOG-LIKELIHOOD: -17004.118
Iteration 50 / LogL: -17006.977 / Time: 0h:2m:0s (0h:2m:5s left)
Log-likelihood cutoff on original alignment: -17039.481
UPDATE BEST LOG-LIKELIHOOD: -17004.118
Iteration 60 / LogL: -17004.118 / Time: 0h:2m:14s (0h:1m:33s left)
Iteration 70 / LogL: -17038.018 / Time: 0h:2m:25s (0h:1m:5s left)
UPDATE BEST LOG-LIKELIHOOD: -17004.117
Iteration 80 / LogL: -17006.008 / Time: 0h:2m:36s (0h:0m:41s left)
Iteration 90 / LogL: -17006.760 / Time: 0h:2m:47s (0h:0m:20s left)
Iteration 100 / LogL: -17006.950 / Time: 0h:2m:55s (0h:0m:1s left)
Log-likelihood cutoff on original alignment: -17040.887
NOTE: Bootstrap correlation coefficient of split occurrence frequencies: 1.000
TREE SEARCH COMPLETED AFTER 102 ITERATIONS / Time: 0h:2m:57s

--------------------------------------------------------------------
|                    FINALIZING TREE SEARCH                        |
--------------------------------------------------------------------
Performs final model parameters optimization
Estimate model parameters (epsilon = 0.010)
Optimizing HKY+F+G4 parameters for partition part1.3+part2.3+part3.3+part4.1+part4.2+part4.3+part5.1+part5.2+part5.3 (72 free parameters)
Optimizing TIM3e+I+G4 parameters for partition part1.1+part1.2+part2.1+part2.2+part3.1+part3.2 (72 free parameters)
Optimal log-likelihood: -17004.114
BEST SCORE FOUND : -17004.114
Creating bootstrap support values...
Split supports printed to NEXUS file 6_set250.splits.nex
Total tree length: 0.962

Total number of iterations: 102
CPU time used for tree search: 56.765 sec (0h:0m:56s)
Wall-clock time used for tree search: 139.269 sec (0h:2m:19s)
Total CPU time used: 70.762 sec (0h:1m:10s)
Total wall-clock time used: 178.367 sec (0h:2m:58s)

Computing bootstrap consensus tree...
Reading input file 6_set250.splits.nex...
35 taxa and 118 splits.
Consensus tree written to 6_set250.contree
Reading input trees file 6_set250.contree
Log-likelihood of consensus tree: -17004.115

Analysis results written to: 
  IQ-TREE report:                6_set250.iqtree
  Maximum-likelihood tree:       6_set250.treefile
  Likelihood distances:          6_set250.mldist
  Best partitioning scheme:      6_set250.best_scheme.nex
           in RAxML format:      6_set250.best_scheme

Ultrafast bootstrap approximation results written to:
  Split support values:          6_set250.splits.nex
  Consensus tree:                6_set250.contree
  Screen log file:               6_set250.log

Date and Time: Sat Sep  8 10:19:48 2018
