IQ-TREE multicore version 1.6.7 for Mac OS X 64-bit built Aug 23 2018
Developed by Bui Quang Minh, Nguyen Lam Tung, Olga Chernomor,
Heiko Schmidt, Dominik Schrempf, Michael Woodhams.

Host:    meeps-mac-pro.staff.sydney.edu.au (AVX, 64 GB RAM)
Command: /Users/davidduchene/Desktop/Software/iqtree-1.6.7-MacOSX/bin/iqtree -s ../../../../marsupials/set69.fasta -m TESTMERGE -bb 1000 -spp ../../../../marsupials/set69.nex -nt AUTO -pre 4_set69
Seed:    145455 (Using SPRNG - Scalable Parallel Random Number Generator)
Time:    Fri Sep  7 01:07:12 2018
Kernel:  AVX - auto-detect threads (8 CPU cores detected)

Reading partition model file ../../../../marsupials/set69.nex ...
Reading alignment file ../../../../marsupials/set69.fasta ... Fasta format detected
Alignment most likely contains DNA/RNA sequences
Alignment has 35 sequences with 2814 columns, 976 distinct patterns
653 parsimony-informative, 258 singleton sites, 1903 constant sites
                                              Gap/Ambiguity  Composition  p-value
   1  Burramyidae_Burramys_parvus                     1.35%    failed      0.62%
   2  Notoryctidae_Notoryctes_typhlops                0.68%    passed      5.03%
   3  Vombatidae_Lasiorhinus_latifrons                1.17%    passed     81.36%
   4  Potoroidae_Bettongia_penicillata                0.18%    passed     87.05%
   5  Potoroidae_Bettongia_lesueur                    0.11%    passed     85.32%
   6  Dasyuridae_Dasyurus_maculatus                   0.89%    passed     77.32%
   7  Phalangeridae_Trichosurus_vulpecula             1.07%    passed     58.05%
   8  Phalangeridae_Spilocuscus_maculatus             1.56%    passed     96.16%
   9  Potoroidae_Aepyprymnus_rufescens                0.28%    passed     77.80%
  10  Peramelidae_Perameles_nasuta                    1.46%    failed      0.00%
  11  Phalangeridae_Strigocuscus_pelengensis          4.62%    passed     64.19%
  12  Dasyuridae_Phascogale_tapoatafa                 0.25%    failed      3.00%
  13  Dasyuridae_Sminthopsis_macroura                 0.11%    passed     99.77%
  14  Phalangeridae_Phalanger_orientalis              0.43%    passed     90.93%
  15  Acrobatidae_Acrobates_pygmaeus                  0.39%    passed     15.79%
  16  Dasyuridae_Phascogale_calura                    0.21%    failed      2.19%
  17  Dasyuridae_Sarcophilus_harrisii                 0.18%    passed     50.09%
  18  Dasyuridae_Planigale_tenuirostris              10.13%    passed     82.04%
  19  Peramelidae_Echymipera_kalubu                   0.57%    passed     39.04%
  20  Macropodidae_Dorcopsulus_vanheurni              0.57%    passed     98.42%
  21  Pseudochiridae_Pseudochirulus_forbesi           0.14%    passed     76.35%
  22  Didelphidae_Didelphis_virginiana               29.32%    passed     49.02%
  23  Marmosidae_Monodelphis_domestica                0.89%    passed     26.99%
  24  Dasyuridae_Antechinus_stuartii                  2.20%    failed      0.99%
  25  Hypsiprymnodontidae_Hypsiprymnodon_moschatus    0.18%    passed     77.80%
  26  Microbiotheriidae_Dromiciops_gliroides          2.17%    passed     35.28%
  27  Pseudochiridae_Petauroides_volans               0.78%    passed     89.24%
  28  Macropodidae_Wallabia_bicolor                   0.46%    passed     89.93%
  29  Pseudochiridae_Pseudocheirus_occidentalis       9.77%    passed     66.59%
  30  Tarsipedidae_Tarsipes_rostratus                 2.99%    failed      0.00%
  31  Acrobatidae_Distoechurus_pennatus              28.46%    failed      3.43%
  32  Phalangeridae_Phalanger_carmelitae              0.11%    passed     93.54%
  33  Peramelidae_Peroryctes_raffrayana               1.56%    failed      0.00%
  34  Dasyuridae_Dasyurus_geffroii                    0.25%    passed     98.69%
  35  Peramelidae_Perameles_gunnii                    1.99%    failed      0.00%
****  TOTAL                                           3.07%  9 sequences failed composition chi2 test (p-value<5%; df=3)
NOTE: No CharPartition defined, use all CharSets

Loading 15 partitions...
Subset	Type	Seqs	Sites	Infor	Invar	Model	Name
1		35	385	27	349	TESTMERGE	part1.1
2		35	385	0	382	TESTMERGE	part1.2
WARNING: No parsimony-informative sites in partition part1.2
3		35	385	277	77	TESTMERGE	part1.3
4		35	81	8	63	TESTMERGE	part2.1
5		35	81	4	76	TESTMERGE	part2.2
6		35	81	23	34	TESTMERGE	part2.3
7		33	254	39	177	TESTMERGE	part3.1
8		33	254	38	188	TESTMERGE	part3.2
9		33	254	135	74	TESTMERGE	part3.3
10		35	138	12	117	TESTMERGE	part4.1
11		35	138	6	123	TESTMERGE	part4.2
12		35	138	44	64	TESTMERGE	part4.3
13		35	80	5	73	TESTMERGE	part5.1
14		35	80	0	80	TESTMERGE	part5.2
WARNING: No parsimony-informative sites in partition part5.2
15		35	80	35	26	TESTMERGE	part5.3
Degree of missing data: 0.015
Info: multi-threading strategy over partitions



Create initial parsimony tree by phylogenetic likelihood library (PLL)... 0.009 seconds
NOTE: ModelFinder requires 9 MB RAM!
NUMBER OF THREADS FOR PARTITION FINDING: 8
Testing GTR+F+G on supermatrix...
GTR+F+G4 / LnL: -15857.056 / df: 76 / AIC: 31866.111 / AICc: 31870.387 / BIC: 32317.731
Selecting individual models for 15 charsets using BIC...
 No. Model        Score       Charset
   1 K2P+I        2190.583    part3.1
   2 TNe+G4       1991.389    part3.2
   3 K2P+G4       1094.922    part2.3
   4 K3P+G4       1514.860    part5.3
   5 TIM3e+G4     2104.428    part4.3
   6 TNe+I        762.889     part4.2
   7 K2P+G4       4883.036    part3.3
   8 K2P+I        934.103     part4.1
   9 K2P+G4       574.758     part2.1
  10 JC           296.057     part5.2	0h:0m:15s (0h:5m:12s left)
  11 HKY+F        1063.747    part1.2	0h:0m:15s (0h:4m:42s left)
  12 K2P          325.988     part2.2	0h:0m:17s (0h:4m:42s left)
  13 TIM2+F+G4    1995.916    part1.1	0h:0m:17s (0h:4m:32s left)
  14 TNe          361.022     part5.1	0h:0m:20s (0h:4m:50s left)
  15 TIM3+F+I+G4  10137.918   part1.3	0h:0m:25s (0h:5m:28s left)
Full partition model BIC score: 30916.669 (LnL: -14957.966  df:126)
Merging models to increase model fit (about 211 total partition schemes)...
  16 TPM3u+F+I+G4 31026.466   part1.3+part4.3	0h:0m:45s (0h:9m:10s left)
  17 TPM3u+F+G4   30943.698   part1.3+part2.3	0h:0m:46s (0h:8m:50s left)
  18 TPM3+F+G4    30924.811   part1.3+part5.3	0h:0m:47s (0h:8m:34s left)
  19 TIM3+F+I+G4  31176.275   part1.3+part3.1	0h:0m:48s (0h:8m:11s left)
  20 GTR+F+I+G4   31142.733   part1.3+part4.1	0h:0m:48s (0h:7m:45s left)
  21 GTR+F+I+G4   31203.304   part1.3+part3.2	0h:0m:49s (0h:7m:24s left)
  22 TPM3u+F+G4   30986.477   part1.3+part3.3	0h:0m:53s (0h:7m:36s left)
  23 GTR+F+I+G4   31422.943   part1.1+part1.3	0h:0m:53s (0h:7m:16s left)
  24 K2P+G4       31035.712   part3.1+part3.3	0h:1m:2s (0h:8m:8s left)
  25 K2P+G4       30915.850   part3.3+part4.3	0h:1m:4s (0h:8m:0s left)
  26 TVM+F+I+G4   31202.515   part1.3+part4.2	0h:1m:8s (0h:8m:9s left)
  27 TIM3+F+I+G4  31017.337   part1.3+part2.1	0h:1m:9s (0h:7m:51s left)
  28 TVM+F+I+G4   31083.234   part1.3+part2.2	0h:1m:9s (0h:7m:32s left)
  29 TVM+F+I+G4   31089.346   part1.3+part5.2	0h:1m:10s (0h:7m:21s left)
  30 TIM3+F+I+G4  31074.427   part1.3+part5.1	0h:1m:10s (0h:7m:5s left)
  31 SYM+I+G4     31687.828   part1.2+part1.3	0h:1m:12s (0h:7m:2s left)
  32 K3P+G4       31024.789   part3.2+part3.3	0h:1m:14s (0h:6m:55s left)
  33 K2P+G4       30891.624   part3.3+part5.3	0h:1m:16s (0h:6m:53s left)
  34 K2P+G4       31073.629   part3.3+part4.2	0h:1m:19s (0h:6m:55s left)
  35 K2P+G4       30979.400   part2.1+part3.3	0h:1m:20s (0h:6m:43s left)
  36 K2P+G4       31038.803   part3.3+part4.1	0h:1m:20s (0h:6m:30s left)
  37 K2P+G4       30916.822   part2.3+part3.3	0h:1m:20s (0h:6m:19s left)
  38 TIM2e+I+G4   31227.234   part1.1+part3.3	0h:1m:23s (0h:6m:21s left)
  39 K2P+G4       31029.248   part2.2+part3.3	0h:1m:24s (0h:6m:12s left)
  40 K2P+G4       31014.276   part3.3+part5.1	0h:1m:26s (0h:6m:9s left)
  41 HKY+F+I+G4   31400.074   part1.2+part3.3	0h:1m:28s (0h:6m:5s left)
  42 TIM3e+G4     30931.233   part3.1+part4.3	0h:1m:30s (0h:6m:3s left)
  43 TIM3e+G4     30901.653   part4.3+part5.3	0h:1m:30s (0h:5m:53s left)
  44 K2P+G4       31000.141   part3.3+part5.2	0h:1m:32s (0h:5m:51s left)
  45 TNe+G4       30929.757   part3.2+part4.3	0h:1m:32s (0h:5m:42s left)
  46 K2P+G4       30902.393   part3.1+part3.2	0h:1m:33s (0h:5m:34s left)
  47 K2P+G4       30960.275   part3.1+part5.3	0h:1m:38s (0h:5m:43s left)
  48 K2P+G4       30914.504   part2.3+part3.1	0h:1m:39s (0h:5m:37s left)
  49 TNe+I+G4     31028.696   part1.1+part4.3	0h:1m:41s (0h:5m:35s left)
  50 TIM3e+G4     30900.298   part2.3+part4.3	0h:1m:42s (0h:5m:28s left)
  51 TNe+G4       30946.650   part3.2+part5.3	0h:1m:43s (0h:5m:25s left)
  52 TIM+F+G4     30986.408   part1.1+part3.1	0h:1m:44s (0h:5m:18s left)
  53 TIMe+I+G4    31041.604   part1.1+part5.3	0h:1m:47s (0h:5m:21s left)
  54 TIM3e+G4     30943.370   part1.1+part3.2	0h:1m:48s (0h:5m:14s left)
  55 TIM3e+G4     30941.063   part4.1+part4.3	0h:1m:50s (0h:5m:14s left)
  56 HKY+F+G4     30970.000   part4.2+part4.3	0h:1m:51s (0h:5m:8s left)
  57 TNe+G4       30916.222   part2.3+part3.2	0h:1m:51s (0h:5m:2s left)
  58 TIM3e+G4     30927.791   part2.1+part4.3	0h:1m:52s (0h:4m:57s left)
  59 K3P+G4       30906.601   part2.3+part5.3	0h:1m:53s (0h:4m:51s left)
  60 K2P+I        30913.301   part3.1+part4.1	0h:1m:55s (0h:4m:51s left)
  61 K2P+I        30921.468   part3.1+part4.2	0h:1m:56s (0h:4m:45s left)
  62 TIM2e+G4     30990.623   part1.1+part2.3	0h:1m:56s (0h:4m:40s left)
  63 K2P+I        30897.381   part2.1+part3.1	0h:1m:59s (0h:4m:41s left)
  64 TIM3e+G4     30967.802   part2.2+part4.3	0h:2m:1s (0h:4m:39s left)
  65 TIM3e+G4     30951.860   part4.3+part5.1	0h:2m:2s (0h:4m:34s left)
  66 TPM2u+F+I+G4 31126.040   part1.2+part4.3	0h:2m:3s (0h:4m:31s left)
  67 K2P+I        30925.833   part2.2+part3.1	0h:2m:3s (0h:4m:25s left)
  68 HKY+F+I      31092.884   part1.2+part3.1	0h:2m:5s (0h:4m:23s left)
  69 TNe+G4       30908.681   part3.2+part4.1	0h:2m:7s (0h:4m:22s left)
  70 TNe+G4       30923.464   part3.2+part4.2	0h:2m:8s (0h:4m:18s left)
  71 TNe+G4       30900.444   part2.1+part3.2	0h:2m:10s (0h:4m:16s left)
  72 TIM3e+G4     30931.386   part4.3+part5.2	0h:2m:10s (0h:4m:12s left)
  73 K2P+I        30918.805   part3.1+part5.1	0h:2m:12s (0h:4m:9s left)
  74 TNe+G4       30970.884   part4.1+part5.3	0h:2m:14s (0h:4m:8s left)
  75 K3P+G4       30998.660   part4.2+part5.3	0h:2m:14s (0h:4m:3s left)
  76 K2P+I        30889.975   part3.1+part5.2	0h:2m:15s (0h:4m:0s left)
  77 TPM2+F+I     31029.223   part1.2+part3.2	0h:2m:15s (0h:3m:56s left)
  78 HKY+F+G4     30953.239   part2.1+part5.3	0h:2m:19s (0h:3m:57s left)
  79 TNe+G4       30923.915   part2.2+part3.2	0h:2m:21s (0h:3m:56s left)
  80 SYM+I        30899.499   part1.1+part4.2	0h:2m:22s (0h:3m:53s left)
  81 TN+F+I       30896.627   part1.1+part4.1	0h:2m:22s (0h:3m:48s left)
  82 TNe+G4       30941.295   part2.3+part4.1	0h:2m:23s (0h:3m:46s left)
  83 TPM2u+F+I+G4 31144.339   part1.2+part5.3	0h:2m:24s (0h:3m:42s left)
  84 TNe+G4       30962.271   part2.3+part4.2	0h:2m:25s (0h:3m:39s left)
  85 TN+F+G4      30902.730   part1.1+part2.1	0h:2m:25s (0h:3m:35s left)
  86 TN+F+I       31003.135   part1.1+part1.2	0h:2m:27s (0h:3m:35s left)
  87 TNe+G4       30907.861   part3.2+part5.1	0h:2m:30s (0h:3m:34s left)
  88 K2P+G4       30918.688   part2.1+part2.3	0h:2m:31s (0h:3m:31s left)
  89 K3P+G4       30984.584   part2.2+part5.3	0h:2m:33s (0h:3m:30s left)
  90 TNe+G4       30882.742   part3.2+part5.2	0h:2m:34s (0h:3m:27s left)
  91 HKY+F+I+G4   31106.923   part1.2+part2.3	0h:2m:36s (0h:3m:26s left)
  92 TIMe+G4      30970.711   part5.1+part5.3	0h:2m:36s (0h:3m:22s left)
  93 K2P+G4       30956.419   part2.2+part2.3	0h:2m:38s (0h:3m:21s left)
  94 TN+F+I       30916.221   part1.1+part2.2	0h:2m:40s (0h:3m:20s left)
  95 K3P+G4       30945.469   part5.2+part5.3	0h:2m:40s (0h:3m:16s left)
  96 TNe+G4       30946.490   part2.3+part5.1	0h:2m:44s (0h:3m:16s left)
  97 K2P+G4       30922.771   part2.3+part5.2	0h:2m:45s (0h:3m:14s left)
  98 TNe+G4       30901.286   part2.1+part4.2	0h:2m:45s (0h:3m:11s left)
  99 TNe+I        30891.860   part4.1+part4.2	0h:2m:46s (0h:3m:8s left)
 100 TN+F+I       30888.853   part1.1+part5.1	0h:2m:47s (0h:3m:5s left)
 101 TNe+G4       30900.571   part2.1+part4.1	0h:2m:47s (0h:3m:2s left)
 102 HKY+F+I      30970.728   part1.2+part4.1	0h:2m:49s (0h:3m:0s left)
 103 F81+F+I      30934.771   part1.2+part4.2	0h:2m:49s (0h:2m:57s left)
 104 SYM+I        30855.127   part1.1+part5.2	0h:2m:49s (0h:2m:54s left)
 105 K2P+I        30901.401   part2.2+part4.2	0h:2m:51s (0h:2m:53s left)
 106 K2P+G4       30908.068   part2.1+part2.2	0h:2m:51s (0h:2m:50s left)
 107 TPM2+F+I     30987.854   part1.2+part2.1	0h:2m:51s (0h:2m:46s left)
 108 K2P+I        30908.501   part2.2+part4.1	0h:2m:53s (0h:2m:45s left)
 109 TNe+I        30899.931   part4.2+part5.1	0h:2m:54s (0h:2m:43s left)
 110 TNe+I        30904.867   part4.1+part5.1	0h:2m:54s (0h:2m:40s left)
 111 TN+F+I       30911.661   part2.1+part5.1	0h:2m:56s (0h:2m:38s left)
 112 HKY+F        30937.564   part1.2+part2.2	0h:2m:56s (0h:2m:35s left)
 113 TNe+I        30853.199   part4.2+part5.2	0h:2m:56s (0h:2m:32s left)
 114 K2P+I        30865.978   part2.1+part5.2	0h:2m:58s (0h:2m:32s left)
 115 HKY+F+I      30944.108   part1.2+part5.1	0h:2m:58s (0h:2m:29s left)
 116 K2P+I        30859.330   part4.1+part5.2	0h:2m:59s (0h:2m:26s left)
 117 HKY+F        30848.606   part1.2+part5.2	0h:3m:0s (0h:2m:25s left)
 118 K2P+I        30905.030   part2.2+part5.1	0h:3m:0s (0h:2m:22s left)
 119 K2P          30847.126   part2.2+part5.2	0h:3m:0s (0h:2m:19s left)
 120 TNe+I        30854.970   part5.1+part5.2	0h:3m:1s (0h:2m:17s left)
Merging part2.2+part5.2 with BIC score: 30847.126 (LnL: -14927.165  df: 125)
 121 K2P+I        30888.960   part2.2+part3.1+part5.2	0h:3m:6s (0h:2m:18s left)
 122 K2P+G4       30929.728   part2.2+part2.3+part5.2	0h:3m:6s (0h:2m:16s left)
 123 TNe+I        30882.101   part2.2+part3.2+part5.2	0h:3m:7s (0h:2m:14s left)
 124 K2P+I        30847.592   part2.2+part4.1+part5.2	0h:3m:9s (0h:2m:12s left)
 125 TIM3e+I+G4   30953.206   part2.2+part4.3+part5.2	0h:3m:9s (0h:2m:10s left)
 126 K2P+I        30850.025   part2.1+part2.2+part5.2	0h:3m:13s (0h:2m:10s left)
 127 K2P+I        30836.495   part2.2+part4.2+part5.2	0h:3m:13s (0h:2m:7s left)
 128 TNe+I        30850.061   part1.1+part2.2+part5.2	0h:3m:13s (0h:2m:5s left)
 129 K2P+I+G4     31068.782   part2.2+part3.3+part5.2	0h:3m:13s (0h:2m:3s left)
 130 K2P+I        30837.232   part2.2+part5.1+part5.2	0h:3m:14s (0h:2m:1s left)
 131 HKY+F        30866.926   part1.2+part2.2+part5.2	0h:3m:15s (0h:1m:59s left)
 132 K3P+I+G4     30969.478   part2.2+part5.2+part5.3	0h:3m:18s (0h:1m:58s left)
 133 TVM+F+I+G4   31185.396   part1.3+part2.2+part5.2	0h:3m:20s (0h:1m:57s left)
Merging part1.1+part5.1 with BIC score: 30819.309 (LnL: -14929.142  df: 121)
 134 TIM+F+G4     30895.456   part1.1+part3.1+part5.1	0h:3m:28s (0h:1m:59s left)
 135 SYM+I        30808.029   part1.1+part4.2+part5.1	0h:3m:29s (0h:1m:57s left)
 136 TIM2+F+G4    30903.702   part1.1+part2.3+part5.1	0h:3m:29s (0h:1m:55s left)
 137 TN+F+I       30799.757   part1.1+part4.1+part5.1	0h:3m:32s (0h:1m:54s left)
 138 TNe+I+G4     30949.476   part1.1+part4.3+part5.1	0h:3m:33s (0h:1m:52s left)
 139 TIM3e+G4     30854.880   part1.1+part3.2+part5.1	0h:3m:33s (0h:1m:50s left)
 140 TIM2e+I+G4   31169.028   part1.1+part3.3+part5.1	0h:3m:37s (0h:1m:50s left)
 141 TN+F+G4      30803.446   part1.1+part2.1+part5.1	0h:3m:39s (0h:1m:49s left)
 142 TN+F+I       30916.750   part1.1+part1.2+part5.1	0h:3m:40s (0h:1m:46s left)
 143 SYM+I        30831.412   part1.1+part2.2+part5.1+part5.2	0h:3m:40s (0h:1m:45s left)
 144 TIM+F+I+G4   30963.246   part1.1+part5.1+part5.3	0h:3m:42s (0h:1m:43s left)
 145 GTR+F+I+G4   31386.876   part1.1+part1.3+part5.1	0h:3m:44s (0h:1m:42s left)
Merging part3.3+part5.3 with BIC score: 30794.264 (LnL: -14932.504  df: 117)
WARNING: ABNORMAL_TERMINATION_IN_LNSRCH
 146 K2P+G4       30958.260   part3.3+part4.2+part5.3	0h:3m:54s (0h:1m:44s left)
 147 K2P+G4       30922.290   part3.3+part4.1+part5.3	0h:3m:54s (0h:1m:42s left)
 148 K2P+G4       30920.555   part3.1+part3.3+part5.3	0h:3m:55s (0h:1m:40s left)
 149 K2P+G4       30908.582   part3.2+part3.3+part5.3	0h:3m:55s (0h:1m:38s left)
 150 K2P+G4       30793.704   part2.3+part3.3+part5.3	0h:3m:56s (0h:1m:36s left)
 151 K2P+G4       30793.598   part3.3+part4.3+part5.3	0h:3m:57s (0h:1m:34s left)
 152 TNe+I+G4     31184.179   part1.1+part3.3+part5.1+part5.3	0h:4m:0s (0h:1m:33s left)
 153 K2P+G4       30857.768   part2.1+part3.3+part5.3	0h:4m:5s (0h:1m:33s left)
 154 K2P+G4       31026.842   part2.2+part3.3+part5.2+part5.3	0h:4m:6s (0h:1m:31s left)
 155 TPM3+F+G4    30877.760   part1.3+part3.3+part5.3	0h:4m:7s (0h:1m:29s left)
 156 HKY+F+I+G4   31331.657   part1.2+part3.3+part5.3	0h:4m:8s (0h:1m:27s left)
Merging part4.1+part4.2 with BIC score: 30769.455 (LnL: -14932.013  df: 114)
 157 K2P+G4       30785.820   part3.1+part4.1+part4.2	0h:4m:14s (0h:1m:27s left)
 158 TNe+G4       30754.552   part2.1+part4.1+part4.2	0h:4m:15s (0h:1m:25s left)
 159 TNe+G4       30782.291   part3.2+part4.1+part4.2	0h:4m:16s (0h:1m:23s left)
 160 TNe+G4       30822.206   part2.3+part4.1+part4.2	0h:4m:16s (0h:1m:21s left)
 161 TIM3e+I+G4   30841.379   part4.1+part4.2+part4.3	0h:4m:18s (0h:1m:20s left)
 162 TNe+I        30762.464   part1.1+part4.1+part4.2+part5.1	0h:4m:22s (0h:1m:19s left)
 163 K2P+I+G4     31023.705   part3.3+part4.1+part4.2+part5.3	0h:4m:22s (0h:1m:17s left)
 164 TN+F+I       30832.970   part1.2+part4.1+part4.2	0h:4m:23s (0h:1m:15s left)
 165 TNe+I        30770.796   part2.2+part4.1+part4.2+part5.2	0h:4m:23s (0h:1m:13s left)
 166 GTR+F+I+G4   31195.120   part1.3+part4.1+part4.2	0h:4m:27s (0h:1m:12s left)
Merging part2.1+part3.1 with BIC score: 30750.166 (LnL: -14934.282  df: 111)
 167 K2P+G4       30764.641   part2.1+part3.1+part4.1+part4.2	0h:4m:33s (0h:1m:12s left)
 168 HKY+F+I      30941.126   part1.2+part2.1+part3.1	0h:4m:34s (0h:1m:10s left)
 169 K2P+G4       30736.709   part2.1+part3.1+part3.2	0h:4m:34s (0h:1m:8s left)
 170 K2P+G4       30753.707   part2.1+part2.3+part3.1	0h:4m:35s (0h:1m:6s left)
 171 K2P+G4       30772.334   part2.1+part3.1+part4.3	0h:4m:35s (0h:1m:4s left)
 172 TN+F+G4      30819.509   part1.1+part2.1+part3.1+part5.1	0h:4m:38s (0h:1m:3s left)
 173 K2P+I        30789.251   part2.1+part2.2+part3.1+part5.2	0h:4m:39s (0h:1m:1s left)
 174 K2P+G4       30920.884   part2.1+part3.1+part3.3+part5.3	0h:4m:40s (0h:0m:59s left)
 175 TIM3+F+I+G4  31061.306   part1.3+part2.1+part3.1	0h:4m:45s (0h:0m:58s left)
Merging part2.3+part4.3 with BIC score: 30733.794 (LnL: -14938.010  df: 108)
 176 TPM3+F+G4    30864.010   part2.2+part2.3+part4.3+part5.2	0h:4m:53s (0h:0m:58s left)
 177 TNe+G4       30827.519   part2.3+part4.1+part4.2+part4.3	0h:4m:55s (0h:0m:56s left)
 178 TNe+G4       30749.991   part2.3+part3.2+part4.3	0h:4m:55s (0h:0m:54s left)
 179 K2P+G4       30761.585   part2.1+part2.3+part3.1+part4.3	0h:4m:56s (0h:0m:53s left)
 180 TPM2u+F+I+G4 31025.857   part1.2+part2.3+part4.3	0h:4m:57s (0h:0m:51s left)
 181 TNe+I+G4     30905.537   part1.1+part2.3+part4.3+part5.1	0h:4m:58s (0h:0m:49s left)
 182 K2P+G4       30742.394   part2.3+part3.3+part4.3+part5.3	0h:4m:59s (0h:0m:47s left)
 183 TPM3+F+G4    30861.078   part1.3+part2.3+part4.3	0h:5m:2s (0h:0m:46s left)
Merging part2.1+part3.1+part3.2 with BIC score: 30720.337 (LnL: -14947.166  df: 104)
 184 K2P+G4       30744.691   part2.1+part3.1+part3.2+part4.1+part4.2	0h:5m:10s (0h:0m:45s left)
 185 K2P+G4       30764.053   part2.1+part2.2+part3.1+part3.2+part5.2	0h:5m:11s (0h:0m:43s left)
 186 TN+F+G4      30800.553   part1.1+part2.1+part3.1+part3.2+part5.1	0h:5m:13s (0h:0m:42s left)
 187 TPM2u+F+G4   30926.775   part1.2+part2.1+part3.1+part3.2	0h:5m:13s (0h:0m:40s left)
 188 K2P+G4       30756.587   part2.1+part2.3+part3.1+part3.2+part4.3	0h:5m:15s (0h:0m:38s left)
 189 K2P+I+G4     30939.044   part2.1+part3.1+part3.2+part3.3+part5.3	0h:5m:16s (0h:0m:36s left)
 190 GTR+F+I+G4   31167.394   part1.3+part2.1+part3.1+part3.2	0h:5m:19s (0h:0m:35s left)
Merging part1.1+part4.1+part4.2+part5.1 with BIC score: 30713.347 (LnL: -14971.469  df: 97)
 191 TN+F+I       30813.825   part1.1+part1.2+part4.1+part4.2+part5.1	0h:5m:32s (0h:0m:34s left)
 192 TN+F+G4      30803.666   part1.1+part2.1+part3.1+part3.2+part4.1+part4.2+part5.1	0h:5m:32s (0h:0m:32s left)
 193 TNe+I        30716.615   part1.1+part2.2+part4.1+part4.2+part5.1+part5.2	0h:5m:32s (0h:0m:31s left)
 194 TNe+I+G4     30893.525   part1.1+part2.3+part4.1+part4.2+part4.3+part5.1	0h:5m:34s (0h:0m:29s left)
 195 TIM2e+I+G4   31181.429   part1.1+part3.3+part4.1+part4.2+part5.1+part5.3	0h:5m:37s (0h:0m:27s left)
 196 GTR+F+I+G4   31429.760   part1.1+part1.3+part4.1+part4.2+part5.1	0h:5m:41s (0h:0m:26s left)
BEST-FIT PARTITION MODEL: 
  charpartition BIC = TNe+I: part1.1 part4.1 part4.2 part5.1, HKY+F: part1.2, TIM3+F+I+G4: part1.3, K2P+G4: part2.1 part3.1 part3.2, K2P: part2.2 part5.2, TIM3e+G4: part2.3 part4.3, K2P+G4: part3.3 part5.3;
Agglomerative model selection: (((part1.1,part5.1)2:30819.3,(part4.1,part4.2)4:30769.5)8:30713.3,part1.2,part1.3,((part2.1,part3.1)5:30750.2,part3.2)7:30720.3,(part2.2,part5.2)1:30847.1,(part2.3,part4.3)6:30733.8,(part3.3,part5.3)3:30794.3)
Merging into 7 partitions...
Partition information was printed to 4_set69.best_scheme.nex
Partition information in Raxml format was printed to 4_set69.best_scheme

All model information printed to 4_set69.model.gz
CPU time for ModelFinder: 393.735 seconds (0h:6m:33s)
Wall-clock time for ModelFinder: 341.604 seconds (0h:5m:41s)
Generating 1000 samples for ultrafast bootstrap (seed: 145455)...

NOTE: 8 MB RAM (0 GB) is required!
Measuring multi-threading efficiency up to 8 CPU cores
Increase to 10 rounds for branch lengths
27 trees examined
Threads: 1 / Time: 8.107 sec / Speedup: 1.000 / Efficiency: 100% / LogL: -24262
Threads: 2 / Time: 24.023 sec / Speedup: 0.337 / Efficiency: 17% / LogL: -24262
BEST NUMBER OF THREADS: 1

Estimate model parameters (epsilon = 0.100)
Initial log-likelihood: -17026.441
Current log-likelihood at step 1: -15287.673
Current log-likelihood at step 2: -15095.957
Current log-likelihood at step 3: -15046.782
Current log-likelihood at step 4: -15043.582
Current log-likelihood at step 5: -15040.861
Current log-likelihood at step 6: -15038.284
Current log-likelihood at step 7: -15035.829
Current log-likelihood at step 8: -15033.457
Current log-likelihood at step 9: -15031.144
Current log-likelihood at step 10: -15028.873
Current log-likelihood at step 11: -15026.610
Current log-likelihood at step 12: -15024.352
Current log-likelihood at step 13: -15022.077
Current log-likelihood at step 14: -15019.765
Current log-likelihood at step 15: -15017.407
Current log-likelihood at step 16: -15014.974
Current log-likelihood at step 17: -15012.461
Current log-likelihood at step 18: -15009.853
Current log-likelihood at step 19: -15007.097
Current log-likelihood at step 20: -15004.168
Current log-likelihood at step 21: -15001.037
Current log-likelihood at step 22: -14997.675
Current log-likelihood at step 23: -14994.049
Current log-likelihood at step 24: -14990.133
Current log-likelihood at step 25: -14985.913
Current log-likelihood at step 26: -14981.422
Current log-likelihood at step 27: -14967.866
Current log-likelihood at step 28: -14967.810
Partition-specific rates:  0.261 0.008 3.248 0.487 0.037 1.269 2.385
Parameters optimization took 27 rounds (7.267 sec)


WARNING: Estimated model parameters are at boundary that can cause numerical instability!

Computing ML distances based on estimated model parameters... 0.065 sec
Computing BIONJ tree...
0.051 seconds
Log-likelihood of BIONJ tree: -15120.096
--------------------------------------------------------------------
|             INITIALIZING CANDIDATE TREE SET                      |
--------------------------------------------------------------------
Generating 98 parsimony trees... 6.111 second
Computing log-likelihood of 98 initial trees ... 13.095 seconds
Current best score: -14958.783

Do NNI search on 20 best initial trees
Estimate model parameters (epsilon = 0.100)
Initial log-likelihood: -14958.512
Current log-likelihood at step 1: -14958.137
Current log-likelihood at step 2: -14958.003
Current log-likelihood at step 3: -14957.970
Parameters optimization took 2 rounds (0.766 sec)


WARNING: Estimated model parameters are at boundary that can cause numerical instability!

BETTER TREE FOUND at iteration 1: -14957.970
Iteration 10 / LogL: -14957.976 / Time: 0h:1m:10s
Estimate model parameters (epsilon = 0.100)
Initial log-likelihood: -14957.691
Current log-likelihood at step 1: -14957.654
Parameters optimization took 0 rounds (0.300 sec)


WARNING: Estimated model parameters are at boundary that can cause numerical instability!

BETTER TREE FOUND at iteration 14: -14957.654
Iteration 20 / LogL: -14958.126 / Time: 0h:1m:25s
Finish initializing candidate tree set (4)
Current best tree score: -14957.654 / CPU time: 46.028
Number of iterations: 20
--------------------------------------------------------------------
|               OPTIMIZING CANDIDATE TREE SET                      |
--------------------------------------------------------------------
Iteration 30 / LogL: -14958.025 / Time: 0h:1m:41s (0h:4m:53s left)
Iteration 40 / LogL: -14958.021 / Time: 0h:1m:54s (0h:3m:36s left)
Iteration 50 / LogL: -14992.203 / Time: 0h:2m:6s (0h:2m:44s left)
Log-likelihood cutoff on original alignment: -14999.461
Iteration 60 / LogL: -14958.040 / Time: 0h:2m:21s (0h:2m:9s left)
Iteration 70 / LogL: -14957.670 / Time: 0h:2m:33s (0h:1m:38s left)
Iteration 80 / LogL: -14957.664 / Time: 0h:2m:45s (0h:1m:11s left)
Iteration 90 / LogL: -14969.754 / Time: 0h:2m:59s (0h:0m:48s left)
Iteration 100 / LogL: -14958.243 / Time: 0h:3m:14s (0h:0m:27s left)
Log-likelihood cutoff on original alignment: -15000.767
NOTE: Bootstrap correlation coefficient of split occurrence frequencies: 0.999
Iteration 110 / LogL: -14969.743 / Time: 0h:3m:27s (0h:2m:51s left)
TREE SEARCH COMPLETED AFTER 115 ITERATIONS / Time: 0h:3m:34s

--------------------------------------------------------------------
|                    FINALIZING TREE SEARCH                        |
--------------------------------------------------------------------
Performs final model parameters optimization
Estimate model parameters (epsilon = 0.010)
Initial log-likelihood: -14957.654
Current log-likelihood at step 1: -14957.651
Partition-specific rates:  0.234 0.008 3.289 0.487 0.037 1.284 2.387
Parameters optimization took 0 rounds (0.274 sec)


WARNING: Estimated model parameters are at boundary that can cause numerical instability!

BEST SCORE FOUND : -14957.651
Creating bootstrap support values...
Split supports printed to NEXUS file 4_set69.splits.nex
Total tree length: 1.027

Total number of iterations: 115
CPU time used for tree search: 56.711 sec (0h:0m:56s)
Wall-clock time used for tree search: 174.619 sec (0h:2m:54s)
Total CPU time used: 68.997 sec (0h:1m:8s)
Total wall-clock time used: 215.677 sec (0h:3m:35s)

Computing bootstrap consensus tree...
Reading input file 4_set69.splits.nex...
35 taxa and 114 splits.
Consensus tree written to 4_set69.contree
Reading input trees file 4_set69.contree
Log-likelihood of consensus tree: -14958.005

Analysis results written to: 
  IQ-TREE report:                4_set69.iqtree
  Maximum-likelihood tree:       4_set69.treefile
  Likelihood distances:          4_set69.mldist
  Best partitioning scheme:      4_set69.best_scheme.nex
           in RAxML format:      4_set69.best_scheme

Ultrafast bootstrap approximation results written to:
  Split support values:          4_set69.splits.nex
  Consensus tree:                4_set69.contree
  Screen log file:               4_set69.log

Date and Time: Fri Sep  7 01:16:29 2018
