IQ-TREE multicore version 1.6.7 for Mac OS X 64-bit built Aug 23 2018
Developed by Bui Quang Minh, Nguyen Lam Tung, Olga Chernomor,
Heiko Schmidt, Dominik Schrempf, Michael Woodhams.

Host:    meeps-mac-pro.staff.sydney.edu.au (AVX, 64 GB RAM)
Command: /Users/davidduchene/Desktop/Software/iqtree-1.6.7-MacOSX/bin/iqtree -s ../../../../marsupials/set209.fasta -m TESTMERGE -bb 1000 -spp ../../../../marsupials/set209.nex -nt AUTO -pre 4_set209
Seed:    532059 (Using SPRNG - Scalable Parallel Random Number Generator)
Time:    Sat Sep  8 01:15:25 2018
Kernel:  AVX - auto-detect threads (8 CPU cores detected)

Reading partition model file ../../../../marsupials/set209.nex ...
Reading alignment file ../../../../marsupials/set209.fasta ... Fasta format detected
Alignment most likely contains DNA/RNA sequences
Alignment has 35 sequences with 1815 columns, 862 distinct patterns
451 parsimony-informative, 309 singleton sites, 1055 constant sites
                                              Gap/Ambiguity  Composition  p-value
   1  Burramyidae_Burramys_parvus                     0.77%    passed     32.64%
   2  Notoryctidae_Notoryctes_typhlops                3.80%    failed      2.73%
   3  Vombatidae_Lasiorhinus_latifrons                1.05%    passed     98.04%
   4  Potoroidae_Bettongia_penicillata                0.39%    passed     87.28%
   5  Potoroidae_Bettongia_lesueur                   10.91%    passed     87.30%
   6  Dasyuridae_Dasyurus_maculatus                   0.11%    passed     99.73%
   7  Phalangeridae_Trichosurus_vulpecula            21.27%    passed     50.36%
   8  Phalangeridae_Spilocuscus_maculatus             2.48%    passed     93.71%
   9  Potoroidae_Aepyprymnus_rufescens                0.88%    passed     97.80%
  10  Peramelidae_Perameles_nasuta                   14.66%    passed     18.88%
  11  Phalangeridae_Strigocuscus_pelengensis          5.29%    passed     87.12%
  12  Dasyuridae_Phascogale_tapoatafa                 0.06%    passed     91.74%
  13  Dasyuridae_Sminthopsis_macroura                 0.22%    passed     91.21%
  14  Phalangeridae_Phalanger_orientalis              0.44%    passed     80.93%
  15  Acrobatidae_Acrobates_pygmaeus                 18.02%    passed     29.97%
  16  Dasyuridae_Phascogale_calura                    0.06%    passed     94.77%
  17  Dasyuridae_Sarcophilus_harrisii                 0.00%    passed     99.99%
  18  Dasyuridae_Planigale_tenuirostris               7.44%    passed     94.88%
  19  Peramelidae_Echymipera_kalubu                  11.90%    passed     96.31%
  20  Macropodidae_Dorcopsulus_vanheurni              0.44%    passed     68.51%
  21  Pseudochiridae_Pseudochirulus_forbesi           1.27%    passed     94.89%
  22  Didelphidae_Didelphis_virginiana                5.18%    passed     89.76%
  23  Marmosidae_Monodelphis_domestica                0.61%    passed     75.39%
  24  Dasyuridae_Antechinus_stuartii                  0.44%    passed     99.17%
  25  Hypsiprymnodontidae_Hypsiprymnodon_moschatus    0.55%    passed     74.62%
  26  Microbiotheriidae_Dromiciops_gliroides          5.62%    passed     92.53%
  27  Pseudochiridae_Petauroides_volans               0.66%    passed     96.72%
  28  Macropodidae_Wallabia_bicolor                   2.59%    passed     96.05%
  29  Pseudochiridae_Pseudocheirus_occidentalis      21.21%    passed      9.74%
  30  Tarsipedidae_Tarsipes_rostratus                33.50%    failed      0.22%
  31  Acrobatidae_Distoechurus_pennatus               0.17%    passed     97.30%
  32  Phalangeridae_Phalanger_carmelitae             17.69%    passed     38.60%
  33  Peramelidae_Peroryctes_raffrayana              31.68%    failed      2.15%
  34  Dasyuridae_Dasyurus_geffroii                    0.00%    passed     99.27%
  35  Peramelidae_Perameles_gunnii                    1.32%    passed     99.98%
****  TOTAL                                           6.36%  3 sequences failed composition chi2 test (p-value<5%; df=3)
NOTE: No CharPartition defined, use all CharSets

Loading 15 partitions...
Subset	Type	Seqs	Sites	Infor	Invar	Model	Name
1		35	77	10	54	TESTMERGE	part1.1
2		35	77	6	57	TESTMERGE	part1.2
3		35	77	35	18	TESTMERGE	part1.3
4		32	107	9	77	TESTMERGE	part2.1
5		32	107	4	94	TESTMERGE	part2.2
6		32	107	69	24	TESTMERGE	part2.3
7		33	187	42	118	TESTMERGE	part3.1
8		33	187	24	141	TESTMERGE	part3.2
9		33	187	97	47	TESTMERGE	part3.3
10		35	89	8	77	TESTMERGE	part4.1
11		35	89	0	84	TESTMERGE	part4.2
WARNING: No parsimony-informative sites in partition part4.2
12		35	89	36	24	TESTMERGE	part4.3
13		35	145	20	96	TESTMERGE	part5.1
14		35	145	15	108	TESTMERGE	part5.2
15		35	145	76	36	TESTMERGE	part5.3
Degree of missing data: 0.033
Info: multi-threading strategy over partitions



Create initial parsimony tree by phylogenetic likelihood library (PLL)... 0.007 seconds
NOTE: ModelFinder requires 9 MB RAM!
NUMBER OF THREADS FOR PARTITION FINDING: 8
Testing GTR+F+G on supermatrix...
GTR+F+G4 / LnL: -10513.450 / df: 76 / AIC: 21178.900 / AICc: 21185.634 / BIC: 21597.192
Selecting individual models for 15 charsets using BIC...
 No. Model        Score       Charset
   1 K2P          1254.843    part1.3
   2 K2P+I        1303.839    part5.1
   3 TPM3u+F+G4   1419.058    part3.2
   4 TPM2+F+G4    1566.622    part4.3
   5 HKY+F+G4     1953.680    part3.1
   6 K2P+G4       2921.851    part5.3
   7 TPM3+F+G4    2249.959    part2.3
   8 K2P+G4       3355.187    part3.3
   9 K2P+G4       707.260     part1.1
  10 TNe+G4       1117.493    part5.2	0h:0m:11s (0h:3m:43s left)
  11 K2P          561.746     part1.2	0h:0m:13s (0h:3m:56s left)
  12 K2P          769.541     part2.1	0h:0m:13s (0h:3m:37s left)
  13 HKY+F        486.853     part2.2	0h:0m:13s (0h:3m:20s left)
  14 K2P          333.433     part4.2	0h:0m:13s (0h:3m:11s left)
  15 TIM3e+G4     525.247     part4.1	0h:0m:14s (0h:3m:4s left)
Full partition model BIC score: 21187.466 (LnL: -10117.239  df:127)
Merging models to increase model fit (about 211 total partition schemes)...
  16 TPM3u+F+G4   21251.928   part3.2+part3.3	0h:0m:20s (0h:4m:15s left)
  17 K2P+G4       21216.249   part3.1+part5.3	0h:0m:21s (0h:4m:5s left)
  18 K3P+G4       21235.008   part3.3+part5.1	0h:0m:21s (0h:3m:54s left)
  19 TN+F+G4      21230.228   part2.3+part3.3	0h:0m:21s (0h:3m:40s left)
  20 TPM3u+F+G4   21187.112   part1.3+part3.3	0h:0m:22s (0h:3m:30s left)
  21 K2P+G4       21224.254   part3.1+part3.3	0h:0m:22s (0h:3m:23s left)
  22 TVM+F+G4     21168.241   part3.3+part4.3	0h:0m:24s (0h:3m:27s left)
  23 K2P+G4       21168.858   part3.3+part5.3	0h:0m:24s (0h:3m:21s left)
  24 K2P+G4       21194.087   part1.3+part5.3	0h:0m:30s (0h:3m:59s left)
  25 TIM2+F+G4    21161.299   part4.3+part5.3	0h:0m:31s (0h:3m:51s left)
  26 K2P+G4       21219.258   part1.1+part3.3	0h:0m:31s (0h:3m:42s left)
  27 TN+F+G4      21175.541   part2.3+part5.3	0h:0m:31s (0h:3m:34s left)
  28 K3P+G4       21255.577   part3.3+part5.2	0h:0m:31s (0h:3m:28s left)
  29 K2P+G4       21247.227   part2.1+part3.3	0h:0m:32s (0h:3m:26s left)
  30 TPM3u+F+G4   21245.441   part1.2+part3.3	0h:0m:33s (0h:3m:19s left)
  31 TPM3u+F+G4   21259.969   part3.2+part5.3	0h:0m:35s (0h:3m:23s left)
  32 TIMe+G4      21272.808   part3.3+part4.1	0h:0m:40s (0h:3m:46s left)
  33 TN+F+G4      21255.233   part5.2+part5.3	0h:0m:40s (0h:3m:38s left)
  34 TPM2u+F+G4   21239.088   part5.1+part5.3	0h:0m:40s (0h:3m:31s left)
  35 TPM3u+F+G4   21311.159   part2.2+part3.3	0h:0m:41s (0h:3m:29s left)
  36 TPM2u+F+G4   21280.554   part2.3+part3.1	0h:0m:41s (0h:3m:22s left)
  37 TPM3u+F+G4   21315.936   part3.3+part4.2	0h:0m:41s (0h:3m:16s left)
  38 TIM3e+G4     21222.674   part1.1+part5.3	0h:0m:42s (0h:3m:12s left)
  39 K2P+G4       21197.457   part3.1+part4.3	0h:0m:43s (0h:3m:13s left)
  40 K2P+G4       21182.510   part1.3+part4.3	0h:0m:47s (0h:3m:23s left)
  41 K2P+G4       21240.095   part1.2+part5.3	0h:0m:48s (0h:3m:20s left)
  42 K2P+G4       21218.893   part1.3+part3.1	0h:0m:48s (0h:3m:15s left)
  43 TNe+G4       21246.800   part2.1+part5.3	0h:0m:48s (0h:3m:10s left)
  44 K2P+G4       21300.558   part2.2+part5.3	0h:0m:50s (0h:3m:11s left)
  45 TPM2+F+G4    21191.535   part2.3+part4.3	0h:0m:50s (0h:3m:6s left)
  46 HKY+F+G4     21238.011   part1.3+part2.3	0h:0m:50s (0h:3m:1s left)
  47 K2P+G4       21197.126   part3.1+part3.2	0h:0m:51s (0h:3m:0s left)
  48 K2P+G4       21306.105   part4.2+part5.3	0h:0m:56s (0h:3m:11s left)
  49 TIM3e+G4     21266.405   part4.1+part5.3	0h:0m:56s (0h:3m:8s left)
  50 TVMe+G4      21306.551   part2.3+part3.2	0h:0m:57s (0h:3m:3s left)
  51 TPM2u+F+G4   21203.189   part4.3+part5.1	0h:0m:57s (0h:2m:59s left)
  52 K2P+G4       21175.400   part3.1+part5.1	0h:0m:57s (0h:2m:56s left)
  53 TPM3+F+G4    21233.957   part3.2+part4.3	0h:0m:59s (0h:2m:56s left)
  54 TN+F+G4      21269.831   part2.3+part5.1	0h:1m:0s (0h:2m:55s left)
  55 TNe+G4       21173.911   part3.1+part5.2	0h:1m:1s (0h:2m:54s left)
  56 K3P+G4       21215.774   part1.3+part5.1	0h:1m:4s (0h:2m:58s left)
  57 TPM3u+F+G4   21229.173   part1.3+part3.2	0h:1m:6s (0h:2m:58s left)
  58 K2P+G4       21180.857   part1.1+part3.1	0h:1m:6s (0h:2m:55s left)
  59 TIM2+F+G4    21281.891   part2.3+part5.2	0h:1m:9s (0h:2m:59s left)
  60 TIM2+F+G4    21244.950   part1.1+part2.3	0h:1m:10s (0h:2m:56s left)
  61 HKY+F+G4     21187.745   part2.1+part3.1	0h:1m:10s (0h:2m:52s left)
  62 K3P+G4       21220.351   part4.3+part5.2	0h:1m:10s (0h:2m:49s left)
  63 HKY+F+G4     21182.917   part1.2+part3.1	0h:1m:12s (0h:2m:49s left)
  64 TPM3u+F+G4   21178.495   part3.2+part5.1	0h:1m:13s (0h:2m:49s left)
  65 K2P+G4       21202.863   part1.1+part4.3	0h:1m:14s (0h:2m:47s left)
  66 TIM2+F+G4    21284.108   part2.1+part2.3	0h:1m:14s (0h:2m:44s left)
  67 K2P+G4       21207.142   part1.1+part1.3	0h:1m:17s (0h:2m:45s left)
  68 K2P+G4       21227.202   part1.3+part5.2	0h:1m:19s (0h:2m:47s left)
  69 K2P+G4       21220.347   part2.1+part4.3	0h:1m:23s (0h:2m:51s left)
  70 TIM+F+G4     21292.550   part1.2+part2.3	0h:1m:23s (0h:2m:48s left)
  71 K2P+G4       21224.307   part1.3+part2.1	0h:1m:23s (0h:2m:44s left)
  72 HKY+F+G4     21203.368   part2.2+part3.1	0h:1m:24s (0h:2m:42s left)
  73 TPM2u+F+G4   21225.719   part1.2+part4.3	0h:1m:24s (0h:2m:39s left)
  74 K2P          21220.543   part1.2+part1.3	0h:1m:25s (0h:2m:39s left)
  75 TVMe+G4      21344.771   part2.2+part2.3	0h:1m:28s (0h:2m:40s left)
  76 HKY+F+G4     21199.064   part3.1+part4.1	0h:1m:30s (0h:2m:41s left)
  77 K3P+G4       21165.178   part5.1+part5.2	0h:1m:32s (0h:2m:40s left)
  78 TPM3+F+G4    21176.660   part1.1+part3.2	0h:1m:33s (0h:2m:38s left)
  79 K2P+G4       21169.008   part1.1+part5.1	0h:1m:33s (0h:2m:36s left)
  80 TIM3+F+G4    21176.675   part3.2+part5.2	0h:1m:33s (0h:2m:33s left)
  81 K2P+G4       21268.199   part2.2+part4.3	0h:1m:34s (0h:2m:32s left)
  82 TPM3+F+G4    21195.033   part2.1+part3.2	0h:1m:38s (0h:2m:34s left)
  83 K2P+G4       21172.214   part2.1+part5.1	0h:1m:38s (0h:2m:32s left)
  84 HKY+F+G4     21221.175   part3.1+part4.2	0h:1m:39s (0h:2m:29s left)
  85 K2P+G4       21270.352   part1.3+part2.2	0h:1m:39s (0h:2m:26s left)
  86 TN+F+I       21277.271   part2.3+part4.1	0h:1m:39s (0h:2m:24s left)
  87 TPM3+F+G4    21177.680   part1.2+part3.2	0h:1m:41s (0h:2m:24s left)
  88 TIM2e+G4     21239.782   part4.1+part4.3	0h:1m:41s (0h:2m:21s left)
  89 K2P+G4       21175.836   part1.2+part5.1	0h:1m:44s (0h:2m:23s left)
  90 TNe+G4       21246.487   part1.3+part4.1	0h:1m:45s (0h:2m:21s left)
  91 K2P+G4       21166.554   part1.1+part5.2	0h:1m:46s (0h:2m:19s left)
  92 TPM2+F+I     21349.279   part2.3+part4.2	0h:1m:46s (0h:2m:17s left)
  93 K2P+G4       21284.421   part1.3+part4.2	0h:1m:47s (0h:2m:17s left)
  94 K2P+G4       21276.693   part4.2+part4.3	0h:1m:48s (0h:2m:14s left)
  95 K2P+G4       21196.270   part2.2+part5.1	0h:1m:49s (0h:2m:13s left)
  96 TPM3+F+G4    21189.804   part2.2+part3.2	0h:1m:50s (0h:2m:11s left)
  97 K2P+G4       21170.629   part2.1+part5.2	0h:1m:52s (0h:2m:12s left)
  98 K2P+G4       21175.666   part1.1+part1.2	0h:1m:54s (0h:2m:11s left)
  99 TN+F+G4      21179.876   part1.2+part5.2	0h:1m:54s (0h:2m:9s left)
 100 K2P+G4       21174.191   part1.1+part2.1	0h:1m:55s (0h:2m:7s left)
 101 K3P+G4       21182.024   part4.1+part5.1	0h:1m:55s (0h:2m:6s left)
 102 TIM3e+G4     21180.321   part3.2+part4.1	0h:1m:56s (0h:2m:4s left)
 103 K2P          21172.543   part1.2+part2.1	0h:1m:56s (0h:2m:2s left)
 104 K2P+G4       21204.939   part4.2+part5.1	0h:1m:58s (0h:2m:1s left)
 105 TPM3+F+G4    21187.275   part3.2+part4.2	0h:1m:58s (0h:1m:59s left)
 106 TPM3+F+G4    21197.061   part1.1+part2.2	0h:1m:58s (0h:1m:57s left)
 107 K3P+G4       21173.543   part4.1+part5.2	0h:1m:59s (0h:1m:55s left)
 108 K2P+G4       21186.315   part2.2+part5.2	0h:2m:0s (0h:1m:54s left)
 109 TPM2+F       21190.502   part2.1+part2.2	0h:2m:1s (0h:1m:53s left)
 110 HKY+F        21176.957   part1.2+part2.2	0h:2m:1s (0h:1m:51s left)
 111 TN+F+G4      21177.739   part1.1+part4.1	0h:2m:2s (0h:1m:50s left)
 112 K2P+G4       21180.213   part1.2+part4.1	0h:2m:4s (0h:1m:49s left)
 113 K2P+G4       21197.655   part1.1+part4.2	0h:2m:5s (0h:1m:48s left)
 114 TNe+G4       21178.864   part2.1+part4.1	0h:2m:5s (0h:1m:46s left)
 115 TNe+G4       21195.597   part4.2+part5.2	0h:2m:5s (0h:1m:44s left)
 116 HKY+F        21193.944   part1.2+part4.2	0h:2m:5s (0h:1m:43s left)
 117 K2P+G4       21197.164   part2.1+part4.2	0h:2m:5s (0h:1m:41s left)
 118 TIM3e+G4     21184.101   part2.2+part4.1	0h:2m:6s (0h:1m:39s left)
 119 HKY+F        21168.680   part2.2+part4.2	0h:2m:6s (0h:1m:37s left)
 120 TIM3e+I      21184.104   part4.1+part4.2	0h:2m:7s (0h:1m:36s left)
Merging part4.3+part5.3 with BIC score: 21161.299 (LnL: -10111.659  df: 125)
 121 TIM2+F+G4    21243.006   part4.3+part5.2+part5.3	0h:2m:15s (0h:1m:40s left)
 122 TPM2u+F+G4   21173.834   part1.3+part4.3+part5.3	0h:2m:15s (0h:1m:38s left)
 123 TPM3u+F+G4   21258.484   part3.2+part4.3+part5.3	0h:2m:15s (0h:1m:37s left)
 124 TPM2u+F+G4   21206.981   part4.3+part5.1+part5.3	0h:2m:16s (0h:1m:35s left)
 125 TPM2u+F+G4   21208.216   part1.1+part4.3+part5.3	0h:2m:16s (0h:1m:34s left)
 126 K2P+G4       21204.743   part3.1+part4.3+part5.3	0h:2m:17s (0h:1m:32s left)
 127 TIM2+F+G4    21162.422   part2.3+part4.3+part5.3	0h:2m:18s (0h:1m:31s left)
 128 TVM+F+G4     21144.041   part3.3+part4.3+part5.3	0h:2m:20s (0h:1m:31s left)
 129 K2P+G4       21300.580   part4.2+part4.3+part5.3	0h:2m:24s (0h:1m:31s left)
 130 TPM2u+F+G4   21223.469   part1.2+part4.3+part5.3	0h:2m:24s (0h:1m:29s left)
 131 TPM2+F+G4    21257.304   part4.1+part4.3+part5.3	0h:2m:24s (0h:1m:28s left)
 132 K2P+G4       21294.369   part2.2+part4.3+part5.3	0h:2m:24s (0h:1m:26s left)
 133 K2P+G4       21231.593   part2.1+part4.3+part5.3	0h:2m:24s (0h:1m:25s left)
Merging part5.1+part5.2 with BIC score: 21139.011 (LnL: -10111.771  df: 122)
 134 K3P+G4       21121.238   part1.1+part5.1+part5.2	0h:2m:29s (0h:1m:25s left)
 135 K3P+G4       21181.815   part1.3+part5.1+part5.2	0h:2m:29s (0h:1m:24s left)
 136 K2P+G4       21124.205   part2.1+part5.1+part5.2	0h:2m:31s (0h:1m:23s left)
 137 TIM3+F+G4    21131.591   part3.2+part5.1+part5.2	0h:2m:32s (0h:1m:22s left)
 138 TIMe+G4      21131.936   part3.1+part5.1+part5.2	0h:2m:34s (0h:1m:21s left)
 139 TN+F+G4      21257.907   part2.3+part5.1+part5.2	0h:2m:36s (0h:1m:20s left)
 140 K3P+G4       21227.500   part3.3+part5.1+part5.2	0h:2m:36s (0h:1m:19s left)
 141 TIM2+F+G4    21243.425   part4.3+part5.1+part5.2+part5.3	0h:2m:38s (0h:1m:18s left)
 142 K3P+G4       21148.173   part2.2+part5.1+part5.2	0h:2m:38s (0h:1m:17s left)
 143 K3P+G4       21127.843   part4.1+part5.1+part5.2	0h:2m:39s (0h:1m:15s left)
 144 K2P+G4       21127.097   part1.2+part5.1+part5.2	0h:2m:39s (0h:1m:14s left)
 145 K3P+G4       21154.400   part4.2+part5.1+part5.2	0h:2m:39s (0h:1m:12s left)
Merging part2.2+part4.2 with BIC score: 21120.226 (LnL: -10109.882  df: 120)
 146 TPM3+F+G4    21140.593   part1.1+part2.2+part4.2	0h:2m:44s (0h:1m:13s left)
 147 TPM3+F+G4    21251.995   part1.3+part2.2+part4.2	0h:2m:44s (0h:1m:11s left)
 148 HKY+F        21133.039   part2.1+part2.2+part4.2	0h:2m:44s (0h:1m:10s left)
 149 K3P+G4       21156.975   part2.2+part4.2+part5.1+part5.2	0h:2m:45s (0h:1m:8s left)
 150 TPM3+F+G4    21132.668   part2.2+part3.2+part4.2	0h:2m:46s (0h:1m:7s left)
 151 TVMe+G4      21343.857   part2.2+part2.3+part4.2	0h:2m:47s (0h:1m:6s left)
 152 TPM3u+F+G4   21321.298   part2.2+part3.3+part4.2	0h:2m:48s (0h:1m:5s left)
 153 HKY+F+I+G4   21173.008   part2.2+part3.1+part4.2	0h:2m:48s (0h:1m:3s left)
 154 TPM3+F+G4    21129.535   part2.2+part4.1+part4.2	0h:2m:49s (0h:1m:2s left)
 155 HKY+F        21115.847   part1.2+part2.2+part4.2	0h:2m:49s (0h:1m:1s left)
 156 K2P+G4       21351.133   part2.2+part4.2+part4.3+part5.3	0h:2m:51s (0h:1m:0s left)
Merging part1.1+part5.1+part5.2 with BIC score: 21102.453 (LnL: -10112.252  df: 117)
 157 K2P+G4       21089.971   part1.1+part1.2+part5.1+part5.2	0h:2m:56s (0h:1m:0s left)
 158 K3P+G4       21145.235   part1.1+part1.3+part5.1+part5.2	0h:2m:56s (0h:0m:59s left)
 159 K2P+G4       21087.671   part1.1+part2.1+part5.1+part5.2	0h:2m:57s (0h:0m:58s left)
 160 TPM3+F+G4    21098.402   part1.1+part3.2+part5.1+part5.2	0h:2m:58s (0h:0m:56s left)
 161 K3P+G4       21142.025   part1.1+part2.2+part4.2+part5.1+part5.2	0h:2m:58s (0h:0m:55s left)
 162 TIMe+G4      21101.172   part1.1+part3.1+part5.1+part5.2	0h:3m:0s (0h:0m:54s left)
 163 K3P+G4       21200.108   part1.1+part3.3+part5.1+part5.2	0h:3m:1s (0h:0m:53s left)
 164 TN+F+G4      21238.977   part1.1+part2.3+part5.1+part5.2	0h:3m:2s (0h:0m:52s left)
 165 K3P+G4       21091.501   part1.1+part4.1+part5.1+part5.2	0h:3m:2s (0h:0m:50s left)
 166 TVM+F+G4     21235.509   part1.1+part4.3+part5.1+part5.2+part5.3	0h:3m:5s (0h:0m:50s left)
Merging part3.3+part4.3+part5.3 with BIC score: 21085.195 (LnL: -10111.126  df: 115)
 167 TPM3u+F+G4   21362.483   part2.2+part3.3+part4.2+part4.3+part5.3	0h:3m:16s (0h:0m:51s left)
 168 TIM3e+G4     21167.319   part2.1+part3.3+part4.3+part5.3	0h:3m:17s (0h:0m:50s left)
 169 TPM3u+F+G4   21190.956   part3.2+part3.3+part4.3+part5.3	0h:3m:17s (0h:0m:49s left)
 170 TVM+F+G4     21083.802   part1.3+part3.3+part4.3+part5.3	0h:3m:18s (0h:0m:47s left)
 171 TPM2+F+G4    21145.772   part1.2+part3.3+part4.3+part5.3	0h:3m:18s (0h:0m:46s left)
 172 TIM2+F+G4    21112.036   part2.3+part3.3+part4.3+part5.3	0h:3m:18s (0h:0m:45s left)
 173 TVM+F+G4     21248.154   part1.1+part3.3+part4.3+part5.1+part5.2+part5.3	0h:3m:19s (0h:0m:43s left)
 174 K2P+G4       21142.805   part3.1+part3.3+part4.3+part5.3	0h:3m:19s (0h:0m:42s left)
 175 TPM2+F+G4    21190.937   part3.3+part4.1+part4.3+part5.3	0h:3m:25s (0h:0m:42s left)
Merging part1.2+part2.1 with BIC score: 21070.272 (LnL: -10111.169  df: 113)
 176 K2P+G4       21063.405   part1.2+part2.1+part4.1	0h:3m:29s (0h:0m:41s left)
 177 K2P+G4       21119.794   part1.2+part1.3+part2.1	0h:3m:30s (0h:0m:40s left)
 178 TPM3u+F+G4   21076.248   part1.2+part2.1+part3.2	0h:3m:31s (0h:0m:39s left)
 179 HKY+F        21082.899   part1.2+part2.1+part2.2+part4.2	0h:3m:33s (0h:0m:38s left)
 180 HKY+F+G4     21076.045   part1.2+part2.1+part3.1	0h:3m:34s (0h:0m:36s left)
 181 K2P+G4       21057.297   part1.1+part1.2+part2.1+part5.1+part5.2	0h:3m:35s (0h:0m:35s left)
 182 TVMe+G4      21210.962   part1.2+part2.1+part2.3	0h:3m:35s (0h:0m:34s left)
 183 TPM2u+F+G4   21209.108   part1.2+part2.1+part3.3+part4.3+part5.3	0h:3m:37s (0h:0m:33s left)
Merging part1.1+part1.2+part2.1+part5.1+part5.2 with BIC score: 21057.297 (LnL: -10115.938  df: 110)
 184 K2P+G4       21048.919   part1.1+part1.2+part2.1+part4.1+part5.1+part5.2	0h:3m:42s (0h:0m:32s left)
 185 K2P+G4       21108.913   part1.1+part1.2+part1.3+part2.1+part5.1+part5.2	0h:3m:43s (0h:0m:31s left)
 186 K2P+G4       21095.392   part1.1+part1.2+part2.1+part2.2+part4.2+part5.1+part5.2	0h:3m:44s (0h:0m:30s left)
 187 K2P+G4       21062.936   part1.1+part1.2+part2.1+part3.1+part5.1+part5.2	0h:3m:46s (0h:0m:29s left)
 188 TPM3u+F+G4   21058.474   part1.1+part1.2+part2.1+part3.2+part5.1+part5.2	0h:3m:46s (0h:0m:27s left)
 189 TVMe+G4      21227.526   part1.1+part1.2+part2.1+part2.3+part5.1+part5.2	0h:3m:47s (0h:0m:26s left)
 190 TVM+F+G4     21291.438   part1.1+part1.2+part2.1+part3.3+part4.3+part5.1+part5.2+part5.3	0h:3m:50s (0h:0m:25s left)
Merging part1.1+part1.2+part2.1+part4.1+part5.1+part5.2 with BIC score: 21048.919 (LnL: -10130.508  df: 105)
 191 K3P+G4       21108.483   part1.1+part1.2+part1.3+part2.1+part4.1+part5.1+part5.2	0h:3m:55s (0h:0m:24s left)
 192 K2P+G4       21046.593   part1.1+part1.2+part2.1+part3.2+part4.1+part5.1+part5.2	0h:3m:56s (0h:0m:23s left)
 193 K2P+G4       21082.067   part1.1+part1.2+part2.1+part2.2+part4.1+part4.2+part5.1+part5.2	0h:3m:57s (0h:0m:22s left)
 194 K2P+G4       21058.679   part1.1+part1.2+part2.1+part3.1+part4.1+part5.1+part5.2	0h:3m:58s (0h:0m:20s left)
 195 TVMe+G4      21230.821   part1.1+part1.2+part2.1+part2.3+part4.1+part5.1+part5.2	0h:3m:59s (0h:0m:19s left)
 196 K3P+G4       21320.689   part1.1+part1.2+part2.1+part3.3+part4.1+part4.3+part5.1+part5.2+part5.3	0h:4m:2s (0h:0m:18s left)
Merging part1.1+part1.2+part2.1+part3.2+part4.1+part5.1+part5.2 with BIC score: 21046.593 (LnL: -10155.608  df: 98)
 197 TPM3u+F+G4   21107.656   part1.1+part1.2+part1.3+part2.1+part3.2+part4.1+part5.1+part5.2	0h:4m:11s (0h:0m:17s left)
 198 TPM3u+F+G4   21076.120   part1.1+part1.2+part2.1+part2.2+part3.2+part4.1+part4.2+part5.1+part5.2	0h:4m:12s (0h:0m:16s left)
 199 K2P+G4       21055.307   part1.1+part1.2+part2.1+part3.1+part3.2+part4.1+part5.1+part5.2	0h:4m:13s (0h:0m:15s left)
 200 TVMe+G4      21220.941   part1.1+part1.2+part2.1+part2.3+part3.2+part4.1+part5.1+part5.2	0h:4m:13s (0h:0m:13s left)
 201 TPM3u+F+G4   21331.971   part1.1+part1.2+part2.1+part3.2+part3.3+part4.1+part4.3+part5.1+part5.2+part5.3	0h:4m:16s (0h:0m:12s left)
Merging part1.3+part3.3+part4.3+part5.3 with BIC score: 21045.200 (LnL: -10162.416  df: 96)
 202 TPM3u+F+G4   21327.063   part1.3+part2.2+part3.3+part4.2+part4.3+part5.3	0h:4m:30s (0h:0m:12s left)
 203 TIM3+F+G4    21080.652   part1.3+part2.3+part3.3+part4.3+part5.3	0h:4m:31s (0h:0m:10s left)
 204 K3P+G4       21111.048   part1.3+part3.1+part3.3+part4.3+part5.3	0h:4m:31s (0h:0m:9s left)
 205 TPM3u+F+G4   21350.194   part1.1+part1.2+part1.3+part2.1+part3.2+part3.3+part4.1+part4.3+part5.1+part5.2+part5.3	0h:4m:33s (0h:0m:7s left)
BEST-FIT PARTITION MODEL: 
  charpartition BIC = K2P+G4: part1.1 part1.2 part2.1 part3.2 part4.1 part5.1 part5.2, TVM+F+G4: part1.3 part3.3 part4.3 part5.3, HKY+F: part2.2 part4.2, TPM3+F+G4: part2.3, HKY+F+G4: part3.1;
Agglomerative model selection: (((((part1.1,(part5.1,part5.2)2:21139)4:21102.5,(part1.2,part2.1)6:21070.3)7:21057.3,part4.1)8:21048.9,part3.2)9:21046.6,(part1.3,(part3.3,(part4.3,part5.3)1:21161.3)5:21085.2)10:21045.2,(part2.2,part4.2)3:21120.2,part2.3,part3.1)
Merging into 5 partitions...
Partition information was printed to 4_set209.best_scheme.nex
Partition information in Raxml format was printed to 4_set209.best_scheme

All model information printed to 4_set209.model.gz
CPU time for ModelFinder: 353.640 seconds (0h:5m:53s)
Wall-clock time for ModelFinder: 273.506 seconds (0h:4m:33s)
Generating 1000 samples for ultrafast bootstrap (seed: 532059)...

NOTE: 8 MB RAM (0 GB) is required!
Measuring multi-threading efficiency up to 8 CPU cores
Increase to 10 rounds for branch lengths
34 trees examined
Threads: 1 / Time: 8.242 sec / Speedup: 1.000 / Efficiency: 100% / LogL: -15773
Threads: 2 / Time: 19.141 sec / Speedup: 0.431 / Efficiency: 22% / LogL: -15773
BEST NUMBER OF THREADS: 1

Estimate model parameters (epsilon = 0.100)
Initial log-likelihood: -11043.552
Current log-likelihood at step 1: -10334.712
Current log-likelihood at step 2: -10268.968
Current log-likelihood at step 3: -10244.145
Current log-likelihood at step 4: -10222.597
Current log-likelihood at step 5: -10202.896
Current log-likelihood at step 6: -10200.638
Current log-likelihood at step 7: -10198.638
Current log-likelihood at step 8: -10196.863
Current log-likelihood at step 9: -10195.274
Current log-likelihood at step 10: -10193.845
Current log-likelihood at step 11: -10192.568
Current log-likelihood at step 12: -10191.402
Current log-likelihood at step 13: -10190.339
Current log-likelihood at step 14: -10189.363
Current log-likelihood at step 15: -10188.455
Current log-likelihood at step 16: -10187.620
Current log-likelihood at step 17: -10186.845
Current log-likelihood at step 18: -10186.121
Current log-likelihood at step 19: -10185.443
Current log-likelihood at step 20: -10184.807
Current log-likelihood at step 21: -10184.206
Current log-likelihood at step 22: -10183.638
Current log-likelihood at step 23: -10183.101
Current log-likelihood at step 24: -10182.591
Current log-likelihood at step 25: -10182.104
Current log-likelihood at step 26: -10181.640
Current log-likelihood at step 27: -10181.205
Current log-likelihood at step 28: -10180.785
Current log-likelihood at step 29: -10180.381
Current log-likelihood at step 30: -10179.996
Current log-likelihood at step 31: -10179.647
Current log-likelihood at step 32: -10179.304
Current log-likelihood at step 33: -10178.968
Current log-likelihood at step 34: -10178.638
Current log-likelihood at step 35: -10178.313
Current log-likelihood at step 36: -10177.992
Current log-likelihood at step 37: -10177.675
Current log-likelihood at step 38: -10177.361
Current log-likelihood at step 39: -10177.051
Current log-likelihood at step 40: -10176.743
Current log-likelihood at step 41: -10176.435
Current log-likelihood at step 42: -10176.131
Current log-likelihood at step 43: -10175.828
Current log-likelihood at step 44: -10175.526
Current log-likelihood at step 45: -10175.226
Current log-likelihood at step 46: -10174.925
Current log-likelihood at step 47: -10174.624
Current log-likelihood at step 48: -10174.322
Current log-likelihood at step 49: -10174.021
Current log-likelihood at step 50: -10173.720
Current log-likelihood at step 51: -10173.417
Current log-likelihood at step 52: -10173.112
Current log-likelihood at step 53: -10172.805
Current log-likelihood at step 54: -10172.496
Current log-likelihood at step 55: -10172.186
Current log-likelihood at step 56: -10171.873
Current log-likelihood at step 57: -10171.557
Current log-likelihood at step 58: -10171.238
Current log-likelihood at step 59: -10170.916
Current log-likelihood at step 60: -10170.590
Current log-likelihood at step 61: -10170.261
Current log-likelihood at step 62: -10169.928
Current log-likelihood at step 63: -10169.591
Current log-likelihood at step 64: -10169.249
Current log-likelihood at step 65: -10168.904
Current log-likelihood at step 66: -10168.553
Current log-likelihood at step 67: -10168.198
Current log-likelihood at step 68: -10167.838
Current log-likelihood at step 69: -10167.472
Current log-likelihood at step 70: -10167.102
Current log-likelihood at step 71: -10166.726
Current log-likelihood at step 72: -10166.345
Current log-likelihood at step 73: -10165.959
Current log-likelihood at step 74: -10165.567
Current log-likelihood at step 75: -10165.170
Current log-likelihood at step 76: -10164.768
Current log-likelihood at step 77: -10164.362
Current log-likelihood at step 78: -10163.951
Current log-likelihood at step 79: -10163.537
Current log-likelihood at step 80: -10163.120
Current log-likelihood at step 81: -10162.700
Current log-likelihood at step 82: -10162.280
Current log-likelihood at step 83: -10157.388
Current log-likelihood at step 84: -10157.374
Partition-specific rates:  0.455 1.878 0.115 2.830 0.953
Parameters optimization took 83 rounds (14.992 sec)

Computing ML distances based on estimated model parameters... 0.048 sec
Computing BIONJ tree...
0.004 seconds
Log-likelihood of BIONJ tree: -10191.085
--------------------------------------------------------------------
|             INITIALIZING CANDIDATE TREE SET                      |
--------------------------------------------------------------------
Generating 98 parsimony trees... 3.280 second
Computing log-likelihood of 98 initial trees ... 9.853 seconds
Current best score: -10157.374

Do NNI search on 20 best initial trees
Estimate model parameters (epsilon = 0.100)
Initial log-likelihood: -10147.700
Current log-likelihood at step 1: -10147.608
Parameters optimization took 0 rounds (0.102 sec)

BETTER TREE FOUND at iteration 1: -10147.608
UPDATE BEST LOG-LIKELIHOOD: -10147.608
UPDATE BEST LOG-LIKELIHOOD: -10147.607
UPDATE BEST LOG-LIKELIHOOD: -10147.607
Iteration 10 / LogL: -10157.653 / Time: 0h:1m:5s
Iteration 20 / LogL: -10147.608 / Time: 0h:1m:18s
Finish initializing candidate tree set (3)
Current best tree score: -10147.607 / CPU time: 36.087
Number of iterations: 20
--------------------------------------------------------------------
|               OPTIMIZING CANDIDATE TREE SET                      |
--------------------------------------------------------------------
Iteration 30 / LogL: -10157.654 / Time: 0h:1m:29s (0h:3m:39s left)
UPDATE BEST LOG-LIKELIHOOD: -10147.607
UPDATE BEST LOG-LIKELIHOOD: -10147.607
Iteration 40 / LogL: -10150.681 / Time: 0h:1m:40s (0h:2m:37s left)
Iteration 50 / LogL: -10147.607 / Time: 0h:1m:51s (0h:1m:56s left)
Log-likelihood cutoff on original alignment: -10198.947
Iteration 60 / LogL: -10147.608 / Time: 0h:2m:2s (0h:1m:24s left)
Iteration 70 / LogL: -10147.608 / Time: 0h:2m:13s (0h:1m:0s left)
UPDATE BEST LOG-LIKELIHOOD: -10147.607
Iteration 80 / LogL: -10150.683 / Time: 0h:2m:24s (0h:0m:38s left)
Iteration 90 / LogL: -10147.615 / Time: 0h:2m:34s (0h:0m:19s left)
Iteration 100 / LogL: -10150.680 / Time: 0h:2m:46s (0h:0m:1s left)
Log-likelihood cutoff on original alignment: -10197.334
NOTE: Bootstrap correlation coefficient of split occurrence frequencies: 1.000
TREE SEARCH COMPLETED AFTER 102 ITERATIONS / Time: 0h:2m:49s

--------------------------------------------------------------------
|                    FINALIZING TREE SEARCH                        |
--------------------------------------------------------------------
Performs final model parameters optimization
Estimate model parameters (epsilon = 0.010)
Initial log-likelihood: -10147.607
Current log-likelihood at step 1: -10147.590
Current log-likelihood at step 2: -10147.579
Current log-likelihood at step 3: -10147.569
Current log-likelihood at step 4: -10147.559
Current log-likelihood at step 5: -10147.549
Partition-specific rates:  0.450 1.883 0.113 2.830 0.962
Parameters optimization took 4 rounds (0.786 sec)

BEST SCORE FOUND : -10147.549
Creating bootstrap support values...
Split supports printed to NEXUS file 4_set209.splits.nex
Total tree length: 0.997

Total number of iterations: 102
CPU time used for tree search: 53.180 sec (0h:0m:53s)
Wall-clock time used for tree search: 126.119 sec (0h:2m:6s)
Total CPU time used: 69.923 sec (0h:1m:9s)
Total wall-clock time used: 170.445 sec (0h:2m:50s)

Computing bootstrap consensus tree...
Reading input file 4_set209.splits.nex...
35 taxa and 172 splits.
Consensus tree written to 4_set209.contree
Reading input trees file 4_set209.contree
Log-likelihood of consensus tree: -10147.579

Analysis results written to: 
  IQ-TREE report:                4_set209.iqtree
  Maximum-likelihood tree:       4_set209.treefile
  Likelihood distances:          4_set209.mldist
  Best partitioning scheme:      4_set209.best_scheme.nex
           in RAxML format:      4_set209.best_scheme

Ultrafast bootstrap approximation results written to:
  Split support values:          4_set209.splits.nex
  Consensus tree:                4_set209.contree
  Screen log file:               4_set209.log

Date and Time: Sat Sep  8 01:22:49 2018
