IQ-TREE multicore version 1.6.7 for Mac OS X 64-bit built Aug 23 2018
Developed by Bui Quang Minh, Nguyen Lam Tung, Olga Chernomor,
Heiko Schmidt, Dominik Schrempf, Michael Woodhams.

Host:    meeps-mac-pro.staff.sydney.edu.au (AVX, 64 GB RAM)
Command: /Users/davidduchene/Desktop/Software/iqtree-1.6.7-MacOSX/bin/iqtree -s ../../../../marsupials/set270.fasta -m TESTMERGE -bb 1000 -spp ../../../../marsupials/set270.nex -nt AUTO -pre 4_set270
Seed:    468842 (Using SPRNG - Scalable Parallel Random Number Generator)
Time:    Sat Sep  8 08:46:44 2018
Kernel:  AVX - auto-detect threads (8 CPU cores detected)

Reading partition model file ../../../../marsupials/set270.nex ...
Reading alignment file ../../../../marsupials/set270.fasta ... Fasta format detected
Alignment most likely contains DNA/RNA sequences
Alignment has 35 sequences with 1740 columns, 730 distinct patterns
409 parsimony-informative, 264 singleton sites, 1067 constant sites
                                              Gap/Ambiguity  Composition  p-value
   1  Burramyidae_Burramys_parvus                    13.45%    passed     95.16%
   2  Notoryctidae_Notoryctes_typhlops                1.95%    passed     96.65%
   3  Vombatidae_Lasiorhinus_latifrons                0.69%    passed     89.90%
   4  Potoroidae_Bettongia_penicillata                0.23%    passed     99.58%
   5  Potoroidae_Bettongia_lesueur                    5.75%    passed     92.32%
   6  Dasyuridae_Dasyurus_maculatus                   5.57%    passed     97.21%
   7  Phalangeridae_Trichosurus_vulpecula             0.23%    passed     92.43%
   8  Phalangeridae_Spilocuscus_maculatus             7.59%    passed     85.85%
   9  Potoroidae_Aepyprymnus_rufescens                0.17%    passed     96.33%
  10  Peramelidae_Perameles_nasuta                    3.28%    passed     81.83%
  11  Phalangeridae_Strigocuscus_pelengensis          7.64%    passed     86.23%
  12  Dasyuridae_Phascogale_tapoatafa                 0.23%    passed     97.56%
  13  Dasyuridae_Sminthopsis_macroura                 0.11%    passed     97.22%
  14  Phalangeridae_Phalanger_orientalis              0.34%    passed     95.98%
  15  Acrobatidae_Acrobates_pygmaeus                  2.13%    passed     95.89%
  16  Dasyuridae_Phascogale_calura                    0.11%    passed     98.60%
  17  Dasyuridae_Sarcophilus_harrisii                 0.06%    passed     92.12%
  18  Dasyuridae_Planigale_tenuirostris              13.62%    passed     82.50%
  19  Peramelidae_Echymipera_kalubu                   0.17%    passed     63.67%
  20  Macropodidae_Dorcopsulus_vanheurni              1.26%    passed     95.92%
  21  Pseudochiridae_Pseudochirulus_forbesi           0.17%    passed     77.63%
  22  Didelphidae_Didelphis_virginiana                1.44%    passed     97.42%
  23  Marmosidae_Monodelphis_domestica                0.40%    passed     99.82%
  24  Dasyuridae_Antechinus_stuartii                  0.92%    passed     97.75%
  25  Hypsiprymnodontidae_Hypsiprymnodon_moschatus    0.57%    passed     77.16%
  26  Microbiotheriidae_Dromiciops_gliroides          3.97%    passed     77.42%
  27  Pseudochiridae_Petauroides_volans              19.60%    passed     39.36%
  28  Macropodidae_Wallabia_bicolor                   6.09%    passed     77.99%
  29  Pseudochiridae_Pseudocheirus_occidentalis      12.41%    passed     85.13%
  30  Tarsipedidae_Tarsipes_rostratus                 1.61%    passed     96.55%
  31  Acrobatidae_Distoechurus_pennatus               1.38%    passed     75.58%
  32  Phalangeridae_Phalanger_carmelitae              0.06%    passed     95.59%
  33  Peramelidae_Peroryctes_raffrayana               3.91%    passed     77.68%
  34  Dasyuridae_Dasyurus_geffroii                    5.52%    passed     93.03%
  35  Peramelidae_Perameles_gunnii                    0.69%    passed     68.05%
****  TOTAL                                           3.52%  0 sequences failed composition chi2 test (p-value<5%; df=3)
NOTE: No CharPartition defined, use all CharSets

Loading 15 partitions...
Subset	Type	Seqs	Sites	Infor	Invar	Model	Name
1		35	105	12	63	TESTMERGE	part1.1
2		35	105	16	69	TESTMERGE	part1.2
3		35	105	13	68	TESTMERGE	part1.3
4		33	75	37	29	TESTMERGE	part2.1
5		33	75	26	42	TESTMERGE	part2.2
6		33	75	42	17	TESTMERGE	part2.3
7		35	78	5	68	TESTMERGE	part3.1
8		35	78	1	77	TESTMERGE	part3.2
9		35	78	34	35	TESTMERGE	part3.3
10		35	257	43	178	TESTMERGE	part4.1
11		35	257	22	201	TESTMERGE	part4.2
12		35	257	139	64	TESTMERGE	part4.3
13		35	65	5	52	TESTMERGE	part5.1
14		35	65	2	60	TESTMERGE	part5.2
15		35	65	12	44	TESTMERGE	part5.3
Degree of missing data: 0.007
Info: multi-threading strategy over partitions



Create initial parsimony tree by phylogenetic likelihood library (PLL)... 0.007 seconds
NOTE: ModelFinder requires 8 MB RAM!
NUMBER OF THREADS FOR PARTITION FINDING: 8
Testing GTR+F+G on supermatrix...
GTR+F+G4 / LnL: -9843.422 / df: 76 / AIC: 19838.844 / AICc: 19845.882 / BIC: 20253.929
Selecting individual models for 15 charsets using BIC...
 No. Model        Score       Charset
   1 K2P+I        589.088     part5.3
   2 K2P+G4       1479.067    part2.3
   3 TIM2e+G4     1041.031    part1.1
   4 TIM3e+G4     1106.807    part3.3
   5 K2P+I        1346.965    part2.1
   6 TIM2e+G4     1807.989    part4.2
   7 TIM2e+G4     2482.065    part4.1
   8 K2P          241.861     part3.2
   9 TVMe+G4      4804.311    part4.3
  10 K2P+G4       1095.098    part2.2	0h:0m:8s (0h:3m:0s left)
  11 TNe+G4       1125.368    part1.3	0h:0m:9s (0h:2m:44s left)
  12 K2P          394.186     part5.1	0h:0m:9s (0h:2m:35s left)
  13 TVMe+G4      1142.392    part1.2	0h:0m:9s (0h:2m:25s left)
  14 K2P+I        298.536     part5.2	0h:0m:9s (0h:2m:15s left)
  15 K2P+I        438.427     part3.1	0h:0m:9s (0h:2m:9s left)
Full partition model BIC score: 20044.019 (LnL: -9559.388  df:124)
Merging models to increase model fit (about 211 total partition schemes)...
  16 TVMe+G4      20043.675   part2.1+part4.3	0h:0m:15s (0h:3m:7s left)
  17 TIM2e+G4     20068.527   part4.3+part5.3	0h:0m:15s (0h:2m:59s left)
  18 TIM2e+G4     20055.472   part1.1+part4.3	0h:0m:16s (0h:2m:53s left)
  19 TVMe+G4      20023.394   part3.3+part4.3	0h:0m:17s (0h:2m:55s left)
  20 K2P+G4       20024.506   part2.3+part4.3	0h:0m:17s (0h:2m:48s left)
  21 TIM2e+G4     20185.667   part4.2+part4.3	0h:0m:17s (0h:2m:39s left)
  22 TVMe+G4      20070.293   part1.2+part4.3	0h:0m:17s (0h:2m:32s left)
  23 TIM2e+G4     20117.600   part4.1+part4.3	0h:0m:18s (0h:2m:27s left)
  24 K2P+G4       20080.170   part2.3+part4.1	0h:0m:22s (0h:2m:58s left)
  25 TIM2e+G4     20025.746   part4.1+part4.2	0h:0m:23s (0h:2m:53s left)
  26 TIM2e+G4     20048.227   part2.2+part4.3	0h:0m:24s (0h:2m:54s left)
  27 TVMe+G4      20088.487   part1.3+part4.3	0h:0m:25s (0h:2m:57s left)
  28 TVMe+G4      20186.697   part3.2+part4.3	0h:0m:26s (0h:2m:50s left)
  29 TVMe+G4      20104.220   part4.3+part5.1	0h:0m:26s (0h:2m:44s left)
  30 TVMe+G4      20127.780   part4.3+part5.2	0h:0m:26s (0h:2m:39s left)
  31 TIM2e+G4     20117.292   part3.1+part4.3	0h:0m:26s (0h:2m:33s left)
  32 TIM2e+G4     20056.640   part2.1+part4.1	0h:0m:28s (0h:2m:40s left)
  33 TIM2e+G4     20031.985   part3.3+part4.1	0h:0m:29s (0h:2m:37s left)
  34 TIM2e+G4     20013.953   part1.1+part4.1	0h:0m:30s (0h:2m:40s left)
  35 K2P+G4       20026.754   part4.1+part5.3	0h:0m:31s (0h:2m:36s left)
  36 TIM2e+G4     20019.346   part1.2+part4.1	0h:0m:33s (0h:2m:40s left)
  37 TIM2e+G4     20041.400   part4.1+part5.1	0h:0m:33s (0h:2m:35s left)
  38 K2P+G4       20125.877   part2.3+part4.2	0h:0m:33s (0h:2m:30s left)
  39 TIM2e+G4     20025.770   part2.2+part4.1	0h:0m:33s (0h:2m:25s left)
  40 TIM2e+I+G4   20029.095   part1.3+part4.1	0h:0m:34s (0h:2m:29s left)
  41 TIM2e+G4     20095.681   part2.1+part4.2	0h:0m:35s (0h:2m:27s left)
  42 K2P+I        20033.422   part2.1+part2.3	0h:0m:37s (0h:2m:30s left)
  43 TIM2e+G4     20023.787   part1.1+part4.2	0h:0m:37s (0h:2m:26s left)
  44 K2P+G4       20053.415   part1.1+part2.3	0h:0m:37s (0h:2m:23s left)
  45 TIM2e+G4     20050.458   part3.3+part4.2	0h:0m:38s (0h:2m:22s left)
  46 K2P+G4       20031.279   part2.3+part3.3	0h:0m:38s (0h:2m:19s left)
  47 TIM2e+G4     20041.248   part4.1+part5.2	0h:0m:38s (0h:2m:15s left)
  48 TIM2e+G4     20035.798   part4.2+part5.3	0h:0m:40s (0h:2m:18s left)
  49 TIM2e+I+G4   20045.410   part1.2+part4.2	0h:0m:41s (0h:2m:16s left)
  50 K2P+G4       20063.523   part2.3+part5.3	0h:0m:41s (0h:2m:14s left)
  51 K2P+G4       20043.990   part2.2+part2.3	0h:0m:42s (0h:2m:11s left)
  52 K2P+G4       20065.710   part1.2+part2.3	0h:0m:43s (0h:2m:12s left)
  53 TIM2e+G4     20034.386   part3.1+part4.1	0h:0m:44s (0h:2m:11s left)
  54 TIM2e+G4     20029.546   part4.2+part5.1	0h:0m:44s (0h:2m:8s left)
  55 TIM2e+G4     20057.591   part2.2+part4.2	0h:0m:44s (0h:2m:5s left)
  56 TIM2e+I+G4   20057.034   part1.3+part4.2	0h:0m:47s (0h:2m:10s left)
  57 K2P+G4       20039.315   part1.1+part2.1	0h:0m:48s (0h:2m:11s left)
  58 K2P+I        20038.083   part2.1+part3.3	0h:0m:50s (0h:2m:13s left)
  59 TIM2e+G4     20026.096   part1.1+part3.3	0h:0m:50s (0h:2m:11s left)
  60 K2P+G4       20094.578   part2.3+part5.1	0h:0m:51s (0h:2m:9s left)
  61 TIM2e+G4     20032.285   part4.2+part5.2	0h:0m:52s (0h:2m:10s left)
  62 K2P+I        20053.963   part2.1+part5.3	0h:0m:52s (0h:2m:7s left)
  63 K2P+G4       20065.092   part1.3+part2.3	0h:0m:53s (0h:2m:4s left)
  64 K2P+G4       20024.843   part1.1+part5.3	0h:0m:53s (0h:2m:3s left)
  65 TNe+G4       20030.933   part3.3+part5.3	0h:0m:54s (0h:2m:1s left)
  66 TPM2u+F+G4   20048.736   part1.2+part2.1	0h:0m:55s (0h:2m:1s left)
  67 TPM2u+F+G4   20018.039   part1.1+part1.2	0h:0m:57s (0h:2m:3s left)
  68 TPM2u+F+G4   20041.484   part1.2+part3.3	0h:0m:57s (0h:2m:0s left)
  69 K2P+G4       20105.673   part2.3+part5.2	0h:0m:57s (0h:1m:58s left)
  70 K2P+I        20029.212   part2.1+part2.2	0h:0m:59s (0h:1m:59s left)
  71 TIM2e+G4     20033.935   part2.2+part3.3	0h:0m:59s (0h:1m:57s left)
  72 K2P+G4       20078.591   part2.1+part5.1	0h:1m:0s (0h:1m:56s left)
  73 TIM2e+G4     20026.038   part1.1+part2.2	0h:1m:1s (0h:1m:56s left)
  74 TIM2e+G4     20073.484   part3.2+part4.1	0h:1m:3s (0h:1m:58s left)
  75 TIM2e+G4     20042.225   part1.1+part5.1	0h:1m:6s (0h:1m:59s left)
  76 TNe+G4       20052.191   part3.3+part5.1	0h:1m:6s (0h:1m:57s left)
  77 TVMe+G4      20046.701   part1.2+part5.3	0h:1m:6s (0h:1m:56s left)
  78 TNe+G4       20040.970   part1.3+part2.1	0h:1m:8s (0h:1m:56s left)
  79 TNe+G4       20044.635   part1.3+part3.3	0h:1m:9s (0h:1m:56s left)
  80 TIM2e+G4     20028.514   part1.1+part1.3	0h:1m:10s (0h:1m:55s left)
  81 K2P+G4       20037.261   part5.1+part5.3	0h:1m:11s (0h:1m:54s left)
  82 TN+F+G4      20049.132   part2.2+part5.3	0h:1m:12s (0h:1m:54s left)
  83 TIM2e+G4     20020.806   part1.2+part2.2	0h:1m:12s (0h:1m:52s left)
  84 TIM2e+G4     20027.562   part3.1+part4.2	0h:1m:14s (0h:1m:53s left)
  85 K2P+G4       20042.510   part1.3+part5.3	0h:1m:15s (0h:1m:52s left)
  86 TVMe+G4      20053.824   part1.2+part5.1	0h:1m:16s (0h:1m:50s left)
  87 TNe+G4       20059.836   part3.3+part5.2	0h:1m:17s (0h:1m:50s left)
  88 K2P+G4       20042.601   part1.1+part5.2	0h:1m:17s (0h:1m:48s left)
  89 K2P+I        20075.242   part2.1+part5.2	0h:1m:17s (0h:1m:46s left)
  90 K2P+G4       20099.984   part2.3+part3.1	0h:1m:20s (0h:1m:47s left)
  91 TIM2e+I+G4   20022.410   part1.2+part1.3	0h:1m:20s (0h:1m:45s left)
  92 K2P+G4       20057.784   part2.2+part5.1	0h:1m:21s (0h:1m:45s left)
  93 HKY+F+G4     20047.212   part5.2+part5.3	0h:1m:21s (0h:1m:43s left)
  94 TNe+G4       20022.102   part1.3+part2.2	0h:1m:22s (0h:1m:42s left)
  95 TNe+I+G4     20059.366   part1.3+part5.1	0h:1m:22s (0h:1m:40s left)
  96 TVMe+I+G4    20049.649   part1.2+part5.2	0h:1m:24s (0h:1m:40s left)
  97 K2P+G4       20051.983   part2.2+part5.2	0h:1m:25s (0h:1m:40s left)
  98 TIM2e+G4     20055.923   part3.2+part4.2	0h:1m:26s (0h:1m:39s left)
  99 K2P          20031.682   part5.1+part5.2	0h:1m:28s (0h:1m:39s left)
 100 TIM2e+G4     20039.178   part1.1+part3.1	0h:1m:29s (0h:1m:39s left)
 101 K2P+I        20070.699   part2.1+part3.1	0h:1m:30s (0h:1m:38s left)
 102 TNe+I+G4     20045.838   part1.3+part5.2	0h:1m:30s (0h:1m:36s left)
 103 TNe+G4       20056.065   part3.1+part3.3	0h:1m:30s (0h:1m:35s left)
 104 K2P+I        20149.729   part2.3+part3.2	0h:1m:33s (0h:1m:35s left)
 105 K2P+G4       20030.733   part3.1+part5.3	0h:1m:34s (0h:1m:35s left)
 106 TVMe+I+G4    20043.185   part1.2+part3.1	0h:1m:35s (0h:1m:34s left)
 107 K3P+G4       20049.550   part2.2+part3.1	0h:1m:37s (0h:1m:34s left)
 108 K2P+I        20111.570   part2.1+part3.2	0h:1m:37s (0h:1m:32s left)
 109 K2P+I+G4     20044.259   part1.3+part3.1	0h:1m:39s (0h:1m:32s left)
 110 TIM3e+G4     20095.876   part3.2+part3.3	0h:1m:39s (0h:1m:31s left)
 111 K2P+G4       20060.834   part3.2+part5.3	0h:1m:39s (0h:1m:29s left)
 112 TIM2e+G4     20080.699   part1.1+part3.2	0h:1m:40s (0h:1m:29s left)
 113 K2P+G4       20033.261   part3.1+part5.1	0h:1m:41s (0h:1m:27s left)
 114 TVMe+I+G4    20077.817   part1.2+part3.2	0h:1m:42s (0h:1m:27s left)
 115 TNe+I+G4     20074.857   part1.3+part3.2	0h:1m:43s (0h:1m:26s left)
 116 K2P+G4       20083.861   part2.2+part3.2	0h:1m:43s (0h:1m:24s left)
 117 K2P          20047.203   part3.2+part5.1	0h:1m:43s (0h:1m:23s left)
 118 K2P+I        20022.936   part3.1+part5.2	0h:1m:43s (0h:1m:21s left)
 119 K2P+I        20034.438   part3.2+part5.2	0h:1m:43s (0h:1m:20s left)
 120 K2P+I        20039.687   part3.1+part3.2	0h:1m:43s (0h:1m:18s left)
Merging part1.1+part4.1 with BIC score: 20013.953 (LnL: -9563.009  df: 119)
 121 TIM2e+G4     20012.446   part1.1+part4.1+part5.1	0h:1m:49s (0h:1m:21s left)
 122 TIM2e+G4     19989.331   part1.1+part1.2+part4.1	0h:1m:49s (0h:1m:20s left)
 123 TIM2e+G4     20027.138   part1.1+part2.1+part4.1	0h:1m:49s (0h:1m:18s left)
 124 TIM2e+G4     20002.706   part1.1+part3.3+part4.1	0h:1m:50s (0h:1m:17s left)
 125 TIM2e+G4     19998.956   part1.1+part4.1+part4.2	0h:1m:50s (0h:1m:15s left)
 126 TIM2e+G4     19997.443   part1.1+part2.2+part4.1	0h:1m:50s (0h:1m:14s left)
 127 K2P+G4       20058.918   part1.1+part2.3+part4.1	0h:1m:50s (0h:1m:13s left)
 128 TIM2e+G4     20095.711   part1.1+part4.1+part4.3	0h:1m:54s (0h:1m:13s left)
 129 TIM2e+G4     20003.277   part1.1+part4.1+part5.3	0h:1m:55s (0h:1m:13s left)
 130 TIM2e+I+G4   20001.719   part1.1+part1.3+part4.1	0h:1m:55s (0h:1m:11s left)
 131 TIM2e+G4     20007.970   part1.1+part3.1+part4.1	0h:1m:55s (0h:1m:10s left)
 132 TIM2e+G4     20015.388   part1.1+part4.1+part5.2	0h:1m:55s (0h:1m:9s left)
 133 TIM2e+G4     20050.344   part1.1+part3.2+part4.1	0h:1m:55s (0h:1m:7s left)
Merging part1.1+part1.2+part4.1 with BIC score: 19989.331 (LnL: -9573.083  df: 113)
 134 TIM2e+I+G4   19971.881   part1.1+part1.2+part1.3+part4.1	0h:2m:1s (0h:1m:9s left)
 135 TIM2e+I+G4   19986.212   part1.1+part1.2+part3.1+part4.1	0h:2m:2s (0h:1m:8s left)
 136 TIM2e+G4     19991.430   part1.1+part1.2+part4.1+part5.1	0h:2m:3s (0h:1m:8s left)
 137 TIM2e+I+G4   19994.053   part1.1+part1.2+part4.1+part5.2	0h:2m:3s (0h:1m:6s left)
 138 TIM2e+I+G4   19983.793   part1.1+part1.2+part4.1+part4.2	0h:2m:3s (0h:1m:5s left)
 139 TIM2e+G4     19970.162   part1.1+part1.2+part2.2+part4.1	0h:2m:3s (0h:1m:4s left)
 140 TIM2e+G4     20042.207   part1.1+part1.2+part2.3+part4.1	0h:2m:5s (0h:1m:3s left)
 141 TVMe+G4      20085.299   part1.1+part1.2+part4.1+part4.3	0h:2m:7s (0h:1m:3s left)
 142 TIM2e+I+G4   20028.879   part1.1+part1.2+part3.2+part4.1	0h:2m:8s (0h:1m:2s left)
 143 TIM2e+G4     19983.012   part1.1+part1.2+part4.1+part5.3	0h:2m:8s (0h:1m:1s left)
 144 TIM2e+G4     19983.985   part1.1+part1.2+part3.3+part4.1	0h:2m:9s (0h:1m:0s left)
 145 TIM2e+G4     20000.306   part1.1+part1.2+part2.1+part4.1	0h:2m:9s (0h:0m:58s left)
Merging part1.3+part2.2 with BIC score: 19967.414 (LnL: -9573.317  df: 110)
 146 TIM2e+I+G4   19978.774   part1.3+part2.2+part3.1	0h:2m:13s (0h:0m:59s left)
 147 TNe+I+G4     20011.641   part1.3+part2.2+part3.2	0h:2m:14s (0h:0m:58s left)
 148 K2P+G4       19990.380   part1.3+part2.2+part2.3	0h:2m:14s (0h:0m:57s left)
 149 TIM2e+I+G4   19987.397   part1.3+part2.2+part5.1	0h:2m:15s (0h:0m:56s left)
 150 TN+F+G4      19972.398   part1.3+part2.2+part5.3	0h:2m:16s (0h:0m:55s left)
 151 TNe+I+G4     19977.375   part1.3+part2.2+part5.2	0h:2m:16s (0h:0m:54s left)
 152 TIM2e+I+G4   19948.861   part1.1+part1.2+part1.3+part2.2+part4.1	0h:2m:17s (0h:0m:53s left)
 153 TIM2e+G4     20021.712   part1.3+part2.2+part4.3	0h:2m:18s (0h:0m:52s left)
 154 TNe+G4       19962.614   part1.3+part2.1+part2.2	0h:2m:18s (0h:0m:51s left)
 155 TIM2e+G4     19968.389   part1.3+part2.2+part3.3	0h:2m:19s (0h:0m:50s left)
 156 TIM2e+I+G4   19989.048   part1.3+part2.2+part4.2	0h:2m:19s (0h:0m:49s left)
Merging part3.1+part5.2 with BIC score: 19946.331 (LnL: -9573.968  df: 107)
 157 K2P+G4       19939.391   part3.1+part5.2+part5.3	0h:2m:25s (0h:0m:49s left)
 158 K2P+G4       20035.188   part2.3+part3.1+part5.2	0h:2m:25s (0h:0m:48s left)
 159 K2P+G4       19996.638   part2.1+part3.1+part5.2	0h:2m:25s (0h:0m:47s left)
 160 K2P+I        19941.031   part3.1+part3.2+part5.2	0h:2m:25s (0h:0m:46s left)
 161 K2P+G4       19938.409   part3.1+part5.1+part5.2	0h:2m:25s (0h:0m:45s left)
 162 TIM2e+I+G4   19975.931   part1.3+part2.2+part3.1+part5.2	0h:2m:27s (0h:0m:44s left)
 163 TIM2e+I+G4   19962.681   part1.1+part1.2+part3.1+part4.1+part5.2	0h:2m:28s (0h:0m:43s left)
 164 TIM2e+G4     20092.223   part3.1+part4.3+part5.2	0h:2m:28s (0h:0m:42s left)
 165 TIM2e+G4     19938.227   part3.1+part4.2+part5.2	0h:2m:29s (0h:0m:41s left)
 166 K2P+G4       19973.415   part3.1+part3.3+part5.2	0h:2m:29s (0h:0m:40s left)
Merging part3.3+part4.3 with BIC score: 19925.706 (LnL: -9582.309  df: 102)
 167 TVMe+G4      20059.362   part3.2+part3.3+part4.3	0h:2m:35s (0h:0m:40s left)
 168 TVMe+G4      19927.628   part2.1+part3.3+part4.3	0h:2m:36s (0h:0m:40s left)
 169 TVMe+G4      20067.120   part3.1+part3.3+part4.3+part5.2	0h:2m:36s (0h:0m:38s left)
 170 TVMe+G4      19945.341   part3.3+part4.3+part5.3	0h:2m:36s (0h:0m:37s left)
 171 TVMe+G4      19978.128   part3.3+part4.3+part5.1	0h:2m:37s (0h:0m:36s left)
 172 K2P+G4       19913.078   part2.3+part3.3+part4.3	0h:2m:37s (0h:0m:35s left)
 173 TIM2e+G4     19978.340   part1.3+part2.2+part3.3+part4.3	0h:2m:38s (0h:0m:34s left)
 174 TVMe+G4      20020.342   part1.1+part1.2+part3.3+part4.1+part4.3	0h:2m:39s (0h:0m:33s left)
 175 TIM2e+G4     20061.381   part3.3+part4.2+part4.3	0h:2m:42s (0h:0m:33s left)
Merging part1.1+part1.2+part1.3+part2.2+part4.1 with BIC score: 19907.153 (LnL: -9584.225  df: 99)
 176 TIM2e+I+G4   19948.097   part1.1+part1.2+part1.3+part2.2+part3.2+part4.1	0h:2m:49s (0h:0m:33s left)
 177 TIM2e+I+G4   19905.015   part1.1+part1.2+part1.3+part2.2+part4.1+part5.3	0h:2m:49s (0h:0m:32s left)
 178 TIM2e+I+G4   19913.035   part1.1+part1.2+part1.3+part2.2+part4.1+part5.1	0h:2m:50s (0h:0m:31s left)
 179 TIM2e+I+G4   19914.566   part1.1+part1.2+part1.3+part2.1+part2.2+part4.1	0h:2m:50s (0h:0m:30s left)
 180 TIM2e+I+G4   19912.283   part1.1+part1.2+part1.3+part2.2+part4.1+part4.2	0h:2m:51s (0h:0m:29s left)
 181 TIM2e+I+G4   19928.526   part1.1+part1.2+part1.3+part2.2+part3.1+part4.1+part5.2	0h:2m:51s (0h:0m:28s left)
 182 TIM2e+I+G4   19960.698   part1.1+part1.2+part1.3+part2.2+part2.3+part4.1	0h:2m:51s (0h:0m:27s left)
 183 TIM2e+G4     20023.204   part1.1+part1.2+part1.3+part2.2+part3.3+part4.1+part4.3	0h:2m:53s (0h:0m:26s left)
Merging part4.2+part5.1 with BIC score: 19892.680 (LnL: -9584.451  df: 97)
 184 TIM2e+G4     19884.869   part3.1+part4.2+part5.1+part5.2	0h:2m:56s (0h:0m:25s left)
 185 TIM2e+G4     19904.185   part3.2+part4.2+part5.1	0h:2m:57s (0h:0m:24s left)
 186 TIM2e+G4     19884.810   part4.2+part5.1+part5.3	0h:2m:57s (0h:0m:23s left)
 187 TIM2e+G4     19956.780   part2.1+part4.2+part5.1	0h:2m:58s (0h:0m:22s left)
 188 K2P+G4       19989.162   part2.3+part4.2+part5.1	0h:2m:58s (0h:0m:21s left)
 189 TIM2e+I+G4   19913.291   part1.1+part1.2+part1.3+part2.2+part4.1+part4.2+part5.1	0h:3m:0s (0h:0m:20s left)
 190 TIM2e+G4     20057.293   part3.3+part4.2+part4.3+part5.1	0h:3m:0s (0h:0m:19s left)
Merging part2.3+part3.3+part4.3 with BIC score: 19880.053 (LnL: -9600.522  df: 91)
 191 K2P+G4       20024.106   part2.3+part3.2+part3.3+part4.3	0h:3m:6s (0h:0m:19s left)
 192 K2P+G4       19879.682   part2.1+part2.3+part3.3+part4.3	0h:3m:6s (0h:0m:18s left)
 193 K2P+G4       19900.781   part2.3+part3.3+part4.3+part5.3	0h:3m:7s (0h:0m:17s left)
 194 K2P+G4       20037.791   part2.3+part3.1+part3.3+part4.3+part5.2	0h:3m:7s (0h:0m:16s left)
 195 TIM2e+G4     20081.575   part2.3+part3.3+part4.2+part4.3+part5.1	0h:3m:8s (0h:0m:15s left)
 196 TIM2e+G4     20028.990   part1.1+part1.2+part1.3+part2.2+part2.3+part3.3+part4.1+part4.3	0h:3m:9s (0h:0m:14s left)
Merging part4.2+part5.1+part5.3 with BIC score: 19872.182 (LnL: -9607.779  df: 88)
 197 TIM2e+G4     19864.277   part3.1+part4.2+part5.1+part5.2+part5.3	0h:3m:12s (0h:0m:13s left)
 198 TIM2e+G4     19887.657   part3.2+part4.2+part5.1+part5.3	0h:3m:12s (0h:0m:12s left)
 199 TIM2e+G4     19933.315   part2.1+part4.2+part5.1+part5.3	0h:3m:13s (0h:0m:11s left)
 200 TIM2e+I+G4   19895.554   part1.1+part1.2+part1.3+part2.2+part4.1+part4.2+part5.1+part5.3	0h:3m:15s (0h:0m:10s left)
 201 TIM2e+G4     20073.662   part2.3+part3.3+part4.2+part4.3+part5.1+part5.3	0h:3m:16s (0h:0m:9s left)
Merging part3.1+part4.2+part5.1+part5.2+part5.3 with BIC score: 19864.277 (LnL: -9615.019  df: 85)
 202 TIM2e+G4     19875.458   part3.1+part3.2+part4.2+part5.1+part5.2+part5.3	0h:3m:20s (0h:0m:8s left)
 203 TIM2e+G4     19936.938   part2.1+part3.1+part4.2+part5.1+part5.2+part5.3	0h:3m:21s (0h:0m:7s left)
 204 TIM2e+I+G4   19905.617   part1.1+part1.2+part1.3+part2.2+part3.1+part4.1+part4.2+part5.1+part5.2+part5.3	0h:3m:23s (0h:0m:6s left)
 205 TIM2e+G4     20135.695   part2.3+part3.1+part3.3+part4.2+part4.3+part5.1+part5.2+part5.3	0h:3m:24s (0h:0m:5s left)
Merging part2.1+part2.3+part3.3+part4.3 with BIC score: 19863.906 (LnL: -9626.026  df: 82)
 206 K2P+G4       20007.161   part2.1+part2.3+part3.2+part3.3+part4.3	0h:3m:29s (0h:0m:5s left)
 207 TIM2e+G4     20148.310   part2.1+part2.3+part3.1+part3.3+part4.2+part4.3+part5.1+part5.2+part5.3	0h:3m:31s (0h:0m:4s left)
 208 TIM2e+G4     20009.045   part1.1+part1.2+part1.3+part2.1+part2.2+part2.3+part3.3+part4.1+part4.3	0h:3m:33s (0h:0m:3s left)
BEST-FIT PARTITION MODEL: 
  charpartition BIC = TIM2e+I+G4: part1.1 part1.2 part1.3 part2.2 part4.1, K2P+G4: part2.1 part2.3 part3.3 part4.3, TIM2e+G4: part3.1 part4.2 part5.1 part5.2 part5.3, K2P: part3.2;
Agglomerative model selection: ((((part1.1,part4.1)1:20014,part1.2)2:19989.3,(part1.3,part2.2)3:19967.4)6:19907.2,(part2.1,(part2.3,(part3.3,part4.3)5:19925.7)8:19880.1)11:19863.9,((part3.1,part5.2)4:19946.3,((part4.2,part5.1)7:19892.7,part5.3)9:19872.2)10:19864.3,part3.2)
Merging into 4 partitions...
Partition information was printed to 4_set270.best_scheme.nex
Partition information in Raxml format was printed to 4_set270.best_scheme

All model information printed to 4_set270.model.gz
CPU time for ModelFinder: 320.566 seconds (0h:5m:20s)
Wall-clock time for ModelFinder: 214.896 seconds (0h:3m:34s)
Generating 1000 samples for ultrafast bootstrap (seed: 468842)...

NOTE: 6 MB RAM (0 GB) is required!
Measuring multi-threading efficiency up to 8 CPU cores
Increase to 10 rounds for branch lengths
48 trees examined
Threads: 1 / Time: 8.014 sec / Speedup: 1.000 / Efficiency: 100% / LogL: -15189
Threads: 2 / Time: 15.456 sec / Speedup: 0.518 / Efficiency: 26% / LogL: -15189
BEST NUMBER OF THREADS: 1

Estimate model parameters (epsilon = 0.100)
Initial log-likelihood: -10241.293
Current log-likelihood at step 1: -9776.042
Current log-likelihood at step 2: -9714.409
Current log-likelihood at step 3: -9649.700
Current log-likelihood at step 4: -9647.853
Current log-likelihood at step 5: -9646.597
Current log-likelihood at step 6: -9645.694
Current log-likelihood at step 7: -9645.013
Current log-likelihood at step 8: -9644.382
Current log-likelihood at step 9: -9643.785
Current log-likelihood at step 10: -9643.221
Current log-likelihood at step 11: -9642.686
Current log-likelihood at step 12: -9642.177
Current log-likelihood at step 13: -9641.698
Current log-likelihood at step 14: -9641.237
Current log-likelihood at step 15: -9640.804
Current log-likelihood at step 16: -9640.390
Current log-likelihood at step 17: -9639.993
Current log-likelihood at step 18: -9639.613
Current log-likelihood at step 19: -9639.250
Current log-likelihood at step 20: -9638.903
Current log-likelihood at step 21: -9638.570
Current log-likelihood at step 22: -9638.251
Current log-likelihood at step 23: -9637.949
Current log-likelihood at step 24: -9637.657
Current log-likelihood at step 25: -9637.380
Current log-likelihood at step 26: -9637.108
Current log-likelihood at step 27: -9636.857
Current log-likelihood at step 28: -9636.616
Current log-likelihood at step 29: -9636.383
Current log-likelihood at step 30: -9636.159
Current log-likelihood at step 31: -9635.952
Current log-likelihood at step 32: -9635.773
Current log-likelihood at step 33: -9635.577
Current log-likelihood at step 34: -9635.417
Current log-likelihood at step 35: -9635.260
Current log-likelihood at step 36: -9635.108
Current log-likelihood at step 37: -9634.960
Current log-likelihood at step 38: -9634.815
Current log-likelihood at step 39: -9634.675
Current log-likelihood at step 40: -9634.538
Current log-likelihood at step 41: -9634.404
Current log-likelihood at step 42: -9634.274
Current log-likelihood at step 43: -9634.147
Current log-likelihood at step 44: -9634.023
Current log-likelihood at step 45: -9633.903
Current log-likelihood at step 46: -9633.785
Current log-likelihood at step 47: -9633.670
Current log-likelihood at step 48: -9633.558
Current log-likelihood at step 49: -9633.449
Current log-likelihood at step 50: -9633.342
Current log-likelihood at step 51: -9633.237
Current log-likelihood at step 52: -9633.135
Current log-likelihood at step 53: -9633.035
Partition-specific rates:  0.980 1.886 0.339 0.151
Parameters optimization took 52 rounds (6.040 sec)


WARNING: Estimated model parameters are at boundary that can cause numerical instability!

Computing ML distances based on estimated model parameters... 0.037 sec
Computing BIONJ tree...
0.009 seconds
Log-likelihood of BIONJ tree: -9668.508
--------------------------------------------------------------------
|             INITIALIZING CANDIDATE TREE SET                      |
--------------------------------------------------------------------
Generating 98 parsimony trees... 2.145 second
Computing log-likelihood of 98 initial trees ... 5.756 seconds
Current best score: -9633.035

Do NNI search on 20 best initial trees
Estimate model parameters (epsilon = 0.100)
Initial log-likelihood: -9630.814
Current log-likelihood at step 1: -9630.635
Current log-likelihood at step 2: -9630.517
Current log-likelihood at step 3: -9630.405
Current log-likelihood at step 4: -9630.296
Current log-likelihood at step 5: -9630.191
Current log-likelihood at step 6: -9630.104
Parameters optimization took 5 rounds (0.557 sec)


WARNING: Estimated model parameters are at boundary that can cause numerical instability!

BETTER TREE FOUND at iteration 1: -9630.104
UPDATE BEST LOG-LIKELIHOOD: -9630.100
UPDATE BEST LOG-LIKELIHOOD: -9630.099
Iteration 10 / LogL: -9630.193 / Time: 0h:0m:42s
Iteration 20 / LogL: -9630.278 / Time: 0h:0m:49s
Finish initializing candidate tree set (1)
Current best tree score: -9630.099 / CPU time: 19.418
Number of iterations: 20
--------------------------------------------------------------------
|               OPTIMIZING CANDIDATE TREE SET                      |
--------------------------------------------------------------------
UPDATE BEST LOG-LIKELIHOOD: -9630.099
Iteration 30 / LogL: -9630.233 / Time: 0h:0m:54s (0h:2m:13s left)
Iteration 40 / LogL: -9630.214 / Time: 0h:1m:0s (0h:1m:34s left)
Iteration 50 / LogL: -9630.102 / Time: 0h:1m:6s (0h:1m:8s left)
Log-likelihood cutoff on original alignment: -9669.922
UPDATE BEST LOG-LIKELIHOOD: -9630.099
Iteration 60 / LogL: -9630.128 / Time: 0h:1m:13s (0h:0m:51s left)
UPDATE BEST LOG-LIKELIHOOD: -9630.099
Iteration 70 / LogL: -9630.274 / Time: 0h:1m:20s (0h:0m:35s left)
UPDATE BEST LOG-LIKELIHOOD: -9630.099
Iteration 80 / LogL: -9630.168 / Time: 0h:1m:28s (0h:0m:23s left)
Iteration 90 / LogL: -9630.099 / Time: 0h:1m:35s (0h:0m:11s left)
Iteration 100 / LogL: -9630.110 / Time: 0h:1m:41s (0h:0m:1s left)
Log-likelihood cutoff on original alignment: -9669.922
NOTE: Bootstrap correlation coefficient of split occurrence frequencies: 1.000
TREE SEARCH COMPLETED AFTER 102 ITERATIONS / Time: 0h:1m:43s

--------------------------------------------------------------------
|                    FINALIZING TREE SEARCH                        |
--------------------------------------------------------------------
Performs final model parameters optimization
Estimate model parameters (epsilon = 0.010)
Initial log-likelihood: -9630.099
Current log-likelihood at step 1: -9629.988
Current log-likelihood at step 2: -9629.887
Current log-likelihood at step 3: -9629.788
Current log-likelihood at step 4: -9629.691
Current log-likelihood at step 5: -9629.597
Current log-likelihood at step 6: -9629.505
Current log-likelihood at step 7: -9629.415
Current log-likelihood at step 8: -9629.327
Current log-likelihood at step 9: -9629.242
Current log-likelihood at step 10: -9629.158
Current log-likelihood at step 11: -9629.077
Current log-likelihood at step 12: -9628.997
Current log-likelihood at step 13: -9628.919
Current log-likelihood at step 14: -9628.843
Current log-likelihood at step 15: -9628.768
Current log-likelihood at step 16: -9628.696
Current log-likelihood at step 17: -9628.624
Current log-likelihood at step 18: -9628.555
Current log-likelihood at step 19: -9628.486
Current log-likelihood at step 20: -9628.420
Current log-likelihood at step 21: -9628.354
Current log-likelihood at step 22: -9628.290
Current log-likelihood at step 23: -9628.228
Current log-likelihood at step 24: -9628.166
Current log-likelihood at step 25: -9628.106
Current log-likelihood at step 26: -9628.047
Current log-likelihood at step 27: -9627.989
Current log-likelihood at step 28: -9627.932
Current log-likelihood at step 29: -9627.877
Current log-likelihood at step 30: -9627.822
Current log-likelihood at step 31: -9627.769
Current log-likelihood at step 32: -9627.717
Current log-likelihood at step 33: -9627.665
Current log-likelihood at step 34: -9627.615
Current log-likelihood at step 35: -9627.565
Current log-likelihood at step 36: -9627.517
Current log-likelihood at step 37: -9627.467
Current log-likelihood at step 38: -9627.421
Current log-likelihood at step 39: -9627.375
Current log-likelihood at step 40: -9627.329
Current log-likelihood at step 41: -9627.285
Current log-likelihood at step 42: -9627.242
Current log-likelihood at step 43: -9627.199
Current log-likelihood at step 44: -9627.157
Current log-likelihood at step 45: -9627.116
Current log-likelihood at step 46: -9627.075
Current log-likelihood at step 47: -9627.035
Current log-likelihood at step 48: -9626.996
Current log-likelihood at step 49: -9626.957
Current log-likelihood at step 50: -9626.919
Current log-likelihood at step 51: -9626.882
Current log-likelihood at step 52: -9626.846
Current log-likelihood at step 53: -9626.810
Current log-likelihood at step 54: -9626.775
Current log-likelihood at step 55: -9626.740
Current log-likelihood at step 56: -9626.706
Current log-likelihood at step 57: -9626.672
Current log-likelihood at step 58: -9626.639
Current log-likelihood at step 59: -9626.606
Current log-likelihood at step 60: -9626.574
Current log-likelihood at step 61: -9626.543
Current log-likelihood at step 62: -9626.512
Current log-likelihood at step 63: -9626.481
Current log-likelihood at step 64: -9626.451
Current log-likelihood at step 65: -9626.421
Current log-likelihood at step 66: -9626.392
Current log-likelihood at step 67: -9626.363
Current log-likelihood at step 68: -9626.335
Current log-likelihood at step 69: -9626.307
Current log-likelihood at step 70: -9626.279
Current log-likelihood at step 71: -9626.252
Current log-likelihood at step 72: -9626.225
Current log-likelihood at step 73: -9626.199
Current log-likelihood at step 74: -9626.173
Current log-likelihood at step 75: -9626.148
Current log-likelihood at step 76: -9626.122
Current log-likelihood at step 77: -9626.097
Current log-likelihood at step 78: -9626.073
Current log-likelihood at step 79: -9626.049
Current log-likelihood at step 80: -9626.025
Current log-likelihood at step 81: -9626.001
Current log-likelihood at step 82: -9625.978
Current log-likelihood at step 83: -9625.955
Current log-likelihood at step 84: -9625.933
Current log-likelihood at step 85: -9625.910
Current log-likelihood at step 86: -9625.889
Current log-likelihood at step 87: -9625.871
Current log-likelihood at step 88: -9625.850
Current log-likelihood at step 89: -9625.834
Current log-likelihood at step 90: -9625.817
Current log-likelihood at step 91: -9625.800
Current log-likelihood at step 92: -9625.783
Current log-likelihood at step 93: -9625.767
Current log-likelihood at step 94: -9625.751
Current log-likelihood at step 95: -9625.735
Current log-likelihood at step 96: -9625.719
Current log-likelihood at step 97: -9625.703
Current log-likelihood at step 98: -9625.688
Current log-likelihood at step 99: -9625.672
Partition-specific rates:  0.981 1.899 0.337 0.069
Parameters optimization took 99 rounds (14.155 sec)


WARNING: Estimated model parameters are at boundary that can cause numerical instability!

BEST SCORE FOUND : -9625.672
Creating bootstrap support values...
Split supports printed to NEXUS file 4_set270.splits.nex
Total tree length: 0.914

Total number of iterations: 102
CPU time used for tree search: 41.835 sec (0h:0m:41s)
Wall-clock time used for tree search: 73.633 sec (0h:1m:13s)
Total CPU time used: 63.375 sec (0h:1m:3s)
Total wall-clock time used: 118.125 sec (0h:1m:58s)

Computing bootstrap consensus tree...
Reading input file 4_set270.splits.nex...
35 taxa and 136 splits.
Consensus tree written to 4_set270.contree
Reading input trees file 4_set270.contree
Log-likelihood of consensus tree: -9625.670

Analysis results written to: 
  IQ-TREE report:                4_set270.iqtree
  Maximum-likelihood tree:       4_set270.treefile
  Likelihood distances:          4_set270.mldist
  Best partitioning scheme:      4_set270.best_scheme.nex
           in RAxML format:      4_set270.best_scheme

Ultrafast bootstrap approximation results written to:
  Split support values:          4_set270.splits.nex
  Consensus tree:                4_set270.contree
  Screen log file:               4_set270.log

Date and Time: Sat Sep  8 08:52:17 2018
