IQ-TREE multicore version 1.6.7 for Mac OS X 64-bit built Aug 23 2018
Developed by Bui Quang Minh, Nguyen Lam Tung, Olga Chernomor,
Heiko Schmidt, Dominik Schrempf, Michael Woodhams.

Host:    meeps-mac-pro.staff.sydney.edu.au (AVX, 64 GB RAM)
Command: /Users/davidduchene/Desktop/Software/iqtree-1.6.7-MacOSX/bin/iqtree -s ../../../../marsupials/set74.fasta -m TESTMERGE -bb 1000 -q ../../../../marsupials/set74.nex -nt AUTO -pre 2_set74
Seed:    444592 (Using SPRNG - Scalable Parallel Random Number Generator)
Time:    Fri Sep  7 00:29:11 2018
Kernel:  AVX - auto-detect threads (8 CPU cores detected)

Reading partition model file ../../../../marsupials/set74.nex ...
Reading alignment file ../../../../marsupials/set74.fasta ... Fasta format detected
Alignment most likely contains DNA/RNA sequences
Alignment has 35 sequences with 3237 columns, 875 distinct patterns
600 parsimony-informative, 362 singleton sites, 2275 constant sites
                                              Gap/Ambiguity  Composition  p-value
   1  Burramyidae_Burramys_parvus                     0.96%    passed     91.98%
   2  Notoryctidae_Notoryctes_typhlops                0.83%    passed     93.63%
   3  Vombatidae_Lasiorhinus_latifrons                0.49%    passed    100.00%
   4  Potoroidae_Bettongia_penicillata                0.12%    passed     99.07%
   5  Potoroidae_Bettongia_lesueur                    0.28%    passed     99.36%
   6  Dasyuridae_Dasyurus_maculatus                   0.12%    passed     96.65%
   7  Phalangeridae_Trichosurus_vulpecula             1.64%    passed     96.42%
   8  Phalangeridae_Spilocuscus_maculatus             0.53%    passed     94.09%
   9  Potoroidae_Aepyprymnus_rufescens                0.28%    passed     98.85%
  10  Peramelidae_Perameles_nasuta                    0.12%    passed     79.30%
  11  Phalangeridae_Strigocuscus_pelengensis          1.14%    passed     94.33%
  12  Dasyuridae_Phascogale_tapoatafa                 1.27%    passed     96.24%
  13  Dasyuridae_Sminthopsis_macroura                 0.12%    passed     95.21%
  14  Phalangeridae_Phalanger_orientalis              0.34%    passed     77.79%
  15  Acrobatidae_Acrobates_pygmaeus                  0.53%    passed     97.81%
  16  Dasyuridae_Phascogale_calura                    1.11%    passed     97.80%
  17  Dasyuridae_Sarcophilus_harrisii                 0.09%    passed     99.22%
  18  Dasyuridae_Planigale_tenuirostris               3.15%    passed     92.82%
  19  Peramelidae_Echymipera_kalubu                   0.19%    passed     81.60%
  20  Macropodidae_Dorcopsulus_vanheurni              0.49%    passed     97.33%
  21  Pseudochiridae_Pseudochirulus_forbesi           0.15%    passed     99.80%
  22  Didelphidae_Didelphis_virginiana                1.58%    passed     71.14%
  23  Marmosidae_Monodelphis_domestica                2.01%    passed     97.68%
  24  Dasyuridae_Antechinus_stuartii                  1.45%    passed     96.51%
  25  Hypsiprymnodontidae_Hypsiprymnodon_moschatus    0.09%    passed     97.53%
  26  Microbiotheriidae_Dromiciops_gliroides          0.96%    passed     99.88%
  27  Pseudochiridae_Petauroides_volans               0.74%    passed     95.65%
  28  Macropodidae_Wallabia_bicolor                   0.59%    passed     99.16%
  29  Pseudochiridae_Pseudocheirus_occidentalis       0.62%    passed     99.14%
  30  Tarsipedidae_Tarsipes_rostratus                 0.62%    passed     86.88%
  31  Acrobatidae_Distoechurus_pennatus               0.12%    passed     90.12%
  32  Phalangeridae_Phalanger_carmelitae              0.46%    passed     81.69%
  33  Peramelidae_Peroryctes_raffrayana               0.74%    passed     75.74%
  34  Dasyuridae_Dasyurus_geffroii                    1.30%    passed     94.90%
  35  Peramelidae_Perameles_gunnii                    0.25%    passed     76.83%
****  TOTAL                                           0.73%  0 sequences failed composition chi2 test (p-value<5%; df=3)
NOTE: No CharPartition defined, use all CharSets

Loading 15 partitions...
Subset	Type	Seqs	Sites	Infor	Invar	Model	Name
1		35	374	2	368	TESTMERGE	part1.1
2		35	374	0	374	TESTMERGE	part1.2
WARNING: No parsimony-informative sites in partition part1.2
3		35	374	51	280	TESTMERGE	part1.3
4		35	84	22	44	TESTMERGE	part2.1
5		35	84	14	52	TESTMERGE	part2.2
6		35	84	54	14	TESTMERGE	part2.3
7		35	128	22	78	TESTMERGE	part3.1
8		35	128	7	101	TESTMERGE	part3.2
9		35	128	57	41	TESTMERGE	part3.3
10		35	330	35	276	TESTMERGE	part4.1
11		35	330	7	310	TESTMERGE	part4.2
12		35	330	172	81	TESTMERGE	part4.3
13		35	163	37	107	TESTMERGE	part5.1
14		35	163	35	110	TESTMERGE	part5.2
15		35	163	85	39	TESTMERGE	part5.3
Degree of missing data: 0.000
Info: multi-threading strategy over partitions



Create initial parsimony tree by phylogenetic likelihood library (PLL)... 0.007 seconds
NOTE: ModelFinder requires 9 MB RAM!
NUMBER OF THREADS FOR PARTITION FINDING: 8
Testing GTR+F+G on supermatrix...
GTR+F+G4 / LnL: -15278.136 / df: 76 / AIC: 30708.272 / AICc: 30711.976 / BIC: 31170.534
Selecting individual models for 15 charsets using BIC...
 No. Model        Score       Charset
   1 K2P+G4       1749.181    part5.1
   2 K2P+G4       3135.785    part5.3
   3 K2P+I+G4     2052.260    part2.3
   4 HKY+F+G4     2876.056    part1.3
   5 K2P+G4       1617.161    part5.2
   6 TPM2u+F+I+G4 2174.529    part4.1
   7 TN+F+G4      2341.485    part3.3
   8 TVMe         1410.363    part1.2
   9 TPM2u+F+G4   6207.876    part4.3
  10 TIM2e+G4     1387.945    part3.1	0h:0m:9s (0h:3m:16s left)
  11 TNe          932.874     part2.1	0h:0m:10s (0h:3m:13s left)
  12 K2P+G4       883.673     part3.2	0h:0m:10s (0h:2m:58s left)
  13 TN+F+G4      917.555     part2.2	0h:0m:11s (0h:2m:49s left)
  14 JC+I+G4      1197.697    part1.1	0h:0m:12s (0h:2m:54s left)
  15 HKY+F+I+G4   1325.171    part4.2	0h:0m:12s (0h:2m:43s left)
Full partition model BIC score: 30915.117 (LnL: -14948.367  df:126)
Merging models to increase model fit (about 211 total partition schemes)...
  16 TPM2u+F+G4   30940.369   part4.3+part5.1	0h:0m:18s (0h:3m:39s left)
  17 TPM2+F+G4    30896.432   part3.1+part4.3	0h:0m:18s (0h:3m:25s left)
  18 TIM2e+G4     30915.617   part4.3+part5.2	0h:0m:19s (0h:3m:25s left)
  19 TIM2e+G4     30926.692   part4.3+part5.3	0h:0m:19s (0h:3m:15s left)
  20 TIM2e+I+G4   30922.444   part2.3+part4.3	0h:0m:19s (0h:3m:9s left)
  21 TIM2e+G4     30961.276   part4.1+part4.3	0h:0m:19s (0h:3m:0s left)
  22 TPM2+F+G4    30883.671   part3.3+part4.3	0h:0m:19s (0h:2m:51s left)
  23 TIM2+F+G4    30909.507   part1.3+part4.3	0h:0m:23s (0h:3m:10s left)
  24 TPM2+F+G4    30916.026   part2.1+part4.3	0h:0m:25s (0h:3m:17s left)
  25 TPM2u+F+G4   30899.320   part3.2+part4.3	0h:0m:25s (0h:3m:12s left)
  26 TPM2u+F+G4   30892.369   part2.2+part4.3	0h:0m:27s (0h:3m:16s left)
  27 HKY+F+G4     30927.892   part1.3+part5.3	0h:0m:27s (0h:3m:9s left)
  28 TIM2e+I+G4   31178.586   part1.1+part4.3	0h:0m:29s (0h:3m:14s left)
  29 K2P+G4       30902.037   part3.3+part5.3	0h:0m:30s (0h:3m:11s left)
  30 HKY+F+I+G4   31041.808   part4.2+part4.3	0h:0m:31s (0h:3m:12s left)
  31 TIM2e+I+G4   30867.907   part1.2+part4.3	0h:0m:32s (0h:3m:5s left)
  32 K2P+I+G4     30913.647   part2.3+part5.3	0h:0m:33s (0h:3m:8s left)
  33 K2P+G4       30905.482   part5.2+part5.3	0h:0m:34s (0h:3m:4s left)
  34 K2P+G4       30910.392   part5.1+part5.3	0h:0m:34s (0h:2m:58s left)
  35 HKY+F+G4     30876.602   part1.3+part3.3	0h:0m:35s (0h:2m:56s left)
  36 K2P+G4       30948.376   part4.1+part5.3	0h:0m:36s (0h:2m:56s left)
  37 K2P+G4       30901.605   part3.1+part5.3	0h:0m:36s (0h:2m:52s left)
  38 K2P+I+G4     30897.260   part2.3+part3.3	0h:0m:38s (0h:2m:54s left)
  39 K2P+G4       30902.931   part2.1+part5.3	0h:0m:39s (0h:2m:54s left)
  40 K2P+G4       30912.052   part3.3+part5.1	0h:0m:40s (0h:2m:53s left)
  41 K2P+G4       30888.744   part2.2+part5.3	0h:0m:40s (0h:2m:49s left)
  42 TPM3u+F+I+G4 30917.685   part1.3+part2.3	0h:0m:42s (0h:2m:50s left)
  43 TPM3u+F+G4   30927.970   part1.3+part5.1	0h:0m:43s (0h:2m:48s left)
  44 K2P+I+G4     30969.586   part1.3+part4.1	0h:0m:44s (0h:2m:49s left)
  45 K2P+G4       30906.354   part3.2+part5.3	0h:0m:44s (0h:2m:45s left)
  46 K2P+G4       30934.094   part3.3+part4.1	0h:0m:46s (0h:2m:47s left)
  47 TIM2e+G4     30898.910   part3.1+part3.3	0h:0m:48s (0h:2m:49s left)
  48 K2P+G4       30898.843   part3.3+part5.2	0h:0m:48s (0h:2m:45s left)
  49 TN+F+G4      30918.808   part1.3+part5.2	0h:0m:48s (0h:2m:41s left)
  50 TPM2+F+G4    30931.874   part1.3+part3.1	0h:0m:49s (0h:2m:39s left)
  51 K2P+G4       30906.167   part2.1+part3.3	0h:0m:50s (0h:2m:39s left)
  52 HKY+F+G4     30929.975   part1.3+part2.1	0h:0m:51s (0h:2m:37s left)
  53 TPM2u+F+G4   31041.833   part4.2+part5.3	0h:0m:51s (0h:2m:34s left)
  54 TN+F+G4      30886.625   part2.2+part3.3	0h:0m:53s (0h:2m:35s left)
  55 K2P+I+G4     31151.366   part1.1+part5.3	0h:0m:56s (0h:2m:39s left)
  56 K2P+I+G4     30903.677   part2.3+part5.1	0h:0m:56s (0h:2m:35s left)
  57 TN+F+G4      30894.327   part3.2+part3.3	0h:0m:57s (0h:2m:35s left)
  58 TPM3u+F+G4   30891.021   part1.3+part2.2	0h:0m:57s (0h:2m:32s left)
  59 HKY+F+G4     30893.012   part1.3+part3.2	0h:0m:59s (0h:2m:33s left)
  60 K2P+I+G4     30889.836   part2.3+part5.2	0h:0m:59s (0h:2m:30s left)
  61 K2P+I+G4     30888.784   part2.3+part3.1	0h:1m:1s (0h:2m:31s left)
  62 TPM2+F+I+G4  30900.181   part2.3+part4.1	0h:1m:3s (0h:2m:31s left)
  63 K3Pu+F+G4    30908.977   part4.1+part5.1	0h:1m:4s (0h:2m:32s left)
  64 K2P+G4       30905.160   part5.1+part5.2	0h:1m:4s (0h:2m:29s left)
  65 TVMe+G4      30909.052   part3.1+part5.1	0h:1m:5s (0h:2m:26s left)
  66 HKY+F+I+G4   30834.727   part1.2+part5.3	0h:1m:6s (0h:2m:25s left)
  67 TN+F+G4      30916.096   part4.1+part5.2	0h:1m:8s (0h:2m:27s left)
  68 HKY+F+I+G4   30991.083   part1.3+part4.2	0h:1m:10s (0h:2m:27s left)
  69 K2P+I+G4     30913.200   part2.1+part2.3	0h:1m:10s (0h:2m:24s left)
  70 TN+F+I+G4    31005.551   part3.3+part4.2	0h:1m:12s (0h:2m:25s left)
  71 K2P+G4       30910.270   part2.1+part5.1	0h:1m:12s (0h:2m:22s left)
  72 K2P+G4       30896.531   part3.1+part5.2	0h:1m:12s (0h:2m:19s left)
  73 TPM2u+F+G4   30890.986   part3.1+part4.1	0h:1m:12s (0h:2m:17s left)
  74 K2P+I+G4     30886.474   part2.2+part2.3	0h:1m:15s (0h:2m:19s left)
  75 K2P+G4       30885.859   part2.2+part5.1	0h:1m:17s (0h:2m:21s left)
  76 HKY+F+G4     30934.008   part2.1+part4.1	0h:1m:18s (0h:2m:18s left)
  77 TNe+G4       30911.156   part2.1+part5.2	0h:1m:18s (0h:2m:16s left)
  78 K2P+I+G4     30886.465   part2.3+part3.2	0h:1m:18s (0h:2m:14s left)
  79 K2P+I+G4     31112.826   part1.1+part1.3	0h:1m:18s (0h:2m:11s left)
  80 K2P+G4       30906.529   part2.1+part3.1	0h:1m:20s (0h:2m:12s left)
  81 TNe+I+G4     31105.611   part1.1+part3.3	0h:1m:20s (0h:2m:9s left)
  82 K3P+G4       30904.051   part3.2+part5.1	0h:1m:21s (0h:2m:8s left)
  83 HKY+F+G4     30896.019   part2.2+part5.2	0h:1m:24s (0h:2m:10s left)
  84 TPM2u+F+G4   30895.718   part2.2+part4.1	0h:1m:25s (0h:2m:9s left)
  85 TVMe+G4      30886.288   part2.2+part3.1	0h:1m:26s (0h:2m:8s left)
  86 K3P+I+G4     30913.751   part3.2+part4.1	0h:1m:27s (0h:2m:6s left)
  87 HKY+F+I+G4   30769.240   part1.2+part1.3	0h:1m:27s (0h:2m:4s left)
  88 K2P+G4       30899.185   part3.2+part5.2	0h:1m:29s (0h:2m:5s left)
  89 HKY+F+I+G4   30946.314   part2.3+part4.2	0h:1m:31s (0h:2m:5s left)
  90 TNe+I+G4     30784.918   part1.2+part3.3	0h:1m:31s (0h:2m:3s left)
  91 K2P+G4       30897.055   part3.1+part3.2	0h:1m:33s (0h:2m:3s left)
  92 K2P+G4       30891.538   part2.1+part2.2	0h:1m:33s (0h:2m:1s left)
  93 HKY+F+I+G4   30967.130   part4.2+part5.1	0h:1m:34s (0h:1m:59s left)
  94 K2P+I+G4     31024.555   part1.1+part2.3	0h:1m:35s (0h:1m:59s left)
  95 TN+F+I+G4    30922.814   part4.1+part4.2	0h:1m:36s (0h:1m:58s left)
  96 K2P+G4       30911.020   part2.1+part3.2	0h:1m:37s (0h:1m:57s left)
  97 HKY+F+G4     30894.203   part2.2+part3.2	0h:1m:39s (0h:1m:56s left)
  98 HKY+F+I+G4   30975.539   part3.1+part4.2	0h:1m:39s (0h:1m:55s left)
  99 TPM2u+F+I+G4 30970.423   part4.2+part5.2	0h:1m:39s (0h:1m:52s left)
 100 K2P+I+G4     31055.523   part1.1+part5.1	0h:1m:40s (0h:1m:51s left)
 101 TPM2u+F+I+G4 30978.756   part1.1+part4.1	0h:1m:42s (0h:1m:51s left)
 102 HKY+F+I+G4   30716.033   part1.2+part5.1	0h:1m:43s (0h:1m:50s left)
 103 HKY+F+I+G4   30687.232   part1.2+part2.3	0h:1m:44s (0h:1m:49s left)
 104 HKY+F+I+G4   31014.585   part2.1+part4.2	0h:1m:44s (0h:1m:47s left)
 105 K2P+I+G4     31049.853   part1.1+part5.2	0h:1m:46s (0h:1m:47s left)
 106 HKY+F+I+G4   30932.138   part2.2+part4.2	0h:1m:48s (0h:1m:47s left)
 107 TN+F+I+G4    30626.972   part1.2+part4.1	0h:1m:50s (0h:1m:47s left)
 108 TPM2+F+I+G4  31050.076   part1.1+part3.1	0h:1m:50s (0h:1m:45s left)
 109 HKY+F+I+G4   30713.525   part1.2+part5.2	0h:1m:51s (0h:1m:44s left)
 110 K2P+I+G4     31077.423   part1.1+part2.1	0h:1m:51s (0h:1m:42s left)
 111 HKY+F+I+G4   30934.000   part3.2+part4.2	0h:1m:53s (0h:1m:42s left)
 112 TPM2u+F+I+G4 30717.390   part1.2+part3.1	0h:1m:55s (0h:1m:41s left)
 113 TNe+I+G4     30988.142   part1.1+part3.2	0h:1m:55s (0h:1m:39s left)
 114 HKY+F+I+G4   30753.745   part1.2+part2.1	0h:1m:57s (0h:1m:39s left)
 115 TIM2e+I+G4   31021.890   part1.1+part2.2	0h:1m:57s (0h:1m:37s left)
 116 HKY+F+I+G4   30647.125   part1.2+part3.2	0h:1m:59s (0h:1m:37s left)
 117 HKY+F+I+G4   30664.741   part1.2+part2.2	0h:2m:0s (0h:1m:36s left)
 118 HKY+F+I+G4   30924.869   part1.1+part4.2	0h:2m:1s (0h:1m:35s left)
 119 HKY+F+I+G4   30536.790   part1.2+part4.2	0h:2m:2s (0h:1m:34s left)
 120 F81+F+I+G4   30525.812   part1.1+part1.2	0h:2m:2s (0h:1m:33s left)
Merging part1.1+part1.2 with BIC score: 30525.812 (LnL: -14757.756  df: 125)
 121 HKY+F+I+G4   30648.772   part1.1+part1.2+part3.2	0h:2m:7s (0h:1m:35s left)
 122 HKY+F+I+G4   30750.100   part1.1+part1.2+part5.1	0h:2m:8s (0h:1m:33s left)
 123 HKY+F+I+G4   30642.275   part1.1+part1.2+part4.1	0h:2m:8s (0h:1m:32s left)
 124 HKY+F+I+G4   30742.866   part1.1+part1.2+part5.2	0h:2m:9s (0h:1m:30s left)
 125 HKY+F+I+G4   30956.120   part1.1+part1.2+part5.3	0h:2m:9s (0h:1m:29s left)
 126 HKY+F+I+G4   30764.974   part1.1+part1.2+part2.1	0h:2m:9s (0h:1m:27s left)
 127 TPM2u+F+I+G4 30743.069   part1.1+part1.2+part3.1	0h:2m:11s (0h:1m:27s left)
 128 HKY+F+I+G4   30532.412   part1.1+part1.2+part4.2	0h:2m:15s (0h:1m:28s left)
 129 HKY+F+I+G4   30733.264   part1.1+part1.2+part2.3	0h:2m:18s (0h:1m:28s left)
 130 HKY+F+I+G4   30845.663   part1.1+part1.2+part1.3	0h:2m:18s (0h:1m:26s left)
 131 TIM2e+I+G4   31053.852   part1.1+part1.2+part4.3	0h:2m:21s (0h:1m:26s left)
 132 TNe+I+G4     30869.325   part1.1+part1.2+part3.3	0h:2m:21s (0h:1m:24s left)
 133 TN+F+I+G4    30674.980   part1.1+part1.2+part2.2	0h:2m:21s (0h:1m:22s left)
Merging part1.3+part3.3 with BIC score: 30487.298 (LnL: -14762.746  df: 119)
 134 TPM2u+F+G4   30503.230   part1.3+part3.1+part3.3	0h:2m:28s (0h:1m:25s left)
 135 HKY+F+G4     30501.518   part1.3+part2.1+part3.3	0h:2m:28s (0h:1m:23s left)
 136 HKY+F+G4     30492.637   part1.3+part3.3+part5.2	0h:2m:28s (0h:1m:22s left)
 137 HKY+F+G4     30465.912   part1.3+part3.2+part3.3	0h:2m:29s (0h:1m:20s left)
 138 HKY+F+I+G4   30603.464   part1.3+part3.3+part4.2	0h:2m:30s (0h:1m:19s left)
 139 HKY+F+G4     30465.755   part1.3+part2.2+part3.3	0h:2m:30s (0h:1m:18s left)
 140 HKY+F+G4     30504.049   part1.3+part3.3+part5.3	0h:2m:30s (0h:1m:16s left)
 141 TPM2u+F+G4   30476.163   part1.3+part3.3+part4.3	0h:2m:34s (0h:1m:16s left)
 142 TPM2u+F+I+G4 30587.005   part1.3+part3.3+part4.1	0h:2m:34s (0h:1m:15s left)
 143 TPM3u+F+G4   30512.055   part1.3+part3.3+part5.1	0h:2m:36s (0h:1m:14s left)
 144 TN+F+I+G4    30965.885   part1.1+part1.2+part1.3+part3.3	0h:2m:36s (0h:1m:12s left)
 145 HKY+F+I+G4   30490.107   part1.3+part2.3+part3.3	0h:2m:37s (0h:1m:11s left)
Merging part2.2+part5.1 with BIC score: 30458.040 (LnL: -14772.364  df: 113)
 146 K2P+G4       30452.808   part2.1+part2.2+part5.1	0h:2m:40s (0h:1m:11s left)
 147 TVMe+G4      30448.458   part2.2+part3.1+part5.1	0h:2m:41s (0h:1m:10s left)
 148 K2P+G4       30445.878   part2.2+part3.2+part5.1	0h:2m:41s (0h:1m:8s left)
 149 TN+F+I+G4    30514.419   part2.2+part4.2+part5.1	0h:2m:43s (0h:1m:8s left)
 150 K2P+G4       30453.871   part2.2+part5.1+part5.3	0h:2m:43s (0h:1m:6s left)
 151 K2P+I+G4     30450.840   part2.2+part2.3+part5.1	0h:2m:45s (0h:1m:5s left)
 152 TPM2+F+G4    30457.182   part2.2+part4.1+part5.1	0h:2m:45s (0h:1m:4s left)
 153 TPM2u+F+G4   30481.196   part2.2+part4.3+part5.1	0h:2m:46s (0h:1m:3s left)
 154 TPM3u+F+G4   30453.242   part2.2+part5.1+part5.2	0h:2m:47s (0h:1m:1s left)
 155 HKY+F+I+G4   30746.811   part1.1+part1.2+part2.2+part5.1	0h:2m:48s (0h:1m:1s left)
 156 TPM3u+F+G4   30478.704   part1.3+part2.2+part3.3+part5.1	0h:2m:50s (0h:1m:0s left)
Merging part2.3+part3.2 with BIC score: 30429.388 (LnL: -14766.121  df: 111)
 157 K2P+I+G4     30438.661   part2.1+part2.3+part3.2	0h:2m:55s (0h:1m:0s left)
 158 K2P+I+G4     30413.488   part2.3+part3.1+part3.2	0h:2m:55s (0h:0m:59s left)
 159 K2P+I+G4     30440.198   part2.3+part3.2+part5.3	0h:2m:56s (0h:0m:57s left)
 160 K2P+I+G4     30414.461   part2.3+part3.2+part5.2	0h:2m:56s (0h:0m:56s left)
 161 K2P+I+G4     30428.504   part2.3+part3.2+part4.1	0h:2m:57s (0h:0m:54s left)
 162 K2P+I+G4     30433.415   part2.2+part2.3+part3.2+part5.1	0h:2m:57s (0h:0m:53s left)
 163 HKY+F+I+G4   30478.044   part2.3+part3.2+part4.2	0h:2m:59s (0h:0m:52s left)
 164 TPM2u+F+I+G4 30448.417   part2.3+part3.2+part4.3	0h:2m:59s (0h:0m:51s left)
 165 HKY+F+I+G4   30684.457   part1.1+part1.2+part2.3+part3.2	0h:3m:2s (0h:0m:50s left)
 166 HKY+F+I+G4   30434.935   part1.3+part2.3+part3.2+part3.3	0h:3m:4s (0h:0m:50s left)
Merging part3.1+part4.1 with BIC score: 30405.257 (LnL: -14774.261  df: 106)
 167 TPM2u+F+G4   30422.094   part2.1+part3.1+part4.1	0h:3m:10s (0h:0m:50s left)
 168 TPM2u+F+I+G4 30414.043   part3.1+part4.1+part5.2	0h:3m:10s (0h:0m:48s left)
 169 TPM2u+F+I+G4 30460.996   part3.1+part4.1+part4.2	0h:3m:11s (0h:0m:47s left)
 170 TPM2+F+G4    30444.456   part3.1+part4.1+part5.3	0h:3m:11s (0h:0m:46s left)
 171 TPM2u+F+I+G4 30641.251   part1.1+part1.2+part3.1+part4.1	0h:3m:12s (0h:0m:44s left)
 172 TPM2u+F+G4   30407.574   part2.2+part3.1+part4.1+part5.1	0h:3m:12s (0h:0m:43s left)
 173 TPM2u+F+I+G4 30418.137   part2.3+part3.1+part3.2+part4.1	0h:3m:12s (0h:0m:42s left)
 174 TIM2e+G4     30446.289   part3.1+part4.1+part4.3	0h:3m:13s (0h:0m:41s left)
 175 TIM2e+I+G4   30502.327   part1.3+part3.1+part3.3+part4.1	0h:3m:15s (0h:0m:40s left)
Merging part2.3+part3.2+part5.2 with BIC score: 30390.330 (LnL: -14774.880  df: 104)
 176 K2P+I+G4     30397.005   part2.1+part2.3+part3.2+part5.2	0h:3m:22s (0h:0m:40s left)
 177 K2P+I+G4     30398.810   part2.3+part3.2+part5.2+part5.3	0h:3m:24s (0h:0m:39s left)
 178 TPM3u+F+I+G4 30398.546   part2.2+part2.3+part3.2+part5.1+part5.2	0h:3m:25s (0h:0m:38s left)
 179 K2P+I+G4     30402.387   part2.3+part3.1+part3.2+part4.1+part5.2	0h:3m:26s (0h:0m:36s left)
 180 HKY+F+I+G4   30702.357   part1.1+part1.2+part2.3+part3.2+part5.2	0h:3m:26s (0h:0m:35s left)
 181 HKY+F+I+G4   30448.718   part2.3+part3.2+part4.2+part5.2	0h:3m:27s (0h:0m:34s left)
 182 HKY+F+I+G4   30412.429   part2.3+part3.2+part4.3+part5.2	0h:3m:28s (0h:0m:33s left)
 183 TPM3u+F+I+G4 30405.778   part1.3+part2.3+part3.2+part3.3+part5.2	0h:3m:29s (0h:0m:32s left)
Merging part2.1+part5.3 with BIC score: 30378.144 (LnL: -14776.870  df: 102)
 184 K2P+G4       30376.146   part2.1+part2.2+part5.1+part5.3	0h:3m:35s (0h:0m:31s left)
 185 TPM2u+F+G4   30430.081   part2.1+part3.1+part4.1+part5.3	0h:3m:35s (0h:0m:30s left)
 186 HKY+F+G4     30528.935   part2.1+part4.2+part5.3	0h:3m:36s (0h:0m:29s left)
 187 K2P+I+G4     30395.936   part2.1+part2.3+part3.2+part5.2+part5.3	0h:3m:36s (0h:0m:27s left)
 188 HKY+F+I+G4   30869.466   part1.1+part1.2+part2.1+part5.3	0h:3m:36s (0h:0m:26s left)
 189 TIM2e+G4     30395.970   part2.1+part4.3+part5.3	0h:3m:37s (0h:0m:25s left)
 190 HKY+F+G4     30412.195   part1.3+part2.1+part3.3+part5.3	0h:3m:37s (0h:0m:24s left)
Merging part1.3+part3.3+part4.3 with BIC score: 30367.010 (LnL: -14791.508  df: 97)
 191 TPM2u+F+I+G4 30475.505   part1.3+part3.1+part3.3+part4.1+part4.3	0h:3m:49s (0h:0m:24s left)
 192 TPM2u+F+I+G4 30980.061   part1.1+part1.2+part1.3+part3.3+part4.3	0h:3m:50s (0h:0m:22s left)
 193 HKY+F+I+G4   30511.469   part1.3+part3.3+part4.2+part4.3	0h:3m:51s (0h:0m:21s left)
 194 TPM2u+F+G4   30405.210   part1.3+part2.1+part3.3+part4.3+part5.3	0h:3m:52s (0h:0m:20s left)
 195 TPM3u+F+G4   30395.718   part1.3+part2.2+part3.3+part4.3+part5.1	0h:3m:53s (0h:0m:19s left)
 196 TPM3u+F+I+G4 30389.529   part1.3+part2.3+part3.2+part3.3+part4.3+part5.2	0h:3m:54s (0h:0m:17s left)
Merging part2.1+part2.2+part5.1+part5.3 with BIC score: 30365.011 (LnL: -14798.592  df: 95)
 197 TN+F+I+G4    30861.357   part1.1+part1.2+part2.1+part2.2+part5.1+part5.3	0h:4m:0s (0h:0m:17s left)
 198 TN+F+G4      30491.791   part2.1+part2.2+part4.2+part5.1+part5.3	0h:4m:0s (0h:0m:15s left)
 199 TPM2u+F+G4   30409.706   part2.1+part2.2+part3.1+part4.1+part5.1+part5.3	0h:4m:1s (0h:0m:14s left)
 200 K2P+I+G4     30380.323   part2.1+part2.2+part2.3+part3.2+part5.1+part5.2+part5.3	0h:4m:1s (0h:0m:13s left)
 201 TPM3u+F+G4   30420.187   part1.3+part2.1+part2.2+part3.3+part4.3+part5.1+part5.3	0h:4m:8s (0h:0m:12s left)
BEST-FIT PARTITION MODEL: 
  charpartition BIC = F81+F+I+G4: part1.1 part1.2, TPM2u+F+G4: part1.3 part3.3 part4.3, K2P+G4: part2.1 part2.2 part5.1 part5.3, K2P+I+G4: part2.3 part3.2 part5.2, TPM2u+F+G4: part3.1 part4.1, HKY+F+I+G4: part4.2;
Agglomerative model selection: ((part1.1,part1.2)1:30525.8,((part1.3,part3.3)2:30487.3,part4.3)8:30367,((part2.1,part5.3)7:30378.1,(part2.2,part5.1)3:30458)9:30365,((part2.3,part3.2)4:30429.4,part5.2)6:30390.3,(part3.1,part4.1)5:30405.3,part4.2)
Merging into 6 partitions...
Partition information was printed to 2_set74.best_scheme.nex
Partition information in Raxml format was printed to 2_set74.best_scheme

All model information printed to 2_set74.model.gz
CPU time for ModelFinder: 258.447 seconds (0h:4m:18s)
Wall-clock time for ModelFinder: 249.791 seconds (0h:4m:9s)
Generating 1000 samples for ultrafast bootstrap (seed: 444592)...

NOTE: 8 MB RAM (0 GB) is required!
Measuring multi-threading efficiency up to 8 CPU cores
Increase to 10 rounds for branch lengths
21 trees examined
Threads: 1 / Time: 8.030 sec / Speedup: 1.000 / Efficiency: 100% / LogL: -21604
Threads: 2 / Time: 21.830 sec / Speedup: 0.368 / Efficiency: 18% / LogL: -21604
BEST NUMBER OF THREADS: 1

Estimate model parameters (epsilon = 0.100)
Initial log-likelihood: -15756.920
Current log-likelihood at step 1: -14864.189
Current log-likelihood at step 2: -14842.249
Current log-likelihood at step 3: -14808.925
Current log-likelihood at step 4: -14806.712
Current log-likelihood at step 5: -14804.396
Current log-likelihood at step 6: -14801.958
Current log-likelihood at step 7: -14799.383
Current log-likelihood at step 8: -14796.654
Current log-likelihood at step 9: -14793.754
Current log-likelihood at step 10: -14790.661
Current log-likelihood at step 11: -14787.348
Current log-likelihood at step 12: -14783.786
Current log-likelihood at step 13: -14779.939
Current log-likelihood at step 14: -14775.761
Current log-likelihood at step 15: -14771.200
Current log-likelihood at step 16: -14766.195
Current log-likelihood at step 17: -14760.675
Current log-likelihood at step 18: -14754.571
Current log-likelihood at step 19: -14747.843
Current log-likelihood at step 20: -14740.563
Current log-likelihood at step 21: -14723.947
Current log-likelihood at step 22: -14723.933
Parameters optimization took 21 rounds (4.931 sec)

Computing ML distances based on estimated model parameters... 0.068 sec
Computing BIONJ tree...
0.004 seconds
Log-likelihood of BIONJ tree: -14829.520
--------------------------------------------------------------------
|             INITIALIZING CANDIDATE TREE SET                      |
--------------------------------------------------------------------
Generating 98 parsimony trees... 5.598 second
Computing log-likelihood of 98 initial trees ... 13.314 seconds
Current best score: -14722.788

Do NNI search on 20 best initial trees
Estimate model parameters (epsilon = 0.100)
Initial log-likelihood: -14721.267
Current log-likelihood at step 1: -14721.245
Parameters optimization took 0 rounds (0.196 sec)

BETTER TREE FOUND at iteration 1: -14721.245
Estimate model parameters (epsilon = 0.100)
Initial log-likelihood: -14720.612
Current log-likelihood at step 1: -14720.573
Parameters optimization took 0 rounds (0.198 sec)

BETTER TREE FOUND at iteration 3: -14720.573
Iteration 10 / LogL: -14721.785 / Time: 0h:1m:10s
Iteration 20 / LogL: -14720.574 / Time: 0h:1m:30s
Finish initializing candidate tree set (4)
Current best tree score: -14720.573 / CPU time: 55.033
Number of iterations: 20
--------------------------------------------------------------------
|               OPTIMIZING CANDIDATE TREE SET                      |
--------------------------------------------------------------------
Iteration 30 / LogL: -14720.573 / Time: 0h:1m:44s (0h:4m:23s left)
Iteration 40 / LogL: -14721.260 / Time: 0h:2m:3s (0h:3m:18s left)
Iteration 50 / LogL: -14720.574 / Time: 0h:2m:18s (0h:2m:29s left)
Log-likelihood cutoff on original alignment: -14754.570
Iteration 60 / LogL: -14721.774 / Time: 0h:2m:37s (0h:1m:55s left)
Iteration 70 / LogL: -14720.574 / Time: 0h:2m:55s (0h:1m:23s left)
Iteration 80 / LogL: -14721.263 / Time: 0h:3m:11s (0h:0m:55s left)
Iteration 90 / LogL: -14720.573 / Time: 0h:3m:24s (0h:0m:29s left)
Iteration 100 / LogL: -14721.267 / Time: 0h:3m:41s (0h:0m:6s left)
Log-likelihood cutoff on original alignment: -14754.570
NOTE: Bootstrap correlation coefficient of split occurrence frequencies: 1.000
TREE SEARCH COMPLETED AFTER 104 ITERATIONS / Time: 0h:3m:47s

--------------------------------------------------------------------
|                    FINALIZING TREE SEARCH                        |
--------------------------------------------------------------------
Performs final model parameters optimization
Estimate model parameters (epsilon = 0.010)
Initial log-likelihood: -14720.573
Current log-likelihood at step 1: -14720.568
Parameters optimization took 0 rounds (0.157 sec)

BEST SCORE FOUND : -14720.568
Creating bootstrap support values...
Split supports printed to NEXUS file 2_set74.splits.nex
Total tree length: 1.065

Total number of iterations: 104
CPU time used for tree search: 56.419 sec (0h:0m:56s)
Wall-clock time used for tree search: 192.131 sec (0h:3m:12s)
Total CPU time used: 66.480 sec (0h:1m:6s)
Total wall-clock time used: 228.712 sec (0h:3m:48s)

Computing bootstrap consensus tree...
Reading input file 2_set74.splits.nex...
35 taxa and 157 splits.
Consensus tree written to 2_set74.contree
Reading input trees file 2_set74.contree
Log-likelihood of consensus tree: -14721.779

Analysis results written to: 
  IQ-TREE report:                2_set74.iqtree
  Maximum-likelihood tree:       2_set74.treefile
  Likelihood distances:          2_set74.mldist
  Best partitioning scheme:      2_set74.best_scheme.nex
           in RAxML format:      2_set74.best_scheme

Ultrafast bootstrap approximation results written to:
  Split support values:          2_set74.splits.nex
  Consensus tree:                2_set74.contree
  Screen log file:               2_set74.log

Date and Time: Fri Sep  7 00:37:10 2018
