IQ-TREE multicore version 1.6.7 for Mac OS X 64-bit built Aug 23 2018
Developed by Bui Quang Minh, Nguyen Lam Tung, Olga Chernomor,
Heiko Schmidt, Dominik Schrempf, Michael Woodhams.

Host:    meeps-mac-pro.staff.sydney.edu.au (AVX, 64 GB RAM)
Command: /Users/davidduchene/Desktop/Software/iqtree-1.6.7-MacOSX/bin/iqtree -s ../../../../marsupials/set232.fasta -m TESTMERGE -bb 1000 -q ../../../../marsupials/set232.nex -nt AUTO -pre 2_set232
Seed:    623723 (Using SPRNG - Scalable Parallel Random Number Generator)
Time:    Sat Sep  8 00:41:06 2018
Kernel:  AVX - auto-detect threads (8 CPU cores detected)

Reading partition model file ../../../../marsupials/set232.nex ...
Reading alignment file ../../../../marsupials/set232.fasta ... Fasta format detected
Alignment most likely contains DNA/RNA sequences
WARNING: 1 sites contain only gaps or ambiguous characters.
Alignment has 35 sequences with 2448 columns, 1054 distinct patterns
715 parsimony-informative, 310 singleton sites, 1423 constant sites
                                              Gap/Ambiguity  Composition  p-value
   1  Burramyidae_Burramys_parvus                    25.61%    passed     68.03%
   2  Notoryctidae_Notoryctes_typhlops                4.17%    passed     78.86%
   3  Vombatidae_Lasiorhinus_latifrons                0.16%    passed     97.54%
   4  Potoroidae_Bettongia_penicillata                0.33%    passed     79.15%
   5  Potoroidae_Bettongia_lesueur                    0.45%    passed     85.99%
   6  Dasyuridae_Dasyurus_maculatus                   0.16%    passed     77.62%
   7  Phalangeridae_Trichosurus_vulpecula             0.53%    passed     97.34%
   8  Phalangeridae_Spilocuscus_maculatus             0.16%    passed     85.29%
   9  Potoroidae_Aepyprymnus_rufescens                0.82%    passed     67.15%
  10  Peramelidae_Perameles_nasuta                    0.41%    passed     74.31%
  11  Phalangeridae_Strigocuscus_pelengensis          4.00%    passed     89.68%
  12  Dasyuridae_Phascogale_tapoatafa                 0.20%    passed     95.91%
  13  Dasyuridae_Sminthopsis_macroura                 0.45%    passed     88.98%
  14  Phalangeridae_Phalanger_orientalis              0.41%    passed     84.18%
  15  Acrobatidae_Acrobates_pygmaeus                  3.92%    passed     99.87%
  16  Dasyuridae_Phascogale_calura                    0.16%    passed     90.15%
  17  Dasyuridae_Sarcophilus_harrisii                 0.16%    passed     75.23%
  18  Dasyuridae_Planigale_tenuirostris              13.73%    passed     44.64%
  19  Peramelidae_Echymipera_kalubu                   0.90%    passed     35.06%
  20  Macropodidae_Dorcopsulus_vanheurni              0.57%    passed     85.11%
  21  Pseudochiridae_Pseudochirulus_forbesi           1.23%    passed     75.62%
  22  Didelphidae_Didelphis_virginiana               29.98%    passed     44.14%
  23  Marmosidae_Monodelphis_domestica                0.61%    passed     96.72%
  24  Dasyuridae_Antechinus_stuartii                  0.78%    passed     95.77%
  25  Hypsiprymnodontidae_Hypsiprymnodon_moschatus    0.65%    passed     94.84%
  26  Microbiotheriidae_Dromiciops_gliroides          4.94%    passed     85.37%
  27  Pseudochiridae_Petauroides_volans               1.02%    passed     99.53%
  28  Macropodidae_Wallabia_bicolor                   0.78%    passed     84.08%
  29  Pseudochiridae_Pseudocheirus_occidentalis       0.33%    passed     95.13%
  30  Tarsipedidae_Tarsipes_rostratus                 0.82%    passed     57.11%
  31  Acrobatidae_Distoechurus_pennatus               0.25%    passed     94.53%
  32  Phalangeridae_Phalanger_carmelitae              0.25%    passed     83.51%
  33  Peramelidae_Peroryctes_raffrayana               2.29%    passed     22.49%
  34  Dasyuridae_Dasyurus_geffroii                    0.25%    passed     49.51%
  35  Peramelidae_Perameles_gunnii                    2.33%    passed     67.91%
****  TOTAL                                           2.97%  0 sequences failed composition chi2 test (p-value<5%; df=3)
NOTE: No CharPartition defined, use all CharSets

Loading 15 partitions...
Subset	Type	Seqs	Sites	Infor	Invar	Model	Name
1		35	136	25	100	TESTMERGE	part1.1
2		35	136	9	116	TESTMERGE	part1.2
3		35	136	69	48	TESTMERGE	part1.3
4		34	236	29	180	TESTMERGE	part2.1
5		34	236	15	205	TESTMERGE	part2.2
6		34	236	127	52	TESTMERGE	part2.3
7		35	160	40	103	TESTMERGE	part3.1
8		35	160	14	136	TESTMERGE	part3.2
9		35	160	85	41	TESTMERGE	part3.3
10		35	153	60	70	TESTMERGE	part4.1
11		35	153	55	85	TESTMERGE	part4.2
12		35	153	98	27	TESTMERGE	part4.3
13		34	131	17	108	TESTMERGE	part5.1
14		34	131	8	114	TESTMERGE	part5.2
15		34	131	64	38	TESTMERGE	part5.3
Degree of missing data: 0.013
Info: multi-threading strategy over partitions



Create initial parsimony tree by phylogenetic likelihood library (PLL)... 0.008 seconds
NOTE: ModelFinder requires 10 MB RAM!
NUMBER OF THREADS FOR PARTITION FINDING: 8
Testing GTR+F+G on supermatrix...
GTR+F+G4 / LnL: -16660.376 / df: 76 / AIC: 33472.752 / AICc: 33477.688 / BIC: 33913.782
Selecting individual models for 15 charsets using BIC...
 No. Model        Score       Charset
   1 K2P+I+G4     1892.930    part2.1
   2 K2P+G4       2788.645    part4.1
   3 TNe+G4       2654.245    part4.2
   4 K2P+G4       2416.780    part1.3
   5 TIM3e+G4     4141.118    part4.3
   6 K2P+G4       2302.185    part5.3
   7 HKY+F+G4     3477.590    part3.3
   8 K3P+G4       1807.037    part3.1
   9 TVM+F+G4     5455.853    part2.3
  10 K2P+G4       1178.404    part1.1	0h:0m:10s (0h:3m:36s left)
  11 TN+F+I+G4    1059.356    part3.2	0h:0m:12s (0h:3m:50s left)
  12 TNe+I+G4     1347.171    part2.2	0h:0m:13s (0h:3m:43s left)
  13 TNe+I+G4     835.807     part5.1	0h:0m:13s (0h:3m:28s left)
  14 TIM3e+I+G4   745.516     part5.2	0h:0m:13s (0h:3m:15s left)
  15 HKY+F+I+G4   764.152     part1.2	0h:0m:14s (0h:3m:3s left)
Full partition model BIC score: 33551.661 (LnL: -16280.338  df:127)
Merging models to increase model fit (about 211 total partition schemes)...
  16 K2P+G4       33577.995   part3.3+part4.3	0h:0m:20s (0h:4m:5s left)
  17 TIM2+F+G4    33589.642   part2.1+part2.3	0h:0m:22s (0h:4m:11s left)
  18 K2P+G4       33649.654   part2.3+part4.2	0h:0m:22s (0h:3m:59s left)
  19 TNe+G4       33556.592   part1.3+part2.3	0h:0m:23s (0h:3m:53s left)
  20 TVM+F+G4     33613.165   part2.3+part4.1	0h:0m:24s (0h:3m:54s left)
  21 TIM3e+G4     33589.629   part2.3+part4.3	0h:0m:25s (0h:3m:52s left)
  22 TVM+F+G4     33551.461   part2.3+part5.3	0h:0m:26s (0h:3m:48s left)
  23 K3Pu+F+G4    33511.578   part2.3+part3.3	0h:0m:26s (0h:3m:40s left)
  24 TIM3e+G4     33572.032   part1.3+part4.3	0h:0m:30s (0h:3m:57s left)
  25 K2P+G4       33540.584   part4.1+part4.3	0h:0m:30s (0h:3m:48s left)
  26 TIM3e+G4     33588.198   part4.3+part5.3	0h:0m:31s (0h:3m:41s left)
  27 TIM2+F+G4    33553.490   part2.3+part3.1	0h:0m:33s (0h:3m:50s left)
  28 HKY+F+G4     33577.405   part1.3+part3.3	0h:0m:36s (0h:3m:55s left)
  29 HKY+F+G4     33556.605   part4.2+part4.3	0h:0m:36s (0h:3m:47s left)
  30 K3Pu+F+G4    33588.594   part3.3+part4.1	0h:0m:36s (0h:3m:42s left)
  31 TVM+F+G4     33562.808   part1.1+part2.3	0h:0m:37s (0h:3m:37s left)
  32 K2P+I+G4     33655.410   part2.2+part2.3	0h:0m:38s (0h:3m:38s left)
  33 K2P+G4       33623.776   part3.3+part4.2	0h:0m:42s (0h:3m:47s left)
  34 HKY+F+G4     33563.903   part3.3+part5.3	0h:0m:42s (0h:3m:42s left)
  35 GTR+F+G4     33575.039   part2.3+part5.1	0h:0m:43s (0h:3m:36s left)
  36 TVMe+G4      33553.550   part2.1+part4.3	0h:0m:44s (0h:3m:37s left)
  37 TNe+G4       33611.977   part2.3+part3.2	0h:0m:44s (0h:3m:30s left)
  38 HKY+F+G4     33587.798   part2.3+part5.2	0h:0m:45s (0h:3m:25s left)
  39 K2P+G4       33586.357   part1.3+part4.1	0h:0m:46s (0h:3m:26s left)
  40 TPM3u+F+G4   33575.487   part1.2+part2.3	0h:0m:49s (0h:3m:29s left)
  41 K2P+G4       33537.660   part1.3+part5.3	0h:0m:50s (0h:3m:30s left)
  42 K2P+G4       33537.087   part3.1+part4.3	0h:0m:52s (0h:3m:32s left)
  43 K2P+G4       33605.544   part4.1+part5.3	0h:0m:52s (0h:3m:26s left)
  44 K2P+I+G4     33627.290   part1.3+part4.2	0h:0m:54s (0h:3m:25s left)
  45 TNe+G4       33539.595   part4.1+part4.2	0h:0m:54s (0h:3m:20s left)
  46 TN+F+G4      33595.137   part2.1+part3.3	0h:0m:55s (0h:3m:19s left)
  47 TVMe+G4      33542.870   part1.1+part4.3	0h:0m:57s (0h:3m:21s left)
  48 K2P+G4       33651.461   part4.2+part5.3	0h:0m:58s (0h:3m:20s left)
  49 TIM3e+I+G4   33630.622   part2.2+part4.3	0h:1m:0s (0h:3m:20s left)
  50 HKY+F+G4     33559.449   part3.1+part3.3	0h:1m:0s (0h:3m:15s left)
  51 TIM3e+G4     33562.379   part4.3+part5.1	0h:1m:0s (0h:3m:11s left)
  52 TIM3e+G4     33588.808   part1.2+part4.3	0h:1m:2s (0h:3m:11s left)
  53 TIM3e+G4     33572.986   part4.3+part5.2	0h:1m:2s (0h:3m:7s left)
  54 HKY+F+G4     33568.352   part1.1+part3.3	0h:1m:3s (0h:3m:5s left)
  55 K2P+G4       33539.505   part2.1+part4.1	0h:1m:5s (0h:3m:4s left)
  56 K2P+G4       33556.593   part1.3+part3.1	0h:1m:6s (0h:3m:3s left)
  57 HKY+F+G4     33573.419   part3.2+part4.3	0h:1m:6s (0h:2m:58s left)
  58 TIMe+G4      33537.410   part3.1+part4.1	0h:1m:6s (0h:2m:54s left)
  59 K2P+G4       33583.710   part1.3+part2.1	0h:1m:8s (0h:2m:55s left)
  60 K2P+G4       33596.405   part2.1+part5.3	0h:1m:9s (0h:2m:55s left)
  61 TIM2e+G4     33683.040   part2.2+part3.3	0h:1m:9s (0h:2m:51s left)
  62 K2P+G4       33566.922   part3.1+part5.3	0h:1m:10s (0h:2m:48s left)
  63 TNe+I+G4     33542.544   part2.1+part4.2	0h:1m:12s (0h:2m:49s left)
  64 HKY+F+G4     33607.815   part3.3+part5.2	0h:1m:12s (0h:2m:47s left)
  65 TN+F+G4      33578.197   part3.3+part5.1	0h:1m:14s (0h:2m:47s left)
  66 TNe+G4       33546.379   part3.1+part4.2	0h:1m:15s (0h:2m:44s left)
  67 K2P+G4       33624.395   part3.2+part3.3	0h:1m:15s (0h:2m:42s left)
  68 K2P+G4       33561.710   part1.1+part1.3	0h:1m:15s (0h:2m:39s left)
  69 HKY+F+G4     33585.118   part1.2+part3.3	0h:1m:16s (0h:2m:36s left)
  70 K3P+G4       33544.042   part1.1+part4.1	0h:1m:16s (0h:2m:34s left)
  71 K2P+G4       33568.727   part1.1+part5.3	0h:1m:18s (0h:2m:34s left)
  72 K2P+I+G4     33639.919   part1.3+part2.2	0h:1m:19s (0h:2m:34s left)
  73 K2P+G4       33563.174   part4.1+part5.1	0h:1m:20s (0h:2m:31s left)
  74 K2P+I+G4     33609.550   part2.2+part4.1	0h:1m:20s (0h:2m:28s left)
  75 K2P+G4       33609.793   part1.2+part1.3	0h:1m:21s (0h:2m:27s left)
  76 TNe+G4       33550.563   part1.1+part4.2	0h:1m:21s (0h:2m:24s left)
  77 K2P+G4       33580.633   part1.3+part5.1	0h:1m:22s (0h:2m:22s left)
  78 K2P+G4       33583.505   part1.2+part4.1	0h:1m:23s (0h:2m:22s left)
  79 K2P+G4       33647.971   part2.2+part5.3	0h:1m:24s (0h:2m:20s left)
  80 K2P+G4       33583.897   part5.1+part5.3	0h:1m:27s (0h:2m:22s left)
  81 K2P+G4       33557.767   part4.1+part5.2	0h:1m:27s (0h:2m:20s left)
  82 K2P+G4       33553.817   part3.2+part4.1	0h:1m:28s (0h:2m:18s left)
  83 K2P+G4       33592.723   part1.3+part5.2	0h:1m:28s (0h:2m:16s left)
  84 HKY+F+I+G4   33614.022   part1.3+part3.2	0h:1m:28s (0h:2m:13s left)
  85 TPM2+F+G4    33535.947   part2.1+part3.1	0h:1m:30s (0h:2m:13s left)
  86 TPM3u+F+G4   33616.036   part1.2+part5.3	0h:1m:30s (0h:2m:12s left)
  87 TNe+I+G4     33607.023   part2.2+part4.2	0h:1m:32s (0h:2m:12s left)
  88 K2P+G4       33617.651   part3.2+part5.3	0h:1m:33s (0h:2m:10s left)
  89 K2P+G4       33598.323   part5.2+part5.3	0h:1m:33s (0h:2m:8s left)
  90 K2P+I+G4     33570.337   part4.2+part5.1	0h:1m:35s (0h:2m:8s left)
  91 TNe+I+G4     33586.337   part1.2+part4.2	0h:1m:37s (0h:2m:8s left)
  92 TPM2u+F+I+G4 33539.384   part1.1+part2.1	0h:1m:38s (0h:2m:6s left)
  93 TNe+G4       33557.451   part4.2+part5.2	0h:1m:38s (0h:2m:4s left)
  94 TNe+G4       33545.856   part3.2+part4.2	0h:1m:39s (0h:2m:3s left)
  95 TPM2u+F+G4   33538.599   part1.1+part3.1	0h:1m:40s (0h:2m:2s left)
  96 K2P+I+G4     33561.155   part2.1+part2.2	0h:1m:42s (0h:2m:2s left)
  97 K2P+I+G4     33542.629   part2.1+part5.1	0h:1m:43s (0h:2m:1s left)
  98 K2P+I+G4     33588.406   part2.2+part3.1	0h:1m:45s (0h:2m:1s left)
  99 TPM2u+F+G4   33561.168   part3.1+part5.1	0h:1m:45s (0h:1m:59s left)
 100 TPM2u+F+G4   33579.122   part1.2+part3.1	0h:1m:46s (0h:1m:58s left)
 101 TIM2e+I+G4   33534.024   part2.1+part3.2	0h:1m:48s (0h:1m:57s left)
 102 K2P+I+G4     33535.960   part2.1+part5.2	0h:1m:48s (0h:1m:55s left)
 103 TPM2u+F+I+G4 33564.721   part1.2+part2.1	0h:1m:49s (0h:1m:54s left)
 104 K2P+G4       33552.268   part3.1+part5.2	0h:1m:50s (0h:1m:53s left)
 105 TIM2e+G4     33555.934   part3.1+part3.2	0h:1m:51s (0h:1m:52s left)
 106 TIM2e+I+G4   33541.139   part1.1+part3.2	0h:1m:54s (0h:1m:53s left)
 107 TNe+I+G4     33561.361   part1.1+part2.2	0h:1m:56s (0h:1m:53s left)
 108 TPM2+F+I+G4  33563.507   part1.1+part1.2	0h:1m:57s (0h:1m:51s left)
 109 K2P+I+G4     33541.781   part1.1+part5.2	0h:1m:57s (0h:1m:49s left)
 110 TVM+F+I+G4   33558.034   part1.1+part5.1	0h:1m:57s (0h:1m:47s left)
 111 TNe+I+G4     33529.208   part2.2+part5.1	0h:2m:0s (0h:1m:48s left)
 112 TNe+I+G4     33538.676   part1.2+part2.2	0h:2m:2s (0h:1m:48s left)
 113 K2P+I+G4     33535.435   part3.2+part5.1	0h:2m:3s (0h:1m:47s left)
 114 TIM3+F+I+G4  33537.147   part1.2+part5.1	0h:2m:4s (0h:1m:45s left)
 115 TN+F+I+G4    33536.113   part2.2+part3.2	0h:2m:5s (0h:1m:45s left)
 116 TNe+I+G4     33526.633   part5.1+part5.2	0h:2m:5s (0h:1m:43s left)
 117 TNe+I+G4     33545.310   part1.2+part3.2	0h:2m:6s (0h:1m:41s left)
 118 HKY+F+I+G4   33530.985   part1.2+part5.2	0h:2m:7s (0h:1m:40s left)
 119 TNe+I+G4     33526.734   part2.2+part5.2	0h:2m:7s (0h:1m:38s left)
 120 TNe+I+G4     33525.381   part3.2+part5.2	0h:2m:7s (0h:1m:37s left)
Merging part2.3+part3.3 with BIC score: 33511.578 (LnL: -16287.608  df: 120)
 121 TIM+F+G4     33572.443   part2.1+part2.3+part3.3	0h:2m:20s (0h:1m:44s left)
 122 K3Pu+F+G4    33532.635   part1.1+part2.3+part3.3	0h:2m:20s (0h:1m:42s left)
 123 K3Pu+F+G4    33540.858   part2.3+part3.3+part5.1	0h:2m:20s (0h:1m:40s left)
 124 K3Pu+F+G4    33648.112   part2.3+part3.3+part4.2	0h:2m:21s (0h:1m:38s left)
 125 K3Pu+F+G4    33544.792   part1.3+part2.3+part3.3	0h:2m:21s (0h:1m:37s left)
 126 TIM+F+G4     33523.563   part2.3+part3.1+part3.3	0h:2m:21s (0h:1m:35s left)
 127 K3Pu+F+G4    33574.666   part2.3+part3.3+part4.1	0h:2m:22s (0h:1m:34s left)
 128 TVM+F+G4     33586.733   part2.3+part3.3+part4.3	0h:2m:23s (0h:1m:32s left)
 129 HKY+F+G4     33674.557   part2.2+part2.3+part3.3	0h:2m:30s (0h:1m:35s left)
 130 HKY+F+G4     33624.782   part2.3+part3.2+part3.3	0h:2m:31s (0h:1m:34s left)
 131 K3Pu+F+G4    33572.279   part2.3+part3.3+part5.2	0h:2m:31s (0h:1m:32s left)
 132 K3Pu+F+G4    33552.713   part1.2+part2.3+part3.3	0h:2m:32s (0h:1m:31s left)
 133 TPM2u+F+G4   33521.413   part2.3+part3.3+part5.3	0h:2m:33s (0h:1m:30s left)
Merging part3.2+part5.2 with BIC score: 33485.299 (LnL: -16305.680  df: 112)
 134 K2P+I+G4     33502.466   part3.1+part3.2+part5.2	0h:2m:38s (0h:1m:30s left)
 135 K2P+I+G4     33571.242   part1.3+part3.2+part5.2	0h:2m:38s (0h:1m:29s left)
 136 K2P+I+G4     33472.884   part2.1+part3.2+part5.2	0h:2m:38s (0h:1m:27s left)
 137 K2P+I+G4     33512.253   part3.2+part4.1+part5.2	0h:2m:40s (0h:1m:26s left)
 138 TNe+I+G4     33504.327   part3.2+part4.2+part5.2	0h:2m:41s (0h:1m:25s left)
 139 K2P+G4       33534.879   part3.2+part4.3+part5.2	0h:2m:41s (0h:1m:23s left)
 140 K2P+I+G4     33468.838   part3.2+part5.1+part5.2	0h:2m:42s (0h:1m:22s left)
 141 TNe+I+G4     33481.590   part1.1+part3.2+part5.2	0h:2m:44s (0h:1m:21s left)
 142 K2P+G4       33587.135   part3.2+part5.2+part5.3	0h:2m:44s (0h:1m:20s left)
 143 HKY+F+G4     33649.086   part2.3+part3.2+part3.3+part5.2	0h:2m:45s (0h:1m:18s left)
 144 TNe+I+G4     33480.484   part1.2+part3.2+part5.2	0h:2m:46s (0h:1m:17s left)
 145 TNe+I+G4     33468.357   part2.2+part3.2+part5.2	0h:2m:47s (0h:1m:16s left)
Merging part2.2+part5.1 with BIC score: 33462.846 (LnL: -16310.060  df: 108)
 146 K2P+I+G4     33579.928   part2.2+part5.1+part5.3	0h:2m:51s (0h:1m:16s left)
 147 K2P+I+G4     33564.416   part1.3+part2.2+part5.1	0h:2m:53s (0h:1m:15s left)
 148 K2P+I+G4     33536.561   part2.2+part4.2+part5.1	0h:2m:53s (0h:1m:14s left)
 149 K2P+I+G4     33536.267   part2.2+part4.1+part5.1	0h:2m:54s (0h:1m:12s left)
 150 K2P+I+G4     33506.335   part2.2+part3.1+part5.1	0h:2m:54s (0h:1m:10s left)
 151 TIM3e+I+G4   33557.227   part2.2+part4.3+part5.1	0h:2m:54s (0h:1m:9s left)
 152 K2P+I+G4     33477.214   part2.1+part2.2+part5.1	0h:2m:55s (0h:1m:8s left)
 153 HKY+F+G4     33652.566   part2.2+part2.3+part3.3+part5.1	0h:2m:57s (0h:1m:7s left)
 154 K2P+I+G4     33472.777   part1.1+part2.2+part5.1	0h:3m:0s (0h:1m:6s left)
 155 TNe+I+G4     33454.576   part2.2+part3.2+part5.1+part5.2	0h:3m:1s (0h:1m:5s left)
 156 TNe+I+G4     33450.543   part1.2+part2.2+part5.1	0h:3m:1s (0h:1m:3s left)
Merging part2.1+part3.1 with BIC score: 33447.133 (LnL: -16302.203  df: 108)
 157 TPM2+F+G4    33422.814   part1.1+part2.1+part3.1	0h:3m:6s (0h:1m:4s left)
 158 TPM2u+F+G4   33502.000   part2.1+part3.1+part5.3	0h:3m:7s (0h:1m:2s left)
 159 TIM3e+I+G4   33460.422   part2.1+part3.1+part3.2+part5.2	0h:3m:7s (0h:1m:1s left)
 160 K2P+I+G4     33481.836   part1.3+part2.1+part3.1	0h:3m:8s (0h:1m:0s left)
 161 TVMe+G4      33447.053   part2.1+part3.1+part4.3	0h:3m:9s (0h:0m:58s left)
 162 TIMe+I+G4    33446.477   part2.1+part3.1+part4.2	0h:3m:9s (0h:0m:57s left)
 163 K2P+I+G4     33491.338   part2.1+part2.2+part3.1+part5.1	0h:3m:10s (0h:0m:55s left)
 164 TPM2u+F+I+G4 33464.444   part1.2+part2.1+part3.1	0h:3m:12s (0h:0m:55s left)
 165 TIMe+G4      33434.771   part2.1+part3.1+part4.1	0h:3m:12s (0h:0m:53s left)
 166 TIM+F+G4     33508.193   part2.1+part2.3+part3.1+part3.3	0h:3m:13s (0h:0m:52s left)
Merging part1.1+part2.1+part3.1 with BIC score: 33422.814 (LnL: -16297.846  df: 106)
 167 TPM2+F+G4    33480.905   part1.1+part2.1+part3.1+part5.3	0h:3m:19s (0h:0m:52s left)
 168 TPM2u+F+I+G4 33439.351   part1.1+part1.2+part2.1+part3.1	0h:3m:19s (0h:0m:51s left)
 169 TIM2e+I+G4   33469.841   part1.1+part1.3+part2.1+part3.1	0h:3m:19s (0h:0m:49s left)
 170 TIM2e+I+G4   33439.981   part1.1+part2.1+part3.1+part3.2+part5.2	0h:3m:20s (0h:0m:48s left)
 171 TIMe+G4      33420.221   part1.1+part2.1+part3.1+part4.1	0h:3m:20s (0h:0m:46s left)
 172 TVMe+G4      33427.620   part1.1+part2.1+part3.1+part4.3	0h:3m:20s (0h:0m:45s left)
 173 TIM2e+I+G4   33474.425   part1.1+part2.1+part2.2+part3.1+part5.1	0h:3m:21s (0h:0m:44s left)
 174 TIMe+I+G4    33433.135   part1.1+part2.1+part3.1+part4.2	0h:3m:23s (0h:0m:43s left)
 175 TIM+F+G4     33502.407   part1.1+part2.1+part2.3+part3.1+part3.3	0h:3m:24s (0h:0m:42s left)
Merging part1.3+part5.3 with BIC score: 33408.813 (LnL: -16298.649  df: 104)
 176 K2P+G4       33540.471   part1.3+part3.2+part5.2+part5.3	0h:3m:28s (0h:0m:41s left)
 177 K2P+G4       33480.940   part1.2+part1.3+part5.3	0h:3m:29s (0h:0m:40s left)
 178 K2P+I+G4     33562.436   part1.3+part2.2+part5.1+part5.3	0h:3m:29s (0h:0m:38s left)
 179 K2P+G4       33532.946   part1.3+part4.2+part5.3	0h:3m:30s (0h:0m:37s left)
 180 K2P+G4       33475.724   part1.3+part4.1+part5.3	0h:3m:30s (0h:0m:36s left)
 181 TIM3e+G4     33458.599   part1.3+part4.3+part5.3	0h:3m:31s (0h:0m:35s left)
 182 TIM2e+G4     33495.404   part1.1+part1.3+part2.1+part3.1+part5.3	0h:3m:31s (0h:0m:33s left)
 183 TPM2u+F+G4   33455.553   part1.3+part2.3+part3.3+part5.3	0h:3m:34s (0h:0m:32s left)
Merging part1.2+part2.2+part5.1 with BIC score: 33396.510 (LnL: -16315.907  df: 98)
 184 K2P+I+G4     33587.224   part1.2+part1.3+part2.2+part5.1+part5.3	0h:3m:42s (0h:0m:32s left)
 185 K2P+I+G4     33489.064   part1.2+part2.2+part4.2+part5.1	0h:3m:44s (0h:0m:31s left)
 186 TIM3e+I+G4   33514.824   part1.2+part2.2+part4.3+part5.1	0h:3m:45s (0h:0m:30s left)
 187 K2P+I+G4     33489.574   part1.2+part2.2+part4.1+part5.1	0h:3m:45s (0h:0m:28s left)
 188 TIM2e+I+G4   33465.999   part1.1+part1.2+part2.1+part2.2+part3.1+part5.1	0h:3m:46s (0h:0m:27s left)
 189 TNe+I+G4     33391.431   part1.2+part2.2+part3.2+part5.1+part5.2	0h:3m:47s (0h:0m:26s left)
 190 HKY+F+I+G4   33612.903   part1.2+part2.2+part2.3+part3.3+part5.1	0h:3m:48s (0h:0m:25s left)
Merging part4.1+part4.2 with BIC score: 33384.445 (LnL: -16317.677  df: 96)
 191 TNe+G4       33413.877   part3.2+part4.1+part4.2+part5.2	0h:3m:54s (0h:0m:24s left)
 192 TIMe+G4      33386.397   part1.1+part2.1+part3.1+part4.1+part4.2	0h:3m:55s (0h:0m:23s left)
 193 TIM3e+G4     33394.536   part4.1+part4.2+part4.3	0h:3m:55s (0h:0m:21s left)
 194 TNe+I+G4     33506.674   part1.2+part2.2+part4.1+part4.2+part5.1	0h:3m:56s (0h:0m:20s left)
 195 K2P+G4       33530.068   part1.3+part4.1+part4.2+part5.3	0h:3m:56s (0h:0m:19s left)
 196 K3Pu+F+G4    33547.036   part2.3+part3.3+part4.1+part4.2	0h:3m:59s (0h:0m:18s left)
Merging part1.2+part2.2+part3.2+part5.1+part5.2 with BIC score: 33379.366 (LnL: -16330.744  df: 92)
 197 K2P+I+G4     33611.606   part1.2+part1.3+part2.2+part3.2+part5.1+part5.2+part5.3	0h:4m:6s (0h:0m:17s left)
 198 TIM3e+I+G4   33512.325   part1.2+part2.2+part3.2+part4.3+part5.1+part5.2	0h:4m:6s (0h:0m:16s left)
 199 TIM2e+I+G4   33438.227   part1.1+part1.2+part2.1+part2.2+part3.1+part3.2+part5.1+part5.2	0h:4m:8s (0h:0m:15s left)
 200 TNe+I+G4     33502.736   part1.2+part2.2+part3.2+part4.1+part4.2+part5.1+part5.2	0h:4m:8s (0h:0m:13s left)
 201 HKY+F+I+G4   33669.325   part1.2+part2.2+part2.3+part3.2+part3.3+part5.1+part5.2	0h:4m:10s (0h:0m:12s left)
BEST-FIT PARTITION MODEL: 
  charpartition BIC = TPM2+F+G4: part1.1 part2.1 part3.1, TNe+I+G4: part1.2 part2.2 part3.2 part5.1 part5.2, K2P+G4: part1.3 part5.3, K3Pu+F+G4: part2.3 part3.3, TNe+G4: part4.1 part4.2, TIM3e+G4: part4.3;
Agglomerative model selection: ((part1.1,(part2.1,part3.1)4:33447.1)5:33422.8,((part1.2,(part2.2,part5.1)3:33462.8)7:33396.5,(part3.2,part5.2)2:33485.3)9:33379.4,(part1.3,part5.3)6:33408.8,(part2.3,part3.3)1:33511.6,(part4.1,part4.2)8:33384.4,part4.3)
Merging into 6 partitions...
Partition information was printed to 2_set232.best_scheme.nex
Partition information in Raxml format was printed to 2_set232.best_scheme

All model information printed to 2_set232.model.gz
CPU time for ModelFinder: 306.948 seconds (0h:5m:6s)
Wall-clock time for ModelFinder: 251.127 seconds (0h:4m:11s)
Generating 1000 samples for ultrafast bootstrap (seed: 623723)...

NOTE: 10 MB RAM (0 GB) is required!
Measuring multi-threading efficiency up to 8 CPU cores
Increase to 10 rounds for branch lengths
17 trees examined
Threads: 1 / Time: 8.366 sec / Speedup: 1.000 / Efficiency: 100% / LogL: -24404
Threads: 2 / Time: 18.424 sec / Speedup: 0.454 / Efficiency: 23% / LogL: -24404
BEST NUMBER OF THREADS: 1

Estimate model parameters (epsilon = 0.100)
Initial log-likelihood: -17222.689
Current log-likelihood at step 1: -16330.825
Current log-likelihood at step 2: -16309.987
Current log-likelihood at step 3: -16308.918
Current log-likelihood at step 4: -16308.380
Current log-likelihood at step 5: -16307.863
Current log-likelihood at step 6: -16307.339
Current log-likelihood at step 7: -16306.805
Current log-likelihood at step 8: -16306.259
Current log-likelihood at step 9: -16305.701
Current log-likelihood at step 10: -16305.131
Current log-likelihood at step 11: -16304.548
Current log-likelihood at step 12: -16303.952
Current log-likelihood at step 13: -16303.343
Current log-likelihood at step 14: -16302.720
Current log-likelihood at step 15: -16302.084
Current log-likelihood at step 16: -16301.433
Current log-likelihood at step 17: -16300.767
Current log-likelihood at step 18: -16300.086
Current log-likelihood at step 19: -16299.390
Current log-likelihood at step 20: -16298.678
Current log-likelihood at step 21: -16297.950
Current log-likelihood at step 22: -16297.206
Current log-likelihood at step 23: -16296.444
Current log-likelihood at step 24: -16295.664
Current log-likelihood at step 25: -16294.866
Current log-likelihood at step 26: -16294.049
Current log-likelihood at step 27: -16293.209
Current log-likelihood at step 28: -16292.346
Current log-likelihood at step 29: -16291.453
Current log-likelihood at step 30: -16279.142
Current log-likelihood at step 31: -16278.380
Current log-likelihood at step 32: -16278.378
Parameters optimization took 31 rounds (5.469 sec)

Computing ML distances based on estimated model parameters... 0.067 sec
Computing BIONJ tree...
0.004 seconds
Log-likelihood of BIONJ tree: -16298.636
--------------------------------------------------------------------
|             INITIALIZING CANDIDATE TREE SET                      |
--------------------------------------------------------------------
Generating 98 parsimony trees... 4.234 second
Computing log-likelihood of 98 initial trees ... 11.684 seconds
Current best score: -16278.378

Do NNI search on 20 best initial trees
Estimate model parameters (epsilon = 0.100)
Initial log-likelihood: -16278.085
Current log-likelihood at step 1: -16278.056
Parameters optimization took 0 rounds (0.177 sec)

BETTER TREE FOUND at iteration 1: -16278.056
Iteration 10 / LogL: -16278.089 / Time: 0h:0m:59s
Iteration 20 / LogL: -16278.056 / Time: 0h:1m:10s
Finish initializing candidate tree set (3)
Current best tree score: -16278.056 / CPU time: 38.349
Number of iterations: 20
--------------------------------------------------------------------
|               OPTIMIZING CANDIDATE TREE SET                      |
--------------------------------------------------------------------
Iteration 30 / LogL: -16278.067 / Time: 0h:1m:24s (0h:3m:26s left)
Iteration 40 / LogL: -16278.061 / Time: 0h:1m:39s (0h:2m:34s left)
Iteration 50 / LogL: -16278.082 / Time: 0h:1m:53s (0h:1m:57s left)
Log-likelihood cutoff on original alignment: -16328.969
Iteration 60 / LogL: -16278.059 / Time: 0h:2m:6s (0h:1m:28s left)
Iteration 70 / LogL: -16278.057 / Time: 0h:2m:19s (0h:1m:2s left)
Iteration 80 / LogL: -16280.992 / Time: 0h:2m:30s (0h:0m:39s left)
Iteration 90 / LogL: -16278.056 / Time: 0h:2m:43s (0h:0m:20s left)
Iteration 100 / LogL: -16278.057 / Time: 0h:2m:54s (0h:0m:1s left)
Log-likelihood cutoff on original alignment: -16329.881
NOTE: Bootstrap correlation coefficient of split occurrence frequencies: 0.999
TREE SEARCH COMPLETED AFTER 102 ITERATIONS / Time: 0h:2m:56s

--------------------------------------------------------------------
|                    FINALIZING TREE SEARCH                        |
--------------------------------------------------------------------
Performs final model parameters optimization
Estimate model parameters (epsilon = 0.010)
Initial log-likelihood: -16278.056
Current log-likelihood at step 1: -16278.055
Parameters optimization took 0 rounds (0.108 sec)

BEST SCORE FOUND : -16278.055
Creating bootstrap support values...
Split supports printed to NEXUS file 2_set232.splits.nex
Total tree length: 1.962

Total number of iterations: 102
CPU time used for tree search: 61.301 sec (0h:1m:1s)
Wall-clock time used for tree search: 144.194 sec (0h:2m:24s)
Total CPU time used: 71.626 sec (0h:1m:11s)
Total wall-clock time used: 177.422 sec (0h:2m:57s)

Computing bootstrap consensus tree...
Reading input file 2_set232.splits.nex...
35 taxa and 132 splits.
Consensus tree written to 2_set232.contree
Reading input trees file 2_set232.contree
Log-likelihood of consensus tree: -16278.055

Analysis results written to: 
  IQ-TREE report:                2_set232.iqtree
  Maximum-likelihood tree:       2_set232.treefile
  Likelihood distances:          2_set232.mldist
  Best partitioning scheme:      2_set232.best_scheme.nex
           in RAxML format:      2_set232.best_scheme

Ultrafast bootstrap approximation results written to:
  Split support values:          2_set232.splits.nex
  Consensus tree:                2_set232.contree
  Screen log file:               2_set232.log

Date and Time: Sat Sep  8 00:48:15 2018
