IQ-TREE multicore version 1.6.7 for Mac OS X 64-bit built Aug 23 2018
Developed by Bui Quang Minh, Nguyen Lam Tung, Olga Chernomor,
Heiko Schmidt, Dominik Schrempf, Michael Woodhams.

Host:    meeps-mac-pro.staff.sydney.edu.au (AVX, 64 GB RAM)
Command: /Users/davidduchene/Desktop/Software/iqtree-1.6.7-MacOSX/bin/iqtree -s ../../../../marsupials/set108.fasta -m TESTMERGE -bb 1000 -sp ../../../../marsupials/set108.nex -nt AUTO -pre 6_set108
Seed:    597860 (Using SPRNG - Scalable Parallel Random Number Generator)
Time:    Fri Sep  7 11:02:07 2018
Kernel:  AVX - auto-detect threads (8 CPU cores detected)

Reading partition model file ../../../../marsupials/set108.nex ...
Reading alignment file ../../../../marsupials/set108.fasta ... Fasta format detected
Alignment most likely contains DNA/RNA sequences
Alignment has 37 sequences with 2220 columns, 1019 distinct patterns
569 parsimony-informative, 320 singleton sites, 1331 constant sites
                                              Gap/Ambiguity  Composition  p-value
   1  Burramyidae_Burramys_parvus                     2.16%    passed     75.84%
   2  Notoryctidae_Notoryctes_typhlops                2.48%    passed     37.66%
   3  Vombatidae_Lasiorhinus_latifrons                2.88%    passed     76.55%
   4  Potoroidae_Bettongia_penicillata                0.95%    passed     61.74%
   5  Potoroidae_Bettongia_lesueur                    0.23%    passed     73.83%
   6  Dasyuridae_Dasyurus_maculatus                   2.03%    passed     89.67%
   7  Phalangeridae_Trichosurus_vulpecula             5.81%    passed     90.82%
   8  Phalangeridae_Spilocuscus_maculatus             0.90%    passed     98.32%
   9  Potoroidae_Aepyprymnus_rufescens                1.13%    passed     81.31%
  10  Peramelidae_Perameles_nasuta                    1.49%    passed     91.66%
  11  Myrmecobiidae_Myrmecobius_fasciatus1           90.63%    failed      1.22%
  12  Phalangeridae_Strigocuscus_pelengensis          8.42%    passed     94.53%
  13  Dasyuridae_Phascogale_tapoatafa                 1.58%    passed     97.38%
  14  Dasyuridae_Sminthopsis_macroura                 0.14%    passed     97.27%
  15  Phalangeridae_Phalanger_orientalis              5.63%    passed     66.61%
  16  Acrobatidae_Acrobates_pygmaeus                  1.35%    passed     96.99%
  17  Dasyuridae_Phascogale_calura                    0.72%    passed     98.14%
  18  Dasyuridae_Sarcophilus_harrisii                 0.05%    passed     95.91%
  19  Dasyuridae_Planigale_tenuirostris               5.72%    passed     97.85%
  20  Peramelidae_Echymipera_kalubu                   0.45%    passed     93.92%
  21  Macropodidae_Dorcopsulus_vanheurni             11.98%    passed     98.79%
  22  Pseudochiridae_Pseudochirulus_forbesi           1.85%    passed     81.30%
  23  Didelphidae_Didelphis_virginiana               22.61%    passed     20.23%
  24  Marmosidae_Monodelphis_domestica               37.75%    failed      1.14%
  25  Dasyuridae_Antechinus_stuartii                  8.96%    passed     92.48%
  26  Hypsiprymnodontidae_Hypsiprymnodon_moschatus    0.18%    passed     90.59%
  27  Microbiotheriidae_Dromiciops_gliroides         14.68%    passed     53.92%
  28  Pseudochiridae_Petauroides_volans               1.49%    passed     90.16%
  29  Macropodidae_Wallabia_bicolor                  11.85%    passed     86.45%
  30  Pseudochiridae_Pseudocheirus_occidentalis       3.78%    passed     82.84%
  31  Tarsipedidae_Tarsipes_rostratus                25.00%    failed      0.32%
  32  Acrobatidae_Distoechurus_pennatus               0.14%    passed     98.16%
  33  Myrmecobiidae_Myrmecobius_fasciatus2           90.63%    failed      1.22%
  34  Phalangeridae_Phalanger_carmelitae              5.54%    passed     82.26%
  35  Peramelidae_Peroryctes_raffrayana              10.99%    passed     95.70%
  36  Dasyuridae_Dasyurus_geffroii                    0.50%    passed     96.10%
  37  Peramelidae_Perameles_gunnii                    1.62%    passed     92.30%
WARNING: 2 sequences contain more than 50% gaps/ambiguity
****  TOTAL                                          10.39%  4 sequences failed composition chi2 test (p-value<5%; df=3)
NOTE: No CharPartition defined, use all CharSets

Loading 15 partitions...
Subset	Type	Seqs	Sites	Infor	Invar	Model	Name
1		35	94	4	83	TESTMERGE	part1.1
2		35	94	0	91	TESTMERGE	part1.2
WARNING: No parsimony-informative sites in partition part1.2
3		35	94	43	28	TESTMERGE	part1.3
4		37	70	4	60	TESTMERGE	part2.1
5		37	70	4	64	TESTMERGE	part2.2
6		37	70	35	26	TESTMERGE	part2.3
7		34	171	41	107	TESTMERGE	part3.1
8		34	171	35	114	TESTMERGE	part3.2
9		34	171	77	66	TESTMERGE	part3.3
10		34	279	59	168	TESTMERGE	part4.1
11		34	279	43	181	TESTMERGE	part4.2
12		34	279	148	82	TESTMERGE	part4.3
13		35	126	15	101	TESTMERGE	part5.1
14		35	126	9	114	TESTMERGE	part5.2
15		35	126	52	46	TESTMERGE	part5.3
Degree of missing data: 0.065
Info: multi-threading strategy over partitions

NOTE: Myrmecobiidae_Myrmecobius_fasciatus2 is identical to Myrmecobiidae_Myrmecobius_fasciatus1 but kept for subsequent analysis


Create initial parsimony tree by phylogenetic likelihood library (PLL)... 0.008 seconds
NOTE: ModelFinder requires 10 MB RAM!
NUMBER OF THREADS FOR PARTITION FINDING: 8
Testing GTR+F+G on supermatrix...
GTR+F+G4 / LnL: -12719.827 / df: 80 / AIC: 25599.654 / AICc: 25605.713 / BIC: 26056.075
Selecting individual models for 15 charsets using BIC...
 No. Model        Score       Charset
   1 K3P+G4       1829.258    part1.3
   2 K2P+G4       2040.798    part3.1
   3 HKY+F+G4     1896.576    part3.2
   4 TPM2+F+G4    2154.769    part5.3
   5 HKY+F+G4     2851.785    part3.3
   6 TPM2+F       859.932     part5.2
   7 K2P+G4       1159.556    part5.1
   8 K2P+G4       1390.574    part2.3
   9 K2P+G4       5758.759    part4.3
  10 K2P          596.290     part1.2	0h:0m:18s (0h:6m:14s left)
  11 TPM3+F+I+G4  3135.833    part4.1	0h:0m:20s (0h:6m:6s left)
  12 K2P+G4       638.270     part2.1	0h:0m:20s (0h:5m:41s left)
  13 JC+I         618.451     part2.2	0h:0m:21s (0h:5m:24s left)
  14 TIM2e+I      754.237     part1.1	0h:0m:21s (0h:5m:0s left)
  15 K2P+G4       2803.745    part4.2	0h:0m:38s (0h:8m:17s left)
Full partition model BIC score: 31475.140 (LnL: -11676.897  df:1054)
Merging models to increase model fit (about 211 total partition schemes)...
  16 K2P+G4       31061.113   part2.3+part4.3	0h:0m:57s (0h:11m:38s left)
  17 K2P+G4       31096.573   part1.3+part4.3	0h:0m:57s (0h:10m:54s left)
  18 K2P+G4       31135.240   part3.2+part4.3	0h:0m:57s (0h:10m:15s left)
  19 K2P+G4       31120.986   part3.1+part4.3	0h:0m:58s (0h:9m:46s left)
  20 K2P+G4       31105.693   part3.3+part4.3	0h:0m:58s (0h:9m:21s left)
  21 K2P+G4       31249.199   part4.2+part4.3	0h:1m:0s (0h:9m:6s left)
  22 TPM2u+F+G4   31110.043   part4.3+part5.3	0h:1m:1s (0h:8m:50s left)
  23 TPM3+F+G4    31150.664   part4.1+part4.3	0h:1m:4s (0h:8m:48s left)
  24 K2P+G4       31195.171   part3.3+part4.1	0h:1m:12s (0h:9m:24s left)
  25 K2P+G4       31135.544   part4.3+part5.1	0h:1m:13s (0h:9m:3s left)
  26 K2P+G4       31168.239   part4.3+part5.2	0h:1m:14s (0h:8m:52s left)
  27 K2P+G4       31258.544   part3.3+part4.2	0h:1m:16s (0h:8m:40s left)
  28 K2P+G4       31083.600   part2.1+part4.3	0h:1m:17s (0h:8m:23s left)
  29 K2P+G4       31116.477   part1.1+part4.3	0h:1m:17s (0h:8m:8s left)
  30 K2P+G4       31123.728   part2.2+part4.3	0h:1m:21s (0h:8m:11s left)
  31 K2P+I+G4     31006.439   part4.1+part4.2	0h:1m:27s (0h:8m:26s left)
  32 K2P+G4       31149.927   part1.2+part4.3	0h:1m:29s (0h:8m:20s left)
  33 HKY+F+G4     31265.592   part4.2+part5.3	0h:1m:30s (0h:8m:10s left)
  34 HKY+F+I+G4   31110.325   part3.2+part4.1	0h:1m:32s (0h:8m:2s left)
  35 K3P+G4       31108.529   part3.3+part5.3	0h:1m:32s (0h:7m:47s left)
  36 TIM3+F+G4    31156.460   part4.1+part5.3	0h:1m:33s (0h:7m:34s left)
  37 TPM3u+F+G4   31098.146   part3.1+part4.1	0h:1m:33s (0h:7m:21s left)
  38 K3Pu+F+G4    31189.627   part1.3+part4.1	0h:1m:34s (0h:7m:11s left)
  39 K2P+I+G4     31166.806   part3.1+part4.2	0h:1m:38s (0h:7m:14s left)
  40 K2P+G4       31248.373   part1.3+part4.2	0h:1m:42s (0h:7m:18s left)
  41 K2P+G4       31041.222   part3.1+part3.3	0h:1m:43s (0h:7m:10s left)
  42 K2P+I+G4     31161.138   part3.2+part4.2	0h:1m:46s (0h:7m:7s left)
  43 K2P+G4       31026.990   part1.3+part3.3	0h:1m:47s (0h:6m:58s left)
  44 HKY+F+G4     31033.466   part3.2+part3.3	0h:1m:50s (0h:6m:57s left)
  45 K2P+G4       31102.966   part2.3+part4.1	0h:1m:50s (0h:6m:47s left)
  46 K2P+G4       31174.095   part2.3+part4.2	0h:1m:54s (0h:6m:51s left)
  47 TIM3+F+I+G4  31077.522   part4.1+part5.1	0h:1m:56s (0h:6m:47s left)
  48 K2P+I+G4     31117.140   part4.2+part5.1	0h:2m:1s (0h:6m:52s left)
  49 K2P+G4       31090.258   part3.3+part5.1	0h:2m:3s (0h:6m:48s left)
  50 HKY+F+G4     31028.897   part2.3+part3.3	0h:2m:5s (0h:6m:45s left)
  51 K2P+I+G4     31080.394   part4.1+part5.2	0h:2m:6s (0h:6m:35s left)
  52 TN+F+G4      31108.054   part3.1+part5.3	0h:2m:7s (0h:6m:30s left)
  53 HKY+F+G4     31134.818   part3.2+part5.3	0h:2m:9s (0h:6m:25s left)
  54 K2P+I+G4     31103.003   part4.2+part5.2	0h:2m:12s (0h:6m:26s left)
  55 HKY+F+I+G4   31032.103   part2.1+part4.1	0h:2m:14s (0h:6m:21s left)
  56 TPM2+F+G4    31073.939   part1.3+part5.3	0h:2m:15s (0h:6m:16s left)
  57 HKY+F+G4     31083.926   part3.3+part5.2	0h:2m:19s (0h:6m:17s left)
  58 K2P+I+G4     31061.006   part2.1+part4.2	0h:2m:22s (0h:6m:15s left)
  59 TPM2u+F+I+G4 31036.320   part1.1+part4.1	0h:2m:23s (0h:6m:10s left)
  60 HKY+F+I+G4   31056.988   part2.2+part4.1	0h:2m:23s (0h:6m:2s left)
  61 HKY+F+G4     31006.707   part3.1+part3.2	0h:2m:25s (0h:5m:57s left)
  62 K2P+I+G4     31053.159   part1.2+part4.1	0h:2m:29s (0h:5m:58s left)
  63 K2P+I+G4     31071.095   part2.2+part4.2	0h:2m:32s (0h:5m:57s left)
  64 K2P+I+G4     31070.453   part1.1+part4.2	0h:2m:32s (0h:5m:49s left)
  65 K2P+G4       31090.829   part1.3+part3.1	0h:2m:34s (0h:5m:46s left)
  66 HKY+F+G4     31079.543   part2.3+part5.3	0h:2m:41s (0h:5m:55s left)
  67 K3Pu+F+G4    31094.789   part1.3+part3.2	0h:2m:43s (0h:5m:50s left)
  68 TN+F+G4      31068.934   part5.1+part5.3	0h:2m:43s (0h:5m:44s left)
  69 HKY+F+G4     31052.016   part2.1+part3.3	0h:2m:45s (0h:5m:40s left)
  70 K2P+G4       31081.377   part1.1+part3.3	0h:2m:48s (0h:5m:38s left)
  71 K2P+G4       31034.592   part2.3+part3.1	0h:2m:52s (0h:5m:39s left)
  72 HKY+F+G4     31075.127   part2.2+part3.3	0h:2m:54s (0h:5m:35s left)
  73 HKY+F+I      31144.869   part5.2+part5.3	0h:2m:55s (0h:5m:32s left)
  74 HKY+F+G4     31032.088   part3.1+part5.1	0h:2m:57s (0h:5m:27s left)
  75 HKY+F+G4     31094.777   part1.2+part3.3	0h:2m:58s (0h:5m:23s left)
  76 K3P+G4       31032.997   part1.3+part2.3	0h:2m:59s (0h:5m:19s left)
  77 K2P+I+G4     31051.686   part1.2+part4.2	0h:2m:59s (0h:5m:13s left)
  78 HKY+F+G4     31027.883   part3.2+part5.1	0h:3m:0s (0h:5m:8s left)
  79 HKY+F+G4     31039.609   part2.3+part3.2	0h:3m:2s (0h:5m:4s left)
  80 HKY+F+G4     31075.945   part2.1+part5.3	0h:3m:7s (0h:5m:7s left)
  81 K3P+G4       31078.785   part1.3+part5.1	0h:3m:10s (0h:5m:5s left)
  82 K2P+G4       31049.978   part3.1+part5.2	0h:3m:10s (0h:4m:59s left)
  83 TPM2u+F+I    31098.311   part1.1+part5.3	0h:3m:13s (0h:4m:58s left)
  84 HKY+F+G4     31035.291   part3.2+part5.2	0h:3m:14s (0h:4m:53s left)
  85 K3P+G4       31076.275   part1.3+part5.2	0h:3m:16s (0h:4m:50s left)
  86 K2P+G4       31004.354   part2.1+part3.1	0h:3m:16s (0h:4m:45s left)
  87 HKY+F+I      31116.738   part2.2+part5.3	0h:3m:17s (0h:4m:41s left)
  88 HKY+F+I      31136.020   part1.2+part5.3	0h:3m:18s (0h:4m:38s left)
  89 K2P+G4       31025.461   part1.1+part3.1	0h:3m:20s (0h:4m:35s left)
  90 K2P+G4       31039.675   part2.3+part5.1	0h:3m:22s (0h:4m:32s left)
  91 K2P+G4       31036.185   part2.2+part3.1	0h:3m:22s (0h:4m:27s left)
  92 HKY+F+G4     31008.856   part2.1+part3.2	0h:3m:24s (0h:4m:24s left)
  93 TPM3u+F+G4   31030.720   part1.1+part3.2	0h:3m:25s (0h:4m:20s left)
  94 TPM3u+F+G4   31024.684   part2.2+part3.2	0h:3m:27s (0h:4m:18s left)
  95 K3P+G4       31069.165   part1.1+part1.3	0h:3m:29s (0h:4m:15s left)
  96 K2P+G4       31062.173   part1.3+part2.2	0h:3m:29s (0h:4m:10s left)
  97 K2P+I        30990.440   part5.1+part5.2	0h:3m:31s (0h:4m:8s left)
  98 K2P+G4       31039.166   part1.2+part3.1	0h:3m:31s (0h:4m:3s left)
  99 K3P+G4       31036.879   part1.3+part2.1	0h:3m:31s (0h:3m:59s left)
 100 TPM2u+F+G4   31058.895   part2.3+part5.2	0h:3m:36s (0h:3m:59s left)
 101 HKY+F+G4     31023.736   part1.2+part3.2	0h:3m:39s (0h:3m:58s left)
 102 K3P+G4       31079.642   part1.2+part1.3	0h:3m:41s (0h:3m:56s left)
 103 K2P+G4       30979.831   part2.1+part5.1	0h:3m:41s (0h:3m:52s left)
 104 K2P+I        30984.630   part1.1+part5.1	0h:3m:42s (0h:3m:48s left)
 105 K2P+G4       30982.899   part2.1+part2.3	0h:3m:42s (0h:3m:45s left)
 106 K2P+G4       31041.797   part1.1+part2.3	0h:3m:44s (0h:3m:42s left)
 107 K2P+G4       31012.702   part2.2+part2.3	0h:3m:44s (0h:3m:38s left)
 108 K2P+I        30992.544   part2.2+part5.1	0h:3m:44s (0h:3m:34s left)
 109 K2P+G4       30974.662   part2.1+part5.2	0h:3m:47s (0h:3m:32s left)
 110 K2P+I        30982.920   part1.1+part5.2	0h:3m:47s (0h:3m:28s left)
 111 K2P+I        30958.479   part2.1+part2.2	0h:3m:49s (0h:3m:26s left)
 112 TPM2+F       30967.238   part1.2+part5.2	0h:3m:49s (0h:3m:22s left)
 113 K2P+I        30985.313   part1.2+part5.1	0h:3m:49s (0h:3m:19s left)
 114 K2P+G4       31057.290   part1.2+part2.3	0h:3m:50s (0h:3m:15s left)
 115 TPM2u+F+I    30984.584   part2.2+part5.2	0h:3m:51s (0h:3m:13s left)
 116 TIM2e+G4     30975.166   part1.1+part2.1	0h:3m:52s (0h:3m:10s left)
 117 JC+I         30978.517   part1.2+part2.2	0h:3m:53s (0h:3m:7s left)
 118 K2P+I        30978.482   part1.1+part2.2	0h:3m:54s (0h:3m:4s left)
 119 K2P+I        30970.186   part1.2+part2.1	0h:3m:54s (0h:3m:1s left)
 120 TIM2e+I      30971.278   part1.1+part1.2	0h:3m:55s (0h:2m:58s left)
Merging part2.1+part2.2 with BIC score: 30958.479 (LnL: -11695.956  df: 982)
 121 K2P+I        30471.978   part2.1+part2.2+part5.1	0h:4m:2s (0h:3m:0s left)
 122 K2P+G4       30518.089   part2.1+part2.2+part3.1	0h:4m:4s (0h:2m:58s left)
 123 K2P+G4       30561.287   part1.3+part2.1+part2.2	0h:4m:4s (0h:2m:54s left)
 124 HKY+F+G4     30508.254   part2.1+part2.2+part3.2	0h:4m:6s (0h:2m:53s left)
 125 HKY+F+G4     30585.581   part2.1+part2.2+part3.3	0h:4m:9s (0h:2m:51s left)
 126 TPM2u+F+I    30471.173   part2.1+part2.2+part5.2	0h:4m:13s (0h:2m:50s left)
 127 K2P+I+G4     30587.944   part2.1+part2.2+part4.2	0h:4m:13s (0h:2m:47s left)
 128 K2P+I+G4     30661.719   part2.1+part2.2+part4.3	0h:4m:17s (0h:2m:46s left)
 129 K2P+I        30461.739   part1.1+part2.1+part2.2	0h:4m:17s (0h:2m:43s left)
 130 K2P+I        30458.250   part1.2+part2.1+part2.2	0h:4m:18s (0h:2m:40s left)
 131 HKY+F+I+G4   30565.812   part2.1+part2.2+part4.1	0h:4m:18s (0h:2m:37s left)
 132 K2P+G4       30500.611   part2.1+part2.2+part2.3	0h:4m:19s (0h:2m:35s left)
 133 HKY+F+G4     30638.130   part2.1+part2.2+part5.3	0h:4m:20s (0h:2m:32s left)
Merging part1.2+part5.2 with BIC score: 30450.577 (LnL: -11703.984  df: 914)
 134 K2P+I        29978.861   part1.2+part5.1+part5.2	0h:4m:26s (0h:2m:33s left)
 135 K2P+G4       30064.615   part1.2+part3.1+part5.2	0h:4m:33s (0h:2m:33s left)
 136 K3P+G4       30105.626   part1.2+part1.3+part5.2	0h:4m:34s (0h:2m:31s left)
 137 HKY+F+G4     30036.174   part1.2+part3.2+part5.2	0h:4m:35s (0h:2m:28s left)
 138 HKY+F+G4     30127.035   part1.2+part3.3+part5.2	0h:4m:37s (0h:2m:26s left)
 139 TVMe+G4      30179.413   part1.2+part5.2+part5.3	0h:4m:38s (0h:2m:24s left)
 140 K2P+I+G4     30111.814   part1.2+part4.1+part5.2	0h:4m:40s (0h:2m:22s left)
 141 K2P+I+G4     30126.709   part1.2+part4.2+part5.2	0h:4m:40s (0h:2m:19s left)
 142 K2P+I        29961.328   part1.1+part1.2+part5.2	0h:4m:41s (0h:2m:16s left)
 143 K2P+I+G4     30251.805   part1.2+part4.3+part5.2	0h:4m:41s (0h:2m:13s left)
 144 TPM2u+F+I    29966.315   part1.2+part2.1+part2.2+part5.2	0h:4m:41s (0h:2m:10s left)
 145 TPM2u+F+G4   30076.493   part1.2+part2.3+part5.2	0h:4m:44s (0h:2m:9s left)
Merging part1.1+part2.1+part2.2 with BIC score: 29953.837 (LnL: -11729.150  df: 843)
 146 K2P+I        29476.034   part1.1+part2.1+part2.2+part5.1	0h:4m:57s (0h:2m:12s left)
 147 TPM3u+F+G4   29527.733   part1.1+part2.1+part2.2+part3.2	0h:5m:0s (0h:2m:10s left)
 148 K2P+G4       29598.845   part1.1+part1.3+part2.1+part2.2	0h:5m:1s (0h:2m:8s left)
 149 TIM3+F+G4    29674.623   part1.1+part2.1+part2.2+part5.3	0h:5m:2s (0h:2m:5s left)
 150 K2P+G4       29626.587   part1.1+part2.1+part2.2+part3.3	0h:5m:2s (0h:2m:3s left)
 151 K2P+I+G4     29623.012   part1.1+part2.1+part2.2+part4.2	0h:5m:5s (0h:2m:1s left)
 152 K2P+I+G4     29726.256   part1.1+part2.1+part2.2+part4.3	0h:5m:9s (0h:2m:0s left)
 153 HKY+F+I+G4   29591.437   part1.1+part2.1+part2.2+part4.1	0h:5m:9s (0h:1m:57s left)
 154 K2P+I        29472.113   part1.1+part1.2+part2.1+part2.2+part5.2	0h:5m:10s (0h:1m:54s left)
 155 K2P+G4       29525.051   part1.1+part2.1+part2.2+part2.3	0h:5m:11s (0h:1m:52s left)
 156 K2P+I+G4     29538.693   part1.1+part2.1+part2.2+part3.1	0h:5m:12s (0h:1m:50s left)
Merging part1.1+part1.2+part2.1+part2.2+part5.2 with BIC score: 29472.113 (LnL: -11765.678  df: 771)
 157 K2P+I        29001.731   part1.1+part1.2+part2.1+part2.2+part5.1+part5.2	0h:5m:22s (0h:1m:50s left)
 158 TIM3e+G4     29239.262   part1.1+part1.2+part2.1+part2.2+part5.2+part5.3	0h:5m:25s (0h:1m:49s left)
 159 K2P+I+G4     29083.654   part1.1+part1.2+part2.1+part2.2+part2.3+part5.2	0h:5m:27s (0h:1m:47s left)
 160 K2P+I+G4     29098.187   part1.1+part1.2+part2.1+part2.2+part3.1+part5.2	0h:5m:28s (0h:1m:44s left)
 161 HKY+F+I+G4   29208.821   part1.1+part1.2+part2.1+part2.2+part3.3+part5.2	0h:5m:31s (0h:1m:42s left)
 162 K2P+I+G4     29184.227   part1.1+part1.2+part2.1+part2.2+part4.1+part5.2	0h:5m:33s (0h:1m:40s left)
 163 K2P+I+G4     29212.922   part1.1+part1.2+part2.1+part2.2+part4.2+part5.2	0h:5m:34s (0h:1m:38s left)
 164 TPM3u+F+I+G4 29067.912   part1.1+part1.2+part2.1+part2.2+part3.2+part5.2	0h:5m:36s (0h:1m:36s left)
 165 K3P+I+G4     29170.671   part1.1+part1.2+part1.3+part2.1+part2.2+part5.2	0h:5m:37s (0h:1m:34s left)
 166 K2P+I+G4     29380.007   part1.1+part1.2+part2.1+part2.2+part4.3+part5.2	0h:5m:38s (0h:1m:31s left)
Merging part1.1+part1.2+part2.1+part2.2+part5.1+part5.2 with BIC score: 29001.731 (LnL: -11796.318  df: 702)
 167 K2P+G4       28762.953   part1.1+part1.2+part2.1+part2.2+part5.1+part5.2+part5.3	0h:5m:51s (0h:1m:32s left)
 168 K2P+I+G4     28625.769   part1.1+part1.2+part2.1+part2.2+part3.1+part5.1+part5.2	0h:5m:52s (0h:1m:30s left)
 169 HKY+F+I+G4   28600.890   part1.1+part1.2+part2.1+part2.2+part3.2+part5.1+part5.2	0h:5m:52s (0h:1m:27s left)
 170 K2P+I+G4     28610.885   part1.1+part1.2+part2.1+part2.2+part2.3+part5.1+part5.2	0h:5m:52s (0h:1m:25s left)
 171 K2P+I+G4     28753.174   part1.1+part1.2+part2.1+part2.2+part3.3+part5.1+part5.2	0h:5m:54s (0h:1m:22s left)
 172 K2P+I+G4     28775.911   part1.1+part1.2+part2.1+part2.2+part4.2+part5.1+part5.2	0h:5m:56s (0h:1m:20s left)
 173 K2P+I+G4     28744.140   part1.1+part1.2+part2.1+part2.2+part4.1+part5.1+part5.2	0h:5m:57s (0h:1m:18s left)
 174 K2P+I+G4     28929.535   part1.1+part1.2+part2.1+part2.2+part4.3+part5.1+part5.2	0h:6m:0s (0h:1m:16s left)
 175 K2P+I+G4     28709.235   part1.1+part1.2+part1.3+part2.1+part2.2+part5.1+part5.2	0h:6m:1s (0h:1m:14s left)
Merging part4.1+part4.2 with BIC score: 28533.030 (LnL: -11835.505  df: 631)
 176 K2P+G4       28362.139   part3.3+part4.1+part4.2	0h:6m:17s (0h:1m:15s left)
 177 K2P+G4       28337.408   part1.3+part4.1+part4.2	0h:6m:21s (0h:1m:13s left)
 178 K2P+I+G4     28222.451   part3.2+part4.1+part4.2	0h:6m:23s (0h:1m:11s left)
 179 HKY+F+G4     28328.920   part4.1+part4.2+part5.3	0h:6m:24s (0h:1m:8s left)
 180 K2P+I+G4     28232.470   part2.3+part4.1+part4.2	0h:6m:24s (0h:1m:6s left)
 181 HKY+F+I+G4   28235.266   part3.1+part4.1+part4.2	0h:6m:25s (0h:1m:3s left)
 182 K2P+I+G4     28365.814   part1.1+part1.2+part2.1+part2.2+part4.1+part4.2+part5.1+part5.2	0h:6m:25s (0h:1m:1s left)
 183 K2P+G4       28361.732   part4.1+part4.2+part4.3	0h:6m:29s (0h:0m:59s left)
Merging part3.1+part3.2 with BIC score: 28064.597 (LnL: -11859.415  df: 564)
 184 HKY+F+G4     27713.983   part1.3+part3.1+part3.2	0h:6m:40s (0h:0m:58s left)
 185 HKY+F+G4     27738.294   part3.1+part3.2+part5.3	0h:6m:41s (0h:0m:56s left)
 186 K2P+G4       27638.001   part2.3+part3.1+part3.2	0h:6m:43s (0h:0m:54s left)
 187 HKY+F+G4     27649.097   part3.1+part3.2+part3.3	0h:6m:44s (0h:0m:51s left)
 188 HKY+F+I+G4   27714.557   part1.1+part1.2+part2.1+part2.2+part3.1+part3.2+part5.1+part5.2	0h:6m:45s (0h:0m:49s left)
 189 K2P+G4       27778.496   part3.1+part3.2+part4.3	0h:6m:46s (0h:0m:47s left)
 190 HKY+F+I+G4   27835.274   part3.1+part3.2+part4.1+part4.2	0h:6m:48s (0h:0m:45s left)
Merging part1.3+part3.3 with BIC score: 27616.447 (LnL: -11908.876  df: 493)
 191 K2P+G4       27169.826   part1.3+part2.3+part3.3	0h:7m:1s (0h:0m:44s left)
 192 K2P+G4       27254.131   part1.3+part3.3+part5.3	0h:7m:3s (0h:0m:41s left)
 193 K2P+I+G4     27439.688   part1.1+part1.2+part1.3+part2.1+part2.2+part3.3+part5.1+part5.2	0h:7m:3s (0h:0m:39s left)
 194 HKY+F+G4     27262.393   part1.3+part3.1+part3.2+part3.3	0h:7m:4s (0h:0m:37s left)
 195 K2P+G4       27278.137   part1.3+part3.3+part4.3	0h:7m:7s (0h:0m:35s left)
 196 K2P+G4       27559.770   part1.3+part3.3+part4.1+part4.2	0h:7m:7s (0h:0m:32s left)
Merging part1.3+part2.3+part3.3 with BIC score: 27169.826 (LnL: -11951.397  df: 424)
 197 K2P+G4       26994.672   part1.1+part1.2+part1.3+part2.1+part2.2+part2.3+part3.3+part5.1+part5.2	0h:7m:25s (0h:0m:31s left)
 198 K2P+G4       26806.306   part1.3+part2.3+part3.3+part5.3	0h:7m:27s (0h:0m:29s left)
 199 K2P+G4       26805.780   part1.3+part2.3+part3.1+part3.2+part3.3	0h:7m:29s (0h:0m:27s left)
 200 K2P+G4       26834.736   part1.3+part2.3+part3.3+part4.3	0h:7m:31s (0h:0m:24s left)
 201 K2P+G4       27144.702   part1.3+part2.3+part3.3+part4.1+part4.2	0h:7m:32s (0h:0m:22s left)
Merging part4.3+part5.3 with BIC score: 26804.729 (LnL: -12026.975  df: 357)
 202 HKY+F+G4     26537.755   part3.1+part3.2+part4.3+part5.3	0h:7m:53s (0h:0m:21s left)
 203 K2P+I+G4     26805.248   part1.1+part1.2+part2.1+part2.2+part4.3+part5.1+part5.2+part5.3	0h:7m:55s (0h:0m:18s left)
 204 K2P+G4       26480.059   part1.3+part2.3+part3.3+part4.3+part5.3	0h:7m:56s (0h:0m:16s left)
 205 HKY+F+G4     26689.309   part4.1+part4.2+part4.3+part5.3	0h:7m:59s (0h:0m:14s left)
Merging part1.3+part2.3+part3.1+part3.2+part3.3 with BIC score: 26440.684 (LnL: -12114.637  df: 287)
 206 K2P+I+G4     26210.886   part1.1+part1.2+part1.3+part2.1+part2.2+part2.3+part3.1+part3.2+part3.3+part5.1+part5.2	0h:8m:22s (0h:0m:12s left)
 207 K2P+G4       26405.415   part1.3+part2.3+part3.1+part3.2+part3.3+part4.1+part4.2	0h:8m:26s (0h:0m:9s left)
 208 K2P+G4       26163.452   part1.3+part2.3+part3.1+part3.2+part3.3+part4.3+part5.3	0h:8m:29s (0h:0m:7s left)
Merging part1.3+part2.3+part3.1+part3.2+part3.3+part4.3+part5.3 with BIC score: 26163.452 (LnL: -12257.263  df: 214)
 209 K2P+I+G4     26076.795   part1.1+part1.2+part1.3+part2.1+part2.2+part2.3+part3.1+part3.2+part3.3+part4.3+part5.1+part5.2+part5.3	0h:8m:58s (0h:0m:5s left)
 210 K2P+G4       26132.413   part1.3+part2.3+part3.1+part3.2+part3.3+part4.1+part4.2+part4.3+part5.3	0h:9m:8s (0h:0m:2s left)
Merging part1.1+part1.2+part2.1+part2.2+part4.1+part4.2+part5.1+part5.2 with BIC score: 25996.235 (LnL: -12431.781  df: 147)
 211 K2P+I+G4     26007.109   part1.1+part1.2+part1.3+part2.1+part2.2+part2.3+part3.1+part3.2+part3.3+part4.1+part4.2+part4.3+part5.1+part5.2+part5.3	0h:9m:50s (0h:0m:0s left)
BEST-FIT PARTITION MODEL: 
  charpartition BIC = K2P+I+G4: part1.1 part1.2 part2.1 part2.2 part4.1 part4.2 part5.1 part5.2, K2P+G4: part1.3 part2.3 part3.1 part3.2 part3.3 part4.3 part5.3;
Agglomerative model selection: (((((part1.1,(part2.1,part2.2)1:30958.5)3:29953.8,(part1.2,part5.2)2:30450.6)4:29472.1,part5.1)5:29001.7,(part4.1,part4.2)6:28533)13:25996.2,((((part1.3,part3.3)8:27616.4,part2.3)9:27169.8,(part3.1,part3.2)7:28064.6)11:26440.7,(part4.3,part5.3)10:26804.7)12:26163.5)
Merging into 2 partitions...
Partition information was printed to 6_set108.best_scheme.nex
Partition information in Raxml format was printed to 6_set108.best_scheme

All model information printed to 6_set108.model.gz
CPU time for ModelFinder: 435.840 seconds (0h:7m:15s)
Wall-clock time for ModelFinder: 592.682 seconds (0h:9m:52s)
Generating 1000 samples for ultrafast bootstrap (seed: 597860)...

NOTE: 9 MB RAM (0 GB) is required!
Measuring multi-threading efficiency up to 8 CPU cores
Increase to 10 rounds for branch lengths
15 trees examined
Threads: 1 / Time: 8.304 sec / Speedup: 1.000 / Efficiency: 100% / LogL: -18982
Threads: 2 / Time: 4.818 sec / Speedup: 1.724 / Efficiency: 86% / LogL: -18982
Threads: 3 / Time: 31.739 sec / Speedup: 0.262 / Efficiency: 9% / LogL: -18982
BEST NUMBER OF THREADS: 2

Estimate model parameters (epsilon = 0.100)
Optimizing K2P+I+G4 parameters for partition part1.1+part1.2+part2.1+part2.2+part4.1+part4.2+part5.1+part5.2 (74 free parameters)
Optimizing K2P+G4 parameters for partition part1.3+part2.3+part3.1+part3.2+part3.3+part4.3+part5.3 (73 free parameters)
Optimal log-likelihood: -12431.495
Computing ML distances based on estimated model parameters... 0.043 sec
Computing BIONJ tree...
0.004 seconds
Log-likelihood of BIONJ tree: -12498.285
--------------------------------------------------------------------
|             INITIALIZING CANDIDATE TREE SET                      |
--------------------------------------------------------------------
Generating 98 parsimony trees... 3.804 second
Computing log-likelihood of 98 initial trees ... 7.988 seconds
Current best score: -12428.415

Do NNI search on 20 best initial trees
Estimate model parameters (epsilon = 0.100)
BETTER TREE FOUND at iteration 1: -12425.841
Estimate model parameters (epsilon = 0.100)
UPDATE BEST LOG-LIKELIHOOD: -12425.783
Iteration 10 / LogL: -12429.023 / Time: 0h:1m:35s
Iteration 20 / LogL: -12427.116 / Time: 0h:1m:53s
Finish initializing candidate tree set (9)
Current best tree score: -12425.783 / CPU time: 46.509
Number of iterations: 20
--------------------------------------------------------------------
|               OPTIMIZING CANDIDATE TREE SET                      |
--------------------------------------------------------------------
Iteration 30 / LogL: -12426.064 / Time: 0h:2m:14s (0h:5m:29s left)
Iteration 40 / LogL: -12429.861 / Time: 0h:2m:32s (0h:3m:58s left)
Iteration 50 / LogL: -12426.066 / Time: 0h:2m:51s (0h:2m:58s left)
Log-likelihood cutoff on original alignment: -12461.134
Iteration 60 / LogL: -12426.065 / Time: 0h:3m:14s (0h:2m:14s left)
Estimate model parameters (epsilon = 0.100)
UPDATE BEST LOG-LIKELIHOOD: -12425.703
Iteration 70 / LogL: -12425.859 / Time: 0h:3m:32s (0h:1m:35s left)
Iteration 80 / LogL: -12425.884 / Time: 0h:3m:49s (0h:1m:0s left)
Iteration 90 / LogL: -12426.327 / Time: 0h:4m:5s (0h:0m:30s left)
Iteration 100 / LogL: -12427.340 / Time: 0h:4m:25s (0h:0m:2s left)
Log-likelihood cutoff on original alignment: -12460.511
NOTE: Bootstrap correlation coefficient of split occurrence frequencies: 1.000
TREE SEARCH COMPLETED AFTER 102 ITERATIONS / Time: 0h:4m:30s

--------------------------------------------------------------------
|                    FINALIZING TREE SEARCH                        |
--------------------------------------------------------------------
Performs final model parameters optimization
Estimate model parameters (epsilon = 0.010)
Optimizing K2P+G4 parameters for partition part1.3+part2.3+part3.1+part3.2+part3.3+part4.3+part5.3 (73 free parameters)
Optimizing K2P+I+G4 parameters for partition part1.1+part1.2+part2.1+part2.2+part4.1+part4.2+part5.1+part5.2 (74 free parameters)
Optimal log-likelihood: -12425.644
BEST SCORE FOUND : -12425.644
Creating bootstrap support values...
Split supports printed to NEXUS file 6_set108.splits.nex
Total tree length: 1.124

Total number of iterations: 102
CPU time used for tree search: 59.474 sec (0h:0m:59s)
Wall-clock time used for tree search: 203.558 sec (0h:3m:23s)
Total CPU time used: 73.968 sec (0h:1m:13s)
Total wall-clock time used: 271.349 sec (0h:4m:31s)

Computing bootstrap consensus tree...
Reading input file 6_set108.splits.nex...
37 taxa and 163 splits.
Consensus tree written to 6_set108.contree
Reading input trees file 6_set108.contree
Log-likelihood of consensus tree: -12425.643

Analysis results written to: 
  IQ-TREE report:                6_set108.iqtree
  Maximum-likelihood tree:       6_set108.treefile
  Likelihood distances:          6_set108.mldist
  Best partitioning scheme:      6_set108.best_scheme.nex
           in RAxML format:      6_set108.best_scheme

Ultrafast bootstrap approximation results written to:
  Split support values:          6_set108.splits.nex
  Consensus tree:                6_set108.contree
  Screen log file:               6_set108.log

Date and Time: Fri Sep  7 11:16:32 2018
