IQ-TREE multicore version 1.6.3 for Mac OS X 64-bit built Mar 22 2018
Developed by Bui Quang Minh, Nguyen Lam Tung, Olga Chernomor,
Heiko Schmidt, Dominik Schrempf, Michael Woodhams.

Host:    meeps-mac-pro.staff.sydney.edu.au (AVX, 64 GB RAM)
Command: /Users/davidduchene/Desktop/Software/iqtree-1.6.3-MacOSX/bin/iqtree -s ../../../../marsupials/set38.fasta -m TEST -bb 1000 -nt AUTO -pre 1_set38
Seed:    630468 (Using SPRNG - Scalable Parallel Random Number Generator)
Time:    Fri Jul 27 14:31:06 2018
Kernel:  AVX - auto-detect threads (8 CPU cores detected)

Reading alignment file ../../../../marsupials/set38.fasta ... Fasta format detected
Alignment most likely contains DNA/RNA sequences
Alignment has 35 sequences with 2034 columns, 711 distinct patterns
405 parsimony-informative, 334 singleton sites, 1295 constant sites
                                              Gap/Ambiguity  Composition  p-value
   1  Burramyidae_Burramys_parvus                     0.54%    passed     99.12%
   2  Notoryctidae_Notoryctes_typhlops                2.46%    passed     97.89%
   3  Vombatidae_Lasiorhinus_latifrons                3.20%    passed     96.22%
   4  Potoroidae_Bettongia_penicillata                0.44%    passed     94.82%
   5  Potoroidae_Bettongia_lesueur                    0.39%    passed     97.91%
   6  Dasyuridae_Dasyurus_maculatus                   0.15%    passed     99.38%
   7  Phalangeridae_Trichosurus_vulpecula             0.25%    passed     96.17%
   8  Phalangeridae_Spilocuscus_maculatus             0.15%    passed     97.89%
   9  Potoroidae_Aepyprymnus_rufescens                0.15%    passed     98.49%
  10  Peramelidae_Perameles_nasuta                    0.64%    passed     89.77%
  11  Phalangeridae_Strigocuscus_pelengensis          8.06%    passed     90.11%
  12  Dasyuridae_Phascogale_tapoatafa                 0.20%    passed     99.33%
  13  Dasyuridae_Sminthopsis_macroura                 0.15%    passed     98.40%
  14  Phalangeridae_Phalanger_orientalis              0.59%    passed     98.90%
  15  Acrobatidae_Acrobates_pygmaeus                  0.49%    passed     99.86%
  16  Dasyuridae_Phascogale_calura                    0.20%    passed     99.52%
  17  Dasyuridae_Sarcophilus_harrisii                 0.20%    passed     99.00%
  18  Dasyuridae_Planigale_tenuirostris               5.80%    passed     95.54%
  19  Peramelidae_Echymipera_kalubu                   0.93%    passed     98.78%
  20  Macropodidae_Dorcopsulus_vanheurni              0.59%    passed     89.21%
  21  Pseudochiridae_Pseudochirulus_forbesi           0.59%    passed     99.74%
  22  Didelphidae_Didelphis_virginiana                2.26%    passed     95.84%
  23  Marmosidae_Monodelphis_domestica                0.15%    passed     93.42%
  24  Dasyuridae_Antechinus_stuartii                  1.57%    passed     98.96%
  25  Hypsiprymnodontidae_Hypsiprymnodon_moschatus    0.29%    passed     98.02%
  26  Microbiotheriidae_Dromiciops_gliroides          3.44%    passed     91.73%
  27  Pseudochiridae_Petauroides_volans               0.88%    passed     97.12%
  28  Macropodidae_Wallabia_bicolor                   0.84%    passed     88.21%
  29  Pseudochiridae_Pseudocheirus_occidentalis       2.56%    passed     98.61%
  30  Tarsipedidae_Tarsipes_rostratus                 3.29%    passed     95.49%
  31  Acrobatidae_Distoechurus_pennatus               0.49%    passed     98.27%
  32  Phalangeridae_Phalanger_carmelitae              0.25%    passed     98.97%
  33  Peramelidae_Peroryctes_raffrayana               1.52%    passed     87.39%
  34  Dasyuridae_Dasyurus_geffroii                    0.44%    passed     99.97%
  35  Peramelidae_Perameles_gunnii                    1.03%    passed     92.72%
****  TOTAL                                           1.29%  0 sequences failed composition chi2 test (p-value<5%; df=3)


Create initial parsimony tree by phylogenetic likelihood library (PLL)... 0.004 seconds
NOTE: ModelFinder requires 5 MB RAM!
ModelFinder will test 88 DNA models (sample size: 2034) ...
 No. Model         -LnL         df  AIC          AICc         BIC
Measuring multi-threading efficiency up to 8 CPU cores
Increase to 10 rounds for branch lengths
660 trees examined
Threads: 1 / Time: 8.011 sec / Speedup: 1.000 / Efficiency: 100% / LogL: -16393
Threads: 2 / Time: 5.986 sec / Speedup: 1.338 / Efficiency: 67% / LogL: -16393
Threads: 3 / Time: 6.195 sec / Speedup: 1.293 / Efficiency: 43% / LogL: -16393
BEST NUMBER OF THREADS: 2

  1  JC            10915.685    67  21965.370    21970.005    22341.760
  2  JC+I          10689.821    68  21515.642    21520.418    21897.650
  3  JC+G4         10653.121    68  21442.243    21447.018    21824.250
  4  JC+I+G4       10649.874    69  21437.749    21442.667    21825.374
  5  F81+F         10908.624    70  21957.249    21962.313    22350.492
  6  F81+F+I       10684.015    71  21510.031    21515.242    21908.892
  7  F81+F+G4      10647.571    71  21437.141    21442.352    21836.002
  8  F81+F+I+G4    10644.357    72  21432.713    21438.074    21837.192
  9  K2P           10654.027    68  21444.055    21448.830    21826.062
 10  K2P+I         10421.563    69  20981.126    20986.045    21368.752
 11  K2P+G4        10383.052    69  20904.104    20909.022    21291.729
 12  K2P+I+G4      10379.243    70  20898.486    20903.549    21291.729
 13  HKY+F         10645.510    71  21433.019    21438.230    21831.880
 14  HKY+F+I       10413.500    72  20971.000    20976.361    21375.479
 15  HKY+F+G4      10375.535    72  20895.070    20900.431    21299.549
 16  HKY+F+I+G4    10371.789    73  20889.577    20895.089    21299.674
 17  TNe           10649.029    69  21436.059    21440.977    21823.684
 18  TNe+I         10420.789    70  20981.578    20986.642    21374.821
 19  TNe+G4        10381.873    70  20903.747    20908.810    21296.990
 20  TNe+I+G4      10378.101    71  20898.203    20903.414    21297.064
 21  TN+F          10638.548    72  21421.096    21426.456    21825.574
 22  TN+F+I        10411.520    73  20969.040    20974.553    21379.137
 23  TN+F+G4       10372.980    73  20891.960    20897.472    21302.056
 24  TN+F+I+G4     10369.275    74  20886.551    20892.217    21302.265
 25  K3P           10651.911    69  21441.821    21446.740    21829.447
 26  K3P+I         10419.359    70  20978.718    20983.782    21371.961
 27  K3P+G4        10380.796    70  20901.593    20906.657    21294.836
 28  K3P+I+G4      10376.960    71  20895.921    20901.132    21294.781
 29  K3Pu+F        10643.574    72  21431.148    21436.509    21835.627
 30  K3Pu+F+I      10411.506    73  20969.012    20974.525    21379.109
 31  K3Pu+F+G4     10373.474    73  20892.949    20898.461    21303.045
 32  K3Pu+F+I+G4   10369.700    74  20887.400    20893.066    21303.114
 33  TPM2+F        10645.462    72  21434.923    21440.284    21839.402
 34  TPM2+F+I      10413.398    73  20972.796    20978.308    21382.892
 35  TPM2+F+G4     10375.416    73  20896.831    20902.343    21306.928
 36  TPM2+F+I+G4   10371.617    74  20891.234    20896.900    21306.948
 37  TPM2u+F       10645.461    72  21434.922    21440.283    21839.401
 38  TPM2u+F+I     10413.398    73  20972.796    20978.308    21382.892
 39  TPM2u+F+G4    10375.416    73  20896.831    20902.343    21306.928
 40  TPM2u+F+I+G4  10371.613    74  20891.226    20896.892    21306.940
 41  TPM3+F        10645.161    72  21434.323    21439.683    21838.802
 42  TPM3+F+I      10412.211    73  20970.422    20975.935    21380.519
 43  TPM3+F+G4     10374.325    73  20894.649    20900.162    21304.746
 44  TPM3+F+I+G4   10370.471    74  20888.943    20894.609    21304.657
 45  TPM3u+F       10645.161    72  21434.323    21439.683    21838.802
 46  TPM3u+F+I     10412.211    73  20970.422    20975.935    21380.519
 47  TPM3u+F+G4    10374.325    73  20894.649    20900.162    21304.746
 48  TPM3u+F+I+G4  10370.468    74  20888.937    20894.603    21304.651
 49  TIMe          10646.914    70  21433.828    21438.892    21827.071
 50  TIMe+I        10418.587    71  20979.174    20984.385    21378.035
 51  TIMe+G4       10379.627    71  20901.255    20906.466    21300.116
 52  TIMe+I+G4     10375.812    72  20895.623    20900.984    21300.102
 53  TIM+F         10636.614    73  21419.229    21424.741    21829.325
 54  TIM+F+I       10409.533    74  20967.067    20972.733    21382.781
 55  TIM+F+G4      10370.931    74  20889.863    20895.529    21305.577
 56  TIM+F+I+G4    10367.186    75  20884.373    20890.195    21305.705
 57  TIM2e         10648.914    70  21437.828    21442.891    21831.071
 58  TIM2e+I       10419.686    71  20981.372    20986.583    21380.233
 59  TIM2e+G4      10380.563    71  20903.125    20908.336    21301.986
 60  TIM2e+I+G4    10376.638    72  20897.276    20902.637    21301.755
 61  TIM2+F        10638.499    73  21422.998    21428.510    21833.094
 62  TIM2+F+I      10411.427    74  20970.854    20976.520    21386.568
 63  TIM2+F+G4     10372.861    74  20893.723    20899.389    21309.437
 64  TIM2+F+I+G4   10369.076    75  20888.153    20893.975    21309.485
 65  TIM3e         10649.004    70  21438.009    21443.072    21831.252
 66  TIM3e+I       10420.373    71  20982.745    20987.956    21381.606
 67  TIM3e+G4      10381.601    71  20905.202    20910.413    21304.063
 68  TIM3e+I+G4    10377.740    72  20899.480    20904.840    21303.958
 69  TIM3+F        10638.194    73  21422.388    21427.901    21832.485
 70  TIM3+F+I      10410.212    74  20968.423    20974.090    21384.138
 71  TIM3+F+G4     10371.771    74  20891.542    20897.208    21307.256
 72  TIM3+F+I+G4   10367.935    75  20885.870    20891.692    21307.202
 73  TVMe          10651.760    71  21445.520    21450.731    21844.381
 74  TVMe+I        10417.837    72  20979.675    20985.035    21384.153
 75  TVMe+G4       10379.211    72  20902.422    20907.783    21306.901
 76  TVMe+I+G4     10375.204    73  20896.409    20901.921    21306.505
 77  TVM+F         10643.020    74  21434.040    21439.706    21849.754
 78  TVM+F+I       10409.945    75  20969.890    20975.712    21391.222
 79  TVM+F+G4      10371.986    75  20893.971    20899.793    21315.303
 80  TVM+F+I+G4    10368.077    76  20888.155    20894.135    21315.104
 81  SYM           10646.764    72  21437.528    21442.889    21842.007
 82  SYM+I         10417.094    73  20980.189    20985.701    21390.285
 83  SYM+G4        10378.085    73  20902.170    20907.682    21312.266
 84  SYM+I+G4      10374.108    74  20896.216    20901.882    21311.930
 85  GTR+F         10636.049    75  21422.098    21427.920    21843.430
 86  GTR+F+I       10407.953    76  20967.906    20973.887    21394.856
 87  GTR+F+G4      10369.440    76  20890.880    20896.861    21317.830
 88  GTR+F+I+G4    10365.564    77  20885.127    20891.269    21317.695
Akaike Information Criterion:           TIM+F+I+G4
Corrected Akaike Information Criterion: TIM+F+I+G4
Bayesian Information Criterion:         K2P+I+G4
Best-fit model: K2P+I+G4 chosen according to BIC

All model information printed to 1_set38.model.gz
CPU time for ModelFinder: 43.876 seconds (0h:0m:43s)
Wall-clock time for ModelFinder: 22.596 seconds (0h:0m:22s)
Generating 1000 samples for ultrafast bootstrap (seed: 630468)...

NOTE: 5 MB RAM (0 GB) is required!
Measuring multi-threading efficiency up to 8 CPU cores
Increase to 10 rounds for branch lengths
146 trees examined
Threads: 1 / Time: 8.052 sec / Speedup: 1.000 / Efficiency: 100% / LogL: -14906
Threads: 2 / Time: 5.363 sec / Speedup: 1.501 / Efficiency: 75% / LogL: -14906
Threads: 3 / Time: 4.552 sec / Speedup: 1.769 / Efficiency: 59% / LogL: -14906
Threads: 4 / Time: 5.396 sec / Speedup: 1.492 / Efficiency: 37% / LogL: -14906
BEST NUMBER OF THREADS: 3

Estimate model parameters (epsilon = 0.100)
Thoroughly optimizing +I+G parameters from 10 start values...
Init pinv, alpha: 0.000, 1.000 / Estimate: 0.000, 0.440 / LogL: -10383.052
Init pinv, alpha: 0.071, 1.000 / Estimate: 0.073, 0.510 / LogL: -10381.467
Init pinv, alpha: 0.141, 1.000 / Estimate: 0.145, 0.602 / LogL: -10380.198
Init pinv, alpha: 0.212, 1.000 / Estimate: 0.214, 0.725 / LogL: -10379.353
Init pinv, alpha: 0.283, 1.000 / Estimate: 0.283, 0.900 / LogL: -10379.086
Init pinv, alpha: 0.354, 1.000 / Estimate: 0.349, 1.157 / LogL: -10379.719
Init pinv, alpha: 0.424, 1.000 / Estimate: 0.371, 1.280 / LogL: -10380.264
Init pinv, alpha: 0.495, 1.000 / Estimate: 0.373, 1.289 / LogL: -10380.307
Init pinv, alpha: 0.566, 1.000 / Estimate: 0.371, 1.281 / LogL: -10380.268
Init pinv, alpha: 0.637, 1.000 / Estimate: 0.372, 1.282 / LogL: -10380.274
Optimal pinv,alpha: 0.283, 0.900 / LogL: -10379.086

Parameters optimization took 1.589 sec
Computing ML distances based on estimated model parameters... 0.025 sec
Computing BIONJ tree...
0.002 seconds
Log-likelihood of BIONJ tree: -10433.572
--------------------------------------------------------------------
|             INITIALIZING CANDIDATE TREE SET                      |
--------------------------------------------------------------------
Generating 98 parsimony trees... 0.550 second
Computing log-likelihood of 98 initial trees ... 0.999 seconds
Current best score: -10379.086

Do NNI search on 20 best initial trees
Estimate model parameters (epsilon = 0.100)
BETTER TREE FOUND at iteration 1: -10378.299
Iteration 10 / LogL: -10381.464 / Time: 0h:0m:50s
UPDATE BEST LOG-LIKELIHOOD: -10378.298
Iteration 20 / LogL: -10378.339 / Time: 0h:0m:51s
Finish initializing candidate tree set (6)
Current best tree score: -10378.298 / CPU time: 3.659
Number of iterations: 20
--------------------------------------------------------------------
|               OPTIMIZING CANDIDATE TREE SET                      |
--------------------------------------------------------------------
Iteration 30 / LogL: -10378.835 / Time: 0h:0m:52s (0h:1m:13s left)
Iteration 40 / LogL: -10378.842 / Time: 0h:0m:54s (0h:0m:49s left)
Iteration 50 / LogL: -10378.840 / Time: 0h:0m:55s (0h:0m:33s left)
Log-likelihood cutoff on original alignment: -10412.613
Iteration 60 / LogL: -10378.313 / Time: 0h:0m:56s (0h:0m:23s left)
Iteration 70 / LogL: -10378.836 / Time: 0h:0m:58s (0h:0m:15s left)
Iteration 80 / LogL: -10378.299 / Time: 0h:0m:59s (0h:0m:9s left)
UPDATE BEST LOG-LIKELIHOOD: -10378.298
Iteration 90 / LogL: -10381.318 / Time: 0h:1m:0s (0h:0m:4s left)
Iteration 100 / LogL: -10378.444 / Time: 0h:1m:1s (0h:0m:0s left)
Log-likelihood cutoff on original alignment: -10412.814
NOTE: Bootstrap correlation coefficient of split occurrence frequencies: 0.998
TREE SEARCH COMPLETED AFTER 102 ITERATIONS / Time: 0h:1m:2s

--------------------------------------------------------------------
|                    FINALIZING TREE SEARCH                        |
--------------------------------------------------------------------
Performs final model parameters optimization
Estimate model parameters (epsilon = 0.010)
1. Initial log-likelihood: -10378.298
Optimal log-likelihood: -10378.298
Rate parameters:  A-C: 1.00000  A-G: 3.80631  A-T: 1.00000  C-G: 1.00000  C-T: 3.80631  G-T: 1.00000
Base frequencies:  A: 0.250  C: 0.250  G: 0.250  T: 0.250
Proportion of invariable sites: 0.283
Gamma shape alpha: 0.898
Parameters optimization took 1 rounds (0.023 sec)
BEST SCORE FOUND : -10378.298
Creating bootstrap support values...
Split supports printed to NEXUS file 1_set38.splits.nex
Total tree length: 0.749

Total number of iterations: 102
CPU time used for tree search: 37.403 sec (0h:0m:37s)
Wall-clock time used for tree search: 14.799 sec (0h:0m:14s)
Total CPU time used: 134.222 sec (0h:2m:14s)
Total wall-clock time used: 62.656 sec (0h:1m:2s)

Computing bootstrap consensus tree...
Reading input file 1_set38.splits.nex...
35 taxa and 162 splits.
Consensus tree written to 1_set38.contree
Reading input trees file 1_set38.contree
Log-likelihood of consensus tree: -10378.834

Analysis results written to: 
  IQ-TREE report:                1_set38.iqtree
  Maximum-likelihood tree:       1_set38.treefile
  Likelihood distances:          1_set38.mldist

Ultrafast bootstrap approximation results written to:
  Split support values:          1_set38.splits.nex
  Consensus tree:                1_set38.contree
  Screen log file:               1_set38.log

Date and Time: Fri Jul 27 14:32:09 2018
