IQ-TREE multicore version 1.6.3 for Mac OS X 64-bit built Mar 22 2018
Developed by Bui Quang Minh, Nguyen Lam Tung, Olga Chernomor,
Heiko Schmidt, Dominik Schrempf, Michael Woodhams.

Host:    meeps-mac-pro.staff.sydney.edu.au (AVX, 64 GB RAM)
Command: /Users/davidduchene/Desktop/Software/iqtree-1.6.3-MacOSX/bin/iqtree -s ../../../../marsupials/set228.fasta -m TEST -bb 1000 -nt AUTO -pre 1_set228
Seed:    928623 (Using SPRNG - Scalable Parallel Random Number Generator)
Time:    Fri Jul 27 18:24:27 2018
Kernel:  AVX - auto-detect threads (8 CPU cores detected)

Reading alignment file ../../../../marsupials/set228.fasta ... Fasta format detected
Alignment most likely contains DNA/RNA sequences
Alignment has 35 sequences with 2829 columns, 906 distinct patterns
594 parsimony-informative, 335 singleton sites, 1900 constant sites
                                              Gap/Ambiguity  Composition  p-value
   1  Burramyidae_Burramys_parvus                     0.25%    passed     99.70%
   2  Notoryctidae_Notoryctes_typhlops                1.03%    passed     95.02%
   3  Vombatidae_Lasiorhinus_latifrons                0.28%    passed     96.05%
   4  Potoroidae_Bettongia_penicillata                0.18%    passed     95.84%
   5  Potoroidae_Bettongia_lesueur                    0.11%    passed     97.05%
   6  Dasyuridae_Dasyurus_maculatus                   0.21%    passed     95.98%
   7  Phalangeridae_Trichosurus_vulpecula             0.53%    passed     62.51%
   8  Phalangeridae_Spilocuscus_maculatus             0.32%    passed     55.94%
   9  Potoroidae_Aepyprymnus_rufescens                0.04%    passed     98.88%
  10  Peramelidae_Perameles_nasuta                    0.39%    passed     90.76%
  11  Phalangeridae_Strigocuscus_pelengensis         10.39%    passed     73.92%
  12  Dasyuridae_Phascogale_tapoatafa                 0.07%    passed     75.69%
  13  Dasyuridae_Sminthopsis_macroura                32.56%    passed     39.80%
  14  Phalangeridae_Phalanger_orientalis              0.49%    passed     80.89%
  15  Acrobatidae_Acrobates_pygmaeus                  0.57%    passed     84.61%
  16  Dasyuridae_Phascogale_calura                    0.00%    passed     83.93%
  17  Dasyuridae_Sarcophilus_harrisii                 0.00%    passed     94.55%
  18  Dasyuridae_Planigale_tenuirostris               5.27%    passed     73.85%
  19  Peramelidae_Echymipera_kalubu                   0.07%    passed     70.03%
  20  Macropodidae_Dorcopsulus_vanheurni              0.14%    passed     97.71%
  21  Pseudochiridae_Pseudochirulus_forbesi           0.14%    passed     92.43%
  22  Didelphidae_Didelphis_virginiana                0.67%    passed     95.25%
  23  Marmosidae_Monodelphis_domestica                0.57%    passed     92.10%
  24  Dasyuridae_Antechinus_stuartii                  0.64%    passed     70.88%
  25  Hypsiprymnodontidae_Hypsiprymnodon_moschatus    0.07%    passed     88.87%
  26  Microbiotheriidae_Dromiciops_gliroides          1.48%    passed     82.68%
  27  Pseudochiridae_Petauroides_volans               0.49%    passed     67.38%
  28  Macropodidae_Wallabia_bicolor                   0.32%    passed     97.05%
  29  Pseudochiridae_Pseudocheirus_occidentalis       1.56%    passed     88.35%
  30  Tarsipedidae_Tarsipes_rostratus                 1.38%    passed     99.48%
  31  Acrobatidae_Distoechurus_pennatus               0.14%    passed     99.23%
  32  Phalangeridae_Phalanger_carmelitae              0.11%    passed     60.56%
  33  Peramelidae_Peroryctes_raffrayana               3.61%    passed     85.93%
  34  Dasyuridae_Dasyurus_geffroii                    0.07%    passed     95.44%
  35  Peramelidae_Perameles_gunnii                    0.11%    passed     93.03%
****  TOTAL                                           1.84%  0 sequences failed composition chi2 test (p-value<5%; df=3)


Create initial parsimony tree by phylogenetic likelihood library (PLL)... 0.004 seconds
NOTE: ModelFinder requires 7 MB RAM!
ModelFinder will test 88 DNA models (sample size: 2829) ...
 No. Model         -LnL         df  AIC          AICc         BIC
Measuring multi-threading efficiency up to 8 CPU cores
Increase to 10 rounds for branch lengths
513 trees examined
Threads: 1 / Time: 8.022 sec / Speedup: 1.000 / Efficiency: 100% / LogL: -23768
Threads: 2 / Time: 7.101 sec / Speedup: 1.130 / Efficiency: 56% / LogL: -23768
Threads: 3 / Time: 6.110 sec / Speedup: 1.313 / Efficiency: 44% / LogL: -23768
BEST NUMBER OF THREADS: 2

  1  JC            15317.005    67  30768.009    30771.309    31166.504
  2  JC+I          14865.051    68  29866.101    29869.501    30270.544
  3  JC+G4         14812.356    68  29760.712    29764.112    30165.154
  4  JC+I+G4       14799.180    69  29736.361    29739.862    30146.751
  5  F81+F         15299.888    70  30739.776    30743.380    31156.114
  6  F81+F+I       14852.814    71  29847.627    29851.336    30269.913
  7  F81+F+G4      14799.735    71  29741.470    29745.178    30163.755
  8  F81+F+I+G4    14786.672    72  29717.345    29721.159    30145.578
  9  K2P           14636.481    68  29408.962    29412.362    29813.404
 10  K2P+I         14168.571    69  28475.142    28478.643    28885.532
 11  K2P+G4        14111.477    69  28360.953    28364.455    28771.343
 12  K2P+I+G4      14096.075    70  28332.150    28335.754    28748.487
 13  HKY+F         14619.944    71  29381.889    29385.597    29804.174
 14  HKY+F+I       14156.569    72  28457.137    28460.952    28885.370
 15  HKY+F+G4      14099.086    72  28342.172    28345.986    28770.405
 16  HKY+F+I+G4    14083.724    73  28313.448    28317.370    28747.629
 17  TNe           14630.354    69  29398.708    29402.209    29809.098
 18  TNe+I         14168.405    70  28476.810    28480.414    28893.147
 19  TNe+G4        14110.935    70  28361.871    28365.475    28778.208
 20  TNe+I+G4      14095.566    71  28333.133    28336.841    28755.418
 21  TN+F          14608.414    72  29360.828    29364.642    29789.060
 22  TN+F+I        14154.507    73  28455.013    28458.935    28889.194
 23  TN+F+G4       14096.175    73  28338.350    28342.272    28772.531
 24  TN+F+I+G4     14081.062    74  28310.123    28314.154    28750.251
 25  K3P           14633.270    69  29404.540    29408.041    29814.930
 26  K3P+I         14165.273    70  28470.547    28474.151    28886.884
 27  K3P+G4        14108.222    70  28356.444    28360.048    28772.781
 28  K3P+I+G4      14092.638    71  28327.276    28330.984    28749.561
 29  K3Pu+F        14616.675    72  29377.351    29381.165    29805.584
 30  K3Pu+F+I      14153.516    73  28453.032    28456.953    28887.212
 31  K3Pu+F+G4     14096.032    73  28338.064    28341.986    28772.245
 32  K3Pu+F+I+G4   14080.517    74  28309.034    28313.064    28749.162
 33  TPM2+F        14619.823    72  29383.646    29387.460    29811.878
 34  TPM2+F+I      14154.680    73  28455.359    28459.281    28889.540
 35  TPM2+F+G4     14097.409    73  28340.818    28344.739    28774.998
 36  TPM2+F+I+G4   14081.801    74  28311.602    28315.632    28751.730
 37  TPM2u+F       14619.823    72  29383.646    29387.460    29811.878
 38  TPM2u+F+I     14154.680    73  28455.360    28459.281    28889.540
 39  TPM2u+F+G4    14097.409    73  28340.819    28344.740    28774.999
 40  TPM2u+F+I+G4  14081.775    74  28311.550    28315.581    28751.678
 41  TPM3+F        14613.711    72  29371.422    29375.237    29799.655
 42  TPM3+F+I      14154.840    73  28455.679    28459.601    28889.860
 43  TPM3+F+G4     14096.938    73  28339.876    28343.797    28774.056
 44  TPM3+F+I+G4   14081.515    74  28311.030    28315.060    28751.158
 45  TPM3u+F       14613.710    72  29371.420    29375.234    29799.653
 46  TPM3u+F+I     14154.839    73  28455.678    28459.599    28889.858
 47  TPM3u+F+G4    14096.939    73  28339.878    28343.800    28774.059
 48  TPM3u+F+I+G4  14081.497    74  28310.995    28315.025    28751.123
 49  TIMe          14627.148    70  29394.296    29397.900    29810.634
 50  TIMe+I        14165.106    71  28472.212    28475.920    28894.497
 51  TIMe+G4       14107.677    71  28357.355    28361.063    28779.640
 52  TIMe+I+G4     14092.083    72  28328.165    28331.979    28756.398
 53  TIM+F         14605.150    73  29356.300    29360.222    29790.481
 54  TIM+F+I       14151.455    74  28450.911    28454.941    28891.039
 55  TIM+F+G4      14093.114    74  28334.229    28338.259    28774.357
 56  TIM+F+I+G4    14077.828    75  28305.656    28309.797    28751.732
 57  TIM2e         14629.698    70  29399.397    29403.001    29815.734
 58  TIM2e+I       14164.295    71  28470.589    28474.298    28892.874
 59  TIM2e+G4      14106.814    71  28355.627    28359.335    28777.912
 60  TIM2e+I+G4    14091.031    72  28326.063    28329.877    28754.296
 61  TIM2+F        14608.291    73  29362.583    29366.504    29796.763
 62  TIM2+F+I      14152.668    74  28453.336    28457.367    28893.464
 63  TIM2+F+G4     14094.452    74  28336.905    28340.935    28777.033
 64  TIM2+F+I+G4   14079.062    75  28308.123    28312.264    28754.199
 65  TIM3e         14624.520    70  29389.039    29392.643    29805.377
 66  TIM3e+I       14166.854    71  28475.707    28479.416    28897.992
 67  TIM3e+G4      14108.981    71  28359.962    28363.670    28782.247
 68  TIM3e+I+G4    14093.510    72  28331.020    28334.835    28759.253
 69  TIM3+F        14602.188    73  29350.377    29354.299    29784.557
 70  TIM3+F+I      14152.808    74  28453.616    28457.646    28893.744
 71  TIM3+F+G4     14093.969    74  28335.937    28339.968    28776.065
 72  TIM3+F+I+G4   14078.830    75  28307.660    28311.800    28753.735
 73  TVMe          14627.378    71  29396.755    29400.464    29819.041
 74  TVMe+I        14160.437    72  28464.875    28468.689    28893.108
 75  TVMe+G4       14103.021    72  28350.041    28353.855    28778.274
 76  TVMe+I+G4     14087.204    73  28320.407    28324.329    28754.588
 77  TVM+F         14610.923    74  29369.845    29373.876    29809.973
 78  TVM+F+I       14150.550    75  28451.100    28455.241    28897.176
 79  TVM+F+G4      14092.837    75  28335.675    28339.815    28781.750
 80  TVM+F+I+G4    14077.220    76  28306.441    28310.694    28758.464
 81  SYM           14621.258    72  29386.516    29390.330    29814.749
 82  SYM+I         14160.306    73  28466.612    28470.534    28900.793
 83  SYM+G4        14102.445    73  28350.890    28354.811    28785.070
 84  SYM+I+G4      14086.754    74  28321.507    28325.538    28761.636
 85  GTR+F         14599.423    75  29348.847    29352.987    29794.922
 86  GTR+F+I       14148.564    76  28449.127    28453.380    28901.151
 87  GTR+F+G4      14089.803    76  28331.607    28335.860    28783.630
 88  GTR+F+I+G4    14074.542    77  28303.084    28307.450    28761.055
Akaike Information Criterion:           GTR+F+I+G4
Corrected Akaike Information Criterion: GTR+F+I+G4
Bayesian Information Criterion:         HKY+F+I+G4
Best-fit model: HKY+F+I+G4 chosen according to BIC

All model information printed to 1_set228.model.gz
CPU time for ModelFinder: 48.375 seconds (0h:0m:48s)
Wall-clock time for ModelFinder: 24.591 seconds (0h:0m:24s)
Generating 1000 samples for ultrafast bootstrap (seed: 928623)...

NOTE: 7 MB RAM (0 GB) is required!
Measuring multi-threading efficiency up to 8 CPU cores
Increase to 10 rounds for branch lengths
138 trees examined
Threads: 1 / Time: 8.036 sec / Speedup: 1.000 / Efficiency: 100% / LogL: -20711
Threads: 2 / Time: 6.132 sec / Speedup: 1.310 / Efficiency: 66% / LogL: -20711
Threads: 3 / Time: 5.112 sec / Speedup: 1.572 / Efficiency: 52% / LogL: -20711
Threads: 4 / Time: 4.344 sec / Speedup: 1.850 / Efficiency: 46% / LogL: -20711
BEST NUMBER OF THREADS: 3

Estimate model parameters (epsilon = 0.100)
Thoroughly optimizing +I+G parameters from 10 start values...
Init pinv, alpha: 0.000, 1.000 / Estimate: 0.000, 0.326 / LogL: -14099.086
Init pinv, alpha: 0.075, 1.000 / Estimate: 0.079, 0.378 / LogL: -14094.608
Init pinv, alpha: 0.149, 1.000 / Estimate: 0.221, 0.519 / LogL: -14087.705
Init pinv, alpha: 0.224, 1.000 / Estimate: 0.233, 0.534 / LogL: -14087.237
Init pinv, alpha: 0.298, 1.000 / Estimate: 0.306, 0.658 / LogL: -14084.700
Init pinv, alpha: 0.373, 1.000 / Estimate: 0.375, 0.832 / LogL: -14083.416
Init pinv, alpha: 0.448, 1.000 / Estimate: 0.441, 1.101 / LogL: -14084.006
Init pinv, alpha: 0.522, 1.000 / Estimate: 0.445, 1.122 / LogL: -14084.134
Init pinv, alpha: 0.597, 1.000 / Estimate: 0.445, 1.119 / LogL: -14084.116
Init pinv, alpha: 0.672, 1.000 / Estimate: 0.446, 1.125 / LogL: -14084.154
Optimal pinv,alpha: 0.375, 0.832 / LogL: -14083.416

Parameters optimization took 1.957 sec
Computing ML distances based on estimated model parameters... 0.028 sec
Computing BIONJ tree...
0.001 seconds
Log-likelihood of BIONJ tree: -14084.956
--------------------------------------------------------------------
|             INITIALIZING CANDIDATE TREE SET                      |
--------------------------------------------------------------------
Generating 98 parsimony trees... 0.445 second
Computing log-likelihood of 98 initial trees ... 0.986 seconds
Current best score: -14074.663

Do NNI search on 20 best initial trees
Estimate model parameters (epsilon = 0.100)
BETTER TREE FOUND at iteration 1: -14073.541
UPDATE BEST LOG-LIKELIHOOD: -14073.540
Iteration 10 / LogL: -14073.541 / Time: 0h:0m:52s
UPDATE BEST LOG-LIKELIHOOD: -14073.540
Iteration 20 / LogL: -14073.633 / Time: 0h:0m:53s
Finish initializing candidate tree set (4)
Current best tree score: -14073.540 / CPU time: 3.436
Number of iterations: 20
--------------------------------------------------------------------
|               OPTIMIZING CANDIDATE TREE SET                      |
--------------------------------------------------------------------
Iteration 30 / LogL: -14082.927 / Time: 0h:0m:54s (0h:1m:14s left)
Iteration 40 / LogL: -14073.629 / Time: 0h:0m:55s (0h:0m:49s left)
UPDATE BEST LOG-LIKELIHOOD: -14073.540
Iteration 50 / LogL: -14073.540 / Time: 0h:0m:57s (0h:0m:33s left)
Log-likelihood cutoff on original alignment: -14100.438
UPDATE BEST LOG-LIKELIHOOD: -14073.540
Iteration 60 / LogL: -14073.540 / Time: 0h:0m:58s (0h:0m:23s left)
Iteration 70 / LogL: -14073.542 / Time: 0h:0m:59s (0h:0m:15s left)
Iteration 80 / LogL: -14074.165 / Time: 0h:1m:0s (0h:0m:9s left)
Iteration 90 / LogL: -14073.542 / Time: 0h:1m:2s (0h:0m:4s left)
Iteration 100 / LogL: -14073.701 / Time: 0h:1m:3s (0h:0m:0s left)
Log-likelihood cutoff on original alignment: -14100.988
NOTE: Bootstrap correlation coefficient of split occurrence frequencies: 1.000
TREE SEARCH COMPLETED AFTER 102 ITERATIONS / Time: 0h:1m:3s

--------------------------------------------------------------------
|                    FINALIZING TREE SEARCH                        |
--------------------------------------------------------------------
Performs final model parameters optimization
Estimate model parameters (epsilon = 0.010)
1. Initial log-likelihood: -14073.540
Optimal log-likelihood: -14073.535
Rate parameters:  A-C: 1.00000  A-G: 6.80202  A-T: 1.00000  C-G: 1.00000  C-T: 6.80202  G-T: 1.00000
Base frequencies:  A: 0.275  C: 0.238  G: 0.243  T: 0.243
Proportion of invariable sites: 0.377
Gamma shape alpha: 0.840
Parameters optimization took 1 rounds (0.016 sec)
BEST SCORE FOUND : -14073.535
Creating bootstrap support values...
Split supports printed to NEXUS file 1_set228.splits.nex
Total tree length: 0.735

Total number of iterations: 102
CPU time used for tree search: 39.559 sec (0h:0m:39s)
Wall-clock time used for tree search: 13.558 sec (0h:0m:13s)
Total CPU time used: 147.032 sec (0h:2m:27s)
Total wall-clock time used: 63.979 sec (0h:1m:3s)

Computing bootstrap consensus tree...
Reading input file 1_set228.splits.nex...
35 taxa and 138 splits.
Consensus tree written to 1_set228.contree
Reading input trees file 1_set228.contree
Log-likelihood of consensus tree: -14073.535

Analysis results written to: 
  IQ-TREE report:                1_set228.iqtree
  Maximum-likelihood tree:       1_set228.treefile
  Likelihood distances:          1_set228.mldist

Ultrafast bootstrap approximation results written to:
  Split support values:          1_set228.splits.nex
  Consensus tree:                1_set228.contree
  Screen log file:               1_set228.log

Date and Time: Fri Jul 27 18:25:31 2018
