IQ-TREE multicore version 1.6.7 for Mac OS X 64-bit built Aug 23 2018
Developed by Bui Quang Minh, Nguyen Lam Tung, Olga Chernomor,
Heiko Schmidt, Dominik Schrempf, Michael Woodhams.

Host:    meeps-mac-pro.staff.sydney.edu.au (AVX, 64 GB RAM)
Command: /Users/davidduchene/Desktop/Software/iqtree-1.6.7-MacOSX/bin/iqtree -s ../../../../marsupials/set47.fasta -m TESTMERGE -bb 1000 -spp ../../../../marsupials/set47.nex -nt AUTO -pre 4_set47
Seed:    439083 (Using SPRNG - Scalable Parallel Random Number Generator)
Time:    Thu Sep  6 21:16:58 2018
Kernel:  AVX - auto-detect threads (8 CPU cores detected)

Reading partition model file ../../../../marsupials/set47.nex ...
Reading alignment file ../../../../marsupials/set47.fasta ... Fasta format detected
Alignment most likely contains DNA/RNA sequences
WARNING: 1 sites contain only gaps or ambiguous characters.
Alignment has 37 sequences with 2580 columns, 1011 distinct patterns
612 parsimony-informative, 321 singleton sites, 1647 constant sites
                                              Gap/Ambiguity  Composition  p-value
   1  Burramyidae_Burramys_parvus                     2.05%    passed     95.54%
   2  Notoryctidae_Notoryctes_typhlops                1.01%    passed     94.75%
   3  Vombatidae_Lasiorhinus_latifrons                0.31%    passed     96.23%
   4  Potoroidae_Bettongia_penicillata                0.50%    passed     92.18%
   5  Potoroidae_Bettongia_lesueur                    0.23%    passed     87.09%
   6  Dasyuridae_Dasyurus_maculatus                   0.50%    passed     80.86%
   7  Phalangeridae_Trichosurus_vulpecula             0.08%    passed     95.92%
   8  Phalangeridae_Spilocuscus_maculatus            10.81%    passed     44.87%
   9  Potoroidae_Aepyprymnus_rufescens                2.48%    passed     65.82%
  10  Peramelidae_Perameles_nasuta                    9.65%    passed     58.73%
  11  Myrmecobiidae_Myrmecobius_fasciatus1           91.40%    passed     90.81%
  12  Phalangeridae_Strigocuscus_pelengensis          2.87%    passed     95.28%
  13  Dasyuridae_Phascogale_tapoatafa                 1.16%    passed     83.71%
  14  Dasyuridae_Sminthopsis_macroura                 0.31%    passed     69.45%
  15  Phalangeridae_Phalanger_orientalis              0.70%    passed     98.96%
  16  Acrobatidae_Acrobates_pygmaeus                  0.39%    passed     63.98%
  17  Dasyuridae_Phascogale_calura                    1.55%    passed     89.87%
  18  Dasyuridae_Sarcophilus_harrisii                 3.53%    passed     99.63%
  19  Dasyuridae_Planigale_tenuirostris               5.00%    passed     72.77%
  20  Peramelidae_Echymipera_kalubu                   0.04%    passed     80.99%
  21  Macropodidae_Dorcopsulus_vanheurni              0.54%    passed     93.54%
  22  Pseudochiridae_Pseudochirulus_forbesi           0.04%    passed     61.84%
  23  Didelphidae_Didelphis_virginiana                1.55%    passed     79.79%
  24  Marmosidae_Monodelphis_domestica                0.16%    passed     93.70%
  25  Dasyuridae_Antechinus_stuartii                  9.53%    passed     82.38%
  26  Hypsiprymnodontidae_Hypsiprymnodon_moschatus    0.58%    passed     99.39%
  27  Microbiotheriidae_Dromiciops_gliroides          2.36%    passed     66.29%
  28  Pseudochiridae_Petauroides_volans               1.12%    passed     52.17%
  29  Macropodidae_Wallabia_bicolor                   0.81%    passed     91.54%
  30  Pseudochiridae_Pseudocheirus_occidentalis       9.30%    passed     29.83%
  31  Tarsipedidae_Tarsipes_rostratus                 2.02%    passed     95.04%
  32  Acrobatidae_Distoechurus_pennatus               0.31%    passed     91.86%
  33  Myrmecobiidae_Myrmecobius_fasciatus2           91.40%    passed     90.81%
  34  Phalangeridae_Phalanger_carmelitae              0.81%    passed     98.75%
  35  Peramelidae_Peroryctes_raffrayana              16.67%    passed     23.70%
  36  Dasyuridae_Dasyurus_geffroii                    0.54%    passed     88.53%
  37  Peramelidae_Perameles_gunnii                    0.04%    passed     82.70%
WARNING: 2 sequences contain more than 50% gaps/ambiguity
****  TOTAL                                           7.36%  0 sequences failed composition chi2 test (p-value<5%; df=3)
NOTE: No CharPartition defined, use all CharSets

Loading 15 partitions...
Subset	Type	Seqs	Sites	Infor	Invar	Model	Name
1		35	227	5	216	TESTMERGE	part1.1
2		35	227	3	224	TESTMERGE	part1.2
3		35	227	38	164	TESTMERGE	part1.3
4		35	351	79	225	TESTMERGE	part2.1
5		35	351	62	244	TESTMERGE	part2.2
6		35	351	173	111	TESTMERGE	part2.3
7		36	74	17	47	TESTMERGE	part3.1
8		36	74	15	52	TESTMERGE	part3.2
9		36	74	40	24	TESTMERGE	part3.3
10		35	125	28	70	TESTMERGE	part4.1
11		35	125	22	86	TESTMERGE	part4.2
12		35	125	59	44	TESTMERGE	part4.3
13		35	83	17	53	TESTMERGE	part5.1
14		35	83	11	63	TESTMERGE	part5.2
15		35	83	43	24	TESTMERGE	part5.3
Degree of missing data: 0.052
Info: multi-threading strategy over partitions

NOTE: Myrmecobiidae_Myrmecobius_fasciatus2 is identical to Myrmecobiidae_Myrmecobius_fasciatus1 but kept for subsequent analysis


Create initial parsimony tree by phylogenetic likelihood library (PLL)... 0.007 seconds
NOTE: ModelFinder requires 10 MB RAM!
NUMBER OF THREADS FOR PARTITION FINDING: 8
Testing GTR+F+G on supermatrix...
GTR+F+G4 / LnL: -13428.017 / df: 80 / AIC: 27016.035 / AICc: 27021.221 / BIC: 27484.478
Selecting individual models for 15 charsets using BIC...
 No. Model        Score       Charset
   1 K3P+G4       1446.024    part4.1
   2 K2P          1359.422    part5.3
   3 TIM2e+G4     1330.361    part3.3
   4 K3P+G4       1749.779    part1.3
   5 TIM3e+I      2206.399    part4.3
   6 HKY+F+I      1093.191    part4.2
   7 K3P+G4       822.368     part5.1
   8 TIM2+F+G4    3395.787    part2.1
   9 K2P+G4       673.444     part5.2
  10 JC           868.975     part1.1	0h:0m:14s (0h:5m:0s left)
  11 K2P+G4       696.191     part3.2	0h:0m:15s (0h:4m:34s left)
  12 TPM2u+F+G4   3001.688    part2.2	0h:0m:15s (0h:4m:11s left)
  13 K3P+G4       835.799     part3.1	0h:0m:17s (0h:4m:19s left)
  14 JC           697.441     part1.2	0h:0m:17s (0h:3m:59s left)
  15 TN+F+G4      6054.218    part2.3	0h:0m:17s (0h:3m:53s left)
Full partition model BIC score: 26958.399 (LnL: -12952.878  df:134)
Merging models to increase model fit (about 211 total partition schemes)...
  16 TN+F+G4      27010.087   part2.1+part2.2	0h:0m:28s (0h:5m:42s left)
  17 TN+F+G4      27087.797   part1.3+part2.3	0h:0m:31s (0h:5m:58s left)
  18 TN+F+G4      26956.853   part2.3+part4.3	0h:0m:32s (0h:5m:46s left)
  19 TN+F+G4      26967.377   part2.3+part5.3	0h:0m:34s (0h:5m:43s left)
  20 TN+F+G4      26996.181   part2.3+part4.1	0h:0m:34s (0h:5m:27s left)
  21 TN+F+G4      26927.951   part2.3+part3.3	0h:0m:34s (0h:5m:12s left)
  22 TN+F+G4      27084.617   part2.1+part2.3	0h:0m:38s (0h:5m:31s left)
  23 TIM2+F+G4    27083.939   part2.2+part2.3	0h:0m:40s (0h:5m:33s left)
  24 TN+F+G4      27024.625   part2.3+part4.2	0h:0m:43s (0h:5m:40s left)
  25 TN+F+G4      26987.014   part2.3+part5.1	0h:0m:45s (0h:5m:40s left)
  26 TN+F+G4      27260.781   part1.1+part2.3	0h:0m:47s (0h:5m:34s left)
  27 TN+F+G4      26988.613   part2.3+part3.2	0h:0m:48s (0h:5m:27s left)
  28 TN+F+G4      26968.972   part2.3+part3.1	0h:0m:48s (0h:5m:15s left)
  29 TN+F+G4      26991.463   part2.3+part5.2	0h:0m:48s (0h:5m:3s left)
  30 TN+F+I+G4    27318.646   part1.2+part2.3	0h:0m:50s (0h:5m:6s left)
  31 TIM+F+G4     27014.974   part2.1+part4.3	0h:0m:53s (0h:5m:10s left)
  32 TIM2+F+G4    27000.066   part2.1+part5.3	0h:0m:57s (0h:5m:19s left)
  33 TPM2+F+G4    26979.689   part1.3+part2.1	0h:0m:57s (0h:5m:9s left)
  34 TIM+F+G4     26954.906   part2.1+part4.2	0h:0m:59s (0h:5m:9s left)
  35 TIM+F+G4     26933.055   part2.1+part4.1	0h:0m:59s (0h:5m:0s left)
  36 TPM2u+F+G4   27043.233   part2.2+part4.3	0h:1m:3s (0h:5m:7s left)
  37 TIM2+F+G4    26972.756   part2.1+part3.3	0h:1m:3s (0h:4m:59s left)
  38 HKY+F+G4     26970.892   part1.3+part2.2	0h:1m:4s (0h:4m:53s left)
  39 TN+F+G4      26937.107   part2.1+part5.1	0h:1m:5s (0h:4m:50s left)
  40 TPM2u+F+G4   27016.675   part2.2+part5.3	0h:1m:6s (0h:4m:42s left)
  41 TPM2+F+G4    26953.096   part2.1+part5.2	0h:1m:6s (0h:4m:34s left)
  42 TPM2u+F+G4   26953.725   part2.2+part4.1	0h:1m:11s (0h:4m:48s left)
  43 TPM2+F+G4    26952.537   part2.1+part3.2	0h:1m:11s (0h:4m:41s left)
  44 HKY+F+G4     26974.898   part2.2+part3.3	0h:1m:12s (0h:4m:34s left)
  45 TIM+F+G4     26943.383   part2.1+part3.1	0h:1m:12s (0h:4m:29s left)
  46 TPM2u+F+G4   26956.314   part2.2+part5.1	0h:1m:15s (0h:4m:31s left)
  47 TPM2+F+G4    26920.463   part2.2+part4.2	0h:1m:16s (0h:4m:26s left)
  48 TPM2u+F+G4   26934.879   part2.2+part5.2	0h:1m:17s (0h:4m:21s left)
  49 TPM2u+F+G4   26952.316   part2.2+part3.1	0h:1m:18s (0h:4m:20s left)
  50 HKY+F+G4     27103.265   part1.2+part2.1	0h:1m:21s (0h:4m:21s left)
  51 TPM2u+F+G4   27047.251   part1.1+part2.1	0h:1m:22s (0h:4m:18s left)
  52 K2P+I        26948.014   part4.3+part5.3	0h:1m:24s (0h:4m:18s left)
  53 HKY+F+G4     27032.885   part1.1+part2.2	0h:1m:24s (0h:4m:13s left)
  54 K2P+G4       26999.018   part1.3+part4.3	0h:1m:25s (0h:4m:7s left)
  55 TPM2+F+G4    26930.088   part2.2+part3.2	0h:1m:26s (0h:4m:6s left)
  56 K2P+I        26928.723   part3.3+part4.3	0h:1m:27s (0h:4m:2s left)
  57 TPM2u+F+G4   27065.420   part1.2+part2.2	0h:1m:28s (0h:3m:59s left)
  58 K3P+G4       26957.676   part4.1+part4.3	0h:1m:29s (0h:3m:55s left)
  59 K2P+I        26976.349   part4.2+part4.3	0h:1m:30s (0h:3m:52s left)
  60 K2P+I        26960.401   part4.1+part5.3	0h:1m:32s (0h:3m:52s left)
  61 K2P+G4       26960.258   part4.3+part5.1	0h:1m:33s (0h:3m:50s left)
  62 TIM2e+I      26943.677   part3.3+part5.3	0h:1m:34s (0h:3m:46s left)
  63 K2P+G4       26993.316   part1.3+part5.3	0h:1m:34s (0h:3m:41s left)
  64 K2P+G4       26948.950   part1.3+part4.1	0h:1m:35s (0h:3m:39s left)
  65 TIM3e+G4     26977.030   part4.3+part5.2	0h:1m:35s (0h:3m:35s left)
  66 K2P+I        26951.501   part3.1+part4.3	0h:1m:38s (0h:3m:35s left)
  67 TIM2e+G4     26974.848   part1.3+part3.3	0h:1m:39s (0h:3m:34s left)
  68 TIM3e+G4     26970.149   part3.2+part4.3	0h:1m:41s (0h:3m:32s left)
  69 K2P+I        26973.583   part4.2+part5.3	0h:1m:41s (0h:3m:29s left)
  70 K2P+G4       26943.844   part3.3+part4.1	0h:1m:42s (0h:3m:25s left)
  71 K2P+I        26965.514   part5.1+part5.3	0h:1m:42s (0h:3m:21s left)
  72 K2P+G4       26933.485   part1.3+part4.2	0h:1m:44s (0h:3m:20s left)
  73 K2P+G4       26935.278   part1.3+part5.1	0h:1m:44s (0h:3m:16s left)
  74 HKY+F+G4     26959.755   part3.3+part4.2	0h:1m:45s (0h:3m:14s left)
  75 K2P+I        26982.867   part5.2+part5.3	0h:1m:45s (0h:3m:10s left)
  76 K3P+G4       26933.153   part4.1+part4.2	0h:1m:46s (0h:3m:9s left)
  77 K2P+G4       26931.920   part4.1+part5.1	0h:1m:48s (0h:3m:8s left)
  78 K2P+G4       26931.972   part1.3+part5.2	0h:1m:50s (0h:3m:8s left)
  79 K3P+G4       26940.430   part1.3+part3.1	0h:1m:50s (0h:3m:4s left)
  80 K2P+G4       26947.900   part3.3+part5.1	0h:1m:50s (0h:3m:0s left)
  81 K2P+I        26961.596   part3.1+part5.3	0h:1m:50s (0h:2m:57s left)
  82 K2P+I        26973.217   part3.2+part5.3	0h:1m:53s (0h:2m:57s left)
  83 K2P+G4       27124.121   part1.1+part4.3	0h:1m:54s (0h:2m:56s left)
  84 K2P+G4       26925.965   part4.2+part5.1	0h:1m:56s (0h:2m:56s left)
  85 K2P+G4       26962.029   part3.3+part5.2	0h:1m:57s (0h:2m:53s left)
  86 K2P+G4       26941.612   part4.1+part5.2	0h:1m:57s (0h:2m:50s left)
  87 K3P+G4       26933.626   part3.1+part4.1	0h:1m:57s (0h:2m:48s left)
  88 K2P+G4       26934.773   part1.3+part3.2	0h:1m:59s (0h:2m:46s left)
  89 K2P+G4       26941.194   part3.1+part3.3	0h:1m:59s (0h:2m:43s left)
  90 HKY+F+G4     26961.327   part3.2+part3.3	0h:2m:1s (0h:2m:42s left)
  91 K2P+G4       26937.039   part3.2+part4.1	0h:2m:1s (0h:2m:39s left)
  92 K2P+G4       26934.970   part3.1+part4.2	0h:2m:2s (0h:2m:38s left)
  93 K2P+G4       26934.963   part5.1+part5.2	0h:2m:3s (0h:2m:36s left)
  94 HKY+F+G4     26936.909   part4.2+part5.2	0h:2m:4s (0h:2m:35s left)
  95 K2P+I        27114.155   part1.1+part5.3	0h:2m:5s (0h:2m:33s left)
  96 K2P+G4       26935.586   part3.1+part5.1	0h:2m:5s (0h:2m:30s left)
  97 K2P+G4       27155.363   part1.2+part4.3	0h:2m:5s (0h:2m:27s left)
  98 HKY+F+G4     26930.291   part3.2+part4.2	0h:2m:6s (0h:2m:25s left)
  99 K2P+G4       27007.104   part1.1+part1.3	0h:2m:7s (0h:2m:24s left)
 100 K2P+G4       26933.386   part3.2+part5.1	0h:2m:8s (0h:2m:22s left)
 101 K2P+G4       26938.792   part3.1+part5.2	0h:2m:9s (0h:2m:21s left)
 102 K2P+G4       26935.661   part3.2+part5.2	0h:2m:10s (0h:2m:19s left)
 103 K3Pu+F+G4    27039.454   part1.1+part4.1	0h:2m:10s (0h:2m:17s left)
 104 TIM2e+G4     27088.257   part1.1+part3.3	0h:2m:11s (0h:2m:15s left)
 105 K2P+I        27146.842   part1.2+part5.3	0h:2m:11s (0h:2m:12s left)
 106 K2P+G4       26936.278   part3.1+part3.2	0h:2m:12s (0h:2m:10s left)
 107 TNe+G4       27041.036   part1.2+part1.3	0h:2m:13s (0h:2m:10s left)
 108 K2P+I        26998.565   part1.1+part5.1	0h:2m:15s (0h:2m:8s left)
 109 HKY+F+I      26989.190   part1.1+part4.2	0h:2m:15s (0h:2m:7s left)
 110 HKY+F+I      27013.359   part1.2+part4.2	0h:2m:16s (0h:2m:5s left)
 111 K3P+I        27072.352   part1.2+part4.1	0h:2m:18s (0h:2m:4s left)
 112 HKY+F+I      26982.752   part1.1+part5.2	0h:2m:18s (0h:2m:2s left)
 113 K2P+I        27026.160   part1.2+part5.1	0h:2m:18s (0h:2m:0s left)
 114 HKY+F+I      27115.736   part1.2+part3.3	0h:2m:18s (0h:1m:58s left)
 115 K3P+I        27006.811   part1.1+part3.1	0h:2m:19s (0h:1m:56s left)
 116 F81+F        26954.941   part1.1+part1.2	0h:2m:20s (0h:1m:55s left)
 117 HKY+F+I      26989.974   part1.1+part3.2	0h:2m:22s (0h:1m:54s left)
 118 K2P+I        26999.480   part1.2+part5.2	0h:2m:22s (0h:1m:52s left)
 119 HKY+F+I      27011.296   part1.2+part3.2	0h:2m:23s (0h:1m:50s left)
 120 K3P+I        27030.360   part1.2+part3.1	0h:2m:23s (0h:1m:49s left)
Merging part2.2+part4.2 with BIC score: 26920.463 (LnL: -12957.477  df: 128)
 121 HKY+F+G4     26932.658   part1.3+part2.2+part4.2	0h:2m:33s (0h:1m:54s left)
 122 TPM2u+F+G4   26917.573   part2.2+part4.2+part5.1	0h:2m:35s (0h:1m:53s left)
 123 TPM2u+F+G4   26898.021   part2.2+part4.2+part5.2	0h:2m:36s (0h:1m:51s left)
 124 TPM2u+F+G4   26914.397   part2.2+part4.1+part4.2	0h:2m:36s (0h:1m:49s left)
 125 TN+F+G4      26979.453   part2.1+part2.2+part4.2	0h:2m:36s (0h:1m:47s left)
 126 TPM2u+F+G4   26942.564   part2.2+part3.3+part4.2	0h:2m:37s (0h:1m:46s left)
 127 TPM2u+F+G4   27014.349   part2.2+part4.2+part4.3	0h:2m:39s (0h:1m:45s left)
 128 TPM2+F+G4    27029.723   part1.2+part2.2+part4.2	0h:2m:43s (0h:1m:46s left)
 129 TPM2u+F+G4   27082.086   part2.2+part2.3+part4.2	0h:2m:44s (0h:1m:44s left)
 130 HKY+F+G4     26998.272   part1.1+part2.2+part4.2	0h:2m:44s (0h:1m:42s left)
 131 TPM2+F+G4    26977.942   part2.2+part4.2+part5.3	0h:2m:45s (0h:1m:41s left)
 132 TPM2u+F+G4   26890.963   part2.2+part3.2+part4.2	0h:2m:45s (0h:1m:39s left)
 133 TPM2u+F+G4   26914.013   part2.2+part3.1+part4.2	0h:2m:45s (0h:1m:37s left)
Merging part2.3+part3.3 with BIC score: 26890.015 (LnL: -12961.891  df: 123)
 134 TN+F+G4      27020.017   part1.3+part2.3+part3.3	0h:2m:57s (0h:1m:41s left)
 135 TN+F+G4      26916.716   part2.3+part3.3+part5.1	0h:2m:58s (0h:1m:40s left)
 136 TN+F+G4      26923.158   part2.3+part3.3+part4.1	0h:2m:58s (0h:1m:38s left)
 137 TN+F+G4      26895.210   part2.3+part3.3+part5.3	0h:3m:0s (0h:1m:37s left)
 138 TN+F+G4      26886.699   part2.3+part3.3+part4.3	0h:3m:0s (0h:1m:35s left)
 139 TN+F+G4      26922.924   part2.3+part3.3+part5.2	0h:3m:1s (0h:1m:33s left)
 140 TIM2+F+G4    27021.983   part2.1+part2.3+part3.3	0h:3m:6s (0h:1m:34s left)
 141 TIM2+F+G4    27060.392   part2.2+part2.3+part3.3+part4.2	0h:3m:9s (0h:1m:33s left)
 142 TN+F+I+G4    27257.872   part1.2+part2.3+part3.3	0h:3m:13s (0h:1m:34s left)
 143 TN+F+G4      27199.715   part1.1+part2.3+part3.3	0h:3m:13s (0h:1m:32s left)
 144 TN+F+G4      26898.289   part2.3+part3.1+part3.3	0h:3m:14s (0h:1m:30s left)
 145 TN+F+G4      26916.420   part2.3+part3.2+part3.3	0h:3m:14s (0h:1m:28s left)
Merging part2.2+part3.2+part4.2 with BIC score: 26860.514 (LnL: -12958.925  df: 120)
 146 HKY+F+G4     26872.727   part1.3+part2.2+part3.2+part4.2	0h:3m:24s (0h:1m:31s left)
 147 TPM2u+F+G4   26851.846   part2.2+part3.1+part3.2+part4.2	0h:3m:26s (0h:1m:30s left)
 148 TPM2u+F+G4   26856.450   part2.2+part3.2+part4.2+part5.1	0h:3m:27s (0h:1m:28s left)
 149 TPM2u+F+G4   26837.684   part2.2+part3.2+part4.2+part5.2	0h:3m:28s (0h:1m:26s left)
 150 HKY+F+G4     26921.709   part2.1+part2.2+part3.2+part4.2	0h:3m:28s (0h:1m:24s left)
 151 TPM2u+F+G4   26917.728   part2.2+part3.2+part4.2+part5.3	0h:3m:29s (0h:1m:23s left)
 152 TPM2u+F+G4   26953.284   part2.2+part3.2+part4.2+part4.3	0h:3m:30s (0h:1m:21s left)
 153 TPM2u+F+G4   26940.086   part1.1+part2.2+part3.2+part4.2	0h:3m:34s (0h:1m:21s left)
 154 TPM2u+F+G4   26970.660   part1.2+part2.2+part3.2+part4.2	0h:3m:35s (0h:1m:19s left)
 155 TPM2u+F+G4   26853.617   part2.2+part3.2+part4.1+part4.2	0h:3m:35s (0h:1m:17s left)
 156 TPM2u+F+G4   27041.058   part2.2+part2.3+part3.2+part3.3+part4.2	0h:3m:35s (0h:1m:15s left)
Merging part4.1+part5.1 with BIC score: 26834.035 (LnL: -12965.324  df: 115)
 157 K2P+G4       26847.266   part4.1+part5.1+part5.3	0h:3m:39s (0h:1m:15s left)
 158 K2P+G4       26814.881   part3.1+part4.1+part5.1	0h:3m:40s (0h:1m:13s left)
 159 K2P+G4       26827.331   part1.3+part4.1+part5.1	0h:3m:40s (0h:1m:12s left)
 160 K2P+G4       26817.893   part4.1+part5.1+part5.2	0h:3m:40s (0h:1m:10s left)
 161 K2P+G4       26846.177   part4.1+part4.3+part5.1	0h:3m:41s (0h:1m:8s left)
 162 TN+F+G4      26813.040   part2.1+part4.1+part5.1	0h:3m:42s (0h:1m:7s left)
 163 HKY+F+G4     26928.093   part1.1+part4.1+part5.1	0h:3m:43s (0h:1m:5s left)
 164 K2P+G4       26961.640   part1.2+part4.1+part5.1	0h:3m:43s (0h:1m:4s left)
 165 TPM2u+F+G4   26841.449   part2.2+part3.2+part4.1+part4.2+part5.1	0h:3m:45s (0h:1m:2s left)
 166 TN+F+G4      26902.804   part2.3+part3.3+part4.1+part5.1	0h:3m:47s (0h:1m:1s left)
Merging part1.3+part5.2 with BIC score: 26807.608 (LnL: -12967.821  df: 111)
 167 K2P+G4       26864.529   part1.1+part1.3+part5.2	0h:3m:50s (0h:1m:0s left)
 168 K2P+G4       26853.885   part1.3+part5.2+part5.3	0h:3m:51s (0h:0m:59s left)
 169 K2P+G4       26806.939   part1.3+part4.1+part5.1+part5.2	0h:3m:52s (0h:0m:57s left)
 170 K2P+G4       26863.014   part1.3+part4.3+part5.2	0h:3m:53s (0h:0m:56s left)
 171 K2P+G4       26791.039   part1.3+part3.1+part5.2	0h:3m:53s (0h:0m:54s left)
 172 TPM2u+F+G4   26839.791   part1.3+part2.1+part5.2	0h:3m:54s (0h:0m:53s left)
 173 K2P+G4       26894.024   part1.2+part1.3+part5.2	0h:3m:56s (0h:0m:52s left)
 174 HKY+F+G4     26820.528   part1.3+part2.2+part3.2+part4.2+part5.2	0h:3m:58s (0h:0m:50s left)
 175 HKY+F+G4     26962.064   part1.3+part2.3+part3.3+part5.2	0h:3m:59s (0h:0m:49s left)
Merging part2.1+part4.1+part5.1 with BIC score: 26786.613 (LnL: -12973.035  df: 107)
 176 HKY+F+G4     26946.162   part1.2+part2.1+part4.1+part5.1	0h:4m:5s (0h:0m:48s left)
 177 K3Pu+F+G4    26889.597   part1.1+part2.1+part4.1+part5.1	0h:4m:6s (0h:0m:47s left)
 178 HKY+F+G4     26818.399   part1.3+part2.1+part4.1+part5.1+part5.2	0h:4m:8s (0h:0m:46s left)
 179 TN+F+G4      26825.575   part2.1+part4.1+part5.1+part5.3	0h:4m:9s (0h:0m:44s left)
 180 TIM+F+G4     26768.942   part2.1+part3.1+part4.1+part5.1	0h:4m:9s (0h:0m:42s left)
 181 TN+F+G4      26836.677   part2.1+part4.1+part4.3+part5.1	0h:4m:10s (0h:0m:41s left)
 182 HKY+F+G4     26851.925   part2.1+part2.2+part3.2+part4.1+part4.2+part5.1	0h:4m:11s (0h:0m:40s left)
 183 TN+F+G4      26944.381   part2.1+part2.3+part3.3+part4.1+part5.1	0h:4m:15s (0h:0m:39s left)
Merging part2.1+part3.1+part4.1+part5.1 with BIC score: 26768.942 (LnL: -12975.983  df: 104)
 184 K3Pu+F+G4    26933.795   part1.2+part2.1+part3.1+part4.1+part5.1	0h:4m:24s (0h:0m:38s left)
 185 K3Pu+F+G4    26875.824   part1.1+part2.1+part3.1+part4.1+part5.1	0h:4m:24s (0h:0m:37s left)
 186 TN+F+G4      26803.961   part2.1+part3.1+part4.1+part5.1+part5.3	0h:4m:25s (0h:0m:35s left)
 187 HKY+F+G4     26799.844   part1.3+part2.1+part3.1+part4.1+part5.1+part5.2	0h:4m:26s (0h:0m:34s left)
 188 TIM+F+G4     26813.399   part2.1+part3.1+part4.1+part4.3+part5.1	0h:4m:27s (0h:0m:32s left)
 189 TN+F+G4      26834.940   part2.1+part2.2+part3.1+part3.2+part4.1+part4.2+part5.1	0h:4m:28s (0h:0m:31s left)
 190 TN+F+G4      26921.675   part2.1+part2.3+part3.1+part3.3+part4.1+part5.1	0h:4m:32s (0h:0m:30s left)
Merging part4.3+part5.3 with BIC score: 26758.557 (LnL: -12986.501  df: 100)
 191 K2P+G4       26843.693   part1.3+part4.3+part5.2+part5.3	0h:4m:38s (0h:0m:29s left)
 192 K2P+I        26981.450   part1.1+part4.3+part5.3	0h:4m:39s (0h:0m:27s left)
 193 K2P+I        27020.082   part1.2+part4.3+part5.3	0h:4m:40s (0h:0m:26s left)
 194 TIM+F+G4     26835.880   part2.1+part3.1+part4.1+part4.3+part5.1+part5.3	0h:4m:44s (0h:0m:24s left)
 195 TPM2u+F+G4   26894.791   part2.2+part3.2+part4.2+part4.3+part5.3	0h:4m:44s (0h:0m:23s left)
 196 TN+F+G4      26766.088   part2.3+part3.3+part4.3+part5.3	0h:4m:45s (0h:0m:21s left)
Merging part1.1+part1.2 with BIC score: 26755.098 (LnL: -12976.916  df: 102)
 197 HKY+F+I      26873.467   part1.1+part1.2+part1.3+part5.2	0h:4m:49s (0h:0m:20s left)
 198 K2P+G4       27109.221   part1.1+part1.2+part4.3+part5.3	0h:4m:51s (0h:0m:19s left)
 199 HKY+F+G4     26908.650   part1.1+part1.2+part2.2+part3.2+part4.2	0h:4m:53s (0h:0m:17s left)
 200 K3Pu+F+I+G4  26983.591   part1.1+part1.2+part2.1+part3.1+part4.1+part5.1	0h:4m:54s (0h:0m:16s left)
 201 TN+F+G4      27282.417   part1.1+part1.2+part2.3+part3.3	0h:4m:55s (0h:0m:14s left)
BEST-FIT PARTITION MODEL: 
  charpartition BIC = F81+F: part1.1 part1.2, K2P+G4: part1.3 part5.2, TIM+F+G4: part2.1 part3.1 part4.1 part5.1, TPM2u+F+G4: part2.2 part3.2 part4.2, TN+F+G4: part2.3 part3.3, K2P+I: part4.3 part5.3;
Agglomerative model selection: ((part1.1,part1.2)9:26755.1,(part1.3,part5.2)5:26807.6,((part2.1,(part4.1,part5.1)4:26834)6:26786.6,part3.1)7:26768.9,((part2.2,part4.2)1:26920.5,part3.2)3:26860.5,(part2.3,part3.3)2:26890,(part4.3,part5.3)8:26758.6)
Merging into 6 partitions...
Partition information was printed to 4_set47.best_scheme.nex
Partition information in Raxml format was printed to 4_set47.best_scheme

All model information printed to 4_set47.model.gz
CPU time for ModelFinder: 416.594 seconds (0h:6m:56s)
Wall-clock time for ModelFinder: 296.534 seconds (0h:4m:56s)
Generating 1000 samples for ultrafast bootstrap (seed: 439083)...

NOTE: 9 MB RAM (0 GB) is required!
Measuring multi-threading efficiency up to 8 CPU cores
Increase to 10 rounds for branch lengths
21 trees examined
Threads: 1 / Time: 8.536 sec / Speedup: 1.000 / Efficiency: 100% / LogL: -21242
Threads: 2 / Time: 16.536 sec / Speedup: 0.516 / Efficiency: 26% / LogL: -21242
BEST NUMBER OF THREADS: 1

Estimate model parameters (epsilon = 0.100)
Initial log-likelihood: -14100.159
Current log-likelihood at step 1: -13247.205
Current log-likelihood at step 2: -13217.552
Current log-likelihood at step 3: -13214.414
Current log-likelihood at step 4: -13211.312
Current log-likelihood at step 5: -13208.120
Current log-likelihood at step 6: -13204.830
Current log-likelihood at step 7: -13201.433
Current log-likelihood at step 8: -13197.920
Current log-likelihood at step 9: -13194.280
Current log-likelihood at step 10: -13190.500
Current log-likelihood at step 11: -13186.566
Current log-likelihood at step 12: -13182.464
Current log-likelihood at step 13: -13178.172
Current log-likelihood at step 14: -13173.671
Current log-likelihood at step 15: -13168.933
Current log-likelihood at step 16: -13163.930
Current log-likelihood at step 17: -13158.626
Current log-likelihood at step 18: -13152.982
Current log-likelihood at step 19: -13146.953
Current log-likelihood at step 20: -13140.495
Current log-likelihood at step 21: -13133.571
Current log-likelihood at step 22: -13126.186
Current log-likelihood at step 23: -13118.452
Current log-likelihood at step 24: -13103.856
Current log-likelihood at step 25: -13101.743
Current log-likelihood at step 26: -13099.584
Current log-likelihood at step 27: -13097.367
Current log-likelihood at step 28: -13095.089
Current log-likelihood at step 29: -13092.748
Current log-likelihood at step 30: -13090.338
Current log-likelihood at step 31: -13087.858
Current log-likelihood at step 32: -13085.301
Current log-likelihood at step 33: -13082.664
Current log-likelihood at step 34: -13079.941
Current log-likelihood at step 35: -13077.128
Current log-likelihood at step 36: -13074.219
Current log-likelihood at step 37: -13071.208
Current log-likelihood at step 38: -13068.089
Current log-likelihood at step 39: -13064.855
Current log-likelihood at step 40: -13061.498
Current log-likelihood at step 41: -13058.012
Current log-likelihood at step 42: -13054.390
Current log-likelihood at step 43: -13050.623
Current log-likelihood at step 44: -13046.705
Current log-likelihood at step 45: -13042.630
Current log-likelihood at step 46: -13038.394
Current log-likelihood at step 47: -13033.999
Current log-likelihood at step 48: -13029.449
Current log-likelihood at step 49: -13024.759
Current log-likelihood at step 50: -13019.960
Current log-likelihood at step 51: -12991.776
Current log-likelihood at step 52: -12991.593
Current log-likelihood at step 53: -12991.424
Current log-likelihood at step 54: -12991.253
Current log-likelihood at step 55: -12991.080
Current log-likelihood at step 56: -12990.904
Current log-likelihood at step 57: -12990.727
Current log-likelihood at step 58: -12990.546
Current log-likelihood at step 59: -12990.363
Current log-likelihood at step 60: -12990.177
Current log-likelihood at step 61: -12989.989
Current log-likelihood at step 62: -12989.798
Current log-likelihood at step 63: -12989.605
Current log-likelihood at step 64: -12989.408
Current log-likelihood at step 65: -12989.208
Current log-likelihood at step 66: -12989.006
Current log-likelihood at step 67: -12988.800
Current log-likelihood at step 68: -12988.592
Current log-likelihood at step 69: -12988.380
Current log-likelihood at step 70: -12988.164
Current log-likelihood at step 71: -12987.946
Current log-likelihood at step 72: -12987.724
Current log-likelihood at step 73: -12987.498
Current log-likelihood at step 74: -12987.269
Current log-likelihood at step 75: -12987.036
Current log-likelihood at step 76: -12986.799
Current log-likelihood at step 77: -12986.558
Current log-likelihood at step 78: -12986.314
Current log-likelihood at step 79: -12986.065
Current log-likelihood at step 80: -12985.813
Current log-likelihood at step 81: -12985.556
Current log-likelihood at step 82: -12985.295
Current log-likelihood at step 83: -12985.030
Current log-likelihood at step 84: -12984.761
Current log-likelihood at step 85: -12984.487
Current log-likelihood at step 86: -12984.209
Current log-likelihood at step 87: -12983.927
Current log-likelihood at step 88: -12983.640
Current log-likelihood at step 89: -12983.349
Current log-likelihood at step 90: -12983.055
Current log-likelihood at step 91: -12982.756
Current log-likelihood at step 92: -12982.454
Current log-likelihood at step 93: -12982.148
Current log-likelihood at step 94: -12981.839
Current log-likelihood at step 95: -12981.528
Current log-likelihood at step 96: -12981.214
Current log-likelihood at step 97: -12980.899
Current log-likelihood at step 98: -12980.583
Current log-likelihood at step 99: -12976.257
Partition-specific rates:  0.048 0.576 0.916 0.696 2.281 2.153
Parameters optimization took 99 rounds (19.500 sec)

Computing ML distances based on estimated model parameters... 0.064 sec
WARNING: Some pairwise ML distances are too long (saturated)
Computing BIONJ tree...
0.005 seconds
Log-likelihood of BIONJ tree: -12983.221
--------------------------------------------------------------------
|             INITIALIZING CANDIDATE TREE SET                      |
--------------------------------------------------------------------
Generating 98 parsimony trees... 3.350 second
Computing log-likelihood of 98 initial trees ... 11.999 seconds
Current best score: -12975.451

Do NNI search on 20 best initial trees
Estimate model parameters (epsilon = 0.100)
Initial log-likelihood: -12975.431
Current log-likelihood at step 1: -12975.427
Parameters optimization took 0 rounds (0.141 sec)

BETTER TREE FOUND at iteration 1: -12975.427
UPDATE BEST LOG-LIKELIHOOD: -12975.426
Iteration 10 / LogL: -12975.430 / Time: 0h:1m:6s
BETTER TREE FOUND at iteration 20: -12975.425
Iteration 20 / LogL: -12975.425 / Time: 0h:1m:14s
Finish initializing candidate tree set (3)
Current best tree score: -12975.425 / CPU time: 29.038
Number of iterations: 20
--------------------------------------------------------------------
|               OPTIMIZING CANDIDATE TREE SET                      |
--------------------------------------------------------------------
Estimate model parameters (epsilon = 0.100)
Initial log-likelihood: -12974.170
Current log-likelihood at step 1: -12974.132
Parameters optimization took 0 rounds (0.144 sec)

BETTER TREE FOUND at iteration 21: -12974.132
UPDATE BEST LOG-LIKELIHOOD: -12974.131
Iteration 30 / LogL: -12975.718 / Time: 0h:1m:27s (0h:4m:33s left)
UPDATE BEST LOG-LIKELIHOOD: -12974.125
UPDATE BEST LOG-LIKELIHOOD: -12974.125
Iteration 40 / LogL: -12976.369 / Time: 0h:1m:42s (0h:3m:31s left)
Iteration 50 / LogL: -12974.193 / Time: 0h:1m:56s (0h:2m:48s left)
Log-likelihood cutoff on original alignment: -13010.406
Iteration 60 / LogL: -12975.450 / Time: 0h:2m:11s (0h:2m:16s left)
UPDATE BEST LOG-LIKELIHOOD: -12974.125
Iteration 70 / LogL: -12974.162 / Time: 0h:2m:27s (0h:1m:49s left)
Iteration 80 / LogL: -12974.125 / Time: 0h:2m:41s (0h:1m:23s left)
Iteration 90 / LogL: -12976.370 / Time: 0h:2m:58s (0h:1m:2s left)
Iteration 100 / LogL: -12974.164 / Time: 0h:3m:12s (0h:0m:40s left)
Log-likelihood cutoff on original alignment: -13010.406
NOTE: Bootstrap correlation coefficient of split occurrence frequencies: 1.000
Iteration 110 / LogL: -12975.454 / Time: 0h:3m:31s (0h:2m:54s left)
Iteration 120 / LogL: -12975.486 / Time: 0h:3m:48s (0h:2m:33s left)
TREE SEARCH COMPLETED AFTER 122 ITERATIONS / Time: 0h:3m:52s

--------------------------------------------------------------------
|                    FINALIZING TREE SEARCH                        |
--------------------------------------------------------------------
Performs final model parameters optimization
Estimate model parameters (epsilon = 0.010)
Initial log-likelihood: -12974.124
Current log-likelihood at step 1: -12974.123
Partition-specific rates:  0.048 0.572 0.916 0.697 2.281 2.158
Parameters optimization took 0 rounds (0.196 sec)

BEST SCORE FOUND : -12974.123
Creating bootstrap support values...
Split supports printed to NEXUS file 4_set47.splits.nex
Total tree length: 0.787

Total number of iterations: 122
CPU time used for tree search: 65.560 sec (0h:1m:5s)
Wall-clock time used for tree search: 186.868 sec (0h:3m:6s)
Total CPU time used: 82.715 sec (0h:1m:22s)
Total wall-clock time used: 233.009 sec (0h:3m:53s)

Computing bootstrap consensus tree...
Reading input file 4_set47.splits.nex...
37 taxa and 144 splits.
Consensus tree written to 4_set47.contree
Reading input trees file 4_set47.contree
Log-likelihood of consensus tree: -12974.123

Analysis results written to: 
  IQ-TREE report:                4_set47.iqtree
  Maximum-likelihood tree:       4_set47.treefile
  Likelihood distances:          4_set47.mldist
  Best partitioning scheme:      4_set47.best_scheme.nex
           in RAxML format:      4_set47.best_scheme

Ultrafast bootstrap approximation results written to:
  Split support values:          4_set47.splits.nex
  Consensus tree:                4_set47.contree
  Screen log file:               4_set47.log

Date and Time: Thu Sep  6 21:25:48 2018
