IQ-TREE multicore version 1.6.7 for Mac OS X 64-bit built Aug 23 2018
Developed by Bui Quang Minh, Nguyen Lam Tung, Olga Chernomor,
Heiko Schmidt, Dominik Schrempf, Michael Woodhams.

Host:    meeps-mac-pro.staff.sydney.edu.au (AVX, 64 GB RAM)
Command: /Users/davidduchene/Desktop/Software/iqtree-1.6.7-MacOSX/bin/iqtree -s ../../../../marsupials/set74.fasta -m TESTMERGE -bb 1000 -spp ../../../../marsupials/set74.nex -nt AUTO -pre 4_set74
Seed:    176567 (Using SPRNG - Scalable Parallel Random Number Generator)
Time:    Fri Sep  7 01:52:24 2018
Kernel:  AVX - auto-detect threads (8 CPU cores detected)

Reading partition model file ../../../../marsupials/set74.nex ...
Reading alignment file ../../../../marsupials/set74.fasta ... Fasta format detected
Alignment most likely contains DNA/RNA sequences
Alignment has 35 sequences with 3237 columns, 875 distinct patterns
600 parsimony-informative, 362 singleton sites, 2275 constant sites
                                              Gap/Ambiguity  Composition  p-value
   1  Burramyidae_Burramys_parvus                     0.96%    passed     91.98%
   2  Notoryctidae_Notoryctes_typhlops                0.83%    passed     93.63%
   3  Vombatidae_Lasiorhinus_latifrons                0.49%    passed    100.00%
   4  Potoroidae_Bettongia_penicillata                0.12%    passed     99.07%
   5  Potoroidae_Bettongia_lesueur                    0.28%    passed     99.36%
   6  Dasyuridae_Dasyurus_maculatus                   0.12%    passed     96.65%
   7  Phalangeridae_Trichosurus_vulpecula             1.64%    passed     96.42%
   8  Phalangeridae_Spilocuscus_maculatus             0.53%    passed     94.09%
   9  Potoroidae_Aepyprymnus_rufescens                0.28%    passed     98.85%
  10  Peramelidae_Perameles_nasuta                    0.12%    passed     79.30%
  11  Phalangeridae_Strigocuscus_pelengensis          1.14%    passed     94.33%
  12  Dasyuridae_Phascogale_tapoatafa                 1.27%    passed     96.24%
  13  Dasyuridae_Sminthopsis_macroura                 0.12%    passed     95.21%
  14  Phalangeridae_Phalanger_orientalis              0.34%    passed     77.79%
  15  Acrobatidae_Acrobates_pygmaeus                  0.53%    passed     97.81%
  16  Dasyuridae_Phascogale_calura                    1.11%    passed     97.80%
  17  Dasyuridae_Sarcophilus_harrisii                 0.09%    passed     99.22%
  18  Dasyuridae_Planigale_tenuirostris               3.15%    passed     92.82%
  19  Peramelidae_Echymipera_kalubu                   0.19%    passed     81.60%
  20  Macropodidae_Dorcopsulus_vanheurni              0.49%    passed     97.33%
  21  Pseudochiridae_Pseudochirulus_forbesi           0.15%    passed     99.80%
  22  Didelphidae_Didelphis_virginiana                1.58%    passed     71.14%
  23  Marmosidae_Monodelphis_domestica                2.01%    passed     97.68%
  24  Dasyuridae_Antechinus_stuartii                  1.45%    passed     96.51%
  25  Hypsiprymnodontidae_Hypsiprymnodon_moschatus    0.09%    passed     97.53%
  26  Microbiotheriidae_Dromiciops_gliroides          0.96%    passed     99.88%
  27  Pseudochiridae_Petauroides_volans               0.74%    passed     95.65%
  28  Macropodidae_Wallabia_bicolor                   0.59%    passed     99.16%
  29  Pseudochiridae_Pseudocheirus_occidentalis       0.62%    passed     99.14%
  30  Tarsipedidae_Tarsipes_rostratus                 0.62%    passed     86.88%
  31  Acrobatidae_Distoechurus_pennatus               0.12%    passed     90.12%
  32  Phalangeridae_Phalanger_carmelitae              0.46%    passed     81.69%
  33  Peramelidae_Peroryctes_raffrayana               0.74%    passed     75.74%
  34  Dasyuridae_Dasyurus_geffroii                    1.30%    passed     94.90%
  35  Peramelidae_Perameles_gunnii                    0.25%    passed     76.83%
****  TOTAL                                           0.73%  0 sequences failed composition chi2 test (p-value<5%; df=3)
NOTE: No CharPartition defined, use all CharSets

Loading 15 partitions...
Subset	Type	Seqs	Sites	Infor	Invar	Model	Name
1		35	374	2	368	TESTMERGE	part1.1
2		35	374	0	374	TESTMERGE	part1.2
WARNING: No parsimony-informative sites in partition part1.2
3		35	374	51	280	TESTMERGE	part1.3
4		35	84	22	44	TESTMERGE	part2.1
5		35	84	14	52	TESTMERGE	part2.2
6		35	84	54	14	TESTMERGE	part2.3
7		35	128	22	78	TESTMERGE	part3.1
8		35	128	7	101	TESTMERGE	part3.2
9		35	128	57	41	TESTMERGE	part3.3
10		35	330	35	276	TESTMERGE	part4.1
11		35	330	7	310	TESTMERGE	part4.2
12		35	330	172	81	TESTMERGE	part4.3
13		35	163	37	107	TESTMERGE	part5.1
14		35	163	35	110	TESTMERGE	part5.2
15		35	163	85	39	TESTMERGE	part5.3
Degree of missing data: 0.000
Info: multi-threading strategy over partitions



Create initial parsimony tree by phylogenetic likelihood library (PLL)... 0.007 seconds
NOTE: ModelFinder requires 9 MB RAM!
NUMBER OF THREADS FOR PARTITION FINDING: 8
Testing GTR+F+G on supermatrix...
GTR+F+G4 / LnL: -15277.580 / df: 76 / AIC: 30707.160 / AICc: 30710.864 / BIC: 31169.423
Selecting individual models for 15 charsets using BIC...
 No. Model        Score       Charset
   1 K2P+G4       1753.629    part5.1
   2 K2P+G4       1617.833    part5.2
   3 HKY+F+G4     2863.016    part1.3
   4 K2P+G4       3028.476    part5.3
   5 TPM2u+F+I    2159.492    part4.1
   6 K2P+G4       1901.623    part2.3
   7 TN+F+G4      2279.146    part3.3
   8 F81+F        1025.788    part1.2
   9 HKY+F+I      1285.644    part4.2
  10 JC           1182.351    part1.1	0h:0m:10s (0h:3m:25s left)
  11 TPM2u+F+G4   5973.717    part4.3	0h:0m:10s (0h:3m:17s left)
  12 K2P+G4       877.072     part3.2	0h:0m:10s (0h:3m:1s left)
  13 TNe          937.652     part2.1	0h:0m:11s (0h:2m:47s left)
  14 TN+F+G4      921.817     part2.2	0h:0m:11s (0h:2m:40s left)
  15 TIM2e+G4     1390.176    part3.1	0h:0m:11s (0h:2m:29s left)
Full partition model BIC score: 29923.100 (LnL: -14420.029  df:134)
Merging models to increase model fit (about 211 total partition schemes)...
  16 TPM2+F+G4    29945.692   part3.1+part4.3	0h:0m:20s (0h:4m:15s left)
  17 TIM2e+G4     30174.049   part4.1+part4.3	0h:0m:20s (0h:3m:59s left)
  18 HKY+F+G4     29998.209   part4.3+part5.2	0h:0m:21s (0h:3m:48s left)
  19 TPM2u+F+G4   30013.246   part4.3+part5.1	0h:0m:22s (0h:3m:43s left)
  20 TPM2+F+G4    29946.866   part2.3+part4.3	0h:0m:22s (0h:3m:35s left)
  21 TIM2e+G4     29928.157   part4.3+part5.3	0h:0m:23s (0h:3m:29s left)
  22 TPM2+F+G4    29886.182   part3.3+part4.3	0h:0m:24s (0h:3m:29s left)
  23 TIM2+F+G4    30104.734   part1.3+part4.3	0h:0m:24s (0h:3m:22s left)
  24 TPM2+F+G4    29946.863   part2.1+part4.3	0h:0m:32s (0h:4m:11s left)
  25 TIM2e+G4     30430.565   part1.1+part4.3	0h:0m:32s (0h:4m:1s left)
  26 K2P+G4       29903.096   part3.3+part5.3	0h:0m:33s (0h:3m:54s left)
  27 TPM2u+F+G4   29932.029   part2.2+part4.3	0h:0m:33s (0h:3m:45s left)
  28 TPM2+F+G4    30014.939   part3.2+part4.3	0h:0m:33s (0h:3m:38s left)
  29 HKY+F+G4     30049.679   part1.3+part5.3	0h:0m:33s (0h:3m:29s left)
  30 HKY+F+G4     30300.554   part4.2+part4.3	0h:0m:35s (0h:3m:32s left)
  31 HKY+F+I+G4   30492.311   part1.2+part4.3	0h:0m:35s (0h:3m:25s left)
  32 K2P+G4       29928.313   part2.3+part5.3	0h:0m:41s (0h:3m:51s left)
  33 K2P+G4       29960.941   part5.2+part5.3	0h:0m:42s (0h:3m:48s left)
  34 K2P+G4       29960.124   part5.1+part5.3	0h:0m:42s (0h:3m:42s left)
  35 K2P+G4       30079.642   part4.1+part5.3	0h:0m:43s (0h:3m:36s left)
  36 HKY+F+G4     29966.574   part1.3+part3.3	0h:0m:43s (0h:3m:31s left)
  37 K2P+G4       29937.289   part3.1+part5.3	0h:0m:44s (0h:3m:27s left)
  38 K2P+G4       29916.023   part2.3+part3.3	0h:0m:44s (0h:3m:22s left)
  39 HKY+F+I+G4   30082.877   part1.3+part2.3	0h:0m:47s (0h:3m:29s left)
  40 K2P+G4       29927.152   part2.1+part5.3	0h:0m:50s (0h:3m:35s left)
  41 TNe+G4       29948.263   part3.3+part5.1	0h:0m:51s (0h:3m:32s left)
  42 K2P+I+G4     29972.312   part1.3+part4.1	0h:0m:51s (0h:3m:27s left)
  43 K2P+G4       29919.036   part2.2+part5.3	0h:0m:51s (0h:3m:21s left)
  44 TPM3u+F+G4   29937.812   part1.3+part5.1	0h:0m:52s (0h:3m:20s left)
  45 K2P+G4       30030.328   part3.3+part4.1	0h:0m:53s (0h:3m:15s left)
  46 K2P+G4       29991.682   part3.2+part5.3	0h:0m:53s (0h:3m:10s left)
  47 TN+F+G4      29925.033   part1.3+part5.2	0h:0m:56s (0h:3m:18s left)
  48 K2P+G4       29937.846   part3.3+part5.2	0h:0m:59s (0h:3m:20s left)
  49 TIM2e+G4     29918.679   part3.1+part3.3	0h:0m:59s (0h:3m:18s left)
  50 HKY+F+G4     29933.659   part1.3+part2.1	0h:1m:0s (0h:3m:13s left)
  51 TPM2u+F+G4   29949.431   part1.3+part3.1	0h:1m:0s (0h:3m:10s left)
  52 TPM2u+F+G4   30197.912   part4.2+part5.3	0h:1m:1s (0h:3m:7s left)
  53 K2P+G4       29922.403   part2.1+part3.3	0h:1m:1s (0h:3m:3s left)
  54 TN+F+G4      29909.104   part2.2+part3.3	0h:1m:2s (0h:3m:0s left)
  55 HKY+F+G4     29893.673   part1.3+part2.2	0h:1m:4s (0h:3m:2s left)
  56 K2P+I+G4     30281.931   part1.1+part5.3	0h:1m:6s (0h:3m:3s left)
  57 HKY+F+G4     29892.035   part1.3+part3.2	0h:1m:6s (0h:2m:59s left)
  58 K2P+G4       29987.562   part2.3+part5.1	0h:1m:6s (0h:2m:55s left)
  59 TN+F+G4      29958.608   part3.2+part3.3	0h:1m:8s (0h:2m:56s left)
  60 K2P+G4       29980.093   part2.3+part5.2	0h:1m:9s (0h:2m:54s left)
  61 K2P+G4       29952.359   part2.3+part3.1	0h:1m:10s (0h:2m:54s left)
  62 TPM2u+F+I+G4 30072.318   part2.3+part4.1	0h:1m:11s (0h:2m:51s left)
  63 K3Pu+F+G4    29924.051   part4.1+part5.1	0h:1m:13s (0h:2m:52s left)
  64 K2P+G4       29905.264   part5.1+part5.2	0h:1m:16s (0h:2m:54s left)
  65 HKY+F+I+G4   29983.037   part1.3+part4.2	0h:1m:17s (0h:2m:53s left)
  66 TVMe+G4      29910.370   part3.1+part5.1	0h:1m:17s (0h:2m:49s left)
  67 HKY+F+I+G4   30332.180   part1.2+part5.3	0h:1m:17s (0h:2m:46s left)
  68 HKY+F+G4     29922.902   part4.1+part5.2	0h:1m:19s (0h:2m:47s left)
  69 TN+F+I+G4    30120.328   part3.3+part4.2	0h:1m:22s (0h:2m:48s left)
  70 K2P+G4       29957.068   part2.1+part2.3	0h:1m:22s (0h:2m:46s left)
  71 TPM2u+F+G4   29912.775   part3.1+part4.1	0h:1m:23s (0h:2m:45s left)
  72 K2P+G4       29909.701   part2.1+part5.1	0h:1m:25s (0h:2m:44s left)
  73 K2P+G4       29899.246   part3.1+part5.2	0h:1m:25s (0h:2m:41s left)
  74 K2P+I+G4     30081.027   part1.1+part1.3	0h:1m:26s (0h:2m:40s left)
  75 K2P+G4       29942.371   part2.2+part2.3	0h:1m:28s (0h:2m:39s left)
  76 K2P+G4       29885.755   part2.2+part5.1	0h:1m:28s (0h:2m:37s left)
  77 TNe+I+G4     30195.955   part1.1+part3.3	0h:1m:30s (0h:2m:37s left)
  78 HKY+F+G4     29941.311   part2.1+part4.1	0h:1m:30s (0h:2m:33s left)
  79 TNe+G4       29909.961   part2.1+part5.2	0h:1m:31s (0h:2m:33s left)
  80 K2P+G4       30003.039   part2.3+part3.2	0h:1m:32s (0h:2m:31s left)
  81 K2P+G4       29907.421   part2.1+part3.1	0h:1m:33s (0h:2m:30s left)
  82 K3P+G4       29914.238   part3.2+part5.1	0h:1m:34s (0h:2m:29s left)
  83 HKY+F+I+G4   30109.288   part1.2+part1.3	0h:1m:35s (0h:2m:26s left)
  84 HKY+F+G4     29895.897   part2.2+part5.2	0h:1m:36s (0h:2m:26s left)
  85 TPM2+F+G4    29907.019   part2.2+part4.1	0h:1m:37s (0h:2m:24s left)
  86 K3P+I+G4     29918.364   part3.2+part4.1	0h:1m:39s (0h:2m:24s left)
  87 K2P+I        30235.387   part1.2+part3.3	0h:1m:39s (0h:2m:22s left)
  88 K2P+G4       29890.938   part2.1+part2.2	0h:1m:41s (0h:2m:22s left)
  89 TVMe+G4      29886.527   part2.2+part3.1	0h:1m:42s (0h:2m:20s left)
  90 K2P+G4       29912.208   part3.1+part3.2	0h:1m:43s (0h:2m:19s left)
  91 K2P+G4       29906.503   part3.2+part5.2	0h:1m:43s (0h:2m:17s left)
  92 HKY+F+I+G4   29981.298   part4.2+part5.1	0h:1m:45s (0h:2m:16s left)
  93 HKY+F+I+G4   30151.114   part2.3+part4.2	0h:1m:46s (0h:2m:15s left)
  94 K2P+G4       29916.582   part2.1+part3.2	0h:1m:48s (0h:2m:15s left)
  95 HKY+F+I      29928.353   part4.1+part4.2	0h:1m:50s (0h:2m:14s left)
  96 HKY+F+G4     29900.230   part2.2+part3.2	0h:1m:51s (0h:2m:13s left)
  97 K2P+I+G4     30208.672   part1.1+part2.3	0h:1m:51s (0h:2m:11s left)
  98 HKY+F+I+G4   29997.794   part3.1+part4.2	0h:1m:52s (0h:2m:9s left)
  99 TPM2u+F+I+G4 29968.367   part4.2+part5.2	0h:1m:52s (0h:2m:7s left)
 100 K2P+I        30038.806   part1.1+part5.1	0h:1m:52s (0h:2m:5s left)
 101 TPM2u+F+I    29961.003   part1.1+part4.1	0h:1m:57s (0h:2m:7s left)
 102 HKY+F+I+G4   30238.488   part1.2+part2.3	0h:1m:58s (0h:2m:7s left)
 103 HKY+F+I      29932.677   part2.2+part4.2	0h:1m:59s (0h:2m:5s left)
 104 HKY+F+I      30064.788   part1.2+part5.1	0h:1m:59s (0h:2m:3s left)
 105 TPM2u+F+G4   29990.870   part2.1+part4.2	0h:2m:0s (0h:2m:1s left)
 106 K2P+I        30030.394   part1.1+part5.2	0h:2m:1s (0h:2m:0s left)
 107 TPM2u+F+I+G4 30048.426   part1.1+part3.1	0h:2m:4s (0h:2m:0s left)
 108 HKY+F+I      29985.713   part1.2+part4.1	0h:2m:5s (0h:1m:59s left)
 109 TNe+I        30043.574   part1.1+part2.1	0h:2m:6s (0h:1m:58s left)
 110 HKY+F+I      29924.416   part3.2+part4.2	0h:2m:7s (0h:1m:57s left)
 111 HKY+F+I      30055.098   part1.2+part5.2	0h:2m:8s (0h:1m:55s left)
 112 K2P+I        29970.420   part1.1+part3.2	0h:2m:9s (0h:1m:54s left)
 113 HKY+F+I      30084.768   part1.2+part2.1	0h:2m:10s (0h:1m:52s left)
 114 HKY+F+I      29937.455   part1.1+part4.2	0h:2m:12s (0h:1m:52s left)
 115 K2P+I        29994.327   part1.1+part2.2	0h:2m:13s (0h:1m:51s left)
 116 TPM2u+F+I+G4 30080.181   part1.2+part3.1	0h:2m:13s (0h:1m:49s left)
 117 F81+F        29920.167   part1.1+part1.2	0h:2m:14s (0h:1m:47s left)
 118 HKY+F+I      29927.673   part1.2+part4.2	0h:2m:14s (0h:1m:45s left)
 119 HKY+F+I      30002.302   part1.2+part3.2	0h:2m:14s (0h:1m:44s left)
 120 HKY+F+I      30015.019   part1.2+part2.2	0h:2m:15s (0h:1m:42s left)
Merging part2.2+part5.1 with BIC score: 29885.755 (LnL: -14429.645  df: 127)
 121 TPM3u+F+G4   29873.404   part2.2+part5.1+part5.2	0h:2m:22s (0h:1m:45s left)
 122 TVMe+G4      29869.888   part2.2+part3.1+part5.1	0h:2m:23s (0h:1m:44s left)
 123 TIM2e+G4     29915.629   part2.2+part3.3+part5.1	0h:2m:24s (0h:1m:43s left)
 124 TIM2+F+G4    29896.350   part2.2+part4.1+part5.1	0h:2m:25s (0h:1m:42s left)
 125 K2P+G4       29964.834   part2.2+part2.3+part5.1	0h:2m:27s (0h:1m:41s left)
 126 K2P+G4       29931.329   part2.2+part5.1+part5.3	0h:2m:28s (0h:1m:39s left)
 127 TPM3u+F+G4   29894.884   part1.3+part2.2+part5.1	0h:2m:28s (0h:1m:38s left)
 128 TPM2+F+G4    29991.273   part2.2+part4.3+part5.1	0h:2m:32s (0h:1m:38s left)
 129 K2P+G4       29871.926   part2.1+part2.2+part5.1	0h:2m:32s (0h:1m:37s left)
 130 TN+F+I+G4    29951.995   part2.2+part4.2+part5.1	0h:2m:33s (0h:1m:35s left)
 131 K2P+G4       29876.993   part2.2+part3.2+part5.1	0h:2m:33s (0h:1m:33s left)
 132 TN+F+I       30037.152   part1.1+part2.2+part5.1	0h:2m:34s (0h:1m:32s left)
 133 TN+F+I       30055.326   part1.2+part2.2+part5.1	0h:2m:34s (0h:1m:30s left)
Merging part3.3+part4.3 with BIC score: 29848.836 (LnL: -14439.474  df: 120)
 134 TIM2e+G4     30139.094   part3.3+part4.1+part4.3	0h:2m:48s (0h:1m:36s left)
 135 TPM2u+F+G4   29873.530   part2.1+part3.3+part4.3	0h:2m:49s (0h:1m:35s left)
 136 TPM2+F+G4    29925.945   part3.3+part4.3+part5.2	0h:2m:49s (0h:1m:33s left)
 137 TIM2+F+G4    29878.465   part3.1+part3.3+part4.3	0h:2m:49s (0h:1m:31s left)
 138 TPM2+F+G4    29875.213   part2.3+part3.3+part4.3	0h:2m:52s (0h:1m:31s left)
 139 TPM2+F+G4    29858.621   part3.3+part4.3+part5.3	0h:2m:54s (0h:1m:30s left)
 140 TPM2u+F+G4   29964.223   part2.2+part3.3+part4.3+part5.1	0h:2m:54s (0h:1m:28s left)
 141 TPM2u+F+G4   30035.510   part1.3+part3.3+part4.3	0h:2m:54s (0h:1m:26s left)
 142 TIM2e+I+G4   30419.056   part1.1+part3.3+part4.3	0h:3m:1s (0h:1m:28s left)
 143 HKY+F+I+G4   30476.329   part1.2+part3.3+part4.3	0h:3m:2s (0h:1m:26s left)
 144 TPM2u+F+G4   29939.862   part3.2+part3.3+part4.3	0h:3m:3s (0h:1m:25s left)
 145 HKY+F+G4     30267.368   part3.3+part4.2+part4.3	0h:3m:3s (0h:1m:23s left)
Merging part1.3+part3.2 with BIC score: 29817.771 (LnL: -14436.065  df: 117)
 146 HKY+F+I+G4   29874.835   part1.3+part3.2+part4.2	0h:3m:10s (0h:1m:24s left)
 147 K2P+I+G4     29874.065   part1.3+part3.2+part4.1	0h:3m:11s (0h:1m:23s left)
 148 HKY+F+G4     29829.163   part1.3+part2.1+part3.2	0h:3m:12s (0h:1m:21s left)
 149 TPM2u+F+I+G4 29849.066   part1.3+part3.1+part3.2	0h:3m:12s (0h:1m:20s left)
 150 HKY+F+I+G4   29992.158   part1.3+part2.3+part3.2	0h:3m:14s (0h:1m:18s left)
 151 HKY+F+G4     29963.216   part1.3+part3.2+part5.3	0h:3m:14s (0h:1m:17s left)
 152 TPM3u+F+G4   29831.140   part1.3+part2.2+part3.2+part5.1	0h:3m:15s (0h:1m:15s left)
 153 HKY+F+I+G4   29984.109   part1.1+part1.3+part3.2	0h:3m:16s (0h:1m:14s left)
 154 HKY+F+I+G4   30006.409   part1.2+part1.3+part3.2	0h:3m:17s (0h:1m:13s left)
 155 TN+F+G4      29821.213   part1.3+part3.2+part5.2	0h:3m:18s (0h:1m:11s left)
 156 TPM2u+F+G4   30053.968   part1.3+part3.2+part3.3+part4.3	0h:3m:20s (0h:1m:10s left)
Merging part3.1+part5.2 with BIC score: 29793.917 (LnL: -14444.344  df: 112)
 157 TPM2u+F+I+G4 29809.027   part3.1+part4.1+part5.2	0h:3m:26s (0h:1m:11s left)
 158 HKY+F+I+G4   29884.320   part3.1+part4.2+part5.2	0h:3m:27s (0h:1m:9s left)
 159 TNe+G4       29783.379   part2.1+part3.1+part5.2	0h:3m:27s (0h:1m:7s left)
 160 K2P+G4       29859.784   part2.3+part3.1+part5.2	0h:3m:29s (0h:1m:6s left)
 161 TVMe+G4      29783.619   part2.2+part3.1+part5.1+part5.2	0h:3m:29s (0h:1m:5s left)
 162 K2P+G4       29839.079   part3.1+part5.2+part5.3	0h:3m:29s (0h:1m:3s left)
 163 TPM3u+F+I+G4 29835.685   part1.3+part3.1+part3.2+part5.2	0h:3m:30s (0h:1m:1s left)
 164 TPM2u+F+G4   29895.627   part3.1+part3.3+part4.3+part5.2	0h:3m:32s (0h:1m:0s left)
 165 TIM3e+I+G4   29958.901   part1.1+part3.1+part5.2	0h:3m:32s (0h:0m:59s left)
 166 HKY+F+I+G4   29992.585   part1.2+part3.1+part5.2	0h:3m:33s (0h:0m:57s left)
Merging part2.1+part2.2+part5.1 with BIC score: 29780.087 (LnL: -14449.553  df: 109)
 167 K2P+I+G4     29966.559   part1.1+part2.1+part2.2+part5.1	0h:3m:40s (0h:0m:58s left)
 168 HKY+F+I+G4   29884.718   part2.1+part2.2+part4.2+part5.1	0h:3m:42s (0h:0m:56s left)
 169 TPM2+F+G4    29809.491   part2.1+part2.2+part4.1+part5.1	0h:3m:43s (0h:0m:55s left)
 170 K2P+G4       29866.787   part2.1+part2.2+part2.3+part5.1	0h:3m:43s (0h:0m:53s left)
 171 K2P+G4       29767.249   part2.1+part2.2+part3.1+part5.1+part5.2	0h:3m:43s (0h:0m:52s left)
 172 K2P+G4       29823.896   part2.1+part2.2+part5.1+part5.3	0h:3m:44s (0h:0m:50s left)
 173 TPM3u+F+G4   29810.102   part1.3+part2.1+part2.2+part3.2+part5.1	0h:3m:46s (0h:0m:49s left)
 174 HKY+F+I+G4   30008.113   part1.2+part2.1+part2.2+part5.1	0h:3m:47s (0h:0m:48s left)
 175 TPM2u+F+G4   29911.357   part2.1+part2.2+part3.3+part4.3+part5.1	0h:3m:50s (0h:0m:47s left)
Merging part2.1+part2.2+part3.1+part5.1+part5.2 with BIC score: 29767.249 (LnL: -14455.257  df: 106)
 176 HKY+F+I+G4   30022.466   part1.2+part2.1+part2.2+part3.1+part5.1+part5.2	0h:4m:0s (0h:0m:47s left)
 177 K2P+I+G4     29982.140   part1.1+part2.1+part2.2+part3.1+part5.1+part5.2	0h:4m:1s (0h:0m:46s left)
 178 HKY+F+I+G4   29888.481   part2.1+part2.2+part3.1+part4.2+part5.1+part5.2	0h:4m:3s (0h:0m:45s left)
 179 TPM2+F+G4    29794.440   part2.1+part2.2+part3.1+part4.1+part5.1+part5.2	0h:4m:4s (0h:0m:43s left)
 180 K2P+G4       29861.261   part2.1+part2.2+part2.3+part3.1+part5.1+part5.2	0h:4m:4s (0h:0m:42s left)
 181 K2P+G4       29822.683   part2.1+part2.2+part3.1+part5.1+part5.2+part5.3	0h:4m:5s (0h:0m:40s left)
 182 TPM3u+F+G4   29816.262   part1.3+part2.1+part2.2+part3.1+part3.2+part5.1+part5.2	0h:4m:7s (0h:0m:39s left)
 183 TPM2+F+G4    29935.655   part2.1+part2.2+part3.1+part3.3+part4.3+part5.1+part5.2	0h:4m:8s (0h:0m:38s left)
Merging part1.1+part1.2 with BIC score: 29764.316 (LnL: -14457.832  df: 105)
 184 HKY+F+I      29772.702   part1.1+part1.2+part4.2	0h:4m:10s (0h:0m:36s left)
 185 HKY+F+I      29836.158   part1.1+part1.2+part4.1	0h:4m:15s (0h:0m:35s left)
 186 HKY+F+I+G4   30034.321   part1.1+part1.2+part1.3+part3.2	0h:4m:15s (0h:0m:34s left)
 187 HKY+F+I+G4   30134.865   part1.1+part1.2+part2.3	0h:4m:16s (0h:0m:32s left)
 188 HKY+F+I+G4   30277.113   part1.1+part1.2+part5.3	0h:4m:16s (0h:0m:31s left)
 189 HKY+F+I+G4   30136.723   part1.1+part1.2+part2.1+part2.2+part3.1+part5.1+part5.2	0h:4m:18s (0h:0m:30s left)
 190 TIM2e+I+G4   30655.799   part1.1+part1.2+part3.3+part4.3	0h:4m:19s (0h:0m:28s left)
BEST-FIT PARTITION MODEL: 
  charpartition BIC = F81+F: part1.1 part1.2, HKY+F+G4: part1.3 part3.2, K2P+G4: part2.1 part2.2 part3.1 part5.1 part5.2, K2P+G4: part2.3, TPM2+F+G4: part3.3 part4.3, TPM2u+F+I: part4.1, HKY+F+I: part4.2, K2P+G4: part5.3;
Agglomerative model selection: ((part1.1,part1.2)7:29764.3,(part1.3,part3.2)3:29817.8,((part2.1,(part2.2,part5.1)1:29885.8)5:29780.1,(part3.1,part5.2)4:29793.9)6:29767.2,part2.3,(part3.3,part4.3)2:29848.8,part4.1,part4.2,part5.3)
Merging into 8 partitions...
Partition information was printed to 4_set74.best_scheme.nex
Partition information in Raxml format was printed to 4_set74.best_scheme

All model information printed to 4_set74.model.gz
CPU time for ModelFinder: 337.077 seconds (0h:5m:37s)
Wall-clock time for ModelFinder: 260.603 seconds (0h:4m:20s)
Generating 1000 samples for ultrafast bootstrap (seed: 176567)...

NOTE: 8 MB RAM (0 GB) is required!
Measuring multi-threading efficiency up to 8 CPU cores
Increase to 10 rounds for branch lengths
27 trees examined
Threads: 1 / Time: 8.438 sec / Speedup: 1.000 / Efficiency: 100% / LogL: -22880
Threads: 2 / Time: 21.993 sec / Speedup: 0.384 / Efficiency: 19% / LogL: -22880
BEST NUMBER OF THREADS: 1

Estimate model parameters (epsilon = 0.100)
Initial log-likelihood: -16030.542
Current log-likelihood at step 1: -14725.913
Current log-likelihood at step 2: -14562.806
Current log-likelihood at step 3: -14536.416
Current log-likelihood at step 4: -14514.397
Current log-likelihood at step 5: -14514.131
Current log-likelihood at step 6: -14513.876
Current log-likelihood at step 7: -14513.618
Current log-likelihood at step 8: -14513.358
Current log-likelihood at step 9: -14513.096
Current log-likelihood at step 10: -14512.830
Current log-likelihood at step 11: -14512.561
Current log-likelihood at step 12: -14512.289
Current log-likelihood at step 13: -14512.014
Current log-likelihood at step 14: -14511.735
Current log-likelihood at step 15: -14511.454
Current log-likelihood at step 16: -14511.168
Current log-likelihood at step 17: -14510.880
Current log-likelihood at step 18: -14510.588
Current log-likelihood at step 19: -14510.292
Current log-likelihood at step 20: -14509.992
Current log-likelihood at step 21: -14509.689
Current log-likelihood at step 22: -14509.381
Current log-likelihood at step 23: -14509.070
Current log-likelihood at step 24: -14508.754
Current log-likelihood at step 25: -14508.434
Current log-likelihood at step 26: -14508.110
Current log-likelihood at step 27: -14507.781
Current log-likelihood at step 28: -14507.447
Current log-likelihood at step 29: -14507.109
Current log-likelihood at step 30: -14506.766
Current log-likelihood at step 31: -14506.418
Current log-likelihood at step 32: -14506.064
Current log-likelihood at step 33: -14505.706
Current log-likelihood at step 34: -14505.341
Current log-likelihood at step 35: -14504.971
Current log-likelihood at step 36: -14504.596
Current log-likelihood at step 37: -14504.214
Current log-likelihood at step 38: -14503.826
Current log-likelihood at step 39: -14503.432
Current log-likelihood at step 40: -14503.031
Current log-likelihood at step 41: -14502.623
Current log-likelihood at step 42: -14502.208
Current log-likelihood at step 43: -14501.785
Current log-likelihood at step 44: -14501.356
Current log-likelihood at step 45: -14500.918
Current log-likelihood at step 46: -14500.472
Current log-likelihood at step 47: -14500.018
Current log-likelihood at step 48: -14499.555
Current log-likelihood at step 49: -14499.083
Current log-likelihood at step 50: -14498.602
Current log-likelihood at step 51: -14498.110
Current log-likelihood at step 52: -14497.609
Current log-likelihood at step 53: -14497.097
Current log-likelihood at step 54: -14496.574
Current log-likelihood at step 55: -14496.040
Current log-likelihood at step 56: -14495.493
Current log-likelihood at step 57: -14494.934
Current log-likelihood at step 58: -14494.362
Current log-likelihood at step 59: -14493.777
Current log-likelihood at step 60: -14493.177
Current log-likelihood at step 61: -14492.562
Current log-likelihood at step 62: -14491.932
Current log-likelihood at step 63: -14491.285
Current log-likelihood at step 64: -14490.621
Current log-likelihood at step 65: -14489.939
Current log-likelihood at step 66: -14489.238
Current log-likelihood at step 67: -14488.517
Current log-likelihood at step 68: -14487.775
Current log-likelihood at step 69: -14487.010
Current log-likelihood at step 70: -14486.223
Current log-likelihood at step 71: -14485.410
Current log-likelihood at step 72: -14484.572
Current log-likelihood at step 73: -14483.706
Current log-likelihood at step 74: -14482.810
Current log-likelihood at step 75: -14481.884
Current log-likelihood at step 76: -14480.926
Current log-likelihood at step 77: -14479.933
Current log-likelihood at step 78: -14478.904
Current log-likelihood at step 79: -14477.837
Current log-likelihood at step 80: -14476.730
Current log-likelihood at step 81: -14475.582
Current log-likelihood at step 82: -14474.391
Current log-likelihood at step 83: -14473.155
Current log-likelihood at step 84: -14471.875
Current log-likelihood at step 85: -14470.552
Current log-likelihood at step 86: -14469.189
Current log-likelihood at step 87: -14467.790
Current log-likelihood at step 88: -14466.365
Current log-likelihood at step 89: -14457.181
Current log-likelihood at step 90: -14457.155
Partition-specific rates:  0.014 0.582 1.133 5.087 2.609 0.484 0.113 2.519
Parameters optimization took 89 rounds (16.946 sec)

Computing ML distances based on estimated model parameters... 0.067 sec
Computing BIONJ tree...
0.015 seconds
Log-likelihood of BIONJ tree: -14457.366
--------------------------------------------------------------------
|             INITIALIZING CANDIDATE TREE SET                      |
--------------------------------------------------------------------
Generating 98 parsimony trees... 4.778 second
Computing log-likelihood of 98 initial trees ... 12.403 seconds
Current best score: -14456.557

Do NNI search on 20 best initial trees
Estimate model parameters (epsilon = 0.100)
Initial log-likelihood: -14450.858
Current log-likelihood at step 1: -14450.756
Current log-likelihood at step 2: -14450.756
Parameters optimization took 1 rounds (0.248 sec)

BETTER TREE FOUND at iteration 1: -14450.756
Iteration 10 / LogL: -14450.757 / Time: 0h:1m:14s
Iteration 20 / LogL: -14450.814 / Time: 0h:1m:28s
Finish initializing candidate tree set (3)
Current best tree score: -14450.756 / CPU time: 40.682
Number of iterations: 20
--------------------------------------------------------------------
|               OPTIMIZING CANDIDATE TREE SET                      |
--------------------------------------------------------------------
Iteration 30 / LogL: -14450.757 / Time: 0h:1m:41s (0h:4m:8s left)
Iteration 40 / LogL: -14450.756 / Time: 0h:1m:54s (0h:2m:59s left)
Iteration 50 / LogL: -14452.245 / Time: 0h:2m:9s (0h:2m:14s left)
Log-likelihood cutoff on original alignment: -14506.793
Iteration 60 / LogL: -14450.756 / Time: 0h:2m:22s (0h:1m:39s left)
Iteration 70 / LogL: -14450.757 / Time: 0h:2m:34s (0h:1m:9s left)
Iteration 80 / LogL: -14452.270 / Time: 0h:2m:47s (0h:0m:44s left)
Iteration 90 / LogL: -14450.756 / Time: 0h:3m:2s (0h:0m:22s left)
Iteration 100 / LogL: -14450.761 / Time: 0h:3m:15s (0h:0m:1s left)
Log-likelihood cutoff on original alignment: -14506.793
NOTE: Bootstrap correlation coefficient of split occurrence frequencies: 0.999
TREE SEARCH COMPLETED AFTER 102 ITERATIONS / Time: 0h:3m:18s

--------------------------------------------------------------------
|                    FINALIZING TREE SEARCH                        |
--------------------------------------------------------------------
Performs final model parameters optimization
Estimate model parameters (epsilon = 0.010)
Initial log-likelihood: -14450.756
Current log-likelihood at step 1: -14450.756
Partition-specific rates:  0.014 0.576 1.120 5.104 2.627 0.481 0.113 2.535
Parameters optimization took 0 rounds (0.122 sec)

BEST SCORE FOUND : -14450.756
Creating bootstrap support values...
Split supports printed to NEXUS file 4_set74.splits.nex
Total tree length: 0.685

Total number of iterations: 102
CPU time used for tree search: 57.722 sec (0h:0m:57s)
Wall-clock time used for tree search: 150.287 sec (0h:2m:30s)
Total CPU time used: 73.057 sec (0h:1m:13s)
Total wall-clock time used: 198.913 sec (0h:3m:18s)

Computing bootstrap consensus tree...
Reading input file 4_set74.splits.nex...
35 taxa and 146 splits.
Consensus tree written to 4_set74.contree
Reading input trees file 4_set74.contree
Log-likelihood of consensus tree: -14451.070

Analysis results written to: 
  IQ-TREE report:                4_set74.iqtree
  Maximum-likelihood tree:       4_set74.treefile
  Likelihood distances:          4_set74.mldist
  Best partitioning scheme:      4_set74.best_scheme.nex
           in RAxML format:      4_set74.best_scheme

Ultrafast bootstrap approximation results written to:
  Split support values:          4_set74.splits.nex
  Consensus tree:                4_set74.contree
  Screen log file:               4_set74.log

Date and Time: Fri Sep  7 02:00:04 2018
