IQ-TREE multicore version 1.6.7 for Mac OS X 64-bit built Aug 23 2018
Developed by Bui Quang Minh, Nguyen Lam Tung, Olga Chernomor,
Heiko Schmidt, Dominik Schrempf, Michael Woodhams.

Host:    meeps-mac-pro.staff.sydney.edu.au (AVX, 64 GB RAM)
Command: /Users/davidduchene/Desktop/Software/iqtree-1.6.7-MacOSX/bin/iqtree -s ../../../../marsupials/set271.fasta -m TESTMERGE -bb 1000 -q ../../../../marsupials/set271.nex -nt AUTO -pre 2_set271
Seed:    340263 (Using SPRNG - Scalable Parallel Random Number Generator)
Time:    Sat Sep  8 05:00:24 2018
Kernel:  AVX - auto-detect threads (8 CPU cores detected)

Reading partition model file ../../../../marsupials/set271.nex ...
Reading alignment file ../../../../marsupials/set271.fasta ... Fasta format detected
Alignment most likely contains DNA/RNA sequences
Alignment has 35 sequences with 3240 columns, 1330 distinct patterns
722 parsimony-informative, 519 singleton sites, 1999 constant sites
                                              Gap/Ambiguity  Composition  p-value
   1  Burramyidae_Burramys_parvus                     8.98%    passed     97.32%
   2  Notoryctidae_Notoryctes_typhlops                5.90%    passed     87.68%
   3  Vombatidae_Lasiorhinus_latifrons                0.62%    passed     90.87%
   4  Potoroidae_Bettongia_penicillata                0.03%    passed     91.99%
   5  Potoroidae_Bettongia_lesueur                    4.78%    passed     54.67%
   6  Dasyuridae_Dasyurus_maculatus                   0.40%    passed     55.42%
   7  Phalangeridae_Trichosurus_vulpecula             0.52%    passed     62.71%
   8  Phalangeridae_Spilocuscus_maculatus            11.57%    passed     60.28%
   9  Potoroidae_Aepyprymnus_rufescens                0.06%    passed     89.38%
  10  Peramelidae_Perameles_nasuta                    0.90%    passed     94.91%
  11  Phalangeridae_Strigocuscus_pelengensis         19.23%    passed     49.84%
  12  Dasyuridae_Phascogale_tapoatafa                 3.15%    passed     70.41%
  13  Dasyuridae_Sminthopsis_macroura                 0.56%    passed     99.91%
  14  Phalangeridae_Phalanger_orientalis              2.99%    passed     88.63%
  15  Acrobatidae_Acrobates_pygmaeus                  0.74%    passed     96.06%
  16  Dasyuridae_Phascogale_calura                    0.34%    passed     85.56%
  17  Dasyuridae_Sarcophilus_harrisii                 0.31%    passed     81.88%
  18  Dasyuridae_Planigale_tenuirostris              25.22%    passed     98.28%
  19  Peramelidae_Echymipera_kalubu                   0.43%    passed     93.10%
  20  Macropodidae_Dorcopsulus_vanheurni              1.14%    passed     61.62%
  21  Pseudochiridae_Pseudochirulus_forbesi           0.74%    passed     98.61%
  22  Didelphidae_Didelphis_virginiana               54.85%    failed      2.50%
  23  Marmosidae_Monodelphis_domestica                1.08%    passed     85.71%
  24  Dasyuridae_Antechinus_stuartii                  0.86%    passed     79.73%
  25  Hypsiprymnodontidae_Hypsiprymnodon_moschatus    0.19%    passed     61.16%
  26  Microbiotheriidae_Dromiciops_gliroides          2.44%    passed     35.25%
  27  Pseudochiridae_Petauroides_volans               2.62%    passed     92.69%
  28  Macropodidae_Wallabia_bicolor                   3.43%    passed     88.73%
  29  Pseudochiridae_Pseudocheirus_occidentalis       1.54%    passed     94.86%
  30  Tarsipedidae_Tarsipes_rostratus                 2.16%    passed     93.89%
  31  Acrobatidae_Distoechurus_pennatus               0.68%    passed     95.91%
  32  Phalangeridae_Phalanger_carmelitae              0.12%    passed     78.43%
  33  Peramelidae_Peroryctes_raffrayana               1.45%    passed     94.69%
  34  Dasyuridae_Dasyurus_geffroii                    0.31%    passed     58.08%
  35  Peramelidae_Perameles_gunnii                    0.49%    passed     88.10%
WARNING: 1 sequences contain more than 50% gaps/ambiguity
****  TOTAL                                           4.60%  1 sequences failed composition chi2 test (p-value<5%; df=3)
NOTE: No CharPartition defined, use all CharSets

Loading 15 partitions...
Subset	Type	Seqs	Sites	Infor	Invar	Model	Name
1		35	125	23	88	TESTMERGE	part1.1
2		35	125	14	94	TESTMERGE	part1.2
3		35	125	41	60	TESTMERGE	part1.3
4		33	83	2	78	TESTMERGE	part2.1
5		33	83	1	81	TESTMERGE	part2.2
6		33	83	50	21	TESTMERGE	part2.3
7		34	588	82	463	TESTMERGE	part3.1
8		34	588	51	492	TESTMERGE	part3.2
9		34	588	260	198	TESTMERGE	part3.3
10		35	190	31	91	TESTMERGE	part4.1
11		35	190	25	105	TESTMERGE	part4.2
12		35	190	67	58	TESTMERGE	part4.3
13		34	94	11	69	TESTMERGE	part5.1
14		34	94	6	80	TESTMERGE	part5.2
15		34	94	58	21	TESTMERGE	part5.3
Degree of missing data: 0.022
Info: multi-threading strategy over partitions



Create initial parsimony tree by phylogenetic likelihood library (PLL)... 0.010 seconds
NOTE: ModelFinder requires 13 MB RAM!
NUMBER OF THREADS FOR PARTITION FINDING: 8
Testing GTR+F+G on supermatrix...
GTR+F+G4 / LnL: -18079.753 / df: 76 / AIC: 36311.507 / AICc: 36315.207 / BIC: 36773.840
Selecting individual models for 15 charsets using BIC...
 No. Model        Score       Charset
   1 K2P+G4       1712.748    part1.3
   2 TIM3e+G4     2158.810    part5.3
   3 K2P+G4       3212.901    part4.3
   4 TPM3u+F+I+G4 4033.135    part3.2
   5 K2P+G4       2318.927    part4.1
   6 TVM+F+I+G4   4632.049    part3.1
   7 HKY+F+G4     1197.138    part1.1
   8 TPM2u+F+G4   2048.285    part4.2
   9 K2P+G4       9661.464    part3.3
  10 K2P+G4       1913.894    part2.3	0h:0m:9s (0h:3m:12s left)
  11 HKY+F+G4     973.104     part1.2	0h:0m:11s (0h:3m:21s left)
  12 TNe+G4       756.806     part5.1	0h:0m:11s (0h:3m:5s left)
  13 JC+I+G4      348.414     part2.1	0h:0m:12s (0h:3m:12s left)
  14 JC+I+G4      283.175     part2.2	0h:0m:12s (0h:3m:2s left)
  15 JC+I+G4      537.244     part5.2	0h:0m:13s (0h:2m:53s left)
Full partition model BIC score: 36481.665 (LnL: -17747.749  df:122)
Merging models to increase model fit (about 211 total partition schemes)...
  16 K2P+G4       36481.345   part3.3+part5.3	0h:0m:22s (0h:4m:30s left)
  17 K2P+G4       36491.279   part2.3+part3.3	0h:0m:22s (0h:4m:21s left)
  18 K2P+G4       36466.426   part1.3+part3.3	0h:0m:23s (0h:4m:11s left)
  19 K2P+G4       36470.089   part3.3+part4.1	0h:0m:23s (0h:3m:59s left)
  20 K2P+G4       36466.602   part3.3+part4.3	0h:0m:24s (0h:3m:53s left)
  21 TIM3e+I+G4   36648.982   part3.2+part3.3	0h:0m:24s (0h:3m:45s left)
  22 TVMe+G4      36620.454   part3.1+part3.3	0h:0m:25s (0h:3m:36s left)
  23 K2P+G4       36483.539   part3.3+part4.2	0h:0m:25s (0h:3m:32s left)
  24 K2P+G4       36486.139   part1.1+part3.3	0h:0m:30s (0h:4m:0s left)
  25 K2P+G4       36469.620   part1.2+part3.3	0h:0m:31s (0h:3m:53s left)
  26 K2P+G4       36471.752   part3.3+part5.1	0h:0m:31s (0h:3m:45s left)
  27 K2P+G4       36524.925   part2.1+part3.3	0h:0m:32s (0h:3m:41s left)
  28 K2P+G4       36547.009   part2.2+part3.3	0h:0m:32s (0h:3m:33s left)
  29 K2P+G4       36493.616   part3.3+part5.2	0h:0m:32s (0h:3m:27s left)
  30 K2P+G4       36466.682   part4.1+part4.3	0h:0m:33s (0h:3m:19s left)
  31 TVM+F+G4     36583.996   part3.1+part4.3	0h:0m:34s (0h:3m:18s left)
  32 K2P+I+G4     36588.588   part3.2+part4.3	0h:0m:37s (0h:3m:31s left)
  33 K2P+I+G4     36567.345   part3.2+part4.1	0h:0m:38s (0h:3m:28s left)
  34 TVM+F+I+G4   36541.726   part3.1+part4.1	0h:0m:40s (0h:3m:29s left)
  35 TPM3u+F+I+G4 36468.168   part3.1+part3.2	0h:0m:40s (0h:3m:22s left)
  36 TIMe+G4      36480.286   part4.2+part4.3	0h:0m:41s (0h:3m:19s left)
  37 TPM3u+F+I+G4 36532.352   part3.2+part4.2	0h:0m:42s (0h:3m:20s left)
  38 K2P+G4       36473.722   part4.1+part4.2	0h:0m:42s (0h:3m:13s left)
  39 TVM+F+I+G4   36528.940   part3.1+part4.2	0h:0m:43s (0h:3m:10s left)
  40 TNe+G4       36475.203   part4.3+part5.3	0h:0m:46s (0h:3m:17s left)
  41 K2P+G4       36467.904   part1.3+part4.3	0h:0m:46s (0h:3m:13s left)
  42 TPM2u+F+I+G4 36537.021   part1.3+part3.1	0h:0m:48s (0h:3m:14s left)
  43 K2P+G4       36489.991   part2.3+part4.3	0h:0m:48s (0h:3m:9s left)
  44 TPM2u+F+I+G4 36492.651   part3.1+part5.3	0h:0m:48s (0h:3m:4s left)
  45 K2P+G4       36470.429   part1.3+part4.1	0h:0m:49s (0h:3m:2s left)
  46 TNe+G4       36486.902   part4.1+part5.3	0h:0m:50s (0h:2m:59s left)
  47 TPM2u+F+I+G4 36501.580   part2.3+part3.1	0h:0m:50s (0h:2m:57s left)
  48 K2P+G4       36482.943   part1.1+part4.3	0h:0m:51s (0h:2m:54s left)
  49 K2P+G4       36492.131   part2.3+part4.1	0h:0m:52s (0h:2m:53s left)
  50 HKY+F+I+G4   36511.345   part3.2+part5.3	0h:0m:53s (0h:2m:51s left)
  51 K2P+G4       36468.659   part1.2+part4.3	0h:0m:53s (0h:2m:47s left)
  52 TVM+F+I+G4   36480.772   part1.1+part3.1	0h:0m:55s (0h:2m:50s left)
  53 HKY+F+G4     36482.473   part4.2+part5.3	0h:0m:56s (0h:2m:48s left)
  54 K2P+I+G4     36530.599   part1.3+part3.2	0h:0m:57s (0h:2m:47s left)
  55 TPM2+F+G4    36484.406   part1.3+part4.2	0h:0m:59s (0h:2m:48s left)
  56 TNe+G4       36471.906   part4.3+part5.1	0h:1m:0s (0h:2m:46s left)
  57 TVM+F+I+G4   36476.057   part1.2+part3.1	0h:1m:1s (0h:2m:47s left)
  58 HKY+F+G4     36486.585   part1.1+part4.1	0h:1m:3s (0h:2m:48s left)
  59 TVM+F+I+G4   36483.076   part3.1+part5.1	0h:1m:3s (0h:2m:44s left)
  60 TPM2+F+G4    36483.614   part2.3+part4.2	0h:1m:4s (0h:2m:41s left)
  61 K2P+I+G4     36494.456   part2.3+part3.2	0h:1m:4s (0h:2m:38s left)
  62 K2P+G4       36492.458   part4.3+part5.2	0h:1m:5s (0h:2m:38s left)
  63 K2P+G4       36467.945   part1.2+part4.1	0h:1m:6s (0h:2m:36s left)
  64 TVM+F+I+G4   36482.555   part3.1+part5.2	0h:1m:8s (0h:2m:36s left)
  65 K2P+G4       36472.351   part4.1+part5.1	0h:1m:8s (0h:2m:33s left)
  66 TNe+G4       36525.907   part2.1+part4.3	0h:1m:10s (0h:2m:33s left)
  67 K2P+G4       36545.554   part2.2+part4.3	0h:1m:10s (0h:2m:31s left)
  68 HKY+F+I+G4   36477.158   part1.1+part3.2	0h:1m:12s (0h:2m:32s left)
  69 TVM+F+I+G4   36483.778   part2.1+part3.1	0h:1m:12s (0h:2m:29s left)
  70 TPM2+F+G4    36462.147   part1.1+part4.2	0h:1m:13s (0h:2m:27s left)
  71 TVM+F+I+G4   36487.531   part2.2+part3.1	0h:1m:15s (0h:2m:28s left)
  72 TPM3u+F+I+G4 36460.536   part1.2+part3.2	0h:1m:16s (0h:2m:28s left)
  73 K2P+G4       36490.907   part4.1+part5.2	0h:1m:17s (0h:2m:26s left)
  74 K2P+I+G4     36470.745   part3.2+part5.1	0h:1m:18s (0h:2m:25s left)
  75 TNe+G4       36468.846   part1.3+part5.3	0h:1m:18s (0h:2m:22s left)
  76 TPM2u+F+G4   36462.142   part1.2+part4.2	0h:1m:19s (0h:2m:20s left)
  77 K2P+G4       36522.520   part2.1+part4.1	0h:1m:20s (0h:2m:20s left)
  78 TIM2+F+G4    36489.121   part4.2+part5.1	0h:1m:21s (0h:2m:19s left)
  79 TNe+I+G4     36467.956   part2.3+part5.3	0h:1m:23s (0h:2m:19s left)
  80 K2P+G4       36544.289   part2.2+part4.1	0h:1m:23s (0h:2m:17s left)
  81 K2P+G4       36474.136   part1.3+part2.3	0h:1m:25s (0h:2m:17s left)
  82 TPM3u+F+I+G4 36462.204   part3.2+part5.2	0h:1m:26s (0h:2m:15s left)
  83 K2P+I+G4     36469.130   part2.1+part3.2	0h:1m:26s (0h:2m:13s left)
  84 TPM2u+F+G4   36476.871   part4.2+part5.2	0h:1m:27s (0h:2m:11s left)
  85 K2P+I+G4     36480.913   part2.2+part3.2	0h:1m:29s (0h:2m:12s left)
  86 TIM3e+G4     36469.614   part1.1+part5.3	0h:1m:29s (0h:2m:10s left)
  87 TN+F+G4      36529.419   part2.1+part4.2	0h:1m:31s (0h:2m:10s left)
  88 K2P+G4       36475.919   part1.1+part1.3	0h:1m:31s (0h:2m:7s left)
  89 TNe+G4       36458.476   part1.2+part5.3	0h:1m:31s (0h:2m:5s left)
  90 TNe+G4       36457.201   part5.1+part5.3	0h:1m:32s (0h:2m:3s left)
  91 HKY+F+G4     36473.443   part1.1+part2.3	0h:1m:32s (0h:2m:1s left)
  92 TIM3+F+G4    36550.121   part2.2+part4.2	0h:1m:32s (0h:1m:59s left)
  93 K2P+G4       36467.588   part1.3+part5.1	0h:1m:33s (0h:1m:58s left)
  94 HKY+F+G4     36468.674   part1.2+part1.3	0h:1m:34s (0h:1m:58s left)
  95 TIM3e+I+G4   36485.246   part5.2+part5.3	0h:1m:35s (0h:1m:57s left)
  96 HKY+F+G4     36464.075   part1.2+part2.3	0h:1m:36s (0h:1m:55s left)
  97 K2P+G4       36465.381   part2.3+part5.1	0h:1m:37s (0h:1m:54s left)
  98 K2P+G4       36485.853   part1.3+part5.2	0h:1m:39s (0h:1m:54s left)
  99 K2P+G4       36512.136   part1.3+part2.1	0h:1m:40s (0h:1m:53s left)
 100 K2P+G4       36477.785   part2.3+part5.2	0h:1m:41s (0h:1m:52s left)
 101 TIM3e+I+G4   36500.596   part2.1+part5.3	0h:1m:41s (0h:1m:50s left)
 102 TNe+I+G4     36517.515   part2.2+part5.3	0h:1m:41s (0h:1m:48s left)
 103 HKY+F+G4     36445.852   part1.1+part1.2	0h:1m:42s (0h:1m:47s left)
 104 K2P+G4       36464.680   part1.1+part5.1	0h:1m:42s (0h:1m:45s left)
 105 K2P+G4       36531.267   part1.3+part2.2	0h:1m:43s (0h:1m:44s left)
 106 K2P+G4       36495.757   part2.1+part2.3	0h:1m:44s (0h:1m:43s left)
 107 K2P+G4       36455.236   part1.2+part5.1	0h:1m:46s (0h:1m:43s left)
 108 HKY+F+G4     36472.099   part1.1+part5.2	0h:1m:46s (0h:1m:41s left)
 109 K2P+G4       36511.473   part2.2+part2.3	0h:1m:46s (0h:1m:39s left)
 110 K2P+G4       36473.995   part5.1+part5.2	0h:1m:47s (0h:1m:38s left)
 111 HKY+F+G4     36493.099   part1.1+part2.1	0h:1m:47s (0h:1m:37s left)
 112 HKY+F+G4     36506.284   part1.1+part2.2	0h:1m:48s (0h:1m:35s left)
 113 TN+F+G4      36464.414   part1.2+part5.2	0h:1m:48s (0h:1m:33s left)
 114 K2P+I+G4     36486.303   part1.2+part2.1	0h:1m:49s (0h:1m:33s left)
 115 TNe+G4       36490.245   part2.1+part5.1	0h:1m:50s (0h:1m:32s left)
 116 K2P+I+G4     36500.298   part1.2+part2.2	0h:1m:50s (0h:1m:30s left)
 117 K2P+I+G4     36509.160   part2.2+part5.1	0h:1m:50s (0h:1m:29s left)
 118 JC+I+G4      36477.957   part2.2+part5.2	0h:1m:52s (0h:1m:28s left)
 119 JC+I+G4      36467.037   part2.1+part2.2	0h:1m:52s (0h:1m:26s left)
 120 JC+I+G4      36471.117   part2.1+part5.2	0h:1m:52s (0h:1m:25s left)
Merging part1.1+part1.2 with BIC score: 36445.852 (LnL: -17750.051  df: 117)
 121 HKY+F+G4     36439.234   part1.1+part1.2+part5.1	0h:1m:54s (0h:1m:25s left)
 122 HKY+F+G4     36460.442   part1.1+part1.2+part2.1	0h:1m:55s (0h:1m:24s left)
 123 K2P+G4       36464.140   part1.1+part1.2+part4.3	0h:1m:56s (0h:1m:23s left)
 124 HKY+F+G4     36455.817   part1.1+part1.2+part4.1	0h:1m:57s (0h:1m:22s left)
 125 TPM3u+F+I+G4 36462.027   part1.1+part1.2+part3.1	0h:1m:59s (0h:1m:22s left)
 126 HKY+F+I+G4   36448.578   part1.1+part1.2+part3.2	0h:1m:59s (0h:1m:20s left)
 127 TPM2u+F+G4   36432.808   part1.1+part1.2+part4.2	0h:2m:0s (0h:1m:19s left)
 128 K2P+G4       36471.167   part1.1+part1.2+part3.3	0h:2m:0s (0h:1m:18s left)
 129 HKY+F+G4     36446.539   part1.1+part1.2+part1.3	0h:2m:1s (0h:1m:17s left)
 130 HKY+F+G4     36435.178   part1.1+part1.2+part5.2	0h:2m:1s (0h:1m:15s left)
 131 TN+F+G4      36453.301   part1.1+part1.2+part5.3	0h:2m:1s (0h:1m:14s left)
 132 HKY+F+G4     36478.768   part1.1+part1.2+part2.2	0h:2m:1s (0h:1m:12s left)
 133 HKY+F+G4     36435.439   part1.1+part1.2+part2.3	0h:2m:2s (0h:1m:11s left)
Merging part5.1+part5.3 with BIC score: 36421.388 (LnL: -17753.986  df: 113)
 134 TIM3e+G4     36431.076   part1.1+part1.2+part5.1+part5.3	0h:2m:5s (0h:1m:12s left)
 135 TNe+I+G4     36442.450   part2.1+part5.1+part5.3	0h:2m:7s (0h:1m:11s left)
 136 TIM2+F+I+G4  36452.674   part3.1+part5.1+part5.3	0h:2m:8s (0h:1m:10s left)
 137 K2P+I+G4     36458.758   part3.2+part5.1+part5.3	0h:2m:8s (0h:1m:9s left)
 138 TNe+G4       36433.096   part4.1+part5.1+part5.3	0h:2m:8s (0h:1m:7s left)
 139 TNe+G4       36435.318   part4.2+part5.1+part5.3	0h:2m:8s (0h:1m:6s left)
 140 TNe+G4       36421.466   part4.3+part5.1+part5.3	0h:2m:8s (0h:1m:5s left)
 141 TNe+G4       36434.852   part3.3+part5.1+part5.3	0h:2m:9s (0h:1m:4s left)
 142 TNe+G4       36423.674   part5.1+part5.2+part5.3	0h:2m:10s (0h:1m:3s left)
 143 TNe+G4       36413.539   part1.3+part5.1+part5.3	0h:2m:10s (0h:1m:1s left)
 144 TNe+I+G4     36462.020   part2.2+part5.1+part5.3	0h:2m:11s (0h:1m:1s left)
 145 TNe+I+G4     36412.004   part2.3+part5.1+part5.3	0h:2m:11s (0h:0m:59s left)
Merging part3.2+part5.2 with BIC score: 36401.927 (LnL: -17752.339  df: 111)
 146 K2P+I+G4     36392.911   part2.1+part3.2+part5.2	0h:2m:16s (0h:1m:0s left)
 147 K2P+I+G4     36446.639   part3.2+part5.1+part5.2+part5.3	0h:2m:16s (0h:0m:59s left)
 148 TPM3u+F+I+G4 36521.909   part3.2+part4.3+part5.2	0h:2m:16s (0h:0m:58s left)
 149 K2P+I+G4     36494.921   part3.2+part4.1+part5.2	0h:2m:17s (0h:0m:57s left)
 150 HKY+F+I+G4   36402.689   part1.1+part1.2+part3.2+part5.2	0h:2m:17s (0h:0m:56s left)
 151 TPM3u+F+I+G4 36394.644   part3.1+part3.2+part5.2	0h:2m:18s (0h:0m:54s left)
 152 TPM3u+F+I+G4 36454.328   part3.2+part4.2+part5.2	0h:2m:18s (0h:0m:53s left)
 153 TIM3e+I+G4   36588.510   part3.2+part3.3+part5.2	0h:2m:18s (0h:0m:52s left)
 154 TPM3u+F+I+G4 36409.590   part2.2+part3.2+part5.2	0h:2m:20s (0h:0m:51s left)
 155 HKY+F+I+G4   36457.964   part1.3+part3.2+part5.2	0h:2m:20s (0h:0m:50s left)
 156 HKY+F+I+G4   36421.260   part2.3+part3.2+part5.2	0h:2m:20s (0h:0m:49s left)
Merging part1.3+part3.3 with BIC score: 36386.688 (LnL: -17752.803  df: 109)
 157 K2P+G4       36429.265   part1.3+part2.1+part3.3	0h:2m:27s (0h:0m:50s left)
 158 K2P+G4       36411.721   part1.1+part1.2+part1.3+part3.3	0h:2m:27s (0h:0m:49s left)
 159 K2P+G4       36398.121   part1.3+part3.3+part5.1+part5.3	0h:2m:28s (0h:0m:48s left)
 160 K2P+G4       36376.023   part1.3+part3.3+part4.1	0h:2m:28s (0h:0m:47s left)
 161 K2P+G4       36389.691   part1.3+part3.3+part4.2	0h:2m:28s (0h:0m:46s left)
 162 TVMe+G4      36528.650   part1.3+part3.1+part3.3	0h:2m:29s (0h:0m:45s left)
 163 K2P+G4       36372.059   part1.3+part3.3+part4.3	0h:2m:29s (0h:0m:44s left)
 164 K2P+G4       36575.595   part1.3+part3.2+part3.3+part5.2	0h:2m:29s (0h:0m:42s left)
 165 K2P+G4       36451.295   part1.3+part2.2+part3.3	0h:2m:31s (0h:0m:42s left)
 166 K2P+G4       36395.425   part1.3+part2.3+part3.3	0h:2m:32s (0h:0m:41s left)
Merging part4.1+part4.3 with BIC score: 36371.705 (LnL: -17753.394  df: 107)
 167 K2P+G4       36394.510   part1.1+part1.2+part4.1+part4.3	0h:2m:36s (0h:0m:41s left)
 168 K2P+G4       36416.175   part2.1+part4.1+part4.3	0h:2m:37s (0h:0m:40s left)
 169 K2P+G4       36438.703   part2.2+part4.1+part4.3	0h:2m:37s (0h:0m:39s left)
 170 K2P+I+G4     36531.449   part3.2+part4.1+part4.3+part5.2	0h:2m:38s (0h:0m:38s left)
 171 TNe+G4       36385.166   part4.1+part4.3+part5.1+part5.3	0h:2m:38s (0h:0m:37s left)
 172 K2P+G4       36366.480   part4.1+part4.2+part4.3	0h:2m:39s (0h:0m:36s left)
 173 K2P+G4       36496.273   part3.1+part4.1+part4.3	0h:2m:39s (0h:0m:35s left)
 174 K2P+G4       36360.543   part1.3+part3.3+part4.1+part4.3	0h:2m:40s (0h:0m:34s left)
 175 K2P+G4       36387.381   part2.3+part4.1+part4.3	0h:2m:40s (0h:0m:33s left)
Merging part2.1+part2.2 with BIC score: 36357.077 (LnL: -17754.164  df: 105)
 176 K2P+I+G4     36410.237   part2.1+part2.2+part2.3	0h:2m:43s (0h:0m:32s left)
 177 HKY+F+I+G4   36409.698   part1.1+part1.2+part2.1+part2.2	0h:2m:43s (0h:0m:31s left)
 178 TNe+I+G4     36422.101   part2.1+part2.2+part5.1+part5.3	0h:2m:44s (0h:0m:30s left)
 179 TVM+F+I+G4   36377.089   part2.1+part2.2+part3.1	0h:2m:44s (0h:0m:29s left)
 180 K2P+I+G4     36366.450   part2.1+part2.2+part3.2+part5.2	0h:2m:44s (0h:0m:28s left)
 181 K2P+G4       36476.722   part2.1+part2.2+part4.1+part4.3	0h:2m:44s (0h:0m:27s left)
 182 TN+F+G4      36459.547   part2.1+part2.2+part4.2	0h:2m:45s (0h:0m:26s left)
 183 K2P+G4       36475.585   part1.3+part2.1+part2.2+part3.3	0h:2m:45s (0h:0m:25s left)
Merging part1.1+part1.2+part4.2 with BIC score: 36344.033 (LnL: -17767.850  df: 100)
 184 TPM2u+F+G4   36332.945   part1.1+part1.2+part2.3+part4.2	0h:2m:48s (0h:0m:24s left)
 185 TN+F+G4      36364.449   part1.1+part1.2+part4.2+part5.1+part5.3	0h:2m:49s (0h:0m:23s left)
 186 HKY+F+G4     36430.460   part1.1+part1.2+part2.1+part2.2+part4.2	0h:2m:49s (0h:0m:22s left)
 187 HKY+F+G4     36375.937   part1.1+part1.2+part4.1+part4.2+part4.3	0h:2m:50s (0h:0m:21s left)
 188 TPM3u+F+I+G4 36394.467   part1.1+part1.2+part3.2+part4.2+part5.2	0h:2m:50s (0h:0m:20s left)
 189 TPM3+F+G4    36390.961   part1.1+part1.2+part3.1+part4.2	0h:2m:50s (0h:0m:19s left)
 190 K2P+G4       36384.991   part1.1+part1.2+part1.3+part3.3+part4.2	0h:2m:51s (0h:0m:18s left)
Merging part1.3+part3.3+part4.1+part4.3 with BIC score: 36332.872 (LnL: -17770.353  df: 98)
 191 K2P+G4       36456.138   part1.3+part2.1+part2.2+part3.3+part4.1+part4.3	0h:2m:58s (0h:0m:18s left)
 192 K2P+G4       36346.439   part1.3+part2.3+part3.3+part4.1+part4.3	0h:2m:59s (0h:0m:17s left)
 193 TNe+G4       36350.071   part1.3+part3.3+part4.1+part4.3+part5.1+part5.3	0h:2m:59s (0h:0m:16s left)
 194 K2P+G4       36547.163   part1.3+part3.2+part3.3+part4.1+part4.3+part5.2	0h:3m:0s (0h:0m:15s left)
 195 K2P+G4       36373.356   part1.1+part1.2+part1.3+part3.3+part4.1+part4.2+part4.3	0h:3m:0s (0h:0m:14s left)
 196 K2P+G4       36493.655   part1.3+part3.1+part3.3+part4.1+part4.3	0h:3m:0s (0h:0m:13s left)
Merging part1.1+part1.2+part2.3+part4.2 with BIC score: 36321.784 (LnL: -17772.892  df: 96)
 197 HKY+F+G4     36409.627   part1.1+part1.2+part2.1+part2.2+part2.3+part4.2	0h:3m:6s (0h:0m:13s left)
 198 TN+F+G4      36342.487   part1.1+part1.2+part2.3+part4.2+part5.1+part5.3	0h:3m:7s (0h:0m:12s left)
 199 TPM3u+F+G4   36378.646   part1.1+part1.2+part2.3+part3.1+part4.2	0h:3m:8s (0h:0m:11s left)
 200 TPM2u+F+I+G4 36379.513   part1.1+part1.2+part2.3+part3.2+part4.2+part5.2	0h:3m:8s (0h:0m:10s left)
 201 K2P+G4       36384.687   part1.1+part1.2+part1.3+part2.3+part3.3+part4.1+part4.2+part4.3	0h:3m:12s (0h:0m:9s left)
Merging part3.1+part3.2+part5.2 with BIC score: 36314.500 (LnL: -17805.625  df: 87)
 202 TPM3u+F+I+G4 36333.662   part2.1+part2.2+part3.1+part3.2+part5.2	0h:3m:18s (0h:0m:8s left)
 203 TPM3u+F+I+G4 36367.000   part3.1+part3.2+part5.1+part5.2+part5.3	0h:3m:18s (0h:0m:7s left)
 204 TPM3u+F+I+G4 36390.822   part1.1+part1.2+part2.3+part3.1+part3.2+part4.2+part5.2	0h:3m:21s (0h:0m:6s left)
 205 K2P+I+G4     36634.198   part1.3+part3.1+part3.2+part3.3+part4.1+part4.3+part5.2	0h:3m:24s (0h:0m:5s left)
BEST-FIT PARTITION MODEL: 
  charpartition BIC = TPM2u+F+G4: part1.1 part1.2 part2.3 part4.2, K2P+G4: part1.3 part3.3 part4.1 part4.3, JC+I+G4: part2.1 part2.2, TPM3u+F+I+G4: part3.1 part3.2 part5.2, TNe+G4: part5.1 part5.3;
Agglomerative model selection: ((((part1.1,part1.2)1:36445.9,part4.2)7:36344,part2.3)9:36321.8,((part1.3,part3.3)4:36386.7,(part4.1,part4.3)5:36371.7)8:36332.9,(part2.1,part2.2)6:36357.1,(part3.1,(part3.2,part5.2)3:36401.9)10:36314.5,(part5.1,part5.3)2:36421.4)
Merging into 5 partitions...
Partition information was printed to 2_set271.best_scheme.nex
Partition information in Raxml format was printed to 2_set271.best_scheme

All model information printed to 2_set271.model.gz
CPU time for ModelFinder: 350.966 seconds (0h:5m:50s)
Wall-clock time for ModelFinder: 206.547 seconds (0h:3m:26s)
Generating 1000 samples for ultrafast bootstrap (seed: 340263)...

NOTE: 12 MB RAM (0 GB) is required!
Measuring multi-threading efficiency up to 8 CPU cores
Increase to 10 rounds for branch lengths
17 trees examined
Threads: 1 / Time: 8.207 sec / Speedup: 1.000 / Efficiency: 100% / LogL: -25465
Threads: 2 / Time: 16.867 sec / Speedup: 0.487 / Efficiency: 24% / LogL: -25465
BEST NUMBER OF THREADS: 1

Estimate model parameters (epsilon = 0.100)
Initial log-likelihood: -18602.938
Current log-likelihood at step 1: -18022.239
Current log-likelihood at step 2: -17804.887
Current log-likelihood at step 3: -17766.515
Current log-likelihood at step 4: -17765.818
Current log-likelihood at step 5: -17765.632
Current log-likelihood at step 6: -17765.582
Parameters optimization took 5 rounds (1.598 sec)

Computing ML distances based on estimated model parameters... 0.068 sec
Computing BIONJ tree...
0.005 seconds
Log-likelihood of BIONJ tree: -17795.384
--------------------------------------------------------------------
|             INITIALIZING CANDIDATE TREE SET                      |
--------------------------------------------------------------------
Generating 98 parsimony trees... 4.311 second
Computing log-likelihood of 98 initial trees ... 13.731 seconds
Current best score: -17765.362

Do NNI search on 20 best initial trees
Estimate model parameters (epsilon = 0.100)
Initial log-likelihood: -17764.435
Current log-likelihood at step 1: -17764.416
Parameters optimization took 0 rounds (0.257 sec)

BETTER TREE FOUND at iteration 1: -17764.416
Iteration 10 / LogL: -17766.887 / Time: 0h:0m:56s
Iteration 20 / LogL: -17764.421 / Time: 0h:1m:9s
Finish initializing candidate tree set (2)
Current best tree score: -17764.416 / CPU time: 41.922
Number of iterations: 20
--------------------------------------------------------------------
|               OPTIMIZING CANDIDATE TREE SET                      |
--------------------------------------------------------------------
UPDATE BEST LOG-LIKELIHOOD: -17764.416
Iteration 30 / LogL: -17764.418 / Time: 0h:1m:23s (0h:3m:25s left)
Iteration 40 / LogL: -17764.428 / Time: 0h:1m:38s (0h:2m:34s left)
Iteration 50 / LogL: -17767.150 / Time: 0h:1m:52s (0h:1m:57s left)
Log-likelihood cutoff on original alignment: -17805.632
Iteration 60 / LogL: -17764.417 / Time: 0h:2m:6s (0h:1m:27s left)
Iteration 70 / LogL: -17766.898 / Time: 0h:2m:18s (0h:1m:2s left)
Iteration 80 / LogL: -17766.890 / Time: 0h:2m:34s (0h:0m:40s left)
Iteration 90 / LogL: -17766.923 / Time: 0h:2m:47s (0h:0m:20s left)
Iteration 100 / LogL: -17764.417 / Time: 0h:3m:0s (0h:0m:1s left)
Log-likelihood cutoff on original alignment: -17805.632
NOTE: Bootstrap correlation coefficient of split occurrence frequencies: 0.999
TREE SEARCH COMPLETED AFTER 102 ITERATIONS / Time: 0h:3m:3s

--------------------------------------------------------------------
|                    FINALIZING TREE SEARCH                        |
--------------------------------------------------------------------
Performs final model parameters optimization
Estimate model parameters (epsilon = 0.010)
Initial log-likelihood: -17764.416
Current log-likelihood at step 1: -17764.411
Parameters optimization took 0 rounds (0.126 sec)

BEST SCORE FOUND : -17764.411
Creating bootstrap support values...
Split supports printed to NEXUS file 2_set271.splits.nex
Total tree length: 1.175

Total number of iterations: 102
CPU time used for tree search: 63.237 sec (0h:1m:3s)
Wall-clock time used for tree search: 156.445 sec (0h:2m:36s)
Total CPU time used: 72.446 sec (0h:1m:12s)
Total wall-clock time used: 184.535 sec (0h:3m:4s)

Computing bootstrap consensus tree...
Reading input file 2_set271.splits.nex...
35 taxa and 124 splits.
Consensus tree written to 2_set271.contree
Reading input trees file 2_set271.contree
Log-likelihood of consensus tree: -17764.411

Analysis results written to: 
  IQ-TREE report:                2_set271.iqtree
  Maximum-likelihood tree:       2_set271.treefile
  Likelihood distances:          2_set271.mldist
  Best partitioning scheme:      2_set271.best_scheme.nex
           in RAxML format:      2_set271.best_scheme

Ultrafast bootstrap approximation results written to:
  Split support values:          2_set271.splits.nex
  Consensus tree:                2_set271.contree
  Screen log file:               2_set271.log

Date and Time: Sat Sep  8 05:06:55 2018
