IQ-TREE multicore version 1.6.7 for Mac OS X 64-bit built Aug 23 2018
Developed by Bui Quang Minh, Nguyen Lam Tung, Olga Chernomor,
Heiko Schmidt, Dominik Schrempf, Michael Woodhams.

Host:    meeps-mac-pro.staff.sydney.edu.au (AVX, 64 GB RAM)
Command: /Users/davidduchene/Desktop/Software/iqtree-1.6.7-MacOSX/bin/iqtree -s ../../../../marsupials/set258.fasta -m TESTMERGE -bb 1000 -spp ../../../../marsupials/set258.nex -nt AUTO -pre 4_set258
Seed:    668578 (Using SPRNG - Scalable Parallel Random Number Generator)
Time:    Sat Sep  8 07:20:26 2018
Kernel:  AVX - auto-detect threads (8 CPU cores detected)

Reading partition model file ../../../../marsupials/set258.nex ...
Reading alignment file ../../../../marsupials/set258.fasta ... Fasta format detected
Alignment most likely contains DNA/RNA sequences
Alignment has 35 sequences with 3414 columns, 1072 distinct patterns
716 parsimony-informative, 362 singleton sites, 2336 constant sites
                                              Gap/Ambiguity  Composition  p-value
   1  Burramyidae_Burramys_parvus                     0.26%    passed     97.50%
   2  Notoryctidae_Notoryctes_typhlops                1.20%    passed     62.38%
   3  Vombatidae_Lasiorhinus_latifrons                0.12%    passed     99.17%
   4  Potoroidae_Bettongia_penicillata                0.18%    passed     99.72%
   5  Potoroidae_Bettongia_lesueur                    0.26%    passed     99.52%
   6  Dasyuridae_Dasyurus_maculatus                   0.06%    passed     83.62%
   7  Phalangeridae_Trichosurus_vulpecula             1.03%    passed     95.32%
   8  Phalangeridae_Spilocuscus_maculatus             0.47%    passed     72.34%
   9  Potoroidae_Aepyprymnus_rufescens                0.23%    passed     98.75%
  10  Peramelidae_Perameles_nasuta                    0.53%    passed     25.87%
  11  Phalangeridae_Strigocuscus_pelengensis          2.72%    passed     71.97%
  12  Dasyuridae_Phascogale_tapoatafa                 3.16%    passed     93.59%
  13  Dasyuridae_Sminthopsis_macroura                 0.00%    passed     99.22%
  14  Phalangeridae_Phalanger_orientalis              0.06%    passed     85.02%
  15  Acrobatidae_Acrobates_pygmaeus                  0.03%    passed     99.59%
  16  Dasyuridae_Phascogale_calura                    3.25%    passed     86.09%
  17  Dasyuridae_Sarcophilus_harrisii                 3.05%    passed     91.54%
  18  Dasyuridae_Planigale_tenuirostris               4.83%    passed     95.63%
  19  Peramelidae_Echymipera_kalubu                   0.09%    passed     25.67%
  20  Macropodidae_Dorcopsulus_vanheurni              0.91%    passed     98.81%
  21  Pseudochiridae_Pseudochirulus_forbesi           0.00%    passed     98.13%
  22  Didelphidae_Didelphis_virginiana                0.29%    passed     85.84%
  23  Marmosidae_Monodelphis_domestica                0.15%    passed     90.27%
  24  Dasyuridae_Antechinus_stuartii                  6.09%    passed     89.93%
  25  Hypsiprymnodontidae_Hypsiprymnodon_moschatus    0.09%    passed     99.58%
  26  Microbiotheriidae_Dromiciops_gliroides          7.85%    passed     99.31%
  27  Pseudochiridae_Petauroides_volans               0.47%    passed     98.41%
  28  Macropodidae_Wallabia_bicolor                   2.40%    passed     99.28%
  29  Pseudochiridae_Pseudocheirus_occidentalis      19.13%    passed      6.27%
  30  Tarsipedidae_Tarsipes_rostratus                 0.82%    passed     94.74%
  31  Acrobatidae_Distoechurus_pennatus               0.06%    passed     79.39%
  32  Phalangeridae_Phalanger_carmelitae              0.00%    passed     84.76%
  33  Peramelidae_Peroryctes_raffrayana               6.33%    passed     46.77%
  34  Dasyuridae_Dasyurus_geffroii                    0.18%    passed     82.09%
  35  Peramelidae_Perameles_gunnii                    0.44%    passed     26.67%
****  TOTAL                                           1.91%  0 sequences failed composition chi2 test (p-value<5%; df=3)
NOTE: No CharPartition defined, use all CharSets

Loading 15 partitions...
Subset	Type	Seqs	Sites	Infor	Invar	Model	Name
1		35	212	11	185	TESTMERGE	part1.1
2		35	212	12	195	TESTMERGE	part1.2
3		35	212	127	44	TESTMERGE	part1.3
4		35	265	17	234	TESTMERGE	part2.1
5		35	265	10	245	TESTMERGE	part2.2
6		35	265	145	64	TESTMERGE	part2.3
7		35	384	28	328	TESTMERGE	part3.1
8		35	384	16	353	TESTMERGE	part3.2
9		35	384	120	186	TESTMERGE	part3.3
10		35	201	26	157	TESTMERGE	part4.1
11		35	201	12	176	TESTMERGE	part4.2
12		35	201	112	49	TESTMERGE	part4.3
13		35	76	19	46	TESTMERGE	part5.1
14		35	76	19	52	TESTMERGE	part5.2
15		35	76	42	22	TESTMERGE	part5.3
Degree of missing data: 0.000
Info: multi-threading strategy over partitions



Create initial parsimony tree by phylogenetic likelihood library (PLL)... 0.008 seconds
NOTE: ModelFinder requires 11 MB RAM!
NUMBER OF THREADS FOR PARTITION FINDING: 8
Testing GTR+F+G on supermatrix...
GTR+F+G4 / LnL: -17228.370 / df: 76 / AIC: 34608.739 / AICc: 34612.247 / BIC: 35075.048
Selecting individual models for 15 charsets using BIC...
 No. Model        Score       Charset
   1 TPM2+F+G4    1436.445    part4.1
   2 HKY+F+I      1703.884    part3.2
   3 K2P+G4       1402.330    part5.3
   4 K2P+I        2191.938    part3.1
   5 K2P+G4       1102.462    part1.1
   6 K2P+G4       3769.195    part4.3
   7 HKY+F+G4     4997.246    part3.3
   8 K2P+G4       4968.168    part2.3
   9 TIM3e+I      783.180     part5.1
  10 TN+F+G4      1338.773    part2.1	0h:0m:16s (0h:5m:25s left)
  11 TNe+I        772.843     part5.2	0h:0m:17s (0h:5m:23s left)
  12 TIM2+F+G4    5312.847    part1.3	0h:0m:18s (0h:5m:0s left)
  13 K2P+G4       1072.564    part4.2	0h:0m:18s (0h:4m:39s left)
  14 HKY+F+I      997.339     part1.2	0h:0m:18s (0h:4m:18s left)
  15 HKY+F+I      1105.338    part2.2	0h:0m:18s (0h:4m:0s left)
Full partition model BIC score: 33694.895 (LnL: -16282.021  df:139)
Merging models to increase model fit (about 211 total partition schemes)...
  16 K2P+G4       33797.379   part3.1+part3.3	0h:0m:26s (0h:5m:26s left)
  17 TIM2e+I+G4   33956.207   part2.3+part3.1	0h:0m:28s (0h:5m:21s left)
  18 TIM2e+G4     33669.803   part2.3+part4.3	0h:0m:29s (0h:5m:21s left)
  19 K2P+G4       33714.245   part3.3+part4.3	0h:0m:32s (0h:5m:24s left)
  20 TNe+G4       33888.937   part1.3+part3.3	0h:0m:32s (0h:5m:14s left)
  21 K2P+G4       33725.027   part2.3+part3.3	0h:0m:33s (0h:5m:2s left)
  22 TPM2+F+G4    33741.872   part1.3+part4.3	0h:0m:34s (0h:4m:53s left)
  23 TPM2u+F+G4   33777.605   part1.3+part2.3	0h:0m:35s (0h:4m:49s left)
  24 K2P+G4       33712.964   part3.3+part4.1	0h:0m:38s (0h:4m:59s left)
  25 K2P+G4       33685.477   part3.3+part5.3	0h:0m:38s (0h:4m:48s left)
  26 K2P+G4       33782.327   part1.1+part3.3	0h:0m:42s (0h:5m:2s left)
  27 HKY+F+G4     33846.368   part3.2+part3.3	0h:0m:43s (0h:4m:53s left)
  28 TPM3+F+G4    33678.533   part3.3+part5.1	0h:0m:44s (0h:4m:48s left)
  29 K2P+G4       33672.443   part2.3+part5.3	0h:0m:44s (0h:4m:41s left)
  30 K2P+G4       33813.461   part2.3+part4.1	0h:0m:46s (0h:4m:39s left)
  31 HKY+F+G4     33782.819   part1.2+part3.3	0h:0m:46s (0h:4m:32s left)
  32 K2P+G4       33771.820   part3.3+part4.2	0h:0m:48s (0h:4m:32s left)
  33 K2P+G4       33802.459   part2.1+part3.3	0h:0m:49s (0h:4m:24s left)
  34 K2P+G4       33685.741   part3.3+part5.2	0h:0m:54s (0h:4m:45s left)
  35 K2P+G4       33907.027   part1.1+part2.3	0h:0m:55s (0h:4m:37s left)
  36 HKY+F+I+G4   34032.506   part2.3+part3.2	0h:0m:55s (0h:4m:31s left)
  37 K2P+G4       33705.847   part2.3+part5.1	0h:0m:57s (0h:4m:30s left)
  38 K2P+G4       33914.955   part1.2+part2.3	0h:0m:59s (0h:4m:30s left)
  39 HKY+F+G4     33830.701   part2.2+part3.3	0h:1m:0s (0h:4m:25s left)
  40 K2P+G4       33889.348   part2.3+part4.2	0h:1m:0s (0h:4m:17s left)
  41 TIM3e+I+G4   34029.569   part1.3+part3.1	0h:1m:3s (0h:4m:23s left)
  42 K2P+G4       33936.479   part2.1+part2.3	0h:1m:5s (0h:4m:24s left)
  43 K2P+G4       33724.706   part2.3+part5.2	0h:1m:6s (0h:4m:18s left)
  44 TIM2e+I+G4   33911.908   part3.1+part4.3	0h:1m:8s (0h:4m:20s left)
  45 HKY+F+G4     33988.107   part2.2+part2.3	0h:1m:12s (0h:4m:26s left)
  46 K3Pu+F+G4    33702.979   part1.3+part5.3	0h:1m:13s (0h:4m:22s left)
  47 TNe+I+G4     34115.611   part1.3+part3.2	0h:1m:15s (0h:4m:23s left)
  48 TPM2u+F+I+G4 33852.349   part1.3+part4.1	0h:1m:16s (0h:4m:20s left)
  49 K2P+G4       33671.726   part4.3+part5.3	0h:1m:17s (0h:4m:16s left)
  50 TIM2+F+I+G4  33987.790   part1.1+part1.3	0h:1m:20s (0h:4m:19s left)
  51 TPM2+F+G4    33794.988   part4.1+part4.3	0h:1m:20s (0h:4m:13s left)
  52 TIM2+F+G4    33783.529   part1.3+part5.1	0h:1m:21s (0h:4m:9s left)
  53 TNe+G4       33988.959   part1.2+part1.3	0h:1m:24s (0h:4m:12s left)
  54 TIM2e+G4     33884.046   part1.1+part4.3	0h:1m:26s (0h:4m:10s left)
  55 TPM3u+F+I+G4 33997.086   part3.2+part4.3	0h:1m:27s (0h:4m:6s left)
  56 K2P+G4       33702.487   part4.3+part5.1	0h:1m:29s (0h:4m:6s left)
  57 TPM2u+F+I+G4 33945.358   part1.3+part4.2	0h:1m:29s (0h:4m:1s left)
  58 TIM+F+I+G4   34009.597   part1.3+part2.1	0h:1m:29s (0h:3m:57s left)
  59 TPM2u+F+G4   33796.115   part1.3+part5.2	0h:1m:31s (0h:3m:56s left)
  60 TNe+I+G4     34062.381   part1.3+part2.2	0h:1m:32s (0h:3m:53s left)
  61 K2P+G4       33885.062   part1.2+part4.3	0h:1m:34s (0h:3m:52s left)
  62 K2P+G4       33864.189   part4.2+part4.3	0h:1m:35s (0h:3m:49s left)
  63 TIM2+F+G4    33907.862   part2.1+part4.3	0h:1m:37s (0h:3m:48s left)
  64 K2P+G4       33719.941   part4.3+part5.2	0h:1m:38s (0h:3m:46s left)
  65 HKY+F+I+G4   33961.045   part2.2+part4.3	0h:1m:39s (0h:3m:43s left)
  66 K2P+G4       33665.472   part3.1+part4.1	0h:1m:42s (0h:3m:45s left)
  67 TIM3e+G4     33779.941   part3.1+part5.3	0h:1m:43s (0h:3m:42s left)
  68 TN+F+G4      33681.995   part1.1+part3.1	0h:1m:43s (0h:3m:38s left)
  69 TPM3u+F+I+G4 33679.587   part3.1+part3.2	0h:1m:46s (0h:3m:38s left)
  70 TPM3u+F+G4   33688.914   part3.1+part5.1	0h:1m:48s (0h:3m:38s left)
  71 HKY+F+G4     33723.860   part4.1+part5.3	0h:1m:50s (0h:3m:38s left)
  72 TVMe+G4      33676.484   part3.1+part4.2	0h:1m:52s (0h:3m:37s left)
  73 TIM3+F+G4    33672.851   part2.1+part3.1	0h:1m:53s (0h:3m:33s left)
  74 K2P+I        33714.572   part3.2+part4.1	0h:1m:55s (0h:3m:34s left)
  75 TPM3u+F+I    33673.619   part1.2+part3.1	0h:1m:55s (0h:3m:29s left)
  76 K2P+G4       33782.907   part1.1+part5.3	0h:1m:56s (0h:3m:27s left)
  77 TPM3u+F+G4   33698.057   part3.1+part5.2	0h:1m:57s (0h:3m:23s left)
  78 K2P+G4       33674.294   part1.1+part4.1	0h:1m:59s (0h:3m:23s left)
  79 TPM3u+F+I+G4 33834.421   part3.2+part5.3	0h:1m:59s (0h:3m:20s left)
  80 HKY+F+I      33693.645   part1.1+part3.2	0h:2m:1s (0h:3m:18s left)
  81 TIM3+F+I     33696.836   part2.2+part3.1	0h:2m:4s (0h:3m:20s left)
  82 K2P+I        33663.556   part4.1+part5.1	0h:2m:5s (0h:3m:17s left)
  83 TIM3e+G4     33691.483   part5.1+part5.3	0h:2m:7s (0h:3m:17s left)
  84 K2P+G4       33777.054   part1.2+part5.3	0h:2m:9s (0h:3m:15s left)
  85 K2P+G4       33773.304   part4.2+part5.3	0h:2m:9s (0h:3m:12s left)
  86 TPM3u+F+I    33705.615   part3.2+part5.1	0h:2m:10s (0h:3m:9s left)
  87 K2P+I        33672.068   part1.2+part4.1	0h:2m:10s (0h:3m:6s left)
  88 K2P+G4       33669.111   part4.1+part4.2	0h:2m:12s (0h:3m:4s left)
  89 HKY+F+I      33699.978   part1.1+part5.1	0h:2m:12s (0h:3m:1s left)
  90 TN+F+G4      33778.873   part2.1+part5.3	0h:2m:12s (0h:2m:58s left)
  91 TIM+F+G4     33675.223   part2.1+part4.1	0h:2m:14s (0h:2m:57s left)
  92 K2P+G4       33670.955   part4.1+part5.2	0h:2m:17s (0h:2m:57s left)
  93 TN+F+I       33682.706   part1.1+part2.1	0h:2m:18s (0h:2m:56s left)
  94 TN+F+I       33699.270   part3.2+part4.2	0h:2m:18s (0h:2m:52s left)
  95 TIM3e+I      33706.430   part5.2+part5.3	0h:2m:18s (0h:2m:49s left)
  96 K2P+I        33671.408   part1.1+part1.2	0h:2m:19s (0h:2m:47s left)
  97 K2P+G4       33672.411   part1.1+part4.2	0h:2m:19s (0h:2m:44s left)
  98 HKY+F+I      33700.658   part2.1+part3.2	0h:2m:20s (0h:2m:42s left)
  99 HKY+F+I      33651.065   part1.2+part3.2	0h:2m:21s (0h:2m:40s left)
 100 TIM3e+I      33690.212   part4.2+part5.1	0h:2m:25s (0h:2m:41s left)
 101 TNe+G4       33698.975   part1.1+part5.2	0h:2m:25s (0h:2m:38s left)
 102 K2P+I        33707.354   part2.2+part4.1	0h:2m:25s (0h:2m:35s left)
 103 TPM3u+F+I    33699.859   part1.2+part5.1	0h:2m:27s (0h:2m:34s left)
 104 HKY+F+G4     33690.043   part2.1+part5.1	0h:2m:28s (0h:2m:32s left)
 105 TIM3+F+I+G4  33706.278   part3.2+part5.2	0h:2m:28s (0h:2m:30s left)
 106 TPM2u+F+G4   33825.777   part2.2+part5.3	0h:2m:32s (0h:2m:31s left)
 107 HKY+F+I      33710.405   part1.1+part2.2	0h:2m:34s (0h:2m:29s left)
 108 HKY+F+I      33658.108   part2.2+part3.2	0h:2m:34s (0h:2m:27s left)
 109 K2P+I        33680.658   part2.1+part4.2	0h:2m:34s (0h:2m:24s left)
 110 TIM3e+I      33664.136   part5.1+part5.2	0h:2m:36s (0h:2m:23s left)
 111 TN+F+I       33680.373   part1.2+part2.1	0h:2m:36s (0h:2m:21s left)
 112 TNe+I        33690.513   part1.2+part5.2	0h:2m:40s (0h:2m:21s left)
 113 HKY+F+I      33695.028   part2.1+part5.2	0h:2m:40s (0h:2m:19s left)
 114 K2P+I        33669.905   part1.2+part4.2	0h:2m:40s (0h:2m:16s left)
 115 TNe+G4       33685.624   part4.2+part5.2	0h:2m:41s (0h:2m:14s left)
 116 TPM3+F+I     33707.368   part2.2+part4.2	0h:2m:42s (0h:2m:13s left)
 117 TPM3u+F+G4   33720.503   part2.2+part5.1	0h:2m:43s (0h:2m:11s left)
 118 TN+F+I       33691.258   part2.1+part2.2	0h:2m:43s (0h:2m:8s left)
 119 HKY+F+I      33663.673   part1.2+part2.2	0h:2m:43s (0h:2m:6s left)
 120 HKY+F+I      33720.970   part2.2+part5.2	0h:2m:45s (0h:2m:5s left)
Merging part1.2+part3.2 with BIC score: 33651.065 (LnL: -16284.512  df: 133)
 121 HKY+F+I      33652.418   part1.1+part1.2+part3.2	0h:2m:53s (0h:2m:9s left)
 122 TPM3u+F+I    33657.714   part1.2+part3.2+part4.2	0h:2m:54s (0h:2m:7s left)
 123 TPM3u+F+I    33664.189   part1.2+part3.2+part5.1	0h:2m:54s (0h:2m:5s left)
 124 HKY+F+I      33687.371   part1.2+part3.2+part4.1	0h:2m:55s (0h:2m:3s left)
 125 TPM3u+F+I+G4 33635.407   part1.2+part3.1+part3.2	0h:2m:56s (0h:2m:1s left)
 126 HKY+F+I+G4   34062.588   part1.2+part2.3+part3.2	0h:3m:0s (0h:2m:1s left)
 127 TPM3u+F+G4   33856.563   part1.2+part3.2+part3.3	0h:3m:0s (0h:1m:59s left)
 128 TNe+I+G4     34162.621   part1.2+part1.3+part3.2	0h:3m:1s (0h:1m:57s left)
 129 TIM3+F+I+G4  33663.731   part1.2+part3.2+part5.2	0h:3m:3s (0h:1m:56s left)
 130 HKY+F+I      33658.590   part1.2+part2.1+part3.2	0h:3m:3s (0h:1m:54s left)
 131 TPM3u+F+I+G4 33801.160   part1.2+part3.2+part5.3	0h:3m:5s (0h:1m:53s left)
 132 HKY+F+I      33618.951   part1.2+part2.2+part3.2	0h:3m:5s (0h:1m:50s left)
 133 TPM3u+F+I+G4 34007.226   part1.2+part3.2+part4.3	0h:3m:6s (0h:1m:49s left)
Merging part1.2+part2.2+part3.2 with BIC score: 33618.951 (LnL: -16292.862  df: 127)
 134 HKY+F+I      33632.013   part1.1+part1.2+part2.2+part3.2	0h:3m:15s (0h:1m:52s left)
 135 HKY+F+I      33626.165   part1.2+part2.2+part3.2+part4.2	0h:3m:16s (0h:1m:50s left)
 136 TPM3u+F+I+G4 33610.523   part1.2+part2.2+part3.1+part3.2	0h:3m:18s (0h:1m:49s left)
 137 TIM3+F+I+G4  33640.818   part1.2+part2.2+part3.2+part5.2	0h:3m:18s (0h:1m:47s left)
 138 HKY+F+I      33666.237   part1.2+part2.2+part3.2+part4.1	0h:3m:19s (0h:1m:45s left)
 139 HKY+F+I+G4   33876.017   part1.2+part2.2+part3.2+part3.3	0h:3m:22s (0h:1m:44s left)
 140 TPM3u+F+I+G4 34024.698   part1.2+part2.2+part3.2+part4.3	0h:3m:22s (0h:1m:42s left)
 141 TIM2+F+I+G4  34234.954   part1.2+part1.3+part2.2+part3.2	0h:3m:25s (0h:1m:42s left)
 142 TPM3u+F+I+G4 33782.415   part1.2+part2.2+part3.2+part5.3	0h:3m:28s (0h:1m:41s left)
 143 HKY+F+I      33629.009   part1.2+part2.1+part2.2+part3.2	0h:3m:28s (0h:1m:39s left)
 144 TPM3u+F+I    33640.095   part1.2+part2.2+part3.2+part5.1	0h:3m:29s (0h:1m:37s left)
 145 HKY+F+I+G4   34094.938   part1.2+part2.2+part2.3+part3.2	0h:3m:31s (0h:1m:36s left)
Merging part4.1+part5.1 with BIC score: 33587.612 (LnL: -16313.803  df: 118)
 146 HKY+F+I      33593.526   part1.1+part4.1+part5.1	0h:3m:37s (0h:1m:36s left)
 147 K2P+I        33582.105   part4.1+part4.2+part5.1	0h:3m:38s (0h:1m:34s left)
 148 HKY+F+G4     33630.620   part4.1+part5.1+part5.3	0h:3m:38s (0h:1m:32s left)
 149 TIM3e+G4     33581.240   part3.1+part4.1+part5.1	0h:3m:39s (0h:1m:31s left)
 150 K2P+G4       33610.097   part3.3+part4.1+part5.1	0h:3m:41s (0h:1m:30s left)
 151 K2P+G4       33698.959   part4.1+part4.3+part5.1	0h:3m:42s (0h:1m:28s left)
 152 TIM3e+I      33574.572   part4.1+part5.1+part5.2	0h:3m:43s (0h:1m:26s left)
 153 TPM3+F+I     33672.740   part1.2+part2.2+part3.2+part4.1+part5.1	0h:3m:44s (0h:1m:25s left)
 154 TN+F+G4      33590.355   part2.1+part4.1+part5.1	0h:3m:44s (0h:1m:23s left)
 155 TIM2+F+I+G4  33808.168   part1.3+part4.1+part5.1	0h:3m:46s (0h:1m:21s left)
 156 K2P+G4       33721.163   part2.3+part4.1+part5.1	0h:3m:47s (0h:1m:20s left)
Merging part2.3+part4.3 with BIC score: 33562.520 (LnL: -16305.325  df: 117)
 157 K2P+G4       33596.980   part2.3+part4.3+part5.2	0h:4m:1s (0h:1m:22s left)
 158 TIM2e+G4     33797.085   part2.3+part4.2+part4.3	0h:4m:1s (0h:1m:21s left)
 159 TIM2e+G4     33812.416   part1.1+part2.3+part4.3	0h:4m:3s (0h:1m:19s left)
 160 TIM2e+G4     33731.963   part2.3+part4.1+part4.3+part5.1	0h:4m:3s (0h:1m:17s left)
 161 TIM2e+G4     33890.107   part2.3+part3.1+part4.3	0h:4m:4s (0h:1m:15s left)
 162 K2P+G4       33608.832   part2.3+part3.3+part4.3	0h:4m:4s (0h:1m:14s left)
 163 HKY+F+I+G4   34255.657   part1.2+part2.2+part2.3+part3.2+part4.3	0h:4m:7s (0h:1m:13s left)
 164 TIM2+F+G4    33670.862   part1.3+part2.3+part4.3	0h:4m:8s (0h:1m:11s left)
 165 K2P+G4       33540.817   part2.3+part4.3+part5.3	0h:4m:11s (0h:1m:9s left)
 166 TIM2e+G4     33857.203   part2.1+part2.3+part4.3	0h:4m:11s (0h:1m:8s left)
Merging part1.1+part4.2 with BIC score: 33540.036 (LnL: -16306.286  df: 114)
 167 K2P+I        33528.299   part1.1+part2.1+part4.2	0h:4m:16s (0h:1m:7s left)
 168 TNe+I        33544.136   part1.1+part4.2+part5.2	0h:4m:17s (0h:1m:6s left)
 169 K2P+G4       33520.272   part1.1+part3.1+part4.2	0h:4m:19s (0h:1m:4s left)
 170 K2P+G4       33547.381   part1.1+part4.1+part4.2+part5.1	0h:4m:19s (0h:1m:2s left)
 171 K2P+G4       33656.380   part1.1+part4.2+part5.3	0h:4m:20s (0h:1m:0s left)
 172 K2P+G4       33682.589   part1.1+part3.3+part4.2	0h:4m:21s (0h:0m:59s left)
 173 HKY+F+I      33573.261   part1.1+part1.2+part2.2+part3.2+part4.2	0h:4m:22s (0h:0m:57s left)
 174 TIM2+F+I+G4  33945.750   part1.1+part1.3+part4.2	0h:4m:23s (0h:0m:56s left)
 175 TIM2e+G4     33943.561   part1.1+part2.3+part4.2+part4.3	0h:4m:26s (0h:0m:54s left)
Merging part2.1+part3.1 with BIC score: 33517.991 (LnL: -16303.400  df: 112)
 176 TPM2u+F+I    33510.512   part1.1+part2.1+part3.1+part4.2	0h:4m:31s (0h:0m:53s left)
 177 TPM3u+F+I+G4 33521.160   part2.1+part3.1+part5.2	0h:4m:31s (0h:0m:52s left)
 178 TIM3+F+G4    33520.280   part2.1+part3.1+part4.1+part5.1	0h:4m:33s (0h:0m:50s left)
 179 TIM3+F+I+G4  33619.727   part2.1+part3.1+part5.3	0h:4m:33s (0h:0m:48s left)
 180 K2P+G4       33683.088   part2.1+part3.1+part3.3	0h:4m:35s (0h:0m:47s left)
 181 TPM3u+F+I+G4 33526.051   part1.2+part2.1+part2.2+part3.1+part3.2	0h:4m:36s (0h:0m:45s left)
 182 TIM2e+I+G4   33993.389   part2.1+part2.3+part3.1+part4.3	0h:4m:38s (0h:0m:44s left)
 183 TN+F+I+G4    33952.903   part1.3+part2.1+part3.1	0h:4m:38s (0h:0m:42s left)
Merging part2.3+part4.3+part5.3 with BIC score: 33496.288 (LnL: -16312.887  df: 107)
 184 K2P+G4       33529.682   part2.3+part4.3+part5.2+part5.3	0h:4m:48s (0h:0m:42s left)
 185 K2P+G4       33917.310   part1.1+part2.3+part4.2+part4.3+part5.3	0h:4m:49s (0h:0m:40s left)
 186 K2P+G4       33670.544   part2.3+part4.1+part4.3+part5.1+part5.3	0h:4m:50s (0h:0m:38s left)
 187 TIM2+F+I+G4  34009.020   part2.1+part2.3+part3.1+part4.3+part5.3	0h:4m:51s (0h:0m:37s left)
 188 K2P+G4       33542.466   part2.3+part3.3+part4.3+part5.3	0h:4m:51s (0h:0m:35s left)
 189 TPM2u+F+G4   33608.046   part1.3+part2.3+part4.3+part5.3	0h:4m:52s (0h:0m:34s left)
 190 HKY+F+I+G4   34241.255   part1.2+part2.2+part2.3+part3.2+part4.3+part5.3	0h:4m:52s (0h:0m:32s left)
Merging part4.1+part5.1+part5.2 with BIC score: 33483.249 (LnL: -16314.503  df: 105)
 191 TNe+G4       33496.828   part1.1+part4.1+part4.2+part5.1+part5.2	0h:4m:56s (0h:0m:31s left)
 192 TPM3u+F+G4   33488.391   part2.1+part3.1+part4.1+part5.1+part5.2	0h:4m:57s (0h:0m:29s left)
 193 K2P+G4       33503.165   part3.3+part4.1+part5.1+part5.2	0h:4m:59s (0h:0m:27s left)
 194 TPM3u+F+I+G4 33580.855   part1.2+part2.2+part3.2+part4.1+part5.1+part5.2	0h:5m:0s (0h:0m:26s left)
 195 TN+F+I+G4    33736.833   part1.3+part4.1+part5.1+part5.2	0h:5m:2s (0h:0m:24s left)
 196 K2P+G4       33674.383   part2.3+part4.1+part4.3+part5.1+part5.2+part5.3	0h:5m:2s (0h:0m:23s left)
Merging part1.1+part2.1+part3.1+part4.2 with BIC score: 33475.770 (LnL: -16327.035  df: 101)
 197 TPM2u+F+G4   33489.301   part1.1+part2.1+part3.1+part4.1+part4.2+part5.1+part5.2	0h:5m:8s (0h:0m:21s left)
 198 K2P+I+G4     33683.753   part1.1+part2.1+part3.1+part3.3+part4.2	0h:5m:9s (0h:0m:20s left)
 199 TPM3u+F+I+G4 33501.482   part1.1+part1.2+part2.1+part2.2+part3.1+part3.2+part4.2	0h:5m:10s (0h:0m:18s left)
 200 TIM2e+I+G4   34136.249   part1.1+part2.1+part2.3+part3.1+part4.2+part4.3+part5.3	0h:5m:12s (0h:0m:17s left)
 201 TN+F+I+G4    34023.549   part1.1+part1.3+part2.1+part3.1+part4.2	0h:5m:13s (0h:0m:15s left)
BEST-FIT PARTITION MODEL: 
  charpartition BIC = TPM2u+F+I: part1.1 part2.1 part3.1 part4.2, HKY+F+I: part1.2 part2.2 part3.2, TIM2+F+G4: part1.3, K2P+G4: part2.3 part4.3 part5.3, HKY+F+G4: part3.3, TIM3e+I: part4.1 part5.1 part5.2;
Agglomerative model selection: (((part1.1,part4.2)5:33540,(part2.1,part3.1)6:33518)9:33475.8,((part1.2,part3.2)1:33651.1,part2.2)2:33619,part1.3,((part2.3,part4.3)4:33562.5,part5.3)7:33496.3,part3.3,((part4.1,part5.1)3:33587.6,part5.2)8:33483.2)
Merging into 6 partitions...
Partition information was printed to 4_set258.best_scheme.nex
Partition information in Raxml format was printed to 4_set258.best_scheme

All model information printed to 4_set258.model.gz
CPU time for ModelFinder: 468.109 seconds (0h:7m:48s)
Wall-clock time for ModelFinder: 315.183 seconds (0h:5m:15s)
Generating 1000 samples for ultrafast bootstrap (seed: 668578)...

NOTE: 9 MB RAM (0 GB) is required!
Measuring multi-threading efficiency up to 8 CPU cores
Increase to 10 rounds for branch lengths
38 trees examined
Threads: 1 / Time: 8.113 sec / Speedup: 1.000 / Efficiency: 100% / LogL: -26023
Threads: 2 / Time: 19.174 sec / Speedup: 0.423 / Efficiency: 21% / LogL: -26023
BEST NUMBER OF THREADS: 1

Estimate model parameters (epsilon = 0.100)
Initial log-likelihood: -18477.001
Current log-likelihood at step 1: -16503.724
Current log-likelihood at step 2: -16354.696
Current log-likelihood at step 3: -16345.622
Current log-likelihood at step 4: -16345.167
Current log-likelihood at step 5: -16344.862
Current log-likelihood at step 6: -16344.586
Current log-likelihood at step 7: -16344.327
Current log-likelihood at step 8: -16344.081
Current log-likelihood at step 9: -16343.840
Current log-likelihood at step 10: -16343.602
Current log-likelihood at step 11: -16343.366
Current log-likelihood at step 12: -16343.128
Current log-likelihood at step 13: -16342.889
Current log-likelihood at step 14: -16342.646
Current log-likelihood at step 15: -16342.400
Current log-likelihood at step 16: -16342.151
Current log-likelihood at step 17: -16341.897
Current log-likelihood at step 18: -16341.638
Current log-likelihood at step 19: -16341.375
Current log-likelihood at step 20: -16341.108
Current log-likelihood at step 21: -16340.835
Current log-likelihood at step 22: -16340.558
Current log-likelihood at step 23: -16340.276
Current log-likelihood at step 24: -16339.988
Current log-likelihood at step 25: -16339.693
Current log-likelihood at step 26: -16339.393
Current log-likelihood at step 27: -16339.087
Current log-likelihood at step 28: -16338.773
Current log-likelihood at step 29: -16338.453
Current log-likelihood at step 30: -16338.125
Current log-likelihood at step 31: -16337.790
Current log-likelihood at step 32: -16337.447
Current log-likelihood at step 33: -16337.096
Current log-likelihood at step 34: -16336.737
Current log-likelihood at step 35: -16336.368
Current log-likelihood at step 36: -16335.990
Current log-likelihood at step 37: -16335.603
Current log-likelihood at step 38: -16335.205
Current log-likelihood at step 39: -16334.797
Current log-likelihood at step 40: -16334.378
Current log-likelihood at step 41: -16333.947
Current log-likelihood at step 42: -16333.505
Current log-likelihood at step 43: -16333.050
Current log-likelihood at step 44: -16332.582
Current log-likelihood at step 45: -16332.101
Current log-likelihood at step 46: -16331.607
Current log-likelihood at step 47: -16331.098
Current log-likelihood at step 48: -16330.575
Current log-likelihood at step 49: -16330.038
Current log-likelihood at step 50: -16329.486
Current log-likelihood at step 51: -16328.920
Current log-likelihood at step 52: -16328.340
Current log-likelihood at step 53: -16327.747
Current log-likelihood at step 54: -16327.144
Current log-likelihood at step 55: -16326.531
Current log-likelihood at step 56: -16325.913
Current log-likelihood at step 57: -16320.986
Current log-likelihood at step 58: -16320.985
Partition-specific rates:  0.238 0.154 4.910 2.372 1.258 0.622
Parameters optimization took 57 rounds (7.917 sec)

Computing ML distances based on estimated model parameters... 0.063 sec
Computing BIONJ tree...
0.005 seconds
Log-likelihood of BIONJ tree: -16321.654
--------------------------------------------------------------------
|             INITIALIZING CANDIDATE TREE SET                      |
--------------------------------------------------------------------
Generating 98 parsimony trees... 3.824 second
Computing log-likelihood of 98 initial trees ... 9.019 seconds
Current best score: -16318.959

Do NNI search on 20 best initial trees
Estimate model parameters (epsilon = 0.100)
Initial log-likelihood: -16318.087
Current log-likelihood at step 1: -16317.979
Current log-likelihood at step 2: -16317.977
Parameters optimization took 1 rounds (0.241 sec)

BETTER TREE FOUND at iteration 1: -16317.977
Estimate model parameters (epsilon = 0.100)
Initial log-likelihood: -16316.012
Current log-likelihood at step 1: -16315.917
Parameters optimization took 0 rounds (0.103 sec)

BETTER TREE FOUND at iteration 3: -16315.917
Iteration 10 / LogL: -16318.073 / Time: 0h:0m:54s
Iteration 20 / LogL: -16341.108 / Time: 0h:1m:0s
Finish initializing candidate tree set (3)
Current best tree score: -16315.917 / CPU time: 24.970
Number of iterations: 20
--------------------------------------------------------------------
|               OPTIMIZING CANDIDATE TREE SET                      |
--------------------------------------------------------------------
Iteration 30 / LogL: -16344.925 / Time: 0h:1m:10s (0h:2m:56s left)
Iteration 40 / LogL: -16315.919 / Time: 0h:1m:19s (0h:2m:7s left)
Iteration 50 / LogL: -16316.035 / Time: 0h:1m:28s (0h:1m:35s left)
Log-likelihood cutoff on original alignment: -16349.514
Iteration 60 / LogL: -16315.920 / Time: 0h:1m:36s (0h:1m:10s left)
Iteration 70 / LogL: -16315.947 / Time: 0h:1m:45s (0h:0m:50s left)
Iteration 80 / LogL: -16315.924 / Time: 0h:1m:54s (0h:0m:33s left)
Iteration 90 / LogL: -16315.918 / Time: 0h:2m:3s (0h:0m:17s left)
Iteration 100 / LogL: -16315.959 / Time: 0h:2m:12s (0h:0m:4s left)
Log-likelihood cutoff on original alignment: -16349.313
NOTE: Bootstrap correlation coefficient of split occurrence frequencies: 0.999
TREE SEARCH COMPLETED AFTER 104 ITERATIONS / Time: 0h:2m:16s

--------------------------------------------------------------------
|                    FINALIZING TREE SEARCH                        |
--------------------------------------------------------------------
Performs final model parameters optimization
Estimate model parameters (epsilon = 0.010)
Initial log-likelihood: -16315.917
Current log-likelihood at step 1: -16315.916
Partition-specific rates:  0.238 0.151 4.934 2.367 1.255 0.621
Parameters optimization took 0 rounds (0.114 sec)

BEST SCORE FOUND : -16315.916
Creating bootstrap support values...
Split supports printed to NEXUS file 4_set258.splits.nex
Total tree length: 0.844

Total number of iterations: 104
CPU time used for tree search: 49.546 sec (0h:0m:49s)
Wall-clock time used for tree search: 100.995 sec (0h:1m:40s)
Total CPU time used: 67.263 sec (0h:1m:7s)
Total wall-clock time used: 137.164 sec (0h:2m:17s)

Computing bootstrap consensus tree...
Reading input file 4_set258.splits.nex...
35 taxa and 123 splits.
Consensus tree written to 4_set258.contree
Reading input trees file 4_set258.contree
Log-likelihood of consensus tree: -16315.916

Analysis results written to: 
  IQ-TREE report:                4_set258.iqtree
  Maximum-likelihood tree:       4_set258.treefile
  Likelihood distances:          4_set258.mldist
  Best partitioning scheme:      4_set258.best_scheme.nex
           in RAxML format:      4_set258.best_scheme

Ultrafast bootstrap approximation results written to:
  Split support values:          4_set258.splits.nex
  Consensus tree:                4_set258.contree
  Screen log file:               4_set258.log

Date and Time: Sat Sep  8 07:27:59 2018
