IQ-TREE multicore version 1.6.7 for Mac OS X 64-bit built Aug 23 2018
Developed by Bui Quang Minh, Nguyen Lam Tung, Olga Chernomor,
Heiko Schmidt, Dominik Schrempf, Michael Woodhams.

Host:    meeps-mac-pro.staff.sydney.edu.au (AVX, 64 GB RAM)
Command: /Users/davidduchene/Desktop/Software/iqtree-1.6.7-MacOSX/bin/iqtree -s ../../../../marsupials/set129.fasta -m TESTMERGE -bb 1000 -sp ../../../../marsupials/set129.nex -nt AUTO -pre 6_set129
Seed:    141614 (Using SPRNG - Scalable Parallel Random Number Generator)
Time:    Fri Sep  7 15:13:38 2018
Kernel:  AVX - auto-detect threads (8 CPU cores detected)

Reading partition model file ../../../../marsupials/set129.nex ...
Reading alignment file ../../../../marsupials/set129.fasta ... Fasta format detected
Alignment most likely contains DNA/RNA sequences
Alignment has 35 sequences with 2034 columns, 913 distinct patterns
563 parsimony-informative, 287 singleton sites, 1184 constant sites
                                              Gap/Ambiguity  Composition  p-value
   1  Burramyidae_Burramys_parvus                     1.77%    passed     94.94%
   2  Notoryctidae_Notoryctes_typhlops               10.08%    passed     63.60%
   3  Vombatidae_Lasiorhinus_latifrons                0.54%    passed     94.92%
   4  Potoroidae_Bettongia_penicillata                6.74%    passed     92.77%
   5  Potoroidae_Bettongia_lesueur                    3.24%    passed     91.23%
   6  Dasyuridae_Dasyurus_maculatus                   0.49%    passed     60.78%
   7  Phalangeridae_Trichosurus_vulpecula             0.49%    passed     97.27%
   8  Phalangeridae_Spilocuscus_maculatus             4.47%    passed     86.52%
   9  Potoroidae_Aepyprymnus_rufescens                3.00%    passed     90.24%
  10  Peramelidae_Perameles_nasuta                   11.01%    passed     60.40%
  11  Phalangeridae_Strigocuscus_pelengensis          1.28%    passed     92.58%
  12  Dasyuridae_Phascogale_tapoatafa                 0.15%    passed     50.97%
  13  Dasyuridae_Sminthopsis_macroura                 0.64%    passed     40.22%
  14  Phalangeridae_Phalanger_orientalis              0.49%    passed     87.16%
  15  Acrobatidae_Acrobates_pygmaeus                  1.03%    passed     93.03%
  16  Dasyuridae_Phascogale_calura                    0.34%    passed     40.51%
  17  Dasyuridae_Sarcophilus_harrisii                 0.44%    passed     49.63%
  18  Dasyuridae_Planigale_tenuirostris               7.57%    passed      7.04%
  19  Peramelidae_Echymipera_kalubu                   0.25%    passed     21.59%
  20  Macropodidae_Dorcopsulus_vanheurni              9.14%    passed     73.07%
  21  Pseudochiridae_Pseudochirulus_forbesi           0.59%    passed     97.02%
  22  Didelphidae_Didelphis_virginiana                1.82%    passed     74.28%
  23  Marmosidae_Monodelphis_domestica                0.88%    passed     81.81%
  24  Dasyuridae_Antechinus_stuartii                  0.69%    passed     39.14%
  25  Hypsiprymnodontidae_Hypsiprymnodon_moschatus    0.34%    passed     94.21%
  26  Microbiotheriidae_Dromiciops_gliroides         10.77%    passed     83.15%
  27  Pseudochiridae_Petauroides_volans               1.77%    passed     97.54%
  28  Macropodidae_Wallabia_bicolor                   5.51%    passed     73.70%
  29  Pseudochiridae_Pseudocheirus_occidentalis      18.68%    passed     61.66%
  30  Tarsipedidae_Tarsipes_rostratus                 2.41%    passed     92.13%
  31  Acrobatidae_Distoechurus_pennatus               0.39%    passed     66.94%
  32  Phalangeridae_Phalanger_carmelitae              0.49%    passed     86.75%
  33  Peramelidae_Peroryctes_raffrayana              16.86%    passed     90.21%
  34  Dasyuridae_Dasyurus_geffroii                    0.44%    passed     55.43%
  35  Peramelidae_Perameles_gunnii                    0.49%    passed     30.96%
****  TOTAL                                           3.58%  0 sequences failed composition chi2 test (p-value<5%; df=3)
NOTE: No CharPartition defined, use all CharSets

Loading 15 partitions...
Subset	Type	Seqs	Sites	Infor	Invar	Model	Name
1		35	277	55	199	TESTMERGE	part1.1
2		35	277	38	214	TESTMERGE	part1.2
3		35	277	150	81	TESTMERGE	part1.3
4		33	95	25	53	TESTMERGE	part2.1
5		33	95	21	57	TESTMERGE	part2.2
6		33	95	45	39	TESTMERGE	part2.3
7		35	157	39	95	TESTMERGE	part3.1
8		35	157	33	98	TESTMERGE	part3.2
9		35	157	82	48	TESTMERGE	part3.3
10		35	81	4	64	TESTMERGE	part4.1
11		35	81	0	75	TESTMERGE	part4.2
WARNING: No parsimony-informative sites in partition part4.2
12		35	81	27	36	TESTMERGE	part4.3
13		35	68	10	44	TESTMERGE	part5.1
14		35	68	8	52	TESTMERGE	part5.2
15		35	68	26	29	TESTMERGE	part5.3
Degree of missing data: 0.008
Info: multi-threading strategy over partitions



Create initial parsimony tree by phylogenetic likelihood library (PLL)... 0.007 seconds
NOTE: ModelFinder requires 9 MB RAM!
NUMBER OF THREADS FOR PARTITION FINDING: 8
Testing GTR+F+G on supermatrix...
GTR+F+G4 / LnL: -12699.478 / df: 76 / AIC: 25550.956 / AICc: 25556.937 / BIC: 25977.906
Selecting individual models for 15 charsets using BIC...
 No. Model        Score       Charset
   1 K2P+G4       1202.152    part2.2
   2 HKY+F        1576.790    part2.3
   3 K2P+G4       2459.148    part1.2
   4 TIM2e+G4     2859.871    part1.1
   5 TIM3e+G4     2239.633    part3.2
   6 TIM3e+G4     3352.981    part3.3
   7 TVMe+G4      2288.568    part3.1
   8 K2P+G4       1258.412    part2.1
   9 JC+G4        904.886     part5.1
  10 TN+F+G4      1214.565    part5.3	0h:0m:15s (0h:5m:15s left)
  11 K3Pu+F+G4    5596.981    part1.3	0h:0m:17s (0h:5m:17s left)
  12 HKY+F        567.375     part4.2	0h:0m:18s (0h:4m:59s left)
  13 TNe+G4       752.640     part4.1	0h:0m:18s (0h:4m:38s left)
  14 K3Pu+F+G4    1440.526    part4.3	0h:0m:18s (0h:4m:19s left)
  15 K2P+G4       765.115     part5.2	0h:0m:19s (0h:4m:11s left)
Full partition model BIC score: 31459.477 (LnL: -11738.033  df:1048)
Merging models to increase model fit (about 211 total partition schemes)...
WARNING: ABNORMAL_TERMINATION_IN_LNSRCH
  16 HKY+F+G4     31142.471   part1.2+part1.3	0h:0m:29s (0h:5m:54s left)
  17 TNe+G4       31066.651   part1.3+part2.1	0h:0m:29s (0h:5m:31s left)
  18 TIM+F+G4     31322.698   part1.3+part3.2	0h:0m:29s (0h:5m:12s left)
  19 K3Pu+F+G4    31244.378   part1.3+part3.1	0h:0m:30s (0h:5m:11s left)
  20 K3P+G4       31109.869   part1.1+part1.3	0h:0m:30s (0h:4m:54s left)
  21 HKY+F+G4     31039.975   part1.3+part2.3	0h:0m:31s (0h:4m:42s left)
  22 HKY+F+G4     31083.715   part1.3+part2.2	0h:0m:32s (0h:4m:36s left)
  23 K3Pu+F+G4    31125.995   part1.3+part3.3	0h:0m:33s (0h:4m:35s left)
  24 K2P+G4       31153.193   part1.1+part3.3	0h:0m:40s (0h:5m:14s left)
  25 TIMe+G4      31083.048   part1.3+part4.1	0h:0m:40s (0h:5m:3s left)
  26 K2P+G4       31149.709   part1.2+part3.3	0h:0m:41s (0h:4m:57s left)
  27 K3Pu+F+G4    31069.335   part1.3+part5.1	0h:0m:41s (0h:4m:45s left)
  28 K3Pu+F+G4    30984.992   part1.3+part5.3	0h:0m:42s (0h:4m:35s left)
  29 K3Pu+F+G4    31033.198   part1.3+part5.2	0h:0m:43s (0h:4m:30s left)
  30 K3Pu+F+G4    31092.126   part1.3+part4.2	0h:0m:44s (0h:4m:25s left)
  31 K3Pu+F+G4    30989.828   part1.3+part4.3	0h:0m:44s (0h:4m:17s left)
  32 TNe+G4       30996.481   part1.1+part1.2	0h:0m:52s (0h:4m:54s left)
  33 TIM3e+G4     31074.109   part2.1+part3.3	0h:0m:53s (0h:4m:48s left)
  34 TIM3e+G4     31065.207   part3.2+part3.3	0h:0m:55s (0h:4m:46s left)
  35 TPM2u+F+G4   31091.563   part2.2+part3.3	0h:0m:55s (0h:4m:37s left)
  36 TPM2u+F+G4   31065.907   part2.3+part3.3	0h:0m:55s (0h:4m:28s left)
  37 TIM3e+G4     31006.360   part3.1+part3.3	0h:0m:55s (0h:4m:20s left)
  38 TPM3+F+G4    31043.217   part3.3+part4.3	0h:0m:57s (0h:4m:21s left)
  39 TPM3u+F+I+G4 31117.983   part1.1+part3.1	0h:0m:57s (0h:4m:15s left)
  40 TPM2u+F+G4   31053.753   part1.1+part2.3	0h:1m:3s (0h:4m:32s left)
  41 K2P+G4       31048.823   part3.3+part5.1	0h:1m:4s (0h:4m:26s left)
  42 K3Pu+F+G4    31000.865   part3.3+part5.3	0h:1m:4s (0h:4m:18s left)
  43 TIM3e+I+G4   31167.159   part1.1+part3.2	0h:1m:6s (0h:4m:18s left)
  44 K2P+G4       31041.911   part1.1+part2.2	0h:1m:8s (0h:4m:19s left)
  45 TIM3e+I+G4   31091.166   part1.2+part3.1	0h:1m:10s (0h:4m:20s left)
  46 TIM3e+I+G4   31150.800   part1.2+part3.2	0h:1m:10s (0h:4m:13s left)
  47 TIM3e+G4     30971.181   part3.1+part3.2	0h:1m:13s (0h:4m:17s left)
  48 K3P+G4       31048.438   part1.2+part2.3	0h:1m:17s (0h:4m:22s left)
  49 K2P+G4       31049.773   part1.1+part2.1	0h:1m:21s (0h:4m:29s left)
  50 TIM3e+G4     31078.677   part3.3+part4.1	0h:1m:23s (0h:4m:29s left)
  51 K2P+G4       31005.216   part1.1+part4.3	0h:1m:24s (0h:4m:23s left)
  52 TPM2u+F+G4   31045.849   part3.3+part5.2	0h:1m:26s (0h:4m:24s left)
  53 K2P+G4       31177.101   part2.3+part3.2	0h:1m:28s (0h:4m:22s left)
  54 TPM2+F+G4    31112.760   part2.3+part3.1	0h:1m:28s (0h:4m:16s left)
  55 TPM2u+F+G4   31088.183   part3.3+part4.2	0h:1m:30s (0h:4m:16s left)
  56 TIM+F+G4     31031.897   part1.2+part2.2	0h:1m:33s (0h:4m:18s left)
  57 K2P+G4       31011.598   part1.1+part5.3	0h:1m:34s (0h:4m:14s left)
  58 K3P+G4       31035.825   part1.2+part2.1	0h:1m:34s (0h:4m:10s left)
  59 TPM2+F+G4    31076.064   part2.2+part3.1	0h:1m:37s (0h:4m:12s left)
  60 HKY+F+G4     31033.037   part1.2+part4.3	0h:1m:39s (0h:4m:10s left)
  61 TIM3+F+G4    31093.830   part2.1+part3.1	0h:1m:41s (0h:4m:9s left)
  62 TIM3e+G4     31111.826   part2.2+part3.2	0h:1m:42s (0h:4m:5s left)
  63 K2P+G4       31010.898   part1.1+part5.1	0h:1m:44s (0h:4m:4s left)
  64 K2P+G4       31139.419   part2.1+part3.2	0h:1m:45s (0h:4m:2s left)
  65 K2P+G4       31006.483   part1.2+part5.3	0h:1m:46s (0h:3m:59s left)
  66 TIM3e+G4     31079.223   part3.1+part4.3	0h:1m:47s (0h:3m:55s left)
  67 TIM3e+G4     31120.688   part3.2+part4.3	0h:1m:48s (0h:3m:53s left)
  68 TPM2u+F+I    31028.113   part2.2+part2.3	0h:1m:50s (0h:3m:51s left)
  69 TPM2u+F+G4   31006.662   part1.1+part4.1	0h:1m:50s (0h:3m:47s left)
  70 TPM3u+F+G4   31020.274   part2.1+part2.3	0h:1m:53s (0h:3m:49s left)
  71 TIM3+F+G4    31034.226   part3.1+part5.3	0h:1m:54s (0h:3m:45s left)
  72 K2P+G4       31011.533   part1.2+part5.1	0h:1m:55s (0h:3m:42s left)
  73 TIM3e+G4     31084.220   part3.2+part5.3	0h:1m:55s (0h:3m:38s left)
  74 TIM2e+G4     30985.273   part1.1+part5.2	0h:1m:56s (0h:3m:35s left)
  75 TIM2e+I+G4   31003.306   part1.1+part4.2	0h:1m:57s (0h:3m:33s left)
  76 TIM3e+G4     31044.213   part3.1+part5.1	0h:1m:58s (0h:3m:31s left)
  77 HKY+F+G4     31013.452   part2.3+part4.3	0h:1m:59s (0h:3m:27s left)
  78 K2P+G4       31009.339   part2.1+part2.2	0h:2m:1s (0h:3m:26s left)
  79 K2P+G4       31000.007   part1.2+part4.1	0h:2m:5s (0h:3m:30s left)
  80 HKY+F+I      31001.615   part2.3+part5.3	0h:2m:7s (0h:3m:29s left)
  81 TIM3e+G4     31070.495   part3.2+part5.1	0h:2m:10s (0h:3m:28s left)
  82 HKY+F+G4     31041.887   part2.2+part4.3	0h:2m:10s (0h:3m:25s left)
  83 TIM+F+G4     30999.774   part1.2+part5.2	0h:2m:10s (0h:3m:21s left)
  84 TIM3e+I+G4   31051.494   part3.1+part4.1	0h:2m:16s (0h:3m:26s left)
  85 K2P+G4       31030.591   part2.1+part4.3	0h:2m:16s (0h:3m:22s left)
  86 TN+F+G4      31001.453   part1.2+part4.2	0h:2m:16s (0h:3m:18s left)
  87 K2P+G4       31016.098   part2.2+part5.3	0h:2m:16s (0h:3m:14s left)
  88 TIM3e+I+G4   31072.312   part3.2+part4.1	0h:2m:19s (0h:3m:14s left)
  89 K2P+I        31044.279   part2.3+part5.1	0h:2m:25s (0h:3m:19s left)
  90 TN+F+G4      31018.026   part2.1+part5.3	0h:2m:28s (0h:3m:19s left)
  91 TPM3u+F+I+G4 31025.947   part3.1+part5.2	0h:2m:29s (0h:3m:17s left)
  92 K2P+I        31067.281   part2.3+part4.1	0h:2m:31s (0h:3m:16s left)
  93 K2P+G4       31025.919   part2.2+part5.1	0h:2m:32s (0h:3m:13s left)
  94 HKY+F+G4     30975.438   part4.3+part5.3	0h:2m:33s (0h:3m:11s left)
  95 TIM3e+G4     31044.964   part3.2+part5.2	0h:2m:34s (0h:3m:8s left)
  96 K2P+G4       31022.249   part2.1+part5.1	0h:2m:34s (0h:3m:5s left)
  97 TPM3u+F+I+G4 31036.404   part3.1+part4.2	0h:2m:35s (0h:3m:3s left)
  98 TIM3e+I+G4   31044.762   part3.2+part4.2	0h:2m:36s (0h:3m:0s left)
  99 HKY+F+I      31032.903   part2.3+part5.2	0h:2m:38s (0h:2m:59s left)
 100 K2P+G4       31040.635   part2.2+part4.1	0h:2m:40s (0h:2m:58s left)
 101 K2P+G4       31044.067   part2.1+part4.1	0h:2m:41s (0h:2m:55s left)
 102 K2P+G4       31026.957   part4.3+part5.1	0h:2m:43s (0h:2m:54s left)
 103 K2P+G4       30996.231   part5.1+part5.3	0h:2m:44s (0h:2m:52s left)
 104 HKY+F+I      31069.012   part2.3+part4.2	0h:2m:45s (0h:2m:49s left)
 105 TPM2u+F+I    31017.828   part2.2+part5.2	0h:2m:45s (0h:2m:47s left)
 106 TPM2+F+G4    31049.558   part2.2+part4.2	0h:2m:47s (0h:2m:45s left)
 107 K2P+G4       31012.869   part2.1+part5.2	0h:2m:47s (0h:2m:43s left)
 108 TNe+G4       30996.603   part4.1+part4.3	0h:2m:48s (0h:2m:40s left)
 109 K2P+G4       31050.496   part2.1+part4.2	0h:2m:49s (0h:2m:38s left)
 110 HKY+F+G4     30981.960   part5.2+part5.3	0h:2m:51s (0h:2m:37s left)
 111 TN+F+G4      31006.931   part4.1+part5.3	0h:2m:51s (0h:2m:34s left)
 112 K3Pu+F+G4    31004.842   part4.2+part4.3	0h:2m:52s (0h:2m:32s left)
 113 K2P+G4       30996.607   part4.1+part5.1	0h:2m:54s (0h:2m:30s left)
 114 K2P+G4       30986.515   part5.1+part5.2	0h:2m:54s (0h:2m:28s left)
 115 HKY+F+G4     30988.273   part4.3+part5.2	0h:2m:54s (0h:2m:25s left)
 116 JC+G4        30998.591   part4.2+part5.1	0h:2m:54s (0h:2m:22s left)
 117 HKY+F+G4     31009.639   part4.2+part5.3	0h:2m:55s (0h:2m:21s left)
 118 K2P+G4       30972.736   part4.1+part5.2	0h:2m:57s (0h:2m:19s left)
 119 K2P+G4       30959.128   part4.1+part4.2	0h:2m:57s (0h:2m:16s left)
 120 HKY+F+G4     30979.255   part4.2+part5.2	0h:2m:59s (0h:2m:16s left)
Merging part4.1+part4.2 with BIC score: 30959.128 (LnL: -11762.097  df: 976)
 121 HKY+F+G4     30575.046   part2.2+part4.1+part4.2	0h:3m:4s (0h:2m:17s left)
 122 HKY+F+G4     30611.597   part2.3+part4.1+part4.2	0h:3m:7s (0h:2m:16s left)
 123 K2P+G4       30523.931   part1.2+part4.1+part4.2	0h:3m:8s (0h:2m:15s left)
 124 TPM2u+F+I+G4 30536.040   part1.1+part4.1+part4.2	0h:3m:10s (0h:2m:13s left)
 125 TPM3u+F+G4   30675.349   part3.3+part4.1+part4.2	0h:3m:11s (0h:2m:11s left)
 126 TPM3u+F+I+G4 30605.467   part3.1+part4.1+part4.2	0h:3m:11s (0h:2m:9s left)
 127 TIM3e+I+G4   30625.853   part3.2+part4.1+part4.2	0h:3m:12s (0h:2m:7s left)
 128 K2P+G4       30519.455   part4.1+part4.2+part5.1	0h:3m:13s (0h:2m:5s left)
 129 HKY+F+G4     30487.487   part4.1+part4.2+part5.2	0h:3m:14s (0h:2m:3s left)
 130 HKY+F+G4     30584.911   part2.1+part4.1+part4.2	0h:3m:14s (0h:2m:1s left)
 131 K3Pu+F+G4    30687.645   part1.3+part4.1+part4.2	0h:3m:14s (0h:1m:58s left)
 132 TN+F+G4      30539.433   part4.1+part4.2+part5.3	0h:3m:16s (0h:1m:57s left)
 133 HKY+F+G4     30540.123   part4.1+part4.2+part4.3	0h:3m:18s (0h:1m:56s left)
Merging part3.1+part3.2 with BIC score: 30470.831 (LnL: -11792.188  df: 904)
 134 TPM3u+F+G4   30203.470   part2.3+part3.1+part3.2	0h:3m:37s (0h:2m:4s left)
 135 TPM3u+F+I+G4 30155.335   part3.1+part3.2+part4.1+part4.2	0h:3m:39s (0h:2m:3s left)
 136 TPM3u+F+I+G4 30163.881   part2.1+part3.1+part3.2	0h:3m:40s (0h:2m:1s left)
 137 TIM3e+I+G4   30132.377   part2.2+part3.1+part3.2	0h:3m:40s (0h:1m:59s left)
 138 TPM3u+F+G4   30081.265   part3.1+part3.2+part3.3	0h:3m:40s (0h:1m:56s left)
 139 TIM3e+I+G4   30210.945   part1.1+part3.1+part3.2	0h:3m:40s (0h:1m:54s left)
 140 TPM3u+F+G4   30451.610   part1.3+part3.1+part3.2	0h:3m:41s (0h:1m:52s left)
 141 TIM3e+I+G4   30171.797   part1.2+part3.1+part3.2	0h:3m:41s (0h:1m:49s left)
 142 TIM3e+I+G4   30058.371   part3.1+part3.2+part5.2	0h:3m:50s (0h:1m:51s left)
 143 TIM3e+I+G4   30088.326   part3.1+part3.2+part5.1	0h:3m:52s (0h:1m:50s left)
 144 TPM3+F+G4    30152.370   part3.1+part3.2+part4.3	0h:3m:52s (0h:1m:48s left)
 145 TPM3+F+G4    30096.110   part3.1+part3.2+part5.3	0h:3m:53s (0h:1m:46s left)
Merging part4.3+part5.3 with BIC score: 29986.792 (LnL: -11832.026  df: 830)
 146 HKY+F+G4     29581.795   part1.2+part4.3+part5.3	0h:4m:3s (0h:1m:48s left)
 147 HKY+F+G4     29572.427   part2.2+part4.3+part5.3	0h:4m:6s (0h:1m:47s left)
 148 HKY+F+G4     29572.057   part1.1+part4.3+part5.3	0h:4m:6s (0h:1m:45s left)
 149 HKY+F+G4     29539.120   part2.3+part4.3+part5.3	0h:4m:6s (0h:1m:42s left)
 150 TIM+F+G4     29600.546   part4.1+part4.2+part4.3+part5.3	0h:4m:9s (0h:1m:41s left)
 151 K3Pu+F+G4    29577.517   part3.3+part4.3+part5.3	0h:4m:11s (0h:1m:39s left)
 152 K3Pu+F+G4    29526.201   part1.3+part4.3+part5.3	0h:4m:13s (0h:1m:38s left)
 153 TPM3+F+G4    29721.627   part3.1+part3.2+part4.3+part5.3	0h:4m:14s (0h:1m:36s left)
 154 HKY+F+G4     29567.594   part4.3+part5.1+part5.3	0h:4m:15s (0h:1m:34s left)
 155 TN+F+G4      29577.110   part2.1+part4.3+part5.3	0h:4m:15s (0h:1m:32s left)
 156 HKY+F+G4     29522.149   part4.3+part5.2+part5.3	0h:4m:16s (0h:1m:30s left)
Merging part1.1+part5.2 with BIC score: 29512.588 (LnL: -11857.736  df: 761)
 157 TNe+I+G4     29055.097   part1.1+part1.2+part5.2	0h:4m:25s (0h:1m:31s left)
 158 HKY+F+G4     29102.211   part1.1+part2.3+part5.2	0h:4m:26s (0h:1m:29s left)
 159 TPM2u+F+I+G4 29081.593   part1.1+part4.1+part4.2+part5.2	0h:4m:26s (0h:1m:27s left)
 160 HKY+F+G4     29103.101   part1.1+part2.1+part5.2	0h:4m:26s (0h:1m:24s left)
 161 HKY+F+G4     29092.802   part1.1+part2.2+part5.2	0h:4m:26s (0h:1m:22s left)
 162 HKY+F+G4     29221.926   part1.1+part3.3+part5.2	0h:4m:29s (0h:1m:21s left)
 163 K3P+I+G4     29182.383   part1.1+part1.3+part5.2	0h:4m:32s (0h:1m:20s left)
 164 TIM3e+I+G4   29271.309   part1.1+part3.1+part3.2+part5.2	0h:4m:34s (0h:1m:18s left)
 165 K2P+G4       29063.031   part1.1+part5.1+part5.2	0h:4m:35s (0h:1m:16s left)
 166 HKY+F+G4     29093.831   part1.1+part4.3+part5.2+part5.3	0h:4m:36s (0h:1m:15s left)
Merging part1.3+part4.3+part5.3 with BIC score: 29051.996 (LnL: -11901.680  df: 689)
 167 HKY+F+G4     28737.410   part1.2+part1.3+part4.3+part5.3	0h:4m:55s (0h:1m:17s left)
 168 K3Pu+F+G4    28764.006   part1.3+part4.1+part4.2+part4.3+part5.3	0h:4m:57s (0h:1m:16s left)
 169 K3Pu+F+G4    28667.526   part1.3+part2.1+part4.3+part5.3	0h:4m:57s (0h:1m:13s left)
 170 K3Pu+F+G4    28725.173   part1.1+part1.3+part4.3+part5.2+part5.3	0h:4m:59s (0h:1m:12s left)
 171 K3Pu+F+G4    28629.981   part1.3+part2.3+part4.3+part5.3	0h:5m:0s (0h:1m:10s left)
 172 K3Pu+F+G4    28669.618   part1.3+part2.2+part4.3+part5.3	0h:5m:0s (0h:1m:8s left)
 173 TVM+F+G4     29061.298   part1.3+part3.1+part3.2+part4.3+part5.3	0h:5m:0s (0h:1m:6s left)
 174 K3Pu+F+G4    28722.612   part1.3+part3.3+part4.3+part5.3	0h:5m:0s (0h:1m:3s left)
 175 K3Pu+F+G4    28658.198   part1.3+part4.3+part5.1+part5.3	0h:5m:7s (0h:1m:3s left)
Merging part1.1+part1.2+part5.2 with BIC score: 28594.505 (LnL: -11935.747  df: 620)
 176 HKY+F+G4     28186.799   part1.1+part1.2+part2.3+part5.2	0h:5m:16s (0h:1m:2s left)
 177 TNe+G4       28145.934   part1.1+part1.2+part5.1+part5.2	0h:5m:17s (0h:1m:0s left)
 178 HKY+F+G4     28166.356   part1.1+part1.2+part2.2+part5.2	0h:5m:17s (0h:0m:58s left)
 179 HKY+F+I+G4   28168.660   part1.1+part1.2+part4.1+part4.2+part5.2	0h:5m:17s (0h:0m:56s left)
 180 HKY+F+I+G4   28184.742   part1.1+part1.2+part2.1+part5.2	0h:5m:18s (0h:0m:54s left)
 181 HKY+F+I+G4   28354.198   part1.1+part1.2+part3.3+part5.2	0h:5m:18s (0h:0m:52s left)
 182 TIM3e+I+G4   28423.346   part1.1+part1.2+part3.1+part3.2+part5.2	0h:5m:21s (0h:0m:51s left)
 183 HKY+F+I+G4   28328.248   part1.1+part1.2+part1.3+part4.3+part5.2+part5.3	0h:5m:22s (0h:0m:49s left)
Merging part2.1+part2.2 with BIC score: 28144.367 (LnL: -11958.255  df: 555)
 184 K2P+G4       27717.632   part2.1+part2.2+part5.1	0h:5m:31s (0h:0m:48s left)
 185 HKY+F+G4     27791.270   part2.1+part2.2+part4.1+part4.2	0h:5m:32s (0h:0m:46s left)
 186 TVM+F+G4     27716.115   part2.1+part2.2+part2.3	0h:5m:33s (0h:0m:44s left)
 187 K2P+G4       27808.265   part2.1+part2.2+part3.3	0h:5m:36s (0h:0m:43s left)
 188 HKY+F+G4     27746.563   part1.1+part1.2+part2.1+part2.2+part5.2	0h:5m:38s (0h:0m:41s left)
 189 TPM3+F+I+G4  27904.423   part2.1+part2.2+part3.1+part3.2	0h:5m:39s (0h:0m:39s left)
 190 TN+F+G4      27814.837   part1.3+part2.1+part2.2+part4.3+part5.3	0h:5m:41s (0h:0m:37s left)
Merging part1.1+part1.2+part5.1+part5.2 with BIC score: 27695.796 (LnL: -11996.782  df: 486)
 191 K2P+G4       27291.920   part1.1+part1.2+part2.3+part5.1+part5.2	0h:5m:50s (0h:0m:36s left)
 192 HKY+F+I+G4   27277.966   part1.1+part1.2+part4.1+part4.2+part5.1+part5.2	0h:5m:52s (0h:0m:34s left)
 193 K2P+I+G4     27459.289   part1.1+part1.2+part3.3+part5.1+part5.2	0h:5m:53s (0h:0m:32s left)
 194 HKY+F+G4     27302.058   part1.1+part1.2+part2.1+part2.2+part5.1+part5.2	0h:5m:54s (0h:0m:31s left)
 195 TIM3e+I+G4   27541.778   part1.1+part1.2+part3.1+part3.2+part5.1+part5.2	0h:5m:56s (0h:0m:29s left)
 196 HKY+F+I+G4   27451.814   part1.1+part1.2+part1.3+part4.3+part5.1+part5.2+part5.3	0h:5m:56s (0h:0m:27s left)
Merging part2.1+part2.2+part2.3 with BIC score: 27267.544 (LnL: -12014.998  df: 425)
 197 HKY+F+G4     26933.885   part2.1+part2.2+part2.3+part4.1+part4.2	0h:6m:6s (0h:0m:26s left)
 198 TPM2+F+G4    26945.250   part2.1+part2.2+part2.3+part3.3	0h:6m:9s (0h:0m:24s left)
 199 HKY+F+G4     27098.934   part2.1+part2.2+part2.3+part3.1+part3.2	0h:6m:10s (0h:0m:22s left)
 200 K3Pu+F+G4    26877.164   part1.1+part1.2+part2.1+part2.2+part2.3+part5.1+part5.2	0h:6m:11s (0h:0m:20s left)
 201 HKY+F+G4     26921.846   part1.3+part2.1+part2.2+part2.3+part4.3+part5.3	0h:6m:14s (0h:0m:18s left)
Merging part1.1+part1.2+part4.1+part4.2+part5.1+part5.2 with BIC score: 26849.714 (LnL: -12057.469  df: 359)
 202 HKY+F+I+G4   26645.571   part1.1+part1.2+part3.3+part4.1+part4.2+part5.1+part5.2	0h:6m:22s (0h:0m:17s left)
 203 K3Pu+F+G4    26480.762   part1.1+part1.2+part2.1+part2.2+part2.3+part4.1+part4.2+part5.1+part5.2	0h:6m:23s (0h:0m:15s left)
 204 TIM3e+I+G4   26735.217   part1.1+part1.2+part3.1+part3.2+part4.1+part4.2+part5.1+part5.2	0h:6m:24s (0h:0m:13s left)
 205 HKY+F+I+G4   26647.594   part1.1+part1.2+part1.3+part4.1+part4.2+part4.3+part5.1+part5.2+part5.3	0h:6m:26s (0h:0m:11s left)
Merging part3.1+part3.2+part3.3 with BIC score: 26460.148 (LnL: -12125.499  df: 290)
 206 TPM3u+F+G4   26245.677   part2.1+part2.2+part2.3+part3.1+part3.2+part3.3	0h:6m:34s (0h:0m:9s left)
 207 TVM+F+G4     26404.149   part1.3+part3.1+part3.2+part3.3+part4.3+part5.3	0h:6m:36s (0h:0m:7s left)
 208 TPM3u+F+I+G4 26382.098   part1.1+part1.2+part3.1+part3.2+part3.3+part4.1+part4.2+part5.1+part5.2	0h:6m:37s (0h:0m:5s left)
Merging part1.1+part1.2+part2.1+part2.2+part2.3+part4.1+part4.2+part5.1+part5.2 with BIC score: 26091.196 (LnL: -12211.453  df: 219)
 209 TPM3u+F+I+G4 26087.856   part1.1+part1.2+part2.1+part2.2+part2.3+part3.1+part3.2+part3.3+part4.1+part4.2+part5.1+part5.2	0h:6m:52s (0h:0m:3s left)
 210 HKY+F+I+G4   25880.472   part1.1+part1.2+part1.3+part2.1+part2.2+part2.3+part4.1+part4.2+part4.3+part5.1+part5.2+part5.3	0h:6m:52s (0h:0m:1s left)
Merging part1.1+part1.2+part1.3+part2.1+part2.2+part2.3+part4.1+part4.2+part4.3+part5.1+part5.2+part5.3 with BIC score: 25880.472 (LnL: -12384.139  df: 146)
 211 HKY+F+I+G4   25951.064   part1.1+part1.2+part1.3+part2.1+part2.2+part2.3+part3.1+part3.2+part3.3+part4.1+part4.2+part4.3+part5.1+part5.2+part5.3	0h:7m:9s (0h:0m:0s left)
BEST-FIT PARTITION MODEL: 
  charpartition BIC = HKY+F+I+G4: part1.1 part1.2 part1.3 part2.1 part2.2 part2.3 part4.1 part4.2 part4.3 part5.1 part5.2 part5.3, TPM3u+F+G4: part3.1 part3.2 part3.3;
Agglomerative model selection: (((((((part1.1,part5.2)4:29512.6,part1.2)6:28594.5,part5.1)8:27695.8,(part4.1,part4.2)1:30959.1)10:26849.7,((part2.1,part2.2)7:28144.4,part2.3)9:27267.5)12:26091.2,(part1.3,(part4.3,part5.3)3:29986.8)5:29052)13:25880.5,((part3.1,part3.2)2:30470.8,part3.3)11:26460.1)
Merging into 2 partitions...
Partition information was printed to 6_set129.best_scheme.nex
Partition information in Raxml format was printed to 6_set129.best_scheme

All model information printed to 6_set129.model.gz
CPU time for ModelFinder: 391.746 seconds (0h:6m:31s)
Wall-clock time for ModelFinder: 430.378 seconds (0h:7m:10s)
Generating 1000 samples for ultrafast bootstrap (seed: 141614)...

NOTE: 7 MB RAM (0 GB) is required!
Measuring multi-threading efficiency up to 8 CPU cores
Increase to 10 rounds for branch lengths
34 trees examined
Threads: 1 / Time: 8.176 sec / Speedup: 1.000 / Efficiency: 100% / LogL: -18178
Threads: 2 / Time: 5.836 sec / Speedup: 1.401 / Efficiency: 70% / LogL: -18178
Threads: 3 / Time: 22.699 sec / Speedup: 0.360 / Efficiency: 12% / LogL: -18178
BEST NUMBER OF THREADS: 2

Estimate model parameters (epsilon = 0.100)
Optimizing HKY+F+I+G4 parameters for partition part1.1+part1.2+part1.3+part2.1+part2.2+part2.3+part4.1+part4.2+part4.3+part5.1+part5.2+part5.3 (73 free parameters)
Optimizing TPM3u+F+G4 parameters for partition part3.1+part3.2+part3.3 (73 free parameters)
Optimal log-likelihood: -12384.204
Computing ML distances based on estimated model parameters... 0.027 sec
Computing BIONJ tree...
0.002 seconds
Log-likelihood of BIONJ tree: -12483.489
--------------------------------------------------------------------
|             INITIALIZING CANDIDATE TREE SET                      |
--------------------------------------------------------------------
Generating 98 parsimony trees... 2.669 second
Computing log-likelihood of 98 initial trees ... 4.703 seconds
Current best score: -12382.044

Do NNI search on 20 best initial trees
Estimate model parameters (epsilon = 0.100)
BETTER TREE FOUND at iteration 1: -12367.155
Iteration 10 / LogL: -12367.161 / Time: 0h:1m:2s
UPDATE BEST LOG-LIKELIHOOD: -12367.153
Iteration 20 / LogL: -12367.254 / Time: 0h:1m:12s
Finish initializing candidate tree set (3)
Current best tree score: -12367.153 / CPU time: 24.859
Number of iterations: 20
--------------------------------------------------------------------
|               OPTIMIZING CANDIDATE TREE SET                      |
--------------------------------------------------------------------
UPDATE BEST LOG-LIKELIHOOD: -12367.152
Iteration 30 / LogL: -12367.152 / Time: 0h:1m:22s (0h:3m:22s left)
UPDATE BEST LOG-LIKELIHOOD: -12367.149
Iteration 40 / LogL: -12367.590 / Time: 0h:1m:31s (0h:2m:23s left)
Iteration 50 / LogL: -12422.607 / Time: 0h:1m:39s (0h:1m:44s left)
Log-likelihood cutoff on original alignment: -12410.374
Iteration 60 / LogL: -12367.150 / Time: 0h:1m:50s (0h:1m:16s left)
Iteration 70 / LogL: -12367.193 / Time: 0h:1m:59s (0h:0m:53s left)
UPDATE BEST LOG-LIKELIHOOD: -12367.149
Iteration 80 / LogL: -12367.225 / Time: 0h:2m:7s (0h:0m:33s left)
Iteration 90 / LogL: -12367.192 / Time: 0h:2m:18s (0h:0m:17s left)
Iteration 100 / LogL: -12367.171 / Time: 0h:2m:29s (0h:0m:1s left)
Log-likelihood cutoff on original alignment: -12410.374
NOTE: Bootstrap correlation coefficient of split occurrence frequencies: 0.999
TREE SEARCH COMPLETED AFTER 102 ITERATIONS / Time: 0h:2m:31s

--------------------------------------------------------------------
|                    FINALIZING TREE SEARCH                        |
--------------------------------------------------------------------
Performs final model parameters optimization
Estimate model parameters (epsilon = 0.010)
Optimizing HKY+F+I+G4 parameters for partition part1.1+part1.2+part1.3+part2.1+part2.2+part2.3+part4.1+part4.2+part4.3+part5.1+part5.2+part5.3 (73 free parameters)
Optimizing TPM3u+F+G4 parameters for partition part3.1+part3.2+part3.3 (73 free parameters)
Optimal log-likelihood: -12367.146
BEST SCORE FOUND : -12367.146
Creating bootstrap support values...
Split supports printed to NEXUS file 6_set129.splits.nex
Total tree length: 1.213

Total number of iterations: 102
CPU time used for tree search: 43.452 sec (0h:0m:43s)
Wall-clock time used for tree search: 104.151 sec (0h:1m:44s)
Total CPU time used: 61.606 sec (0h:1m:1s)
Total wall-clock time used: 152.435 sec (0h:2m:32s)

Computing bootstrap consensus tree...
Reading input file 6_set129.splits.nex...
35 taxa and 131 splits.
Consensus tree written to 6_set129.contree
Reading input trees file 6_set129.contree
Log-likelihood of consensus tree: -12367.145

Analysis results written to: 
  IQ-TREE report:                6_set129.iqtree
  Maximum-likelihood tree:       6_set129.treefile
  Likelihood distances:          6_set129.mldist
  Best partitioning scheme:      6_set129.best_scheme.nex
           in RAxML format:      6_set129.best_scheme

Ultrafast bootstrap approximation results written to:
  Split support values:          6_set129.splits.nex
  Consensus tree:                6_set129.contree
  Screen log file:               6_set129.log

Date and Time: Fri Sep  7 15:23:21 2018
