IQ-TREE multicore version 1.6.7 for Mac OS X 64-bit built Aug 23 2018
Developed by Bui Quang Minh, Nguyen Lam Tung, Olga Chernomor,
Heiko Schmidt, Dominik Schrempf, Michael Woodhams.

Host:    meeps-mac-pro.staff.sydney.edu.au (AVX, 64 GB RAM)
Command: /Users/davidduchene/Desktop/Software/iqtree-1.6.7-MacOSX/bin/iqtree -s ../../../../marsupials/set271.fasta -m TESTMERGE -bb 1000 -spp ../../../../marsupials/set271.nex -nt AUTO -pre 4_set271
Seed:    793276 (Using SPRNG - Scalable Parallel Random Number Generator)
Time:    Sat Sep  8 08:52:17 2018
Kernel:  AVX - auto-detect threads (8 CPU cores detected)

Reading partition model file ../../../../marsupials/set271.nex ...
Reading alignment file ../../../../marsupials/set271.fasta ... Fasta format detected
Alignment most likely contains DNA/RNA sequences
Alignment has 35 sequences with 3240 columns, 1330 distinct patterns
722 parsimony-informative, 519 singleton sites, 1999 constant sites
                                              Gap/Ambiguity  Composition  p-value
   1  Burramyidae_Burramys_parvus                     8.98%    passed     97.32%
   2  Notoryctidae_Notoryctes_typhlops                5.90%    passed     87.68%
   3  Vombatidae_Lasiorhinus_latifrons                0.62%    passed     90.87%
   4  Potoroidae_Bettongia_penicillata                0.03%    passed     91.99%
   5  Potoroidae_Bettongia_lesueur                    4.78%    passed     54.67%
   6  Dasyuridae_Dasyurus_maculatus                   0.40%    passed     55.42%
   7  Phalangeridae_Trichosurus_vulpecula             0.52%    passed     62.71%
   8  Phalangeridae_Spilocuscus_maculatus            11.57%    passed     60.28%
   9  Potoroidae_Aepyprymnus_rufescens                0.06%    passed     89.38%
  10  Peramelidae_Perameles_nasuta                    0.90%    passed     94.91%
  11  Phalangeridae_Strigocuscus_pelengensis         19.23%    passed     49.84%
  12  Dasyuridae_Phascogale_tapoatafa                 3.15%    passed     70.41%
  13  Dasyuridae_Sminthopsis_macroura                 0.56%    passed     99.91%
  14  Phalangeridae_Phalanger_orientalis              2.99%    passed     88.63%
  15  Acrobatidae_Acrobates_pygmaeus                  0.74%    passed     96.06%
  16  Dasyuridae_Phascogale_calura                    0.34%    passed     85.56%
  17  Dasyuridae_Sarcophilus_harrisii                 0.31%    passed     81.88%
  18  Dasyuridae_Planigale_tenuirostris              25.22%    passed     98.28%
  19  Peramelidae_Echymipera_kalubu                   0.43%    passed     93.10%
  20  Macropodidae_Dorcopsulus_vanheurni              1.14%    passed     61.62%
  21  Pseudochiridae_Pseudochirulus_forbesi           0.74%    passed     98.61%
  22  Didelphidae_Didelphis_virginiana               54.85%    failed      2.50%
  23  Marmosidae_Monodelphis_domestica                1.08%    passed     85.71%
  24  Dasyuridae_Antechinus_stuartii                  0.86%    passed     79.73%
  25  Hypsiprymnodontidae_Hypsiprymnodon_moschatus    0.19%    passed     61.16%
  26  Microbiotheriidae_Dromiciops_gliroides          2.44%    passed     35.25%
  27  Pseudochiridae_Petauroides_volans               2.62%    passed     92.69%
  28  Macropodidae_Wallabia_bicolor                   3.43%    passed     88.73%
  29  Pseudochiridae_Pseudocheirus_occidentalis       1.54%    passed     94.86%
  30  Tarsipedidae_Tarsipes_rostratus                 2.16%    passed     93.89%
  31  Acrobatidae_Distoechurus_pennatus               0.68%    passed     95.91%
  32  Phalangeridae_Phalanger_carmelitae              0.12%    passed     78.43%
  33  Peramelidae_Peroryctes_raffrayana               1.45%    passed     94.69%
  34  Dasyuridae_Dasyurus_geffroii                    0.31%    passed     58.08%
  35  Peramelidae_Perameles_gunnii                    0.49%    passed     88.10%
WARNING: 1 sequences contain more than 50% gaps/ambiguity
****  TOTAL                                           4.60%  1 sequences failed composition chi2 test (p-value<5%; df=3)
NOTE: No CharPartition defined, use all CharSets

Loading 15 partitions...
Subset	Type	Seqs	Sites	Infor	Invar	Model	Name
1		35	125	23	88	TESTMERGE	part1.1
2		35	125	14	94	TESTMERGE	part1.2
3		35	125	41	60	TESTMERGE	part1.3
4		33	83	2	78	TESTMERGE	part2.1
5		33	83	1	81	TESTMERGE	part2.2
6		33	83	50	21	TESTMERGE	part2.3
7		34	588	82	463	TESTMERGE	part3.1
8		34	588	51	492	TESTMERGE	part3.2
9		34	588	260	198	TESTMERGE	part3.3
10		35	190	31	91	TESTMERGE	part4.1
11		35	190	25	105	TESTMERGE	part4.2
12		35	190	67	58	TESTMERGE	part4.3
13		34	94	11	69	TESTMERGE	part5.1
14		34	94	6	80	TESTMERGE	part5.2
15		34	94	58	21	TESTMERGE	part5.3
Degree of missing data: 0.022
Info: multi-threading strategy over partitions



Create initial parsimony tree by phylogenetic likelihood library (PLL)... 0.010 seconds
NOTE: ModelFinder requires 13 MB RAM!
NUMBER OF THREADS FOR PARTITION FINDING: 8
Testing GTR+F+G on supermatrix...
GTR+F+G4 / LnL: -18079.753 / df: 76 / AIC: 36311.507 / AICc: 36315.207 / BIC: 36773.840
Selecting individual models for 15 charsets using BIC...
 No. Model        Score       Charset
   1 K2P+G4       1714.771    part1.3
   2 K2P+G4       3177.223    part4.3
   3 TNe+G4       2079.069    part5.3
   4 K2P+G4       2324.012    part4.1
   5 TPM2u+F+G4   2051.186    part4.2
   6 TVM+F+I+G4   4624.942    part3.1
   7 TPM3u+F+I+G4 4010.551    part3.2
   8 HKY+F+G4     1198.637    part1.1
   9 K2P+G4       1839.484    part2.3
  10 TNe+G4       958.976     part1.2	0h:0m:11s (0h:3m:43s left)
  11 TNe+G4       751.507     part5.1	0h:0m:11s (0h:3m:22s left)
  12 JC           503.453     part5.2	0h:0m:11s (0h:3m:12s left)
  13 JC           273.024     part2.2	0h:0m:12s (0h:3m:6s left)
  14 JC           336.121     part2.1	0h:0m:12s (0h:2m:53s left)
  15 K2P+G4       9551.739    part3.3	0h:0m:12s (0h:2m:46s left)
Full partition model BIC score: 36093.405 (LnL: -17533.411  df:127)
Merging models to increase model fit (about 211 total partition schemes)...
  16 K2P+G4       36079.933   part1.3+part3.3	0h:0m:25s (0h:5m:16s left)
  17 TVMe+G4      36345.829   part3.1+part3.3	0h:0m:26s (0h:4m:57s left)
  18 TIM3e+I+G4   36395.786   part3.2+part3.3	0h:0m:26s (0h:4m:44s left)
  19 K2P+G4       36104.712   part2.3+part3.3	0h:0m:26s (0h:4m:28s left)
  20 K2P+G4       36099.825   part3.3+part5.3	0h:0m:26s (0h:4m:15s left)
  21 K2P+G4       36096.674   part3.3+part4.1	0h:0m:27s (0h:4m:6s left)
  22 K2P+G4       36131.442   part3.3+part4.2	0h:0m:28s (0h:4m:6s left)
  23 K2P+G4       36070.233   part3.3+part4.3	0h:0m:28s (0h:3m:55s left)
  24 K2P+G4       36087.405   part4.1+part4.3	0h:0m:35s (0h:4m:38s left)
  25 K2P+G4       36231.571   part3.1+part4.3	0h:0m:37s (0h:4m:36s left)
  26 K2P+G4       36151.651   part1.2+part3.3	0h:0m:37s (0h:4m:25s left)
  27 K2P+G4       36133.045   part1.1+part3.3	0h:0m:37s (0h:4m:14s left)
  28 K2P+G4       36193.838   part3.3+part5.2	0h:0m:37s (0h:4m:5s left)
  29 K2P+G4       36202.945   part2.1+part3.3	0h:0m:37s (0h:3m:56s left)
  30 K2P+G4       36225.328   part2.2+part3.3	0h:0m:37s (0h:3m:47s left)
  31 K2P+G4       36123.554   part3.3+part5.1	0h:0m:38s (0h:3m:42s left)
  32 K2P+I+G4     36249.241   part3.2+part4.3	0h:0m:46s (0h:4m:20s left)
  33 K2P+I+G4     36161.344   part3.2+part4.1	0h:0m:46s (0h:4m:11s left)
  34 K2P+G4       36078.172   part4.1+part4.2	0h:0m:46s (0h:4m:4s left)
  35 TVM+F+I+G4   36147.117   part3.1+part4.1	0h:0m:47s (0h:3m:57s left)
  36 TPM3u+F+I+G4 36125.391   part3.2+part4.2	0h:0m:48s (0h:3m:56s left)
  37 TPM2u+F+G4   36120.033   part4.2+part4.3	0h:0m:48s (0h:3m:49s left)
  38 TPM3u+F+I+G4 36066.084   part3.1+part3.2	0h:0m:51s (0h:3m:52s left)
  39 TVM+F+G4     36126.941   part3.1+part4.2	0h:0m:51s (0h:3m:48s left)
  40 K2P+G4       36079.315   part1.3+part4.3	0h:0m:56s (0h:3m:59s left)
  41 K2P+G4       36075.208   part1.3+part4.1	0h:0m:57s (0h:4m:0s left)
  42 TPM2u+F+G4   36135.891   part1.3+part3.1	0h:0m:58s (0h:3m:54s left)
  43 TNe+G4       36095.732   part4.3+part5.3	0h:0m:59s (0h:3m:52s left)
  44 K2P+G4       36097.491   part2.3+part4.3	0h:0m:59s (0h:3m:45s left)
  45 TIM2+F+I+G4  36199.927   part3.1+part5.3	0h:1m:0s (0h:3m:43s left)
  46 TPM2u+F+I+G4 36198.437   part2.3+part3.1	0h:1m:2s (0h:3m:42s left)
  47 TNe+G4       36130.610   part4.1+part5.3	0h:1m:3s (0h:3m:41s left)
  48 K2P+G4       36118.480   part1.1+part4.3	0h:1m:5s (0h:3m:42s left)
  49 K2P+G4       36131.338   part2.3+part4.1	0h:1m:7s (0h:3m:42s left)
  50 K2P+G4       36133.457   part1.2+part4.3	0h:1m:8s (0h:3m:40s left)
  51 HKY+F+I+G4   36229.135   part3.2+part5.3	0h:1m:8s (0h:3m:34s left)
  52 HKY+F+G4     36146.225   part4.2+part5.3	0h:1m:8s (0h:3m:29s left)
  53 TPM2u+F+I+G4 36074.794   part1.1+part3.1	0h:1m:10s (0h:3m:31s left)
  54 TPM2+F+G4    36093.058   part1.3+part4.2	0h:1m:11s (0h:3m:27s left)
  55 K2P+I+G4     36137.492   part1.3+part3.2	0h:1m:12s (0h:3m:25s left)
  56 TVM+F+I+G4   36090.534   part1.2+part3.1	0h:1m:15s (0h:3m:27s left)
  57 HKY+F+G4     36092.695   part1.1+part4.1	0h:1m:15s (0h:3m:23s left)
  58 TNe+G4       36116.161   part4.3+part5.1	0h:1m:15s (0h:3m:19s left)
  59 K2P+G4       36177.206   part4.3+part5.2	0h:1m:18s (0h:3m:21s left)
  60 TVM+F+I+G4   36087.712   part3.1+part5.1	0h:1m:18s (0h:3m:17s left)
  61 TPM2+F+G4    36142.344   part2.3+part4.2	0h:1m:18s (0h:3m:13s left)
  62 K2P+I+G4     36203.644   part2.3+part3.2	0h:1m:19s (0h:3m:11s left)
  63 K2P+G4       36090.226   part1.2+part4.1	0h:1m:22s (0h:3m:12s left)
  64 TVM+F+I+G4   36118.787   part3.1+part5.2	0h:1m:23s (0h:3m:12s left)
  65 K2P+G4       36083.146   part4.1+part5.1	0h:1m:25s (0h:3m:13s left)
  66 K2P+G4       36186.839   part2.1+part4.3	0h:1m:26s (0h:3m:9s left)
  67 K2P+G4       36207.443   part2.2+part4.3	0h:1m:28s (0h:3m:11s left)
  68 TPM2+F+G4    36065.807   part1.1+part4.2	0h:1m:32s (0h:3m:14s left)
  69 HKY+F+I+G4   36075.442   part1.1+part3.2	0h:1m:33s (0h:3m:12s left)
  70 TVM+F+I+G4   36101.433   part2.1+part3.1	0h:1m:33s (0h:3m:8s left)
  71 TPM3u+F+I+G4 36075.481   part1.2+part3.2	0h:1m:36s (0h:3m:9s left)
  72 TVM+F+I+G4   36103.460   part2.2+part3.1	0h:1m:36s (0h:3m:7s left)
  73 TPM2u+F+G4   36079.159   part1.2+part4.2	0h:1m:36s (0h:3m:3s left)
  74 K2P+G4       36131.365   part4.1+part5.2	0h:1m:37s (0h:2m:59s left)
  75 K2P+I+G4     36074.153   part3.2+part5.1	0h:1m:37s (0h:2m:56s left)
  76 K2P+G4       36142.182   part2.1+part4.1	0h:1m:40s (0h:2m:58s left)
  77 TNe+G4       36101.168   part1.3+part5.3	0h:1m:41s (0h:2m:56s left)
  78 TNe+G4       36078.848   part4.2+part5.1	0h:1m:41s (0h:2m:53s left)
  79 K2P+G4       36160.725   part2.2+part4.1	0h:1m:44s (0h:2m:54s left)
  80 TIM3e+G4     36073.647   part2.3+part5.3	0h:1m:45s (0h:2m:53s left)
  81 TPM2+F+G4    36107.795   part4.2+part5.2	0h:1m:46s (0h:2m:50s left)
  82 TPM3u+F+I+G4 36098.228   part3.2+part5.2	0h:1m:48s (0h:2m:50s left)
  83 K2P+I+G4     36086.526   part2.1+part3.2	0h:1m:50s (0h:2m:50s left)
  84 K2P+G4       36099.868   part1.3+part2.3	0h:1m:51s (0h:2m:49s left)
  85 TIMe+I       36131.281   part2.1+part4.2	0h:1m:53s (0h:2m:47s left)
  86 TIM3e+G4     36134.008   part1.1+part5.3	0h:1m:54s (0h:2m:47s left)
  87 K2P+I+G4     36096.509   part2.2+part3.2	0h:1m:55s (0h:2m:44s left)
  88 K2P+G4       36085.598   part1.1+part1.3	0h:1m:55s (0h:2m:41s left)
  89 TNe+G4       36153.989   part1.2+part5.3	0h:1m:56s (0h:2m:40s left)
  90 TN+F+I       36154.555   part2.2+part4.2	0h:1m:56s (0h:2m:37s left)
  91 HKY+F+G4     36134.858   part1.1+part2.3	0h:1m:58s (0h:2m:36s left)
  92 TNe+G4       36127.400   part5.1+part5.3	0h:1m:58s (0h:2m:33s left)
  93 HKY+F+G4     36098.834   part1.2+part1.3	0h:1m:59s (0h:2m:31s left)
  94 K2P+G4       36083.334   part1.3+part5.1	0h:1m:59s (0h:2m:29s left)
  95 TIM3e+G4     36199.099   part5.2+part5.3	0h:2m:1s (0h:2m:28s left)
  96 HKY+F+G4     36151.325   part1.2+part2.3	0h:2m:3s (0h:2m:27s left)
  97 K2P+G4       36128.355   part2.3+part5.1	0h:2m:3s (0h:2m:25s left)
  98 K2P+G4       36133.679   part1.3+part5.2	0h:2m:3s (0h:2m:22s left)
  99 K2P+G4       36138.842   part1.3+part2.1	0h:2m:5s (0h:2m:22s left)
 100 TIM3e+G4     36191.716   part2.1+part5.3	0h:2m:5s (0h:2m:19s left)
 101 K2P+G4       36185.270   part2.3+part5.2	0h:2m:8s (0h:2m:19s left)
 102 HKY+F+G4     36063.664   part1.1+part1.2	0h:2m:9s (0h:2m:18s left)
 103 TIM3e+G4     36213.248   part2.2+part5.3	0h:2m:9s (0h:2m:16s left)
 104 K2P+G4       36070.860   part1.1+part5.1	0h:2m:9s (0h:2m:13s left)
 105 K2P+G4       36155.128   part1.3+part2.2	0h:2m:10s (0h:2m:11s left)
 106 K2P+G4       36064.968   part1.2+part5.1	0h:2m:10s (0h:2m:9s left)
 107 K2P+G4       36183.821   part2.1+part2.3	0h:2m:12s (0h:2m:8s left)
 108 K2P+G4       36094.624   part5.1+part5.2	0h:2m:13s (0h:2m:7s left)
 109 HKY+F+G4     36105.149   part1.1+part5.2	0h:2m:14s (0h:2m:5s left)
 110 TN+F+G4      36096.648   part1.2+part5.2	0h:2m:14s (0h:2m:3s left)
 111 K2P+G4       36198.638   part2.2+part2.3	0h:2m:15s (0h:2m:1s left)
 112 HKY+F+G4     36106.144   part1.1+part2.1	0h:2m:16s (0h:2m:0s left)
 113 HKY+F+G4     36115.091   part1.1+part2.2	0h:2m:16s (0h:1m:58s left)
 114 K2P+G4       36093.411   part1.2+part2.1	0h:2m:17s (0h:1m:56s left)
 115 K2P+G4       36105.878   part1.2+part2.2	0h:2m:18s (0h:1m:55s left)
 116 TNe+G4       36097.195   part2.1+part5.1	0h:2m:19s (0h:1m:54s left)
 117 JC           36088.065   part2.1+part5.2	0h:2m:19s (0h:1m:52s left)
 118 TNe+G4       36112.252   part2.2+part5.1	0h:2m:20s (0h:1m:50s left)
 119 JC           36087.426   part2.1+part2.2	0h:2m:20s (0h:1m:48s left)
 120 JC           36094.735   part2.2+part5.2	0h:2m:20s (0h:1m:46s left)
Merging part1.1+part1.2 with BIC score: 36063.664 (LnL: -17534.708  df: 123)
 121 HKY+F+G4     36048.719   part1.1+part1.2+part5.1	0h:2m:23s (0h:1m:46s left)
 122 HKY+F+G4     36075.535   part1.1+part1.2+part2.1	0h:2m:25s (0h:1m:46s left)
 123 HKY+F+G4     36069.836   part1.1+part1.2+part4.1	0h:2m:25s (0h:1m:44s left)
 124 K2P+G4       36128.708   part1.1+part1.2+part4.3	0h:2m:28s (0h:1m:43s left)
 125 TPM2u+F+G4   36042.692   part1.1+part1.2+part4.2	0h:2m:29s (0h:1m:43s left)
 126 HKY+F+I+G4   36050.741   part1.1+part1.2+part3.2	0h:2m:30s (0h:1m:41s left)
 127 HKY+F+G4     36070.602   part1.1+part1.2+part5.2	0h:2m:32s (0h:1m:40s left)
 128 TPM2u+F+I+G4 36062.921   part1.1+part1.2+part3.1	0h:2m:32s (0h:1m:38s left)
 129 HKY+F+G4     36069.252   part1.1+part1.2+part1.3	0h:2m:33s (0h:1m:37s left)
 130 K2P+G4       36170.269   part1.1+part1.2+part3.3	0h:2m:34s (0h:1m:36s left)
 131 HKY+F+G4     36089.626   part1.1+part1.2+part2.2	0h:2m:34s (0h:1m:34s left)
 132 TN+F+G4      36157.658   part1.1+part1.2+part5.3	0h:2m:34s (0h:1m:32s left)
 133 HKY+F+G4     36130.947   part1.1+part1.2+part2.3	0h:2m:36s (0h:1m:31s left)
Merging part3.1+part3.2 with BIC score: 36036.343 (LnL: -17561.463  df: 113)
 134 TPM3u+F+I+G4 36047.281   part3.1+part3.2+part5.2	0h:2m:49s (0h:1m:37s left)
 135 TVM+F+I+G4   36042.963   part2.1+part3.1+part3.2	0h:2m:49s (0h:1m:35s left)
 136 TPM3u+F+I+G4 36025.272   part3.1+part3.2+part5.1	0h:2m:49s (0h:1m:33s left)
 137 TPM3u+F+I+G4 36030.439   part1.1+part1.2+part3.1+part3.2	0h:2m:50s (0h:1m:31s left)
 138 TVM+F+I+G4   36122.218   part3.1+part3.2+part4.1	0h:2m:51s (0h:1m:30s left)
 139 TPM3u+F+I+G4 36219.624   part3.1+part3.2+part4.3	0h:2m:52s (0h:1m:29s left)
 140 TPM3u+F+I+G4 36078.043   part3.1+part3.2+part4.2	0h:2m:52s (0h:1m:27s left)
 141 TVMe+I+G4    36426.452   part3.1+part3.2+part3.3	0h:2m:54s (0h:1m:26s left)
 142 TPM3u+F+I+G4 36094.781   part1.3+part3.1+part3.2	0h:2m:59s (0h:1m:27s left)
 143 TPM3u+F+I+G4 36045.138   part2.2+part3.1+part3.2	0h:3m:0s (0h:1m:25s left)
 144 TPM3u+F+I+G4 36158.220   part2.3+part3.1+part3.2	0h:3m:0s (0h:1m:24s left)
 145 TPM3u+F+I+G4 36181.449   part3.1+part3.2+part5.3	0h:3m:1s (0h:1m:22s left)
Merging part3.3+part4.3 with BIC score: 36013.170 (LnL: -17562.002  df: 110)
 146 K2P+G4       36127.014   part2.1+part3.3+part4.3	0h:3m:15s (0h:1m:26s left)
 147 K2P+G4       36117.681   part3.3+part4.3+part5.2	0h:3m:15s (0h:1m:25s left)
 148 K2P+G4       36046.036   part3.3+part4.3+part5.1	0h:3m:16s (0h:1m:23s left)
 149 K2P+G4       36130.935   part1.1+part1.2+part3.3+part4.3	0h:3m:16s (0h:1m:21s left)
 150 K2P+G4       36017.673   part3.3+part4.1+part4.3	0h:3m:19s (0h:1m:20s left)
 151 K2P+G4       36022.214   part3.3+part4.3+part5.3	0h:3m:19s (0h:1m:19s left)
 152 K2P+G4       36053.703   part3.3+part4.2+part4.3	0h:3m:21s (0h:1m:18s left)
 153 TVMe+I+G4    36487.106   part3.1+part3.2+part3.3+part4.3	0h:3m:23s (0h:1m:17s left)
 154 K2P+G4       36149.947   part2.2+part3.3+part4.3	0h:3m:28s (0h:1m:17s left)
 155 K2P+G4       36000.850   part1.3+part3.3+part4.3	0h:3m:29s (0h:1m:15s left)
 156 K2P+G4       36027.373   part2.3+part3.3+part4.3	0h:3m:30s (0h:1m:14s left)
Merging part1.1+part1.2+part4.2 with BIC score: 35992.198 (LnL: -17575.766  df: 104)
 157 HKY+F+G4     35979.165   part1.1+part1.2+part4.2+part5.1	0h:3m:38s (0h:1m:15s left)
 158 HKY+F+G4     35992.804   part1.1+part1.2+part4.1+part4.2	0h:3m:39s (0h:1m:13s left)
 159 HKY+F+G4     35993.132   part1.1+part1.2+part1.3+part4.2	0h:3m:39s (0h:1m:11s left)
 160 TPM2+F+G4    36001.025   part1.1+part1.2+part4.2+part5.2	0h:3m:40s (0h:1m:10s left)
 161 HKY+F+G4     36019.740   part1.1+part1.2+part2.1+part4.2	0h:3m:40s (0h:1m:8s left)
 162 TN+F+G4      36092.696   part1.1+part1.2+part4.2+part5.3	0h:3m:40s (0h:1m:6s left)
 163 HKY+F+G4     36035.274   part1.1+part1.2+part2.2+part4.2	0h:3m:45s (0h:1m:6s left)
 164 TPM2u+F+G4   36066.747   part1.1+part1.2+part2.3+part4.2	0h:3m:46s (0h:1m:4s left)
 165 TPM3u+F+I+G4 36034.019   part1.1+part1.2+part3.1+part3.2+part4.2	0h:3m:46s (0h:1m:3s left)
 166 K2P+G4       36146.765   part1.1+part1.2+part3.3+part4.2+part4.3	0h:3m:48s (0h:1m:1s left)
Merging part2.3+part5.3 with BIC score: 35972.440 (LnL: -17573.970  df: 102)
 167 TIM3e+G4     36095.180   part2.3+part5.2+part5.3	0h:3m:54s (0h:1m:1s left)
 168 TIM3e+G4     36090.708   part2.1+part2.3+part5.3	0h:3m:54s (0h:0m:59s left)
 169 TNe+G4       36021.615   part2.3+part5.1+part5.3	0h:3m:55s (0h:0m:58s left)
 170 TNe+G4       35986.745   part1.3+part2.3+part5.3	0h:3m:56s (0h:0m:56s left)
 171 TIM3e+G4     36028.560   part2.3+part4.1+part5.3	0h:3m:58s (0h:0m:55s left)
 172 TPM2u+F+G4   36122.206   part1.1+part1.2+part2.3+part4.2+part5.3	0h:4m:0s (0h:0m:54s left)
 173 TIM3e+G4     36113.241   part2.2+part2.3+part5.3	0h:4m:1s (0h:0m:52s left)
 174 TPM3u+F+I+G4 36225.602   part2.3+part3.1+part3.2+part5.3	0h:4m:3s (0h:0m:51s left)
 175 K2P+G4       36005.753   part2.3+part3.3+part4.3+part5.3	0h:4m:4s (0h:0m:50s left)
Merging part1.3+part4.1 with BIC score: 35954.243 (LnL: -17576.997  df: 99)
 176 K2P+G4       36010.215   part1.3+part2.1+part4.1	0h:4m:8s (0h:0m:49s left)
 177 K2P+G4       36029.345   part1.3+part2.2+part4.1	0h:4m:8s (0h:0m:47s left)
 178 K2P+G4       36000.383   part1.3+part4.1+part5.2	0h:4m:8s (0h:0m:46s left)
 179 K2P+G4       35946.674   part1.3+part4.1+part5.1	0h:4m:9s (0h:0m:44s left)
 180 HKY+F+G4     35966.621   part1.1+part1.2+part1.3+part4.1+part4.2	0h:4m:11s (0h:0m:43s left)
 181 TIM3e+G4     36019.505   part1.3+part2.3+part4.1+part5.3	0h:4m:14s (0h:0m:42s left)
 182 K2P+I+G4     36087.750   part1.3+part3.1+part3.2+part4.1	0h:4m:15s (0h:0m:40s left)
 183 K2P+G4       35960.707   part1.3+part3.3+part4.1+part4.3	0h:4m:19s (0h:0m:39s left)
Merging part1.1+part1.2+part4.2+part5.1 with BIC score: 35941.210 (LnL: -17590.688  df: 94)
 184 TPM2+F+G4    35949.320   part1.1+part1.2+part4.2+part5.1+part5.2	0h:4m:26s (0h:0m:39s left)
 185 HKY+F+G4     35982.140   part1.1+part1.2+part2.2+part4.2+part5.1	0h:4m:27s (0h:0m:37s left)
 186 HKY+F+G4     35966.396   part1.1+part1.2+part2.1+part4.2+part5.1	0h:4m:27s (0h:0m:35s left)
 187 HKY+F+G4     35954.776   part1.1+part1.2+part1.3+part4.1+part4.2+part5.1	0h:4m:28s (0h:0m:34s left)
 188 TN+F+G4      36111.892   part1.1+part1.2+part2.3+part4.2+part5.1+part5.3	0h:4m:30s (0h:0m:33s left)
 189 TPM3u+F+I+G4 35980.610   part1.1+part1.2+part3.1+part3.2+part4.2+part5.1	0h:4m:33s (0h:0m:31s left)
 190 K2P+G4       36113.756   part1.1+part1.2+part3.3+part4.2+part4.3+part5.1	0h:4m:35s (0h:0m:30s left)
Merging part2.1+part2.2 with BIC score: 35935.230 (LnL: -17591.740  df: 93)
 191 JC           35934.788   part2.1+part2.2+part5.2	0h:4m:38s (0h:0m:29s left)
 192 K2P+G4       36053.769   part1.3+part2.1+part2.2+part4.1	0h:4m:41s (0h:0m:27s left)
 193 TIM3e+G4     36146.990   part2.1+part2.2+part2.3+part5.3	0h:4m:43s (0h:0m:26s left)
 194 TN+F+G4      35999.337   part1.1+part1.2+part2.1+part2.2+part4.2+part5.1	0h:4m:44s (0h:0m:24s left)
 195 TPM3u+F+I+G4 35953.563   part2.1+part2.2+part3.1+part3.2	0h:4m:46s (0h:0m:23s left)
 196 K2P+G4       36172.639   part2.1+part2.2+part3.3+part4.3	0h:4m:47s (0h:0m:22s left)
Merging part2.1+part2.2+part5.2 with BIC score: 35934.788 (LnL: -17595.561  df: 92)
 197 K2P+G4       36074.598   part1.3+part2.1+part2.2+part4.1+part5.2	0h:4m:52s (0h:0m:20s left)
 198 TIM3e+I+G4   36199.730   part2.1+part2.2+part2.3+part5.2+part5.3	0h:4m:54s (0h:0m:19s left)
 199 HKY+F+G4     36000.376   part1.1+part1.2+part2.1+part2.2+part4.2+part5.1+part5.2	0h:4m:54s (0h:0m:17s left)
 200 TPM3u+F+I+G4 35964.562   part2.1+part2.2+part3.1+part3.2+part5.2	0h:4m:57s (0h:0m:16s left)
 201 K2P+G4       36244.685   part2.1+part2.2+part3.3+part4.3+part5.2	0h:4m:58s (0h:0m:14s left)
BEST-FIT PARTITION MODEL: 
  charpartition BIC = HKY+F+G4: part1.1 part1.2 part4.2 part5.1, K2P+G4: part1.3 part4.1, JC: part2.1 part2.2 part5.2, TIM3e+G4: part2.3 part5.3, TPM3u+F+I+G4: part3.1 part3.2, K2P+G4: part3.3 part4.3;
Agglomerative model selection: ((((part1.1,part1.2)1:36063.7,part4.2)4:35992.2,part5.1)7:35941.2,(part1.3,part4.1)6:35954.2,((part2.1,part2.2)8:35935.2,part5.2)9:35934.8,(part2.3,part5.3)5:35972.4,(part3.1,part3.2)2:36036.3,(part3.3,part4.3)3:36013.2)
Merging into 6 partitions...
Partition information was printed to 4_set271.best_scheme.nex
Partition information in Raxml format was printed to 4_set271.best_scheme

All model information printed to 4_set271.model.gz
CPU time for ModelFinder: 474.930 seconds (0h:7m:54s)
Wall-clock time for ModelFinder: 298.680 seconds (0h:4m:58s)
Generating 1000 samples for ultrafast bootstrap (seed: 793276)...

NOTE: 12 MB RAM (0 GB) is required!
Measuring multi-threading efficiency up to 8 CPU cores
Increase to 10 rounds for branch lengths
21 trees examined
Threads: 1 / Time: 8.085 sec / Speedup: 1.000 / Efficiency: 100% / LogL: -25072
Threads: 2 / Time: 13.284 sec / Speedup: 0.609 / Efficiency: 30% / LogL: -25072
BEST NUMBER OF THREADS: 1

Estimate model parameters (epsilon = 0.100)
Initial log-likelihood: -18699.389
Current log-likelihood at step 1: -17852.373
Current log-likelihood at step 2: -17706.047
Current log-likelihood at step 3: -17629.563
Current log-likelihood at step 4: -17612.705
Current log-likelihood at step 5: -17597.664
Current log-likelihood at step 6: -17597.555
Current log-likelihood at step 7: -17597.448
Current log-likelihood at step 8: -17597.342
Current log-likelihood at step 9: -17597.238
Current log-likelihood at step 10: -17597.135
Current log-likelihood at step 11: -17597.034
Current log-likelihood at step 12: -17596.934
Current log-likelihood at step 13: -17596.835
Partition-specific rates:  0.658 1.104 0.107 3.138 0.556 1.676
Parameters optimization took 12 rounds (3.443 sec)

Computing ML distances based on estimated model parameters... 0.064 sec
Computing BIONJ tree...
0.004 seconds
Log-likelihood of BIONJ tree: -17627.344
--------------------------------------------------------------------
|             INITIALIZING CANDIDATE TREE SET                      |
--------------------------------------------------------------------
Generating 98 parsimony trees... 3.668 second
Computing log-likelihood of 98 initial trees ... 12.472 seconds
Current best score: -17596.835

Do NNI search on 20 best initial trees
Estimate model parameters (epsilon = 0.100)
Initial log-likelihood: -17596.835
Current log-likelihood at step 1: -17596.737
Parameters optimization took 0 rounds (0.153 sec)

BETTER TREE FOUND at iteration 1: -17596.737
Estimate model parameters (epsilon = 0.100)
Initial log-likelihood: -17595.820
Current log-likelihood at step 1: -17595.624
Current log-likelihood at step 2: -17595.548
Parameters optimization took 1 rounds (0.311 sec)

BETTER TREE FOUND at iteration 2: -17595.548
Iteration 10 / LogL: -17595.549 / Time: 0h:0m:51s
Iteration 20 / LogL: -17596.619 / Time: 0h:1m:5s
Finish initializing candidate tree set (4)
Current best tree score: -17595.548 / CPU time: 39.648
Number of iterations: 20
--------------------------------------------------------------------
|               OPTIMIZING CANDIDATE TREE SET                      |
--------------------------------------------------------------------
Iteration 30 / LogL: -17595.548 / Time: 0h:1m:18s (0h:3m:14s left)
Iteration 40 / LogL: -17596.622 / Time: 0h:1m:31s (0h:2m:25s left)
Iteration 50 / LogL: -17595.550 / Time: 0h:1m:44s (0h:1m:51s left)
Log-likelihood cutoff on original alignment: -17634.765
Iteration 60 / LogL: -17595.548 / Time: 0h:1m:57s (0h:1m:23s left)
Iteration 70 / LogL: -17595.587 / Time: 0h:2m:9s (0h:0m:59s left)
Iteration 80 / LogL: -17596.626 / Time: 0h:2m:20s (0h:0m:39s left)
Iteration 90 / LogL: -17595.550 / Time: 0h:2m:31s (0h:0m:20s left)
Iteration 100 / LogL: -17596.621 / Time: 0h:2m:43s (0h:0m:3s left)
Log-likelihood cutoff on original alignment: -17634.765
NOTE: Bootstrap correlation coefficient of split occurrence frequencies: 1.000
TREE SEARCH COMPLETED AFTER 103 ITERATIONS / Time: 0h:2m:46s

--------------------------------------------------------------------
|                    FINALIZING TREE SEARCH                        |
--------------------------------------------------------------------
Performs final model parameters optimization
Estimate model parameters (epsilon = 0.010)
Initial log-likelihood: -17595.548
Current log-likelihood at step 1: -17595.474
Current log-likelihood at step 2: -17595.401
Current log-likelihood at step 3: -17595.329
Current log-likelihood at step 4: -17595.259
Current log-likelihood at step 5: -17595.191
Current log-likelihood at step 6: -17595.125
Current log-likelihood at step 7: -17595.060
Current log-likelihood at step 8: -17594.996
Current log-likelihood at step 9: -17594.934
Current log-likelihood at step 10: -17594.874
Current log-likelihood at step 11: -17594.815
Current log-likelihood at step 12: -17594.758
Current log-likelihood at step 13: -17594.702
Current log-likelihood at step 14: -17594.648
Current log-likelihood at step 15: -17594.595
Current log-likelihood at step 16: -17594.544
Current log-likelihood at step 17: -17594.494
Current log-likelihood at step 18: -17594.447
Current log-likelihood at step 19: -17594.399
Current log-likelihood at step 20: -17594.355
Current log-likelihood at step 21: -17594.311
Current log-likelihood at step 22: -17594.269
Current log-likelihood at step 23: -17594.229
Current log-likelihood at step 24: -17594.190
Current log-likelihood at step 25: -17594.153
Current log-likelihood at step 26: -17594.116
Current log-likelihood at step 27: -17594.082
Current log-likelihood at step 28: -17594.049
Current log-likelihood at step 29: -17594.017
Current log-likelihood at step 30: -17593.986
Current log-likelihood at step 31: -17593.957
Current log-likelihood at step 32: -17593.929
Current log-likelihood at step 33: -17593.903
Current log-likelihood at step 34: -17593.878
Current log-likelihood at step 35: -17593.854
Current log-likelihood at step 36: -17593.831
Current log-likelihood at step 37: -17593.809
Current log-likelihood at step 38: -17593.789
Current log-likelihood at step 39: -17593.769
Current log-likelihood at step 40: -17593.751
Current log-likelihood at step 41: -17593.734
Current log-likelihood at step 42: -17593.718
Current log-likelihood at step 43: -17593.703
Current log-likelihood at step 44: -17593.688
Current log-likelihood at step 45: -17593.675
Current log-likelihood at step 46: -17593.662
Current log-likelihood at step 47: -17593.650
Current log-likelihood at step 48: -17593.639
Current log-likelihood at step 49: -17593.629
Current log-likelihood at step 50: -17593.620
Partition-specific rates:  0.665 1.106 0.108 3.177 0.543 1.681
Parameters optimization took 49 rounds (7.553 sec)

BEST SCORE FOUND : -17593.620
Creating bootstrap support values...
Split supports printed to NEXUS file 4_set271.splits.nex
Total tree length: 0.889

Total number of iterations: 103
CPU time used for tree search: 73.032 sec (0h:1m:13s)
Wall-clock time used for tree search: 140.979 sec (0h:2m:20s)
Total CPU time used: 87.908 sec (0h:1m:27s)
Total wall-clock time used: 174.433 sec (0h:2m:54s)

Computing bootstrap consensus tree...
Reading input file 4_set271.splits.nex...
35 taxa and 128 splits.
Consensus tree written to 4_set271.contree
Reading input trees file 4_set271.contree
Log-likelihood of consensus tree: -17593.620

Analysis results written to: 
  IQ-TREE report:                4_set271.iqtree
  Maximum-likelihood tree:       4_set271.treefile
  Likelihood distances:          4_set271.mldist
  Best partitioning scheme:      4_set271.best_scheme.nex
           in RAxML format:      4_set271.best_scheme

Ultrafast bootstrap approximation results written to:
  Split support values:          4_set271.splits.nex
  Consensus tree:                4_set271.contree
  Screen log file:               4_set271.log

Date and Time: Sat Sep  8 09:00:11 2018
