IQ-TREE multicore version 1.6.7 for Mac OS X 64-bit built Aug 23 2018
Developed by Bui Quang Minh, Nguyen Lam Tung, Olga Chernomor,
Heiko Schmidt, Dominik Schrempf, Michael Woodhams.

Host:    meeps-mac-pro.staff.sydney.edu.au (AVX, 64 GB RAM)
Command: /Users/davidduchene/Desktop/Software/iqtree-1.6.7-MacOSX/bin/iqtree -s ../../../../marsupials/set86.fasta -m TESTMERGE -bb 1000 -q ../../../../marsupials/set86.nex -nt AUTO -pre 2_set86
Seed:    986931 (Using SPRNG - Scalable Parallel Random Number Generator)
Time:    Fri Sep  7 02:22:30 2018
Kernel:  AVX - auto-detect threads (8 CPU cores detected)

Reading partition model file ../../../../marsupials/set86.nex ...
Reading alignment file ../../../../marsupials/set86.fasta ... Fasta format detected
Alignment most likely contains DNA/RNA sequences
Alignment has 35 sequences with 1560 columns, 737 distinct patterns
435 parsimony-informative, 221 singleton sites, 904 constant sites
                                              Gap/Ambiguity  Composition  p-value
   1  Burramyidae_Burramys_parvus                     0.64%    passed     99.82%
   2  Notoryctidae_Notoryctes_typhlops               32.63%    passed     21.37%
   3  Vombatidae_Lasiorhinus_latifrons                1.03%    passed     87.28%
   4  Potoroidae_Bettongia_penicillata                0.45%    passed     92.20%
   5  Potoroidae_Bettongia_lesueur                    0.06%    passed     81.30%
   6  Dasyuridae_Dasyurus_maculatus                   0.13%    passed     89.96%
   7  Phalangeridae_Trichosurus_vulpecula             0.06%    passed     85.76%
   8  Phalangeridae_Spilocuscus_maculatus             0.00%    passed     69.44%
   9  Potoroidae_Aepyprymnus_rufescens                0.06%    passed     84.18%
  10  Peramelidae_Perameles_nasuta                    0.58%    passed     94.17%
  11  Phalangeridae_Strigocuscus_pelengensis          4.49%    passed     96.49%
  12  Dasyuridae_Phascogale_tapoatafa                 0.00%    passed     92.38%
  13  Dasyuridae_Sminthopsis_macroura                 0.26%    passed     76.78%
  14  Phalangeridae_Phalanger_orientalis              0.06%    passed     85.40%
  15  Acrobatidae_Acrobates_pygmaeus                  0.64%    passed     96.74%
  16  Dasyuridae_Phascogale_calura                    6.35%    passed     99.73%
  17  Dasyuridae_Sarcophilus_harrisii                 1.03%    passed     95.11%
  18  Dasyuridae_Planigale_tenuirostris              22.50%    passed     64.71%
  19  Peramelidae_Echymipera_kalubu                   8.21%    passed     82.80%
  20  Macropodidae_Dorcopsulus_vanheurni              0.64%    passed     98.05%
  21  Pseudochiridae_Pseudochirulus_forbesi           0.19%    passed     85.30%
  22  Didelphidae_Didelphis_virginiana                6.22%    passed     83.89%
  23  Marmosidae_Monodelphis_domestica                0.51%    passed     92.31%
  24  Dasyuridae_Antechinus_stuartii                  7.56%    passed     98.35%
  25  Hypsiprymnodontidae_Hypsiprymnodon_moschatus    0.19%    passed     91.02%
  26  Microbiotheriidae_Dromiciops_gliroides          2.63%    passed     99.51%
  27  Pseudochiridae_Petauroides_volans               1.15%    passed     97.58%
  28  Macropodidae_Wallabia_bicolor                   0.90%    passed     99.36%
  29  Pseudochiridae_Pseudocheirus_occidentalis       5.26%    passed     77.23%
  30  Tarsipedidae_Tarsipes_rostratus                 9.74%    passed     84.73%
  31  Acrobatidae_Distoechurus_pennatus               0.00%    passed     98.71%
  32  Phalangeridae_Phalanger_carmelitae              0.13%    passed     65.22%
  33  Peramelidae_Peroryctes_raffrayana              13.33%    passed     46.92%
  34  Dasyuridae_Dasyurus_geffroii                    0.06%    passed     78.86%
  35  Peramelidae_Perameles_gunnii                    0.96%    passed     92.04%
****  TOTAL                                           3.68%  0 sequences failed composition chi2 test (p-value<5%; df=3)
NOTE: No CharPartition defined, use all CharSets

Loading 15 partitions...
Subset	Type	Seqs	Sites	Infor	Invar	Model	Name
1		34	135	31	87	TESTMERGE	part1.1
2		34	135	19	98	TESTMERGE	part1.2
3		34	135	86	24	TESTMERGE	part1.3
4		35	141	36	90	TESTMERGE	part2.1
5		35	141	16	105	TESTMERGE	part2.2
6		35	141	59	51	TESTMERGE	part2.3
7		35	76	21	38	TESTMERGE	part3.1
8		35	76	11	53	TESTMERGE	part3.2
9		35	76	48	12	TESTMERGE	part3.3
10		35	82	2	75	TESTMERGE	part4.1
11		35	82	2	80	TESTMERGE	part4.2
12		35	82	33	37	TESTMERGE	part4.3
13		35	86	16	62	TESTMERGE	part5.1
14		35	86	6	74	TESTMERGE	part5.2
15		35	86	49	18	TESTMERGE	part5.3
Degree of missing data: 0.007
Info: multi-threading strategy over partitions



Create initial parsimony tree by phylogenetic likelihood library (PLL)... 0.007 seconds
NOTE: ModelFinder requires 8 MB RAM!
NUMBER OF THREADS FOR PARTITION FINDING: 8
Testing GTR+F+G on supermatrix...
GTR+F+G4 / LnL: -9507.786 / df: 76 / AIC: 19167.571 / AICc: 19175.463 / BIC: 19574.357
Selecting individual models for 15 charsets using BIC...
 No. Model        Score       Charset
   1 TN+F+G4      1163.841    part4.3
   2 TNe+G4       1597.217    part2.1
   3 K2P+G4       3090.574    part1.3
   4 HKY+F+G4     1105.561    part1.2
   5 TNe+G4       1774.709    part5.3
   6 HKY+F+G4     1933.698    part3.3
   7 K3Pu+F+G4    2182.818    part2.3
   8 K2P+G4       1024.296    part3.1
   9 TN+F+G4      1161.330    part2.2
  10 K2P+G4       723.584     part5.1	0h:0m:11s (0h:3m:49s left)
  11 TNe+G4       697.832     part3.2	0h:0m:12s (0h:3m:39s left)
  12 TN+F+G4      1253.117    part1.1	0h:0m:13s (0h:3m:39s left)
  13 TNe+G4       368.091     part4.1	0h:0m:13s (0h:3m:26s left)
  14 K2P+I+G4     510.502     part5.2	0h:0m:13s (0h:3m:13s left)
  15 F81+F+I+G4   282.440     part4.2	0h:0m:14s (0h:3m:8s left)
Full partition model BIC score: 19524.734 (LnL: -9295.487  df:127)
Merging models to increase model fit (about 211 total partition schemes)...
  16 HKY+F+G4     19509.487   part1.3+part4.3	0h:0m:19s (0h:4m:1s left)
  17 K2P+G4       19524.448   part1.3+part2.1	0h:0m:20s (0h:3m:50s left)
  18 HKY+F+G4     19510.873   part1.1+part1.3	0h:0m:22s (0h:3m:56s left)
  19 K2P+G4       19534.385   part1.3+part2.3	0h:0m:22s (0h:3m:44s left)
  20 HKY+F+G4     19524.624   part1.2+part1.3	0h:0m:22s (0h:3m:33s left)
  21 K2P+G4       19515.377   part1.3+part5.3	0h:0m:22s (0h:3m:26s left)
  22 HKY+F+G4     19502.568   part1.3+part3.3	0h:0m:23s (0h:3m:22s left)
  23 K3P+G4       19541.145   part1.1+part2.3	0h:0m:24s (0h:3m:18s left)
  24 TIM+F+G4     19533.593   part2.3+part5.3	0h:0m:26s (0h:3m:27s left)
  25 TN+F+G4      19554.163   part2.1+part2.3	0h:0m:26s (0h:3m:17s left)
  26 K2P+G4       19520.163   part1.3+part2.2	0h:0m:27s (0h:3m:14s left)
  27 TN+F+G4      19536.175   part2.3+part3.3	0h:0m:27s (0h:3m:8s left)
  28 K2P+G4       19519.505   part1.3+part3.1	0h:0m:27s (0h:3m:0s left)
  29 TIM+F+G4     19527.885   part2.3+part4.3	0h:0m:28s (0h:2m:59s left)
  30 K3Pu+F+G4    19539.726   part1.2+part2.3	0h:0m:29s (0h:2m:56s left)
  31 TN+F+G4      19510.194   part1.1+part5.3	0h:0m:31s (0h:3m:2s left)
  32 HKY+F+G4     19520.351   part1.3+part5.1	0h:0m:33s (0h:3m:5s left)
  33 K2P+G4       19509.147   part1.3+part3.2	0h:0m:34s (0h:3m:4s left)
  34 K2P+G4       19532.106   part2.3+part3.1	0h:0m:34s (0h:3m:0s left)
  35 TNe+G4       19521.007   part1.1+part2.1	0h:0m:35s (0h:2m:59s left)
  36 HKY+F+G4     19518.463   part2.2+part2.3	0h:0m:37s (0h:3m:2s left)
  37 K2P+G4       19535.968   part2.1+part5.3	0h:0m:38s (0h:2m:58s left)
  38 TPM2u+F+G4   19505.811   part1.1+part3.3	0h:0m:38s (0h:2m:54s left)
  39 HKY+F+G4     19526.203   part1.1+part1.2	0h:0m:38s (0h:2m:49s left)
  40 TIM2+F+G4    19510.012   part3.3+part5.3	0h:0m:41s (0h:2m:57s left)
  41 K2P+G4       19527.066   part1.3+part5.2	0h:0m:41s (0h:2m:52s left)
  42 HKY+F+G4     19517.448   part1.2+part5.3	0h:0m:41s (0h:2m:47s left)
  43 K2P+G4       19519.034   part2.1+part3.3	0h:0m:42s (0h:2m:45s left)
  44 TNe+G4       19528.530   part1.2+part2.1	0h:0m:43s (0h:2m:46s left)
  45 HKY+F+G4     19496.307   part1.2+part3.3	0h:0m:44s (0h:2m:45s left)
  46 K2P+G4       19547.280   part1.3+part4.1	0h:0m:45s (0h:2m:41s left)
  47 TN+F+G4      19498.665   part1.1+part4.3	0h:0m:46s (0h:2m:43s left)
  48 HKY+F+G4     19539.796   part2.3+part5.1	0h:0m:48s (0h:2m:44s left)
  49 TN+F+G4      19581.355   part1.3+part4.2	0h:0m:48s (0h:2m:41s left)
  50 K3Pu+F+G4    19520.835   part2.3+part3.2	0h:0m:50s (0h:2m:43s left)
  51 TN+F+G4      19493.389   part4.3+part5.3	0h:0m:52s (0h:2m:45s left)
  52 TNe+G4       19526.916   part1.1+part2.2	0h:0m:53s (0h:2m:43s left)
  53 TN+F+G4      19520.146   part1.1+part3.1	0h:0m:54s (0h:2m:43s left)
  54 K2P+G4       19524.335   part2.1+part4.3	0h:0m:54s (0h:2m:39s left)
  55 K2P+G4       19528.458   part3.1+part5.3	0h:0m:56s (0h:2m:38s left)
  56 HKY+F+G4     19497.230   part1.2+part4.3	0h:0m:57s (0h:2m:39s left)
  57 K2P+G4       19534.813   part2.2+part5.3	0h:0m:57s (0h:2m:35s left)
  58 TIM2+F+G4    19494.433   part3.3+part4.3	0h:0m:57s (0h:2m:32s left)
  59 K3Pu+F+G4    19551.856   part2.3+part5.2	0h:0m:59s (0h:2m:33s left)
  60 TNe+G4       19515.632   part2.1+part3.1	0h:1m:0s (0h:2m:31s left)
  61 K2P+G4       19528.539   part1.2+part3.1	0h:1m:1s (0h:2m:30s left)
  62 TNe+G4       19503.076   part2.1+part2.2	0h:1m:2s (0h:2m:29s left)
  63 HKY+F+G4     19518.920   part1.2+part2.2	0h:1m:3s (0h:2m:28s left)
  64 HKY+F+G4     19518.036   part3.1+part3.3	0h:1m:3s (0h:2m:25s left)
  65 K2P+G4       19513.222   part2.2+part3.3	0h:1m:3s (0h:2m:23s left)
  66 K3Pu+F+G4    19576.685   part2.3+part4.1	0h:1m:4s (0h:2m:21s left)
  67 K3Pu+F+G4    19611.473   part2.3+part4.2	0h:1m:6s (0h:2m:22s left)
  68 TN+F+G4      19524.628   part1.1+part5.1	0h:1m:6s (0h:2m:19s left)
  69 TNe+G4       19518.088   part2.1+part5.1	0h:1m:9s (0h:2m:22s left)
  70 K2P+G4       19520.851   part1.1+part3.2	0h:1m:10s (0h:2m:22s left)
  71 HKY+F+G4     19525.518   part5.1+part5.3	0h:1m:10s (0h:2m:19s left)
  72 K2P+G4       19518.460   part3.1+part4.3	0h:1m:10s (0h:2m:17s left)
  73 HKY+F+G4     19510.765   part1.2+part5.1	0h:1m:11s (0h:2m:14s left)
  74 K2P+G4       19510.285   part3.2+part5.3	0h:1m:12s (0h:2m:14s left)
  75 K2P+G4       19516.206   part2.1+part3.2	0h:1m:13s (0h:2m:13s left)
  76 HKY+F+G4     19507.888   part3.3+part5.1	0h:1m:14s (0h:2m:13s left)
  77 HKY+F+G4     19509.924   part3.2+part3.3	0h:1m:17s (0h:2m:15s left)
  78 K2P+G4       19521.424   part2.2+part4.3	0h:1m:17s (0h:2m:12s left)
  79 HKY+F+G4     19504.070   part1.2+part3.2	0h:1m:19s (0h:2m:12s left)
  80 K3P+G4       19536.815   part5.2+part5.3	0h:1m:21s (0h:2m:13s left)
  81 TNe+G4       19513.403   part2.2+part3.1	0h:1m:22s (0h:2m:12s left)
  82 HKY+F+G4     19557.527   part1.1+part4.1	0h:1m:23s (0h:2m:11s left)
  83 TN+F+G4      19532.173   part1.1+part5.2	0h:1m:23s (0h:2m:9s left)
  84 TNe+G4       19513.055   part2.1+part5.2	0h:1m:25s (0h:2m:9s left)
  85 K2P+G4       19520.081   part3.3+part5.2	0h:1m:26s (0h:2m:7s left)
  86 HKY+F+G4     19524.994   part1.2+part5.2	0h:1m:26s (0h:2m:5s left)
  87 TN+F+G4      19550.735   part1.1+part4.2	0h:1m:26s (0h:2m:3s left)
  88 HKY+F+G4     19508.481   part4.3+part5.1	0h:1m:26s (0h:2m:1s left)
  89 K3Pu+F+G4    19513.311   part3.2+part4.3	0h:1m:29s (0h:2m:2s left)
  90 TNe+G4       19551.832   part4.1+part5.3	0h:1m:30s (0h:2m:1s left)
  91 TN+F+I+G4    19577.758   part4.2+part5.3	0h:1m:30s (0h:1m:59s left)
  92 TIM3e+G4     19540.097   part2.1+part4.1	0h:1m:31s (0h:1m:58s left)
  93 K2P+I+G4     19541.018   part3.3+part4.1	0h:1m:32s (0h:1m:57s left)
  94 K2P+G4       19514.658   part3.1+part5.1	0h:1m:33s (0h:1m:56s left)
  95 K2P+G4       19515.107   part3.1+part3.2	0h:1m:34s (0h:1m:54s left)
  96 TIM3e+G4     19558.645   part2.1+part4.2	0h:1m:34s (0h:1m:53s left)
  97 TN+F+G4      19532.988   part1.2+part4.1	0h:1m:34s (0h:1m:51s left)
  98 K2P+G4       19505.261   part2.2+part5.1	0h:1m:35s (0h:1m:49s left)
  99 HKY+F+I+G4   19559.526   part3.3+part4.2	0h:1m:37s (0h:1m:50s left)
 100 HKY+F+G4     19512.076   part2.2+part3.2	0h:1m:38s (0h:1m:49s left)
 101 HKY+F+I+G4   19541.366   part1.2+part4.2	0h:1m:38s (0h:1m:47s left)
 102 K2P+G4       19529.387   part3.1+part5.2	0h:1m:39s (0h:1m:46s left)
 103 TNe+G4       19540.681   part4.1+part4.3	0h:1m:41s (0h:1m:46s left)
 104 TNe+G4       19508.665   part2.2+part5.2	0h:1m:41s (0h:1m:44s left)
 105 K3P+G4       19526.235   part4.3+part5.2	0h:1m:42s (0h:1m:43s left)
 106 K3Pu+F+I+G4  19559.320   part4.2+part4.3	0h:1m:43s (0h:1m:42s left)
 107 K2P+G4       19547.477   part3.1+part4.1	0h:1m:45s (0h:1m:42s left)
 108 TNe+G4       19508.346   part3.2+part5.1	0h:1m:45s (0h:1m:40s left)
 109 HKY+F+I+G4   19520.136   part2.2+part4.1	0h:1m:47s (0h:1m:41s left)
 110 TN+F+G4      19583.414   part3.1+part4.2	0h:1m:48s (0h:1m:39s left)
 111 K2P+I+G4     19517.669   part5.1+part5.2	0h:1m:50s (0h:1m:39s left)
 112 K2P+I+G4     19510.426   part3.2+part5.2	0h:1m:50s (0h:1m:37s left)
 113 K2P+I+G4     19541.339   part2.2+part4.2	0h:1m:51s (0h:1m:36s left)
 114 TNe+G4       19525.732   part4.1+part5.1	0h:1m:52s (0h:1m:36s left)
 115 HKY+F+I+G4   19547.235   part4.2+part5.1	0h:1m:54s (0h:1m:35s left)
 116 HKY+F+I+G4   19543.255   part3.2+part4.2	0h:1m:54s (0h:1m:34s left)
 117 TNe+G4       19516.419   part3.2+part4.1	0h:1m:55s (0h:1m:32s left)
 118 K2P+I+G4     19507.375   part4.1+part5.2	0h:1m:57s (0h:1m:32s left)
 119 K2P+I+G4     19508.963   part4.1+part4.2	0h:1m:58s (0h:1m:31s left)
 120 K2P+I+G4     19515.884   part4.2+part5.2	0h:1m:58s (0h:1m:30s left)
Merging part4.3+part5.3 with BIC score: 19493.389 (LnL: -9290.843  df: 124)
 121 HKY+F+G4     19509.333   part3.1+part4.3+part5.3	0h:2m:3s (0h:1m:32s left)
 122 K2P+G4       19514.680   part2.2+part4.3+part5.3	0h:2m:5s (0h:1m:31s left)
 123 K2P+G4       19515.238   part2.1+part4.3+part5.3	0h:2m:5s (0h:1m:29s left)
 124 TIM2+F+G4    19466.642   part3.3+part4.3+part5.3	0h:2m:6s (0h:1m:28s left)
 125 TIM+F+G4     19518.421   part2.3+part4.3+part5.3	0h:2m:7s (0h:1m:27s left)
 126 TN+F+G4      19487.683   part1.3+part4.3+part5.3	0h:2m:7s (0h:1m:26s left)
 127 TN+F+G4      19470.115   part1.1+part4.3+part5.3	0h:2m:8s (0h:1m:24s left)
 128 HKY+F+G4     19481.027   part1.2+part4.3+part5.3	0h:2m:9s (0h:1m:24s left)
 129 HKY+F+G4     19486.869   part4.3+part5.1+part5.3	0h:2m:12s (0h:1m:24s left)
 130 TN+F+G4      19514.269   part4.3+part5.2+part5.3	0h:2m:13s (0h:1m:23s left)
 131 TNe+G4       19528.670   part4.1+part4.3+part5.3	0h:2m:13s (0h:1m:21s left)
 132 TN+F+G4      19488.626   part3.2+part4.3+part5.3	0h:2m:13s (0h:1m:20s left)
 133 TN+F+I+G4    19538.913   part4.2+part4.3+part5.3	0h:2m:13s (0h:1m:18s left)
Merging part1.2+part3.3 with BIC score: 19464.962 (LnL: -9295.011  df: 119)
 134 HKY+F+I+G4   19471.971   part1.2+part2.2+part3.3	0h:2m:18s (0h:1m:19s left)
 135 HKY+F+G4     19448.331   part1.2+part3.3+part5.1	0h:2m:18s (0h:1m:18s left)
 136 HKY+F+G4     19469.196   part1.2+part3.1+part3.3	0h:2m:19s (0h:1m:16s left)
 137 HKY+F+I+G4   19489.184   part1.2+part3.3+part4.1	0h:2m:19s (0h:1m:15s left)
 138 K2P+G4       19481.914   part1.2+part2.1+part3.3	0h:2m:21s (0h:1m:14s left)
 139 TPM2u+F+G4   19462.098   part1.1+part1.2+part3.3	0h:2m:21s (0h:1m:13s left)
 140 HKY+F+G4     19456.027   part1.2+part1.3+part3.3	0h:2m:22s (0h:1m:12s left)
 141 TN+F+G4      19492.305   part1.2+part2.3+part3.3	0h:2m:22s (0h:1m:10s left)
 142 HKY+F+I+G4   19472.553   part1.2+part3.3+part5.2	0h:2m:26s (0h:1m:11s left)
 143 HKY+F+G4     19447.136   part1.2+part3.2+part3.3	0h:2m:26s (0h:1m:9s left)
 144 HKY+F+I+G4   19496.668   part1.2+part3.3+part4.2	0h:2m:26s (0h:1m:8s left)
 145 TN+F+G4      19453.138   part1.2+part3.3+part4.3+part5.3	0h:2m:27s (0h:1m:7s left)
Merging part1.1+part4.3+part5.3 with BIC score: 19441.688 (LnL: -9305.431  df: 113)
 146 K2P+G4       19483.975   part1.1+part2.2+part4.3+part5.3	0h:2m:35s (0h:1m:9s left)
 147 K3P+G4       19483.921   part1.1+part2.3+part4.3+part5.3	0h:2m:35s (0h:1m:7s left)
 148 TN+F+G4      19479.655   part1.1+part2.1+part4.3+part5.3	0h:2m:35s (0h:1m:6s left)
 149 TIM2+F+G4    19432.190   part1.1+part1.3+part4.3+part5.3	0h:2m:35s (0h:1m:4s left)
 150 TN+F+G4      19456.799   part1.1+part3.1+part4.3+part5.3	0h:2m:36s (0h:1m:3s left)
 151 TIM2+F+G4    19439.454   part1.1+part1.2+part3.3+part4.3+part5.3	0h:2m:36s (0h:1m:2s left)
 152 HKY+F+G4     19490.815   part1.1+part4.1+part4.3+part5.3	0h:2m:36s (0h:1m:0s left)
 153 TN+F+G4      19464.446   part1.1+part4.3+part5.2+part5.3	0h:2m:37s (0h:0m:59s left)
 154 TN+F+G4      19439.758   part1.1+part4.3+part5.1+part5.3	0h:2m:42s (0h:1m:0s left)
 155 TN+F+G4      19486.982   part1.1+part4.2+part4.3+part5.3	0h:2m:42s (0h:0m:58s left)
 156 TN+F+G4      19440.498   part1.1+part3.2+part4.3+part5.3	0h:2m:43s (0h:0m:57s left)
Merging part2.1+part2.2 with BIC score: 19420.030 (LnL: -9316.660  df: 107)
 157 TNe+G4       19416.978   part2.1+part2.2+part3.2	0h:2m:49s (0h:0m:58s left)
 158 TNe+G4       19435.816   part2.1+part2.2+part4.1	0h:2m:49s (0h:0m:56s left)
 159 TNe+G4       19412.965   part2.1+part2.2+part3.1	0h:2m:49s (0h:0m:55s left)
 160 TNe+G4       19452.286   part2.1+part2.2+part4.2	0h:2m:49s (0h:0m:54s left)
 161 K2P+G4       19433.075   part1.3+part2.1+part2.2	0h:2m:49s (0h:0m:52s left)
 162 TN+F+G4      19453.619   part2.1+part2.2+part2.3	0h:2m:49s (0h:0m:51s left)
 163 K2P+I+G4     19447.797   part1.2+part2.1+part2.2+part3.3	0h:2m:50s (0h:0m:50s left)
 164 K2P+G4       19489.683   part1.1+part2.1+part2.2+part4.3+part5.3	0h:2m:52s (0h:0m:49s left)
 165 TNe+G4       19413.710   part2.1+part2.2+part5.1	0h:2m:52s (0h:0m:48s left)
 166 TNe+G4       19408.165   part2.1+part2.2+part5.2	0h:2m:53s (0h:0m:46s left)
Merging part1.2+part3.2+part3.3 with BIC score: 19402.205 (LnL: -9318.775  df: 104)
 167 HKY+F+G4     19408.358   part1.2+part3.1+part3.2+part3.3	0h:2m:59s (0h:0m:47s left)
 168 HKY+F+G4     19384.045   part1.2+part3.2+part3.3+part5.1	0h:2m:59s (0h:0m:45s left)
 169 HKY+F+I+G4   19422.954   part1.2+part3.2+part3.3+part4.1	0h:2m:59s (0h:0m:44s left)
 170 HKY+F+I+G4   19430.217   part1.2+part3.2+part3.3+part4.2	0h:3m:0s (0h:0m:43s left)
 171 K2P+I+G4     19428.936   part1.2+part2.1+part2.2+part3.2+part3.3	0h:3m:0s (0h:0m:42s left)
 172 HKY+F+G4     19427.514   part1.2+part2.3+part3.2+part3.3	0h:3m:1s (0h:0m:41s left)
 173 HKY+F+G4     19395.900   part1.2+part1.3+part3.2+part3.3	0h:3m:2s (0h:0m:40s left)
 174 TIM2+F+G4    19407.730   part1.1+part1.2+part3.2+part3.3+part4.3+part5.3	0h:3m:4s (0h:0m:39s left)
 175 HKY+F+I+G4   19403.961   part1.2+part3.2+part3.3+part5.2	0h:3m:4s (0h:0m:37s left)
Merging part1.2+part3.2+part3.3+part5.1 with BIC score: 19384.045 (LnL: -9317.048  df: 102)
 176 HKY+F+I+G4   19407.175   part1.2+part3.2+part3.3+part4.1+part5.1	0h:3m:11s (0h:0m:37s left)
 177 HKY+F+I+G4   19385.215   part1.2+part3.2+part3.3+part5.1+part5.2	0h:3m:11s (0h:0m:36s left)
 178 HKY+F+I+G4   19411.014   part1.2+part3.2+part3.3+part4.2+part5.1	0h:3m:11s (0h:0m:35s left)
 179 HKY+F+G4     19388.957   part1.2+part3.1+part3.2+part3.3+part5.1	0h:3m:11s (0h:0m:34s left)
 180 K2P+I+G4     19414.759   part1.2+part2.1+part2.2+part3.2+part3.3+part5.1	0h:3m:12s (0h:0m:33s left)
 181 HKY+F+G4     19414.730   part1.2+part2.3+part3.2+part3.3+part5.1	0h:3m:12s (0h:0m:31s left)
 182 HKY+F+G4     19376.424   part1.2+part1.3+part3.2+part3.3+part5.1	0h:3m:13s (0h:0m:30s left)
 183 TPM2u+F+G4   19390.848   part1.1+part1.2+part3.2+part3.3+part4.3+part5.1+part5.3	0h:3m:16s (0h:0m:29s left)
Merging part4.1+part5.2 with BIC score: 19366.686 (LnL: -9319.397  df: 99)
 184 K2P+G4       19399.114   part3.1+part4.1+part5.2	0h:3m:19s (0h:0m:29s left)
 185 K3Pu+F+G4    19444.193   part2.3+part4.1+part5.2	0h:3m:21s (0h:0m:28s left)
 186 K2P+G4       19401.821   part1.3+part4.1+part5.2	0h:3m:22s (0h:0m:27s left)
 187 K2P+I+G4     19355.537   part4.1+part4.2+part5.2	0h:3m:23s (0h:0m:26s left)
 188 TNe+I+G4     19385.314   part2.1+part2.2+part4.1+part5.2	0h:3m:23s (0h:0m:24s left)
 189 HKY+F+I+G4   19400.455   part1.2+part3.2+part3.3+part4.1+part5.1+part5.2	0h:3m:24s (0h:0m:23s left)
 190 HKY+F+G4     19441.687   part1.1+part4.1+part4.3+part5.2+part5.3	0h:3m:25s (0h:0m:22s left)
Merging part4.1+part4.2+part5.2 with BIC score: 19355.537 (LnL: -9332.204  df: 94)
 191 K3P+G4       19490.913   part2.3+part4.1+part4.2+part5.2	0h:3m:30s (0h:0m:21s left)
 192 K2P+I+G4     19421.690   part3.1+part4.1+part4.2+part5.2	0h:3m:30s (0h:0m:20s left)
 193 K2P+G4       19439.503   part1.3+part4.1+part4.2+part5.2	0h:3m:31s (0h:0m:19s left)
 194 TNe+I+G4     19403.594   part2.1+part2.2+part4.1+part4.2+part5.2	0h:3m:32s (0h:0m:18s left)
 195 HKY+F+I+G4   19418.838   part1.2+part3.2+part3.3+part4.1+part4.2+part5.1+part5.2	0h:3m:32s (0h:0m:17s left)
 196 HKY+F+I+G4   19476.330   part1.1+part4.1+part4.2+part4.3+part5.2+part5.3	0h:3m:34s (0h:0m:16s left)
Merging part1.1+part1.3+part4.3+part5.3 with BIC score: 19346.039 (LnL: -9331.131  df: 93)
 197 TN+F+G4      19350.729   part1.1+part1.3+part3.1+part4.3+part5.3	0h:3m:45s (0h:0m:16s left)
 198 TIM2+F+G4    19392.970   part1.1+part1.3+part2.3+part4.3+part5.3	0h:3m:46s (0h:0m:14s left)
 199 K2P+G4       19411.209   part1.1+part1.3+part2.1+part2.2+part4.3+part5.3	0h:3m:46s (0h:0m:13s left)
 200 HKY+F+G4     19469.692   part1.1+part1.3+part4.1+part4.2+part4.3+part5.2+part5.3	0h:3m:46s (0h:0m:12s left)
 201 TIM2+F+G4    19348.170   part1.1+part1.2+part1.3+part3.2+part3.3+part4.3+part5.1+part5.3	0h:3m:47s (0h:0m:11s left)
Merging part2.1+part2.2+part3.1 with BIC score: 19338.974 (LnL: -9334.951  df: 91)
 202 TN+F+G4      19383.861   part2.1+part2.2+part2.3+part3.1	0h:3m:51s (0h:0m:10s left)
 203 TNe+I+G4     19406.959   part2.1+part2.2+part3.1+part4.1+part4.2+part5.2	0h:3m:52s (0h:0m:9s left)
 204 K2P+I+G4     19375.174   part1.2+part2.1+part2.2+part3.1+part3.2+part3.3+part5.1	0h:3m:53s (0h:0m:8s left)
 205 K2P+G4       19410.393   part1.1+part1.3+part2.1+part2.2+part3.1+part4.3+part5.3	0h:3m:57s (0h:0m:6s left)
BEST-FIT PARTITION MODEL: 
  charpartition BIC = TIM2+F+G4: part1.1 part1.3 part4.3 part5.3, HKY+F+G4: part1.2 part3.2 part3.3 part5.1, TNe+G4: part2.1 part2.2 part3.1, K3Pu+F+G4: part2.3, K2P+I+G4: part4.1 part4.2 part5.2;
Agglomerative model selection: (((part1.1,(part4.3,part5.3)1:19493.4)3:19441.7,part1.3)9:19346,(((part1.2,part3.3)2:19465,part3.2)5:19402.2,part5.1)6:19384,((part2.1,part2.2)4:19420,part3.1)10:19339,part2.3,((part4.1,part5.2)7:19366.7,part4.2)8:19355.5)
Merging into 5 partitions...
Partition information was printed to 2_set86.best_scheme.nex
Partition information in Raxml format was printed to 2_set86.best_scheme

All model information printed to 2_set86.model.gz
CPU time for ModelFinder: 241.883 seconds (0h:4m:1s)
Wall-clock time for ModelFinder: 238.846 seconds (0h:3m:58s)
Generating 1000 samples for ultrafast bootstrap (seed: 986931)...

NOTE: 7 MB RAM (0 GB) is required!
Measuring multi-threading efficiency up to 8 CPU cores
Increase to 10 rounds for branch lengths
21 trees examined
Threads: 1 / Time: 8.032 sec / Speedup: 1.000 / Efficiency: 100% / LogL: -14069
Threads: 2 / Time: 19.176 sec / Speedup: 0.419 / Efficiency: 21% / LogL: -14069
BEST NUMBER OF THREADS: 1

Estimate model parameters (epsilon = 0.100)
Initial log-likelihood: -9962.169
Current log-likelihood at step 1: -9434.235
Current log-likelihood at step 2: -9417.624
Current log-likelihood at step 3: -9410.791
Current log-likelihood at step 4: -9408.478
Current log-likelihood at step 5: -9406.044
Current log-likelihood at step 6: -9403.474
Current log-likelihood at step 7: -9400.751
Current log-likelihood at step 8: -9397.857
Current log-likelihood at step 9: -9394.771
Current log-likelihood at step 10: -9391.467
Current log-likelihood at step 11: -9387.912
Current log-likelihood at step 12: -9384.070
Current log-likelihood at step 13: -9379.894
Current log-likelihood at step 14: -9375.328
Current log-likelihood at step 15: -9370.301
Current log-likelihood at step 16: -9364.730
Current log-likelihood at step 17: -9358.515
Current log-likelihood at step 18: -9351.555
Current log-likelihood at step 19: -9343.790
Current log-likelihood at step 20: -9335.362
Current log-likelihood at step 21: -9320.968
Current log-likelihood at step 22: -9320.955
Parameters optimization took 21 rounds (4.585 sec)

Computing ML distances based on estimated model parameters... 0.054 sec
Computing BIONJ tree...
0.004 seconds
Log-likelihood of BIONJ tree: -9345.823
--------------------------------------------------------------------
|             INITIALIZING CANDIDATE TREE SET                      |
--------------------------------------------------------------------
Generating 98 parsimony trees... 4.710 second
Computing log-likelihood of 98 initial trees ... 10.175 seconds
Current best score: -9318.136

Do NNI search on 20 best initial trees
Estimate model parameters (epsilon = 0.100)
Initial log-likelihood: -9316.451
Current log-likelihood at step 1: -9316.408
Parameters optimization took 0 rounds (0.159 sec)

BETTER TREE FOUND at iteration 1: -9316.408
Iteration 10 / LogL: -9316.409 / Time: 0h:0m:54s
Iteration 20 / LogL: -9320.672 / Time: 0h:1m:7s
Finish initializing candidate tree set (3)
Current best tree score: -9316.408 / CPU time: 35.085
Number of iterations: 20
--------------------------------------------------------------------
|               OPTIMIZING CANDIDATE TREE SET                      |
--------------------------------------------------------------------
Iteration 30 / LogL: -9316.862 / Time: 0h:1m:21s (0h:3m:20s left)
Iteration 40 / LogL: -9320.654 / Time: 0h:1m:33s (0h:2m:25s left)
Iteration 50 / LogL: -9316.881 / Time: 0h:1m:46s (0h:1m:50s left)
Log-likelihood cutoff on original alignment: -9357.750
Iteration 60 / LogL: -9316.901 / Time: 0h:1m:58s (0h:1m:22s left)
Iteration 70 / LogL: -9323.274 / Time: 0h:2m:9s (0h:0m:58s left)
Iteration 80 / LogL: -9316.909 / Time: 0h:2m:20s (0h:0m:37s left)
UPDATE BEST LOG-LIKELIHOOD: -9316.408
Iteration 90 / LogL: -9316.864 / Time: 0h:2m:32s (0h:0m:18s left)
Iteration 100 / LogL: -9317.053 / Time: 0h:2m:44s (0h:0m:1s left)
Log-likelihood cutoff on original alignment: -9357.750
NOTE: Bootstrap correlation coefficient of split occurrence frequencies: 0.998
TREE SEARCH COMPLETED AFTER 102 ITERATIONS / Time: 0h:2m:47s

--------------------------------------------------------------------
|                    FINALIZING TREE SEARCH                        |
--------------------------------------------------------------------
Performs final model parameters optimization
Estimate model parameters (epsilon = 0.010)
Initial log-likelihood: -9316.408
Current log-likelihood at step 1: -9316.407
Parameters optimization took 0 rounds (0.181 sec)

BEST SCORE FOUND : -9316.407
Creating bootstrap support values...
Split supports printed to NEXUS file 2_set86.splits.nex
Total tree length: 1.330

Total number of iterations: 102
CPU time used for tree search: 42.249 sec (0h:0m:42s)
Wall-clock time used for tree search: 134.607 sec (0h:2m:14s)
Total CPU time used: 50.728 sec (0h:0m:50s)
Total wall-clock time used: 167.985 sec (0h:2m:47s)

Computing bootstrap consensus tree...
Reading input file 2_set86.splits.nex...
35 taxa and 156 splits.
Consensus tree written to 2_set86.contree
Reading input trees file 2_set86.contree
Log-likelihood of consensus tree: -9316.407

Analysis results written to: 
  IQ-TREE report:                2_set86.iqtree
  Maximum-likelihood tree:       2_set86.treefile
  Likelihood distances:          2_set86.mldist
  Best partitioning scheme:      2_set86.best_scheme.nex
           in RAxML format:      2_set86.best_scheme

Ultrafast bootstrap approximation results written to:
  Split support values:          2_set86.splits.nex
  Consensus tree:                2_set86.contree
  Screen log file:               2_set86.log

Date and Time: Fri Sep  7 02:29:18 2018
