IQ-TREE multicore version 1.6.7 for Mac OS X 64-bit built Aug 23 2018
Developed by Bui Quang Minh, Nguyen Lam Tung, Olga Chernomor,
Heiko Schmidt, Dominik Schrempf, Michael Woodhams.

Host:    meeps-mac-pro.staff.sydney.edu.au (AVX, 64 GB RAM)
Command: /Users/davidduchene/Desktop/Software/iqtree-1.6.7-MacOSX/bin/iqtree -s ../../../RobAlignments/1_Sauquet_2011.fasta -m TESTMERGE -bb 1000 -sp ../../../RobAlignments/1_Sauquet_2011_partitions.nex -nt 2 -pre 6_setSauquet_2011
Seed:    795966 (Using SPRNG - Scalable Parallel Random Number Generator)
Time:    Fri Sep  7 10:55:31 2018
Kernel:  AVX - 2 threads (8 CPU cores detected)

Reading partition model file ../../../RobAlignments/1_Sauquet_2011_partitions.nex ...
Reading alignment file ../../../RobAlignments/1_Sauquet_2011.fasta ... Fasta format detected
Alignment most likely contains DNA/RNA sequences
Alignment has 51 sequences with 5441 columns, 1817 distinct patterns
840 parsimony-informative, 657 singleton sites, 3944 constant sites
                             Gap/Ambiguity  Composition  p-value
   1  Alfaroa_williamsii            70.48%    failed      1.16%
   2  Alfaropsis_roxburghiana       70.17%    failed      0.44%
   3  Betula_platyphylla            10.73%    passed     67.02%
   4  Carpinus_betulus              11.12%    passed     79.87%
   5  Carya_illinoinensis           45.23%    passed     20.20%
   6  Castanea_sativa               11.54%    passed     96.87%
   7  Casuarina_equisetifolia       27.62%    passed     39.43%
   8  Chrysolepis_sempervirens      40.95%    failed      0.00%
   9  Comptonia_peregrina           25.80%    passed     51.97%
  10  Cucumis_sativus               20.64%    failed      0.44%
  11  Cyclocarya_paliurus           12.30%    passed     42.30%
  12  Engelhardia_fenzelii          20.66%    failed      0.03%
  13  Fagus_grandifolia             20.44%    passed     64.64%
  14  Juglans_nigra                 10.77%    passed     53.36%
  15  Lithocarpus_henryi            16.34%    passed     85.68%
  16  Lotus_japonicus               39.63%    passed      6.40%
  17  Morella_cerifera              41.50%    passed     66.12%
  18  Nothofagus_aequilateralis     73.81%    passed     25.29%
  19  Nothofagus_alessandri          9.67%    passed     97.62%
  20  Nothofagus_alpina             51.76%    failed      2.11%
  21  Nothofagus_antarctica         10.66%    passed     86.78%
  22  Nothofagus_balansae           51.24%    passed     33.86%
  23  Nothofagus_baumanniae         83.37%    failed      0.00%
  24  Nothofagus_betuloides         51.19%    passed     17.51%
  25  Nothofagus_brassii            65.70%    failed      0.00%
  26  Nothofagus_carrii             83.39%    failed      0.00%
  27  Nothofagus_cliffortioides     83.37%    failed      0.00%
  28  Nothofagus_codonandra         60.78%    passed     56.64%
  29  Nothofagus_cunninghamii       11.30%    passed     93.33%
  30  Nothofagus_discoidea          60.80%    passed     62.74%
  31  Nothofagus_dombeyi            50.19%    passed     33.91%
  32  Nothofagus_fusca              10.02%    passed     94.17%
  33  Nothofagus_glauca             11.51%    passed     91.04%
  34  Nothofagus_grandis            51.22%    passed     61.30%
  35  Nothofagus_gunnii             10.03%    passed     91.29%
  36  Nothofagus_menziesii          11.32%    passed     89.96%
  37  Nothofagus_moorei             11.34%    passed     93.66%
  38  Nothofagus_nitida             10.03%    passed     91.65%
  39  Nothofagus_obliqua            11.45%    passed     92.45%
  40  Nothofagus_perryi             65.70%    failed      0.00%
  41  Nothofagus_pumilio            51.09%    passed     18.74%
  42  Nothofagus_resinosa           65.70%    failed      0.00%
  43  Nothofagus_solandri           10.03%    passed     93.66%
  44  Nothofagus_truncata           10.02%    passed     92.59%
  45  Oreomunnea_mexicana           70.45%    failed      0.89%
  46  Phaseolous_vulgaris           65.59%    passed     10.73%
  47  Platycarya_strobilacea        13.03%    passed     60.97%
  48  Quercus_rubra                 15.22%    passed     92.40%
  49  Rhoiptelea_chiliantha         10.75%    passed     33.25%
  50  Ticodendron_incognitum        24.85%    passed     69.07%
  51  Trigonobalanus_verticellata   11.19%    passed     96.57%
WARNING: 19 sequences contain more than 50% gaps/ambiguity
****  TOTAL                         34.97%  13 sequences failed composition chi2 test (p-value<5%; df=3)
NOTE: No CharPartition defined, use all CharSets

Loading 10 partitions...
Subset	Type	Seqs	Sites	Infor	Invar	Model	Name
1		31	451	20	410	TESTMERGE	atpb_pos1
2		31	451	8	436	TESTMERGE	atpb_pos2
3		31	451	103	268	TESTMERGE	atpb_pos3
4		48	476	18	419	TESTMERGE	rbcl_pos1
5		48	476	11	441	TESTMERGE	rbcl_pos2
6		48	476	131	249	TESTMERGE	rbcl_pos3
7		41	993	127	725	TESTMERGE	spacer_rbcl
8		33	481	118	277	TESTMERGE	spacer_trnlf
9		31	558	104	362	TESTMERGE	trnl_intron
10		42	628	200	357	TESTMERGE	its
Degree of missing data: 0.241
Info: multi-threading strategy over partitions



Create initial parsimony tree by phylogenetic likelihood library (PLL)... 0.048 seconds
NOTE: ModelFinder requires 17 MB RAM!
Testing GTR+F+G on supermatrix...
GTR+F+G4 / LnL: -22564.654 / df: 108 / AIC: 45345.308 / AICc: 45349.724 / BIC: 46058.294
Selecting individual models for 10 charsets using BIC...
 No. Model        Score       Charset
   1 GTR+F+I+G4   9132.455    its
   2 TVM+F+G4     7515.498    spacer_rbcl
   3 K3Pu+F+I     4697.195    spacer_trnlf
   4 K3Pu+F+G4    5857.944    rbcl_pos3
   5 TIM+F+I      4998.715    trnl_intron
   6 TVM+F+I      4276.756    atpb_pos3
   7 F81+F+I+G4   3287.819    rbcl_pos1
   8 JC+I+G4      2793.652    rbcl_pos2
   9 TN+F+I       2326.996    atpb_pos1
  10 HKY+F+I      1897.171    atpb_pos2	0h:1m:7s (0h:9m:9s left)
Full partition model BIC score: 48645.853 (LnL: -20877.939  df:801)
Merging models to increase model fit (about 91 total partition schemes)...
  11 TVM+F+G4     48139.160   rbcl_pos3+spacer_rbcl	0h:2m:0s (0h:14m:33s left)
  12 TIM+F+I+G4   48579.351   spacer_rbcl+its	0h:2m:4s (0h:13m:42s left)
  13 TVM+F+G4     48247.058   spacer_rbcl+spacer_trnlf	0h:2m:42s (0h:16m:16s left)
  14 TVM+F+G4     48289.019   spacer_rbcl+trnl_intron	0h:2m:48s (0h:15m:29s left)
  15 TIMe+I+G4    48549.600   spacer_trnlf+its	0h:3m:23s (0h:17m:11s left)
  16 TNe+G4       48469.967   rbcl_pos3+its	0h:3m:24s (0h:15m:59s left)
  17 K3Pu+F+I+G4  48357.101   rbcl_pos1+spacer_rbcl	0h:3m:56s (0h:17m:8s left)
  18 TVM+F+G4     48354.925   atpb_pos3+spacer_rbcl	0h:4m:5s (0h:16m:36s left)
  19 K3Pu+F+I+G4  48337.939   rbcl_pos2+spacer_rbcl	0h:4m:38s (0h:17m:34s left)
  20 TNe+I+G4     48559.083   trnl_intron+its	0h:4m:39s (0h:16m:30s left)
  21 K3Pu+F+G4    48230.724   rbcl_pos3+trnl_intron	0h:5m:13s (0h:17m:23s left)
  22 TVM+F+G4     48240.005   rbcl_pos3+spacer_trnlf	0h:5m:20s (0h:16m:45s left)
  23 TIM+F+G4     48507.216   atpb_pos1+spacer_rbcl	0h:5m:38s (0h:16m:41s left)
  24 K3Pu+F+G4    48471.902   atpb_pos2+spacer_rbcl	0h:5m:47s (0h:16m:9s left)
  25 TIMe+I+G4    48647.090   atpb_pos3+its	0h:6m:13s (0h:16m:26s left)
  26 TIM2+F+I+G4  48330.095   rbcl_pos1+its	0h:6m:22s (0h:15m:56s left)
  27 TVM+F+I      48270.453   spacer_trnlf+trnl_intron	0h:6m:40s (0h:15m:48s left)
  28 TNe+I+G4     48441.889   rbcl_pos2+its	0h:6m:54s (0h:15m:33s left)
  29 TIM3+F+I+G4  48277.822   rbcl_pos1+rbcl_pos3	0h:7m:9s (0h:15m:17s left)
  30 TVM+F+G4     48157.945   atpb_pos3+rbcl_pos3	0h:7m:11s (0h:14m:37s left)
  31 TPM3u+F+I+G4 48260.351   rbcl_pos2+rbcl_pos3	0h:7m:23s (0h:14m:19s left)
  32 TIM2+F+I+G4  48479.452   atpb_pos1+its	0h:7m:40s (0h:14m:8s left)
  33 TNe+I+G4     48544.017   atpb_pos2+its	0h:7m:52s (0h:13m:50s left)
  34 K3P+G4       48574.589   rbcl_pos1+spacer_trnlf	0h:8m:13s (0h:13m:47s left)
  35 TVM+F+I      48262.683   atpb_pos3+spacer_trnlf	0h:8m:26s (0h:13m:30s left)
  36 TVM+F+I      48232.961   atpb_pos3+trnl_intron	0h:8m:36s (0h:13m:8s left)
  37 TIM+F+I+G4   48431.878   rbcl_pos1+trnl_intron	0h:8m:45s (0h:12m:46s left)
  38 TIM+F+G4     48460.019   atpb_pos1+rbcl_pos3	0h:8m:51s (0h:12m:21s left)
  39 K3Pu+F+I     48555.082   rbcl_pos2+spacer_trnlf	0h:9m:4s (0h:12m:6s left)
  40 HKY+F+G4     48406.204   rbcl_pos2+trnl_intron	0h:9m:6s (0h:11m:36s left)
  41 TIM+F+I      48519.575   atpb_pos1+spacer_trnlf	0h:9m:18s (0h:11m:20s left)
  42 K3Pu+F+G4    48433.092   atpb_pos2+rbcl_pos3	0h:9m:19s (0h:10m:53s left)
  43 TIM+F+G4     48351.469   atpb_pos1+trnl_intron	0h:9m:27s (0h:10m:33s left)
  44 K3Pu+F+I     48520.023   atpb_pos2+spacer_trnlf	0h:9m:32s (0h:10m:11s left)
  45 K3Pu+F+G4    48384.717   atpb_pos2+trnl_intron	0h:9m:37s (0h:9m:49s left)
  46 GTR+F+G4     48535.734   atpb_pos3+rbcl_pos1	0h:9m:45s (0h:9m:33s left)
  47 TPM3+F+G4    48469.748   atpb_pos3+rbcl_pos2	0h:9m:49s (0h:9m:12s left)
  48 GTR+F+G4     48434.663   atpb_pos1+atpb_pos3	0h:9m:56s (0h:8m:54s left)
  49 JC+I+G4      47930.431   rbcl_pos1+rbcl_pos2	0h:9m:57s (0h:8m:32s left)
  50 TVM+F+I      48409.001   atpb_pos2+atpb_pos3	0h:10m:5s (0h:8m:16s left)
  51 TN+F+I+G4    48156.555   atpb_pos1+rbcl_pos1	0h:10m:9s (0h:7m:58s left)
  52 K2P+I+G4     48221.883   atpb_pos2+rbcl_pos1	0h:10m:16s (0h:7m:42s left)
  53 K2P+I+G4     48208.965   atpb_pos1+rbcl_pos2	0h:10m:20s (0h:7m:24s left)
  54 K2P+I        48198.682   atpb_pos1+atpb_pos2	0h:10m:23s (0h:7m:7s left)
  55 HKY+F+I+G4   48182.865   atpb_pos2+rbcl_pos2	0h:10m:26s (0h:6m:50s left)
Merging rbcl_pos1+rbcl_pos2 with BIC score: 47930.431 (LnL: -20941.712  df: 703)
  56 K3P+I+G4     47999.663   rbcl_pos1+rbcl_pos2+spacer_trnlf	0h:10m:49s (0h:6m:46s left)
  57 K3Pu+F+I+G4  47775.095   rbcl_pos1+rbcl_pos2+spacer_rbcl	0h:10m:58s (0h:6m:32s left)
  58 TN+F+I+G4    47810.643   rbcl_pos1+rbcl_pos2+trnl_intron	0h:11m:14s (0h:6m:23s left)
  59 TIM3+F+I+G4  47920.359   atpb_pos3+rbcl_pos1+rbcl_pos2	0h:11m:32s (0h:6m:15s left)
  60 TNe+I+G4     47855.405   rbcl_pos1+rbcl_pos2+its	0h:11m:43s (0h:6m:3s left)
  61 TIM3+F+I+G4  47711.230   rbcl_pos1+rbcl_pos2+rbcl_pos3	0h:11m:52s (0h:5m:50s left)
  62 TN+F+I+G4    47472.890   atpb_pos1+rbcl_pos1+rbcl_pos2	0h:12m:0s (0h:5m:37s left)
  63 K2P+I+G4     47486.042   atpb_pos2+rbcl_pos1+rbcl_pos2	0h:12m:7s (0h:5m:23s left)
Merging rbcl_pos3+spacer_rbcl with BIC score: 47423.737 (LnL: -21028.133  df: 624)
  64 TVM+F+G4     46986.998   rbcl_pos3+spacer_rbcl+trnl_intron	0h:13m:26s (0h:5m:40s left)
  65 TVM+F+G4     46950.707   rbcl_pos3+spacer_rbcl+spacer_trnlf	0h:13m:33s (0h:5m:25s left)
  66 TVM+F+G4     46977.598   atpb_pos3+rbcl_pos3+spacer_rbcl	0h:14m:48s (0h:5m:36s left)
  67 GTR+F+I+G4   47425.576   rbcl_pos3+spacer_rbcl+its	0h:15m:0s (0h:5m:22s left)
  68 TVM+F+I+G4   47363.099   rbcl_pos1+rbcl_pos2+rbcl_pos3+spacer_rbcl	0h:15m:35s (0h:5m:16s left)
  69 TIM+F+G4     47319.106   atpb_pos1+rbcl_pos3+spacer_rbcl	0h:15m:50s (0h:5m:3s left)
  70 TVM+F+G4     47283.830   atpb_pos2+rbcl_pos3+spacer_rbcl	0h:16m:22s (0h:4m:54s left)
Merging rbcl_pos3+spacer_rbcl+spacer_trnlf with BIC score: 46950.707 (LnL: -21088.377  df: 555)
  71 TVM+F+G4     46529.872   rbcl_pos3+spacer_rbcl+spacer_trnlf+trnl_intron	0h:17m:53s (0h:5m:2s left)
  72 GTR+F+I+G4   47077.929   rbcl_pos3+spacer_rbcl+spacer_trnlf+its	0h:18m:4s (0h:4m:46s left)
  73 TVM+F+I+G4   47044.263   rbcl_pos1+rbcl_pos2+rbcl_pos3+spacer_rbcl+spacer_trnlf	0h:19m:2s (0h:4m:41s left)
  74 TVM+F+G4     46516.575   atpb_pos3+rbcl_pos3+spacer_rbcl+spacer_trnlf	0h:19m:24s (0h:4m:27s left)
  75 GTR+F+G4     46923.057   atpb_pos1+rbcl_pos3+spacer_rbcl+spacer_trnlf	0h:20m:3s (0h:4m:16s left)
  76 TVM+F+G4     46878.225   atpb_pos2+rbcl_pos3+spacer_rbcl+spacer_trnlf	0h:20m:22s (0h:4m:1s left)
Merging atpb_pos1+rbcl_pos1+rbcl_pos2 with BIC score: 46493.166 (LnL: -21117.658  df: 495)
  77 TIM3+F+I+G4  46498.191   atpb_pos1+atpb_pos3+rbcl_pos1+rbcl_pos2	0h:20m:40s (0h:3m:45s left)
  78 TIM2+F+I+G4  46501.032   atpb_pos1+rbcl_pos1+rbcl_pos2+its	0h:21m:6s (0h:3m:31s left)
  79 TIM3+F+I+G4  46385.795   atpb_pos1+rbcl_pos1+rbcl_pos2+trnl_intron	0h:21m:33s (0h:3m:16s left)
  80 GTR+F+I+G4   46756.335   atpb_pos1+rbcl_pos1+rbcl_pos2+rbcl_pos3+spacer_rbcl+spacer_trnlf	0h:21m:36s (0h:2m:58s left)
  81 K2P+I+G4     46063.602   atpb_pos1+atpb_pos2+rbcl_pos1+rbcl_pos2	0h:21m:51s (0h:2m:41s left)
Merging atpb_pos3+rbcl_pos3+spacer_rbcl+spacer_trnlf with BIC score: 46059.035 (LnL: -21188.750  df: 428)
  82 TVM+F+G4     45639.384   atpb_pos3+rbcl_pos3+spacer_rbcl+spacer_trnlf+trnl_intron	0h:23m:25s (0h:2m:34s left)
  83 GTR+F+G4     46292.155   atpb_pos3+rbcl_pos3+spacer_rbcl+spacer_trnlf+its	0h:23m:30s (0h:2m:15s left)
  84 GTR+F+I+G4   46430.928   atpb_pos1+atpb_pos3+rbcl_pos1+rbcl_pos2+rbcl_pos3+spacer_rbcl+spacer_trnlf	0h:24m:24s (0h:2m:2s left)
  85 TVM+F+G4     45997.252   atpb_pos2+atpb_pos3+rbcl_pos3+spacer_rbcl+spacer_trnlf	0h:24m:31s (0h:1m:43s left)
Merging atpb_pos1+atpb_pos2+rbcl_pos1+rbcl_pos2 with BIC score: 45629.471 (LnL: -21266.426  df: 360)
  86 TIM3+F+I+G4  45561.010   atpb_pos1+atpb_pos2+rbcl_pos1+rbcl_pos2+trnl_intron	0h:24m:53s (0h:1m:26s left)
  87 TNe+I+G4     45731.593   atpb_pos1+atpb_pos2+rbcl_pos1+rbcl_pos2+its	0h:25m:8s (0h:1m:9s left)
  88 GTR+F+I+G4   46140.874   atpb_pos1+atpb_pos2+atpb_pos3+rbcl_pos1+rbcl_pos2+rbcl_pos3+spacer_rbcl+spacer_trnlf	0h:25m:45s (0h:0m:52s left)
Merging atpb_pos3+rbcl_pos3+spacer_rbcl+spacer_trnlf+trnl_intron with BIC score: 45209.820 (LnL: -21340.458  df: 294)
  89 GTR+F+I+G4   45754.553   atpb_pos1+atpb_pos2+atpb_pos3+rbcl_pos1+rbcl_pos2+rbcl_pos3+spacer_rbcl+spacer_trnlf+trnl_intron	0h:27m:3s (0h:0m:36s left)
  90 GTR+F+G4     45479.157   atpb_pos3+rbcl_pos3+spacer_rbcl+spacer_trnlf+trnl_intron+its	0h:27m:54s (0h:0m:18s left)
BEST-FIT PARTITION MODEL: 
  charpartition BIC = K2P+I+G4: atpb_pos1 atpb_pos2 rbcl_pos1 rbcl_pos2, TVM+F+G4: atpb_pos3 rbcl_pos3 spacer_rbcl spacer_trnlf trnl_intron, GTR+F+I+G4: its;
Agglomerative model selection: (((atpb_pos1,(rbcl_pos1,rbcl_pos2)1:47930.4)4:46493.2,atpb_pos2)6:45629.5,((atpb_pos3,((rbcl_pos3,spacer_rbcl)2:47423.7,spacer_trnlf)3:46950.7)5:46059,trnl_intron)7:45209.8,its)
Merging into 3 partitions...
Partition information was printed to 6_setSauquet_2011.best_scheme.nex
Partition information in Raxml format was printed to 6_setSauquet_2011.best_scheme

All model information printed to 6_setSauquet_2011.model.gz
CPU time for ModelFinder: 706.606 seconds (0h:11m:46s)
Wall-clock time for ModelFinder: 1674.851 seconds (0h:27m:54s)
Generating 1000 samples for ultrafast bootstrap (seed: 795966)...

NOTE: 19 MB RAM (0 GB) is required!
Estimate model parameters (epsilon = 0.100)
Optimizing TVM+F+G4 parameters for partition atpb_pos3+rbcl_pos3+spacer_rbcl+spacer_trnlf+trnl_intron (107 free parameters)
Optimizing GTR+F+I+G4 parameters for partition its (91 free parameters)
Optimizing K2P+I+G4 parameters for partition atpb_pos1+atpb_pos2+rbcl_pos1+rbcl_pos2 (96 free parameters)
Optimal log-likelihood: -21340.036
Computing ML distances based on estimated model parameters... 0.115 sec
WARNING: Some pairwise ML distances are too long (saturated)
Computing BIONJ tree...
0.007 seconds
Log-likelihood of BIONJ tree: -21921.051
--------------------------------------------------------------------
|             INITIALIZING CANDIDATE TREE SET                      |
--------------------------------------------------------------------
Generating 98 parsimony trees... 5.848 second
Computing log-likelihood of 98 initial trees ... 17.020 seconds
Current best score: -21340.036

Do NNI search on 20 best initial trees
Estimate model parameters (epsilon = 0.100)
BETTER TREE FOUND at iteration 1: -21334.955
BETTER TREE FOUND at iteration 2: -21334.948
Iteration 10 / LogL: -21334.950 / Time: 0h:1m:33s
UPDATE BEST LOG-LIKELIHOOD: -21334.948
UPDATE BEST LOG-LIKELIHOOD: -21334.940
Iteration 20 / LogL: -21341.877 / Time: 0h:1m:49s
Finish initializing candidate tree set (3)
Current best tree score: -21334.940 / CPU time: 56.748
Number of iterations: 20
--------------------------------------------------------------------
|               OPTIMIZING CANDIDATE TREE SET                      |
--------------------------------------------------------------------
Iteration 30 / LogL: -21337.239 / Time: 0h:2m:19s (0h:5m:47s left)
Estimate model parameters (epsilon = 0.100)
BETTER TREE FOUND at iteration 35: -21333.639
Estimate model parameters (epsilon = 0.100)
UPDATE BEST LOG-LIKELIHOOD: -21333.356
Iteration 40 / LogL: -21333.356 / Time: 0h:2m:54s (0h:7m:3s left)
Iteration 50 / LogL: -21334.469 / Time: 0h:3m:26s (0h:5m:57s left)
Log-likelihood cutoff on original alignment: -21382.505
Iteration 60 / LogL: -21335.663 / Time: 0h:3m:56s (0h:5m:0s left)
Iteration 70 / LogL: -21336.430 / Time: 0h:4m:35s (0h:4m:19s left)
Iteration 80 / LogL: -21336.163 / Time: 0h:5m:18s (0h:3m:41s left)
UPDATE BEST LOG-LIKELIHOOD: -21333.354
Iteration 90 / LogL: -21334.469 / Time: 0h:6m:2s (0h:3m:3s left)
Iteration 100 / LogL: -21335.577 / Time: 0h:6m:44s (0h:2m:22s left)
Log-likelihood cutoff on original alignment: -21383.045
NOTE: Bootstrap correlation coefficient of split occurrence frequencies: 0.999
Iteration 110 / LogL: -21391.274 / Time: 0h:7m:24s (0h:6m:7s left)
Iteration 120 / LogL: -21336.561 / Time: 0h:8m:10s (0h:5m:29s left)
Iteration 130 / LogL: -21376.850 / Time: 0h:8m:59s (0h:4m:52s left)
TREE SEARCH COMPLETED AFTER 136 ITERATIONS / Time: 0h:9m:27s

--------------------------------------------------------------------
|                    FINALIZING TREE SEARCH                        |
--------------------------------------------------------------------
Performs final model parameters optimization
Estimate model parameters (epsilon = 0.010)
Optimizing TVM+F+G4 parameters for partition atpb_pos3+rbcl_pos3+spacer_rbcl+spacer_trnlf+trnl_intron (107 free parameters)
Optimizing GTR+F+I+G4 parameters for partition its (91 free parameters)
Optimizing K2P+I+G4 parameters for partition atpb_pos1+atpb_pos2+rbcl_pos1+rbcl_pos2 (96 free parameters)
Optimal log-likelihood: -21333.346
BEST SCORE FOUND : -21333.346
Creating bootstrap support values...
Split supports printed to NEXUS file 6_setSauquet_2011.splits.nex
Total tree length: 0.956

Total number of iterations: 136
CPU time used for tree search: 158.392 sec (0h:2m:38s)
Wall-clock time used for tree search: 514.724 sec (0h:8m:34s)
Total CPU time used: 175.509 sec (0h:2m:55s)
Total wall-clock time used: 571.371 sec (0h:9m:31s)

Computing bootstrap consensus tree...
Reading input file 6_setSauquet_2011.splits.nex...
51 taxa and 204 splits.
Consensus tree written to 6_setSauquet_2011.contree
Reading input trees file 6_setSauquet_2011.contree
Log-likelihood of consensus tree: -21333.331

Analysis results written to: 
  IQ-TREE report:                6_setSauquet_2011.iqtree
  Maximum-likelihood tree:       6_setSauquet_2011.treefile
  Likelihood distances:          6_setSauquet_2011.mldist
  Best partitioning scheme:      6_setSauquet_2011.best_scheme.nex
           in RAxML format:      6_setSauquet_2011.best_scheme

Ultrafast bootstrap approximation results written to:
  Split support values:          6_setSauquet_2011.splits.nex
  Consensus tree:                6_setSauquet_2011.contree
  Screen log file:               6_setSauquet_2011.log

Date and Time: Fri Sep  7 11:32:58 2018
