IQ-TREE multicore version 1.6.7 for Mac OS X 64-bit built Aug 23 2018
Developed by Bui Quang Minh, Nguyen Lam Tung, Olga Chernomor,
Heiko Schmidt, Dominik Schrempf, Michael Woodhams.

Host:    meeps-mac-pro.staff.sydney.edu.au (AVX, 64 GB RAM)
Command: /Users/davidduchene/Desktop/Software/iqtree-1.6.7-MacOSX/bin/iqtree -s ../../../../marsupials/set11.fasta -m TESTMERGE -bb 1000 -sp ../../../../marsupials/set11.nex -nt AUTO -pre 6_set11
Seed:    315978 (Using SPRNG - Scalable Parallel Random Number Generator)
Time:    Thu Sep  6 13:36:52 2018
Kernel:  AVX - auto-detect threads (8 CPU cores detected)

Reading partition model file ../../../../marsupials/set11.nex ...
Reading alignment file ../../../../marsupials/set11.fasta ... Fasta format detected
Alignment most likely contains DNA/RNA sequences
Alignment has 37 sequences with 1914 columns, 929 distinct patterns
445 parsimony-informative, 319 singleton sites, 1150 constant sites
                                              Gap/Ambiguity  Composition  p-value
   1  Burramyidae_Burramys_parvus                     4.86%    passed     82.35%
   2  Notoryctidae_Notoryctes_typhlops                1.88%    passed     60.05%
   3  Vombatidae_Lasiorhinus_latifrons                1.25%    passed     98.88%
   4  Potoroidae_Bettongia_penicillata                0.99%    passed     85.18%
   5  Potoroidae_Bettongia_lesueur                    0.89%    passed     82.49%
   6  Dasyuridae_Dasyurus_maculatus                   2.09%    passed     86.75%
   7  Phalangeridae_Trichosurus_vulpecula             0.47%    passed     97.81%
   8  Phalangeridae_Spilocuscus_maculatus             0.68%    passed     99.88%
   9  Potoroidae_Aepyprymnus_rufescens                0.78%    passed     92.00%
  10  Peramelidae_Perameles_nasuta                   14.63%    passed     88.55%
  11  Myrmecobiidae_Myrmecobius_fasciatus1           81.50%    failed      0.00%
  12  Phalangeridae_Strigocuscus_pelengensis          5.33%    passed     95.07%
  13  Dasyuridae_Phascogale_tapoatafa                 0.26%    passed     99.12%
  14  Dasyuridae_Sminthopsis_macroura                 0.84%    passed     98.04%
  15  Phalangeridae_Phalanger_orientalis              0.21%    passed     98.85%
  16  Acrobatidae_Acrobates_pygmaeus                  1.25%    passed     79.23%
  17  Dasyuridae_Phascogale_calura                    0.21%    passed     99.20%
  18  Dasyuridae_Sarcophilus_harrisii                 2.93%    passed     87.64%
  19  Dasyuridae_Planigale_tenuirostris              12.70%    passed     95.11%
  20  Peramelidae_Echymipera_kalubu                   6.06%    passed     98.53%
  21  Macropodidae_Dorcopsulus_vanheurni              1.46%    passed     98.68%
  22  Pseudochiridae_Pseudochirulus_forbesi           0.31%    passed     91.44%
  23  Didelphidae_Didelphis_virginiana                2.46%    passed     83.26%
  24  Marmosidae_Monodelphis_domestica                4.18%    passed     98.06%
  25  Dasyuridae_Antechinus_stuartii                  2.51%    passed     98.12%
  26  Hypsiprymnodontidae_Hypsiprymnodon_moschatus    3.55%    passed     92.01%
  27  Microbiotheriidae_Dromiciops_gliroides          3.61%    passed     98.22%
  28  Pseudochiridae_Petauroides_volans               0.57%    passed     94.31%
  29  Macropodidae_Wallabia_bicolor                   0.78%    passed     92.80%
  30  Pseudochiridae_Pseudocheirus_occidentalis      17.66%    passed     50.29%
  31  Tarsipedidae_Tarsipes_rostratus                 1.67%    passed     63.32%
  32  Acrobatidae_Distoechurus_pennatus               4.86%    passed     95.81%
  33  Myrmecobiidae_Myrmecobius_fasciatus2           81.50%    failed      0.00%
  34  Phalangeridae_Phalanger_carmelitae              0.10%    passed     98.58%
  35  Peramelidae_Peroryctes_raffrayana              12.90%    passed     91.58%
  36  Dasyuridae_Dasyurus_geffroii                    1.46%    passed     80.79%
  37  Peramelidae_Perameles_gunnii                   23.82%    failed      2.01%
WARNING: 2 sequences contain more than 50% gaps/ambiguity
****  TOTAL                                           8.20%  3 sequences failed composition chi2 test (p-value<5%; df=3)
NOTE: No CharPartition defined, use all CharSets

Loading 15 partitions...
Subset	Type	Seqs	Sites	Infor	Invar	Model	Name
1		34	102	27	52	TESTMERGE	part1.1
2		34	102	21	49	TESTMERGE	part1.2
3		34	102	32	45	TESTMERGE	part1.3
4		34	127	14	100	TESTMERGE	part2.1
5		34	127	6	112	TESTMERGE	part2.2
6		34	127	77	18	TESTMERGE	part2.3
7		35	81	2	65	TESTMERGE	part3.1
8		35	81	2	62	TESTMERGE	part3.2
9		35	81	38	25	TESTMERGE	part3.3
10		37	118	53	47	TESTMERGE	part4.1
11		37	118	35	60	TESTMERGE	part4.2
12		37	118	59	32	TESTMERGE	part4.3
13		35	210	16	177	TESTMERGE	part5.1
14		35	210	8	191	TESTMERGE	part5.2
15		35	210	55	115	TESTMERGE	part5.3
Degree of missing data: 0.054
Info: multi-threading strategy over partitions

NOTE: Myrmecobiidae_Myrmecobius_fasciatus2 is identical to Myrmecobiidae_Myrmecobius_fasciatus1 but kept for subsequent analysis


Create initial parsimony tree by phylogenetic likelihood library (PLL)... 0.007 seconds
NOTE: ModelFinder requires 9 MB RAM!
NUMBER OF THREADS FOR PARTITION FINDING: 8
Testing GTR+F+G on supermatrix...
GTR+F+G4 / LnL: -11204.650 / df: 80 / AIC: 22569.301 / AICc: 22576.371 / BIC: 23013.857
Selecting individual models for 15 charsets using BIC...
 No. Model        Score       Charset
   1 HKY+F+G4     1563.224    part1.1
   2 F81+F+G4     1548.318    part4.2
   3 K2P+G4       2374.748    part4.1
   4 HKY+F+G4     1618.960    part1.3
   5 HKY+F+G4     1429.032    part1.2
   6 HKY+F+G4     2645.863    part5.3
   7 TN+F+G4      2432.955    part4.3
   8 F81+F+G4     1511.936    part5.1
   9 HKY+F+G4     3427.151    part2.3
  10 JC+I         960.122     part2.2	0h:0m:22s (0h:7m:26s left)
  11 TIM2+F+I     1161.297    part2.1	0h:0m:22s (0h:6m:57s left)
  12 TPM3+F+I     1320.887    part5.2	0h:0m:24s (0h:6m:42s left)
  13 K2P+G4       1691.009    part3.3	0h:0m:24s (0h:6m:10s left)
  14 TNe          699.855     part3.1	0h:0m:24s (0h:5m:47s left)
  15 JC           745.077     part3.2	0h:0m:24s (0h:5m:23s left)
Full partition model BIC score: 28062.953 (LnL: -10011.179  df:1064)
Merging models to increase model fit (about 211 total partition schemes)...
  16 TN+F+G4      27731.076   part4.2+part5.3	0h:0m:37s (0h:7m:40s left)
  17 TN+F+I       27646.999   part4.1+part4.3	0h:0m:41s (0h:7m:58s left)
  18 K2P+G4       27806.530   part2.3+part4.3	0h:0m:42s (0h:7m:35s left)
  19 HKY+F+G4     27751.504   part2.3+part4.1	0h:0m:44s (0h:7m:25s left)
  20 TNe+G4       27827.682   part2.3+part5.3	0h:0m:46s (0h:7m:21s left)
  21 HKY+F+G4     27626.750   part4.3+part5.3	0h:0m:46s (0h:6m:58s left)
  22 HKY+F+G4     27696.311   part4.1+part5.3	0h:0m:46s (0h:6m:40s left)
  23 TN+F+G4      27773.529   part2.3+part4.2	0h:0m:49s (0h:6m:44s left)
  24 TN+F+G4      27715.288   part4.2+part4.3	0h:0m:55s (0h:7m:14s left)
  25 TNe+G4       27808.574   part1.3+part2.3	0h:0m:59s (0h:7m:24s left)
  26 HKY+F+G4     27668.683   part1.1+part4.3	0h:1m:1s (0h:7m:20s left)
  27 HKY+F+G4     27641.792   part1.1+part5.3	0h:1m:3s (0h:7m:15s left)
  28 TN+F+G4      27764.050   part1.1+part2.3	0h:1m:3s (0h:6m:58s left)
  29 HKY+F+G4     27667.480   part1.2+part5.3	0h:1m:6s (0h:6m:55s left)
  30 TPM2+F+G4    27731.393   part1.2+part2.3	0h:1m:9s (0h:6m:58s left)
  31 TN+F+G4      27689.025   part1.2+part4.3	0h:1m:14s (0h:7m:11s left)
  32 HKY+F+G4     27639.638   part1.3+part5.3	0h:1m:16s (0h:7m:10s left)
  33 TN+F+G4      27670.292   part3.3+part4.3	0h:1m:18s (0h:7m:1s left)
  34 TN+F+G4      27645.821   part4.1+part4.2	0h:1m:19s (0h:6m:52s left)
  35 HKY+F+G4     27688.646   part3.3+part5.3	0h:1m:20s (0h:6m:43s left)
  36 HKY+F+G4     27710.108   part2.3+part3.3	0h:1m:21s (0h:6m:38s left)
  37 TIM+F+G4     27624.843   part1.3+part4.3	0h:1m:21s (0h:6m:25s left)
  38 TN+F+G4      27659.279   part5.1+part5.3	0h:1m:28s (0h:6m:42s left)
  39 TPM2u+F+G4   27688.236   part2.1+part5.3	0h:1m:29s (0h:6m:33s left)
  40 TN+F+G4      27883.548   part2.3+part5.1	0h:1m:30s (0h:6m:26s left)
  41 TIM+F+G4     27776.506   part2.1+part2.3	0h:1m:30s (0h:6m:16s left)
  42 TN+F+G4      27784.026   part4.3+part5.1	0h:1m:31s (0h:6m:8s left)
  43 K2P+G4       27649.443   part1.1+part4.1	0h:1m:33s (0h:6m:4s left)
  44 TVMe+I       27729.302   part2.1+part4.3	0h:1m:34s (0h:6m:0s left)
  45 K2P+G4       27696.830   part1.2+part4.1	0h:1m:35s (0h:5m:53s left)
  46 TN+F+G4      27735.805   part1.1+part4.2	0h:1m:40s (0h:6m:1s left)
  47 HKY+F+G4     27684.762   part1.3+part4.1	0h:1m:45s (0h:6m:8s left)
  48 HKY+F+G4     27675.034   part1.2+part4.2	0h:1m:47s (0h:6m:6s left)
  49 K2P+G4       27622.603   part3.3+part4.1	0h:1m:48s (0h:5m:59s left)
  50 HKY+F+G4     27653.044   part5.2+part5.3	0h:1m:50s (0h:5m:56s left)
  51 HKY+F+G4     27761.664   part4.3+part5.2	0h:1m:52s (0h:5m:53s left)
  52 TIM2+F+I+G4  27895.259   part2.3+part5.2	0h:1m:54s (0h:5m:50s left)
  53 TPM3u+F+I+G4 27837.371   part2.2+part2.3	0h:1m:57s (0h:5m:49s left)
  54 HKY+F+G4     27688.374   part2.2+part5.3	0h:1m:59s (0h:5m:46s left)
  55 TN+F+G4      27724.017   part1.3+part4.2	0h:2m:1s (0h:5m:43s left)
  56 HKY+F+I      27759.977   part2.2+part4.3	0h:2m:3s (0h:5m:40s left)
  57 K2P+G4       27695.200   part2.1+part4.1	0h:2m:4s (0h:5m:35s left)
  58 K2P+G4       27629.793   part1.1+part1.2	0h:2m:4s (0h:5m:27s left)
  59 TN+F+G4      27698.492   part3.3+part4.2	0h:2m:5s (0h:5m:23s left)
  60 K2P+G4       27716.992   part4.1+part5.1	0h:2m:5s (0h:5m:16s left)
  61 TN+F+G4      27653.004   part1.2+part1.3	0h:2m:12s (0h:5m:26s left)
  62 HKY+F+G4     27658.832   part1.1+part1.3	0h:2m:13s (0h:5m:21s left)
  63 HKY+F+G4     27809.398   part2.3+part3.2	0h:2m:14s (0h:5m:15s left)
  64 TN+F+G4      27736.392   part4.2+part5.1	0h:2m:16s (0h:5m:14s left)
  65 HKY+F+G4     27673.345   part3.1+part5.3	0h:2m:16s (0h:5m:7s left)
  66 HKY+F+G4     27687.757   part3.2+part5.3	0h:2m:17s (0h:5m:2s left)
  67 TN+F+G4      27777.672   part2.3+part3.1	0h:2m:17s (0h:4m:56s left)
  68 TN+F+G4      27742.105   part3.2+part4.3	0h:2m:18s (0h:4m:51s left)
  69 TPM2+F+G4    27717.728   part2.1+part4.2	0h:2m:23s (0h:4m:54s left)
  70 K2P+G4       27718.090   part3.1+part4.3	0h:2m:23s (0h:4m:49s left)
  71 K2P+G4       27637.929   part1.1+part3.3	0h:2m:25s (0h:4m:46s left)
  72 HKY+F+G4     27638.539   part1.1+part5.1	0h:2m:26s (0h:4m:42s left)
  73 HKY+F+G4     27691.935   part1.3+part3.3	0h:2m:26s (0h:4m:36s left)
  74 K2P+G4       27672.594   part1.2+part3.3	0h:2m:27s (0h:4m:32s left)
  75 TN+F+G4      27700.473   part1.2+part5.1	0h:2m:27s (0h:4m:27s left)
  76 K2P+G4       27710.445   part4.1+part5.2	0h:2m:27s (0h:4m:22s left)
  77 K2P+G4       27705.898   part2.2+part4.1	0h:2m:30s (0h:4m:21s left)
  78 TPM2u+F+G4   27663.627   part1.1+part2.1	0h:2m:33s (0h:4m:21s left)
  79 TIM2+F+G4    27661.513   part1.2+part2.1	0h:2m:35s (0h:4m:19s left)
  80 TPM2+F+G4    27728.771   part4.2+part5.2	0h:2m:36s (0h:4m:16s left)
  81 TN+F+G4      27739.602   part1.3+part5.1	0h:2m:36s (0h:4m:11s left)
  82 TIM2e+G4     27717.549   part1.3+part2.1	0h:2m:38s (0h:4m:9s left)
  83 TN+F+G4      27717.940   part2.2+part4.2	0h:2m:38s (0h:4m:4s left)
  84 TN+F+G4      27723.971   part3.3+part5.1	0h:2m:43s (0h:4m:6s left)
  85 K2P+G4       27678.011   part3.2+part4.1	0h:2m:44s (0h:4m:3s left)
  86 K3Pu+F+G4    27681.143   part2.1+part3.3	0h:2m:45s (0h:4m:0s left)
  87 K2P+G4       27664.661   part3.1+part4.1	0h:2m:47s (0h:3m:58s left)
  88 HKY+F+G4     27680.310   part3.2+part4.2	0h:2m:47s (0h:3m:54s left)
  89 TN+F+G4      27688.887   part1.2+part5.2	0h:2m:49s (0h:3m:52s left)
  90 HKY+F+G4     27665.370   part1.1+part5.2	0h:2m:49s (0h:3m:48s left)
  91 HKY+F+G4     27730.033   part1.3+part5.2	0h:2m:51s (0h:3m:46s left)
  92 TN+F+G4      27661.084   part3.1+part4.2	0h:2m:54s (0h:3m:45s left)
  93 TNe+G4       27684.146   part1.1+part2.2	0h:2m:57s (0h:3m:45s left)
  94 TNe+G4       27677.409   part1.2+part2.2	0h:2m:58s (0h:3m:42s left)
  95 TIM2+F+G4    27615.491   part2.1+part5.1	0h:3m:0s (0h:3m:40s left)
  96 HKY+F+G4     27731.530   part1.3+part2.2	0h:3m:0s (0h:3m:36s left)
  97 HKY+F+G4     27675.091   part1.2+part3.2	0h:3m:1s (0h:3m:33s left)
  98 K2P+I+G4     27720.339   part2.2+part3.3	0h:3m:3s (0h:3m:31s left)
  99 K2P+I+G4     27723.305   part3.3+part5.2	0h:3m:5s (0h:3m:29s left)
 100 TNe+G4       27650.404   part1.1+part3.2	0h:3m:9s (0h:3m:30s left)
 101 HKY+F+I      27594.719   part5.1+part5.2	0h:3m:10s (0h:3m:27s left)
 102 HKY+F+G4     27663.443   part1.1+part3.1	0h:3m:12s (0h:3m:25s left)
 103 HKY+F+G4     27706.961   part1.3+part3.2	0h:3m:14s (0h:3m:23s left)
 104 TN+F+G4      27634.555   part2.2+part5.1	0h:3m:16s (0h:3m:21s left)
 105 TN+F+G4      27675.773   part1.2+part3.1	0h:3m:16s (0h:3m:17s left)
 106 TPM3u+F+I    27636.933   part2.1+part5.2	0h:3m:16s (0h:3m:14s left)
 107 TNe+G4       27706.683   part1.3+part3.1	0h:3m:16s (0h:3m:11s left)
 108 TVMe+G4      27611.188   part2.1+part2.2	0h:3m:19s (0h:3m:9s left)
 109 K2P+G4       27672.762   part3.2+part3.3	0h:3m:20s (0h:3m:8s left)
 110 TN+F+G4      27610.017   part3.1+part5.1	0h:3m:23s (0h:3m:6s left)
 111 HKY+F+G4     27633.526   part3.2+part5.1	0h:3m:24s (0h:3m:4s left)
 112 TIM3+F+G4    27680.433   part3.1+part3.3	0h:3m:24s (0h:3m:1s left)
 113 TPM2u+F+I    27654.939   part2.1+part3.2	0h:3m:25s (0h:2m:57s left)
 114 TIM2+F+I     27626.560   part2.1+part3.1	0h:3m:27s (0h:2m:56s left)
 115 TPM2u+F+G4   27630.199   part3.2+part5.2	0h:3m:29s (0h:2m:55s left)
 116 K2P+I        27607.996   part2.2+part5.2	0h:3m:30s (0h:2m:52s left)
 117 TPM2u+F+G4   27612.252   part3.1+part5.2	0h:3m:30s (0h:2m:49s left)
 118 JC           27570.630   part3.1+part3.2	0h:3m:30s (0h:2m:46s left)
 119 JC+I         27629.289   part2.2+part3.2	0h:3m:30s (0h:2m:43s left)
 120 TNe+I        27616.948   part2.2+part3.1	0h:3m:31s (0h:2m:40s left)
Merging part3.1+part3.2 with BIC score: 27570.630 (LnL: -10025.732  df: 995)
 121 TN+F+G4      27161.600   part3.1+part3.2+part5.1	0h:3m:37s (0h:2m:41s left)
 122 TN+F+G4      27233.559   part3.1+part3.2+part4.2	0h:3m:40s (0h:2m:40s left)
 123 K3P+G4       27274.668   part1.3+part3.1+part3.2	0h:3m:40s (0h:2m:37s left)
 124 TNe+G4       27221.581   part1.1+part3.1+part3.2	0h:3m:40s (0h:2m:34s left)
 125 TN+F+G4      27241.465   part1.2+part3.1+part3.2	0h:3m:41s (0h:2m:32s left)
 126 K2P+G4       27250.294   part3.1+part3.2+part4.1	0h:3m:41s (0h:2m:29s left)
 127 K2P+G4       27322.147   part3.1+part3.2+part4.3	0h:3m:43s (0h:2m:27s left)
 128 TPM2u+F+G4   27150.945   part3.1+part3.2+part5.2	0h:3m:45s (0h:2m:26s left)
 129 K2P+I        27154.613   part2.2+part3.1+part3.2	0h:3m:48s (0h:2m:25s left)
 130 TN+F+G4      27183.069   part2.1+part3.1+part3.2	0h:3m:48s (0h:2m:22s left)
 131 TN+F+G4      27434.403   part2.3+part3.1+part3.2	0h:3m:49s (0h:2m:20s left)
 132 HKY+F+G4     27261.815   part3.1+part3.2+part5.3	0h:3m:50s (0h:2m:17s left)
 133 K2P+G4       27240.389   part3.1+part3.2+part3.3	0h:3m:51s (0h:2m:15s left)
Merging part5.1+part5.2 with BIC score: 27102.395 (LnL: -10063.665  df: 923)
 134 HKY+F+G4     26704.853   part1.1+part5.1+part5.2	0h:4m:4s (0h:2m:20s left)
 135 HKY+F+G4     26714.678   part5.1+part5.2+part5.3	0h:4m:5s (0h:2m:18s left)
 136 TN+F+G4      26814.399   part1.3+part5.1+part5.2	0h:4m:6s (0h:2m:16s left)
 137 TN+F+G4      26766.959   part1.2+part5.1+part5.2	0h:4m:8s (0h:2m:14s left)
 138 TN+F+G4      26811.293   part4.2+part5.1+part5.2	0h:4m:8s (0h:2m:11s left)
 139 HKY+F+G4     26870.935   part4.3+part5.1+part5.2	0h:4m:10s (0h:2m:9s left)
 140 TIM2+F+I+G4  26816.850   part4.1+part5.1+part5.2	0h:4m:11s (0h:2m:7s left)
 141 TN+F+I       26674.190   part2.1+part5.1+part5.2	0h:4m:12s (0h:2m:5s left)
 142 HKY+F+I      26667.876   part2.2+part5.1+part5.2	0h:4m:13s (0h:2m:3s left)
 143 HKY+F+G4     26712.568   part3.1+part3.2+part5.1+part5.2	0h:4m:14s (0h:2m:0s left)
 144 TIM2+F+I+G4  27022.262   part2.3+part5.1+part5.2	0h:4m:15s (0h:1m:58s left)
 145 TN+F+I+G4    26807.319   part3.3+part5.1+part5.2	0h:4m:18s (0h:1m:57s left)
Merging part2.1+part2.2 with BIC score: 26650.630 (LnL: -10094.719  df: 855)
 146 TN+F+I       26275.472   part2.1+part2.2+part3.1+part3.2	0h:4m:25s (0h:1m:58s left)
 147 TIM2e+G4     26342.797   part1.3+part2.1+part2.2	0h:4m:26s (0h:1m:55s left)
 148 K3Pu+F+G4    26296.153   part1.1+part2.1+part2.2	0h:4m:28s (0h:1m:54s left)
 149 TIM+F+I      26229.618   part2.1+part2.2+part5.1+part5.2	0h:4m:28s (0h:1m:51s left)
 150 TVMe+G4      26310.864   part2.1+part2.2+part5.3	0h:4m:28s (0h:1m:49s left)
 151 TIM2+F+G4    26356.729   part2.1+part2.2+part4.2	0h:4m:30s (0h:1m:47s left)
 152 TIM+F+G4     26283.061   part1.2+part2.1+part2.2	0h:4m:31s (0h:1m:45s left)
 153 TVMe+I       26383.535   part2.1+part2.2+part4.3	0h:4m:31s (0h:1m:42s left)
 154 K2P+G4       26336.603   part2.1+part2.2+part4.1	0h:4m:36s (0h:1m:42s left)
 155 K3P+I+G4     26322.674   part2.1+part2.2+part3.3	0h:4m:37s (0h:1m:40s left)
 156 TIM+F+I+G4   26481.753   part2.1+part2.2+part2.3	0h:4m:39s (0h:1m:38s left)
Merging part3.3+part4.1 with BIC score: 26210.280 (LnL: -10135.259  df: 786)
 157 K2P+G4       25914.454   part3.1+part3.2+part3.3+part4.1	0h:4m:48s (0h:1m:39s left)
 158 K2P+G4       25799.587   part1.1+part3.3+part4.1	0h:4m:51s (0h:1m:37s left)
 159 K3P+I+G4     25936.786   part2.1+part2.2+part3.3+part4.1	0h:4m:53s (0h:1m:35s left)
 160 K2P+G4       25853.187   part1.2+part3.3+part4.1	0h:4m:54s (0h:1m:33s left)
 161 TN+F+G4      25812.651   part3.3+part4.1+part4.3	0h:4m:55s (0h:1m:31s left)
 162 K2P+G4       25849.731   part1.3+part3.3+part4.1	0h:4m:56s (0h:1m:29s left)
 163 K2P+G4       25855.988   part3.3+part4.1+part5.3	0h:4m:58s (0h:1m:27s left)
 164 K2P+I+G4     25994.888   part3.3+part4.1+part5.1+part5.2	0h:4m:59s (0h:1m:25s left)
 165 TN+F+G4      25822.267   part3.3+part4.1+part4.2	0h:5m:7s (0h:1m:25s left)
 166 HKY+F+G4     25920.930   part2.3+part3.3+part4.1	0h:5m:7s (0h:1m:23s left)
Merging part1.3+part4.3 with BIC score: 25772.171 (LnL: -10176.919  df: 717)
 167 HKY+F+G4     25571.040   part1.3+part3.1+part3.2+part4.3	0h:5m:22s (0h:1m:25s left)
 168 TPM2+F+G4    25570.189   part1.3+part2.1+part2.2+part4.3	0h:5m:22s (0h:1m:22s left)
 169 HKY+F+G4     25389.011   part1.1+part1.3+part4.3	0h:5m:22s (0h:1m:20s left)
 170 TN+F+G4      25618.780   part1.3+part4.3+part5.1+part5.2	0h:5m:23s (0h:1m:18s left)
 171 TN+F+G4      25461.821   part1.3+part4.2+part4.3	0h:5m:25s (0h:1m:16s left)
 172 TPM3+F+G4    25600.361   part1.3+part2.3+part4.3	0h:5m:25s (0h:1m:13s left)
 173 HKY+F+G4     25342.571   part1.3+part4.3+part5.3	0h:5m:25s (0h:1m:11s left)
 174 TIM2+F+G4    25395.335   part1.2+part1.3+part4.3	0h:5m:27s (0h:1m:9s left)
 175 TN+F+G4      25411.371   part1.3+part3.3+part4.1+part4.3	0h:5m:39s (0h:1m:9s left)
Merging part1.1+part1.2 with BIC score: 25339.011 (LnL: -10236.168  df: 644)
 176 K2P+G4       25028.428   part1.1+part1.2+part3.1+part3.2	0h:5m:57s (0h:1m:11s left)
 177 HKY+F+G4     25030.695   part1.1+part1.2+part5.1+part5.2	0h:5m:58s (0h:1m:8s left)
 178 K3P+G4       25006.484   part1.1+part1.2+part2.1+part2.2	0h:5m:59s (0h:1m:6s left)
 179 TN+F+G4      25022.936   part1.1+part1.2+part4.2	0h:6m:1s (0h:1m:4s left)
 180 HKY+F+G4     24952.501   part1.1+part1.2+part5.3	0h:6m:2s (0h:1m:2s left)
 181 K2P+G4       24985.143   part1.1+part1.2+part3.3+part4.1	0h:6m:2s (0h:1m:0s left)
 182 TIM2+F+G4    25082.382   part1.1+part1.2+part2.3	0h:6m:2s (0h:0m:57s left)
 183 TN+F+G4      24998.471   part1.1+part1.2+part1.3+part4.3	0h:6m:5s (0h:0m:55s left)
Merging part1.3+part4.3+part5.3 with BIC score: 24909.411 (LnL: -10300.975  df: 570)
 184 HKY+F+G4     24698.352   part1.3+part3.1+part3.2+part4.3+part5.3	0h:6m:29s (0h:0m:57s left)
 185 TN+F+G4      24723.135   part1.3+part4.3+part5.1+part5.2+part5.3	0h:6m:31s (0h:0m:54s left)
 186 TPM2u+F+G4   24697.416   part1.3+part2.1+part2.2+part4.3+part5.3	0h:6m:31s (0h:0m:52s left)
 187 TN+F+G4      24610.309   part1.3+part4.2+part4.3+part5.3	0h:6m:32s (0h:0m:50s left)
 188 HKY+F+G4     24561.609   part1.1+part1.2+part1.3+part4.3+part5.3	0h:6m:35s (0h:0m:48s left)
 189 TPM3u+F+G4   24779.950   part1.3+part2.3+part4.3+part5.3	0h:6m:35s (0h:0m:46s left)
 190 HKY+F+G4     24580.412   part1.3+part3.3+part4.1+part4.3+part5.3	0h:6m:38s (0h:0m:44s left)
Merging part2.1+part2.2+part5.1+part5.2 with BIC score: 24488.399 (LnL: -10347.405  df: 502)
 191 TN+F+G4      24102.077   part2.1+part2.2+part3.1+part3.2+part5.1+part5.2	0h:6m:54s (0h:0m:43s left)
 192 TN+F+G4      24214.449   part2.1+part2.2+part4.2+part5.1+part5.2	0h:6m:59s (0h:0m:41s left)
 193 TN+F+G4      24197.945   part1.1+part1.2+part2.1+part2.2+part5.1+part5.2	0h:7m:0s (0h:0m:39s left)
 194 TN+F+I+G4    24311.496   part2.1+part2.2+part3.3+part4.1+part5.1+part5.2	0h:7m:7s (0h:0m:37s left)
 195 TIM2+F+G4    24390.083   part1.3+part2.1+part2.2+part4.3+part5.1+part5.2+part5.3	0h:7m:7s (0h:0m:35s left)
 196 TIM3+F+I+G4  24440.550   part2.1+part2.2+part2.3+part5.1+part5.2	0h:7m:7s (0h:0m:32s left)
Merging part3.3+part4.1+part4.2 with BIC score: 24100.386 (LnL: -10421.670  df: 431)
 197 TPM3+F+G4    23807.948   part3.1+part3.2+part3.3+part4.1+part4.2	0h:7m:29s (0h:0m:31s left)
 198 TN+F+G4      23824.002   part2.3+part3.3+part4.1+part4.2	0h:7m:35s (0h:0m:29s left)
 199 TN+F+G4      23783.674   part1.1+part1.2+part3.3+part4.1+part4.2	0h:7m:35s (0h:0m:27s left)
 200 K2P+I+G4     23963.431   part2.1+part2.2+part3.3+part4.1+part4.2+part5.1+part5.2	0h:7m:38s (0h:0m:25s left)
 201 TN+F+G4      23824.275   part1.3+part3.3+part4.1+part4.2+part4.3+part5.3	0h:7m:40s (0h:0m:22s left)
Merging part2.1+part2.2+part3.1+part3.2+part5.1+part5.2 with BIC score: 23714.064 (LnL: -10485.446  df: 363)
 202 TN+F+G4      23454.129   part1.1+part1.2+part2.1+part2.2+part3.1+part3.2+part5.1+part5.2	0h:7m:56s (0h:0m:21s left)
 203 TN+F+I+G4    23597.323   part2.1+part2.2+part3.1+part3.2+part3.3+part4.1+part4.2+part5.1+part5.2	0h:8m:3s (0h:0m:19s left)
 204 TN+F+G4      23683.519   part1.3+part2.1+part2.2+part3.1+part3.2+part4.3+part5.1+part5.2+part5.3	0h:8m:4s (0h:0m:16s left)
 205 TN+F+I+G4    23728.363   part2.1+part2.2+part2.3+part3.1+part3.2+part5.1+part5.2	0h:8m:4s (0h:0m:14s left)
Merging part1.1+part1.2+part1.3+part4.3+part5.3 with BIC score: 23366.262 (LnL: -10564.702  df: 296)
 206 TPM2u+F+G4   23228.215   part1.1+part1.2+part1.3+part2.3+part4.3+part5.3	0h:8m:28s (0h:0m:12s left)
 207 HKY+F+G4     23331.390   part1.1+part1.2+part1.3+part2.1+part2.2+part3.1+part3.2+part4.3+part5.1+part5.2+part5.3	0h:8m:28s (0h:0m:9s left)
 208 TN+F+G4      23078.395   part1.1+part1.2+part1.3+part3.3+part4.1+part4.2+part4.3+part5.3	0h:8m:32s (0h:0m:7s left)
Merging part1.1+part1.2+part1.3+part3.3+part4.1+part4.2+part4.3+part5.3 with BIC score: 23078.395 (LnL: -10707.933  df: 220)
 209 HKY+F+G4     23084.914   part1.1+part1.2+part1.3+part2.1+part2.2+part3.1+part3.2+part3.3+part4.1+part4.2+part4.3+part5.1+part5.2+part5.3	0h:9m:7s (0h:0m:5s left)
 210 TIM2+F+G4    22900.081   part1.1+part1.2+part1.3+part2.3+part3.3+part4.1+part4.2+part4.3+part5.3	0h:9m:7s (0h:0m:2s left)
Merging part1.1+part1.2+part1.3+part2.3+part3.3+part4.1+part4.2+part4.3+part5.3 with BIC score: 22900.081 (LnL: -10879.491  df: 151)
 211 K2P+I+G4     22986.936   part1.1+part1.2+part1.3+part2.1+part2.2+part2.3+part3.1+part3.2+part3.3+part4.1+part4.2+part4.3+part5.1+part5.2+part5.3	0h:9m:50s (0h:0m:0s left)
BEST-FIT PARTITION MODEL: 
  charpartition BIC = TIM2+F+G4: part1.1 part1.2 part1.3 part2.3 part3.3 part4.1 part4.2 part4.3 part5.3, TN+F+G4: part2.1 part2.2 part3.1 part3.2 part5.1 part5.2;
Agglomerative model selection: (((((part1.1,part1.2)6:25339,((part1.3,part4.3)5:25772.2,part5.3)7:24909.4)11:23366.3,((part3.3,part4.1)4:26210.3,part4.2)9:24100.4)12:23078.4,part2.3)13:22900.1,(((part2.1,part2.2)3:26650.6,(part5.1,part5.2)2:27102.4)8:24488.4,(part3.1,part3.2)1:27570.6)10:23714.1)
Merging into 2 partitions...
Partition information was printed to 6_set11.best_scheme.nex
Partition information in Raxml format was printed to 6_set11.best_scheme

All model information printed to 6_set11.model.gz
CPU time for ModelFinder: 376.573 seconds (0h:6m:16s)
Wall-clock time for ModelFinder: 592.631 seconds (0h:9m:52s)
Generating 1000 samples for ultrafast bootstrap (seed: 315978)...

NOTE: 8 MB RAM (0 GB) is required!
Measuring multi-threading efficiency up to 8 CPU cores
Increase to 10 rounds for branch lengths
16 trees examined
Threads: 1 / Time: 8.270 sec / Speedup: 1.000 / Efficiency: 100% / LogL: -15691
Threads: 2 / Time: 6.253 sec / Speedup: 1.323 / Efficiency: 66% / LogL: -15691
Threads: 3 / Time: 29.962 sec / Speedup: 0.276 / Efficiency: 9% / LogL: -15691
BEST NUMBER OF THREADS: 2

Estimate model parameters (epsilon = 0.100)
Optimizing TN+F+G4 parameters for partition part2.1+part2.2+part3.1+part3.2+part5.1+part5.2 (73 free parameters)
Optimizing TIM2+F+G4 parameters for partition part1.1+part1.2+part1.3+part2.3+part3.3+part4.1+part4.2+part4.3+part5.3 (78 free parameters)
Optimal log-likelihood: -10879.491
Computing ML distances based on estimated model parameters... 0.032 sec
Computing BIONJ tree...
0.012 seconds
Log-likelihood of BIONJ tree: -10883.189
--------------------------------------------------------------------
|             INITIALIZING CANDIDATE TREE SET                      |
--------------------------------------------------------------------
Generating 98 parsimony trees... 6.129 second
Computing log-likelihood of 98 initial trees ... 11.480 seconds
Current best score: -10879.244

Do NNI search on 20 best initial trees
Estimate model parameters (epsilon = 0.100)
BETTER TREE FOUND at iteration 1: -10873.241
Iteration 10 / LogL: -10875.551 / Time: 0h:1m:31s
Iteration 20 / LogL: -10879.598 / Time: 0h:2m:6s
Finish initializing candidate tree set (5)
Current best tree score: -10873.241 / CPU time: 79.743
Number of iterations: 20
--------------------------------------------------------------------
|               OPTIMIZING CANDIDATE TREE SET                      |
--------------------------------------------------------------------
Iteration 30 / LogL: -10889.761 / Time: 0h:2m:23s (0h:5m:50s left)
Iteration 40 / LogL: -10873.282 / Time: 0h:2m:43s (0h:4m:14s left)
Iteration 50 / LogL: -10873.252 / Time: 0h:3m:1s (0h:3m:8s left)
Log-likelihood cutoff on original alignment: -10909.043
Iteration 60 / LogL: -10875.596 / Time: 0h:3m:23s (0h:2m:21s left)
Iteration 70 / LogL: -10875.910 / Time: 0h:3m:40s (0h:1m:39s left)
Iteration 80 / LogL: -10873.297 / Time: 0h:4m:2s (0h:1m:4s left)
Iteration 90 / LogL: -10873.329 / Time: 0h:4m:17s (0h:0m:31s left)
Iteration 100 / LogL: -10873.592 / Time: 0h:4m:34s (0h:0m:2s left)
Log-likelihood cutoff on original alignment: -10909.280
NOTE: Bootstrap correlation coefficient of split occurrence frequencies: 1.000
TREE SEARCH COMPLETED AFTER 102 ITERATIONS / Time: 0h:4m:39s

--------------------------------------------------------------------
|                    FINALIZING TREE SEARCH                        |
--------------------------------------------------------------------
Performs final model parameters optimization
Estimate model parameters (epsilon = 0.010)
Optimizing TIM2+F+G4 parameters for partition part1.1+part1.2+part1.3+part2.3+part3.3+part4.1+part4.2+part4.3+part5.3 (78 free parameters)
Optimizing TN+F+G4 parameters for partition part2.1+part2.2+part3.1+part3.2+part5.1+part5.2 (73 free parameters)
Optimal log-likelihood: -10873.241
BEST SCORE FOUND : -10873.241
Creating bootstrap support values...
Split supports printed to NEXUS file 6_set11.splits.nex
Total tree length: 0.997

Total number of iterations: 102
CPU time used for tree search: 47.052 sec (0h:0m:47s)
Wall-clock time used for tree search: 233.033 sec (0h:3m:53s)
Total CPU time used: 54.091 sec (0h:0m:54s)
Total wall-clock time used: 280.604 sec (0h:4m:40s)

Computing bootstrap consensus tree...
Reading input file 6_set11.splits.nex...
37 taxa and 154 splits.
Consensus tree written to 6_set11.contree
Reading input trees file 6_set11.contree
Log-likelihood of consensus tree: -10873.241

Analysis results written to: 
  IQ-TREE report:                6_set11.iqtree
  Maximum-likelihood tree:       6_set11.treefile
  Likelihood distances:          6_set11.mldist
  Best partitioning scheme:      6_set11.best_scheme.nex
           in RAxML format:      6_set11.best_scheme

Ultrafast bootstrap approximation results written to:
  Split support values:          6_set11.splits.nex
  Consensus tree:                6_set11.contree
  Screen log file:               6_set11.log

Date and Time: Thu Sep  6 13:51:26 2018
