IQ-TREE multicore version 1.6.7 for Mac OS X 64-bit built Aug 23 2018
Developed by Bui Quang Minh, Nguyen Lam Tung, Olga Chernomor,
Heiko Schmidt, Dominik Schrempf, Michael Woodhams.

Host:    meeps-mac-pro.staff.sydney.edu.au (AVX, 64 GB RAM)
Command: /Users/davidduchene/Desktop/Software/iqtree-1.6.7-MacOSX/bin/iqtree -s ../../../../marsupials/set36.fasta -m TESTMERGE -bb 1000 -spp ../../../../marsupials/set36.nex -nt AUTO -pre 4_set36
Seed:    618700 (Using SPRNG - Scalable Parallel Random Number Generator)
Time:    Thu Sep  6 19:19:08 2018
Kernel:  AVX - auto-detect threads (8 CPU cores detected)

Reading partition model file ../../../../marsupials/set36.nex ...
Reading alignment file ../../../../marsupials/set36.fasta ... Fasta format detected
Alignment most likely contains DNA/RNA sequences
Alignment has 35 sequences with 2274 columns, 730 distinct patterns
435 parsimony-informative, 212 singleton sites, 1627 constant sites
                                              Gap/Ambiguity  Composition  p-value
   1  Burramyidae_Burramys_parvus                     0.18%    passed     98.95%
   2  Notoryctidae_Notoryctes_typhlops                1.50%    passed     59.22%
   3  Vombatidae_Lasiorhinus_latifrons                0.26%    passed     83.54%
   4  Potoroidae_Bettongia_penicillata                3.52%    passed     90.70%
   5  Potoroidae_Bettongia_lesueur                    0.13%    passed     99.72%
   6  Dasyuridae_Dasyurus_maculatus                   0.79%    passed     99.06%
   7  Phalangeridae_Trichosurus_vulpecula             0.09%    passed     98.91%
   8  Phalangeridae_Spilocuscus_maculatus             0.22%    passed     99.32%
   9  Potoroidae_Aepyprymnus_rufescens                0.92%    passed     99.90%
  10  Peramelidae_Perameles_nasuta                   10.55%    passed     93.09%
  11  Phalangeridae_Strigocuscus_pelengensis         13.28%    passed     48.69%
  12  Dasyuridae_Phascogale_tapoatafa                 3.08%    passed     98.04%
  13  Dasyuridae_Sminthopsis_macroura                 0.00%    passed     96.25%
  14  Phalangeridae_Phalanger_orientalis              0.35%    passed     98.57%
  15  Acrobatidae_Acrobates_pygmaeus                  0.31%    passed     99.02%
  16  Dasyuridae_Phascogale_calura                    6.68%    passed     98.13%
  17  Dasyuridae_Sarcophilus_harrisii                 3.52%    passed     93.75%
  18  Dasyuridae_Planigale_tenuirostris              24.23%    passed     86.41%
  19  Peramelidae_Echymipera_kalubu                   7.04%    passed     78.93%
  20  Macropodidae_Dorcopsulus_vanheurni              0.97%    passed     93.47%
  21  Pseudochiridae_Pseudochirulus_forbesi           0.00%    passed     88.86%
  22  Didelphidae_Didelphis_virginiana                2.24%    passed     79.85%
  23  Marmosidae_Monodelphis_domestica                0.13%    passed     87.83%
  24  Dasyuridae_Antechinus_stuartii                 17.33%    passed     49.36%
  25  Hypsiprymnodontidae_Hypsiprymnodon_moschatus    0.31%    passed     99.61%
  26  Microbiotheriidae_Dromiciops_gliroides          1.98%    passed     89.94%
  27  Pseudochiridae_Petauroides_volans               0.97%    passed     95.35%
  28  Macropodidae_Wallabia_bicolor                   0.57%    passed     87.49%
  29  Pseudochiridae_Pseudocheirus_occidentalis       0.53%    passed     97.24%
  30  Tarsipedidae_Tarsipes_rostratus                 0.18%    passed     86.66%
  31  Acrobatidae_Distoechurus_pennatus               0.22%    passed     86.66%
  32  Phalangeridae_Phalanger_carmelitae              0.31%    passed     96.45%
  33  Peramelidae_Peroryctes_raffrayana               1.58%    passed     57.20%
  34  Dasyuridae_Dasyurus_geffroii                    5.94%    passed     94.23%
  35  Peramelidae_Perameles_gunnii                   10.82%    passed     86.90%
****  TOTAL                                           3.45%  0 sequences failed composition chi2 test (p-value<5%; df=3)
NOTE: No CharPartition defined, use all CharSets

Loading 15 partitions...
Subset	Type	Seqs	Sites	Infor	Invar	Model	Name
1		32	80	6	68	TESTMERGE	part1.1
2		32	80	0	73	TESTMERGE	part1.2
WARNING: No parsimony-informative sites in partition part1.2
3		32	80	48	14	TESTMERGE	part1.3
4		35	166	6	145	TESTMERGE	part2.1
5		35	166	1	147	TESTMERGE	part2.2
6		35	166	57	90	TESTMERGE	part2.3
7		35	85	8	71	TESTMERGE	part3.1
8		35	85	0	83	TESTMERGE	part3.2
WARNING: No parsimony-informative sites in partition part3.2
9		35	85	44	28	TESTMERGE	part3.3
10		35	219	15	194	TESTMERGE	part4.1
11		35	219	2	212	TESTMERGE	part4.2
12		35	219	85	92	TESTMERGE	part4.3
13		35	208	19	178	TESTMERGE	part5.1
14		35	208	10	189	TESTMERGE	part5.2
15		35	208	134	43	TESTMERGE	part5.3
Degree of missing data: 0.009
Info: multi-threading strategy over partitions



Create initial parsimony tree by phylogenetic likelihood library (PLL)... 0.007 seconds
NOTE: ModelFinder requires 8 MB RAM!
NUMBER OF THREADS FOR PARTITION FINDING: 8
Testing GTR+F+G on supermatrix...
GTR+F+G4 / LnL: -10647.426 / df: 76 / AIC: 21446.853 / AICc: 21452.180 / BIC: 21882.279
Selecting individual models for 15 charsets using BIC...
 No. Model        Score       Charset
   1 TNe+G4       1131.852    part4.1
   2 K2P          1306.459    part3.3
   3 TPM2u+F+G4   2078.249    part2.3
   4 HKY+F+I      1033.937    part5.2
   5 K2P+G4       435.000     part1.1
   6 JC           356.807     part1.2
   7 K2P+G4       838.066     part2.1
   8 TIM+F+G4     1645.825    part1.3
   9 HKY+F+G4     3066.717    part4.3
  10 K2P          724.597     part2.2	0h:0m:17s (0h:5m:47s left)
  11 GTR+F+G4     4832.895    part5.3	0h:0m:18s (0h:5m:36s left)
  12 JC+I         792.056     part4.2	0h:0m:18s (0h:5m:11s left)
  13 JC           272.321     part3.2	0h:0m:19s (0h:4m:51s left)
  14 K2P+I        503.877     part3.1	0h:0m:19s (0h:4m:32s left)
  15 TPM2u+F+I+G4 1328.801    part5.1	0h:0m:19s (0h:4m:21s left)
Full partition model BIC score: 21034.372 (LnL: -10007.052  df:132)
Merging models to increase model fit (about 211 total partition schemes)...
  16 TPM3u+F+G4   21246.471   part4.1+part5.3	0h:0m:31s (0h:6m:22s left)
  17 K2P+G4       21035.879   part3.3+part5.3	0h:0m:31s (0h:5m:59s left)
  18 TVM+F+G4     21118.950   part1.1+part5.3	0h:0m:32s (0h:5m:52s left)
  19 TPM2u+F+I+G4 21202.306   part5.1+part5.3	0h:0m:32s (0h:5m:32s left)
  20 TIM3+F+G4    21228.419   part5.2+part5.3	0h:0m:33s (0h:5m:24s left)
  21 TPM2+F+G4    21054.320   part2.3+part5.3	0h:0m:34s (0h:5m:9s left)
  22 GTR+F+G4     21041.788   part4.3+part5.3	0h:0m:36s (0h:5m:10s left)
  23 TVM+F+G4     21017.124   part1.3+part5.3	0h:0m:36s (0h:4m:59s left)
  24 K2P+G4       21116.126   part3.1+part5.3	0h:0m:42s (0h:5m:32s left)
  25 K2P+G4       21148.409   part1.2+part5.3	0h:0m:44s (0h:5m:31s left)
  26 K2P+G4       21234.132   part2.2+part5.3	0h:0m:45s (0h:5m:23s left)
  27 K2P+G4       21203.659   part2.1+part5.3	0h:0m:46s (0h:5m:18s left)
  28 TPM2u+F+G4   21132.234   part4.3+part5.1	0h:0m:47s (0h:5m:12s left)
  29 HKY+F+G4     20997.994   part2.3+part4.3	0h:0m:48s (0h:5m:2s left)
  30 K2P+G4       21186.073   part3.2+part5.3	0h:0m:49s (0h:5m:1s left)
  31 K2P+I+G4     21325.583   part4.2+part5.3	0h:0m:51s (0h:5m:0s left)
  32 K2P+G4       21040.888   part3.3+part4.3	0h:0m:57s (0h:5m:20s left)
  33 HKY+F+G4     21134.493   part4.1+part4.3	0h:0m:58s (0h:5m:14s left)
  34 HKY+F+G4     21114.824   part4.3+part5.2	0h:0m:59s (0h:5m:11s left)
  35 HKY+F+G4     21073.718   part3.1+part4.3	0h:1m:2s (0h:5m:12s left)
  36 HKY+F+G4     21035.577   part1.3+part4.3	0h:1m:2s (0h:5m:2s left)
  37 HKY+F+G4     21116.131   part1.2+part4.3	0h:1m:2s (0h:4m:55s left)
  38 HKY+F+G4     21058.924   part1.1+part4.3	0h:1m:4s (0h:4m:51s left)
  39 TIM2+F+I+G4  21078.461   part2.3+part5.1	0h:1m:7s (0h:4m:56s left)
  40 HKY+F+G4     21130.465   part2.1+part4.3	0h:1m:11s (0h:5m:5s left)
  41 HKY+F+G4     21154.511   part2.2+part4.3	0h:1m:13s (0h:5m:3s left)
  42 HKY+F+G4     21220.444   part4.2+part4.3	0h:1m:14s (0h:5m:1s left)
  43 HKY+F+G4     21143.859   part3.2+part4.3	0h:1m:15s (0h:4m:54s left)
  44 HKY+F+G4     21038.305   part1.3+part2.3	0h:1m:16s (0h:4m:51s left)
  45 TIM+F+I+G4   21192.459   part1.3+part5.1	0h:1m:19s (0h:4m:53s left)
  46 TPM2u+F+I+G4 21022.214   part5.1+part5.2	0h:1m:20s (0h:4m:50s left)
  47 K2P+G4       21035.664   part2.3+part3.3	0h:1m:22s (0h:4m:46s left)
  48 TVMe+G4      21114.684   part3.3+part5.1	0h:1m:22s (0h:4m:41s left)
  49 K2P+G4       21111.250   part3.3+part5.2	0h:1m:23s (0h:4m:36s left)
  50 HKY+F+I+G4   21066.093   part2.3+part5.2	0h:1m:25s (0h:4m:33s left)
  51 TNe+G4       21081.853   part1.3+part3.3	0h:1m:26s (0h:4m:30s left)
  52 TPM2u+F+I+G4 21034.399   part4.1+part5.1	0h:1m:31s (0h:4m:38s left)
  53 HKY+F+I+G4   21181.341   part1.3+part5.2	0h:1m:31s (0h:4m:32s left)
  54 K3Pu+F+G4    21043.470   part1.1+part2.3	0h:1m:33s (0h:4m:32s left)
  55 TNe+G4       21076.358   part1.2+part2.3	0h:1m:35s (0h:4m:31s left)
  56 TPM2u+F+I+G4 21024.941   part1.1+part5.1	0h:1m:37s (0h:4m:29s left)
  57 TN+F+G4      21042.551   part2.3+part3.1	0h:1m:37s (0h:4m:24s left)
  58 HKY+F+I+G4   21090.020   part2.3+part4.1	0h:1m:37s (0h:4m:18s left)
  59 TVMe+I+G4    21048.852   part1.2+part5.1	0h:1m:39s (0h:4m:15s left)
  60 HKY+F+I      21006.619   part4.1+part5.2	0h:1m:42s (0h:4m:18s left)
  61 TNe+I+G4     21102.377   part2.2+part2.3	0h:1m:44s (0h:4m:17s left)
  62 TN+F+I+G4    21217.946   part1.3+part4.1	0h:1m:48s (0h:4m:20s left)
  63 TNe+I+G4     21077.615   part2.1+part2.3	0h:1m:48s (0h:4m:15s left)
  64 K2P+I        21008.825   part1.1+part5.2	0h:1m:48s (0h:4m:10s left)
  65 TIM3e+I+G4   21150.390   part2.3+part4.2	0h:1m:50s (0h:4m:7s left)
  66 TPM3u+F+G4   21107.966   part1.1+part1.3	0h:1m:50s (0h:4m:2s left)
  67 TPM2u+F+I+G4 21021.266   part3.1+part5.1	0h:1m:54s (0h:4m:5s left)
  68 TPM2u+F+I+G4 21036.108   part2.1+part5.1	0h:1m:54s (0h:4m:1s left)
  69 TIM2e+G4     21170.148   part1.2+part1.3	0h:1m:56s (0h:4m:0s left)
  70 K2P+G4       21111.047   part3.3+part4.1	0h:1m:57s (0h:3m:55s left)
  71 K2P+I        21021.569   part1.2+part5.2	0h:1m:59s (0h:3m:56s left)
  72 K2P+G4       21066.113   part1.1+part3.3	0h:2m:1s (0h:3m:55s left)
  73 K2P+I        21099.516   part1.2+part3.3	0h:2m:5s (0h:3m:57s left)
  74 TVMe+I+G4    21059.418   part2.2+part5.1	0h:2m:7s (0h:3m:55s left)
  75 TNe+I+G4     21096.583   part2.3+part3.2	0h:2m:9s (0h:3m:53s left)
  76 K2P+I        21012.845   part3.1+part5.2	0h:2m:10s (0h:3m:51s left)
  77 K2P+I        21025.647   part2.2+part5.2	0h:2m:11s (0h:3m:48s left)
  78 TVMe+I+G4    21053.196   part4.2+part5.1	0h:2m:11s (0h:3m:44s left)
  79 TN+F+G4      21127.087   part1.3+part3.1	0h:2m:13s (0h:3m:43s left)
  80 TIM2e+I+G4   21222.876   part1.3+part2.2	0h:2m:13s (0h:3m:39s left)
  81 K2P+I        21008.252   part2.1+part5.2	0h:2m:14s (0h:3m:35s left)
  82 TNe+G4       21190.078   part1.3+part2.1	0h:2m:16s (0h:3m:34s left)
  83 K2P+I        21068.541   part3.1+part3.3	0h:2m:17s (0h:3m:32s left)
  84 K2P+G4       21100.025   part2.1+part3.3	0h:2m:17s (0h:3m:28s left)
  85 K2P+G4       21123.998   part2.2+part3.3	0h:2m:18s (0h:3m:24s left)
  86 TVMe+I+G4    21044.584   part3.2+part5.1	0h:2m:18s (0h:3m:21s left)
  87 K2P+G4       21173.656   part3.3+part4.2	0h:2m:19s (0h:3m:18s left)
  88 K2P+I        21021.534   part4.2+part5.2	0h:2m:19s (0h:3m:15s left)
  89 TPM2u+F+I+G4 21278.543   part1.3+part4.2	0h:2m:22s (0h:3m:15s left)
  90 K2P+G4       21028.550   part1.1+part1.2	0h:2m:24s (0h:3m:13s left)
  91 K2P+I        21024.748   part1.2+part4.1	0h:2m:24s (0h:3m:10s left)
  92 K2P+I        21125.352   part3.2+part3.3	0h:2m:24s (0h:3m:7s left)
  93 K2P+I        21017.331   part3.1+part4.1	0h:2m:26s (0h:3m:5s left)
  94 K2P+G4       21011.179   part1.1+part4.1	0h:2m:26s (0h:3m:2s left)
  95 K2P+I        21024.750   part3.2+part5.2	0h:2m:29s (0h:3m:2s left)
  96 K2P+G4       21023.732   part2.2+part4.1	0h:2m:29s (0h:2m:59s left)
  97 K2P+I        21009.701   part2.1+part4.1	0h:2m:30s (0h:2m:57s left)
  98 HKY+F+G4     21199.631   part1.3+part3.2	0h:2m:31s (0h:2m:54s left)
  99 TNe+I        21032.564   part4.1+part4.2	0h:2m:33s (0h:2m:53s left)
 100 K2P+G4       21012.027   part1.1+part2.1	0h:2m:34s (0h:2m:51s left)
 101 K2P+I        21034.949   part1.2+part3.1	0h:2m:35s (0h:2m:48s left)
 102 K2P+G4       21014.185   part1.1+part3.1	0h:2m:35s (0h:2m:45s left)
 103 K2P          21028.184   part1.2+part2.2	0h:2m:35s (0h:2m:42s left)
 104 K2P          21023.295   part1.1+part2.2	0h:2m:35s (0h:2m:40s left)
 105 K2P+G4       21026.752   part1.2+part2.1	0h:2m:37s (0h:2m:38s left)
 106 JC+I         21031.068   part1.2+part4.2	0h:2m:40s (0h:2m:39s left)
 107 TNe+I        21032.051   part3.2+part4.1	0h:2m:41s (0h:2m:36s left)
 108 TNe+G4       21025.072   part2.1+part3.1	0h:2m:41s (0h:2m:34s left)
 109 K2P+I        21035.863   part1.1+part4.2	0h:2m:41s (0h:2m:31s left)
 110 F81+F        21037.896   part1.2+part3.2	0h:2m:42s (0h:2m:29s left)
 111 K2P+I        21034.935   part1.1+part3.2	0h:2m:43s (0h:2m:27s left)
 112 K2P+G4       21030.453   part2.2+part3.1	0h:2m:44s (0h:2m:24s left)
 113 K2P+G4       21023.743   part2.1+part2.2	0h:2m:46s (0h:2m:24s left)
 114 K2P+I        21033.781   part2.1+part3.2	0h:2m:46s (0h:2m:21s left)
 115 K2P+I        21034.995   part2.1+part4.2	0h:2m:47s (0h:2m:20s left)
 116 K2P+I        21047.768   part2.2+part4.2	0h:2m:47s (0h:2m:17s left)
 117 TIM3e+I      21050.433   part3.1+part4.2	0h:2m:48s (0h:2m:15s left)
 118 K2P          21030.581   part2.2+part3.2	0h:2m:48s (0h:2m:12s left)
 119 JC+I         21028.628   part3.2+part4.2	0h:2m:49s (0h:2m:10s left)
 120 K2P+I        21036.032   part3.1+part3.2	0h:2m:50s (0h:2m:8s left)
Merging part2.3+part4.3 with BIC score: 20997.994 (LnL: -10015.916  df: 125)
 121 HKY+F+G4     21108.639   part2.3+part4.1+part4.3	0h:3m:3s (0h:2m:16s left)
 122 HKY+F+G4     21023.643   part2.3+part3.3+part4.3	0h:3m:4s (0h:2m:14s left)
 123 HKY+F+G4     21021.198   part1.1+part2.3+part4.3	0h:3m:5s (0h:2m:12s left)
 124 HKY+F+G4     21081.807   part1.2+part2.3+part4.3	0h:3m:5s (0h:2m:10s left)
 125 HKY+F+G4     21084.813   part2.3+part4.3+part5.2	0h:3m:7s (0h:2m:8s left)
 126 TPM2+F+G4    21103.134   part2.3+part4.3+part5.1	0h:3m:9s (0h:2m:7s left)
 127 HKY+F+G4     21009.911   part1.3+part2.3+part4.3	0h:3m:9s (0h:2m:5s left)
 128 TIM2+F+G4    21039.114   part2.3+part4.3+part5.3	0h:3m:11s (0h:2m:4s left)
 129 HKY+F+G4     21101.266   part2.1+part2.3+part4.3	0h:3m:19s (0h:2m:6s left)
 130 HKY+F+G4     21034.772   part2.3+part3.1+part4.3	0h:3m:19s (0h:2m:4s left)
 131 HKY+F+G4     21124.012   part2.2+part2.3+part4.3	0h:3m:19s (0h:2m:1s left)
 132 HKY+F+G4     21199.523   part2.3+part4.2+part4.3	0h:3m:20s (0h:2m:0s left)
 133 HKY+F+G4     21108.595   part2.3+part3.2+part4.3	0h:3m:20s (0h:1m:57s left)
Merging part4.1+part5.2 with BIC score: 20970.241 (LnL: -10017.498  df: 121)
 134 K2P+I        20948.494   part1.1+part4.1+part5.2	0h:3m:27s (0h:1m:59s left)
 135 K2P+G4       21071.716   part3.3+part4.1+part5.2	0h:3m:28s (0h:1m:57s left)
 136 K2P+I        20961.657   part1.2+part4.1+part5.2	0h:3m:28s (0h:1m:54s left)
 137 K2P+I        20954.694   part3.1+part4.1+part5.2	0h:3m:29s (0h:1m:52s left)
 138 TPM2u+F+I+G4 20969.596   part4.1+part5.1+part5.2	0h:3m:31s (0h:1m:51s left)
 139 HKY+F+I      20968.381   part2.2+part4.1+part5.2	0h:3m:32s (0h:1m:50s left)
 140 K2P+I        20947.304   part2.1+part4.1+part5.2	0h:3m:33s (0h:1m:48s left)
 141 TN+F+I+G4    21179.327   part1.3+part4.1+part5.2	0h:3m:34s (0h:1m:46s left)
 142 HKY+F+I      20969.002   part4.1+part4.2+part5.2	0h:3m:36s (0h:1m:45s left)
 143 TPM3u+F+I+G4 21264.094   part4.1+part5.2+part5.3	0h:3m:36s (0h:1m:43s left)
 144 K2P+I        20967.283   part3.2+part4.1+part5.2	0h:3m:36s (0h:1m:40s left)
 145 HKY+F+I+G4   21139.230   part2.3+part4.1+part4.3+part5.2	0h:3m:36s (0h:1m:38s left)
Merging part2.1+part4.1+part5.2 with BIC score: 20947.304 (LnL: -10029.218  df: 115)
 146 K2P+I        20940.226   part1.2+part2.1+part4.1+part5.2	0h:3m:44s (0h:1m:39s left)
 147 K2P+G4       21057.080   part2.1+part3.3+part4.1+part5.2	0h:3m:45s (0h:1m:38s left)
 148 K2P+I        20926.608   part1.1+part2.1+part4.1+part5.2	0h:3m:45s (0h:1m:35s left)
 149 K2P+I        20933.609   part2.1+part3.1+part4.1+part5.2	0h:3m:45s (0h:1m:33s left)
 150 K2P+I        20949.409   part2.1+part4.1+part4.2+part5.2	0h:3m:47s (0h:1m:32s left)
 151 K2P+I        20942.267   part2.1+part2.2+part4.1+part5.2	0h:3m:50s (0h:1m:31s left)
 152 K2P+I        20946.912   part2.1+part3.2+part4.1+part5.2	0h:3m:52s (0h:1m:30s left)
 153 TN+F+I+G4    21189.588   part1.3+part2.1+part4.1+part5.2	0h:3m:53s (0h:1m:28s left)
 154 HKY+F+I+G4   21169.637   part2.1+part2.3+part4.1+part4.3+part5.2	0h:3m:54s (0h:1m:26s left)
 155 TPM2u+F+I+G4 20960.522   part2.1+part4.1+part5.1+part5.2	0h:3m:55s (0h:1m:25s left)
 156 TPM3u+F+I+G4 21300.617   part2.1+part4.1+part5.2+part5.3	0h:3m:55s (0h:1m:23s left)
Merging part1.1+part2.1+part4.1+part5.2 with BIC score: 20926.608 (LnL: -10030.463  df: 112)
 157 K2P+I        20921.180   part1.1+part2.1+part2.2+part4.1+part5.2	0h:4m:1s (0h:1m:23s left)
 158 K2P+I        20919.773   part1.1+part1.2+part2.1+part4.1+part5.2	0h:4m:2s (0h:1m:21s left)
 159 K2P+I        20926.939   part1.1+part2.1+part3.2+part4.1+part5.2	0h:4m:4s (0h:1m:19s left)
 160 K2P+I        20912.256   part1.1+part2.1+part3.1+part4.1+part5.2	0h:4m:6s (0h:1m:18s left)
 161 K2P+I        20931.013   part1.1+part2.1+part4.1+part4.2+part5.2	0h:4m:9s (0h:1m:17s left)
 162 TPM2u+F+I+G4 20941.797   part1.1+part2.1+part4.1+part5.1+part5.2	0h:4m:12s (0h:1m:16s left)
 163 TN+F+I+G4    21172.960   part1.1+part1.3+part2.1+part4.1+part5.2	0h:4m:16s (0h:1m:15s left)
 164 K2P+G4       21035.612   part1.1+part2.1+part3.3+part4.1+part5.2	0h:4m:16s (0h:1m:13s left)
 165 HKY+F+I+G4   21155.978   part1.1+part2.1+part2.3+part4.1+part4.3+part5.2	0h:4m:18s (0h:1m:12s left)
 166 TPM3u+F+I+G4 21291.439   part1.1+part2.1+part4.1+part5.2+part5.3	0h:4m:24s (0h:1m:11s left)
Merging part1.3+part5.3 with BIC score: 20909.360 (LnL: -10056.621  df: 103)
 167 TPM2+F+G4    21120.543   part1.3+part3.2+part5.3	0h:4m:36s (0h:1m:12s left)
 168 TPM3u+F+G4   21179.913   part1.3+part2.2+part5.3	0h:4m:37s (0h:1m:11s left)
 169 HKY+F+I+G4   21282.190   part1.3+part4.2+part5.3	0h:4m:38s (0h:1m:9s left)
 170 TPM2+F+G4    21080.893   part1.2+part1.3+part5.3	0h:4m:39s (0h:1m:7s left)
 171 TVM+F+G4     21038.863   part1.3+part3.1+part5.3	0h:4m:39s (0h:1m:5s left)
 172 TVM+F+G4     21140.776   part1.3+part5.1+part5.3	0h:4m:40s (0h:1m:3s left)
 173 TVM+F+G4     20965.775   part1.3+part2.3+part4.3+part5.3	0h:4m:44s (0h:1m:2s left)
 174 TPM3u+F+I+G4 21395.260   part1.1+part1.3+part2.1+part4.1+part5.2+part5.3	0h:4m:47s (0h:1m:1s left)
 175 TPM3u+F+G4   20951.838   part1.3+part3.3+part5.3	0h:4m:49s (0h:0m:59s left)
Merging part1.1+part2.1+part3.1+part4.1+part5.2 with BIC score: 20895.009 (LnL: -10061.040  df: 100)
 176 K2P+I        20889.993   part1.1+part2.1+part2.2+part3.1+part4.1+part5.2	0h:4m:57s (0h:0m:59s left)
 177 K2P+I        20889.207   part1.1+part1.2+part2.1+part3.1+part4.1+part5.2	0h:5m:0s (0h:0m:57s left)
 178 K2P+G4       21000.900   part1.1+part2.1+part3.1+part3.3+part4.1+part5.2	0h:5m:0s (0h:0m:55s left)
 179 K2P+I        20896.123   part1.1+part2.1+part3.1+part3.2+part4.1+part5.2	0h:5m:1s (0h:0m:53s left)
 180 K2P+I        20902.607   part1.1+part2.1+part3.1+part4.1+part4.2+part5.2	0h:5m:2s (0h:0m:52s left)
 181 TPM2u+F+I+G4 20909.077   part1.1+part2.1+part3.1+part4.1+part5.1+part5.2	0h:5m:4s (0h:0m:50s left)
 182 TN+F+I+G4    21128.445   part1.1+part2.1+part2.3+part3.1+part4.1+part4.3+part5.2	0h:5m:8s (0h:0m:49s left)
 183 TPM3u+F+I+G4 21400.747   part1.1+part1.3+part2.1+part3.1+part4.1+part5.2+part5.3	0h:5m:12s (0h:0m:47s left)
Merging part1.2+part2.2 with BIC score: 20888.821 (LnL: -10061.810  df: 99)
 184 HKY+F        20893.553   part1.2+part2.2+part3.2	0h:5m:16s (0h:0m:46s left)
 185 K2P+I        20900.002   part1.2+part2.2+part4.2	0h:5m:16s (0h:0m:44s left)
 186 K2P+G4       20995.853   part1.2+part2.2+part3.3	0h:5m:19s (0h:0m:42s left)
 187 TVMe+I+G4    20924.004   part1.2+part2.2+part5.1	0h:5m:20s (0h:0m:41s left)
 188 K2P+I        20883.817   part1.1+part1.2+part2.1+part2.2+part3.1+part4.1+part5.2	0h:5m:20s (0h:0m:39s left)
 189 HKY+F+G4     21070.917   part1.2+part2.2+part2.3+part4.3	0h:5m:25s (0h:0m:37s left)
 190 K2P+G4       21239.990   part1.2+part1.3+part2.2+part5.3	0h:5m:26s (0h:0m:36s left)
Merging part3.2+part4.2 with BIC score: 20883.076 (LnL: -10062.803  df: 98)
 191 K2P+I        20893.834   part1.2+part2.2+part3.2+part4.2	0h:5m:30s (0h:0m:34s left)
 192 K2P+I        21042.929   part3.2+part3.3+part4.2	0h:5m:31s (0h:0m:32s left)
 193 K2P+I        20895.006   part1.1+part2.1+part3.1+part3.2+part4.1+part4.2+part5.2	0h:5m:39s (0h:0m:31s left)
 194 TVMe+I+G4    20904.368   part3.2+part4.2+part5.1	0h:5m:40s (0h:0m:29s left)
 195 HKY+F+G4     21150.914   part2.3+part3.2+part4.2+part4.3	0h:5m:40s (0h:0m:27s left)
 196 HKY+F+I+G4   21346.970   part1.3+part3.2+part4.2+part5.3	0h:5m:41s (0h:0m:26s left)
Merging part1.1+part1.2+part2.1+part2.2+part3.1+part4.1+part5.2 with BIC score: 20878.073 (LnL: -10068.030  df: 96)
 197 K2P+G4       20996.064   part1.1+part1.2+part2.1+part2.2+part3.1+part3.3+part4.1+part5.2	0h:5m:50s (0h:0m:24s left)
 198 K2P+I        20890.052   part1.1+part1.2+part2.1+part2.2+part3.1+part3.2+part4.1+part4.2+part5.2	0h:5m:51s (0h:0m:23s left)
 199 K2P+I+G4     20902.716   part1.1+part1.2+part2.1+part2.2+part3.1+part4.1+part5.1+part5.2	0h:5m:53s (0h:0m:21s left)
 200 TN+F+I+G4    21173.810   part1.1+part1.2+part2.1+part2.2+part2.3+part3.1+part4.1+part4.3+part5.2	0h:5m:59s (0h:0m:19s left)
 201 HKY+F+I+G4   21479.431   part1.1+part1.2+part1.3+part2.1+part2.2+part3.1+part4.1+part5.2+part5.3	0h:6m:3s (0h:0m:18s left)
BEST-FIT PARTITION MODEL: 
  charpartition BIC = K2P+I: part1.1 part1.2 part2.1 part2.2 part3.1 part4.1 part5.2, TVM+F+G4: part1.3 part5.3, HKY+F+G4: part2.3 part4.3, JC+I: part3.2 part4.2, K2P: part3.3, TPM2u+F+I+G4: part5.1;
Agglomerative model selection: ((((part1.1,(part2.1,(part4.1,part5.2)2:20970.2)3:20947.3)4:20926.6,part3.1)6:20895,(part1.2,part2.2)7:20888.8)9:20878.1,(part1.3,part5.3)5:20909.4,(part2.3,part4.3)1:20998,(part3.2,part4.2)8:20883.1,part3.3,part5.1)
Merging into 6 partitions...
Partition information was printed to 4_set36.best_scheme.nex
Partition information in Raxml format was printed to 4_set36.best_scheme

All model information printed to 4_set36.model.gz
CPU time for ModelFinder: 351.881 seconds (0h:5m:51s)
Wall-clock time for ModelFinder: 365.736 seconds (0h:6m:5s)
Generating 1000 samples for ultrafast bootstrap (seed: 618700)...

NOTE: 6 MB RAM (0 GB) is required!
Measuring multi-threading efficiency up to 8 CPU cores
Increase to 10 rounds for branch lengths
20 trees examined
Threads: 1 / Time: 8.046 sec / Speedup: 1.000 / Efficiency: 100% / LogL: -16116
Threads: 2 / Time: 19.267 sec / Speedup: 0.418 / Efficiency: 21% / LogL: -16116
BEST NUMBER OF THREADS: 1

Estimate model parameters (epsilon = 0.100)
Initial log-likelihood: -11252.956
Current log-likelihood at step 1: -10203.780
Current log-likelihood at step 2: -10129.355
Current log-likelihood at step 3: -10126.976
Current log-likelihood at step 4: -10124.916
Current log-likelihood at step 5: -10122.763
Current log-likelihood at step 6: -10120.494
Current log-likelihood at step 7: -10118.096
Current log-likelihood at step 8: -10115.547
Current log-likelihood at step 9: -10112.829
Current log-likelihood at step 10: -10109.916
Current log-likelihood at step 11: -10106.786
Current log-likelihood at step 12: -10103.419
Current log-likelihood at step 13: -10099.814
Current log-likelihood at step 14: -10096.023
Current log-likelihood at step 15: -10087.278
Current log-likelihood at step 16: -10086.833
Current log-likelihood at step 17: -10086.386
Current log-likelihood at step 18: -10085.934
Current log-likelihood at step 19: -10085.476
Current log-likelihood at step 20: -10085.010
Current log-likelihood at step 21: -10084.535
Current log-likelihood at step 22: -10084.050
Current log-likelihood at step 23: -10083.552
Current log-likelihood at step 24: -10083.042
Current log-likelihood at step 25: -10082.516
Current log-likelihood at step 26: -10081.974
Current log-likelihood at step 27: -10081.414
Current log-likelihood at step 28: -10080.835
Current log-likelihood at step 29: -10080.235
Current log-likelihood at step 30: -10079.614
Current log-likelihood at step 31: -10078.968
Current log-likelihood at step 32: -10078.297
Current log-likelihood at step 33: -10077.600
Current log-likelihood at step 34: -10076.874
Current log-likelihood at step 35: -10076.118
Current log-likelihood at step 36: -10075.332
Current log-likelihood at step 37: -10074.514
Current log-likelihood at step 38: -10073.666
Current log-likelihood at step 39: -10072.789
Current log-likelihood at step 40: -10071.886
Current log-likelihood at step 41: -10070.965
Current log-likelihood at step 42: -10065.602
Current log-likelihood at step 43: -10065.601
Partition-specific rates:  0.223 3.975 1.625 0.059 1.676 0.576
Parameters optimization took 42 rounds (6.653 sec)


WARNING: Estimated model parameters are at boundary that can cause numerical instability!

Computing ML distances based on estimated model parameters... 0.049 sec
Computing BIONJ tree...
0.007 seconds
Log-likelihood of BIONJ tree: -10081.005
--------------------------------------------------------------------
|             INITIALIZING CANDIDATE TREE SET                      |
--------------------------------------------------------------------
Generating 98 parsimony trees... 5.055 second
Computing log-likelihood of 98 initial trees ... 9.139 seconds
Current best score: -10064.488

Do NNI search on 20 best initial trees
Estimate model parameters (epsilon = 0.100)
Initial log-likelihood: -10063.609
Current log-likelihood at step 1: -10063.587
Parameters optimization took 0 rounds (0.108 sec)


WARNING: Estimated model parameters are at boundary that can cause numerical instability!

BETTER TREE FOUND at iteration 1: -10063.587
Estimate model parameters (epsilon = 0.100)
Initial log-likelihood: -10063.065
Current log-likelihood at step 1: -10063.050
Parameters optimization took 0 rounds (0.319 sec)


WARNING: Estimated model parameters are at boundary that can cause numerical instability!

BETTER TREE FOUND at iteration 4: -10063.050
Iteration 10 / LogL: -10063.596 / Time: 0h:0m:57s
Iteration 20 / LogL: -10063.600 / Time: 0h:1m:7s
Finish initializing candidate tree set (3)
Current best tree score: -10063.050 / CPU time: 33.440
Number of iterations: 20
--------------------------------------------------------------------
|               OPTIMIZING CANDIDATE TREE SET                      |
--------------------------------------------------------------------
Iteration 30 / LogL: -10069.780 / Time: 0h:1m:18s (0h:3m:20s left)
Iteration 40 / LogL: -10063.058 / Time: 0h:1m:27s (0h:2m:22s left)
Iteration 50 / LogL: -10063.051 / Time: 0h:1m:39s (0h:1m:49s left)
Log-likelihood cutoff on original alignment: -10093.777
Iteration 60 / LogL: -10069.777 / Time: 0h:1m:53s (0h:1m:24s left)
UPDATE BEST LOG-LIKELIHOOD: -10063.050
Iteration 70 / LogL: -10063.050 / Time: 0h:2m:13s (0h:1m:5s left)
Iteration 80 / LogL: -10063.596 / Time: 0h:2m:28s (0h:0m:45s left)
Iteration 90 / LogL: -10063.050 / Time: 0h:2m:43s (0h:0m:25s left)
Iteration 100 / LogL: -10068.886 / Time: 0h:3m:1s (0h:0m:7s left)
Log-likelihood cutoff on original alignment: -10093.777
NOTE: Bootstrap correlation coefficient of split occurrence frequencies: 0.999
TREE SEARCH COMPLETED AFTER 105 ITERATIONS / Time: 0h:3m:9s

--------------------------------------------------------------------
|                    FINALIZING TREE SEARCH                        |
--------------------------------------------------------------------
Performs final model parameters optimization
Estimate model parameters (epsilon = 0.010)
Initial log-likelihood: -10063.050
Current log-likelihood at step 1: -10063.050
Partition-specific rates:  0.221 3.974 1.636 0.058 1.658 0.575
Parameters optimization took 0 rounds (0.236 sec)


WARNING: Estimated model parameters are at boundary that can cause numerical instability!

BEST SCORE FOUND : -10063.050
Creating bootstrap support values...
Split supports printed to NEXUS file 4_set36.splits.nex
Total tree length: 0.763

Total number of iterations: 105
CPU time used for tree search: 44.336 sec (0h:0m:44s)
Wall-clock time used for tree search: 155.144 sec (0h:2m:35s)
Total CPU time used: 52.762 sec (0h:0m:52s)
Total wall-clock time used: 190.666 sec (0h:3m:10s)

Computing bootstrap consensus tree...
Reading input file 4_set36.splits.nex...
35 taxa and 170 splits.
Consensus tree written to 4_set36.contree
Reading input trees file 4_set36.contree
Log-likelihood of consensus tree: -10063.050

Analysis results written to: 
  IQ-TREE report:                4_set36.iqtree
  Maximum-likelihood tree:       4_set36.treefile
  Likelihood distances:          4_set36.mldist
  Best partitioning scheme:      4_set36.best_scheme.nex
           in RAxML format:      4_set36.best_scheme

Ultrafast bootstrap approximation results written to:
  Split support values:          4_set36.splits.nex
  Consensus tree:                4_set36.contree
  Screen log file:               4_set36.log

Date and Time: Thu Sep  6 19:28:25 2018
