IQ-TREE multicore version 1.6.7 for Mac OS X 64-bit built Aug 23 2018
Developed by Bui Quang Minh, Nguyen Lam Tung, Olga Chernomor,
Heiko Schmidt, Dominik Schrempf, Michael Woodhams.

Host:    meeps-mac-pro.staff.sydney.edu.au (AVX, 64 GB RAM)
Command: /Users/davidduchene/Desktop/Software/iqtree-1.6.7-MacOSX/bin/iqtree -s ../../../../marsupials/set132.fasta -m TESTMERGE -bb 1000 -spp ../../../../marsupials/set132.nex -nt AUTO -pre 4_set132
Seed:    806619 (Using SPRNG - Scalable Parallel Random Number Generator)
Time:    Fri Sep  7 13:04:41 2018
Kernel:  AVX - auto-detect threads (8 CPU cores detected)

Reading partition model file ../../../../marsupials/set132.nex ...
Reading alignment file ../../../../marsupials/set132.fasta ... Fasta format detected
Alignment most likely contains DNA/RNA sequences
Alignment has 35 sequences with 3009 columns, 1098 distinct patterns
559 parsimony-informative, 472 singleton sites, 1978 constant sites
                                              Gap/Ambiguity  Composition  p-value
   1  Burramyidae_Burramys_parvus                     1.23%    passed     95.40%
   2  Notoryctidae_Notoryctes_typhlops                5.25%    passed     70.79%
   3  Vombatidae_Lasiorhinus_latifrons                0.30%    passed     98.26%
   4  Potoroidae_Bettongia_penicillata                0.30%    passed     96.86%
   5  Potoroidae_Bettongia_lesueur                    0.30%    passed     96.24%
   6  Dasyuridae_Dasyurus_maculatus                   0.30%    passed     98.66%
   7  Phalangeridae_Trichosurus_vulpecula             0.13%    passed     99.81%
   8  Phalangeridae_Spilocuscus_maculatus             3.92%    passed     96.97%
   9  Potoroidae_Aepyprymnus_rufescens                0.10%    passed     98.67%
  10  Peramelidae_Perameles_nasuta                   11.43%    passed     69.94%
  11  Phalangeridae_Strigocuscus_pelengensis         11.40%    passed     95.24%
  12  Dasyuridae_Phascogale_tapoatafa                 2.53%    passed     91.21%
  13  Dasyuridae_Sminthopsis_macroura                 4.55%    passed     80.84%
  14  Phalangeridae_Phalanger_orientalis              0.33%    passed     99.87%
  15  Acrobatidae_Acrobates_pygmaeus                  1.23%    passed     96.93%
  16  Dasyuridae_Phascogale_calura                    0.40%    passed     90.01%
  17  Dasyuridae_Sarcophilus_harrisii                 3.72%    passed     99.51%
  18  Dasyuridae_Planigale_tenuirostris              13.13%    passed     89.77%
  19  Peramelidae_Echymipera_kalubu                   0.37%    passed     93.46%
  20  Macropodidae_Dorcopsulus_vanheurni              0.50%    passed     63.77%
  21  Pseudochiridae_Pseudochirulus_forbesi           0.76%    passed     85.04%
  22  Didelphidae_Didelphis_virginiana                0.30%    passed     80.55%
  23  Marmosidae_Monodelphis_domestica                2.53%    passed     87.49%
  24  Dasyuridae_Antechinus_stuartii                 32.17%    passed     63.43%
  25  Hypsiprymnodontidae_Hypsiprymnodon_moschatus    1.86%    passed     59.22%
  26  Microbiotheriidae_Dromiciops_gliroides          1.86%    passed     94.79%
  27  Pseudochiridae_Petauroides_volans               3.72%    passed     98.70%
  28  Macropodidae_Wallabia_bicolor                   0.33%    passed     91.89%
  29  Pseudochiridae_Pseudocheirus_occidentalis      17.25%    passed     33.95%
  30  Tarsipedidae_Tarsipes_rostratus                 3.42%    passed     95.60%
  31  Acrobatidae_Distoechurus_pennatus               0.23%    passed     97.66%
  32  Phalangeridae_Phalanger_carmelitae              8.87%    passed     89.16%
  33  Peramelidae_Peroryctes_raffrayana              11.83%    passed     88.10%
  34  Dasyuridae_Dasyurus_geffroii                    0.60%    passed     96.73%
  35  Peramelidae_Perameles_gunnii                    0.50%    passed     92.94%
****  TOTAL                                           4.22%  0 sequences failed composition chi2 test (p-value<5%; df=3)
NOTE: No CharPartition defined, use all CharSets

Loading 15 partitions...
Subset	Type	Seqs	Sites	Infor	Invar	Model	Name
1		35	250	14	217	TESTMERGE	part1.1
2		35	250	10	221	TESTMERGE	part1.2
3		35	250	89	102	TESTMERGE	part1.3
4		35	234	21	185	TESTMERGE	part2.1
5		35	234	15	196	TESTMERGE	part2.2
6		35	234	85	97	TESTMERGE	part2.3
7		35	126	8	105	TESTMERGE	part3.1
8		35	126	5	101	TESTMERGE	part3.2
9		35	126	49	44	TESTMERGE	part3.3
10		31	76	29	23	TESTMERGE	part4.1
11		31	76	23	28	TESTMERGE	part4.2
12		31	76	36	17	TESTMERGE	part4.3
13		34	317	46	229	TESTMERGE	part5.1
14		34	317	36	246	TESTMERGE	part5.2
15		34	317	93	167	TESTMERGE	part5.3
Degree of missing data: 0.018
Info: multi-threading strategy over partitions



Create initial parsimony tree by phylogenetic likelihood library (PLL)... 0.009 seconds
NOTE: ModelFinder requires 11 MB RAM!
NUMBER OF THREADS FOR PARTITION FINDING: 8
Testing GTR+F+G on supermatrix...
GTR+F+G4 / LnL: -14438.798 / df: 76 / AIC: 29029.596 / AICc: 29033.587 / BIC: 29486.307
Selecting individual models for 15 charsets using BIC...
 No. Model        Score       Charset
   1 TIM3+F       1292.960    part2.2
   2 K3P+G4       1565.039    part2.1
   3 K3P+G4       1983.947    part3.3
   4 HKY+F+G4     2642.472    part5.1
   5 HKY+F+G4     2307.326    part5.2
   6 TPM2u+F+G4   3629.336    part1.3
   7 HKY+F+G4     3255.426    part2.3
   8 HKY+F+G4     1291.541    part1.1
   9 K2P+G4       1280.284    part4.1
  10 HKY+F        1473.336    part4.3	0h:0m:20s (0h:6m:51s left)
  11 TPM3u+F+G4   3691.456    part5.3	0h:0m:20s (0h:6m:11s left)
  12 HKY+F        1148.375    part1.2	0h:0m:20s (0h:5m:39s left)
  13 TNe+G4       784.592     part3.1	0h:0m:20s (0h:5m:12s left)
  14 TPM3+F       1127.939    part4.2	0h:0m:20s (0h:4m:53s left)
  15 TIM2e        790.000     part3.2	0h:0m:20s (0h:4m:32s left)
Full partition model BIC score: 29013.183 (LnL: -13921.908  df:146)
Merging models to increase model fit (about 211 total partition schemes)...
  16 HKY+F+G4     29059.704   part2.3+part5.1	0h:0m:27s (0h:5m:40s left)
  17 TPM2u+F+G4   29044.821   part1.3+part5.1	0h:0m:29s (0h:5m:36s left)
  18 TPM3+F+G4    29072.365   part5.1+part5.3	0h:0m:31s (0h:5m:38s left)
  19 TPM2+F+G4    29081.487   part5.2+part5.3	0h:0m:32s (0h:5m:24s left)
  20 HKY+F+G4     29087.686   part2.3+part5.2	0h:0m:33s (0h:5m:18s left)
  21 HKY+F+G4     28970.895   part1.3+part2.3	0h:0m:36s (0h:5m:33s left)
  22 HKY+F+G4     28993.654   part1.3+part5.3	0h:0m:39s (0h:5m:40s left)
  23 TPM3u+F+G4   28979.046   part2.3+part5.3	0h:0m:43s (0h:5m:54s left)
  24 HKY+F+G4     29092.579   part1.3+part5.2	0h:0m:51s (0h:6m:43s left)
  25 K3Pu+F+G4    29000.256   part2.3+part3.3	0h:0m:53s (0h:6m:39s left)
  26 HKY+F+G4     28991.884   part1.3+part3.3	0h:0m:55s (0h:6m:37s left)
  27 TPM3u+F+G4   29026.537   part3.3+part5.3	0h:0m:56s (0h:6m:21s left)
  28 HKY+F+G4     29082.180   part2.1+part5.3	0h:0m:56s (0h:6m:6s left)
  29 HKY+F+G4     29088.218   part2.1+part2.3	0h:0m:56s (0h:5m:56s left)
  30 TPM3+F+G4    29055.557   part2.2+part5.3	0h:0m:58s (0h:5m:53s left)
  31 K2P+G4       29070.322   part1.3+part2.1	0h:0m:59s (0h:5m:46s left)
  32 HKY+F+G4     29001.142   part5.1+part5.2	0h:1m:3s (0h:5m:57s left)
  33 TN+F+G4      29074.933   part2.2+part2.3	0h:1m:5s (0h:5m:55s left)
  34 TN+F+G4      29090.775   part1.3+part2.2	0h:1m:6s (0h:5m:47s left)
  35 TPM3u+F+G4   29023.137   part4.3+part5.3	0h:1m:7s (0h:5m:39s left)
  36 TPM3u+F+G4   29013.979   part4.1+part5.3	0h:1m:8s (0h:5m:33s left)
  37 TPM3u+F+G4   28993.481   part4.2+part5.3	0h:1m:11s (0h:5m:36s left)
  38 TN+F+G4      29007.663   part2.3+part4.3	0h:1m:13s (0h:5m:33s left)
  39 HKY+F+G4     29002.329   part2.3+part4.1	0h:1m:13s (0h:5m:24s left)
  40 TPM2u+F+G4   29013.263   part1.3+part4.3	0h:1m:18s (0h:5m:36s left)
  41 HKY+F+G4     28998.927   part2.3+part4.2	0h:1m:19s (0h:5m:29s left)
  42 HKY+F+G4     29167.790   part1.1+part5.3	0h:1m:19s (0h:5m:20s left)
  43 K2P+G4       28989.665   part1.3+part4.1	0h:1m:20s (0h:5m:14s left)
  44 HKY+F+G4     29005.665   part1.3+part4.2	0h:1m:22s (0h:5m:12s left)
  45 TN+F+G4      29172.324   part1.2+part5.3	0h:1m:22s (0h:5m:5s left)
  46 TPM3u+F+G4   29056.249   part3.2+part5.3	0h:1m:25s (0h:5m:7s left)
  47 TPM3+F+G4    29089.207   part3.1+part5.3	0h:1m:25s (0h:4m:59s left)
  48 K2P+G4       29142.566   part1.1+part2.3	0h:1m:27s (0h:4m:56s left)
  49 HKY+F+G4     28998.232   part2.1+part5.1	0h:1m:28s (0h:4m:53s left)
  50 HKY+F+G4     29045.833   part3.3+part5.1	0h:1m:29s (0h:4m:47s left)
  51 HKY+F+G4     29084.714   part2.3+part3.1	0h:1m:31s (0h:4m:48s left)
  52 TN+F+G4      29164.423   part1.2+part2.3	0h:1m:32s (0h:4m:41s left)
  53 HKY+F+G4     29066.405   part2.3+part3.2	0h:1m:33s (0h:4m:39s left)
  54 TIM3e+G4     29119.854   part1.1+part1.3	0h:1m:35s (0h:4m:36s left)
  55 K2P+G4       29054.004   part1.3+part3.1	0h:1m:35s (0h:4m:31s left)
  56 HKY+F+G4     29073.097   part3.3+part5.2	0h:1m:38s (0h:4m:31s left)
  57 TIM3+F+G4    29178.462   part1.2+part1.3	0h:1m:39s (0h:4m:28s left)
  58 HKY+F+G4     29059.013   part1.3+part3.2	0h:1m:39s (0h:4m:22s left)
  59 TIM3+F+G4    29015.538   part2.2+part5.1	0h:1m:41s (0h:4m:20s left)
  60 TPM2+F+G4    29086.193   part4.3+part5.1	0h:1m:42s (0h:4m:18s left)
  61 HKY+F+G4     28993.230   part2.1+part5.2	0h:1m:42s (0h:4m:12s left)
  62 HKY+F+G4     29034.784   part4.1+part5.1	0h:1m:45s (0h:4m:13s left)
  63 HKY+F+G4     29037.757   part4.2+part5.1	0h:1m:45s (0h:4m:7s left)
  64 TPM3u+F+G4   28992.455   part2.2+part5.2	0h:1m:47s (0h:4m:7s left)
  65 K3P+G4       29063.637   part2.1+part3.3	0h:1m:48s (0h:4m:4s left)
  66 TPM2u+F+G4   29056.328   part4.1+part5.2	0h:1m:48s (0h:3m:58s left)
  67 HKY+F+G4     29099.131   part4.3+part5.2	0h:1m:48s (0h:3m:54s left)
  68 HKY+F+G4     29005.410   part1.1+part5.1	0h:1m:51s (0h:3m:54s left)
  69 HKY+F+G4     29034.599   part4.2+part5.2	0h:1m:51s (0h:3m:49s left)
  70 HKY+F+G4     29006.633   part3.2+part5.1	0h:1m:52s (0h:3m:47s left)
  71 TN+F+G4      29059.724   part1.2+part5.1	0h:1m:53s (0h:3m:43s left)
  72 HKY+F+G4     28998.516   part3.1+part5.1	0h:1m:54s (0h:3m:41s left)
  73 HKY+F+G4     29003.222   part1.1+part5.2	0h:1m:55s (0h:3m:38s left)
  74 TIM+F+G4     28999.287   part2.1+part2.2	0h:1m:57s (0h:3m:37s left)
  75 K3P+G4       28995.466   part3.3+part4.1	0h:1m:59s (0h:3m:37s left)
  76 K3Pu+F+G4    29026.802   part3.3+part4.3	0h:2m:1s (0h:3m:36s left)
  77 HKY+F+G4     29003.717   part1.2+part5.2	0h:2m:1s (0h:3m:32s left)
  78 TIM+F+G4     29094.111   part2.2+part3.3	0h:2m:4s (0h:3m:31s left)
  79 TPM2u+F+G4   29005.656   part3.2+part5.2	0h:2m:6s (0h:3m:30s left)
  80 TPM3u+F+G4   29026.022   part3.3+part4.2	0h:2m:6s (0h:3m:27s left)
  81 HKY+F+G4     28999.547   part3.1+part5.2	0h:2m:6s (0h:3m:23s left)
  82 HKY+F+G4     29118.179   part2.1+part4.3	0h:2m:9s (0h:3m:23s left)
  83 HKY+F+G4     29057.907   part2.1+part4.2	0h:2m:10s (0h:3m:21s left)
  84 K3P+G4       29066.148   part2.1+part4.1	0h:2m:11s (0h:3m:18s left)
  85 TN+F+G4      29107.365   part2.2+part4.3	0h:2m:14s (0h:3m:19s left)
  86 TIM3+F+G4    29052.383   part2.2+part4.2	0h:2m:15s (0h:3m:16s left)
  87 TIM3+F+G4    29079.783   part2.2+part4.1	0h:2m:16s (0h:3m:14s left)
  88 K3Pu+F+G4    29108.711   part1.1+part3.3	0h:2m:18s (0h:3m:13s left)
  89 K3Pu+F+G4    28996.262   part1.1+part2.1	0h:2m:19s (0h:3m:11s left)
  90 TIM+F+G4     29132.848   part1.2+part3.3	0h:2m:19s (0h:3m:7s left)
  91 K3P+G4       29058.427   part3.1+part3.3	0h:2m:19s (0h:3m:3s left)
  92 K2P+G4       29070.317   part3.2+part3.3	0h:2m:20s (0h:3m:1s left)
  93 TIM+F+G4     29022.710   part1.2+part2.1	0h:2m:22s (0h:3m:0s left)
  94 HKY+F+G4     29006.192   part4.1+part4.3	0h:2m:23s (0h:2m:58s left)
  95 K3P+G4       28987.795   part2.1+part3.1	0h:2m:24s (0h:2m:56s left)
  96 K2P+G4       28998.988   part2.1+part3.2	0h:2m:26s (0h:2m:54s left)
  97 TPM3+F       28994.031   part4.2+part4.3	0h:2m:26s (0h:2m:52s left)
  98 TN+F+G4      29016.352   part1.1+part2.2	0h:2m:26s (0h:2m:49s left)
  99 TPM3+F       28999.497   part4.1+part4.2	0h:2m:28s (0h:2m:47s left)
 100 TN+F+I       28998.525   part1.2+part2.2	0h:2m:28s (0h:2m:44s left)
 101 TPM3u+F+G4   29010.830   part2.2+part3.1	0h:2m:29s (0h:2m:42s left)
 102 TN+F         28989.152   part2.2+part3.2	0h:2m:29s (0h:2m:39s left)
 103 TPM3+F+G4    29155.505   part1.1+part4.3	0h:2m:32s (0h:2m:40s left)
 104 HKY+F+G4     29095.365   part1.1+part4.1	0h:2m:33s (0h:2m:37s left)
 105 HKY+F+G4     29104.779   part3.2+part4.3	0h:2m:33s (0h:2m:35s left)
 106 TN+F+G4      29121.370   part1.2+part4.1	0h:2m:34s (0h:2m:32s left)
 107 K2P+I        29099.539   part3.1+part4.3	0h:2m:34s (0h:2m:30s left)
 108 HKY+F+G4     29086.601   part1.1+part4.2	0h:2m:34s (0h:2m:27s left)
 109 TIM3+F+G4    29159.463   part1.2+part4.3	0h:2m:34s (0h:2m:24s left)
 110 K2P+G4       29055.514   part3.1+part4.1	0h:2m:35s (0h:2m:22s left)
 111 TIM3e+G4     29054.733   part3.1+part4.2	0h:2m:38s (0h:2m:22s left)
 112 K3Pu+F+G4    29006.159   part1.1+part1.2	0h:2m:39s (0h:2m:20s left)
 113 HKY+F+G4     29009.176   part1.1+part3.2	0h:2m:39s (0h:2m:18s left)
 114 TPM3+F+I     29057.428   part3.2+part4.2	0h:2m:39s (0h:2m:15s left)
 115 TN+F         29015.530   part1.2+part3.2	0h:2m:39s (0h:2m:12s left)
 116 K3Pu+F+G4    28988.495   part1.1+part3.1	0h:2m:39s (0h:2m:10s left)
 117 TN+F+G4      29094.572   part1.2+part4.2	0h:2m:39s (0h:2m:7s left)
 118 TPM2u+F+G4   29074.918   part3.2+part4.1	0h:2m:39s (0h:2m:5s left)
 119 K2P+I        28994.563   part3.1+part3.2	0h:2m:40s (0h:2m:4s left)
 120 HKY+F+I      29010.081   part1.2+part3.1	0h:2m:40s (0h:2m:1s left)
Merging part1.3+part2.3 with BIC score: 28970.895 (LnL: -13928.797  df: 139)
 121 HKY+F+G4     29053.364   part1.3+part2.3+part3.1	0h:2m:50s (0h:2m:6s left)
 122 HKY+F+G4     29070.777   part1.3+part2.1+part2.3	0h:2m:51s (0h:2m:5s left)
 123 HKY+F+G4     29041.229   part1.3+part2.3+part5.1	0h:2m:51s (0h:2m:2s left)
 124 TN+F+G4      29069.290   part1.3+part2.2+part2.3	0h:2m:52s (0h:2m:1s left)
 125 HKY+F+G4     28963.801   part1.3+part2.3+part4.2	0h:2m:53s (0h:1m:59s left)
 126 HKY+F+G4     28960.945   part1.3+part2.3+part4.1	0h:2m:54s (0h:1m:57s left)
 127 HKY+F+G4     29092.034   part1.3+part2.3+part5.2	0h:2m:55s (0h:1m:55s left)
 128 HKY+F+G4     28947.788   part1.3+part2.3+part5.3	0h:2m:59s (0h:1m:56s left)
 129 TIM3e+G4     29145.732   part1.1+part1.3+part2.3	0h:3m:1s (0h:1m:55s left)
 130 TIM3+F+G4    29186.435   part1.2+part1.3+part2.3	0h:3m:3s (0h:1m:54s left)
 131 HKY+F+G4     28971.685   part1.3+part2.3+part4.3	0h:3m:3s (0h:1m:52s left)
 132 HKY+F+G4     28953.913   part1.3+part2.3+part3.3	0h:3m:4s (0h:1m:50s left)
 133 HKY+F+G4     29030.877   part1.3+part2.3+part3.2	0h:3m:4s (0h:1m:48s left)
Merging part2.1+part3.1 with BIC score: 28945.507 (LnL: -13932.122  df: 135)
 134 K3P+G4       28934.669   part2.1+part3.1+part3.2	0h:3m:8s (0h:1m:48s left)
 135 HKY+F+G4     29004.445   part2.1+part3.1+part4.2	0h:3m:10s (0h:1m:47s left)
 136 K3Pu+F+G4    28937.407   part2.1+part2.2+part3.1	0h:3m:11s (0h:1m:45s left)
 137 K3Pu+F+G4    29075.981   part2.1+part3.1+part4.3	0h:3m:13s (0h:1m:44s left)
 138 HKY+F+G4     28935.718   part2.1+part3.1+part5.1	0h:3m:15s (0h:1m:43s left)
 139 HKY+F+G4     28931.431   part2.1+part3.1+part5.2	0h:3m:17s (0h:1m:42s left)
 140 HKY+F+G4     29058.811   part2.1+part3.1+part5.3	0h:3m:19s (0h:1m:41s left)
 141 HKY+F+G4     29107.176   part1.3+part2.1+part2.3+part3.1	0h:3m:21s (0h:1m:40s left)
 142 K3Pu+F+G4    28922.470   part1.1+part2.1+part3.1	0h:3m:22s (0h:1m:38s left)
 143 K3Pu+F+G4    28953.361   part1.2+part2.1+part3.1	0h:3m:22s (0h:1m:36s left)
 144 K3P+G4       29012.665   part2.1+part3.1+part4.1	0h:3m:22s (0h:1m:34s left)
 145 K3P+G4       29019.319   part2.1+part3.1+part3.3	0h:3m:24s (0h:1m:32s left)
Merging part2.2+part3.2 with BIC score: 28921.476 (LnL: -13940.129  df: 130)
 146 TN+F+G4      28926.229   part1.1+part2.2+part3.2	0h:3m:30s (0h:1m:33s left)
 147 K3Pu+F+G4    28920.070   part2.1+part2.2+part3.1+part3.2	0h:3m:31s (0h:1m:32s left)
 148 TIM3+F+G4    28927.453   part2.2+part3.2+part5.1	0h:3m:32s (0h:1m:30s left)
 149 TN+F+G4      29043.640   part2.2+part3.2+part4.3	0h:3m:33s (0h:1m:28s left)
 150 TIM2+F+G4    29031.044   part2.2+part3.2+part3.3	0h:3m:34s (0h:1m:27s left)
 151 TPM2u+F+G4   28912.825   part2.2+part3.2+part5.2	0h:3m:36s (0h:1m:26s left)
 152 TN+F+I       28918.222   part1.2+part2.2+part3.2	0h:3m:37s (0h:1m:24s left)
 153 TPM3u+F+G4   28998.017   part2.2+part3.2+part5.3	0h:3m:38s (0h:1m:22s left)
 154 TIM3+F+G4    28975.112   part2.2+part3.2+part4.2	0h:3m:39s (0h:1m:21s left)
 155 TN+F+G4      29067.854   part1.3+part2.2+part2.3+part3.2	0h:3m:40s (0h:1m:19s left)
 156 TIM3+F+G4    29002.777   part2.2+part3.2+part4.1	0h:3m:41s (0h:1m:17s left)
Merging part1.3+part2.3+part5.3 with BIC score: 28898.368 (LnL: -13956.608  df: 123)
 157 HKY+F+G4     29123.542   part1.1+part1.3+part2.3+part5.3	0h:3m:59s (0h:1m:22s left)
 158 TN+F+G4      29142.771   part1.2+part1.3+part2.3+part5.3	0h:4m:1s (0h:1m:20s left)
 159 HKY+F+G4     29081.218   part1.3+part2.1+part2.3+part3.1+part5.3	0h:4m:3s (0h:1m:19s left)
 160 HKY+F+G4     28987.269   part1.3+part2.3+part5.1+part5.3	0h:4m:4s (0h:1m:17s left)
 161 HKY+F+G4     28894.182   part1.3+part2.3+part3.3+part5.3	0h:4m:4s (0h:1m:16s left)
 162 HKY+F+G4     29030.316   part1.3+part2.3+part5.2+part5.3	0h:4m:4s (0h:1m:14s left)
 163 TN+F+G4      29049.420   part1.3+part2.2+part2.3+part3.2+part5.3	0h:4m:4s (0h:1m:12s left)
 164 HKY+F+G4     28904.023   part1.3+part2.3+part4.3+part5.3	0h:4m:6s (0h:1m:10s left)
 165 HKY+F+G4     28896.467   part1.3+part2.3+part4.1+part5.3	0h:4m:18s (0h:1m:11s left)
 166 HKY+F+G4     28894.250   part1.3+part2.3+part4.2+part5.3	0h:4m:18s (0h:1m:10s left)
Merging part1.1+part2.1+part3.1 with BIC score: 28875.331 (LnL: -13957.104  df: 120)
 167 K3Pu+F+G4    28871.826   part1.1+part1.2+part2.1+part3.1	0h:4m:25s (0h:1m:10s left)
 168 HKY+F+G4     28949.812   part1.1+part2.1+part3.1+part4.2	0h:4m:26s (0h:1m:8s left)
 169 K3Pu+F+G4    28964.887   part1.1+part2.1+part3.1+part4.1	0h:4m:27s (0h:1m:6s left)
 170 K3Pu+F+G4    28881.676   part1.1+part2.1+part2.2+part3.1+part3.2	0h:4m:27s (0h:1m:4s left)
 171 HKY+F+G4     28870.517   part1.1+part2.1+part3.1+part5.1	0h:4m:28s (0h:1m:2s left)
 172 HKY+F+G4     28864.750   part1.1+part2.1+part3.1+part5.2	0h:4m:29s (0h:1m:1s left)
 173 K3Pu+F+G4    28982.576   part1.1+part2.1+part3.1+part3.3	0h:4m:30s (0h:0m:59s left)
 174 K3Pu+F+G4    29038.155   part1.1+part2.1+part3.1+part4.3	0h:4m:33s (0h:0m:58s left)
 175 HKY+F+G4     29208.055   part1.1+part1.3+part2.1+part2.3+part3.1+part5.3	0h:4m:35s (0h:0m:56s left)
Merging part4.2+part4.3 with BIC score: 28856.179 (LnL: -13967.551  df: 115)
 176 K3Pu+F+G4    28872.634   part3.3+part4.2+part4.3	0h:4m:42s (0h:0m:56s left)
 177 TN+F+G4      29040.096   part1.2+part4.2+part4.3	0h:4m:42s (0h:0m:54s left)
 178 HKY+F+G4     28949.766   part4.2+part4.3+part5.1	0h:4m:43s (0h:0m:52s left)
 179 HKY+F        28836.693   part4.1+part4.2+part4.3	0h:4m:44s (0h:0m:50s left)
 180 HKY+F+G4     29067.666   part1.1+part2.1+part3.1+part4.2+part4.3	0h:4m:45s (0h:0m:49s left)
 181 TIM3+F+G4    29009.427   part2.2+part3.2+part4.2+part4.3	0h:4m:45s (0h:0m:47s left)
 182 HKY+F+G4     28957.223   part4.2+part4.3+part5.2	0h:4m:46s (0h:0m:45s left)
 183 HKY+F+G4     28873.044   part1.3+part2.3+part4.2+part4.3+part5.3	0h:4m:54s (0h:0m:45s left)
Merging part4.1+part4.2+part4.3 with BIC score: 28836.693 (LnL: -13973.827  df: 111)
 184 TN+F+G4      29057.256   part1.2+part4.1+part4.2+part4.3	0h:5m:2s (0h:0m:44s left)
 185 HKY+F+G4     29095.275   part1.1+part2.1+part3.1+part4.1+part4.2+part4.3	0h:5m:2s (0h:0m:42s left)
 186 HKY+F+G4     28941.323   part4.1+part4.2+part4.3+part5.1	0h:5m:3s (0h:0m:40s left)
 187 HKY+F+G4     28839.766   part3.3+part4.1+part4.2+part4.3	0h:5m:3s (0h:0m:38s left)
 188 TIM3+F+G4    29021.113   part2.2+part3.2+part4.1+part4.2+part4.3	0h:5m:5s (0h:0m:37s left)
 189 HKY+F+G4     28959.242   part4.1+part4.2+part4.3+part5.2	0h:5m:5s (0h:0m:35s left)
 190 TPM3u+F+G4   28864.020   part1.3+part2.3+part4.1+part4.2+part4.3+part5.3	0h:5m:14s (0h:0m:34s left)
Merging part5.1+part5.2 with BIC score: 28824.652 (LnL: -13991.834  df: 105)
 191 TN+F+G4      28855.632   part1.2+part5.1+part5.2	0h:5m:20s (0h:0m:33s left)
 192 TIM3+F+G4    28828.842   part2.2+part3.2+part5.1+part5.2	0h:5m:22s (0h:0m:31s left)
 193 HKY+F+G4     28876.165   part3.3+part5.1+part5.2	0h:5m:22s (0h:0m:30s left)
 194 HKY+F+G4     28814.889   part1.1+part2.1+part3.1+part5.1+part5.2	0h:5m:22s (0h:0m:28s left)
 195 HKY+F+G4     28967.697   part4.1+part4.2+part4.3+part5.1+part5.2	0h:5m:24s (0h:0m:26s left)
 196 HKY+F+G4     29000.431   part1.3+part2.3+part5.1+part5.2+part5.3	0h:5m:30s (0h:0m:25s left)
Merging part1.1+part2.1+part3.1+part5.1+part5.2 with BIC score: 28814.889 (LnL: -14014.986  df: 98)
 197 HKY+F+G4     28835.134   part1.1+part1.2+part2.1+part3.1+part5.1+part5.2	0h:5m:37s (0h:0m:24s left)
 198 HKY+F+G4     28821.995   part1.1+part2.1+part2.2+part3.1+part3.2+part5.1+part5.2	0h:5m:41s (0h:0m:22s left)
 199 K3Pu+F+G4    28905.546   part1.1+part2.1+part3.1+part3.3+part5.1+part5.2	0h:5m:43s (0h:0m:20s left)
 200 HKY+F+G4     29048.039   part1.1+part2.1+part3.1+part4.1+part4.2+part4.3+part5.1+part5.2	0h:5m:43s (0h:0m:18s left)
 201 HKY+F+G4     29169.843   part1.1+part1.3+part2.1+part2.3+part3.1+part5.1+part5.2+part5.3	0h:5m:48s (0h:0m:17s left)
Merging part1.3+part2.3+part3.3+part5.3 with BIC score: 28810.703 (LnL: -14028.911  df: 94)
 202 TN+F+G4      29057.797   part1.2+part1.3+part2.3+part3.3+part5.3	0h:6m:2s (0h:0m:16s left)
 203 TN+F+G4      28974.839   part1.3+part2.2+part2.3+part3.2+part3.3+part5.3	0h:6m:6s (0h:0m:14s left)
 204 HKY+F+G4     29194.500   part1.1+part1.3+part2.1+part2.3+part3.1+part3.3+part5.1+part5.2+part5.3	0h:6m:6s (0h:0m:12s left)
 205 TPM3u+F+G4   28834.660   part1.3+part2.3+part3.3+part4.1+part4.2+part4.3+part5.3	0h:6m:10s (0h:0m:10s left)
Merging part1.2+part2.2+part3.2 with BIC score: 28807.449 (LnL: -14043.303  df: 90)
 206 TN+F+G4      28835.073   part1.1+part1.2+part2.1+part2.2+part3.1+part3.2+part5.1+part5.2	0h:6m:19s (0h:0m:9s left)
 207 TIM2+F+G4    29078.119   part1.2+part2.2+part3.2+part4.1+part4.2+part4.3	0h:6m:20s (0h:0m:7s left)
 208 TN+F+G4      29143.205   part1.2+part1.3+part2.2+part2.3+part3.2+part3.3+part5.3	0h:6m:27s (0h:0m:5s left)
BEST-FIT PARTITION MODEL: 
  charpartition BIC = HKY+F+G4: part1.1 part2.1 part3.1 part5.1 part5.2, TN+F+I: part1.2 part2.2 part3.2, HKY+F+G4: part1.3 part2.3 part3.3 part5.3, HKY+F: part4.1 part4.2 part4.3;
Agglomerative model selection: (((part1.1,(part2.1,part3.1)2:28945.5)5:28875.3,(part5.1,part5.2)8:28824.7)9:28814.9,(part1.2,(part2.2,part3.2)3:28921.5)11:28807.4,(((part1.3,part2.3)1:28970.9,part5.3)4:28898.4,part3.3)10:28810.7,(part4.1,(part4.2,part4.3)6:28856.2)7:28836.7)
Merging into 4 partitions...
Partition information was printed to 4_set132.best_scheme.nex
Partition information in Raxml format was printed to 4_set132.best_scheme

All model information printed to 4_set132.model.gz
CPU time for ModelFinder: 465.977 seconds (0h:7m:45s)
Wall-clock time for ModelFinder: 392.736 seconds (0h:6m:32s)
Generating 1000 samples for ultrafast bootstrap (seed: 806619)...

NOTE: 9 MB RAM (0 GB) is required!
Measuring multi-threading efficiency up to 8 CPU cores
Increase to 10 rounds for branch lengths
28 trees examined
Threads: 1 / Time: 8.192 sec / Speedup: 1.000 / Efficiency: 100% / LogL: -19911
Threads: 2 / Time: 23.843 sec / Speedup: 0.344 / Efficiency: 17% / LogL: -19911
BEST NUMBER OF THREADS: 1

Estimate model parameters (epsilon = 0.100)
Initial log-likelihood: -15067.537
Current log-likelihood at step 1: -14210.356
Current log-likelihood at step 2: -14171.074
Current log-likelihood at step 3: -14165.756
Current log-likelihood at step 4: -14160.515
Current log-likelihood at step 5: -14155.293
Current log-likelihood at step 6: -14149.995
Current log-likelihood at step 7: -14144.538
Current log-likelihood at step 8: -14138.837
Current log-likelihood at step 9: -14132.800
Current log-likelihood at step 10: -14126.329
Current log-likelihood at step 11: -14119.289
Current log-likelihood at step 12: -14111.517
Current log-likelihood at step 13: -14102.805
Current log-likelihood at step 14: -14092.897
Current log-likelihood at step 15: -14081.481
Current log-likelihood at step 16: -14068.353
Current log-likelihood at step 17: -14043.665
Current log-likelihood at step 18: -14043.526
Current log-likelihood at step 19: -14043.406
Current log-likelihood at step 20: -14043.302
Current log-likelihood at step 21: -14043.212
Partition-specific rates:  0.538 0.323 1.702 2.480
Parameters optimization took 20 rounds (4.987 sec)

Computing ML distances based on estimated model parameters... 0.041 sec
Computing BIONJ tree...
0.010 seconds
Log-likelihood of BIONJ tree: -14063.216
--------------------------------------------------------------------
|             INITIALIZING CANDIDATE TREE SET                      |
--------------------------------------------------------------------
Generating 98 parsimony trees... 3.625 second
Computing log-likelihood of 98 initial trees ... 10.472 seconds
Current best score: -14040.231

Do NNI search on 20 best initial trees
Estimate model parameters (epsilon = 0.100)
Initial log-likelihood: -14040.006
Current log-likelihood at step 1: -14039.738
Current log-likelihood at step 2: -14039.636
Current log-likelihood at step 3: -14039.546
Parameters optimization took 2 rounds (0.552 sec)

BETTER TREE FOUND at iteration 1: -14039.546
UPDATE BEST LOG-LIKELIHOOD: -14039.546
UPDATE BEST LOG-LIKELIHOOD: -14039.545
Iteration 10 / LogL: -14043.166 / Time: 0h:1m:0s
UPDATE BEST LOG-LIKELIHOOD: -14039.545
Iteration 20 / LogL: -14039.554 / Time: 0h:1m:11s
Finish initializing candidate tree set (2)
Current best tree score: -14039.545 / CPU time: 33.635
Number of iterations: 20
--------------------------------------------------------------------
|               OPTIMIZING CANDIDATE TREE SET                      |
--------------------------------------------------------------------
UPDATE BEST LOG-LIKELIHOOD: -14039.545
Iteration 30 / LogL: -14040.056 / Time: 0h:1m:21s (0h:3m:18s left)
UPDATE BEST LOG-LIKELIHOOD: -14039.545
UPDATE BEST LOG-LIKELIHOOD: -14039.545
Iteration 40 / LogL: -14039.545 / Time: 0h:1m:32s (0h:2m:24s left)
Iteration 50 / LogL: -14045.480 / Time: 0h:1m:42s (0h:1m:46s left)
Log-likelihood cutoff on original alignment: -14083.710
Iteration 60 / LogL: -14045.483 / Time: 0h:1m:52s (0h:1m:18s left)
Iteration 70 / LogL: -14039.546 / Time: 0h:2m:3s (0h:0m:55s left)
Iteration 80 / LogL: -14045.480 / Time: 0h:2m:16s (0h:0m:36s left)
Iteration 90 / LogL: -14039.547 / Time: 0h:2m:30s (0h:0m:18s left)
Iteration 100 / LogL: -14039.545 / Time: 0h:2m:44s (0h:0m:1s left)
Log-likelihood cutoff on original alignment: -14083.710
NOTE: Bootstrap correlation coefficient of split occurrence frequencies: 0.999
TREE SEARCH COMPLETED AFTER 102 ITERATIONS / Time: 0h:2m:48s

--------------------------------------------------------------------
|                    FINALIZING TREE SEARCH                        |
--------------------------------------------------------------------
Performs final model parameters optimization
Estimate model parameters (epsilon = 0.010)
Initial log-likelihood: -14039.545
Current log-likelihood at step 1: -14039.459
Current log-likelihood at step 2: -14039.387
Current log-likelihood at step 3: -14039.325
Current log-likelihood at step 4: -14039.273
Current log-likelihood at step 5: -14039.229
Current log-likelihood at step 6: -14039.191
Current log-likelihood at step 7: -14039.158
Current log-likelihood at step 8: -14039.130
Current log-likelihood at step 9: -14039.106
Current log-likelihood at step 10: -14039.086
Current log-likelihood at step 11: -14039.070
Current log-likelihood at step 12: -14039.056
Current log-likelihood at step 13: -14039.044
Current log-likelihood at step 14: -14039.034
Current log-likelihood at step 15: -14039.025
Partition-specific rates:  0.540 0.293 1.709 2.516
Parameters optimization took 14 rounds (2.885 sec)

BEST SCORE FOUND : -14039.025
Creating bootstrap support values...
Split supports printed to NEXUS file 4_set132.splits.nex
Total tree length: 0.645

Total number of iterations: 102
CPU time used for tree search: 47.869 sec (0h:0m:47s)
Wall-clock time used for tree search: 130.655 sec (0h:2m:10s)
Total CPU time used: 59.164 sec (0h:0m:59s)
Total wall-clock time used: 171.817 sec (0h:2m:51s)

Computing bootstrap consensus tree...
Reading input file 4_set132.splits.nex...
35 taxa and 143 splits.
Consensus tree written to 4_set132.contree
Reading input trees file 4_set132.contree
Log-likelihood of consensus tree: -14039.024

Analysis results written to: 
  IQ-TREE report:                4_set132.iqtree
  Maximum-likelihood tree:       4_set132.treefile
  Likelihood distances:          4_set132.mldist
  Best partitioning scheme:      4_set132.best_scheme.nex
           in RAxML format:      4_set132.best_scheme

Ultrafast bootstrap approximation results written to:
  Split support values:          4_set132.splits.nex
  Consensus tree:                4_set132.contree
  Screen log file:               4_set132.log

Date and Time: Fri Sep  7 13:14:06 2018
