IQ-TREE multicore version 1.6.7 for Mac OS X 64-bit built Aug 23 2018
Developed by Bui Quang Minh, Nguyen Lam Tung, Olga Chernomor,
Heiko Schmidt, Dominik Schrempf, Michael Woodhams.

Host:    meeps-mac-pro.staff.sydney.edu.au (AVX, 64 GB RAM)
Command: /Users/davidduchene/Desktop/Software/iqtree-1.6.7-MacOSX/bin/iqtree -s ../../../../marsupials/set30.fasta -m TESTMERGE -bb 1000 -q ../../../../marsupials/set30.nex -nt AUTO -pre 2_set30
Seed:    674793 (Using SPRNG - Scalable Parallel Random Number Generator)
Time:    Thu Sep  6 17:09:06 2018
Kernel:  AVX - auto-detect threads (8 CPU cores detected)

Reading partition model file ../../../../marsupials/set30.nex ...
Reading alignment file ../../../../marsupials/set30.fasta ... Fasta format detected
Alignment most likely contains DNA/RNA sequences
WARNING: 1 sites contain only gaps or ambiguous characters.
Alignment has 35 sequences with 2061 columns, 638 distinct patterns
342 parsimony-informative, 238 singleton sites, 1481 constant sites
                                              Gap/Ambiguity  Composition  p-value
   1  Burramyidae_Burramys_parvus                    18.49%    passed     77.04%
   2  Notoryctidae_Notoryctes_typhlops               23.44%    passed     33.24%
   3  Vombatidae_Lasiorhinus_latifrons                0.34%    passed     99.11%
   4  Potoroidae_Bettongia_penicillata                3.30%    passed     97.11%
   5  Potoroidae_Bettongia_lesueur                    0.19%    passed     98.88%
   6  Dasyuridae_Dasyurus_maculatus                   0.05%    passed     98.94%
   7  Phalangeridae_Trichosurus_vulpecula             0.82%    passed     86.47%
   8  Phalangeridae_Spilocuscus_maculatus             0.24%    passed     94.38%
   9  Potoroidae_Aepyprymnus_rufescens                0.10%    passed     94.19%
  10  Peramelidae_Perameles_nasuta                    0.58%    passed     91.50%
  11  Phalangeridae_Strigocuscus_pelengensis          4.85%    passed     94.60%
  12  Dasyuridae_Phascogale_tapoatafa                 0.10%    passed     99.47%
  13  Dasyuridae_Sminthopsis_macroura                 0.10%    passed     99.45%
  14  Phalangeridae_Phalanger_orientalis              0.58%    passed     99.70%
  15  Acrobatidae_Acrobates_pygmaeus                 18.92%    passed     81.54%
  16  Dasyuridae_Phascogale_calura                    0.05%    passed     99.99%
  17  Dasyuridae_Sarcophilus_harrisii                 0.10%    passed     99.87%
  18  Dasyuridae_Planigale_tenuirostris              17.22%    passed     98.39%
  19  Peramelidae_Echymipera_kalubu                   3.11%    passed     75.80%
  20  Macropodidae_Dorcopsulus_vanheurni              0.24%    passed     99.57%
  21  Pseudochiridae_Pseudochirulus_forbesi           5.05%    passed     97.42%
  22  Didelphidae_Didelphis_virginiana                1.55%    passed     62.89%
  23  Marmosidae_Monodelphis_domestica                0.24%    passed     99.79%
  24  Dasyuridae_Antechinus_stuartii                  1.36%    passed     97.02%
  25  Hypsiprymnodontidae_Hypsiprymnodon_moschatus    0.05%    passed     99.96%
  26  Microbiotheriidae_Dromiciops_gliroides          3.40%    passed     85.12%
  27  Pseudochiridae_Petauroides_volans               1.60%    passed     97.59%
  28  Macropodidae_Wallabia_bicolor                   0.39%    passed     99.94%
  29  Pseudochiridae_Pseudocheirus_occidentalis      18.53%    passed     80.17%
  30  Tarsipedidae_Tarsipes_rostratus                 5.24%    passed     83.64%
  31  Acrobatidae_Distoechurus_pennatus               0.68%    passed     82.96%
  32  Phalangeridae_Phalanger_carmelitae              0.24%    passed     97.57%
  33  Peramelidae_Peroryctes_raffrayana               0.87%    passed     80.03%
  34  Dasyuridae_Dasyurus_geffroii                    0.05%    passed     98.97%
  35  Peramelidae_Perameles_gunnii                    0.29%    passed     95.27%
****  TOTAL                                           3.78%  0 sequences failed composition chi2 test (p-value<5%; df=3)
NOTE: No CharPartition defined, use all CharSets

Loading 15 partitions...
Subset	Type	Seqs	Sites	Infor	Invar	Model	Name
1		34	83	6	71	TESTMERGE	part1.1
2		34	83	4	75	TESTMERGE	part1.2
3		34	83	34	34	TESTMERGE	part1.3
4		35	74	13	59	TESTMERGE	part2.1
5		35	74	8	64	TESTMERGE	part2.2
6		35	74	39	18	TESTMERGE	part2.3
7		35	116	4	99	TESTMERGE	part3.1
8		35	116	2	105	TESTMERGE	part3.2
9		35	116	64	25	TESTMERGE	part3.3
10		35	290	9	272	TESTMERGE	part4.1
11		35	290	4	275	TESTMERGE	part4.2
12		35	290	56	196	TESTMERGE	part4.3
13		31	124	23	72	TESTMERGE	part5.1
14		31	124	16	84	TESTMERGE	part5.2
15		31	124	60	32	TESTMERGE	part5.3
Degree of missing data: 0.024
Info: multi-threading strategy over partitions



Create initial parsimony tree by phylogenetic likelihood library (PLL)... 0.005 seconds
NOTE: ModelFinder requires 7 MB RAM!
NUMBER OF THREADS FOR PARTITION FINDING: 8
Testing GTR+F+G on supermatrix...
GTR+F+G4 / LnL: -9191.786 / df: 76 / AIC: 18535.572 / AICc: 18541.471 / BIC: 18963.524
Selecting individual models for 15 charsets using BIC...
 No. Model        Score       Charset
   1 K2P+G4       1207.650    part5.1
   2 TIM2e        901.284     part5.2
   3 K2P+G4       2424.182    part5.3
   4 TNe+G4       1746.028    part2.3
   5 K2P+G4       1347.821    part1.3
   6 K2P+G4       2638.278    part4.3
   7 K2P+G4       2358.055    part3.3
   8 TNe+I+G4     1214.563    part4.1
   9 TIM3e+G4     505.965     part1.1
  10 HKY+F+I      563.870     part2.1	0h:0m:15s (0h:5m:11s left)
  11 TN+F+G4      642.847     part3.1	0h:0m:17s (0h:5m:9s left)
  12 TIM3e+G4     495.073     part2.2	0h:0m:17s (0h:4m:47s left)
  13 TPM2u+F+I+G4 1128.593    part4.2	0h:0m:18s (0h:4m:44s left)
  14 F81+F+I+G4   417.115     part1.2	0h:0m:20s (0h:4m:43s left)
  15 K2P+I+G4     559.845     part3.2	0h:0m:20s (0h:4m:23s left)
Full partition model BIC score: 18814.518 (LnL: -8945.587  df:121)
Merging models to increase model fit (about 211 total partition schemes)...
  16 K2P+I+G4     18807.451   part2.3+part4.3	0h:0m:25s (0h:5m:10s left)
  17 K2P+G4       18812.834   part4.3+part5.1	0h:0m:25s (0h:4m:55s left)
  18 TNe+I+G4     18810.790   part2.3+part5.3	0h:0m:26s (0h:4m:40s left)
  19 HKY+F+G4     18804.405   part1.3+part4.3	0h:0m:26s (0h:4m:30s left)
  20 K2P+G4       18799.789   part3.3+part4.3	0h:0m:27s (0h:4m:18s left)
  21 K2P+G4       18819.138   part4.3+part5.2	0h:0m:27s (0h:4m:5s left)
  22 K2P+G4       18807.350   part4.3+part5.3	0h:0m:28s (0h:4m:1s left)
  23 K2P+G4       18810.560   part3.3+part5.3	0h:0m:30s (0h:4m:5s left)
  24 K2P+G4       18803.893   part5.1+part5.3	0h:0m:33s (0h:4m:17s left)
  25 K2P+G4       18815.824   part5.2+part5.3	0h:0m:34s (0h:4m:14s left)
  26 TNe+G4       18805.530   part2.3+part3.3	0h:0m:36s (0h:4m:20s left)
  27 K2P+G4       18813.214   part3.3+part5.1	0h:0m:38s (0h:4m:20s left)
  28 K2P+I+G4     18806.622   part1.3+part5.3	0h:0m:38s (0h:4m:10s left)
  29 K2P+G4       18817.573   part3.3+part5.2	0h:0m:40s (0h:4m:13s left)
  30 K2P+G4       18799.959   part1.3+part3.3	0h:0m:40s (0h:4m:6s left)
  31 K2P+I+G4     18883.376   part4.1+part4.3	0h:0m:41s (0h:3m:59s left)
  32 K2P+G4       18822.176   part3.1+part4.3	0h:0m:42s (0h:3m:57s left)
  33 K2P+I+G4     18883.908   part4.2+part4.3	0h:0m:44s (0h:3m:57s left)
  34 K2P+G4       18801.599   part2.1+part4.3	0h:0m:44s (0h:3m:52s left)
  35 K2P+G4       18810.540   part2.2+part4.3	0h:0m:44s (0h:3m:44s left)
  36 K2P+I+G4     18877.026   part4.1+part5.3	0h:0m:44s (0h:3m:38s left)
  37 TNe+G4       18818.798   part2.3+part5.1	0h:0m:46s (0h:3m:39s left)
  38 K2P+G4       18811.413   part1.1+part4.3	0h:0m:47s (0h:3m:37s left)
  39 TNe+I+G4     18893.588   part3.3+part4.1	0h:0m:49s (0h:3m:37s left)
  40 HKY+F+G4     18815.668   part3.2+part4.3	0h:0m:51s (0h:3m:41s left)
  41 K2P+G4       18809.453   part2.1+part5.3	0h:0m:53s (0h:3m:41s left)
  42 K2P+G4       18821.108   part3.1+part5.3	0h:0m:55s (0h:3m:42s left)
  43 HKY+F+G4     18824.894   part1.2+part4.3	0h:0m:55s (0h:3m:37s left)
  44 TNe+I+G4     18800.954   part1.3+part2.3	0h:0m:57s (0h:3m:39s left)
  45 K2P+G4       18809.812   part1.3+part5.1	0h:0m:57s (0h:3m:33s left)
  46 K2P+G4       18824.409   part3.1+part3.3	0h:1m:0s (0h:3m:35s left)
  47 K2P+G4       18803.948   part2.1+part3.3	0h:1m:0s (0h:3m:29s left)
  48 K2P+G4       18804.195   part2.2+part5.3	0h:1m:3s (0h:3m:34s left)
  49 K2P+I+G4     18880.399   part4.2+part5.3	0h:1m:3s (0h:3m:31s left)
  50 K2P+G4       18810.284   part1.1+part5.3	0h:1m:5s (0h:3m:32s left)
  51 K2P+G4       18809.046   part5.1+part5.2	0h:1m:6s (0h:3m:27s left)
  52 K2P+G4       18828.618   part2.3+part5.2	0h:1m:7s (0h:3m:27s left)
  53 K2P+G4       18813.855   part2.2+part3.3	0h:1m:7s (0h:3m:22s left)
  54 K2P+I+G4     18894.130   part3.3+part4.2	0h:1m:8s (0h:3m:18s left)
  55 K2P+G4       18813.956   part1.1+part3.3	0h:1m:10s (0h:3m:18s left)
  56 K2P+G4       18814.275   part3.2+part5.3	0h:1m:12s (0h:3m:19s left)
  57 K2P+G4       18817.401   part1.2+part5.3	0h:1m:12s (0h:3m:15s left)
  58 K2P+G4       18819.736   part3.2+part3.3	0h:1m:14s (0h:3m:16s left)
  59 K2P+G4       18828.911   part1.2+part3.3	0h:1m:14s (0h:3m:11s left)
  60 K2P+G4       18817.500   part1.3+part5.2	0h:1m:14s (0h:3m:7s left)
  61 K2P+I+G4     18887.456   part4.1+part5.1	0h:1m:15s (0h:3m:4s left)
  62 TNe+I+G4     18843.347   part2.3+part4.1	0h:1m:17s (0h:3m:5s left)
  63 K2P+G4       18827.933   part3.1+part5.1	0h:1m:18s (0h:3m:4s left)
  64 K2P+I+G4     18859.499   part1.3+part4.1	0h:1m:18s (0h:3m:0s left)
  65 K2P+G4       18819.100   part2.1+part5.1	0h:1m:19s (0h:2m:57s left)
  66 TN+F+G4      18812.850   part2.3+part3.1	0h:1m:21s (0h:2m:58s left)
  67 TNe+I+G4     18801.098   part2.1+part2.3	0h:1m:23s (0h:2m:59s left)
  68 K2P+I+G4     18823.107   part1.3+part3.1	0h:1m:25s (0h:2m:58s left)
  69 K2P+I+G4     18890.614   part4.2+part5.1	0h:1m:25s (0h:2m:55s left)
  70 TNe+I+G4     18850.439   part2.3+part4.2	0h:1m:25s (0h:2m:52s left)
  71 TNe+I+G4     18803.349   part2.2+part2.3	0h:1m:27s (0h:2m:52s left)
  72 K2P+I+G4     18895.854   part4.1+part5.2	0h:1m:27s (0h:2m:49s left)
  73 K2P+G4       18810.177   part2.2+part5.1	0h:1m:30s (0h:2m:50s left)
  74 K2P+I+G4     18801.807   part1.3+part2.1	0h:1m:31s (0h:2m:48s left)
  75 K2P+G4       18817.903   part1.1+part5.1	0h:1m:34s (0h:2m:50s left)
  76 TNe+I+G4     18810.844   part1.1+part2.3	0h:1m:35s (0h:2m:50s left)
  77 K2P+G4       18822.972   part3.2+part5.1	0h:1m:38s (0h:2m:50s left)
  78 K2P+I+G4     18810.039   part1.3+part2.2	0h:1m:38s (0h:2m:48s left)
  79 K2P+G4       18821.873   part1.2+part5.1	0h:1m:39s (0h:2m:47s left)
  80 TNe+I+G4     18813.538   part1.2+part2.3	0h:1m:40s (0h:2m:44s left)
  81 TNe+I+G4     18808.032   part2.3+part3.2	0h:1m:41s (0h:2m:42s left)
  82 K2P+I+G4     18857.925   part1.3+part4.2	0h:1m:42s (0h:2m:41s left)
  83 K2P+G4       18840.512   part3.1+part5.2	0h:1m:43s (0h:2m:40s left)
  84 K2P+I+G4     18811.190   part1.1+part1.3	0h:1m:44s (0h:2m:37s left)
  85 TNe+G4       18827.062   part2.1+part5.2	0h:1m:45s (0h:2m:35s left)
  86 K2P+G4       18824.570   part2.2+part5.2	0h:1m:45s (0h:2m:33s left)
  87 HKY+F+I+G4   18830.024   part1.2+part1.3	0h:1m:48s (0h:2m:35s left)
  88 TNe+G4       18818.726   part1.1+part5.2	0h:1m:50s (0h:2m:34s left)
  89 K2P+I+G4     18813.616   part1.3+part3.2	0h:1m:50s (0h:2m:31s left)
  90 K2P+G4       18836.752   part1.2+part5.2	0h:1m:53s (0h:2m:32s left)
  91 TNe+G4       18830.830   part3.2+part5.2	0h:1m:54s (0h:2m:31s left)
  92 TIM2+F+I+G4  18882.058   part4.2+part5.2	0h:1m:55s (0h:2m:28s left)
  93 TN+F+I+G4    18812.783   part3.1+part4.1	0h:1m:58s (0h:2m:30s left)
  94 TN+F+I+G4    18821.015   part2.1+part4.1	0h:1m:58s (0h:2m:28s left)
  95 HKY+F+I+G4   18804.812   part2.1+part3.1	0h:1m:58s (0h:2m:25s left)
  96 K2P+I+G4     18812.987   part1.1+part4.1	0h:1m:59s (0h:2m:23s left)
  97 TN+F+I+G4    18788.773   part4.1+part4.2	0h:2m:0s (0h:2m:21s left)
  98 TIM3e+I+G4   18804.212   part2.2+part4.1	0h:2m:0s (0h:2m:19s left)
  99 K2P+I+G4     18804.020   part2.1+part4.2	0h:2m:2s (0h:2m:18s left)
 100 TN+F+I+G4    18820.795   part3.1+part4.2	0h:2m:4s (0h:2m:18s left)
 101 TIM3e+G4     18806.251   part2.1+part2.2	0h:2m:4s (0h:2m:15s left)
 102 TIM3e+G4     18815.432   part2.2+part3.1	0h:2m:5s (0h:2m:13s left)
 103 TPM3u+F+I+G4 18819.521   part1.1+part3.1	0h:2m:5s (0h:2m:11s left)
 104 TN+F+I       18803.292   part1.1+part2.1	0h:2m:6s (0h:2m:9s left)
 105 TN+F+I+G4    18799.650   part1.2+part4.1	0h:2m:8s (0h:2m:9s left)
 106 TIM2e+I+G4   18799.396   part3.2+part4.1	0h:2m:8s (0h:2m:7s left)
 107 K2P+I+G4     18792.952   part2.1+part3.2	0h:2m:11s (0h:2m:8s left)
 108 TPM3u+F+I+G4 18798.972   part2.2+part4.2	0h:2m:14s (0h:2m:7s left)
 109 K2P+I+G4     18811.367   part1.2+part2.1	0h:2m:15s (0h:2m:7s left)
 110 K2P+G4       18799.608   part1.1+part2.2	0h:2m:16s (0h:2m:4s left)
 111 TNe+I+G4     18819.814   part1.2+part3.1	0h:2m:18s (0h:2m:5s left)
 112 K2P+I+G4     18816.520   part3.1+part3.2	0h:2m:19s (0h:2m:3s left)
 113 TNe+I+G4     18794.402   part1.1+part4.2	0h:2m:23s (0h:2m:4s left)
 114 K2P+I+G4     18809.544   part1.1+part1.2	0h:2m:24s (0h:2m:2s left)
 115 TNe+I+G4     18790.201   part1.1+part3.2	0h:2m:24s (0h:2m:0s left)
 116 F81+F+I+G4   18798.811   part1.2+part2.2	0h:2m:27s (0h:2m:0s left)
 117 HKY+F+I+G4   18789.435   part3.2+part4.2	0h:2m:29s (0h:2m:0s left)
 118 TPM3u+F+I+G4 18801.825   part2.2+part3.2	0h:2m:29s (0h:1m:57s left)
 119 TN+F+I+G4    18791.836   part1.2+part4.2	0h:2m:30s (0h:1m:56s left)
 120 F81+F+I+G4   18789.358   part1.2+part3.2	0h:2m:31s (0h:1m:54s left)
Merging part4.1+part4.2 with BIC score: 18788.773 (LnL: -8947.976  df: 117)
WARNING: ABNORMAL_TERMINATION_IN_LNSRCH
 121 K2P+I+G4     18901.963   part4.1+part4.2+part5.1	0h:2m:41s (0h:2m:0s left)
 122 K2P+I+G4     18905.326   part4.1+part4.2+part5.3	0h:2m:42s (0h:1m:58s left)
 123 TNe+I+G4     18927.297   part3.3+part4.1+part4.2	0h:2m:46s (0h:1m:58s left)
 124 K2P+I+G4     18862.994   part1.3+part4.1+part4.2	0h:2m:50s (0h:1m:59s left)
 125 TN+F+I+G4    18795.556   part2.1+part4.1+part4.2	0h:2m:51s (0h:1m:57s left)
 126 TNe+I+G4     18852.147   part2.3+part4.1+part4.2	0h:2m:51s (0h:1m:55s left)
 127 TN+F+I+G4    18789.071   part3.1+part4.1+part4.2	0h:2m:53s (0h:1m:54s left)
 128 K2P+I+G4     18896.456   part4.1+part4.2+part5.2	0h:2m:54s (0h:1m:53s left)
 129 K2P+I+G4     18909.863   part4.1+part4.2+part4.3	0h:2m:58s (0h:1m:53s left)
 130 K2P+I+G4     18787.870   part1.1+part4.1+part4.2	0h:3m:0s (0h:1m:52s left)
 131 TPM3u+F+I+G4 18782.165   part2.2+part4.1+part4.2	0h:3m:0s (0h:1m:50s left)
 132 TN+F+I+G4    18766.995   part1.2+part4.1+part4.2	0h:3m:2s (0h:1m:49s left)
 133 TN+F+I+G4    18771.264   part3.2+part4.1+part4.2	0h:3m:2s (0h:1m:47s left)
Merging part1.2+part3.2 with BIC score: 18763.613 (LnL: -8946.843  df: 114)
 134 TN+F+G4      18808.077   part1.2+part3.2+part5.2	0h:3m:11s (0h:1m:49s left)
 135 TN+F+I+G4    18781.783   part1.2+part2.3+part3.2	0h:3m:12s (0h:1m:48s left)
 136 TPM2u+F+G4   18787.113   part1.2+part3.2+part4.3	0h:3m:12s (0h:1m:46s left)
 137 HKY+F+I+G4   18782.451   part1.2+part1.3+part3.2	0h:3m:13s (0h:1m:44s left)
 138 HKY+F+G4     18791.444   part1.2+part3.2+part5.3	0h:3m:14s (0h:1m:42s left)
 139 HKY+F+I+G4   18763.077   part1.2+part2.1+part3.2	0h:3m:15s (0h:1m:41s left)
 140 TIM2e+I+G4   18774.771   part1.2+part3.1+part3.2	0h:3m:18s (0h:1m:40s left)
 141 K2P+G4       18796.063   part1.2+part3.2+part5.1	0h:3m:19s (0h:1m:39s left)
 142 TN+F+I+G4    18746.750   part1.2+part3.2+part4.1+part4.2	0h:3m:20s (0h:1m:37s left)
 143 K2P+G4       18803.430   part1.2+part3.2+part3.3	0h:3m:22s (0h:1m:36s left)
 144 TPM2u+F+I+G4 18763.167   part1.1+part1.2+part3.2	0h:3m:22s (0h:1m:34s left)
 145 TPM3u+F+I+G4 18749.025   part1.2+part2.2+part3.2	0h:3m:23s (0h:1m:32s left)
Merging part1.2+part3.2+part4.1+part4.2 with BIC score: 18746.750 (LnL: -8957.488  df: 109)
 146 TN+F+I+G4    18867.117   part1.2+part3.2+part4.1+part4.2+part5.1	0h:4m:0s (0h:1m:47s left)
 147 TN+F+I+G4    18873.969   part1.2+part3.2+part4.1+part4.2+part5.3	0h:4m:0s (0h:1m:44s left)
 148 TN+F+I+G4    18827.950   part1.2+part1.3+part3.2+part4.1+part4.2	0h:4m:1s (0h:1m:42s left)
 149 HKY+F+I+G4   18872.173   part1.2+part3.2+part4.1+part4.2+part4.3	0h:4m:1s (0h:1m:40s left)
 150 TN+F+I+G4    18813.107   part1.2+part2.3+part3.2+part4.1+part4.2	0h:4m:3s (0h:1m:38s left)
 151 HKY+F+I+G4   18850.730   part1.2+part3.2+part4.1+part4.2+part5.2	0h:4m:5s (0h:1m:37s left)
 152 TN+F+I+G4    18755.356   part1.2+part2.1+part3.2+part4.1+part4.2	0h:4m:6s (0h:1m:35s left)
 153 TN+F+I+G4    18753.769   part1.2+part3.1+part3.2+part4.1+part4.2	0h:4m:10s (0h:1m:35s left)
 154 TIM3+F+I+G4  18739.615   part1.2+part2.2+part3.2+part4.1+part4.2	0h:4m:13s (0h:1m:33s left)
 155 HKY+F+I+G4   18746.800   part1.1+part1.2+part3.2+part4.1+part4.2	0h:4m:13s (0h:1m:31s left)
 156 TNe+I+G4     18902.245   part1.2+part3.2+part3.3+part4.1+part4.2	0h:4m:14s (0h:1m:29s left)
Merging part1.1+part2.2 with BIC score: 18731.840 (LnL: -8972.926  df: 103)
 157 K2P+G4       18738.991   part1.1+part2.2+part5.1	0h:4m:19s (0h:1m:29s left)
 158 K2P+I+G4     18731.306   part1.1+part1.3+part2.2	0h:4m:21s (0h:1m:27s left)
 159 TNe+G4       18748.538   part1.1+part2.2+part5.2	0h:4m:21s (0h:1m:25s left)
 160 K2P+I+G4     18735.163   part1.1+part2.2+part3.1	0h:4m:21s (0h:1m:23s left)
 161 K2P+I+G4     18718.804   part1.1+part2.1+part2.2	0h:4m:21s (0h:1m:21s left)
 162 TNe+I+G4     18728.649   part1.1+part2.2+part2.3	0h:4m:22s (0h:1m:19s left)
 163 K2P+G4       18729.731   part1.1+part2.2+part5.3	0h:4m:23s (0h:1m:17s left)
 164 K2P+G4       18741.795   part1.1+part2.2+part3.3	0h:4m:24s (0h:1m:15s left)
 165 K2P+G4       18736.887   part1.1+part2.2+part4.3	0h:4m:27s (0h:1m:14s left)
 166 HKY+F+I+G4   18733.583   part1.1+part1.2+part2.2+part3.2+part4.1+part4.2	0h:4m:30s (0h:1m:13s left)
Merging part3.3+part4.3 with BIC score: 18717.110 (LnL: -8973.192  df: 101)
 167 K2P+G4       18726.441   part3.1+part3.3+part4.3	0h:4m:40s (0h:1m:13s left)
 168 K2P+G4       18728.039   part1.1+part2.2+part3.3+part4.3	0h:4m:40s (0h:1m:11s left)
 169 K2P+I+G4     18711.660   part2.3+part3.3+part4.3	0h:4m:41s (0h:1m:10s left)
 170 K2P+G4       18702.200   part1.3+part3.3+part4.3	0h:4m:41s (0h:1m:7s left)
 171 K2P+G4       18706.546   part2.1+part3.3+part4.3	0h:4m:42s (0h:1m:5s left)
 172 K2P+G4       18718.386   part3.3+part4.3+part5.1	0h:4m:42s (0h:1m:4s left)
 173 K2P+G4       18715.105   part3.3+part4.3+part5.3	0h:4m:42s (0h:1m:2s left)
 174 K2P+G4       18722.232   part3.3+part4.3+part5.2	0h:4m:42s (0h:1m:0s left)
 175 K2P+I+G4     18913.051   part1.2+part3.2+part3.3+part4.1+part4.2+part4.3	0h:4m:49s (0h:0m:59s left)
Merging part1.3+part3.3+part4.3 with BIC score: 18702.200 (LnL: -8973.368  df: 99)
 176 K2P+I+G4     18713.018   part1.1+part1.3+part2.2+part3.3+part4.3	0h:5m:2s (0h:1m:0s left)
 177 K2P+G4       18711.270   part1.3+part3.1+part3.3+part4.3	0h:5m:3s (0h:0m:58s left)
 178 K2P+G4       18691.765   part1.3+part2.1+part3.3+part4.3	0h:5m:4s (0h:0m:56s left)
 179 K2P+G4       18707.782   part1.3+part3.3+part4.3+part5.2	0h:5m:5s (0h:0m:54s left)
 180 K2P+G4       18703.910   part1.3+part3.3+part4.3+part5.1	0h:5m:5s (0h:0m:52s left)
 181 TNe+I+G4     18694.234   part1.3+part2.3+part3.3+part4.3	0h:5m:6s (0h:0m:50s left)
 182 K2P+I+G4     18701.223   part1.3+part3.3+part4.3+part5.3	0h:5m:7s (0h:0m:48s left)
 183 K2P+I+G4     18902.618   part1.2+part1.3+part3.2+part3.3+part4.1+part4.2+part4.3	0h:5m:9s (0h:0m:47s left)
Merging part2.1+part2.3 with BIC score: 18688.781 (LnL: -8981.920  df: 95)
 184 K2P+I+G4     18707.141   part2.1+part2.3+part5.2	0h:5m:16s (0h:0m:46s left)
 185 TNe+I+G4     18702.636   part2.1+part2.3+part5.1	0h:5m:18s (0h:0m:44s left)
 186 K2P+I+G4     18678.480   part1.1+part2.1+part2.2+part2.3	0h:5m:19s (0h:0m:42s left)
 187 TNe+I+G4     18687.359   part2.1+part2.3+part5.3	0h:5m:20s (0h:0m:41s left)
 188 K2P+I+G4     18679.598   part1.3+part2.1+part2.3+part3.3+part4.3	0h:5m:23s (0h:0m:39s left)
 189 TN+F+I+G4    18687.136   part2.1+part2.3+part3.1	0h:5m:24s (0h:0m:37s left)
 190 TN+F+I+G4    18757.867   part1.2+part2.1+part2.3+part3.2+part4.1+part4.2	0h:5m:24s (0h:0m:35s left)
Merging part5.1+part5.3 with BIC score: 18678.156 (LnL: -8984.239  df: 93)
 191 K2P+G4       18677.297   part5.1+part5.2+part5.3	0h:5m:31s (0h:0m:34s left)
 192 K2P+G4       18682.789   part1.1+part2.2+part5.1+part5.3	0h:5m:33s (0h:0m:33s left)
 193 TNe+I+G4     18689.452   part2.1+part2.3+part5.1+part5.3	0h:5m:35s (0h:0m:31s left)
 194 K2P+G4       18687.542   part3.1+part5.1+part5.3	0h:5m:35s (0h:0m:29s left)
 195 K2P+I+G4     18850.455   part1.2+part3.2+part4.1+part4.2+part5.1+part5.3	0h:5m:38s (0h:0m:27s left)
 196 K2P+G4       18684.048   part1.3+part3.3+part4.3+part5.1+part5.3	0h:5m:38s (0h:0m:25s left)
Merging part1.1+part2.1+part2.2+part2.3 with BIC score: 18667.855 (LnL: -8990.535  df: 90)
 197 K2P+I+G4     18692.179   part1.1+part2.1+part2.2+part2.3+part5.2	0h:5m:47s (0h:0m:24s left)
 198 K2P+I+G4     18684.465   part1.1+part2.1+part2.2+part2.3+part5.1+part5.3	0h:5m:49s (0h:0m:22s left)
 199 K2P+I+G4     18668.261   part1.1+part2.1+part2.2+part2.3+part3.1	0h:5m:50s (0h:0m:21s left)
 200 K2P+I+G4     18671.949   part1.1+part1.3+part2.1+part2.2+part2.3+part3.3+part4.3	0h:5m:52s (0h:0m:19s left)
 201 TN+F+I+G4    18738.091   part1.1+part1.2+part2.1+part2.2+part2.3+part3.2+part4.1+part4.2	0h:5m:52s (0h:0m:17s left)
Merging part5.1+part5.2+part5.3 with BIC score: 18666.996 (LnL: -9001.552  df: 87)
 202 K2P+G4       18678.740   part3.1+part5.1+part5.2+part5.3	0h:6m:1s (0h:0m:16s left)
 203 K2P+I+G4     18694.992   part1.1+part2.1+part2.2+part2.3+part5.1+part5.2+part5.3	0h:6m:2s (0h:0m:14s left)
 204 K2P+I+G4     18869.263   part1.2+part3.2+part4.1+part4.2+part5.1+part5.2+part5.3	0h:6m:4s (0h:0m:12s left)
 205 K2P+G4       18676.050   part1.3+part3.3+part4.3+part5.1+part5.2+part5.3	0h:6m:4s (0h:0m:10s left)
BEST-FIT PARTITION MODEL: 
  charpartition BIC = K2P+I+G4: part1.1 part2.1 part2.2 part2.3, TN+F+I+G4: part1.2 part3.2 part4.1 part4.2, K2P+G4: part1.3 part3.3 part4.3, TN+F+G4: part3.1, K2P+G4: part5.1 part5.2 part5.3;
Agglomerative model selection: (((part1.1,part2.2)4:18731.8,(part2.1,part2.3)7:18688.8)9:18667.9,((part1.2,part3.2)2:18763.6,(part4.1,part4.2)1:18788.8)3:18746.7,(part1.3,(part3.3,part4.3)5:18717.1)6:18702.2,part3.1,((part5.1,part5.3)8:18678.2,part5.2)10:18667)
Merging into 5 partitions...
Partition information was printed to 2_set30.best_scheme.nex
Partition information in Raxml format was printed to 2_set30.best_scheme

All model information printed to 2_set30.model.gz
CPU time for ModelFinder: 238.456 seconds (0h:3m:58s)
Wall-clock time for ModelFinder: 364.548 seconds (0h:6m:4s)
Generating 1000 samples for ultrafast bootstrap (seed: 674793)...

NOTE: 5 MB RAM (0 GB) is required!
Measuring multi-threading efficiency up to 8 CPU cores
Increase to 10 rounds for branch lengths
13 trees examined
Threads: 1 / Time: 8.017 sec / Speedup: 1.000 / Efficiency: 100% / LogL: -13031
Threads: 2 / Time: 20.116 sec / Speedup: 0.399 / Efficiency: 20% / LogL: -13031
BEST NUMBER OF THREADS: 1

Estimate model parameters (epsilon = 0.100)
Initial log-likelihood: -9521.226
Current log-likelihood at step 1: -9072.589
Current log-likelihood at step 2: -9037.461
Current log-likelihood at step 3: -9036.956
Current log-likelihood at step 4: -9036.588
Current log-likelihood at step 5: -9036.256
Current log-likelihood at step 6: -9035.946
Current log-likelihood at step 7: -9035.651
Current log-likelihood at step 8: -9035.365
Current log-likelihood at step 9: -9035.087
Current log-likelihood at step 10: -9034.812
Current log-likelihood at step 11: -9034.539
Current log-likelihood at step 12: -9034.267
Current log-likelihood at step 13: -9033.994
Current log-likelihood at step 14: -9033.720
Current log-likelihood at step 15: -9033.443
Current log-likelihood at step 16: -9033.165
Current log-likelihood at step 17: -9032.884
Current log-likelihood at step 18: -9032.601
Current log-likelihood at step 19: -9032.314
Current log-likelihood at step 20: -9032.025
Current log-likelihood at step 21: -9031.733
Current log-likelihood at step 22: -9031.437
Current log-likelihood at step 23: -9031.139
Current log-likelihood at step 24: -9030.837
Current log-likelihood at step 25: -9030.532
Current log-likelihood at step 26: -9030.223
Current log-likelihood at step 27: -9029.911
Current log-likelihood at step 28: -9029.596
Current log-likelihood at step 29: -9029.276
Current log-likelihood at step 30: -9028.953
Current log-likelihood at step 31: -9028.626
Current log-likelihood at step 32: -9028.295
Current log-likelihood at step 33: -9027.961
Current log-likelihood at step 34: -9027.622
Current log-likelihood at step 35: -9027.278
Current log-likelihood at step 36: -9026.931
Current log-likelihood at step 37: -9026.579
Current log-likelihood at step 38: -9026.222
Current log-likelihood at step 39: -9025.861
Current log-likelihood at step 40: -9025.495
Current log-likelihood at step 41: -9025.124
Current log-likelihood at step 42: -9024.747
Current log-likelihood at step 43: -9024.366
Current log-likelihood at step 44: -9023.980
Current log-likelihood at step 45: -9023.587
Current log-likelihood at step 46: -9023.190
Current log-likelihood at step 47: -9022.786
Current log-likelihood at step 48: -9022.376
Current log-likelihood at step 49: -9021.961
Current log-likelihood at step 50: -9021.539
Current log-likelihood at step 51: -9021.110
Current log-likelihood at step 52: -9020.675
Current log-likelihood at step 53: -9020.232
Current log-likelihood at step 54: -9019.783
Current log-likelihood at step 55: -9019.326
Current log-likelihood at step 56: -9018.861
Current log-likelihood at step 57: -9018.389
Current log-likelihood at step 58: -9017.908
Current log-likelihood at step 59: -9017.419
Current log-likelihood at step 60: -9016.921
Current log-likelihood at step 61: -9016.414
Current log-likelihood at step 62: -9015.898
Current log-likelihood at step 63: -9015.372
Current log-likelihood at step 64: -9014.835
Current log-likelihood at step 65: -9014.289
Current log-likelihood at step 66: -9013.731
Current log-likelihood at step 67: -9013.162
Current log-likelihood at step 68: -9012.581
Current log-likelihood at step 69: -9011.988
Current log-likelihood at step 70: -9011.382
Current log-likelihood at step 71: -9010.763
Current log-likelihood at step 72: -9010.130
Current log-likelihood at step 73: -9009.482
Current log-likelihood at step 74: -9008.819
Current log-likelihood at step 75: -9008.140
Current log-likelihood at step 76: -9007.444
Current log-likelihood at step 77: -9006.731
Current log-likelihood at step 78: -9006.000
Current log-likelihood at step 79: -9005.249
Current log-likelihood at step 80: -9004.478
Current log-likelihood at step 81: -9003.685
Current log-likelihood at step 82: -9002.870
Current log-likelihood at step 83: -9002.031
Current log-likelihood at step 84: -9001.167
Current log-likelihood at step 85: -9000.276
Current log-likelihood at step 86: -8999.357
Current log-likelihood at step 87: -8998.408
Current log-likelihood at step 88: -8997.428
Current log-likelihood at step 89: -8996.413
Current log-likelihood at step 90: -8995.362
Current log-likelihood at step 91: -8994.273
Current log-likelihood at step 92: -8993.142
Current log-likelihood at step 93: -8991.967
Current log-likelihood at step 94: -8990.745
Current log-likelihood at step 95: -8989.472
Current log-likelihood at step 96: -8988.145
Current log-likelihood at step 97: -8986.759
Current log-likelihood at step 98: -8985.311
Current log-likelihood at step 99: -8983.794
Parameters optimization took 99 rounds (18.159 sec)


WARNING: Estimated model parameters are at boundary that can cause numerical instability!

Computing ML distances based on estimated model parameters... 0.062 sec
Computing BIONJ tree...
0.004 seconds
Log-likelihood of BIONJ tree: -9125.800
--------------------------------------------------------------------
|             INITIALIZING CANDIDATE TREE SET                      |
--------------------------------------------------------------------
Generating 98 parsimony trees... 3.989 second
Computing log-likelihood of 98 initial trees ... 12.164 seconds
Current best score: -8979.692

Do NNI search on 20 best initial trees
Estimate model parameters (epsilon = 0.100)
Initial log-likelihood: -8977.360
Current log-likelihood at step 1: -8975.730
Current log-likelihood at step 2: -8974.072
Current log-likelihood at step 3: -8972.340
Current log-likelihood at step 4: -8970.528
Current log-likelihood at step 5: -8968.635
Current log-likelihood at step 6: -8966.659
Current log-likelihood at step 7: -8964.606
Current log-likelihood at step 8: -8962.491
Current log-likelihood at step 9: -8960.340
Current log-likelihood at step 10: -8950.872
Current log-likelihood at step 11: -8950.867
Parameters optimization took 10 rounds (1.245 sec)


WARNING: Estimated model parameters are at boundary that can cause numerical instability!

BETTER TREE FOUND at iteration 1: -8950.867
Iteration 10 / LogL: -8950.868 / Time: 0h:1m:10s
UPDATE BEST LOG-LIKELIHOOD: -8950.867
Iteration 20 / LogL: -8950.867 / Time: 0h:1m:18s
Finish initializing candidate tree set (2)
Current best tree score: -8950.867 / CPU time: 31.299
Number of iterations: 20
--------------------------------------------------------------------
|               OPTIMIZING CANDIDATE TREE SET                      |
--------------------------------------------------------------------
Iteration 30 / LogL: -8950.873 / Time: 0h:1m:33s (0h:3m:48s left)
Iteration 40 / LogL: -8950.896 / Time: 0h:1m:49s (0h:2m:51s left)
Iteration 50 / LogL: -8956.902 / Time: 0h:2m:3s (0h:2m:8s left)
Log-likelihood cutoff on original alignment: -8997.513
Iteration 60 / LogL: -8950.957 / Time: 0h:2m:16s (0h:1m:34s left)
Iteration 70 / LogL: -8950.911 / Time: 0h:2m:29s (0h:1m:7s left)
Iteration 80 / LogL: -8950.868 / Time: 0h:2m:40s (0h:0m:42s left)
Iteration 90 / LogL: -8954.201 / Time: 0h:2m:56s (0h:0m:21s left)
Iteration 100 / LogL: -8950.880 / Time: 0h:3m:13s (0h:0m:1s left)
Log-likelihood cutoff on original alignment: -8994.574
NOTE: Bootstrap correlation coefficient of split occurrence frequencies: 0.998
TREE SEARCH COMPLETED AFTER 102 ITERATIONS / Time: 0h:3m:18s

--------------------------------------------------------------------
|                    FINALIZING TREE SEARCH                        |
--------------------------------------------------------------------
Performs final model parameters optimization
Estimate model parameters (epsilon = 0.010)
Initial log-likelihood: -8950.867
Current log-likelihood at step 1: -8950.865
Parameters optimization took 0 rounds (0.133 sec)


WARNING: Estimated model parameters are at boundary that can cause numerical instability!

BEST SCORE FOUND : -8950.865
Creating bootstrap support values...
Split supports printed to NEXUS file 2_set30.splits.nex
Total tree length: 1.099

Total number of iterations: 102
CPU time used for tree search: 38.983 sec (0h:0m:38s)
Wall-clock time used for tree search: 151.209 sec (0h:2m:31s)
Total CPU time used: 47.481 sec (0h:0m:47s)
Total wall-clock time used: 199.078 sec (0h:3m:19s)

Computing bootstrap consensus tree...
Reading input file 2_set30.splits.nex...
35 taxa and 165 splits.
Consensus tree written to 2_set30.contree
Reading input trees file 2_set30.contree
Log-likelihood of consensus tree: -8950.865

Analysis results written to: 
  IQ-TREE report:                2_set30.iqtree
  Maximum-likelihood tree:       2_set30.treefile
  Likelihood distances:          2_set30.mldist
  Best partitioning scheme:      2_set30.best_scheme.nex
           in RAxML format:      2_set30.best_scheme

Ultrafast bootstrap approximation results written to:
  Split support values:          2_set30.splits.nex
  Consensus tree:                2_set30.contree
  Screen log file:               2_set30.log

Date and Time: Thu Sep  6 17:18:30 2018
