IQ-TREE multicore version 1.6.7 for Mac OS X 64-bit built Aug 23 2018
Developed by Bui Quang Minh, Nguyen Lam Tung, Olga Chernomor,
Heiko Schmidt, Dominik Schrempf, Michael Woodhams.

Host:    meeps-mac-pro.staff.sydney.edu.au (AVX, 64 GB RAM)
Command: /Users/davidduchene/Desktop/Software/iqtree-1.6.7-MacOSX/bin/iqtree -s ../../../../birds/set8.fasta -m TESTMERGE -bb 1000 -q ../../../../birds/set8.nex -nt AUTO -pre 2_set8
Seed:    200381 (Using SPRNG - Scalable Parallel Random Number Generator)
Time:    Sun Sep  9 03:22:55 2018
Kernel:  AVX - auto-detect threads (8 CPU cores detected)

Reading partition model file ../../../../birds/set8.nex ...
Reading alignment file ../../../../birds/set8.fasta ... Fasta format detected
Alignment most likely contains DNA/RNA sequences
Alignment has 192 sequences with 22867 columns, 13973 distinct patterns
11153 parsimony-informative, 1906 singleton sites, 9808 constant sites
                                                           Gap/Ambiguity  Composition  p-value
   1  I0185_86_Accipitridae_Buteo_jamaicensis                      0.19%    passed      5.27%
   2  I0186_111_Momotidae_Momotus_lessonii                         1.89%    passed     18.87%
   3  I0187_115_Trogonidae_Trogon_elegans                          0.80%    passed     49.77%
   4  I0188_135_Apodidae_Streptoprocne_zonaris                     1.69%    passed     20.79%
   5  I0189_225_Eurylaimidae_Smithornis_rufolateralis              0.66%    passed     97.63%
   6  I0190_295_Trogonidae_Apaloderma_aequatoriale                 0.83%    passed     32.42%
   7  I0192_375_Musophagidae_Tauraco_macrorhynchus                 1.12%    passed     98.97%
   8  I0193_447_Columbidae_Treron_calvus                           0.77%    passed     84.26%
   9  I0194_495_Alcedinidae_Alcedo_quadribrachys                   3.68%    failed      0.00%
  10  I0195_522_Ramphastidae_Buccanodon_duchaillui                 2.34%    passed     89.38%
  11  I0196_523_Musophagidae_Corythaeola_cristata                  1.99%    passed     81.66%
  12  I0197_832_Corvidae_Corvus_albus                              1.23%    failed      1.19%
  13  I0198_937_Bucerotidae_Tockus_camurus                         0.91%    passed     92.71%
  14  I0199_955_Meropidae_Merops_muelleri                          1.09%    failed      0.02%
  15  I0200_988_Furnariidae_Furnarius_rufus                        0.69%    passed     42.86%
  16  I0201_999_Scolopacidae_Tringa_solitaria                      1.45%    passed     95.69%
  17  I0202_1066_Cathartidae_Cathartes_burrovianus                 9.00%    passed     93.43%
  18  I0203_1087_Tyrannidae_Hymenops_perspicillatus                0.63%    failed      2.65%
  19  I0204_1174_Threskiornithidae_Harpiprion_caerulescens         0.27%    passed     41.87%
  20  I0205_1183_Tyrannidae_Hirundinea_ferruginea                  0.76%    failed      1.58%
  21  I0207_1193_Thamnophilidae_Thamnophilus_ruficapillus          1.39%    passed     85.61%
  22  I0208_1208_Strigidae_Strix_varia                             1.51%    passed     73.91%
  23  I0209_1223_Burhinidae_Burhinus_oedicnemus                    0.46%    failed      4.48%
  24  I0210_1226_Ciconiidae_Ciconia_nigra                          2.05%    passed      6.52%
  25  I0211_1232_Columbidae_Columba_livia                          0.66%    passed     93.63%
  26  I0212_1289_Charadriidae_Charadrius_hiaticula                 1.67%    passed     73.21%
  27  I0213_1334_Picidae_Jynx_torquilla                            1.14%    passed     96.52%
  28  I0214_1354_Sylviidae_Sylvia_melanocephala                    0.86%    passed      6.26%
  29  I0215_1370_Regulidae_Regulus_ignicapilla                     0.42%    failed      0.15%
  30  I0216_1413_Falconidae_Micrastur_gilvicollis                  0.87%    passed     51.47%
  31  I0217_1452_Cotingidae_Rupicola_rupicola                      0.46%    passed     73.29%
  32  I0218_1474_Tityridae_Myiobius_barbatus                       1.72%    failed      0.93%
  33  I0219_1489_Trochilidae_Topaza_pella                          2.36%    passed     17.74%
  34  I0220_1514_Trochilidae_Phaethornis_superciliosus             1.46%    passed     10.91%
  35  I0221_1526_Columbidae_Leptotila_rufaxilla                    1.68%    passed     95.57%
  36  I0222_1568_Turdidae_Turdus_olivater                          0.86%    passed      6.07%
  37  I0223_1586_Furnariidae_Sclerurus_mexicanus                   2.76%    passed     54.23%
  38  I0224_1607_Cracidae_Crax_alector                             0.90%    failed      0.12%
  39  I0225_1616_Incertae_sedis_Piprites_chloris                   0.52%    passed     28.27%
  40  I0226_1619_Odontophoridae_Odontophorus_gujanensis            0.97%    passed     65.71%
  41  I0227_1698_Tyrannidae_Rhynchocyclus_olivaceus                1.46%    failed      3.25%
  42  I0228_1712_Pipridae_Neopelma_chrysocephalum                  0.44%    passed     45.96%
  43  I0229_1748_Tinamidae_Nothoprocta_ornata                      3.54%    passed      8.83%
  44  I0230_1770_Tinamidae_Crypturellus_tataupa                    3.09%    passed     73.86%
  45  I0231_1774_Tinamidae_Tinamus_major                           1.15%    passed     90.01%
  46  I0232_1837_Fringillidae_Fringilla_coelebs                    3.79%    failed      0.60%
  47  I0233_1920_Upupidae_Upupa_epops                              1.64%    passed     62.74%
  48  I0234_1994_Todidae_Todus_mexicanus                           1.20%    passed     73.70%
  49  I0235_2065_Cuculidae_Coccyzus_melacoryphus                   2.13%    passed     77.63%
  50  I0236_2079_Falconidae_Falco_sparverius                       0.49%    passed     74.37%
  51  I0237_2182_Thamnophilidae_Myrmornis_torquata                 1.91%    passed     67.30%
  52  I0238_2211_Cotingidae_Cotinga_cayana                         2.39%    passed     75.81%
  53  I0239_2212_Ardeidae_Tigrisoma_lineatum                       0.77%    passed     69.94%
  54  I0240_2217_Psittacidae_Deroptyus_accipitrinus                1.77%    passed     49.30%
  55  I0241_2249_Pipridae_Pipra_erythrocephala                     1.77%    passed     48.82%
  56  I0242_2273_Furnariidae_Lepidocolaptes_angustirostris         0.88%    passed     12.21%
  57  I0243_2275_Columbidae_Columbina_minuta                       2.19%    passed     96.47%
  58  I0244_2276_Caprimulgidae_Chordeiles_pusillus                 0.56%    failed      1.01%
  59  I0245_2800_Ardeidae_Ardea_herodias                           0.28%    passed     57.08%
  60  I0246_2823_Tyrannidae_Tyrannus_albogularis                   0.61%    failed      1.44%
  61  I0247_2886_Apodidae_Chaetura_brachyura                       0.67%    passed     43.05%
  62  I0248_2938_Falconidae_Caracara_cheriway                      0.65%    passed     59.05%
  63  I0249_2220_Nyctibiidae_Nyctibius_griseus                     7.87%    failed      3.70%
  64  I0250_2944_Odontophoridae_Colinus_cristatus                  1.02%    passed     20.33%
  65  I0251_3044_Tityridae_Tityra_cayana                           2.31%    passed     16.27%
  66  I0252_3154_Anatidae_Anas_superciliosa                        3.44%    failed      0.09%
  67  I0253_3158_Anseranatidae_Anseranas_semipalmata               1.01%    passed     81.93%
  68  I0254_3160_Sulidae_Morus_serrator                            0.36%    passed     28.04%
  69  I0255_3161_Podargidae_Podargus_strigoides                    0.96%    passed     77.84%
  70  I0256_3178_Megapodiidae_Leipoa_ocellata                      1.61%    failed      0.00%
  71  I0257_3236_Anatidae_Oxyura_jamaicensis                       0.83%    passed     41.13%
  72  I0258_3336_Caprimulgidae_Caprimulgus_europaeus               0.84%    passed     17.72%
  73  I0259_3344_Picidae_Picus_canus                               3.31%    passed      8.22%
  74  I0260_3380_Dromaiidae_Dromaius_novaehollandiae               1.02%    failed      0.00%
  75  I0261_3515_Thamnophilidae_Terenura_callinota                 1.56%    passed     76.76%
  76  I0262_3562_Oxyruncidae_Oxyruncus_cristatus                   1.00%    passed     11.56%
  77  I0263_3569_Psophiidae_Psophia_crepitans                      2.15%    passed     76.43%
  78  I0264_3574_Falconidae_Ibycter_americanus                     0.55%    passed     27.75%
  79  I0265_3576_Tityridae_Schiffornis_turdina                     0.85%    passed     30.01%
  80  I0266_3617_Ramphastidae_Capito_niger                         4.32%    passed     92.54%
  81  I0267_3690_Bucconidae_Bucco_capensis                         5.00%    passed     29.72%
  82  I0268_3790_Accipitridae_Accipiter_superciliosus              0.94%    passed      9.75%
  83  I0270_4099_Sternidae_Sterna_hirundo                          0.66%    passed     67.94%
  84  I0271_5253_Psittacidae_Psittrichas_fulgidus                  1.44%    passed     25.86%
  85  I0272_5303_Alcedinidae_Chloroceryle_inda                     1.20%    passed     45.88%
  86  I0273_5315_Galbulidae_Galbula_dea                            0.83%    passed     11.56%
  87  I0274_5339_Bucconidae_Chelidoptera_tenebrosa                 2.32%    passed     65.45%
  88  I0275_5404_Balaenicipitidae_Balaeniceps_rex                  0.41%    failed      4.31%
  89  I0276_5411_Cathartidae_Vultur_gryphus                        1.26%    passed     23.89%
  90  I0277_5465_Trochilidae_Archilochus_colubris                  2.07%    passed     28.93%
  91  I0278_5642_Phasianidae_Bonasa_umbellus                       1.04%    passed     77.02%
  92  I0279_5911_Jacanidae_Jacana_jacana                           1.23%    passed     59.40%
  93  I0280_5927_Psittacidae_Probosciger_aterrimus                 1.46%    passed     38.73%
  94  I0281_5967_Otididae_Ardeotis_kori                            0.37%    passed     96.89%
  95  I0282_6008_Hydrobatidae_Oceanodroma_leucorhoa                0.51%    passed     42.43%
  96  I0283_6026_Anatidae_Dendrocygna_viduata                      3.00%    passed     87.58%
  97  I0284_6031_Coraciidae_Coracias_cyanogaster                   0.36%    passed     40.29%
  98  I0285_6059_Anatidae_Anser_canagicus                          1.82%    passed     56.86%
  99  I0286_6061_Ramphastidae_Ramphastos_ambiguus                  1.18%    passed     92.28%
 100  I0287_6069_Phoenicopteridae_Phoenicopterus_ruber             1.43%    passed     92.45%
 101  I0288_6097_Anatidae_Aythya_valisineria                       1.00%    failed      1.14%
 102  I0361_9545_Sagittariidae_Sagittarius_serpentarius            1.22%    passed     24.98%
 103  I0362_3175_Hydrobatidae_Oceanites_oceanicus                  1.48%    passed     21.83%
 104  I0363_345610_Mesitornithidae_Mesitornis_unicolor             1.49%    passed     94.80%
 105  I0364_384759_Brachypteraciidae_Atelornis_pittoides           1.16%    passed     87.91%
 106  I0365_384805_Rallidae_Sarothrura_rufa_elizabethae            1.94%    passed     95.32%
 107  I0366_438526_Mesitornithidae_Monias_benschi                  1.06%    passed     64.97%
 108  I0367_449184_Leptosomidae_Leptosomus_discolor                1.78%    passed     79.44%
 109  I0368_21_Recurvirostridae_Recurvirostra_americana            0.73%    passed     45.46%
 110  I0369_848_Opisthocomidae_Opisthocomus_hoazin                 0.79%    passed     86.38%
 111  I0370_1566_Psittacidae_Psittacus_erithacus                   1.19%    passed     18.98%
 112  I0371_1587_Phasianidae_Rollulus_rouloul                      1.57%    passed     24.31%
 113  I0372_1658_Phalacrocoracidae_Phalacrocorax_brasilianus       0.26%    passed     19.22%
 114  I0374_2419_Phasianidae_Gallus_gallus                         0.74%    passed     98.51%
 115  I0375_2613_Phaethontidae_Phaethon_rubricauda                 0.21%    failed      4.84%
 116  I0376_2661_Ciconiidae_Leptoptilos_crumeniferus               0.51%    passed     14.29%
 117  I0377_2841_Melanopareiidae_Melanopareia_maximiliani          1.36%    passed     11.73%
 118  I0378_3087_Heliornithidae_Heliornis_fulica                   0.81%    passed     95.85%
 119  I0379_3106_Anhingidae_Anhinga_anhinga                        0.21%    passed     37.27%
 120  I0380_6178_Climacteridae_Climacteris_melanura                0.94%    failed      0.01%
 121  I0382_6875_Casuariidae_Casuarius_bennetti                    0.53%    failed      0.00%
 122  I0383_8723_Psittacidae_Barnardius_zonarius                   1.21%    passed     66.42%
 123  I0384_9129_Fregatidae_Fregata_magnificens                    0.37%    passed     30.86%
 124  I0385_9309_Accipitridae_Elanus_leucurus                      0.41%    failed      0.23%
 125  I0386_10701_Pelecanoididae_Pelecanoides_urinatrix            1.22%    passed     21.94%
 126  I0387_12368_Eurylaimidae_Eurylaimus_ochromalus               1.52%    passed     85.47%
 127  I0388_12571_Hemiprocnidae_Hemiprocne_comata                  0.79%    passed     23.73%
 128  I0389_14873_Psittacidae_Nestor_meridionalis                  1.28%    passed     89.86%
 129  I0390_14905_Apterygidae_Apteryx_sp                           0.74%    failed      0.00%
 130  I0391_15014_Pelecanidae_Pelecanus_occidentalis               1.08%    passed     54.80%
 131  I0393_15950_Rynchopidae_Rhynchops_niger                      0.35%    passed     55.29%
 132  I0394_16098_Aegothelidae_Aegotheles_insignis                 1.27%    passed     67.62%
 133  I0395_16363_Procellariidae_Pterodroma_externa                0.69%    passed     28.90%
 134  I0396_16818_Eurypygidae_Eurypyga_helias                      0.79%    failed      0.31%
 135  I0397_17790_Ramphastidae_Megalaima_chrysopogon               1.84%    passed     90.79%
 136  I0398_17932_Cuculidae_Centropus_bengalensis                  2.95%    passed     30.69%
 137  I0399_18174_Caprimulgidae_Eurostopodus_macrotis              1.08%    passed     11.56%
 138  I0400_19788_Pittidae_Pitta_angolensis                        2.85%    passed     64.35%
 139  I0401_19903_Glareolidae_Glareola_nuchalis                    0.32%    passed     30.97%
 140  I0402_20061_Rostratulidae_Rostratula_benghalensis            1.22%    passed     56.72%
 141  I0403_20547_Pteroclididae_Syrrhaptes_paradoxus               1.28%    passed     79.35%
 142  I0404_21828_Procellariidae_Fulmarus_glacialoides             0.71%    passed     24.54%
 143  I0405_21897_Gruidae_Grus_canadensis                          0.79%    passed     19.75%
 144  I0406_22550_Procellariidae_Puffinus_griseus                  0.87%    passed     38.12%
 145  I0407_22888_Rallidae_Porphyrio_porphyrio                     0.57%    passed     78.45%
 146  I0408_25293_Alcidae_Uria_aalge                               0.46%    passed     68.17%
 147  I0409_25985_Turnicidae_Turnix_ocellata                       1.89%    passed     78.97%
 148  I0410_52764_Coliidae_Colius_colius                           1.43%    passed     62.02%
 149  I0411_53231_Pteroclididae_Pterocles_bicinctus                2.11%    passed     83.91%
 150  I0412_62853_Hydrobatidae_Pelagodroma_marina                  1.00%    passed     13.57%
 151  I0413_67124_Coliidae_Colius_indicus                          2.51%    failed      3.66%
 152  I0414_72512_Rheidae_Rhea_americana                           1.40%    failed      0.00%
 153  I0415_76638_Menuridae_Menura_novaehollandiae                 0.60%    failed      1.91%
 154  I0416_76941_Pipridae_Cryptopipo_holochlora                   0.34%    passed     70.00%
 155  I0417_82096_Diomedeidae_Phoebastria_nigripes                 0.17%    passed      9.05%
 156  I0418_89784_Scopidae_Scopus_umbretta                         0.41%    passed     16.91%
 157  I0419_90368_Aramidae_Aramus_guarauna                         1.69%    passed     20.38%
 158  I0420_730_Ardeidae_Ixobrychus_minutus                        0.47%    passed     78.62%
 159  I0421_1173_Cariamidae_Cariama_cristata                       0.90%    passed     14.72%
 160  I0422_1201_Podicipedidae_Rollandia_rolland                   3.63%    passed     98.33%
 161  I0423_2497_Cuculidae_Cuculus_optatus                         2.64%    passed     59.13%
 162  I0424_2923_Cuculidae_Tapera_naevia                           1.09%    passed     97.53%
 163  I0425_2961_Rallidae_Micropygia_schomburgkii                  0.85%    passed     93.71%
 164  I0426_2963_Cracidae_Ortalis_motmot                           1.54%    failed      0.03%
 165  I0427_3383_Scolopacidae_Arenaria_interpres                   3.01%    passed     57.77%
 166  I0428_3386_Rallidae_Rallus_longirostris                      6.29%    passed     76.47%
 167  I0429_3677_Grallariidae_Myrmothera_campanisona               0.62%    passed      9.89%
 168  I0430_5336_Tyrannidae_Elaenia_flavogaster                    0.53%    failed      3.39%
 169  I0431_5370_Scolopacidae_Limosa_lapponica                     1.28%    passed     80.78%
 170  I0432_5886_Tinamidae_Eudromia_elegans                        1.12%    passed     17.70%
 171  I0433_6296_Gruidae_Balearica_regulorum                       1.19%    passed     14.87%
 172  I0434_6298_Columbidae_Ptilinopus_magnificus                  0.60%    passed     95.10%
 173  I0436_20224_D_Steatornithidae_Steatornis_caripensis          7.17%    passed     12.24%
 174  I0438_345711_Eurylaimidae_Neodrepanis_coruscans              0.84%    passed     71.87%
 175  I0440_10756_D_Ptilonorhynchidae_Ptilonorhynchus_violaceus    0.40%    failed      1.35%
 176  I0448_52755_Numididae_Numida_malagris                        1.29%    passed     29.78%
 177  I0449_66928_Gaviidae_Gavia_immer                             0.76%    passed     39.71%
 178  I0450_81668_Pandionidae_Pandion_haliaetus                    2.74%    passed      7.28%
 179  I0451_85124_Spheniscidae_Spheniscus_humboldti                5.06%    passed     37.16%
 180  I0452_88784_Tytonidae_Tyto_alba                              2.47%    passed     74.94%
 181  I0453_90121_Struthionidae_Struthio_camelus                   1.78%    failed      0.00%
 182  I0454_77230_Cariamidae_Chunga_burmeisteri                    1.76%    passed     24.84%
 183  I0455_1245_Alaudidae_Calandrella_brachydactyla               1.98%    failed      1.17%
 184  I0456_3321_Paridae_Poecile_lugubris                          0.87%    failed      0.64%
 185  I0457_6346_Paradisaeidae_Lophorina_superba                   1.52%    failed      0.12%
 186  I0459_6323_Eurylaimidae_Calyptomena_viridis                  2.07%    passed     83.74%
 187  I2824_12230_Ptilonorhynchidae_Sericulus_bakeri               0.91%    failed      0.72%
 188  I2825_21896_Emberizidae_Spizella_arborea                     0.77%    failed      0.00%
 189  I2826_181173_Pycnonotidae_Pycnonotus_macrotis                1.54%    failed      0.31%
 190  I2827_2685_Pedionomidae_Pedionomus_torquatus                 1.31%    passed     97.03%
 191  I2828_3250_Bucerotidae_Bucorvus_leadbeateri                  1.05%    passed     78.21%
 192  I2829_RIFL_Acanthisittidae_Acanthisitta_chloris              0.49%    passed     14.52%
****  TOTAL                                                        1.44%  38 sequences failed composition chi2 test (p-value<5%; df=3)
NOTE: No CharPartition defined, use all CharSets

Loading 15 partitions...
Subset	Type	Seqs	Sites	Infor	Invar	Model	Name
1		192	901	632	160	TESTMERGE	part1
2		192	1667	796	756	TESTMERGE	part2
3		192	1693	852	706	TESTMERGE	part3
4		192	1667	655	833	TESTMERGE	part4
5		192	1493	639	746	TESTMERGE	part5
6		192	1609	892	602	TESTMERGE	part6
7		192	1529	947	496	TESTMERGE	part7
8		192	1618	631	857	TESTMERGE	part8
9		192	1489	537	799	TESTMERGE	part9
10		192	1720	804	821	TESTMERGE	part10
11		192	1683	601	908	TESTMERGE	part11
12		192	1617	935	521	TESTMERGE	part12
13		192	1787	660	998	TESTMERGE	part13
14		192	1855	1134	518	TESTMERGE	part14
15		192	539	438	87	TESTMERGE	part15
Degree of missing data: 0.000
Info: multi-threading strategy over partitions



Create initial parsimony tree by phylogenetic likelihood library (PLL)... 1.045 seconds
NOTE: ModelFinder requires 410 MB RAM!
NUMBER OF THREADS FOR PARTITION FINDING: 8
Testing GTR+F+G on supermatrix...
GTR+F+G4 / LnL: -550205.057 / df: 390 / AIC: 1101190.114 / AICc: 1101203.683 / BIC: 1104324.720
Selecting individual models for 15 charsets using BIC...
 No. Model        Score       Charset
   1 K2P+I+G4     83810.058   part3
   2 GTR+F+I+G4   86789.219   part7
   3 GTR+F+I+G4   85270.512   part10
   4 GTR+F+I+G4   91236.514   part12
   5 TVMe+I+G4    99173.433   part6
   6 SYM+I+G4     85985.445   part2
   7 GTR+F+I+G4   53073.950   part4
   8 GTR+F+I+G4   103762.529  part14
   9 TPM3u+F+I+G4 59051.997   part8
  10 TPM3u+F+I+G4 51040.355   part15	0h:4m:59s (1h:40m:13s left)
  11 TVM+F+I+G4   54259.039   part1	0h:5m:0s (1h:30m:58s left)
  12 TPM3u+F+I+G4 51800.866   part11	0h:5m:5s (1h:24m:30s left)
  13 GTR+F+I+G4   48918.844   part9	0h:5m:10s (1h:18m:47s left)
  14 GTR+F+I+G4   83614.654   part5	0h:5m:16s (1h:14m:18s left)
  15 HKY+F+I+G4   53303.093   part13	0h:5m:18s (1h:9m:18s left)
Full partition model BIC score: 1095249.604 (LnL: -545100.383  df:503)
Merging models to increase model fit (about 211 total partition schemes)...
  16 GTR+F+I+G4   1095418.050 part4+part14	0h:11m:42s (2h:22m:36s left)
  17 GTR+F+I+G4   1095690.513 part13+part14	0h:11m:44s (2h:13m:55s left)
  18 GTR+F+I+G4   1095614.583 part3+part14	0h:11m:57s (2h:8m:16s left)
  19 GTR+F+I+G4   1095365.533 part12+part14	0h:12m:6s (2h:2m:25s left)
  20 GTR+F+I+G4   1095644.714 part2+part14	0h:12m:27s (1h:58m:56s left)
  21 GTR+F+I+G4   1095727.960 part10+part14	0h:12m:42s (1h:54m:57s left)
  22 GTR+F+I+G4   1095243.758 part7+part14	0h:12m:49s (1h:50m:8s left)
  23 GTR+F+I+G4   1095646.537 part6+part14	0h:13m:32s (1h:50m:43s left)
  24 GTR+F+I+G4   1095449.963 part8+part14	0h:18m:6s (2h:21m:8s left)
  25 GTR+F+I+G4   1095461.559 part1+part14	0h:18m:13s (2h:15m:38s left)
  26 GTR+F+I+G4   1095523.598 part11+part14	0h:18m:21s (2h:10m:39s left)
  27 TVM+F+I+G4   1095764.918 part9+part14	0h:18m:23s (2h:5m:22s left)
  28 GTR+F+I+G4   1096127.457 part5+part14	0h:18m:32s (2h:1m:9s left)
  29 GTR+F+I+G4   1095379.838 part6+part12	0h:18m:37s (1h:56m:52s left)
  30 GTR+F+I+G4   1095295.815 part7+part12	0h:18m:40s (1h:52m:42s left)
  31 TVMe+I+G4    1095341.385 part3+part12	0h:19m:9s (1h:51m:14s left)
  32 TVMe+I+G4    1095392.809 part3+part7	0h:23m:11s (2h:9m:44s left)
  33 TVMe+I+G4    1095293.240 part3+part6	0h:23m:56s (2h:9m:7s left)
  34 TVMe+I+G4    1095317.059 part6+part7	0h:24m:11s (2h:5m:58s left)
  35 SYM+I+G4     1095383.943 part10+part12	0h:24m:20s (2h:2m:25s left)
  36 SYM+I+G4     1095441.027 part2+part12	0h:24m:24s (1h:58m:38s left)
  37 GTR+F+I+G4   1095211.018 part4+part12	0h:24m:31s (1h:55m:22s left)
  38 GTR+F+I+G4   1095331.931 part12+part13	0h:24m:33s (1h:51m:46s left)
  39 SYM+I+G4     1095284.041 part2+part6	0h:24m:58s (1h:50m:10s left)
  40 GTR+F+I+G4   1095508.089 part2+part7	0h:28m:41s (2h:2m:39s left)
  41 GTR+F+I+G4   1095298.779 part11+part12	0h:29m:41s (2h:3m:4s left)
  42 SYM+I+G4     1095247.867 part2+part3	0h:29m:51s (2h:0m:7s left)
  43 GTR+F+I+G4   1095413.463 part7+part10	0h:29m:52s (1h:56m:44s left)
  44 SYM+I+G4     1095279.334 part3+part10	0h:30m:9s (1h:54m:28s left)
  45 GTR+F+I+G4   1095864.106 part5+part12	0h:30m:23s (1h:52m:7s left)
  46 SYM+I+G4     1095239.271 part6+part10	0h:30m:40s (1h:50m:2s left)
  47 TVMe+I+G4    1095323.773 part4+part6	0h:30m:59s (1h:48m:9s left)
  48 GTR+F+I+G4   1095332.165 part4+part7	0h:33m:58s (1h:55m:20s left)
  49 TVM+F+I+G4   1095299.614 part3+part4	0h:35m:0s (1h:55m:43s left)
  50 GTR+F+I+G4   1095602.167 part7+part13	0h:35m:1s (1h:52m:46s left)
  51 GTR+F+I+G4   1095477.939 part14+part15	0h:35m:9s (1h:50m:17s left)
  52 TVMe+I+G4    1095553.372 part6+part13	0h:35m:32s (1h:48m:41s left)
  53 HKY+F+I+G4   1095373.964 part3+part13	0h:35m:39s (1h:46m:17s left)
  54 GTR+F+I+G4   1095431.150 part7+part11	0h:36m:11s (1h:45m:13s left)
  55 TVMe+I+G4    1095384.044 part6+part11	0h:36m:58s (1h:44m:52s left)
  56 TPM3u+F+I+G4 1095290.696 part3+part11	0h:38m:51s (1h:47m:32s left)
  57 GTR+F+I+G4   1095529.053 part9+part12	0h:39m:54s (1h:47m:50s left)
  58 GTR+F+I+G4   1095406.626 part8+part12	0h:40m:8s (1h:45m:52s left)
  59 GTR+F+I+G4   1095460.188 part1+part12	0h:40m:10s (1h:43m:30s left)
  60 GTR+F+I+G4   1095754.039 part5+part7	0h:41m:31s (1h:44m:30s left)
  61 GTR+F+I+G4   1095635.149 part3+part5	0h:41m:52s (1h:42m:58s left)
  62 TVM+F+I+G4   1095485.355 part5+part6	0h:42m:7s (1h:41m:13s left)
  63 GTR+F+I+G4   1095249.571 part2+part10	0h:42m:50s (1h:40m:38s left)
  64 SYM+I+G4     1095378.245 part6+part9	0h:44m:25s (1h:42m:2s left)
  65 TVMe+I+G4    1095544.625 part7+part9	0h:44m:42s (1h:40m:25s left)
  66 GTR+F+I+G4   1095467.496 part3+part9	0h:45m:14s (1h:39m:24s left)
  67 SYM+I+G4     1095357.929 part2+part4	0h:45m:15s (1h:37m:16s left)
  68 TIM2e+I+G4   1095442.960 part2+part13	0h:46m:48s (1h:38m:25s left)
  69 TIM3e+I+G4   1095663.864 part6+part8	0h:47m:11s (1h:37m:7s left)
  70 GTR+F+I+G4   1095504.288 part7+part8	0h:47m:21s (1h:35m:24s left)
  71 TVMe+I+G4    1095681.917 part1+part6	0h:48m:17s (1h:35m:12s left)
  72 HKY+F+I+G4   1095451.161 part3+part8	0h:49m:30s (1h:35m:34s left)
  73 GTR+F+I+G4   1095445.160 part1+part7	0h:49m:31s (1h:33m:37s left)
  74 TVMe+I+G4    1095774.327 part1+part3	0h:49m:40s (1h:31m:57s left)
  75 SYM+I+G4     1095361.199 part2+part11	0h:50m:17s (1h:31m:12s left)
  76 SYM+I+G4     1095306.605 part4+part10	0h:52m:12s (1h:32m:44s left)
  77 SYM+I+G4     1095465.805 part10+part13	0h:52m:31s (1h:31m:24s left)
  78 SYM+I+G4     1095331.599 part10+part11	0h:52m:41s (1h:29m:50s left)
  79 GTR+F+I+G4   1095203.274 part4+part11	0h:55m:42s (1h:33m:4s left)
  80 GTR+F+I+G4   1095466.443 part2+part5	0h:55m:56s (1h:31m:36s left)
  81 TIM3+F+I+G4  1095224.841 part11+part13	0h:56m:21s (1h:30m:27s left)
  82 TVM+F+I+G4   1095314.588 part5+part10	0h:56m:43s (1h:29m:14s left)
  83 GTR+F+I+G4   1095244.570 part4+part13	0h:57m:53s (1h:29m:17s left)
  84 TIM3+F+I+G4  1095530.246 part2+part8	0h:58m:16s (1h:28m:6s left)
  85 GTR+F+I+G4   1095712.589 part4+part5	0h:58m:37s (1h:26m:53s left)
  86 GTR+F+I+G4   1095344.531 part2+part9	0h:59m:32s (1h:26m:33s left)
  87 SYM+I+G4     1095920.271 part1+part2	1h:0m:49s (1h:26m:41s left)
  88 GTR+F+I+G4   1095904.235 part5+part13	1h:1m:40s (1h:26m:12s left)
  89 TVM+F+I+G4   1095384.635 part9+part10	1h:1m:41s (1h:24m:34s left)
  90 TIM3e+I+G4   1095635.602 part8+part10	1h:1m:54s (1h:23m:14s left)
  91 SYM+I+G4     1095805.303 part1+part10	1h:2m:47s (1h:22m:47s left)
  92 GTR+F+I+G4   1095774.214 part5+part11	1h:2m:48s (1h:21m:14s left)
  93 TVMe+I+G4    1095378.059 part4+part9	1h:3m:26s (1h:20m:30s left)
  94 TVMe+I+G4    1095575.801 part9+part13	1h:5m:4s (1h:20m:59s left)
  95 TVM+F+I+G4   1095302.629 part4+part8	1h:5m:45s (1h:20m:17s left)
  96 TVM+F+I+G4   1095761.558 part1+part13	1h:6m:14s (1h:19m:21s left)
  97 TPM3+F+I+G4  1095301.814 part8+part13	1h:6m:17s (1h:17m:54s left)
  98 GTR+F+I+G4   1095512.776 part1+part4	1h:6m:27s (1h:16m:38s left)
  99 TVMe+I+G4    1095485.050 part9+part11	1h:7m:18s (1h:16m:8s left)
 100 TPM3u+F+I+G4 1095321.583 part8+part11	1h:8m:13s (1h:15m:44s left)
 101 TVM+F+I+G4   1095695.294 part1+part11	1h:9m:0s (1h:15m:9s left)
 102 SYM+I+G4     1096019.130 part5+part8	1h:10m:20s (1h:15m:9s left)
 103 GTR+F+I+G4   1095377.219 part12+part15	1h:10m:21s (1h:13m:46s left)
 104 GTR+F+I+G4   1096087.972 part1+part5	1h:10m:56s (1h:12m:59s left)
 105 GTR+F+I+G4   1095258.721 part5+part9	1h:11m:5s (1h:11m:45s left)
 106 SYM+I+G4     1095664.187 part8+part9	1h:11m:16s (1h:10m:36s left)
 107 SYM+I+G4     1095679.041 part1+part9	1h:11m:30s (1h:9m:30s left)
 108 TVM+F+I+G4   1095627.718 part1+part8	1h:12m:40s (1h:9m:18s left)
 109 TVMe+I+G4    1095616.755 part6+part15	1h:13m:10s (1h:8m:28s left)
 110 K2P+I+G4     1095574.448 part3+part15	1h:14m:10s (1h:8m:6s left)
 111 SYM+I+G4     1095669.071 part10+part15	1h:14m:17s (1h:6m:55s left)
 112 GTR+F+I+G4   1095416.608 part7+part15	1h:14m:19s (1h:5m:41s left)
 113 GTR+F+I+G4   1095457.186 part4+part15	1h:14m:51s (1h:4m:55s left)
 114 SYM+I+G4     1095722.844 part2+part15	1h:15m:2s (1h:3m:50s left)
 115 TPM3u+F+I+G4 1095569.298 part13+part15	1h:15m:10s (1h:2m:45s left)
 116 GTR+F+I+G4   1095579.807 part11+part15	1h:15m:54s (1h:2m:9s left)
 117 TIM2+F+I+G4  1095952.286 part5+part15	1h:16m:22s (1h:1m:21s left)
 118 GTR+F+I+G4   1095707.352 part9+part15	1h:16m:33s (1h:0m:20s left)
 119 TVM+F+I+G4   1095267.875 part1+part15	1h:16m:40s (0h:59m:16s left)
 120 TVM+F+I+G4   1095461.187 part8+part15	1h:16m:43s (0h:58m:11s left)
Merging part4+part11 with BIC score: 1095203.274 (LnL: -545112.349  df: 496)
 121 GTR+F+I+G4   1095535.132 part4+part11+part15	1h:22m:13s (1h:1m:9s left)
 122 GTR+F+I+G4   1095391.562 part4+part7+part11	1h:23m:42s (1h:1m:4s left)
 123 GTR+F+I+G4   1095390.225 part2+part4+part11	1h:23m:56s (1h:0m:3s left)
 124 SYM+I+G4     1095360.240 part4+part10+part11	1h:24m:4s (0h:58m:59s left)
 125 TVMe+I+G4    1095422.992 part4+part6+part11	1h:24m:44s (0h:58m:18s left)
 126 GTR+F+I+G4   1095535.918 part4+part11+part14	1h:25m:35s (0h:57m:44s left)
 127 GTR+F+I+G4   1095191.626 part4+part11+part13	1h:25m:35s (0h:56m:36s left)
 128 TVM+F+I+G4   1095259.611 part3+part4+part11	1h:25m:48s (0h:55m:38s left)
 129 GTR+F+I+G4   1095228.135 part4+part11+part12	1h:31m:32s (0h:58m:11s left)
 130 TVMe+I+G4    1095491.836 part4+part9+part11	1h:31m:36s (0h:57m:4s left)
 131 TVMe+I+G4    1095871.186 part4+part5+part11	1h:31m:45s (0h:56m:2s left)
 132 TVM+F+I+G4   1095307.528 part4+part8+part11	1h:31m:45s (0h:54m:55s left)
 133 GTR+F+I+G4   1095657.507 part1+part4+part11	1h:32m:28s (0h:54m:14s left)
Merging part4+part11+part13 with BIC score: 1095191.626 (LnL: -545136.638  df: 490)
 134 GTR+F+I+G4   1095512.125 part4+part7+part11+part13	1h:45m:32s (1h:0m:38s left)
 135 GTR+F+I+G4   1095582.939 part4+part11+part13+part15	1h:45m:45s (0h:59m:32s left)
 136 TVM+F+I+G4   1095459.414 part2+part4+part11+part13	1h:46m:23s (0h:58m:40s left)
 137 SYM+I+G4     1095511.116 part4+part10+part11+part13	1h:46m:35s (0h:57m:34s left)
 138 GTR+F+I+G4   1095541.736 part4+part6+part11+part13	1h:46m:54s (0h:56m:32s left)
 139 GTR+F+I+G4   1095688.670 part4+part11+part13+part14	1h:47m:19s (0h:55m:35s left)
 140 GTR+F+I+G4   1095254.666 part4+part11+part12+part13	1h:48m:9s (0h:54m:50s left)
 141 TVM+F+I+G4   1095281.745 part3+part4+part11+part13	1h:48m:15s (0h:53m:44s left)
 142 TVMe+I+G4    1096088.781 part4+part5+part11+part13	1h:56m:22s (0h:56m:32s left)
 143 GTR+F+I+G4   1095756.610 part1+part4+part11+part13	1h:57m:8s (0h:55m:42s left)
 144 GTR+F+I+G4   1095299.458 part4+part8+part11+part13	1h:57m:15s (0h:54m:33s left)
 145 TVM+F+I+G4   1095647.723 part4+part9+part11+part13	1h:57m:36s (0h:53m:31s left)
Merging part6+part10 with BIC score: 1095181.293 (LnL: -545176.640  df: 481)
 146 SYM+I+G4     1095634.931 part6+part10+part15	2h:6m:11s (0h:56m:10s left)
 147 TVMe+I+G4    1095223.121 part3+part6+part10	2h:9m:8s (0h:56m:13s left)
 148 TVMe+I+G4    1095213.886 part2+part6+part10	2h:9m:18s (0h:55m:2s left)
 149 GTR+F+I+G4   1095430.128 part5+part6+part10	2h:9m:32s (0h:53m:54s left)
 150 SYM+I+G4     1095337.556 part6+part10+part12	2h:9m:33s (0h:52m:41s left)
 151 SYM+I+G4     1095322.487 part6+part7+part10	2h:9m:36s (0h:51m:29s left)
 152 TVMe+I+G4    1095710.216 part6+part10+part14	2h:11m:25s (0h:51m:0s left)
 153 TVMe+I+G4    1095356.499 part6+part9+part10	2h:15m:25s (0h:51m:20s left)
 154 SYM+I+G4     1095629.612 part4+part6+part10+part11+part13	2h:15m:29s (0h:50m:9s left)
 155 SYM+I+G4     1095775.233 part1+part6+part10	2h:17m:21s (0h:49m:37s left)
 156 TVMe+I+G4    1095664.576 part6+part8+part10	2h:17m:31s (0h:48m:29s left)
Merging part7+part14 with BIC score: 1095175.447 (LnL: -545223.904  df: 471)
 157 GTR+F+I+G4   1095422.224 part7+part14+part15	2h:29m:2s (0h:51m:15s left)
 158 GTR+F+I+G4   1095722.809 part7+part9+part14	2h:30m:11s (0h:50m:22s left)
 159 GTR+F+I+G4   1095526.793 part3+part7+part14	2h:30m:57s (0h:49m:22s left)
 160 GTR+F+I+G4   1095591.017 part2+part7+part14	2h:31m:3s (0h:48m:9s left)
 161 GTR+F+I+G4   1095286.259 part7+part12+part14	2h:31m:20s (0h:47m:0s left)
 162 GTR+F+I+G4   1096129.081 part5+part7+part14	2h:32m:9s (0h:46m:1s left)
 163 TVMe+I+G4    1095763.342 part6+part7+part10+part14	2h:36m:7s (0h:45m:58s left)
 164 GTR+F+I+G4   1095803.770 part4+part7+part11+part13+part14	2h:36m:33s (0h:44m:52s left)
 165 GTR+F+I+G4   1095460.829 part7+part8+part14	2h:39m:7s (0h:44m:21s left)
 166 GTR+F+I+G4   1095420.901 part1+part7+part14	2h:40m:14s (0h:43m:26s left)
Merging part2+part3 with BIC score: 1095173.710 (LnL: -545238.092  df: 468)
 167 SYM+I+G4     1095655.784 part2+part3+part15	2h:49m:3s (0h:44m:32s left)
 168 TIM3e+I+G4   1095494.322 part2+part3+part8	2h:50m:39s (0h:43m:40s left)
 169 GTR+F+I+G4   1095398.502 part2+part3+part9	2h:51m:46s (0h:42m:41s left)
 170 SYM+I+G4     1095340.882 part2+part3+part12	2h:52m:14s (0h:41m:32s left)
 171 GTR+F+I+G4   1095622.538 part2+part3+part5	2h:53m:28s (0h:40m:34s left)
 172 TVMe+I+G4    1095229.581 part2+part3+part6+part10	2h:56m:33s (0h:40m:2s left)
 173 GTR+F+I+G4   1095784.407 part2+part3+part7+part14	2h:56m:49s (0h:38m:50s left)
 174 GTR+F+I+G4   1095462.652 part2+part3+part4+part11+part13	2h:57m:37s (0h:37m:46s left)
 175 SYM+I+G4     1095893.533 part1+part2+part3	2h:57m:45s (0h:36m:34s left)
BEST-FIT PARTITION MODEL: 
  charpartition BIC = TVM+F+I+G4: part1, SYM+I+G4: part2 part3, GTR+F+I+G4: part4 part11 part13, GTR+F+I+G4: part5, SYM+I+G4: part6 part10, GTR+F+I+G4: part7 part14, TPM3u+F+I+G4: part8, GTR+F+I+G4: part9, GTR+F+I+G4: part12, TPM3u+F+I+G4: part15;
Agglomerative model selection: (part1,(part2,part3)5:1.09517e+06,((part4,part11)1:1.0952e+06,part13)2:1.09519e+06,part5,(part6,part10)3:1.09518e+06,(part7,part14)4:1.09518e+06,part8,part9,part12,part15)
Merging into 10 partitions...
Partition information was printed to 2_set8.best_scheme.nex
Partition information in Raxml format was printed to 2_set8.best_scheme

All model information printed to 2_set8.model.gz
CPU time for ModelFinder: 34308.791 seconds (9h:31m:48s)
Wall-clock time for ModelFinder: 10668.874 seconds (2h:57m:48s)
Generating 1000 samples for ultrafast bootstrap (seed: 200381)...

NOTE: 408 MB RAM (0 GB) is required!
Measuring multi-threading efficiency up to 8 CPU cores
2 trees examined
Threads: 1 / Time: 9.052 sec / Speedup: 1.000 / Efficiency: 100% / LogL: -862967
Threads: 2 / Time: 8.268 sec / Speedup: 1.095 / Efficiency: 55% / LogL: -862967
Threads: 3 / Time: 5.488 sec / Speedup: 1.649 / Efficiency: 55% / LogL: -862967
Threads: 4 / Time: 4.758 sec / Speedup: 1.903 / Efficiency: 48% / LogL: -862967
BEST NUMBER OF THREADS: 3

Estimate model parameters (epsilon = 0.100)
Initial log-likelihood: -583031.151
Current log-likelihood at step 1: -546859.614
Current log-likelihood at step 2: -546105.990
Current log-likelihood at step 3: -545471.629
Current log-likelihood at step 4: -545097.637
Current log-likelihood at step 5: -545095.374
Current log-likelihood at step 6: -545094.988
Current log-likelihood at step 7: -545094.878
Current log-likelihood at step 8: -545094.832
Parameters optimization took 7 rounds (155.472 sec)

Computing ML distances based on estimated model parameters... 36.693 sec
Computing BIONJ tree...
0.084 seconds
Log-likelihood of BIONJ tree: -545638.744
--------------------------------------------------------------------
|             INITIALIZING CANDIDATE TREE SET                      |
--------------------------------------------------------------------
Generating 98 parsimony trees... 132.979 second
Computing log-likelihood of 98 initial trees ... 493.254 seconds
Current best score: -545094.832

Do NNI search on 20 best initial trees
Estimate model parameters (epsilon = 0.100)
Initial log-likelihood: -544905.123
Current log-likelihood at step 1: -544904.808
Current log-likelihood at step 2: -544904.758
Parameters optimization took 1 rounds (18.968 sec)

BETTER TREE FOUND at iteration 1: -544904.758
Estimate model parameters (epsilon = 0.100)
Initial log-likelihood: -544896.648
Current log-likelihood at step 1: -544894.508
Current log-likelihood at step 2: -544893.916
Current log-likelihood at step 3: -544893.808
Current log-likelihood at step 4: -544893.765
Parameters optimization took 3 rounds (41.805 sec)

BETTER TREE FOUND at iteration 2: -544893.765
Estimate model parameters (epsilon = 0.100)
Initial log-likelihood: -544891.524
Current log-likelihood at step 1: -544891.429
Parameters optimization took 0 rounds (8.649 sec)

BETTER TREE FOUND at iteration 4: -544891.429
Estimate model parameters (epsilon = 0.100)
Initial log-likelihood: -544883.289
Current log-likelihood at step 1: -544880.767
Current log-likelihood at step 2: -544880.033
Current log-likelihood at step 3: -544879.899
Current log-likelihood at step 4: -544879.846
Parameters optimization took 3 rounds (41.744 sec)

BETTER TREE FOUND at iteration 6: -544879.846
Iteration 10 / LogL: -544908.536 / Time: 0h:22m:46s
Estimate model parameters (epsilon = 0.100)
Initial log-likelihood: -544877.021
Current log-likelihood at step 1: -544876.791
Current log-likelihood at step 2: -544876.738
Parameters optimization took 1 rounds (15.994 sec)

BETTER TREE FOUND at iteration 18: -544876.738
Iteration 20 / LogL: -544895.922 / Time: 0h:29m:46s
Finish initializing candidate tree set (19)
Current best tree score: -544876.738 / CPU time: 1538.461
Number of iterations: 20
--------------------------------------------------------------------
|               OPTIMIZING CANDIDATE TREE SET                      |
--------------------------------------------------------------------
Estimate model parameters (epsilon = 0.100)
Initial log-likelihood: -544873.672
Current log-likelihood at step 1: -544873.644
Parameters optimization took 0 rounds (8.746 sec)

BETTER TREE FOUND at iteration 23: -544873.644
Iteration 30 / LogL: -544876.930 / Time: 0h:40m:11s (2h:8m:52s left)
Iteration 40 / LogL: -544879.673 / Time: 0h:48m:9s (1h:42m:29s left)
UPDATE BEST LOG-LIKELIHOOD: -544873.642
Iteration 50 / LogL: -544873.642 / Time: 0h:56m:54s (1h:24m:46s left)
Log-likelihood cutoff on original alignment: -545025.434
Iteration 60 / LogL: -544876.892 / Time: 1h:6m:27s (1h:10m:57s left)
Iteration 70 / LogL: -544877.435 / Time: 1h:16m:42s (0h:58m:55s left)
Estimate model parameters (epsilon = 0.100)
Initial log-likelihood: -544871.917
Current log-likelihood at step 1: -544871.876
Parameters optimization took 0 rounds (9.925 sec)

BETTER TREE FOUND at iteration 71: -544871.876
Iteration 80 / LogL: -544875.835 / Time: 1h:27m:51s (1h:41m:11s left)
Iteration 90 / LogL: -544875.088 / Time: 1h:35m:4s (1h:26m:31s left)
Estimate model parameters (epsilon = 0.100)
Initial log-likelihood: -544871.851
Current log-likelihood at step 1: -544871.840
Parameters optimization took 0 rounds (6.135 sec)

UPDATE BEST LOG-LIKELIHOOD: -544871.840
Iteration 100 / LogL: -544871.840 / Time: 1h:44m:48s (1h:15m:9s left)
Log-likelihood cutoff on original alignment: -545025.434
NOTE: Bootstrap correlation coefficient of split occurrence frequencies: 0.999
Iteration 110 / LogL: -544875.019 / Time: 1h:50m:8s (1h:30m:56s left)
Iteration 120 / LogL: -544873.709 / Time: 1h:56m:5s (1h:18m:2s left)
Iteration 130 / LogL: -544889.122 / Time: 2h:4m:22s (1h:7m:29s left)
Iteration 140 / LogL: -544878.045 / Time: 2h:12m:45s (0h:57m:18s left)
Iteration 150 / LogL: -545591.645 / Time: 2h:16m:32s (0h:45m:49s left)
Log-likelihood cutoff on original alignment: -545025.434
Iteration 160 / LogL: -544880.650 / Time: 2h:20m:37s (0h:35m:22s left)
Iteration 170 / LogL: -544876.261 / Time: 2h:28m:58s (0h:26m:26s left)
TREE SEARCH COMPLETED AFTER 172 ITERATIONS / Time: 2h:30m:28s

--------------------------------------------------------------------
|                    FINALIZING TREE SEARCH                        |
--------------------------------------------------------------------
Performs final model parameters optimization
Estimate model parameters (epsilon = 0.010)
Initial log-likelihood: -544871.839
Current log-likelihood at step 1: -544871.836
Parameters optimization took 0 rounds (7.986 sec)

BEST SCORE FOUND : -544871.836
Creating bootstrap support values...
Split supports printed to NEXUS file 2_set8.splits.nex
Total tree length: 7.323

Total number of iterations: 172
CPU time used for tree search: 9585.016 sec (2h:39m:45s)
Wall-clock time used for tree search: 8779.752 sec (2h:26m:19s)
Total CPU time used: 9935.553 sec (2h:45m:35s)
Total wall-clock time used: 9040.123 sec (2h:30m:40s)

Computing bootstrap consensus tree...
Reading input file 2_set8.splits.nex...
192 taxa and 556 splits.
Consensus tree written to 2_set8.contree
Reading input trees file 2_set8.contree
Log-likelihood of consensus tree: -544873.632

Analysis results written to: 
  IQ-TREE report:                2_set8.iqtree
  Maximum-likelihood tree:       2_set8.treefile
  Likelihood distances:          2_set8.mldist
  Best partitioning scheme:      2_set8.best_scheme.nex
           in RAxML format:      2_set8.best_scheme

Ultrafast bootstrap approximation results written to:
  Split support values:          2_set8.splits.nex
  Consensus tree:                2_set8.contree
  Screen log file:               2_set8.log

Date and Time: Sun Sep  9 08:52:04 2018
