IQ-TREE multicore version 1.6.7 for Mac OS X 64-bit built Aug 23 2018
Developed by Bui Quang Minh, Nguyen Lam Tung, Olga Chernomor,
Heiko Schmidt, Dominik Schrempf, Michael Woodhams.

Host:    meeps-mac-pro.staff.sydney.edu.au (AVX, 64 GB RAM)
Command: /Users/davidduchene/Desktop/Software/iqtree-1.6.7-MacOSX/bin/iqtree -s ../../../../marsupials/set107.fasta -m TESTMERGE -bb 1000 -spp ../../../../marsupials/set107.nex -nt AUTO -pre 4_set107
Seed:    831940 (Using SPRNG - Scalable Parallel Random Number Generator)
Time:    Fri Sep  7 08:17:06 2018
Kernel:  AVX - auto-detect threads (8 CPU cores detected)

Reading partition model file ../../../../marsupials/set107.nex ...
Reading alignment file ../../../../marsupials/set107.fasta ... Fasta format detected
Alignment most likely contains DNA/RNA sequences
Alignment has 37 sequences with 1467 columns, 541 distinct patterns
244 parsimony-informative, 168 singleton sites, 1055 constant sites
                                              Gap/Ambiguity  Composition  p-value
   1  Burramyidae_Burramys_parvus                     0.20%    passed     84.21%
   2  Notoryctidae_Notoryctes_typhlops                2.73%    passed     99.59%
   3  Vombatidae_Lasiorhinus_latifrons                0.34%    passed     99.98%
   4  Potoroidae_Bettongia_penicillata                0.14%    passed     96.45%
   5  Potoroidae_Bettongia_lesueur                    0.00%    passed     97.13%
   6  Dasyuridae_Dasyurus_maculatus                   0.00%    passed     99.14%
   7  Phalangeridae_Trichosurus_vulpecula             0.07%    passed     80.78%
   8  Phalangeridae_Spilocuscus_maculatus             0.48%    passed     68.79%
   9  Potoroidae_Aepyprymnus_rufescens                0.00%    passed     93.13%
  10  Peramelidae_Perameles_nasuta                    7.02%    passed     93.85%
  11  Myrmecobiidae_Myrmecobius_fasciatus1           86.30%    failed      0.00%
  12  Phalangeridae_Strigocuscus_pelengensis          8.38%    passed     95.57%
  13  Dasyuridae_Phascogale_tapoatafa                 1.84%    passed     98.63%
  14  Dasyuridae_Sminthopsis_macroura                 0.00%    passed     78.29%
  15  Phalangeridae_Phalanger_orientalis              0.27%    passed     54.38%
  16  Acrobatidae_Acrobates_pygmaeus                  3.75%    passed     98.39%
  17  Dasyuridae_Phascogale_calura                   32.52%    failed      1.05%
  18  Dasyuridae_Sarcophilus_harrisii                 0.89%    passed     96.99%
  19  Dasyuridae_Planigale_tenuirostris              21.54%    passed     31.45%
  20  Peramelidae_Echymipera_kalubu                   0.41%    passed     90.01%
  21  Macropodidae_Dorcopsulus_vanheurni              0.20%    passed     98.22%
  22  Pseudochiridae_Pseudochirulus_forbesi           0.27%    passed     97.74%
  23  Didelphidae_Didelphis_virginiana               32.65%    passed     22.50%
  24  Marmosidae_Monodelphis_domestica                2.52%    passed     67.04%
  25  Dasyuridae_Antechinus_stuartii                 32.92%    failed      0.46%
  26  Hypsiprymnodontidae_Hypsiprymnodon_moschatus    1.84%    passed     99.91%
  27  Microbiotheriidae_Dromiciops_gliroides          4.50%    passed     73.88%
  28  Pseudochiridae_Petauroides_volans               1.23%    passed     96.25%
  29  Macropodidae_Wallabia_bicolor                   0.14%    passed     99.56%
  30  Pseudochiridae_Pseudocheirus_occidentalis      30.67%    failed      0.13%
  31  Tarsipedidae_Tarsipes_rostratus                 0.34%    passed     87.57%
  32  Acrobatidae_Distoechurus_pennatus               0.00%    passed     88.02%
  33  Myrmecobiidae_Myrmecobius_fasciatus2           86.30%    failed      0.00%
  34  Phalangeridae_Phalanger_carmelitae              0.00%    passed     58.56%
  35  Peramelidae_Peroryctes_raffrayana              18.27%    passed     16.68%
  36  Dasyuridae_Dasyurus_geffroii                    0.07%    passed     98.38%
  37  Peramelidae_Perameles_gunnii                    1.64%    passed     89.61%
WARNING: 2 sequences contain more than 50% gaps/ambiguity
****  TOTAL                                          10.28%  5 sequences failed composition chi2 test (p-value<5%; df=3)
NOTE: No CharPartition defined, use all CharSets

Loading 15 partitions...
Subset	Type	Seqs	Sites	Infor	Invar	Model	Name
1		35	67	2	63	TESTMERGE	part1.1
2		35	67	0	67	TESTMERGE	part1.2
WARNING: No parsimony-informative sites in partition part1.2
3		35	67	21	31	TESTMERGE	part1.3
4		32	153	13	124	TESTMERGE	part2.1
5		32	153	4	142	TESTMERGE	part2.2
6		32	153	56	56	TESTMERGE	part2.3
7		35	74	3	69	TESTMERGE	part3.1
8		35	74	0	73	TESTMERGE	part3.2
WARNING: No parsimony-informative sites in partition part3.2
9		35	74	37	25	TESTMERGE	part3.3
10		35	112	13	90	TESTMERGE	part4.1
11		35	112	5	99	TESTMERGE	part4.2
12		35	112	58	31	TESTMERGE	part4.3
13		34	83	3	73	TESTMERGE	part5.1
14		34	83	6	75	TESTMERGE	part5.2
15		34	83	23	37	TESTMERGE	part5.3
Degree of missing data: 0.084
Info: multi-threading strategy over partitions

NOTE: Myrmecobiidae_Myrmecobius_fasciatus2 is identical to Myrmecobiidae_Myrmecobius_fasciatus1 but kept for subsequent analysis


Create initial parsimony tree by phylogenetic likelihood library (PLL)... 0.007 seconds
NOTE: ModelFinder requires 6 MB RAM!
NUMBER OF THREADS FOR PARTITION FINDING: 8
Testing GTR+F+G on supermatrix...
GTR+F+G4 / LnL: -6428.680 / df: 80 / AIC: 13017.359 / AICc: 13026.710 / BIC: 13440.637
Selecting individual models for 15 charsets using BIC...
 No. Model        Score       Charset
   1 TPM3u+F+I    974.790     part2.1
   2 K2P          434.689     part5.1
   3 K3P+G4       1117.552    part5.3
   4 HKY+F+G4     849.380     part1.3
   5 TIM2e        1981.030    part4.3
   6 JC           225.731     part1.2
   7 TIM2+F+I     775.297     part4.1
   8 K3Pu+F+G4    1322.940    part3.3
   9 K2P+I        589.121     part4.2
  10 K2P          628.232     part2.2	0h:0m:48s (0h:16m:22s left)
  11 TPM2+F+G4    2286.569    part2.3	0h:0m:50s (0h:15m:20s left)
  12 TNe+I        294.106     part1.1	0h:0m:51s (0h:14m:9s left)
  13 HKY+F+I      398.807     part5.2	0h:0m:51s (0h:13m:2s left)
  14 K2P          231.502     part3.2	0h:0m:51s (0h:12m:3s left)
  15 K2P+I        339.063     part3.1	0h:0m:52s (0h:11m:22s left)
Full partition model BIC score: 13138.189 (LnL: -6073.308  df:136)
Merging models to increase model fit (about 211 total partition schemes)...
WARNING: ABNORMAL_TERMINATION_IN_LNSRCH
  16 K2P+G4       13137.662   part1.3+part4.3	0h:1m:6s (0h:13m:29s left)
  17 TIM2e+G4     13126.071   part4.3+part5.3	0h:1m:7s (0h:12m:55s left)
  18 K2P+G4       13139.354   part1.3+part2.3	0h:1m:9s (0h:12m:29s left)
  19 TPM2+F+G4    13176.468   part2.1+part2.3	0h:1m:12s (0h:12m:10s left)
  20 TPM2+F+G4    13140.816   part3.3+part4.3	0h:1m:15s (0h:11m:58s left)
  21 TPM2u+F+G4   13126.450   part2.3+part5.3	0h:1m:18s (0h:11m:46s left)
  22 TPM2u+F+G4   13132.236   part2.3+part4.3	0h:1m:23s (0h:11m:59s left)
  23 TPM2+F+G4    13097.871   part2.3+part3.3	0h:1m:25s (0h:11m:34s left)
  24 TIM2e+I      13202.138   part2.1+part4.3	0h:1m:27s (0h:11m:24s left)
  25 TPM2u+F+G4   13156.193   part2.3+part4.1	0h:1m:28s (0h:10m:57s left)
  26 TIM2e+I      13186.375   part4.1+part4.3	0h:1m:37s (0h:11m:35s left)
  27 K2P+G4       13210.966   part2.3+part4.2	0h:1m:42s (0h:11m:35s left)
  28 TIM2e+I      13203.847   part4.3+part5.1	0h:1m:49s (0h:11m:57s left)
  29 K2P+G4       13200.154   part2.3+part5.1	0h:1m:56s (0h:12m:8s left)
  30 K2P+G4       13198.188   part2.3+part5.2	0h:2m:1s (0h:12m:14s left)
  31 TIM2+F+G4    13202.100   part1.1+part2.3	0h:2m:7s (0h:12m:22s left)
  32 TIM2e+I      13205.606   part1.1+part4.3	0h:2m:15s (0h:12m:37s left)
  33 TIM2e+I      13217.698   part4.2+part4.3	0h:2m:31s (0h:13m:39s left)
  34 TIM2e+I      13209.602   part4.3+part5.2	0h:2m:32s (0h:13m:11s left)
  35 K2P+G4       13127.057   part3.3+part5.3	0h:2m:34s (0h:12m:56s left)
  36 TIM2e+I      13272.056   part2.2+part4.3	0h:2m:34s (0h:12m:31s left)
  37 K2P+G4       13266.843   part2.2+part2.3	0h:2m:38s (0h:12m:23s left)
  38 TIM2e+I      13215.636   part1.2+part4.3	0h:2m:43s (0h:12m:24s left)
  39 K2P+G4       13206.871   part1.2+part2.3	0h:2m:48s (0h:12m:21s left)
  40 TIM2e+I      13211.692   part3.1+part4.3	0h:2m:49s (0h:12m:2s left)
  41 HKY+F+G4     13119.231   part1.3+part5.3	0h:2m:50s (0h:11m:47s left)
  42 TPM2+F+G4    13204.437   part2.3+part3.1	0h:2m:51s (0h:11m:31s left)
  43 K2P+G4       13141.819   part1.3+part3.3	0h:2m:55s (0h:11m:25s left)
  44 TIM2e+I      13244.534   part3.2+part4.3	0h:2m:56s (0h:11m:9s left)
  45 K2P+G4       13148.484   part2.1+part5.3	0h:2m:59s (0h:11m:1s left)
  46 TPM2u+F+G4   13242.248   part2.3+part3.2	0h:3m:1s (0h:10m:51s left)
  47 K3P+G4       13163.774   part5.1+part5.3	0h:3m:6s (0h:10m:50s left)
  48 K2P+G4       13143.561   part4.1+part5.3	0h:3m:8s (0h:10m:40s left)
  49 K3Pu+F+G4    13171.513   part2.1+part3.3	0h:3m:19s (0h:11m:1s left)
  50 K3Pu+F+G4    13147.996   part3.3+part4.1	0h:3m:31s (0h:11m:19s left)
  51 K2P+G4       13147.003   part1.3+part2.1	0h:3m:36s (0h:11m:18s left)
  52 TNe+G4       13164.135   part1.1+part5.3	0h:3m:37s (0h:11m:5s left)
  53 TNe+G4       13166.895   part4.2+part5.3	0h:3m:39s (0h:10m:53s left)
  54 K3Pu+F+G4    13164.608   part5.2+part5.3	0h:3m:41s (0h:10m:44s left)
  55 K3P+G4       13194.391   part3.3+part5.1	0h:3m:46s (0h:10m:41s left)
  56 K2P+G4       13146.537   part1.3+part4.1	0h:3m:57s (0h:10m:58s left)
  57 K3P+G4       13186.717   part1.1+part3.3	0h:3m:58s (0h:10m:44s left)
  58 K3P+G4       13206.283   part2.2+part5.3	0h:3m:59s (0h:10m:31s left)
  59 K3P+G4       13189.679   part3.3+part5.2	0h:3m:59s (0h:10m:17s left)
  60 K3P+G4       13197.658   part3.3+part4.2	0h:4m:0s (0h:10m:4s left)
  61 K3P+G4       13168.268   part1.2+part5.3	0h:4m:0s (0h:9m:50s left)
  62 K3P+I+G4     13245.553   part2.2+part3.3	0h:4m:4s (0h:9m:47s left)
  63 K3P+G4       13166.552   part3.1+part5.3	0h:4m:5s (0h:9m:35s left)
  64 HKY+F+G4     13156.040   part1.3+part5.1	0h:4m:6s (0h:9m:25s left)
  65 HKY+F+G4     13168.248   part1.1+part1.3	0h:4m:11s (0h:9m:24s left)
  66 HKY+F+I      13165.122   part1.3+part4.2	0h:4m:13s (0h:9m:16s left)
  67 HKY+F+G4     13133.043   part1.3+part5.2	0h:4m:16s (0h:9m:10s left)
  68 K3P+G4       13194.796   part1.2+part3.3	0h:4m:17s (0h:9m:1s left)
  69 K3Pu+F+G4    13195.306   part3.1+part3.3	0h:4m:18s (0h:8m:51s left)
  70 TN+F+G4      13197.820   part1.3+part2.2	0h:4m:20s (0h:8m:45s left)
  71 TIM2+F+I     13103.586   part2.1+part4.1	0h:4m:22s (0h:8m:38s left)
  72 HKY+F+G4     13163.143   part1.2+part1.3	0h:4m:24s (0h:8m:30s left)
  73 K2P+I        13115.077   part2.1+part5.1	0h:4m:24s (0h:8m:19s left)
  74 K3P+G4       13195.381   part3.2+part5.3	0h:4m:25s (0h:8m:11s left)
  75 K2P+I        13113.208   part2.1+part4.2	0h:4m:27s (0h:8m:4s left)
  76 K2P+I        13117.022   part1.1+part2.1	0h:4m:28s (0h:7m:56s left)
  77 K2P+I        13129.633   part2.1+part2.2	0h:4m:32s (0h:7m:53s left)
  78 K2P+I        13110.863   part2.1+part5.2	0h:4m:33s (0h:7m:45s left)
  79 K2P+G4       13164.213   part1.3+part3.1	0h:4m:33s (0h:7m:36s left)
  80 TIM+F+G4     13231.235   part3.2+part3.3	0h:4m:33s (0h:7m:28s left)
  81 TIM2e+I      13123.851   part4.1+part5.1	0h:4m:35s (0h:7m:22s left)
  82 K2P+I        13111.788   part1.2+part2.1	0h:4m:37s (0h:7m:17s left)
  83 K2P+I        13119.351   part4.1+part4.2	0h:4m:47s (0h:7m:23s left)
  84 TIM2e+G4     13115.979   part1.1+part4.1	0h:5m:0s (0h:7m:34s left)
  85 K2P+I        13117.144   part2.1+part3.1	0h:5m:1s (0h:7m:26s left)
  86 K2P+I        13117.836   part4.1+part5.2	0h:5m:4s (0h:7m:22s left)
  87 TN+F+G4      13198.911   part1.3+part3.2	0h:5m:9s (0h:7m:21s left)
  88 K2P+I        13138.094   part2.2+part4.1	0h:5m:17s (0h:7m:23s left)
  89 K2P+I        13123.171   part4.2+part5.1	0h:5m:24s (0h:7m:24s left)
  90 K2P+I        13122.171   part1.1+part5.1	0h:5m:25s (0h:7m:17s left)
  91 HKY+F+I      13118.785   part5.1+part5.2	0h:5m:30s (0h:7m:15s left)
  92 K2P+I        13117.664   part1.1+part4.2	0h:5m:30s (0h:7m:7s left)
  93 K2P          13126.141   part2.2+part5.1	0h:5m:31s (0h:7m:0s left)
  94 K2P+I        13114.925   part1.1+part5.2	0h:5m:31s (0h:6m:52s left)
  95 HKY+F+I      13119.402   part4.2+part5.2	0h:5m:32s (0h:6m:45s left)
  96 TNe+I        13116.194   part1.2+part4.1	0h:5m:34s (0h:6m:41s left)
  97 K2P+I        13126.363   part1.1+part2.2	0h:5m:35s (0h:6m:33s left)
  98 HKY+F+I      13133.071   part2.2+part4.2	0h:5m:48s (0h:6m:42s left)
  99 K2P+I        13123.013   part3.1+part4.1	0h:5m:50s (0h:6m:36s left)
 100 HKY+F+I      13127.270   part2.2+part5.2	0h:5m:50s (0h:6m:29s left)
 101 K2P+I        13137.163   part2.1+part3.2	0h:5m:58s (0h:6m:30s left)
 102 K2P+I        13110.620   part1.2+part5.1	0h:6m:0s (0h:6m:25s left)
 103 TNe+I        13101.540   part1.1+part1.2	0h:6m:2s (0h:6m:19s left)
 104 HKY+F+I      13104.196   part1.2+part5.2	0h:6m:5s (0h:6m:15s left)
 105 K2P+I        13122.206   part3.1+part5.1	0h:6m:9s (0h:6m:13s left)
 106 K2P+I        13107.356   part1.2+part4.2	0h:6m:10s (0h:6m:6s left)
 107 K2P          13103.894   part1.2+part2.2	0h:6m:12s (0h:6m:1s left)
 108 K2P+I        13117.212   part3.1+part4.2	0h:6m:13s (0h:5m:56s left)
 109 K2P+I        13114.851   part3.1+part5.2	0h:6m:13s (0h:5m:49s left)
 110 K3P+I        13117.907   part1.1+part3.1	0h:6m:17s (0h:5m:46s left)
 111 K2P+I        13127.070   part2.2+part3.1	0h:6m:18s (0h:5m:41s left)
 112 TNe+I        13145.192   part3.2+part4.1	0h:6m:19s (0h:5m:35s left)
 113 K2P+I        13135.838   part3.2+part5.1	0h:6m:20s (0h:5m:30s left)
 114 K2P+I        13101.574   part1.2+part3.1	0h:6m:21s (0h:5m:24s left)
 115 HKY+F        13134.375   part2.2+part3.2	0h:6m:23s (0h:5m:20s left)
 116 K2P+I        13132.514   part3.2+part4.2	0h:6m:23s (0h:5m:14s left)
 117 K2P+I        13127.644   part1.1+part3.2	0h:6m:24s (0h:5m:8s left)
 118 HKY+F+I      13134.101   part3.2+part5.2	0h:6m:24s (0h:5m:2s left)
 119 K2P          13096.365   part1.2+part3.2	0h:6m:25s (0h:4m:58s left)
 120 K2P+I        13128.087   part3.1+part3.2	0h:6m:25s (0h:4m:52s left)
Merging part1.2+part3.2 with BIC score: 13096.365 (LnL: -6056.042  df: 135)
 121 K2P+I        13110.343   part1.2+part2.1+part3.2	0h:6m:33s (0h:4m:52s left)
 122 K2P+I        13098.284   part1.2+part3.2+part4.2	0h:6m:34s (0h:4m:47s left)
 123 K2P+I        13100.795   part1.2+part3.2+part5.1	0h:6m:34s (0h:4m:42s left)
 124 HKY+F+I      13186.556   part1.2+part1.3+part3.2	0h:6m:34s (0h:4m:36s left)
 125 HKY+F+I      13097.425   part1.2+part3.2+part5.2	0h:6m:36s (0h:4m:32s left)
 126 K2P+I        13088.500   part1.1+part1.2+part3.2	0h:6m:36s (0h:4m:27s left)
 127 TNe+I        13115.456   part1.2+part3.2+part4.1	0h:6m:38s (0h:4m:23s left)
 128 K2P          13092.549   part1.2+part2.2+part3.2	0h:6m:43s (0h:4m:21s left)
 129 K2P+G4       13259.927   part1.2+part2.3+part3.2	0h:6m:44s (0h:4m:16s left)
 130 K2P+I        13089.529   part1.2+part3.1+part3.2	0h:6m:45s (0h:4m:12s left)
 131 K3P+G4       13194.324   part1.2+part3.2+part5.3	0h:6m:46s (0h:4m:8s left)
 132 TIM2e+I      13264.931   part1.2+part3.2+part4.3	0h:6m:46s (0h:4m:3s left)
 133 K3P+I+G4     13227.369   part1.2+part3.2+part3.3	0h:6m:48s (0h:3m:59s left)
Merging part2.3+part3.3 with BIC score: 13056.047 (LnL: -6061.401  df: 128)
 134 K2P+G4       13158.965   part2.3+part3.3+part5.2	0h:6m:58s (0h:4m:0s left)
 135 TPM2+F+G4    13167.721   part2.3+part3.3+part4.2	0h:7m:0s (0h:3m:56s left)
 136 TPM2+F+G4    13152.851   part2.3+part3.3+part5.1	0h:7m:1s (0h:3m:52s left)
 137 K2P+G4       13091.191   part1.3+part2.3+part3.3	0h:7m:3s (0h:3m:48s left)
 138 TPM2u+F+G4   13115.502   part2.1+part2.3+part3.3	0h:7m:4s (0h:3m:44s left)
 139 TPM2u+F+G4   13136.122   part1.1+part2.3+part3.3	0h:7m:4s (0h:3m:40s left)
 140 TPM2+F+G4    13054.273   part2.3+part3.3+part5.3	0h:7m:6s (0h:3m:36s left)
 141 TPM2+F+G4    13055.163   part2.3+part3.3+part4.3	0h:7m:7s (0h:3m:32s left)
 142 HKY+F+G4     13231.520   part2.2+part2.3+part3.3	0h:7m:11s (0h:3m:29s left)
 143 TPM2u+F+G4   13274.510   part1.2+part2.3+part3.2+part3.3	0h:7m:13s (0h:3m:26s left)
 144 TPM2u+F+G4   13139.797   part2.3+part3.1+part3.3	0h:7m:14s (0h:3m:22s left)
 145 TPM2+F+G4    13087.449   part2.3+part3.3+part4.1	0h:7m:15s (0h:3m:18s left)
Merging part2.1+part4.1 with BIC score: 13021.444 (LnL: -6069.618  df: 121)
 146 K2P+G4       13047.296   part1.3+part2.1+part4.1	0h:7m:23s (0h:3m:17s left)
 147 HKY+F+I      13029.676   part2.1+part2.2+part4.1	0h:7m:25s (0h:3m:13s left)
 148 K2P+I        13012.842   part2.1+part4.1+part5.1	0h:7m:26s (0h:3m:10s left)
 149 K2P+I        13008.369   part2.1+part4.1+part5.2	0h:7m:27s (0h:3m:6s left)
 150 TVM+F+G4     13109.551   part2.1+part4.1+part4.3	0h:7m:27s (0h:3m:2s left)
 151 TPM2u+F+G4   13054.128   part2.1+part4.1+part5.3	0h:7m:29s (0h:2m:58s left)
 152 TIM2+F+G4    13008.711   part1.1+part2.1+part4.1	0h:7m:30s (0h:2m:54s left)
 153 TPM2+F+G4    13105.679   part2.1+part2.3+part3.3+part4.1	0h:7m:34s (0h:2m:52s left)
 154 TPM2u+F+I    13013.545   part2.1+part3.1+part4.1	0h:7m:35s (0h:2m:48s left)
 155 HKY+F+I      13012.554   part2.1+part4.1+part4.2	0h:7m:35s (0h:2m:44s left)
 156 K2P+I        13055.366   part1.2+part2.1+part3.2+part4.1	0h:7m:35s (0h:2m:40s left)
Merging part3.1+part5.2 with BIC score: 12998.106 (LnL: -6079.822  df: 115)
 157 K2P+I        12981.181   part3.1+part5.1+part5.2	0h:7m:40s (0h:2m:38s left)
 158 K2P+I        12987.268   part2.2+part3.1+part5.2	0h:7m:42s (0h:2m:35s left)
 159 K2P+I        12976.352   part1.1+part3.1+part5.2	0h:7m:44s (0h:2m:31s left)
 160 K2P+I        13110.401   part3.1+part4.3+part5.2	0h:7m:44s (0h:2m:28s left)
 161 HKY+F+G4     13028.286   part1.3+part3.1+part5.2	0h:7m:44s (0h:2m:24s left)
 162 K2P+I        12992.967   part2.1+part3.1+part4.1+part5.2	0h:7m:45s (0h:2m:20s left)
 163 K2P+G4       13040.040   part3.1+part5.2+part5.3	0h:7m:47s (0h:2m:17s left)
 164 K2P+G4       13159.937   part2.3+part3.1+part3.3+part5.2	0h:7m:48s (0h:2m:14s left)
 165 K2P+I        12976.562   part3.1+part4.2+part5.2	0h:7m:49s (0h:2m:10s left)
 166 K2P+I        12996.451   part1.2+part3.1+part3.2+part5.2	0h:7m:49s (0h:2m:7s left)
Merging part1.1+part3.1+part5.2 with BIC score: 12976.352 (LnL: -6083.527  df: 111)
 167 K2P+I        12960.379   part1.1+part3.1+part5.1+part5.2	0h:7m:57s (0h:2m:5s left)
 168 HKY+F+G4     13021.014   part1.1+part1.3+part3.1+part5.2	0h:7m:57s (0h:2m:2s left)
 169 K2P+I        12966.223   part1.1+part2.2+part3.1+part5.2	0h:7m:57s (0h:1m:58s left)
 170 K2P+I        12974.667   part1.1+part1.2+part3.1+part3.2+part5.2	0h:7m:58s (0h:1m:55s left)
 171 K2P+I        12955.625   part1.1+part3.1+part4.2+part5.2	0h:7m:58s (0h:1m:51s left)
 172 K2P+I        12976.343   part1.1+part2.1+part3.1+part4.1+part5.2	0h:7m:58s (0h:1m:48s left)
 173 K2P+G4       13033.698   part1.1+part3.1+part5.2+part5.3	0h:7m:59s (0h:1m:45s left)
 174 K2P+G4       13179.098   part1.1+part2.3+part3.1+part3.3+part5.2	0h:8m:3s (0h:1m:42s left)
 175 TIM2e+G4     13116.654   part1.1+part3.1+part4.3+part5.2	0h:8m:3s (0h:1m:39s left)
Merging part1.1+part3.1+part4.2+part5.2 with BIC score: 12955.625 (LnL: -6084.100  df: 108)
 176 HKY+F+I      13005.531   part1.1+part1.3+part3.1+part4.2+part5.2	0h:8m:11s (0h:1m:37s left)
 177 K2P+I        12939.025   part1.1+part3.1+part4.2+part5.1+part5.2	0h:8m:11s (0h:1m:34s left)
 178 TIM2e+G4     13112.276   part1.1+part3.1+part4.2+part4.3+part5.2	0h:8m:13s (0h:1m:31s left)
 179 K2P+I        12946.190   part1.1+part2.2+part3.1+part4.2+part5.2	0h:8m:13s (0h:1m:28s left)
 180 K2P+I        12957.807   part1.1+part1.2+part3.1+part3.2+part4.2+part5.2	0h:8m:13s (0h:1m:25s left)
 181 K2P+I        12955.133   part1.1+part2.1+part3.1+part4.1+part4.2+part5.2	0h:8m:14s (0h:1m:21s left)
 182 K2P+G4       13019.195   part1.1+part3.1+part4.2+part5.2+part5.3	0h:8m:14s (0h:1m:18s left)
 183 K2P+I+G4     13193.661   part1.1+part2.3+part3.1+part3.3+part4.2+part5.2	0h:8m:17s (0h:1m:16s left)
Merging part1.3+part5.3 with BIC score: 12936.667 (LnL: -6089.203  df: 104)
 184 TIM2e+G4     12936.836   part1.3+part4.3+part5.3	0h:8m:26s (0h:1m:14s left)
 185 HKY+F+G4     12967.525   part1.3+part5.1+part5.3	0h:8m:28s (0h:1m:11s left)
 186 K2P+G4       12987.391   part1.3+part2.1+part4.1+part5.3	0h:8m:29s (0h:1m:8s left)
 187 HKY+F+G4     13058.622   part1.2+part1.3+part3.2+part5.3	0h:8m:29s (0h:1m:5s left)
 188 K2P+G4       13021.636   part1.3+part2.2+part5.3	0h:8m:29s (0h:1m:2s left)
 189 HKY+F+G4     13037.388   part1.1+part1.3+part3.1+part4.2+part5.2+part5.3	0h:8m:31s (0h:0m:59s left)
 190 K2P+G4       12965.834   part1.3+part2.3+part3.3+part5.3	0h:8m:32s (0h:0m:56s left)
Merging part1.1+part3.1+part4.2+part5.1+part5.2 with BIC score: 12920.067 (LnL: -6088.194  df: 102)
 191 TIM2e+G4     13083.126   part1.1+part3.1+part4.2+part4.3+part5.1+part5.2	0h:8m:40s (0h:0m:54s left)
 192 K2P+I        12910.048   part1.1+part2.2+part3.1+part4.2+part5.1+part5.2	0h:8m:41s (0h:0m:51s left)
 193 K2P+I        12924.341   part1.1+part1.2+part3.1+part3.2+part4.2+part5.1+part5.2	0h:8m:41s (0h:0m:48s left)
 194 K2P+I        12918.635   part1.1+part2.1+part3.1+part4.1+part4.2+part5.1+part5.2	0h:8m:41s (0h:0m:45s left)
 195 HKY+F+G4     13024.744   part1.1+part1.3+part3.1+part4.2+part5.1+part5.2+part5.3	0h:8m:43s (0h:0m:42s left)
 196 K2P+I+G4     13178.835   part1.1+part2.3+part3.1+part3.3+part4.2+part5.1+part5.2	0h:8m:45s (0h:0m:40s left)
Merging part1.1+part2.2+part3.1+part4.2+part5.1+part5.2 with BIC score: 12910.048 (LnL: -6090.475  df: 100)
 197 K2P+I        12913.418   part1.1+part1.2+part2.2+part3.1+part3.2+part4.2+part5.1+part5.2	0h:8m:54s (0h:0m:38s left)
 198 TIM2e+G4     13099.913   part1.1+part2.2+part3.1+part4.2+part4.3+part5.1+part5.2	0h:8m:55s (0h:0m:35s left)
 199 K2P+I        12913.222   part1.1+part2.1+part2.2+part3.1+part4.1+part4.2+part5.1+part5.2	0h:8m:55s (0h:0m:32s left)
 200 HKY+F+G4     13039.502   part1.1+part1.3+part2.2+part3.1+part4.2+part5.1+part5.2+part5.3	0h:8m:57s (0h:0m:29s left)
 201 K2P+I+G4     13215.574   part1.1+part2.2+part2.3+part3.1+part3.3+part4.2+part5.1+part5.2	0h:8m:59s (0h:0m:26s left)
Merging part2.3+part3.3+part4.3 with BIC score: 12909.165 (LnL: -6104.616  df: 96)
 202 TPM2+F+G4    13151.070   part1.2+part2.3+part3.2+part3.3+part4.3	0h:9m:11s (0h:0m:24s left)
 203 TIM2e+I+G4   13300.553   part1.1+part2.2+part2.3+part3.1+part3.3+part4.2+part4.3+part5.1+part5.2	0h:9m:13s (0h:0m:21s left)
 204 TIM2e+G4     12936.502   part1.3+part2.3+part3.3+part4.3+part5.3	0h:9m:14s (0h:0m:19s left)
 205 TVM+F+G4     13028.310   part2.1+part2.3+part3.3+part4.1+part4.3	0h:9m:14s (0h:0m:16s left)
BEST-FIT PARTITION MODEL: 
  charpartition BIC = K2P+I: part1.1 part2.2 part3.1 part4.2 part5.1 part5.2, K2P: part1.2 part3.2, HKY+F+G4: part1.3 part5.3, TIM2+F+I: part2.1 part4.1, TPM2+F+G4: part2.3 part3.3 part4.3;
Agglomerative model selection: (((((part1.1,(part3.1,part5.2)4:12998.1)5:12976.4,part4.2)6:12955.6,part5.1)8:12920.1,part2.2)9:12910,(part1.2,part3.2)1:13096.4,(part1.3,part5.3)7:12936.7,(part2.1,part4.1)3:13021.4,((part2.3,part3.3)2:13056,part4.3)10:12909.2)
Merging into 5 partitions...
Partition information was printed to 4_set107.best_scheme.nex
Partition information in Raxml format was printed to 4_set107.best_scheme

All model information printed to 4_set107.model.gz
CPU time for ModelFinder: 349.447 seconds (0h:5m:49s)
Wall-clock time for ModelFinder: 559.219 seconds (0h:9m:19s)
Generating 1000 samples for ultrafast bootstrap (seed: 831940)...

NOTE: 4 MB RAM (0 GB) is required!
Measuring multi-threading efficiency up to 8 CPU cores
Increase to 10 rounds for branch lengths
27 trees examined
Threads: 1 / Time: 8.035 sec / Speedup: 1.000 / Efficiency: 100% / LogL: -10009
Threads: 2 / Time: 25.152 sec / Speedup: 0.319 / Efficiency: 16% / LogL: -10009
BEST NUMBER OF THREADS: 1

Estimate model parameters (epsilon = 0.100)
Initial log-likelihood: -6825.731
Current log-likelihood at step 1: -6243.125
Current log-likelihood at step 2: -6177.462
Current log-likelihood at step 3: -6172.323
Current log-likelihood at step 4: -6168.628
Current log-likelihood at step 5: -6165.839
Current log-likelihood at step 6: -6163.659
Current log-likelihood at step 7: -6161.914
Current log-likelihood at step 8: -6160.478
Current log-likelihood at step 9: -6159.260
Current log-likelihood at step 10: -6158.146
Current log-likelihood at step 11: -6157.069
Current log-likelihood at step 12: -6156.022
Current log-likelihood at step 13: -6155.000
Current log-likelihood at step 14: -6153.997
Current log-likelihood at step 15: -6153.012
Current log-likelihood at step 16: -6152.041
Current log-likelihood at step 17: -6151.081
Current log-likelihood at step 18: -6150.128
Current log-likelihood at step 19: -6149.180
Current log-likelihood at step 20: -6148.234
Current log-likelihood at step 21: -6147.287
Current log-likelihood at step 22: -6146.340
Current log-likelihood at step 23: -6145.388
Current log-likelihood at step 24: -6144.429
Current log-likelihood at step 25: -6143.466
Current log-likelihood at step 26: -6142.502
Current log-likelihood at step 27: -6141.539
Current log-likelihood at step 28: -6137.192
Current log-likelihood at step 29: -6136.834
Current log-likelihood at step 30: -6136.490
Current log-likelihood at step 31: -6136.181
Current log-likelihood at step 32: -6135.876
Current log-likelihood at step 33: -6135.575
Current log-likelihood at step 34: -6135.277
Current log-likelihood at step 35: -6134.982
Current log-likelihood at step 36: -6134.691
Current log-likelihood at step 37: -6134.402
Current log-likelihood at step 38: -6134.116
Current log-likelihood at step 39: -6133.833
Current log-likelihood at step 40: -6133.551
Current log-likelihood at step 41: -6133.272
Current log-likelihood at step 42: -6132.994
Current log-likelihood at step 43: -6132.717
Current log-likelihood at step 44: -6132.442
Current log-likelihood at step 45: -6132.169
Current log-likelihood at step 46: -6131.896
Current log-likelihood at step 47: -6131.623
Current log-likelihood at step 48: -6131.352
Current log-likelihood at step 49: -6131.082
Current log-likelihood at step 50: -6130.812
Current log-likelihood at step 51: -6130.542
Current log-likelihood at step 52: -6130.272
Current log-likelihood at step 53: -6130.002
Current log-likelihood at step 54: -6129.732
Current log-likelihood at step 55: -6129.462
Current log-likelihood at step 56: -6129.191
Current log-likelihood at step 57: -6128.920
Current log-likelihood at step 58: -6128.648
Current log-likelihood at step 59: -6128.375
Current log-likelihood at step 60: -6128.101
Current log-likelihood at step 61: -6127.826
Current log-likelihood at step 62: -6127.550
Current log-likelihood at step 63: -6127.273
Current log-likelihood at step 64: -6126.994
Current log-likelihood at step 65: -6126.713
Current log-likelihood at step 66: -6126.431
Current log-likelihood at step 67: -6126.147
Current log-likelihood at step 68: -6125.861
Current log-likelihood at step 69: -6125.573
Current log-likelihood at step 70: -6125.282
Current log-likelihood at step 71: -6124.990
Current log-likelihood at step 72: -6124.695
Current log-likelihood at step 73: -6124.397
Current log-likelihood at step 74: -6124.097
Current log-likelihood at step 75: -6123.794
Current log-likelihood at step 76: -6123.488
Current log-likelihood at step 77: -6123.178
Current log-likelihood at step 78: -6122.866
Current log-likelihood at step 79: -6122.550
Current log-likelihood at step 80: -6122.230
Current log-likelihood at step 81: -6121.906
Current log-likelihood at step 82: -6121.579
Current log-likelihood at step 83: -6121.248
Current log-likelihood at step 84: -6120.913
Current log-likelihood at step 85: -6120.573
Current log-likelihood at step 86: -6120.230
Current log-likelihood at step 87: -6119.881
Current log-likelihood at step 88: -6119.528
Current log-likelihood at step 89: -6119.170
Current log-likelihood at step 90: -6118.807
Current log-likelihood at step 91: -6118.440
Current log-likelihood at step 92: -6118.067
Current log-likelihood at step 93: -6117.689
Current log-likelihood at step 94: -6117.305
Current log-likelihood at step 95: -6116.917
Current log-likelihood at step 96: -6116.523
Current log-likelihood at step 97: -6116.123
Current log-likelihood at step 98: -6115.717
Current log-likelihood at step 99: -6115.306
Partition-specific rates:  0.218 0.059 1.925 0.568 2.639
Parameters optimization took 99 rounds (17.303 sec)


WARNING: Estimated model parameters are at boundary that can cause numerical instability!

Computing ML distances based on estimated model parameters... 0.043 sec
WARNING: Some pairwise ML distances are too long (saturated)
Computing BIONJ tree...
0.004 seconds
Log-likelihood of BIONJ tree: -6119.520
--------------------------------------------------------------------
|             INITIALIZING CANDIDATE TREE SET                      |
--------------------------------------------------------------------
Generating 98 parsimony trees... 5.359 second
Computing log-likelihood of 98 initial trees ... 12.077 seconds
Current best score: -6108.688

Do NNI search on 20 best initial trees
Estimate model parameters (epsilon = 0.100)
Initial log-likelihood: -6108.330
Current log-likelihood at step 1: -6107.858
Current log-likelihood at step 2: -6107.440
Current log-likelihood at step 3: -6107.019
Current log-likelihood at step 4: -6106.594
Current log-likelihood at step 5: -6106.165
Current log-likelihood at step 6: -6105.732
Current log-likelihood at step 7: -6105.296
Current log-likelihood at step 8: -6104.859
Current log-likelihood at step 9: -6104.420
Current log-likelihood at step 10: -6098.881
Current log-likelihood at step 11: -6098.857
Parameters optimization took 10 rounds (1.752 sec)


WARNING: Estimated model parameters are at boundary that can cause numerical instability!

BETTER TREE FOUND at iteration 1: -6098.857
Iteration 10 / LogL: -6105.475 / Time: 0h:1m:18s
BETTER TREE FOUND at iteration 16: -6098.852
Estimate model parameters (epsilon = 0.100)
Initial log-likelihood: -6098.610
Current log-likelihood at step 1: -6098.540
Parameters optimization took 0 rounds (0.146 sec)


WARNING: Estimated model parameters are at boundary that can cause numerical instability!

BETTER TREE FOUND at iteration 20: -6098.540
Iteration 20 / LogL: -6098.540 / Time: 0h:1m:28s
Finish initializing candidate tree set (10)
Current best tree score: -6098.540 / CPU time: 38.001
Number of iterations: 20
--------------------------------------------------------------------
|               OPTIMIZING CANDIDATE TREE SET                      |
--------------------------------------------------------------------
UPDATE BEST LOG-LIKELIHOOD: -6098.539
Iteration 30 / LogL: -6098.539 / Time: 0h:1m:44s (0h:5m:23s left)
Iteration 40 / LogL: -6100.233 / Time: 0h:1m:59s (0h:4m:5s left)
Iteration 50 / LogL: -6098.864 / Time: 0h:2m:15s (0h:3m:13s left)
Log-likelihood cutoff on original alignment: -6132.636
Iteration 60 / LogL: -6100.233 / Time: 0h:2m:31s (0h:2m:34s left)
UPDATE BEST LOG-LIKELIHOOD: -6098.538
Iteration 70 / LogL: -6098.841 / Time: 0h:2m:45s (0h:1m:59s left)
Iteration 80 / LogL: -6098.863 / Time: 0h:2m:59s (0h:1m:30s left)
Iteration 90 / LogL: -6098.840 / Time: 0h:3m:15s (0h:1m:5s left)
Estimate model parameters (epsilon = 0.100)
Initial log-likelihood: -6098.516
Current log-likelihood at step 1: -6098.489
Parameters optimization took 0 rounds (0.136 sec)


WARNING: Estimated model parameters are at boundary that can cause numerical instability!

BETTER TREE FOUND at iteration 100: -6098.489
Iteration 100 / LogL: -6098.489 / Time: 0h:3m:33s (0h:3m:35s left)
Log-likelihood cutoff on original alignment: -6132.259
NOTE: Bootstrap correlation coefficient of split occurrence frequencies: 0.997
UPDATE BEST LOG-LIKELIHOOD: -6098.488
Iteration 110 / LogL: -6098.930 / Time: 0h:3m:48s (0h:3m:8s left)
Iteration 120 / LogL: -6098.511 / Time: 0h:4m:4s (0h:2m:44s left)
Iteration 130 / LogL: -6098.580 / Time: 0h:4m:20s (0h:2m:21s left)
UPDATE BEST LOG-LIKELIHOOD: -6098.488
Iteration 140 / LogL: -6098.512 / Time: 0h:4m:37s (0h:1m:59s left)
Iteration 150 / LogL: -6098.511 / Time: 0h:4m:52s (0h:1m:38s left)
Log-likelihood cutoff on original alignment: -6132.296
UPDATE BEST LOG-LIKELIHOOD: -6098.488
Iteration 160 / LogL: -6098.509 / Time: 0h:5m:8s (0h:1m:17s left)
UPDATE BEST LOG-LIKELIHOOD: -6098.488
Iteration 170 / LogL: -6098.549 / Time: 0h:5m:21s (0h:0m:57s left)
Iteration 180 / LogL: -6098.504 / Time: 0h:5m:36s (0h:0m:37s left)
Iteration 190 / LogL: -6098.518 / Time: 0h:5m:49s (0h:0m:18s left)
Iteration 200 / LogL: -6098.828 / Time: 0h:6m:4s (0h:0m:0s left)
Log-likelihood cutoff on original alignment: -6132.296
NOTE: Bootstrap correlation coefficient of split occurrence frequencies: 0.993
TREE SEARCH COMPLETED AFTER 201 ITERATIONS / Time: 0h:6m:6s

--------------------------------------------------------------------
|                    FINALIZING TREE SEARCH                        |
--------------------------------------------------------------------
Performs final model parameters optimization
Estimate model parameters (epsilon = 0.010)
Initial log-likelihood: -6098.488
Current log-likelihood at step 1: -6098.461
Current log-likelihood at step 2: -6098.435
Current log-likelihood at step 3: -6098.410
Current log-likelihood at step 4: -6098.385
Current log-likelihood at step 5: -6098.361
Current log-likelihood at step 6: -6098.337
Current log-likelihood at step 7: -6098.313
Current log-likelihood at step 8: -6098.290
Current log-likelihood at step 9: -6098.268
Current log-likelihood at step 10: -6098.245
Current log-likelihood at step 11: -6098.224
Current log-likelihood at step 12: -6098.203
Current log-likelihood at step 13: -6098.185
Current log-likelihood at step 14: -6098.167
Current log-likelihood at step 15: -6098.147
Current log-likelihood at step 16: -6098.130
Current log-likelihood at step 17: -6098.113
Current log-likelihood at step 18: -6098.096
Current log-likelihood at step 19: -6098.080
Current log-likelihood at step 20: -6098.064
Current log-likelihood at step 21: -6098.048
Current log-likelihood at step 22: -6098.033
Current log-likelihood at step 23: -6098.017
Current log-likelihood at step 24: -6098.002
Current log-likelihood at step 25: -6097.987
Current log-likelihood at step 26: -6097.972
Current log-likelihood at step 27: -6097.958
Current log-likelihood at step 28: -6097.943
Current log-likelihood at step 29: -6097.929
Current log-likelihood at step 30: -6097.915
Current log-likelihood at step 31: -6097.901
Current log-likelihood at step 32: -6097.888
Current log-likelihood at step 33: -6097.874
Current log-likelihood at step 34: -6097.861
Current log-likelihood at step 35: -6097.848
Current log-likelihood at step 36: -6097.835
Current log-likelihood at step 37: -6097.823
Current log-likelihood at step 38: -6097.810
Current log-likelihood at step 39: -6097.798
Current log-likelihood at step 40: -6097.785
Current log-likelihood at step 41: -6097.773
Current log-likelihood at step 42: -6097.761
Current log-likelihood at step 43: -6097.750
Current log-likelihood at step 44: -6097.738
Current log-likelihood at step 45: -6097.726
Current log-likelihood at step 46: -6097.715
Current log-likelihood at step 47: -6097.704
Current log-likelihood at step 48: -6097.693
Current log-likelihood at step 49: -6097.682
Current log-likelihood at step 50: -6097.671
Current log-likelihood at step 51: -6097.661
Current log-likelihood at step 52: -6097.650
Current log-likelihood at step 53: -6097.640
Current log-likelihood at step 54: -6097.629
Current log-likelihood at step 55: -6097.619
Current log-likelihood at step 56: -6097.609
Current log-likelihood at step 57: -6097.599
Partition-specific rates:  0.217 0.040 1.862 0.572 2.674
Parameters optimization took 56 rounds (8.937 sec)


WARNING: Estimated model parameters are at boundary that can cause numerical instability!

BEST SCORE FOUND : -6097.599
Creating bootstrap support values...
Split supports printed to NEXUS file 4_set107.splits.nex
Total tree length: 0.649

Total number of iterations: 201
CPU time used for tree search: 66.901 sec (0h:1m:6s)
Wall-clock time used for tree search: 315.455 sec (0h:5m:15s)
Total CPU time used: 79.549 sec (0h:1m:19s)
Total wall-clock time used: 376.333 sec (0h:6m:16s)

Computing bootstrap consensus tree...
Reading input file 4_set107.splits.nex...
37 taxa and 248 splits.
Consensus tree written to 4_set107.contree
Reading input trees file 4_set107.contree
Log-likelihood of consensus tree: -6098.200

Analysis results written to: 
  IQ-TREE report:                4_set107.iqtree
  Maximum-likelihood tree:       4_set107.treefile
  Likelihood distances:          4_set107.mldist
  Best partitioning scheme:      4_set107.best_scheme.nex
           in RAxML format:      4_set107.best_scheme

Ultrafast bootstrap approximation results written to:
  Split support values:          4_set107.splits.nex
  Consensus tree:                4_set107.contree
  Screen log file:               4_set107.log

Date and Time: Fri Sep  7 08:32:42 2018
