IQ-TREE multicore version 1.6.7 for Mac OS X 64-bit built Aug 23 2018
Developed by Bui Quang Minh, Nguyen Lam Tung, Olga Chernomor,
Heiko Schmidt, Dominik Schrempf, Michael Woodhams.

Host:    meeps-mac-pro.staff.sydney.edu.au (AVX, 64 GB RAM)
Command: /Users/davidduchene/Desktop/Software/iqtree-1.6.7-MacOSX/bin/iqtree -s ../../../../marsupials/set273.fasta -m TESTMERGE -bb 1000 -sp ../../../../marsupials/set273.nex -nt AUTO -pre 6_set273
Seed:    526552 (Using SPRNG - Scalable Parallel Random Number Generator)
Time:    Sat Sep  8 13:37:53 2018
Kernel:  AVX - auto-detect threads (8 CPU cores detected)

Reading partition model file ../../../../marsupials/set273.nex ...
Reading alignment file ../../../../marsupials/set273.fasta ... Fasta format detected
Alignment most likely contains DNA/RNA sequences
Alignment has 35 sequences with 3675 columns, 1071 distinct patterns
616 parsimony-informative, 403 singleton sites, 2656 constant sites
                                              Gap/Ambiguity  Composition  p-value
   1  Burramyidae_Burramys_parvus                    14.97%    passed     69.24%
   2  Notoryctidae_Notoryctes_typhlops               29.12%    passed     48.36%
   3  Vombatidae_Lasiorhinus_latifrons               14.78%    passed     93.66%
   4  Potoroidae_Bettongia_penicillata               14.75%    passed     69.38%
   5  Potoroidae_Bettongia_lesueur                   14.78%    passed     69.41%
   6  Dasyuridae_Dasyurus_maculatus                   0.63%    passed      5.39%
   7  Phalangeridae_Trichosurus_vulpecula            14.61%    passed     93.88%
   8  Phalangeridae_Spilocuscus_maculatus            23.29%    passed     88.75%
   9  Potoroidae_Aepyprymnus_rufescens               15.35%    passed     46.66%
  10  Peramelidae_Perameles_nasuta                   41.36%    passed      9.53%
  11  Phalangeridae_Strigocuscus_pelengensis         15.95%    passed     85.25%
  12  Dasyuridae_Phascogale_tapoatafa                18.67%    passed     79.40%
  13  Dasyuridae_Sminthopsis_macroura                 0.60%    passed      5.25%
  14  Phalangeridae_Phalanger_orientalis             14.97%    passed     83.50%
  15  Acrobatidae_Acrobates_pygmaeus                 15.29%    passed     70.69%
  16  Dasyuridae_Phascogale_calura                   15.13%    passed     87.33%
  17  Dasyuridae_Sarcophilus_harrisii                15.27%    passed     87.95%
  18  Dasyuridae_Planigale_tenuirostris              27.48%    passed     63.64%
  19  Peramelidae_Echymipera_kalubu                  14.61%    passed     35.82%
  20  Macropodidae_Dorcopsulus_vanheurni             14.80%    passed     71.30%
  21  Pseudochiridae_Pseudochirulus_forbesi          14.64%    passed     86.25%
  22  Didelphidae_Didelphis_virginiana               14.88%    passed     39.21%
  23  Marmosidae_Monodelphis_domestica               14.86%    passed     29.42%
  24  Dasyuridae_Antechinus_stuartii                 47.59%    failed      0.00%
  25  Hypsiprymnodontidae_Hypsiprymnodon_moschatus   14.78%    passed     63.24%
  26  Microbiotheriidae_Dromiciops_gliroides          4.71%    passed     14.76%
  27  Pseudochiridae_Petauroides_volans               3.02%    passed     54.61%
  28  Macropodidae_Wallabia_bicolor                  14.91%    passed     78.48%
  29  Pseudochiridae_Pseudocheirus_occidentalis      71.46%    failed      0.00%
  30  Tarsipedidae_Tarsipes_rostratus                 2.45%    passed     10.63%
  31  Acrobatidae_Distoechurus_pennatus              14.69%    passed     87.52%
  32  Phalangeridae_Phalanger_carmelitae             14.64%    passed     93.57%
  33  Peramelidae_Peroryctes_raffrayana              41.36%    passed      8.03%
  34  Dasyuridae_Dasyurus_geffroii                   14.75%    passed     86.20%
  35  Peramelidae_Perameles_gunnii                   14.80%    passed     22.74%
WARNING: 1 sequences contain more than 50% gaps/ambiguity
****  TOTAL                                          18.28%  2 sequences failed composition chi2 test (p-value<5%; df=3)
NOTE: No CharPartition defined, use all CharSets

Loading 15 partitions...
Subset	Type	Seqs	Sites	Infor	Invar	Model	Name
1		35	118	12	92	TESTMERGE	part1.1
2		35	118	13	93	TESTMERGE	part1.2
3		35	118	38	57	TESTMERGE	part1.3
4		33	572	40	498	TESTMERGE	part2.1
5		33	572	21	518	TESTMERGE	part2.2
6		33	572	197	262	TESTMERGE	part2.3
7		6	179	4	163	TESTMERGE	part3.1
8		6	179	2	177	TESTMERGE	part3.2
9		6	179	39	96	TESTMERGE	part3.3
10		32	124	15	99	TESTMERGE	part4.1
11		32	124	14	99	TESTMERGE	part4.2
12		32	124	35	63	TESTMERGE	part4.3
13		35	232	39	182	TESTMERGE	part5.1
14		35	232	16	208	TESTMERGE	part5.2
15		35	232	131	49	TESTMERGE	part5.3
Degree of missing data: 0.156
Info: multi-threading strategy over partitions



Create initial parsimony tree by phylogenetic likelihood library (PLL)... 0.009 seconds
NOTE: ModelFinder requires 10 MB RAM!
NUMBER OF THREADS FOR PARTITION FINDING: 8
Testing GTR+F+G on supermatrix...
GTR+F+G4 / LnL: -15174.096 / df: 76 / AIC: 30500.192 / AICc: 30503.444 / BIC: 30972.099
Selecting individual models for 15 charsets using BIC...
 No. Model        Score       Charset
   1 HKY+F+G4     1038.746    part4.2
   2 TN+F+G4      1854.151    part5.1
   3 HKY+F+G4     1693.289    part4.3
   4 HKY+F+I      2884.794    part2.2
   5 TNe+G4       1777.339    part1.3
   6 HKY+F+I      1057.210    part4.1
   7 TN+F         1318.627    part3.3
   8 K2P          716.724     part3.1
   9 HKY+F+I      3454.093    part2.1
  10 TIM2+F+G4    1114.948    part1.2	0h:0m:11s (0h:3m:42s left)
  11 JC+I         579.857     part3.2	0h:0m:12s (0h:3m:51s left)
  12 TIM+F+G4     5055.777    part5.3	0h:0m:12s (0h:3m:32s left)
  13 K3Pu+F+G4    1096.159    part1.1	0h:0m:12s (0h:3m:15s left)
  14 HKY+F+G4     1407.913    part5.2	0h:0m:12s (0h:3m:1s left)
  15 TN+F+G4      7634.144    part2.3	0h:0m:14s (0h:3m:13s left)
Full partition model BIC score: 35190.065 (LnL: -14011.669  df:873)
Merging models to increase model fit (about 211 total partition schemes)...
  16 TN+F+G4      35038.804   part2.1+part2.3	0h:0m:24s (0h:5m:4s left)
  17 TN+F+G4      34881.850   part2.3+part5.1	0h:0m:25s (0h:4m:50s left)
  18 TN+F+G4      34782.310   part2.3+part4.1	0h:0m:25s (0h:4m:34s left)
  19 HKY+F+G4     34785.629   part2.3+part4.2	0h:0m:25s (0h:4m:18s left)
  20 HKY+F+G4     35075.275   part2.2+part2.3	0h:0m:25s (0h:4m:7s left)
  21 TN+F+G4      34776.007   part1.3+part2.3	0h:0m:27s (0h:4m:12s left)
  22 HKY+F+G4     34739.207   part2.3+part4.3	0h:0m:28s (0h:4m:3s left)
  23 TN+F+G4      34879.486   part2.3+part5.3	0h:0m:31s (0h:4m:21s left)
  24 HKY+F+G4     34760.260   part1.2+part2.3	0h:0m:40s (0h:5m:15s left)
  25 TN+F+G4      34767.721   part1.1+part2.3	0h:0m:40s (0h:5m:1s left)
  26 HKY+F+G4     34867.021   part2.3+part5.2	0h:0m:42s (0h:5m:2s left)
  27 TIM+F+I+G4   35076.623   part2.1+part5.3	0h:0m:42s (0h:4m:50s left)
  28 HKY+F+G4     35212.667   part2.3+part3.1	0h:0m:42s (0h:4m:39s left)
  29 HKY+F+G4     35218.744   part2.3+part3.2	0h:0m:44s (0h:4m:41s left)
  30 TN+F+G4      35344.079   part2.3+part3.3	0h:0m:46s (0h:4m:38s left)
  31 GTR+F+I+G4   35191.662   part2.2+part5.3	0h:0m:48s (0h:4m:40s left)
  32 TNe+G4       34809.000   part4.3+part5.3	0h:0m:51s (0h:4m:48s left)
  33 TIMe+G4      34847.728   part4.2+part5.3	0h:0m:53s (0h:4m:47s left)
  34 TIMe+G4      34724.086   part1.3+part5.3	0h:0m:53s (0h:4m:37s left)
  35 HKY+F+I      34761.000   part2.1+part2.2	0h:0m:55s (0h:4m:41s left)
  36 TIM+F+G4     34861.796   part5.1+part5.3	0h:0m:55s (0h:4m:31s left)
  37 TIMe+G4      34953.366   part5.2+part5.3	0h:0m:55s (0h:4m:22s left)
  38 TIMe+G4      34839.543   part4.1+part5.3	0h:0m:57s (0h:4m:21s left)
  39 TNe+G4       34777.953   part1.2+part5.3	0h:1m:2s (0h:4m:34s left)
  40 TN+F+G4      34876.007   part2.1+part4.3	0h:1m:7s (0h:4m:48s left)
  41 TN+F+I       34708.702   part2.1+part5.1	0h:1m:8s (0h:4m:43s left)
  42 TIM+F+G4     34762.813   part1.1+part5.3	0h:1m:9s (0h:4m:38s left)
  43 TIMe+G4      35232.849   part3.2+part5.3	0h:1m:10s (0h:4m:35s left)
  44 TIMe+G4      35172.160   part3.1+part5.3	0h:1m:12s (0h:4m:34s left)
  45 TIM+F+G4     35136.126   part3.3+part5.3	0h:1m:12s (0h:4m:26s left)
  46 TN+F+I+G4    34843.302   part1.3+part2.1	0h:1m:12s (0h:4m:19s left)
  47 HKY+F+G4     34864.263   part2.2+part4.3	0h:1m:17s (0h:4m:28s left)
  48 HKY+F+I      34754.965   part2.1+part4.2	0h:1m:18s (0h:4m:27s left)
  49 HKY+F+I      34728.555   part2.1+part4.1	0h:1m:20s (0h:4m:26s left)
  50 HKY+F+I      34685.741   part1.1+part2.1	0h:1m:23s (0h:4m:27s left)
  51 HKY+F+I      34798.394   part2.2+part5.1	0h:1m:24s (0h:4m:24s left)
  52 TIM2+F+I+G4  34860.846   part1.3+part2.2	0h:1m:25s (0h:4m:22s left)
  53 TN+F+I       34703.148   part1.2+part2.1	0h:1m:25s (0h:4m:16s left)
  54 HKY+F+I      34721.386   part2.1+part5.2	0h:1m:27s (0h:4m:13s left)
  55 TPM2u+F+I    34746.838   part2.2+part4.1	0h:1m:27s (0h:4m:9s left)
  56 HKY+F+G4     34722.377   part2.2+part4.2	0h:1m:29s (0h:4m:6s left)
  57 TPM2+F+G4    34694.529   part1.2+part2.2	0h:1m:29s (0h:4m:1s left)
  58 TPM2u+F+I    34701.599   part2.2+part5.2	0h:1m:30s (0h:3m:58s left)
  59 HKY+F+I      34718.636   part1.1+part2.2	0h:1m:32s (0h:3m:59s left)
  60 TN+F+G4      35401.131   part2.1+part3.3	0h:1m:33s (0h:3m:55s left)
  61 TN+F+I       35159.700   part2.1+part3.1	0h:1m:33s (0h:3m:50s left)
  62 TN+F+G4      34823.546   part4.3+part5.1	0h:1m:35s (0h:3m:49s left)
  63 TN+F+G4      34773.062   part1.3+part4.3	0h:1m:36s (0h:3m:45s left)
  64 HKY+F+I      35164.635   part2.1+part3.2	0h:1m:38s (0h:3m:45s left)
  65 TN+F+G4      34759.572   part1.3+part5.1	0h:1m:42s (0h:3m:49s left)
  66 HKY+F+G4     34749.223   part4.2+part4.3	0h:1m:42s (0h:3m:44s left)
  67 HKY+F+G4     34750.444   part4.1+part4.3	0h:1m:43s (0h:3m:42s left)
  68 TPM2u+F+G4   35421.067   part2.2+part3.3	0h:1m:44s (0h:3m:39s left)
  69 TPM2u+F+G4   34743.216   part1.2+part4.3	0h:1m:46s (0h:3m:38s left)
  70 TNe+G4       34769.454   part1.3+part4.2	0h:1m:46s (0h:3m:34s left)
  71 TNe+G4       34753.318   part1.3+part4.1	0h:1m:46s (0h:3m:30s left)
  72 HKY+F+G4     34797.061   part4.3+part5.2	0h:1m:48s (0h:3m:29s left)
  73 K2P+G4       34740.341   part1.1+part4.3	0h:1m:48s (0h:3m:25s left)
  74 HKY+F+I      35168.663   part2.2+part3.1	0h:1m:50s (0h:3m:25s left)
  75 TN+F+G4      34773.000   part1.3+part5.2	0h:1m:52s (0h:3m:24s left)
  76 TPM2u+F+I    35183.811   part2.2+part3.2	0h:1m:54s (0h:3m:23s left)
  77 TNe+G4       34685.774   part1.2+part1.3	0h:1m:56s (0h:3m:21s left)
  78 TN+F+G4      34711.740   part4.1+part5.1	0h:1m:56s (0h:3m:19s left)
  79 TN+F+G4      34689.372   part5.1+part5.2	0h:1m:56s (0h:3m:15s left)
  80 TN+F+G4      34745.829   part4.2+part5.1	0h:1m:56s (0h:3m:11s left)
  81 TNe+G4       34694.535   part1.1+part1.3	0h:1m:59s (0h:3m:11s left)
  82 HKY+F+G4     34695.664   part4.1+part4.2	0h:2m:1s (0h:3m:10s left)
  83 TN+F+G4      34671.178   part1.2+part5.1	0h:2m:3s (0h:3m:10s left)
  84 TN+F+G4      34649.866   part1.1+part5.1	0h:2m:5s (0h:3m:9s left)
  85 TPM2u+F+G4   34701.734   part1.2+part4.1	0h:2m:7s (0h:3m:9s left)
  86 HKY+F+G4     34710.825   part4.2+part5.2	0h:2m:9s (0h:3m:8s left)
  87 TIM2+F+G4    34700.435   part1.2+part4.2	0h:2m:9s (0h:3m:5s left)
  88 HKY+F+G4     34687.003   part1.1+part4.1	0h:2m:11s (0h:3m:4s left)
  89 HKY+F+G4     34697.634   part4.1+part5.2	0h:2m:11s (0h:3m:0s left)
  90 HKY+F+G4     34706.534   part1.1+part4.2	0h:2m:13s (0h:2m:59s left)
  91 K2P+G4       35226.529   part3.3+part4.3	0h:2m:14s (0h:2m:57s left)
  92 TN+F+G4      34641.785   part1.1+part1.2	0h:2m:16s (0h:2m:55s left)
  93 TIM2+F+G4    34654.480   part1.2+part5.2	0h:2m:16s (0h:2m:52s left)
  94 HKY+F+G4     34673.277   part1.1+part5.2	0h:2m:18s (0h:2m:52s left)
  95 K2P+G4       35144.599   part3.1+part4.3	0h:2m:22s (0h:2m:53s left)
  96 HKY+F+G4     35174.066   part3.2+part4.3	0h:2m:22s (0h:2m:50s left)
  97 K2P+G4       35162.724   part3.2+part5.1	0h:2m:24s (0h:2m:50s left)
  98 TN+F+G4      35193.067   part1.3+part3.3	0h:2m:25s (0h:2m:47s left)
  99 TNe+G4       35156.688   part1.3+part3.2	0h:2m:26s (0h:2m:45s left)
 100 TN+F+G4      35135.139   part3.1+part5.1	0h:2m:26s (0h:2m:42s left)
 101 TNe+G4       35124.263   part1.3+part3.1	0h:2m:26s (0h:2m:40s left)
 102 TN+F+G4      35276.882   part3.3+part5.1	0h:2m:28s (0h:2m:39s left)
 103 K2P+I        35235.984   part3.3+part4.1	0h:2m:30s (0h:2m:38s left)
 104 K2P+I        35117.828   part3.1+part4.1	0h:2m:31s (0h:2m:35s left)
 105 TPM2u+F+G4   35130.321   part3.1+part4.2	0h:2m:33s (0h:2m:34s left)
 106 K2P+G4       35137.077   part3.2+part4.2	0h:2m:33s (0h:2m:31s left)
 107 K2P+G4       35232.348   part3.3+part4.2	0h:2m:35s (0h:2m:30s left)
 108 K2P+I        35120.250   part3.2+part4.1	0h:2m:35s (0h:2m:28s left)
 109 TIM2e+I      35231.235   part1.2+part3.3	0h:2m:37s (0h:2m:27s left)
 110 TN+F+G4      35226.016   part1.1+part3.3	0h:2m:37s (0h:2m:24s left)
 111 K2P+G4       35310.839   part3.3+part5.2	0h:2m:39s (0h:2m:23s left)
 112 TNe+G4       35106.843   part1.2+part3.1	0h:2m:39s (0h:2m:20s left)
 113 K2P+G4       35139.953   part3.1+part5.2	0h:2m:39s (0h:2m:18s left)
 114 K2P+G4       35112.599   part1.1+part3.1	0h:2m:40s (0h:2m:16s left)
 115 HKY+F+I      35136.545   part3.2+part5.2	0h:2m:41s (0h:2m:14s left)
 116 K2P          35136.221   part3.1+part3.2	0h:2m:41s (0h:2m:12s left)
 117 K2P+G4       35116.730   part1.1+part3.2	0h:2m:41s (0h:2m:9s left)
 118 HKY+F+G4     35209.184   part3.1+part3.3	0h:2m:41s (0h:2m:7s left)
 119 HKY+F+I      35295.396   part3.2+part3.3	0h:2m:41s (0h:2m:4s left)
 120 TIM2e+G4     35113.471   part1.2+part3.2	0h:2m:41s (0h:2m:2s left)
Merging part1.1+part1.2 with BIC score: 34641.785 (LnL: -14041.274  df: 799)
 121 TN+F+G4      34565.963   part1.1+part1.2+part3.1	0h:2m:45s (0h:2m:3s left)
 122 TPM2u+F+G4   34131.944   part1.1+part1.2+part5.2	0h:2m:45s (0h:2m:1s left)
 123 TN+F+G4      34163.454   part1.1+part1.2+part4.2	0h:2m:48s (0h:2m:0s left)
 124 K2P+G4       34209.501   part1.1+part1.2+part4.3	0h:2m:49s (0h:1m:59s left)
 125 TN+F+G4      34122.675   part1.1+part1.2+part5.1	0h:2m:49s (0h:1m:56s left)
 126 TN+F+G4      34161.954   part1.1+part1.2+part2.1	0h:2m:50s (0h:1m:55s left)
 127 TPM2u+F+G4   34181.908   part1.1+part1.2+part2.2	0h:2m:52s (0h:1m:53s left)
 128 K2P+G4       34569.001   part1.1+part1.2+part3.2	0h:2m:52s (0h:1m:52s left)
 129 HKY+F+G4     34151.582   part1.1+part1.2+part4.1	0h:2m:54s (0h:1m:50s left)
 130 TNe+G4       34173.561   part1.1+part1.2+part1.3	0h:2m:54s (0h:1m:48s left)
 131 TIM2+F+G4    34721.006   part1.1+part1.2+part3.3	0h:2m:55s (0h:1m:47s left)
 132 TIM+F+G4     34310.825   part1.1+part1.2+part5.3	0h:2m:55s (0h:1m:45s left)
 133 TN+F+G4      34285.343   part1.1+part1.2+part2.3	0h:2m:56s (0h:1m:43s left)
Merging part1.1+part1.2+part5.1 with BIC score: 34122.675 (LnL: -14081.359  df: 726)
 134 TN+F+G4      33624.648   part1.1+part1.2+part5.1+part5.2	0h:3m:4s (0h:1m:45s left)
 135 TN+F+G4      34053.844   part1.1+part1.2+part3.1+part5.1	0h:3m:5s (0h:1m:44s left)
 136 TN+F+G4      33665.144   part1.1+part1.2+part4.2+part5.1	0h:3m:6s (0h:1m:43s left)
 137 TN+F+G4      33741.770   part1.1+part1.2+part2.2+part5.1	0h:3m:7s (0h:1m:41s left)
 138 TN+F+G4      33752.582   part1.1+part1.2+part4.3+part5.1	0h:3m:8s (0h:1m:39s left)
 139 TN+F+G4      33648.284   part1.1+part1.2+part2.1+part5.1	0h:3m:9s (0h:1m:37s left)
 140 TIM+F+G4     33876.518   part1.1+part1.2+part5.1+part5.3	0h:3m:11s (0h:1m:36s left)
 141 TN+F+G4      33636.866   part1.1+part1.2+part4.1+part5.1	0h:3m:11s (0h:1m:34s left)
 142 TN+F+G4      34094.174   part1.1+part1.2+part3.2+part5.1	0h:3m:11s (0h:1m:33s left)
 143 TN+F+G4      33702.488   part1.1+part1.2+part1.3+part5.1	0h:3m:12s (0h:1m:31s left)
 144 TN+F+G4      33880.852   part1.1+part1.2+part2.3+part5.1	0h:3m:12s (0h:1m:29s left)
 145 TN+F+G4      34238.800   part1.1+part1.2+part3.3+part5.1	0h:3m:13s (0h:1m:27s left)
Merging part1.1+part1.2+part5.1+part5.2 with BIC score: 33624.648 (LnL: -14127.880  df: 654)
 146 TN+F+G4      33557.664   part1.1+part1.2+part3.1+part5.1+part5.2	0h:3m:18s (0h:1m:28s left)
 147 TN+F+G4      33162.035   part1.1+part1.2+part4.2+part5.1+part5.2	0h:3m:19s (0h:1m:27s left)
 148 TN+F+G4      33262.691   part1.1+part1.2+part4.3+part5.1+part5.2	0h:3m:22s (0h:1m:26s left)
 149 TN+F+G4      33152.972   part1.1+part1.2+part2.1+part5.1+part5.2	0h:3m:24s (0h:1m:24s left)
 150 TN+F+I+G4    33231.458   part1.1+part1.2+part1.3+part5.1+part5.2	0h:3m:24s (0h:1m:23s left)
 151 TPM2u+F+I+G4 33216.852   part1.1+part1.2+part2.2+part5.1+part5.2	0h:3m:24s (0h:1m:21s left)
 152 TN+F+G4      33132.521   part1.1+part1.2+part4.1+part5.1+part5.2	0h:3m:28s (0h:1m:20s left)
 153 TN+F+G4      33577.120   part1.1+part1.2+part3.2+part5.1+part5.2	0h:3m:30s (0h:1m:19s left)
 154 TIM+F+I+G4   33484.148   part1.1+part1.2+part5.1+part5.2+part5.3	0h:3m:30s (0h:1m:17s left)
 155 TN+F+G4      33795.631   part1.1+part1.2+part3.3+part5.1+part5.2	0h:3m:32s (0h:1m:16s left)
 156 TN+F+G4      33450.774   part1.1+part1.2+part2.3+part5.1+part5.2	0h:3m:32s (0h:1m:14s left)
Merging part4.1+part4.2 with BIC score: 33130.247 (LnL: -14151.587  df: 588)
 157 HKY+F+G4     33074.841   part3.1+part4.1+part4.2	0h:3m:38s (0h:1m:15s left)
 158 HKY+F+G4     32714.109   part4.1+part4.2+part4.3	0h:3m:39s (0h:1m:13s left)
 159 HKY+F+I      32704.097   part2.1+part4.1+part4.2	0h:3m:40s (0h:1m:12s left)
 160 TN+F+G4      32668.526   part1.1+part1.2+part4.1+part4.2+part5.1+part5.2	0h:3m:41s (0h:1m:10s left)
 161 HKY+F+G4     32692.363   part2.2+part4.1+part4.2	0h:3m:42s (0h:1m:9s left)
 162 TN+F+G4      32747.828   part1.3+part4.1+part4.2	0h:3m:43s (0h:1m:7s left)
 163 HKY+F+G4     33082.253   part3.2+part4.1+part4.2	0h:3m:43s (0h:1m:5s left)
 164 TIMe+G4      32879.183   part4.1+part4.2+part5.3	0h:3m:45s (0h:1m:4s left)
 165 K2P+G4       33222.603   part3.3+part4.1+part4.2	0h:3m:46s (0h:1m:3s left)
 166 TN+F+G4      32780.985   part2.3+part4.1+part4.2	0h:3m:47s (0h:1m:1s left)
Merging part1.1+part1.2+part2.1+part5.1+part5.2 with BIC score: 32658.571 (LnL: -14194.865  df: 520)
 167 TN+F+I+G4    32615.586   part1.1+part1.2+part2.1+part3.2+part5.1+part5.2	0h:3m:54s (0h:1m:1s left)
 168 TN+F+G4      32597.542   part1.1+part1.2+part2.1+part3.1+part5.1+part5.2	0h:3m:54s (0h:1m:0s left)
 169 TN+F+I+G4    32262.717   part1.1+part1.2+part2.1+part2.2+part5.1+part5.2	0h:3m:56s (0h:0m:58s left)
 170 TN+F+I+G4    32323.197   part1.1+part1.2+part2.1+part4.3+part5.1+part5.2	0h:3m:57s (0h:0m:57s left)
 171 TN+F+I+G4    32278.538   part1.1+part1.2+part1.3+part2.1+part5.1+part5.2	0h:3m:57s (0h:0m:55s left)
 172 TN+F+G4      32872.441   part1.1+part1.2+part2.1+part3.3+part5.1+part5.2	0h:3m:58s (0h:0m:54s left)
 173 TIM+F+I+G4   32595.613   part1.1+part1.2+part2.1+part5.1+part5.2+part5.3	0h:4m:1s (0h:0m:52s left)
 174 TN+F+G4      32606.272   part1.1+part1.2+part2.1+part2.3+part5.1+part5.2	0h:4m:1s (0h:0m:51s left)
 175 TN+F+I+G4    32207.389   part1.1+part1.2+part2.1+part4.1+part4.2+part5.1+part5.2	0h:4m:2s (0h:0m:49s left)
Merging part1.3+part5.3 with BIC score: 32192.593 (LnL: -14261.516  df: 447)
 176 TIMe+G4      32224.313   part1.3+part3.2+part5.3	0h:4m:11s (0h:0m:50s left)
 177 TIMe+G4      31805.817   part1.3+part4.3+part5.3	0h:4m:11s (0h:0m:48s left)
 178 TIMe+G4      32165.983   part1.3+part3.1+part5.3	0h:4m:12s (0h:0m:46s left)
 179 TIMe+G4      31922.976   part1.3+part4.1+part4.2+part5.3	0h:4m:13s (0h:0m:45s left)
 180 TIM+F+G4     32171.061   part1.3+part3.3+part5.3	0h:4m:13s (0h:0m:43s left)
 181 GTR+F+I+G4   32204.153   part1.3+part2.2+part5.3	0h:4m:14s (0h:0m:42s left)
 182 TIM+F+I+G4   32155.578   part1.1+part1.2+part1.3+part2.1+part5.1+part5.2+part5.3	0h:4m:17s (0h:0m:41s left)
 183 TN+F+G4      31889.737   part1.3+part2.3+part5.3	0h:4m:17s (0h:0m:39s left)
Merging part1.1+part1.2+part2.1+part4.1+part4.2+part5.1+part5.2 with BIC score: 31741.411 (LnL: -14302.727  df: 382)
 184 TN+F+I+G4    31696.854   part1.1+part1.2+part2.1+part3.2+part4.1+part4.2+part5.1+part5.2	0h:4m:28s (0h:0m:39s left)
 185 TN+F+I+G4    31681.613   part1.1+part1.2+part2.1+part3.1+part4.1+part4.2+part5.1+part5.2	0h:4m:28s (0h:0m:37s left)
 186 TN+F+I+G4    31400.201   part1.1+part1.2+part2.1+part4.1+part4.2+part4.3+part5.1+part5.2	0h:4m:30s (0h:0m:36s left)
 187 TN+F+I+G4    31965.315   part1.1+part1.2+part2.1+part3.3+part4.1+part4.2+part5.1+part5.2	0h:4m:31s (0h:0m:34s left)
 188 TN+F+I+G4    31341.518   part1.1+part1.2+part2.1+part2.2+part4.1+part4.2+part5.1+part5.2	0h:4m:31s (0h:0m:33s left)
 189 TN+F+G4      31678.207   part1.1+part1.2+part2.1+part2.3+part4.1+part4.2+part5.1+part5.2	0h:4m:34s (0h:0m:31s left)
 190 TIM+F+I+G4   31721.987   part1.1+part1.2+part1.3+part2.1+part4.1+part4.2+part5.1+part5.2+part5.3	0h:4m:34s (0h:0m:30s left)
Merging part2.3+part4.3 with BIC score: 31290.552 (LnL: -14344.101  df: 317)
 191 HKY+F+G4     31304.120   part2.3+part3.2+part4.3	0h:4m:46s (0h:0m:30s left)
 192 HKY+F+G4     31301.489   part2.3+part3.1+part4.3	0h:4m:46s (0h:0m:28s left)
 193 HKY+F+G4     31205.424   part2.2+part2.3+part4.3	0h:4m:46s (0h:0m:26s left)
 194 HKY+F+G4     31443.013   part2.3+part3.3+part4.3	0h:4m:48s (0h:0m:25s left)
 195 TN+F+G4      30996.597   part1.3+part2.3+part4.3+part5.3	0h:4m:49s (0h:0m:23s left)
 196 TN+F+G4      31275.044   part1.1+part1.2+part2.1+part2.3+part4.1+part4.2+part4.3+part5.1+part5.2	0h:4m:50s (0h:0m:22s left)
Merging part1.1+part1.2+part2.1+part2.2+part4.1+part4.2+part5.1+part5.2 with BIC score: 30890.660 (LnL: -14423.271  df: 249)
 197 TN+F+I+G4    30827.564   part1.1+part1.2+part2.1+part2.2+part3.1+part4.1+part4.2+part5.1+part5.2	0h:4m:59s (0h:0m:21s left)
 198 TN+F+I+G4    30843.410   part1.1+part1.2+part2.1+part2.2+part3.2+part4.1+part4.2+part5.1+part5.2	0h:4m:59s (0h:0m:19s left)
 199 TN+F+I+G4    31138.591   part1.1+part1.2+part2.1+part2.2+part3.3+part4.1+part4.2+part5.1+part5.2	0h:5m:0s (0h:0m:18s left)
 200 TIM+F+I+G4   30961.191   part1.1+part1.2+part1.3+part2.1+part2.2+part4.1+part4.2+part5.1+part5.2+part5.3	0h:5m:4s (0h:0m:16s left)
 201 TN+F+I+G4    30964.886   part1.1+part1.2+part2.1+part2.2+part2.3+part4.1+part4.2+part4.3+part5.1+part5.2	0h:5m:4s (0h:0m:15s left)
Merging part1.3+part2.3+part4.3+part5.3 with BIC score: 30596.705 (LnL: -14555.410  df: 181)
 202 TN+F+G4      30611.546   part1.3+part2.3+part3.2+part4.3+part5.3	0h:5m:18s (0h:0m:14s left)
 203 TN+F+G4      30581.806   part1.3+part2.3+part3.1+part4.3+part5.3	0h:5m:18s (0h:0m:12s left)
 204 TN+F+G4      30663.170   part1.3+part2.3+part3.3+part4.3+part5.3	0h:5m:19s (0h:0m:10s left)
 205 TN+F+I+G4    30881.596   part1.1+part1.2+part1.3+part2.1+part2.2+part2.3+part4.1+part4.2+part4.3+part5.1+part5.2+part5.3	0h:5m:22s (0h:0m:9s left)
Merging part1.1+part1.2+part2.1+part2.2+part3.1+part4.1+part4.2+part5.1+part5.2 with BIC score: 30533.608 (LnL: -14564.908  df: 171)
 206 TN+F+I+G4    30486.701   part1.1+part1.2+part2.1+part2.2+part3.1+part3.2+part4.1+part4.2+part5.1+part5.2	0h:5m:30s (0h:0m:8s left)
 207 TN+F+I+G4    30778.186   part1.1+part1.2+part2.1+part2.2+part3.1+part3.3+part4.1+part4.2+part5.1+part5.2	0h:5m:30s (0h:0m:6s left)
 208 TN+F+I+G4    30820.858   part1.1+part1.2+part1.3+part2.1+part2.2+part2.3+part3.1+part4.1+part4.2+part4.3+part5.1+part5.2+part5.3	0h:5m:40s (0h:0m:4s left)
Merging part1.1+part1.2+part2.1+part2.2+part3.1+part3.2+part4.1+part4.2+part5.1+part5.2 with BIC score: 30486.701 (LnL: -14582.501  df: 161)
 209 TN+F+I+G4    30739.840   part1.1+part1.2+part2.1+part2.2+part3.1+part3.2+part3.3+part4.1+part4.2+part5.1+part5.2	0h:5m:48s (0h:0m:3s left)
 210 TN+F+I+G4    30788.294   part1.1+part1.2+part1.3+part2.1+part2.2+part2.3+part3.1+part3.2+part4.1+part4.2+part4.3+part5.1+part5.2+part5.3	0h:5m:57s (0h:0m:1s left)
BEST-FIT PARTITION MODEL: 
  charpartition BIC = TN+F+I+G4: part1.1 part1.2 part2.1 part2.2 part3.1 part3.2 part4.1 part4.2 part5.1 part5.2, TN+F+G4: part1.3 part2.3 part4.3 part5.3, TN+F: part3.3;
Agglomerative model selection: (((((((((part1.1,part1.2)1:34641.8,part5.1)2:34122.7,part5.2)3:33624.6,part2.1)5:32658.6,(part4.1,part4.2)4:33130.2)7:31741.4,part2.2)9:30890.7,part3.1)11:30533.6,part3.2)12:30486.7,((part1.3,part5.3)6:32192.6,(part2.3,part4.3)8:31290.6)10:30596.7,part3.3)
Merging into 3 partitions...
Partition information was printed to 6_set273.best_scheme.nex
Partition information in Raxml format was printed to 6_set273.best_scheme

All model information printed to 6_set273.model.gz
CPU time for ModelFinder: 496.770 seconds (0h:8m:16s)
Wall-clock time for ModelFinder: 357.485 seconds (0h:5m:57s)
Generating 1000 samples for ultrafast bootstrap (seed: 526552)...

NOTE: 9 MB RAM (0 GB) is required!
Measuring multi-threading efficiency up to 8 CPU cores
Increase to 10 rounds for branch lengths
45 trees examined
Threads: 1 / Time: 8.110 sec / Speedup: 1.000 / Efficiency: 100% / LogL: -21249
Threads: 2 / Time: 4.544 sec / Speedup: 1.785 / Efficiency: 89% / LogL: -21249
Threads: 3 / Time: 4.328 sec / Speedup: 1.874 / Efficiency: 62% / LogL: -21249
Threads: 4 / Time: 18.608 sec / Speedup: 0.436 / Efficiency: 11% / LogL: -21249
BEST NUMBER OF THREADS: 2

Estimate model parameters (epsilon = 0.100)
Optimizing TN+F+G4 parameters for partition part1.3+part2.3+part4.3+part5.3 (73 free parameters)
Optimizing TN+F+I+G4 parameters for partition part1.1+part1.2+part2.1+part2.2+part3.1+part3.2+part4.1+part4.2+part5.1+part5.2 (74 free parameters)
Optimizing TN+F parameters for partition part3.3 (14 free parameters)
Optimal log-likelihood: -14584.952
Computing ML distances based on estimated model parameters... 0.050 sec
Computing BIONJ tree...
0.002 seconds
Log-likelihood of BIONJ tree: -14612.337
--------------------------------------------------------------------
|             INITIALIZING CANDIDATE TREE SET                      |
--------------------------------------------------------------------
Generating 98 parsimony trees... 1.786 second
Computing log-likelihood of 98 initial trees ... 3.248 seconds
Current best score: -14584.396

Do NNI search on 20 best initial trees
Estimate model parameters (epsilon = 0.100)
BETTER TREE FOUND at iteration 1: -14577.419
Iteration 10 / LogL: -14577.450 / Time: 0h:0m:51s
Iteration 20 / LogL: -14581.511 / Time: 0h:0m:58s
Finish initializing candidate tree set (5)
Current best tree score: -14577.419 / CPU time: 18.340
Number of iterations: 20
--------------------------------------------------------------------
|               OPTIMIZING CANDIDATE TREE SET                      |
--------------------------------------------------------------------
Iteration 30 / LogL: -14577.472 / Time: 0h:1m:4s (0h:2m:37s left)
UPDATE BEST LOG-LIKELIHOOD: -14577.416
Iteration 40 / LogL: -14578.024 / Time: 0h:1m:10s (0h:1m:50s left)
Iteration 50 / LogL: -14577.497 / Time: 0h:1m:16s (0h:1m:19s left)
Log-likelihood cutoff on original alignment: -14626.271
Iteration 60 / LogL: -14577.608 / Time: 0h:1m:22s (0h:0m:57s left)
Iteration 70 / LogL: -14577.423 / Time: 0h:1m:29s (0h:0m:40s left)
Iteration 80 / LogL: -14578.728 / Time: 0h:1m:35s (0h:0m:25s left)
Iteration 90 / LogL: -14577.609 / Time: 0h:1m:40s (0h:0m:12s left)
Iteration 100 / LogL: -14577.446 / Time: 0h:1m:46s (0h:0m:1s left)
Log-likelihood cutoff on original alignment: -14626.271
NOTE: Bootstrap correlation coefficient of split occurrence frequencies: 1.000
TREE SEARCH COMPLETED AFTER 102 ITERATIONS / Time: 0h:1m:47s

--------------------------------------------------------------------
|                    FINALIZING TREE SEARCH                        |
--------------------------------------------------------------------
Performs final model parameters optimization
Estimate model parameters (epsilon = 0.010)
Optimizing TN+F+G4 parameters for partition part1.3+part2.3+part4.3+part5.3 (73 free parameters)
Optimizing TN+F+I+G4 parameters for partition part1.1+part1.2+part2.1+part2.2+part3.1+part3.2+part4.1+part4.2+part5.1+part5.2 (74 free parameters)
Optimizing TN+F parameters for partition part3.3 (14 free parameters)
Optimal log-likelihood: -14577.415
BEST SCORE FOUND : -14577.415
Creating bootstrap support values...
Split supports printed to NEXUS file 6_set273.splits.nex
Total tree length: 0.609

Total number of iterations: 102
CPU time used for tree search: 49.253 sec (0h:0m:49s)
Wall-clock time used for tree search: 66.835 sec (0h:1m:6s)
Total CPU time used: 77.739 sec (0h:1m:17s)
Total wall-clock time used: 107.854 sec (0h:1m:47s)

Computing bootstrap consensus tree...
Reading input file 6_set273.splits.nex...
35 taxa and 149 splits.
Consensus tree written to 6_set273.contree
Reading input trees file 6_set273.contree
Log-likelihood of consensus tree: -14578.018

Analysis results written to: 
  IQ-TREE report:                6_set273.iqtree
  Maximum-likelihood tree:       6_set273.treefile
  Likelihood distances:          6_set273.mldist
  Best partitioning scheme:      6_set273.best_scheme.nex
           in RAxML format:      6_set273.best_scheme

Ultrafast bootstrap approximation results written to:
  Split support values:          6_set273.splits.nex
  Consensus tree:                6_set273.contree
  Screen log file:               6_set273.log

Date and Time: Sat Sep  8 13:45:39 2018
