IQ-TREE multicore version 1.6.7 for Mac OS X 64-bit built Aug 23 2018
Developed by Bui Quang Minh, Nguyen Lam Tung, Olga Chernomor,
Heiko Schmidt, Dominik Schrempf, Michael Woodhams.

Host:    meeps-mac-pro.staff.sydney.edu.au (AVX, 64 GB RAM)
Command: /Users/davidduchene/Desktop/Software/iqtree-1.6.7-MacOSX/bin/iqtree -s ../../../../marsupials/set140.fasta -m TESTMERGE -bb 1000 -q ../../../../marsupials/set140.nex -nt AUTO -pre 2_set140
Seed:    112943 (Using SPRNG - Scalable Parallel Random Number Generator)
Time:    Fri Sep  7 11:42:27 2018
Kernel:  AVX - auto-detect threads (8 CPU cores detected)

Reading partition model file ../../../../marsupials/set140.nex ...
Reading alignment file ../../../../marsupials/set140.fasta ... Fasta format detected
Alignment most likely contains DNA/RNA sequences
WARNING: 2 sites contain only gaps or ambiguous characters.
Alignment has 37 sequences with 1794 columns, 789 distinct patterns
444 parsimony-informative, 216 singleton sites, 1134 constant sites
                                              Gap/Ambiguity  Composition  p-value
   1  Peramelidae_Isoodon_obesulus1                  78.15%    passed     88.17%
   2  Burramyidae_Burramys_parvus                     1.51%    passed     97.07%
   3  Notoryctidae_Notoryctes_typhlops                6.35%    passed     87.66%
   4  Vombatidae_Lasiorhinus_latifrons                1.51%    passed     95.92%
   5  Potoroidae_Bettongia_penicillata                0.39%    passed     61.64%
   6  Potoroidae_Bettongia_lesueur                    0.39%    passed     66.65%
   7  Dasyuridae_Dasyurus_maculatus                   0.33%    passed     83.02%
   8  Phalangeridae_Trichosurus_vulpecula             7.08%    passed     87.41%
   9  Phalangeridae_Spilocuscus_maculatus             6.97%    passed     83.04%
  10  Potoroidae_Aepyprymnus_rufescens                0.33%    passed     80.43%
  11  Peramelidae_Perameles_nasuta                    2.01%    passed     99.34%
  12  Phalangeridae_Strigocuscus_pelengensis         11.15%    passed     95.75%
  13  Dasyuridae_Phascogale_tapoatafa                 0.45%    passed     97.44%
  14  Dasyuridae_Sminthopsis_macroura                 1.67%    passed     87.81%
  15  Phalangeridae_Phalanger_orientalis              7.08%    passed     87.24%
  16  Acrobatidae_Acrobates_pygmaeus                  1.06%    passed     91.25%
  17  Dasyuridae_Phascogale_calura                    0.33%    passed     98.70%
  18  Dasyuridae_Sarcophilus_harrisii                 0.33%    passed     65.04%
  19  Dasyuridae_Planigale_tenuirostris              15.05%    passed     91.52%
  20  Peramelidae_Echymipera_kalubu                  25.47%    passed     93.71%
  21  Macropodidae_Dorcopsulus_vanheurni              0.67%    passed     90.24%
  22  Pseudochiridae_Pseudochirulus_forbesi           0.78%    passed     99.99%
  23  Didelphidae_Didelphis_virginiana                2.62%    passed     81.41%
  24  Marmosidae_Monodelphis_domestica                4.35%    passed     21.49%
  25  Dasyuridae_Antechinus_stuartii                  2.90%    passed     94.59%
  26  Hypsiprymnodontidae_Hypsiprymnodon_moschatus    0.33%    passed     81.66%
  27  Microbiotheriidae_Dromiciops_gliroides          7.47%    passed     71.50%
  28  Pseudochiridae_Petauroides_volans               2.62%    passed     94.08%
  29  Macropodidae_Wallabia_bicolor                   1.00%    passed     78.29%
  30  Pseudochiridae_Pseudocheirus_occidentalis       2.12%    passed     99.83%
  31  Tarsipedidae_Tarsipes_rostratus                 4.52%    passed     48.01%
  32  Acrobatidae_Distoechurus_pennatus               0.33%    passed     94.53%
  33  Phalangeridae_Phalanger_carmelitae              7.02%    passed     62.51%
  34  Peramelidae_Isoodon_obesulus2                  78.15%    passed     88.17%
  35  Peramelidae_Peroryctes_raffrayana              11.71%    passed     63.41%
  36  Dasyuridae_Dasyurus_geffroii                    0.84%    passed     79.01%
  37  Peramelidae_Perameles_gunnii                   10.93%    passed     78.76%
WARNING: 2 sequences contain more than 50% gaps/ambiguity
****  TOTAL                                           8.27%  0 sequences failed composition chi2 test (p-value<5%; df=3)
NOTE: No CharPartition defined, use all CharSets

Loading 15 partitions...
Subset	Type	Seqs	Sites	Infor	Invar	Model	Name
1		35	86	11	68	TESTMERGE	part1.1
2		35	86	7	73	TESTMERGE	part1.2
3		35	86	57	19	TESTMERGE	part1.3
4		35	87	4	76	TESTMERGE	part2.1
5		35	87	4	82	TESTMERGE	part2.2
6		35	87	32	40	TESTMERGE	part2.3
7		37	144	5	125	TESTMERGE	part3.1
8		37	144	1	138	TESTMERGE	part3.2
9		37	144	62	60	TESTMERGE	part3.3
10		35	218	74	110	TESTMERGE	part4.1
11		35	218	62	129	TESTMERGE	part4.2
12		35	218	101	84	TESTMERGE	part4.3
13		35	63	2	52	TESTMERGE	part5.1
14		35	63	0	55	TESTMERGE	part5.2
WARNING: No parsimony-informative sites in partition part5.2
15		35	63	22	23	TESTMERGE	part5.3
Degree of missing data: 0.041
Info: multi-threading strategy over partitions

NOTE: Peramelidae_Isoodon_obesulus2 is identical to Peramelidae_Isoodon_obesulus1 but kept for subsequent analysis


Create initial parsimony tree by phylogenetic likelihood library (PLL)... 0.007 seconds
NOTE: ModelFinder requires 8 MB RAM!
NUMBER OF THREADS FOR PARTITION FINDING: 8
Testing GTR+F+G on supermatrix...
GTR+F+G4 / LnL: -10352.839 / df: 80 / AIC: 20865.678 / AICc: 20873.244 / BIC: 21305.054
Selecting individual models for 15 charsets using BIC...
 No. Model        Score       Charset
   1 K2P+G4       1248.709    part2.3
   2 K2P+G4       3914.327    part4.3
   3 K2P+G4       3077.818    part4.1
   4 K2P+G4       2277.920    part3.3
   5 K2P+I+G4     2277.171    part1.3
   6 K2P+G4       2734.763    part4.2
   7 HKY+F+G4     974.027     part5.3
   8 HKY+F+G4     656.571     part1.1
   9 TNe+I+G4     740.786     part3.1
  10 F81+F+I+G4   455.701     part2.1	0h:0m:19s (0h:6m:29s left)
  11 JC+I+G4      548.042     part3.2	0h:0m:20s (0h:6m:5s left)
  12 TVMe+G4      372.093     part5.1	0h:0m:20s (0h:5m:34s left)
  13 TNe+I+G4     525.339     part1.2	0h:0m:20s (0h:5m:7s left)
  14 JC+I+G4      322.589     part5.2	0h:0m:20s (0h:4m:54s left)
  15 K2P+I+G4     396.943     part2.2	0h:0m:22s (0h:4m:56s left)
Full partition model BIC score: 21194.478 (LnL: -10151.453  df:119)
Merging models to increase model fit (about 211 total partition schemes)...
  16 K2P+G4       21189.189   part2.3+part4.3	0h:0m:29s (0h:5m:58s left)
  17 K2P+G4       21194.795   part3.3+part4.1	0h:0m:30s (0h:5m:45s left)
  18 TIM3+F+G4    21190.507   part4.1+part4.2	0h:0m:32s (0h:5m:45s left)
  19 K2P+G4       21195.033   part3.3+part4.3	0h:0m:32s (0h:5m:26s left)
  20 K2P+G4       21179.896   part4.1+part4.3	0h:0m:34s (0h:5m:26s left)
  21 K2P+I+G4     21193.716   part1.3+part4.3	0h:0m:35s (0h:5m:16s left)
  22 K2P+G4       21186.843   part4.2+part4.3	0h:0m:35s (0h:5m:2s left)
  23 K2P+G4       21194.673   part3.3+part4.2	0h:0m:35s (0h:4m:53s left)
  24 K2P+G4       21229.112   part3.1+part4.3	0h:0m:40s (0h:5m:13s left)
  25 K2P+G4       21206.002   part4.3+part5.3	0h:0m:42s (0h:5m:17s left)
  26 K2P+I+G4     21191.336   part1.3+part4.1	0h:0m:44s (0h:5m:17s left)
  27 K2P+I+G4     21287.861   part3.2+part4.3	0h:0m:45s (0h:5m:7s left)
  28 K2P+G4       21189.938   part2.3+part4.1	0h:0m:45s (0h:4m:57s left)
  29 K2P+I+G4     21182.874   part1.3+part3.3	0h:0m:46s (0h:4m:49s left)
  30 K2P+G4       21223.909   part3.1+part4.1	0h:0m:47s (0h:4m:48s left)
  31 HKY+F+I+G4   21181.957   part1.3+part4.2	0h:0m:50s (0h:4m:50s left)
  32 K2P+G4       21205.604   part4.1+part5.3	0h:0m:51s (0h:4m:47s left)
  33 K2P+I+G4     21278.267   part3.2+part4.1	0h:0m:51s (0h:4m:39s left)
  34 K2P+G4       21206.676   part2.1+part4.3	0h:0m:53s (0h:4m:36s left)
  35 K2P+G4       21184.525   part1.1+part4.3	0h:0m:53s (0h:4m:28s left)
  36 K2P+G4       21199.606   part4.3+part5.2	0h:0m:53s (0h:4m:21s left)
  37 K2P+G4       21186.131   part4.3+part5.1	0h:0m:54s (0h:4m:15s left)
  38 K2P+G4       21179.710   part2.3+part3.3	0h:0m:55s (0h:4m:13s left)
  39 K2P+G4       21196.450   part1.2+part4.3	0h:0m:57s (0h:4m:11s left)
  40 K2P+G4       21231.024   part2.2+part4.3	0h:0m:59s (0h:4m:12s left)
  41 K2P+G4       21191.635   part2.3+part4.2	0h:0m:59s (0h:4m:7s left)
  42 K2P+G4       21231.006   part3.1+part3.3	0h:1m:1s (0h:4m:8s left)
  43 K2P+I+G4     21291.541   part3.2+part3.3	0h:1m:3s (0h:4m:8s left)
  44 K2P+G4       21183.154   part3.3+part5.3	0h:1m:3s (0h:4m:2s left)
  45 TN+F+I+G4    21210.241   part3.1+part4.2	0h:1m:8s (0h:4m:11s left)
  46 K2P+I+G4     21252.439   part3.2+part4.2	0h:1m:10s (0h:4m:13s left)
  47 K2P+G4       21203.098   part2.1+part4.1	0h:1m:12s (0h:4m:13s left)
  48 TN+F+G4      21207.732   part4.2+part5.3	0h:1m:14s (0h:4m:12s left)
  49 K2P+G4       21181.861   part1.1+part4.1	0h:1m:15s (0h:4m:9s left)
  50 K2P+G4       21197.112   part4.1+part5.2	0h:1m:16s (0h:4m:6s left)
  51 K2P+G4       21193.260   part1.2+part4.1	0h:1m:18s (0h:4m:6s left)
  52 K2P+G4       21184.324   part4.1+part5.1	0h:1m:18s (0h:4m:1s left)
  53 K2P+G4       21225.577   part2.2+part4.1	0h:1m:22s (0h:4m:5s left)
  54 K2P+G4       21216.334   part2.1+part3.3	0h:1m:22s (0h:4m:0s left)
  55 K2P+G4       21202.627   part3.3+part5.2	0h:1m:23s (0h:3m:56s left)
  56 K2P+G4       21184.339   part1.1+part3.3	0h:1m:25s (0h:3m:56s left)
  57 K2P+G4       21194.564   part1.2+part3.3	0h:1m:26s (0h:3m:53s left)
  58 K2P+G4       21186.630   part3.3+part5.1	0h:1m:27s (0h:3m:50s left)
  59 K2P+I+G4     21195.670   part2.1+part4.2	0h:1m:28s (0h:3m:48s left)
  60 TN+F+G4      21178.427   part1.1+part4.2	0h:1m:29s (0h:3m:45s left)
  61 K2P+I+G4     21191.059   part4.2+part5.2	0h:1m:31s (0h:3m:43s left)
  62 K2P+G4       21233.002   part2.2+part3.3	0h:1m:32s (0h:3m:41s left)
  63 K2P+I+G4     21183.979   part1.2+part4.2	0h:1m:32s (0h:3m:38s left)
  64 K2P+I+G4     21184.242   part1.3+part2.3	0h:1m:33s (0h:3m:34s left)
  65 TIM3+F+G4    21181.077   part4.2+part5.1	0h:1m:33s (0h:3m:30s left)
  66 K2P+I+G4     21209.300   part2.2+part4.2	0h:1m:35s (0h:3m:30s left)
  67 HKY+F+I+G4   21202.494   part1.3+part3.1	0h:1m:39s (0h:3m:34s left)
  68 K2P+G4       21228.395   part2.3+part3.1	0h:1m:41s (0h:3m:34s left)
  69 K3P+G4       21189.859   part2.3+part5.3	0h:1m:42s (0h:3m:29s left)
  70 K2P+I+G4     21284.513   part2.3+part3.2	0h:1m:42s (0h:3m:25s left)
  71 HKY+F+I+G4   21251.607   part1.3+part3.2	0h:1m:43s (0h:3m:23s left)
  72 TPM2u+F+I+G4 21183.761   part1.3+part5.3	0h:1m:44s (0h:3m:21s left)
  73 TN+F+G4      21226.791   part3.1+part5.3	0h:1m:48s (0h:3m:24s left)
  74 K2P+I+G4     21176.154   part1.2+part1.3	0h:1m:50s (0h:3m:25s left)
  75 K2P+I+G4     21195.663   part1.3+part2.1	0h:1m:50s (0h:3m:21s left)
  76 HKY+F+I+G4   21173.578   part1.1+part1.3	0h:1m:52s (0h:3m:19s left)
  77 K2P+I+G4     21186.957   part1.3+part5.2	0h:1m:52s (0h:3m:15s left)
  78 HKY+F+I+G4   21174.359   part1.3+part5.1	0h:1m:53s (0h:3m:13s left)
  79 K3Pu+F+I+G4  21285.561   part3.2+part5.3	0h:1m:54s (0h:3m:11s left)
  80 TN+F+I+G4    21202.102   part3.1+part3.2	0h:1m:55s (0h:3m:8s left)
  81 K2P+I+G4     21203.028   part1.3+part2.2	0h:1m:56s (0h:3m:7s left)
  82 K2P+G4       21187.190   part2.3+part5.1	0h:1m:57s (0h:3m:4s left)
  83 K2P+G4       21214.622   part2.1+part2.3	0h:1m:57s (0h:3m:1s left)
  84 K2P+G4       21202.771   part2.3+part5.2	0h:1m:58s (0h:2m:59s left)
  85 K2P+G4       21184.350   part1.1+part2.3	0h:1m:58s (0h:2m:56s left)
  86 K2P+G4       21194.277   part1.2+part2.3	0h:2m:2s (0h:2m:58s left)
  87 TN+F+G4      21191.626   part1.1+part5.3	0h:2m:4s (0h:2m:57s left)
  88 TN+F+I+G4    21186.353   part2.1+part3.1	0h:2m:5s (0h:2m:55s left)
  89 HKY+F+I+G4   21213.120   part1.1+part3.2	0h:2m:8s (0h:2m:55s left)
  90 TIM2+F+I+G4  21189.182   part1.1+part3.1	0h:2m:10s (0h:2m:55s left)
  91 TN+F+G4      21224.264   part2.1+part5.3	0h:2m:10s (0h:2m:52s left)
  92 K2P+G4       21229.948   part2.2+part2.3	0h:2m:12s (0h:2m:51s left)
  93 TNe+I+G4     21180.015   part3.1+part5.2	0h:2m:12s (0h:2m:48s left)
  94 JC+I+G4      21177.214   part2.1+part3.2	0h:2m:13s (0h:2m:46s left)
  95 TIM2+F+I+G4  21168.588   part3.1+part5.1	0h:2m:15s (0h:2m:45s left)
  96 TNe+G4       21207.819   part5.2+part5.3	0h:2m:16s (0h:2m:42s left)
  97 TN+F+G4      21189.301   part5.1+part5.3	0h:2m:18s (0h:2m:43s left)
  98 K3P+G4       21196.336   part1.2+part5.3	0h:2m:20s (0h:2m:42s left)
  99 K3P+G4       21232.701   part2.2+part5.3	0h:2m:26s (0h:2m:45s left)
 100 JC+I+G4      21184.963   part3.2+part5.2	0h:2m:26s (0h:2m:42s left)
 101 HKY+F+I+G4   21186.704   part1.1+part2.1	0h:2m:30s (0h:2m:44s left)
 102 K2P+I+G4     21194.670   part1.2+part3.2	0h:2m:30s (0h:2m:41s left)
 103 K2P+I+G4     21195.503   part3.2+part5.1	0h:2m:33s (0h:2m:40s left)
 104 TNe+I+G4     21175.980   part1.2+part3.1	0h:2m:33s (0h:2m:37s left)
 105 K2P+I+G4     21184.929   part2.2+part3.1	0h:2m:33s (0h:2m:35s left)
 106 TNe+I+G4     21183.127   part1.1+part5.2	0h:2m:36s (0h:2m:35s left)
 107 JC+I+G4      21182.426   part2.2+part3.2	0h:2m:36s (0h:2m:32s left)
 108 F81+F+I+G4   21175.132   part2.1+part5.2	0h:2m:37s (0h:2m:30s left)
 109 HKY+F+G4     21163.897   part1.1+part5.1	0h:2m:41s (0h:2m:30s left)
 110 TNe+I+G4     21170.356   part1.1+part1.2	0h:2m:41s (0h:2m:27s left)
 111 K2P+I+G4     21179.583   part1.2+part2.1	0h:2m:41s (0h:2m:25s left)
 112 JC+I+G4      21175.710   part2.1+part5.1	0h:2m:42s (0h:2m:23s left)
 113 TNe+I+G4     21185.349   part1.1+part2.2	0h:2m:43s (0h:2m:21s left)
 114 K2P+I+G4     21178.981   part5.1+part5.2	0h:2m:44s (0h:2m:19s left)
 115 JC+I+G4      21172.845   part2.1+part2.2	0h:2m:44s (0h:2m:17s left)
 116 TNe+I+G4     21176.839   part1.2+part5.2	0h:2m:46s (0h:2m:16s left)
 117 TNe+I+G4     21172.277   part1.2+part5.1	0h:2m:47s (0h:2m:14s left)
 118 K2P+I+G4     21177.197   part2.2+part5.1	0h:2m:49s (0h:2m:13s left)
 119 K2P+I+G4     21178.070   part2.2+part5.2	0h:2m:49s (0h:2m:11s left)
 120 K2P+I+G4     21174.204   part1.2+part2.2	0h:2m:50s (0h:2m:9s left)
Merging part1.1+part5.1 with BIC score: 21163.897 (LnL: -10154.893  df: 114)
 121 K2P+G4       21171.268   part1.1+part2.3+part5.1	0h:2m:57s (0h:2m:11s left)
 122 K2P+G4       21172.566   part1.1+part3.3+part5.1	0h:2m:59s (0h:2m:10s left)
 123 K2P+G4       21173.660   part1.1+part4.3+part5.1	0h:3m:1s (0h:2m:9s left)
 124 TIM3+F+G4    21176.123   part1.1+part4.1+part5.1	0h:3m:1s (0h:2m:7s left)
 125 HKY+F+I+G4   21145.752   part1.1+part1.3+part5.1	0h:3m:2s (0h:2m:5s left)
 126 TIM3+F+G4    21151.042   part1.1+part4.2+part5.1	0h:3m:2s (0h:2m:3s left)
 127 HKY+F+I+G4   21185.193   part1.1+part3.2+part5.1	0h:3m:6s (0h:2m:3s left)
 128 TN+F+G4      21166.821   part1.1+part5.1+part5.3	0h:3m:9s (0h:2m:2s left)
 129 TPM3u+F+I+G4 21161.523   part1.1+part2.1+part5.1	0h:3m:9s (0h:2m:0s left)
 130 TNe+I+G4     21164.551   part1.1+part2.2+part5.1	0h:3m:9s (0h:1m:58s left)
 131 HKY+F+I+G4   21162.541   part1.1+part5.1+part5.2	0h:3m:10s (0h:1m:56s left)
 132 TNe+I+G4     21148.677   part1.1+part1.2+part5.1	0h:3m:10s (0h:1m:53s left)
 133 TIM2+F+I+G4  21148.397   part1.1+part3.1+part5.1	0h:3m:10s (0h:1m:51s left)
Merging part2.1+part2.2 with BIC score: 21142.265 (LnL: -10166.553  df: 108)
 134 K2P+I+G4     21171.610   part1.3+part2.1+part2.2	0h:3m:16s (0h:1m:52s left)
 135 K2P+I+G4     21172.339   part2.1+part2.2+part4.2	0h:3m:16s (0h:1m:50s left)
 136 K2P+I+G4     21212.516   part2.1+part2.2+part3.3	0h:3m:17s (0h:1m:48s left)
 137 K2P+I+G4     21196.334   part2.1+part2.2+part4.1	0h:3m:17s (0h:1m:46s left)
 138 K2P+I+G4     21205.549   part2.1+part2.2+part4.3	0h:3m:18s (0h:1m:45s left)
 139 JC+I+G4      21127.530   part2.1+part2.2+part5.2	0h:3m:20s (0h:1m:43s left)
 140 K2P+I+G4     21205.909   part2.1+part2.2+part2.3	0h:3m:25s (0h:1m:44s left)
 141 JC+I+G4      21134.028   part2.1+part2.2+part3.2	0h:3m:25s (0h:1m:42s left)
 142 K2P+I+G4     21130.963   part1.2+part2.1+part2.2	0h:3m:26s (0h:1m:40s left)
 143 K2P+I+G4     21205.550   part2.1+part2.2+part5.3	0h:3m:26s (0h:1m:38s left)
 144 K2P+I+G4     21151.025   part1.1+part2.1+part2.2+part5.1	0h:3m:27s (0h:1m:36s left)
 145 K2P+I+G4     21138.098   part2.1+part2.2+part3.1	0h:3m:27s (0h:1m:34s left)
Merging part1.2+part3.1 with BIC score: 21123.766 (LnL: -10172.289  df: 104)
 146 K2P+I+G4     21168.762   part1.2+part3.1+part3.3	0h:3m:34s (0h:1m:35s left)
 147 K2P+I+G4     21131.668   part1.2+part1.3+part3.1	0h:3m:35s (0h:1m:33s left)
 148 K2P+I+G4     21172.245   part1.2+part3.1+part4.3	0h:3m:36s (0h:1m:32s left)
 149 K2P+I+G4     21138.335   part1.2+part3.1+part4.2	0h:3m:37s (0h:1m:30s left)
 150 K2P+I+G4     21163.608   part1.2+part3.1+part4.1	0h:3m:38s (0h:1m:28s left)
 151 TNe+I+G4     21159.276   part1.2+part3.1+part5.3	0h:3m:38s (0h:1m:26s left)
 152 K2P+I+G4     21164.754   part1.2+part2.3+part3.1	0h:3m:44s (0h:1m:26s left)
 153 TNe+I+G4     21131.405   part1.2+part3.1+part3.2	0h:3m:44s (0h:1m:25s left)
 154 TNe+I+G4     21109.004   part1.2+part3.1+part5.2	0h:3m:44s (0h:1m:23s left)
 155 HKY+F+I+G4   21120.117   part1.1+part1.2+part3.1+part5.1	0h:3m:45s (0h:1m:21s left)
 156 K2P+I+G4     21120.036   part1.2+part2.1+part2.2+part3.1	0h:3m:49s (0h:1m:21s left)
Merging part1.1+part1.3+part5.1 with BIC score: 21105.621 (LnL: -10170.708  df: 102)
 157 K2P+I+G4     21112.437   part1.1+part1.3+part2.3+part5.1	0h:3m:58s (0h:1m:22s left)
 158 HKY+F+I+G4   21103.273   part1.1+part1.3+part5.1+part5.2	0h:4m:0s (0h:1m:20s left)
 159 HKY+F+I+G4   21141.714   part1.1+part1.3+part2.1+part2.2+part5.1	0h:4m:2s (0h:1m:19s left)
 160 HKY+F+I+G4   21101.568   part1.1+part1.3+part5.1+part5.3	0h:4m:3s (0h:1m:17s left)
 161 TPM3u+F+I+G4 21113.519   part1.1+part1.3+part4.1+part5.1	0h:4m:3s (0h:1m:15s left)
 162 HKY+F+I+G4   21114.388   part1.1+part1.3+part3.3+part5.1	0h:4m:4s (0h:1m:13s left)
 163 K2P+I+G4     21124.947   part1.1+part1.3+part4.3+part5.1	0h:4m:4s (0h:1m:11s left)
 164 TIM3+F+I+G4  21088.341   part1.1+part1.3+part4.2+part5.1	0h:4m:5s (0h:1m:10s left)
 165 HKY+F+I+G4   21108.361   part1.1+part1.2+part1.3+part3.1+part5.1	0h:4m:11s (0h:1m:10s left)
 166 HKY+F+I+G4   21149.800   part1.1+part1.3+part3.2+part5.1	0h:4m:12s (0h:1m:8s left)
Merging part1.1+part1.3+part4.2+part5.1 with BIC score: 21088.341 (LnL: -10162.068  df: 102)
 167 TN+F+I+G4    21099.611   part1.1+part1.3+part2.3+part4.2+part5.1	0h:4m:24s (0h:1m:9s left)
 168 HKY+F+I+G4   21126.764   part1.1+part1.3+part2.1+part2.2+part4.2+part5.1	0h:4m:24s (0h:1m:7s left)
 169 TN+F+I+G4    21085.983   part1.1+part1.3+part4.2+part5.1+part5.2	0h:4m:25s (0h:1m:5s left)
 170 TIM2+F+I+G4  21089.253   part1.1+part1.3+part4.2+part5.1+part5.3	0h:4m:26s (0h:1m:4s left)
 171 TIM3+F+I+G4  21079.122   part1.1+part1.3+part4.1+part4.2+part5.1	0h:4m:27s (0h:1m:2s left)
 172 HKY+F+I+G4   21094.143   part1.1+part1.2+part1.3+part3.1+part4.2+part5.1	0h:4m:28s (0h:1m:0s left)
 173 K2P+I+G4     21106.436   part1.1+part1.3+part4.2+part4.3+part5.1	0h:4m:29s (0h:0m:59s left)
 174 TIM3+F+I+G4  21097.167   part1.1+part1.3+part3.3+part4.2+part5.1	0h:4m:29s (0h:0m:57s left)
 175 HKY+F+I+G4   21139.367   part1.1+part1.3+part3.2+part4.2+part5.1	0h:4m:37s (0h:0m:57s left)
Merging part2.3+part3.3 with BIC score: 21073.573 (LnL: -10162.176  df: 100)
 176 K2P+G4       21083.757   part2.3+part3.3+part5.2	0h:4m:43s (0h:0m:56s left)
 177 K2P+G4       21181.451   part2.3+part3.2+part3.3	0h:4m:43s (0h:0m:54s left)
 178 K2P+G4       21154.940   part2.1+part2.2+part2.3+part3.3	0h:4m:44s (0h:0m:52s left)
 179 K2P+G4       21128.259   part1.2+part2.3+part3.1+part3.3	0h:4m:44s (0h:0m:50s left)
 180 K2P+G4       21062.918   part2.3+part3.3+part5.3	0h:4m:44s (0h:0m:49s left)
 181 K2P+G4       21077.874   part2.3+part3.3+part4.1	0h:4m:45s (0h:0m:47s left)
 182 K2P+G4       21078.453   part2.3+part3.3+part4.3	0h:4m:46s (0h:0m:45s left)
 183 HKY+F+I+G4   21097.700   part1.1+part1.3+part2.3+part3.3+part4.2+part5.1	0h:4m:51s (0h:0m:44s left)
Merging part1.2+part3.1+part5.2 with BIC score: 21058.810 (LnL: -10162.287  df: 98)
 184 K2P+I+G4     21129.008   part1.2+part2.3+part3.1+part3.3+part5.2	0h:4m:58s (0h:0m:43s left)
 185 K2P+I+G4     21117.838   part1.2+part3.1+part4.3+part5.2	0h:4m:59s (0h:0m:42s left)
 186 K2P+I+G4     21106.647   part1.2+part3.1+part4.1+part5.2	0h:5m:0s (0h:0m:40s left)
 187 TNe+I+G4     21100.266   part1.2+part3.1+part5.2+part5.3	0h:5m:2s (0h:0m:38s left)
 188 K2P+I+G4     21052.351   part1.2+part2.1+part2.2+part3.1+part5.2	0h:5m:4s (0h:0m:37s left)
 189 HKY+F+I+G4   21074.111   part1.1+part1.2+part1.3+part3.1+part4.2+part5.1+part5.2	0h:5m:5s (0h:0m:35s left)
 190 TNe+I+G4     21067.414   part1.2+part3.1+part3.2+part5.2	0h:5m:8s (0h:0m:34s left)
Merging part4.1+part4.3 with BIC score: 21044.228 (LnL: -10162.488  df: 96)
 191 K2P+I+G4     21110.406   part2.1+part2.2+part4.1+part4.3	0h:5m:18s (0h:0m:33s left)
 192 K2P+G4       21058.676   part4.1+part4.3+part5.3	0h:5m:19s (0h:0m:31s left)
 193 K2P+I+G4     21140.663   part3.2+part4.1+part4.3	0h:5m:19s (0h:0m:29s left)
 194 K2P+I+G4     21108.465   part1.2+part3.1+part4.1+part4.3+part5.2	0h:5m:21s (0h:0m:28s left)
 195 K2P+G4       21055.037   part2.3+part3.3+part4.1+part4.3	0h:5m:22s (0h:0m:26s left)
 196 TVM+F+I+G4   21069.316   part1.1+part1.3+part4.1+part4.2+part4.3+part5.1	0h:5m:25s (0h:0m:24s left)
Merging part2.3+part3.3+part5.3 with BIC score: 21033.573 (LnL: -10175.891  df: 91)
 197 K2P+G4       21121.920   part2.1+part2.2+part2.3+part3.3+part5.3	0h:5m:32s (0h:0m:23s left)
 198 K2P+G4       21147.204   part2.3+part3.2+part3.3+part5.3	0h:5m:32s (0h:0m:21s left)
 199 K2P+G4       21110.399   part1.2+part2.3+part3.1+part3.3+part5.2+part5.3	0h:5m:33s (0h:0m:20s left)
 200 K2P+G4       21060.344   part2.3+part3.3+part4.1+part4.3+part5.3	0h:5m:38s (0h:0m:18s left)
 201 HKY+F+I+G4   21063.717   part1.1+part1.3+part2.3+part3.3+part4.2+part5.1+part5.3	0h:5m:39s (0h:0m:16s left)
Merging part2.1+part2.2+part3.2 with BIC score: 21025.336 (LnL: -10179.265  df: 89)
 202 K2P+I+G4     21206.662   part2.1+part2.2+part2.3+part3.2+part3.3+part5.3	0h:5m:47s (0h:0m:15s left)
 203 K2P+I+G4     21174.228   part2.1+part2.2+part3.2+part4.1+part4.3	0h:5m:50s (0h:0m:13s left)
 204 HKY+F+I+G4   21112.717   part1.1+part1.3+part2.1+part2.2+part3.2+part4.2+part5.1	0h:5m:53s (0h:0m:12s left)
 205 K2P+I+G4     21026.858   part1.2+part2.1+part2.2+part3.1+part3.2+part5.2	0h:5m:54s (0h:0m:10s left)
BEST-FIT PARTITION MODEL: 
  charpartition BIC = TIM3+F+I+G4: part1.1 part1.3 part4.2 part5.1, TNe+I+G4: part1.2 part3.1 part5.2, JC+I+G4: part2.1 part2.2 part3.2, K2P+G4: part2.3 part3.3 part5.3, K2P+G4: part4.1 part4.3;
Agglomerative model selection: ((((part1.1,part5.1)1:21163.9,part1.3)4:21105.6,part4.2)5:21088.3,((part1.2,part3.1)3:21123.8,part5.2)7:21058.8,((part2.1,part2.2)2:21142.3,part3.2)10:21025.3,((part2.3,part3.3)6:21073.6,part5.3)9:21033.6,(part4.1,part4.3)8:21044.2)
Merging into 5 partitions...
Partition information was printed to 2_set140.best_scheme.nex
Partition information in Raxml format was printed to 2_set140.best_scheme

All model information printed to 2_set140.model.gz
CPU time for ModelFinder: 282.796 seconds (0h:4m:42s)
Wall-clock time for ModelFinder: 355.861 seconds (0h:5m:55s)
Generating 1000 samples for ultrafast bootstrap (seed: 112943)...

NOTE: 7 MB RAM (0 GB) is required!
Measuring multi-threading efficiency up to 8 CPU cores
Increase to 10 rounds for branch lengths
11 trees examined
Threads: 1 / Time: 8.489 sec / Speedup: 1.000 / Efficiency: 100% / LogL: -15218
Threads: 2 / Time: 29.622 sec / Speedup: 0.287 / Efficiency: 14% / LogL: -15218
BEST NUMBER OF THREADS: 1

Estimate model parameters (epsilon = 0.100)
Initial log-likelihood: -10769.497
Current log-likelihood at step 1: -10250.875
Current log-likelihood at step 2: -10194.303
Current log-likelihood at step 3: -10159.015
Current log-likelihood at step 4: -10159.006
Parameters optimization took 3 rounds (2.256 sec)

Computing ML distances based on estimated model parameters... 0.065 sec
Computing BIONJ tree...
0.035 seconds
Log-likelihood of BIONJ tree: -10239.512
--------------------------------------------------------------------
|             INITIALIZING CANDIDATE TREE SET                      |
--------------------------------------------------------------------
Generating 98 parsimony trees... 5.917 second
Computing log-likelihood of 98 initial trees ... 18.574 seconds
Current best score: -10159.006

Do NNI search on 20 best initial trees
Estimate model parameters (epsilon = 0.100)
Initial log-likelihood: -10157.464
Current log-likelihood at step 1: -10157.454
Parameters optimization took 0 rounds (0.176 sec)

BETTER TREE FOUND at iteration 1: -10157.454
Iteration 10 / LogL: -10157.455 / Time: 0h:1m:24s
Iteration 20 / LogL: -10157.454 / Time: 0h:1m:44s
Finish initializing candidate tree set (2)
Current best tree score: -10157.454 / CPU time: 61.427
Number of iterations: 20
--------------------------------------------------------------------
|               OPTIMIZING CANDIDATE TREE SET                      |
--------------------------------------------------------------------
Iteration 30 / LogL: -10180.765 / Time: 0h:2m:11s (0h:5m:21s left)
Iteration 40 / LogL: -10157.639 / Time: 0h:2m:35s (0h:4m:3s left)
Iteration 50 / LogL: -10157.455 / Time: 0h:3m:0s (0h:3m:7s left)
Log-likelihood cutoff on original alignment: -10189.656
UPDATE BEST LOG-LIKELIHOOD: -10157.454
Iteration 60 / LogL: -10157.454 / Time: 0h:3m:25s (0h:2m:22s left)
UPDATE BEST LOG-LIKELIHOOD: -10157.454
Iteration 70 / LogL: -10157.455 / Time: 0h:3m:45s (0h:1m:41s left)
UPDATE BEST LOG-LIKELIHOOD: -10157.454
Iteration 80 / LogL: -10157.454 / Time: 0h:4m:9s (0h:1m:6s left)
Iteration 90 / LogL: -10157.454 / Time: 0h:4m:36s (0h:0m:34s left)
Iteration 100 / LogL: -10158.376 / Time: 0h:5m:0s (0h:0m:3s left)
Log-likelihood cutoff on original alignment: -10189.893
NOTE: Bootstrap correlation coefficient of split occurrence frequencies: 0.999
TREE SEARCH COMPLETED AFTER 102 ITERATIONS / Time: 0h:5m:5s

--------------------------------------------------------------------
|                    FINALIZING TREE SEARCH                        |
--------------------------------------------------------------------
Performs final model parameters optimization
Estimate model parameters (epsilon = 0.010)
Initial log-likelihood: -10157.454
Current log-likelihood at step 1: -10157.451
Parameters optimization took 0 rounds (0.198 sec)

BEST SCORE FOUND : -10157.451
Creating bootstrap support values...
Split supports printed to NEXUS file 2_set140.splits.nex
Total tree length: 1.574

Total number of iterations: 102
CPU time used for tree search: 59.522 sec (0h:0m:59s)
Wall-clock time used for tree search: 262.622 sec (0h:4m:22s)
Total CPU time used: 65.345 sec (0h:1m:5s)
Total wall-clock time used: 306.321 sec (0h:5m:6s)

Computing bootstrap consensus tree...
Reading input file 2_set140.splits.nex...
37 taxa and 165 splits.
Consensus tree written to 2_set140.contree
Reading input trees file 2_set140.contree
Log-likelihood of consensus tree: -10157.451

Analysis results written to: 
  IQ-TREE report:                2_set140.iqtree
  Maximum-likelihood tree:       2_set140.treefile
  Likelihood distances:          2_set140.mldist
  Best partitioning scheme:      2_set140.best_scheme.nex
           in RAxML format:      2_set140.best_scheme

Ultrafast bootstrap approximation results written to:
  Split support values:          2_set140.splits.nex
  Consensus tree:                2_set140.contree
  Screen log file:               2_set140.log

Date and Time: Fri Sep  7 11:53:29 2018
