IQ-TREE multicore version 1.6.3 for Mac OS X 64-bit built Mar 22 2018
Developed by Bui Quang Minh, Nguyen Lam Tung, Olga Chernomor,
Heiko Schmidt, Dominik Schrempf, Michael Woodhams.

Host:    meeps-mac-pro.staff.sydney.edu.au (AVX, 64 GB RAM)
Command: /Users/davidduchene/Desktop/Software/iqtree-1.6.3-MacOSX/bin/iqtree -s ../../../../birds/set3.fasta -m TEST -bb 1000 -nt AUTO -pre 1_set3
Seed:    356637 (Using SPRNG - Scalable Parallel Random Number Generator)
Time:    Fri Jul 27 15:28:00 2018
Kernel:  AVX - auto-detect threads (8 CPU cores detected)

Reading alignment file ../../../../birds/set3.fasta ... Fasta format detected
Alignment most likely contains DNA/RNA sequences
Alignment has 186 sequences with 22355 columns, 12519 distinct patterns
10221 parsimony-informative, 1801 singleton sites, 10333 constant sites
                                                           Gap/Ambiguity  Composition  p-value
   1  I0185_86_Accipitridae_Buteo_jamaicensis                      0.31%    passed     13.71%
   2  I0186_111_Momotidae_Momotus_lessonii                         2.17%    failed      3.15%
   3  I0187_115_Trogonidae_Trogon_elegans                          0.72%    passed     12.00%
   4  I0188_135_Apodidae_Streptoprocne_zonaris                     2.94%    passed     61.07%
   5  I0189_225_Eurylaimidae_Smithornis_rufolateralis              1.48%    passed     98.32%
   6  I0190_295_Trogonidae_Apaloderma_aequatoriale                 5.62%    passed     11.48%
   7  I0191_344_Indicatoridae_Indicator_exilis                     1.89%    passed     63.65%
   8  I0192_375_Musophagidae_Tauraco_macrorhynchus                 0.83%    passed     67.33%
   9  I0193_447_Columbidae_Treron_calvus                           0.66%    passed     98.42%
  10  I0194_495_Alcedinidae_Alcedo_quadribrachys                   3.11%    failed      0.00%
  11  I0195_522_Ramphastidae_Buccanodon_duchaillui                 1.30%    passed     39.10%
  12  I0196_523_Musophagidae_Corythaeola_cristata                  1.26%    passed     57.16%
  13  I0197_832_Corvidae_Corvus_albus                              1.97%    passed      7.58%
  14  I0198_937_Bucerotidae_Tockus_camurus                         1.37%    passed     73.22%
  15  I0199_955_Meropidae_Merops_muelleri                          2.79%    failed      0.00%
  16  I0200_988_Furnariidae_Furnarius_rufus                        1.19%    passed     76.62%
  17  I0201_999_Scolopacidae_Tringa_solitaria                      0.46%    passed     91.93%
  18  I0202_1066_Cathartidae_Cathartes_burrovianus                 2.74%    passed     39.79%
  19  I0203_1087_Tyrannidae_Hymenops_perspicillatus                0.52%    passed     22.93%
  20  I0204_1174_Threskiornithidae_Harpiprion_caerulescens         0.61%    passed     27.02%
  21  I0205_1183_Tyrannidae_Hirundinea_ferruginea                  0.48%    passed     15.68%
  22  I0206_1192_Laridae_Chroicocephalus_cirrocephalus             1.85%    passed     87.19%
  23  I0207_1193_Thamnophilidae_Thamnophilus_ruficapillus          0.47%    passed     91.70%
  24  I0208_1208_Strigidae_Strix_varia                             1.79%    passed     57.23%
  25  I0209_1223_Burhinidae_Burhinus_oedicnemus                    0.26%    passed     14.86%
  26  I0210_1226_Ciconiidae_Ciconia_nigra                          1.72%    passed     14.93%
  27  I0211_1232_Columbidae_Columba_livia                          0.94%    passed     97.44%
  28  I0212_1289_Charadriidae_Charadrius_hiaticula                 1.64%    passed     85.32%
  29  I0213_1334_Picidae_Jynx_torquilla                            1.33%    passed     92.67%
  30  I0214_1354_Sylviidae_Sylvia_melanocephala                    2.89%    failed      0.07%
  31  I0215_1370_Regulidae_Regulus_ignicapilla                     2.43%    failed      0.00%
  32  I0216_1413_Falconidae_Micrastur_gilvicollis                  0.50%    passed     46.73%
  33  I0217_1452_Cotingidae_Rupicola_rupicola                      1.79%    passed     69.08%
  34  I0218_1474_Tityridae_Myiobius_barbatus                       1.93%    passed     52.89%
  35  I0219_1489_Trochilidae_Topaza_pella                          1.86%    passed     85.22%
  36  I0220_1514_Trochilidae_Phaethornis_superciliosus             1.56%    passed     79.35%
  37  I0221_1526_Columbidae_Leptotila_rufaxilla                    0.94%    passed     99.40%
  38  I0222_1568_Turdidae_Turdus_olivater                          2.56%    failed      0.02%
  39  I0223_1586_Furnariidae_Sclerurus_mexicanus                   0.26%    passed     23.17%
  40  I0225_1616_Incertae_sedis_Piprites_chloris                   0.73%    passed     78.04%
  41  I0227_1698_Tyrannidae_Rhynchocyclus_olivaceus                0.63%    passed     91.49%
  42  I0228_1712_Pipridae_Neopelma_chrysocephalum                  0.62%    passed     82.32%
  43  I0229_1748_Tinamidae_Nothoprocta_ornata                      3.63%    failed      0.00%
  44  I0230_1770_Tinamidae_Crypturellus_tataupa                   10.20%    passed     15.14%
  45  I0231_1774_Tinamidae_Tinamus_major                           4.47%    failed      0.25%
  46  I0232_1837_Fringillidae_Fringilla_coelebs                    1.52%    failed      0.00%
  47  I0233_1920_Upupidae_Upupa_epops                              2.32%    failed      2.91%
  48  I0234_1994_Todidae_Todus_mexicanus                           2.48%    passed     97.12%
  49  I0235_2065_Cuculidae_Coccyzus_melacoryphus                   5.13%    passed     72.87%
  50  I0236_2079_Falconidae_Falco_sparverius                       0.55%    passed     91.40%
  51  I0237_2182_Thamnophilidae_Myrmornis_torquata                 6.69%    passed     97.66%
  52  I0238_2211_Cotingidae_Cotinga_cayana                         2.12%    passed     70.99%
  53  I0239_2212_Ardeidae_Tigrisoma_lineatum                       0.46%    passed     77.81%
  54  I0240_2217_Psittacidae_Deroptyus_accipitrinus                0.72%    passed     24.52%
  55  I0241_2249_Pipridae_Pipra_erythrocephala                     0.39%    passed     69.04%
  56  I0242_2273_Furnariidae_Lepidocolaptes_angustirostris         1.07%    passed     30.45%
  57  I0243_2275_Columbidae_Columbina_minuta                       0.73%    passed     85.90%
  58  I0244_2276_Caprimulgidae_Chordeiles_pusillus                 0.29%    failed      2.22%
  59  I0245_2800_Ardeidae_Ardea_herodias                           0.65%    passed     81.64%
  60  I0246_2823_Tyrannidae_Tyrannus_albogularis                   0.85%    passed     25.88%
  61  I0247_2886_Apodidae_Chaetura_brachyura                       1.02%    passed     33.04%
  62  I0248_2938_Falconidae_Caracara_cheriway                      0.42%    passed     75.25%
  63  I0249_2220_Nyctibiidae_Nyctibius_griseus                     0.35%    passed     94.94%
  64  I0251_3044_Tityridae_Tityra_cayana                           4.46%    passed      6.36%
  65  I0253_3158_Anseranatidae_Anseranas_semipalmata               0.64%    failed      0.80%
  66  I0254_3160_Sulidae_Morus_serrator                            0.16%    passed      9.87%
  67  I0255_3161_Podargidae_Podargus_strigoides                    0.84%    passed     38.48%
  68  I0256_3178_Megapodiidae_Leipoa_ocellata                      1.57%    passed     82.91%
  69  I0257_3236_Anatidae_Oxyura_jamaicensis                       1.07%    passed     23.91%
  70  I0258_3336_Caprimulgidae_Caprimulgus_europaeus               5.85%    passed     66.13%
  71  I0259_3344_Picidae_Picus_canus                               1.35%    passed     97.68%
  72  I0260_3380_Dromaiidae_Dromaius_novaehollandiae               0.76%    passed     10.51%
  73  I0261_3515_Thamnophilidae_Terenura_callinota                 0.92%    passed     78.07%
  74  I0262_3562_Oxyruncidae_Oxyruncus_cristatus                   0.43%    passed     36.30%
  75  I0263_3569_Psophiidae_Psophia_crepitans                      2.03%    passed     97.43%
  76  I0264_3574_Falconidae_Ibycter_americanus                     0.59%    passed     59.64%
  77  I0265_3576_Tityridae_Schiffornis_turdina                     1.79%    passed     75.29%
  78  I0266_3617_Ramphastidae_Capito_niger                         2.58%    passed     71.10%
  79  I0267_3690_Bucconidae_Bucco_capensis                         9.76%    passed     93.55%
  80  I0268_3790_Accipitridae_Accipiter_superciliosus              0.39%    passed     22.06%
  81  I0270_4099_Sternidae_Sterna_hirundo                          2.44%    passed     87.75%
  82  I0271_5253_Psittacidae_Psittrichas_fulgidus                  1.34%    passed     13.43%
  83  I0272_5303_Alcedinidae_Chloroceryle_inda                     1.32%    passed     86.79%
  84  I0273_5315_Galbulidae_Galbula_dea                            0.36%    passed     84.47%
  85  I0274_5339_Bucconidae_Chelidoptera_tenebrosa                 1.06%    passed     69.87%
  86  I0275_5404_Balaenicipitidae_Balaeniceps_rex                  0.81%    passed     27.61%
  87  I0276_5411_Cathartidae_Vultur_gryphus                        1.93%    passed     12.27%
  88  I0277_5465_Trochilidae_Archilochus_colubris                  1.82%    passed     45.77%
  89  I0279_5911_Jacanidae_Jacana_jacana                           0.38%    passed     23.84%
  90  I0280_5927_Psittacidae_Probosciger_aterrimus                 2.42%    passed     22.37%
  91  I0281_5967_Otididae_Ardeotis_kori                            0.17%    passed     96.28%
  92  I0282_6008_Hydrobatidae_Oceanodroma_leucorhoa                0.72%    passed     12.63%
  93  I0284_6031_Coraciidae_Coracias_cyanogaster                   1.06%    passed     69.59%
  94  I0285_6059_Anatidae_Anser_canagicus                          1.35%    passed     22.42%
  95  I0286_6061_Ramphastidae_Ramphastos_ambiguus                  0.70%    passed     56.32%
  96  I0287_6069_Phoenicopteridae_Phoenicopterus_ruber             2.80%    passed     90.83%
  97  I0288_6097_Anatidae_Aythya_valisineria                       0.82%    passed     54.77%
  98  I0289_6295_Haematopodidae_Haematopus_palliatus               0.11%    passed     70.82%
  99  I0361_9545_Sagittariidae_Sagittarius_serpentarius            1.16%    passed     40.54%
 100  I0362_3175_Hydrobatidae_Oceanites_oceanicus                  0.11%    passed     12.34%
 101  I0363_345610_Mesitornithidae_Mesitornis_unicolor             2.16%    passed     61.92%
 102  I0364_384759_Brachypteraciidae_Atelornis_pittoides           1.05%    passed     92.59%
 103  I0365_384805_Rallidae_Sarothrura_rufa_elizabethae            1.00%    passed     42.63%
 104  I0366_438526_Mesitornithidae_Monias_benschi                  1.70%    passed     35.86%
 105  I0367_449184_Leptosomidae_Leptosomus_discolor                0.32%    passed     87.23%
 106  I0368_21_Recurvirostridae_Recurvirostra_americana            0.40%    passed     59.81%
 107  I0369_848_Opisthocomidae_Opisthocomus_hoazin                 0.49%    passed     97.16%
 108  I0370_1566_Psittacidae_Psittacus_erithacus                   0.77%    passed     21.47%
 109  I0372_1658_Phalacrocoracidae_Phalacrocorax_brasilianus       0.29%    passed     38.18%
 110  I0373_1829_Anhimidae_Chauna_torquata                         0.58%    failed      0.02%
 111  I0375_2613_Phaethontidae_Phaethon_rubricauda                 0.35%    passed     13.89%
 112  I0376_2661_Ciconiidae_Leptoptilos_crumeniferus               0.53%    passed     19.15%
 113  I0377_2841_Melanopareiidae_Melanopareia_maximiliani          0.77%    passed     27.29%
 114  I0378_3087_Heliornithidae_Heliornis_fulica                   0.78%    passed     87.76%
 115  I0379_3106_Anhingidae_Anhinga_anhinga                        0.15%    passed     42.89%
 116  I0380_6178_Climacteridae_Climacteris_melanura                0.73%    failed      0.27%
 117  I0382_6875_Casuariidae_Casuarius_bennetti                    0.72%    failed      3.58%
 118  I0383_8723_Psittacidae_Barnardius_zonarius                   0.85%    passed     30.03%
 119  I0384_9129_Fregatidae_Fregata_magnificens                    0.47%    passed     19.02%
 120  I0385_9309_Accipitridae_Elanus_leucurus                      1.87%    passed     12.06%
 121  I0386_10701_Pelecanoididae_Pelecanoides_urinatrix            0.80%    passed     12.73%
 122  I0387_12368_Eurylaimidae_Eurylaimus_ochromalus               1.56%    failed      1.33%
 123  I0388_12571_Hemiprocnidae_Hemiprocne_comata                  0.67%    passed     41.00%
 124  I0389_14873_Psittacidae_Nestor_meridionalis                  1.02%    passed     43.28%
 125  I0390_14905_Apterygidae_Apteryx_sp                           1.23%    failed      0.14%
 126  I0391_15014_Pelecanidae_Pelecanus_occidentalis               0.46%    passed     25.11%
 127  I0392_15430_Phoeniculidae_Phoeniculus_purpureus              4.16%    failed      0.00%
 128  I0393_15950_Rynchopidae_Rhynchops_niger                      0.46%    passed     90.44%
 129  I0394_16098_Aegothelidae_Aegotheles_insignis                 1.44%    passed     52.84%
 130  I0395_16363_Procellariidae_Pterodroma_externa                0.20%    passed     10.81%
 131  I0396_16818_Eurypygidae_Eurypyga_helias                      1.02%    failed      0.00%
 132  I0397_17790_Ramphastidae_Megalaima_chrysopogon               1.23%    passed     82.72%
 133  I0398_17932_Cuculidae_Centropus_bengalensis                  1.19%    passed     90.48%
 134  I0399_18174_Caprimulgidae_Eurostopodus_macrotis              0.13%    failed      2.29%
 135  I0400_19788_Pittidae_Pitta_angolensis                        1.03%    passed     85.01%
 136  I0401_19903_Glareolidae_Glareola_nuchalis                    0.36%    passed     97.87%
 137  I0402_20061_Rostratulidae_Rostratula_benghalensis            0.51%    passed     69.05%
 138  I0403_20547_Pteroclididae_Syrrhaptes_paradoxus               1.61%    passed     43.22%
 139  I0404_21828_Procellariidae_Fulmarus_glacialoides             0.89%    passed     19.89%
 140  I0405_21897_Gruidae_Grus_canadensis                          0.96%    passed     59.23%
 141  I0406_22550_Procellariidae_Puffinus_griseus                  0.62%    passed     23.65%
 142  I0407_22888_Rallidae_Porphyrio_porphyrio                     0.66%    passed     25.26%
 143  I0408_25293_Alcidae_Uria_aalge                               1.35%    passed     76.62%
 144  I0409_25985_Turnicidae_Turnix_ocellata                       3.27%    passed     78.85%
 145  I0410_52764_Coliidae_Colius_colius                           0.50%    passed     86.60%
 146  I0411_53231_Pteroclididae_Pterocles_bicinctus                1.00%    passed     92.80%
 147  I0412_62853_Hydrobatidae_Pelagodroma_marina                  0.41%    passed     22.80%
 148  I0413_67124_Coliidae_Colius_indicus                          0.96%    passed     87.73%
 149  I0414_72512_Rheidae_Rhea_americana                           0.91%    failed      0.05%
 150  I0415_76638_Menuridae_Menura_novaehollandiae                 0.70%    passed      8.72%
 151  I0416_76941_Pipridae_Cryptopipo_holochlora                   0.28%    passed     84.76%
 152  I0417_82096_Diomedeidae_Phoebastria_nigripes                 0.60%    passed      9.70%
 153  I0418_89784_Scopidae_Scopus_umbretta                         0.31%    passed     53.91%
 154  I0419_90368_Aramidae_Aramus_guarauna                         0.25%    passed     54.22%
 155  I0420_730_Ardeidae_Ixobrychus_minutus                        0.81%    passed     99.07%
 156  I0421_1173_Cariamidae_Cariama_cristata                       0.22%    passed     38.76%
 157  I0422_1201_Podicipedidae_Rollandia_rolland                   0.85%    passed     73.90%
 158  I0423_2497_Cuculidae_Cuculus_optatus                         1.58%    passed     19.91%
 159  I0424_2923_Cuculidae_Tapera_naevia                           0.82%    passed     44.87%
 160  I0427_3383_Scolopacidae_Arenaria_interpres                   1.01%    passed     97.79%
 161  I0429_3677_Grallariidae_Myrmothera_campanisona               0.80%    passed     13.67%
 162  I0430_5336_Tyrannidae_Elaenia_flavogaster                    0.94%    passed      7.84%
 163  I0431_5370_Scolopacidae_Limosa_lapponica                     0.67%    passed     98.30%
 164  I0432_5886_Tinamidae_Eudromia_elegans                        2.93%    failed      0.01%
 165  I0433_6296_Gruidae_Balearica_regulorum                       0.72%    passed     59.24%
 166  I0434_6298_Columbidae_Ptilinopus_magnificus                  0.47%    passed     97.35%
 167  I0436_20224_D_Steatornithidae_Steatornis_caripensis         11.11%    passed     95.96%
 168  I0438_345711_Eurylaimidae_Neodrepanis_coruscans              0.56%    passed     90.21%
 169  I0440_10756_D_Ptilonorhynchidae_Ptilonorhynchus_violaceus    0.21%    failed      0.66%
 170  I0449_66928_Gaviidae_Gavia_immer                             0.68%    passed     15.66%
 171  I0450_81668_Pandionidae_Pandion_haliaetus                    1.65%    passed     17.57%
 172  I0451_85124_Spheniscidae_Spheniscus_humboldti                1.13%    passed     43.24%
 173  I0452_88784_Tytonidae_Tyto_alba                              2.63%    passed     39.48%
 174  I0453_90121_Struthionidae_Struthio_camelus                   1.54%    failed      2.37%
 175  I0454_77230_Cariamidae_Chunga_burmeisteri                    0.33%    passed     35.06%
 176  I0455_1245_Alaudidae_Calandrella_brachydactyla               1.60%    failed      0.00%
 177  I0456_3321_Paridae_Poecile_lugubris                          0.76%    passed      7.74%
 178  I0457_6346_Paradisaeidae_Lophorina_superba                   1.94%    failed      1.20%
 179  I0459_6323_Eurylaimidae_Calyptomena_viridis                  0.60%    passed     50.26%
 180  I0460_HERP_14722_Crocodylidae_Crocodylus_porosus            10.21%    failed      0.00%
 181  I2824_12230_Ptilonorhynchidae_Sericulus_bakeri               0.29%    failed      0.97%
 182  I2825_21896_Emberizidae_Spizella_arborea                     0.99%    failed      0.00%
 183  I2826_181173_Pycnonotidae_Pycnonotus_macrotis                1.24%    failed      0.01%
 184  I2827_2685_Pedionomidae_Pedionomus_torquatus                 0.40%    passed     86.06%
 185  I2828_3250_Bucerotidae_Bucorvus_leadbeateri                  0.89%    passed     95.27%
 186  I2829_RIFL_Acanthisittidae_Acanthisitta_chloris              1.85%    passed     88.61%
****  TOTAL                                                        1.44%  30 sequences failed composition chi2 test (p-value<5%; df=3)


Create initial parsimony tree by phylogenetic likelihood library (PLL)... 0.348 seconds
NOTE: ModelFinder requires 349 MB RAM!
ModelFinder will test 88 DNA models (sample size: 22355) ...
 No. Model         -LnL         df  AIC          AICc         BIC
Measuring multi-threading efficiency up to 8 CPU cores
Increase to 10 rounds for branch lengths
5 trees examined
Threads: 1 / Time: 8.630 sec / Speedup: 1.000 / Efficiency: 100% / LogL: -882908
Threads: 2 / Time: 4.278 sec / Speedup: 2.017 / Efficiency: 101% / LogL: -882908
Threads: 3 / Time: 3.826 sec / Speedup: 2.255 / Efficiency: 75% / LogL: -882908
Threads: 4 / Time: 3.199 sec / Speedup: 2.698 / Efficiency: 67% / LogL: -882908
Threads: 5 / Time: 2.843 sec / Speedup: 3.036 / Efficiency: 61% / LogL: -882908
Threads: 6 / Time: 2.363 sec / Speedup: 3.653 / Efficiency: 61% / LogL: -882908
Threads: 7 / Time: 2.288 sec / Speedup: 3.771 / Efficiency: 54% / LogL: -882908
Threads: 8 / Time: 3.341 sec / Speedup: 2.583 / Efficiency: 32% / LogL: -882908
BEST NUMBER OF THREADS: 6

  1  JC            577484.916   369 1155707.832  1155720.252  1158665.295
  2  JC+I          536111.878   370 1072963.756  1072976.245  1075929.234
  3  JC+G4         519671.078   370 1040082.156  1040094.644  1043047.634
  4  JC+I+G4       516161.400   371 1033064.800  1033077.356  1036038.292
  5  F81+F         578918.172   372 1158580.344  1158592.968  1161561.851
  6  F81+F+I       537557.585   373 1075861.169  1075873.862  1078850.692
  7  F81+F+G4      520805.633   373 1042357.265  1042369.958  1045346.788
  8  F81+F+I+G4    517339.452   374 1035426.905  1035439.666  1038424.442
  9  K2P           546489.656   370 1093719.312  1093731.800  1096684.789
 10  K2P+I         504719.037   371 1010180.073  1010192.629  1013153.566
 11  K2P+G4        487539.197   371 975820.395   975832.951   978793.888
 12  K2P+I+G4      483994.751   372 968733.502   968746.127   971715.010
 13  HKY+F         547554.601   373 1095855.203  1095867.896  1098844.725
 14  HKY+F+I       505811.893   374 1012371.786  1012384.548  1015369.323
 15  HKY+F+G4      487819.531   374 976387.061   976399.823   979384.599
 16  HKY+F+I+G4    484373.133   375 969496.267   969509.097   972501.819
 17  TNe           546486.489   371 1093714.978  1093727.535  1096688.471
 18  TNe+I         504714.958   372 1010173.917  1010186.541  1013155.424
 19  TNe+G4        487498.352   372 975740.705   975753.329   978722.212
 20  TNe+I+G4      483961.542   373 968669.085   968681.778   971658.607
 21  TN+F          547552.424   374 1095852.848  1095865.609  1098850.385
 22  TN+F+I        505809.523   375 1012369.047  1012381.877  1015374.599
 23  TN+F+G4       487788.702   375 976327.403   976340.234   979332.955
 24  TN+F+I+G4     484344.773   376 969441.545   969454.445   972455.112
 25  K3P           546424.821   371 1093591.642  1093604.199  1096565.135
 26  K3P+I         504653.457   372 1010050.914  1010063.538  1013032.421
 27  K3P+G4        487474.259   372 975692.518   975705.143   978674.026
 28  K3P+I+G4      483929.748   373 968605.496   968618.189   971595.019
 29  K3Pu+F        547474.822   374 1095697.643  1095710.405  1098695.180
 30  K3Pu+F+I      505730.997   375 1012211.995  1012224.825  1015217.547
 31  K3Pu+F+G4     487711.012   375 976172.023   976184.854   979177.575
 32  K3Pu+F+I+G4   484267.829   376 969287.658   969300.558   972301.225
 33  TPM2+F        547419.879   374 1095587.758  1095600.519  1098585.295
 34  TPM2+F+I      505666.564   375 1012083.127  1012095.958  1015088.679
 35  TPM2+F+G4     487383.483   375 975516.966   975529.797   978522.518
 36  TPM2+F+I+G4   483968.602   376 968689.204   968702.103   971702.771
 37  TPM2u+F       547419.863   374 1095587.725  1095600.487  1098585.263
 38  TPM2u+F+I     505666.565   375 1012083.129  1012095.960  1015088.681
 39  TPM2u+F+G4    487383.496   375 975516.993   975529.823   978522.545
 40  TPM2u+F+I+G4  483968.597   376 968689.194   968702.093   971702.760
 41  TPM3+F        547351.266   374 1095450.533  1095463.294  1098448.070
 42  TPM3+F+I      505626.967   375 1012003.935  1012016.765  1015009.487
 43  TPM3+F+G4     487266.837   375 975283.675   975296.505   978289.227
 44  TPM3+F+I+G4   483884.750   376 968521.500   968534.399   971535.066
 45  TPM3u+F       547351.252   374 1095450.503  1095463.265  1098448.041
 46  TPM3u+F+I     505626.967   375 1012003.934  1012016.764  1015009.486
 47  TPM3u+F+G4    487266.837   375 975283.675   975296.505   978289.227
 48  TPM3u+F+I+G4  483884.749   376 968521.498   968534.398   971535.065
 49  TIMe          546421.651   372 1093587.302  1093599.926  1096568.809
 50  TIMe+I        504649.381   373 1010044.762  1010057.455  1013034.284
 51  TIMe+G4       487433.473   373 975612.947   975625.640   978602.469
 52  TIMe+I+G4     483896.476   374 968540.952   968553.713   971538.489
 53  TIM+F         547472.590   375 1095695.180  1095708.010  1098700.732
 54  TIM+F+I       505728.626   376 1012209.252  1012222.151  1015222.818
 55  TIM+F+G4      487679.817   376 976111.634   976124.534   979125.201
 56  TIM+F+I+G4    484239.182   377 969232.364   969245.333   972253.946
 57  TIM2e         546421.124   372 1093586.248  1093598.873  1096567.756
 58  TIM2e+I       504641.371   373 1010028.743  1010041.436  1013018.265
 59  TIM2e+G4      487253.931   373 975253.862   975266.555   978243.384
 60  TIM2e+I+G4    483741.043   374 968230.085   968242.847   971227.622
 61  TIM2+F        547417.714   375 1095585.429  1095598.259  1098590.981
 62  TIM2+F+I      505664.218   376 1012080.435  1012093.334  1015094.002
 63  TIM2+F+G4     487334.719   376 975421.438   975434.338   978435.005
 64  TIM2+F+I+G4   483928.266   377 968610.531   968623.500   971632.113
 65  TIM3e         546427.283   372 1093598.565  1093611.190  1096580.073
 66  TIM3e+I       504664.196   373 1010074.392  1010087.084  1013063.914
 67  TIM3e+G4      487357.268   373 975460.536   975473.229   978450.058
 68  TIM3e+I+G4    483836.298   374 968420.595   968433.357   971418.133
 69  TIM3+F        547349.180   375 1095448.360  1095461.191  1098453.912
 70  TIM3+F+I      505624.659   376 1012001.318  1012014.217  1015014.885
 71  TIM3+F+G4     487251.785   376 975255.570   975268.469   978269.136
 72  TIM3+F+I+G4   483866.925   377 968487.850   968500.818   971509.431
 73  TVMe          546303.641   373 1093353.282  1093365.975  1096342.804
 74  TVMe+I        504532.298   374 1009812.595  1009825.357  1012810.133
 75  TVMe+G4       487108.194   374 974964.389   974977.151   977961.926
 76  TVMe+I+G4     483601.240   375 967952.480   967965.310   970958.032
 77  TVM+F         547152.443   376 1095056.886  1095069.786  1098070.453
 78  TVM+F+I       505416.605   377 1011587.211  1011600.180  1014608.793
 79  TVM+F+G4      486776.328   377 974306.657   974319.625   977328.238
 80  TVM+F+I+G4    483425.061   378 967606.123   967619.161   970635.719
 81  SYM           546300.484   374 1093348.968  1093361.730  1096346.506
 82  SYM+I         504528.445   375 1009806.889  1009819.719  1012812.441
 83  SYM+G4        487067.116   375 974884.233   974897.063   977889.785
 84  SYM+I+G4      483566.258   376 967884.517   967897.416   970898.084
 85  GTR+F         547150.226   377 1095054.453  1095067.422  1098076.035
 86  GTR+F+I       505414.246   378 1011584.492  1011597.530  1014614.088
 87  GTR+F+G4      486748.661   378 974253.321   974266.359   977282.918
 88  GTR+F+I+G4    483397.612   379 967553.224   967566.331   970590.835
Akaike Information Criterion:           GTR+F+I+G4
Corrected Akaike Information Criterion: GTR+F+I+G4
Bayesian Information Criterion:         GTR+F+I+G4
Best-fit model: GTR+F+I+G4 chosen according to BIC

All model information printed to 1_set3.model.gz
CPU time for ModelFinder: 3229.930 seconds (0h:53m:49s)
Wall-clock time for ModelFinder: 601.860 seconds (0h:10m:1s)
Generating 1000 samples for ultrafast bootstrap (seed: 356637)...

NOTE: 349 MB RAM (0 GB) is required!
Measuring multi-threading efficiency up to 8 CPU cores
9 trees examined
Threads: 1 / Time: 8.932 sec / Speedup: 1.000 / Efficiency: 100% / LogL: -735698
Threads: 2 / Time: 4.739 sec / Speedup: 1.885 / Efficiency: 94% / LogL: -735698
Threads: 3 / Time: 3.539 sec / Speedup: 2.524 / Efficiency: 84% / LogL: -735698
Threads: 4 / Time: 3.375 sec / Speedup: 2.647 / Efficiency: 66% / LogL: -735698
Threads: 5 / Time: 2.881 sec / Speedup: 3.101 / Efficiency: 62% / LogL: -735698
Threads: 6 / Time: 2.653 sec / Speedup: 3.367 / Efficiency: 56% / LogL: -735698
Threads: 7 / Time: 3.546 sec / Speedup: 2.519 / Efficiency: 36% / LogL: -735698
BEST NUMBER OF THREADS: 6

Estimate model parameters (epsilon = 0.100)
Thoroughly optimizing +I+G parameters from 10 start values...
Init pinv, alpha: 0.000, 1.000 / Estimate: 0.413, 0.815 / LogL: -483397.506
Init pinv, alpha: 0.051, 1.000 / Estimate: 0.413, 0.815 / LogL: -483397.512
Init pinv, alpha: 0.103, 1.000 / Estimate: 0.413, 0.816 / LogL: -483397.527
Init pinv, alpha: 0.154, 1.000 / Estimate: 0.413, 0.815 / LogL: -483397.488
Init pinv, alpha: 0.205, 1.000 / Estimate: 0.413, 0.815 / LogL: -483397.511
Init pinv, alpha: 0.257, 1.000 / Estimate: 0.413, 0.816 / LogL: -483397.471
Init pinv, alpha: 0.308, 1.000 / Estimate: 0.413, 0.816 / LogL: -483397.480
Init pinv, alpha: 0.360, 1.000 / Estimate: 0.413, 0.816 / LogL: -483397.471
Init pinv, alpha: 0.411, 1.000 / Estimate: 0.413, 0.816 / LogL: -483397.469
Init pinv, alpha: 0.462, 1.000 / Estimate: 0.414, 0.817 / LogL: -483397.471
Optimal pinv,alpha: 0.413, 0.816 / LogL: -483397.469

Parameters optimization took 243.242 sec
Computing ML distances based on estimated model parameters... 17.460 sec
Computing BIONJ tree...
0.033 seconds
Log-likelihood of BIONJ tree: -483576.061
--------------------------------------------------------------------
|             INITIALIZING CANDIDATE TREE SET                      |
--------------------------------------------------------------------
Generating 98 parsimony trees... 44.650 second
Computing log-likelihood of 98 initial trees ... 59.405 seconds
Current best score: -483397.469

Do NNI search on 20 best initial trees
Estimate model parameters (epsilon = 0.100)
BETTER TREE FOUND at iteration 1: -483279.103
Estimate model parameters (epsilon = 0.100)
BETTER TREE FOUND at iteration 2: -483191.012
Estimate model parameters (epsilon = 0.100)
BETTER TREE FOUND at iteration 8: -483187.143
Iteration 10 / LogL: -483206.602 / Time: 0h:17m:36s
Iteration 20 / LogL: -483275.136 / Time: 0h:18m:38s
Finish initializing candidate tree set (20)
Current best tree score: -483187.143 / CPU time: 235.520
Number of iterations: 20
--------------------------------------------------------------------
|               OPTIMIZING CANDIDATE TREE SET                      |
--------------------------------------------------------------------
Estimate model parameters (epsilon = 0.100)
BETTER TREE FOUND at iteration 21: -483174.360
Estimate model parameters (epsilon = 0.100)
BETTER TREE FOUND at iteration 22: -483172.185
Estimate model parameters (epsilon = 0.100)
BETTER TREE FOUND at iteration 26: -483168.328
Iteration 30 / LogL: -483179.020 / Time: 0h:19m:53s (0h:32m:37s left)
Estimate model parameters (epsilon = 0.100)
BETTER TREE FOUND at iteration 40: -483146.408
Iteration 40 / LogL: -483146.408 / Time: 0h:20m:58s (0h:28m:2s left)
Estimate model parameters (epsilon = 0.100)
BETTER TREE FOUND at iteration 49: -483128.247
Iteration 50 / LogL: -483153.070 / Time: 0h:21m:56s (0h:24m:2s left)
Log-likelihood cutoff on original alignment: -483276.815
Iteration 60 / LogL: -483147.076 / Time: 0h:22m:54s (0h:19m:25s left)
Iteration 70 / LogL: -483130.546 / Time: 0h:23m:59s (0h:15m:59s left)
Estimate model parameters (epsilon = 0.100)
BETTER TREE FOUND at iteration 72: -483125.609
Iteration 80 / LogL: -483131.173 / Time: 0h:25m:0s (0h:17m:25s left)
Iteration 90 / LogL: -483133.581 / Time: 0h:26m:2s (0h:14m:44s left)
Iteration 100 / LogL: -483141.357 / Time: 0h:27m:9s (0h:12m:27s left)
Log-likelihood cutoff on original alignment: -483243.266
NOTE: Bootstrap correlation coefficient of split occurrence frequencies: 0.993
Iteration 110 / LogL: -483135.855 / Time: 0h:28m:10s (0h:14m:58s left)
Iteration 120 / LogL: -483137.691 / Time: 0h:29m:13s (0h:12m:53s left)
Iteration 130 / LogL: -483138.721 / Time: 0h:30m:15s (0h:10m:58s left)
Iteration 140 / LogL: -483130.209 / Time: 0h:31m:17s (0h:9m:10s left)
Iteration 150 / LogL: -483129.678 / Time: 0h:32m:18s (0h:7m:28s left)
Log-likelihood cutoff on original alignment: -483243.266
Iteration 160 / LogL: -483127.638 / Time: 0h:33m:18s (0h:5m:51s left)
Iteration 170 / LogL: -483213.422 / Time: 0h:34m:18s (0h:4m:18s left)
TREE SEARCH COMPLETED AFTER 173 ITERATIONS / Time: 0h:34m:33s

--------------------------------------------------------------------
|                    FINALIZING TREE SEARCH                        |
--------------------------------------------------------------------
Performs final model parameters optimization
Estimate model parameters (epsilon = 0.010)
1. Initial log-likelihood: -483125.609
2. Current log-likelihood: -483125.577
Optimal log-likelihood: -483125.568
Rate parameters:  A-C: 1.03443  A-G: 5.77274  A-T: 0.54515  C-G: 1.38563  C-T: 6.35058  G-T: 1.00000
Base frequencies:  A: 0.264  C: 0.221  G: 0.232  T: 0.283
Proportion of invariable sites: 0.413
Gamma shape alpha: 0.813
Parameters optimization took 2 rounds (2.990 sec)
BEST SCORE FOUND : -483125.568
Creating bootstrap support values...
Split supports printed to NEXUS file 1_set3.splits.nex
Total tree length: 6.868

Total number of iterations: 173
CPU time used for tree search: 5952.993 sec (1h:39m:12s)
Wall-clock time used for tree search: 1190.464 sec (0h:19m:50s)
Total CPU time used: 10674.616 sec (2h:57m:54s)
Total wall-clock time used: 2077.224 sec (0h:34m:37s)

Computing bootstrap consensus tree...
Reading input file 1_set3.splits.nex...
186 taxa and 728 splits.
Consensus tree written to 1_set3.contree
Reading input trees file 1_set3.contree
Log-likelihood of consensus tree: -483126.100

Analysis results written to: 
  IQ-TREE report:                1_set3.iqtree
  Maximum-likelihood tree:       1_set3.treefile
  Likelihood distances:          1_set3.mldist

Ultrafast bootstrap approximation results written to:
  Split support values:          1_set3.splits.nex
  Consensus tree:                1_set3.contree
  Screen log file:               1_set3.log

Date and Time: Fri Jul 27 16:02:43 2018
