IQ-TREE multicore version 1.6.7 for Mac OS X 64-bit built Aug 23 2018
Developed by Bui Quang Minh, Nguyen Lam Tung, Olga Chernomor,
Heiko Schmidt, Dominik Schrempf, Michael Woodhams.

Host:    meeps-mac-pro.staff.sydney.edu.au (AVX, 64 GB RAM)
Command: /Users/davidduchene/Desktop/Software/iqtree-1.6.7-MacOSX/bin/iqtree -s ../../../../marsupials/set196.fasta -m TESTMERGE -bb 1000 -sp ../../../../marsupials/set196.nex -nt AUTO -pre 6_set196
Seed:    626038 (Using SPRNG - Scalable Parallel Random Number Generator)
Time:    Sat Sep  8 02:43:05 2018
Kernel:  AVX - auto-detect threads (8 CPU cores detected)

Reading partition model file ../../../../marsupials/set196.nex ...
Reading alignment file ../../../../marsupials/set196.fasta ... Fasta format detected
Alignment most likely contains DNA/RNA sequences
Alignment has 35 sequences with 2511 columns, 1053 distinct patterns
579 parsimony-informative, 376 singleton sites, 1555 constant sites
                                              Gap/Ambiguity  Composition  p-value
   1  Burramyidae_Burramys_parvus                     4.42%    passed     86.18%
   2  Notoryctidae_Notoryctes_typhlops                2.15%    passed     97.31%
   3  Vombatidae_Lasiorhinus_latifrons                0.60%    passed     88.20%
   4  Potoroidae_Bettongia_penicillata                0.28%    passed     91.60%
   5  Potoroidae_Bettongia_lesueur                    0.96%    passed     98.80%
   6  Dasyuridae_Dasyurus_maculatus                  12.03%    passed     89.50%
   7  Phalangeridae_Trichosurus_vulpecula             0.96%    passed     74.71%
   8  Phalangeridae_Spilocuscus_maculatus             1.59%    passed     92.81%
   9  Potoroidae_Aepyprymnus_rufescens                1.00%    passed     84.90%
  10  Peramelidae_Perameles_nasuta                   20.47%    failed      3.54%
  11  Phalangeridae_Strigocuscus_pelengensis          2.11%    passed     93.12%
  12  Dasyuridae_Phascogale_tapoatafa                 3.31%    passed     64.59%
  13  Dasyuridae_Sminthopsis_macroura                 0.16%    passed     89.49%
  14  Phalangeridae_Phalanger_orientalis              1.12%    passed     96.90%
  15  Acrobatidae_Acrobates_pygmaeus                  1.79%    passed     91.24%
  16  Dasyuridae_Phascogale_calura                    3.78%    passed     54.59%
  17  Dasyuridae_Sarcophilus_harrisii                 0.48%    passed     80.46%
  18  Dasyuridae_Planigale_tenuirostris               8.08%    passed     72.13%
  19  Peramelidae_Echymipera_kalubu                   3.54%    passed     92.03%
  20  Macropodidae_Dorcopsulus_vanheurni              1.35%    passed     98.45%
  21  Pseudochiridae_Pseudochirulus_forbesi           0.56%    passed     98.09%
  22  Didelphidae_Didelphis_virginiana               17.72%    failed      3.15%
  23  Marmosidae_Monodelphis_domestica               17.24%    failed      3.81%
  24  Dasyuridae_Antechinus_stuartii                  3.70%    passed     64.12%
  25  Hypsiprymnodontidae_Hypsiprymnodon_moschatus    0.32%    passed     96.87%
  26  Microbiotheriidae_Dromiciops_gliroides          2.87%    passed     99.28%
  27  Pseudochiridae_Petauroides_volans               1.91%    passed     92.04%
  28  Macropodidae_Wallabia_bicolor                   0.48%    passed     97.31%
  29  Pseudochiridae_Pseudocheirus_occidentalis      32.70%    failed      2.17%
  30  Tarsipedidae_Tarsipes_rostratus                 2.51%    passed     69.54%
  31  Acrobatidae_Distoechurus_pennatus               0.12%    passed     94.02%
  32  Phalangeridae_Phalanger_carmelitae              0.48%    passed     94.46%
  33  Peramelidae_Peroryctes_raffrayana              23.14%    passed     72.08%
  34  Dasyuridae_Dasyurus_geffroii                    0.88%    passed     91.99%
  35  Peramelidae_Perameles_gunnii                    0.56%    passed     88.73%
****  TOTAL                                           5.01%  4 sequences failed composition chi2 test (p-value<5%; df=3)
NOTE: No CharPartition defined, use all CharSets

Loading 15 partitions...
Subset	Type	Seqs	Sites	Infor	Invar	Model	Name
1		35	86	18	50	TESTMERGE	part1.1
2		35	86	5	69	TESTMERGE	part1.2
3		35	86	45	17	TESTMERGE	part1.3
4		35	108	28	67	TESTMERGE	part2.1
5		35	108	25	67	TESTMERGE	part2.2
6		35	108	52	39	TESTMERGE	part2.3
7		34	199	3	188	TESTMERGE	part3.1
8		34	199	1	192	TESTMERGE	part3.2
9		34	199	56	101	TESTMERGE	part3.3
10		35	301	61	199	TESTMERGE	part4.1
11		35	301	46	205	TESTMERGE	part4.2
12		35	301	93	149	TESTMERGE	part4.3
13		32	143	37	79	TESTMERGE	part5.1
14		32	143	28	94	TESTMERGE	part5.2
15		32	143	81	40	TESTMERGE	part5.3
Degree of missing data: 0.021
Info: multi-threading strategy over partitions



Create initial parsimony tree by phylogenetic likelihood library (PLL)... 0.007 seconds
NOTE: ModelFinder requires 11 MB RAM!
NUMBER OF THREADS FOR PARTITION FINDING: 8
Testing GTR+F+G on supermatrix...
GTR+F+G4 / LnL: -14287.165 / df: 76 / AIC: 28726.331 / AICc: 28731.139 / BIC: 29169.292
Selecting individual models for 15 charsets using BIC...
 No. Model        Score       Charset
   1 HKY+F+G4     3220.567    part4.1
   2 K2P+G4       2032.442    part1.3
   3 TIM2+F+G4    2924.764    part4.2
   4 HKY+F+G4     2052.225    part5.1
   5 HKY+F+G4     2397.575    part2.3
   6 HKY+F+G4     2988.875    part5.3
   7 HKY+F+G4     2491.326    part3.3
   8 HKY+F+G4     4072.149    part4.3
   9 K2P+G4       1737.805    part5.2
  10 K2P+G4       1044.563    part1.1	0h:0m:13s (0h:4m:27s left)
  11 F81+F        974.268     part3.2	0h:0m:14s (0h:4m:27s left)
  12 K3P+G4       1599.583    part2.1	0h:0m:14s (0h:4m:4s left)
  13 K2P+G4       798.538     part1.2	0h:0m:14s (0h:3m:45s left)
  14 K2P+I        1066.288    part3.1	0h:0m:15s (0h:3m:32s left)
  15 TIM+F+G4     1706.813    part2.2	0h:0m:15s (0h:3m:18s left)
Full partition model BIC score: 34026.762 (LnL: -12938.680  df:1041)
Merging models to increase model fit (about 211 total partition schemes)...
  16 TN+F+G4      33648.559   part4.2+part4.3	0h:0m:24s (0h:4m:55s left)
  17 TPM3+F+G4    33701.103   part4.3+part5.1	0h:0m:25s (0h:4m:49s left)
  18 HKY+F+G4     33669.944   part4.3+part5.2	0h:0m:25s (0h:4m:35s left)
  19 HKY+F+G4     33643.967   part1.3+part4.3	0h:0m:25s (0h:4m:19s left)
  20 HKY+F+G4     33608.688   part4.1+part4.3	0h:0m:26s (0h:4m:10s left)
  21 HKY+F+G4     33687.475   part2.3+part4.3	0h:0m:27s (0h:4m:10s left)
  22 HKY+F+G4     33747.572   part4.3+part5.3	0h:0m:27s (0h:3m:58s left)
  23 HKY+F+G4     33543.519   part3.3+part4.3	0h:0m:28s (0h:3m:52s left)
  24 TNe+G4       33606.853   part4.1+part4.2	0h:0m:35s (0h:4m:33s left)
  25 HKY+F+G4     33612.886   part3.3+part4.1	0h:0m:36s (0h:4m:31s left)
  26 TN+F+G4      33747.401   part4.1+part5.3	0h:0m:38s (0h:4m:31s left)
  27 TN+F+G4      33611.670   part3.3+part4.2	0h:0m:38s (0h:4m:23s left)
  28 TIM2+F+G4    33745.526   part4.2+part5.3	0h:0m:40s (0h:4m:22s left)
  29 K2P+G4       33711.422   part3.3+part5.3	0h:0m:40s (0h:4m:13s left)
  30 TN+F+G4      33744.228   part2.2+part4.3	0h:0m:40s (0h:4m:6s left)
  31 HKY+F+G4     33788.553   part2.1+part4.3	0h:0m:42s (0h:4m:6s left)
  32 HKY+F+G4     33680.143   part1.1+part4.3	0h:0m:49s (0h:4m:35s left)
  33 HKY+F+G4     33646.973   part4.1+part5.1	0h:0m:50s (0h:4m:34s left)
  34 TPM2u+F+G4   33708.366   part2.3+part4.1	0h:0m:51s (0h:4m:29s left)
  35 HKY+F+G4     33602.411   part5.1+part5.3	0h:0m:52s (0h:4m:22s left)
  36 TPM3+F+G4    33677.139   part3.3+part5.1	0h:0m:52s (0h:4m:15s left)
  37 HKY+F+G4     33659.412   part4.2+part5.1	0h:0m:52s (0h:4m:7s left)
  38 K2P+G4       33697.035   part2.3+part5.3	0h:0m:53s (0h:4m:2s left)
  39 TPM3+F+G4    33674.936   part2.3+part3.3	0h:0m:56s (0h:4m:7s left)
  40 TN+F+G4      33681.242   part1.3+part4.1	0h:0m:58s (0h:4m:12s left)
  41 HKY+F+G4     33703.594   part3.1+part4.3	0h:0m:59s (0h:4m:8s left)
  42 TN+F+G4      33722.387   part2.3+part4.2	0h:1m:1s (0h:4m:8s left)
  43 HKY+F+G4     33653.280   part4.1+part5.2	0h:1m:2s (0h:4m:5s left)
  44 HKY+F+G4     33641.647   part5.2+part5.3	0h:1m:3s (0h:4m:2s left)
  45 HKY+F+G4     33606.504   part1.2+part4.3	0h:1m:5s (0h:4m:2s left)
  46 K2P+G4       33666.942   part1.3+part5.3	0h:1m:6s (0h:3m:57s left)
  47 HKY+F+G4     33684.987   part3.2+part4.3	0h:1m:8s (0h:4m:0s left)
  48 HKY+F+G4     33621.691   part4.2+part5.2	0h:1m:12s (0h:4m:4s left)
  49 TPM3u+F+G4   33644.948   part1.3+part3.3	0h:1m:12s (0h:3m:58s left)
  50 K2P+G4       33655.465   part3.3+part5.2	0h:1m:12s (0h:3m:52s left)
  51 TN+F+G4      33658.205   part1.3+part4.2	0h:1m:12s (0h:3m:48s left)
  52 K3Pu+F+I+G4  33712.793   part2.2+part4.1	0h:1m:14s (0h:3m:47s left)
  53 TN+F+G4      33731.941   part2.1+part4.1	0h:1m:16s (0h:3m:47s left)
  54 K2P+G4       33760.293   part2.2+part5.3	0h:1m:16s (0h:3m:43s left)
  55 TIM3+F+G4    33728.251   part2.2+part3.3	0h:1m:19s (0h:3m:44s left)
  56 HKY+F+G4     33671.643   part1.1+part4.1	0h:1m:21s (0h:3m:45s left)
  57 TPM2+F+G4    33717.210   part2.1+part4.2	0h:1m:22s (0h:3m:43s left)
  58 K2P+G4       33658.374   part2.3+part5.1	0h:1m:23s (0h:3m:40s left)
  59 TN+F+I+G4    33699.609   part2.2+part4.2	0h:1m:23s (0h:3m:35s left)
  60 K2P+G4       33772.650   part2.1+part5.3	0h:1m:23s (0h:3m:30s left)
  61 TPM3u+F+G4   33745.533   part2.1+part3.3	0h:1m:24s (0h:3m:28s left)
  62 K2P+G4       33675.635   part1.3+part5.1	0h:1m:27s (0h:3m:29s left)
  63 K2P+G4       33593.044   part5.1+part5.2	0h:1m:29s (0h:3m:29s left)
  64 TPM2u+F+G4   33636.260   part1.1+part4.2	0h:1m:32s (0h:3m:31s left)
  65 K2P+G4       33675.729   part1.3+part5.2	0h:1m:35s (0h:3m:34s left)
  66 HKY+F+G4     33752.329   part1.1+part5.3	0h:1m:35s (0h:3m:30s left)
  67 K2P+G4       33656.761   part1.1+part3.3	0h:1m:37s (0h:3m:29s left)
  68 K2P+G4       33662.844   part2.3+part5.2	0h:1m:37s (0h:3m:25s left)
  69 TPM3u+F+G4   33681.967   part1.3+part2.3	0h:1m:37s (0h:3m:20s left)
  70 K2P+G4       33669.079   part2.2+part5.1	0h:1m:39s (0h:3m:20s left)
  71 TIM+F+G4     33536.023   part2.2+part2.3	0h:1m:39s (0h:3m:17s left)
  72 HKY+F+G4     33637.382   part3.1+part4.1	0h:1m:41s (0h:3m:16s left)
  73 HKY+F+G4     33641.933   part3.2+part4.1	0h:1m:42s (0h:3m:13s left)
  74 K2P+G4       33681.986   part2.1+part5.1	0h:1m:43s (0h:3m:11s left)
  75 HKY+F+G4     33605.348   part1.2+part4.1	0h:1m:43s (0h:3m:7s left)
  76 K3Pu+F+G4    33576.046   part2.1+part2.3	0h:1m:44s (0h:3m:4s left)
  77 K2P+G4       33819.830   part3.1+part5.3	0h:1m:46s (0h:3m:5s left)
  78 TIM2+F+G4    33625.441   part3.1+part4.2	0h:1m:50s (0h:3m:8s left)
  79 HKY+F+G4     33666.991   part3.1+part3.3	0h:1m:50s (0h:3m:4s left)
  80 TPM3+F+G4    33710.016   part1.3+part2.2	0h:1m:52s (0h:3m:4s left)
  81 K2P+G4       33730.496   part1.2+part5.3	0h:1m:54s (0h:3m:3s left)
  82 K2P+G4       33732.282   part1.3+part2.1	0h:1m:54s (0h:3m:0s left)
  83 K2P+G4       33836.618   part3.2+part5.3	0h:1m:56s (0h:3m:0s left)
  84 HKY+F+I+G4   33678.474   part2.2+part5.2	0h:1m:58s (0h:2m:59s left)
  85 TIM2+F+G4    33579.134   part1.2+part4.2	0h:2m:1s (0h:2m:59s left)
  86 HKY+F+G4     33598.722   part1.2+part3.3	0h:2m:3s (0h:2m:59s left)
  87 K2P+G4       33685.042   part2.1+part5.2	0h:2m:5s (0h:2m:59s left)
  88 HKY+F+G4     33655.164   part3.2+part3.3	0h:2m:6s (0h:2m:57s left)
  89 TIM2+F+G4    33614.995   part3.2+part4.2	0h:2m:7s (0h:2m:54s left)
  90 K2P+G4       33696.899   part1.1+part2.3	0h:2m:9s (0h:2m:54s left)
  91 HKY+F+G4     33705.548   part1.1+part5.1	0h:2m:11s (0h:2m:53s left)
  92 K2P+G4       33622.140   part1.1+part1.3	0h:2m:13s (0h:2m:52s left)
  93 K3Pu+F+G4    33532.091   part2.1+part2.2	0h:2m:13s (0h:2m:49s left)
  94 K2P+G4       33688.935   part1.1+part5.2	0h:2m:15s (0h:2m:49s left)
  95 K2P+I+G4     33690.323   part3.1+part5.1	0h:2m:18s (0h:2m:49s left)
  96 K2P+I+G4     33707.262   part2.3+part3.1	0h:2m:19s (0h:2m:47s left)
  97 K2P+G4       33652.024   part1.2+part5.1	0h:2m:20s (0h:2m:44s left)
  98 K3P+I+G4     33669.094   part1.1+part2.2	0h:2m:22s (0h:2m:43s left)
  99 K2P+G4       33677.903   part1.1+part2.1	0h:2m:22s (0h:2m:41s left)
 100 K2P+I+G4     33705.667   part3.2+part5.1	0h:2m:23s (0h:2m:38s left)
 101 HKY+F+G4     33646.749   part1.2+part2.3	0h:2m:24s (0h:2m:37s left)
 102 HKY+F+I+G4   33695.124   part2.3+part3.2	0h:2m:28s (0h:2m:38s left)
 103 K2P+G4       33617.903   part1.2+part1.3	0h:2m:30s (0h:2m:38s left)
 104 K2P+I+G4     33720.628   part1.3+part3.1	0h:2m:30s (0h:2m:35s left)
 105 K2P+G4       33642.870   part1.2+part5.2	0h:2m:32s (0h:2m:34s left)
 106 K2P+I+G4     33662.996   part3.1+part5.2	0h:2m:32s (0h:2m:31s left)
 107 K2P+I+G4     33677.818   part3.2+part5.2	0h:2m:34s (0h:2m:30s left)
 108 TPM3u+F+I+G4 33754.304   part1.3+part3.2	0h:2m:34s (0h:2m:27s left)
 109 K2P+I+G4     33632.938   part2.2+part3.1	0h:2m:35s (0h:2m:25s left)
 110 K2P+I+G4     33644.570   part2.1+part3.1	0h:2m:37s (0h:2m:24s left)
 111 K2P+G4       33522.157   part1.1+part1.2	0h:2m:37s (0h:2m:21s left)
 112 K2P+I+G4     33614.176   part1.2+part2.1	0h:2m:39s (0h:2m:20s left)
 113 K3Pu+F+I+G4  33608.201   part1.2+part2.2	0h:2m:40s (0h:2m:18s left)
 114 K2P+I+G4     33653.312   part2.1+part3.2	0h:2m:41s (0h:2m:17s left)
 115 K2P+I+G4     33622.184   part1.1+part3.1	0h:2m:41s (0h:2m:14s left)
 116 TIM+F+I+G4   33616.772   part2.2+part3.2	0h:2m:42s (0h:2m:13s left)
 117 K2P+I        33569.645   part1.2+part3.1	0h:2m:43s (0h:2m:11s left)
 118 K2P+G4       33627.908   part1.1+part3.2	0h:2m:43s (0h:2m:8s left)
 119 HKY+F+I      33543.942   part3.1+part3.2	0h:2m:43s (0h:2m:6s left)
 120 HKY+F+I      33558.401   part1.2+part3.2	0h:2m:43s (0h:2m:4s left)
Merging part1.1+part1.2 with BIC score: 33522.157 (LnL: -12956.458  df: 972)
 121 K2P+G4       33108.740   part1.1+part1.2+part3.1	0h:2m:47s (0h:2m:4s left)
 122 TIM2+F+G4    33167.323   part1.1+part1.2+part4.2	0h:2m:48s (0h:2m:2s left)
 123 K2P+G4       33220.943   part1.1+part1.2+part2.1	0h:2m:50s (0h:2m:1s left)
 124 K2P+G4       33225.816   part1.1+part1.2+part5.2	0h:2m:50s (0h:1m:59s left)
 125 HKY+F+G4     33213.248   part1.1+part1.2+part4.1	0h:2m:50s (0h:1m:57s left)
 126 K2P+G4       33243.273   part1.1+part1.2+part5.1	0h:2m:51s (0h:1m:56s left)
 127 K2P+G4       33353.872   part1.1+part1.2+part5.3	0h:2m:52s (0h:1m:54s left)
 128 HKY+F+G4     33225.063   part1.1+part1.2+part4.3	0h:2m:56s (0h:1m:54s left)
 129 HKY+F+G4     33282.185   part1.1+part1.2+part2.3	0h:2m:57s (0h:1m:52s left)
 130 HKY+F+G4     33117.112   part1.1+part1.2+part3.2	0h:2m:57s (0h:1m:50s left)
 131 K3P+I+G4     33218.939   part1.1+part1.2+part2.2	0h:2m:57s (0h:1m:48s left)
 132 K2P+G4       33177.355   part1.1+part1.2+part1.3	0h:2m:57s (0h:1m:46s left)
 133 HKY+F+G4     33189.604   part1.1+part1.2+part3.3	0h:2m:58s (0h:1m:44s left)
Merging part2.1+part2.2 with BIC score: 33027.485 (LnL: -12987.032  df: 901)
 134 K2P+G4       32845.200   part2.1+part2.2+part5.3	0h:3m:5s (0h:1m:46s left)
 135 K3P+I+G4     32658.769   part2.1+part2.2+part3.1	0h:3m:6s (0h:1m:45s left)
 136 K3Pu+F+G4    32560.363   part2.1+part2.2+part2.3	0h:3m:6s (0h:1m:43s left)
 137 K2P+G4       32717.038   part2.1+part2.2+part5.1	0h:3m:6s (0h:1m:40s left)
 138 K3Pu+F+I+G4  32656.545   part2.1+part2.2+part3.2	0h:3m:7s (0h:1m:39s left)
 139 HKY+F+G4     32724.156   part2.1+part2.2+part5.2	0h:3m:7s (0h:1m:37s left)
 140 TN+F+I+G4    32772.530   part2.1+part2.2+part4.2	0h:3m:9s (0h:1m:35s left)
 141 TPM3u+F+G4   32877.473   part2.1+part2.2+part4.3	0h:3m:10s (0h:1m:34s left)
 142 TPM3+F+G4    32788.058   part1.3+part2.1+part2.2	0h:3m:15s (0h:1m:35s left)
 143 K3Pu+F+G4    32798.428   part2.1+part2.2+part3.3	0h:3m:16s (0h:1m:33s left)
 144 K3P+I+G4     32773.265   part1.1+part1.2+part2.1+part2.2	0h:3m:16s (0h:1m:31s left)
 145 K3Pu+F+I+G4  32794.174   part2.1+part2.2+part4.1	0h:3m:17s (0h:1m:29s left)
Merging part3.3+part4.3 with BIC score: 32544.242 (LnL: -13019.406  df: 831)
 146 HKY+F+G4     32239.895   part3.1+part3.3+part4.3	0h:3m:28s (0h:1m:32s left)
 147 HKY+F+G4     32220.303   part3.2+part3.3+part4.3	0h:3m:28s (0h:1m:30s left)
 148 TN+F+G4      32178.901   part3.3+part4.2+part4.3	0h:3m:31s (0h:1m:30s left)
 149 HKY+F+G4     32192.946   part3.3+part4.3+part5.2	0h:3m:33s (0h:1m:28s left)
 150 TPM3u+F+G4   32231.946   part3.3+part4.3+part5.1	0h:3m:33s (0h:1m:26s left)
 151 TPM3+F+G4    32486.191   part2.1+part2.2+part3.3+part4.3	0h:3m:34s (0h:1m:25s left)
 152 HKY+F+G4     32258.862   part2.3+part3.3+part4.3	0h:3m:36s (0h:1m:24s left)
 153 TPM3+F+G4    32300.113   part3.3+part4.3+part5.3	0h:3m:36s (0h:1m:22s left)
 154 HKY+F+G4     32270.335   part1.1+part1.2+part3.3+part4.3	0h:3m:42s (0h:1m:22s left)
 155 TPM3+F+G4    32179.973   part1.3+part3.3+part4.3	0h:3m:44s (0h:1m:21s left)
 156 HKY+F+G4     32143.731   part3.3+part4.1+part4.3	0h:3m:46s (0h:1m:19s left)
Merging part3.1+part3.2 with BIC score: 32061.422 (LnL: -13032.420  df: 766)
 157 HKY+F+I      31696.588   part1.1+part1.2+part3.1+part3.2	0h:3m:52s (0h:1m:19s left)
 158 HKY+F+I+G4   31732.313   part3.1+part3.2+part4.1	0h:3m:53s (0h:1m:18s left)
 159 HKY+F+I+G4   31800.289   part2.3+part3.1+part3.2	0h:3m:56s (0h:1m:17s left)
 160 K2P+I+G4     31786.838   part3.1+part3.2+part5.1	0h:3m:57s (0h:1m:15s left)
 161 K2P+I+G4     31962.031   part3.1+part3.2+part5.3	0h:3m:58s (0h:1m:13s left)
 162 K2P+I+G4     31741.582   part3.1+part3.2+part5.2	0h:3m:59s (0h:1m:12s left)
 163 K3Pu+F+I+G4  31761.847   part2.1+part2.2+part3.1+part3.2	0h:4m:1s (0h:1m:11s left)
 164 HKY+F+G4     31854.998   part3.1+part3.2+part3.3+part4.3	0h:4m:1s (0h:1m:9s left)
 165 TIM2+F+G4    31700.992   part3.1+part3.2+part4.2	0h:4m:1s (0h:1m:7s left)
 166 K2P+I+G4     31831.761   part1.3+part3.1+part3.2	0h:4m:2s (0h:1m:5s left)
Merging part2.1+part2.2+part2.3 with BIC score: 31594.299 (LnL: -13080.682  df: 694)
 167 K3Pu+F+G4    31342.041   part1.3+part2.1+part2.2+part2.3	0h:4m:14s (0h:1m:7s left)
 168 K3P+G4       31410.803   part2.1+part2.2+part2.3+part5.3	0h:4m:15s (0h:1m:5s left)
 169 K3Pu+F+G4    31284.141   part2.1+part2.2+part2.3+part5.2	0h:4m:17s (0h:1m:3s left)
 170 K3Pu+F+G4    31397.880   part1.1+part1.2+part2.1+part2.2+part2.3	0h:4m:18s (0h:1m:2s left)
 171 K3Pu+F+I+G4  31376.933   part2.1+part2.2+part2.3+part4.1	0h:4m:19s (0h:1m:0s left)
 172 K3Pu+F+I+G4  31367.163   part2.1+part2.2+part2.3+part3.1+part3.2	0h:4m:19s (0h:0m:58s left)
 173 TN+F+I+G4    31364.547   part2.1+part2.2+part2.3+part4.2	0h:4m:20s (0h:0m:57s left)
 174 TPM3+F+G4    31548.245   part2.1+part2.2+part2.3+part3.3+part4.3	0h:4m:23s (0h:0m:56s left)
 175 K3P+G4       31293.642   part2.1+part2.2+part2.3+part5.1	0h:4m:25s (0h:0m:54s left)
Merging part5.1+part5.2 with BIC score: 31160.581 (LnL: -13122.161  df: 628)
 176 K2P+G4       30837.741   part1.3+part5.1+part5.2	0h:4m:35s (0h:0m:54s left)
 177 HKY+F+G4     30765.238   part5.1+part5.2+part5.3	0h:4m:35s (0h:0m:52s left)
 178 K2P+I+G4     30917.523   part3.1+part3.2+part5.1+part5.2	0h:4m:36s (0h:0m:51s left)
 179 K2P+G4       30799.889   part4.1+part5.1+part5.2	0h:4m:37s (0h:0m:49s left)
 180 K2P+G4       30922.869   part1.1+part1.2+part5.1+part5.2	0h:4m:38s (0h:0m:47s left)
 181 HKY+F+G4     30788.854   part4.2+part5.1+part5.2	0h:4m:38s (0h:0m:46s left)
 182 K2P+G4       30928.392   part2.1+part2.2+part2.3+part5.1+part5.2	0h:4m:40s (0h:0m:44s left)
 183 TPM3+F+G4    30893.833   part3.3+part4.3+part5.1+part5.2	0h:4m:41s (0h:0m:43s left)
Merging part4.1+part4.2 with BIC score: 30740.671 (LnL: -13209.687  df: 552)
 184 TNe+G4       30434.126   part1.1+part1.2+part4.1+part4.2	0h:4m:48s (0h:0m:42s left)
 185 TNe+G4       30419.373   part3.1+part3.2+part4.1+part4.2	0h:4m:49s (0h:0m:40s left)
 186 K2P+G4       30385.843   part1.3+part4.1+part4.2	0h:4m:50s (0h:0m:38s left)
 187 K2P+G4       30489.579   part4.1+part4.2+part5.3	0h:4m:51s (0h:0m:37s left)
 188 K2P+G4       30381.347   part4.1+part4.2+part5.1+part5.2	0h:4m:52s (0h:0m:35s left)
 189 K3Pu+F+I+G4  30644.678   part2.1+part2.2+part2.3+part4.1+part4.2	0h:4m:55s (0h:0m:34s left)
 190 HKY+F+G4     30393.290   part3.3+part4.1+part4.2+part4.3	0h:4m:55s (0h:0m:32s left)
Merging part5.1+part5.2+part5.3 with BIC score: 30345.328 (LnL: -13258.611  df: 489)
 191 HKY+F+G4     30183.715   part1.1+part1.2+part5.1+part5.2+part5.3	0h:5m:4s (0h:0m:31s left)
 192 K2P+I+G4     30235.436   part3.1+part3.2+part5.1+part5.2+part5.3	0h:5m:7s (0h:0m:30s left)
 193 HKY+F+G4     30033.977   part1.3+part5.1+part5.2+part5.3	0h:5m:8s (0h:0m:28s left)
 194 K2P+G4       30076.166   part4.1+part4.2+part5.1+part5.2+part5.3	0h:5m:8s (0h:0m:27s left)
 195 K2P+G4       30226.299   part2.1+part2.2+part2.3+part5.1+part5.2+part5.3	0h:5m:9s (0h:0m:25s left)
 196 K2P+G4       30139.120   part3.3+part4.3+part5.1+part5.2+part5.3	0h:5m:10s (0h:0m:23s left)
Merging part1.1+part1.2+part3.1+part3.2 with BIC score: 29980.494 (LnL: -13338.447  df: 422)
 197 K2P+I+G4     29738.918   part1.1+part1.2+part1.3+part3.1+part3.2	0h:5m:17s (0h:0m:22s left)
 198 TNe+G4       29726.456   part1.1+part1.2+part3.1+part3.2+part4.1+part4.2	0h:5m:20s (0h:0m:21s left)
 199 HKY+F+G4     29837.066   part1.1+part1.2+part3.1+part3.2+part3.3+part4.3	0h:5m:22s (0h:0m:19s left)
 200 K3Pu+F+I+G4  29907.513   part1.1+part1.2+part2.1+part2.2+part2.3+part3.1+part3.2	0h:5m:22s (0h:0m:17s left)
 201 K2P+I+G4     29991.013   part1.1+part1.2+part3.1+part3.2+part5.1+part5.2+part5.3	0h:5m:23s (0h:0m:16s left)
Merging part1.3+part3.3+part4.3 with BIC score: 29616.224 (LnL: -13422.479  df: 354)
 202 HKY+F+G4     29501.763   part1.1+part1.2+part1.3+part3.1+part3.2+part3.3+part4.3	0h:5m:35s (0h:0m:14s left)
 203 HKY+F+G4     29273.435   part1.3+part3.3+part4.1+part4.2+part4.3	0h:5m:36s (0h:0m:13s left)
 204 TPM3u+F+G4   29589.083   part1.3+part2.1+part2.2+part2.3+part3.3+part4.3	0h:5m:38s (0h:0m:11s left)
 205 K2P+G4       29394.088   part1.3+part3.3+part4.3+part5.1+part5.2+part5.3	0h:5m:38s (0h:0m:9s left)
Merging part1.3+part3.3+part4.1+part4.2+part4.3 with BIC score: 29273.435 (LnL: -13528.994  df: 283)
 206 TN+F+G4      29111.890   part1.1+part1.2+part1.3+part3.1+part3.2+part3.3+part4.1+part4.2+part4.3	0h:5m:49s (0h:0m:8s left)
 207 K2P+G4       29045.130   part1.3+part3.3+part4.1+part4.2+part4.3+part5.1+part5.2+part5.3	0h:5m:50s (0h:0m:6s left)
 208 TPM3+F+G4    29353.156   part1.3+part2.1+part2.2+part2.3+part3.3+part4.1+part4.2+part4.3	0h:5m:51s (0h:0m:5s left)
Merging part1.3+part3.3+part4.1+part4.2+part4.3+part5.1+part5.2+part5.3 with BIC score: 29045.130 (LnL: -13684.922  df: 214)
 209 K2P+G4       28984.769   part1.1+part1.2+part1.3+part3.1+part3.2+part3.3+part4.1+part4.2+part4.3+part5.1+part5.2+part5.3	0h:6m:5s (0h:0m:3s left)
 210 TPM3+F+G4    29170.656   part1.3+part2.1+part2.2+part2.3+part3.3+part4.1+part4.2+part4.3+part5.1+part5.2+part5.3	0h:6m:6s (0h:0m:1s left)
Merging part1.1+part1.2+part2.1+part2.2+part2.3+part3.1+part3.2 with BIC score: 28972.149 (LnL: -13926.341  df: 143)
 211 TPM3u+F+I+G4 29143.589   part1.1+part1.2+part1.3+part2.1+part2.2+part2.3+part3.1+part3.2+part3.3+part4.1+part4.2+part4.3+part5.1+part5.2+part5.3	0h:6m:22s (0h:0m:0s left)
BEST-FIT PARTITION MODEL: 
  charpartition BIC = K3Pu+F+I+G4: part1.1 part1.2 part2.1 part2.2 part2.3 part3.1 part3.2, K2P+G4: part1.3 part3.3 part4.1 part4.2 part4.3 part5.1 part5.2 part5.3;
Agglomerative model selection: ((((part1.1,part1.2)1:33522.2,(part3.1,part3.2)4:32061.4)9:29980.5,((part2.1,part2.2)2:33027.5,part2.3)5:31594.3)13:28972.1,(((part1.3,(part3.3,part4.3)3:32544.2)10:29616.2,(part4.1,part4.2)7:30740.7)11:29273.4,((part5.1,part5.2)6:31160.6,part5.3)8:30345.3)12:29045.1)
Merging into 2 partitions...
Partition information was printed to 6_set196.best_scheme.nex
Partition information in Raxml format was printed to 6_set196.best_scheme

All model information printed to 6_set196.model.gz
CPU time for ModelFinder: 456.528 seconds (0h:7m:36s)
Wall-clock time for ModelFinder: 382.594 seconds (0h:6m:22s)
Generating 1000 samples for ultrafast bootstrap (seed: 626038)...

NOTE: 9 MB RAM (0 GB) is required!
Measuring multi-threading efficiency up to 8 CPU cores
Increase to 10 rounds for branch lengths
42 trees examined
Threads: 1 / Time: 8.103 sec / Speedup: 1.000 / Efficiency: 100% / LogL: -19360
Threads: 2 / Time: 5.217 sec / Speedup: 1.553 / Efficiency: 78% / LogL: -19360
Threads: 3 / Time: 15.162 sec / Speedup: 0.534 / Efficiency: 18% / LogL: -19360
BEST NUMBER OF THREADS: 2

Estimate model parameters (epsilon = 0.100)
Optimizing K2P+G4 parameters for partition part1.3+part3.3+part4.1+part4.2+part4.3+part5.1+part5.2+part5.3 (69 free parameters)
Optimizing K3Pu+F+I+G4 parameters for partition part1.1+part1.2+part2.1+part2.2+part2.3+part3.1+part3.2 (74 free parameters)
Optimal log-likelihood: -13926.340
Computing ML distances based on estimated model parameters... 0.031 sec
Computing BIONJ tree...
0.002 seconds
Log-likelihood of BIONJ tree: -14040.095
--------------------------------------------------------------------
|             INITIALIZING CANDIDATE TREE SET                      |
--------------------------------------------------------------------
Generating 98 parsimony trees... 1.878 second
Computing log-likelihood of 98 initial trees ... 4.257 seconds
Current best score: -13919.203

Do NNI search on 20 best initial trees
Estimate model parameters (epsilon = 0.100)
BETTER TREE FOUND at iteration 1: -13916.528
Iteration 10 / LogL: -13922.931 / Time: 0h:0m:46s
Iteration 20 / LogL: -13934.178 / Time: 0h:0m:53s
Finish initializing candidate tree set (11)
Current best tree score: -13916.528 / CPU time: 18.786
Number of iterations: 20
--------------------------------------------------------------------
|               OPTIMIZING CANDIDATE TREE SET                      |
--------------------------------------------------------------------
Iteration 30 / LogL: -13916.761 / Time: 0h:1m:2s (0h:2m:33s left)
Iteration 40 / LogL: -13922.971 / Time: 0h:1m:11s (0h:1m:51s left)
Iteration 50 / LogL: -13931.897 / Time: 0h:1m:20s (0h:1m:23s left)
Log-likelihood cutoff on original alignment: -14000.261
Iteration 60 / LogL: -13924.615 / Time: 0h:1m:29s (0h:1m:1s left)
Iteration 70 / LogL: -13922.882 / Time: 0h:1m:36s (0h:0m:43s left)
Iteration 80 / LogL: -13924.371 / Time: 0h:1m:45s (0h:0m:28s left)
Iteration 90 / LogL: -13985.845 / Time: 0h:1m:52s (0h:0m:13s left)
Iteration 100 / LogL: -13916.814 / Time: 0h:1m:58s (0h:0m:1s left)
Log-likelihood cutoff on original alignment: -14000.261
NOTE: Bootstrap correlation coefficient of split occurrence frequencies: 1.000
TREE SEARCH COMPLETED AFTER 102 ITERATIONS / Time: 0h:2m:1s

--------------------------------------------------------------------
|                    FINALIZING TREE SEARCH                        |
--------------------------------------------------------------------
Performs final model parameters optimization
Estimate model parameters (epsilon = 0.010)
Optimizing K2P+G4 parameters for partition part1.3+part3.3+part4.1+part4.2+part4.3+part5.1+part5.2+part5.3 (69 free parameters)
Optimizing K3Pu+F+I+G4 parameters for partition part1.1+part1.2+part2.1+part2.2+part2.3+part3.1+part3.2 (74 free parameters)
Optimal log-likelihood: -13916.527
BEST SCORE FOUND : -13916.527
Creating bootstrap support values...
Split supports printed to NEXUS file 6_set196.splits.nex
Total tree length: 0.940

Total number of iterations: 102
CPU time used for tree search: 46.618 sec (0h:0m:46s)
Wall-clock time used for tree search: 85.855 sec (0h:1m:25s)
Total CPU time used: 68.673 sec (0h:1m:8s)
Total wall-clock time used: 121.466 sec (0h:2m:1s)

Computing bootstrap consensus tree...
Reading input file 6_set196.splits.nex...
35 taxa and 175 splits.
Consensus tree written to 6_set196.contree
Reading input trees file 6_set196.contree
Log-likelihood of consensus tree: -13916.527

Analysis results written to: 
  IQ-TREE report:                6_set196.iqtree
  Maximum-likelihood tree:       6_set196.treefile
  Likelihood distances:          6_set196.mldist
  Best partitioning scheme:      6_set196.best_scheme.nex
           in RAxML format:      6_set196.best_scheme

Ultrafast bootstrap approximation results written to:
  Split support values:          6_set196.splits.nex
  Consensus tree:                6_set196.contree
  Screen log file:               6_set196.log

Date and Time: Sat Sep  8 02:51:29 2018
