IQ-TREE multicore version 1.6.7 for Mac OS X 64-bit built Aug 23 2018
Developed by Bui Quang Minh, Nguyen Lam Tung, Olga Chernomor,
Heiko Schmidt, Dominik Schrempf, Michael Woodhams.

Host:    meeps-mac-pro.staff.sydney.edu.au (AVX, 64 GB RAM)
Command: /Users/davidduchene/Desktop/Software/iqtree-1.6.7-MacOSX/bin/iqtree -s ../../../../marsupials/set126.fasta -m TESTMERGE -bb 1000 -q ../../../../marsupials/set126.nex -nt AUTO -pre 2_set126
Seed:    622590 (Using SPRNG - Scalable Parallel Random Number Generator)
Time:    Fri Sep  7 09:16:51 2018
Kernel:  AVX - auto-detect threads (8 CPU cores detected)

Reading partition model file ../../../../marsupials/set126.nex ...
Reading alignment file ../../../../marsupials/set126.fasta ... Fasta format detected
Alignment most likely contains DNA/RNA sequences
Alignment has 35 sequences with 3753 columns, 1129 distinct patterns
826 parsimony-informative, 422 singleton sites, 2505 constant sites
                                              Gap/Ambiguity  Composition  p-value
   1  Burramyidae_Burramys_parvus                     0.53%    passed     95.32%
   2  Notoryctidae_Notoryctes_typhlops                4.45%    passed     61.30%
   3  Vombatidae_Lasiorhinus_latifrons                0.67%    passed     99.79%
   4  Potoroidae_Bettongia_penicillata                0.45%    passed     99.51%
   5  Potoroidae_Bettongia_lesueur                    0.45%    passed     94.65%
   6  Dasyuridae_Dasyurus_maculatus                   0.24%    passed     94.99%
   7  Phalangeridae_Trichosurus_vulpecula             4.10%    passed     97.65%
   8  Phalangeridae_Spilocuscus_maculatus             0.32%    passed     99.93%
   9  Potoroidae_Aepyprymnus_rufescens                0.16%    passed     86.99%
  10  Peramelidae_Perameles_nasuta                    1.41%    passed     81.92%
  11  Phalangeridae_Strigocuscus_pelengensis          1.17%    passed     95.41%
  12  Dasyuridae_Phascogale_tapoatafa                 0.29%    passed     98.92%
  13  Dasyuridae_Sminthopsis_macroura                 0.11%    passed     98.52%
  14  Phalangeridae_Phalanger_orientalis              0.27%    passed     96.78%
  15  Acrobatidae_Acrobates_pygmaeus                  1.41%    passed     95.53%
  16  Dasyuridae_Phascogale_calura                    0.13%    passed     99.37%
  17  Dasyuridae_Sarcophilus_harrisii                 0.08%    passed     94.16%
  18  Dasyuridae_Planigale_tenuirostris               3.09%    passed     88.71%
  19  Peramelidae_Echymipera_kalubu                   0.32%    passed     64.63%
  20  Macropodidae_Dorcopsulus_vanheurni              0.08%    passed     88.18%
  21  Pseudochiridae_Pseudochirulus_forbesi           0.16%    passed     96.57%
  22  Didelphidae_Didelphis_virginiana                1.33%    passed      9.40%
  23  Marmosidae_Monodelphis_domestica                0.21%    passed     57.45%
  24  Dasyuridae_Antechinus_stuartii                  0.11%    passed     95.13%
  25  Hypsiprymnodontidae_Hypsiprymnodon_moschatus    0.19%    passed     93.00%
  26  Microbiotheriidae_Dromiciops_gliroides          1.49%    passed     79.06%
  27  Pseudochiridae_Petauroides_volans               0.27%    passed     98.26%
  28  Macropodidae_Wallabia_bicolor                   0.53%    passed     93.27%
  29  Pseudochiridae_Pseudocheirus_occidentalis       3.52%    passed     99.15%
  30  Tarsipedidae_Tarsipes_rostratus                 4.72%    passed     46.59%
  31  Acrobatidae_Distoechurus_pennatus               0.03%    passed     79.36%
  32  Phalangeridae_Phalanger_carmelitae              0.32%    passed     98.09%
  33  Peramelidae_Peroryctes_raffrayana               2.66%    passed     77.55%
  34  Dasyuridae_Dasyurus_geffroii                    0.11%    passed     96.56%
  35  Peramelidae_Perameles_gunnii                    0.61%    passed     72.78%
****  TOTAL                                           1.03%  0 sequences failed composition chi2 test (p-value<5%; df=3)
NOTE: No CharPartition defined, use all CharSets

Loading 15 partitions...
Subset	Type	Seqs	Sites	Infor	Invar	Model	Name
1		35	147	8	115	TESTMERGE	part1.1
2		35	147	8	121	TESTMERGE	part1.2
3		35	147	15	101	TESTMERGE	part1.3
4		35	175	1	171	TESTMERGE	part2.1
5		35	175	1	174	TESTMERGE	part2.2
6		35	175	42	102	TESTMERGE	part2.3
7		35	160	11	142	TESTMERGE	part3.1
8		35	160	14	135	TESTMERGE	part3.2
9		35	160	78	57	TESTMERGE	part3.3
10		35	377	66	275	TESTMERGE	part4.1
11		35	377	24	326	TESTMERGE	part4.2
12		35	377	201	99	TESTMERGE	part4.3
13		35	392	100	250	TESTMERGE	part5.1
14		35	392	77	286	TESTMERGE	part5.2
15		35	392	180	151	TESTMERGE	part5.3
Degree of missing data: 0.000
Info: multi-threading strategy over partitions



Create initial parsimony tree by phylogenetic likelihood library (PLL)... 0.013 seconds
NOTE: ModelFinder requires 13 MB RAM!
NUMBER OF THREADS FOR PARTITION FINDING: 8
Testing GTR+F+G on supermatrix...
GTR+F+G4 / LnL: -19210.130 / df: 76 / AIC: 38572.260 / AICc: 38575.444 / BIC: 39045.763
Selecting individual models for 15 charsets using BIC...
 No. Model        Score       Charset
   1 K3P+G4       1247.571    part1.3
   2 TPM3u+F+G4   1816.415    part2.3
   3 K3P+I+G4     3350.584    part4.1
   4 K2P+G4       4208.976    part5.1
   5 TVMe+G4      3327.791    part5.2
   6 K2P+G4       2733.820    part3.3
   7 K3P+I+G4     7759.633    part4.3
   8 K2P+G4       6710.713    part5.3
   9 K2P+G4       977.566     part1.1
  10 TPM2+F+I+G4  2148.794    part4.2	0h:0m:14s (0h:4m:50s left)
  11 JC+G4        917.593     part1.2	0h:0m:14s (0h:4m:23s left)
  12 TIM+F+G4     848.517     part3.1	0h:0m:15s (0h:4m:20s left)
  13 F81+F+I+G4   518.784     part2.2	0h:0m:16s (0h:4m:13s left)
  14 TNe+G4       888.941     part3.2	0h:0m:16s (0h:3m:54s left)
  15 JC+I+G4      589.294     part2.1	0h:0m:17s (0h:3m:42s left)
Full partition model BIC score: 38748.378 (LnL: -18872.140  df:122)
Merging models to increase model fit (about 211 total partition schemes)...
  16 K2P+G4       38771.404   part5.2+part5.3	0h:0m:24s (0h:4m:54s left)
  17 K3P+G4       38755.571   part4.1+part5.3	0h:0m:25s (0h:4m:48s left)
  18 K3P+I+G4     38736.776   part3.3+part4.3	0h:0m:25s (0h:4m:37s left)
  19 K3P+I+G4     38728.125   part4.1+part4.3	0h:0m:26s (0h:4m:23s left)
  20 K3P+I+G4     38766.766   part4.3+part5.1	0h:0m:26s (0h:4m:13s left)
  21 TIM3e+I+G4   38761.008   part4.3+part5.2	0h:0m:26s (0h:4m:2s left)
  22 K2P+G4       38761.512   part5.1+part5.3	0h:0m:28s (0h:4m:4s left)
  23 K3P+I+G4     38734.541   part4.3+part5.3	0h:0m:32s (0h:4m:25s left)
  24 K3P+I+G4     38729.287   part2.3+part4.3	0h:0m:34s (0h:4m:29s left)
  25 K2P+G4       38723.407   part2.3+part5.3	0h:0m:35s (0h:4m:23s left)
  26 K3P+I+G4     38734.385   part1.1+part4.3	0h:0m:35s (0h:4m:12s left)
  27 K3P+I+G4     38724.376   part1.3+part4.3	0h:0m:35s (0h:4m:4s left)
  28 K2P+G4       38732.366   part3.3+part5.3	0h:0m:37s (0h:4m:4s left)
  29 TIM3e+I+G4   38783.416   part4.2+part4.3	0h:0m:38s (0h:4m:1s left)
  30 K2P+G4       38724.550   part1.3+part5.3	0h:0m:40s (0h:4m:2s left)
  31 K3P+I+G4     38747.743   part1.2+part4.3	0h:0m:42s (0h:4m:5s left)
  32 K2P+G4       38751.367   part1.2+part5.3	0h:0m:44s (0h:4m:9s left)
  33 K3Pu+F+I+G4  38752.714   part3.2+part4.3	0h:0m:46s (0h:4m:10s left)
  34 K2P+G4       38735.375   part1.1+part5.3	0h:0m:46s (0h:4m:2s left)
  35 K2P+G4       38794.782   part4.2+part5.3	0h:0m:48s (0h:4m:3s left)
  36 TIMe+I+G4    38838.940   part2.1+part4.3	0h:0m:49s (0h:3m:59s left)
  37 K2P+G4       38757.626   part3.2+part5.3	0h:0m:51s (0h:4m:3s left)
  38 GTR+F+I+G4   38783.287   part3.1+part4.3	0h:0m:51s (0h:3m:55s left)
  39 K3P+I+G4     38861.907   part2.2+part4.3	0h:0m:53s (0h:3m:57s left)
  40 K2P+G4       38739.628   part5.1+part5.2	0h:0m:57s (0h:4m:4s left)
  41 K3Pu+F+G4    38748.346   part4.1+part5.1	0h:0m:57s (0h:4m:0s left)
  42 K2P+I+G4     38879.965   part2.2+part5.3	0h:0m:58s (0h:3m:56s left)
  43 K2P+I+G4     38855.556   part2.1+part5.3	0h:0m:58s (0h:3m:49s left)
  44 TPM3u+F+I+G4 38756.734   part4.1+part5.2	0h:0m:59s (0h:3m:44s left)
  45 K2P+G4       38802.289   part3.1+part5.3	0h:0m:59s (0h:3m:39s left)
  46 K2P+G4       38757.368   part3.3+part5.1	0h:0m:59s (0h:3m:34s left)
  47 K2P+G4       38768.161   part3.3+part5.2	0h:1m:1s (0h:3m:36s left)
  48 K2P+G4       38748.604   part2.3+part5.1	0h:1m:5s (0h:3m:42s left)
  49 K3P+G4       38752.785   part3.3+part4.1	0h:1m:6s (0h:3m:40s left)
  50 K2P+G4       38736.722   part1.3+part5.1	0h:1m:8s (0h:3m:39s left)
  51 K2P+G4       38732.322   part1.1+part5.1	0h:1m:8s (0h:3m:34s left)
  52 K2P+G4       38739.192   part1.2+part5.1	0h:1m:8s (0h:3m:30s left)
  53 HKY+F+G4     38754.977   part4.2+part5.1	0h:1m:9s (0h:3m:26s left)
  54 K3P+G4       38745.015   part2.3+part4.1	0h:1m:10s (0h:3m:26s left)
  55 TPM3u+F+G4   38741.940   part2.3+part5.2	0h:1m:13s (0h:3m:28s left)
  56 TVMe+G4      38742.677   part1.3+part5.2	0h:1m:15s (0h:3m:27s left)
  57 TPM3u+F+G4   38739.975   part1.1+part5.2	0h:1m:17s (0h:3m:30s left)
  58 K2P+G4       38721.109   part2.3+part3.3	0h:1m:18s (0h:3m:28s left)
  59 TIM3e+I+G4   38742.916   part4.2+part5.2	0h:1m:19s (0h:3m:24s left)
  60 K3P+I+G4     38733.391   part1.3+part4.1	0h:1m:19s (0h:3m:19s left)
  61 HKY+F+I+G4   38753.265   part4.1+part4.2	0h:1m:20s (0h:3m:17s left)
  62 K3P+I+G4     38737.121   part1.1+part4.1	0h:1m:21s (0h:3m:16s left)
  63 K2P+G4       38724.561   part1.3+part3.3	0h:1m:22s (0h:3m:13s left)
  64 K2P+G4       38790.062   part3.3+part4.2	0h:1m:23s (0h:3m:12s left)
  65 TPM3u+F+G4   38733.931   part1.2+part5.2	0h:1m:24s (0h:3m:10s left)
  66 TNe+G4       38755.170   part3.2+part5.1	0h:1m:26s (0h:3m:9s left)
  67 K3Pu+F+I+G4  38748.592   part1.2+part4.1	0h:1m:26s (0h:3m:5s left)
  68 K2P+G4       38736.662   part1.1+part3.3	0h:1m:26s (0h:3m:1s left)
  69 K2P+G4       38752.984   part1.2+part3.3	0h:1m:27s (0h:2m:59s left)
  70 TPM2u+F+G4   38768.044   part3.1+part5.1	0h:1m:28s (0h:2m:57s left)
  71 HKY+F+G4     38833.829   part2.1+part5.1	0h:1m:29s (0h:2m:55s left)
  72 TNe+G4       38858.586   part2.2+part5.1	0h:1m:31s (0h:2m:57s left)
  73 TPM3+F+G4    38722.721   part1.3+part2.3	0h:1m:33s (0h:2m:57s left)
  74 TPM3u+F+I+G4 38753.236   part3.2+part5.2	0h:1m:33s (0h:2m:53s left)
  75 K2P+I+G4     38781.014   part2.3+part4.2	0h:1m:34s (0h:2m:51s left)
  76 K2P+G4       38727.754   part1.1+part2.3	0h:1m:34s (0h:2m:48s left)
  77 K2P+I+G4     38752.320   part1.3+part4.2	0h:1m:34s (0h:2m:45s left)
  78 K2P+G4       38727.304   part1.1+part1.3	0h:1m:35s (0h:2m:42s left)
  79 TIMe+I+G4    38737.578   part3.2+part4.1	0h:1m:37s (0h:2m:43s left)
  80 TVMe+I+G4    38781.887   part3.1+part5.2	0h:1m:39s (0h:2m:42s left)
  81 K2P+G4       38758.479   part3.2+part3.3	0h:1m:42s (0h:2m:44s left)
  82 K3Pu+F+I+G4  38758.879   part3.1+part4.1	0h:1m:42s (0h:2m:41s left)
  83 K2P+G4       38740.689   part1.2+part1.3	0h:1m:44s (0h:2m:40s left)
  84 TVMe+I+G4    38817.973   part2.1+part5.2	0h:1m:45s (0h:2m:40s left)
  85 HKY+F+G4     38737.509   part1.2+part2.3	0h:1m:45s (0h:2m:36s left)
  86 K2P+I+G4     38736.339   part1.1+part4.2	0h:1m:46s (0h:2m:34s left)
  87 TPM2u+F+G4   38812.104   part3.1+part3.3	0h:1m:48s (0h:2m:34s left)
  88 K3Pu+F+I+G4  38805.416   part2.1+part4.1	0h:1m:50s (0h:2m:34s left)
  89 K2P+G4       38739.391   part1.1+part1.2	0h:1m:55s (0h:2m:38s left)
  90 K2P+G4       38850.406   part2.1+part3.3	0h:1m:56s (0h:2m:36s left)
  91 K2P+I+G4     38729.168   part1.2+part4.2	0h:1m:56s (0h:2m:33s left)
  92 TPM3u+F+I+G4 38830.852   part2.2+part5.2	0h:1m:57s (0h:2m:32s left)
  93 K3Pu+F+I+G4  38829.819   part2.2+part4.1	0h:1m:57s (0h:2m:29s left)
  94 K2P+G4       38874.074   part2.2+part3.3	0h:1m:58s (0h:2m:28s left)
  95 TN+F+G4      38756.566   part2.3+part3.2	0h:1m:59s (0h:2m:26s left)
  96 K2P+G4       38744.155   part1.3+part3.2	0h:2m:1s (0h:2m:24s left)
  97 K2P+G4       38794.324   part2.3+part3.1	0h:2m:2s (0h:2m:23s left)
  98 TPM2u+F+I+G4 38786.565   part1.3+part3.1	0h:2m:2s (0h:2m:21s left)
  99 K2P+I+G4     38739.275   part3.2+part4.2	0h:2m:3s (0h:2m:19s left)
 100 TNe+I+G4     38845.060   part2.1+part2.3	0h:2m:4s (0h:2m:18s left)
 101 HKY+F+I+G4   38743.622   part3.1+part4.2	0h:2m:4s (0h:2m:16s left)
 102 TNe+G4       38740.808   part1.1+part3.2	0h:2m:5s (0h:2m:14s left)
 103 TPM2u+F+I+G4 38776.641   part1.1+part3.1	0h:2m:5s (0h:2m:11s left)
 104 TNe+I+G4     38809.495   part1.3+part2.1	0h:2m:9s (0h:2m:13s left)
 105 TPM3u+F+I+G4 38857.529   part2.2+part2.3	0h:2m:12s (0h:2m:13s left)
 106 TIMe+I+G4    38768.331   part1.2+part3.1	0h:2m:12s (0h:2m:11s left)
 107 TNe+I+G4     38749.166   part1.2+part3.2	0h:2m:14s (0h:2m:10s left)
 108 TNe+I+G4     38831.489   part1.3+part2.2	0h:2m:14s (0h:2m:8s left)
 109 TPM2u+F+I+G4 38760.293   part2.1+part4.2	0h:2m:16s (0h:2m:7s left)
 110 TNe+I+G4     38791.176   part1.1+part2.1	0h:2m:16s (0h:2m:5s left)
 111 K2P+I+G4     38767.656   part2.2+part4.2	0h:2m:20s (0h:2m:7s left)
 112 K2P+I+G4     38804.077   part1.1+part2.2	0h:2m:23s (0h:2m:6s left)
 113 HKY+F+I+G4   38779.249   part1.2+part2.1	0h:2m:24s (0h:2m:5s left)
 114 TIMe+I+G4    38750.474   part3.1+part3.2	0h:2m:25s (0h:2m:3s left)
 115 F81+F+I+G4   38774.327   part1.2+part2.2	0h:2m:26s (0h:2m:2s left)
 116 K3Pu+F+I+G4  38767.633   part2.1+part3.1	0h:2m:27s (0h:2m:0s left)
 117 TNe+I+G4     38764.490   part2.1+part3.2	0h:2m:27s (0h:1m:58s left)
 118 TNe+I+G4     38768.986   part2.2+part3.2	0h:2m:28s (0h:1m:56s left)
 119 TIMe+I+G4    38772.808   part2.2+part3.1	0h:2m:28s (0h:1m:55s left)
 120 F81+F+I+G4   38729.776   part2.1+part2.2	0h:2m:30s (0h:1m:53s left)
Merging part2.3+part3.3 with BIC score: 38721.109 (LnL: -18883.196  df: 116)
 121 K2P+G4       38711.326   part1.1+part2.3+part3.3	0h:2m:37s (0h:1m:57s left)
 122 K3P+G4       38737.350   part2.3+part3.3+part4.1	0h:2m:38s (0h:1m:55s left)
 123 K2P+G4       38697.656   part1.3+part2.3+part3.3	0h:2m:38s (0h:1m:53s left)
 124 K2P+G4       38779.650   part2.3+part3.3+part4.2	0h:2m:38s (0h:1m:51s left)
 125 K2P+G4       38743.800   part2.3+part3.3+part5.1	0h:2m:38s (0h:1m:49s left)
 126 TPM3u+F+G4   38761.397   part2.3+part3.3+part5.2	0h:2m:39s (0h:1m:47s left)
 127 K2P+G4       38707.013   part2.3+part3.3+part5.3	0h:2m:42s (0h:1m:47s left)
 128 K3P+I+G4     38715.859   part2.3+part3.3+part4.3	0h:2m:43s (0h:1m:46s left)
 129 K2P+G4       38835.560   part2.1+part2.3+part3.3	0h:2m:45s (0h:1m:45s left)
 130 K2P+G4       38734.264   part2.3+part3.2+part3.3	0h:2m:45s (0h:1m:43s left)
 131 K2P+G4       38729.530   part1.2+part2.3+part3.3	0h:2m:46s (0h:1m:41s left)
 132 K2P+G4       38783.171   part2.3+part3.1+part3.3	0h:2m:46s (0h:1m:39s left)
 133 HKY+F+G4     38865.231   part2.2+part2.3+part3.3	0h:2m:46s (0h:1m:37s left)
Merging part1.3+part4.3 with BIC score: 38697.106 (LnL: -18883.541  df: 113)
 134 K3P+I+G4     38697.529   part1.2+part1.3+part4.3	0h:2m:56s (0h:1m:41s left)
 135 K3P+I+G4     38683.850   part1.1+part1.3+part4.3	0h:2m:56s (0h:1m:39s left)
 136 K3P+I+G4     38679.357   part1.3+part4.1+part4.3	0h:2m:57s (0h:1m:38s left)
 137 TIM3e+I+G4   38732.776   part1.3+part4.2+part4.3	0h:2m:58s (0h:1m:36s left)
 138 K3P+I+G4     38717.691   part1.3+part4.3+part5.1	0h:2m:58s (0h:1m:34s left)
 139 TIM3e+I+G4   38710.152   part1.3+part4.3+part5.2	0h:2m:58s (0h:1m:32s left)
 140 K3P+I+G4     38691.588   part1.3+part2.3+part3.3+part4.3	0h:2m:58s (0h:1m:30s left)
 141 K3P+I+G4     38683.355   part1.3+part4.3+part5.3	0h:3m:2s (0h:1m:30s left)
 142 K3P+I+G4     38698.066   part1.3+part3.2+part4.3	0h:3m:5s (0h:1m:29s left)
 143 TVM+F+I+G4   38737.844   part1.3+part3.1+part4.3	0h:3m:5s (0h:1m:28s left)
 144 K3P+I+G4     38813.267   part1.3+part2.2+part4.3	0h:3m:6s (0h:1m:26s left)
 145 TIMe+I+G4    38789.919   part1.3+part2.1+part4.3	0h:3m:6s (0h:1m:24s left)
Merging part1.2+part4.2 with BIC score: 38677.896 (LnL: -18894.511  df: 108)
 146 HKY+F+G4     38698.087   part1.2+part4.2+part5.1	0h:3m:12s (0h:1m:25s left)
 147 K2P+I+G4     38670.797   part1.1+part1.2+part4.2	0h:3m:13s (0h:1m:24s left)
 148 TVM+F+I+G4   38681.189   part1.2+part4.2+part5.2	0h:3m:13s (0h:1m:22s left)
 149 K2P+I+G4     38676.185   part1.2+part3.2+part4.2	0h:3m:14s (0h:1m:20s left)
 150 HKY+F+I+G4   38692.618   part1.2+part4.1+part4.2	0h:3m:14s (0h:1m:19s left)
 151 K2P+I+G4     38754.726   part1.2+part2.3+part3.3+part4.2	0h:3m:16s (0h:1m:17s left)
 152 K2P+I+G4     38741.805   part1.2+part4.2+part5.3	0h:3m:16s (0h:1m:16s left)
 153 TIM3e+I+G4   38729.636   part1.2+part1.3+part4.2+part4.3	0h:3m:18s (0h:1m:15s left)
 154 K2P+I+G4     38685.617   part1.2+part3.1+part4.2	0h:3m:20s (0h:1m:14s left)
 155 TPM2u+F+I+G4 38703.659   part1.2+part2.1+part4.2	0h:3m:21s (0h:1m:12s left)
 156 TPM2u+F+I+G4 38716.089   part1.2+part2.2+part4.2	0h:3m:21s (0h:1m:11s left)
Merging part2.1+part2.2 with BIC score: 38659.294 (LnL: -18893.441  df: 106)
 157 HKY+F+I+G4   38853.007   part2.1+part2.2+part5.1	0h:3m:28s (0h:1m:11s left)
 158 K3Pu+F+I+G4  38782.805   part2.1+part2.2+part4.1	0h:3m:29s (0h:1m:10s left)
 159 TPM3u+F+I+G4 38800.030   part2.1+part2.2+part5.2	0h:3m:32s (0h:1m:9s left)
 160 K2P+I+G4     38893.413   part2.1+part2.2+part5.3	0h:3m:34s (0h:1m:8s left)
 161 HKY+F+I+G4   38731.464   part1.1+part2.1+part2.2	0h:3m:35s (0h:1m:6s left)
 162 TIMe+I+G4    38873.390   part1.3+part2.1+part2.2+part4.3	0h:3m:35s (0h:1m:5s left)
 163 K3P+I+G4     38692.116   part2.1+part2.2+part3.1	0h:3m:35s (0h:1m:3s left)
 164 TPM2u+F+I+G4 38717.441   part1.2+part2.1+part2.2+part4.2	0h:3m:37s (0h:1m:2s left)
 165 K2P+I+G4     38902.191   part2.1+part2.2+part2.3+part3.3	0h:3m:38s (0h:1m:0s left)
 166 TNe+I+G4     38691.691   part2.1+part2.2+part3.2	0h:3m:39s (0h:0m:59s left)
Merging part1.3+part4.1+part4.3 with BIC score: 38641.544 (LnL: -18901.026  df: 102)
 167 K3P+I+G4     38639.720   part1.3+part3.2+part4.1+part4.3	0h:3m:50s (0h:1m:0s left)
 168 K3P+I+G4     38628.268   part1.1+part1.3+part4.1+part4.3	0h:3m:51s (0h:0m:59s left)
 169 TVMe+I+G4    38663.799   part1.3+part4.1+part4.3+part5.2	0h:3m:51s (0h:0m:57s left)
 170 TVMe+I+G4    38675.132   part1.3+part3.1+part4.1+part4.3	0h:3m:52s (0h:0m:55s left)
 171 K3P+I+G4     38845.673   part1.3+part2.1+part2.2+part4.1+part4.3	0h:3m:52s (0h:0m:54s left)
 172 K3P+I+G4     38690.190   part1.2+part1.3+part4.1+part4.2+part4.3	0h:3m:52s (0h:0m:52s left)
 173 TVMe+I+G4    38667.003   part1.3+part4.1+part4.3+part5.1	0h:3m:53s (0h:0m:51s left)
 174 K3P+I+G4     38636.760   part1.3+part4.1+part4.3+part5.3	0h:3m:55s (0h:0m:50s left)
 175 K3P+I+G4     38646.498   part1.3+part2.3+part3.3+part4.1+part4.3	0h:4m:2s (0h:0m:49s left)
Merging part1.1+part5.1 with BIC score: 38625.488 (LnL: -18901.229  df: 100)
 176 TPM2+F+G4    38651.489   part1.1+part3.1+part5.1	0h:4m:8s (0h:0m:49s left)
 177 TNe+G4       38631.454   part1.1+part3.2+part5.1	0h:4m:8s (0h:0m:47s left)
 178 K2P+G4       38617.142   part1.1+part5.1+part5.2	0h:4m:8s (0h:0m:46s left)
 179 HKY+F+I+G4   38645.463   part1.1+part1.2+part4.2+part5.1	0h:4m:9s (0h:0m:44s left)
 180 HKY+F+I+G4   38821.583   part1.1+part2.1+part2.2+part5.1	0h:4m:9s (0h:0m:42s left)
 181 K2P+G4       38649.183   part1.1+part2.3+part3.3+part5.1	0h:4m:10s (0h:0m:41s left)
 182 K2P+G4       38639.211   part1.1+part5.1+part5.3	0h:4m:12s (0h:0m:40s left)
 183 TVMe+I+G4    38651.529   part1.1+part1.3+part4.1+part4.3+part5.1	0h:4m:13s (0h:0m:38s left)
Merging part2.3+part3.3+part5.3 with BIC score: 38611.392 (LnL: -18902.411  df: 98)
 184 K2P+G4       38647.306   part2.3+part3.3+part5.2+part5.3	0h:4m:24s (0h:0m:38s left)
 185 K2P+G4       38623.340   part2.3+part3.2+part3.3+part5.3	0h:4m:25s (0h:0m:37s left)
 186 K2P+I+G4     38692.192   part1.2+part2.3+part3.3+part4.2+part5.3	0h:4m:26s (0h:0m:35s left)
 187 K2P+I+G4     38872.833   part2.1+part2.2+part2.3+part3.3+part5.3	0h:4m:26s (0h:0m:34s left)
 188 K2P+G4       38671.905   part2.3+part3.1+part3.3+part5.3	0h:4m:27s (0h:0m:32s left)
 189 K2P+G4       38638.780   part1.1+part2.3+part3.3+part5.1+part5.3	0h:4m:27s (0h:0m:31s left)
 190 K3P+I+G4     38617.680   part1.3+part2.3+part3.3+part4.1+part4.3+part5.3	0h:4m:31s (0h:0m:29s left)
Merging part1.1+part5.1+part5.2 with BIC score: 38603.046 (LnL: -18918.814  df: 93)
 191 K2P+G4       38610.240   part1.1+part3.2+part5.1+part5.2	0h:4m:39s (0h:0m:29s left)
 192 K2P+G4       38636.782   part1.1+part3.1+part5.1+part5.2	0h:4m:39s (0h:0m:27s left)
 193 TPM3u+F+I+G4 38800.576   part1.1+part2.1+part2.2+part5.1+part5.2	0h:4m:39s (0h:0m:26s left)
 194 TPM3u+F+I+G4 38618.121   part1.1+part1.2+part4.2+part5.1+part5.2	0h:4m:40s (0h:0m:24s left)
 195 K2P+I+G4     38657.969   part1.1+part2.3+part3.3+part5.1+part5.2+part5.3	0h:4m:44s (0h:0m:23s left)
 196 TVMe+I+G4    38643.094   part1.1+part1.3+part4.1+part4.3+part5.1+part5.2	0h:4m:44s (0h:0m:21s left)
Merging part1.3+part3.2+part4.1+part4.3 with BIC score: 38601.222 (LnL: -18930.247  df: 90)
 197 TVMe+I+G4    38631.564   part1.3+part3.1+part3.2+part4.1+part4.3	0h:4m:55s (0h:0m:21s left)
 198 K3P+I+G4     38800.245   part1.3+part2.1+part2.2+part3.2+part4.1+part4.3	0h:4m:56s (0h:0m:19s left)
 199 K3P+I+G4     38647.520   part1.2+part1.3+part3.2+part4.1+part4.2+part4.3	0h:4m:57s (0h:0m:17s left)
 200 TVMe+I+G4    38642.254   part1.1+part1.3+part3.2+part4.1+part4.3+part5.1+part5.2	0h:4m:59s (0h:0m:16s left)
 201 K3P+I+G4     38613.163   part1.3+part2.3+part3.2+part3.3+part4.1+part4.3+part5.3	0h:5m:0s (0h:0m:14s left)
BEST-FIT PARTITION MODEL: 
  charpartition BIC = K2P+G4: part1.1 part5.1 part5.2, K2P+I+G4: part1.2 part4.2, K3P+I+G4: part1.3 part3.2 part4.1 part4.3, F81+F+I+G4: part2.1 part2.2, K2P+G4: part2.3 part3.3 part5.3, TIM+F+G4: part3.1;
Agglomerative model selection: (((part1.1,part5.1)6:38625.5,part5.2)8:38603,(part1.2,part4.2)3:38677.9,(((part1.3,part4.3)2:38697.1,part4.1)5:38641.5,part3.2)9:38601.2,(part2.1,part2.2)4:38659.3,((part2.3,part3.3)1:38721.1,part5.3)7:38611.4,part3.1)
Merging into 6 partitions...
Partition information was printed to 2_set126.best_scheme.nex
Partition information in Raxml format was printed to 2_set126.best_scheme

All model information printed to 2_set126.model.gz
CPU time for ModelFinder: 315.477 seconds (0h:5m:15s)
Wall-clock time for ModelFinder: 301.151 seconds (0h:5m:1s)
Generating 1000 samples for ultrafast bootstrap (seed: 622590)...

NOTE: 11 MB RAM (0 GB) is required!
Measuring multi-threading efficiency up to 8 CPU cores
Increase to 10 rounds for branch lengths
12 trees examined
Threads: 1 / Time: 8.243 sec / Speedup: 1.000 / Efficiency: 100% / LogL: -28588
Threads: 2 / Time: 16.209 sec / Speedup: 0.509 / Efficiency: 25% / LogL: -28588
BEST NUMBER OF THREADS: 1

Estimate model parameters (epsilon = 0.100)
Initial log-likelihood: -20026.439
Current log-likelihood at step 1: -19064.645
Current log-likelihood at step 2: -18993.870
Current log-likelihood at step 3: -18900.829
Current log-likelihood at step 4: -18900.663
Current log-likelihood at step 5: -18900.465
Current log-likelihood at step 6: -18900.457
Parameters optimization took 5 rounds (3.085 sec)

Computing ML distances based on estimated model parameters... 0.064 sec
Computing BIONJ tree...
0.005 seconds
Log-likelihood of BIONJ tree: -18899.315
--------------------------------------------------------------------
|             INITIALIZING CANDIDATE TREE SET                      |
--------------------------------------------------------------------
Generating 98 parsimony trees... 6.369 second
Computing log-likelihood of 98 initial trees ... 20.636 seconds
Current best score: -18896.003

Do NNI search on 20 best initial trees
Estimate model parameters (epsilon = 0.100)
Initial log-likelihood: -18895.396
Current log-likelihood at step 1: -18895.366
Parameters optimization took 0 rounds (0.325 sec)

BETTER TREE FOUND at iteration 1: -18895.366
UPDATE BEST LOG-LIKELIHOOD: -18895.366
Iteration 10 / LogL: -18895.366 / Time: 0h:1m:13s
Iteration 20 / LogL: -18895.388 / Time: 0h:1m:35s
Finish initializing candidate tree set (2)
Current best tree score: -18895.366 / CPU time: 67.294
Number of iterations: 20
--------------------------------------------------------------------
|               OPTIMIZING CANDIDATE TREE SET                      |
--------------------------------------------------------------------
Iteration 30 / LogL: -18896.035 / Time: 0h:1m:53s (0h:4m:37s left)
Iteration 40 / LogL: -18898.232 / Time: 0h:2m:14s (0h:3m:30s left)
Iteration 50 / LogL: -18899.248 / Time: 0h:2m:34s (0h:2m:40s left)
Log-likelihood cutoff on original alignment: -18933.166
Iteration 60 / LogL: -18896.036 / Time: 0h:2m:55s (0h:2m:1s left)
Iteration 70 / LogL: -18898.236 / Time: 0h:3m:14s (0h:1m:27s left)
Iteration 80 / LogL: -18896.045 / Time: 0h:3m:37s (0h:0m:57s left)
Iteration 90 / LogL: -18896.032 / Time: 0h:3m:57s (0h:0m:29s left)
Iteration 100 / LogL: -18896.178 / Time: 0h:4m:18s (0h:0m:2s left)
Log-likelihood cutoff on original alignment: -18933.119
NOTE: Bootstrap correlation coefficient of split occurrence frequencies: 1.000
TREE SEARCH COMPLETED AFTER 102 ITERATIONS / Time: 0h:4m:22s

--------------------------------------------------------------------
|                    FINALIZING TREE SEARCH                        |
--------------------------------------------------------------------
Performs final model parameters optimization
Estimate model parameters (epsilon = 0.010)
Initial log-likelihood: -18895.366
Current log-likelihood at step 1: -18895.364
Parameters optimization took 0 rounds (0.253 sec)

BEST SCORE FOUND : -18895.364
Creating bootstrap support values...
Split supports printed to NEXUS file 2_set126.splits.nex
Total tree length: 1.042

Total number of iterations: 102
CPU time used for tree search: 65.788 sec (0h:1m:5s)
Wall-clock time used for tree search: 233.677 sec (0h:3m:53s)
Total CPU time used: 73.244 sec (0h:1m:13s)
Total wall-clock time used: 263.380 sec (0h:4m:23s)

Computing bootstrap consensus tree...
Reading input file 2_set126.splits.nex...
35 taxa and 117 splits.
Consensus tree written to 2_set126.contree
Reading input trees file 2_set126.contree
Log-likelihood of consensus tree: -18895.364

Analysis results written to: 
  IQ-TREE report:                2_set126.iqtree
  Maximum-likelihood tree:       2_set126.treefile
  Likelihood distances:          2_set126.mldist
  Best partitioning scheme:      2_set126.best_scheme.nex
           in RAxML format:      2_set126.best_scheme

Ultrafast bootstrap approximation results written to:
  Split support values:          2_set126.splits.nex
  Consensus tree:                2_set126.contree
  Screen log file:               2_set126.log

Date and Time: Fri Sep  7 09:26:16 2018
