IQ-TREE multicore version 1.6.7 for Mac OS X 64-bit built Aug 23 2018
Developed by Bui Quang Minh, Nguyen Lam Tung, Olga Chernomor,
Heiko Schmidt, Dominik Schrempf, Michael Woodhams.

Host:    meeps-mac-pro.staff.sydney.edu.au (AVX, 64 GB RAM)
Command: /Users/davidduchene/Desktop/Software/iqtree-1.6.7-MacOSX/bin/iqtree -s ../../../RobAlignments/1_Devitt_2013.fasta -m TESTMERGE -bb 1000 -spp ../../../RobAlignments/1_Devitt_2013_partitions.nex -nt 2 -pre 4_setDevitt_2013
Seed:    989361 (Using SPRNG - Scalable Parallel Random Number Generator)
Time:    Fri Sep  7 08:50:34 2018
Kernel:  AVX - 2 threads (8 CPU cores detected)

Reading partition model file ../../../RobAlignments/1_Devitt_2013_partitions.nex ...
Reading alignment file ../../../RobAlignments/1_Devitt_2013.fasta ... Fasta format detected
Alignment most likely contains DNA/RNA sequences
Alignment has 69 sequences with 823 columns, 78 distinct patterns
65 parsimony-informative, 38 singleton sites, 720 constant sites
                 Gap/Ambiguity  Composition  p-value
   1  croc_TJD307_ND4    0.24%    passed     95.79%
   2  MVZ229220_ND4      0.12%    passed     99.04%
   3  SDFIELD1167_ND4    0.12%    passed     99.04%
   4  SDFIELD1343_ND4    0.12%    passed     97.88%
   5  TJD273_ND4         0.12%    passed     99.81%
   6  TJD300_ND4         0.12%    passed     99.78%
   7  SDFIELD573_ND4     0.36%    passed     94.69%
   8  SDFIELD574_ND4     0.36%    passed     94.69%
   9  SDFIELD736_ND4     0.36%    passed     94.69%
  10  SDFIELD901_ND4     0.36%    passed     94.69%
  11  SDFIELD1158_ND4    0.12%    passed     99.82%
  12  TJD458_ND4         0.12%    passed     99.89%
  13  TJD434_ND4         0.12%    passed    100.00%
  14  TJD455_ND4         0.12%    passed     99.38%
  15  TJD457_ND4         0.12%    passed     99.87%
  16  TJD438_ND4         0.12%    passed     99.60%
  17  TJD439_ND4         0.12%    passed     99.81%
  18  TJD358_ND4         0.12%    passed     99.95%
  19  TJD359_ND4         0.12%    passed     99.95%
  20  TJD363_ND4         0.12%    passed     99.95%
  21  TJD365_ND4         0.12%    passed     99.95%
  22  TJD372_ND4         0.12%    passed     99.95%
  23  TJD495_ND4         0.12%    passed     99.95%
  24  TJD502_ND4         0.12%    passed     99.95%
  25  TJD503_ND4         0.12%    passed     99.95%
  26  TJD369_ND4         0.12%    passed     99.96%
  27  TJD377_ND4         0.12%    passed     99.96%
  28  TJD380_ND4         0.12%    passed     99.96%
  29  TJD491_ND4         0.12%    passed     99.96%
  30  TJD460_ND4         0.12%    passed     99.96%
  31  TJD462_ND4         0.12%    passed     99.96%
  32  TJD463_ND4         0.12%    passed     99.96%
  33  MVZ236191_ND4      0.12%    passed     99.96%
  34  TJD459_ND4         0.12%    passed     99.95%
  35  TJD464_ND4         0.12%    passed     99.87%
  36  TJD465_ND4         0.12%    passed     99.87%
  37  TJD466_ND4         0.12%    passed     99.87%
  38  TJD467_ND4         0.12%    passed     99.87%
  39  MVZ207642_ND4      0.12%    passed     99.97%
  40  MVZ195628_ND4      0.12%    passed    100.00%
  41  MVZ207643_ND4      0.12%    passed    100.00%
  42  TJD446_ND4         0.12%    passed    100.00%
  43  TJD448_ND4         0.12%    passed    100.00%
  44  TJD450_ND4         0.12%    passed    100.00%
  45  TJD451_ND4         0.12%    passed    100.00%
  46  TJD454_ND4         0.00%    passed     99.98%
  47  TJD456_ND4         0.24%    passed     99.99%
  48  TJD461_ND4         0.12%    passed    100.00%
  49  TJD468_ND4         0.12%    passed    100.00%
  50  TJD469_ND4         0.12%    passed    100.00%
  51  TJD496_ND4         0.12%    passed    100.00%
  52  TJD499_ND4         0.12%    passed    100.00%
  53  TJD500_ND4         0.12%    passed    100.00%
  54  TJD501_ND4         0.12%    passed    100.00%
  55  TJD452_ND4         0.00%    passed     99.97%
  56  TJD453_ND4         0.12%    passed     99.99%
  57  TJD445_ND4         0.12%    passed    100.00%
  58  TJD497_ND4         0.12%    passed    100.00%
  59  TJD447_ND4         0.12%    passed    100.00%
  60  TJD444_ND4         0.12%    passed     99.53%
  61  TJD449_ND4         0.12%    passed     99.79%
  62  TJD433_ND4         0.12%    passed     99.87%
  63  TJD436_ND4         0.12%    passed     99.87%
  64  TJD437_ND4         0.12%    passed     99.87%
  65  TP29472A_ND4       0.12%    passed     99.87%
  66  TJD430_ND4         0.12%    passed     99.79%
  67  TJD431_ND4         0.12%    passed     99.87%
  68  TJD432_ND4         0.12%    passed     99.87%
  69  JFP_517_ND4        0.12%    passed     99.82%
****  TOTAL              0.14%  0 sequences failed composition chi2 test (p-value<5%; df=3)
NOTE: No CharPartition defined, use all CharSets

Loading 4 partitions...
Subset	Type	Seqs	Sites	Infor	Invar	Model	Name
1		69	229	13	209	TESTMERGE	ND4_pos1
2		69	228	0	226	TESTMERGE	ND4_pos2
WARNING: No parsimony-informative sites in partition ND4_pos2
3		69	229	40	165	TESTMERGE	ND4_pos3
4		69	137	12	120	TESTMERGE	tRNAs
Degree of missing data: 0.000
Info: multi-threading strategy over partitions

NOTE: SDFIELD1167_ND4 is identical to MVZ229220_ND4 but kept for subsequent analysis
NOTE: SDFIELD574_ND4 is identical to SDFIELD573_ND4 but kept for subsequent analysis
NOTE: TJD359_ND4 is identical to TJD358_ND4 but kept for subsequent analysis
NOTE: TJD377_ND4 is identical to TJD369_ND4 but kept for subsequent analysis
NOTE: TJD462_ND4 is identical to TJD460_ND4 but kept for subsequent analysis
NOTE: TJD465_ND4 is identical to TJD464_ND4 but kept for subsequent analysis
NOTE: MVZ207643_ND4 is identical to MVZ195628_ND4 but kept for subsequent analysis
NOTE: TJD497_ND4 is identical to TJD445_ND4 but kept for subsequent analysis
NOTE: TJD436_ND4 is identical to TJD433_ND4 but kept for subsequent analysis
NOTE: TJD432_ND4 is identical to TJD431_ND4 but kept for subsequent analysis
NOTE: 26 identical sequences (see below) will be ignored for subsequent analysis
NOTE: SDFIELD736_ND4 (identical to SDFIELD573_ND4) is ignored but added at the end
NOTE: SDFIELD901_ND4 (identical to SDFIELD573_ND4) is ignored but added at the end
NOTE: TJD363_ND4 (identical to TJD358_ND4) is ignored but added at the end
NOTE: TJD365_ND4 (identical to TJD358_ND4) is ignored but added at the end
NOTE: TJD372_ND4 (identical to TJD358_ND4) is ignored but added at the end
NOTE: TJD495_ND4 (identical to TJD358_ND4) is ignored but added at the end
NOTE: TJD502_ND4 (identical to TJD358_ND4) is ignored but added at the end
NOTE: TJD503_ND4 (identical to TJD358_ND4) is ignored but added at the end
NOTE: TJD380_ND4 (identical to TJD369_ND4) is ignored but added at the end
NOTE: TJD491_ND4 (identical to TJD369_ND4) is ignored but added at the end
NOTE: TJD463_ND4 (identical to TJD460_ND4) is ignored but added at the end
NOTE: TJD466_ND4 (identical to TJD464_ND4) is ignored but added at the end
NOTE: TJD467_ND4 (identical to TJD464_ND4) is ignored but added at the end
NOTE: TJD446_ND4 (identical to MVZ195628_ND4) is ignored but added at the end
NOTE: TJD448_ND4 (identical to MVZ195628_ND4) is ignored but added at the end
NOTE: TJD450_ND4 (identical to MVZ195628_ND4) is ignored but added at the end
NOTE: TJD451_ND4 (identical to MVZ195628_ND4) is ignored but added at the end
NOTE: TJD461_ND4 (identical to MVZ195628_ND4) is ignored but added at the end
NOTE: TJD468_ND4 (identical to MVZ195628_ND4) is ignored but added at the end
NOTE: TJD469_ND4 (identical to MVZ195628_ND4) is ignored but added at the end
NOTE: TJD496_ND4 (identical to MVZ195628_ND4) is ignored but added at the end
NOTE: TJD499_ND4 (identical to MVZ195628_ND4) is ignored but added at the end
NOTE: TJD500_ND4 (identical to MVZ195628_ND4) is ignored but added at the end
NOTE: TJD501_ND4 (identical to MVZ195628_ND4) is ignored but added at the end
NOTE: TJD437_ND4 (identical to TJD433_ND4) is ignored but added at the end
NOTE: TP29472A_ND4 (identical to TJD433_ND4) is ignored but added at the end
Concatenated alignment was printed to 4_setDevitt_2013.uniqueseq.phy

For your convenience alignment with unique sequences printed to 4_setDevitt_2013.uniqueseq.phy


Create initial parsimony tree by phylogenetic likelihood library (PLL)... 0.002 seconds
NOTE: ModelFinder requires 1 MB RAM!
Testing GTR+F+G on supermatrix...
WARNING: Number of threads seems too high for short alignments. Use -nt AUTO to determine best number of threads.
GTR+F+G4 / LnL: -1898.163 / df: 92 / AIC: 3980.326 / AICc: 4003.767 / BIC: 4413.918
Selecting individual models for 4 charsets using BIC...
 No. Model        Score       Charset
   1 HKY+F+G4     654.387     tRNAs
   2 TN+F+G4      1410.907    ND4_pos3
   3 HKY+F+I      1008.127    ND4_pos1
   4 F81+F        654.113     ND4_pos2
Full partition model BIC score: 4310.519 (LnL: -1802.829  df:105)
Merging models to increase model fit (about 13 total partition schemes)...
   5 TPM3u+F+G4   4350.869    ND4_pos1+ND4_pos3
   6 TN+F+I       4313.701    ND4_pos3+tRNAs
   7 TN+F+G4      4455.683    ND4_pos2+ND4_pos3
   8 TPM2u+F+I    4276.103    ND4_pos1+tRNAs
   9 HKY+F+I      4329.821    ND4_pos2+tRNAs
  10 HKY+F+I      4325.737    ND4_pos1+ND4_pos2	0h:0m:20s (0h:0m:6s left)
Merging ND4_pos1+tRNAs with BIC score: 4276.103 (LnL: -1802.404  df: 100)
  11 TPM2+F+I     4303.214    ND4_pos1+ND4_pos2+tRNAs	0h:0m:25s (0h:0m:4s left)
  12 TPM2u+F+G4   4316.177    ND4_pos1+ND4_pos3+tRNAs	0h:0m:26s (0h:0m:2s left)
BEST-FIT PARTITION MODEL: 
  charpartition BIC = TPM2u+F+I: ND4_pos1 tRNAs, F81+F: ND4_pos2, TN+F+G4: ND4_pos3;
Agglomerative model selection: ((ND4_pos1,tRNAs)1:4276.1,ND4_pos2,ND4_pos3)
Merging into 3 partitions...
Partition information was printed to 4_setDevitt_2013.best_scheme.nex
Partition information in Raxml format was printed to 4_setDevitt_2013.best_scheme

All model information printed to 4_setDevitt_2013.model.gz
CPU time for ModelFinder: 12.736 seconds (0h:0m:12s)
Wall-clock time for ModelFinder: 26.565 seconds (0h:0m:26s)
Generating 1000 samples for ultrafast bootstrap (seed: 989361)...

NOTE: 0 MB RAM (0 GB) is required!
WARNING: Number of threads seems too high for short alignments. Use -nt AUTO to determine best number of threads.
Estimate model parameters (epsilon = 0.100)
Initial log-likelihood: -1992.326
Current log-likelihood at step 1: -1814.956
Current log-likelihood at step 2: -1810.690
Current log-likelihood at step 3: -1809.026
Current log-likelihood at step 4: -1807.828
Current log-likelihood at step 5: -1806.864
Current log-likelihood at step 6: -1806.121
Current log-likelihood at step 7: -1805.518
Current log-likelihood at step 8: -1805.020
Current log-likelihood at step 9: -1804.603
Current log-likelihood at step 10: -1804.252
Current log-likelihood at step 11: -1803.916
Current log-likelihood at step 12: -1803.660
Current log-likelihood at step 13: -1803.437
Current log-likelihood at step 14: -1803.246
Current log-likelihood at step 15: -1803.092
Current log-likelihood at step 16: -1802.958
Current log-likelihood at step 17: -1802.838
Current log-likelihood at step 18: -1802.731
Current log-likelihood at step 19: -1802.633
Partition-specific rates:  0.729 0.101 2.328
Parameters optimization took 18 rounds (4.055 sec)


WARNING: Estimated model parameters are at boundary that can cause numerical instability!

Computing ML distances based on estimated model parameters... 0.023 sec
Computing BIONJ tree...
0.003 seconds
Log-likelihood of BIONJ tree: -1796.917
--------------------------------------------------------------------
|             INITIALIZING CANDIDATE TREE SET                      |
--------------------------------------------------------------------
Generating 98 parsimony trees... 1.664 second
Computing log-likelihood of 98 initial trees ... 26.958 seconds
Current best score: -1796.622

Do NNI search on 20 best initial trees
Estimate model parameters (epsilon = 0.100)
Initial log-likelihood: -1796.616
Current log-likelihood at step 1: -1796.437
Current log-likelihood at step 2: -1796.358
Parameters optimization took 1 rounds (0.487 sec)


WARNING: Estimated model parameters are at boundary that can cause numerical instability!

BETTER TREE FOUND at iteration 1: -1796.358
Iteration 10 / LogL: -1796.913 / Time: 0h:0m:50s
Iteration 20 / LogL: -1796.916 / Time: 0h:1m:14s
Finish initializing candidate tree set (20)
Current best tree score: -1796.358 / CPU time: 69.586
Number of iterations: 20
--------------------------------------------------------------------
|               OPTIMIZING CANDIDATE TREE SET                      |
--------------------------------------------------------------------
Estimate model parameters (epsilon = 0.100)
Initial log-likelihood: -1796.344
Current log-likelihood at step 1: -1796.268
Parameters optimization took 0 rounds (0.007 sec)


WARNING: Estimated model parameters are at boundary that can cause numerical instability!

BETTER TREE FOUND at iteration 22: -1796.268
BETTER TREE FOUND at iteration 26: -1796.265
Iteration 30 / LogL: -1796.275 / Time: 0h:1m:59s (0h:6m:34s left)
Iteration 40 / LogL: -1797.039 / Time: 0h:2m:33s (0h:5m:39s left)
BETTER TREE FOUND at iteration 41: -1796.264
BETTER TREE FOUND at iteration 42: -1796.263
BETTER TREE FOUND at iteration 44: -1796.263
BETTER TREE FOUND at iteration 47: -1796.262
BETTER TREE FOUND at iteration 49: -1796.262
Iteration 50 / LogL: -1796.262 / Time: 0h:3m:0s (0h:6m:5s left)
Log-likelihood cutoff on original alignment: -1821.301
BETTER TREE FOUND at iteration 51: -1796.262
BETTER TREE FOUND at iteration 60: -1796.261
Iteration 60 / LogL: -1796.261 / Time: 0h:3m:29s (0h:5m:55s left)
BETTER TREE FOUND at iteration 62: -1796.260
UPDATE BEST LOG-LIKELIHOOD: -1796.259
BETTER TREE FOUND at iteration 68: -1796.258
Iteration 70 / LogL: -1796.263 / Time: 0h:3m:57s (0h:5m:37s left)
BETTER TREE FOUND at iteration 74: -1796.257
Iteration 80 / LogL: -1796.259 / Time: 0h:4m:24s (0h:5m:14s left)
BETTER TREE FOUND at iteration 83: -1796.257
Iteration 90 / LogL: -1796.258 / Time: 0h:4m:53s (0h:5m:6s left)
BETTER TREE FOUND at iteration 96: -1796.256
Iteration 100 / LogL: -1796.256 / Time: 0h:5m:21s (0h:5m:12s left)
Log-likelihood cutoff on original alignment: -1822.118
NOTE: Bootstrap correlation coefficient of split occurrence frequencies: 0.975
NOTE: UFBoot does not converge, continue at least 100 more iterations
Iteration 110 / LogL: -1808.675 / Time: 0h:5m:48s (0h:4m:47s left)
BETTER TREE FOUND at iteration 115: -1796.255
Iteration 120 / LogL: -1796.255 / Time: 0h:6m:16s (0h:5m:0s left)
UPDATE BEST LOG-LIKELIHOOD: -1796.255
BETTER TREE FOUND at iteration 128: -1796.255
BETTER TREE FOUND at iteration 129: -1796.255
Iteration 130 / LogL: -1796.824 / Time: 0h:6m:47s (0h:5m:12s left)
BETTER TREE FOUND at iteration 137: -1796.255
Iteration 140 / LogL: -1796.256 / Time: 0h:7m:14s (0h:5m:2s left)
UPDATE BEST LOG-LIKELIHOOD: -1796.255
BETTER TREE FOUND at iteration 145: -1796.254
BETTER TREE FOUND at iteration 148: -1796.254
Iteration 150 / LogL: -1796.255 / Time: 0h:7m:46s (0h:5m:6s left)
Log-likelihood cutoff on original alignment: -1822.118
Iteration 160 / LogL: -1796.431 / Time: 0h:8m:20s (0h:4m:36s left)
BETTER TREE FOUND at iteration 170: -1796.254
Iteration 170 / LogL: -1796.254 / Time: 0h:8m:59s (0h:5m:19s left)
UPDATE BEST LOG-LIKELIHOOD: -1796.254
Iteration 180 / LogL: -1796.254 / Time: 0h:9m:26s (0h:4m:44s left)
BETTER TREE FOUND at iteration 187: -1796.253
Iteration 190 / LogL: -1796.254 / Time: 0h:9m:57s (0h:5m:6s left)
Iteration 200 / LogL: -1796.821 / Time: 0h:10m:25s (0h:4m:33s left)
Log-likelihood cutoff on original alignment: -1822.118
NOTE: Bootstrap correlation coefficient of split occurrence frequencies: 0.974
NOTE: UFBoot does not converge, continue at least 100 more iterations
Iteration 210 / LogL: -1796.824 / Time: 0h:10m:52s (0h:4m:41s left)
Iteration 220 / LogL: -1796.254 / Time: 0h:11m:23s (0h:4m:9s left)
UPDATE BEST LOG-LIKELIHOOD: -1796.253
BETTER TREE FOUND at iteration 230: -1796.253
Iteration 230 / LogL: -1796.253 / Time: 0h:11m:53s (0h:5m:11s left)
Iteration 240 / LogL: -1796.253 / Time: 0h:12m:20s (0h:4m:38s left)
UPDATE BEST LOG-LIKELIHOOD: -1796.252
Iteration 250 / LogL: -1796.253 / Time: 0h:12m:46s (0h:4m:6s left)
Log-likelihood cutoff on original alignment: -1822.118
Iteration 260 / LogL: -1808.005 / Time: 0h:13m:17s (0h:3m:35s left)
Iteration 270 / LogL: -1796.430 / Time: 0h:13m:52s (0h:3m:5s left)
Iteration 280 / LogL: -1796.254 / Time: 0h:14m:34s (0h:2m:36s left)
Iteration 290 / LogL: -1796.253 / Time: 0h:15m:12s (0h:2m:6s left)
Iteration 300 / LogL: -1796.821 / Time: 0h:15m:43s (0h:1m:34s left)
Log-likelihood cutoff on original alignment: -1821.817
NOTE: Bootstrap correlation coefficient of split occurrence frequencies: 0.968
NOTE: UFBoot does not converge, continue at least 100 more iterations
Iteration 310 / LogL: -1796.255 / Time: 0h:16m:18s (0h:4m:44s left)
BETTER TREE FOUND at iteration 311: -1796.252
Iteration 320 / LogL: -1798.492 / Time: 0h:16m:55s (0h:4m:49s left)
Iteration 330 / LogL: -1796.253 / Time: 0h:17m:39s (0h:4m:20s left)
BETTER TREE FOUND at iteration 339: -1796.251
Iteration 340 / LogL: -1796.254 / Time: 0h:18m:23s (0h:5m:22s left)
Iteration 350 / LogL: -1796.252 / Time: 0h:18m:58s (0h:4m:50s left)
Log-likelihood cutoff on original alignment: -1821.817
Iteration 360 / LogL: -1808.395 / Time: 0h:19m:45s (0h:4m:20s left)
BETTER TREE FOUND at iteration 362: -1796.251
Iteration 370 / LogL: -1798.683 / Time: 0h:20m:18s (0h:5m:3s left)
Iteration 380 / LogL: -1796.252 / Time: 0h:20m:55s (0h:4m:31s left)
Iteration 390 / LogL: -1808.935 / Time: 0h:21m:20s (0h:3m:57s left)
BETTER TREE FOUND at iteration 397: -1796.251
BETTER TREE FOUND at iteration 398: -1796.251
Iteration 400 / LogL: -1796.253 / Time: 0h:21m:48s (0h:5m:21s left)
Log-likelihood cutoff on original alignment: -1821.817
NOTE: Bootstrap correlation coefficient of split occurrence frequencies: 0.993
UPDATE BEST LOG-LIKELIHOOD: -1796.251
Iteration 410 / LogL: -1807.752 / Time: 0h:22m:17s (0h:4m:54s left)
Iteration 420 / LogL: -1796.252 / Time: 0h:22m:42s (0h:4m:20s left)
UPDATE BEST LOG-LIKELIHOOD: -1796.251
Iteration 430 / LogL: -1796.819 / Time: 0h:23m:7s (0h:3m:46s left)
Iteration 440 / LogL: -1796.251 / Time: 0h:23m:36s (0h:3m:13s left)
Iteration 450 / LogL: -1798.680 / Time: 0h:24m:3s (0h:2m:40s left)
Log-likelihood cutoff on original alignment: -1821.817
Iteration 460 / LogL: -1796.252 / Time: 0h:24m:26s (0h:2m:7s left)
Iteration 470 / LogL: -1803.337 / Time: 0h:24m:50s (0h:1m:35s left)
Iteration 480 / LogL: -1796.251 / Time: 0h:25m:19s (0h:1m:3s left)
Iteration 490 / LogL: -1796.252 / Time: 0h:25m:43s (0h:0m:31s left)
TREE SEARCH COMPLETED AFTER 499 ITERATIONS / Time: 0h:26m:13s

--------------------------------------------------------------------
|                    FINALIZING TREE SEARCH                        |
--------------------------------------------------------------------
Performs final model parameters optimization
Estimate model parameters (epsilon = 0.010)
Initial log-likelihood: -1796.250
Current log-likelihood at step 1: -1796.181
Current log-likelihood at step 2: -1796.114
Current log-likelihood at step 3: -1796.058
Current log-likelihood at step 4: -1796.006
Current log-likelihood at step 5: -1795.958
Current log-likelihood at step 6: -1795.914
Current log-likelihood at step 7: -1795.874
Current log-likelihood at step 8: -1795.838
Current log-likelihood at step 9: -1795.804
Current log-likelihood at step 10: -1795.772
Current log-likelihood at step 11: -1795.743
Current log-likelihood at step 12: -1795.717
Current log-likelihood at step 13: -1795.693
Current log-likelihood at step 14: -1795.673
Current log-likelihood at step 15: -1795.648
Current log-likelihood at step 16: -1795.626
Current log-likelihood at step 17: -1795.603
Current log-likelihood at step 18: -1795.582
Current log-likelihood at step 19: -1795.566
Current log-likelihood at step 20: -1795.552
Current log-likelihood at step 21: -1795.538
Current log-likelihood at step 22: -1795.525
Current log-likelihood at step 23: -1795.515
Current log-likelihood at step 24: -1795.505
Partition-specific rates:  0.723 0.060 2.379
Parameters optimization took 23 rounds (6.385 sec)


WARNING: Estimated model parameters are at boundary that can cause numerical instability!

BEST SCORE FOUND : -1795.505
WARNING: bootstrap analysis did not converge. You should rerun with higher number of iterations (-nm option)
Creating bootstrap support values...
Split supports printed to NEXUS file 4_setDevitt_2013.splits.nex
Total tree length: 0.222

Total number of iterations: 499
CPU time used for tree search: 219.512 sec (0h:3m:39s)
Wall-clock time used for tree search: 1568.300 sec (0h:26m:8s)
Total CPU time used: 221.186 sec (0h:3m:41s)
Total wall-clock time used: 1580.324 sec (0h:26m:20s)

Computing bootstrap consensus tree...
Reading input file 4_setDevitt_2013.splits.nex...
43 taxa and 680 splits.
Consensus tree written to 4_setDevitt_2013.contree
Reading input trees file 4_setDevitt_2013.contree
Log-likelihood of consensus tree: -1795.522

Analysis results written to: 
  IQ-TREE report:                4_setDevitt_2013.iqtree
  Maximum-likelihood tree:       4_setDevitt_2013.treefile
  Likelihood distances:          4_setDevitt_2013.mldist
  Best partitioning scheme:      4_setDevitt_2013.best_scheme.nex
           in RAxML format:      4_setDevitt_2013.best_scheme

Ultrafast bootstrap approximation results written to:
  Split support values:          4_setDevitt_2013.splits.nex
  Consensus tree:                4_setDevitt_2013.contree
  Screen log file:               4_setDevitt_2013.log

Date and Time: Fri Sep  7 09:17:23 2018
