IQ-TREE multicore version 1.6.7 for Mac OS X 64-bit built Aug 23 2018
Developed by Bui Quang Minh, Nguyen Lam Tung, Olga Chernomor,
Heiko Schmidt, Dominik Schrempf, Michael Woodhams.

Host:    meeps-mac-pro.staff.sydney.edu.au (AVX, 64 GB RAM)
Command: /Users/davidduchene/Desktop/Software/iqtree-1.6.7-MacOSX/bin/iqtree -s ../../../../marsupials/set296.fasta -m TESTMERGE -bb 1000 -spp ../../../../marsupials/set296.nex -nt AUTO -pre 4_set296
Seed:    288163 (Using SPRNG - Scalable Parallel Random Number Generator)
Time:    Sat Sep  8 12:10:41 2018
Kernel:  AVX - auto-detect threads (8 CPU cores detected)

Reading partition model file ../../../../marsupials/set296.nex ...
Reading alignment file ../../../../marsupials/set296.fasta ... Fasta format detected
Alignment most likely contains DNA/RNA sequences
Alignment has 35 sequences with 3420 columns, 1058 distinct patterns
749 parsimony-informative, 400 singleton sites, 2271 constant sites
                                              Gap/Ambiguity  Composition  p-value
   1  Burramyidae_Burramys_parvus                     0.67%    passed     89.75%
   2  Notoryctidae_Notoryctes_typhlops                1.05%    passed     47.64%
   3  Vombatidae_Lasiorhinus_latifrons                0.26%    passed     83.85%
   4  Potoroidae_Bettongia_penicillata                0.03%    passed     68.17%
   5  Potoroidae_Bettongia_lesueur                    0.03%    passed     67.36%
   6  Dasyuridae_Dasyurus_maculatus                   0.06%    passed     81.37%
   7  Phalangeridae_Trichosurus_vulpecula             0.18%    passed     73.60%
   8  Phalangeridae_Spilocuscus_maculatus             0.58%    passed     99.08%
   9  Potoroidae_Aepyprymnus_rufescens                0.09%    passed     76.51%
  10  Peramelidae_Perameles_nasuta                    3.27%    passed     39.35%
  11  Phalangeridae_Strigocuscus_pelengensis          1.81%    passed     76.06%
  12  Dasyuridae_Phascogale_tapoatafa                 0.23%    passed     69.92%
  13  Dasyuridae_Sminthopsis_macroura                 0.15%    passed     26.55%
  14  Phalangeridae_Phalanger_orientalis              0.53%    passed     98.45%
  15  Acrobatidae_Acrobates_pygmaeus                  0.53%    passed     96.76%
  16  Dasyuridae_Phascogale_calura                    0.03%    passed     78.43%
  17  Dasyuridae_Sarcophilus_harrisii                 0.03%    passed     79.78%
  18  Dasyuridae_Planigale_tenuirostris              13.45%    passed     80.59%
  19  Peramelidae_Echymipera_kalubu                   0.03%    passed     23.96%
  20  Macropodidae_Dorcopsulus_vanheurni              0.12%    passed     80.28%
  21  Pseudochiridae_Pseudochirulus_forbesi           0.12%    passed     94.33%
  22  Didelphidae_Didelphis_virginiana                0.26%    passed     88.44%
  23  Marmosidae_Monodelphis_domestica                0.15%    failed      0.70%
  24  Dasyuridae_Antechinus_stuartii                  1.29%    passed     94.08%
  25  Hypsiprymnodontidae_Hypsiprymnodon_moschatus    0.99%    passed     99.95%
  26  Microbiotheriidae_Dromiciops_gliroides          1.61%    passed     82.09%
  27  Pseudochiridae_Petauroides_volans               0.79%    passed     99.30%
  28  Macropodidae_Wallabia_bicolor                   0.26%    passed     81.27%
  29  Pseudochiridae_Pseudocheirus_occidentalis       1.55%    passed     88.89%
  30  Tarsipedidae_Tarsipes_rostratus                 0.50%    passed     48.23%
  31  Acrobatidae_Distoechurus_pennatus               0.03%    passed     99.25%
  32  Phalangeridae_Phalanger_carmelitae              0.03%    passed     98.18%
  33  Peramelidae_Peroryctes_raffrayana              12.02%    passed     46.93%
  34  Dasyuridae_Dasyurus_geffroii                    0.00%    passed     83.43%
  35  Peramelidae_Perameles_gunnii                    0.18%    passed     34.30%
****  TOTAL                                           1.23%  1 sequences failed composition chi2 test (p-value<5%; df=3)
NOTE: No CharPartition defined, use all CharSets

Loading 15 partitions...
Subset	Type	Seqs	Sites	Infor	Invar	Model	Name
1		35	68	9	55	TESTMERGE	part1.1
2		35	68	2	63	TESTMERGE	part1.2
3		35	68	26	24	TESTMERGE	part1.3
4		35	182	41	115	TESTMERGE	part2.1
5		35	182	27	136	TESTMERGE	part2.2
6		35	182	101	44	TESTMERGE	part2.3
7		35	583	31	527	TESTMERGE	part3.1
8		35	583	5	564	TESTMERGE	part3.2
9		35	583	319	147	TESTMERGE	part3.3
10		33	97	8	67	TESTMERGE	part4.1
11		33	97	11	66	TESTMERGE	part4.2
12		33	97	38	42	TESTMERGE	part4.3
13		35	210	28	157	TESTMERGE	part5.1
14		35	210	23	171	TESTMERGE	part5.2
15		35	210	80	93	TESTMERGE	part5.3
Degree of missing data: 0.005
Info: multi-threading strategy over partitions



Create initial parsimony tree by phylogenetic likelihood library (PLL)... 0.009 seconds
NOTE: ModelFinder requires 11 MB RAM!
NUMBER OF THREADS FOR PARTITION FINDING: 8
Testing GTR+F+G on supermatrix...
GTR+F+G4 / LnL: -17640.428 / df: 76 / AIC: 35432.857 / AICc: 35436.358 / BIC: 35899.299
Selecting individual models for 15 charsets using BIC...
 No. Model        Score       Charset
   1 K2P+I        1583.389    part5.1
   2 K2P+G4       1524.046    part2.2
   3 K2P+G4       2005.369    part2.1
   4 TIM+F+I      2705.718    part3.1
   5 TNe+G4       1471.234    part4.3
   6 HKY+F+G4     3343.733    part2.3
   7 K2P          764.941     part4.2
   8 F81+F        793.678     part4.1
   9 K2P          953.190     part1.3
  10 TPM3u+F+G4   2985.523    part5.3	0h:0m:11s (0h:4m:0s left)
  11 TPM2u+F+G4   1311.730    part5.2	0h:0m:12s (0h:3m:43s left)
  12 HKY+F+I      2057.737    part3.2	0h:0m:13s (0h:3m:42s left)
  13 HKY+F+I      302.407     part1.2	0h:0m:14s (0h:3m:41s left)
  14 K2P+I        457.671     part1.1	0h:0m:14s (0h:3m:26s left)
  15 TIM2+F+G4    11613.222   part3.3	0h:0m:17s (0h:3m:51s left)
Full partition model BIC score: 34610.938 (LnL: -16743.989  df:138)
Merging models to increase model fit (about 211 total partition schemes)...
  16 HKY+F+G4     34864.255   part3.3+part5.2	0h:0m:34s (0h:6m:56s left)
  17 TPM2u+F+G4   34724.487   part3.3+part5.3	0h:0m:34s (0h:6m:31s left)
  18 TIM2+F+I+G4  35248.786   part3.1+part3.3	0h:0m:34s (0h:6m:8s left)
  19 TPM2u+F+G4   34783.750   part2.2+part3.3	0h:0m:34s (0h:5m:49s left)
  20 TPM2+F+G4    34819.866   part3.3+part5.1	0h:0m:35s (0h:5m:39s left)
  21 TPM2u+F+G4   34706.655   part2.1+part3.3	0h:0m:37s (0h:5m:38s left)
  22 TIM2+F+G4    34627.497   part3.3+part4.3	0h:0m:37s (0h:5m:22s left)
  23 TPM2u+F+G4   34648.172   part2.3+part3.3	0h:0m:39s (0h:5m:21s left)
  24 K2P+G4       34642.984   part2.1+part2.3	0h:0m:45s (0h:5m:52s left)
  25 HKY+F+G4     34578.378   part2.3+part5.3	0h:0m:49s (0h:6m:8s left)
  26 HKY+F+I+G4   35386.504   part3.2+part3.3	0h:0m:51s (0h:6m:6s left)
  27 K2P+G4       34700.894   part2.3+part5.1	0h:0m:52s (0h:5m:55s left)
  28 K3Pu+F+G4    34734.424   part3.3+part4.2	0h:0m:54s (0h:5m:55s left)
  29 TIM2+F+G4    34646.400   part1.3+part3.3	0h:0m:54s (0h:5m:41s left)
  30 TPM2+F+G4    34706.305   part3.3+part4.1	0h:0m:55s (0h:5m:32s left)
  31 TPM2u+F+G4   34680.918   part1.1+part3.3	0h:0m:55s (0h:5m:20s left)
  32 TIM2+F+G4    34712.829   part1.2+part3.3	0h:0m:55s (0h:5m:9s left)
  33 K3P+G4       34923.386   part2.3+part3.1	0h:0m:58s (0h:5m:13s left)
  34 HKY+F+G4     34585.893   part2.3+part4.3	0h:1m:2s (0h:5m:24s left)
  35 TPM2u+F+G4   34659.082   part2.1+part5.3	0h:1m:2s (0h:5m:14s left)
  36 TN+F+I       34672.207   part5.1+part5.3	0h:1m:5s (0h:5m:16s left)
  37 TIM2e+G4     34835.359   part3.1+part5.3	0h:1m:5s (0h:5m:6s left)
  38 HKY+F+G4     34730.933   part2.3+part5.2	0h:1m:6s (0h:5m:1s left)
  39 HKY+F+G4     34594.465   part1.3+part2.3	0h:1m:6s (0h:4m:52s left)
  40 HKY+F+G4     34684.265   part2.2+part2.3	0h:1m:6s (0h:4m:43s left)
  41 TPM3+F+G4    34580.353   part4.3+part5.3	0h:1m:9s (0h:4m:46s left)
  42 HKY+F+G4     34659.497   part2.3+part4.2	0h:1m:11s (0h:4m:46s left)
  43 TPM3u+F+G4   34642.245   part2.2+part5.3	0h:1m:12s (0h:4m:44s left)
  44 K2P+G4       34654.473   part2.3+part4.1	0h:1m:13s (0h:4m:37s left)
  45 HKY+F+G4     34680.869   part5.2+part5.3	0h:1m:15s (0h:4m:36s left)
  46 HKY+F+I+G4   34986.530   part2.3+part3.2	0h:1m:15s (0h:4m:30s left)
  47 TPM3+F+G4    34591.418   part1.3+part5.3	0h:1m:15s (0h:4m:23s left)
  48 TPM3u+F+G4   34633.594   part4.2+part5.3	0h:1m:16s (0h:4m:19s left)
  49 K2P+G4       34653.003   part1.1+part2.3	0h:1m:18s (0h:4m:18s left)
  50 TPM2+F+G4    34603.836   part2.1+part5.1	0h:1m:21s (0h:4m:20s left)
  51 TN+F+G4      34680.611   part1.2+part2.3	0h:1m:21s (0h:4m:15s left)
  52 TIM+F+I      34681.640   part2.1+part3.1	0h:1m:21s (0h:4m:9s left)
  53 TIM3+F+G4    34645.594   part4.1+part5.3	0h:1m:21s (0h:4m:4s left)
  54 HKY+F+I      34865.739   part3.2+part5.3	0h:1m:24s (0h:4m:4s left)
  55 TIM3+F+G4    34644.738   part1.1+part5.3	0h:1m:26s (0h:4m:4s left)
  56 TIM+F+I      34625.357   part3.1+part5.1	0h:1m:26s (0h:4m:0s left)
  57 HKY+F+G4     34639.913   part1.2+part5.3	0h:1m:27s (0h:3m:55s left)
  58 K2P+G4       34596.047   part2.1+part2.2	0h:1m:29s (0h:3m:57s left)
  59 HKY+F+G4     34614.535   part2.1+part5.2	0h:1m:30s (0h:3m:52s left)
  60 K2P+G4       34605.477   part2.1+part4.3	0h:1m:30s (0h:3m:48s left)
  61 HKY+F+I      34588.774   part5.1+part5.2	0h:1m:31s (0h:3m:43s left)
  62 K2P+G4       34614.720   part1.3+part2.1	0h:1m:32s (0h:3m:42s left)
  63 K2P+I        34630.026   part1.3+part5.1	0h:1m:32s (0h:3m:38s left)
  64 K2P+G4       34632.766   part4.3+part5.1	0h:1m:33s (0h:3m:34s left)
  65 TPM3+F+I     34598.944   part2.2+part5.1	0h:1m:33s (0h:3m:31s left)
  66 TN+F+I       34613.814   part3.1+part5.2	0h:1m:37s (0h:3m:34s left)
  67 TPM3+F+I     34610.619   part4.2+part5.1	0h:1m:37s (0h:3m:30s left)
  68 TIM2e+I      34704.235   part1.3+part3.1	0h:1m:38s (0h:3m:27s left)
  69 K2P+G4       34615.114   part2.1+part4.2	0h:1m:39s (0h:3m:23s left)
  70 K3P+I        34641.892   part2.2+part3.1	0h:1m:39s (0h:3m:19s left)
  71 K2P+I        34736.958   part3.1+part4.3	0h:1m:40s (0h:3m:18s left)
  72 K2P+G4       34646.212   part4.3+part5.2	0h:1m:41s (0h:3m:15s left)
  73 TPM3u+F+G4   34622.572   part2.2+part4.3	0h:1m:41s (0h:3m:11s left)
  74 TPM2u+F+I    34597.259   part4.1+part5.1	0h:1m:42s (0h:3m:9s left)
  75 K2P+G4       34632.786   part1.3+part2.2	0h:1m:43s (0h:3m:7s left)
  76 TPM2u+F+G4   34599.707   part2.1+part4.1	0h:1m:43s (0h:3m:3s left)
  77 TVM+F+G4     34603.159   part2.2+part5.2	0h:1m:43s (0h:3m:0s left)
  78 TPM3u+F+G4   34616.101   part1.3+part4.3	0h:1m:43s (0h:2m:56s left)
  79 K2P+G4       34645.326   part1.3+part5.2	0h:1m:45s (0h:2m:55s left)
  80 TIM+F+I      34639.198   part3.1+part4.2	0h:1m:46s (0h:2m:53s left)
  81 K2P+I        34588.120   part1.1+part5.1	0h:1m:48s (0h:2m:54s left)
  82 TPM2u+F+G4   34604.497   part1.1+part2.1	0h:1m:50s (0h:2m:53s left)
  83 K2P+G4       34636.090   part4.2+part4.3	0h:1m:50s (0h:2m:49s left)
  84 TIM+F+I      34618.738   part3.1+part4.1	0h:1m:50s (0h:2m:46s left)
  85 HKY+F+I      34665.901   part3.2+part5.1	0h:1m:50s (0h:2m:43s left)
  86 K2P+I+G4     34724.815   part2.1+part3.2	0h:1m:52s (0h:2m:44s left)
  87 K2P+G4       34624.222   part4.1+part4.3	0h:1m:53s (0h:2m:41s left)
  88 TPM2+F+I     34591.119   part4.2+part5.2	0h:1m:54s (0h:2m:40s left)
  89 TPM3u+F+G4   34618.701   part2.2+part4.2	0h:1m:54s (0h:2m:37s left)
  90 K2P          34619.355   part1.3+part4.2	0h:1m:55s (0h:2m:35s left)
  91 K2P+I        34588.635   part1.2+part5.1	0h:1m:56s (0h:2m:33s left)
  92 HKY+F+I      34600.111   part4.1+part5.2	0h:1m:56s (0h:2m:31s left)
  93 K2P+G4       34604.104   part1.2+part2.1	0h:1m:57s (0h:2m:29s left)
  94 TPM3u+F+G4   34610.495   part2.2+part4.1	0h:2m:1s (0h:2m:31s left)
  95 TIM2e        34613.833   part1.3+part4.1	0h:2m:4s (0h:2m:31s left)
  96 TIMe+I       34611.701   part3.1+part3.2	0h:2m:5s (0h:2m:30s left)
  97 TIM+F+I      34586.751   part1.1+part3.1	0h:2m:6s (0h:2m:28s left)
  98 TIMe+I       34580.781   part1.2+part3.1	0h:2m:7s (0h:2m:27s left)
  99 K2P+G4       34613.839   part1.1+part4.3	0h:2m:8s (0h:2m:25s left)
 100 HKY+F+I      34659.470   part2.2+part3.2	0h:2m:9s (0h:2m:24s left)
 101 TPM2+F+I     34618.782   part3.2+part5.2	0h:2m:10s (0h:2m:21s left)
 102 K2P+G4       34588.591   part1.1+part2.2	0h:2m:14s (0h:2m:23s left)
 103 K2P+I        34586.943   part1.1+part5.2	0h:2m:15s (0h:2m:21s left)
 104 K2P          34589.554   part4.1+part4.2	0h:2m:16s (0h:2m:20s left)
 105 HKY+F+I      34751.073   part1.3+part3.2	0h:2m:17s (0h:2m:18s left)
 106 TIM2e+G4     34629.988   part1.1+part1.3	0h:2m:18s (0h:2m:17s left)
 107 HKY+F+I+G4   34759.039   part3.2+part4.3	0h:2m:18s (0h:2m:15s left)
 108 K2P+G4       34588.456   part1.2+part2.2	0h:2m:19s (0h:2m:13s left)
 109 HKY+F+G4     34643.062   part1.2+part1.3	0h:2m:21s (0h:2m:12s left)
 110 TNe+G4       34625.727   part1.2+part4.3	0h:2m:21s (0h:2m:10s left)
 111 TIM3e        34603.047   part1.1+part4.2	0h:2m:21s (0h:2m:7s left)
 112 TIM2+F+G4    34607.929   part1.1+part4.1	0h:2m:22s (0h:2m:5s left)
 113 HKY+F+I      34663.522   part3.2+part4.2	0h:2m:22s (0h:2m:3s left)
 114 K2P+I        34653.677   part3.2+part4.1	0h:2m:23s (0h:2m:1s left)
 115 TPM2u+F+I    34585.439   part1.2+part5.2	0h:2m:23s (0h:1m:59s left)
 116 TPM3+F       34607.916   part1.2+part4.2	0h:2m:23s (0h:1m:57s left)
 117 K2P+G4       34594.998   part1.2+part4.1	0h:2m:23s (0h:1m:55s left)
 118 HKY+F+I      34574.039   part1.2+part3.2	0h:2m:24s (0h:1m:54s left)
 119 K3P+I        34610.267   part1.1+part3.2	0h:2m:25s (0h:1m:52s left)
 120 K2P+I        34580.737   part1.1+part1.2	0h:2m:25s (0h:1m:50s left)
Merging part1.2+part3.2 with BIC score: 34574.039 (LnL: -16749.951  df: 132)
 121 K2P+I        34619.916   part1.2+part3.2+part4.1	0h:2m:30s (0h:1m:52s left)
 122 K2P+I        34627.853   part1.2+part3.2+part5.1	0h:2m:32s (0h:1m:51s left)
 123 TPM2+F+I     34581.445   part1.2+part3.2+part5.2	0h:2m:32s (0h:1m:49s left)
 124 TIMe+I       34578.276   part1.2+part3.1+part3.2	0h:2m:34s (0h:1m:48s left)
 125 HKY+F+I      34623.920   part1.2+part2.2+part3.2	0h:2m:35s (0h:1m:46s left)
 126 K2P+I+G4     34693.211   part1.2+part2.1+part3.2	0h:2m:36s (0h:1m:45s left)
 127 HKY+F+I+G4   34958.558   part1.2+part2.3+part3.2	0h:2m:37s (0h:1m:43s left)
 128 HKY+F+I      34833.899   part1.2+part3.2+part5.3	0h:2m:38s (0h:1m:43s left)
 129 HKY+F+I      34712.447   part1.2+part1.3+part3.2	0h:2m:38s (0h:1m:41s left)
 130 HKY+F+I      34626.155   part1.2+part3.2+part4.2	0h:2m:41s (0h:1m:40s left)
 131 TNe+I        34576.459   part1.1+part1.2+part3.2	0h:2m:42s (0h:1m:39s left)
 132 HKY+F+I+G4   34725.175   part1.2+part3.2+part4.3	0h:2m:45s (0h:1m:38s left)
 133 HKY+F+I+G4   35385.733   part1.2+part3.2+part3.3	0h:2m:46s (0h:1m:37s left)
Merging part2.3+part5.3 with BIC score: 34541.478 (LnL: -16762.152  df: 125)
 134 TIM2e+G4     34971.278   part2.3+part3.1+part5.3	0h:2m:57s (0h:1m:42s left)
 135 TN+F+G4      34659.204   part2.3+part5.1+part5.3	0h:2m:59s (0h:1m:40s left)
 136 TN+F+G4      34602.456   part2.3+part4.1+part5.3	0h:2m:59s (0h:1m:38s left)
 137 HKY+F+G4     34672.421   part2.3+part5.2+part5.3	0h:2m:59s (0h:1m:36s left)
 138 HKY+F+G4     34617.442   part2.1+part2.3+part5.3	0h:3m:0s (0h:1m:35s left)
 139 HKY+F+G4     34616.778   part2.2+part2.3+part5.3	0h:3m:0s (0h:1m:33s left)
 140 K3Pu+F+G4    34525.344   part1.3+part2.3+part5.3	0h:3m:0s (0h:1m:31s left)
 141 TPM3u+F+G4   34517.820   part2.3+part4.3+part5.3	0h:3m:1s (0h:1m:29s left)
 142 HKY+F+G4     35031.440   part1.2+part2.3+part3.2+part5.3	0h:3m:9s (0h:1m:31s left)
 143 K3Pu+F+G4    34586.725   part2.3+part4.2+part5.3	0h:3m:9s (0h:1m:30s left)
 144 HKY+F+G4     34597.213   part1.1+part2.3+part5.3	0h:3m:9s (0h:1m:28s left)
 145 TPM2+F+G4    34685.702   part2.3+part3.3+part5.3	0h:3m:13s (0h:1m:28s left)
Merging part1.1+part3.1 with BIC score: 34517.291 (LnL: -16762.264  df: 122)
 146 TIM+F+I      34542.715   part1.1+part3.1+part4.2	0h:3m:19s (0h:1m:28s left)
 147 TIM+F+I      34580.572   part1.1+part2.1+part3.1	0h:3m:20s (0h:1m:27s left)
 148 TIM2+F+I     34613.000   part1.1+part1.3+part3.1	0h:3m:20s (0h:1m:25s left)
 149 TIM+F+I      34517.922   part1.1+part3.1+part5.2	0h:3m:20s (0h:1m:23s left)
 150 TIM3+F+I     34550.786   part1.1+part2.2+part3.1	0h:3m:21s (0h:1m:21s left)
 151 TIM+F+I      34524.833   part1.1+part3.1+part5.1	0h:3m:22s (0h:1m:20s left)
 152 TIM+F+I      34520.191   part1.1+part3.1+part4.1	0h:3m:26s (0h:1m:19s left)
 153 TIM2e+G4     34952.734   part1.1+part2.3+part3.1+part5.3	0h:3m:26s (0h:1m:18s left)
 154 TIMe+I       34533.186   part1.1+part1.2+part3.1+part3.2	0h:3m:27s (0h:1m:16s left)
 155 TIM2+F+I     34651.140   part1.1+part3.1+part4.3	0h:3m:28s (0h:1m:15s left)
 156 TIM2+F+I+G4  35176.707   part1.1+part3.1+part3.3	0h:3m:30s (0h:1m:14s left)
Merging part2.3+part4.3+part5.3 with BIC score: 34493.632 (LnL: -16762.641  df: 119)
 157 TPM3u+F+G4   34551.581   part2.3+part4.1+part4.3+part5.3	0h:3m:43s (0h:1m:16s left)
 158 HKY+F+G4     34625.650   part2.3+part4.3+part5.2+part5.3	0h:3m:44s (0h:1m:15s left)
 159 TPM3+F+G4    34538.403   part2.3+part4.2+part4.3+part5.3	0h:3m:44s (0h:1m:13s left)
 160 HKY+F+G4     34609.045   part2.3+part4.3+part5.1+part5.3	0h:3m:44s (0h:1m:11s left)
 161 HKY+F+G4     34562.391   part2.1+part2.3+part4.3+part5.3	0h:3m:44s (0h:1m:9s left)
 162 TPM3u+F+G4   34475.896   part1.3+part2.3+part4.3+part5.3	0h:3m:45s (0h:1m:8s left)
 163 TPM3u+F+G4   34562.176   part2.2+part2.3+part4.3+part5.3	0h:3m:45s (0h:1m:6s left)
 164 TPM2+F+G4    34646.076   part2.3+part3.3+part4.3+part5.3	0h:3m:49s (0h:1m:5s left)
 165 TIM2+F+G4    34964.541   part1.1+part2.3+part3.1+part4.3+part5.3	0h:3m:51s (0h:1m:4s left)
 166 HKY+F+G4     35018.181   part1.2+part2.3+part3.2+part4.3+part5.3	0h:3m:51s (0h:1m:2s left)
Merging part5.1+part5.2 with BIC score: 34471.468 (LnL: -16767.834  df: 115)
 167 HKY+F+I      34448.441   part4.1+part5.1+part5.2	0h:3m:57s (0h:1m:2s left)
 168 K2P+I        34505.408   part1.3+part5.1+part5.2	0h:3m:57s (0h:1m:0s left)
 169 TPM3u+F+I    34454.814   part4.2+part5.1+part5.2	0h:3m:57s (0h:0m:59s left)
 170 TPM3+F+I     34450.016   part2.2+part5.1+part5.2	0h:3m:58s (0h:0m:57s left)
 171 HKY+F+G4     34465.966   part2.1+part5.1+part5.2	0h:3m:58s (0h:0m:55s left)
 172 TIM3+F+I     34482.481   part1.1+part3.1+part5.1+part5.2	0h:4m:0s (0h:0m:54s left)
 173 HKY+F+I      34532.658   part1.2+part3.2+part5.1+part5.2	0h:4m:2s (0h:0m:53s left)
 174 HKY+F+G4     34674.852   part2.3+part4.3+part5.1+part5.2+part5.3	0h:4m:4s (0h:0m:51s left)
 175 TIM3e+G4     34861.360   part3.3+part5.1+part5.2	0h:4m:4s (0h:0m:50s left)
Merging part4.1+part5.1+part5.2 with BIC score: 34448.441 (LnL: -16772.595  df: 111)
 176 TPM3+F+I     34490.465   part1.3+part4.1+part5.1+part5.2	0h:4m:9s (0h:0m:49s left)
 177 TPM3u+F+I    34431.263   part4.1+part4.2+part5.1+part5.2	0h:4m:10s (0h:0m:48s left)
 178 TPM3+F+I     34429.869   part2.2+part4.1+part5.1+part5.2	0h:4m:11s (0h:0m:46s left)
 179 HKY+F+G4     34441.762   part2.1+part4.1+part5.1+part5.2	0h:4m:11s (0h:0m:44s left)
 180 TPM3+F+I     34540.228   part1.2+part3.2+part4.1+part5.1+part5.2	0h:4m:11s (0h:0m:43s left)
 181 TIM+F+I      34467.717   part1.1+part3.1+part4.1+part5.1+part5.2	0h:4m:12s (0h:0m:41s left)
 182 TN+F+G4      34680.483   part2.3+part4.1+part4.3+part5.1+part5.2+part5.3	0h:4m:15s (0h:0m:40s left)
 183 TIM3e+G4     34885.264   part3.3+part4.1+part5.1+part5.2	0h:4m:16s (0h:0m:39s left)
Merging part2.2+part4.1+part5.1+part5.2 with BIC score: 34429.869 (LnL: -16771.446  df: 109)
 184 TPM3+F+G4    34465.679   part1.3+part2.2+part4.1+part5.1+part5.2	0h:4m:22s (0h:0m:38s left)
 185 TPM3u+F+G4   34414.494   part2.2+part4.1+part4.2+part5.1+part5.2	0h:4m:24s (0h:0m:37s left)
 186 TPM3u+F+G4   34417.702   part2.1+part2.2+part4.1+part5.1+part5.2	0h:4m:25s (0h:0m:35s left)
 187 TPM3u+F+I    34534.267   part1.2+part2.2+part3.2+part4.1+part5.1+part5.2	0h:4m:25s (0h:0m:34s left)
 188 TIM3+F+I     34464.523   part1.1+part2.2+part3.1+part4.1+part5.1+part5.2	0h:4m:25s (0h:0m:32s left)
 189 TIM3+F+G4    34674.166   part2.2+part2.3+part4.1+part4.3+part5.1+part5.2+part5.3	0h:4m:31s (0h:0m:31s left)
 190 TIM3e+G4     34915.470   part2.2+part3.3+part4.1+part5.1+part5.2	0h:4m:31s (0h:0m:30s left)
Merging part1.3+part2.3+part4.3+part5.3 with BIC score: 34412.133 (LnL: -16770.716  df: 107)
 191 HKY+F+G4     34973.260   part1.2+part1.3+part2.3+part3.2+part4.3+part5.3	0h:4m:44s (0h:0m:29s left)
 192 TIM2+F+G4    34910.757   part1.1+part1.3+part2.3+part3.1+part4.3+part5.3	0h:4m:44s (0h:0m:28s left)
 193 TPM3u+F+G4   34455.647   part1.3+part2.3+part4.2+part4.3+part5.3	0h:4m:45s (0h:0m:26s left)
 194 TVM+F+G4     34486.536   part1.3+part2.1+part2.3+part4.3+part5.3	0h:4m:45s (0h:0m:25s left)
 195 TIM3+F+G4    34672.061   part1.3+part2.2+part2.3+part4.1+part4.3+part5.1+part5.2+part5.3	0h:4m:47s (0h:0m:23s left)
 196 TPM2u+F+G4   34585.275   part1.3+part2.3+part3.3+part4.3+part5.3	0h:4m:50s (0h:0m:22s left)
Merging part2.2+part4.1+part4.2+part5.1+part5.2 with BIC score: 34396.758 (LnL: -16771.166  df: 105)
 197 TPM3u+F+G4   34388.562   part2.1+part2.2+part4.1+part4.2+part5.1+part5.2	0h:4m:57s (0h:0m:21s left)
 198 TPM3u+F+G4   34514.785   part1.2+part2.2+part3.2+part4.1+part4.2+part5.1+part5.2	0h:4m:57s (0h:0m:19s left)
 199 TIM3+F+I     34444.458   part1.1+part2.2+part3.1+part4.1+part4.2+part5.1+part5.2	0h:4m:57s (0h:0m:17s left)
 200 TIM3+F+G4    34670.533   part1.3+part2.2+part2.3+part4.1+part4.2+part4.3+part5.1+part5.2+part5.3	0h:5m:3s (0h:0m:16s left)
 201 TIM3e+G4     34925.539   part2.2+part3.3+part4.1+part4.2+part5.1+part5.2	0h:5m:4s (0h:0m:15s left)
Merging part2.1+part2.2+part4.1+part4.2+part5.1+part5.2 with BIC score: 34388.562 (LnL: -16779.274  df: 102)
 202 TPM3u+F+G4   34549.038   part1.2+part2.1+part2.2+part3.2+part4.1+part4.2+part5.1+part5.2	0h:5m:12s (0h:0m:13s left)
 203 TIM3+F+G4    34459.863   part1.1+part2.1+part2.2+part3.1+part4.1+part4.2+part5.1+part5.2	0h:5m:12s (0h:0m:12s left)
 204 TIM3+F+G4    34661.696   part1.3+part2.1+part2.2+part2.3+part4.1+part4.2+part4.3+part5.1+part5.2+part5.3	0h:5m:18s (0h:0m:10s left)
 205 TIM3e+I+G4   34921.771   part2.1+part2.2+part3.3+part4.1+part4.2+part5.1+part5.2	0h:5m:19s (0h:0m:9s left)
BEST-FIT PARTITION MODEL: 
  charpartition BIC = TIM+F+I: part1.1 part3.1, HKY+F+I: part1.2 part3.2, TPM3u+F+G4: part1.3 part2.3 part4.3 part5.3, TPM3u+F+G4: part2.1 part2.2 part4.1 part4.2 part5.1 part5.2, TIM2+F+G4: part3.3;
Agglomerative model selection: ((part1.1,part3.1)3:34517.3,(part1.2,part3.2)1:34574,(part1.3,((part2.3,part5.3)2:34541.5,part4.3)4:34493.6)8:34412.1,(part2.1,((part2.2,(part4.1,(part5.1,part5.2)5:34471.5)6:34448.4)7:34429.9,part4.2)9:34396.8)10:34388.6,part3.3)
Merging into 5 partitions...
Partition information was printed to 4_set296.best_scheme.nex
Partition information in Raxml format was printed to 4_set296.best_scheme

All model information printed to 4_set296.model.gz
CPU time for ModelFinder: 427.504 seconds (0h:7m:7s)
Wall-clock time for ModelFinder: 321.535 seconds (0h:5m:21s)
Generating 1000 samples for ultrafast bootstrap (seed: 288163)...

NOTE: 9 MB RAM (0 GB) is required!
Measuring multi-threading efficiency up to 8 CPU cores
Increase to 10 rounds for branch lengths
25 trees examined
Threads: 1 / Time: 8.312 sec / Speedup: 1.000 / Efficiency: 100% / LogL: -26543
Threads: 2 / Time: 18.690 sec / Speedup: 0.445 / Efficiency: 22% / LogL: -26543
BEST NUMBER OF THREADS: 1

Estimate model parameters (epsilon = 0.100)
Initial log-likelihood: -18507.133
Current log-likelihood at step 1: -16999.422
Current log-likelihood at step 2: -16779.672
Current log-likelihood at step 3: -16779.281
Current log-likelihood at step 4: -16779.177
Current log-likelihood at step 5: -16779.082
Partition-specific rates:  0.242 0.070 1.755 0.589 2.852
Parameters optimization took 4 rounds (1.603 sec)

Computing ML distances based on estimated model parameters... 0.049 sec
Computing BIONJ tree...
0.005 seconds
Log-likelihood of BIONJ tree: -16777.921
--------------------------------------------------------------------
|             INITIALIZING CANDIDATE TREE SET                      |
--------------------------------------------------------------------
Generating 98 parsimony trees... 3.124 second
Computing log-likelihood of 98 initial trees ... 10.485 seconds
Current best score: -16777.578

Do NNI search on 20 best initial trees
Estimate model parameters (epsilon = 0.100)
Initial log-likelihood: -16776.812
Current log-likelihood at step 1: -16775.595
Current log-likelihood at step 2: -16775.514
Parameters optimization took 1 rounds (0.397 sec)

BETTER TREE FOUND at iteration 1: -16775.514
Estimate model parameters (epsilon = 0.100)
Initial log-likelihood: -16774.804
Current log-likelihood at step 1: -16774.686
Current log-likelihood at step 2: -16774.685
Parameters optimization took 1 rounds (0.309 sec)

BETTER TREE FOUND at iteration 3: -16774.685
Iteration 10 / LogL: -16775.110 / Time: 0h:0m:48s
Iteration 20 / LogL: -16775.112 / Time: 0h:0m:58s
Finish initializing candidate tree set (3)
Current best tree score: -16774.685 / CPU time: 29.592
Number of iterations: 20
--------------------------------------------------------------------
|               OPTIMIZING CANDIDATE TREE SET                      |
--------------------------------------------------------------------
Iteration 30 / LogL: -16775.509 / Time: 0h:1m:9s (0h:2m:54s left)
Iteration 40 / LogL: -16774.685 / Time: 0h:1m:21s (0h:2m:11s left)
Iteration 50 / LogL: -16775.627 / Time: 0h:1m:33s (0h:1m:40s left)
Log-likelihood cutoff on original alignment: -16824.075
Iteration 60 / LogL: -16774.685 / Time: 0h:1m:45s (0h:1m:16s left)
Iteration 70 / LogL: -16775.628 / Time: 0h:1m:57s (0h:0m:56s left)
Iteration 80 / LogL: -16775.634 / Time: 0h:2m:7s (0h:0m:37s left)
Iteration 90 / LogL: -16775.630 / Time: 0h:2m:17s (0h:0m:20s left)
Iteration 100 / LogL: -16775.119 / Time: 0h:2m:29s (0h:0m:4s left)
Log-likelihood cutoff on original alignment: -16824.081
NOTE: Bootstrap correlation coefficient of split occurrence frequencies: 1.000
TREE SEARCH COMPLETED AFTER 104 ITERATIONS / Time: 0h:2m:35s

--------------------------------------------------------------------
|                    FINALIZING TREE SEARCH                        |
--------------------------------------------------------------------
Performs final model parameters optimization
Estimate model parameters (epsilon = 0.010)
Initial log-likelihood: -16774.685
Current log-likelihood at step 1: -16774.685
Partition-specific rates:  0.203 0.070 1.771 0.592 2.876
Parameters optimization took 0 rounds (0.167 sec)

BEST SCORE FOUND : -16774.685
Creating bootstrap support values...
Split supports printed to NEXUS file 4_set296.splits.nex
Total tree length: 0.774

Total number of iterations: 104
CPU time used for tree search: 53.948 sec (0h:0m:53s)
Wall-clock time used for tree search: 126.654 sec (0h:2m:6s)
Total CPU time used: 64.636 sec (0h:1m:4s)
Total wall-clock time used: 156.492 sec (0h:2m:36s)

Computing bootstrap consensus tree...
Reading input file 4_set296.splits.nex...
35 taxa and 124 splits.
Consensus tree written to 4_set296.contree
Reading input trees file 4_set296.contree
Log-likelihood of consensus tree: -16774.694

Analysis results written to: 
  IQ-TREE report:                4_set296.iqtree
  Maximum-likelihood tree:       4_set296.treefile
  Likelihood distances:          4_set296.mldist
  Best partitioning scheme:      4_set296.best_scheme.nex
           in RAxML format:      4_set296.best_scheme

Ultrafast bootstrap approximation results written to:
  Split support values:          4_set296.splits.nex
  Consensus tree:                4_set296.contree
  Screen log file:               4_set296.log

Date and Time: Sat Sep  8 12:18:39 2018
