IQ-TREE multicore version 1.6.7 for Mac OS X 64-bit built Aug 23 2018
Developed by Bui Quang Minh, Nguyen Lam Tung, Olga Chernomor,
Heiko Schmidt, Dominik Schrempf, Michael Woodhams.

Host:    meeps-mac-pro.staff.sydney.edu.au (AVX, 64 GB RAM)
Command: /Users/davidduchene/Desktop/Software/iqtree-1.6.7-MacOSX/bin/iqtree -s ../../../../marsupials/set199.fasta -m TESTMERGE -bb 1000 -spp ../../../../marsupials/set199.nex -nt AUTO -pre 4_set199
Seed:    152878 (Using SPRNG - Scalable Parallel Random Number Generator)
Time:    Fri Sep  7 23:46:48 2018
Kernel:  AVX - auto-detect threads (8 CPU cores detected)

Reading partition model file ../../../../marsupials/set199.nex ...
Reading alignment file ../../../../marsupials/set199.fasta ... Fasta format detected
Alignment most likely contains DNA/RNA sequences
Alignment has 35 sequences with 2496 columns, 1143 distinct patterns
584 parsimony-informative, 411 singleton sites, 1501 constant sites
                                              Gap/Ambiguity  Composition  p-value
   1  Burramyidae_Burramys_parvus                     0.40%    passed     99.30%
   2  Notoryctidae_Notoryctes_typhlops                9.70%    passed     58.19%
   3  Vombatidae_Lasiorhinus_latifrons                0.00%    passed     61.64%
   4  Potoroidae_Bettongia_penicillata                0.08%    passed     79.73%
   5  Potoroidae_Bettongia_lesueur                    0.12%    passed     79.52%
   6  Dasyuridae_Dasyurus_maculatus                   0.08%    passed     77.39%
   7  Phalangeridae_Trichosurus_vulpecula             0.08%    passed     97.22%
   8  Phalangeridae_Spilocuscus_maculatus            10.14%    passed     89.53%
   9  Potoroidae_Aepyprymnus_rufescens                1.84%    passed     98.60%
  10  Peramelidae_Perameles_nasuta                   33.17%    passed     94.97%
  11  Phalangeridae_Strigocuscus_pelengensis          3.00%    passed     87.45%
  12  Dasyuridae_Phascogale_tapoatafa                 3.29%    passed     64.86%
  13  Dasyuridae_Sminthopsis_macroura                 0.04%    passed     68.18%
  14  Phalangeridae_Phalanger_orientalis              0.16%    passed     81.72%
  15  Acrobatidae_Acrobates_pygmaeus                  2.56%    passed     91.75%
  16  Dasyuridae_Phascogale_calura                    0.96%    passed     82.01%
  17  Dasyuridae_Sarcophilus_harrisii                 1.12%    passed     77.34%
  18  Dasyuridae_Planigale_tenuirostris               7.05%    passed     57.62%
  19  Peramelidae_Echymipera_kalubu                   0.32%    passed     94.81%
  20  Macropodidae_Dorcopsulus_vanheurni              0.24%    passed     81.17%
  21  Pseudochiridae_Pseudochirulus_forbesi           8.41%    passed     68.32%
  22  Didelphidae_Didelphis_virginiana               11.94%    passed     58.58%
  23  Marmosidae_Monodelphis_domestica                0.08%    passed     90.79%
  24  Dasyuridae_Antechinus_stuartii                  0.16%    passed     80.55%
  25  Hypsiprymnodontidae_Hypsiprymnodon_moschatus    2.48%    passed     91.26%
  26  Microbiotheriidae_Dromiciops_gliroides          1.28%    passed     94.15%
  27  Pseudochiridae_Petauroides_volans               0.60%    passed     99.80%
  28  Macropodidae_Wallabia_bicolor                   0.88%    passed     94.01%
  29  Pseudochiridae_Pseudocheirus_occidentalis      62.38%    failed      0.05%
  30  Tarsipedidae_Tarsipes_rostratus                 1.32%    passed     67.55%
  31  Acrobatidae_Distoechurus_pennatus               0.48%    passed     98.23%
  32  Phalangeridae_Phalanger_carmelitae              2.32%    passed     82.69%
  33  Peramelidae_Peroryctes_raffrayana              44.79%    passed     69.65%
  34  Dasyuridae_Dasyurus_geffroii                    0.04%    passed     87.22%
  35  Peramelidae_Perameles_gunnii                    0.36%    passed     97.28%
WARNING: 1 sequences contain more than 50% gaps/ambiguity
****  TOTAL                                           6.05%  1 sequences failed composition chi2 test (p-value<5%; df=3)
NOTE: No CharPartition defined, use all CharSets

Loading 15 partitions...
Subset	Type	Seqs	Sites	Infor	Invar	Model	Name
1		35	262	48	174	TESTMERGE	part1.1
2		35	262	36	187	TESTMERGE	part1.2
3		35	262	80	133	TESTMERGE	part1.3
4		35	238	41	179	TESTMERGE	part2.1
5		35	238	14	211	TESTMERGE	part2.2
6		35	238	101	105	TESTMERGE	part2.3
7		32	101	29	65	TESTMERGE	part3.1
8		32	101	28	66	TESTMERGE	part3.2
9		32	101	37	33	TESTMERGE	part3.3
10		34	63	5	42	TESTMERGE	part4.1
11		34	63	6	43	TESTMERGE	part4.2
12		34	63	15	21	TESTMERGE	part4.3
13		35	168	47	82	TESTMERGE	part5.1
14		35	168	44	93	TESTMERGE	part5.2
15		35	168	53	67	TESTMERGE	part5.3
Degree of missing data: 0.013
Info: multi-threading strategy over partitions



Create initial parsimony tree by phylogenetic likelihood library (PLL)... 0.008 seconds
NOTE: ModelFinder requires 12 MB RAM!
NUMBER OF THREADS FOR PARTITION FINDING: 8
Testing GTR+F+G on supermatrix...
GTR+F+G4 / LnL: -13555.122 / df: 76 / AIC: 27262.245 / AICc: 27267.083 / BIC: 27704.751
Selecting individual models for 15 charsets using BIC...
 No. Model        Score       Charset
   1 K2P+G4       2198.473    part5.1
   2 TNe+G4       2448.046    part1.1
   3 TPM3u+F+I    2000.957    part1.2
   4 TIMe+G4      2325.995    part2.1
   5 TPM2u+F+I    2022.427    part5.2
   6 HKY+F+G4     2326.699    part5.3
   7 TPM3u+F+G4   3180.660    part1.3
   8 TPM3+F       1511.457    part3.3
   9 TPM3+F+G4    3563.812    part2.3
  10 TN+F+G4      1156.137    part3.1	0h:0m:15s (0h:5m:9s left)
  11 HKY+F+I+G4   1264.159    part2.2	0h:0m:15s (0h:4m:44s left)
  12 TPM2u+F      461.992     part4.2	0h:0m:16s (0h:4m:40s left)
  13 TN+F+G4      1127.507    part3.2	0h:0m:17s (0h:4m:20s left)
  14 TN+F         901.303     part4.3	0h:0m:17s (0h:4m:4s left)
  15 K3Pu+F       513.287     part4.1	0h:0m:17s (0h:3m:48s left)
Full partition model BIC score: 27777.969 (LnL: -13274.923  df:157)
Merging models to increase model fit (about 211 total partition schemes)...
  16 HKY+F+G4     27769.950   part1.1+part1.3	0h:0m:28s (0h:5m:42s left)
  17 TPM3u+F+G4   27756.393   part1.3+part5.1	0h:0m:28s (0h:5m:20s left)
  18 TPM3+F+G4    27779.311   part2.3+part5.1	0h:0m:29s (0h:5m:12s left)
  19 HKY+F+G4     27817.456   part1.1+part2.3	0h:0m:29s (0h:4m:56s left)
  20 TPM3u+F+G4   27739.445   part1.3+part5.3	0h:0m:29s (0h:4m:44s left)
  21 HKY+F+G4     27757.435   part2.3+part5.2	0h:0m:30s (0h:4m:39s left)
  22 K3Pu+F+G4    27742.639   part2.3+part5.3	0h:0m:31s (0h:4m:30s left)
  23 TPM3u+F+G4   27751.404   part1.3+part2.3	0h:0m:33s (0h:4m:34s left)
  24 HKY+F+G4     27769.243   part5.1+part5.3	0h:0m:38s (0h:5m:3s left)
  25 TPM2+F+G4    27766.685   part1.2+part1.3	0h:0m:40s (0h:5m:4s left)
  26 TPM2+F+G4    27734.739   part1.3+part5.2	0h:0m:42s (0h:5m:1s left)
  27 TPM3u+F+G4   27833.731   part2.1+part2.3	0h:0m:43s (0h:4m:56s left)
  28 HKY+F+G4     27793.805   part1.1+part5.3	0h:0m:43s (0h:4m:45s left)
  29 TPM3+F+G4    27819.952   part1.3+part2.1	0h:0m:44s (0h:4m:36s left)
  30 TPM3u+F+G4   27810.682   part1.2+part2.3	0h:0m:45s (0h:4m:33s left)
  31 TPM2u+F+G4   27748.482   part5.2+part5.3	0h:0m:46s (0h:4m:30s left)
  32 TNe+G4       27765.934   part1.1+part5.1	0h:0m:49s (0h:4m:35s left)
  33 HKY+F+G4     27766.007   part5.1+part5.2	0h:0m:53s (0h:4m:46s left)
  34 HKY+F+G4     27770.624   part1.1+part5.2	0h:0m:55s (0h:4m:51s left)
  35 HKY+F+G4     27793.564   part1.2+part5.3	0h:0m:56s (0h:4m:44s left)
  36 TPM3+F+G4    27843.858   part2.1+part5.3	0h:0m:57s (0h:4m:41s left)
  37 TPM3+F+G4    27794.121   part1.2+part5.1	0h:0m:58s (0h:4m:35s left)
  38 TPM3u+F+G4   27745.453   part2.3+part3.3	0h:1m:1s (0h:4m:38s left)
  39 TPM3u+F+G4   27744.104   part1.3+part3.3	0h:1m:1s (0h:4m:32s left)
  40 TIM3e+G4     27795.214   part2.1+part5.1	0h:1m:2s (0h:4m:27s left)
  41 TPM3u+F+G4   27763.443   part1.1+part1.2	0h:1m:4s (0h:4m:29s left)
  42 TNe+G4       27778.434   part1.1+part2.1	0h:1m:7s (0h:4m:33s left)
  43 TPM2u+F+G4   27759.551   part1.2+part5.2	0h:1m:9s (0h:4m:29s left)
  44 TPM3+F+G4    27842.319   part2.2+part2.3	0h:1m:11s (0h:4m:32s left)
  45 TPM3u+F+G4   27819.047   part1.3+part2.2	0h:1m:11s (0h:4m:25s left)
  46 TPM3u+F+G4   27800.425   part2.1+part5.2	0h:1m:13s (0h:4m:22s left)
  47 TPM3+F+G4    27786.211   part2.3+part3.1	0h:1m:16s (0h:4m:28s left)
  48 TPM3u+F+G4   27766.183   part1.3+part3.1	0h:1m:17s (0h:4m:22s left)
  49 HKY+F+G4     27768.947   part2.3+part3.2	0h:1m:20s (0h:4m:26s left)
  50 TPM3u+F+G4   27746.242   part3.3+part5.3	0h:1m:23s (0h:4m:27s left)
  51 HKY+F+G4     27753.821   part1.3+part3.2	0h:1m:23s (0h:4m:21s left)
  52 TIM3+F+I+G4  27812.922   part1.2+part2.1	0h:1m:25s (0h:4m:20s left)
  53 TPM3u+F+G4   27735.712   part1.3+part4.3	0h:1m:25s (0h:4m:16s left)
  54 TPM3u+F+G4   27746.975   part2.3+part4.3	0h:1m:27s (0h:4m:13s left)
  55 TPM3+F+G4    27770.851   part3.3+part5.1	0h:1m:28s (0h:4m:11s left)
  56 TPM3u+F+G4   27760.327   part1.3+part4.1	0h:1m:30s (0h:4m:10s left)
  57 TPM3+F+G4    27792.418   part2.3+part4.1	0h:1m:31s (0h:4m:6s left)
  58 TPM3u+F+G4   27800.854   part1.1+part3.3	0h:1m:34s (0h:4m:8s left)
  59 TPM2u+F+G4   27760.493   part1.3+part4.2	0h:1m:35s (0h:4m:6s left)
  60 HKY+F+G4     27837.849   part2.2+part5.3	0h:1m:37s (0h:4m:4s left)
  61 HKY+F+G4     27789.675   part2.3+part4.2	0h:1m:37s (0h:4m:0s left)
  62 TIM3+F+G4    27784.693   part3.1+part5.3	0h:1m:41s (0h:4m:4s left)
  63 HKY+F+G4     27762.062   part3.2+part5.3	0h:1m:44s (0h:4m:5s left)
  64 TIM3+F+G4    27835.836   part2.2+part5.1	0h:1m:45s (0h:4m:2s left)
  65 TPM2u+F+I    27751.213   part3.3+part5.2	0h:1m:46s (0h:4m:0s left)
  66 HKY+F+G4     27757.320   part3.1+part5.1	0h:1m:48s (0h:3m:58s left)
  67 TN+F+G4      27737.670   part4.3+part5.3	0h:1m:51s (0h:3m:59s left)
  68 HKY+F+G4     27760.597   part3.2+part5.1	0h:1m:52s (0h:3m:56s left)
  69 TIM3+F+G4    27795.676   part1.1+part2.2	0h:1m:52s (0h:3m:51s left)
  70 HKY+F+G4     27753.883   part4.3+part5.1	0h:1m:55s (0h:3m:52s left)
  71 TPM3u+F+G4   27790.358   part1.2+part3.3	0h:1m:57s (0h:3m:51s left)
  72 K3Pu+F+G4    27776.873   part4.1+part5.3	0h:1m:59s (0h:3m:50s left)
  73 HKY+F+G4     27752.968   part1.1+part3.1	0h:2m:0s (0h:3m:48s left)
  74 TIM+F+G4     27781.076   part4.2+part5.3	0h:2m:2s (0h:3m:45s left)
  75 HKY+F+G4     27759.414   part1.1+part3.2	0h:2m:3s (0h:3m:44s left)
  76 TPM3+F+G4    27829.345   part2.1+part3.3	0h:2m:5s (0h:3m:43s left)
  77 HKY+F+G4     27768.667   part1.1+part4.3	0h:2m:6s (0h:3m:39s left)
  78 TIM2+F+G4    27795.441   part2.2+part5.2	0h:2m:8s (0h:3m:38s left)
  79 HKY+F+G4     27769.119   part4.1+part5.1	0h:2m:10s (0h:3m:37s left)
  80 TPM2+F+G4    27753.344   part3.1+part5.2	0h:2m:12s (0h:3m:36s left)
  81 HKY+F+G4     27778.434   part4.2+part5.1	0h:2m:12s (0h:3m:32s left)
  82 HKY+F+G4     27756.588   part1.1+part4.1	0h:2m:14s (0h:3m:31s left)
  83 TPM2u+F+G4   27750.554   part3.2+part5.2	0h:2m:14s (0h:3m:27s left)
  84 HKY+F+G4     27763.658   part1.1+part4.2	0h:2m:16s (0h:3m:26s left)
  85 TPM3+F+G4    27762.340   part1.2+part2.2	0h:2m:16s (0h:3m:22s left)
  86 HKY+F+G4     27744.344   part4.3+part5.2	0h:2m:18s (0h:3m:21s left)
  87 TIM3+F+I+G4  27775.541   part2.1+part2.2	0h:2m:20s (0h:3m:20s left)
  88 TPM2+F+G4    27777.066   part1.2+part3.1	0h:2m:21s (0h:3m:18s left)
  89 TN+F+G4      27769.391   part1.2+part3.2	0h:2m:23s (0h:3m:16s left)
  90 HKY+F+G4     27769.837   part1.2+part4.3	0h:2m:26s (0h:3m:16s left)
  91 HKY+F+G4     27764.855   part4.1+part5.2	0h:2m:28s (0h:3m:15s left)
  92 TIMe+G4      27750.099   part2.1+part3.1	0h:2m:29s (0h:3m:13s left)
  93 TPM2u+F+G4   27761.695   part4.2+part5.2	0h:2m:30s (0h:3m:10s left)
  94 TNe+G4       27751.521   part2.1+part3.2	0h:2m:32s (0h:3m:9s left)
  95 TPM2+F       27749.763   part1.2+part4.2	0h:2m:35s (0h:3m:9s left)
  96 TPM3u+F+I    27743.349   part1.2+part4.1	0h:2m:36s (0h:3m:6s left)
  97 TNe+G4       27795.832   part2.1+part4.3	0h:2m:36s (0h:3m:3s left)
  98 TPM3+F+G4    27839.051   part2.2+part3.3	0h:2m:38s (0h:3m:3s left)
  99 TIM3+F+G4    27785.105   part3.1+part3.3	0h:2m:39s (0h:3m:0s left)
 100 TIMe+G4      27768.542   part2.1+part4.1	0h:2m:39s (0h:2m:56s left)
 101 TPM3+F+G4    27771.085   part3.2+part3.3	0h:2m:40s (0h:2m:54s left)
 102 TIMe+I+G4    27786.465   part2.1+part4.2	0h:2m:41s (0h:2m:52s left)
 103 TPM3u+F      27738.062   part3.3+part4.3	0h:2m:43s (0h:2m:51s left)
 104 TPM3u+F+G4   27777.085   part3.3+part4.1	0h:2m:43s (0h:2m:47s left)
 105 TPM3u+F+I+G4 27786.097   part2.2+part3.1	0h:2m:46s (0h:2m:48s left)
 106 TPM3+F+G4    27788.423   part3.3+part4.2	0h:2m:47s (0h:2m:45s left)
 107 HKY+F+G4     27730.608   part3.1+part3.2	0h:2m:48s (0h:2m:43s left)
 108 HKY+F+G4     27805.567   part2.2+part4.3	0h:2m:49s (0h:2m:42s left)
 109 TIM3+F+G4    27758.304   part3.1+part4.3	0h:2m:50s (0h:2m:39s left)
 110 HKY+F+G4     27746.651   part3.2+part4.3	0h:2m:51s (0h:2m:37s left)
 111 TN+F+I+G4    27763.009   part2.2+part3.2	0h:2m:52s (0h:2m:35s left)
 112 TPM3+F+G4    27777.053   part2.2+part4.1	0h:2m:54s (0h:2m:34s left)
 113 TPM2+F+G4    27778.016   part2.2+part4.2	0h:2m:56s (0h:2m:33s left)
 114 TN+F+G4      27745.448   part3.1+part4.1	0h:2m:59s (0h:2m:32s left)
 115 TIM2+F+G4    27757.172   part3.1+part4.2	0h:2m:59s (0h:2m:30s left)
 116 HKY+F+G4     27762.657   part4.2+part4.3	0h:3m:0s (0h:2m:27s left)
 117 HKY+F+G4     27759.100   part4.1+part4.3	0h:3m:0s (0h:2m:25s left)
 118 HKY+F+G4     27758.607   part3.2+part4.2	0h:3m:0s (0h:2m:22s left)
 119 HKY+F+G4     27751.619   part3.2+part4.1	0h:3m:1s (0h:2m:19s left)
 120 HKY+F        27736.124   part4.1+part4.2	0h:3m:1s (0h:2m:17s left)
Merging part3.1+part3.2 with BIC score: 27730.608 (LnL: -13282.532  df: 149)
 121 HKY+F+G4     27704.297   part3.1+part3.2+part4.1	0h:3m:10s (0h:2m:21s left)
 122 HKY+F+G4     27716.579   part1.1+part3.1+part3.2	0h:3m:12s (0h:2m:20s left)
 123 TPM3+F+G4    27746.285   part1.2+part3.1+part3.2	0h:3m:12s (0h:2m:17s left)
 124 TPM2u+F+G4   27713.059   part3.1+part3.2+part5.2	0h:3m:13s (0h:2m:15s left)
 125 TPM3+F+G4    27720.913   part2.1+part3.1+part3.2	0h:3m:13s (0h:2m:13s left)
 126 HKY+F+G4     27747.406   part3.1+part3.2+part5.3	0h:3m:14s (0h:2m:11s left)
 127 TPM3u+F+G4   27731.923   part1.3+part3.1+part3.2	0h:3m:16s (0h:2m:9s left)
 128 TPM3u+F+G4   27761.186   part2.3+part3.1+part3.2	0h:3m:16s (0h:2m:7s left)
 129 TPM3+F+G4    27746.361   part3.1+part3.2+part3.3	0h:3m:20s (0h:2m:7s left)
 130 TPM3u+F+I+G4 27754.140   part2.2+part3.1+part3.2	0h:3m:21s (0h:2m:5s left)
 131 HKY+F+G4     27718.244   part3.1+part3.2+part5.1	0h:3m:22s (0h:2m:3s left)
 132 HKY+F+G4     27712.532   part3.1+part3.2+part4.3	0h:3m:22s (0h:2m:1s left)
 133 HKY+F+G4     27714.914   part3.1+part3.2+part4.2	0h:3m:22s (0h:1m:58s left)
Merging part1.3+part5.2 with BIC score: 27687.377 (LnL: -13288.295  df: 142)
 134 TPM2u+F+G4   27676.836   part1.3+part4.1+part5.2	0h:3m:37s (0h:2m:4s left)
 135 TPM2+F+G4    27739.190   part1.3+part2.2+part5.2	0h:3m:38s (0h:2m:3s left)
 136 TPM2+F+G4    27694.102   part1.1+part1.3+part5.2	0h:3m:39s (0h:2m:0s left)
 137 TPM2u+F+G4   27679.360   part1.2+part1.3+part5.2	0h:3m:39s (0h:1m:58s left)
 138 TPM3u+F+G4   27744.582   part1.3+part2.1+part5.2	0h:3m:40s (0h:1m:56s left)
 139 TPM2u+F+G4   27689.619   part1.3+part3.1+part3.2+part5.2	0h:3m:41s (0h:1m:54s left)
 140 TPM2+F+G4    27653.405   part1.3+part5.2+part5.3	0h:3m:41s (0h:1m:52s left)
 141 TPM3u+F+G4   27675.703   part1.3+part2.3+part5.2	0h:3m:43s (0h:1m:51s left)
 142 TVM+F+G4     27663.149   part1.3+part3.3+part5.2	0h:3m:51s (0h:1m:52s left)
 143 TPM2u+F+G4   27669.609   part1.3+part4.2+part5.2	0h:3m:51s (0h:1m:50s left)
 144 TPM2u+F+G4   27651.812   part1.3+part4.3+part5.2	0h:3m:52s (0h:1m:47s left)
 145 TPM3+F+G4    27678.187   part1.3+part5.1+part5.2	0h:3m:52s (0h:1m:45s left)
Merging part4.1+part4.2 with BIC score: 27645.532 (LnL: -13294.751  df: 135)
 146 TIM3+F+G4    27675.591   part3.3+part4.1+part4.2	0h:4m:0s (0h:1m:47s left)
 147 HKY+F+G4     27637.790   part1.1+part4.1+part4.2	0h:4m:0s (0h:1m:44s left)
 148 TPM3u+F+I    27627.075   part1.2+part4.1+part4.2	0h:4m:1s (0h:1m:42s left)
 149 TPM3u+F+G4   27669.905   part2.2+part4.1+part4.2	0h:4m:2s (0h:1m:40s left)
 150 TIMe+I+G4    27680.987   part2.1+part4.1+part4.2	0h:4m:5s (0h:1m:39s left)
 151 HKY+F+G4     27641.501   part3.1+part3.2+part4.1+part4.2	0h:4m:5s (0h:1m:37s left)
 152 K3Pu+F+G4    27705.059   part2.3+part4.1+part4.2	0h:4m:8s (0h:1m:36s left)
 153 HKY+F+G4     27638.511   part4.1+part4.2+part4.3	0h:4m:8s (0h:1m:34s left)
 154 HKY+F+G4     27657.439   part4.1+part4.2+part5.1	0h:4m:9s (0h:1m:32s left)
 155 TPM2u+F+G4   27655.889   part1.3+part4.1+part4.2+part5.2	0h:4m:10s (0h:1m:30s left)
 156 TIM+F+G4     27671.354   part4.1+part4.2+part5.3	0h:4m:11s (0h:1m:28s left)
Merging part4.3+part5.3 with BIC score: 27605.233 (LnL: -13294.158  df: 130)
 157 HKY+F+G4     27686.527   part2.2+part4.3+part5.3	0h:4m:20s (0h:1m:29s left)
 158 HKY+F+G4     27630.411   part1.2+part4.3+part5.3	0h:4m:22s (0h:1m:27s left)
 159 HKY+F+G4     27627.771   part1.1+part4.3+part5.3	0h:4m:22s (0h:1m:25s left)
 160 TPM3u+F+G4   27685.824   part2.1+part4.3+part5.3	0h:4m:22s (0h:1m:23s left)
 161 TN+F+G4      27629.857   part4.1+part4.2+part4.3+part5.3	0h:4m:22s (0h:1m:21s left)
 162 HKY+F+G4     27626.454   part3.1+part3.2+part4.3+part5.3	0h:4m:25s (0h:1m:20s left)
 163 TPM3+F+G4    27574.038   part2.3+part4.3+part5.3	0h:4m:27s (0h:1m:18s left)
 164 TPM2u+F+G4   27573.328   part1.3+part4.3+part5.2+part5.3	0h:4m:29s (0h:1m:17s left)
 165 TPM3+F+G4    27595.219   part4.3+part5.1+part5.3	0h:4m:30s (0h:1m:15s left)
 166 TPM3u+F+G4   27570.658   part3.3+part4.3+part5.3	0h:4m:31s (0h:1m:13s left)
Merging part3.3+part4.3+part5.3 with BIC score: 27570.658 (LnL: -13300.337  df: 124)
 167 TPM3u+F+G4   27615.859   part1.1+part3.3+part4.3+part5.3	0h:4m:45s (0h:1m:15s left)
 168 TPM3u+F+G4   27613.243   part1.2+part3.3+part4.3+part5.3	0h:4m:45s (0h:1m:13s left)
 169 TPM3u+F+G4   27685.487   part2.2+part3.3+part4.3+part5.3	0h:4m:46s (0h:1m:11s left)
 170 TPM3u+F+G4   27670.990   part2.1+part3.3+part4.3+part5.3	0h:4m:46s (0h:1m:9s left)
 171 TIM3+F+G4    27606.978   part3.3+part4.1+part4.2+part4.3+part5.3	0h:4m:47s (0h:1m:7s left)
 172 TPM3u+F+G4   27605.792   part3.1+part3.2+part3.3+part4.3+part5.3	0h:4m:49s (0h:1m:5s left)
 173 TPM3u+F+G4   27537.471   part2.3+part3.3+part4.3+part5.3	0h:4m:51s (0h:1m:3s left)
 174 TPM3u+F+G4   27542.062   part1.3+part3.3+part4.3+part5.2+part5.3	0h:4m:52s (0h:1m:2s left)
 175 TPM3u+F+G4   27561.361   part3.3+part4.3+part5.1+part5.3	0h:4m:55s (0h:1m:0s left)
Merging part2.3+part3.3+part4.3+part5.3 with BIC score: 27537.471 (LnL: -13311.123  df: 117)
 176 TPM3u+F+G4   27665.349   part2.2+part2.3+part3.3+part4.3+part5.3	0h:5m:18s (0h:1m:3s left)
 177 TIM3+F+G4    27597.450   part2.3+part3.3+part4.1+part4.2+part4.3+part5.3	0h:5m:19s (0h:1m:1s left)
 178 TPM3+F+G4    27537.104   part2.3+part3.3+part4.3+part5.1+part5.3	0h:5m:20s (0h:0m:59s left)
 179 TPM3+F+G4    27597.921   part1.2+part2.3+part3.3+part4.3+part5.3	0h:5m:20s (0h:0m:57s left)
 180 TPM3+F+G4    27647.908   part2.1+part2.3+part3.3+part4.3+part5.3	0h:5m:21s (0h:0m:55s left)
 181 TPM3+F+G4    27602.690   part1.1+part2.3+part3.3+part4.3+part5.3	0h:5m:21s (0h:0m:53s left)
 182 TPM3u+F+G4   27585.880   part2.3+part3.1+part3.2+part3.3+part4.3+part5.3	0h:5m:21s (0h:0m:51s left)
 183 TPM3u+F+G4   27519.874   part1.3+part2.3+part3.3+part4.3+part5.2+part5.3	0h:5m:23s (0h:0m:49s left)
Merging part1.2+part4.1+part4.2 with BIC score: 27519.013 (LnL: -13321.450  df: 112)
 184 TPM3+F+G4    27521.851   part1.2+part2.2+part4.1+part4.2	0h:5m:32s (0h:0m:48s left)
 185 TPM3u+F+G4   27538.444   part1.2+part4.1+part4.2+part5.1	0h:5m:32s (0h:0m:46s left)
 186 TPM3u+F+G4   27504.179   part1.1+part1.2+part4.1+part4.2	0h:5m:32s (0h:0m:44s left)
 187 TPM3u+F+G4   27571.173   part1.2+part2.1+part4.1+part4.2	0h:5m:34s (0h:0m:42s left)
 188 TPM3+F+G4    27540.561   part1.2+part3.1+part3.2+part4.1+part4.2	0h:5m:35s (0h:0m:41s left)
 189 TPM2u+F+G4   27530.452   part1.2+part1.3+part4.1+part4.2+part5.2	0h:5m:39s (0h:0m:39s left)
 190 TPM3u+F+G4   27627.516   part1.2+part2.3+part3.3+part4.1+part4.2+part4.3+part5.3	0h:5m:42s (0h:0m:37s left)
Merging part1.3+part2.3+part3.3+part4.3+part5.2+part5.3 with BIC score: 27501.417 (LnL: -13340.030  df: 105)
 191 TPM3u+F+G4   27614.980   part1.3+part2.2+part2.3+part3.3+part4.3+part5.2+part5.3	0h:6m:12s (0h:0m:39s left)
 192 TPM3+F+G4    27492.644   part1.3+part2.3+part3.3+part4.3+part5.1+part5.2+part5.3	0h:6m:13s (0h:0m:36s left)
 193 TPM3u+F+G4   27600.426   part1.3+part2.1+part2.3+part3.3+part4.3+part5.2+part5.3	0h:6m:13s (0h:0m:34s left)
 194 TPM3u+F+G4   27546.585   part1.1+part1.3+part2.3+part3.3+part4.3+part5.2+part5.3	0h:6m:13s (0h:0m:32s left)
 195 TPM3u+F+G4   27535.273   part1.3+part2.3+part3.1+part3.2+part3.3+part4.3+part5.2+part5.3	0h:6m:14s (0h:0m:30s left)
 196 TPM3u+F+G4   27585.949   part1.2+part1.3+part2.3+part3.3+part4.1+part4.2+part4.3+part5.2+part5.3	0h:6m:14s (0h:0m:28s left)
Merging part1.1+part1.2+part4.1+part4.2 with BIC score: 27486.582 (LnL: -13348.257  df: 101)
 197 TPM3u+F+G4   27490.236   part1.1+part1.2+part4.1+part4.2+part5.1	0h:6m:27s (0h:0m:27s left)
 198 TIM3+F+G4    27495.070   part1.1+part1.2+part2.2+part4.1+part4.2	0h:6m:27s (0h:0m:25s left)
 199 TIM3+F+G4    27526.664   part1.1+part1.2+part2.1+part4.1+part4.2	0h:6m:28s (0h:0m:23s left)
 200 TPM3+F+G4    27493.312   part1.1+part1.2+part3.1+part3.2+part4.1+part4.2	0h:6m:28s (0h:0m:21s left)
 201 TPM3+F+G4    27599.351   part1.1+part1.2+part1.3+part2.3+part3.3+part4.1+part4.2+part4.3+part5.2+part5.3	0h:6m:40s (0h:0m:19s left)
Merging part3.1+part3.2+part5.1 with BIC score: 27474.217 (LnL: -13353.809  df: 98)
 202 TPM3+F+G4    27527.871   part2.2+part3.1+part3.2+part5.1	0h:6m:47s (0h:0m:18s left)
 203 TPM3u+F+G4   27478.902   part2.1+part3.1+part3.2+part5.1	0h:6m:48s (0h:0m:16s left)
 204 TPM3u+F+G4   27482.817   part1.1+part1.2+part3.1+part3.2+part4.1+part4.2+part5.1	0h:6m:51s (0h:0m:14s left)
 205 TPM3u+F+G4   27503.309   part1.3+part2.3+part3.1+part3.2+part3.3+part4.3+part5.1+part5.2+part5.3	0h:7m:0s (0h:0m:12s left)
Merging part2.1+part2.2 with BIC score: 27471.788 (LnL: -13364.328  df: 95)
 206 TIM3+F+I+G4  27511.266   part1.1+part1.2+part2.1+part2.2+part4.1+part4.2	0h:7m:9s (0h:0m:10s left)
 207 TIM3+F+I+G4  27506.960   part2.1+part2.2+part3.1+part3.2+part5.1	0h:7m:10s (0h:0m:8s left)
 208 TPM3+F+G4    27653.457   part1.3+part2.1+part2.2+part2.3+part3.3+part4.3+part5.2+part5.3	0h:7m:18s (0h:0m:6s left)
BEST-FIT PARTITION MODEL: 
  charpartition BIC = TPM3u+F+G4: part1.1 part1.2 part4.1 part4.2, TPM3u+F+G4: part1.3 part2.3 part3.3 part4.3 part5.2 part5.3, TIM3+F+I+G4: part2.1 part2.2, HKY+F+G4: part3.1 part3.2 part5.1;
Agglomerative model selection: ((part1.1,(part1.2,(part4.1,part4.2)3:27645.5)7:27519)9:27486.6,((part1.3,part5.2)2:27687.4,(part2.3,(part3.3,(part4.3,part5.3)4:27605.2)5:27570.7)6:27537.5)8:27501.4,(part2.1,part2.2)11:27471.8,((part3.1,part3.2)1:27730.6,part5.1)10:27474.2)
Merging into 4 partitions...
Partition information was printed to 4_set199.best_scheme.nex
Partition information in Raxml format was printed to 4_set199.best_scheme

All model information printed to 4_set199.model.gz
CPU time for ModelFinder: 502.257 seconds (0h:8m:22s)
Wall-clock time for ModelFinder: 439.953 seconds (0h:7m:19s)
Generating 1000 samples for ultrafast bootstrap (seed: 152878)...

NOTE: 10 MB RAM (0 GB) is required!
Measuring multi-threading efficiency up to 8 CPU cores
Increase to 10 rounds for branch lengths
23 trees examined
Threads: 1 / Time: 8.070 sec / Speedup: 1.000 / Efficiency: 100% / LogL: -19841
Threads: 2 / Time: 15.849 sec / Speedup: 0.509 / Efficiency: 25% / LogL: -19841
BEST NUMBER OF THREADS: 1

Estimate model parameters (epsilon = 0.100)
Initial log-likelihood: -14085.310
Current log-likelihood at step 1: -13561.324
Current log-likelihood at step 2: -13383.542
Current log-likelihood at step 3: -13364.604
Current log-likelihood at step 4: -13364.560
Partition-specific rates:  0.579 1.357 0.662 1.210
Parameters optimization took 3 rounds (1.440 sec)

Computing ML distances based on estimated model parameters... 0.043 sec
Computing BIONJ tree...
0.007 seconds
Log-likelihood of BIONJ tree: -13368.342
--------------------------------------------------------------------
|             INITIALIZING CANDIDATE TREE SET                      |
--------------------------------------------------------------------
Generating 98 parsimony trees... 3.015 second
Computing log-likelihood of 98 initial trees ... 10.243 seconds
Current best score: -13363.777

Do NNI search on 20 best initial trees
Estimate model parameters (epsilon = 0.100)
Initial log-likelihood: -13363.750
Current log-likelihood at step 1: -13363.707
Parameters optimization took 0 rounds (0.245 sec)

BETTER TREE FOUND at iteration 1: -13363.707
UPDATE BEST LOG-LIKELIHOOD: -13363.706
Estimate model parameters (epsilon = 0.100)
Initial log-likelihood: -13359.655
Current log-likelihood at step 1: -13359.515
Current log-likelihood at step 2: -13359.470
Parameters optimization took 1 rounds (0.507 sec)

BETTER TREE FOUND at iteration 4: -13359.470
Iteration 10 / LogL: -13359.472 / Time: 0h:0m:48s
UPDATE BEST LOG-LIKELIHOOD: -13359.470
Iteration 20 / LogL: -13359.473 / Time: 0h:1m:1s
Finish initializing candidate tree set (3)
Current best tree score: -13359.470 / CPU time: 35.497
Number of iterations: 20
--------------------------------------------------------------------
|               OPTIMIZING CANDIDATE TREE SET                      |
--------------------------------------------------------------------
Iteration 30 / LogL: -13359.738 / Time: 0h:1m:12s (0h:3m:4s left)
UPDATE BEST LOG-LIKELIHOOD: -13359.470
Iteration 40 / LogL: -13359.500 / Time: 0h:1m:21s (0h:2m:13s left)
Iteration 50 / LogL: -13387.390 / Time: 0h:1m:31s (0h:1m:41s left)
Log-likelihood cutoff on original alignment: -13403.686
Iteration 60 / LogL: -13395.107 / Time: 0h:1m:41s (0h:1m:15s left)
Iteration 70 / LogL: -13359.470 / Time: 0h:1m:52s (0h:0m:55s left)
Iteration 80 / LogL: -13359.480 / Time: 0h:2m:3s (0h:0m:37s left)
Iteration 90 / LogL: -13359.471 / Time: 0h:2m:14s (0h:0m:21s left)
UPDATE BEST LOG-LIKELIHOOD: -13359.470
Iteration 100 / LogL: -13387.391 / Time: 0h:2m:24s (0h:0m:5s left)
Log-likelihood cutoff on original alignment: -13403.686
NOTE: Bootstrap correlation coefficient of split occurrence frequencies: 0.999
TREE SEARCH COMPLETED AFTER 105 ITERATIONS / Time: 0h:2m:29s

--------------------------------------------------------------------
|                    FINALIZING TREE SEARCH                        |
--------------------------------------------------------------------
Performs final model parameters optimization
Estimate model parameters (epsilon = 0.010)
Initial log-likelihood: -13359.469
Current log-likelihood at step 1: -13359.430
Current log-likelihood at step 2: -13359.394
Current log-likelihood at step 3: -13359.360
Current log-likelihood at step 4: -13359.329
Current log-likelihood at step 5: -13359.301
Current log-likelihood at step 6: -13359.275
Current log-likelihood at step 7: -13359.250
Current log-likelihood at step 8: -13359.228
Current log-likelihood at step 9: -13359.207
Current log-likelihood at step 10: -13359.187
Current log-likelihood at step 11: -13359.170
Current log-likelihood at step 12: -13359.153
Current log-likelihood at step 13: -13359.138
Current log-likelihood at step 14: -13359.123
Current log-likelihood at step 15: -13359.110
Current log-likelihood at step 16: -13359.098
Current log-likelihood at step 17: -13359.086
Current log-likelihood at step 18: -13359.076
Current log-likelihood at step 19: -13359.066
Partition-specific rates:  0.577 1.365 0.646 1.212
Parameters optimization took 18 rounds (3.280 sec)

BEST SCORE FOUND : -13359.066
Creating bootstrap support values...
Split supports printed to NEXUS file 4_set199.splits.nex
Total tree length: 0.840

Total number of iterations: 105
CPU time used for tree search: 58.733 sec (0h:0m:58s)
Wall-clock time used for tree search: 124.252 sec (0h:2m:4s)
Total CPU time used: 69.124 sec (0h:1m:9s)
Total wall-clock time used: 153.905 sec (0h:2m:33s)

Computing bootstrap consensus tree...
Reading input file 4_set199.splits.nex...
35 taxa and 128 splits.
Consensus tree written to 4_set199.contree
Reading input trees file 4_set199.contree
Log-likelihood of consensus tree: -13359.067

Analysis results written to: 
  IQ-TREE report:                4_set199.iqtree
  Maximum-likelihood tree:       4_set199.treefile
  Likelihood distances:          4_set199.mldist
  Best partitioning scheme:      4_set199.best_scheme.nex
           in RAxML format:      4_set199.best_scheme

Ultrafast bootstrap approximation results written to:
  Split support values:          4_set199.splits.nex
  Consensus tree:                4_set199.contree
  Screen log file:               4_set199.log

Date and Time: Fri Sep  7 23:56:42 2018
