IQ-TREE multicore version 1.6.7 for Mac OS X 64-bit built Aug 23 2018
Developed by Bui Quang Minh, Nguyen Lam Tung, Olga Chernomor,
Heiko Schmidt, Dominik Schrempf, Michael Woodhams.

Host:    meeps-mac-pro.staff.sydney.edu.au (AVX, 64 GB RAM)
Command: /Users/davidduchene/Desktop/Software/iqtree-1.6.7-MacOSX/bin/iqtree -s ../../../../marsupials/set242.fasta -m TESTMERGE -bb 1000 -q ../../../../marsupials/set242.nex -nt AUTO -pre 2_set242
Seed:    601008 (Using SPRNG - Scalable Parallel Random Number Generator)
Time:    Sat Sep  8 01:49:08 2018
Kernel:  AVX - auto-detect threads (8 CPU cores detected)

Reading partition model file ../../../../marsupials/set242.nex ...
Reading alignment file ../../../../marsupials/set242.fasta ... Fasta format detected
Alignment most likely contains DNA/RNA sequences
Alignment has 35 sequences with 1776 columns, 799 distinct patterns
474 parsimony-informative, 255 singleton sites, 1047 constant sites
                                              Gap/Ambiguity  Composition  p-value
   1  Burramyidae_Burramys_parvus                    14.86%    passed     97.61%
   2  Notoryctidae_Notoryctes_typhlops                3.15%    passed     81.13%
   3  Vombatidae_Lasiorhinus_latifrons                0.51%    passed     90.38%
   4  Potoroidae_Bettongia_penicillata                0.39%    passed     97.49%
   5  Potoroidae_Bettongia_lesueur                    0.06%    passed     95.75%
   6  Dasyuridae_Dasyurus_maculatus                   0.28%    passed     83.54%
   7  Phalangeridae_Trichosurus_vulpecula             0.17%    passed     94.37%
   8  Phalangeridae_Spilocuscus_maculatus             0.17%    passed     77.57%
   9  Potoroidae_Aepyprymnus_rufescens                0.34%    passed     99.74%
  10  Peramelidae_Perameles_nasuta                    1.13%    passed     64.76%
  11  Phalangeridae_Strigocuscus_pelengensis          8.22%    passed     88.94%
  12  Dasyuridae_Phascogale_tapoatafa                 0.34%    passed     93.14%
  13  Dasyuridae_Sminthopsis_macroura                 1.24%    passed     95.43%
  14  Phalangeridae_Phalanger_orientalis              0.34%    passed     82.72%
  15  Acrobatidae_Acrobates_pygmaeus                 14.86%    passed     84.52%
  16  Dasyuridae_Phascogale_calura                    0.56%    passed     95.59%
  17  Dasyuridae_Sarcophilus_harrisii                 0.28%    passed     89.34%
  18  Dasyuridae_Planigale_tenuirostris              27.87%    failed      1.62%
  19  Peramelidae_Echymipera_kalubu                   2.87%    passed     99.55%
  20  Macropodidae_Dorcopsulus_vanheurni              6.98%    passed     40.40%
  21  Pseudochiridae_Pseudochirulus_forbesi           7.43%    passed     93.04%
  22  Didelphidae_Didelphis_virginiana               15.15%    passed     77.41%
  23  Marmosidae_Monodelphis_domestica               15.60%    passed     57.29%
  24  Dasyuridae_Antechinus_stuartii                  0.51%    passed     97.08%
  25  Hypsiprymnodontidae_Hypsiprymnodon_moschatus    0.34%    passed     89.59%
  26  Microbiotheriidae_Dromiciops_gliroides          8.45%    passed     58.68%
  27  Pseudochiridae_Petauroides_volans               9.74%    passed     33.45%
  28  Macropodidae_Wallabia_bicolor                   6.76%    passed     67.72%
  29  Pseudochiridae_Pseudocheirus_occidentalis       4.67%    passed     95.19%
  30  Tarsipedidae_Tarsipes_rostratus                33.73%    failed      3.17%
  31  Acrobatidae_Distoechurus_pennatus               0.51%    passed     54.78%
  32  Phalangeridae_Phalanger_carmelitae              0.11%    passed     89.74%
  33  Peramelidae_Peroryctes_raffrayana               1.52%    passed     85.21%
  34  Dasyuridae_Dasyurus_geffroii                    0.39%    passed     71.85%
  35  Peramelidae_Perameles_gunnii                    2.08%    passed     65.93%
****  TOTAL                                           5.47%  2 sequences failed composition chi2 test (p-value<5%; df=3)
NOTE: No CharPartition defined, use all CharSets

Loading 15 partitions...
Subset	Type	Seqs	Sites	Infor	Invar	Model	Name
1		34	122	38	69	TESTMERGE	part1.1
2		34	122	34	82	TESTMERGE	part1.2
3		34	122	70	26	TESTMERGE	part1.3
4		35	76	4	66	TESTMERGE	part2.1
5		35	76	1	69	TESTMERGE	part2.2
6		35	76	37	25	TESTMERGE	part2.3
7		34	197	49	121	TESTMERGE	part3.1
8		34	197	34	135	TESTMERGE	part3.2
9		34	197	92	62	TESTMERGE	part3.3
10		35	114	9	100	TESTMERGE	part4.1
11		35	114	5	104	TESTMERGE	part4.2
12		35	114	47	48	TESTMERGE	part4.3
13		32	83	14	59	TESTMERGE	part5.1
14		32	83	4	62	TESTMERGE	part5.2
15		32	83	36	19	TESTMERGE	part5.3
Degree of missing data: 0.027
Info: multi-threading strategy over partitions



Create initial parsimony tree by phylogenetic likelihood library (PLL)... 0.007 seconds
NOTE: ModelFinder requires 8 MB RAM!
NUMBER OF THREADS FOR PARTITION FINDING: 8
Testing GTR+F+G on supermatrix...
GTR+F+G4 / LnL: -11400.310 / df: 76 / AIC: 22952.621 / AICc: 22959.510 / BIC: 23369.262
Selecting individual models for 15 charsets using BIC...
 No. Model        Score       Charset
   1 K3P+G4       1393.926    part2.3
   2 K2P+G4       1470.997    part5.3
   3 K2P+G4       2034.384    part3.1
   4 TIMe+I+G4    2129.751    part1.1
   5 TIM2e+G4     1689.332    part4.3
   6 K3P+I+G4     3452.475    part1.3
   7 K2P+G4       3286.735    part3.3
   8 TPM3u+F+G4   1688.019    part3.2
   9 K2P+I+G4     1968.445    part1.2
  10 TNe+G4       684.524     part5.1	0h:0m:9s (0h:3m:4s left)
  11 K2P+G4       634.854     part5.2	0h:0m:11s (0h:3m:23s left)
  12 K2P+I+G4     631.200     part4.1	0h:0m:11s (0h:3m:9s left)
  13 JC+I+G4      365.776     part2.2	0h:0m:12s (0h:3m:9s left)
  14 K2P+I+G4     432.889     part2.1	0h:0m:12s (0h:2m:54s left)
  15 HKY+F+I+G4   584.261     part4.2	0h:0m:12s (0h:2m:45s left)
Full partition model BIC score: 23085.346 (LnL: -11104.969  df:117)
Merging models to increase model fit (about 211 total partition schemes)...
  16 K2P+I+G4     23214.526   part1.2+part3.3	0h:0m:17s (0h:3m:33s left)
  17 K3P+G4       23183.661   part1.1+part3.3	0h:0m:17s (0h:3m:23s left)
  18 K2P+G4       23074.715   part2.3+part3.3	0h:0m:18s (0h:3m:13s left)
  19 K2P+G4       23136.711   part1.3+part3.3	0h:0m:18s (0h:3m:3s left)
  20 K2P+G4       23071.660   part3.3+part5.3	0h:0m:19s (0h:3m:9s left)
  21 K2P+G4       23088.284   part3.1+part3.3	0h:0m:19s (0h:2m:59s left)
  22 TPM3u+F+G4   23095.610   part3.2+part3.3	0h:0m:20s (0h:2m:55s left)
  23 K2P+G4       23068.177   part3.3+part4.3	0h:0m:22s (0h:3m:0s left)
  24 TPM3u+F+G4   23076.217   part3.1+part3.2	0h:0m:24s (0h:3m:11s left)
  25 K2P+G4       23151.548   part3.3+part4.1	0h:0m:25s (0h:3m:12s left)
  26 TIMe+I+G4    23080.390   part1.3+part3.2	0h:0m:26s (0h:3m:5s left)
  27 K3P+I+G4     23073.564   part1.3+part3.1	0h:0m:26s (0h:3m:0s left)
  28 TNe+I+G4     23104.538   part1.3+part4.3	0h:0m:26s (0h:2m:53s left)
  29 TNe+G4       23093.889   part3.3+part5.1	0h:0m:26s (0h:2m:46s left)
  30 K2P+G4       23074.970   part3.1+part4.3	0h:0m:26s (0h:2m:42s left)
  31 TPM3+F+G4    23161.497   part3.3+part4.2	0h:0m:27s (0h:2m:40s left)
  32 K2P+G4       23093.766   part3.3+part5.2	0h:0m:31s (0h:2m:57s left)
  33 K2P+G4       23124.692   part2.1+part3.3	0h:0m:31s (0h:2m:51s left)
  34 K3Pu+F+I+G4  23097.025   part1.1+part3.1	0h:0m:33s (0h:2m:52s left)
  35 K2P+G4       23149.487   part2.2+part3.3	0h:0m:33s (0h:2m:47s left)
  36 TIMe+I+G4    23060.521   part1.1+part1.3	0h:0m:35s (0h:2m:54s left)
  37 K3P+I+G4     23088.703   part1.3+part2.3	0h:0m:36s (0h:2m:51s left)
  38 TPM3+F+G4    23077.550   part3.2+part4.3	0h:0m:37s (0h:2m:50s left)
  39 K2P+G4       23106.715   part1.3+part5.3	0h:0m:37s (0h:2m:45s left)
  40 K3P+G4       23074.582   part2.3+part3.1	0h:0m:38s (0h:2m:44s left)
  41 K2P+G4       23083.246   part3.1+part5.3	0h:0m:40s (0h:2m:46s left)
  42 TNe+I+G4     23086.877   part1.2+part1.3	0h:0m:40s (0h:2m:43s left)
  43 K2P+I+G4     23117.963   part1.2+part3.1	0h:0m:42s (0h:2m:46s left)
  44 K3P+G4       23078.999   part2.3+part3.2	0h:0m:43s (0h:2m:45s left)
  45 TIMe+I+G4    23086.471   part1.1+part3.2	0h:0m:44s (0h:2m:42s left)
  46 K2P+G4       23090.675   part3.2+part5.3	0h:0m:45s (0h:2m:41s left)
  47 TIM+F+I+G4   23138.293   part1.1+part4.3	0h:0m:45s (0h:2m:37s left)
  48 TIM3e+I+G4   23106.853   part1.2+part3.2	0h:0m:46s (0h:2m:39s left)
  49 K2P+G4       23069.822   part4.3+part5.3	0h:0m:47s (0h:2m:38s left)
  50 TIM2+F+G4    23076.422   part2.3+part4.3	0h:0m:49s (0h:2m:37s left)
  51 K3P+I+G4     23098.659   part1.3+part4.1	0h:0m:51s (0h:2m:40s left)
  52 K2P+I+G4     23071.832   part1.3+part5.1	0h:0m:51s (0h:2m:36s left)
  53 K2P+I+G4     23118.166   part3.1+part4.1	0h:0m:52s (0h:2m:37s left)
  54 K2P+I+G4     23154.376   part1.2+part4.3	0h:0m:52s (0h:2m:33s left)
  55 K2P+G4       23078.682   part3.1+part5.1	0h:0m:53s (0h:2m:31s left)
  56 K2P+I+G4     23062.953   part1.3+part5.2	0h:0m:55s (0h:2m:33s left)
  57 K2P+I+G4     23095.116   part1.3+part4.2	0h:0m:57s (0h:2m:34s left)
  58 TIM+F+I+G4   23113.707   part1.1+part2.3	0h:0m:58s (0h:2m:34s left)
  59 K2P+I+G4     23119.564   part3.1+part4.2	0h:0m:59s (0h:2m:33s left)
  60 K3P+I+G4     23078.091   part1.3+part2.1	0h:0m:59s (0h:2m:29s left)
  61 TIMe+I+G4    23150.122   part1.1+part5.3	0h:0m:59s (0h:2m:26s left)
  62 K2P+G4       23074.478   part3.1+part5.2	0h:1m:1s (0h:2m:28s left)
  63 K3P+I+G4     23095.139   part1.3+part2.2	0h:1m:2s (0h:2m:26s left)
  64 TIMe+I+G4    23070.222   part1.1+part1.2	0h:1m:2s (0h:2m:23s left)
  65 K2P+G4       23096.145   part2.1+part3.1	0h:1m:3s (0h:2m:23s left)
  66 K2P+G4       23116.523   part2.2+part3.1	0h:1m:5s (0h:2m:22s left)
  67 K2P+G4       23073.218   part2.3+part5.3	0h:1m:6s (0h:2m:23s left)
  68 K2P+I+G4     23171.478   part1.2+part5.3	0h:1m:8s (0h:2m:24s left)
  69 K2P+I+G4     23139.924   part1.2+part2.3	0h:1m:10s (0h:2m:25s left)
  70 TIM3e+G4     23076.756   part3.2+part5.1	0h:1m:12s (0h:2m:26s left)
  71 K2P+G4       23082.276   part4.3+part5.1	0h:1m:13s (0h:2m:25s left)
  72 TPM3u+F+G4   23063.193   part3.2+part5.2	0h:1m:13s (0h:2m:22s left)
  73 TN+F+G4      23092.288   part2.1+part3.2	0h:1m:13s (0h:2m:19s left)
  74 K2P+G4       23123.703   part4.1+part4.3	0h:1m:14s (0h:2m:17s left)
  75 TIM3+F+I+G4  23092.650   part3.2+part4.2	0h:1m:15s (0h:2m:17s left)
  76 TIM3+F+G4    23106.154   part2.2+part3.2	0h:1m:18s (0h:2m:18s left)
  77 TIM3e+G4     23093.286   part3.2+part4.1	0h:1m:18s (0h:2m:17s left)
  78 TN+F+G4      23132.937   part4.2+part4.3	0h:1m:19s (0h:2m:15s left)
  79 TIM2e+G4     23106.372   part2.1+part4.3	0h:1m:21s (0h:2m:15s left)
  80 K3Pu+F+I+G4  23088.267   part1.1+part5.1	0h:1m:21s (0h:2m:13s left)
  81 K2P+G4       23080.827   part4.3+part5.2	0h:1m:21s (0h:2m:10s left)
  82 TIMe+I+G4    23086.820   part1.1+part4.1	0h:1m:21s (0h:2m:8s left)
  83 TIM2e+G4     23131.637   part2.2+part4.3	0h:1m:24s (0h:2m:10s left)
  84 K3P+G4       23090.180   part2.3+part5.1	0h:1m:26s (0h:2m:10s left)
  85 TIMe+I+G4    23073.349   part1.1+part2.1	0h:1m:28s (0h:2m:10s left)
  86 TIMe+I+G4    23083.831   part1.1+part4.2	0h:1m:28s (0h:2m:8s left)
  87 K2P+G4       23093.665   part5.1+part5.3	0h:1m:28s (0h:2m:6s left)
  88 K3P+I+G4     23130.498   part2.3+part4.1	0h:1m:28s (0h:2m:4s left)
  89 TIMe+I+G4    23072.243   part1.1+part5.2	0h:1m:28s (0h:2m:1s left)
  90 K2P+G4       23143.239   part4.1+part5.3	0h:1m:30s (0h:2m:1s left)
  91 K2P+I+G4     23083.288   part1.2+part5.1	0h:1m:32s (0h:2m:1s left)
  92 K2P+G4       23086.102   part2.3+part5.2	0h:1m:32s (0h:1m:59s left)
  93 TIMe+I+G4    23085.921   part1.1+part2.2	0h:1m:32s (0h:1m:57s left)
  94 K2P+G4       23091.669   part5.2+part5.3	0h:1m:32s (0h:1m:55s left)
  95 K3P+G4       23110.278   part2.1+part2.3	0h:1m:32s (0h:1m:53s left)
  96 K2P+I+G4     23078.416   part1.2+part4.1	0h:1m:33s (0h:1m:51s left)
  97 K3P+I+G4     23137.868   part2.3+part4.2	0h:1m:33s (0h:1m:49s left)
  98 K2P+G4       23149.177   part4.2+part5.3	0h:1m:33s (0h:1m:48s left)
  99 K3P+G4       23130.646   part2.2+part2.3	0h:1m:35s (0h:1m:48s left)
 100 K2P+G4       23120.239   part2.1+part5.3	0h:1m:36s (0h:1m:47s left)
 101 K2P+I+G4     23068.217   part1.2+part2.1	0h:1m:37s (0h:1m:46s left)
 102 K2P+G4       23143.315   part2.2+part5.3	0h:1m:38s (0h:1m:44s left)
 103 K2P+I+G4     23072.840   part1.2+part5.2	0h:1m:38s (0h:1m:43s left)
 104 K2P+I+G4     23069.786   part1.2+part4.2	0h:1m:39s (0h:1m:42s left)
 105 TNe+I+G4     23081.928   part1.2+part2.2	0h:1m:40s (0h:1m:41s left)
 106 TNe+I+G4     23084.228   part4.1+part5.1	0h:1m:43s (0h:1m:42s left)
 107 TNe+G4       23073.504   part5.1+part5.2	0h:1m:44s (0h:1m:41s left)
 108 K2P+I+G4     23081.736   part4.2+part5.1	0h:1m:47s (0h:1m:42s left)
 109 K2P+I+G4     23057.132   part4.1+part4.2	0h:1m:47s (0h:1m:41s left)
 110 K2P+I+G4     23095.163   part2.2+part5.1	0h:1m:48s (0h:1m:39s left)
 111 K2P+I+G4     23079.651   part4.1+part5.2	0h:1m:48s (0h:1m:37s left)
 112 K2P+I+G4     23081.450   part2.1+part5.1	0h:1m:50s (0h:1m:37s left)
 113 K2P+I+G4     23066.960   part2.1+part4.1	0h:1m:50s (0h:1m:35s left)
 114 K2P+I+G4     23075.773   part2.2+part4.1	0h:1m:53s (0h:1m:36s left)
 115 HKY+F+I+G4   23078.162   part4.2+part5.2	0h:1m:55s (0h:1m:36s left)
 116 K2P+I+G4     23072.504   part2.1+part5.2	0h:1m:56s (0h:1m:35s left)
 117 K2P+I+G4     23084.877   part2.2+part5.2	0h:1m:57s (0h:1m:34s left)
 118 K2P+I+G4     23059.962   part2.1+part4.2	0h:1m:57s (0h:1m:32s left)
 119 JC+I+G4      23068.078   part2.1+part2.2	0h:1m:57s (0h:1m:31s left)
 120 K2P+I+G4     23067.993   part2.2+part4.2	0h:1m:58s (0h:1m:29s left)
Merging part4.1+part4.2 with BIC score: 23057.132 (LnL: -11113.308  df: 111)
 121 K2P+G4       23195.875   part3.3+part4.1+part4.2	0h:2m:3s (0h:1m:32s left)
 122 K2P+I+G4     23059.259   part1.2+part4.1+part4.2	0h:2m:4s (0h:1m:31s left)
 123 TIMe+I+G4    23077.970   part1.1+part4.1+part4.2	0h:2m:4s (0h:1m:29s left)
 124 K3P+I+G4     23139.152   part2.3+part4.1+part4.2	0h:2m:4s (0h:1m:27s left)
 125 K2P+I+G4     23102.847   part1.3+part4.1+part4.2	0h:2m:5s (0h:1m:26s left)
 126 K2P+I+G4     23122.810   part3.1+part4.1+part4.2	0h:2m:6s (0h:1m:25s left)
 127 TNe+I+G4     23069.382   part4.1+part4.2+part5.1	0h:2m:8s (0h:1m:24s left)
 128 K2P+I+G4     23168.029   part4.1+part4.2+part5.3	0h:2m:11s (0h:1m:25s left)
 129 K2P+I+G4     23142.772   part4.1+part4.2+part4.3	0h:2m:12s (0h:1m:24s left)
 130 K2P+I+G4     23056.519   part4.1+part4.2+part5.2	0h:2m:13s (0h:1m:23s left)
 131 K2P+I+G4     23039.300   part2.1+part4.1+part4.2	0h:2m:14s (0h:1m:21s left)
 132 TIM3e+I+G4   23089.236   part3.2+part4.1+part4.2	0h:2m:14s (0h:1m:20s left)
 133 K2P+I+G4     23048.018   part2.2+part4.1+part4.2	0h:2m:14s (0h:1m:19s left)
Merging part1.1+part1.3 with BIC score: 23032.307 (LnL: -11115.860  df: 107)
 134 TIMe+I+G4    23016.701   part1.1+part1.3+part5.2	0h:2m:22s (0h:1m:21s left)
 135 TIMe+I+G4    23024.082   part1.1+part1.3+part2.1	0h:2m:22s (0h:1m:20s left)
 136 TIMe+I+G4    23032.180   part1.1+part1.3+part3.1	0h:2m:22s (0h:1m:18s left)
 137 TIMe+I+G4    23076.304   part1.1+part1.3+part4.1+part4.2	0h:2m:23s (0h:1m:17s left)
 138 TIMe+I+G4    23029.824   part1.1+part1.3+part3.2	0h:2m:23s (0h:1m:16s left)
 139 TIMe+I+G4    23029.549   part1.1+part1.2+part1.3	0h:2m:25s (0h:1m:15s left)
 140 K3P+I+G4     23148.165   part1.1+part1.3+part3.3	0h:2m:25s (0h:1m:13s left)
 141 TIMe+I+G4    23088.714   part1.1+part1.3+part5.3	0h:2m:25s (0h:1m:12s left)
 142 TIMe+I+G4    23039.644   part1.1+part1.3+part2.2	0h:2m:29s (0h:1m:12s left)
 143 TIMe+I+G4    23028.755   part1.1+part1.3+part5.1	0h:2m:29s (0h:1m:10s left)
 144 TIMe+I+G4    23075.558   part1.1+part1.3+part4.3	0h:2m:29s (0h:1m:9s left)
 145 TIMe+I+G4    23052.819   part1.1+part1.3+part2.3	0h:2m:30s (0h:1m:8s left)
Merging part3.2+part5.2 with BIC score: 23010.155 (LnL: -11112.266  df: 105)
 146 TPM3u+F+G4   23003.896   part3.1+part3.2+part5.2	0h:2m:36s (0h:1m:9s left)
 147 TPM3+F+G4    23006.407   part3.2+part4.3+part5.2	0h:2m:36s (0h:1m:8s left)
 148 K2P+G4       23031.573   part3.2+part5.2+part5.3	0h:2m:36s (0h:1m:6s left)
 149 TIM3e+I+G4   23033.754   part1.2+part3.2+part5.2	0h:2m:36s (0h:1m:5s left)
 150 TPM3+F+G4    23031.010   part3.2+part3.3+part5.2	0h:2m:38s (0h:1m:4s left)
 151 TN+F+G4      23017.111   part2.1+part3.2+part5.2	0h:2m:38s (0h:1m:3s left)
 152 TIMe+I+G4    23015.783   part1.1+part1.3+part3.2+part5.2	0h:2m:39s (0h:1m:1s left)
 153 TPM3u+F+G4   23016.347   part2.3+part3.2+part5.2	0h:2m:41s (0h:1m:1s left)
 154 TIM3e+G4     23010.913   part3.2+part5.1+part5.2	0h:2m:43s (0h:1m:0s left)
 155 TIM3+F+G4    23028.604   part2.2+part3.2+part5.2	0h:2m:43s (0h:0m:59s left)
 156 TIM3+F+I+G4  23046.240   part3.2+part4.1+part4.2+part5.2	0h:2m:44s (0h:0m:58s left)
Merging part2.1+part4.1+part4.2 with BIC score: 22992.322 (LnL: -11114.573  df: 102)
 157 K2P+I+G4     22992.832   part1.2+part2.1+part4.1+part4.2	0h:2m:49s (0h:0m:58s left)
 158 K2P+G4       23157.263   part2.1+part3.3+part4.1+part4.2	0h:2m:49s (0h:0m:56s left)
 159 K2P+I+G4     23113.687   part2.1+part4.1+part4.2+part5.3	0h:2m:50s (0h:0m:55s left)
 160 K2P+I+G4     23063.017   part2.1+part3.1+part4.1+part4.2	0h:2m:52s (0h:0m:54s left)
 161 TIM2e+I+G4   23089.991   part2.1+part4.1+part4.2+part4.3	0h:2m:52s (0h:0m:53s left)
 162 TIMe+I+G4    23042.055   part1.1+part1.3+part2.1+part4.1+part4.2	0h:2m:54s (0h:0m:52s left)
 163 K2P+I+G4     22997.114   part2.1+part4.1+part4.2+part5.1	0h:2m:55s (0h:0m:51s left)
 164 K3P+I+G4     23080.092   part2.1+part2.3+part4.1+part4.2	0h:2m:56s (0h:0m:50s left)
 165 K2P+I+G4     22981.178   part2.1+part2.2+part4.1+part4.2	0h:2m:58s (0h:0m:49s left)
 166 TPM3u+F+I+G4 23035.941   part2.1+part3.2+part4.1+part4.2+part5.2	0h:2m:59s (0h:0m:48s left)
Merging part3.3+part4.3 with BIC score: 22975.154 (LnL: -11120.953  df: 98)
 167 K2P+G4       23113.854   part1.2+part3.3+part4.3	0h:3m:6s (0h:0m:49s left)
 168 K2P+G4       23155.054   part2.1+part3.3+part4.1+part4.2+part4.3	0h:3m:6s (0h:0m:47s left)
 169 K2P+G4       22983.119   part3.3+part4.3+part5.1	0h:3m:7s (0h:0m:46s left)
 170 K2P+G4       23038.962   part2.2+part3.3+part4.3	0h:3m:7s (0h:0m:45s left)
 171 K2P+G4       22977.553   part3.1+part3.3+part4.3	0h:3m:9s (0h:0m:44s left)
 172 K2P+G4       22962.066   part3.3+part4.3+part5.3	0h:3m:9s (0h:0m:42s left)
 173 TPM3+F+G4    22991.402   part3.2+part3.3+part4.3+part5.2	0h:3m:10s (0h:0m:41s left)
 174 K3P+I+G4     23116.194   part1.1+part1.3+part3.3+part4.3	0h:3m:10s (0h:0m:40s left)
 175 K2P+G4       22964.324   part2.3+part3.3+part4.3	0h:3m:12s (0h:0m:39s left)
Merging part3.3+part4.3+part5.3 with BIC score: 22962.066 (LnL: -11121.892  df: 96)
 176 K2P+G4       22972.157   part3.3+part4.3+part5.1+part5.3	0h:3m:20s (0h:0m:39s left)
 177 K2P+G4       23164.545   part2.1+part3.3+part4.1+part4.2+part4.3+part5.3	0h:3m:20s (0h:0m:38s left)
 178 K2P+G4       23112.730   part1.2+part3.3+part4.3+part5.3	0h:3m:20s (0h:0m:37s left)
 179 K2P+G4       22966.634   part3.1+part3.3+part4.3+part5.3	0h:3m:21s (0h:0m:35s left)
 180 K2P+G4       23030.644   part2.2+part3.3+part4.3+part5.3	0h:3m:21s (0h:0m:34s left)
 181 K2P+G4       22950.904   part2.3+part3.3+part4.3+part5.3	0h:3m:21s (0h:0m:33s left)
 182 TPM3+F+G4    22996.711   part3.2+part3.3+part4.3+part5.2+part5.3	0h:3m:22s (0h:0m:32s left)
 183 K3P+G4       23124.924   part1.1+part1.3+part3.3+part4.3+part5.3	0h:3m:22s (0h:0m:31s left)
Merging part2.3+part3.3+part4.3+part5.3 with BIC score: 22950.904 (LnL: -11127.534  df: 93)
 184 K2P+G4       23162.178   part2.1+part2.3+part3.3+part4.1+part4.2+part4.3+part5.3	0h:3m:29s (0h:0m:30s left)
 185 K2P+G4       22960.806   part2.3+part3.3+part4.3+part5.1+part5.3	0h:3m:31s (0h:0m:29s left)
 186 K2P+G4       22954.347   part2.3+part3.1+part3.3+part4.3+part5.3	0h:3m:31s (0h:0m:28s left)
 187 TIM3e+G4     23104.187   part1.2+part2.3+part3.3+part4.3+part5.3	0h:3m:31s (0h:0m:27s left)
 188 K2P+G4       23019.587   part2.2+part2.3+part3.3+part4.3+part5.3	0h:3m:31s (0h:0m:25s left)
 189 TPM3+F+G4    22984.352   part2.3+part3.2+part3.3+part4.3+part5.2+part5.3	0h:3m:32s (0h:0m:24s left)
 190 TIM+F+G4     23110.657   part1.1+part1.3+part2.3+part3.3+part4.3+part5.3	0h:3m:33s (0h:0m:23s left)
Merging part2.1+part2.2+part4.1+part4.2 with BIC score: 22939.760 (LnL: -11129.443  df: 91)
 191 TNe+I+G4     22943.391   part1.2+part2.1+part2.2+part4.1+part4.2	0h:3m:37s (0h:0m:22s left)
 192 K2P+I+G4     23021.733   part2.1+part2.2+part3.1+part4.1+part4.2	0h:3m:39s (0h:0m:21s left)
 193 TIMe+I+G4    23001.479   part1.1+part1.3+part2.1+part2.2+part4.1+part4.2	0h:3m:40s (0h:0m:20s left)
 194 K2P+G4       23201.854   part2.1+part2.2+part2.3+part3.3+part4.1+part4.2+part4.3+part5.3	0h:3m:41s (0h:0m:19s left)
 195 K2P+I+G4     22946.403   part2.1+part2.2+part4.1+part4.2+part5.1	0h:3m:42s (0h:0m:18s left)
 196 TPM3u+F+I+G4 22989.468   part2.1+part2.2+part3.2+part4.1+part4.2+part5.2	0h:3m:43s (0h:0m:17s left)
Merging part3.1+part5.1 with BIC score: 22933.096 (LnL: -11137.335  df: 88)
 197 HKY+F+I+G4   22966.306   part1.2+part3.1+part5.1	0h:3m:47s (0h:0m:16s left)
 198 TPM3u+F+G4   22932.023   part3.1+part3.2+part5.1+part5.2	0h:3m:48s (0h:0m:14s left)
 199 TIMe+I+G4    22936.792   part1.1+part1.3+part3.1+part5.1	0h:3m:49s (0h:0m:13s left)
 200 K2P+I+G4     23011.579   part2.1+part2.2+part3.1+part4.1+part4.2+part5.1	0h:3m:49s (0h:0m:12s left)
 201 K2P+G4       22948.554   part2.3+part3.1+part3.3+part4.3+part5.1+part5.3	0h:3m:50s (0h:0m:11s left)
Merging part1.1+part1.2+part1.3 with BIC score: 22930.338 (LnL: -11147.179  df: 85)
 202 TIMe+I+G4    22977.671   part1.1+part1.2+part1.3+part2.1+part2.2+part4.1+part4.2	0h:3m:57s (0h:0m:10s left)
 203 K3Pu+F+I+G4  22946.530   part1.1+part1.2+part1.3+part3.1+part5.1	0h:3m:58s (0h:0m:9s left)
 204 TIMe+I+G4    22940.450   part1.1+part1.2+part1.3+part3.2+part5.2	0h:3m:58s (0h:0m:8s left)
 205 TIM+F+I+G4   23172.155   part1.1+part1.2+part1.3+part2.3+part3.3+part4.3+part5.3	0h:4m:0s (0h:0m:7s left)
Merging part3.1+part3.2+part5.1+part5.2 with BIC score: 22929.264 (LnL: -11154.124  df: 83)
 206 K2P+I+G4     23014.061   part2.1+part2.2+part3.1+part3.2+part4.1+part4.2+part5.1+part5.2	0h:4m:8s (0h:0m:6s left)
 207 TIMe+I+G4    22949.469   part1.1+part1.2+part1.3+part3.1+part3.2+part5.1+part5.2	0h:4m:8s (0h:0m:4s left)
 208 TIM3e+G4     22966.822   part2.3+part3.1+part3.2+part3.3+part4.3+part5.1+part5.2+part5.3	0h:4m:9s (0h:0m:3s left)
BEST-FIT PARTITION MODEL: 
  charpartition BIC = TIMe+I+G4: part1.1 part1.2 part1.3, K2P+I+G4: part2.1 part2.2 part4.1 part4.2, K2P+G4: part2.3 part3.3 part4.3 part5.3, TPM3u+F+G4: part3.1 part3.2 part5.1 part5.2;
Agglomerative model selection: (((part1.1,part1.3)2:23032.3,part1.2)10:22930.3,((part2.1,(part4.1,part4.2)1:23057.1)4:22992.3,part2.2)8:22939.8,(part2.3,((part3.3,part4.3)5:22975.2,part5.3)6:22962.1)7:22950.9,((part3.1,part5.1)9:22933.1,(part3.2,part5.2)3:23010.2)11:22929.3)
Merging into 4 partitions...
Partition information was printed to 2_set242.best_scheme.nex
Partition information in Raxml format was printed to 2_set242.best_scheme

All model information printed to 2_set242.model.gz
CPU time for ModelFinder: 317.837 seconds (0h:5m:17s)
Wall-clock time for ModelFinder: 251.236 seconds (0h:4m:11s)
Generating 1000 samples for ultrafast bootstrap (seed: 601008)...

NOTE: 7 MB RAM (0 GB) is required!
Measuring multi-threading efficiency up to 8 CPU cores
Increase to 10 rounds for branch lengths
30 trees examined
Threads: 1 / Time: 8.038 sec / Speedup: 1.000 / Efficiency: 100% / LogL: -15991
Threads: 2 / Time: 17.962 sec / Speedup: 0.447 / Efficiency: 22% / LogL: -15991
BEST NUMBER OF THREADS: 1

Estimate model parameters (epsilon = 0.100)
Initial log-likelihood: -11770.579
Current log-likelihood at step 1: -11168.467
Current log-likelihood at step 2: -11158.943
Current log-likelihood at step 3: -11156.558
Current log-likelihood at step 4: -11156.141
Current log-likelihood at step 5: -11155.991
Current log-likelihood at step 6: -11155.858
Current log-likelihood at step 7: -11155.729
Current log-likelihood at step 8: -11155.599
Current log-likelihood at step 9: -11155.468
Current log-likelihood at step 10: -11155.335
Current log-likelihood at step 11: -11155.201
Current log-likelihood at step 12: -11155.064
Current log-likelihood at step 13: -11154.926
Current log-likelihood at step 14: -11154.787
Current log-likelihood at step 15: -11154.645
Current log-likelihood at step 16: -11154.502
Current log-likelihood at step 17: -11154.357
Current log-likelihood at step 18: -11154.210
Current log-likelihood at step 19: -11154.062
Current log-likelihood at step 20: -11153.912
Current log-likelihood at step 21: -11153.761
Current log-likelihood at step 22: -11153.608
Current log-likelihood at step 23: -11153.454
Current log-likelihood at step 24: -11153.299
Current log-likelihood at step 25: -11153.143
Current log-likelihood at step 26: -11152.986
Current log-likelihood at step 27: -11152.829
Current log-likelihood at step 28: -11150.092
Current log-likelihood at step 29: -11150.088
Parameters optimization took 28 rounds (3.982 sec)

Computing ML distances based on estimated model parameters... 0.045 sec
Computing BIONJ tree...
0.004 seconds
Log-likelihood of BIONJ tree: -11196.737
--------------------------------------------------------------------
|             INITIALIZING CANDIDATE TREE SET                      |
--------------------------------------------------------------------
Generating 98 parsimony trees... 3.003 second
Computing log-likelihood of 98 initial trees ... 8.659 seconds
Current best score: -11150.088

Do NNI search on 20 best initial trees
Estimate model parameters (epsilon = 0.100)
Initial log-likelihood: -11146.178
Current log-likelihood at step 1: -11146.175
Parameters optimization took 0 rounds (0.102 sec)

BETTER TREE FOUND at iteration 1: -11146.175
Iteration 10 / LogL: -11146.175 / Time: 0h:0m:46s
Iteration 20 / LogL: -11147.614 / Time: 0h:0m:54s
Finish initializing candidate tree set (2)
Current best tree score: -11146.175 / CPU time: 24.199
Number of iterations: 20
--------------------------------------------------------------------
|               OPTIMIZING CANDIDATE TREE SET                      |
--------------------------------------------------------------------
Iteration 30 / LogL: -11146.177 / Time: 0h:1m:3s (0h:2m:35s left)
Iteration 40 / LogL: -11146.186 / Time: 0h:1m:12s (0h:1m:52s left)
Iteration 50 / LogL: -11146.179 / Time: 0h:1m:21s (0h:1m:24s left)
Log-likelihood cutoff on original alignment: -11191.647
Iteration 60 / LogL: -11147.608 / Time: 0h:1m:30s (0h:1m:2s left)
Iteration 70 / LogL: -11147.610 / Time: 0h:1m:38s (0h:0m:44s left)
Iteration 80 / LogL: -11146.175 / Time: 0h:1m:46s (0h:0m:28s left)
Iteration 90 / LogL: -11146.176 / Time: 0h:1m:55s (0h:0m:14s left)
UPDATE BEST LOG-LIKELIHOOD: -11146.175
Iteration 100 / LogL: -11147.607 / Time: 0h:2m:3s (0h:0m:1s left)
Log-likelihood cutoff on original alignment: -11191.647
NOTE: Bootstrap correlation coefficient of split occurrence frequencies: 0.998
TREE SEARCH COMPLETED AFTER 102 ITERATIONS / Time: 0h:2m:5s

--------------------------------------------------------------------
|                    FINALIZING TREE SEARCH                        |
--------------------------------------------------------------------
Performs final model parameters optimization
Estimate model parameters (epsilon = 0.010)
Initial log-likelihood: -11146.174
Current log-likelihood at step 1: -11146.174
Parameters optimization took 0 rounds (0.206 sec)

BEST SCORE FOUND : -11146.174
Creating bootstrap support values...
Split supports printed to NEXUS file 2_set242.splits.nex
Total tree length: 1.636

Total number of iterations: 102
CPU time used for tree search: 41.290 sec (0h:0m:41s)
Wall-clock time used for tree search: 94.895 sec (0h:1m:34s)
Total CPU time used: 51.926 sec (0h:0m:51s)
Total wall-clock time used: 125.998 sec (0h:2m:5s)

Computing bootstrap consensus tree...
Reading input file 2_set242.splits.nex...
35 taxa and 182 splits.
Consensus tree written to 2_set242.contree
Reading input trees file 2_set242.contree
Log-likelihood of consensus tree: -11146.174

Analysis results written to: 
  IQ-TREE report:                2_set242.iqtree
  Maximum-likelihood tree:       2_set242.treefile
  Likelihood distances:          2_set242.mldist
  Best partitioning scheme:      2_set242.best_scheme.nex
           in RAxML format:      2_set242.best_scheme

Ultrafast bootstrap approximation results written to:
  Split support values:          2_set242.splits.nex
  Consensus tree:                2_set242.contree
  Screen log file:               2_set242.log

Date and Time: Sat Sep  8 01:55:26 2018
