IQ-TREE multicore version 1.6.3 for Mac OS X 64-bit built Mar 22 2018
Developed by Bui Quang Minh, Nguyen Lam Tung, Olga Chernomor,
Heiko Schmidt, Dominik Schrempf, Michael Woodhams.

Host:    meeps-mac-pro.staff.sydney.edu.au (AVX, 64 GB RAM)
Command: /Users/davidduchene/Desktop/Software/iqtree-1.6.3-MacOSX/bin/iqtree -s ../../../../marsupials/set298.fasta -m TEST -bb 1000 -nt AUTO -pre 1_set298
Seed:    909158 (Using SPRNG - Scalable Parallel Random Number Generator)
Time:    Fri Jul 27 19:49:28 2018
Kernel:  AVX - auto-detect threads (8 CPU cores detected)

Reading alignment file ../../../../marsupials/set298.fasta ... Fasta format detected
Alignment most likely contains DNA/RNA sequences
Alignment has 35 sequences with 2175 columns, 856 distinct patterns
562 parsimony-informative, 303 singleton sites, 1310 constant sites
                                              Gap/Ambiguity  Composition  p-value
   1  Burramyidae_Burramys_parvus                     0.18%    passed     98.94%
   2  Notoryctidae_Notoryctes_typhlops                1.56%    passed     61.72%
   3  Vombatidae_Lasiorhinus_latifrons                0.41%    passed     97.44%
   4  Potoroidae_Bettongia_penicillata                0.41%    passed     99.35%
   5  Potoroidae_Bettongia_lesueur                    0.74%    passed     99.75%
   6  Dasyuridae_Dasyurus_maculatus                   0.14%    passed     86.35%
   7  Phalangeridae_Trichosurus_vulpecula            31.91%    passed     12.60%
   8  Phalangeridae_Spilocuscus_maculatus             0.18%    passed     35.56%
   9  Potoroidae_Aepyprymnus_rufescens                0.51%    passed     96.79%
  10  Peramelidae_Perameles_nasuta                    1.01%    passed     94.05%
  11  Phalangeridae_Strigocuscus_pelengensis          2.99%    passed     70.95%
  12  Dasyuridae_Phascogale_tapoatafa                 0.00%    passed     94.69%
  13  Dasyuridae_Sminthopsis_macroura                 0.51%    passed     76.27%
  14  Phalangeridae_Phalanger_orientalis              1.79%    passed     31.46%
  15  Acrobatidae_Acrobates_pygmaeus                  1.66%    passed     72.78%
  16  Dasyuridae_Phascogale_calura                    0.00%    passed     91.54%
  17  Dasyuridae_Sarcophilus_harrisii                 0.09%    passed     91.95%
  18  Dasyuridae_Planigale_tenuirostris               3.45%    passed     95.48%
  19  Peramelidae_Echymipera_kalubu                   0.46%    passed     90.21%
  20  Macropodidae_Dorcopsulus_vanheurni              0.74%    passed     93.77%
  21  Pseudochiridae_Pseudochirulus_forbesi          27.40%    passed      6.75%
  22  Didelphidae_Didelphis_virginiana                1.01%    passed     98.83%
  23  Marmosidae_Monodelphis_domestica                1.01%    passed     88.58%
  24  Dasyuridae_Antechinus_stuartii                  0.41%    passed     92.00%
  25  Hypsiprymnodontidae_Hypsiprymnodon_moschatus    0.23%    passed     98.28%
  26  Microbiotheriidae_Dromiciops_gliroides          3.86%    passed     70.46%
  27  Pseudochiridae_Petauroides_volans               1.01%    passed     97.47%
  28  Macropodidae_Wallabia_bicolor                   1.29%    passed     91.43%
  29  Pseudochiridae_Pseudocheirus_occidentalis       0.60%    passed     94.35%
  30  Tarsipedidae_Tarsipes_rostratus                 1.75%    passed     94.60%
  31  Acrobatidae_Distoechurus_pennatus               0.32%    passed     92.47%
  32  Phalangeridae_Phalanger_carmelitae              0.05%    passed     21.11%
  33  Peramelidae_Peroryctes_raffrayana               3.77%    passed     92.42%
  34  Dasyuridae_Dasyurus_geffroii                    0.14%    passed     93.63%
  35  Peramelidae_Perameles_gunnii                    0.32%    passed     90.17%
****  TOTAL                                           2.63%  0 sequences failed composition chi2 test (p-value<5%; df=3)


Create initial parsimony tree by phylogenetic likelihood library (PLL)... 0.004 seconds
NOTE: ModelFinder requires 7 MB RAM!
ModelFinder will test 88 DNA models (sample size: 2175) ...
 No. Model         -LnL         df  AIC          AICc         BIC
Measuring multi-threading efficiency up to 8 CPU cores
Increase to 10 rounds for branch lengths
392 trees examined
Threads: 1 / Time: 8.009 sec / Speedup: 1.000 / Efficiency: 100% / LogL: -20816
Threads: 2 / Time: 5.978 sec / Speedup: 1.340 / Efficiency: 67% / LogL: -20816
Threads: 3 / Time: 5.232 sec / Speedup: 1.531 / Efficiency: 51% / LogL: -20816
Threads: 4 / Time: 6.420 sec / Speedup: 1.248 / Efficiency: 31% / LogL: -20816
BEST NUMBER OF THREADS: 3

  1  JC            13242.008    67  26618.016    26622.341    26998.896
  2  JC+I          12938.898    68  26013.796    26018.252    26400.362
  3  JC+G4         12897.682    68  25931.363    25935.819    26317.928
  4  JC+I+G4       12895.461    69  25928.923    25933.512    26321.173
  5  F81+F         13214.787    70  26569.574    26574.298    26967.509
  6  F81+F+I       12914.475    71  25970.950    25975.812    26374.570
  7  F81+F+G4      12873.211    71  25888.421    25893.283    26292.041
  8  F81+F+I+G4    12870.975    72  25885.950    25890.951    26295.254
  9  K2P           12641.390    68  25418.780    25423.236    25805.345
 10  K2P+I         12327.023    69  24792.045    24796.634    25184.295
 11  K2P+G4        12282.684    69  24703.368    24707.957    25095.618
 12  K2P+I+G4      12279.573    70  24699.146    24703.870    25097.081
 13  HKY+F         12603.071    71  25348.141    25353.003    25751.761
 14  HKY+F+I       12291.545    72  24727.091    24732.092    25136.395
 15  HKY+F+G4      12247.115    72  24638.231    24643.232    25047.535
 16  HKY+F+I+G4    12244.262    73  24634.524    24639.666    25049.513
 17  TNe           12639.432    69  25416.864    25421.453    25809.114
 18  TNe+I         12326.846    70  24793.691    24798.415    25191.626
 19  TNe+G4        12282.029    70  24704.057    24708.781    25101.992
 20  TNe+I+G4      12278.740    71  24699.480    24704.342    25103.100
 21  TN+F          12598.238    72  25340.476    25345.477    25749.780
 22  TN+F+I        12288.964    73  24723.928    24729.070    25138.917
 23  TN+F+G4       12243.750    73  24633.499    24638.641    25048.488
 24  TN+F+I+G4     12240.521    74  24629.041    24634.327    25049.715
 25  K3P           12636.168    69  25410.335    25414.924    25802.585
 26  K3P+I         12321.910    70  24783.820    24788.544    25181.754
 27  K3P+G4        12277.717    70  24695.434    24700.158    25093.369
 28  K3P+I+G4      12274.638    71  24691.276    24696.138    25094.896
 29  K3Pu+F        12598.843    72  25341.687    25346.688    25750.991
 30  K3Pu+F+I      12287.451    73  24720.902    24726.044    25135.891
 31  K3Pu+F+G4     12243.239    73  24632.479    24637.621    25047.468
 32  K3Pu+F+I+G4   12240.409    74  24628.817    24634.103    25049.491
 33  TPM2+F        12601.011    72  25346.022    25351.023    25755.327
 34  TPM2+F+I      12287.037    73  24720.074    24725.216    25135.063
 35  TPM2+F+G4     12243.039    73  24632.077    24637.220    25047.066
 36  TPM2+F+I+G4   12240.133    74  24628.266    24633.552    25048.940
 37  TPM2u+F       12601.011    72  25346.023    25351.023    25755.327
 38  TPM2u+F+I     12287.037    73  24720.075    24725.217    25135.064
 39  TPM2u+F+G4    12243.039    73  24632.077    24637.219    25047.066
 40  TPM2u+F+I+G4  12240.130    74  24628.260    24633.545    25048.934
 41  TPM3+F        12601.321    72  25346.641    25351.642    25755.946
 42  TPM3+F+I      12291.071    73  24728.141    24733.284    25143.131
 43  TPM3+F+G4     12246.657    73  24639.313    24644.456    25054.303
 44  TPM3+F+I+G4   12243.778    74  24635.557    24640.842    25056.231
 45  TPM3u+F       12601.318    72  25346.635    25351.636    25755.940
 46  TPM3u+F+I     12291.072    73  24728.143    24733.285    25143.132
 47  TPM3u+F+G4    12246.656    73  24639.312    24644.455    25054.301
 48  TPM3u+F+I+G4  12243.774    74  24635.549    24640.835    25056.223
 49  TIMe          12634.211    70  25408.422    25413.146    25806.356
 50  TIMe+I        12321.733    71  24785.465    24790.327    25189.085
 51  TIMe+G4       12277.068    71  24696.136    24700.997    25099.755
 52  TIMe+I+G4     12273.789    72  24691.578    24696.579    25100.882
 53  TIM+F         12594.022    73  25334.044    25339.187    25749.034
 54  TIM+F+I       12284.880    74  24717.760    24723.046    25138.434
 55  TIM+F+G4      12239.856    74  24627.712    24632.998    25048.386
 56  TIM+F+I+G4    12236.632    75  24623.264    24628.695    25049.623
 57  TIM2e         12633.377    70  25406.753    25411.478    25804.688
 58  TIM2e+I       12314.921    71  24771.841    24776.703    25175.461
 59  TIM2e+G4      12269.693    71  24681.385    24686.247    25085.005
 60  TIM2e+I+G4    12266.245    72  24676.491    24681.492    25085.795
 61  TIM2+F        12596.184    73  25338.367    25343.510    25753.357
 62  TIM2+F+I      12284.510    74  24717.021    24722.306    25137.695
 63  TIM2+F+G4     12239.560    74  24627.121    24632.407    25047.795
 64  TIM2+F+I+G4   12236.220    75  24622.441    24627.872    25048.799
 65  TIM3e         12634.426    70  25408.851    25413.576    25806.786
 66  TIM3e+I       12323.760    71  24789.521    24794.383    25193.141
 67  TIM3e+G4      12278.307    71  24698.615    24703.476    25102.234
 68  TIM3e+I+G4    12274.933    72  24693.865    24698.866    25103.169
 69  TIM3+F        12596.490    73  25338.981    25344.123    25753.970
 70  TIM3+F+I      12288.503    74  24725.006    24730.292    25145.680
 71  TIM3+F+G4     12243.296    74  24634.592    24639.878    25055.266
 72  TIM3+F+I+G4   12240.020    75  24630.040    24635.471    25056.398
 73  TVMe          12627.604    71  25397.209    25402.070    25800.828
 74  TVMe+I        12309.618    72  24763.235    24768.236    25172.540
 75  TVMe+G4       12264.428    72  24672.855    24677.856    25082.160
 76  TVMe+I+G4     12261.169    73  24668.339    24673.481    25083.328
 77  TVM+F         12596.629    74  25341.258    25346.544    25761.932
 78  TVM+F+I       12284.139    75  24718.277    24723.708    25144.636
 79  TVM+F+G4      12240.252    75  24630.505    24635.936    25056.863
 80  TVM+F+I+G4    12237.347    76  24626.693    24632.272    25058.737
 81  SYM           12625.643    72  25395.286    25400.287    25804.591
 82  SYM+I         12309.487    73  24764.973    24770.115    25179.962
 83  SYM+G4        12263.764    73  24673.529    24678.671    25088.518
 84  SYM+I+G4      12260.313    74  24668.627    24673.913    25089.301
 85  GTR+F         12591.794    75  25333.587    25339.018    25759.946
 86  GTR+F+I       12281.618    76  24715.236    24720.815    25147.280
 87  GTR+F+G4      12236.770    76  24625.540    24631.119    25057.584
 88  GTR+F+I+G4    12233.465    77  24620.929    24626.657    25058.657
Akaike Information Criterion:           GTR+F+I+G4
Corrected Akaike Information Criterion: GTR+F+I+G4
Bayesian Information Criterion:         TPM2u+F+G4
Best-fit model: TPM2u+F+G4 chosen according to BIC

All model information printed to 1_set298.model.gz
CPU time for ModelFinder: 63.916 seconds (0h:1m:3s)
Wall-clock time for ModelFinder: 28.183 seconds (0h:0m:28s)
Generating 1000 samples for ultrafast bootstrap (seed: 909158)...

NOTE: 7 MB RAM (0 GB) is required!
Measuring multi-threading efficiency up to 8 CPU cores
Increase to 10 rounds for branch lengths
140 trees examined
Threads: 1 / Time: 8.029 sec / Speedup: 1.000 / Efficiency: 100% / LogL: -18875
Threads: 2 / Time: 5.329 sec / Speedup: 1.507 / Efficiency: 75% / LogL: -18875
Threads: 3 / Time: 4.271 sec / Speedup: 1.880 / Efficiency: 63% / LogL: -18875
Threads: 4 / Time: 5.186 sec / Speedup: 1.548 / Efficiency: 39% / LogL: -18875
BEST NUMBER OF THREADS: 3

Estimate model parameters (epsilon = 0.100)
1. Initial log-likelihood: -12921.328
2. Current log-likelihood: -12244.862
3. Current log-likelihood: -12243.043
Optimal log-likelihood: -12243.038
Rate parameters:  A-C: 1.36617  A-G: 7.70215  A-T: 1.36617  C-G: 1.00000  C-T: 7.70215  G-T: 1.00000
Base frequencies:  A: 0.296  C: 0.269  G: 0.222  T: 0.214
Gamma shape alpha: 0.456
Parameters optimization took 3 rounds (0.097 sec)
Computing ML distances based on estimated model parameters... 0.026 sec
Computing BIONJ tree...
0.002 seconds
Log-likelihood of BIONJ tree: -12283.792
--------------------------------------------------------------------
|             INITIALIZING CANDIDATE TREE SET                      |
--------------------------------------------------------------------
Generating 98 parsimony trees... 0.505 second
Computing log-likelihood of 98 initial trees ... 1.051 seconds
Current best score: -12238.877

Do NNI search on 20 best initial trees
Estimate model parameters (epsilon = 0.100)
BETTER TREE FOUND at iteration 1: -12238.835
Iteration 10 / LogL: -12238.885 / Time: 0h:0m:53s
Iteration 20 / LogL: -12238.846 / Time: 0h:0m:55s
Finish initializing candidate tree set (3)
Current best tree score: -12238.835 / CPU time: 3.998
Number of iterations: 20
--------------------------------------------------------------------
|               OPTIMIZING CANDIDATE TREE SET                      |
--------------------------------------------------------------------
Iteration 30 / LogL: -12238.906 / Time: 0h:0m:56s (0h:1m:9s left)
Iteration 40 / LogL: -12243.114 / Time: 0h:0m:57s (0h:0m:46s left)
Iteration 50 / LogL: -12256.990 / Time: 0h:0m:59s (0h:0m:32s left)
Log-likelihood cutoff on original alignment: -12308.208
Iteration 60 / LogL: -12255.264 / Time: 0h:1m:0s (0h:0m:22s left)
Iteration 70 / LogL: -12255.221 / Time: 0h:1m:1s (0h:0m:15s left)
Iteration 80 / LogL: -12255.269 / Time: 0h:1m:3s (0h:0m:9s left)
Iteration 90 / LogL: -12243.135 / Time: 0h:1m:4s (0h:0m:4s left)
Iteration 100 / LogL: -12243.048 / Time: 0h:1m:6s (0h:0m:0s left)
Log-likelihood cutoff on original alignment: -12308.208
NOTE: Bootstrap correlation coefficient of split occurrence frequencies: 1.000
TREE SEARCH COMPLETED AFTER 102 ITERATIONS / Time: 0h:1m:6s

--------------------------------------------------------------------
|                    FINALIZING TREE SEARCH                        |
--------------------------------------------------------------------
Performs final model parameters optimization
Estimate model parameters (epsilon = 0.010)
1. Initial log-likelihood: -12238.835
Optimal log-likelihood: -12238.835
Rate parameters:  A-C: 1.36247  A-G: 7.70197  A-T: 1.36247  C-G: 1.00000  C-T: 7.70197  G-T: 1.00000
Base frequencies:  A: 0.296  C: 0.269  G: 0.222  T: 0.214
Gamma shape alpha: 0.457
Parameters optimization took 1 rounds (0.017 sec)
BEST SCORE FOUND : -12238.835
Creating bootstrap support values...
Split supports printed to NEXUS file 1_set298.splits.nex
Total tree length: 0.885

Total number of iterations: 102
CPU time used for tree search: 41.782 sec (0h:0m:41s)
Wall-clock time used for tree search: 15.397 sec (0h:0m:15s)
Total CPU time used: 153.219 sec (0h:2m:33s)
Total wall-clock time used: 66.803 sec (0h:1m:6s)

Computing bootstrap consensus tree...
Reading input file 1_set298.splits.nex...
35 taxa and 142 splits.
Consensus tree written to 1_set298.contree
Reading input trees file 1_set298.contree
Log-likelihood of consensus tree: -12238.835

Analysis results written to: 
  IQ-TREE report:                1_set298.iqtree
  Maximum-likelihood tree:       1_set298.treefile
  Likelihood distances:          1_set298.mldist

Ultrafast bootstrap approximation results written to:
  Split support values:          1_set298.splits.nex
  Consensus tree:                1_set298.contree
  Screen log file:               1_set298.log

Date and Time: Fri Jul 27 19:50:35 2018
