IQ-TREE multicore version 1.6.7 for Mac OS X 64-bit built Aug 23 2018
Developed by Bui Quang Minh, Nguyen Lam Tung, Olga Chernomor,
Heiko Schmidt, Dominik Schrempf, Michael Woodhams.

Host:    meeps-mac-pro.staff.sydney.edu.au (AVX, 64 GB RAM)
Command: /Users/davidduchene/Desktop/Software/iqtree-1.6.7-MacOSX/bin/iqtree -s ../../../../marsupials/set173.fasta -m TESTMERGE -bb 1000 -q ../../../../marsupials/set173.nex -nt AUTO -pre 2_set173
Seed:    209025 (Using SPRNG - Scalable Parallel Random Number Generator)
Time:    Fri Sep  7 16:43:14 2018
Kernel:  AVX - auto-detect threads (8 CPU cores detected)

Reading partition model file ../../../../marsupials/set173.nex ...
Reading alignment file ../../../../marsupials/set173.fasta ... Fasta format detected
Alignment most likely contains DNA/RNA sequences
WARNING: 2 sites contain only gaps or ambiguous characters.
Alignment has 35 sequences with 3432 columns, 877 distinct patterns
603 parsimony-informative, 311 singleton sites, 2518 constant sites
                                              Gap/Ambiguity  Composition  p-value
   1  Burramyidae_Burramys_parvus                     0.76%    passed     95.28%
   2  Notoryctidae_Notoryctes_typhlops               27.33%    failed      0.67%
   3  Vombatidae_Lasiorhinus_latifrons                0.38%    passed     95.95%
   4  Potoroidae_Bettongia_penicillata                0.26%    passed     99.42%
   5  Potoroidae_Bettongia_lesueur                    0.20%    passed     98.69%
   6  Dasyuridae_Dasyurus_maculatus                   0.23%    passed     69.67%
   7  Phalangeridae_Trichosurus_vulpecula             0.20%    passed     74.17%
   8  Phalangeridae_Spilocuscus_maculatus             0.17%    passed     94.46%
   9  Potoroidae_Aepyprymnus_rufescens                0.26%    passed     99.19%
  10  Peramelidae_Perameles_nasuta                    0.41%    passed     70.65%
  11  Phalangeridae_Strigocuscus_pelengensis          2.21%    passed     88.76%
  12  Dasyuridae_Phascogale_tapoatafa                 0.20%    passed     68.00%
  13  Dasyuridae_Sminthopsis_macroura                 0.20%    passed     76.79%
  14  Phalangeridae_Phalanger_orientalis              0.32%    passed     87.31%
  15  Acrobatidae_Acrobates_pygmaeus                  0.38%    passed     98.96%
  16  Dasyuridae_Phascogale_calura                    0.20%    passed     67.76%
  17  Dasyuridae_Sarcophilus_harrisii                 0.20%    passed     59.87%
  18  Dasyuridae_Planigale_tenuirostris               5.45%    passed     81.02%
  19  Peramelidae_Echymipera_kalubu                   0.32%    passed     56.88%
  20  Macropodidae_Dorcopsulus_vanheurni              0.50%    passed     96.79%
  21  Pseudochiridae_Pseudochirulus_forbesi           2.77%    passed     71.96%
  22  Didelphidae_Didelphis_virginiana               26.34%    failed      0.48%
  23  Marmosidae_Monodelphis_domestica               33.71%    passed      8.44%
  24  Dasyuridae_Antechinus_stuartii                  0.44%    passed     75.41%
  25  Hypsiprymnodontidae_Hypsiprymnodon_moschatus    0.15%    passed     99.19%
  26  Microbiotheriidae_Dromiciops_gliroides          4.95%    passed     91.44%
  27  Pseudochiridae_Petauroides_volans              26.11%    failed      4.08%
  28  Macropodidae_Wallabia_bicolor                   0.41%    passed     99.56%
  29  Pseudochiridae_Pseudocheirus_occidentalis       0.55%    passed     88.09%
  30  Tarsipedidae_Tarsipes_rostratus                26.37%    passed      7.88%
  31  Acrobatidae_Distoechurus_pennatus               0.32%    passed     98.70%
  32  Phalangeridae_Phalanger_carmelitae              0.12%    passed     78.97%
  33  Peramelidae_Peroryctes_raffrayana               0.76%    passed     67.41%
  34  Dasyuridae_Dasyurus_geffroii                    0.32%    passed     63.82%
  35  Peramelidae_Perameles_gunnii                    0.50%    passed     69.76%
****  TOTAL                                           4.69%  3 sequences failed composition chi2 test (p-value<5%; df=3)
NOTE: No CharPartition defined, use all CharSets

Loading 15 partitions...
Subset	Type	Seqs	Sites	Infor	Invar	Model	Name
1		35	137	29	91	TESTMERGE	part1.1
2		35	137	23	104	TESTMERGE	part1.2
3		35	137	69	46	TESTMERGE	part1.3
4		35	483	22	444	TESTMERGE	part2.1
5		35	483	7	473	TESTMERGE	part2.2
6		35	483	193	187	TESTMERGE	part2.3
7		35	94	8	78	TESTMERGE	part3.1
8		35	94	4	89	TESTMERGE	part3.2
9		35	94	47	34	TESTMERGE	part3.3
10		35	134	8	119	TESTMERGE	part4.1
11		35	134	1	124	TESTMERGE	part4.2
12		35	134	51	53	TESTMERGE	part4.3
13		30	296	26	255	TESTMERGE	part5.1
14		30	296	6	283	TESTMERGE	part5.2
15		30	296	109	138	TESTMERGE	part5.3
Degree of missing data: 0.037
Info: multi-threading strategy over partitions



Create initial parsimony tree by phylogenetic likelihood library (PLL)... 0.024 seconds
NOTE: ModelFinder requires 9 MB RAM!
NUMBER OF THREADS FOR PARTITION FINDING: 8
Testing GTR+F+G on supermatrix...
GTR+F+G4 / LnL: -14948.524 / df: 76 / AIC: 30049.047 / AICc: 30052.536 / BIC: 30515.756
Selecting individual models for 15 charsets using BIC...
 No. Model        Score       Charset
   1 K2P+G4       1236.659    part1.1
   2 TPM3u+F+G4   2438.112    part1.3
   3 TPM2u+F+G4   1612.414    part5.1
   4 K2P+G4       2119.447    part4.3
   5 TPM3u+F+G4   1659.624    part3.3
   6 K2P+G4       1057.031    part1.2
   7 HKY+F+I+G4   4139.729    part5.3
   8 K2P+G4       7876.820    part2.3
   9 TIM+F+I+G4   2256.214    part2.1
  10 HKY+F+G4     574.064     part3.1	0h:0m:13s (0h:4m:27s left)
  11 K2P+I+G4     729.781     part4.1	0h:0m:14s (0h:4m:15s left)
  12 K2P+I+G4     1091.890    part5.2	0h:0m:14s (0h:3m:56s left)
  13 TNe+I+G4     554.130     part4.2	0h:0m:14s (0h:3m:38s left)
  14 F81+F+I+G4   1596.571    part2.2	0h:0m:14s (0h:3m:23s left)
  15 TNe+I+G4     392.326     part3.2	0h:0m:14s (0h:3m:9s left)
Full partition model BIC score: 30061.784 (LnL: -14497.663  df:131)
Merging models to increase model fit (about 211 total partition schemes)...
  16 K2P+G4       30063.475   part1.2+part2.3	0h:0m:21s (0h:4m:21s left)
  17 K2P+G4       30047.098   part1.1+part2.3	0h:0m:21s (0h:4m:9s left)
  18 K2P+I+G4     30047.282   part2.3+part4.3	0h:0m:22s (0h:4m:1s left)
  19 K2P+I+G4     30048.534   part2.3+part3.3	0h:0m:24s (0h:4m:4s left)
  20 TPM2u+F+I+G4 30074.037   part2.3+part5.1	0h:0m:24s (0h:3m:52s left)
  21 K3P+G4       30047.110   part1.3+part2.3	0h:0m:24s (0h:3m:40s left)
  22 K3P+I+G4     30196.540   part2.1+part2.3	0h:0m:25s (0h:3m:41s left)
  23 TPM2u+F+I+G4 30065.573   part2.3+part5.3	0h:0m:28s (0h:3m:53s left)
  24 K2P+I+G4     30141.101   part2.3+part5.2	0h:0m:30s (0h:3m:54s left)
  25 K2P+I+G4     30331.059   part2.2+part2.3	0h:0m:30s (0h:3m:48s left)
  26 K2P+I+G4     30079.079   part2.3+part3.2	0h:0m:31s (0h:3m:41s left)
  27 K2P+I+G4     30055.226   part2.3+part3.1	0h:0m:31s (0h:3m:32s left)
  28 K2P+I+G4     30087.560   part2.3+part4.2	0h:0m:31s (0h:3m:25s left)
  29 K2P+I+G4     30068.333   part2.3+part4.1	0h:0m:33s (0h:3m:27s left)
  30 TNe+I+G4     30059.759   part1.3+part5.3	0h:0m:35s (0h:3m:35s left)
  31 HKY+F+I+G4   30062.525   part4.3+part5.3	0h:0m:38s (0h:3m:41s left)
  32 TPM3+F+G4    30051.174   part1.3+part4.3	0h:0m:40s (0h:3m:44s left)
  33 TNe+I+G4     30076.024   part1.2+part5.3	0h:0m:42s (0h:3m:47s left)
  34 TPM2u+F+I+G4 30026.111   part5.1+part5.3	0h:0m:44s (0h:3m:52s left)
  35 HKY+F+I+G4   30067.085   part1.1+part5.3	0h:0m:44s (0h:3m:45s left)
  36 HKY+F+I+G4   30019.016   part3.3+part5.3	0h:0m:47s (0h:3m:50s left)
  37 HKY+F+I+G4   30122.862   part5.2+part5.3	0h:0m:48s (0h:3m:50s left)
  38 TNe+I+G4     30253.749   part2.2+part5.3	0h:0m:50s (0h:3m:50s left)
  39 TNe+G4       30053.749   part1.3+part3.3	0h:0m:51s (0h:3m:45s left)
  40 TIM+F+I+G4   30139.438   part2.1+part5.3	0h:0m:52s (0h:3m:46s left)
  41 TN+F+I+G4    30059.220   part3.1+part5.3	0h:0m:54s (0h:3m:46s left)
  42 TNe+I+G4     30073.883   part3.2+part5.3	0h:0m:55s (0h:3m:42s left)
  43 HKY+F+I+G4   30065.768   part4.1+part5.3	0h:0m:56s (0h:3m:39s left)
  44 K2P+G4       30044.292   part3.3+part4.3	0h:0m:58s (0h:3m:40s left)
  45 K2P+G4       30042.682   part1.1+part1.3	0h:0m:59s (0h:3m:37s left)
  46 HKY+F+I+G4   30064.706   part4.2+part5.3	0h:1m:1s (0h:3m:39s left)
  47 TPM2u+F+G4   30073.069   part1.3+part5.1	0h:1m:2s (0h:3m:37s left)
  48 K2P+G4       30048.511   part1.1+part4.3	0h:1m:3s (0h:3m:36s left)
  49 TPM3u+F+G4   30048.018   part1.2+part1.3	0h:1m:4s (0h:3m:33s left)
  50 TIMe+I+G4    30146.175   part1.3+part2.1	0h:1m:6s (0h:3m:35s left)
  51 K2P+G4       30074.262   part4.3+part5.1	0h:1m:8s (0h:3m:34s left)
  52 K2P+I+G4     30161.666   part2.1+part4.3	0h:1m:10s (0h:3m:35s left)
  53 K2P+G4       30048.771   part1.1+part3.3	0h:1m:11s (0h:3m:32s left)
  54 K2P+G4       30064.209   part1.2+part4.3	0h:1m:12s (0h:3m:31s left)
  55 TNe+G4       30133.905   part1.3+part5.2	0h:1m:15s (0h:3m:33s left)
  56 TIM3+F+I+G4  30273.550   part1.3+part2.2	0h:1m:17s (0h:3m:33s left)
  57 TIM2+F+I+G4  30126.264   part2.1+part3.3	0h:1m:17s (0h:3m:28s left)
  58 TIM3e+G4     30046.439   part1.3+part3.1	0h:1m:17s (0h:3m:23s left)
  59 TNe+G4       30062.310   part1.3+part4.1	0h:1m:19s (0h:3m:24s left)
  60 TPM3u+F+G4   30068.270   part1.3+part3.2	0h:1m:21s (0h:3m:25s left)
  61 HKY+F+G4     30086.709   part1.3+part4.2	0h:1m:22s (0h:3m:21s left)
  62 TPM2u+F+G4   30030.780   part3.3+part5.1	0h:1m:22s (0h:3m:18s left)
  63 K3P+G4       30065.277   part1.2+part3.3	0h:1m:25s (0h:3m:20s left)
  64 K3Pu+F+I+G4  30127.760   part1.1+part2.1	0h:1m:25s (0h:3m:17s left)
  65 K2P+I+G4     30128.466   part4.3+part5.2	0h:1m:26s (0h:3m:14s left)
  66 K2P+G4       30053.710   part3.1+part4.3	0h:1m:28s (0h:3m:13s left)
  67 TPM3u+F+I+G4 30259.557   part2.2+part4.3	0h:1m:28s (0h:3m:9s left)
  68 K2P+G4       30064.802   part4.1+part4.3	0h:1m:28s (0h:3m:6s left)
  69 K2P+G4       30074.690   part3.2+part4.3	0h:1m:29s (0h:3m:3s left)
  70 HKY+F+G4     30072.606   part1.1+part5.1	0h:1m:32s (0h:3m:6s left)
  71 K2P+I+G4     30085.547   part4.2+part4.3	0h:1m:33s (0h:3m:4s left)
  72 K2P+G4       30051.914   part1.1+part1.2	0h:1m:35s (0h:3m:3s left)
  73 TIM+F+I+G4   30075.213   part2.1+part5.1	0h:1m:35s (0h:3m:0s left)
  74 TN+F+I+G4    30103.331   part1.2+part2.1	0h:1m:37s (0h:2m:59s left)
  75 TN+F+G4      30048.722   part3.1+part3.3	0h:1m:39s (0h:3m:1s left)
  76 K3P+I+G4     30106.291   part3.3+part5.2	0h:1m:40s (0h:2m:57s left)
  77 K3P+I+G4     30217.961   part2.2+part3.3	0h:1m:41s (0h:2m:56s left)
  78 K3P+I+G4     30066.678   part3.2+part3.3	0h:1m:42s (0h:2m:54s left)
  79 K3P+I+G4     30059.608   part3.3+part4.1	0h:1m:42s (0h:2m:51s left)
  80 TPM3u+F+I+G4 30073.748   part3.3+part4.2	0h:1m:43s (0h:2m:48s left)
  81 K2P+G4       30072.570   part1.2+part5.1	0h:1m:43s (0h:2m:45s left)
  82 HKY+F+G4     30058.655   part1.1+part3.1	0h:1m:45s (0h:2m:46s left)
  83 K2P+I+G4     30122.416   part1.1+part5.2	0h:1m:47s (0h:2m:45s left)
  84 K3P+I+G4     30079.136   part2.1+part2.2	0h:1m:47s (0h:2m:43s left)
  85 TNe+I+G4     30203.024   part1.1+part2.2	0h:1m:48s (0h:2m:40s left)
  86 TIM2+F+I+G4  30053.616   part2.1+part4.1	0h:1m:49s (0h:2m:39s left)
  87 TIM+F+I+G4   30038.858   part2.1+part3.1	0h:1m:50s (0h:2m:36s left)
  88 TIM2e+I+G4   30064.295   part2.1+part5.2	0h:1m:50s (0h:2m:33s left)
  89 TIM+F+I+G4   30057.713   part2.1+part3.2	0h:1m:51s (0h:2m:33s left)
  90 K2P+G4       30072.633   part1.1+part3.2	0h:1m:53s (0h:2m:32s left)
  91 K2P+G4       30060.567   part1.1+part4.1	0h:1m:54s (0h:2m:30s left)
  92 TN+F+I+G4    30091.272   part5.1+part5.2	0h:1m:56s (0h:2m:30s left)
  93 K2P+G4       30080.434   part1.1+part4.2	0h:1m:56s (0h:2m:28s left)
  94 TNe+I+G4     30138.290   part2.2+part5.1	0h:1m:56s (0h:2m:25s left)
  95 TPM2u+F+I+G4 30062.473   part3.1+part5.1	0h:1m:58s (0h:2m:24s left)
  96 TPM2+F+I+G4  30060.295   part4.1+part5.1	0h:1m:58s (0h:2m:21s left)
  97 TN+F+I+G4    30076.166   part3.2+part5.1	0h:1m:58s (0h:2m:19s left)
  98 TIM+F+I+G4   30050.633   part2.1+part4.2	0h:1m:59s (0h:2m:17s left)
  99 HKY+F+I+G4   30146.286   part1.2+part2.2	0h:1m:59s (0h:2m:15s left)
 100 HKY+F+G4     30056.141   part1.2+part3.1	0h:2m:1s (0h:2m:14s left)
 101 K2P+G4       30055.469   part1.2+part4.1	0h:2m:2s (0h:2m:13s left)
 102 K2P+I+G4     30074.687   part1.2+part4.2	0h:2m:3s (0h:2m:11s left)
 103 K3Pu+F+I+G4  30053.110   part4.2+part5.1	0h:2m:3s (0h:2m:9s left)
 104 K2P+I+G4     30100.861   part1.2+part5.2	0h:2m:3s (0h:2m:7s left)
 105 HKY+F+G4     30072.918   part1.2+part3.2	0h:2m:5s (0h:2m:6s left)
 106 TPM3u+F+I+G4 30066.500   part3.1+part3.2	0h:2m:11s (0h:2m:10s left)
 107 TPM3+F+I+G4  30089.511   part2.2+part3.1	0h:2m:12s (0h:2m:8s left)
 108 TN+F+I+G4    30032.453   part2.2+part3.2	0h:2m:12s (0h:2m:6s left)
 109 TNe+I+G4     30048.397   part2.2+part5.2	0h:2m:13s (0h:2m:4s left)
 110 TIM2e+I+G4   30071.054   part2.2+part4.1	0h:2m:13s (0h:2m:2s left)
 111 K2P+I+G4     30048.374   part4.1+part5.2	0h:2m:14s (0h:2m:1s left)
 112 TNe+I+G4     30035.307   part3.2+part5.2	0h:2m:14s (0h:1m:59s left)
 113 TNe+I+G4     30069.253   part3.1+part5.2	0h:2m:16s (0h:1m:58s left)
 114 TPM2u+F+I+G4 30056.774   part3.1+part4.1	0h:2m:19s (0h:1m:59s left)
 115 K3Pu+F+I+G4  30069.847   part3.1+part4.2	0h:2m:20s (0h:1m:57s left)
 116 TNe+I+G4     30044.841   part4.1+part4.2	0h:2m:21s (0h:1m:55s left)
 117 K2P+I+G4     30040.294   part3.2+part4.1	0h:2m:21s (0h:1m:54s left)
 118 TNe+I+G4     30030.969   part3.2+part4.2	0h:2m:22s (0h:1m:52s left)
 119 TNe+I+G4     30037.177   part4.2+part5.2	0h:2m:23s (0h:1m:50s left)
 120 TNe+I+G4     30045.749   part2.2+part4.2	0h:2m:24s (0h:1m:49s left)
Merging part3.3+part5.3 with BIC score: 30019.016 (LnL: -14500.702  df: 125)
 121 HKY+F+I+G4   30052.028   part1.2+part3.3+part5.3	0h:2m:33s (0h:1m:54s left)
 122 K2P+I+G4     30249.268   part2.2+part3.3+part5.3	0h:2m:35s (0h:1m:53s left)
 123 HKY+F+I+G4   30025.183   part3.3+part4.3+part5.3	0h:2m:35s (0h:1m:51s left)
 124 TPM2u+F+I+G4 30039.496   part1.3+part3.3+part5.3	0h:2m:35s (0h:1m:49s left)
 125 TPM2+F+I+G4  29984.578   part3.3+part5.1+part5.3	0h:2m:36s (0h:1m:47s left)
 126 HKY+F+I+G4   30028.147   part1.1+part3.3+part5.3	0h:2m:37s (0h:1m:46s left)
 127 TIM2+F+I+G4  30117.340   part2.1+part3.3+part5.3	0h:2m:40s (0h:1m:45s left)
 128 TPM2u+F+I+G4 30036.549   part2.3+part3.3+part5.3	0h:2m:44s (0h:1m:46s left)
 129 HKY+F+I+G4   30092.605   part3.3+part5.2+part5.3	0h:2m:45s (0h:1m:45s left)
 130 HKY+F+I+G4   30045.126   part3.2+part3.3+part5.3	0h:2m:47s (0h:1m:44s left)
 131 HKY+F+I+G4   30028.518   part3.3+part4.1+part5.3	0h:2m:47s (0h:1m:42s left)
 132 TN+F+I+G4    30020.141   part3.1+part3.3+part5.3	0h:2m:47s (0h:1m:40s left)
 133 HKY+F+I+G4   30025.233   part3.3+part4.2+part5.3	0h:2m:48s (0h:1m:38s left)
Merging part3.3+part5.1+part5.3 with BIC score: 29984.578 (LnL: -14503.835  df: 120)
WARNING: ABNORMAL_TERMINATION_IN_LNSRCH
 134 TPM2u+F+I+G4 30026.519   part1.2+part3.3+part5.1+part5.3	0h:2m:57s (0h:1m:41s left)
 135 HKY+F+I+G4   30060.536   part3.3+part5.1+part5.2+part5.3	0h:2m:59s (0h:1m:40s left)
 136 HKY+F+I+G4   29998.803   part3.3+part4.3+part5.1+part5.3	0h:2m:59s (0h:1m:39s left)
 137 TPM2u+F+I+G4 29998.308   part1.1+part3.3+part5.1+part5.3	0h:3m:0s (0h:1m:37s left)
 138 HKY+F+I+G4   30248.121   part2.2+part3.3+part5.1+part5.3	0h:3m:1s (0h:1m:35s left)
 139 TPM2u+F+I+G4 30008.394   part1.3+part3.3+part5.1+part5.3	0h:3m:3s (0h:1m:34s left)
 140 TIM2+F+I+G4  30088.125   part2.1+part3.3+part5.1+part5.3	0h:3m:6s (0h:1m:34s left)
 141 TPM2u+F+I+G4 30010.787   part2.3+part3.3+part5.1+part5.3	0h:3m:10s (0h:1m:34s left)
 142 TPM2u+F+I+G4 29991.158   part3.1+part3.3+part5.1+part5.3	0h:3m:10s (0h:1m:32s left)
 143 HKY+F+I+G4   30013.298   part3.2+part3.3+part5.1+part5.3	0h:3m:11s (0h:1m:30s left)
 144 TPM2u+F+I+G4 29995.884   part3.3+part4.1+part5.1+part5.3	0h:3m:11s (0h:1m:29s left)
 145 TPM2u+F+I+G4 29992.374   part3.3+part4.2+part5.1+part5.3	0h:3m:12s (0h:1m:27s left)
Merging part3.2+part4.2 with BIC score: 29953.763 (LnL: -14504.710  df: 116)
 146 HKY+F+G4     30013.201   part1.3+part3.2+part4.2	0h:3m:17s (0h:1m:27s left)
 147 TNe+I+G4     30005.267   part1.1+part3.2+part4.2	0h:3m:17s (0h:1m:26s left)
 148 K2P+I+G4     29987.163   part1.2+part3.2+part4.2	0h:3m:18s (0h:1m:24s left)
 149 K2P+I+G4     30021.461   part2.3+part3.2+part4.2	0h:3m:20s (0h:1m:23s left)
 150 K3P+I+G4     29955.488   part2.1+part3.2+part4.2	0h:3m:21s (0h:1m:21s left)
 151 TNe+I+G4     29927.997   part3.2+part4.2+part5.2	0h:3m:22s (0h:1m:20s left)
 152 HKY+F+I+G4   30012.300   part3.2+part3.3+part4.2+part5.1+part5.3	0h:3m:23s (0h:1m:18s left)
 153 TNe+I+G4     29938.320   part2.2+part3.2+part4.2	0h:3m:23s (0h:1m:17s left)
 154 TNe+I+G4     29959.219   part3.1+part3.2+part4.2	0h:3m:23s (0h:1m:15s left)
 155 K2P+I+G4     30009.390   part3.2+part4.2+part4.3	0h:3m:23s (0h:1m:13s left)
 156 TNe+I+G4     29938.598   part3.2+part4.1+part4.2	0h:3m:23s (0h:1m:11s left)
Merging part3.2+part4.2+part5.2 with BIC score: 29927.997 (LnL: -14504.038  df: 113)
WARNING: ABNORMAL_TERMINATION_IN_LNSRCH
 157 HKY+F+I+G4   30060.804   part1.3+part3.2+part4.2+part5.2	0h:3m:30s (0h:1m:12s left)
 158 K2P+I+G4     30086.113   part2.3+part3.2+part4.2+part5.2	0h:3m:32s (0h:1m:11s left)
 159 K2P+I+G4     29988.964   part1.2+part3.2+part4.2+part5.2	0h:3m:33s (0h:1m:9s left)
 160 TNe+I+G4     30013.161   part1.1+part3.2+part4.2+part5.2	0h:3m:34s (0h:1m:8s left)
 161 HKY+F+I+G4   30063.874   part3.2+part3.3+part4.2+part5.1+part5.2+part5.3	0h:3m:37s (0h:1m:7s left)
 162 TNe+I+G4     29938.649   part3.1+part3.2+part4.2+part5.2	0h:3m:37s (0h:1m:5s left)
 163 K3P+I+G4     29942.620   part2.1+part3.2+part4.2+part5.2	0h:3m:37s (0h:1m:4s left)
 164 K2P+I+G4     30041.512   part3.2+part4.2+part4.3+part5.2	0h:3m:39s (0h:1m:2s left)
 165 TNe+I+G4     29915.524   part2.2+part3.2+part4.2+part5.2	0h:3m:39s (0h:1m:1s left)
 166 TNe+I+G4     29915.619   part3.2+part4.1+part4.2+part5.2	0h:3m:41s (0h:0m:59s left)
Merging part2.1+part3.1 with BIC score: 29905.071 (LnL: -14512.927  df: 108)
 167 TIM2+F+I+G4  29944.875   part1.2+part2.1+part3.1	0h:3m:48s (0h:1m:0s left)
 168 TIM+F+I+G4   29962.632   part1.1+part2.1+part3.1	0h:3m:49s (0h:0m:58s left)
 169 TIM2+F+I+G4  29891.806   part2.1+part3.1+part4.1	0h:3m:52s (0h:0m:57s left)
 170 K3Pu+F+I+G4  29943.637   part2.1+part2.2+part3.1	0h:3m:54s (0h:0m:56s left)
 171 TIM+F+I+G4   29992.096   part1.3+part2.1+part3.1	0h:3m:55s (0h:0m:55s left)
 172 K3P+I+G4     30047.098   part2.1+part2.3+part3.1	0h:3m:56s (0h:0m:53s left)
 173 K3Pu+F+I+G4  29942.975   part2.1+part3.1+part3.2+part4.2+part5.2	0h:3m:57s (0h:0m:52s left)
 174 TIM+F+I+G4   30006.334   part2.1+part3.1+part4.3	0h:3m:58s (0h:0m:50s left)
 175 TIM2+F+I+G4  30013.312   part2.1+part3.1+part3.3+part5.1+part5.3	0h:3m:59s (0h:0m:49s left)
Merging part1.1+part1.3 with BIC score: 29885.969 (LnL: -14527.799  df: 102)
 176 K2P+G4       29879.195   part1.1+part1.2+part1.3	0h:4m:3s (0h:0m:48s left)
 177 K2P+G4       29890.762   part1.1+part1.3+part4.1	0h:4m:4s (0h:0m:46s left)
 178 K2P+G4       29876.091   part1.1+part1.3+part4.3	0h:4m:5s (0h:0m:45s left)
 179 TPM3u+F+I+G4 30133.516   part1.1+part1.3+part2.2	0h:4m:7s (0h:0m:44s left)
 180 K2P+I+G4     30037.337   part1.1+part1.3+part3.2+part4.2+part5.2	0h:4m:7s (0h:0m:42s left)
 181 K3P+G4       29875.341   part1.1+part1.3+part2.3	0h:4m:9s (0h:0m:41s left)
 182 TIM+F+I+G4   30000.850   part1.1+part1.3+part2.1+part3.1	0h:4m:9s (0h:0m:39s left)
 183 TPM2u+F+I+G4 29932.452   part1.1+part1.3+part3.3+part5.1+part5.3	0h:4m:11s (0h:0m:38s left)
Merging part2.3+part4.3 with BIC score: 29871.467 (LnL: -14524.618  df: 101)
 184 K2P+I+G4     29873.684   part1.2+part2.3+part4.3	0h:4m:20s (0h:0m:38s left)
 185 K2P+I+G4     29875.698   part2.3+part4.1+part4.3	0h:4m:20s (0h:0m:36s left)
 186 K2P+I+G4     30031.083   part2.3+part3.2+part4.2+part4.3+part5.2	0h:4m:21s (0h:0m:35s left)
 187 K2P+I+G4     29861.224   part1.1+part1.3+part2.3+part4.3	0h:4m:22s (0h:0m:33s left)
 188 K2P+I+G4     30146.546   part2.2+part2.3+part4.3	0h:4m:22s (0h:0m:32s left)
 189 K3P+I+G4     30019.810   part2.1+part2.3+part3.1+part4.3	0h:4m:24s (0h:0m:30s left)
 190 TPM2u+F+I+G4 29913.800   part2.3+part3.3+part4.3+part5.1+part5.3	0h:4m:27s (0h:0m:29s left)
Merging part2.1+part3.1+part4.1 with BIC score: 29858.201 (LnL: -14530.197  df: 98)
 191 TPM2u+F+I+G4 29888.055   part1.2+part2.1+part3.1+part4.1	0h:4m:33s (0h:0m:28s left)
 192 TPM2u+F+I+G4 29897.469   part2.1+part2.2+part3.1+part4.1	0h:4m:37s (0h:0m:27s left)
 193 TIM+F+I+G4   29975.702   part1.1+part1.3+part2.1+part3.1+part4.1	0h:4m:37s (0h:0m:25s left)
 194 TPM2+F+I+G4  29886.842   part2.1+part3.1+part3.2+part4.1+part4.2+part5.2	0h:4m:38s (0h:0m:24s left)
 195 K3P+I+G4     30014.295   part2.1+part2.3+part3.1+part4.1+part4.3	0h:4m:39s (0h:0m:22s left)
 196 TIM2+F+I+G4  29971.008   part2.1+part3.1+part3.3+part4.1+part5.1+part5.3	0h:4m:41s (0h:0m:21s left)
Merging part2.2+part3.2+part4.2+part5.2 with BIC score: 29845.728 (LnL: -14544.312  df: 93)
 197 K2P+I+G4     30163.160   part1.1+part1.3+part2.2+part3.2+part4.2+part5.2	0h:4m:48s (0h:0m:20s left)
 198 HKY+F+I+G4   29943.065   part1.2+part2.2+part3.2+part4.2+part5.2	0h:4m:50s (0h:0m:19s left)
 199 K2P+I+G4     30247.402   part2.2+part2.3+part3.2+part4.2+part4.3+part5.2	0h:4m:50s (0h:0m:17s left)
 200 TPM2u+F+I+G4 29901.647   part2.1+part2.2+part3.1+part3.2+part4.1+part4.2+part5.2	0h:4m:52s (0h:0m:16s left)
 201 K2P+I+G4     30179.388   part2.2+part3.2+part3.3+part4.2+part5.1+part5.2+part5.3	0h:4m:52s (0h:0m:14s left)
Merging part1.1+part1.3+part2.3+part4.3 with BIC score: 29835.485 (LnL: -14547.332  df: 91)
 202 K2P+I+G4     29835.568   part1.1+part1.2+part1.3+part2.3+part4.3	0h:5m:1s (0h:0m:13s left)
 203 K3P+I+G4     29997.960   part1.1+part1.3+part2.1+part2.3+part3.1+part4.1+part4.3	0h:5m:4s (0h:0m:12s left)
 204 K2P+I+G4     30267.611   part1.1+part1.3+part2.2+part2.3+part3.2+part4.2+part4.3+part5.2	0h:5m:4s (0h:0m:10s left)
 205 TPM2u+F+I+G4 29897.461   part1.1+part1.3+part2.3+part3.3+part4.3+part5.1+part5.3	0h:5m:9s (0h:0m:9s left)
BEST-FIT PARTITION MODEL: 
  charpartition BIC = K2P+I+G4: part1.1 part1.3 part2.3 part4.3, K2P+G4: part1.2, TIM2+F+I+G4: part2.1 part3.1 part4.1, TNe+I+G4: part2.2 part3.2 part4.2 part5.2, TPM2+F+I+G4: part3.3 part5.1 part5.3;
Agglomerative model selection: (((part1.1,part1.3)6:29886,(part2.3,part4.3)7:29871.5)10:29835.5,part1.2,((part2.1,part3.1)5:29905.1,part4.1)8:29858.2,(part2.2,((part3.2,part4.2)3:29953.8,part5.2)4:29928)9:29845.7,((part3.3,part5.3)1:30019,part5.1)2:29984.6)
Merging into 5 partitions...
Partition information was printed to 2_set173.best_scheme.nex
Partition information in Raxml format was printed to 2_set173.best_scheme

All model information printed to 2_set173.model.gz
CPU time for ModelFinder: 309.908 seconds (0h:5m:9s)
Wall-clock time for ModelFinder: 311.471 seconds (0h:5m:11s)
Generating 1000 samples for ultrafast bootstrap (seed: 209025)...

NOTE: 8 MB RAM (0 GB) is required!
Measuring multi-threading efficiency up to 8 CPU cores
Increase to 10 rounds for branch lengths
14 trees examined
Threads: 1 / Time: 8.088 sec / Speedup: 1.000 / Efficiency: 100% / LogL: -22195
Threads: 2 / Time: 15.356 sec / Speedup: 0.527 / Efficiency: 26% / LogL: -22195
BEST NUMBER OF THREADS: 1

Estimate model parameters (epsilon = 0.100)
Initial log-likelihood: -15639.429
Current log-likelihood at step 1: -14474.981
Current log-likelihood at step 2: -14449.783
Current log-likelihood at step 3: -14440.218
Current log-likelihood at step 4: -14439.616
Current log-likelihood at step 5: -14439.298
Current log-likelihood at step 6: -14439.108
Current log-likelihood at step 7: -14438.991
Current log-likelihood at step 8: -14438.917
Parameters optimization took 7 rounds (4.093 sec)


WARNING: Estimated model parameters are at boundary that can cause numerical instability!

Computing ML distances based on estimated model parameters... 0.055 sec
Computing BIONJ tree...
0.004 seconds
Log-likelihood of BIONJ tree: -14435.689
--------------------------------------------------------------------
|             INITIALIZING CANDIDATE TREE SET                      |
--------------------------------------------------------------------
Generating 98 parsimony trees... 4.209 second
Computing log-likelihood of 98 initial trees ... 16.512 seconds
Current best score: -14419.565

Do NNI search on 20 best initial trees
Estimate model parameters (epsilon = 0.100)
Initial log-likelihood: -14418.616
WARNING: ABNORMAL_TERMINATION_IN_LNSRCH
Current log-likelihood at step 1: -14418.456
Current log-likelihood at step 2: -14418.394
Parameters optimization took 1 rounds (1.063 sec)


WARNING: Estimated model parameters are at boundary that can cause numerical instability!

BETTER TREE FOUND at iteration 1: -14418.394
Iteration 10 / LogL: -14425.090 / Time: 0h:1m:4s
Iteration 20 / LogL: -14425.177 / Time: 0h:1m:22s
Finish initializing candidate tree set (5)
Current best tree score: -14418.394 / CPU time: 54.119
Number of iterations: 20
--------------------------------------------------------------------
|               OPTIMIZING CANDIDATE TREE SET                      |
--------------------------------------------------------------------
Iteration 30 / LogL: -14422.499 / Time: 0h:1m:39s (0h:4m:2s left)
Iteration 40 / LogL: -14418.394 / Time: 0h:1m:54s (0h:2m:59s left)
Iteration 50 / LogL: -14421.277 / Time: 0h:2m:10s (0h:2m:15s left)
Log-likelihood cutoff on original alignment: -14455.062
Iteration 60 / LogL: -14421.579 / Time: 0h:2m:25s (0h:1m:41s left)
Iteration 70 / LogL: -14421.542 / Time: 0h:2m:42s (0h:1m:12s left)
Iteration 80 / LogL: -14419.155 / Time: 0h:3m:0s (0h:0m:47s left)
Iteration 90 / LogL: -14421.252 / Time: 0h:3m:17s (0h:0m:24s left)
Iteration 100 / LogL: -14418.508 / Time: 0h:3m:33s (0h:0m:2s left)
Log-likelihood cutoff on original alignment: -14454.829
NOTE: Bootstrap correlation coefficient of split occurrence frequencies: 1.000
TREE SEARCH COMPLETED AFTER 102 ITERATIONS / Time: 0h:3m:37s

--------------------------------------------------------------------
|                    FINALIZING TREE SEARCH                        |
--------------------------------------------------------------------
Performs final model parameters optimization
Estimate model parameters (epsilon = 0.010)
Initial log-likelihood: -14418.394
Current log-likelihood at step 1: -14418.354
Current log-likelihood at step 2: -14418.327
Current log-likelihood at step 3: -14418.309
Current log-likelihood at step 4: -14418.296
Current log-likelihood at step 5: -14418.287
Parameters optimization took 4 rounds (1.257 sec)


WARNING: Estimated model parameters are at boundary that can cause numerical instability!

BEST SCORE FOUND : -14418.287
Creating bootstrap support values...
Split supports printed to NEXUS file 2_set173.splits.nex
Total tree length: 1.245

Total number of iterations: 102
CPU time used for tree search: 52.428 sec (0h:0m:52s)
Wall-clock time used for tree search: 188.507 sec (0h:3m:8s)
Total CPU time used: 60.381 sec (0h:1m:0s)
Total wall-clock time used: 219.072 sec (0h:3m:39s)

Computing bootstrap consensus tree...
Reading input file 2_set173.splits.nex...
35 taxa and 125 splits.
Consensus tree written to 2_set173.contree
Reading input trees file 2_set173.contree
Log-likelihood of consensus tree: -14418.287

Analysis results written to: 
  IQ-TREE report:                2_set173.iqtree
  Maximum-likelihood tree:       2_set173.treefile
  Likelihood distances:          2_set173.mldist
  Best partitioning scheme:      2_set173.best_scheme.nex
           in RAxML format:      2_set173.best_scheme

Ultrafast bootstrap approximation results written to:
  Split support values:          2_set173.splits.nex
  Consensus tree:                2_set173.contree
  Screen log file:               2_set173.log

Date and Time: Fri Sep  7 16:52:05 2018
