IQ-TREE multicore version 1.6.7 for Mac OS X 64-bit built Aug 23 2018
Developed by Bui Quang Minh, Nguyen Lam Tung, Olga Chernomor,
Heiko Schmidt, Dominik Schrempf, Michael Woodhams.

Host:    meeps-mac-pro.staff.sydney.edu.au (AVX, 64 GB RAM)
Command: /Users/davidduchene/Desktop/Software/iqtree-1.6.7-MacOSX/bin/iqtree -s ../../../../marsupials/set91.fasta -m TESTMERGE -bb 1000 -spp ../../../../marsupials/set91.nex -nt AUTO -pre 4_set91
Seed:    725894 (Using SPRNG - Scalable Parallel Random Number Generator)
Time:    Fri Sep  7 05:06:01 2018
Kernel:  AVX - auto-detect threads (8 CPU cores detected)

Reading partition model file ../../../../marsupials/set91.nex ...
Reading alignment file ../../../../marsupials/set91.fasta ... Fasta format detected
Alignment most likely contains DNA/RNA sequences
Alignment has 37 sequences with 1932 columns, 832 distinct patterns
490 parsimony-informative, 283 singleton sites, 1159 constant sites
                                              Gap/Ambiguity  Composition  p-value
   1  Burramyidae_Burramys_parvus                     6.42%    passed     93.83%
   2  Notoryctidae_Notoryctes_typhlops                0.57%    passed     99.96%
   3  Vombatidae_Lasiorhinus_latifrons                3.67%    passed     54.25%
   4  Potoroidae_Bettongia_penicillata                0.26%    passed     99.24%
   5  Potoroidae_Bettongia_lesueur                    1.71%    passed     99.94%
   6  Dasyuridae_Dasyurus_maculatus                  15.17%    passed     90.93%
   7  Phalangeridae_Trichosurus_vulpecula            16.77%    passed     63.65%
   8  Phalangeridae_Spilocuscus_maculatus             0.00%    passed     98.67%
   9  Potoroidae_Aepyprymnus_rufescens                0.16%    passed     99.69%
  10  Peramelidae_Perameles_nasuta                    0.21%    passed     95.22%
  11  Myrmecobiidae_Myrmecobius_fasciatus1           85.46%    passed      6.20%
  12  Phalangeridae_Strigocuscus_pelengensis          3.11%    passed     84.77%
  13  Dasyuridae_Phascogale_tapoatafa                41.05%    failed      0.75%
  14  Dasyuridae_Sminthopsis_macroura                 3.62%    passed     10.74%
  15  Phalangeridae_Phalanger_orientalis             16.93%    passed     73.91%
  16  Acrobatidae_Acrobates_pygmaeus                  0.88%    passed     96.28%
  17  Dasyuridae_Phascogale_calura                   41.10%    failed      0.96%
  18  Dasyuridae_Sarcophilus_harrisii                 3.52%    passed     19.38%
  19  Dasyuridae_Planigale_tenuirostris              50.21%    failed      3.59%
  20  Peramelidae_Echymipera_kalubu                   1.29%    passed     98.44%
  21  Macropodidae_Dorcopsulus_vanheurni              0.21%    passed     97.61%
  22  Pseudochiridae_Pseudochirulus_forbesi          16.93%    passed     98.97%
  23  Didelphidae_Didelphis_virginiana                3.31%    passed     26.62%
  24  Marmosidae_Monodelphis_domestica                0.98%    passed     78.97%
  25  Dasyuridae_Antechinus_stuartii                 58.39%    failed      0.73%
  26  Hypsiprymnodontidae_Hypsiprymnodon_moschatus    0.21%    passed     80.13%
  27  Microbiotheriidae_Dromiciops_gliroides          1.66%    passed     98.94%
  28  Pseudochiridae_Petauroides_volans               1.35%    passed     88.39%
  29  Macropodidae_Wallabia_bicolor                   0.47%    passed     99.58%
  30  Pseudochiridae_Pseudocheirus_occidentalis       6.31%    passed     93.95%
  31  Tarsipedidae_Tarsipes_rostratus                 2.02%    passed     96.98%
  32  Acrobatidae_Distoechurus_pennatus               0.78%    passed     72.06%
  33  Myrmecobiidae_Myrmecobius_fasciatus2           85.46%    passed      6.20%
  34  Phalangeridae_Phalanger_carmelitae             16.77%    passed     64.11%
  35  Peramelidae_Peroryctes_raffrayana               4.61%    passed     85.26%
  36  Dasyuridae_Dasyurus_geffroii                   42.75%    failed      0.33%
  37  Peramelidae_Perameles_gunnii                    0.62%    passed     96.10%
WARNING: 4 sequences contain more than 50% gaps/ambiguity
****  TOTAL                                          14.46%  5 sequences failed composition chi2 test (p-value<5%; df=3)
NOTE: No CharPartition defined, use all CharSets

Loading 15 partitions...
Subset	Type	Seqs	Sites	Infor	Invar	Model	Name
1		35	84	11	55	TESTMERGE	part1.1
2		35	84	7	66	TESTMERGE	part1.2
3		35	84	31	33	TESTMERGE	part1.3
4		30	262	37	205	TESTMERGE	part2.1
5		30	262	15	236	TESTMERGE	part2.2
6		30	262	156	53	TESTMERGE	part2.3
7		35	101	9	84	TESTMERGE	part3.1
8		35	101	8	90	TESTMERGE	part3.2
9		35	101	47	35	TESTMERGE	part3.3
10		32	108	40	47	TESTMERGE	part4.1
11		32	108	34	39	TESTMERGE	part4.2
12		32	108	48	35	TESTMERGE	part4.3
13		35	89	6	70	TESTMERGE	part5.1
14		35	89	1	77	TESTMERGE	part5.2
15		35	89	40	34	TESTMERGE	part5.3
Degree of missing data: 0.123
Info: multi-threading strategy over partitions

NOTE: Myrmecobiidae_Myrmecobius_fasciatus2 is identical to Myrmecobiidae_Myrmecobius_fasciatus1 but kept for subsequent analysis


Create initial parsimony tree by phylogenetic likelihood library (PLL)... 0.010 seconds
NOTE: ModelFinder requires 8 MB RAM!
NUMBER OF THREADS FOR PARTITION FINDING: 8
Testing GTR+F+G on supermatrix...
GTR+F+G4 / LnL: -11427.010 / df: 80 / AIC: 23014.020 / AICc: 23021.022 / BIC: 23459.325
Selecting individual models for 15 charsets using BIC...
 No. Model        Score       Charset
   1 K3Pu+F+G4    1909.541    part2.1
   2 TN+F+G4      1632.114    part3.3
   3 TN+F+G4      1650.881    part4.1
   4 HKY+F+G4     2036.923    part4.3
   5 TN+F         1267.790    part5.3
   6 TIM3e+G4     1768.004    part4.2
   7 K3Pu+F       1166.839    part1.3
   8 K2P          543.509     part1.2
   9 TPM3u+F+G4   5836.642    part2.3
  10 K3P+G4       658.451     part3.1	0h:0m:39s (0h:13m:16s left)
  11 K2P          424.961     part5.2	0h:0m:40s (0h:12m:9s left)
  12 TIMe         573.094     part5.1	0h:0m:40s (0h:11m:6s left)
  13 TIM3e+G4     1220.428    part2.2	0h:0m:40s (0h:10m:14s left)
  14 K2P          747.243     part1.1	0h:0m:41s (0h:9m:40s left)
  15 F81+F+I      591.721     part3.2	0h:0m:41s (0h:9m:5s left)
Full partition model BIC score: 22763.167 (LnL: -10833.026  df:145)
Merging models to increase model fit (about 211 total partition schemes)...
  16 HKY+F+G4     22813.388   part1.3+part2.3	0h:1m:4s (0h:13m:3s left)
  17 TN+F+G4      22810.413   part2.3+part5.3	0h:1m:4s (0h:12m:14s left)
  18 TIM+F+G4     22969.472   part2.1+part2.3	0h:1m:5s (0h:11m:37s left)
  19 TIM3+F+G4    22855.937   part2.3+part4.1	0h:1m:15s (0h:12m:44s left)
  20 HKY+F+G4     22814.064   part2.3+part4.3	0h:1m:17s (0h:12m:22s left)
  21 HKY+F+G4     22853.035   part1.1+part2.3	0h:1m:20s (0h:12m:10s left)
  22 TPM3+F+G4    22743.538   part2.3+part3.3	0h:1m:22s (0h:11m:45s left)
  23 TPM3+F+G4    22820.942   part2.3+part4.2	0h:1m:22s (0h:11m:16s left)
  24 TPM2u+F+I+G4 23116.362   part2.2+part2.3	0h:1m:41s (0h:13m:10s left)
  25 K2P+G4       22748.220   part4.2+part4.3	0h:1m:41s (0h:12m:35s left)
  26 TN+F+G4      22740.641   part4.1+part4.3	0h:1m:45s (0h:12m:29s left)
  27 HKY+F+G4     22902.725   part1.2+part2.3	0h:1m:47s (0h:12m:11s left)
  28 TN+F+G4      22936.986   part2.3+part3.1	0h:1m:53s (0h:12m:24s left)
  29 HKY+F+G4     22939.825   part2.3+part5.2	0h:1m:56s (0h:12m:9s left)
  30 HKY+F+G4     22950.637   part2.3+part3.2	0h:1m:59s (0h:12m:3s left)
  31 HKY+F+G4     22905.365   part2.3+part5.1	0h:2m:8s (0h:12m:27s left)
  32 K2P+G4       22744.943   part3.3+part4.3	0h:2m:12s (0h:12m:23s left)
  33 TIM3e+G4     22737.287   part4.1+part4.2	0h:2m:26s (0h:13m:12s left)
  34 K2P+G4       22828.392   part2.1+part4.3	0h:2m:30s (0h:13m:4s left)
  35 TNe+G4       22748.524   part3.3+part4.1	0h:2m:36s (0h:13m:4s left)
  36 K2P+G4       22751.852   part3.3+part4.2	0h:2m:39s (0h:12m:54s left)
  37 TIM3+F+G4    22825.052   part2.1+part4.2	0h:2m:42s (0h:12m:43s left)
  38 TN+F+G4      22746.902   part4.3+part5.3	0h:2m:50s (0h:12m:57s left)
  39 HKY+F+G4     22756.029   part1.3+part4.3	0h:2m:59s (0h:13m:10s left)
  40 K2P+G4       22760.493   part4.2+part5.3	0h:3m:8s (0h:13m:25s left)
  41 K2P+G4       22766.337   part1.3+part4.2	0h:3m:17s (0h:13m:38s left)
  42 TIM2+F+G4    22797.602   part2.1+part4.1	0h:3m:29s (0h:14m:4s left)
  43 TIM+F+G4     22774.385   part2.1+part3.3	0h:3m:38s (0h:14m:15s left)
  44 K2P+G4       22726.126   part3.3+part5.3	0h:3m:41s (0h:14m:1s left)
  45 HKY+F+G4     22758.057   part4.1+part5.3	0h:3m:44s (0h:13m:48s left)
  46 TN+F+G4      22765.460   part1.3+part4.1	0h:3m:45s (0h:13m:27s left)
  47 K2P+G4       22787.047   part2.1+part5.3	0h:3m:47s (0h:13m:15s left)
  48 K2P+G4       22725.366   part1.3+part3.3	0h:3m:50s (0h:13m:4s left)
  49 K2P+G4       22787.583   part1.1+part4.3	0h:4m:0s (0h:13m:13s left)
  50 K3P+G4       22781.400   part1.3+part2.1	0h:4m:0s (0h:12m:55s left)
  51 K2P+G4       22778.933   part1.1+part4.2	0h:4m:22s (0h:13m:44s left)
  52 K2P+G4       22907.448   part2.2+part4.3	0h:4m:23s (0h:13m:25s left)
  53 TIM2e+G4     22883.582   part2.2+part4.2	0h:4m:24s (0h:13m:8s left)
  54 HKY+F+G4     22809.830   part1.2+part4.3	0h:4m:26s (0h:12m:56s left)
  55 HKY+F        22720.102   part1.3+part5.3	0h:4m:27s (0h:12m:39s left)
  56 K2P+G4       22767.563   part1.1+part4.1	0h:4m:27s (0h:12m:21s left)
  57 TN+F+G4      22764.879   part1.1+part3.3	0h:4m:28s (0h:12m:4s left)
  58 TIM3e+G4     22797.039   part1.2+part4.2	0h:4m:40s (0h:12m:20s left)
  59 TPM2u+F+G4   22872.157   part2.2+part3.3	0h:4m:43s (0h:12m:10s left)
  60 TNe+G4       22807.086   part3.1+part4.3	0h:4m:44s (0h:11m:56s left)
  61 TIM3e+G4     22792.847   part2.1+part2.2	0h:4m:49s (0h:11m:50s left)
  62 K2P+I+G4     22861.686   part2.2+part4.1	0h:4m:53s (0h:11m:45s left)
  63 TIM+F+G4     22753.284   part1.1+part2.1	0h:4m:54s (0h:11m:31s left)
  64 HKY+F+G4     22822.891   part4.3+part5.1	0h:4m:59s (0h:11m:27s left)
  65 K2P+G4       22793.244   part3.1+part4.2	0h:5m:0s (0h:11m:15s left)
  66 K2P+G4       22808.973   part4.2+part5.1	0h:5m:2s (0h:11m:5s left)
  67 K2P+G4       22780.580   part1.2+part3.3	0h:5m:3s (0h:10m:52s left)
  68 TN+F+G4      22787.289   part1.2+part4.1	0h:5m:5s (0h:10m:41s left)
  69 K2P+G4       22758.328   part1.1+part5.3	0h:5m:8s (0h:10m:35s left)
  70 K2P+G4       22756.829   part1.1+part1.3	0h:5m:10s (0h:10m:25s left)
  71 HKY+F+G4     22833.274   part4.3+part5.2	0h:5m:10s (0h:10m:12s left)
  72 HKY+F+G4     22818.130   part3.2+part4.3	0h:5m:17s (0h:10m:12s left)
  73 K2P+G4       22819.701   part4.2+part5.2	0h:5m:18s (0h:10m:2s left)
  74 HKY+F+G4     22762.372   part1.2+part2.1	0h:5m:28s (0h:10m:8s left)
  75 K2P+G4       22809.079   part3.2+part4.2	0h:5m:33s (0h:10m:4s left)
  76 TIM3+F+G4    22860.961   part2.2+part5.3	0h:5m:35s (0h:9m:56s left)
  77 TNe+G4       22795.545   part3.1+part3.3	0h:5m:36s (0h:9m:46s left)
  78 TN+F+G4      22775.620   part3.1+part4.1	0h:5m:37s (0h:9m:35s left)
  79 TNe+G4       22850.176   part1.3+part2.2	0h:5m:39s (0h:9m:27s left)
  80 TIM2e+G4     22794.026   part4.1+part5.1	0h:5m:41s (0h:9m:19s left)
  81 K3P+G4       22797.676   part3.3+part5.1	0h:5m:44s (0h:9m:12s left)
  82 TIM+F+G4     22752.895   part2.1+part3.1	0h:5m:44s (0h:9m:1s left)
  83 K2P+G4       22809.209   part3.3+part5.2	0h:5m:55s (0h:9m:8s left)
  84 K3Pu+F+G4    22765.526   part2.1+part5.1	0h:5m:57s (0h:9m:0s left)
  85 K2P+G4       22800.877   part4.1+part5.2	0h:5m:57s (0h:8m:50s left)
  86 TN+F+G4      22782.869   part3.2+part4.1	0h:6m:0s (0h:8m:43s left)
  87 HKY+F+G4     22780.897   part1.2+part1.3	0h:6m:3s (0h:8m:37s left)
  88 K2P+G4       22776.542   part1.2+part5.3	0h:6m:6s (0h:8m:31s left)
  89 K2P+G4       22806.468   part3.2+part3.3	0h:6m:9s (0h:8m:25s left)
  90 K2P+G4       22773.988   part2.1+part5.2	0h:6m:9s (0h:8m:16s left)
  91 K2P+G4       22791.848   part3.1+part5.3	0h:6m:25s (0h:8m:28s left)
  92 K3P+G4       22789.972   part1.3+part3.1	0h:6m:26s (0h:8m:20s left)
  93 K3P+I        22762.380   part2.1+part3.2	0h:6m:27s (0h:8m:11s left)
  94 K2P+G4       22791.811   part5.1+part5.3	0h:6m:28s (0h:8m:4s left)
  95 K3P+G4       22785.744   part1.3+part5.1	0h:6m:34s (0h:8m:1s left)
  96 HKY+F+G4     22809.387   part5.2+part5.3	0h:6m:34s (0h:7m:52s left)
  97 TPM3u+F+G4   22800.244   part3.2+part5.3	0h:6m:36s (0h:7m:45s left)
  98 K2P+G4       22799.875   part1.3+part5.2	0h:6m:36s (0h:7m:37s left)
  99 TIM3e+G4     22784.713   part1.1+part2.2	0h:6m:37s (0h:7m:29s left)
 100 K2P+G4       22755.015   part1.1+part1.2	0h:6m:37s (0h:7m:21s left)
 101 HKY+F+I      22804.525   part1.3+part3.2	0h:6m:42s (0h:7m:18s left)
 102 TIMe+G4      22759.908   part1.2+part2.2	0h:6m:48s (0h:7m:16s left)
 103 K3P+G4       22761.965   part1.1+part3.1	0h:6m:50s (0h:7m:10s left)
 104 TIM3e+I      22771.428   part2.2+part3.1	0h:6m:57s (0h:7m:9s left)
 105 TIM3e        22767.610   part1.1+part5.1	0h:7m:0s (0h:7m:4s left)
 106 TIM3e+G4     22786.271   part2.2+part5.1	0h:7m:5s (0h:7m:1s left)
 107 K2P          22765.724   part1.1+part5.2	0h:7m:7s (0h:6m:55s left)
 108 K2P+G4       22752.347   part1.2+part3.1	0h:7m:8s (0h:6m:48s left)
 109 TPM3u+F+G4   22775.039   part1.1+part3.2	0h:7m:11s (0h:6m:43s left)
 110 K2P+G4       22766.701   part1.2+part5.1	0h:7m:12s (0h:6m:37s left)
 111 TNe          22751.184   part1.2+part5.2	0h:7m:12s (0h:6m:30s left)
 112 TIM3e+G4     22746.938   part2.2+part5.2	0h:7m:14s (0h:6m:24s left)
 113 K2P+G4       22754.969   part3.1+part5.2	0h:7m:17s (0h:6m:19s left)
 114 TIMe+G4      22747.961   part3.1+part5.1	0h:7m:18s (0h:6m:12s left)
 115 K2P+G4       22762.908   part1.2+part3.2	0h:7m:18s (0h:6m:5s left)
 116 JC+I+G4      22740.950   part3.1+part3.2	0h:7m:18s (0h:5m:59s left)
 117 TIM3e        22771.340   part5.1+part5.2	0h:7m:19s (0h:5m:52s left)
 118 TIM3e+I      22759.171   part2.2+part3.2	0h:7m:19s (0h:5m:46s left)
 119 TIM3+F+G4    22771.127   part3.2+part5.1	0h:7m:20s (0h:5m:40s left)
 120 TPM3u+F+I    22764.620   part3.2+part5.2	0h:7m:21s (0h:5m:34s left)
Merging part1.3+part5.3 with BIC score: 22720.102 (LnL: -10837.975  df: 138)
 121 K2P+G4       22698.585   part1.3+part3.3+part5.3	0h:7m:28s (0h:5m:33s left)
 122 K3P+G4       22781.975   part1.3+part2.1+part5.3	0h:7m:29s (0h:5m:27s left)
 123 TN+F+G4      22872.173   part1.3+part2.2+part5.3	0h:7m:31s (0h:5m:23s left)
 124 K2P+G4       22734.697   part1.1+part1.3+part5.3	0h:7m:39s (0h:5m:22s left)
 125 K2P+G4       22748.123   part1.3+part4.2+part5.3	0h:7m:42s (0h:5m:18s left)
 126 HKY+F+G4     22738.294   part1.3+part4.1+part5.3	0h:7m:54s (0h:5m:19s left)
 127 HKY+F+G4     22723.368   part1.3+part4.3+part5.3	0h:7m:56s (0h:5m:14s left)
 128 HKY+F+G4     22833.978   part1.3+part2.3+part5.3	0h:7m:58s (0h:5m:10s left)
 129 K3Pu+F+I     22787.670   part1.3+part3.1+part5.3	0h:7m:59s (0h:5m:5s left)
 130 HKY+F+G4     22752.570   part1.2+part1.3+part5.3	0h:8m:1s (0h:5m:0s left)
 131 K3Pu+F+G4    22778.852   part1.3+part5.1+part5.3	0h:8m:1s (0h:4m:54s left)
 132 HKY+F+I      22784.762   part1.3+part3.2+part5.3	0h:8m:2s (0h:4m:48s left)
 133 HKY+F+G4     22785.249   part1.3+part5.2+part5.3	0h:8m:2s (0h:4m:42s left)
Merging part4.1+part4.2 with BIC score: 22694.222 (LnL: -10851.518  df: 131)
 134 K2P+G4       22850.056   part2.2+part4.1+part4.2	0h:8m:12s (0h:4m:43s left)
 135 TIM3e+G4     22679.856   part4.1+part4.2+part4.3	0h:8m:12s (0h:4m:37s left)
 136 K2P+G4       22741.821   part4.1+part4.2+part5.1	0h:8m:12s (0h:4m:31s left)
 137 K2P+G4       22710.818   part1.1+part4.1+part4.2	0h:8m:14s (0h:4m:27s left)
 138 K2P+G4       22770.800   part2.1+part4.1+part4.2	0h:8m:15s (0h:4m:22s left)
 139 TIM3e+G4     22691.717   part3.3+part4.1+part4.2	0h:8m:20s (0h:4m:19s left)
 140 K2P+G4       22738.767   part1.3+part4.1+part4.2+part5.3	0h:8m:21s (0h:4m:14s left)
 141 TIM3+F+G4    22835.112   part2.3+part4.1+part4.2	0h:8m:24s (0h:4m:10s left)
 142 K2P+G4       22754.549   part4.1+part4.2+part5.2	0h:8m:26s (0h:4m:5s left)
 143 K2P+G4       22727.262   part3.1+part4.1+part4.2	0h:8m:26s (0h:4m:1s left)
 144 K2P+G4       22727.286   part1.2+part4.1+part4.2	0h:8m:26s (0h:3m:55s left)
 145 K2P+G4       22744.819   part3.2+part4.1+part4.2	0h:8m:28s (0h:3m:51s left)
Merging part3.1+part3.2 with BIC score: 22672.006 (LnL: -10863.108  df: 125)
 146 JC+I+G4      22670.198   part3.1+part3.2+part5.2	0h:8m:34s (0h:3m:48s left)
 147 TIMe+G4      22671.142   part3.1+part3.2+part5.1	0h:8m:35s (0h:3m:44s left)
 148 TN+F+G4      22689.298   part1.1+part3.1+part3.2	0h:8m:39s (0h:3m:41s left)
 149 K3P+I        22674.500   part2.1+part3.1+part3.2	0h:8m:42s (0h:3m:37s left)
 150 K3Pu+F+G4    22779.930   part1.3+part3.1+part3.2+part5.3	0h:8m:53s (0h:3m:37s left)
 151 TNe+G4       22753.117   part3.1+part3.2+part4.3	0h:8m:59s (0h:3m:34s left)
 152 JC+I+G4      22672.514   part1.2+part3.1+part3.2	0h:9m:4s (0h:3m:31s left)
 153 K2P+G4       22753.433   part3.1+part3.2+part4.1+part4.2	0h:9m:4s (0h:3m:26s left)
 154 TIM3e+I      22683.977   part2.2+part3.1+part3.2	0h:9m:4s (0h:3m:21s left)
 155 TIMe+G4      22743.146   part3.1+part3.2+part3.3	0h:9m:5s (0h:3m:16s left)
 156 TN+F+I+G4    22973.711   part2.3+part3.1+part3.2	0h:9m:6s (0h:3m:12s left)
Merging part1.3+part3.3+part5.3 with BIC score: 22650.489 (LnL: -10886.398  df: 116)
 157 K3P+G4       22704.761   part1.3+part3.3+part5.1+part5.3	0h:9m:15s (0h:3m:11s left)
 158 K2P+G4       22722.025   part1.3+part3.3+part5.2+part5.3	0h:9m:16s (0h:3m:6s left)
 159 K2P+G4       22661.285   part1.1+part1.3+part3.3+part5.3	0h:9m:18s (0h:3m:2s left)
 160 K2P+G4       22687.360   part1.2+part1.3+part3.3+part5.3	0h:9m:19s (0h:2m:58s left)
 161 K2P+G4       22827.196   part1.3+part2.2+part3.3+part5.3	0h:9m:19s (0h:2m:53s left)
 162 K3P+G4       22725.002   part1.3+part2.1+part3.3+part5.3	0h:9m:21s (0h:2m:49s left)
 163 HKY+F+G4     22668.104   part1.3+part3.3+part4.3+part5.3	0h:9m:23s (0h:2m:46s left)
 164 K3P+G4       22781.674   part1.3+part3.1+part3.2+part3.3+part5.3	0h:9m:26s (0h:2m:42s left)
 165 HKY+F+G4     22756.359   part1.3+part2.3+part3.3+part5.3	0h:9m:30s (0h:2m:38s left)
 166 K2P+G4       22693.543   part1.3+part3.3+part4.1+part4.2+part5.3	0h:9m:33s (0h:2m:35s left)
Merging part2.2+part5.2 with BIC score: 22634.260 (LnL: -10885.850  df: 114)
 167 TIM3e+G4     22657.547   part2.2+part5.1+part5.2	0h:9m:43s (0h:2m:33s left)
 168 TIM3e+G4     22629.589   part1.2+part2.2+part5.2	0h:9m:46s (0h:2m:29s left)
 169 TIM3e+I      22651.782   part2.2+part3.1+part3.2+part5.2	0h:9m:46s (0h:2m:25s left)
 170 TIM3e+G4     22671.757   part2.1+part2.2+part5.2	0h:9m:48s (0h:2m:21s left)
 171 TIM3e+G4     22656.052   part1.1+part2.2+part5.2	0h:9m:50s (0h:2m:18s left)
 172 K2P+G4       22848.992   part1.3+part2.2+part3.3+part5.2+part5.3	0h:9m:52s (0h:2m:14s left)
 173 K2P+I+G4     22807.850   part2.2+part4.3+part5.2	0h:9m:53s (0h:2m:10s left)
 174 TPM2u+F+I+G4 23064.613   part2.2+part2.3+part5.2	0h:9m:56s (0h:2m:6s left)
 175 K2P+I+G4     22825.375   part2.2+part4.1+part4.2+part5.2	0h:9m:59s (0h:2m:3s left)
Merging part4.1+part4.2+part4.3 with BIC score: 22619.894 (LnL: -10901.366  df: 108)
 176 TIM3e+G4     22680.650   part4.1+part4.2+part4.3+part5.1	0h:10m:12s (0h:2m:1s left)
 177 K2P+G4       22720.578   part2.1+part4.1+part4.2+part4.3	0h:10m:14s (0h:1m:58s left)
 178 TIM3e+G4     22645.881   part1.1+part4.1+part4.2+part4.3	0h:10m:15s (0h:1m:54s left)
 179 K2P+G4       22663.820   part1.2+part4.1+part4.2+part4.3	0h:10m:16s (0h:1m:50s left)
 180 TNe+G4       22734.578   part3.1+part3.2+part4.1+part4.2+part4.3	0h:10m:17s (0h:1m:46s left)
 181 K2P+G4       22864.669   part2.2+part4.1+part4.2+part4.3+part5.2	0h:10m:19s (0h:1m:42s left)
 182 K2P+G4       22667.350   part1.3+part3.3+part4.1+part4.2+part4.3+part5.3	0h:10m:23s (0h:1m:39s left)
 183 TIM3e+G4     22770.541   part2.3+part4.1+part4.2+part4.3	0h:10m:23s (0h:1m:35s left)
Merging part1.1+part2.1 with BIC score: 22610.011 (LnL: -10900.208  df: 107)
 184 HKY+F+G4     22606.602   part1.1+part1.2+part2.1	0h:10m:30s (0h:1m:32s left)
 185 TIM+F+G4     22619.842   part1.1+part2.1+part3.1+part3.2	0h:10m:31s (0h:1m:28s left)
 186 TIM3e+G4     22654.875   part1.1+part2.1+part2.2+part5.2	0h:10m:31s (0h:1m:24s left)
 187 TIM+F+G4     22609.009   part1.1+part2.1+part5.1	0h:10m:32s (0h:1m:21s left)
 188 K3P+G4       22685.639   part1.1+part1.3+part2.1+part3.3+part5.3	0h:10m:36s (0h:1m:17s left)
 189 K2P+G4       22724.898   part1.1+part2.1+part4.1+part4.2+part4.3	0h:10m:40s (0h:1m:14s left)
 190 TIM+F+G4     22847.441   part1.1+part2.1+part2.3	0h:10m:41s (0h:1m:10s left)
Merging part1.2+part2.2+part5.2 with BIC score: 22605.340 (LnL: -10905.439  df: 105)
 191 TIM3e+G4     22624.819   part1.2+part2.2+part5.1+part5.2	0h:10m:48s (0h:1m:7s left)
 192 TIM3e+G4     22620.781   part1.2+part2.2+part3.1+part3.2+part5.2	0h:10m:50s (0h:1m:4s left)
 193 TIM3e+G4     22641.802   part1.1+part1.2+part2.1+part2.2+part5.2	0h:10m:51s (0h:1m:0s left)
 194 K2P+G4       22819.517   part1.2+part1.3+part2.2+part3.3+part5.2+part5.3	0h:10m:53s (0h:0m:57s left)
 195 TPM2u+F+I+G4 23068.169   part1.2+part2.2+part2.3+part5.2	0h:10m:58s (0h:0m:54s left)
 196 K2P+I+G4     22861.669   part1.2+part2.2+part4.1+part4.2+part4.3+part5.2	0h:11m:0s (0h:0m:50s left)
Merging part1.1+part2.1+part5.1 with BIC score: 22604.338 (LnL: -10920.071  df: 101)
 197 TIM3e+G4     22642.613   part1.1+part1.2+part2.1+part2.2+part5.1+part5.2	0h:11m:7s (0h:0m:47s left)
 198 TIM+F+G4     22607.534   part1.1+part2.1+part3.1+part3.2+part5.1	0h:11m:8s (0h:0m:43s left)
 199 K3P+G4       22694.900   part1.1+part1.3+part2.1+part3.3+part5.1+part5.3	0h:11m:12s (0h:0m:40s left)
 200 K2P+G4       22746.763   part1.1+part2.1+part4.1+part4.2+part4.3+part5.1	0h:11m:16s (0h:0m:37s left)
 201 TIM+F+I+G4   22892.295   part1.1+part2.1+part2.3+part5.1	0h:11m:17s (0h:0m:33s left)
BEST-FIT PARTITION MODEL: 
  charpartition BIC = TIM+F+G4: part1.1 part2.1 part5.1, TIM3e+G4: part1.2 part2.2 part5.2, K2P+G4: part1.3 part3.3 part5.3, TPM3u+F+G4: part2.3, JC+I+G4: part3.1 part3.2, TIM3e+G4: part4.1 part4.2 part4.3;
Agglomerative model selection: (((part1.1,part2.1)7:22610,part5.1)9:22604.3,(part1.2,(part2.2,part5.2)5:22634.3)8:22605.3,((part1.3,part5.3)1:22720.1,part3.3)4:22650.5,part2.3,(part3.1,part3.2)3:22672,((part4.1,part4.2)2:22694.2,part4.3)6:22619.9)
Merging into 6 partitions...
Partition information was printed to 4_set91.best_scheme.nex
Partition information in Raxml format was printed to 4_set91.best_scheme

All model information printed to 4_set91.model.gz
CPU time for ModelFinder: 416.251 seconds (0h:6m:56s)
Wall-clock time for ModelFinder: 683.819 seconds (0h:11m:23s)
Generating 1000 samples for ultrafast bootstrap (seed: 725894)...

NOTE: 7 MB RAM (0 GB) is required!
Measuring multi-threading efficiency up to 8 CPU cores
Increase to 10 rounds for branch lengths
15 trees examined
Threads: 1 / Time: 8.196 sec / Speedup: 1.000 / Efficiency: 100% / LogL: -15986
Threads: 2 / Time: 20.636 sec / Speedup: 0.397 / Efficiency: 20% / LogL: -15986
BEST NUMBER OF THREADS: 1

Estimate model parameters (epsilon = 0.100)
Initial log-likelihood: -11850.706
Current log-likelihood at step 1: -11096.737
Current log-likelihood at step 2: -10952.814
Current log-likelihood at step 3: -10946.482
Current log-likelihood at step 4: -10939.046
Current log-likelihood at step 5: -10929.865
Current log-likelihood at step 6: -10928.195
Current log-likelihood at step 7: -10926.796
Current log-likelihood at step 8: -10925.605
Current log-likelihood at step 9: -10924.533
Current log-likelihood at step 10: -10923.578
Current log-likelihood at step 11: -10922.726
Current log-likelihood at step 12: -10921.960
Current log-likelihood at step 13: -10921.286
Current log-likelihood at step 14: -10920.686
Current log-likelihood at step 15: -10920.159
Current log-likelihood at step 16: -10919.683
Current log-likelihood at step 17: -10919.263
Current log-likelihood at step 18: -10918.892
Current log-likelihood at step 19: -10918.575
Current log-likelihood at step 20: -10918.294
Current log-likelihood at step 21: -10918.047
Current log-likelihood at step 22: -10917.843
Current log-likelihood at step 23: -10917.688
Current log-likelihood at step 24: -10917.547
Current log-likelihood at step 25: -10917.419
Current log-likelihood at step 26: -10917.304
Current log-likelihood at step 27: -10917.199
Current log-likelihood at step 28: -10917.104
Partition-specific rates:  0.404 0.200 1.123 3.041 0.277 1.571
Parameters optimization took 27 rounds (10.963 sec)

Computing ML distances based on estimated model parameters... 0.058 sec
WARNING: Some pairwise ML distances are too long (saturated)
Computing BIONJ tree...
0.012 seconds
Log-likelihood of BIONJ tree: -11160.446
--------------------------------------------------------------------
|             INITIALIZING CANDIDATE TREE SET                      |
--------------------------------------------------------------------
Generating 98 parsimony trees... 5.537 second
Computing log-likelihood of 98 initial trees ... 13.775 seconds
Current best score: -10914.820

Do NNI search on 20 best initial trees
Estimate model parameters (epsilon = 0.100)
Initial log-likelihood: -10913.856
Current log-likelihood at step 1: -10913.602
Current log-likelihood at step 2: -10913.516
Parameters optimization took 1 rounds (0.438 sec)

BETTER TREE FOUND at iteration 1: -10913.516
Estimate model parameters (epsilon = 0.100)
Initial log-likelihood: -10911.940
Current log-likelihood at step 1: -10911.693
Current log-likelihood at step 2: -10911.596
Parameters optimization took 1 rounds (0.495 sec)

BETTER TREE FOUND at iteration 3: -10911.596
UPDATE BEST LOG-LIKELIHOOD: -10911.591
Iteration 10 / LogL: -10911.605 / Time: 0h:1m:10s
Iteration 20 / LogL: -10950.162 / Time: 0h:1m:24s
Finish initializing candidate tree set (8)
Current best tree score: -10911.591 / CPU time: 43.743
Number of iterations: 20
--------------------------------------------------------------------
|               OPTIMIZING CANDIDATE TREE SET                      |
--------------------------------------------------------------------
Iteration 30 / LogL: -10914.465 / Time: 0h:1m:40s (0h:4m:11s left)
Iteration 40 / LogL: -10912.609 / Time: 0h:1m:55s (0h:3m:7s left)
Iteration 50 / LogL: -10912.602 / Time: 0h:2m:11s (0h:2m:22s left)
Log-likelihood cutoff on original alignment: -10988.275
Iteration 60 / LogL: -10913.915 / Time: 0h:2m:29s (0h:1m:49s left)
Iteration 70 / LogL: -10911.595 / Time: 0h:2m:45s (0h:1m:19s left)
Iteration 80 / LogL: -10913.885 / Time: 0h:3m:3s (0h:0m:53s left)
Iteration 90 / LogL: -10925.108 / Time: 0h:3m:25s (0h:0m:29s left)
UPDATE BEST LOG-LIKELIHOOD: -10911.591
Iteration 100 / LogL: -10912.602 / Time: 0h:3m:47s (0h:0m:6s left)
Log-likelihood cutoff on original alignment: -10988.275
NOTE: Bootstrap correlation coefficient of split occurrence frequencies: 0.999
TREE SEARCH COMPLETED AFTER 104 ITERATIONS / Time: 0h:3m:57s

--------------------------------------------------------------------
|                    FINALIZING TREE SEARCH                        |
--------------------------------------------------------------------
Performs final model parameters optimization
Estimate model parameters (epsilon = 0.010)
Initial log-likelihood: -10911.590
Current log-likelihood at step 1: -10911.480
Current log-likelihood at step 2: -10911.387
Current log-likelihood at step 3: -10911.304
Current log-likelihood at step 4: -10911.231
Current log-likelihood at step 5: -10911.167
Current log-likelihood at step 6: -10911.109
Current log-likelihood at step 7: -10911.058
Current log-likelihood at step 8: -10911.013
Current log-likelihood at step 9: -10910.974
Current log-likelihood at step 10: -10910.939
Current log-likelihood at step 11: -10910.907
Current log-likelihood at step 12: -10910.879
Current log-likelihood at step 13: -10910.855
Current log-likelihood at step 14: -10910.836
Current log-likelihood at step 15: -10910.819
Current log-likelihood at step 16: -10910.803
Current log-likelihood at step 17: -10910.788
Current log-likelihood at step 18: -10910.775
Current log-likelihood at step 19: -10910.763
Current log-likelihood at step 20: -10910.752
Current log-likelihood at step 21: -10910.741
Current log-likelihood at step 22: -10910.731
Partition-specific rates:  0.407 0.170 1.129 3.082 0.285 1.564
Parameters optimization took 21 rounds (5.784 sec)

BEST SCORE FOUND : -10910.731
Creating bootstrap support values...
Split supports printed to NEXUS file 4_set91.splits.nex
Total tree length: 1.143

Total number of iterations: 104
CPU time used for tree search: 51.793 sec (0h:0m:51s)
Wall-clock time used for tree search: 196.482 sec (0h:3m:16s)
Total CPU time used: 61.740 sec (0h:1m:1s)
Total wall-clock time used: 243.762 sec (0h:4m:3s)

Computing bootstrap consensus tree...
Reading input file 4_set91.splits.nex...
37 taxa and 186 splits.
Consensus tree written to 4_set91.contree
Reading input trees file 4_set91.contree
Log-likelihood of consensus tree: -10910.731

Analysis results written to: 
  IQ-TREE report:                4_set91.iqtree
  Maximum-likelihood tree:       4_set91.treefile
  Likelihood distances:          4_set91.mldist
  Best partitioning scheme:      4_set91.best_scheme.nex
           in RAxML format:      4_set91.best_scheme

Ultrafast bootstrap approximation results written to:
  Split support values:          4_set91.splits.nex
  Consensus tree:                4_set91.contree
  Screen log file:               4_set91.log

Date and Time: Fri Sep  7 05:21:29 2018
