IQ-TREE multicore version 1.6.7 for Mac OS X 64-bit built Aug 23 2018
Developed by Bui Quang Minh, Nguyen Lam Tung, Olga Chernomor,
Heiko Schmidt, Dominik Schrempf, Michael Woodhams.

Host:    meeps-mac-pro.staff.sydney.edu.au (AVX, 64 GB RAM)
Command: /Users/davidduchene/Desktop/Software/iqtree-1.6.7-MacOSX/bin/iqtree -s ../../../../marsupials/set31.fasta -m TESTMERGE -bb 1000 -q ../../../../marsupials/set31.nex -nt AUTO -pre 2_set31
Seed:    905581 (Using SPRNG - Scalable Parallel Random Number Generator)
Time:    Thu Sep  6 17:18:30 2018
Kernel:  AVX - auto-detect threads (8 CPU cores detected)

Reading partition model file ../../../../marsupials/set31.nex ...
Reading alignment file ../../../../marsupials/set31.fasta ... Fasta format detected
Alignment most likely contains DNA/RNA sequences
Alignment has 35 sequences with 2712 columns, 1155 distinct patterns
780 parsimony-informative, 332 singleton sites, 1600 constant sites
                                              Gap/Ambiguity  Composition  p-value
   1  Burramyidae_Burramys_parvus                    27.32%    passed     25.67%
   2  Notoryctidae_Notoryctes_typhlops               10.73%    passed     76.41%
   3  Vombatidae_Lasiorhinus_latifrons                2.29%    passed     54.98%
   4  Potoroidae_Bettongia_penicillata                0.41%    passed     86.54%
   5  Potoroidae_Bettongia_lesueur                    0.77%    passed     82.56%
   6  Dasyuridae_Dasyurus_maculatus                   1.95%    passed     83.32%
   7  Phalangeridae_Trichosurus_vulpecula             8.37%    passed     68.03%
   8  Phalangeridae_Spilocuscus_maculatus             1.18%    passed     98.13%
   9  Potoroidae_Aepyprymnus_rufescens                0.18%    passed     96.54%
  10  Peramelidae_Perameles_nasuta                    1.36%    passed     89.98%
  11  Phalangeridae_Strigocuscus_pelengensis          4.17%    passed     99.82%
  12  Dasyuridae_Phascogale_tapoatafa                 6.71%    passed     50.61%
  13  Dasyuridae_Sminthopsis_macroura                 0.22%    passed     91.41%
  14  Phalangeridae_Phalanger_orientalis              0.55%    passed     99.47%
  15  Acrobatidae_Acrobates_pygmaeus                  2.21%    passed     98.45%
  16  Dasyuridae_Phascogale_calura                    0.11%    passed     93.33%
  17  Dasyuridae_Sarcophilus_harrisii                 0.22%    passed     87.42%
  18  Dasyuridae_Planigale_tenuirostris               9.07%    passed     88.55%
  19  Peramelidae_Echymipera_kalubu                   0.48%    passed     99.40%
  20  Macropodidae_Dorcopsulus_vanheurni              0.81%    passed     83.31%
  21  Pseudochiridae_Pseudochirulus_forbesi           0.52%    passed     99.49%
  22  Didelphidae_Didelphis_virginiana                1.29%    passed     75.31%
  23  Marmosidae_Monodelphis_domestica                1.07%    passed     95.75%
  24  Dasyuridae_Antechinus_stuartii                  5.05%    passed     95.84%
  25  Hypsiprymnodontidae_Hypsiprymnodon_moschatus    0.22%    passed     92.77%
  26  Microbiotheriidae_Dromiciops_gliroides         31.27%    passed     35.09%
  27  Pseudochiridae_Petauroides_volans               3.32%    passed     99.31%
  28  Macropodidae_Wallabia_bicolor                   0.63%    passed     82.58%
  29  Pseudochiridae_Pseudocheirus_occidentalis       1.29%    passed     93.62%
  30  Tarsipedidae_Tarsipes_rostratus                 3.76%    passed     74.55%
  31  Acrobatidae_Distoechurus_pennatus               1.70%    passed     83.85%
  32  Phalangeridae_Phalanger_carmelitae              0.52%    passed     98.80%
  33  Peramelidae_Peroryctes_raffrayana               1.70%    passed     62.96%
  34  Dasyuridae_Dasyurus_geffroii                    0.96%    passed     94.41%
  35  Peramelidae_Perameles_gunnii                    0.92%    passed     97.93%
****  TOTAL                                           3.81%  0 sequences failed composition chi2 test (p-value<5%; df=3)
NOTE: No CharPartition defined, use all CharSets

Loading 15 partitions...
Subset	Type	Seqs	Sites	Infor	Invar	Model	Name
1		35	74	9	55	TESTMERGE	part1.1
2		35	74	10	59	TESTMERGE	part1.2
3		35	74	38	26	TESTMERGE	part1.3
4		35	235	51	149	TESTMERGE	part2.1
5		35	235	40	171	TESTMERGE	part2.2
6		35	235	112	78	TESTMERGE	part2.3
7		35	89	12	66	TESTMERGE	part3.1
8		35	89	9	76	TESTMERGE	part3.2
9		35	89	50	22	TESTMERGE	part3.3
10		33	243	15	213	TESTMERGE	part4.1
11		33	243	17	214	TESTMERGE	part4.2
12		33	243	166	43	TESTMERGE	part4.3
13		35	263	64	164	TESTMERGE	part5.1
14		35	263	47	197	TESTMERGE	part5.2
15		35	263	140	67	TESTMERGE	part5.3
Degree of missing data: 0.015
Info: multi-threading strategy over partitions



Create initial parsimony tree by phylogenetic likelihood library (PLL)... 0.008 seconds
NOTE: ModelFinder requires 12 MB RAM!
NUMBER OF THREADS FOR PARTITION FINDING: 8
Testing GTR+F+G on supermatrix...
GTR+F+G4 / LnL: -17345.687 / df: 76 / AIC: 34843.375 / AICc: 34847.817 / BIC: 35292.188
Selecting individual models for 15 charsets using BIC...
 No. Model        Score       Charset
   1 K2P+G4       1901.275    part3.3
   2 TN+F+G4      2966.869    part5.1
   3 K2P+G4       2623.236    part2.1
   4 HKY+F+I+G4   2383.371    part2.2
   5 K2P+I+G4     2375.007    part5.2
   6 K3Pu+F+G4    4137.403    part2.3
   7 TIM2+F+G4    5771.247    part4.3
   8 TIM2+F+G4    5572.739    part5.3
   9 K2P+G4       1338.930    part1.3
  10 TPM2u+F+I+G4 1436.027    part4.2	0h:0m:29s (0h:9m:47s left)
  11 K2P+I+G4     1388.657    part4.1	0h:0m:29s (0h:8m:56s left)
  12 TIM2e+G4     711.886     part3.1	0h:0m:30s (0h:8m:29s left)
  13 TNe+I+G4     572.802     part3.2	0h:0m:31s (0h:7m:57s left)
  14 TNe+G4       557.442     part1.1	0h:0m:31s (0h:7m:26s left)
  15 TPM2u+F+G4   519.113     part1.2	0h:0m:32s (0h:7m:4s left)
Full partition model BIC score: 34972.037 (LnL: -16952.401  df:135)
Merging models to increase model fit (about 211 total partition schemes)...
  16 K2P+I+G4     35016.066   part2.2+part5.3	0h:0m:42s (0h:8m:43s left)
  17 TIM2+F+G4    34938.196   part5.1+part5.3	0h:0m:44s (0h:8m:28s left)
  18 TIM2+F+G4    35011.555   part2.3+part5.3	0h:0m:46s (0h:8m:16s left)
  19 K2P+G4       34996.316   part2.1+part5.3	0h:0m:48s (0h:8m:5s left)
  20 TIM2+F+G4    34930.023   part4.3+part5.1	0h:0m:49s (0h:7m:51s left)
  21 TPM3+F+G4    35025.609   part2.1+part4.3	0h:0m:50s (0h:7m:37s left)
  22 K3P+G4       35048.355   part2.3+part4.3	0h:0m:50s (0h:7m:16s left)
  23 TIM2+F+G4    34939.968   part4.3+part5.3	0h:0m:51s (0h:7m:4s left)
  24 TIM2+F+I+G4  34995.707   part5.2+part5.3	0h:0m:55s (0h:7m:10s left)
  25 GTR+F+G4     35034.648   part2.3+part5.1	0h:0m:56s (0h:7m:0s left)
  26 TPM2+F+G4    34951.467   part3.3+part5.3	0h:0m:56s (0h:6m:43s left)
  27 TVMe+G4      35019.969   part2.1+part2.3	0h:0m:59s (0h:6m:44s left)
  28 K2P+I+G4     35053.849   part2.2+part4.3	0h:0m:59s (0h:6m:29s left)
  29 TPM2+F+G4    34964.624   part3.3+part4.3	0h:1m:2s (0h:6m:31s left)
  30 HKY+F+G4     35006.357   part2.2+part2.3	0h:1m:4s (0h:6m:27s left)
  31 K2P+G4       34954.325   part1.3+part5.3	0h:1m:7s (0h:6m:29s left)
  32 TN+F+G4      35009.914   part4.3+part5.2	0h:1m:7s (0h:6m:15s left)
  33 TPM2u+F+I+G4 35055.292   part4.1+part5.3	0h:1m:7s (0h:6m:4s left)
  34 TIM+F+G4     35031.380   part2.3+part5.2	0h:1m:8s (0h:5m:58s left)
  35 K2P+I+G4     35075.194   part4.2+part5.3	0h:1m:11s (0h:6m:0s left)
  36 TN+F+G4      34985.149   part1.3+part4.3	0h:1m:13s (0h:5m:55s left)
  37 TPM2u+F+G4   34982.378   part2.3+part3.3	0h:1m:15s (0h:5m:56s left)
  38 TPM2+F+G4    34966.612   part1.1+part5.3	0h:1m:17s (0h:5m:53s left)
  39 TPM2u+F+G4   34979.712   part3.1+part5.3	0h:1m:20s (0h:5m:53s left)
  40 K2P+G4       34967.447   part1.2+part5.3	0h:1m:22s (0h:5m:51s left)
  41 TIM2+F+I+G4  35100.704   part4.2+part4.3	0h:1m:26s (0h:5m:58s left)
  42 HKY+F+I+G4   35049.377   part4.1+part4.3	0h:1m:27s (0h:5m:50s left)
  43 K2P+G4       34986.441   part3.2+part5.3	0h:1m:28s (0h:5m:45s left)
  44 HKY+F+G4     34983.478   part3.1+part4.3	0h:1m:30s (0h:5m:44s left)
  45 K3Pu+F+G4    34975.628   part1.3+part2.3	0h:1m:33s (0h:5m:44s left)
  46 TPM2+F+G4    34971.181   part1.1+part4.3	0h:1m:33s (0h:5m:36s left)
  47 HKY+F+G4     34982.623   part1.2+part4.3	0h:1m:35s (0h:5m:32s left)
  48 TVM+F+G4     35100.718   part2.3+part4.1	0h:1m:36s (0h:5m:26s left)
  49 K2P+G4       34975.951   part2.1+part5.1	0h:1m:37s (0h:5m:21s left)
  50 TIM2+F+G4    35005.091   part2.3+part3.1	0h:1m:40s (0h:5m:24s left)
  51 HKY+F+I+G4   35002.895   part3.2+part4.3	0h:1m:40s (0h:5m:16s left)
  52 TIM+F+I+G4   35119.756   part2.3+part4.2	0h:1m:40s (0h:5m:8s left)
  53 K2P+I+G4     34987.107   part2.2+part5.1	0h:1m:44s (0h:5m:10s left)
  54 K3Pu+F+G4    34989.297   part1.1+part2.3	0h:1m:46s (0h:5m:9s left)
  55 TIM3e+I+G4   34981.470   part2.1+part2.2	0h:1m:47s (0h:5m:5s left)
  56 K3Pu+F+G4    34983.978   part1.2+part2.3	0h:1m:51s (0h:5m:7s left)
  57 K3Pu+F+G4    35006.300   part2.3+part3.2	0h:1m:51s (0h:5m:0s left)
  58 K2P+G4       34982.135   part2.1+part5.2	0h:1m:52s (0h:4m:56s left)
  59 TIM2+F+G4    34969.283   part3.3+part5.1	0h:1m:52s (0h:4m:50s left)
  60 TN+F+G4      34965.968   part5.1+part5.2	0h:1m:55s (0h:4m:49s left)
  61 K2P+G4       34982.801   part2.1+part3.3	0h:1m:56s (0h:4m:46s left)
  62 HKY+F+I+G4   34996.407   part2.2+part3.3	0h:1m:58s (0h:4m:44s left)
  63 TN+F+I+G4    34965.517   part2.2+part5.2	0h:1m:59s (0h:4m:41s left)
  64 K2P+G4       34985.293   part1.3+part2.1	0h:2m:1s (0h:4m:39s left)
  65 TN+F+G4      34980.813   part1.3+part5.1	0h:2m:2s (0h:4m:35s left)
  66 K2P+I+G4     34999.970   part2.1+part4.1	0h:2m:3s (0h:4m:31s left)
  67 K2P+I+G4     34977.822   part3.3+part5.2	0h:2m:5s (0h:4m:28s left)
  68 HKY+F+G4     35008.175   part4.1+part5.1	0h:2m:5s (0h:4m:23s left)
  69 K2P+I+G4     35030.473   part4.2+part5.1	0h:2m:6s (0h:4m:20s left)
  70 HKY+F+I+G4   35012.836   part2.1+part4.2	0h:2m:8s (0h:4m:17s left)
  71 TPM2u+F+G4   34975.276   part3.1+part5.1	0h:2m:9s (0h:4m:16s left)
  72 HKY+F+G4     34964.515   part1.1+part5.1	0h:2m:10s (0h:4m:12s left)
  73 HKY+F+I+G4   34994.754   part1.3+part2.2	0h:2m:11s (0h:4m:9s left)
  74 K2P+G4       34963.395   part2.1+part3.1	0h:2m:12s (0h:4m:4s left)
  75 K2P+G4       34963.126   part1.1+part2.1	0h:2m:13s (0h:4m:1s left)
  76 TN+F+G4      34971.652   part1.2+part5.1	0h:2m:15s (0h:3m:59s left)
  77 HKY+F+I+G4   34967.924   part2.2+part4.1	0h:2m:16s (0h:3m:57s left)
  78 K2P+G4       34957.705   part1.2+part2.1	0h:2m:17s (0h:3m:53s left)
  79 K2P+G4       34978.520   part1.3+part5.2	0h:2m:18s (0h:3m:52s left)
  80 K2P+G4       34974.497   part2.1+part3.2	0h:2m:19s (0h:3m:48s left)
  81 TN+F+G4      34981.268   part3.2+part5.1	0h:2m:19s (0h:3m:44s left)
  82 K2P+G4       34956.624   part1.3+part3.3	0h:2m:22s (0h:3m:44s left)
  83 TPM2+F+I+G4  34962.177   part2.2+part4.2	0h:2m:23s (0h:3m:41s left)
  84 K2P+I+G4     34968.712   part4.1+part5.2	0h:2m:25s (0h:3m:39s left)
  85 HKY+F+I+G4   34967.269   part2.2+part3.1	0h:2m:26s (0h:3m:37s left)
  86 HKY+F+I+G4   34962.632   part1.1+part2.2	0h:2m:28s (0h:3m:35s left)
  87 K2P+I+G4     34983.906   part4.2+part5.2	0h:2m:29s (0h:3m:33s left)
  88 K2P+I+G4     35018.180   part3.3+part4.1	0h:2m:30s (0h:3m:29s left)
  89 K2P+I+G4     34963.466   part3.1+part5.2	0h:2m:32s (0h:3m:28s left)
  90 TPM2u+F+I+G4 34948.987   part1.2+part2.2	0h:2m:34s (0h:3m:27s left)
  91 K2P+I+G4     35036.589   part3.3+part4.2	0h:2m:35s (0h:3m:24s left)
  92 K2P+I+G4     34956.732   part1.1+part5.2	0h:2m:36s (0h:3m:22s left)
  93 HKY+F+I+G4   34956.323   part2.2+part3.2	0h:2m:38s (0h:3m:21s left)
  94 TIM2e+G4     34975.783   part3.1+part3.3	0h:2m:41s (0h:3m:20s left)
  95 K2P+I+G4     34951.499   part1.2+part5.2	0h:2m:43s (0h:3m:19s left)
  96 K2P+I+G4     34956.363   part3.2+part5.2	0h:2m:43s (0h:3m:15s left)
  97 K2P+G4       34962.623   part1.1+part3.3	0h:2m:45s (0h:3m:14s left)
  98 K2P+I+G4     35022.409   part1.3+part4.1	0h:2m:46s (0h:3m:11s left)
  99 K2P+G4       34966.575   part1.2+part3.3	0h:2m:46s (0h:3m:8s left)
 100 K2P+I+G4     34983.838   part3.2+part3.3	0h:2m:48s (0h:3m:6s left)
 101 HKY+F+I+G4   34944.320   part4.1+part4.2	0h:2m:50s (0h:3m:5s left)
 102 TPM2u+F+I+G4 35038.575   part1.3+part4.2	0h:2m:51s (0h:3m:3s left)
 103 K3P+G4       34978.086   part1.3+part3.1	0h:2m:52s (0h:3m:0s left)
 104 K3P+G4       34966.767   part1.1+part1.3	0h:2m:54s (0h:2m:59s left)
 105 TPM2u+F+I+G4 34978.078   part3.1+part4.1	0h:2m:57s (0h:2m:59s left)
 106 K2P+G4       34968.160   part1.2+part1.3	0h:2m:58s (0h:2m:56s left)
 107 K2P+G4       34982.805   part1.3+part3.2	0h:2m:59s (0h:2m:54s left)
 108 HKY+F+I+G4   34967.651   part1.1+part4.1	0h:3m:0s (0h:2m:52s left)
 109 HKY+F+I+G4   34971.979   part3.1+part4.2	0h:3m:1s (0h:2m:50s left)
 110 K2P+I+G4     34954.112   part1.2+part4.1	0h:3m:2s (0h:2m:47s left)
 111 HKY+F+I+G4   34967.510   part1.1+part4.2	0h:3m:3s (0h:2m:45s left)
 112 TNe+I+G4     34947.351   part3.2+part4.1	0h:3m:5s (0h:2m:43s left)
 113 TPM2u+F+I+G4 34939.339   part1.2+part4.2	0h:3m:6s (0h:2m:41s left)
 114 TIMe+G4      34953.001   part1.1+part3.1	0h:3m:7s (0h:2m:39s left)
 115 TNe+G4       34960.682   part1.2+part3.1	0h:3m:8s (0h:2m:36s left)
 116 TIM2+F+I+G4  34956.823   part3.2+part4.2	0h:3m:8s (0h:2m:34s left)
 117 K2P+I+G4     34968.829   part3.1+part3.2	0h:3m:9s (0h:2m:32s left)
 118 TIM2e+G4     34960.365   part1.1+part1.2	0h:3m:10s (0h:2m:29s left)
 119 K2P+I+G4     34963.417   part1.1+part3.2	0h:3m:10s (0h:2m:27s left)
 120 TIM2e+I+G4   34953.973   part1.2+part3.2	0h:3m:10s (0h:2m:24s left)
Merging part4.3+part5.1 with BIC score: 34930.023 (LnL: -16955.110  df: 129)
 121 TIM2+F+G4    34927.619   part3.3+part4.3+part5.1	0h:3m:29s (0h:2m:36s left)
 122 TIM2+F+G4    34949.227   part1.3+part4.3+part5.1	0h:3m:31s (0h:2m:34s left)
 123 TPM2+F+G4    35008.270   part4.1+part4.3+part5.1	0h:3m:32s (0h:2m:32s left)
 124 TN+F+G4      34966.123   part4.3+part5.1+part5.2	0h:3m:33s (0h:2m:30s left)
 125 TN+F+I+G4    35033.089   part2.2+part4.3+part5.1	0h:3m:34s (0h:2m:27s left)
 126 TPM2+F+G4    34983.741   part2.1+part4.3+part5.1	0h:3m:35s (0h:2m:25s left)
 127 TIM2+F+G4    35048.915   part2.3+part4.3+part5.1	0h:3m:37s (0h:2m:24s left)
 128 TIM2+F+G4    34899.876   part4.3+part5.1+part5.3	0h:3m:38s (0h:2m:21s left)
 129 TPM2+F+G4    34932.633   part1.1+part4.3+part5.1	0h:3m:53s (0h:2m:28s left)
 130 TPM2+F+G4    34943.090   part3.1+part4.3+part5.1	0h:3m:53s (0h:2m:25s left)
 131 HKY+F+G4     35061.755   part4.2+part4.3+part5.1	0h:3m:53s (0h:2m:22s left)
 132 TN+F+G4      34946.851   part1.2+part4.3+part5.1	0h:3m:54s (0h:2m:20s left)
 133 TIM2+F+G4    34963.465   part3.2+part4.3+part5.1	0h:3m:54s (0h:2m:17s left)
Merging part1.2+part4.2 with BIC score: 34897.324 (LnL: -16962.477  df: 123)
 134 TPM2u+F+I+G4 34888.626   part1.2+part4.1+part4.2	0h:4m:5s (0h:2m:20s left)
 135 TPM2u+F+I+G4 34979.936   part1.2+part3.3+part4.2	0h:4m:6s (0h:2m:18s left)
 136 TPM2u+F+I+G4 34961.431   part1.2+part1.3+part4.2	0h:4m:7s (0h:2m:16s left)
 137 HKY+F+I+G4   34947.451   part1.2+part2.1+part4.2	0h:4m:7s (0h:2m:13s left)
 138 K2P+I+G4     34920.422   part1.2+part4.2+part5.2	0h:4m:8s (0h:2m:11s left)
 139 K2P+I+G4     35019.079   part1.2+part4.2+part5.3	0h:4m:11s (0h:2m:10s left)
 140 TPM2u+F+I+G4 34887.736   part1.2+part2.2+part4.2	0h:4m:12s (0h:2m:8s left)
 141 K3Pu+F+I+G4  35059.973   part1.2+part2.3+part4.2	0h:4m:13s (0h:2m:5s left)
 142 TPM2u+F+I+G4 34906.155   part1.2+part3.1+part4.2	0h:4m:20s (0h:2m:6s left)
 143 TPM2u+F+I+G4 34897.785   part1.1+part1.2+part4.2	0h:4m:21s (0h:2m:4s left)
 144 TPM2+F+I+G4  34883.350   part1.2+part3.2+part4.2	0h:4m:21s (0h:2m:1s left)
 145 HKY+F+G4     35057.976   part1.2+part4.2+part4.3+part5.1	0h:4m:27s (0h:2m:1s left)
Merging part4.3+part5.1+part5.3 with BIC score: 34867.178 (LnL: -16975.073  df: 116)
 146 TIM2+F+G4    34889.589   part3.1+part4.3+part5.1+part5.3	0h:4m:59s (0h:2m:13s left)
 147 TIM2+F+G4    34881.421   part1.3+part4.3+part5.1+part5.3	0h:5m:0s (0h:2m:10s left)
 148 TPM2u+F+I+G4 34967.902   part4.1+part4.3+part5.1+part5.3	0h:5m:1s (0h:2m:8s left)
 149 TIM2+F+G4    34858.374   part3.3+part4.3+part5.1+part5.3	0h:5m:1s (0h:2m:5s left)
 150 TIM2+F+I+G4  34911.376   part4.3+part5.1+part5.2+part5.3	0h:5m:3s (0h:2m:3s left)
 151 TIM2+F+I+G4  34989.666   part2.2+part4.3+part5.1+part5.3	0h:5m:3s (0h:2m:0s left)
 152 TPM2+F+G4    34936.327   part2.1+part4.3+part5.1+part5.3	0h:5m:4s (0h:1m:58s left)
 153 TIM2+F+G4    34980.531   part2.3+part4.3+part5.1+part5.3	0h:5m:6s (0h:1m:56s left)
 154 TIM2+F+G4    34874.446   part1.1+part4.3+part5.1+part5.3	0h:5m:25s (0h:2m:0s left)
 155 TIM2+F+G4    34905.263   part3.2+part4.3+part5.1+part5.3	0h:5m:26s (0h:1m:57s left)
 156 HKY+F+I+G4   35059.593   part1.2+part4.2+part4.3+part5.1+part5.3	0h:5m:27s (0h:1m:55s left)
Merging part3.2+part4.1 with BIC score: 34842.491 (LnL: -16974.588  df: 113)
 157 K2P+I+G4     34884.810   part2.1+part3.2+part4.1	0h:5m:36s (0h:1m:55s left)
 158 K2P+I+G4     34898.952   part3.2+part3.3+part4.1	0h:5m:36s (0h:1m:52s left)
 159 HKY+F+I+G4   34852.193   part3.1+part3.2+part4.1	0h:5m:36s (0h:1m:50s left)
 160 K2P+I+G4     34902.054   part1.3+part3.2+part4.1	0h:5m:36s (0h:1m:47s left)
 161 TNe+I+G4     34846.440   part3.2+part4.1+part5.2	0h:5m:37s (0h:1m:44s left)
 162 HKY+F+I+G4   34840.576   part2.2+part3.2+part4.1	0h:5m:37s (0h:1m:42s left)
 163 TPM2+F+G4    34997.135   part2.3+part3.2+part4.1	0h:5m:37s (0h:1m:39s left)
 164 HKY+F+I+G4   34841.198   part1.1+part3.2+part4.1	0h:5m:43s (0h:1m:38s left)
 165 TIM2+F+I+G4  34838.175   part1.2+part3.2+part4.1+part4.2	0h:5m:44s (0h:1m:36s left)
 166 TPM2u+F+I+G4 34986.819   part3.2+part4.1+part4.3+part5.1+part5.3	0h:5m:51s (0h:1m:35s left)
Merging part1.1+part3.1 with BIC score: 34823.455 (LnL: -16976.928  df: 110)
 167 K2P+I+G4     34818.461   part1.1+part3.1+part5.2	0h:6m:0s (0h:1m:34s left)
 168 K3P+G4       34833.203   part1.1+part1.3+part3.1	0h:6m:1s (0h:1m:32s left)
 169 HKY+F+I+G4   34825.926   part1.1+part2.2+part3.1	0h:6m:2s (0h:1m:30s left)
 170 K2P+G4       34824.498   part1.1+part2.1+part3.1	0h:6m:2s (0h:1m:27s left)
 171 TIM2+F+G4    34869.648   part1.1+part2.3+part3.1	0h:6m:4s (0h:1m:25s left)
 172 TPM3u+F+I+G4 34842.794   part1.1+part1.2+part3.1+part4.2	0h:6m:5s (0h:1m:22s left)
 173 HKY+F+I+G4   34835.577   part1.1+part3.1+part3.2+part4.1	0h:6m:6s (0h:1m:20s left)
 174 TIM2e+G4     34830.990   part1.1+part3.1+part3.3	0h:6m:9s (0h:1m:18s left)
 175 TPM2u+F+G4   34858.475   part1.1+part3.1+part4.3+part5.1+part5.3	0h:6m:19s (0h:1m:17s left)
Merging part1.3+part3.3 with BIC score: 34808.042 (LnL: -16977.127  df: 108)
 176 K2P+I+G4     34826.465   part1.3+part3.3+part5.2	0h:6m:29s (0h:1m:17s left)
 177 K2P+G4       34831.528   part1.3+part2.1+part3.3	0h:6m:31s (0h:1m:15s left)
 178 K2P+I+G4     34893.501   part1.3+part3.2+part3.3+part4.1	0h:6m:31s (0h:1m:12s left)
 179 K3P+G4       34821.438   part1.1+part1.3+part3.1+part3.3	0h:6m:32s (0h:1m:10s left)
 180 TPM2u+F+I+G4 34919.434   part1.2+part1.3+part3.3+part4.2	0h:6m:32s (0h:1m:7s left)
 181 HKY+F+I+G4   34847.677   part1.3+part2.2+part3.3	0h:6m:33s (0h:1m:5s left)
 182 HKY+F+G4     34824.702   part1.3+part2.3+part3.3	0h:6m:35s (0h:1m:3s left)
 183 TIM2+F+G4    34826.585   part1.3+part3.3+part4.3+part5.1+part5.3	0h:6m:46s (0h:1m:2s left)
Merging part1.2+part2.2+part4.2 with BIC score: 34798.454 (LnL: -16996.049  df: 102)
 184 TPM2u+F+I+G4 34806.869   part1.1+part1.2+part2.2+part3.1+part4.2	0h:6m:59s (0h:1m:1s left)
 185 TPM2u+F+I+G4 34796.115   part1.2+part2.2+part3.2+part4.1+part4.2	0h:7m:1s (0h:0m:59s left)
 186 HKY+F+I+G4   34831.965   part1.2+part2.1+part2.2+part4.2	0h:7m:2s (0h:0m:56s left)
 187 TPM2u+F+I+G4 34813.322   part1.2+part2.2+part4.2+part5.2	0h:7m:3s (0h:0m:54s left)
 188 TPM2u+F+I+G4 34893.224   part1.2+part1.3+part2.2+part3.3+part4.2	0h:7m:4s (0h:0m:51s left)
 189 TPM2u+F+I+G4 34939.824   part1.2+part2.2+part2.3+part4.2	0h:7m:4s (0h:0m:49s left)
 190 HKY+F+I+G4   35055.368   part1.2+part2.2+part4.2+part4.3+part5.1+part5.3	0h:7m:15s (0h:0m:48s left)
Merging part1.1+part3.1+part5.2 with BIC score: 34793.460 (LnL: -17009.363  df: 98)
 191 K2P+I+G4     34804.341   part1.1+part2.1+part3.1+part5.2	0h:7m:25s (0h:0m:46s left)
 192 K2P+I+G4     34799.197   part1.1+part3.1+part3.2+part4.1+part5.2	0h:7m:27s (0h:0m:44s left)
 193 K2P+I+G4     34815.323   part1.1+part1.3+part3.1+part3.3+part5.2	0h:7m:27s (0h:0m:41s left)
 194 TPM2+F+G4    34878.859   part1.1+part2.3+part3.1+part5.2	0h:7m:29s (0h:0m:39s left)
 195 HKY+F+I+G4   34815.365   part1.1+part1.2+part2.2+part3.1+part4.2+part5.2	0h:7m:31s (0h:0m:37s left)
 196 TIM2+F+I+G4  34874.232   part1.1+part3.1+part4.3+part5.1+part5.2+part5.3	0h:7m:44s (0h:0m:35s left)
Merging part1.2+part2.2+part3.2+part4.1+part4.2 with BIC score: 34791.120 (LnL: -17024.004  df: 94)
 197 HKY+F+I+G4   34809.318   part1.1+part1.2+part2.2+part3.1+part3.2+part4.1+part4.2+part5.2	0h:7m:59s (0h:0m:34s left)
 198 HKY+F+I+G4   34911.295   part1.2+part1.3+part2.2+part3.2+part3.3+part4.1+part4.2	0h:7m:59s (0h:0m:31s left)
 199 HKY+F+I+G4   34827.253   part1.2+part2.1+part2.2+part3.2+part4.1+part4.2	0h:8m:0s (0h:0m:28s left)
 200 HKY+F+I+G4   34982.477   part1.2+part2.2+part2.3+part3.2+part4.1+part4.2	0h:8m:1s (0h:0m:26s left)
 201 HKY+F+I+G4   35117.580   part1.2+part2.2+part3.2+part4.1+part4.2+part4.3+part5.1+part5.3	0h:8m:14s (0h:0m:24s left)
BEST-FIT PARTITION MODEL: 
  charpartition BIC = K2P+I+G4: part1.1 part3.1 part5.2, TPM2u+F+I+G4: part1.2 part2.2 part3.2 part4.1 part4.2, K2P+G4: part1.3 part3.3, K2P+G4: part2.1, K3Pu+F+G4: part2.3, TIM2+F+G4: part4.3 part5.1 part5.3;
Agglomerative model selection: (((part1.1,part3.1)5:34823.5,part5.2)8:34793.5,(((part1.2,part4.2)2:34897.3,part2.2)7:34798.5,(part3.2,part4.1)4:34842.5)9:34791.1,(part1.3,part3.3)6:34808,part2.1,part2.3,((part4.3,part5.1)1:34930,part5.3)3:34867.2)
Merging into 6 partitions...
Partition information was printed to 2_set31.best_scheme.nex
Partition information in Raxml format was printed to 2_set31.best_scheme

All model information printed to 2_set31.model.gz
CPU time for ModelFinder: 361.859 seconds (0h:6m:1s)
Wall-clock time for ModelFinder: 499.825 seconds (0h:8m:19s)
Generating 1000 samples for ultrafast bootstrap (seed: 905581)...

NOTE: 11 MB RAM (0 GB) is required!
Measuring multi-threading efficiency up to 8 CPU cores
Increase to 10 rounds for branch lengths
8 trees examined
Threads: 1 / Time: 8.373 sec / Speedup: 1.000 / Efficiency: 100% / LogL: -26661
Threads: 2 / Time: 26.260 sec / Speedup: 0.319 / Efficiency: 16% / LogL: -26661
BEST NUMBER OF THREADS: 1

Estimate model parameters (epsilon = 0.100)
Initial log-likelihood: -17949.173
Current log-likelihood at step 1: -17199.684
Current log-likelihood at step 2: -17024.574
Current log-likelihood at step 3: -17022.984
Current log-likelihood at step 4: -17021.571
Current log-likelihood at step 5: -17020.099
Current log-likelihood at step 6: -17018.557
Current log-likelihood at step 7: -17016.937
Current log-likelihood at step 8: -17015.229
Current log-likelihood at step 9: -17013.426
Current log-likelihood at step 10: -17011.519
Current log-likelihood at step 11: -17009.495
Current log-likelihood at step 12: -17007.344
Current log-likelihood at step 13: -17005.052
Current log-likelihood at step 14: -17002.606
Current log-likelihood at step 15: -16999.995
Current log-likelihood at step 16: -16997.209
Current log-likelihood at step 17: -16994.250
Current log-likelihood at step 18: -16991.137
Current log-likelihood at step 19: -16978.525
Current log-likelihood at step 20: -16978.521
Parameters optimization took 19 rounds (10.304 sec)

Computing ML distances based on estimated model parameters... 0.068 sec
Computing BIONJ tree...
0.008 seconds
Log-likelihood of BIONJ tree: -16994.578
--------------------------------------------------------------------
|             INITIALIZING CANDIDATE TREE SET                      |
--------------------------------------------------------------------
Generating 98 parsimony trees... 9.661 second
Computing log-likelihood of 98 initial trees ... 27.197 seconds
Current best score: -16978.521

Do NNI search on 20 best initial trees
Estimate model parameters (epsilon = 0.100)
Initial log-likelihood: -16976.412
Current log-likelihood at step 1: -16976.398
Parameters optimization took 0 rounds (0.243 sec)

BETTER TREE FOUND at iteration 1: -16976.398
Iteration 10 / LogL: -16976.402 / Time: 0h:1m:42s
Iteration 20 / LogL: -16978.254 / Time: 0h:2m:4s
Finish initializing candidate tree set (3)
Current best tree score: -16976.398 / CPU time: 76.315
Number of iterations: 20
--------------------------------------------------------------------
|               OPTIMIZING CANDIDATE TREE SET                      |
--------------------------------------------------------------------
Iteration 30 / LogL: -16983.938 / Time: 0h:2m:25s (0h:5m:56s left)
Iteration 40 / LogL: -16978.203 / Time: 0h:2m:47s (0h:4m:22s left)
Iteration 50 / LogL: -16985.415 / Time: 0h:3m:22s (0h:3m:30s left)
Log-likelihood cutoff on original alignment: -17009.309
Iteration 60 / LogL: -16984.050 / Time: 0h:3m:47s (0h:2m:37s left)
Iteration 70 / LogL: -16976.493 / Time: 0h:4m:13s (0h:1m:54s left)
Iteration 80 / LogL: -16978.249 / Time: 0h:4m:36s (0h:1m:13s left)
Iteration 90 / LogL: -16976.398 / Time: 0h:5m:0s (0h:0m:37s left)
Iteration 100 / LogL: -16976.474 / Time: 0h:5m:24s (0h:0m:3s left)
Log-likelihood cutoff on original alignment: -17009.309
NOTE: Bootstrap correlation coefficient of split occurrence frequencies: 1.000
TREE SEARCH COMPLETED AFTER 102 ITERATIONS / Time: 0h:5m:30s

--------------------------------------------------------------------
|                    FINALIZING TREE SEARCH                        |
--------------------------------------------------------------------
Performs final model parameters optimization
Estimate model parameters (epsilon = 0.010)
Initial log-likelihood: -16976.398
Current log-likelihood at step 1: -16976.396
Parameters optimization took 0 rounds (0.233 sec)

BEST SCORE FOUND : -16976.396
Creating bootstrap support values...
Split supports printed to NEXUS file 2_set31.splits.nex
Total tree length: 1.780

Total number of iterations: 102
CPU time used for tree search: 66.147 sec (0h:1m:6s)
Wall-clock time used for tree search: 282.272 sec (0h:4m:42s)
Total CPU time used: 73.302 sec (0h:1m:13s)
Total wall-clock time used: 331.337 sec (0h:5m:31s)

Computing bootstrap consensus tree...
Reading input file 2_set31.splits.nex...
35 taxa and 122 splits.
Consensus tree written to 2_set31.contree
Reading input trees file 2_set31.contree
Log-likelihood of consensus tree: -16976.396

Analysis results written to: 
  IQ-TREE report:                2_set31.iqtree
  Maximum-likelihood tree:       2_set31.treefile
  Likelihood distances:          2_set31.mldist
  Best partitioning scheme:      2_set31.best_scheme.nex
           in RAxML format:      2_set31.best_scheme

Ultrafast bootstrap approximation results written to:
  Split support values:          2_set31.splits.nex
  Consensus tree:                2_set31.contree
  Screen log file:               2_set31.log

Date and Time: Thu Sep  6 17:32:23 2018
