IQ-TREE multicore version 1.6.3 for Mac OS X 64-bit built Mar 22 2018
Developed by Bui Quang Minh, Nguyen Lam Tung, Olga Chernomor,
Heiko Schmidt, Dominik Schrempf, Michael Woodhams.

Host:    meeps-mac-pro.staff.sydney.edu.au (AVX, 64 GB RAM)
Command: /Users/davidduchene/Desktop/Software/iqtree-1.6.3-MacOSX/bin/iqtree -s ../../../../marsupials/set51.fasta -m TEST -bb 1000 -nt AUTO -pre 1_set51
Seed:    528535 (Using SPRNG - Scalable Parallel Random Number Generator)
Time:    Fri Jul 27 14:47:17 2018
Kernel:  AVX - auto-detect threads (8 CPU cores detected)

Reading alignment file ../../../../marsupials/set51.fasta ... Fasta format detected
Alignment most likely contains DNA/RNA sequences
Alignment has 37 sequences with 1917 columns, 1032 distinct patterns
654 parsimony-informative, 301 singleton sites, 962 constant sites
                                              Gap/Ambiguity  Composition  p-value
   1  Burramyidae_Burramys_parvus                     0.57%    passed     79.76%
   2  Thylacomyidae_Macrotis_lagotis1                87.22%    passed     20.97%
   3  Notoryctidae_Notoryctes_typhlops                8.97%    passed     60.58%
   4  Thylacomyidae_Macrotis_lagotis2                87.22%    passed     20.97%
   5  Vombatidae_Lasiorhinus_latifrons               13.77%    passed     84.22%
   6  Potoroidae_Bettongia_penicillata                0.26%    passed     98.43%
   7  Potoroidae_Bettongia_lesueur                    0.26%    passed     99.95%
   8  Dasyuridae_Dasyurus_maculatus                   1.36%    passed     93.87%
   9  Phalangeridae_Trichosurus_vulpecula             0.37%    passed     93.43%
  10  Phalangeridae_Spilocuscus_maculatus             0.57%    passed     96.73%
  11  Potoroidae_Aepyprymnus_rufescens                0.31%    passed     97.24%
  12  Peramelidae_Perameles_nasuta                    0.89%    passed     84.21%
  13  Phalangeridae_Strigocuscus_pelengensis          6.31%    passed     98.31%
  14  Dasyuridae_Phascogale_tapoatafa                 1.20%    passed     94.98%
  15  Dasyuridae_Sminthopsis_macroura                 9.70%    passed     84.22%
  16  Phalangeridae_Phalanger_orientalis              0.73%    passed     95.44%
  17  Acrobatidae_Acrobates_pygmaeus                  4.38%    passed     62.12%
  18  Dasyuridae_Phascogale_calura                    1.36%    passed     94.08%
  19  Dasyuridae_Sarcophilus_harrisii                 1.56%    passed     89.94%
  20  Dasyuridae_Planigale_tenuirostris              15.13%    passed     98.58%
  21  Peramelidae_Echymipera_kalubu                  14.35%    passed     79.12%
  22  Macropodidae_Dorcopsulus_vanheurni              0.99%    passed     99.24%
  23  Pseudochiridae_Pseudochirulus_forbesi           0.89%    passed     90.95%
  24  Didelphidae_Didelphis_virginiana                6.21%    passed     31.68%
  25  Marmosidae_Monodelphis_domestica                1.30%    passed     23.17%
  26  Dasyuridae_Antechinus_stuartii                 10.43%    passed     75.61%
  27  Hypsiprymnodontidae_Hypsiprymnodon_moschatus    0.47%    passed     92.32%
  28  Microbiotheriidae_Dromiciops_gliroides         12.62%    passed     62.66%
  29  Pseudochiridae_Petauroides_volans               3.18%    passed     95.67%
  30  Macropodidae_Wallabia_bicolor                   0.57%    passed     99.01%
  31  Pseudochiridae_Pseudocheirus_occidentalis       3.08%    passed     55.62%
  32  Tarsipedidae_Tarsipes_rostratus                 9.49%    passed     71.37%
  33  Acrobatidae_Distoechurus_pennatus              10.80%    passed     88.87%
  34  Phalangeridae_Phalanger_carmelitae              0.47%    passed     88.43%
  35  Peramelidae_Peroryctes_raffrayana               9.23%    passed     33.89%
  36  Dasyuridae_Dasyurus_geffroii                    1.51%    passed     88.49%
  37  Peramelidae_Perameles_gunnii                    1.41%    passed     80.29%
WARNING: 2 sequences contain more than 50% gaps/ambiguity
****  TOTAL                                           8.90%  0 sequences failed composition chi2 test (p-value<5%; df=3)
NOTE: Thylacomyidae_Macrotis_lagotis2 is identical to Thylacomyidae_Macrotis_lagotis1 but kept for subsequent analysis


Create initial parsimony tree by phylogenetic likelihood library (PLL)... 0.007 seconds
NOTE: ModelFinder requires 8 MB RAM!
ModelFinder will test 88 DNA models (sample size: 1917) ...
 No. Model         -LnL         df  AIC          AICc         BIC
Measuring multi-threading efficiency up to 8 CPU cores
Increase to 10 rounds for branch lengths
206 trees examined
Threads: 1 / Time: 8.002 sec / Speedup: 1.000 / Efficiency: 100% / LogL: -23127
Threads: 2 / Time: 6.630 sec / Speedup: 1.207 / Efficiency: 60% / LogL: -23127
Threads: 3 / Time: 7.640 sec / Speedup: 1.047 / Efficiency: 35% / LogL: -23127
BEST NUMBER OF THREADS: 2

  1  JC            15073.875    71  30289.749    30295.291    30684.404
  2  JC+I          14710.698    72  29565.397    29571.097    29965.610
  3  JC+G4         14615.350    72  29374.699    29380.400    29774.913
  4  JC+I+G4       14613.968    73  29373.937    29379.799    29779.708
  5  F81+F         15079.260    74  30306.520    30312.546    30717.850
  6  F81+F+I       14714.321    75  29578.642    29584.834    29995.531
  7  F81+F+G4      14617.770    75  29385.541    29391.733    29802.429
  8  F81+F+I+G4    14616.224    76  29384.449    29390.809    29806.896
  9  K2P           14565.506    72  29275.013    29280.714    29675.226
 10  K2P+I         14190.598    73  28527.196    28533.058    28932.968
 11  K2P+G4        14087.894    73  28321.789    28327.651    28727.561
 12  K2P+I+G4      14085.959    74  28319.918    28325.944    28731.248
 13  HKY+F         14575.576    75  29301.152    29307.344    29718.041
 14  HKY+F+I       14190.886    76  28533.772    28540.133    28956.220
 15  HKY+F+G4      14090.333    76  28332.665    28339.026    28755.113
 16  HKY+F+I+G4    14087.998    77  28329.996    28336.528    28758.002
 17  TNe           14565.428    73  29276.855    29282.717    29682.627
 18  TNe+I         14188.171    74  28524.341    28530.367    28935.671
 19  TNe+G4        14087.285    74  28322.570    28328.596    28733.900
 20  TNe+I+G4      14085.120    75  28320.240    28326.432    28737.129
 21  TN+F          14573.325    76  29298.651    29305.012    29721.098
 22  TN+F+I        14190.808    77  28535.617    28542.148    28963.622
 23  TN+F+G4       14089.222    77  28332.445    28338.977    28760.451
 24  TN+F+I+G4     14086.964    78  28329.929    28336.634    28763.493
 25  K3P           14558.109    73  29262.219    29268.081    29667.990
 26  K3P+I         14183.211    74  28514.422    28520.448    28925.752
 27  K3P+G4        14080.424    74  28308.848    28314.874    28720.179
 28  K3P+I+G4      14078.304    75  28306.609    28312.801    28723.498
 29  K3Pu+F        14567.922    76  29287.844    29294.205    29710.291
 30  K3Pu+F+I      14182.688    77  28519.376    28525.908    28947.382
 31  K3Pu+F+G4     14082.087    77  28318.173    28324.705    28746.179
 32  K3Pu+F+I+G4   14079.591    78  28315.182    28321.887    28748.746
 33  TPM2+F        14572.789    76  29297.577    29303.938    29720.024
 34  TPM2+F+I      14184.604    77  28523.208    28529.740    28951.214
 35  TPM2+F+G4     14083.423    77  28320.846    28327.378    28748.852
 36  TPM2+F+I+G4   14080.896    78  28317.792    28324.497    28751.356
 37  TPM2u+F       14572.788    76  29297.577    29303.938    29720.024
 38  TPM2u+F+I     14184.604    77  28523.208    28529.740    28951.214
 39  TPM2u+F+G4    14083.423    77  28320.846    28327.378    28748.852
 40  TPM2u+F+I+G4  14080.873    78  28317.746    28324.451    28751.310
 41  TPM3+F        14575.575    76  29303.151    29309.512    29725.598
 42  TPM3+F+I      14188.344    77  28530.687    28537.219    28958.693
 43  TPM3+F+G4     14088.675    77  28331.349    28337.881    28759.355
 44  TPM3+F+I+G4   14086.039    78  28328.079    28334.784    28761.643
 45  TPM3u+F       14575.575    76  29303.150    29309.511    29725.597
 46  TPM3u+F+I     14188.344    77  28530.688    28537.220    28958.694
 47  TPM3u+F+G4    14088.675    77  28331.349    28337.881    28759.355
 48  TPM3u+F+I+G4  14086.021    78  28328.043    28334.748    28761.607
 49  TIMe          14558.030    74  29264.060    29270.086    29675.390
 50  TIMe+I        14180.785    75  28511.571    28517.763    28928.460
 51  TIMe+G4       14079.815    75  28309.630    28315.822    28726.518
 52  TIMe+I+G4     14077.419    76  28306.837    28313.198    28729.285
 53  TIM+F         14565.674    77  29285.348    29291.880    29713.354
 54  TIM+F+I       14182.609    78  28521.218    28527.923    28954.783
 55  TIM+F+G4      14080.974    78  28317.949    28324.654    28751.513
 56  TIM+F+I+G4    14078.487    79  28314.974    28321.854    28754.096
 57  TIM2e         14563.624    74  29275.248    29281.274    29686.578
 58  TIM2e+I       14183.526    75  28517.053    28523.245    28933.941
 59  TIM2e+G4      14082.431    75  28314.862    28321.054    28731.751
 60  TIM2e+I+G4    14079.993    76  28311.985    28318.346    28734.432
 61  TIM2+F        14570.552    77  29295.104    29301.636    29723.110
 62  TIM2+F+I      14184.536    78  28525.073    28531.778    28958.637
 63  TIM2+F+G4     14082.263    78  28320.525    28327.230    28754.090
 64  TIM2+F+I+G4   14079.732    79  28317.463    28324.344    28756.586
 65  TIM3e         14565.193    74  29278.385    29284.412    29689.716
 66  TIM3e+I       14187.342    75  28524.685    28530.877    28941.573
 67  TIM3e+G4      14087.029    75  28324.059    28330.251    28740.947
 68  TIM3e+I+G4    14084.530    76  28321.060    28327.421    28743.507
 69  TIM3+F        14573.324    77  29300.649    29307.180    29728.654
 70  TIM3+F+I      14188.255    78  28532.509    28539.214    28966.074
 71  TIM3+F+G4     14087.623    78  28331.247    28337.952    28764.811
 72  TIM3+F+I+G4   14084.993    79  28327.986    28334.867    28767.109
 73  TVMe          14556.381    75  29262.762    29268.954    29679.651
 74  TVMe+I        14178.711    76  28509.421    28515.782    28931.868
 75  TVMe+G4       14076.211    76  28304.422    28310.783    28726.869
 76  TVMe+I+G4     14073.797    77  28301.594    28308.126    28729.600
 77  TVM+F         14565.640    78  29287.280    29293.985    29720.845
 78  TVM+F+I       14175.389    79  28508.777    28515.658    28947.900
 79  TVM+F+G4      14075.073    79  28308.147    28315.027    28747.269
 80  TVM+F+I+G4    14072.296    80  28304.592    28311.651    28749.274
 81  SYM           14556.295    76  29264.591    29270.952    29687.038
 82  SYM+I         14176.271    77  28506.543    28513.075    28934.549
 83  SYM+G4        14075.638    77  28305.276    28311.808    28733.282
 84  SYM+I+G4      14073.094    78  28302.187    28308.892    28735.751
 85  GTR+F         14563.405    79  29284.810    29291.690    29723.932
 86  GTR+F+I       14175.310    80  28510.620    28517.679    28955.302
 87  GTR+F+G4      14073.970    80  28307.939    28314.998    28752.621
 88  GTR+F+I+G4    14071.284    81  28304.569    28311.808    28754.809
Akaike Information Criterion:           TVMe+I+G4
Corrected Akaike Information Criterion: TVMe+I+G4
Bayesian Information Criterion:         K3P+G4
Best-fit model: K3P+G4 chosen according to BIC

All model information printed to 1_set51.model.gz
CPU time for ModelFinder: 42.355 seconds (0h:0m:42s)
Wall-clock time for ModelFinder: 27.818 seconds (0h:0m:27s)
Generating 1000 samples for ultrafast bootstrap (seed: 528535)...

NOTE: 8 MB RAM (0 GB) is required!
Measuring multi-threading efficiency up to 8 CPU cores
Increase to 10 rounds for branch lengths
78 trees examined
Threads: 1 / Time: 8.009 sec / Speedup: 1.000 / Efficiency: 100% / LogL: -21283
Threads: 2 / Time: 5.323 sec / Speedup: 1.505 / Efficiency: 75% / LogL: -21283
Threads: 3 / Time: 5.841 sec / Speedup: 1.371 / Efficiency: 46% / LogL: -21283
BEST NUMBER OF THREADS: 2

Estimate model parameters (epsilon = 0.100)
1. Initial log-likelihood: -14654.452
2. Current log-likelihood: -14445.616
3. Current log-likelihood: -14272.991
4. Current log-likelihood: -14081.347
5. Current log-likelihood: -14080.437
Optimal log-likelihood: -14080.424
Rate parameters:  A-C: 1.00000  A-G: 3.75981  A-T: 0.71256  C-G: 0.71256  C-T: 3.75981  G-T: 1.00000
Base frequencies:  A: 0.250  C: 0.250  G: 0.250  T: 0.250
Gamma shape alpha: 0.552
Parameters optimization took 5 rounds (0.336 sec)
Computing ML distances based on estimated model parameters... 0.029 sec
WARNING: Some pairwise ML distances are too long (saturated)
Computing BIONJ tree...
0.002 seconds
Log-likelihood of BIONJ tree: -14140.338
--------------------------------------------------------------------
|             INITIALIZING CANDIDATE TREE SET                      |
--------------------------------------------------------------------
Generating 98 parsimony trees... 0.726 second
Computing log-likelihood of 98 initial trees ... 1.801 seconds
Current best score: -14070.426

Do NNI search on 20 best initial trees
Estimate model parameters (epsilon = 0.100)
BETTER TREE FOUND at iteration 1: -14070.124
Iteration 10 / LogL: -14071.601 / Time: 0h:0m:51s
Iteration 20 / LogL: -14084.521 / Time: 0h:0m:52s
Finish initializing candidate tree set (6)
Current best tree score: -14070.124 / CPU time: 5.314
Number of iterations: 20
--------------------------------------------------------------------
|               OPTIMIZING CANDIDATE TREE SET                      |
--------------------------------------------------------------------
Iteration 30 / LogL: -14070.143 / Time: 0h:0m:55s (0h:1m:6s left)
Iteration 40 / LogL: -14070.143 / Time: 0h:0m:57s (0h:0m:46s left)
Iteration 50 / LogL: -14070.125 / Time: 0h:0m:59s (0h:0m:32s left)
Log-likelihood cutoff on original alignment: -14107.416
Iteration 60 / LogL: -14070.262 / Time: 0h:1m:1s (0h:0m:23s left)
Iteration 70 / LogL: -14072.228 / Time: 0h:1m:3s (0h:0m:16s left)
Iteration 80 / LogL: -14072.228 / Time: 0h:1m:5s (0h:0m:10s left)
Iteration 90 / LogL: -14070.186 / Time: 0h:1m:7s (0h:0m:4s left)
Iteration 100 / LogL: -14072.431 / Time: 0h:1m:9s (0h:0m:0s left)
Log-likelihood cutoff on original alignment: -14107.416
NOTE: Bootstrap correlation coefficient of split occurrence frequencies: 1.000
TREE SEARCH COMPLETED AFTER 102 ITERATIONS / Time: 0h:1m:10s

--------------------------------------------------------------------
|                    FINALIZING TREE SEARCH                        |
--------------------------------------------------------------------
Performs final model parameters optimization
Estimate model parameters (epsilon = 0.010)
1. Initial log-likelihood: -14070.124
Optimal log-likelihood: -14070.123
Rate parameters:  A-C: 1.00000  A-G: 3.75863  A-T: 0.71458  C-G: 0.71458  C-T: 3.75863  G-T: 1.00000
Base frequencies:  A: 0.250  C: 0.250  G: 0.250  T: 0.250
Gamma shape alpha: 0.550
Parameters optimization took 1 rounds (0.036 sec)
BEST SCORE FOUND : -14070.123
Creating bootstrap support values...
Split supports printed to NEXUS file 1_set51.splits.nex
Total tree length: 1.426

Total number of iterations: 102
CPU time used for tree search: 39.206 sec (0h:0m:39s)
Wall-clock time used for tree search: 23.189 sec (0h:0m:23s)
Total CPU time used: 112.007 sec (0h:1m:52s)
Total wall-clock time used: 70.900 sec (0h:1m:10s)

Computing bootstrap consensus tree...
Reading input file 1_set51.splits.nex...
37 taxa and 171 splits.
Consensus tree written to 1_set51.contree
Reading input trees file 1_set51.contree
Log-likelihood of consensus tree: -14070.673

Analysis results written to: 
  IQ-TREE report:                1_set51.iqtree
  Maximum-likelihood tree:       1_set51.treefile
  Likelihood distances:          1_set51.mldist

Ultrafast bootstrap approximation results written to:
  Split support values:          1_set51.splits.nex
  Consensus tree:                1_set51.contree
  Screen log file:               1_set51.log

Date and Time: Fri Jul 27 14:48:28 2018
