IQ-TREE multicore version 1.6.3 for Mac OS X 64-bit built Mar 22 2018
Developed by Bui Quang Minh, Nguyen Lam Tung, Olga Chernomor,
Heiko Schmidt, Dominik Schrempf, Michael Woodhams.

Host:    meeps-mac-pro.staff.sydney.edu.au (AVX, 64 GB RAM)
Command: /Users/davidduchene/Desktop/Software/iqtree-1.6.3-MacOSX/bin/iqtree -s ../../../../marsupials/set72.fasta -m TEST -bb 1000 -nt AUTO -pre 1_set72
Seed:    133395 (Using SPRNG - Scalable Parallel Random Number Generator)
Time:    Fri Jul 27 15:14:44 2018
Kernel:  AVX - auto-detect threads (8 CPU cores detected)

Reading alignment file ../../../../marsupials/set72.fasta ... Fasta format detected
Alignment most likely contains DNA/RNA sequences
Alignment has 35 sequences with 3327 columns, 1421 distinct patterns
887 parsimony-informative, 536 singleton sites, 1904 constant sites
                                              Gap/Ambiguity  Composition  p-value
   1  Burramyidae_Burramys_parvus                     0.36%    passed     96.02%
   2  Notoryctidae_Notoryctes_typhlops                5.26%    passed     73.33%
   3  Vombatidae_Lasiorhinus_latifrons                0.36%    passed     90.04%
   4  Potoroidae_Bettongia_penicillata                0.18%    passed     91.48%
   5  Potoroidae_Bettongia_lesueur                    0.99%    passed     95.54%
   6  Dasyuridae_Dasyurus_maculatus                   0.48%    passed     58.09%
   7  Phalangeridae_Trichosurus_vulpecula             0.27%    passed     81.93%
   8  Phalangeridae_Spilocuscus_maculatus             1.38%    passed     22.26%
   9  Potoroidae_Aepyprymnus_rufescens                0.24%    passed     82.64%
  10  Peramelidae_Perameles_nasuta                   14.31%    passed     88.42%
  11  Phalangeridae_Strigocuscus_pelengensis          1.71%    passed     74.95%
  12  Dasyuridae_Phascogale_tapoatafa                 0.66%    passed     58.28%
  13  Dasyuridae_Sminthopsis_macroura                50.35%    passed      6.11%
  14  Phalangeridae_Phalanger_orientalis              0.24%    passed     80.42%
  15  Acrobatidae_Acrobates_pygmaeus                  0.24%    passed     98.31%
  16  Dasyuridae_Phascogale_calura                    1.23%    passed     73.30%
  17  Dasyuridae_Sarcophilus_harrisii                 8.27%    passed     42.58%
  18  Dasyuridae_Planigale_tenuirostris               3.67%    passed     69.71%
  19  Peramelidae_Echymipera_kalubu                  14.91%    passed     15.64%
  20  Macropodidae_Dorcopsulus_vanheurni              0.36%    passed     90.61%
  21  Pseudochiridae_Pseudochirulus_forbesi           0.15%    passed     89.09%
  22  Didelphidae_Didelphis_virginiana               58.04%    failed      0.52%
  23  Marmosidae_Monodelphis_domestica               50.32%    failed      0.06%
  24  Dasyuridae_Antechinus_stuartii                  1.23%    passed     51.85%
  25  Hypsiprymnodontidae_Hypsiprymnodon_moschatus    0.15%    passed     96.22%
  26  Microbiotheriidae_Dromiciops_gliroides          1.50%    passed     79.33%
  27  Pseudochiridae_Petauroides_volans               0.42%    passed     81.25%
  28  Macropodidae_Wallabia_bicolor                   6.07%    passed     93.22%
  29  Pseudochiridae_Pseudocheirus_occidentalis       3.61%    passed     61.54%
  30  Tarsipedidae_Tarsipes_rostratus                 1.68%    passed     56.33%
  31  Acrobatidae_Distoechurus_pennatus               2.37%    passed     94.76%
  32  Phalangeridae_Phalanger_carmelitae              0.18%    passed     42.60%
  33  Peramelidae_Peroryctes_raffrayana              18.70%    passed     91.17%
  34  Dasyuridae_Dasyurus_geffroii                    6.94%    passed     32.93%
  35  Peramelidae_Perameles_gunnii                    1.26%    passed     80.66%
WARNING: 3 sequences contain more than 50% gaps/ambiguity
****  TOTAL                                           7.37%  2 sequences failed composition chi2 test (p-value<5%; df=3)


Create initial parsimony tree by phylogenetic likelihood library (PLL)... 0.007 seconds
NOTE: ModelFinder requires 11 MB RAM!
ModelFinder will test 88 DNA models (sample size: 3327) ...
 No. Model         -LnL         df  AIC          AICc         BIC
Measuring multi-threading efficiency up to 8 CPU cores
Increase to 10 rounds for branch lengths
210 trees examined
Threads: 1 / Time: 8.036 sec / Speedup: 1.000 / Efficiency: 100% / LogL: -32631
Threads: 2 / Time: 5.490 sec / Speedup: 1.464 / Efficiency: 73% / LogL: -32631
Threads: 3 / Time: 4.890 sec / Speedup: 1.644 / Efficiency: 55% / LogL: -32631
Threads: 4 / Time: 4.555 sec / Speedup: 1.764 / Efficiency: 44% / LogL: -32631
BEST NUMBER OF THREADS: 3

  1  JC            20174.102    67  40482.205    40485.001    40891.563
  2  JC+I          19851.817    68  39839.634    39842.515    40255.102
  3  JC+G4         19794.752    68  39725.504    39728.384    40140.972
  4  JC+I+G4       19796.840    69  39731.680    39734.646    40153.258
  5  F81+F         20153.943    70  40447.887    40450.940    40875.575
  6  F81+F+I       19834.520    71  39811.040    39814.181    40244.838
  7  F81+F+G4      19777.460    71  39696.921    39700.062    40130.718
  8  F81+F+I+G4    19779.397    72  39702.793    39706.024    40142.701
  9  K2P           19495.367    68  39126.735    39129.615    39542.203
 10  K2P+I         19160.489    69  38458.977    38461.943    38880.555
 11  K2P+G4        19100.558    69  38339.115    38342.081    38760.693
 12  K2P+I+G4      19102.038    70  38344.077    38347.130    38771.765
 13  HKY+F         19477.912    71  39097.824    39100.965    39531.622
 14  HKY+F+I       19144.901    72  38433.802    38437.032    38873.709
 15  HKY+F+G4      19086.128    72  38316.256    38319.486    38756.163
 16  HKY+F+I+G4    19087.433    73  38320.867    38324.188    38766.884
 17  TNe           19494.881    69  39127.762    39130.728    39549.340
 18  TNe+I         19160.448    70  38460.897    38463.949    38888.585
 19  TNe+G4        19100.542    70  38341.083    38344.136    38768.771
 20  TNe+I+G4      19101.901    71  38345.802    38348.943    38779.600
 21  TN+F          19473.195    72  39090.389    39093.620    39530.297
 22  TN+F+I        19143.232    73  38432.464    38435.786    38878.482
 23  TN+F+G4       19083.454    73  38312.908    38316.229    38758.925
 24  TN+F+I+G4     19084.786    74  38317.573    38320.986    38769.700
 25  K3P           19495.091    69  39128.183    39131.149    39549.761
 26  K3P+I         19160.202    70  38460.404    38463.457    38888.092
 27  K3P+G4        19100.280    70  38340.561    38343.614    38768.249
 28  K3P+I+G4      19101.505    71  38345.009    38348.150    38778.807
 29  K3Pu+F        19477.620    72  39099.239    39102.470    39539.147
 30  K3Pu+F+I      19144.660    73  38435.320    38438.641    38881.337
 31  K3Pu+F+G4     19085.898    73  38317.797    38321.118    38763.814
 32  K3Pu+F+I+G4   19086.966    74  38321.933    38325.346    38774.060
 33  TPM2+F        19477.769    72  39099.538    39102.768    39539.445
 34  TPM2+F+I      19144.385    73  38434.771    38438.092    38880.788
 35  TPM2+F+G4     19085.528    73  38317.055    38320.377    38763.073
 36  TPM2+F+I+G4   19086.567    74  38321.135    38324.548    38773.262
 37  TPM2u+F       19477.769    72  39099.538    39102.768    39539.445
 38  TPM2u+F+I     19144.385    73  38434.771    38438.092    38880.788
 39  TPM2u+F+G4    19085.528    73  38317.055    38320.377    38763.073
 40  TPM2u+F+I+G4  19086.519    74  38321.038    38324.452    38773.166
 41  TPM3+F        19476.671    72  39097.342    39100.573    39537.250
 42  TPM3+F+I      19144.818    73  38435.637    38438.958    38881.654
 43  TPM3+F+G4     19086.086    73  38318.173    38321.494    38764.190
 44  TPM3+F+I+G4   19087.022    74  38322.044    38325.457    38774.171
 45  TPM3u+F       19476.671    72  39097.341    39100.572    39537.249
 46  TPM3u+F+I     19144.818    73  38435.637    38438.958    38881.654
 47  TPM3u+F+G4    19086.086    73  38318.173    38321.494    38764.190
 48  TPM3u+F+I+G4  19086.979    74  38321.957    38325.370    38774.084
 49  TIMe          19494.606    70  39129.212    39132.265    39556.900
 50  TIMe+I        19160.162    71  38462.324    38465.465    38896.122
 51  TIMe+G4       19100.262    71  38342.523    38345.664    38776.321
 52  TIMe+I+G4     19101.204    72  38346.409    38349.639    38786.316
 53  TIM+F         19472.904    73  39091.808    39095.129    39537.825
 54  TIM+F+I       19142.993    74  38433.987    38437.400    38886.114
 55  TIM+F+G4      19083.226    74  38314.453    38317.866    38766.580
 56  TIM+F+I+G4    19084.151    75  38318.301    38321.808    38776.538
 57  TIM2e         19493.904    70  39127.808    39130.861    39555.496
 58  TIM2e+I       19158.150    71  38458.300    38461.441    38892.098
 59  TIM2e+G4      19097.784    71  38337.568    38340.709    38771.366
 60  TIM2e+I+G4    19098.678    72  38341.357    38344.587    38781.264
 61  TIM2+F        19473.059    73  39092.118    39095.439    39538.136
 62  TIM2+F+I      19142.721    74  38433.442    38436.855    38885.569
 63  TIM2+F+G4     19082.836    74  38313.672    38317.085    38765.799
 64  TIM2+F+I+G4   19083.697    75  38317.395    38320.902    38775.632
 65  TIM3e         19493.945    70  39127.890    39130.943    39555.578
 66  TIM3e+I       19160.425    71  38462.850    38465.991    38896.648
 67  TIM3e+G4      19100.537    71  38343.075    38346.216    38776.872
 68  TIM3e+I+G4    19101.327    72  38346.653    38349.884    38786.561
 69  TIM3+F        19471.949    73  39089.899    39093.220    39535.916
 70  TIM3+F+I      19143.157    74  38434.315    38437.728    38886.442
 71  TIM3+F+G4     19083.407    74  38314.813    38318.227    38766.940
 72  TIM3+F+I+G4   19084.187    75  38318.375    38321.881    38776.612
 73  TVMe          19493.248    71  39128.496    39131.637    39562.294
 74  TVMe+I        19157.959    72  38459.919    38463.149    38899.826
 75  TVMe+G4       19097.594    72  38339.188    38342.419    38779.096
 76  TVMe+I+G4     19098.323    73  38342.646    38345.968    38788.664
 77  TVM+F         19476.316    74  39100.632    39104.045    39552.759
 78  TVM+F+I       19144.111    75  38438.222    38441.728    38896.459
 79  TVM+F+G4      19085.296    75  38320.592    38324.099    38778.829
 80  TVM+F+I+G4    19085.898    76  38323.796    38327.398    38788.143
 81  SYM           19492.761    72  39129.522    39132.752    39569.429
 82  SYM+I         19157.913    73  38461.827    38465.148    38907.844
 83  SYM+G4        19097.587    73  38341.173    38344.495    38787.191
 84  SYM+I+G4      19098.257    74  38344.513    38347.927    38796.641
 85  GTR+F         19471.623    75  39093.245    39096.752    39551.482
 86  GTR+F+I       19142.445    76  38436.890    38440.491    38901.237
 87  GTR+F+G4      19082.605    76  38317.211    38320.812    38781.558
 88  GTR+F+I+G4    19083.257    77  38320.514    38324.211    38790.970
Akaike Information Criterion:           TN+F+G4
Corrected Akaike Information Criterion: TN+F+G4
Bayesian Information Criterion:         HKY+F+G4
Best-fit model: HKY+F+G4 chosen according to BIC

All model information printed to 1_set72.model.gz
CPU time for ModelFinder: 57.536 seconds (0h:0m:57s)
Wall-clock time for ModelFinder: 27.743 seconds (0h:0m:27s)
Generating 1000 samples for ultrafast bootstrap (seed: 133395)...

NOTE: 11 MB RAM (0 GB) is required!
Measuring multi-threading efficiency up to 8 CPU cores
Increase to 10 rounds for branch lengths
73 trees examined
Threads: 1 / Time: 8.107 sec / Speedup: 1.000 / Efficiency: 100% / LogL: -30382
Threads: 2 / Time: 5.137 sec / Speedup: 1.578 / Efficiency: 79% / LogL: -30382
Threads: 3 / Time: 4.819 sec / Speedup: 1.682 / Efficiency: 56% / LogL: -30382
Threads: 4 / Time: 4.450 sec / Speedup: 1.822 / Efficiency: 46% / LogL: -30382
BEST NUMBER OF THREADS: 3

Estimate model parameters (epsilon = 0.100)
1. Initial log-likelihood: -19805.917
2. Current log-likelihood: -19586.413
3. Current log-likelihood: -19503.755
4. Current log-likelihood: -19414.192
5. Current log-likelihood: -19308.226
6. Current log-likelihood: -19087.183
7. Current log-likelihood: -19086.135
Optimal log-likelihood: -19086.128
Rate parameters:  A-C: 1.00000  A-G: 4.66299  A-T: 1.00000  C-G: 1.00000  C-T: 4.66299  G-T: 1.00000
Base frequencies:  A: 0.280  C: 0.234  G: 0.246  T: 0.240
Gamma shape alpha: 0.601
Parameters optimization took 7 rounds (0.326 sec)
Computing ML distances based on estimated model parameters... 0.031 sec
Computing BIONJ tree...
0.002 seconds
Log-likelihood of BIONJ tree: -19130.371
--------------------------------------------------------------------
|             INITIALIZING CANDIDATE TREE SET                      |
--------------------------------------------------------------------
Generating 98 parsimony trees... 0.793 second
Computing log-likelihood of 98 initial trees ... 2.084 seconds
Current best score: -19086.035

Do NNI search on 20 best initial trees
Estimate model parameters (epsilon = 0.100)
BETTER TREE FOUND at iteration 1: -19086.017
Estimate model parameters (epsilon = 0.100)
BETTER TREE FOUND at iteration 3: -19085.246
Iteration 10 / LogL: -19085.650 / Time: 0h:0m:55s
Iteration 20 / LogL: -19085.434 / Time: 0h:0m:58s
Finish initializing candidate tree set (6)
Current best tree score: -19085.246 / CPU time: 7.969
Number of iterations: 20
--------------------------------------------------------------------
|               OPTIMIZING CANDIDATE TREE SET                      |
--------------------------------------------------------------------
Iteration 30 / LogL: -19086.045 / Time: 0h:1m:1s (0h:1m:24s left)
Iteration 40 / LogL: -19087.363 / Time: 0h:1m:3s (0h:0m:58s left)
Iteration 50 / LogL: -19086.045 / Time: 0h:1m:6s (0h:0m:41s left)
Log-likelihood cutoff on original alignment: -19117.253
Iteration 60 / LogL: -19089.305 / Time: 0h:1m:8s (0h:0m:29s left)
Iteration 70 / LogL: -19086.714 / Time: 0h:1m:11s (0h:0m:20s left)
Iteration 80 / LogL: -19085.246 / Time: 0h:1m:14s (0h:0m:13s left)
Iteration 90 / LogL: -19087.762 / Time: 0h:1m:16s (0h:0m:7s left)
Iteration 100 / LogL: -19085.261 / Time: 0h:1m:19s (0h:0m:1s left)
Log-likelihood cutoff on original alignment: -19117.132
NOTE: Bootstrap correlation coefficient of split occurrence frequencies: 0.999
TREE SEARCH COMPLETED AFTER 104 ITERATIONS / Time: 0h:1m:20s

--------------------------------------------------------------------
|                    FINALIZING TREE SEARCH                        |
--------------------------------------------------------------------
Performs final model parameters optimization
Estimate model parameters (epsilon = 0.010)
1. Initial log-likelihood: -19085.246
Optimal log-likelihood: -19085.246
Rate parameters:  A-C: 1.00000  A-G: 4.67288  A-T: 1.00000  C-G: 1.00000  C-T: 4.67288  G-T: 1.00000
Base frequencies:  A: 0.280  C: 0.234  G: 0.246  T: 0.240
Gamma shape alpha: 0.601
Parameters optimization took 1 rounds (0.030 sec)
BEST SCORE FOUND : -19085.246
Creating bootstrap support values...
Split supports printed to NEXUS file 1_set72.splits.nex
Total tree length: 0.947

Total number of iterations: 104
CPU time used for tree search: 65.800 sec (0h:1m:5s)
Wall-clock time used for tree search: 29.893 sec (0h:0m:29s)
Total CPU time used: 165.950 sec (0h:2m:45s)
Total wall-clock time used: 80.882 sec (0h:1m:20s)

Computing bootstrap consensus tree...
Reading input file 1_set72.splits.nex...
35 taxa and 116 splits.
Consensus tree written to 1_set72.contree
Reading input trees file 1_set72.contree
Log-likelihood of consensus tree: -19085.246

Analysis results written to: 
  IQ-TREE report:                1_set72.iqtree
  Maximum-likelihood tree:       1_set72.treefile
  Likelihood distances:          1_set72.mldist

Ultrafast bootstrap approximation results written to:
  Split support values:          1_set72.splits.nex
  Consensus tree:                1_set72.contree
  Screen log file:               1_set72.log

Date and Time: Fri Jul 27 15:16:05 2018
