IQ-TREE multicore version 1.6.3 for Mac OS X 64-bit built Mar 22 2018
Developed by Bui Quang Minh, Nguyen Lam Tung, Olga Chernomor,
Heiko Schmidt, Dominik Schrempf, Michael Woodhams.

Host:    meeps-mac-pro.staff.sydney.edu.au (AVX, 64 GB RAM)
Command: /Users/davidduchene/Desktop/Software/iqtree-1.6.3-MacOSX/bin/iqtree -s ../../../../marsupials/set128.fasta -m TEST -bb 1000 -nt AUTO -pre 1_set128
Seed:    311598 (Using SPRNG - Scalable Parallel Random Number Generator)
Time:    Fri Jul 27 16:25:23 2018
Kernel:  AVX - auto-detect threads (8 CPU cores detected)

Reading alignment file ../../../../marsupials/set128.fasta ... Fasta format detected
Alignment most likely contains DNA/RNA sequences
Alignment has 35 sequences with 4713 columns, 1498 distinct patterns
1131 parsimony-informative, 618 singleton sites, 2964 constant sites
                                              Gap/Ambiguity  Composition  p-value
   1  Burramyidae_Burramys_parvus                     0.62%    passed     99.00%
   2  Notoryctidae_Notoryctes_typhlops                0.55%    passed     33.67%
   3  Vombatidae_Lasiorhinus_latifrons                0.04%    passed     58.14%
   4  Potoroidae_Bettongia_penicillata                0.02%    passed     88.27%
   5  Potoroidae_Bettongia_lesueur                    0.02%    passed     91.07%
   6  Dasyuridae_Dasyurus_maculatus                   0.00%    passed     22.16%
   7  Phalangeridae_Trichosurus_vulpecula             0.38%    failed      3.41%
   8  Phalangeridae_Spilocuscus_maculatus             0.11%    failed      1.73%
   9  Potoroidae_Aepyprymnus_rufescens                0.17%    passed     97.63%
  10  Peramelidae_Perameles_nasuta                    3.67%    passed     56.18%
  11  Phalangeridae_Strigocuscus_pelengensis          0.72%    passed     26.16%
  12  Dasyuridae_Phascogale_tapoatafa                 0.04%    passed     30.89%
  13  Dasyuridae_Sminthopsis_macroura                 0.11%    passed     19.04%
  14  Phalangeridae_Phalanger_orientalis              0.72%    passed      7.55%
  15  Acrobatidae_Acrobates_pygmaeus                  0.45%    passed     78.93%
  16  Dasyuridae_Phascogale_calura                    0.04%    passed     21.95%
  17  Dasyuridae_Sarcophilus_harrisii                 0.66%    passed     18.21%
  18  Dasyuridae_Planigale_tenuirostris               3.56%    passed     21.27%
  19  Peramelidae_Echymipera_kalubu                   0.00%    passed     28.12%
  20  Macropodidae_Dorcopsulus_vanheurni              0.11%    passed     96.60%
  21  Pseudochiridae_Pseudochirulus_forbesi           0.06%    passed     31.02%
  22  Didelphidae_Didelphis_virginiana               56.63%    failed      0.47%
  23  Marmosidae_Monodelphis_domestica               56.44%    failed      0.13%
  24  Dasyuridae_Antechinus_stuartii                  0.15%    passed     13.64%
  25  Hypsiprymnodontidae_Hypsiprymnodon_moschatus    0.04%    passed     93.45%
  26  Microbiotheriidae_Dromiciops_gliroides          1.29%    passed     33.09%
  27  Pseudochiridae_Petauroides_volans               0.17%    passed     15.40%
  28  Macropodidae_Wallabia_bicolor                   0.30%    passed     99.07%
  29  Pseudochiridae_Pseudocheirus_occidentalis       7.21%    passed      7.42%
  30  Tarsipedidae_Tarsipes_rostratus                 0.25%    passed     34.19%
  31  Acrobatidae_Distoechurus_pennatus               0.17%    passed     97.12%
  32  Phalangeridae_Phalanger_carmelitae              0.02%    passed     20.35%
  33  Peramelidae_Peroryctes_raffrayana               5.92%    passed     80.59%
  34  Dasyuridae_Dasyurus_geffroii                    0.02%    passed     20.15%
  35  Peramelidae_Perameles_gunnii                    0.04%    passed     23.22%
WARNING: 2 sequences contain more than 50% gaps/ambiguity
****  TOTAL                                           4.02%  4 sequences failed composition chi2 test (p-value<5%; df=3)


Create initial parsimony tree by phylogenetic likelihood library (PLL)... 0.005 seconds
NOTE: ModelFinder requires 12 MB RAM!
ModelFinder will test 88 DNA models (sample size: 4713) ...
 No. Model         -LnL         df  AIC          AICc         BIC
Measuring multi-threading efficiency up to 8 CPU cores
Increase to 10 rounds for branch lengths
216 trees examined
Threads: 1 / Time: 8.047 sec / Speedup: 1.000 / Efficiency: 100% / LogL: -43843
Threads: 2 / Time: 5.775 sec / Speedup: 1.393 / Efficiency: 70% / LogL: -43843
Threads: 3 / Time: 4.932 sec / Speedup: 1.631 / Efficiency: 54% / LogL: -43843
Threads: 4 / Time: 4.729 sec / Speedup: 1.702 / Efficiency: 43% / LogL: -43843
BEST NUMBER OF THREADS: 3

  1  JC            27848.169    67  55830.337    55832.299    56263.029
  2  JC+I          27086.306    68  54308.612    54310.632    54747.761
  3  JC+G4         26956.310    68  54048.621    54050.641    54487.770
  4  JC+I+G4       26939.867    69  54017.735    54019.815    54463.342
  5  F81+F         27810.311    70  55760.622    55762.763    56212.687
  6  F81+F+I       27054.152    71  54250.305    54252.508    54708.828
  7  F81+F+G4      26922.834    71  53987.667    53989.870    54446.191
  8  F81+F+I+G4    26906.246    72  53956.492    53958.758    54421.474
  9  K2P           26536.312    68  53208.625    53210.646    53647.774
 10  K2P+I         25746.905    69  51631.811    51633.891    52077.418
 11  K2P+G4        25608.046    69  51354.091    51356.172    51799.699
 12  K2P+I+G4      25588.833    70  51317.666    51319.807    51769.731
 13  HKY+F         26510.814    71  53163.629    53165.832    53622.152
 14  HKY+F+I       25722.083    72  51588.167    51590.432    52053.149
 15  HKY+F+G4      25580.828    72  51305.656    51307.921    51770.637
 16  HKY+F+I+G4    25560.843    73  51267.686    51270.015    51739.126
 17  TNe           26535.001    69  53208.001    53210.082    53653.609
 18  TNe+I         25746.873    70  51633.746    51635.887    52085.812
 19  TNe+G4        25608.046    70  51356.092    51358.233    51808.158
 20  TNe+I+G4      25588.829    71  51319.658    51321.861    51778.182
 21  TN+F          26495.817    72  53135.634    53137.899    53600.616
 22  TN+F+I        25715.751    73  51577.502    51579.831    52048.942
 23  TN+F+G4       25574.376    73  51294.751    51297.080    51766.191
 24  TN+F+I+G4     25554.756    74  51257.511    51259.904    51735.409
 25  K3P           26532.991    69  53203.983    53206.063    53649.590
 26  K3P+I         25743.343    70  51626.687    51628.828    52078.752
 27  K3P+G4        25604.588    70  51349.175    51351.317    51801.241
 28  K3P+I+G4      25585.400    71  51312.800    51315.003    51771.324
 29  K3Pu+F        26507.439    72  53158.879    53161.144    53623.861
 30  K3Pu+F+I      25718.657    73  51583.315    51585.644    52054.755
 31  K3Pu+F+G4     25577.500    73  51300.999    51303.328    51772.439
 32  K3Pu+F+I+G4   25557.541    74  51263.082    51265.475    51740.980
 33  TPM2+F        26508.357    72  53160.714    53162.980    53625.696
 34  TPM2+F+I      25718.374    73  51582.747    51585.076    52054.187
 35  TPM2+F+G4     25577.899    73  51301.798    51304.127    51773.238
 36  TPM2+F+I+G4   25558.045    74  51264.090    51266.483    51741.988
 37  TPM2u+F       26508.361    72  53160.722    53162.987    53625.704
 38  TPM2u+F+I     25718.375    73  51582.750    51585.079    52054.190
 39  TPM2u+F+G4    25577.898    73  51301.797    51304.126    51773.237
 40  TPM2u+F+I+G4  25558.045    74  51264.090    51266.483    51741.988
 41  TPM3+F        26507.893    72  53159.786    53162.051    53624.768
 42  TPM3+F+I      25720.223    73  51586.446    51588.775    52057.886
 43  TPM3+F+G4     25578.812    73  51303.625    51305.954    51775.065
 44  TPM3+F+I+G4   25558.803    74  51265.606    51267.999    51743.504
 45  TPM3u+F       26507.894    72  53159.787    53162.053    53624.769
 46  TPM3u+F+I     25720.224    73  51586.449    51588.778    52057.888
 47  TPM3u+F+G4    25578.812    73  51303.625    51305.954    51775.065
 48  TPM3u+F+I+G4  25558.804    74  51265.609    51268.002    51743.506
 49  TIMe          26531.671    70  53203.343    53205.484    53655.408
 50  TIMe+I        25743.313    71  51628.625    51630.828    52087.149
 51  TIMe+G4       25604.588    71  51351.176    51353.379    51809.700
 52  TIMe+I+G4     25585.402    72  51314.805    51317.070    51779.786
 53  TIM+F         26492.438    73  53130.876    53133.205    53602.316
 54  TIM+F+I       25712.310    74  51572.620    51575.013    52050.518
 55  TIM+F+G4      25571.048    74  51290.095    51292.489    51767.993
 56  TIM+F+I+G4    25551.421    75  51252.842    51255.300    51737.198
 57  TIM2e         26528.913    70  53197.826    53199.967    53649.891
 58  TIM2e+I       25737.081    71  51616.163    51618.366    52074.687
 59  TIM2e+G4      25598.348    71  51338.696    51340.899    51797.219
 60  TIM2e+I+G4    25579.312    72  51302.624    51304.890    51767.606
 61  TIM2+F        26493.360    73  53132.720    53135.049    53604.160
 62  TIM2+F+I      25712.057    74  51572.115    51574.508    52050.012
 63  TIM2+F+G4     25571.346    74  51290.692    51293.086    51768.590
 64  TIM2+F+I+G4   25551.844    75  51253.688    51256.147    51738.044
 65  TIM3e         26532.698    70  53205.395    53207.536    53657.461
 66  TIM3e+I       25745.509    71  51633.018    51635.221    52091.541
 67  TIM3e+G4      25606.627    71  51355.254    51357.457    51813.778
 68  TIM3e+I+G4    25587.396    72  51318.793    51321.058    51783.774
 69  TIM3+F        26492.889    73  53131.779    53134.107    53603.218
 70  TIM3+F+I      25713.897    74  51575.795    51578.188    52053.693
 71  TIM3+F+G4     25572.320    74  51292.640    51295.033    51770.537
 72  TIM3+F+I+G4   25552.677    75  51255.355    51257.813    51739.711
 73  TVMe          26525.288    71  53192.576    53194.779    53651.100
 74  TVMe+I        25732.855    72  51609.709    51611.975    52074.691
 75  TVMe+G4       25594.153    72  51332.306    51334.571    51797.287
 76  TVMe+I+G4     25575.106    73  51296.212    51298.540    51767.651
 77  TVM+F         26502.856    74  53153.713    53156.106    53631.610
 78  TVM+F+I       25713.749    75  51577.498    51579.957    52061.854
 79  TVM+F+G4      25573.240    75  51296.479    51298.938    51780.835
 80  TVM+F+I+G4    25553.377    76  51258.754    51261.278    51749.568
 81  SYM           26523.970    72  53191.940    53194.206    53656.922
 82  SYM+I         25732.808    73  51611.617    51613.946    52083.057
 83  SYM+G4        25594.157    73  51334.314    51336.643    51805.754
 84  SYM+I+G4      25575.115    74  51298.230    51300.624    51776.128
 85  GTR+F         26487.842    75  53125.685    53128.143    53610.041
 86  GTR+F+I       25707.434    76  51566.868    51569.393    52057.682
 87  GTR+F+G4      25566.616    76  51285.233    51287.757    51776.047
 88  GTR+F+I+G4    25547.115    77  51248.231    51250.822    51745.503
Akaike Information Criterion:           GTR+F+I+G4
Corrected Akaike Information Criterion: GTR+F+I+G4
Bayesian Information Criterion:         TN+F+I+G4
Best-fit model: TN+F+I+G4 chosen according to BIC

All model information printed to 1_set128.model.gz
CPU time for ModelFinder: 63.922 seconds (0h:1m:3s)
Wall-clock time for ModelFinder: 28.281 seconds (0h:0m:28s)
Generating 1000 samples for ultrafast bootstrap (seed: 311598)...

NOTE: 12 MB RAM (0 GB) is required!
Measuring multi-threading efficiency up to 8 CPU cores
Increase to 10 rounds for branch lengths
56 trees examined
Threads: 1 / Time: 8.059 sec / Speedup: 1.000 / Efficiency: 100% / LogL: -39367
Threads: 2 / Time: 4.962 sec / Speedup: 1.624 / Efficiency: 81% / LogL: -39367
Threads: 3 / Time: 3.853 sec / Speedup: 2.091 / Efficiency: 70% / LogL: -39367
Threads: 4 / Time: 3.839 sec / Speedup: 2.099 / Efficiency: 52% / LogL: -39367
Threads: 5 / Time: 4.442 sec / Speedup: 1.814 / Efficiency: 36% / LogL: -39367
BEST NUMBER OF THREADS: 3

Estimate model parameters (epsilon = 0.100)
Thoroughly optimizing +I+G parameters from 10 start values...
Init pinv, alpha: 0.000, 1.000 / Estimate: 0.000, 0.386 / LogL: -25574.375
Init pinv, alpha: 0.070, 1.000 / Estimate: 0.202, 0.591 / LogL: -25558.232
Init pinv, alpha: 0.140, 1.000 / Estimate: 0.203, 0.593 / LogL: -25558.180
Init pinv, alpha: 0.210, 1.000 / Estimate: 0.216, 0.613 / LogL: -25557.490
Init pinv, alpha: 0.280, 1.000 / Estimate: 0.283, 0.743 / LogL: -25555.061
Init pinv, alpha: 0.349, 1.000 / Estimate: 0.347, 0.924 / LogL: -25555.220
Init pinv, alpha: 0.419, 1.000 / Estimate: 0.361, 0.976 / LogL: -25555.737
Init pinv, alpha: 0.489, 1.000 / Estimate: 0.362, 0.979 / LogL: -25555.768
Init pinv, alpha: 0.559, 1.000 / Estimate: 0.361, 0.974 / LogL: -25555.715
Init pinv, alpha: 0.629, 1.000 / Estimate: 0.361, 0.975 / LogL: -25555.720
Optimal pinv,alpha: 0.283, 0.743 / LogL: -25555.061

Parameters optimization took 6.688 sec
Computing ML distances based on estimated model parameters... 0.043 sec
Computing BIONJ tree...
0.003 seconds
Log-likelihood of BIONJ tree: -25559.114
--------------------------------------------------------------------
|             INITIALIZING CANDIDATE TREE SET                      |
--------------------------------------------------------------------
Generating 98 parsimony trees... 0.886 second
Computing log-likelihood of 98 initial trees ... 1.714 seconds
Current best score: -25554.901

Do NNI search on 20 best initial trees
Estimate model parameters (epsilon = 0.100)
BETTER TREE FOUND at iteration 1: -25553.453
Estimate model parameters (epsilon = 0.100)
BETTER TREE FOUND at iteration 3: -25553.253
Iteration 10 / LogL: -25553.467 / Time: 0h:1m:5s
Iteration 20 / LogL: -25553.556 / Time: 0h:1m:7s
Finish initializing candidate tree set (3)
Current best tree score: -25553.253 / CPU time: 7.463
Number of iterations: 20
--------------------------------------------------------------------
|               OPTIMIZING CANDIDATE TREE SET                      |
--------------------------------------------------------------------
Iteration 30 / LogL: -25553.441 / Time: 0h:1m:9s (0h:1m:44s left)
Iteration 40 / LogL: -25553.448 / Time: 0h:1m:11s (0h:1m:10s left)
Iteration 50 / LogL: -25553.442 / Time: 0h:1m:13s (0h:0m:49s left)
Log-likelihood cutoff on original alignment: -25584.785
Iteration 60 / LogL: -25553.465 / Time: 0h:1m:16s (0h:0m:34s left)
Iteration 70 / LogL: -25553.547 / Time: 0h:1m:18s (0h:0m:23s left)
Iteration 80 / LogL: -25553.256 / Time: 0h:1m:20s (0h:0m:15s left)
Iteration 90 / LogL: -25553.496 / Time: 0h:1m:22s (0h:0m:7s left)
Iteration 100 / LogL: -25553.439 / Time: 0h:1m:24s (0h:0m:1s left)
Log-likelihood cutoff on original alignment: -25582.139
NOTE: Bootstrap correlation coefficient of split occurrence frequencies: 1.000
TREE SEARCH COMPLETED AFTER 104 ITERATIONS / Time: 0h:1m:25s

--------------------------------------------------------------------
|                    FINALIZING TREE SEARCH                        |
--------------------------------------------------------------------
Performs final model parameters optimization
Estimate model parameters (epsilon = 0.010)
1. Initial log-likelihood: -25553.253
2. Current log-likelihood: -25553.241
3. Current log-likelihood: -25553.229
4. Current log-likelihood: -25553.218
5. Current log-likelihood: -25553.207
6. Current log-likelihood: -25553.196
7. Current log-likelihood: -25553.186
Optimal log-likelihood: -25553.175
Rate parameters:  A-C: 1.00000  A-G: 6.19552  A-T: 1.00000  C-G: 1.00000  C-T: 7.46867  G-T: 1.00000
Base frequencies:  A: 0.294  C: 0.226  G: 0.246  T: 0.234
Proportion of invariable sites: 0.289
Gamma shape alpha: 0.755
Parameters optimization took 7 rounds (0.191 sec)
BEST SCORE FOUND : -25553.175
Creating bootstrap support values...
Split supports printed to NEXUS file 1_set128.splits.nex
Total tree length: 0.910

Total number of iterations: 104
CPU time used for tree search: 67.274 sec (0h:1m:7s)
Wall-clock time used for tree search: 24.902 sec (0h:0m:24s)
Total CPU time used: 208.196 sec (0h:3m:28s)
Total wall-clock time used: 85.575 sec (0h:1m:25s)

Computing bootstrap consensus tree...
Reading input file 1_set128.splits.nex...
35 taxa and 110 splits.
Consensus tree written to 1_set128.contree
Reading input trees file 1_set128.contree
Log-likelihood of consensus tree: -25553.612

Analysis results written to: 
  IQ-TREE report:                1_set128.iqtree
  Maximum-likelihood tree:       1_set128.treefile
  Likelihood distances:          1_set128.mldist

Ultrafast bootstrap approximation results written to:
  Split support values:          1_set128.splits.nex
  Consensus tree:                1_set128.contree
  Screen log file:               1_set128.log

Date and Time: Fri Jul 27 16:26:48 2018
