IQ-TREE multicore version 1.6.3 for Mac OS X 64-bit built Mar 22 2018
Developed by Bui Quang Minh, Nguyen Lam Tung, Olga Chernomor,
Heiko Schmidt, Dominik Schrempf, Michael Woodhams.

Host:    meeps-mac-pro.staff.sydney.edu.au (AVX, 64 GB RAM)
Command: /Users/davidduchene/Desktop/Software/iqtree-1.6.3-MacOSX/bin/iqtree -s ../../../../marsupials/set4.fasta -m TEST -bb 1000 -nt AUTO -pre 1_set4
Seed:    579659 (Using SPRNG - Scalable Parallel Random Number Generator)
Time:    Fri Jul 27 13:48:05 2018
Kernel:  AVX - auto-detect threads (8 CPU cores detected)

Reading alignment file ../../../../marsupials/set4.fasta ... Fasta format detected
Alignment most likely contains DNA/RNA sequences
Alignment has 35 sequences with 5055 columns, 1521 distinct patterns
1152 parsimony-informative, 532 singleton sites, 3371 constant sites
                                              Gap/Ambiguity  Composition  p-value
   1  Burramyidae_Burramys_parvus                     0.47%    passed     97.61%
   2  Notoryctidae_Notoryctes_typhlops                2.53%    passed     47.19%
   3  Vombatidae_Lasiorhinus_latifrons                0.14%    passed     20.43%
   4  Potoroidae_Bettongia_penicillata                0.12%    passed     96.35%
   5  Potoroidae_Bettongia_lesueur                    0.06%    passed     97.89%
   6  Dasyuridae_Dasyurus_maculatus                   0.16%    passed     97.61%
   7  Phalangeridae_Trichosurus_vulpecula             6.45%    passed     48.99%
   8  Phalangeridae_Spilocuscus_maculatus             0.99%    passed     97.86%
   9  Potoroidae_Aepyprymnus_rufescens                0.44%    passed     92.88%
  10  Peramelidae_Perameles_nasuta                    0.65%    passed     97.32%
  11  Phalangeridae_Strigocuscus_pelengensis          4.69%    passed     97.56%
  12  Dasyuridae_Phascogale_tapoatafa                 0.20%    passed     98.69%
  13  Dasyuridae_Sminthopsis_macroura                 0.40%    passed     94.37%
  14  Phalangeridae_Phalanger_orientalis              1.40%    passed     98.29%
  15  Acrobatidae_Acrobates_pygmaeus                  1.33%    passed     99.81%
  16  Dasyuridae_Phascogale_calura                    0.16%    passed     98.76%
  17  Dasyuridae_Sarcophilus_harrisii                 0.04%    passed     99.42%
  18  Dasyuridae_Planigale_tenuirostris               5.74%    passed     93.17%
  19  Peramelidae_Echymipera_kalubu                   1.05%    passed     91.19%
  20  Macropodidae_Dorcopsulus_vanheurni              0.55%    passed     90.71%
  21  Pseudochiridae_Pseudochirulus_forbesi           0.18%    passed     96.19%
  22  Didelphidae_Didelphis_virginiana               20.95%    failed      2.12%
  23  Marmosidae_Monodelphis_domestica               19.37%    failed      2.49%
  24  Dasyuridae_Antechinus_stuartii                  0.16%    passed     99.02%
  25  Hypsiprymnodontidae_Hypsiprymnodon_moschatus    0.65%    passed     87.18%
  26  Microbiotheriidae_Dromiciops_gliroides          1.78%    passed     13.57%
  27  Pseudochiridae_Petauroides_volans               1.19%    passed     87.14%
  28  Macropodidae_Wallabia_bicolor                   0.71%    passed     82.55%
  29  Pseudochiridae_Pseudocheirus_occidentalis       0.22%    passed     89.83%
  30  Tarsipedidae_Tarsipes_rostratus                 0.47%    passed     13.79%
  31  Acrobatidae_Distoechurus_pennatus               0.38%    passed     93.74%
  32  Phalangeridae_Phalanger_carmelitae              0.20%    passed     96.00%
  33  Peramelidae_Peroryctes_raffrayana               2.67%    passed     84.68%
  34  Dasyuridae_Dasyurus_geffroii                    4.99%    passed     98.52%
  35  Peramelidae_Perameles_gunnii                    0.79%    passed     95.48%
****  TOTAL                                           2.35%  2 sequences failed composition chi2 test (p-value<5%; df=3)


Create initial parsimony tree by phylogenetic likelihood library (PLL)... 0.006 seconds
NOTE: ModelFinder requires 12 MB RAM!
ModelFinder will test 88 DNA models (sample size: 5055) ...
 No. Model         -LnL         df  AIC          AICc         BIC
Measuring multi-threading efficiency up to 8 CPU cores
Increase to 10 rounds for branch lengths
255 trees examined
Threads: 1 / Time: 8.020 sec / Speedup: 1.000 / Efficiency: 100% / LogL: -49610
Threads: 2 / Time: 6.257 sec / Speedup: 1.282 / Efficiency: 64% / LogL: -49610
Threads: 3 / Time: 5.136 sec / Speedup: 1.561 / Efficiency: 52% / LogL: -49610
Threads: 4 / Time: 4.823 sec / Speedup: 1.663 / Efficiency: 42% / LogL: -49610
BEST NUMBER OF THREADS: 3

  1  JC            31659.083    67  63452.167    63453.994    63889.552
  2  JC+I          30068.702    68  60273.403    60275.286    60717.317
  3  JC+G4         29843.894    68  59823.789    59825.671    60267.702
  4  JC+I+G4       29764.428    69  59666.857    59668.794    60117.298
  5  F81+F         31652.182    70  63444.363    63446.358    63901.333
  6  F81+F+I       30059.919    71  60261.838    60263.890    60725.336
  7  F81+F+G4      29835.641    71  59813.283    59815.334    60276.780
  8  F81+F+I+G4    29756.106    72  59656.213    59658.323    60126.239
  9  K2P           30480.420    68  61096.840    61098.722    61540.753
 10  K2P+I         28851.547    69  57841.094    57843.032    58291.535
 11  K2P+G4        28607.181    69  57352.363    57354.301    57802.804
 12  K2P+I+G4      28514.755    70  57169.509    57171.504    57626.479
 13  HKY+F         30468.358    71  61078.716    61080.768    61542.214
 14  HKY+F+I       28835.637    72  57815.274    57817.384    58285.300
 15  HKY+F+G4      28591.620    72  57327.240    57329.350    57797.265
 16  HKY+F+I+G4    28499.240    73  57144.479    57146.648    57621.033
 17  TNe           30474.539    69  61087.079    61089.016    61537.520
 18  TNe+I         28851.454    70  57842.908    57844.902    58299.877
 19  TNe+G4        28605.244    70  57350.488    57352.482    57807.457
 20  TNe+I+G4      28512.068    71  57166.136    57168.188    57629.634
 21  TN+F          30462.500    72  61069.000    61071.110    61539.026
 22  TN+F+I        28835.362    73  57816.723    57818.892    58293.277
 23  TN+F+G4       28589.596    73  57325.191    57327.360    57801.745
 24  TN+F+I+G4     28496.599    74  57141.199    57143.428    57624.281
 25  K3P           30472.780    69  61083.559    61085.497    61534.000
 26  K3P+I         28843.890    70  57827.779    57829.774    58284.748
 27  K3P+G4        28599.918    70  57339.836    57341.830    57796.805
 28  K3P+I+G4      28507.289    71  57156.578    57158.630    57620.075
 29  K3Pu+F        30461.166    72  61066.332    61068.442    61536.357
 30  K3Pu+F+I      28828.356    73  57802.712    57804.881    58279.266
 31  K3Pu+F+G4     28584.810    73  57315.620    57317.789    57792.174
 32  K3Pu+F+I+G4   28492.321    74  57132.642    57134.870    57615.723
 33  TPM2+F        30466.104    72  61076.207    61078.317    61546.233
 34  TPM2+F+I      28828.987    73  57803.974    57806.143    58280.528
 35  TPM2+F+G4     28586.690    73  57319.381    57321.550    57795.935
 36  TPM2+F+I+G4   28494.449    74  57136.898    57139.127    57619.980
 37  TPM2u+F       30466.103    72  61076.205    61078.315    61546.231
 38  TPM2u+F+I     28828.988    73  57803.975    57806.144    58280.529
 39  TPM2u+F+G4    28586.691    73  57319.381    57321.550    57795.935
 40  TPM2u+F+I+G4  28494.436    74  57136.872    57139.101    57619.954
 41  TPM3+F        30467.776    72  61079.552    61081.662    61549.577
 42  TPM3+F+I      28835.523    73  57817.046    57819.215    58293.600
 43  TPM3+F+G4     28591.616    73  57329.233    57331.402    57805.786
 44  TPM3+F+I+G4   28498.949    74  57145.899    57148.128    57628.980
 45  TPM3u+F       30467.776    72  61079.552    61081.662    61549.577
 46  TPM3u+F+I     28835.523    73  57817.045    57819.214    58293.599
 47  TPM3u+F+G4    28591.616    73  57329.233    57331.402    57805.786
 48  TPM3u+F+I+G4  28498.947    74  57145.894    57148.123    57628.976
 49  TIMe          30466.905    70  61073.810    61075.805    61530.780
 50  TIMe+I        28843.798    71  57829.595    57831.647    58293.093
 51  TIMe+G4       28597.992    71  57337.983    57340.035    57801.481
 52  TIMe+I+G4     28504.825    72  57153.650    57155.760    57623.675
 53  TIM+F         30455.315    73  61056.631    61058.800    61533.185
 54  TIM+F+I       28828.082    74  57804.165    57806.394    58287.247
 55  TIM+F+G4      28582.775    74  57313.549    57315.778    57796.631
 56  TIM+F+I+G4    28489.818    75  57129.636    57131.926    57619.246
 57  TIM2e         30470.177    70  61080.353    61082.348    61537.323
 58  TIM2e+I       28840.551    71  57823.102    57825.154    58286.600
 59  TIM2e+G4      28595.564    71  57333.127    57335.179    57796.625
 60  TIM2e+I+G4    28502.751    72  57149.502    57151.612    57619.528
 61  TIM2+F        30460.261    73  61066.522    61068.691    61543.075
 62  TIM2+F+I      28828.730    74  57805.460    57807.688    58288.541
 63  TIM2+F+G4     28584.517    74  57317.034    57319.263    57800.116
 64  TIM2+F+I+G4   28491.808    75  57133.615    57135.905    57623.225
 65  TIM3e         30471.968    70  61083.936    61085.930    61540.905
 66  TIM3e+I       28851.133    71  57844.267    57846.318    58307.764
 67  TIM3e+G4      28603.870    71  57349.740    57351.792    57813.238
 68  TIM3e+I+G4    28510.237    72  57164.473    57166.583    57634.499
 69  TIM3+F        30461.916    73  61069.832    61072.001    61546.386
 70  TIM3+F+I      28835.248    74  57818.496    57820.725    58301.577
 71  TIM3+F+G4     28589.598    74  57327.196    57329.425    57810.278
 72  TIM3+F+I+G4   28496.496    75  57142.993    57145.282    57632.603
 73  TVMe          30466.982    71  61075.964    61078.016    61539.461
 74  TVMe+I        28834.280    72  57812.560    57814.670    58282.585
 75  TVMe+G4       28590.568    72  57325.136    57327.246    57795.161
 76  TVMe+I+G4     28498.048    73  57142.096    57144.266    57618.650
 77  TVM+F         30459.176    74  61066.352    61068.581    61549.434
 78  TVM+F+I       28822.885    75  57795.770    57798.059    58285.380
 79  TVM+F+G4      28580.962    75  57311.924    57314.214    57801.534
 80  TVM+F+I+G4    28488.815    76  57129.631    57131.982    57625.769
 81  SYM           30461.183    72  61066.365    61068.475    61536.391
 82  SYM+I         28834.200    73  57814.400    57816.569    58290.953
 83  SYM+G4        28588.421    73  57322.842    57325.011    57799.396
 84  SYM+I+G4      28495.419    74  57138.839    57141.068    57621.921
 85  GTR+F         30453.332    75  61056.664    61058.954    61546.274
 86  GTR+F+I       28822.628    76  57797.256    57799.607    58293.394
 87  GTR+F+G4      28578.796    76  57309.593    57311.944    57805.731
 88  GTR+F+I+G4    28486.214    77  57126.428    57128.841    57629.094
Akaike Information Criterion:           GTR+F+I+G4
Corrected Akaike Information Criterion: GTR+F+I+G4
Bayesian Information Criterion:         K3Pu+F+I+G4
Best-fit model: K3Pu+F+I+G4 chosen according to BIC

All model information printed to 1_set4.model.gz
CPU time for ModelFinder: 72.275 seconds (0h:1m:12s)
Wall-clock time for ModelFinder: 30.431 seconds (0h:0m:30s)
Generating 1000 samples for ultrafast bootstrap (seed: 579659)...

NOTE: 12 MB RAM (0 GB) is required!
Measuring multi-threading efficiency up to 8 CPU cores
Increase to 10 rounds for branch lengths
63 trees examined
Threads: 1 / Time: 8.020 sec / Speedup: 1.000 / Efficiency: 100% / LogL: -41861
Threads: 2 / Time: 5.502 sec / Speedup: 1.458 / Efficiency: 73% / LogL: -41861
Threads: 3 / Time: 4.226 sec / Speedup: 1.898 / Efficiency: 63% / LogL: -41861
Threads: 4 / Time: 3.859 sec / Speedup: 2.078 / Efficiency: 52% / LogL: -41861
Threads: 5 / Time: 3.977 sec / Speedup: 2.016 / Efficiency: 40% / LogL: -41861
BEST NUMBER OF THREADS: 4

Estimate model parameters (epsilon = 0.100)
Thoroughly optimizing +I+G parameters from 10 start values...
Init pinv, alpha: 0.000, 1.000 / Estimate: 0.000, 0.258 / LogL: -28584.807
Init pinv, alpha: 0.074, 1.000 / Estimate: 0.433, 0.651 / LogL: -28492.768
Init pinv, alpha: 0.148, 1.000 / Estimate: 0.432, 0.650 / LogL: -28492.801
Init pinv, alpha: 0.222, 1.000 / Estimate: 0.432, 0.649 / LogL: -28492.809
Init pinv, alpha: 0.296, 1.000 / Estimate: 0.432, 0.649 / LogL: -28492.823
Init pinv, alpha: 0.370, 1.000 / Estimate: 0.433, 0.651 / LogL: -28492.782
Init pinv, alpha: 0.445, 1.000 / Estimate: 0.449, 0.690 / LogL: -28492.314
Init pinv, alpha: 0.519, 1.000 / Estimate: 0.473, 0.760 / LogL: -28492.640
Init pinv, alpha: 0.593, 1.000 / Estimate: 0.473, 0.761 / LogL: -28492.654
Init pinv, alpha: 0.667, 1.000 / Estimate: 0.472, 0.757 / LogL: -28492.608
Optimal pinv,alpha: 0.449, 0.690 / LogL: -28492.314

Parameters optimization took 5.692 sec
Computing ML distances based on estimated model parameters... 0.036 sec
Computing BIONJ tree...
0.001 seconds
Log-likelihood of BIONJ tree: -28484.835
--------------------------------------------------------------------
|             INITIALIZING CANDIDATE TREE SET                      |
--------------------------------------------------------------------
Generating 98 parsimony trees... 0.651 second
Computing log-likelihood of 98 initial trees ... 1.235 seconds
Current best score: -28360.081

Do NNI search on 20 best initial trees
Estimate model parameters (epsilon = 0.100)
BETTER TREE FOUND at iteration 1: -28359.690
Iteration 10 / LogL: -28417.628 / Time: 0h:1m:4s
Iteration 20 / LogL: -28359.700 / Time: 0h:1m:5s
Finish initializing candidate tree set (14)
Current best tree score: -28359.690 / CPU time: 3.402
Number of iterations: 20
--------------------------------------------------------------------
|               OPTIMIZING CANDIDATE TREE SET                      |
--------------------------------------------------------------------
Estimate model parameters (epsilon = 0.100)
BETTER TREE FOUND at iteration 24: -28354.749
Estimate model parameters (epsilon = 0.100)
UPDATE BEST LOG-LIKELIHOOD: -28354.497
Iteration 30 / LogL: -28354.497 / Time: 0h:1m:6s (0h:1m:58s left)
Iteration 40 / LogL: -28462.981 / Time: 0h:1m:8s (0h:1m:21s left)
Iteration 50 / LogL: -28354.641 / Time: 0h:1m:10s (0h:0m:59s left)
Log-likelihood cutoff on original alignment: -28455.876
Iteration 60 / LogL: -28354.762 / Time: 0h:1m:12s (0h:0m:45s left)
Iteration 70 / LogL: -28354.843 / Time: 0h:1m:14s (0h:0m:34s left)
Iteration 80 / LogL: -28365.734 / Time: 0h:1m:17s (0h:0m:26s left)
Iteration 90 / LogL: -28359.874 / Time: 0h:1m:20s (0h:0m:19s left)
Iteration 100 / LogL: -28360.580 / Time: 0h:1m:24s (0h:0m:13s left)
Log-likelihood cutoff on original alignment: -28455.876
NOTE: Bootstrap correlation coefficient of split occurrence frequencies: 0.999
Iteration 110 / LogL: -28409.878 / Time: 0h:1m:28s (0h:0m:48s left)
Iteration 120 / LogL: -28355.294 / Time: 0h:1m:33s (0h:0m:42s left)
TREE SEARCH COMPLETED AFTER 125 ITERATIONS / Time: 0h:1m:35s

--------------------------------------------------------------------
|                    FINALIZING TREE SEARCH                        |
--------------------------------------------------------------------
Performs final model parameters optimization
Estimate model parameters (epsilon = 0.010)
1. Initial log-likelihood: -28354.497
Optimal log-likelihood: -28354.496
Rate parameters:  A-C: 1.00000  A-G: 4.90361  A-T: 0.76931  C-G: 0.76931  C-T: 4.90361  G-T: 1.00000
Base frequencies:  A: 0.261  C: 0.267  G: 0.238  T: 0.234
Proportion of invariable sites: 0.452
Gamma shape alpha: 0.699
Parameters optimization took 1 rounds (0.057 sec)
BEST SCORE FOUND : -28354.496
Creating bootstrap support values...
Split supports printed to NEXUS file 1_set4.splits.nex
Total tree length: 1.072

Total number of iterations: 125
CPU time used for tree search: 82.068 sec (0h:1m:22s)
Wall-clock time used for tree search: 33.202 sec (0h:0m:33s)
Total CPU time used: 239.053 sec (0h:3m:59s)
Total wall-clock time used: 95.338 sec (0h:1m:35s)

Computing bootstrap consensus tree...
Reading input file 1_set4.splits.nex...
35 taxa and 148 splits.
Consensus tree written to 1_set4.contree
Reading input trees file 1_set4.contree
Log-likelihood of consensus tree: -28354.496

Analysis results written to: 
  IQ-TREE report:                1_set4.iqtree
  Maximum-likelihood tree:       1_set4.treefile
  Likelihood distances:          1_set4.mldist

Ultrafast bootstrap approximation results written to:
  Split support values:          1_set4.splits.nex
  Consensus tree:                1_set4.contree
  Screen log file:               1_set4.log

Date and Time: Fri Jul 27 13:49:41 2018
