IQ-TREE multicore version 1.6.7 for Mac OS X 64-bit built Aug 23 2018
Developed by Bui Quang Minh, Nguyen Lam Tung, Olga Chernomor,
Heiko Schmidt, Dominik Schrempf, Michael Woodhams.

Host:    meeps-mac-pro.staff.sydney.edu.au (AVX, 64 GB RAM)
Command: /Users/davidduchene/Desktop/Software/iqtree-1.6.7-MacOSX/bin/iqtree -s ../../../../marsupials/set251.fasta -m TESTMERGE -bb 1000 -spp ../../../../marsupials/set251.nex -nt AUTO -pre 4_set251
Seed:    59148 (Using SPRNG - Scalable Parallel Random Number Generator)
Time:    Sat Sep  8 06:30:59 2018
Kernel:  AVX - auto-detect threads (8 CPU cores detected)

Reading partition model file ../../../../marsupials/set251.nex ...
Reading alignment file ../../../../marsupials/set251.fasta ... Fasta format detected
Alignment most likely contains DNA/RNA sequences
Alignment has 35 sequences with 2241 columns, 1200 distinct patterns
631 parsimony-informative, 442 singleton sites, 1168 constant sites
                                              Gap/Ambiguity  Composition  p-value
   1  Burramyidae_Burramys_parvus                     1.70%    passed     84.64%
   2  Notoryctidae_Notoryctes_typhlops                4.55%    passed     94.92%
   3  Vombatidae_Lasiorhinus_latifrons                0.27%    passed     45.17%
   4  Potoroidae_Bettongia_penicillata                0.71%    passed     38.15%
   5  Potoroidae_Bettongia_lesueur                    1.56%    passed     36.65%
   6  Dasyuridae_Dasyurus_maculatus                   0.22%    passed     55.18%
   7  Phalangeridae_Trichosurus_vulpecula             6.74%    passed     74.04%
   8  Phalangeridae_Spilocuscus_maculatus             0.04%    passed     96.26%
   9  Potoroidae_Aepyprymnus_rufescens                2.19%    passed     22.45%
  10  Peramelidae_Perameles_nasuta                   19.54%    passed     56.72%
  11  Phalangeridae_Strigocuscus_pelengensis          1.16%    passed     91.16%
  12  Dasyuridae_Phascogale_tapoatafa                 2.19%    passed     44.53%
  13  Dasyuridae_Sminthopsis_macroura                 0.09%    passed     59.51%
  14  Phalangeridae_Phalanger_orientalis              0.00%    passed     74.71%
  15  Acrobatidae_Acrobates_pygmaeus                  3.57%    passed     94.28%
  16  Dasyuridae_Phascogale_calura                   28.87%    passed     33.80%
  17  Dasyuridae_Sarcophilus_harrisii                 0.13%    passed     56.73%
  18  Dasyuridae_Planigale_tenuirostris              15.13%    passed     93.18%
  19  Peramelidae_Echymipera_kalubu                   9.86%    passed     61.74%
  20  Macropodidae_Dorcopsulus_vanheurni              5.49%    passed     57.74%
  21  Pseudochiridae_Pseudochirulus_forbesi           0.18%    passed     93.39%
  22  Didelphidae_Didelphis_virginiana                9.37%    passed     75.46%
  23  Marmosidae_Monodelphis_domestica               12.72%    passed     77.30%
  24  Dasyuridae_Antechinus_stuartii                 39.54%    passed     47.37%
  25  Hypsiprymnodontidae_Hypsiprymnodon_moschatus    0.94%    passed     51.60%
  26  Microbiotheriidae_Dromiciops_gliroides          2.32%    passed     90.94%
  27  Pseudochiridae_Petauroides_volans               4.73%    passed     92.01%
  28  Macropodidae_Wallabia_bicolor                   1.78%    passed     37.13%
  29  Pseudochiridae_Pseudocheirus_occidentalis       6.51%    passed     97.32%
  30  Tarsipedidae_Tarsipes_rostratus                 8.08%    passed     65.37%
  31  Acrobatidae_Distoechurus_pennatus               0.13%    passed     98.19%
  32  Phalangeridae_Phalanger_carmelitae              0.18%    passed     89.71%
  33  Peramelidae_Peroryctes_raffrayana              10.35%    passed     28.18%
  34  Dasyuridae_Dasyurus_geffroii                    0.58%    passed     52.54%
  35  Peramelidae_Perameles_gunnii                   15.39%    passed     85.33%
****  TOTAL                                           6.19%  0 sequences failed composition chi2 test (p-value<5%; df=3)
NOTE: No CharPartition defined, use all CharSets

Loading 15 partitions...
Subset	Type	Seqs	Sites	Infor	Invar	Model	Name
1		35	94	10	79	TESTMERGE	part1.1
2		35	94	10	81	TESTMERGE	part1.2
3		35	94	55	20	TESTMERGE	part1.3
4		33	103	7	44	TESTMERGE	part2.1
5		33	103	7	49	TESTMERGE	part2.2
6		33	103	54	18	TESTMERGE	part2.3
7		34	176	29	128	TESTMERGE	part3.1
8		34	176	15	152	TESTMERGE	part3.2
9		34	176	126	34	TESTMERGE	part3.3
10		34	201	44	120	TESTMERGE	part4.1
11		34	201	44	114	TESTMERGE	part4.2
12		34	201	128	40	TESTMERGE	part4.3
13		35	173	25	103	TESTMERGE	part5.1
14		35	173	28	120	TESTMERGE	part5.2
15		35	173	49	66	TESTMERGE	part5.3
Degree of missing data: 0.022
Info: multi-threading strategy over partitions



Create initial parsimony tree by phylogenetic likelihood library (PLL)... 0.010 seconds
NOTE: ModelFinder requires 12 MB RAM!
NUMBER OF THREADS FOR PARTITION FINDING: 8
Testing GTR+F+G on supermatrix...
GTR+F+G4 / LnL: -14976.404 / df: 76 / AIC: 30104.808 / AICc: 30110.217 / BIC: 30539.124
Selecting individual models for 15 charsets using BIC...
 No. Model        Score       Charset
WARNING: ABNORMAL_TERMINATION_IN_LNSRCH
   1 K2P+G4       1774.173    part5.1
   2 K2P+I        1595.528    part5.2
   3 K2P+G4       2498.084    part5.3
   4 TPM2+F+G4    2313.788    part2.3
   5 TN+F+I       2166.936    part4.1
   6 TPM2+F+G4    2170.100    part4.2
   7 TPM3u+F      900.105     part2.2
   8 TIM3e+G4     4601.424    part4.3
   9 F81+F        985.395     part2.1
  10 K3Pu+F+G4    4598.792    part3.3	0h:0m:10s (0h:3m:23s left)
  11 K3P+G4       1866.212    part1.3	0h:0m:10s (0h:3m:13s left)
  12 K2P+G4       521.209     part1.2	0h:0m:10s (0h:2m:58s left)
  13 TNe+G4       1568.101    part3.1	0h:0m:10s (0h:2m:45s left)
  14 TNe+G4       1006.810    part3.2	0h:0m:11s (0h:2m:35s left)
  15 TPM3u+F+I+G4 574.140     part1.1	0h:0m:11s (0h:2m:27s left)
Full partition model BIC score: 29856.926 (LnL: -14384.578  df:141)
Merging models to increase model fit (about 211 total partition schemes)...
  16 K2P+G4       29968.849   part4.3+part5.2	0h:0m:17s (0h:3m:27s left)
  17 K2P+G4       29926.881   part3.3+part5.3	0h:0m:17s (0h:3m:19s left)
  18 TIM3e+G4     29958.403   part4.3+part5.1	0h:0m:17s (0h:3m:8s left)
  19 TIM2e+G4     29948.627   part4.2+part4.3	0h:0m:17s (0h:2m:57s left)
  20 TNe+G4       29963.146   part3.3+part4.2	0h:0m:17s (0h:2m:50s left)
  21 K2P+G4       29901.998   part4.3+part5.3	0h:0m:18s (0h:2m:46s left)
  22 TN+F+G4      29953.231   part4.1+part4.3	0h:0m:18s (0h:2m:41s left)
  23 K3Pu+F+G4    29820.363   part3.3+part4.3	0h:0m:21s (0h:2m:54s left)
  24 K2P+G4       29857.274   part4.1+part5.3	0h:0m:22s (0h:2m:57s left)
  25 TIM2+F+G4    29847.332   part4.1+part4.2	0h:0m:24s (0h:2m:58s left)
  26 TPM2u+F+G4   29849.253   part4.2+part5.3	0h:0m:26s (0h:3m:8s left)
  27 TNe+G4       29834.736   part1.3+part4.3	0h:0m:27s (0h:3m:8s left)
  28 TIM3e+G4     29973.845   part3.1+part4.3	0h:0m:27s (0h:3m:1s left)
  29 TIM+F+G4     29970.620   part3.3+part4.1	0h:0m:28s (0h:2m:56s left)
  30 TN+F+G4      29839.441   part2.3+part4.3	0h:0m:28s (0h:2m:50s left)
  31 K2P+G4       29854.679   part5.1+part5.3	0h:0m:30s (0h:2m:58s left)
  32 HKY+F+G4     29978.678   part3.3+part5.1	0h:0m:31s (0h:2m:53s left)
  33 TIM3e+G4     29959.562   part2.2+part4.3	0h:0m:32s (0h:2m:53s left)
  34 TPM2+F+G4    29837.121   part4.2+part5.1	0h:0m:36s (0h:3m:8s left)
  35 HKY+F+G4     29981.392   part3.3+part5.2	0h:0m:37s (0h:3m:6s left)
  36 TN+F+G4      29974.915   part2.1+part4.3	0h:0m:37s (0h:3m:4s left)
  37 K2P+G4       29845.008   part4.1+part5.1	0h:0m:38s (0h:3m:0s left)
  38 K2P+G4       30054.899   part3.2+part4.3	0h:0m:38s (0h:2m:54s left)
  39 K2P+G4       29867.786   part5.2+part5.3	0h:0m:39s (0h:2m:52s left)
  40 TVM+F+G4     29823.060   part2.3+part3.3	0h:0m:41s (0h:2m:56s left)
  41 K3Pu+F+G4    29835.088   part1.3+part3.3	0h:0m:43s (0h:2m:59s left)
  42 K2P+G4       29881.504   part2.3+part5.3	0h:0m:43s (0h:2m:56s left)
  43 K2P+G4       29869.796   part1.3+part5.3	0h:0m:44s (0h:2m:54s left)
  44 K2P+G4       29845.237   part4.1+part5.2	0h:0m:44s (0h:2m:50s left)
  45 TPM2u+F+G4   29837.243   part4.2+part5.2	0h:0m:45s (0h:2m:46s left)
  46 K2P+G4       29907.129   part2.3+part4.2	0h:0m:45s (0h:2m:43s left)
  47 HKY+F+I+G4   29978.715   part3.1+part3.3	0h:0m:48s (0h:2m:47s left)
  48 TIM3e+G4     29980.131   part1.2+part4.3	0h:0m:48s (0h:2m:44s left)
  49 K2P+G4       29876.100   part3.1+part5.3	0h:0m:49s (0h:2m:44s left)
  50 TIM3e+G4     29953.070   part1.1+part4.3	0h:0m:51s (0h:2m:44s left)
  51 TIM3+F+G4    29902.079   part2.3+part4.1	0h:0m:51s (0h:2m:41s left)
  52 TN+F+G4      29926.065   part1.3+part4.1	0h:0m:53s (0h:2m:42s left)
  53 TPM2+F+G4    29898.133   part1.3+part4.2	0h:0m:53s (0h:2m:38s left)
  54 K2P+G4       29845.949   part3.1+part4.2	0h:0m:53s (0h:2m:36s left)
  55 HKY+F+G4     29980.471   part2.2+part3.3	0h:0m:53s (0h:2m:32s left)
  56 HKY+F+G4     29846.229   part3.1+part4.1	0h:0m:56s (0h:2m:35s left)
  57 TPM3+F       29867.877   part2.2+part5.3	0h:0m:56s (0h:2m:33s left)
  58 K2P+G4       29839.391   part5.1+part5.2	0h:0m:57s (0h:2m:31s left)
  59 TNe+G4       29989.814   part2.1+part3.3	0h:0m:57s (0h:2m:27s left)
  60 K2P+G4       29876.511   part2.1+part5.3	0h:0m:57s (0h:2m:24s left)
  61 K2P+G4       29936.304   part3.2+part5.3	0h:1m:0s (0h:2m:27s left)
  62 K2P+I+G4     30054.449   part3.2+part3.3	0h:1m:0s (0h:2m:24s left)
  63 TPM2+F       29841.757   part2.2+part4.2	0h:1m:1s (0h:2m:24s left)
  64 HKY+F+G4     29871.601   part2.1+part4.2	0h:1m:2s (0h:2m:23s left)
  65 K2P+G4       29854.394   part2.2+part4.1	0h:1m:3s (0h:2m:23s left)
  66 TN+F+G4      29857.120   part2.1+part4.1	0h:1m:3s (0h:2m:20s left)
  67 K2P+G4       29927.871   part2.3+part5.1	0h:1m:5s (0h:2m:19s left)
  68 K2P+G4       29911.297   part1.3+part5.1	0h:1m:5s (0h:2m:17s left)
  69 K2P+G4       29880.340   part3.2+part4.1	0h:1m:6s (0h:2m:17s left)
  70 TPM2u+F+G4   29890.395   part3.2+part4.2	0h:1m:8s (0h:2m:17s left)
  71 TIM3e+G4     29846.478   part3.1+part5.1	0h:1m:10s (0h:2m:19s left)
  72 K2P+G4       29932.497   part2.3+part5.2	0h:1m:11s (0h:2m:17s left)
  73 K2P+G4       29896.460   part1.2+part5.3	0h:1m:11s (0h:2m:15s left)
  74 HKY+F+G4     29980.500   part1.2+part3.3	0h:1m:12s (0h:2m:13s left)
  75 K2P+G4       29913.954   part1.3+part5.2	0h:1m:12s (0h:2m:11s left)
  76 K2P+G4       29882.360   part1.1+part5.3	0h:1m:14s (0h:2m:11s left)
  77 K2P+G4       29951.108   part1.1+part3.3	0h:1m:14s (0h:2m:9s left)
  78 TPM3+F       29834.556   part2.2+part5.1	0h:1m:15s (0h:2m:8s left)
  79 TPM3u+F+G4   29862.710   part1.3+part2.3	0h:1m:15s (0h:2m:6s left)
  80 TPM2u+F+G4   29859.695   part1.2+part4.2	0h:1m:16s (0h:2m:5s left)
  81 TN+F+I       29867.031   part1.2+part4.1	0h:1m:16s (0h:2m:2s left)
  82 K2P+G4       29834.501   part3.1+part5.2	0h:1m:16s (0h:2m:0s left)
  83 TPM2u+F+G4   29845.031   part1.1+part4.2	0h:1m:17s (0h:1m:58s left)
  84 HKY+F        29865.756   part2.1+part5.1	0h:1m:17s (0h:1m:56s left)
  85 TN+F+G4      29841.320   part1.1+part4.1	0h:1m:18s (0h:1m:56s left)
  86 TIM3e+G4     29880.418   part3.2+part5.1	0h:1m:19s (0h:1m:55s left)
  87 K2P+G4       29884.559   part2.1+part5.2	0h:1m:19s (0h:1m:53s left)
  88 K2P+G4       29932.446   part2.3+part3.1	0h:1m:20s (0h:1m:52s left)
  89 TIM3+F+G4    29870.323   part2.2+part5.2	0h:1m:20s (0h:1m:50s left)
  90 K2P+G4       29921.281   part2.2+part2.3	0h:1m:21s (0h:1m:49s left)
  91 K2P+G4       29915.155   part1.3+part3.1	0h:1m:21s (0h:1m:47s left)
  92 K2P+G4       29929.125   part2.1+part2.3	0h:1m:22s (0h:1m:46s left)
  93 K2P+G4       29859.370   part3.2+part5.2	0h:1m:23s (0h:1m:45s left)
  94 K2P+G4       29855.693   part1.2+part5.1	0h:1m:23s (0h:1m:43s left)
  95 K2P+G4       29929.884   part1.3+part2.2	0h:1m:24s (0h:1m:43s left)
  96 TNe+G4       29945.991   part1.3+part2.1	0h:1m:24s (0h:1m:41s left)
  97 TPM3+F+G4    29847.997   part1.1+part5.1	0h:1m:25s (0h:1m:40s left)
  98 K2P+I+G4     29998.119   part2.3+part3.2	0h:1m:25s (0h:1m:38s left)
  99 TIM3e+G4     29868.487   part2.2+part3.1	0h:1m:25s (0h:1m:36s left)
 100 K2P+G4       29980.697   part1.3+part3.2	0h:1m:25s (0h:1m:35s left)
 101 K2P+G4       29895.894   part2.1+part3.1	0h:1m:26s (0h:1m:34s left)
 102 K2P+G4       29844.398   part1.2+part5.2	0h:1m:27s (0h:1m:33s left)
 103 TIM3e+G4     29849.354   part3.1+part3.2	0h:1m:27s (0h:1m:32s left)
 104 HKY+F+G4     29840.862   part1.1+part5.2	0h:1m:28s (0h:1m:31s left)
 105 HKY+F        29837.304   part2.1+part2.2	0h:1m:29s (0h:1m:30s left)
 106 K2P+G4       29943.679   part1.2+part2.3	0h:1m:29s (0h:1m:28s left)
 107 K2P+G4       29921.073   part1.1+part2.3	0h:1m:30s (0h:1m:27s left)
 108 K2P+G4       29929.028   part1.2+part1.3	0h:1m:30s (0h:1m:26s left)
 109 TIM3e+G4     29883.718   part2.2+part3.2	0h:1m:31s (0h:1m:25s left)
 110 TNe+G4       29916.978   part2.1+part3.2	0h:1m:31s (0h:1m:23s left)
 111 K2P+G4       29910.714   part1.1+part1.3	0h:1m:31s (0h:1m:22s left)
 112 TIM3e+G4     29844.687   part1.2+part3.1	0h:1m:33s (0h:1m:22s left)
 113 TPM3+F       29868.734   part1.2+part2.2	0h:1m:33s (0h:1m:21s left)
 114 TIM3e+G4     29828.646   part1.1+part3.1	0h:1m:33s (0h:1m:19s left)
 115 HKY+F        29890.009   part1.2+part2.1	0h:1m:33s (0h:1m:18s left)
 116 TPM3u+F      29851.237   part1.1+part2.2	0h:1m:34s (0h:1m:17s left)
 117 TNe+G4       29839.531   part1.2+part3.2	0h:1m:35s (0h:1m:16s left)
 118 TIM3e+I+G4   29833.083   part1.1+part3.2	0h:1m:35s (0h:1m:14s left)
 119 HKY+F+G4     29867.068   part1.1+part2.1	0h:1m:35s (0h:1m:13s left)
 120 TPM3+F+I+G4  29838.079   part1.1+part1.2	0h:1m:35s (0h:1m:12s left)
Merging part3.3+part4.3 with BIC score: 29820.363 (LnL: -14385.583  df: 136)
 121 HKY+F+G4     29994.207   part3.3+part4.3+part5.2	0h:1m:44s (0h:1m:17s left)
 122 TIM2e+G4     29964.741   part3.3+part4.2+part4.3	0h:1m:45s (0h:1m:17s left)
 123 K3Pu+F+I+G4  29991.247   part3.1+part3.3+part4.3	0h:1m:46s (0h:1m:15s left)
 124 TIM3e+G4     29975.998   part3.3+part4.3+part5.1	0h:1m:46s (0h:1m:14s left)
 125 K3Pu+F+G4    29797.451   part1.3+part3.3+part4.3	0h:1m:47s (0h:1m:13s left)
 126 HKY+F+G4     29912.048   part3.3+part4.3+part5.3	0h:1m:47s (0h:1m:12s left)
 127 TIM+F+G4     29961.326   part3.3+part4.1+part4.3	0h:1m:48s (0h:1m:11s left)
 128 K3Pu+F+G4    29795.795   part2.3+part3.3+part4.3	0h:1m:48s (0h:1m:10s left)
 129 TIM3e+G4     30099.715   part3.2+part3.3+part4.3	0h:1m:55s (0h:1m:13s left)
 130 HKY+F+G4     29962.865   part2.2+part3.3+part4.3	0h:1m:55s (0h:1m:11s left)
 131 TN+F+G4      29971.257   part2.1+part3.3+part4.3	0h:1m:55s (0h:1m:10s left)
 132 HKY+F+G4     29982.250   part1.2+part3.3+part4.3	0h:1m:55s (0h:1m:9s left)
 133 TN+F+G4      29962.464   part1.1+part3.3+part4.3	0h:1m:56s (0h:1m:8s left)
Merging part1.1+part3.1 with BIC score: 29792.083 (LnL: -14398.445  df: 129)
 134 TIM3e+I+G4   29778.949   part1.1+part3.1+part3.2	0h:1m:58s (0h:1m:8s left)
 135 K2P+G4       29777.138   part1.1+part3.1+part5.2	0h:1m:59s (0h:1m:7s left)
 136 TPM3u+F+G4   29789.496   part1.1+part3.1+part5.1	0h:2m:0s (0h:1m:6s left)
 137 K2P+G4       29882.118   part1.1+part1.3+part3.1	0h:2m:1s (0h:1m:5s left)
 138 HKY+F+G4     29796.168   part1.1+part3.1+part4.2	0h:2m:1s (0h:1m:4s left)
 139 HKY+F+G4     29782.161   part1.1+part3.1+part4.1	0h:2m:1s (0h:1m:2s left)
 140 K2P+G4       29837.633   part1.1+part3.1+part5.3	0h:2m:1s (0h:1m:1s left)
 141 HKY+F+G4     29905.342   part1.1+part2.3+part3.1	0h:2m:1s (0h:1m:0s left)
 142 HKY+F+G4     29838.373   part1.1+part2.1+part3.1	0h:2m:2s (0h:0m:59s left)
 143 TIM3e+G4     29811.389   part1.1+part2.2+part3.1	0h:2m:3s (0h:0m:58s left)
 144 TIM3e+I+G4   29775.764   part1.1+part1.2+part3.1	0h:2m:3s (0h:0m:57s left)
 145 HKY+F+I+G4   30052.036   part1.1+part3.1+part3.3+part4.3	0h:2m:6s (0h:0m:57s left)
Merging part2.3+part3.3+part4.3 with BIC score: 29767.515 (LnL: -14413.162  df: 122)
 146 HKY+F+I+G4   30081.975   part2.3+part3.2+part3.3+part4.3	0h:2m:17s (0h:1m:1s left)
 147 HKY+F+G4     29961.705   part2.3+part3.3+part4.3+part5.2	0h:2m:18s (0h:1m:0s left)
 148 TN+F+G4      29933.515   part2.3+part3.3+part4.2+part4.3	0h:2m:18s (0h:0m:58s left)
 149 K3Pu+F+G4    29915.631   part2.2+part2.3+part3.3+part4.3	0h:2m:19s (0h:0m:57s left)
 150 TN+F+G4      29940.566   part2.3+part3.3+part4.3+part5.1	0h:2m:19s (0h:0m:56s left)
 151 TN+F+G4      29919.524   part2.1+part2.3+part3.3+part4.3	0h:2m:20s (0h:0m:55s left)
 152 HKY+F+G4     29866.449   part2.3+part3.3+part4.3+part5.3	0h:2m:20s (0h:0m:54s left)
 153 K3Pu+F+G4    29751.180   part1.3+part2.3+part3.3+part4.3	0h:2m:20s (0h:0m:53s left)
 154 HKY+F+G4     29944.742   part1.2+part2.3+part3.3+part4.3	0h:2m:26s (0h:0m:54s left)
 155 TIM+F+G4     30061.854   part1.1+part2.3+part3.1+part3.3+part4.3	0h:2m:26s (0h:0m:53s left)
 156 TIM+F+G4     29911.194   part2.3+part3.3+part4.1+part4.3	0h:2m:26s (0h:0m:51s left)
Merging part2.2+part5.1 with BIC score: 29745.146 (LnL: -14413.550  df: 119)
 157 TIM3+F+G4    29788.846   part2.2+part3.2+part5.1	0h:2m:31s (0h:0m:51s left)
 158 TPM3+F       29739.669   part2.1+part2.2+part5.1	0h:2m:31s (0h:0m:50s left)
 159 TPM3u+F+G4   29745.188   part2.2+part5.1+part5.2	0h:2m:31s (0h:0m:49s left)
 160 TIM3e+G4     29750.669   part2.2+part4.1+part5.1	0h:2m:33s (0h:0m:48s left)
 161 TPM3+F+G4    29765.075   part2.2+part5.1+part5.3	0h:2m:33s (0h:0m:47s left)
 162 TPM3u+F+G4   29732.138   part2.2+part4.2+part5.1	0h:2m:33s (0h:0m:46s left)
 163 HKY+F+G4     29861.904   part1.3+part2.2+part5.1	0h:2m:33s (0h:0m:45s left)
 164 TPM3+F       29757.537   part1.2+part2.2+part5.1	0h:2m:35s (0h:0m:44s left)
 165 TPM3u+F+G4   29763.395   part1.1+part2.2+part3.1+part5.1	0h:2m:35s (0h:0m:43s left)
 166 TN+F+G4      30037.024   part2.2+part2.3+part3.3+part4.3+part5.1	0h:2m:37s (0h:0m:42s left)
Merging part4.2+part5.2 with BIC score: 29725.463 (LnL: -14415.280  df: 116)
 167 TPM2+F+G4    29752.806   part2.1+part4.2+part5.2	0h:2m:42s (0h:0m:42s left)
 168 TPM2u+F+G4   29720.820   part1.2+part4.2+part5.2	0h:2m:42s (0h:0m:41s left)
 169 TPM2u+F+G4   29750.644   part3.2+part4.2+part5.2	0h:2m:43s (0h:0m:40s left)
 170 TPM2+F+G4    29720.502   part4.1+part4.2+part5.2	0h:2m:43s (0h:0m:39s left)
 171 TPM2+F+G4    29717.077   part2.2+part4.2+part5.1+part5.2	0h:2m:43s (0h:0m:38s left)
 172 TPM2u+F+G4   29788.315   part1.3+part4.2+part5.2	0h:2m:45s (0h:0m:37s left)
 173 TPM2u+F+G4   29731.059   part4.2+part5.2+part5.3	0h:2m:45s (0h:0m:36s left)
 174 HKY+F+G4     29722.310   part1.1+part3.1+part4.2+part5.2	0h:2m:47s (0h:0m:35s left)
 175 TIM2e+G4     30015.906   part2.3+part3.3+part4.2+part4.3+part5.2	0h:2m:48s (0h:0m:34s left)
Merging part1.2+part3.2 with BIC score: 29708.068 (LnL: -14418.155  df: 113)
 176 TNe+G4       29774.616   part1.2+part2.1+part3.2	0h:2m:51s (0h:0m:34s left)
 177 TIM3e+I+G4   29690.479   part1.1+part1.2+part3.1+part3.2	0h:2m:52s (0h:0m:33s left)
 178 K2P+G4       29736.939   part1.2+part3.2+part4.1	0h:2m:53s (0h:0m:32s left)
 179 TIM3+F+G4    29759.039   part1.2+part2.2+part3.2+part5.1	0h:2m:53s (0h:0m:30s left)
 180 K2P+I+G4     29856.272   part1.2+part1.3+part3.2	0h:2m:53s (0h:0m:29s left)
 181 K2P+G4       29804.033   part1.2+part3.2+part5.3	0h:2m:53s (0h:0m:28s left)
 182 TPM2u+F+G4   29735.346   part1.2+part3.2+part4.2+part5.2	0h:2m:54s (0h:0m:27s left)
 183 HKY+F+I+G4   30121.114   part1.2+part2.3+part3.2+part3.3+part4.3	0h:2m:56s (0h:0m:26s left)
Merging part1.1+part1.2+part3.1+part3.2 with BIC score: 29690.479 (LnL: -14420.932  df: 110)
 184 TIM3+F+G4    29767.801   part1.1+part1.2+part2.1+part3.1+part3.2	0h:3m:0s (0h:0m:26s left)
 185 TIM3+F+G4    29737.589   part1.1+part1.2+part2.2+part3.1+part3.2+part5.1	0h:3m:1s (0h:0m:25s left)
 186 TPM3u+F+G4   29717.955   part1.1+part1.2+part3.1+part3.2+part4.1	0h:3m:2s (0h:0m:24s left)
 187 K2P+I+G4     29848.079   part1.1+part1.2+part1.3+part3.1+part3.2	0h:3m:2s (0h:0m:23s left)
 188 TIM3e+G4     29788.049   part1.1+part1.2+part3.1+part3.2+part5.3	0h:3m:2s (0h:0m:22s left)
 189 TPM2u+F+G4   29720.496   part1.1+part1.2+part3.1+part3.2+part4.2+part5.2	0h:3m:2s (0h:0m:21s left)
 190 HKY+F+I+G4   30219.699   part1.1+part1.2+part2.3+part3.1+part3.2+part3.3+part4.3	0h:3m:5s (0h:0m:20s left)
Merging part1.3+part2.3+part3.3+part4.3 with BIC score: 29674.143 (LnL: -14428.194  df: 106)
 191 HKY+F+I+G4   30238.598   part1.1+part1.2+part1.3+part2.3+part3.1+part3.2+part3.3+part4.3	0h:3m:17s (0h:0m:20s left)
 192 TIM+F+G4     29831.736   part1.3+part2.1+part2.3+part3.3+part4.3	0h:3m:19s (0h:0m:19s left)
 193 HKY+F+G4     29971.719   part1.3+part2.2+part2.3+part3.3+part4.3+part5.1	0h:3m:19s (0h:0m:18s left)
 194 TPM2u+F+G4   29977.823   part1.3+part2.3+part3.3+part4.2+part4.3+part5.2	0h:3m:19s (0h:0m:17s left)
 195 HKY+F+G4     29772.778   part1.3+part2.3+part3.3+part4.3+part5.3	0h:3m:20s (0h:0m:16s left)
 196 TIM+F+G4     29824.684   part1.3+part2.3+part3.3+part4.1+part4.3	0h:3m:20s (0h:0m:15s left)
Merging part2.2+part4.2+part5.1+part5.2 with BIC score: 29665.757 (LnL: -14447.145  df: 100)
 197 TPM3u+F+G4   29717.017   part1.1+part1.2+part2.2+part3.1+part3.2+part4.2+part5.1+part5.2	0h:3m:26s (0h:0m:14s left)
 198 HKY+F+G4     29674.300   part2.1+part2.2+part4.2+part5.1+part5.2	0h:3m:26s (0h:0m:13s left)
 199 TPM2+F+G4    29662.572   part2.2+part4.1+part4.2+part5.1+part5.2	0h:3m:26s (0h:0m:12s left)
 200 TPM3u+F+G4   29676.658   part2.2+part4.2+part5.1+part5.2+part5.3	0h:3m:28s (0h:0m:11s left)
 201 TIM2+F+G4    30132.198   part1.3+part2.2+part2.3+part3.3+part4.2+part4.3+part5.1+part5.2	0h:3m:31s (0h:0m:10s left)
Merging part2.2+part4.1+part4.2+part5.1+part5.2 with BIC score: 29662.572 (LnL: -14472.553  df: 93)
 202 HKY+F+G4     29670.720   part2.1+part2.2+part4.1+part4.2+part5.1+part5.2	0h:3m:37s (0h:0m:9s left)
 203 TPM3u+F+G4   29676.437   part2.2+part4.1+part4.2+part5.1+part5.2+part5.3	0h:3m:37s (0h:0m:8s left)
 204 TPM3u+F+G4   29713.582   part1.1+part1.2+part2.2+part3.1+part3.2+part4.1+part4.2+part5.1+part5.2	0h:3m:37s (0h:0m:7s left)
 205 TIM2+F+G4    30164.072   part1.3+part2.2+part2.3+part3.3+part4.1+part4.2+part4.3+part5.1+part5.2	0h:3m:43s (0h:0m:6s left)
BEST-FIT PARTITION MODEL: 
  charpartition BIC = TIM3e+I+G4: part1.1 part1.2 part3.1 part3.2, K3Pu+F+G4: part1.3 part2.3 part3.3 part4.3, F81+F: part2.1, TPM2+F+G4: part2.2 part4.1 part4.2 part5.1 part5.2, K2P+G4: part5.3;
Agglomerative model selection: (((part1.1,part3.1)2:29792.1,(part1.2,part3.2)6:29708.1)7:29690.5,(part1.3,(part2.3,(part3.3,part4.3)1:29820.4)3:29767.5)8:29674.1,part2.1,(((part2.2,part5.1)4:29745.1,(part4.2,part5.2)5:29725.5)9:29665.8,part4.1)10:29662.6,part5.3)
Merging into 5 partitions...
Partition information was printed to 4_set251.best_scheme.nex
Partition information in Raxml format was printed to 4_set251.best_scheme

All model information printed to 4_set251.model.gz
CPU time for ModelFinder: 503.055 seconds (0h:8m:23s)
Wall-clock time for ModelFinder: 224.632 seconds (0h:3m:44s)
Generating 1000 samples for ultrafast bootstrap (seed: 59148)...

NOTE: 11 MB RAM (0 GB) is required!
Measuring multi-threading efficiency up to 8 CPU cores
Increase to 10 rounds for branch lengths
29 trees examined
Threads: 1 / Time: 8.211 sec / Speedup: 1.000 / Efficiency: 100% / LogL: -22317
Threads: 2 / Time: 16.342 sec / Speedup: 0.502 / Efficiency: 25% / LogL: -22317
BEST NUMBER OF THREADS: 1

Estimate model parameters (epsilon = 0.100)
Initial log-likelihood: -15558.769
Current log-likelihood at step 1: -14579.069
Current log-likelihood at step 2: -14489.993
Current log-likelihood at step 3: -14474.356
Current log-likelihood at step 4: -14473.009
Current log-likelihood at step 5: -14472.019
Current log-likelihood at step 6: -14471.329
Current log-likelihood at step 7: -14470.881
Current log-likelihood at step 8: -14470.583
Current log-likelihood at step 9: -14470.394
Current log-likelihood at step 10: -14470.276
Current log-likelihood at step 11: -14470.203
Partition-specific rates:  0.292 2.464 0.577 0.535 0.891
Parameters optimization took 10 rounds (2.901 sec)

Computing ML distances based on estimated model parameters... 0.052 sec
Computing BIONJ tree...
0.009 seconds
Log-likelihood of BIONJ tree: -14489.290
--------------------------------------------------------------------
|             INITIALIZING CANDIDATE TREE SET                      |
--------------------------------------------------------------------
Generating 98 parsimony trees... 2.726 second
Computing log-likelihood of 98 initial trees ... 9.408 seconds
Current best score: -14459.149

Do NNI search on 20 best initial trees
Estimate model parameters (epsilon = 0.100)
Initial log-likelihood: -14453.273
Current log-likelihood at step 1: -14453.128
Current log-likelihood at step 2: -14453.094
Parameters optimization took 1 rounds (0.476 sec)

BETTER TREE FOUND at iteration 1: -14453.094
UPDATE BEST LOG-LIKELIHOOD: -14453.094
UPDATE BEST LOG-LIKELIHOOD: -14453.094
UPDATE BEST LOG-LIKELIHOOD: -14453.094
Iteration 10 / LogL: -14453.098 / Time: 0h:0m:47s
Iteration 20 / LogL: -14457.380 / Time: 0h:0m:55s
Finish initializing candidate tree set (2)
Current best tree score: -14453.094 / CPU time: 27.246
Number of iterations: 20
--------------------------------------------------------------------
|               OPTIMIZING CANDIDATE TREE SET                      |
--------------------------------------------------------------------
Iteration 30 / LogL: -14457.291 / Time: 0h:1m:4s (0h:2m:38s left)
Iteration 40 / LogL: -14453.096 / Time: 0h:1m:14s (0h:1m:56s left)
Iteration 50 / LogL: -14453.095 / Time: 0h:1m:24s (0h:1m:27s left)
Log-likelihood cutoff on original alignment: -14496.340
UPDATE BEST LOG-LIKELIHOOD: -14453.094
Iteration 60 / LogL: -14453.106 / Time: 0h:1m:35s (0h:1m:6s left)
Iteration 70 / LogL: -14453.315 / Time: 0h:1m:45s (0h:0m:47s left)
UPDATE BEST LOG-LIKELIHOOD: -14453.094
Iteration 80 / LogL: -14453.096 / Time: 0h:1m:56s (0h:0m:30s left)
Iteration 90 / LogL: -14453.096 / Time: 0h:2m:5s (0h:0m:15s left)
UPDATE BEST LOG-LIKELIHOOD: -14453.093
Iteration 100 / LogL: -14453.102 / Time: 0h:2m:15s (0h:0m:1s left)
Log-likelihood cutoff on original alignment: -14496.340
NOTE: Bootstrap correlation coefficient of split occurrence frequencies: 0.999
TREE SEARCH COMPLETED AFTER 102 ITERATIONS / Time: 0h:2m:18s

--------------------------------------------------------------------
|                    FINALIZING TREE SEARCH                        |
--------------------------------------------------------------------
Performs final model parameters optimization
Estimate model parameters (epsilon = 0.010)
Initial log-likelihood: -14453.092
Current log-likelihood at step 1: -14453.072
Current log-likelihood at step 2: -14453.061
Current log-likelihood at step 3: -14453.053
Partition-specific rates:  0.279 2.482 0.578 0.530 0.894
Parameters optimization took 2 rounds (0.470 sec)

BEST SCORE FOUND : -14453.053
Creating bootstrap support values...
Split supports printed to NEXUS file 4_set251.splits.nex
Total tree length: 1.325

Total number of iterations: 102
CPU time used for tree search: 65.112 sec (0h:1m:5s)
Wall-clock time used for tree search: 110.897 sec (0h:1m:50s)
Total CPU time used: 79.976 sec (0h:1m:19s)
Total wall-clock time used: 139.880 sec (0h:2m:19s)

Computing bootstrap consensus tree...
Reading input file 4_set251.splits.nex...
35 taxa and 138 splits.
Consensus tree written to 4_set251.contree
Reading input trees file 4_set251.contree
Log-likelihood of consensus tree: -14453.054

Analysis results written to: 
  IQ-TREE report:                4_set251.iqtree
  Maximum-likelihood tree:       4_set251.treefile
  Likelihood distances:          4_set251.mldist
  Best partitioning scheme:      4_set251.best_scheme.nex
           in RAxML format:      4_set251.best_scheme

Ultrafast bootstrap approximation results written to:
  Split support values:          4_set251.splits.nex
  Consensus tree:                4_set251.contree
  Screen log file:               4_set251.log

Date and Time: Sat Sep  8 06:37:03 2018
