IQ-TREE multicore version 1.6.7 for Mac OS X 64-bit built Aug 23 2018
Developed by Bui Quang Minh, Nguyen Lam Tung, Olga Chernomor,
Heiko Schmidt, Dominik Schrempf, Michael Woodhams.

Host:    meeps-mac-pro.staff.sydney.edu.au (AVX, 64 GB RAM)
Command: /Users/davidduchene/Desktop/Software/iqtree-1.6.7-MacOSX/bin/iqtree -s ../../../../marsupials/set114.fasta -m TESTMERGE -bb 1000 -q ../../../../marsupials/set114.nex -nt AUTO -pre 2_set114
Seed:    487095 (Using SPRNG - Scalable Parallel Random Number Generator)
Time:    Fri Sep  7 06:58:53 2018
Kernel:  AVX - auto-detect threads (8 CPU cores detected)

Reading partition model file ../../../../marsupials/set114.nex ...
Reading alignment file ../../../../marsupials/set114.fasta ... Fasta format detected
Alignment most likely contains DNA/RNA sequences
Alignment has 35 sequences with 2292 columns, 975 distinct patterns
501 parsimony-informative, 361 singleton sites, 1430 constant sites
                                              Gap/Ambiguity  Composition  p-value
   1  Burramyidae_Burramys_parvus                     4.14%    passed     91.71%
   2  Notoryctidae_Notoryctes_typhlops                6.72%    passed     94.09%
   3  Vombatidae_Lasiorhinus_latifrons                0.48%    passed     97.05%
   4  Potoroidae_Bettongia_penicillata                0.26%    passed     97.22%
   5  Potoroidae_Bettongia_lesueur                    0.17%    passed     98.24%
   6  Dasyuridae_Dasyurus_maculatus                   0.79%    passed     88.69%
   7  Phalangeridae_Trichosurus_vulpecula             1.40%    passed     82.37%
   8  Phalangeridae_Spilocuscus_maculatus             0.57%    passed     87.38%
   9  Potoroidae_Aepyprymnus_rufescens                0.17%    passed     90.80%
  10  Peramelidae_Perameles_nasuta                    6.98%    passed     94.68%
  11  Phalangeridae_Strigocuscus_pelengensis          1.88%    passed     78.25%
  12  Dasyuridae_Phascogale_tapoatafa                 0.61%    passed     66.91%
  13  Dasyuridae_Sminthopsis_macroura                 0.57%    passed     94.81%
  14  Phalangeridae_Phalanger_orientalis              0.31%    passed     64.14%
  15  Acrobatidae_Acrobates_pygmaeus                  0.79%    passed     54.41%
  16  Dasyuridae_Phascogale_calura                    0.96%    passed     81.91%
  17  Dasyuridae_Sarcophilus_harrisii                 0.74%    passed     97.08%
  18  Dasyuridae_Planigale_tenuirostris              28.01%    passed     77.78%
  19  Peramelidae_Echymipera_kalubu                  16.27%    passed     68.76%
  20  Macropodidae_Dorcopsulus_vanheurni              0.04%    passed     98.02%
  21  Pseudochiridae_Pseudochirulus_forbesi           0.35%    passed     94.38%
  22  Didelphidae_Didelphis_virginiana                0.57%    passed     53.72%
  23  Marmosidae_Monodelphis_domestica                0.96%    passed     90.91%
  24  Dasyuridae_Antechinus_stuartii                 19.76%    passed     68.77%
  25  Hypsiprymnodontidae_Hypsiprymnodon_moschatus    0.04%    passed     93.24%
  26  Microbiotheriidae_Dromiciops_gliroides          1.88%    passed     98.35%
  27  Pseudochiridae_Petauroides_volans               1.22%    passed     92.84%
  28  Macropodidae_Wallabia_bicolor                   1.31%    passed     87.63%
  29  Pseudochiridae_Pseudocheirus_occidentalis      20.94%    passed     73.90%
  30  Tarsipedidae_Tarsipes_rostratus                 1.31%    passed     81.57%
  31  Acrobatidae_Distoechurus_pennatus               3.97%    passed     98.42%
  32  Phalangeridae_Phalanger_carmelitae              0.09%    passed     66.41%
  33  Peramelidae_Peroryctes_raffrayana               7.64%    passed     80.95%
  34  Dasyuridae_Dasyurus_geffroii                    0.87%    passed     95.04%
  35  Peramelidae_Perameles_gunnii                    0.39%    passed     77.29%
****  TOTAL                                           3.80%  0 sequences failed composition chi2 test (p-value<5%; df=3)
NOTE: No CharPartition defined, use all CharSets

Loading 15 partitions...
Subset	Type	Seqs	Sites	Infor	Invar	Model	Name
1		34	87	9	65	TESTMERGE	part1.1
2		34	87	7	70	TESTMERGE	part1.2
3		34	87	41	27	TESTMERGE	part1.3
4		34	67	0	61	TESTMERGE	part2.1
WARNING: No parsimony-informative sites in partition part2.1
5		34	67	0	61	TESTMERGE	part2.2
WARNING: No parsimony-informative sites in partition part2.2
6		34	67	23	23	TESTMERGE	part2.3
7		35	350	44	265	TESTMERGE	part3.1
8		35	350	48	276	TESTMERGE	part3.2
9		35	350	218	63	TESTMERGE	part3.3
10		35	133	11	109	TESTMERGE	part4.1
11		35	133	6	112	TESTMERGE	part4.2
12		35	133	50	59	TESTMERGE	part4.3
13		35	127	15	82	TESTMERGE	part5.1
14		35	127	15	83	TESTMERGE	part5.2
15		35	127	14	74	TESTMERGE	part5.3
Degree of missing data: 0.006
Info: multi-threading strategy over partitions



Create initial parsimony tree by phylogenetic likelihood library (PLL)... 0.007 seconds
NOTE: ModelFinder requires 10 MB RAM!
NUMBER OF THREADS FOR PARTITION FINDING: 8
Testing GTR+F+G on supermatrix...
GTR+F+G4 / LnL: -12202.049 / df: 76 / AIC: 24556.098 / AICc: 24561.382 / BIC: 24992.124
Selecting individual models for 15 charsets using BIC...
 No. Model        Score       Charset
   1 K2P+G4       1176.670    part5.2
   2 TN+F+G4      1131.766    part5.1
   3 HKY+F+G4     1559.520    part1.3
   4 HKY+F        1189.874    part5.3
   5 TNe+G4       2548.019    part3.2
   6 TIM2+F+G4    2738.596    part3.1
   7 TPM2u+F+G4   1965.160    part4.3
   8 TNe          919.785     part2.3
   9 K2P+G4       854.569     part4.1
  10 K2P+G4       663.153     part1.1	0h:0m:9s (0h:3m:1s left)
  11 TIM2e+G4     7532.561    part3.3	0h:0m:11s (0h:3m:21s left)
  12 K2P+G4       591.954     part1.2	0h:0m:12s (0h:3m:25s left)
  13 TN+F+G4      785.041     part4.2	0h:0m:13s (0h:3m:18s left)
  14 JC+I+G4      310.288     part2.2	0h:0m:13s (0h:3m:5s left)
  15 JC+I+G4      297.892     part2.1	0h:0m:13s (0h:2m:52s left)
Full partition model BIC score: 24934.755 (LnL: -11995.409  df:122)
Merging models to increase model fit (about 211 total partition schemes)...
  16 TPM2u+F+G4   24934.961   part2.3+part3.3	0h:0m:20s (0h:4m:13s left)
  17 TPM2u+F+G4   24913.555   part1.3+part3.3	0h:0m:21s (0h:4m:8s left)
  18 TPM2+F+G4    24922.312   part3.3+part5.3	0h:0m:22s (0h:3m:56s left)
  19 K2P+G4       24920.503   part3.3+part5.2	0h:0m:22s (0h:3m:43s left)
  20 TPM2+F+G4    24953.098   part3.3+part4.3	0h:0m:22s (0h:3m:33s left)
  21 TIM2e+G4     24913.651   part3.3+part5.1	0h:0m:22s (0h:3m:23s left)
  22 TPM2+F+G4    24954.784   part3.1+part3.3	0h:0m:24s (0h:3m:28s left)
  23 K3P+G4       24965.591   part3.2+part3.3	0h:0m:24s (0h:3m:22s left)
  24 TIM2e+G4     24933.640   part3.3+part4.1	0h:0m:30s (0h:3m:59s left)
  25 TIM2e+G4     24925.152   part1.1+part3.3	0h:0m:34s (0h:4m:16s left)
  26 TIM2+F+G4    24911.661   part3.1+part4.3	0h:0m:35s (0h:4m:10s left)
  27 TIM2e+G4     24945.524   part2.1+part3.3	0h:0m:35s (0h:4m:0s left)
  28 K2P+G4       24951.736   part2.2+part3.3	0h:0m:35s (0h:3m:51s left)
  29 K2P+G4       24943.107   part3.3+part4.2	0h:0m:35s (0h:3m:43s left)
  30 TIM2e+G4     24928.717   part1.2+part3.3	0h:0m:35s (0h:3m:36s left)
  31 TPM2u+F+I+G4 24913.186   part3.1+part3.2	0h:0m:37s (0h:3m:37s left)
  32 K2P+G4       24970.616   part3.1+part5.3	0h:0m:39s (0h:3m:42s left)
  33 TPM2u+F+G4   24963.681   part2.3+part3.1	0h:0m:42s (0h:3m:47s left)
  34 K2P+G4       24944.618   part1.3+part3.1	0h:0m:44s (0h:3m:49s left)
  35 TPM2u+F+I+G4 24927.453   part3.1+part4.1	0h:0m:44s (0h:3m:43s left)
  36 HKY+F+I+G4   24939.441   part3.2+part4.3	0h:0m:44s (0h:3m:36s left)
  37 TIM2+F+G4    24940.608   part3.1+part5.1	0h:0m:46s (0h:3m:38s left)
  38 TIM2+F+G4    24936.929   part3.1+part5.2	0h:0m:46s (0h:3m:32s left)
  39 TNe+G4       24974.271   part3.2+part5.3	0h:0m:46s (0h:3m:25s left)
  40 K2P+G4       24944.409   part1.3+part3.2	0h:0m:47s (0h:3m:23s left)
  41 K2P+G4       24975.315   part4.3+part5.3	0h:0m:51s (0h:3m:35s left)
  42 TPM2u+F+G4   24930.297   part1.1+part3.1	0h:0m:53s (0h:3m:35s left)
  43 K2P+G4       24952.528   part1.3+part4.3	0h:0m:55s (0h:3m:35s left)
  44 TN+F+I+G4    24915.442   part3.1+part4.2	0h:0m:55s (0h:3m:30s left)
  45 K2P+G4       24955.311   part4.3+part5.1	0h:0m:57s (0h:3m:31s left)
  46 TPM2u+F+I+G4 24936.967   part1.2+part3.1	0h:0m:57s (0h:3m:26s left)
  47 K2P+G4       24945.901   part3.2+part5.1	0h:0m:58s (0h:3m:23s left)
  48 HKY+F+G4     24949.152   part3.2+part5.2	0h:1m:0s (0h:3m:24s left)
  49 TN+F+G4      24956.711   part4.3+part5.2	0h:1m:2s (0h:3m:25s left)
  50 TPM3u+F+G4   24912.229   part1.3+part5.3	0h:1m:5s (0h:3m:30s left)
  51 TNe+G4       24968.500   part2.3+part3.2	0h:1m:6s (0h:3m:27s left)
  52 TN+F         24918.761   part5.1+part5.3	0h:1m:8s (0h:3m:28s left)
  53 TIM2+F+I+G4  24937.034   part2.1+part3.1	0h:1m:8s (0h:3m:24s left)
  54 TNe+I+G4     24927.231   part3.2+part4.1	0h:1m:10s (0h:3m:25s left)
  55 K3Pu+F+I+G4  24954.557   part2.2+part3.1	0h:1m:10s (0h:3m:20s left)
  56 TN+F+G4      24903.800   part1.3+part5.1	0h:1m:12s (0h:3m:21s left)
  57 TNe+G4       24925.845   part1.1+part3.2	0h:1m:13s (0h:3m:17s left)
  58 K2P+G4       24928.866   part5.2+part5.3	0h:1m:15s (0h:3m:17s left)
  59 TPM2u+F+G4   24972.300   part2.3+part4.3	0h:1m:16s (0h:3m:16s left)
  60 K2P+G4       24914.448   part1.3+part5.2	0h:1m:17s (0h:3m:14s left)
  61 TPM2u+F+G4   24959.725   part4.1+part4.3	0h:1m:19s (0h:3m:15s left)
  62 TN+F+G4      24914.650   part5.1+part5.2	0h:1m:21s (0h:3m:15s left)
  63 HKY+F+I+G4   24918.301   part3.2+part4.2	0h:1m:24s (0h:3m:18s left)
  64 HKY+F+G4     24953.723   part1.1+part4.3	0h:1m:24s (0h:3m:13s left)
  65 TNe+I+G4     24929.335   part1.2+part3.2	0h:1m:26s (0h:3m:14s left)
  66 HKY+F+G4     24937.807   part4.2+part4.3	0h:1m:27s (0h:3m:11s left)
  67 K2P+G4       24945.238   part4.1+part5.3	0h:1m:27s (0h:3m:8s left)
  68 HKY+F+G4     24953.964   part1.2+part4.3	0h:1m:28s (0h:3m:5s left)
  69 TPM3+F       24932.359   part2.3+part5.3	0h:1m:29s (0h:3m:3s left)
  70 K2P+G4       24934.772   part1.1+part5.3	0h:1m:30s (0h:3m:3s left)
  71 K2P+G4       24924.518   part1.3+part4.1	0h:1m:32s (0h:3m:3s left)
  72 TPM3u+F+G4   24927.446   part1.3+part2.3	0h:1m:33s (0h:3m:0s left)
  73 K2P+G4       24921.261   part2.3+part5.1	0h:1m:35s (0h:2m:59s left)
  74 K2P+G4       24923.342   part4.1+part5.1	0h:1m:37s (0h:2m:59s left)
  75 HKY+F+G4     24924.729   part1.1+part1.3	0h:1m:39s (0h:2m:59s left)
  76 HKY+F+G4     24918.370   part1.1+part5.1	0h:1m:41s (0h:3m:0s left)
  77 TNe+I+G4     24927.691   part2.1+part3.2	0h:1m:42s (0h:2m:59s left)
  78 TNe+I+G4     24941.384   part2.2+part3.2	0h:1m:43s (0h:2m:55s left)
  79 K2P+G4       24953.267   part4.2+part5.3	0h:1m:43s (0h:2m:52s left)
  80 HKY+F+G4     24941.002   part1.2+part5.3	0h:1m:43s (0h:2m:49s left)
  81 K2P+G4       24930.448   part2.3+part5.2	0h:1m:44s (0h:2m:47s left)
  82 K2P+G4       24926.195   part4.1+part5.2	0h:1m:45s (0h:2m:46s left)
  83 K2P+G4       24932.876   part1.3+part4.2	0h:1m:46s (0h:2m:44s left)
  84 HKY+F+G4     24923.815   part1.2+part1.3	0h:1m:48s (0h:2m:43s left)
  85 HKY+F+G4     24928.181   part1.1+part5.2	0h:1m:50s (0h:2m:43s left)
  86 HKY+F+G4     24976.379   part2.2+part4.3	0h:1m:52s (0h:2m:43s left)
  87 K2P+G4       24920.210   part1.2+part5.1	0h:1m:53s (0h:2m:41s left)
  88 HKY+F+G4     24961.792   part2.1+part4.3	0h:1m:53s (0h:2m:39s left)
  89 TN+F+G4      24935.639   part4.2+part5.1	0h:1m:54s (0h:2m:37s left)
  90 HKY+F+G4     24929.502   part4.2+part5.2	0h:1m:55s (0h:2m:34s left)
  91 K2P+G4       24923.947   part1.2+part5.2	0h:1m:56s (0h:2m:33s left)
  92 K2P+G4       24947.433   part2.3+part4.1	0h:1m:56s (0h:2m:31s left)
  93 K2P+G4       24958.605   part2.1+part5.3	0h:1m:58s (0h:2m:30s left)
  94 HKY+F+G4     24963.994   part2.2+part5.3	0h:1m:58s (0h:2m:27s left)
  95 K2P+G4       24936.031   part1.1+part2.3	0h:1m:58s (0h:2m:24s left)
  96 TNe+G4       24922.160   part1.1+part4.1	0h:1m:58s (0h:2m:22s left)
  97 HKY+F+G4     24945.263   part1.3+part2.2	0h:1m:58s (0h:2m:19s left)
  98 HKY+F+G4     24936.580   part2.1+part5.1	0h:2m:1s (0h:2m:20s left)
  99 K2P+G4       24937.651   part1.3+part2.1	0h:2m:1s (0h:2m:18s left)
 100 HKY+F+G4     24948.061   part2.2+part5.1	0h:2m:3s (0h:2m:16s left)
 101 K2P+G4       24956.712   part2.3+part4.2	0h:2m:3s (0h:2m:15s left)
 102 K2P+G4       24941.344   part1.2+part2.3	0h:2m:5s (0h:2m:13s left)
 103 K2P+G4       24919.292   part1.2+part4.1	0h:2m:5s (0h:2m:11s left)
 104 HKY+F+G4     24931.182   part1.1+part4.2	0h:2m:7s (0h:2m:11s left)
 105 K2P+I+G4     24920.420   part4.1+part4.2	0h:2m:7s (0h:2m:9s left)
 106 HKY+F+G4     24947.350   part2.1+part5.2	0h:2m:8s (0h:2m:7s left)
 107 K2P+G4       24919.837   part1.1+part1.2	0h:2m:9s (0h:2m:5s left)
 108 K2P+G4       24946.327   part2.2+part5.2	0h:2m:9s (0h:2m:3s left)
 109 K2P+G4       24959.259   part2.1+part2.3	0h:2m:12s (0h:2m:4s left)
 110 K2P+G4       24967.171   part2.2+part2.3	0h:2m:13s (0h:2m:2s left)
 111 K2P+I+G4     24932.122   part2.2+part4.1	0h:2m:16s (0h:2m:2s left)
 112 TNe+G4       24940.461   part1.1+part2.2	0h:2m:16s (0h:2m:0s left)
 113 K2P+I+G4     24927.354   part2.1+part4.1	0h:2m:17s (0h:1m:58s left)
 114 TIM+F+G4     24926.193   part1.2+part4.2	0h:2m:17s (0h:1m:57s left)
 115 TNe+G4       24933.408   part1.1+part2.1	0h:2m:18s (0h:1m:55s left)
 116 K2P+I+G4     24924.872   part2.1+part4.2	0h:2m:20s (0h:1m:54s left)
 117 K2P+I+G4     24929.767   part1.2+part2.1	0h:2m:21s (0h:1m:53s left)
 118 JC+I+G4      24923.667   part2.2+part4.2	0h:2m:21s (0h:1m:51s left)
 119 K2P+I+G4     24934.396   part1.2+part2.2	0h:2m:21s (0h:1m:49s left)
 120 JC+I+G4      24919.326   part2.1+part2.2	0h:2m:23s (0h:1m:48s left)
Merging part1.3+part5.1 with BIC score: 24903.800 (LnL: -11999.275  df: 117)
 121 HKY+F+G4     24909.531   part1.3+part4.1+part5.1	0h:2m:27s (0h:1m:49s left)
 122 TN+F+G4      24889.017   part1.3+part5.1+part5.2	0h:2m:27s (0h:1m:47s left)
 123 K2P+G4       24935.440   part1.3+part4.3+part5.1	0h:2m:29s (0h:1m:47s left)
 124 TN+F+G4      24900.380   part1.3+part2.3+part5.1	0h:2m:29s (0h:1m:45s left)
 125 K2P+G4       24937.553   part1.3+part3.2+part5.1	0h:2m:30s (0h:1m:43s left)
 126 K2P+G4       24930.258   part1.3+part3.1+part5.1	0h:2m:32s (0h:1m:42s left)
 127 TN+F+G4      24890.794   part1.3+part5.1+part5.3	0h:2m:33s (0h:1m:41s left)
 128 TN+F+G4      24894.713   part1.1+part1.3+part5.1	0h:2m:36s (0h:1m:41s left)
 129 K2P+G4       24915.115   part1.3+part4.2+part5.1	0h:2m:36s (0h:1m:39s left)
 130 TIM2e+G4     24891.300   part1.3+part3.3+part5.1	0h:2m:37s (0h:1m:37s left)
 131 HKY+F+G4     24898.249   part1.2+part1.3+part5.1	0h:2m:37s (0h:1m:36s left)
 132 HKY+F+G4     24920.381   part1.3+part2.2+part5.1	0h:2m:37s (0h:1m:34s left)
 133 TN+F+G4      24913.687   part1.3+part2.1+part5.1	0h:2m:37s (0h:1m:32s left)
Merging part3.1+part4.3 with BIC score: 24880.707 (LnL: -12010.940  df: 111)
 134 TPM2u+F+I+G4 24887.387   part3.1+part4.1+part4.3	0h:2m:45s (0h:1m:35s left)
 135 TPM2u+F+G4   24939.764   part3.1+part4.3+part5.3	0h:2m:45s (0h:1m:33s left)
 136 TPM2u+F+G4   24915.016   part2.3+part3.1+part4.3	0h:2m:47s (0h:1m:32s left)
 137 TPM2u+F+I+G4 24889.167   part1.1+part3.1+part4.3	0h:2m:47s (0h:1m:30s left)
 138 TIM2+F+G4    24948.706   part1.3+part3.1+part4.3+part5.1	0h:2m:48s (0h:1m:29s left)
 139 TIM2+F+G4    24891.271   part3.1+part4.3+part5.2	0h:2m:48s (0h:1m:27s left)
 140 TPM2u+F+I+G4 24872.245   part3.1+part3.2+part4.3	0h:2m:49s (0h:1m:26s left)
 141 TPM2u+F+G4   24913.172   part3.1+part3.3+part4.3	0h:2m:52s (0h:1m:25s left)
 142 TIM2+F+G4    24893.670   part1.2+part3.1+part4.3	0h:2m:55s (0h:1m:25s left)
 143 TIM2+F+I+G4  24876.635   part3.1+part4.2+part4.3	0h:2m:55s (0h:1m:23s left)
 144 TPM2u+F+I+G4 24914.183   part2.2+part3.1+part4.3	0h:2m:55s (0h:1m:21s left)
 145 TIM2+F+I+G4  24893.996   part2.1+part3.1+part4.3	0h:2m:55s (0h:1m:19s left)
Merging part3.2+part4.2 with BIC score: 24864.253 (LnL: -12014.319  df: 108)
 146 HKY+F+G4     24910.476   part2.3+part3.2+part4.2	0h:3m:1s (0h:1m:20s left)
 147 K2P+G4       24920.731   part3.2+part4.2+part5.3	0h:3m:3s (0h:1m:19s left)
 148 HKY+F+G4     24917.528   part1.3+part3.2+part4.2+part5.1	0h:3m:5s (0h:1m:18s left)
 149 HKY+F+I+G4   24873.379   part3.2+part4.2+part5.2	0h:3m:5s (0h:1m:17s left)
 150 HKY+F+I+G4   24858.619   part3.2+part4.1+part4.2	0h:3m:5s (0h:1m:15s left)
 151 HKY+F+I+G4   24861.380   part1.1+part3.2+part4.2	0h:3m:7s (0h:1m:14s left)
 152 K2P+G4       24915.600   part3.2+part3.3+part4.2	0h:3m:9s (0h:1m:13s left)
 153 TPM2u+F+I+G4 24861.064   part3.1+part3.2+part4.2+part4.3	0h:3m:9s (0h:1m:11s left)
 154 HKY+F+I+G4   24855.567   part1.2+part3.2+part4.2	0h:3m:11s (0h:1m:10s left)
 155 HKY+F+I+G4   24862.752   part2.1+part3.2+part4.2	0h:3m:13s (0h:1m:9s left)
 156 HKY+F+I+G4   24870.965   part2.2+part3.2+part4.2	0h:3m:13s (0h:1m:8s left)
Merging part1.2+part4.1 with BIC score: 24848.791 (LnL: -12014.325  df: 106)
 157 K2P+G4       24866.400   part1.2+part2.3+part4.1	0h:3m:17s (0h:1m:7s left)
 158 K2P+G4       24863.682   part1.2+part4.1+part5.3	0h:3m:18s (0h:1m:6s left)
 159 K2P+G4       24834.284   part1.1+part1.2+part4.1	0h:3m:18s (0h:1m:4s left)
 160 K2P+G4       24841.560   part1.2+part4.1+part5.2	0h:3m:18s (0h:1m:3s left)
 161 HKY+F+G4     24856.842   part1.2+part1.3+part4.1+part5.1	0h:3m:19s (0h:1m:1s left)
 162 HKY+F+I+G4   24846.186   part1.2+part3.2+part4.1+part4.2	0h:3m:21s (0h:1m:1s left)
 163 K2P+I+G4     24846.047   part1.2+part2.2+part4.1	0h:3m:22s (0h:0m:59s left)
 164 TPM2u+F+I+G4 24873.347   part1.2+part3.1+part4.1+part4.3	0h:3m:22s (0h:0m:58s left)
 165 TIM2e+G4     24855.180   part1.2+part3.3+part4.1	0h:3m:22s (0h:0m:56s left)
 166 K2P+I+G4     24841.149   part1.2+part2.1+part4.1	0h:3m:22s (0h:0m:54s left)
Merging part2.1+part2.2 with BIC score: 24833.363 (LnL: -12014.348  df: 104)
 167 K2P+G4       24861.025   part2.1+part2.2+part5.2	0h:3m:28s (0h:0m:54s left)
 168 K2P+G4       24885.862   part2.1+part2.2+part5.3	0h:3m:28s (0h:0m:53s left)
 169 K2P+I+G4     24844.287   part1.1+part2.1+part2.2	0h:3m:29s (0h:0m:52s left)
 170 HKY+F+G4     24872.180   part1.3+part2.1+part2.2+part5.1	0h:3m:30s (0h:0m:50s left)
 171 K2P+I+G4     24833.737   part1.2+part2.1+part2.2+part4.1	0h:3m:31s (0h:0m:49s left)
 172 K2P+G4       24874.687   part2.1+part2.2+part3.3	0h:3m:33s (0h:0m:48s left)
 173 TIM2+F+I+G4  24888.742   part2.1+part2.2+part3.1+part4.3	0h:3m:33s (0h:0m:46s left)
 174 K2P+G4       24887.957   part2.1+part2.2+part2.3	0h:3m:33s (0h:0m:45s left)
 175 HKY+F+I+G4   24852.256   part2.1+part2.2+part3.2+part4.2	0h:3m:34s (0h:0m:44s left)
Merging part1.3+part5.1+part5.2 with BIC score: 24818.579 (LnL: -12014.694  df: 102)
 176 TN+F+G4      24805.391   part1.1+part1.3+part5.1+part5.2	0h:3m:41s (0h:0m:44s left)
 177 TN+F+G4      24815.286   part1.3+part2.3+part5.1+part5.2	0h:3m:42s (0h:0m:42s left)
 178 HKY+F+G4     24855.361   part1.3+part2.1+part2.2+part5.1+part5.2	0h:3m:42s (0h:0m:41s left)
 179 HKY+F+G4     24822.951   part1.2+part1.3+part4.1+part5.1+part5.2	0h:3m:42s (0h:0m:39s left)
 180 HKY+F+G4     24811.207   part1.3+part5.1+part5.2+part5.3	0h:3m:43s (0h:0m:38s left)
 181 HKY+F+G4     24871.796   part1.3+part3.2+part4.2+part5.1+part5.2	0h:3m:43s (0h:0m:37s left)
 182 TIM2+F+G4    24890.489   part1.3+part3.1+part4.3+part5.1+part5.2	0h:3m:45s (0h:0m:35s left)
 183 TIM2e+G4     24809.924   part1.3+part3.3+part5.1+part5.2	0h:3m:47s (0h:0m:34s left)
Merging part1.1+part1.2+part4.1 with BIC score: 24804.073 (LnL: -12015.177  df: 100)
 184 K2P+G4       24821.388   part1.1+part1.2+part2.3+part4.1	0h:3m:52s (0h:0m:34s left)
 185 K2P+G4       24818.734   part1.1+part1.2+part4.1+part5.3	0h:3m:53s (0h:0m:32s left)
 186 K2P+I+G4     24810.238   part1.1+part1.2+part2.1+part2.2+part4.1	0h:3m:54s (0h:0m:31s left)
 187 HKY+F+G4     24803.958   part1.1+part1.2+part1.3+part4.1+part5.1+part5.2	0h:3m:55s (0h:0m:30s left)
 188 HKY+F+I+G4   24806.883   part1.1+part1.2+part3.2+part4.1+part4.2	0h:3m:56s (0h:0m:28s left)
 189 TPM2u+F+I+G4 24837.919   part1.1+part1.2+part3.1+part4.1+part4.3	0h:3m:56s (0h:0m:27s left)
 190 TIM2e+G4     24813.399   part1.1+part1.2+part3.3+part4.1	0h:3m:56s (0h:0m:26s left)
Merging part3.3+part5.3 with BIC score: 24791.631 (LnL: -12016.693  df: 98)
 191 TPM2u+F+G4   24841.907   part2.1+part2.2+part3.3+part5.3	0h:4m:6s (0h:0m:25s left)
 192 TPM2u+F+G4   24816.612   part1.1+part1.2+part3.3+part4.1+part5.3	0h:4m:6s (0h:0m:24s left)
 193 TPM2u+F+G4   24783.744   part2.3+part3.3+part5.3	0h:4m:6s (0h:0m:23s left)
 194 K2P+G4       24864.666   part3.2+part3.3+part4.2+part5.3	0h:4m:6s (0h:0m:21s left)
 195 TPM2u+F+G4   24852.039   part3.1+part3.3+part4.3+part5.3	0h:4m:8s (0h:0m:20s left)
 196 TIM2+F+G4    24791.790   part1.3+part3.3+part5.1+part5.2+part5.3	0h:4m:8s (0h:0m:19s left)
Merging part2.3+part3.3+part5.3 with BIC score: 24783.744 (LnL: -12020.487  df: 96)
 197 K2P+G4       24867.961   part2.3+part3.2+part3.3+part4.2+part5.3	0h:4m:19s (0h:0m:18s left)
 198 TPM2u+F+G4   24811.685   part1.1+part1.2+part2.3+part3.3+part4.1+part5.3	0h:4m:20s (0h:0m:17s left)
 199 TPM2u+F+G4   24836.619   part2.1+part2.2+part2.3+part3.3+part5.3	0h:4m:21s (0h:0m:15s left)
 200 TPM2+F+G4    24857.547   part2.3+part3.1+part3.3+part4.3+part5.3	0h:4m:21s (0h:0m:14s left)
 201 TIM2+F+G4    24782.993   part1.3+part2.3+part3.3+part5.1+part5.2+part5.3	0h:4m:23s (0h:0m:13s left)
Merging part3.1+part3.2+part4.2+part4.3 with BIC score: 24780.554 (LnL: -12042.104  df: 90)
 202 TPM2u+F+I+G4 24815.836   part2.1+part2.2+part3.1+part3.2+part4.2+part4.3	0h:4m:33s (0h:0m:12s left)
 203 TPM2u+F+I+G4 24796.125   part1.1+part1.2+part3.1+part3.2+part4.1+part4.2+part4.3	0h:4m:34s (0h:0m:10s left)
 204 TIM2+F+I+G4  24867.471   part1.3+part3.1+part3.2+part4.2+part4.3+part5.1+part5.2	0h:4m:37s (0h:0m:9s left)
 205 TPM2u+F+I+G4 24917.861   part2.3+part3.1+part3.2+part3.3+part4.2+part4.3+part5.3	0h:4m:38s (0h:0m:8s left)
Merging part1.3+part2.3+part3.3+part5.1+part5.2+part5.3 with BIC score: 24779.804 (LnL: -12061.072  df: 85)
 206 TPM2u+F+G4   24799.101   part1.1+part1.2+part1.3+part2.3+part3.3+part4.1+part5.1+part5.2+part5.3	0h:4m:51s (0h:0m:7s left)
 207 TIM2+F+G4    24827.712   part1.3+part2.1+part2.2+part2.3+part3.3+part5.1+part5.2+part5.3	0h:4m:53s (0h:0m:5s left)
 208 TIM2e+G4     24925.847   part1.3+part2.3+part3.1+part3.2+part3.3+part4.2+part4.3+part5.1+part5.2+part5.3	0h:4m:54s (0h:0m:4s left)
BEST-FIT PARTITION MODEL: 
  charpartition BIC = K2P+G4: part1.1 part1.2 part4.1, TIM2+F+G4: part1.3 part2.3 part3.3 part5.1 part5.2 part5.3, JC+I+G4: part2.1 part2.2, TPM2u+F+I+G4: part3.1 part3.2 part4.2 part4.3;
Agglomerative model selection: ((part1.1,(part1.2,part4.1)4:24848.8)7:24804.1,(((part1.3,part5.1)1:24903.8,part5.2)6:24818.6,(part2.3,(part3.3,part5.3)8:24791.6)9:24783.7)11:24779.8,(part2.1,part2.2)5:24833.4,((part3.1,part4.3)2:24880.7,(part3.2,part4.2)3:24864.3)10:24780.6)
Merging into 4 partitions...
Partition information was printed to 2_set114.best_scheme.nex
Partition information in Raxml format was printed to 2_set114.best_scheme

All model information printed to 2_set114.model.gz
CPU time for ModelFinder: 286.527 seconds (0h:4m:46s)
Wall-clock time for ModelFinder: 296.149 seconds (0h:4m:56s)
Generating 1000 samples for ultrafast bootstrap (seed: 487095)...

NOTE: 9 MB RAM (0 GB) is required!
Measuring multi-threading efficiency up to 8 CPU cores
Increase to 10 rounds for branch lengths
17 trees examined
Threads: 1 / Time: 8.442 sec / Speedup: 1.000 / Efficiency: 100% / LogL: -17631
Threads: 2 / Time: 14.126 sec / Speedup: 0.598 / Efficiency: 30% / LogL: -17631
BEST NUMBER OF THREADS: 1

Estimate model parameters (epsilon = 0.100)
Initial log-likelihood: -12718.150
Current log-likelihood at step 1: -12117.675
Current log-likelihood at step 2: -12042.195
Current log-likelihood at step 3: -12042.142
Parameters optimization took 2 rounds (1.772 sec)

Computing ML distances based on estimated model parameters... 0.049 sec
Computing BIONJ tree...
0.004 seconds
Log-likelihood of BIONJ tree: -12114.964
--------------------------------------------------------------------
|             INITIALIZING CANDIDATE TREE SET                      |
--------------------------------------------------------------------
Generating 98 parsimony trees... 3.613 second
Computing log-likelihood of 98 initial trees ... 13.193 seconds
Current best score: -12041.119

Do NNI search on 20 best initial trees
Estimate model parameters (epsilon = 0.100)
Initial log-likelihood: -12039.177
Current log-likelihood at step 1: -12039.147
Parameters optimization took 0 rounds (0.213 sec)

BETTER TREE FOUND at iteration 1: -12039.147
UPDATE BEST LOG-LIKELIHOOD: -12039.147
Iteration 10 / LogL: -12046.770 / Time: 0h:0m:49s
Iteration 20 / LogL: -12039.147 / Time: 0h:1m:2s
Finish initializing candidate tree set (4)
Current best tree score: -12039.147 / CPU time: 37.187
Number of iterations: 20
--------------------------------------------------------------------
|               OPTIMIZING CANDIDATE TREE SET                      |
--------------------------------------------------------------------
Iteration 30 / LogL: -12046.781 / Time: 0h:1m:16s (0h:3m:6s left)
Iteration 40 / LogL: -12048.967 / Time: 0h:1m:30s (0h:2m:21s left)
UPDATE BEST LOG-LIKELIHOOD: -12039.146
UPDATE BEST LOG-LIKELIHOOD: -12039.146
Iteration 50 / LogL: -12039.158 / Time: 0h:1m:46s (0h:1m:51s left)
Log-likelihood cutoff on original alignment: -12082.558
Iteration 60 / LogL: -12039.249 / Time: 0h:2m:5s (0h:1m:26s left)
UPDATE BEST LOG-LIKELIHOOD: -12039.146
Iteration 70 / LogL: -12045.624 / Time: 0h:2m:24s (0h:1m:5s left)
Iteration 80 / LogL: -12088.632 / Time: 0h:2m:44s (0h:0m:43s left)
Iteration 90 / LogL: -12039.147 / Time: 0h:3m:1s (0h:0m:22s left)
Iteration 100 / LogL: -12039.146 / Time: 0h:3m:23s (0h:0m:2s left)
Log-likelihood cutoff on original alignment: -12082.558
NOTE: Bootstrap correlation coefficient of split occurrence frequencies: 0.999
TREE SEARCH COMPLETED AFTER 102 ITERATIONS / Time: 0h:3m:28s

--------------------------------------------------------------------
|                    FINALIZING TREE SEARCH                        |
--------------------------------------------------------------------
Performs final model parameters optimization
Estimate model parameters (epsilon = 0.010)
Initial log-likelihood: -12039.146
Current log-likelihood at step 1: -12039.136
Current log-likelihood at step 2: -12039.129
Parameters optimization took 1 rounds (0.728 sec)

BEST SCORE FOUND : -12039.129
Creating bootstrap support values...
Split supports printed to NEXUS file 2_set114.splits.nex
Total tree length: 1.067

Total number of iterations: 102
CPU time used for tree search: 49.043 sec (0h:0m:49s)
Wall-clock time used for tree search: 183.452 sec (0h:3m:3s)
Total CPU time used: 56.092 sec (0h:0m:56s)
Total wall-clock time used: 210.678 sec (0h:3m:30s)

Computing bootstrap consensus tree...
Reading input file 2_set114.splits.nex...
35 taxa and 157 splits.
Consensus tree written to 2_set114.contree
Reading input trees file 2_set114.contree
Log-likelihood of consensus tree: -12039.130

Analysis results written to: 
  IQ-TREE report:                2_set114.iqtree
  Maximum-likelihood tree:       2_set114.treefile
  Likelihood distances:          2_set114.mldist
  Best partitioning scheme:      2_set114.best_scheme.nex
           in RAxML format:      2_set114.best_scheme

Ultrafast bootstrap approximation results written to:
  Split support values:          2_set114.splits.nex
  Consensus tree:                2_set114.contree
  Screen log file:               2_set114.log

Date and Time: Fri Sep  7 07:07:21 2018
