IQ-TREE multicore version 1.6.7 for Mac OS X 64-bit built Aug 23 2018
Developed by Bui Quang Minh, Nguyen Lam Tung, Olga Chernomor,
Heiko Schmidt, Dominik Schrempf, Michael Woodhams.

Host:    meeps-mac-pro.staff.sydney.edu.au (AVX, 64 GB RAM)
Command: /Users/davidduchene/Desktop/Software/iqtree-1.6.7-MacOSX/bin/iqtree -s ../../../../marsupials/set245.fasta -m TESTMERGE -bb 1000 -sp ../../../../marsupials/set245.nex -nt AUTO -pre 6_set245
Seed:    461193 (Using SPRNG - Scalable Parallel Random Number Generator)
Time:    Sat Sep  8 09:31:52 2018
Kernel:  AVX - auto-detect threads (8 CPU cores detected)

Reading partition model file ../../../../marsupials/set245.nex ...
Reading alignment file ../../../../marsupials/set245.fasta ... Fasta format detected
Alignment most likely contains DNA/RNA sequences
Alignment has 35 sequences with 1653 columns, 686 distinct patterns
395 parsimony-informative, 245 singleton sites, 1013 constant sites
                                              Gap/Ambiguity  Composition  p-value
   1  Burramyidae_Burramys_parvus                     1.75%    passed     90.72%
   2  Notoryctidae_Notoryctes_typhlops                1.63%    passed     64.41%
   3  Vombatidae_Lasiorhinus_latifrons                0.85%    passed     92.43%
   4  Potoroidae_Bettongia_penicillata                0.06%    passed     96.28%
   5  Potoroidae_Bettongia_lesueur                    0.06%    passed     97.32%
   6  Dasyuridae_Dasyurus_maculatus                   0.24%    passed     98.25%
   7  Phalangeridae_Trichosurus_vulpecula             0.12%    passed     98.84%
   8  Phalangeridae_Spilocuscus_maculatus             0.06%    passed     98.72%
   9  Potoroidae_Aepyprymnus_rufescens                0.06%    passed     98.92%
  10  Peramelidae_Perameles_nasuta                    0.73%    passed     78.63%
  11  Phalangeridae_Strigocuscus_pelengensis          0.97%    passed     99.11%
  12  Dasyuridae_Phascogale_tapoatafa                 0.06%    passed     98.38%
  13  Dasyuridae_Sminthopsis_macroura                38.23%    passed     68.60%
  14  Phalangeridae_Phalanger_orientalis              0.06%    passed     92.15%
  15  Acrobatidae_Acrobates_pygmaeus                  1.75%    passed     99.99%
  16  Dasyuridae_Phascogale_calura                    0.06%    passed     88.83%
  17  Dasyuridae_Sarcophilus_harrisii                 0.18%    passed     95.61%
  18  Dasyuridae_Planigale_tenuirostris              16.03%    passed     98.66%
  19  Peramelidae_Echymipera_kalubu                   0.12%    passed     84.31%
  20  Macropodidae_Dorcopsulus_vanheurni              0.06%    passed     94.96%
  21  Pseudochiridae_Pseudochirulus_forbesi           2.42%    passed     98.81%
  22  Didelphidae_Didelphis_virginiana               20.21%    passed     58.75%
  23  Marmosidae_Monodelphis_domestica                5.08%    passed     83.34%
  24  Dasyuridae_Antechinus_stuartii                  1.03%    passed     95.11%
  25  Hypsiprymnodontidae_Hypsiprymnodon_moschatus    0.00%    passed     98.38%
  26  Microbiotheriidae_Dromiciops_gliroides          2.30%    passed     90.44%
  27  Pseudochiridae_Petauroides_volans               1.75%    passed     70.89%
  28  Macropodidae_Wallabia_bicolor                   0.60%    passed     97.91%
  29  Pseudochiridae_Pseudocheirus_occidentalis       0.30%    passed     97.49%
  30  Tarsipedidae_Tarsipes_rostratus                 4.30%    passed     78.25%
  31  Acrobatidae_Distoechurus_pennatus               0.42%    passed     99.16%
  32  Phalangeridae_Phalanger_carmelitae              0.00%    passed     89.10%
  33  Peramelidae_Peroryctes_raffrayana               1.69%    passed     82.14%
  34  Dasyuridae_Dasyurus_geffroii                    0.36%    passed     98.21%
  35  Peramelidae_Perameles_gunnii                    0.67%    passed     73.58%
****  TOTAL                                           2.98%  0 sequences failed composition chi2 test (p-value<5%; df=3)
NOTE: No CharPartition defined, use all CharSets

Loading 15 partitions...
Subset	Type	Seqs	Sites	Infor	Invar	Model	Name
1		35	79	5	66	TESTMERGE	part1.1
2		35	79	2	76	TESTMERGE	part1.2
3		35	79	47	20	TESTMERGE	part1.3
4		34	207	20	173	TESTMERGE	part2.1
5		34	207	13	184	TESTMERGE	part2.2
6		34	207	84	76	TESTMERGE	part2.3
7		34	107	21	61	TESTMERGE	part3.1
8		34	107	12	81	TESTMERGE	part3.2
9		34	107	64	25	TESTMERGE	part3.3
10		35	73	11	47	TESTMERGE	part4.1
11		35	73	6	55	TESTMERGE	part4.2
12		35	73	33	17	TESTMERGE	part4.3
13		35	85	20	50	TESTMERGE	part5.1
14		35	85	15	57	TESTMERGE	part5.2
15		35	85	42	25	TESTMERGE	part5.3
Degree of missing data: 0.016
Info: multi-threading strategy over partitions



Create initial parsimony tree by phylogenetic likelihood library (PLL)... 0.006 seconds
NOTE: ModelFinder requires 7 MB RAM!
NUMBER OF THREADS FOR PARTITION FINDING: 8
Testing GTR+F+G on supermatrix...
GTR+F+G4 / LnL: -9171.893 / df: 76 / AIC: 18495.786 / AICc: 18503.212 / BIC: 18906.972
Selecting individual models for 15 charsets using BIC...
 No. Model        Score       Charset
   1 K2P+G4       1497.822    part3.1
   2 TN+F+G4      1193.646    part5.1
   3 TN+F+G4      1055.030    part5.2
   4 K2P+G4       1702.477    part5.3
   5 K2P+G4       1536.729    part4.3
   6 HKY+F+G4     2553.961    part3.3
   7 TNe+G4       1764.074    part1.3
   8 K2P          3158.891    part2.3
   9 TNe+I        1349.433    part2.2
  10 TPM2u+F+G4   1175.934    part3.2	0h:0m:9s (0h:3m:13s left)
  11 K3P          562.910     part1.2	0h:0m:10s (0h:3m:3s left)
  12 K2P+G4       872.620     part4.1	0h:0m:10s (0h:2m:54s left)
  13 K2P+G4       787.249     part4.2	0h:0m:10s (0h:2m:40s left)
  14 K3P+I+G4     1623.941    part2.1	0h:0m:10s (0h:2m:29s left)
  15 K3P+G4       732.092     part1.1	0h:0m:10s (0h:2m:19s left)
Full partition model BIC score: 24477.391 (LnL: -8377.905  df:1042)
Merging models to increase model fit (about 211 total partition schemes)...
  16 K2P+G4       24079.837   part2.3+part3.1	0h:0m:15s (0h:3m:5s left)
  17 K2P+G4       24129.647   part2.1+part2.3	0h:0m:15s (0h:2m:56s left)
  18 K2P+G4       24050.300   part2.3+part5.2	0h:0m:15s (0h:2m:48s left)
  19 K2P+G4       24067.336   part2.3+part5.3	0h:0m:17s (0h:2m:55s left)
  20 TNe+G4       24056.450   part2.3+part5.1	0h:0m:17s (0h:2m:49s left)
  21 K2P+G4       24127.234   part1.3+part2.3	0h:0m:18s (0h:2m:42s left)
  22 K2P+G4       24092.365   part2.3+part4.3	0h:0m:18s (0h:2m:37s left)
  23 TPM2u+F+G4   24142.799   part2.3+part3.3	0h:0m:18s (0h:2m:32s left)
  24 K2P+G4       24193.685   part2.2+part2.3	0h:0m:24s (0h:3m:10s left)
  25 K2P+G4       24098.295   part2.3+part3.2	0h:0m:25s (0h:3m:7s left)
  26 K2P+G4       24089.694   part2.3+part4.1	0h:0m:25s (0h:3m:1s left)
  27 K2P+G4       24077.543   part1.1+part2.3	0h:0m:26s (0h:3m:0s left)
  28 K2P+G4       24090.057   part2.3+part4.2	0h:0m:26s (0h:2m:53s left)
  29 K2P+G4       24061.920   part3.3+part5.3	0h:0m:27s (0h:2m:49s left)
  30 K2P+G4       24117.846   part1.2+part2.3	0h:0m:28s (0h:2m:50s left)
  31 HKY+F+G4     24086.774   part1.3+part3.3	0h:0m:28s (0h:2m:47s left)
  32 HKY+F+G4     24055.560   part3.3+part4.3	0h:0m:29s (0h:2m:47s left)
  33 K2P+G4       24043.754   part4.3+part5.3	0h:0m:31s (0h:2m:48s left)
  34 TIM2e+G4     24071.986   part1.3+part5.3	0h:0m:31s (0h:2m:42s left)
  35 TVMe+G4      24071.034   part3.1+part3.3	0h:0m:31s (0h:2m:39s left)
  36 TIM+F+G4     24084.532   part3.3+part5.1	0h:0m:33s (0h:2m:41s left)
  37 K2P+G4       24082.230   part3.3+part5.2	0h:0m:33s (0h:2m:36s left)
  38 K2P+G4       24056.661   part3.1+part5.3	0h:0m:35s (0h:2m:40s left)
  39 TNe+G4       24070.677   part1.3+part4.3	0h:0m:35s (0h:2m:36s left)
  40 TIM2+F+G4    24048.005   part5.1+part5.3	0h:0m:37s (0h:2m:40s left)
  41 K2P+G4       24089.292   part3.2+part3.3	0h:0m:38s (0h:2m:37s left)
  42 TNe+G4       24103.168   part1.3+part3.1	0h:0m:39s (0h:2m:39s left)
  43 K2P+G4       24189.970   part2.1+part3.3	0h:0m:39s (0h:2m:35s left)
  44 K2P+G4       24070.863   part1.3+part5.1	0h:0m:40s (0h:2m:34s left)
  45 K2P+G4       24061.084   part3.1+part4.3	0h:0m:41s (0h:2m:34s left)
  46 K2P+G4       24205.931   part2.2+part3.3	0h:0m:42s (0h:2m:33s left)
  47 HKY+F+G4     24099.726   part3.3+part4.1	0h:0m:44s (0h:2m:35s left)
  48 K2P+G4       24056.489   part4.3+part5.1	0h:0m:48s (0h:2m:44s left)
  49 K2P+G4       24091.415   part3.3+part4.2	0h:0m:48s (0h:2m:40s left)
  50 HKY+F+G4     24036.032   part5.2+part5.3	0h:0m:48s (0h:2m:37s left)
  51 TVMe+G4      24110.578   part1.1+part3.3	0h:0m:49s (0h:2m:36s left)
  52 K2P+G4       24102.756   part2.1+part5.3	0h:0m:50s (0h:2m:33s left)
  53 K2P+G4       24026.089   part3.1+part5.1	0h:0m:50s (0h:2m:31s left)
  54 TNe+G4       24072.606   part1.3+part5.2	0h:0m:53s (0h:2m:34s left)
  55 K2P+I+G4     24164.000   part1.3+part2.1	0h:0m:55s (0h:2m:37s left)
  56 TNe+G4       24087.856   part1.3+part3.2	0h:0m:59s (0h:2m:44s left)
  57 HKY+F+G4     24063.706   part3.2+part5.3	0h:0m:59s (0h:2m:40s left)
  58 HKY+F+G4     24138.348   part2.2+part5.3	0h:0m:59s (0h:2m:37s left)
  59 K2P+G4       24059.680   part4.3+part5.2	0h:0m:59s (0h:2m:33s left)
  60 HKY+F+G4     24140.614   part1.2+part3.3	0h:0m:59s (0h:2m:30s left)
  61 TIM2e+G4     24079.041   part4.1+part5.3	0h:1m:2s (0h:2m:32s left)
  62 K2P+G4       24130.483   part2.1+part4.3	0h:1m:3s (0h:2m:33s left)
  63 K2P+G4       24052.297   part4.2+part5.3	0h:1m:6s (0h:2m:37s left)
  64 K2P+G4       24024.899   part3.1+part5.2	0h:1m:10s (0h:2m:42s left)
  65 TNe+I+G4     24170.211   part1.3+part2.2	0h:1m:10s (0h:2m:39s left)
  66 K2P+G4       24057.604   part3.2+part4.3	0h:1m:11s (0h:2m:37s left)
  67 K2P+I+G4     24071.594   part2.1+part3.1	0h:1m:12s (0h:2m:35s left)
  68 K2P+G4       24057.256   part1.1+part5.3	0h:1m:12s (0h:2m:32s left)
  69 TNe+G4       24091.668   part1.3+part4.2	0h:1m:13s (0h:2m:30s left)
  70 TIM2e+G4     24129.779   part1.3+part4.1	0h:1m:14s (0h:2m:30s left)
  71 HKY+F+G4     24010.023   part5.1+part5.2	0h:1m:15s (0h:2m:28s left)
  72 K2P+G4       24021.404   part3.1+part3.2	0h:1m:19s (0h:2m:33s left)
  73 K2P+G4       24048.263   part4.1+part4.3	0h:1m:20s (0h:2m:32s left)
  74 K2P+G4       24039.269   part2.1+part5.1	0h:1m:21s (0h:2m:30s left)
  75 K2P+G4       24168.984   part2.2+part4.3	0h:1m:21s (0h:2m:28s left)
  76 HKY+F+G4     24013.151   part3.2+part5.1	0h:1m:23s (0h:2m:28s left)
  77 K2P+G4       24047.019   part4.2+part4.3	0h:1m:23s (0h:2m:25s left)
  78 K2P+G4       24085.777   part1.2+part5.3	0h:1m:23s (0h:2m:23s left)
  79 TNe+G4       24082.720   part1.1+part1.3	0h:1m:24s (0h:2m:21s left)
  80 K2P+G4       24070.005   part1.1+part4.3	0h:1m:28s (0h:2m:24s left)
  81 K2P+G4       24041.923   part3.1+part4.1	0h:1m:28s (0h:2m:21s left)
  82 TIM3e+I+G4   24092.714   part2.2+part3.1	0h:1m:30s (0h:2m:22s left)
  83 TIM2+F+G4    24042.598   part4.1+part5.1	0h:1m:30s (0h:2m:19s left)
  84 K2P+G4       24032.235   part3.1+part4.2	0h:1m:30s (0h:2m:17s left)
  85 TIM3e+G4     24075.834   part2.2+part5.1	0h:1m:31s (0h:2m:16s left)
  86 K2P+I+G4     24023.698   part2.1+part5.2	0h:1m:34s (0h:2m:17s left)
  87 TNe+G4       24103.463   part1.2+part1.3	0h:1m:35s (0h:2m:15s left)
  88 TVMe+G4      24012.757   part1.1+part5.1	0h:1m:37s (0h:2m:15s left)
  89 K2P+G4       24025.994   part4.2+part5.1	0h:1m:37s (0h:2m:13s left)
  90 K3P+G4       24039.868   part1.1+part3.1	0h:1m:37s (0h:2m:10s left)
  91 K2P+G4       24099.574   part1.2+part4.3	0h:1m:39s (0h:2m:11s left)
  92 TPM2u+F+G4   24013.752   part3.2+part5.2	0h:1m:41s (0h:2m:11s left)
  93 K2P+I+G4     24024.586   part2.1+part3.2	0h:1m:43s (0h:2m:11s left)
  94 K2P+I+G4     24066.857   part1.2+part3.1	0h:1m:43s (0h:2m:9s left)
  95 K3P+G4       24031.756   part1.2+part5.1	0h:1m:45s (0h:2m:9s left)
  96 K2P+G4       24027.641   part4.1+part5.2	0h:1m:45s (0h:2m:6s left)
  97 TN+F+G4      24037.451   part2.2+part5.2	0h:1m:48s (0h:2m:7s left)
  98 K2P+G4       24066.680   part2.1+part4.1	0h:1m:48s (0h:2m:5s left)
  99 K2P+I+G4     24035.668   part2.1+part2.2	0h:1m:49s (0h:2m:3s left)
 100 K2P+G4       24010.758   part4.2+part5.2	0h:1m:50s (0h:2m:2s left)
 101 HKY+F+G4     23999.913   part1.1+part5.2	0h:1m:50s (0h:2m:0s left)
 102 K2P+G4       24028.594   part3.2+part4.1	0h:1m:52s (0h:2m:0s left)
 103 TN+F+I+G4    24055.472   part2.2+part3.2	0h:1m:52s (0h:1m:58s left)
 104 K2P+I+G4     24037.191   part2.1+part4.2	0h:1m:52s (0h:1m:56s left)
 105 TPM2+F+G4    24012.288   part1.1+part3.2	0h:1m:55s (0h:1m:56s left)
 106 TNe+G4       24070.421   part2.2+part4.1	0h:1m:55s (0h:1m:54s left)
 107 K3P+I+G4     24012.870   part1.1+part2.1	0h:1m:55s (0h:1m:52s left)
 108 K2P+G4       24011.589   part3.2+part4.2	0h:1m:55s (0h:1m:50s left)
 109 TNe+G4       24018.755   part1.2+part5.2	0h:1m:59s (0h:1m:51s left)
 110 TNe+G4       24038.357   part2.2+part4.2	0h:2m:1s (0h:1m:51s left)
 111 K2P+G4       24004.349   part4.1+part4.2	0h:2m:1s (0h:1m:49s left)
 112 K2P+G4       24016.807   part1.1+part4.1	0h:2m:3s (0h:1m:49s left)
 113 K2P+G4       24003.382   part1.1+part4.2	0h:2m:3s (0h:1m:47s left)
 114 K3P+I        24021.104   part1.2+part2.1	0h:2m:5s (0h:1m:47s left)
 115 TNe+I        24032.961   part1.1+part2.2	0h:2m:6s (0h:1m:45s left)
 116 K2P+I        24019.673   part1.2+part3.2	0h:2m:7s (0h:1m:44s left)
 117 JC+G4        24022.218   part1.2+part4.1	0h:2m:7s (0h:1m:42s left)
 118 K2P+I        24015.869   part1.2+part4.2	0h:2m:7s (0h:1m:40s left)
 119 TNe+I        24009.780   part1.2+part2.2	0h:2m:7s (0h:1m:38s left)
 120 K3Pu+F+I     23998.141   part1.1+part1.2	0h:2m:8s (0h:1m:37s left)
Merging part1.1+part1.2 with BIC score: 23998.141 (LnL: -8382.821  df: 976)
 121 K3P+G4       23557.853   part1.1+part1.2+part4.1	0h:2m:11s (0h:1m:37s left)
 122 K3P+G4       23552.412   part1.1+part1.2+part5.1	0h:2m:12s (0h:1m:36s left)
 123 TIM+F+G4     23545.648   part1.1+part1.2+part5.2	0h:2m:12s (0h:1m:34s left)
 124 K3P+I+G4     23595.475   part1.1+part1.2+part3.1	0h:2m:12s (0h:1m:33s left)
 125 HKY+F+I      23544.679   part1.1+part1.2+part3.2	0h:2m:13s (0h:1m:32s left)
 126 TIMe+I       23553.828   part1.1+part1.2+part2.2	0h:2m:14s (0h:1m:30s left)
 127 K2P+G4       23628.960   part1.1+part1.2+part5.3	0h:2m:14s (0h:1m:28s left)
 128 K3P+I        23539.732   part1.1+part1.2+part2.1	0h:2m:14s (0h:1m:27s left)
 129 K2P+I        23536.159   part1.1+part1.2+part4.2	0h:2m:16s (0h:1m:26s left)
 130 TVMe+I+G4    23702.387   part1.1+part1.2+part3.3	0h:2m:17s (0h:1m:25s left)
 131 K2P+G4       23671.344   part1.1+part1.2+part2.3	0h:2m:17s (0h:1m:24s left)
 132 K2P+G4       23646.865   part1.1+part1.2+part4.3	0h:2m:17s (0h:1m:22s left)
 133 TIMe+I+G4    23668.077   part1.1+part1.2+part1.3	0h:2m:18s (0h:1m:21s left)
Merging part4.1+part4.2 with BIC score: 23525.099 (LnL: -8401.957  df: 907)
 134 K2P+G4       23086.499   part4.1+part4.2+part5.2	0h:2m:21s (0h:1m:21s left)
 135 TNe+G4       23118.413   part2.2+part4.1+part4.2	0h:2m:23s (0h:1m:20s left)
 136 K2P+G4       23079.170   part3.2+part4.1+part4.2	0h:2m:23s (0h:1m:19s left)
 137 K2P+I+G4     23123.817   part2.1+part4.1+part4.2	0h:2m:23s (0h:1m:17s left)
 138 K2P+G4       23101.243   part3.1+part4.1+part4.2	0h:2m:23s (0h:1m:15s left)
 139 K2P+G4       23142.103   part4.1+part4.2+part5.3	0h:2m:25s (0h:1m:15s left)
 140 K2P+G4       23190.011   part3.3+part4.1+part4.2	0h:2m:26s (0h:1m:14s left)
 141 K2P+G4       23187.463   part2.3+part4.1+part4.2	0h:2m:27s (0h:1m:13s left)
 142 K2P+G4       23087.784   part1.1+part1.2+part4.1+part4.2	0h:2m:28s (0h:1m:12s left)
 143 K2P+G4       23093.787   part4.1+part4.2+part5.1	0h:2m:28s (0h:1m:10s left)
 144 K2P+G4       23116.755   part4.1+part4.2+part4.3	0h:2m:28s (0h:1m:9s left)
 145 TNe+G4       23214.662   part1.3+part4.1+part4.2	0h:2m:29s (0h:1m:7s left)
Merging part5.1+part5.2 with BIC score: 23057.731 (LnL: -8442.456  df: 833)
 146 K2P+G4       22644.627   part4.1+part4.2+part5.1+part5.2	0h:2m:34s (0h:1m:8s left)
 147 TPM3u+F+G4   22666.013   part2.2+part5.1+part5.2	0h:2m:34s (0h:1m:7s left)
 148 TPM3+F+G4    22619.177   part3.1+part5.1+part5.2	0h:2m:34s (0h:1m:5s left)
 149 HKY+F+G4     22630.406   part2.1+part5.1+part5.2	0h:2m:34s (0h:1m:4s left)
 150 HKY+F+G4     22590.116   part3.2+part5.1+part5.2	0h:2m:34s (0h:1m:2s left)
 151 TN+F+G4      22640.097   part5.1+part5.2+part5.3	0h:2m:36s (0h:1m:2s left)
 152 K2P+G4       22697.461   part3.3+part5.1+part5.2	0h:2m:36s (0h:1m:0s left)
 153 K2P+G4       22656.486   part2.3+part5.1+part5.2	0h:2m:38s (0h:1m:0s left)
 154 K3Pu+F+G4    22628.902   part1.1+part1.2+part5.1+part5.2	0h:2m:41s (0h:0m:59s left)
 155 K2P+G4       22662.662   part4.3+part5.1+part5.2	0h:2m:42s (0h:0m:58s left)
 156 K2P+G4       22682.449   part1.3+part5.1+part5.2	0h:2m:42s (0h:0m:57s left)
Merging part3.2+part5.1+part5.2 with BIC score: 22590.116 (LnL: -8471.716  df: 762)
 157 HKY+F+G4     22191.371   part3.2+part4.1+part4.2+part5.1+part5.2	0h:2m:52s (0h:0m:59s left)
 158 HKY+F+G4     22152.693   part3.1+part3.2+part5.1+part5.2	0h:2m:54s (0h:0m:58s left)
 159 HKY+F+I+G4   22159.788   part2.1+part3.2+part5.1+part5.2	0h:2m:54s (0h:0m:56s left)
 160 HKY+F+G4     22209.227   part3.2+part4.3+part5.1+part5.2	0h:2m:54s (0h:0m:55s left)
 161 HKY+F+I+G4   22196.786   part2.2+part3.2+part5.1+part5.2	0h:2m:54s (0h:0m:54s left)
 162 K2P+G4       22260.393   part3.2+part3.3+part5.1+part5.2	0h:2m:56s (0h:0m:53s left)
 163 HKY+F+G4     22180.425   part3.2+part5.1+part5.2+part5.3	0h:2m:56s (0h:0m:51s left)
 164 K2P+G4       22229.515   part2.3+part3.2+part5.1+part5.2	0h:2m:56s (0h:0m:50s left)
 165 K3Pu+F+G4    22158.568   part1.1+part1.2+part3.2+part5.1+part5.2	0h:2m:57s (0h:0m:49s left)
 166 HKY+F+G4     22242.424   part1.3+part3.2+part5.1+part5.2	0h:2m:58s (0h:0m:48s left)
Merging part1.1+part1.2+part2.1 with BIC score: 22131.707 (LnL: -8509.284  df: 690)
 167 K2P+I+G4     21738.099   part1.1+part1.2+part2.1+part4.1+part4.2	0h:3m:7s (0h:0m:49s left)
 168 K2P+G4       21787.081   part1.1+part1.2+part2.1+part5.3	0h:3m:9s (0h:0m:48s left)
 169 K3P+I+G4     21698.051   part1.1+part1.2+part2.1+part2.2	0h:3m:11s (0h:0m:47s left)
 170 K3P+I+G4     21737.521   part1.1+part1.2+part2.1+part3.1	0h:3m:11s (0h:0m:46s left)
 171 K2P+I+G4     21821.073   part1.1+part1.2+part2.1+part4.3	0h:3m:11s (0h:0m:44s left)
 172 K2P+G4       21849.279   part1.1+part1.2+part2.1+part2.3	0h:3m:11s (0h:0m:43s left)
 173 K3Pu+F+I+G4  21713.747   part1.1+part1.2+part2.1+part3.2+part5.1+part5.2	0h:3m:12s (0h:0m:42s left)
 174 TVMe+I+G4    21891.997   part1.1+part1.2+part2.1+part3.3	0h:3m:12s (0h:0m:40s left)
 175 TIMe+I+G4    21858.813   part1.1+part1.2+part1.3+part2.1	0h:3m:13s (0h:0m:39s left)
Merging part3.1+part3.2+part5.1+part5.2 with BIC score: 21694.284 (LnL: -8538.819  df: 623)
 176 TPM3+F+G4    21292.661   part3.1+part3.2+part4.1+part4.2+part5.1+part5.2	0h:3m:22s (0h:0m:40s left)
 177 HKY+F+G4     21313.498   part3.1+part3.2+part4.3+part5.1+part5.2	0h:3m:22s (0h:0m:38s left)
 178 HKY+F+G4     21360.431   part1.3+part3.1+part3.2+part5.1+part5.2	0h:3m:24s (0h:0m:37s left)
 179 HKY+F+G4     21286.588   part3.1+part3.2+part5.1+part5.2+part5.3	0h:3m:24s (0h:0m:36s left)
 180 TVMe+G4      21356.977   part3.1+part3.2+part3.3+part5.1+part5.2	0h:3m:24s (0h:0m:35s left)
 181 TPM3u+F+I+G4 21303.917   part2.2+part3.1+part3.2+part5.1+part5.2	0h:3m:24s (0h:0m:33s left)
 182 K2P+G4       21333.824   part2.3+part3.1+part3.2+part5.1+part5.2	0h:3m:25s (0h:0m:32s left)
 183 K3Pu+F+I+G4  21291.126   part1.1+part1.2+part2.1+part3.1+part3.2+part5.1+part5.2	0h:3m:25s (0h:0m:31s left)
Merging part1.1+part1.2+part2.1+part2.2 with BIC score: 21260.628 (LnL: -8570.237  df: 556)
 184 K2P+G4       21024.904   part1.1+part1.2+part2.1+part2.2+part2.3	0h:3m:30s (0h:0m:30s left)
 185 TNe+I+G4     20878.488   part1.1+part1.2+part2.1+part2.2+part4.1+part4.2	0h:3m:31s (0h:0m:29s left)
 186 K2P+I+G4     20973.499   part1.1+part1.2+part2.1+part2.2+part4.3	0h:3m:31s (0h:0m:28s left)
 187 K2P+I+G4     20929.092   part1.1+part1.2+part2.1+part2.2+part5.3	0h:3m:31s (0h:0m:27s left)
 188 TIMe+I+G4    21000.598   part1.1+part1.2+part1.3+part2.1+part2.2	0h:3m:32s (0h:0m:25s left)
 189 TVMe+I+G4    21046.662   part1.1+part1.2+part2.1+part2.2+part3.3	0h:3m:32s (0h:0m:24s left)
 190 K3Pu+F+I+G4  20879.483   part1.1+part1.2+part2.1+part2.2+part3.1+part3.2+part5.1+part5.2	0h:3m:32s (0h:0m:23s left)
Merging part4.3+part5.3 with BIC score: 20826.991 (LnL: -8609.076  df: 487)
 191 K2P+G4       20449.886   part4.1+part4.2+part4.3+part5.3	0h:3m:36s (0h:0m:22s left)
 192 TNe+G4       20433.024   part1.3+part4.3+part5.3	0h:3m:37s (0h:0m:21s left)
 193 K2P+G4       20410.752   part3.3+part4.3+part5.3	0h:3m:38s (0h:0m:20s left)
 194 K2P+I+G4     20605.521   part1.1+part1.2+part2.1+part2.2+part4.3+part5.3	0h:3m:38s (0h:0m:19s left)
 195 K2P+G4       20436.704   part2.3+part4.3+part5.3	0h:3m:38s (0h:0m:17s left)
 196 HKY+F+G4     20462.312   part3.1+part3.2+part4.3+part5.1+part5.2+part5.3	0h:3m:39s (0h:0m:16s left)
Merging part3.3+part4.3+part5.3 with BIC score: 20410.752 (LnL: -8660.318  df: 417)
 197 K2P+G4       20074.729   part3.3+part4.1+part4.2+part4.3+part5.3	0h:3m:45s (0h:0m:16s left)
 198 K2P+G4       20022.463   part1.3+part3.3+part4.3+part5.3	0h:3m:46s (0h:0m:14s left)
 199 K2P+G4       20090.429   part3.1+part3.2+part3.3+part4.3+part5.1+part5.2+part5.3	0h:3m:47s (0h:0m:13s left)
 200 K2P+G4       20065.619   part2.3+part3.3+part4.3+part5.3	0h:3m:47s (0h:0m:12s left)
 201 K2P+I+G4     20318.275   part1.1+part1.2+part2.1+part2.2+part3.3+part4.3+part5.3	0h:3m:47s (0h:0m:11s left)
Merging part3.1+part3.2+part4.1+part4.2+part5.1+part5.2 with BIC score: 20009.129 (LnL: -8711.459  df: 349)
 202 K2P+G4       19703.986   part1.3+part3.1+part3.2+part4.1+part4.2+part5.1+part5.2	0h:3m:52s (0h:0m:10s left)
 203 K2P+G4       19665.509   part2.3+part3.1+part3.2+part4.1+part4.2+part5.1+part5.2	0h:3m:53s (0h:0m:9s left)
 204 TPM3u+F+I+G4 19647.663   part1.1+part1.2+part2.1+part2.2+part3.1+part3.2+part4.1+part4.2+part5.1+part5.2	0h:3m:53s (0h:0m:8s left)
 205 K2P+G4       19706.390   part3.1+part3.2+part3.3+part4.1+part4.2+part4.3+part5.1+part5.2+part5.3	0h:3m:53s (0h:0m:6s left)
Merging part1.3+part3.3+part4.3+part5.3 with BIC score: 19620.840 (LnL: -8776.677  df: 279)
 206 K2P+G4       19280.323   part1.3+part2.3+part3.3+part4.3+part5.3	0h:3m:58s (0h:0m:5s left)
 207 TNe+I+G4     19584.965   part1.1+part1.2+part1.3+part2.1+part2.2+part3.3+part4.3+part5.3	0h:3m:58s (0h:0m:4s left)
 208 K2P+G4       19365.184   part1.3+part3.1+part3.2+part3.3+part4.1+part4.2+part4.3+part5.1+part5.2+part5.3	0h:3m:59s (0h:0m:3s left)
Merging part1.1+part1.2+part2.1+part2.2+part3.1+part3.2+part4.1+part4.2+part5.1+part5.2 with BIC score: 19259.374 (LnL: -8855.306  df: 209)
 209 K2P+I+G4     18987.102   part1.1+part1.2+part2.1+part2.2+part2.3+part3.1+part3.2+part4.1+part4.2+part5.1+part5.2	0h:4m:2s (0h:0m:2s left)
 210 K3P+I+G4     19179.640   part1.1+part1.2+part1.3+part2.1+part2.2+part3.1+part3.2+part3.3+part4.1+part4.2+part4.3+part5.1+part5.2+part5.3	0h:4m:4s (0h:0m:1s left)
Merging part1.3+part2.3+part3.3+part4.3+part5.3 with BIC score: 18918.857 (LnL: -8929.589  df: 143)
 211 K2P+I+G4     18868.697   part1.1+part1.2+part1.3+part2.1+part2.2+part2.3+part3.1+part3.2+part3.3+part4.1+part4.2+part4.3+part5.1+part5.2+part5.3	0h:4m:10s (0h:0m:0s left)
Merging part1.1+part1.2+part1.3+part2.1+part2.2+part2.3+part3.1+part3.2+part3.3+part4.1+part4.2+part4.3+part5.1+part5.2+part5.3 with BIC score: 18868.697 (LnL: -9174.986  df: 70)
BEST-FIT PARTITION MODEL: 
  charpartition BIC = K2P+I+G4: part1.1 part1.2 part1.3 part2.1 part2.2 part2.3 part3.1 part3.2 part3.3 part4.1 part4.2 part4.3 part5.1 part5.2 part5.3;
Agglomerative model selection: (((((part1.1,part1.2)1:23998.1,part2.1)5:22131.7,part2.2)7:21260.6,((part3.1,(part3.2,(part5.1,part5.2)3:23057.7)4:22590.1)6:21694.3,(part4.1,part4.2)2:23525.1)10:20009.1)12:19259.4,((part1.3,(part3.3,(part4.3,part5.3)8:20827)9:20410.8)11:19620.8,part2.3)13:18918.9)14:18868.7
Merging into 1 partitions...
Partition information was printed to 6_set245.best_scheme.nex
Partition information in Raxml format was printed to 6_set245.best_scheme

All model information printed to 6_set245.model.gz
CPU time for ModelFinder: 325.164 seconds (0h:5m:25s)
Wall-clock time for ModelFinder: 252.941 seconds (0h:4m:12s)
Generating 1000 samples for ultrafast bootstrap (seed: 461193)...

NOTE: 5 MB RAM (0 GB) is required!
Measuring multi-threading efficiency up to 8 CPU cores
Increase to 10 rounds for branch lengths
89 trees examined
Threads: 1 / Time: 8.029 sec / Speedup: 1.000 / Efficiency: 100% / LogL: -13575
Threads: 2 / Time: 22.930 sec / Speedup: 0.350 / Efficiency: 18% / LogL: -13575
BEST NUMBER OF THREADS: 1

Estimate model parameters (epsilon = 0.100)
Optimizing K2P+I+G4 parameters for partition part1.1+part1.2+part1.3+part2.1+part2.2+part2.3+part3.1+part3.2+part3.3+part4.1+part4.2+part4.3+part5.1+part5.2+part5.3 (70 free parameters)
Optimal log-likelihood: -9174.807
Computing ML distances based on estimated model parameters... 0.019 sec
Computing BIONJ tree...
0.002 seconds
Log-likelihood of BIONJ tree: -9171.377
--------------------------------------------------------------------
|             INITIALIZING CANDIDATE TREE SET                      |
--------------------------------------------------------------------
Generating 98 parsimony trees... 0.791 second
Computing log-likelihood of 98 initial trees ... 2.166 seconds
Current best score: -9170.721

Do NNI search on 20 best initial trees
Estimate model parameters (epsilon = 0.100)
BETTER TREE FOUND at iteration 1: -9168.511
UPDATE BEST LOG-LIKELIHOOD: -9168.511
Iteration 10 / LogL: -9170.466 / Time: 0h:0m:41s
Iteration 20 / LogL: -9168.511 / Time: 0h:0m:44s
Finish initializing candidate tree set (2)
Current best tree score: -9168.511 / CPU time: 9.291
Number of iterations: 20
--------------------------------------------------------------------
|               OPTIMIZING CANDIDATE TREE SET                      |
--------------------------------------------------------------------
Iteration 30 / LogL: -9170.648 / Time: 0h:0m:47s (0h:1m:55s left)
Iteration 40 / LogL: -9168.545 / Time: 0h:0m:50s (0h:1m:19s left)
Iteration 50 / LogL: -9168.541 / Time: 0h:0m:54s (0h:0m:56s left)
Log-likelihood cutoff on original alignment: -9202.518
Iteration 60 / LogL: -9168.511 / Time: 0h:0m:57s (0h:0m:40s left)
Iteration 70 / LogL: -9168.592 / Time: 0h:1m:0s (0h:0m:27s left)
Iteration 80 / LogL: -9168.516 / Time: 0h:1m:3s (0h:0m:16s left)
Iteration 90 / LogL: -9168.512 / Time: 0h:1m:6s (0h:0m:8s left)
Iteration 100 / LogL: -9168.527 / Time: 0h:1m:10s (0h:0m:0s left)
Log-likelihood cutoff on original alignment: -9198.812
NOTE: Bootstrap correlation coefficient of split occurrence frequencies: 1.000
TREE SEARCH COMPLETED AFTER 102 ITERATIONS / Time: 0h:1m:11s

--------------------------------------------------------------------
|                    FINALIZING TREE SEARCH                        |
--------------------------------------------------------------------
Performs final model parameters optimization
Estimate model parameters (epsilon = 0.010)
Optimizing K2P+I+G4 parameters for partition part1.1+part1.2+part1.3+part2.1+part2.2+part2.3+part3.1+part3.2+part3.3+part4.1+part4.2+part4.3+part5.1+part5.2+part5.3 (70 free parameters)
Optimal log-likelihood: -9168.508
BEST SCORE FOUND : -9168.508
Creating bootstrap support values...
Split supports printed to NEXUS file 6_set245.splits.nex
Total tree length: 0.931

Total number of iterations: 102
CPU time used for tree search: 25.785 sec (0h:0m:25s)
Wall-clock time used for tree search: 35.759 sec (0h:0m:35s)
Total CPU time used: 47.425 sec (0h:0m:47s)
Total wall-clock time used: 71.359 sec (0h:1m:11s)

Computing bootstrap consensus tree...
Reading input file 6_set245.splits.nex...
35 taxa and 135 splits.
Consensus tree written to 6_set245.contree
Reading input trees file 6_set245.contree
Log-likelihood of consensus tree: -9168.509

Analysis results written to: 
  IQ-TREE report:                6_set245.iqtree
  Maximum-likelihood tree:       6_set245.treefile
  Likelihood distances:          6_set245.mldist
  Best partitioning scheme:      6_set245.best_scheme.nex
           in RAxML format:      6_set245.best_scheme

Ultrafast bootstrap approximation results written to:
  Split support values:          6_set245.splits.nex
  Consensus tree:                6_set245.contree
  Screen log file:               6_set245.log

Date and Time: Sat Sep  8 09:37:16 2018
