IQ-TREE multicore version 1.6.7 for Mac OS X 64-bit built Aug 23 2018
Developed by Bui Quang Minh, Nguyen Lam Tung, Olga Chernomor,
Heiko Schmidt, Dominik Schrempf, Michael Woodhams.

Host:    meeps-mac-pro.staff.sydney.edu.au (AVX, 64 GB RAM)
Command: /Users/davidduchene/Desktop/Software/iqtree-1.6.7-MacOSX/bin/iqtree -s ../../../../birds/set9.fasta -m TESTMERGE -bb 1000 -sp ../../../../birds/set9.nex -nt AUTO -pre 6_set9
Seed:    865630 (Using SPRNG - Scalable Parallel Random Number Generator)
Time:    Wed Sep 12 08:14:20 2018
Kernel:  AVX - auto-detect threads (8 CPU cores detected)

Reading partition model file ../../../../birds/set9.nex ...
Reading alignment file ../../../../birds/set9.fasta ... Fasta format detected
Alignment most likely contains DNA/RNA sequences
Alignment has 194 sequences with 22328 columns, 13578 distinct patterns
11369 parsimony-informative, 1831 singleton sites, 9128 constant sites
                                                        Gap/Ambiguity  Composition  p-value
   1  I0185_86_Accipitridae_Buteo_jamaicensis                   0.10%    passed     24.61%
   2  I0186_111_Momotidae_Momotus_lessonii                      1.16%    passed     98.84%
   3  I0187_115_Trogonidae_Trogon_elegans                       0.64%    passed     32.68%
   4  I0188_135_Apodidae_Streptoprocne_zonaris                  1.07%    passed     63.03%
   5  I0189_225_Eurylaimidae_Smithornis_rufolateralis           0.88%    passed     98.80%
   6  I0190_295_Trogonidae_Apaloderma_aequatoriale              1.09%    passed     51.41%
   7  I0191_344_Indicatoridae_Indicator_exilis                  3.34%    passed     95.70%
   8  I0192_375_Musophagidae_Tauraco_macrorhynchus              1.24%    passed     94.54%
   9  I0193_447_Columbidae_Treron_calvus                        0.94%    passed     60.44%
  10  I0194_495_Alcedinidae_Alcedo_quadribrachys                2.01%    failed      0.10%
  11  I0195_522_Ramphastidae_Buccanodon_duchaillui              3.84%    passed     70.88%
  12  I0196_523_Musophagidae_Corythaeola_cristata               2.42%    passed     92.75%
  13  I0197_832_Corvidae_Corvus_albus                           1.08%    passed     18.66%
  14  I0198_937_Bucerotidae_Tockus_camurus                      2.01%    passed     65.25%
  15  I0199_955_Meropidae_Merops_muelleri                       0.82%    failed      0.04%
  16  I0200_988_Furnariidae_Furnarius_rufus                     1.25%    passed     98.91%
  17  I0201_999_Scolopacidae_Tringa_solitaria                   0.68%    passed     98.90%
  18  I0202_1066_Cathartidae_Cathartes_burrovianus              2.81%    passed     50.46%
  19  I0203_1087_Tyrannidae_Hymenops_perspicillatus             0.61%    passed      8.16%
  20  I0204_1174_Threskiornithidae_Harpiprion_caerulescens      0.57%    passed     62.71%
  21  I0205_1183_Tyrannidae_Hirundinea_ferruginea               0.71%    passed     23.23%
  22  I0206_1192_Laridae_Chroicocephalus_cirrocephalus          1.79%    passed     75.36%
  23  I0207_1193_Thamnophilidae_Thamnophilus_ruficapillus       3.91%    passed     66.29%
  24  I0208_1208_Strigidae_Strix_varia                          1.98%    passed     29.71%
  25  I0209_1223_Burhinidae_Burhinus_oedicnemus                 0.60%    passed     22.06%
  26  I0210_1226_Ciconiidae_Ciconia_nigra                       1.44%    passed     54.49%
  27  I0211_1232_Columbidae_Columba_livia                       0.60%    passed     51.91%
  28  I0212_1289_Charadriidae_Charadrius_hiaticula              2.56%    passed     95.55%
  29  I0213_1334_Picidae_Jynx_torquilla                         4.20%    passed     34.08%
  30  I0214_1354_Sylviidae_Sylvia_melanocephala                 2.03%    failed      1.84%
  31  I0215_1370_Regulidae_Regulus_ignicapilla                  1.42%    failed      0.04%
  32  I0216_1413_Falconidae_Micrastur_gilvicollis               0.28%    passed     65.66%
  33  I0217_1452_Cotingidae_Rupicola_rupicola                   0.57%    passed     94.45%
  34  I0218_1474_Tityridae_Myiobius_barbatus                    1.93%    passed     53.36%
  35  I0219_1489_Trochilidae_Topaza_pella                       1.84%    passed     17.06%
  36  I0220_1514_Trochilidae_Phaethornis_superciliosus          3.99%    passed     23.42%
  37  I0221_1526_Columbidae_Leptotila_rufaxilla                 1.18%    passed     65.27%
  38  I0222_1568_Turdidae_Turdus_olivater                       1.66%    failed      1.16%
  39  I0223_1586_Furnariidae_Sclerurus_mexicanus                0.69%    passed     87.13%
  40  I0224_1607_Cracidae_Crax_alector                          0.87%    passed     79.20%
  41  I0225_1616_Incertae_sedis_Piprites_chloris                0.95%    passed     96.07%
  42  I0226_1619_Odontophoridae_Odontophorus_gujanensis         1.53%    passed     88.33%
  43  I0227_1698_Tyrannidae_Rhynchocyclus_olivaceus             0.45%    passed     41.09%
  44  I0228_1712_Pipridae_Neopelma_chrysocephalum               0.63%    passed     54.60%
  45  I0229_1748_Tinamidae_Nothoprocta_ornata                   3.53%    failed      2.79%
  46  I0230_1770_Tinamidae_Crypturellus_tataupa                 4.86%    failed      0.05%
  47  I0231_1774_Tinamidae_Tinamus_major                        3.05%    passed     17.09%
  48  I0232_1837_Fringillidae_Fringilla_coelebs                 5.81%    failed      0.76%
  49  I0233_1920_Upupidae_Upupa_epops                           3.26%    passed     81.44%
  50  I0234_1994_Todidae_Todus_mexicanus                        4.20%    passed     10.11%
  51  I0235_2065_Cuculidae_Coccyzus_melacoryphus                2.30%    passed     77.77%
  52  I0236_2079_Falconidae_Falco_sparverius                    0.55%    passed     52.52%
  53  I0237_2182_Thamnophilidae_Myrmornis_torquata              1.56%    passed     92.59%
  54  I0238_2211_Cotingidae_Cotinga_cayana                      0.83%    passed     79.40%
  55  I0239_2212_Ardeidae_Tigrisoma_lineatum                    0.83%    passed     59.17%
  56  I0240_2217_Psittacidae_Deroptyus_accipitrinus             1.07%    passed     84.32%
  57  I0241_2249_Pipridae_Pipra_erythrocephala                  0.57%    passed     41.29%
  58  I0242_2273_Furnariidae_Lepidocolaptes_angustirostris      1.06%    passed     38.96%
  59  I0243_2275_Columbidae_Columbina_minuta                    1.20%    passed     38.26%
  60  I0244_2276_Caprimulgidae_Chordeiles_pusillus              3.18%    passed     30.36%
  61  I0245_2800_Ardeidae_Ardea_herodias                        3.21%    passed     93.85%
  62  I0246_2823_Tyrannidae_Tyrannus_albogularis                0.48%    passed      5.87%
  63  I0247_2886_Apodidae_Chaetura_brachyura                    0.91%    passed     48.48%
  64  I0248_2938_Falconidae_Caracara_cheriway                   1.04%    passed     32.09%
  65  I0249_2220_Nyctibiidae_Nyctibius_griseus                  0.92%    passed     92.65%
  66  I0250_2944_Odontophoridae_Colinus_cristatus               1.33%    passed     98.05%
  67  I0251_3044_Tityridae_Tityra_cayana                        2.22%    passed     15.52%
  68  I0252_3154_Anatidae_Anas_superciliosa                     3.14%    passed     99.28%
  69  I0253_3158_Anseranatidae_Anseranas_semipalmata            0.83%    passed      7.90%
  70  I0254_3160_Sulidae_Morus_serrator                         0.14%    passed     18.11%
  71  I0255_3161_Podargidae_Podargus_strigoides                 2.74%    passed     99.36%
  72  I0256_3178_Megapodiidae_Leipoa_ocellata                   0.96%    passed     36.80%
  73  I0257_3236_Anatidae_Oxyura_jamaicensis                    1.07%    passed     66.49%
  74  I0258_3336_Caprimulgidae_Caprimulgus_europaeus            2.32%    passed     87.74%
  75  I0259_3344_Picidae_Picus_canus                            3.91%    passed     48.97%
  76  I0260_3380_Dromaiidae_Dromaius_novaehollandiae            3.78%    passed     30.63%
  77  I0261_3515_Thamnophilidae_Terenura_callinota              0.78%    passed     96.43%
  78  I0262_3562_Oxyruncidae_Oxyruncus_cristatus                1.39%    passed     55.57%
  79  I0263_3569_Psophiidae_Psophia_crepitans                   0.57%    passed     73.61%
  80  I0264_3574_Falconidae_Ibycter_americanus                  0.42%    passed      9.16%
  81  I0265_3576_Tityridae_Schiffornis_turdina                  0.66%    passed     75.82%
  82  I0266_3617_Ramphastidae_Capito_niger                      6.09%    passed     90.96%
  83  I0267_3690_Bucconidae_Bucco_capensis                      5.44%    passed     88.25%
  84  I0268_3790_Accipitridae_Accipiter_superciliosus           0.41%    passed     26.92%
  85  I0270_4099_Sternidae_Sterna_hirundo                       0.52%    passed     92.05%
  86  I0271_5253_Psittacidae_Psittrichas_fulgidus               1.64%    passed     50.34%
  87  I0272_5303_Alcedinidae_Chloroceryle_inda                  3.48%    passed     60.72%
  88  I0273_5315_Galbulidae_Galbula_dea                         0.94%    passed     72.70%
  89  I0274_5339_Bucconidae_Chelidoptera_tenebrosa              4.96%    passed     47.42%
  90  I0275_5404_Balaenicipitidae_Balaeniceps_rex               0.13%    passed     25.68%
  91  I0276_5411_Cathartidae_Vultur_gryphus                     0.89%    passed     39.61%
  92  I0277_5465_Trochilidae_Archilochus_colubris               1.06%    passed      8.15%
  93  I0278_5642_Phasianidae_Bonasa_umbellus                    1.20%    passed     90.44%
  94  I0279_5911_Jacanidae_Jacana_jacana                        1.14%    passed     93.25%
  95  I0280_5927_Psittacidae_Probosciger_aterrimus              1.64%    passed     59.26%
  96  I0281_5967_Otididae_Ardeotis_kori                         0.17%    passed     50.88%
  97  I0282_6008_Hydrobatidae_Oceanodroma_leucorhoa             1.28%    passed     62.74%
  98  I0283_6026_Anatidae_Dendrocygna_viduata                   3.06%    passed     24.02%
  99  I0284_6031_Coraciidae_Coracias_cyanogaster                0.69%    passed     62.46%
 100  I0285_6059_Anatidae_Anser_canagicus                       1.31%    passed     95.78%
 101  I0286_6061_Ramphastidae_Ramphastos_ambiguus               3.44%    passed     86.13%
 102  I0287_6069_Phoenicopteridae_Phoenicopterus_ruber          1.05%    passed     95.55%
 103  I0288_6097_Anatidae_Aythya_valisineria                    0.56%    passed     97.69%
 104  I0289_6295_Haematopodidae_Haematopus_palliatus            0.17%    passed     79.95%
 105  I0361_9545_Sagittariidae_Sagittarius_serpentarius         0.84%    passed     52.79%
 106  I0362_3175_Hydrobatidae_Oceanites_oceanicus               3.19%    passed     72.40%
 107  I0363_345610_Mesitornithidae_Mesitornis_unicolor          6.31%    failed      2.54%
 108  I0364_384759_Brachypteraciidae_Atelornis_pittoides        0.65%    passed     85.10%
 109  I0366_438526_Mesitornithidae_Monias_benschi               2.88%    failed      0.00%
 110  I0367_449184_Leptosomidae_Leptosomus_discolor             0.26%    passed     55.45%
 111  I0368_21_Recurvirostridae_Recurvirostra_americana         0.66%    passed     88.65%
 112  I0369_848_Opisthocomidae_Opisthocomus_hoazin              0.54%    passed     94.68%
 113  I0370_1566_Psittacidae_Psittacus_erithacus                0.74%    passed     80.03%
 114  I0371_1587_Phasianidae_Rollulus_rouloul                   1.87%    passed     92.34%
 115  I0372_1658_Phalacrocoracidae_Phalacrocorax_brasilianus    0.29%    passed     77.39%
 116  I0373_1829_Anhimidae_Chauna_torquata                      0.50%    failed      0.44%
 117  I0374_2419_Phasianidae_Gallus_gallus                      1.10%    passed     95.50%
 118  I0375_2613_Phaethontidae_Phaethon_rubricauda              0.43%    failed      3.70%
 119  I0376_2661_Ciconiidae_Leptoptilos_crumeniferus            0.81%    passed     68.57%
 120  I0377_2841_Melanopareiidae_Melanopareia_maximiliani       1.36%    passed     44.98%
 121  I0378_3087_Heliornithidae_Heliornis_fulica                0.92%    passed     76.72%
 122  I0379_3106_Anhingidae_Anhinga_anhinga                     0.17%    passed     34.46%
 123  I0380_6178_Climacteridae_Climacteris_melanura             1.48%    failed      3.94%
 124  I0382_6875_Casuariidae_Casuarius_bennetti                 1.20%    passed     30.81%
 125  I0383_8723_Psittacidae_Barnardius_zonarius                0.97%    passed     85.15%
 126  I0384_9129_Fregatidae_Fregata_magnificens                 0.61%    passed     47.67%
 127  I0385_9309_Accipitridae_Elanus_leucurus                   0.46%    passed     13.06%
 128  I0386_10701_Pelecanoididae_Pelecanoides_urinatrix         0.97%    passed     29.24%
 129  I0387_12368_Eurylaimidae_Eurylaimus_ochromalus            1.13%    passed     95.79%
 130  I0388_12571_Hemiprocnidae_Hemiprocne_comata               0.73%    passed     40.15%
 131  I0389_14873_Psittacidae_Nestor_meridionalis               1.02%    passed     74.37%
 132  I0390_14905_Apterygidae_Apteryx_sp                        2.23%    passed      7.56%
 133  I0391_15014_Pelecanidae_Pelecanus_occidentalis            0.13%    passed     34.54%
 134  I0392_15430_Phoeniculidae_Phoeniculus_purpureus           6.25%    passed     43.03%
 135  I0393_15950_Rynchopidae_Rhynchops_niger                   0.72%    passed     76.53%
 136  I0394_16098_Aegothelidae_Aegotheles_insignis              1.86%    passed     38.61%
 137  I0395_16363_Procellariidae_Pterodroma_externa             0.44%    passed     30.24%
 138  I0396_16818_Eurypygidae_Eurypyga_helias                   0.92%    passed     40.55%
 139  I0397_17790_Ramphastidae_Megalaima_chrysopogon            5.64%    passed     52.60%
 140  I0398_17932_Cuculidae_Centropus_bengalensis               1.59%    passed      5.15%
 141  I0399_18174_Caprimulgidae_Eurostopodus_macrotis           0.60%    passed      9.95%
 142  I0400_19788_Pittidae_Pitta_angolensis                     1.20%    passed     98.33%
 143  I0401_19903_Glareolidae_Glareola_nuchalis                 0.27%    passed     84.78%
 144  I0402_20061_Rostratulidae_Rostratula_benghalensis         3.90%    passed     54.33%
 145  I0403_20547_Pteroclididae_Syrrhaptes_paradoxus            0.71%    passed     74.54%
 146  I0404_21828_Procellariidae_Fulmarus_glacialoides          0.28%    passed     28.08%
 147  I0405_21897_Gruidae_Grus_canadensis                       0.49%    passed     33.43%
 148  I0407_22888_Rallidae_Porphyrio_porphyrio                  1.20%    passed     24.43%
 149  I0408_25293_Alcidae_Uria_aalge                            0.39%    passed     81.04%
 150  I0409_25985_Turnicidae_Turnix_ocellata                    6.60%    failed      1.30%
 151  I0410_52764_Coliidae_Colius_colius                        1.15%    passed     54.37%
 152  I0411_53231_Pteroclididae_Pterocles_bicinctus             0.56%    passed     83.07%
 153  I0412_62853_Hydrobatidae_Pelagodroma_marina               0.67%    passed     29.74%
 154  I0413_67124_Coliidae_Colius_indicus                       1.25%    passed     39.86%
 155  I0414_72512_Rheidae_Rhea_americana                        5.08%    passed      6.06%
 156  I0415_76638_Menuridae_Menura_novaehollandiae              0.86%    passed     11.25%
 157  I0416_76941_Pipridae_Cryptopipo_holochlora                0.60%    passed     73.84%
 158  I0417_82096_Diomedeidae_Phoebastria_nigripes              0.13%    passed     13.64%
 159  I0418_89784_Scopidae_Scopus_umbretta                      0.64%    passed     20.22%
 160  I0419_90368_Aramidae_Aramus_guarauna                      0.83%    passed     43.45%
 161  I0420_730_Ardeidae_Ixobrychus_minutus                     3.51%    passed     88.21%
 162  I0421_1173_Cariamidae_Cariama_cristata                    0.81%    passed     12.32%
 163  I0422_1201_Podicipedidae_Rollandia_rolland                0.57%    passed     79.59%
 164  I0423_2497_Cuculidae_Cuculus_optatus                      1.76%    passed     37.96%
 165  I0424_2923_Cuculidae_Tapera_naevia                        0.91%    passed     80.44%
 166  I0425_2961_Rallidae_Micropygia_schomburgkii               0.56%    passed     87.56%
 167  I0427_3383_Scolopacidae_Arenaria_interpres                1.20%    passed     97.22%
 168  I0428_3386_Rallidae_Rallus_longirostris                   5.60%    passed     10.66%
 169  I0429_3677_Grallariidae_Myrmothera_campanisona            0.82%    passed     56.06%
 170  I0430_5336_Tyrannidae_Elaenia_flavogaster                 0.73%    passed     14.41%
 171  I0431_5370_Scolopacidae_Limosa_lapponica                  0.52%    passed     98.94%
 172  I0432_5886_Tinamidae_Eudromia_elegans                     5.03%    failed      4.51%
 173  I0433_6296_Gruidae_Balearica_regulorum                    1.43%    passed     47.29%
 174  I0434_6298_Columbidae_Ptilinopus_magnificus               0.88%    passed     70.86%
 175  I0438_345711_Eurylaimidae_Neodrepanis_coruscans           0.89%    passed     95.30%
 176  I0448_52755_Numididae_Numida_malagris                     1.27%    passed     89.00%
 177  I0449_66928_Gaviidae_Gavia_immer                          0.92%    passed     69.11%
 178  I0450_81668_Pandionidae_Pandion_haliaetus                 1.98%    passed     12.28%
 179  I0451_85124_Spheniscidae_Spheniscus_humboldti             0.63%    passed     27.29%
 180  I0452_88784_Tytonidae_Tyto_alba                           4.93%    passed     91.67%
 181  I0453_90121_Struthionidae_Struthio_camelus                3.65%    passed     95.16%
 182  I0454_77230_Cariamidae_Chunga_burmeisteri                 0.89%    passed     16.24%
 183  I0455_1245_Alaudidae_Calandrella_brachydactyla            3.34%    failed      3.89%
 184  I0456_3321_Paridae_Poecile_lugubris                       1.82%    passed     77.81%
 185  I0457_6346_Paradisaeidae_Lophorina_superba                2.46%    failed      1.71%
 186  I0459_6323_Eurylaimidae_Calyptomena_viridis               0.90%    passed     88.19%
 187  I0460_HERP_14722_Crocodylidae_Crocodylus_porosus         13.37%    failed      4.12%
 188  I0461_HERP_15451_Alligatoridae_Caiman_croccodilus        14.99%    passed      8.35%
 189  I2824_12230_Ptilonorhynchidae_Sericulus_bakeri            1.19%    failed      4.59%
 190  I2825_21896_Emberizidae_Spizella_arborea                  1.46%    failed      0.02%
 191  I2826_181173_Pycnonotidae_Pycnonotus_macrotis             2.00%    passed      9.73%
 192  I2827_2685_Pedionomidae_Pedionomus_torquatus              0.68%    passed     99.97%
 193  I2828_3250_Bucerotidae_Bucorvus_leadbeateri               0.68%    passed     39.56%
 194  I2829_RIFL_Acanthisittidae_Acanthisitta_chloris           1.14%    passed      9.92%
****  TOTAL                                                     1.76%  20 sequences failed composition chi2 test (p-value<5%; df=3)
NOTE: No CharPartition defined, use all CharSets

Loading 15 partitions...
Subset	Type	Seqs	Sites	Infor	Invar	Model	Name
1		194	1757	725	811	TESTMERGE	part1
2		194	1937	1236	541	TESTMERGE	part2
3		194	866	540	239	TESTMERGE	part3
4		194	1172	557	415	TESTMERGE	part4
5		194	1770	784	857	TESTMERGE	part5
6		194	1747	504	1110	TESTMERGE	part6
7		194	1349	593	610	TESTMERGE	part7
8		194	1728	627	1031	TESTMERGE	part8
9		194	1519	891	537	TESTMERGE	part9
10		194	1537	796	646	TESTMERGE	part10
11		194	722	431	226	TESTMERGE	part11
12		194	1594	592	887	TESTMERGE	part12
13		194	1588	1354	125	TESTMERGE	part13
14		194	1741	1085	524	TESTMERGE	part14
15		194	1301	654	569	TESTMERGE	part15
Degree of missing data: 0.000
Info: multi-threading strategy over partitions



Create initial parsimony tree by phylogenetic likelihood library (PLL)... 0.501 seconds
NOTE: ModelFinder requires 405 MB RAM!
NUMBER OF THREADS FOR PARTITION FINDING: 8
Testing GTR+F+G on supermatrix...
GTR+F+G4 / LnL: -556171.660 / df: 394 / AIC: 1113131.320 / AICc: 1113145.511 / BIC: 1116288.677
Selecting individual models for 15 charsets using BIC...
 No. Model        Score       Charset
   1 TVMe+I+G4    51350.751   part4
   2 GTR+F+I+G4   78775.185   part10
   3 GTR+F+I+G4   62081.672   part1
   4 GTR+F+I+G4   124625.148  part13
   5 GTR+F+I+G4   130773.551  part2
   6 TIM2e+I+G4   78386.784   part5
   7 GTR+F+I+G4   103850.246  part14
   8 TIM3+F+I+G4  54425.283   part7
   9 TVMe+I+G4    67055.103   part8
  10 TPM2+F+I+G4  49649.558   part6	0h:5m:41s (1h:54m:26s left)
  11 TIM2e+I+G4   65243.716   part15	0h:5m:48s (1h:45m:43s left)
  12 GTR+F+I+G4   75082.600   part12	0h:5m:54s (1h:37m:52s left)
  13 GTR+F+I+G4   48288.871   part11	0h:5m:58s (1h:31m:4s left)
  14 GTR+F+I+G4   52884.172   part3	0h:5m:59s (1h:24m:22s left)
  15 TPM3+F+I+G4  83445.810   part9	0h:6m:5s (1h:19m:33s left)
Full partition model BIC score: 1142084.437 (LnL: -541507.115  df:5899)
Merging models to increase model fit (about 211 total partition schemes)...
  16 GTR+F+I+G4   1139460.736 part1+part2	0h:14m:25s (2h:55m:43s left)
  17 GTR+F+I+G4   1140168.800 part1+part13	0h:14m:49s (2h:49m:10s left)
  18 GTR+F+I+G4   1139463.572 part2+part13	0h:15m:22s (2h:44m:51s left)
  19 GTR+F+I+G4   1139084.039 part2+part14	0h:15m:48s (2h:39m:41s left)
  20 GTR+F+I+G4   1138947.732 part2+part9	0h:16m:37s (2h:38m:43s left)
  21 GTR+F+I+G4   1139615.344 part13+part14	0h:18m:59s (2h:51m:51s left)
  22 GTR+F+I+G4   1139572.486 part9+part13	0h:22m:26s (3h:12m:48s left)
  23 GTR+F+I+G4   1139569.307 part10+part13	0h:22m:50s (3h:6m:43s left)
  24 GTR+F+I+G4   1141138.600 part4+part13	0h:23m:36s (3h:3m:54s left)
  25 TIM2+F+I+G4  1140524.880 part5+part13	0h:23m:50s (2h:57m:25s left)
  26 GTR+F+I+G4   1138937.754 part2+part10	0h:24m:30s (2h:54m:22s left)
  27 GTR+F+I+G4   1140203.695 part7+part13	0h:26m:10s (2h:58m:25s left)
  28 TIM2+F+I+G4  1139650.405 part2+part5	0h:26m:51s (2h:55m:30s left)
  29 GTR+F+I+G4   1139199.108 part1+part14	0h:29m:40s (3h:6m:13s left)
  30 GTR+F+I+G4   1141120.302 part2+part4	0h:31m:5s (3h:7m:32s left)
  31 SYM+I+G4     1141175.900 part8+part13	0h:33m:3s (3h:11m:58s left)
  32 SYM+I+G4     1141683.679 part12+part13	0h:34m:13s (3h:11m:27s left)
  33 GTR+F+I+G4   1139781.166 part2+part7	0h:34m:50s (3h:7m:57s left)
  34 TIM2+F+I+G4  1139319.700 part2+part15	0h:37m:27s (3h:14m:58s left)
  35 GTR+F+I+G4   1140096.228 part2+part8	0h:37m:29s (3h:8m:32s left)
  36 GTR+F+I+G4   1138903.527 part9+part14	0h:38m:54s (3h:9m:8s left)
  37 TIM2+F+I+G4  1140173.404 part13+part15	0h:39m:24s (3h:5m:18s left)
  38 GTR+F+I+G4   1139217.077 part3+part13	0h:41m:8s (3h:7m:20s left)
  39 GTR+F+I+G4   1140305.271 part6+part13	0h:42m:10s (3h:5m:59s left)
  40 SYM+I+G4     1140841.893 part2+part12	0h:42m:59s (3h:3m:47s left)
  41 TVM+F+I+G4   1139486.346 part5+part14	0h:43m:53s (3h:1m:59s left)
  42 GTR+F+I+G4   1138949.188 part2+part3	0h:45m:46s (3h:4m:10s left)
  43 GTR+F+I+G4   1139390.084 part2+part6	0h:46m:23s (3h:1m:14s left)
  44 GTR+F+I+G4   1139209.523 part1+part9	0h:47m:19s (2h:59m:36s left)
  45 GTR+F+I+G4   1140922.634 part4+part14	0h:48m:46s (2h:59m:56s left)
  46 TVM+F+I+G4   1138988.520 part10+part14	0h:50m:18s (3h:0m:28s left)
  47 SYM+I+G4     1140958.437 part11+part13	0h:50m:46s (2h:57m:9s left)
  48 GTR+F+I+G4   1139597.720 part7+part14	0h:52m:39s (2h:58m:49s left)
  49 TVM+F+I+G4   1139387.584 part1+part5	0h:54m:35s (3h:0m:30s left)
  50 TVM+F+I+G4   1139730.805 part8+part14	0h:55m:10s (2h:57m:38s left)
  51 SYM+I+G4     1140359.407 part12+part14	0h:56m:48s (2h:58m:14s left)
  52 TVM+F+I+G4   1139192.768 part1+part10	0h:57m:32s (2h:55m:57s left)
  53 GTR+F+I+G4   1139197.840 part14+part15	0h:58m:4s (2h:53m:8s left)
  54 GTR+F+I+G4   1138865.283 part9+part10	0h:58m:46s (2h:50m:54s left)
  55 SYM+I+G4     1140638.370 part2+part11	0h:59m:7s (2h:47m:41s left)
  56 TPM2+F+I+G4  1139346.358 part5+part9	0h:59m:25s (2h:44m:28s left)
  57 TVM+F+I+G4   1139263.011 part6+part14	1h:2m:3s (2h:47m:41s left)
  58 GTR+F+I+G4   1138891.302 part3+part14	1h:2m:28s (2h:44m:49s left)
  59 GTR+F+I+G4   1140556.309 part1+part4	1h:3m:49s (2h:44m:26s left)
  60 TVM+F+I+G4   1140499.685 part4+part9	1h:4m:41s (2h:42m:48s left)
  61 GTR+F+I+G4   1139359.585 part1+part7	1h:6m:14s (2h:42m:52s left)
  62 TVM+F+I+G4   1139692.539 part1+part8	1h:8m:1s (2h:43m:28s left)
  63 TVM+F+I+G4   1139588.728 part8+part9	1h:9m:32s (2h:43m:23s left)
  64 GTR+F+I+G4   1139251.834 part1+part15	1h:10m:5s (2h:40m:58s left)
  65 GTR+F+I+G4   1139266.113 part5+part10	1h:10m:48s (2h:39m:3s left)
  66 TVMe+I+G4    1140124.349 part1+part12	1h:11m:30s (2h:37m:5s left)
  67 TPM2u+F+I+G4 1139116.371 part9+part15	1h:11m:35s (2h:33m:52s left)
  68 GTR+F+I+G4   1139516.603 part7+part9	1h:11m:44s (2h:30m:51s left)
  69 GTR+F+I+G4   1140067.065 part9+part12	1h:12m:47s (2h:29m:47s left)
  70 TVM+F+I+G4   1140849.630 part4+part5	1h:13m:45s (2h:28m:34s left)
  71 TVMe+I+G4    1140310.549 part11+part14	1h:15m:26s (2h:28m:45s left)
  72 GTR+F+I+G4   1139082.473 part1+part6	1h:15m:33s (2h:25m:52s left)
  73 TVMe+I+G4    1139665.540 part5+part7	1h:15m:41s (2h:23m:4s left)
  74 GTR+F+I+G4   1140436.061 part4+part10	1h:16m:25s (2h:21m:28s left)
  75 TVMe+I+G4    1139570.932 part5+part8	1h:16m:40s (2h:19m:1s left)
  76 GTR+F+I+G4   1139042.728 part1+part3	1h:18m:30s (2h:19m:26s left)
  77 TIM2e+I+G4   1138998.693 part5+part15	1h:18m:34s (2h:16m:44s left)
  78 TVM+F+I+G4   1139108.878 part6+part9	1h:18m:35s (2h:14m:0s left)
  79 GTR+F+I+G4   1139523.785 part7+part10	1h:20m:34s (2h:14m:37s left)
  80 GTR+F+I+G4   1138822.299 part3+part9	1h:20m:46s (2h:12m:15s left)
  81 GTR+F+I+G4   1139577.260 part8+part10	1h:21m:6s (2h:10m:10s left)
  82 GTR+F+I+G4   1139957.301 part5+part12	1h:21m:38s (2h:8m:25s left)
  83 GTR+F+I+G4   1140223.570 part4+part7	1h:23m:20s (2h:8m:31s left)
  84 TIM2+F+I+G4  1139108.076 part5+part6	1h:23m:37s (2h:6m:25s left)
  85 SYM+I+G4     1140228.569 part10+part12	1h:24m:40s (2h:5m:30s left)
  86 TIM2+F+I+G4  1139111.970 part10+part15	1h:24m:53s (2h:3m:23s left)
  87 TVMe+I+G4    1141028.036 part4+part8	1h:25m:14s (2h:1m:29s left)
  88 TVM+F+I+G4   1139340.444 part3+part5	1h:25m:33s (1h:59m:35s left)
  89 SYM+I+G4     1140210.482 part1+part11	1h:26m:7s (1h:58m:3s left)
  90 TVM+F+I+G4   1140621.552 part4+part15	1h:26m:20s (1h:56m:5s left)
  91 GTR+F+I+G4   1139857.582 part7+part8	1h:28m:1s (1h:56m:4s left)
  92 GTR+F+I+G4   1138979.094 part6+part10	1h:29m:1s (1h:55m:9s left)
  93 TVM+F+I+G4   1138849.517 part3+part10	1h:29m:34s (1h:53m:39s left)
  94 GTR+F+I+G4   1140406.248 part9+part11	1h:29m:49s (1h:51m:48s left)
  95 TVMe+I+G4    1139547.029 part7+part15	1h:30m:30s (1h:50m:31s left)
  96 TVMe+I+G4    1140759.848 part4+part12	1h:30m:45s (1h:48m:43s left)
  97 TVMe+I+G4    1139414.925 part8+part15	1h:30m:47s (1h:46m:42s left)
  98 GTR+F+I+G4   1139967.571 part7+part12	1h:31m:30s (1h:45m:30s left)
  99 GTR+F+I+G4   1139586.208 part12+part15	1h:33m:4s (1h:45m:17s left)
 100 TVM+F+I+G4   1140260.038 part4+part6	1h:33m:25s (1h:43m:41s left)
 101 GTR+F+I+G4   1140335.998 part3+part4	1h:33m:26s (1h:41m:45s left)
 102 GTR+F+I+G4   1139905.960 part8+part12	1h:33m:51s (1h:40m:18s left)
 103 GTR+F+I+G4   1139340.803 part3+part7	1h:35m:14s (1h:39m:51s left)
 104 GTR+F+I+G4   1139273.867 part6+part7	1h:35m:20s (1h:38m:5s left)
 105 TVM+F+I+G4   1140436.779 part5+part11	1h:35m:48s (1h:36m:43s left)
 106 TIM2e+I+G4   1139099.447 part6+part15	1h:36m:30s (1h:35m:35s left)
 107 TVMe+I+G4    1139612.790 part3+part8	1h:37m:19s (1h:34m:35s left)
 108 TVMe+I+G4    1139279.796 part6+part8	1h:37m:44s (1h:33m:12s left)
 109 TIM2+F+I+G4  1139125.320 part3+part15	1h:39m:2s (1h:32m:40s left)
 110 SYM+I+G4     1140849.884 part4+part11	1h:39m:14s (1h:31m:6s left)
 111 GTR+F+I+G4   1140551.929 part10+part11	1h:39m:20s (1h:29m:30s left)
 112 TVM+F+I+G4   1139051.370 part3+part6	1h:39m:42s (1h:28m:8s left)
 113 TVMe+I+G4    1140084.790 part3+part12	1h:39m:48s (1h:26m:33s left)
 114 GTR+F+I+G4   1139681.675 part6+part12	1h:40m:1s (1h:25m:6s left)
 115 SYM+I+G4     1140179.695 part7+part11	1h:40m:41s (1h:24m:2s left)
 116 GTR+F+I+G4   1140254.795 part11+part15	1h:41m:1s (1h:22m:44s left)
 117 TVM+F+I+G4   1140102.846 part6+part11	1h:41m:30s (1h:21m:33s left)
 118 GTR+F+I+G4   1140035.963 part3+part11	1h:41m:31s (1h:20m:1s left)
 119 TVM+F+I+G4   1140431.259 part8+part11	1h:41m:33s (1h:18m:30s left)
 120 GTR+F+I+G4   1139861.899 part11+part12	1h:41m:47s (1h:17m:11s left)
Merging part3+part9 with BIC score: 1138822.299 (LnL: -541838.711  df: 5507)
 121 GTR+F+I+G4   1137573.791 part3+part4+part9	1h:49m:14s (1h:21m:15s left)
 122 GTR+F+I+G4   1137385.072 part3+part9+part11	1h:49m:37s (1h:19m:58s left)
 123 GTR+F+I+G4   1135995.770 part1+part3+part9	1h:50m:29s (1h:19m:2s left)
 124 TVM+F+I+G4   1135612.406 part3+part9+part10	1h:50m:44s (1h:17m:41s left)
 125 GTR+F+I+G4   1135764.111 part2+part3+part9	1h:52m:7s (1h:17m:8s left)
 126 GTR+F+I+G4   1135968.906 part3+part9+part15	1h:55m:54s (1h:18m:11s left)
 127 GTR+F+I+G4   1135686.083 part3+part9+part14	1h:56m:33s (1h:17m:5s left)
 128 TVM+F+I+G4   1136622.244 part3+part8+part9	1h:57m:17s (1h:16m:3s left)
 129 GTR+F+I+G4   1136367.303 part3+part7+part9	1h:57m:20s (1h:14m:35s left)
 130 TVM+F+I+G4   1135952.202 part3+part6+part9	1h:57m:50s (1h:13m:25s left)
 131 TVM+F+I+G4   1136294.477 part3+part5+part9	1h:58m:15s (1h:12m:13s left)
 132 TVMe+I+G4    1137279.905 part3+part9+part12	1h:58m:54s (1h:11m:9s left)
 133 GTR+F+I+G4   1136394.839 part3+part9+part13	1h:59m:28s (1h:10m:4s left)
Merging part3+part9+part10 with BIC score: 1135612.406 (LnL: -542216.457  df: 5111)
 134 TVM+F+I+G4   1134522.209 part3+part4+part9+part10	2h:12m:10s (1h:15m:56s left)
 135 GTR+F+I+G4   1133260.910 part3+part7+part9+part10	2h:12m:34s (1h:14m:38s left)
 136 TVM+F+I+G4   1132865.210 part1+part3+part9+part10	2h:13m:49s (1h:13m:48s left)
 137 TVM+F+I+G4   1134509.431 part3+part9+part10+part11	2h:15m:43s (1h:13m:18s left)
 138 GTR+F+I+G4   1132575.586 part2+part3+part9+part10	2h:15m:50s (1h:11m:51s left)
 139 GTR+F+I+G4   1134489.596 part3+part9+part10+part12	2h:16m:21s (1h:10m:37s left)
 140 TVM+F+I+G4   1132781.741 part3+part9+part10+part15	2h:21m:33s (1h:11m:47s left)
 141 TVM+F+I+G4   1133527.832 part3+part8+part9+part10	2h:22m:38s (1h:10m:49s left)
 142 TVM+F+I+G4   1132734.457 part3+part6+part9+part10	2h:23m:31s (1h:9m:44s left)
 143 TVM+F+I+G4   1133130.412 part3+part5+part9+part10	2h:23m:58s (1h:8m:27s left)
 144 GTR+F+I+G4   1133372.897 part3+part9+part10+part13	2h:25m:41s (1h:7m:47s left)
 145 TVM+F+I+G4   1132554.156 part3+part9+part10+part14	2h:27m:25s (1h:7m:6s left)
Merging part5+part15 with BIC score: 1132526.662 (LnL: -542626.236  df: 4721)
 146 TVM+F+I+G4   1131223.263 part5+part11+part15	2h:36m:7s (1h:9m:30s left)
 147 GTR+F+I+G4   1130559.147 part5+part12+part15	2h:37m:24s (1h:8m:31s left)
 148 TVM+F+I+G4   1131653.725 part4+part5+part15	2h:38m:53s (1h:7m:38s left)
 149 SYM+I+G4     1130140.918 part5+part8+part15	2h:40m:38s (1h:6m:50s left)
 150 TVMe+I+G4    1130196.398 part5+part7+part15	2h:40m:47s (1h:5m:23s left)
 151 TVM+F+I+G4   1129889.340 part1+part5+part15	2h:42m:13s (1h:4m:27s left)
 152 TIM2+F+I+G4  1130227.978 part2+part5+part15	2h:42m:18s (1h:3m:0s left)
 153 TVM+F+I+G4   1129986.983 part5+part14+part15	2h:42m:30s (1h:1m:36s left)
 154 TIM2e+I+G4   1129600.312 part5+part6+part15	2h:45m:7s (1h:1m:6s left)
 155 TIM2+F+I+G4  1131276.830 part5+part13+part15	2h:48m:32s (1h:0m:53s left)
 156 TVM+F+I+G4   1130160.322 part3+part5+part9+part10+part15	2h:51m:17s (1h:0m:23s left)
Merging part3+part9+part10+part14 with BIC score: 1129468.411 (LnL: -543074.796  df: 4326)
 157 TVM+F+I+G4   1127467.558 part3+part8+part9+part10+part14	3h:10m:2s (1h:5m:21s left)
 158 TVM+F+I+G4   1128628.682 part3+part4+part9+part10+part14	3h:10m:16s (1h:3m:49s left)
 159 GTR+F+I+G4   1126748.208 part1+part3+part9+part10+part14	3h:11m:25s (1h:2m:36s left)
 160 GTR+F+I+G4   1128419.750 part3+part9+part10+part11+part14	3h:13m:57s (1h:1m:49s left)
 161 GTR+F+I+G4   1127167.943 part3+part7+part9+part10+part14	3h:13m:58s (1h:0m:14s left)
 162 TVM+F+I+G4   1128604.648 part3+part9+part10+part12+part14	3h:14m:43s (0h:58m:54s left)
 163 GTR+F+I+G4   1126488.582 part2+part3+part9+part10+part14	3h:15m:26s (0h:57m:33s left)
 164 TVM+F+I+G4   1126698.769 part3+part6+part9+part10+part14	3h:20m:38s (0h:57m:29s left)
 165 TVM+F+I+G4   1127231.485 part3+part5+part9+part10+part14+part15	3h:21m:43s (0h:56m:14s left)
 166 GTR+F+I+G4   1127310.083 part3+part9+part10+part13+part14	3h:25m:40s (0h:55m:45s left)
Merging part1+part6 with BIC score: 1126466.447 (LnL: -543536.479  df: 3934)
 167 GTR+F+I+G4   1124939.704 part1+part6+part11	3h:33m:1s (0h:56m:7s left)
 168 GTR+F+I+G4   1125227.598 part1+part4+part6	3h:33m:36s (0h:54m:40s left)
 169 TVM+F+I+G4   1124056.105 part1+part6+part8	3h:33m:55s (0h:53m:9s left)
 170 GTR+F+I+G4   1123785.339 part1+part6+part7	3h:34m:0s (0h:51m:36s left)
 171 TVMe+I+G4    1124661.158 part1+part6+part12	3h:34m:52s (0h:50m:15s left)
 172 GTR+F+I+G4   1123981.321 part1+part2+part6	3h:35m:6s (0h:48m:46s left)
 173 GTR+F+I+G4   1125001.098 part1+part6+part13	3h:35m:22s (0h:47m:18s left)
 174 TVM+F+I+G4   1123811.697 part1+part5+part6+part15	3h:38m:14s (0h:46m:24s left)
 175 TVM+F+I+G4   1123897.947 part1+part3+part6+part9+part10+part14	3h:42m:16s (0h:45m:43s left)
Merging part2+part3+part9+part10+part14 with BIC score: 1123486.618 (LnL: -544019.242  df: 3540)
 176 GTR+F+I+G4   1122827.404 part2+part3+part4+part9+part10+part14	4h:7m:12s (0h:49m:9s left)
 177 GTR+F+I+G4   1121664.768 part2+part3+part8+part9+part10+part14	4h:8m:29s (0h:47m:43s left)
 178 TVM+F+I+G4   1122544.992 part2+part3+part9+part10+part11+part14	4h:9m:15s (0h:46m:12s left)
 179 GTR+F+I+G4   1121098.395 part1+part2+part3+part6+part9+part10+part14	4h:9m:28s (0h:44m:35s left)
 180 GTR+F+I+G4   1121257.295 part2+part3+part7+part9+part10+part14	4h:9m:37s (0h:42m:59s left)
 181 GTR+F+I+G4   1122927.158 part2+part3+part9+part10+part12+part14	4h:10m:27s (0h:41m:30s left)
 182 GTR+F+I+G4   1121271.429 part2+part3+part9+part10+part13+part14	4h:11m:59s (0h:40m:9s left)
 183 GTR+F+I+G4   1121410.845 part2+part3+part5+part9+part10+part14+part15	4h:15m:57s (0h:39m:9s left)
Merging part1+part6+part7 with BIC score: 1120805.509 (LnL: -544646.360  df: 3147)
 184 GTR+F+I+G4   1119384.610 part1+part6+part7+part11	4h:26m:19s (0h:39m:4s left)
 185 GTR+F+I+G4   1119616.823 part1+part4+part6+part7	4h:26m:38s (0h:37m:28s left)
 186 GTR+F+I+G4   1118576.082 part1+part6+part7+part8	4h:26m:55s (0h:35m:52s left)
 187 TVMe+I+G4    1119121.632 part1+part6+part7+part12	4h:28m:1s (0h:34m:23s left)
 188 GTR+F+I+G4   1119447.094 part1+part6+part7+part13	4h:28m:9s (0h:32m:48s left)
 189 GTR+F+I+G4   1118415.257 part1+part5+part6+part7+part15	4h:30m:37s (0h:31m:30s left)
 190 TVM+F+I+G4   1118747.520 part1+part2+part3+part6+part7+part9+part10+part14	4h:33m:31s (0h:30m:13s left)
Merging part1+part5+part6+part7+part15 with BIC score: 1118415.257 (LnL: -545403.885  df: 2757)
 191 GTR+F+I+G4   1116173.181 part1+part5+part6+part7+part8+part15	4h:49m:17s (0h:30m:17s left)
 192 GTR+F+I+G4   1117578.127 part1+part4+part5+part6+part7+part15	4h:51m:18s (0h:28m:49s left)
 193 GTR+F+I+G4   1117222.854 part1+part5+part6+part7+part11+part15	4h:51m:40s (0h:27m:12s left)
 194 SYM+I+G4     1116749.933 part1+part5+part6+part7+part12+part15	4h:53m:14s (0h:25m:41s left)
 195 GTR+F+I+G4   1117329.351 part1+part5+part6+part7+part13+part15	4h:54m:50s (0h:24m:11s left)
 196 TVM+F+I+G4   1116509.276 part1+part2+part3+part5+part6+part7+part9+part10+part14+part15	5h:0m:14s (0h:22m:58s left)
Merging part1+part5+part6+part7+part8+part15 with BIC score: 1116173.181 (LnL: -546240.506  df: 2366)
 197 GTR+F+I+G4   1115456.673 part1+part4+part5+part6+part7+part8+part15	5h:16m:23s (0h:22m:29s left)
 198 GTR+F+I+G4   1115017.278 part1+part5+part6+part7+part8+part11+part15	5h:16m:49s (0h:20m:48s left)
 199 TVM+F+I+G4   1114450.493 part1+part5+part6+part7+part8+part12+part15	5h:19m:17s (0h:19m:15s left)
 200 GTR+F+I+G4   1115301.879 part1+part5+part6+part7+part8+part13+part15	5h:19m:18s (0h:17m:33s left)
 201 TVM+F+I+G4   1114461.863 part1+part2+part3+part5+part6+part7+part8+part9+part10+part14+part15	5h:24m:19s (0h:16m:8s left)
Merging part11+part12 with BIC score: 1113950.643 (LnL: -547106.922  df: 1971)
 202 GTR+F+I+G4   1113067.601 part4+part11+part12	5h:27m:38s (0h:14m:35s left)
 203 GTR+F+I+G4   1113994.133 part11+part12+part13	5h:28m:50s (0h:12m:57s left)
 204 GTR+F+I+G4   1114365.047 part2+part3+part9+part10+part11+part12+part14	5h:38m:16s (0h:11m:36s left)
 205 GTR+F+I+G4   1113103.406 part1+part5+part6+part7+part8+part11+part12+part15	5h:38m:23s (0h:9m:54s left)
Merging part2+part3+part9+part10+part13+part14 with BIC score: 1111735.455 (LnL: -547977.013  df: 1576)
 206 GTR+F+I+G4   1111067.979 part2+part3+part4+part9+part10+part13+part14	5h:55m:1s (0h:8m:37s left)
 207 TVM+F+I+G4   1112505.577 part2+part3+part9+part10+part11+part12+part13+part14	5h:58m:7s (0h:6m:55s left)
 208 GTR+F+I+G4   1110727.608 part1+part2+part3+part5+part6+part7+part8+part9+part10+part13+part14+part15	6h:3m:20s (0h:5m:14s left)
Merging part1+part2+part3+part5+part6+part7+part8+part9+part10+part13+part14+part15 with BIC score: 1110727.608 (LnL: -549450.775  df: 1181)
 209 GTR+F+I+G4   1110053.594 part1+part2+part3+part4+part5+part6+part7+part8+part9+part10+part13+part14+part15	6h:29m:0s (0h:3m:43s left)
 210 GTR+F+I+G4   1110917.419 part1+part2+part3+part5+part6+part7+part8+part9+part10+part11+part12+part13+part14+part15	6h:39m:49s (0h:1m:54s left)
Merging part4+part11+part12 with BIC score: 1109844.566 (LnL: -550966.912  df: 790)
 211 GTR+F+I+G4   1110175.135 part1+part2+part3+part4+part5+part6+part7+part8+part9+part10+part11+part12+part13+part14+part15	7h:11m:48s (0h:0m:0s left)
BEST-FIT PARTITION MODEL: 
  charpartition BIC = GTR+F+I+G4: part1 part2 part3 part5 part6 part7 part8 part9 part10 part13 part14 part15, GTR+F+I+G4: part4 part11 part12;
Agglomerative model selection: ((((((part1,part6)5:1.12647e+06,part7)7:1.12081e+06,(part5,part15)3:1.13253e+06)8:1.11842e+06,part8)9:1.11617e+06,((part2,(((part3,part9)1:1.13882e+06,part10)2:1.13561e+06,part14)4:1.12947e+06)6:1.12349e+06,part13)11:1.11174e+06)12:1.11073e+06,(part4,(part11,part12)10:1.11395e+06)13:1.10984e+06)
Merging into 2 partitions...
Partition information was printed to 6_set9.best_scheme.nex
Partition information in Raxml format was printed to 6_set9.best_scheme

All model information printed to 6_set9.model.gz
CPU time for ModelFinder: 125129.715 seconds (34h:45m:29s)
Wall-clock time for ModelFinder: 25909.917 seconds (7h:11m:49s)
Generating 1000 samples for ultrafast bootstrap (seed: 865630)...

NOTE: 394 MB RAM (0 GB) is required!
Measuring multi-threading efficiency up to 8 CPU cores
9 trees examined
Threads: 1 / Time: 8.459 sec / Speedup: 1.000 / Efficiency: 100% / LogL: -839938
Threads: 2 / Time: 7.164 sec / Speedup: 1.181 / Efficiency: 59% / LogL: -839938
Threads: 3 / Time: 3.261 sec / Speedup: 2.594 / Efficiency: 86% / LogL: -839938
Threads: 4 / Time: 2.633 sec / Speedup: 3.213 / Efficiency: 80% / LogL: -839938
Threads: 5 / Time: 3.299 sec / Speedup: 2.564 / Efficiency: 51% / LogL: -839938
BEST NUMBER OF THREADS: 4

Estimate model parameters (epsilon = 0.100)
Optimizing GTR+F+I+G4 parameters for partition part1+part2+part3+part5+part6+part7+part8+part9+part10+part13+part14+part15 (395 free parameters)
Optimizing GTR+F+I+G4 parameters for partition part4+part11+part12 (395 free parameters)
Optimal log-likelihood: -550966.881
Computing ML distances based on estimated model parameters... 9.668 sec
Computing BIONJ tree...
0.032 seconds
Log-likelihood of BIONJ tree: -551377.946
--------------------------------------------------------------------
|             INITIALIZING CANDIDATE TREE SET                      |
--------------------------------------------------------------------
Generating 98 parsimony trees... 46.708 second
Computing log-likelihood of 98 initial trees ... 54.640 seconds
Current best score: -550906.351

Do NNI search on 20 best initial trees
Estimate model parameters (epsilon = 0.100)
BETTER TREE FOUND at iteration 1: -550607.471
Estimate model parameters (epsilon = 0.100)
BETTER TREE FOUND at iteration 3: -550586.543
Iteration 10 / LogL: -550620.318 / Time: 0h:7m:3s
Iteration 20 / LogL: -550771.778 / Time: 0h:7m:46s
Finish initializing candidate tree set (17)
Current best tree score: -550586.543 / CPU time: 196.457
Number of iterations: 20
--------------------------------------------------------------------
|               OPTIMIZING CANDIDATE TREE SET                      |
--------------------------------------------------------------------
Estimate model parameters (epsilon = 0.100)
BETTER TREE FOUND at iteration 25: -550555.408
Estimate model parameters (epsilon = 0.100)
BETTER TREE FOUND at iteration 27: -550551.194
Iteration 30 / LogL: -550556.681 / Time: 0h:8m:42s (0h:29m:7s left)
Estimate model parameters (epsilon = 0.100)
BETTER TREE FOUND at iteration 32: -550539.773
Estimate model parameters (epsilon = 0.100)
BETTER TREE FOUND at iteration 38: -550538.206
Estimate model parameters (epsilon = 0.100)
BETTER TREE FOUND at iteration 40: -550531.304
Iteration 40 / LogL: -550531.304 / Time: 0h:9m:48s (0h:25m:9s left)
Estimate model parameters (epsilon = 0.100)
BETTER TREE FOUND at iteration 41: -550527.086
Estimate model parameters (epsilon = 0.100)
BETTER TREE FOUND at iteration 45: -550512.637
Estimate model parameters (epsilon = 0.100)
BETTER TREE FOUND at iteration 46: -550508.035
Estimate model parameters (epsilon = 0.100)
BETTER TREE FOUND at iteration 49: -550500.892
Iteration 50 / LogL: -550515.909 / Time: 0h:10m:53s (0h:22m:0s left)
Log-likelihood cutoff on original alignment: -550632.887
Estimate model parameters (epsilon = 0.100)
BETTER TREE FOUND at iteration 52: -550491.501
Estimate model parameters (epsilon = 0.100)
BETTER TREE FOUND at iteration 55: -550490.446
Iteration 60 / LogL: -550491.258 / Time: 0h:11m:56s (0h:19m:13s left)
Estimate model parameters (epsilon = 0.100)
BETTER TREE FOUND at iteration 62: -550488.391
Estimate model parameters (epsilon = 0.100)
BETTER TREE FOUND at iteration 67: -550484.326
Iteration 70 / LogL: -550492.390 / Time: 0h:12m:53s (0h:18m:7s left)
Estimate model parameters (epsilon = 0.100)
BETTER TREE FOUND at iteration 77: -550481.587
Iteration 80 / LogL: -550483.308 / Time: 0h:13m:44s (0h:16m:52s left)
Iteration 90 / LogL: -550486.043 / Time: 0h:14m:32s (0h:14m:12s left)
Iteration 100 / LogL: -550483.560 / Time: 0h:15m:20s (0h:11m:55s left)
Log-likelihood cutoff on original alignment: -550632.887
NOTE: Bootstrap correlation coefficient of split occurrence frequencies: 0.979
NOTE: UFBoot does not converge, continue at least 100 more iterations
Iteration 110 / LogL: -550493.713 / Time: 0h:16m:9s (0h:13m:20s left)
Iteration 120 / LogL: -550482.727 / Time: 0h:16m:56s (0h:11m:23s left)
Iteration 130 / LogL: -550482.760 / Time: 0h:17m:45s (0h:9m:38s left)
Iteration 140 / LogL: -550482.319 / Time: 0h:18m:35s (0h:8m:1s left)
Iteration 150 / LogL: -550498.319 / Time: 0h:19m:28s (0h:6m:32s left)
Log-likelihood cutoff on original alignment: -550618.549
Iteration 160 / LogL: -550487.085 / Time: 0h:20m:20s (0h:5m:7s left)
Iteration 170 / LogL: -550485.118 / Time: 0h:21m:10s (0h:3m:45s left)
Iteration 180 / LogL: -550484.403 / Time: 0h:21m:57s (0h:2m:27s left)
Iteration 190 / LogL: -550582.985 / Time: 0h:22m:47s (0h:1m:12s left)
Iteration 200 / LogL: -550487.713 / Time: 0h:23m:38s (0h:0m:0s left)
Log-likelihood cutoff on original alignment: -550618.549
NOTE: Bootstrap correlation coefficient of split occurrence frequencies: 0.999
TREE SEARCH COMPLETED AFTER 200 ITERATIONS / Time: 0h:23m:39s

--------------------------------------------------------------------
|                    FINALIZING TREE SEARCH                        |
--------------------------------------------------------------------
Performs final model parameters optimization
Estimate model parameters (epsilon = 0.010)
Optimizing GTR+F+I+G4 parameters for partition part1+part2+part3+part5+part6+part7+part8+part9+part10+part13+part14+part15 (395 free parameters)
Optimizing GTR+F+I+G4 parameters for partition part4+part11+part12 (395 free parameters)
Optimal log-likelihood: -550481.575
BEST SCORE FOUND : -550481.575
Creating bootstrap support values...
Split supports printed to NEXUS file 6_set9.splits.nex
Total tree length: 7.366

Total number of iterations: 200
CPU time used for tree search: 4471.732 sec (1h:14m:31s)
Wall-clock time used for tree search: 1149.093 sec (0h:19m:9s)
Total CPU time used: 5503.296 sec (1h:31m:43s)
Total wall-clock time used: 1421.890 sec (0h:23m:41s)

Computing bootstrap consensus tree...
Reading input file 6_set9.splits.nex...
194 taxa and 625 splits.
Consensus tree written to 6_set9.contree
Reading input trees file 6_set9.contree
Log-likelihood of consensus tree: -550481.579

Analysis results written to: 
  IQ-TREE report:                6_set9.iqtree
  Maximum-likelihood tree:       6_set9.treefile
  Likelihood distances:          6_set9.mldist
  Best partitioning scheme:      6_set9.best_scheme.nex
           in RAxML format:      6_set9.best_scheme

Ultrafast bootstrap approximation results written to:
  Split support values:          6_set9.splits.nex
  Consensus tree:                6_set9.contree
  Screen log file:               6_set9.log

Date and Time: Wed Sep 12 15:49:58 2018
