IQ-TREE multicore version 1.6.7 for Mac OS X 64-bit built Aug 23 2018
Developed by Bui Quang Minh, Nguyen Lam Tung, Olga Chernomor,
Heiko Schmidt, Dominik Schrempf, Michael Woodhams.

Host:    meeps-mac-pro.staff.sydney.edu.au (AVX, 64 GB RAM)
Command: /Users/davidduchene/Desktop/Software/iqtree-1.6.7-MacOSX/bin/iqtree -s ../../../../marsupials/set272.fasta -m TESTMERGE -bb 1000 -spp ../../../../marsupials/set272.nex -nt AUTO -pre 4_set272
Seed:    271548 (Using SPRNG - Scalable Parallel Random Number Generator)
Time:    Sat Sep  8 09:00:11 2018
Kernel:  AVX - auto-detect threads (8 CPU cores detected)

Reading partition model file ../../../../marsupials/set272.nex ...
Reading alignment file ../../../../marsupials/set272.fasta ... Fasta format detected
Alignment most likely contains DNA/RNA sequences
WARNING: 2 sites contain only gaps or ambiguous characters.
Alignment has 39 sequences with 2124 columns, 700 distinct patterns
412 parsimony-informative, 244 singleton sites, 1468 constant sites
                                              Gap/Ambiguity  Composition  p-value
   1  Peramelidae_Isoodon_obesulus1                  74.01%    failed      0.05%
   2  Burramyidae_Burramys_parvus                     0.80%    passed     99.72%
   3  Thylacomyidae_Macrotis_lagotis1                74.06%    failed      0.04%
   4  Notoryctidae_Notoryctes_typhlops               28.67%    passed     52.68%
   5  Thylacomyidae_Macrotis_lagotis2                74.06%    failed      0.04%
   6  Vombatidae_Lasiorhinus_latifrons                0.24%    passed     98.21%
   7  Potoroidae_Bettongia_penicillata                0.47%    passed     86.27%
   8  Potoroidae_Bettongia_lesueur                    0.42%    passed     92.20%
   9  Dasyuridae_Dasyurus_maculatus                   0.14%    passed     89.43%
  10  Phalangeridae_Trichosurus_vulpecula             0.14%    passed     75.49%
  11  Phalangeridae_Spilocuscus_maculatus             0.19%    passed     96.74%
  12  Potoroidae_Aepyprymnus_rufescens                0.19%    passed     96.65%
  13  Peramelidae_Perameles_nasuta                    7.16%    passed     86.47%
  14  Phalangeridae_Strigocuscus_pelengensis          2.45%    passed     98.97%
  15  Dasyuridae_Phascogale_tapoatafa                 0.19%    passed     98.84%
  16  Dasyuridae_Sminthopsis_macroura                 0.09%    passed     99.87%
  17  Phalangeridae_Phalanger_orientalis              0.52%    passed     96.75%
  18  Acrobatidae_Acrobates_pygmaeus                  1.74%    passed     99.75%
  19  Dasyuridae_Phascogale_calura                    0.09%    passed     98.90%
  20  Dasyuridae_Sarcophilus_harrisii                 0.09%    passed     97.79%
  21  Dasyuridae_Planigale_tenuirostris               7.77%    passed     75.36%
  22  Peramelidae_Echymipera_kalubu                   0.75%    passed     43.91%
  23  Macropodidae_Dorcopsulus_vanheurni              0.19%    passed     94.52%
  24  Pseudochiridae_Pseudochirulus_forbesi           0.28%    passed     98.64%
  25  Didelphidae_Didelphis_virginiana                0.61%    passed     98.50%
  26  Marmosidae_Monodelphis_domestica                0.24%    passed     98.65%
  27  Dasyuridae_Antechinus_stuartii                  1.08%    passed     98.64%
  28  Hypsiprymnodontidae_Hypsiprymnodon_moschatus   28.25%    passed     60.63%
  29  Microbiotheriidae_Dromiciops_gliroides          7.77%    passed     94.88%
  30  Pseudochiridae_Petauroides_volans               0.71%    passed     99.69%
  31  Macropodidae_Wallabia_bicolor                   0.85%    passed     86.97%
  32  Pseudochiridae_Pseudocheirus_occidentalis       0.80%    passed     98.36%
  33  Tarsipedidae_Tarsipes_rostratus                 0.24%    passed     99.78%
  34  Acrobatidae_Distoechurus_pennatus               1.37%    passed     98.08%
  35  Phalangeridae_Phalanger_carmelitae              0.09%    passed     98.52%
  36  Peramelidae_Isoodon_obesulus2                  74.01%    failed      0.05%
  37  Peramelidae_Peroryctes_raffrayana              10.92%    passed     83.68%
  38  Dasyuridae_Dasyurus_geffroii                    0.14%    passed     87.55%
  39  Peramelidae_Perameles_gunnii                   27.31%    passed     44.44%
WARNING: 4 sequences contain more than 50% gaps/ambiguity
****  TOTAL                                          11.00%  4 sequences failed composition chi2 test (p-value<5%; df=3)
NOTE: No CharPartition defined, use all CharSets

Loading 15 partitions...
Subset	Type	Seqs	Sites	Infor	Invar	Model	Name
1		35	200	2	193	TESTMERGE	part1.1
2		35	200	0	199	TESTMERGE	part1.2
WARNING: No parsimony-informative sites in partition part1.2
3		35	200	38	135	TESTMERGE	part1.3
4		36	192	77	79	TESTMERGE	part2.1
5		36	192	55	117	TESTMERGE	part2.2
6		36	192	89	66	TESTMERGE	part2.3
7		35	148	11	132	TESTMERGE	part3.1
8		35	148	3	143	TESTMERGE	part3.2
9		35	148	61	66	TESTMERGE	part3.3
10		35	72	2	61	TESTMERGE	part4.1
11		35	72	0	63	TESTMERGE	part4.2
WARNING: No parsimony-informative sites in partition part4.2
12		35	72	30	23	TESTMERGE	part4.3
13		35	96	10	71	TESTMERGE	part5.1
14		35	96	2	80	TESTMERGE	part5.2
15		35	96	32	40	TESTMERGE	part5.3
Degree of missing data: 0.096
Info: multi-threading strategy over partitions

NOTE: Peramelidae_Isoodon_obesulus2 is identical to Peramelidae_Isoodon_obesulus1 but kept for subsequent analysis
NOTE: Thylacomyidae_Macrotis_lagotis2 is identical to Thylacomyidae_Macrotis_lagotis1 but kept for subsequent analysis


Create initial parsimony tree by phylogenetic likelihood library (PLL)... 0.007 seconds
NOTE: ModelFinder requires 7 MB RAM!
NUMBER OF THREADS FOR PARTITION FINDING: 8
Testing GTR+F+G on supermatrix...
GTR+F+G4 / LnL: -9680.138 / df: 84 / AIC: 19528.276 / AICc: 19535.279 / BIC: 20003.805
Selecting individual models for 15 charsets using BIC...
 No. Model        Score       Charset
   1 K2P+G4       740.966     part5.1
   2 TN+F+G4      1623.262    part1.3
   3 TIM3e+G4     2698.810    part2.1
   4 K2P+G4       1208.859    part4.3
   5 K2P+G4       1359.589    part5.3
   6 TN+F+G4      2020.882    part2.2
   7 K2P+G4       3031.053    part2.3
   8 TPM3+F+G4    2221.646    part3.3
   9 F81+F        522.252     part5.2
  10 K2P          348.300     part4.2	0h:0m:11s (0h:3m:42s left)
  11 K3P+I        736.984     part3.1	0h:0m:11s (0h:3m:24s left)
  12 TNe          387.550     part4.1	0h:0m:11s (0h:3m:8s left)
  13 K2P          699.243     part1.1	0h:0m:11s (0h:2m:56s left)
  14 F81+F        565.982     part1.2	0h:0m:11s (0h:2m:42s left)
  15 K2P+I        556.464     part3.2	0h:0m:11s (0h:2m:32s left)
Full partition model BIC score: 19450.867 (LnL: -9212.143  df:134)
Merging models to increase model fit (about 211 total partition schemes)...
WARNING: ABNORMAL_TERMINATION_IN_LNSRCH
  16 K2P+G4       19448.993   part2.1+part3.3	0h:0m:17s (0h:3m:30s left)
  17 TPM3u+F+G4   19435.024   part2.1+part2.2	0h:0m:17s (0h:3m:22s left)
  18 TIM3e+G4     19493.797   part1.3+part2.1	0h:0m:17s (0h:3m:11s left)
  19 K2P+G4       19436.799   part2.1+part2.3	0h:0m:19s (0h:3m:14s left)
  20 K2P+G4       19431.242   part2.3+part5.3	0h:0m:19s (0h:3m:10s left)
  21 K2P+G4       19447.934   part2.3+part3.3	0h:0m:20s (0h:3m:2s left)
  22 TN+F+G4      19441.249   part2.2+part2.3	0h:0m:21s (0h:3m:7s left)
  23 TN+F+G4      19489.644   part1.3+part2.3	0h:0m:22s (0h:2m:59s left)
  24 K2P+G4       19455.757   part2.2+part3.3	0h:0m:24s (0h:3m:12s left)
  25 K2P+G4       19429.711   part2.1+part5.3	0h:0m:24s (0h:3m:4s left)
  26 K2P+G4       19433.615   part2.1+part4.3	0h:0m:24s (0h:2m:56s left)
  27 K2P+G4       19428.117   part2.3+part4.3	0h:0m:24s (0h:2m:49s left)
  28 K2P+G4       19455.383   part2.1+part5.1	0h:0m:26s (0h:2m:55s left)
  29 K2P+G4       19554.671   part2.3+part3.1	0h:0m:26s (0h:2m:49s left)
  30 K2P+G4       19473.761   part2.3+part5.1	0h:0m:29s (0h:2m:55s left)
  31 TN+F+G4      19516.024   part2.3+part5.2	0h:0m:31s (0h:3m:0s left)
  32 K2P+G4       19439.160   part2.2+part5.3	0h:0m:33s (0h:3m:8s left)
  33 K2P+G4       19499.285   part2.3+part4.1	0h:0m:34s (0h:3m:4s left)
  34 K2P+G4       19602.505   part2.3+part3.2	0h:0m:35s (0h:3m:5s left)
  35 K2P+G4       19655.329   part1.1+part2.3	0h:0m:37s (0h:3m:8s left)
  36 K2P+G4       19513.735   part2.3+part4.2	0h:0m:37s (0h:3m:3s left)
  37 K2P+G4       19523.339   part2.1+part3.1	0h:0m:37s (0h:2m:58s left)
  38 TN+F+G4      19426.763   part1.3+part2.2	0h:0m:39s (0h:2m:59s left)
  39 TIM3e+G4     19488.196   part2.1+part5.2	0h:0m:40s (0h:2m:57s left)
  40 TIM3e+G4     19564.316   part2.1+part3.2	0h:0m:42s (0h:3m:1s left)
  41 TPM2+F+G4    19492.594   part1.3+part3.3	0h:0m:44s (0h:3m:2s left)
  42 TPM3u+F+G4   19692.731   part1.2+part2.3	0h:0m:44s (0h:2m:57s left)
  43 K2P+G4       19482.706   part2.1+part4.1	0h:0m:44s (0h:2m:54s left)
  44 TIM3e+G4     19491.404   part2.1+part4.2	0h:0m:46s (0h:2m:55s left)
  45 TPM3u+F+G4   19430.278   part3.3+part5.3	0h:0m:46s (0h:2m:51s left)
  46 HKY+F+G4     19448.426   part2.2+part4.3	0h:0m:47s (0h:2m:51s left)
  47 TIM3e+G4     19612.843   part1.1+part2.1	0h:0m:48s (0h:2m:49s left)
  48 K2P+G4       19434.725   part2.2+part5.1	0h:0m:50s (0h:2m:50s left)
  49 HKY+F+G4     19638.949   part1.2+part2.1	0h:0m:50s (0h:2m:47s left)
  50 K2P+G4       19473.088   part2.2+part3.1	0h:0m:50s (0h:2m:43s left)
  51 TPM3+F+G4    19429.856   part3.3+part4.3	0h:0m:51s (0h:2m:42s left)
  52 TPM3u+F+G4   19439.085   part2.2+part5.2	0h:0m:52s (0h:2m:42s left)
  53 TPM3u+F+G4   19455.373   part3.3+part5.1	0h:0m:53s (0h:2m:38s left)
  54 TPM3u+F+G4   19504.475   part2.2+part3.2	0h:0m:54s (0h:2m:39s left)
  55 TN+F+G4      19468.965   part1.3+part5.3	0h:0m:55s (0h:2m:38s left)
  56 HKY+F+G4     19453.597   part2.2+part4.1	0h:0m:57s (0h:2m:39s left)
  57 HKY+F+G4     19460.922   part2.2+part4.2	0h:0m:59s (0h:2m:39s left)
  58 TN+F+G4      19476.495   part1.3+part4.3	0h:0m:59s (0h:2m:36s left)
  59 K2P+G4       19540.529   part1.1+part2.2	0h:0m:59s (0h:2m:33s left)
  60 HKY+F+G4     19506.170   part3.3+part5.2	0h:0m:59s (0h:2m:30s left)
  61 K3Pu+F+G4    19527.476   part3.1+part3.3	0h:1m:2s (0h:2m:32s left)
  62 K2P+G4       19430.701   part4.3+part5.3	0h:1m:3s (0h:2m:32s left)
  63 HKY+F+G4     19557.099   part1.2+part2.2	0h:1m:4s (0h:2m:31s left)
  64 K2P+G4       19560.470   part3.2+part3.3	0h:1m:6s (0h:2m:32s left)
  65 K3P+G4       19443.953   part1.3+part5.1	0h:1m:7s (0h:2m:31s left)
  66 HKY+F+G4     19497.977   part3.3+part4.2	0h:1m:8s (0h:2m:30s left)
  67 HKY+F+G4     19596.747   part1.1+part3.3	0h:1m:8s (0h:2m:26s left)
  68 HKY+F+G4     19487.903   part3.3+part4.1	0h:1m:8s (0h:2m:24s left)
  69 K3P+G4       19465.156   part1.3+part3.1	0h:1m:10s (0h:2m:26s left)
  70 K2P+G4       19448.993   part5.1+part5.3	0h:1m:12s (0h:2m:26s left)
  71 TN+F+G4      19441.864   part1.3+part5.2	0h:1m:12s (0h:2m:23s left)
  72 TPM2u+F+G4   19640.896   part1.2+part3.3	0h:1m:13s (0h:2m:21s left)
  73 TN+F+G4      19494.792   part1.3+part3.2	0h:1m:14s (0h:2m:20s left)
  74 K2P+G4       19482.630   part5.2+part5.3	0h:1m:14s (0h:2m:17s left)
  75 K2P+G4       19498.893   part3.1+part5.3	0h:1m:15s (0h:2m:16s left)
  76 K2P+G4       19458.920   part4.3+part5.1	0h:1m:16s (0h:2m:15s left)
  77 HKY+F+G4     19444.074   part1.3+part4.1	0h:1m:17s (0h:2m:14s left)
  78 K2P+G4       19535.700   part3.2+part5.3	0h:1m:17s (0h:2m:12s left)
  79 TN+F+G4      19455.153   part1.3+part4.2	0h:1m:19s (0h:2m:12s left)
  80 K3P+G4       19526.287   part1.1+part1.3	0h:1m:19s (0h:2m:10s left)
  81 K2P+G4       19471.296   part4.1+part5.3	0h:1m:19s (0h:2m:7s left)
  82 HKY+F+G4     19503.357   part4.3+part5.2	0h:1m:21s (0h:2m:8s left)
  83 K2P+G4       19483.426   part4.2+part5.3	0h:1m:21s (0h:2m:6s left)
  84 K2P+G4       19511.781   part3.1+part4.3	0h:1m:23s (0h:2m:5s left)
  85 K2P+G4       19570.839   part1.1+part5.3	0h:1m:23s (0h:2m:4s left)
  86 HKY+F+G4     19537.089   part1.2+part1.3	0h:1m:24s (0h:2m:2s left)
  87 K2P+G4       19442.192   part5.1+part5.2	0h:1m:26s (0h:2m:3s left)
  88 K2P+G4       19602.658   part1.2+part5.3	0h:1m:27s (0h:2m:2s left)
  89 K2P+G4       19481.563   part4.1+part4.3	0h:1m:28s (0h:2m:0s left)
  90 K2P+G4       19547.607   part3.2+part4.3	0h:1m:28s (0h:1m:58s left)
  91 K2P+I+G4     19586.889   part1.1+part4.3	0h:1m:28s (0h:1m:56s left)
  92 K2P+G4       19494.752   part4.2+part4.3	0h:1m:28s (0h:1m:54s left)
  93 K2P+G4       19441.723   part3.1+part5.1	0h:1m:30s (0h:1m:54s left)
  94 K2P+I        19461.637   part3.2+part5.1	0h:1m:30s (0h:1m:52s left)
  95 TIM2e+I      19443.565   part3.1+part5.2	0h:1m:31s (0h:1m:51s left)
  96 K2P+G4       19445.248   part4.2+part5.1	0h:1m:32s (0h:1m:50s left)
  97 HKY+F+I+G4   19618.538   part1.2+part4.3	0h:1m:32s (0h:1m:49s left)
  98 K2P+G4       19438.480   part4.1+part5.1	0h:1m:32s (0h:1m:47s left)
  99 F81+F+I      19447.853   part3.2+part5.2	0h:1m:33s (0h:1m:45s left)
 100 K2P+I        19482.478   part1.1+part5.1	0h:1m:34s (0h:1m:45s left)
 101 K2P+I        19437.513   part3.1+part3.2	0h:1m:35s (0h:1m:43s left)
 102 HKY+F        19444.607   part4.1+part5.2	0h:1m:35s (0h:1m:42s left)
 103 HKY+F        19438.400   part4.2+part5.2	0h:1m:36s (0h:1m:41s left)
 104 K2P+I        19439.433   part3.1+part4.2	0h:1m:37s (0h:1m:39s left)
 105 TIMe+I       19431.971   part3.1+part4.1	0h:1m:37s (0h:1m:38s left)
 106 K2P          19454.295   part1.1+part5.2	0h:1m:38s (0h:1m:37s left)
 107 HKY+F+I      19505.048   part1.2+part5.1	0h:1m:39s (0h:1m:36s left)
 108 K3P+I        19450.557   part1.1+part3.1	0h:1m:39s (0h:1m:34s left)
 109 F81+F        19482.617   part1.2+part5.2	0h:1m:41s (0h:1m:34s left)
 110 K2P+I        19446.249   part3.2+part4.1	0h:1m:41s (0h:1m:33s left)
 111 K2P          19435.771   part1.1+part3.2	0h:1m:43s (0h:1m:33s left)
 112 K2P+I        19442.393   part3.2+part4.2	0h:1m:43s (0h:1m:31s left)
 113 K2P          19457.397   part1.1+part4.1	0h:1m:43s (0h:1m:29s left)
 114 K2P          19437.964   part4.1+part4.2	0h:1m:44s (0h:1m:29s left)
 115 K2P          19444.781   part1.1+part4.2	0h:1m:45s (0h:1m:27s left)
 116 K3Pu+F+I     19469.588   part1.2+part3.1	0h:1m:45s (0h:1m:26s left)
 117 F81+F+I      19454.895   part1.2+part3.2	0h:1m:45s (0h:1m:24s left)
 118 F81+F        19471.726   part1.2+part4.2	0h:1m:46s (0h:1m:23s left)
 119 F81+F        19442.188   part1.1+part1.2	0h:1m:46s (0h:1m:22s left)
 120 HKY+F+I      19479.974   part1.2+part4.1	0h:1m:46s (0h:1m:20s left)
Merging part1.3+part2.2 with BIC score: 19426.763 (LnL: -9226.904  df: 127)
 121 HKY+F+G4     19467.752   part1.3+part2.2+part3.1	0h:1m:54s (0h:1m:25s left)
 122 HKY+F+G4     19432.110   part1.3+part2.2+part4.1	0h:1m:54s (0h:1m:23s left)
 123 TN+F+G4      19429.996   part1.3+part2.2+part5.1	0h:1m:54s (0h:1m:22s left)
 124 TN+F+G4      19418.420   part1.3+part2.2+part5.2	0h:1m:55s (0h:1m:20s left)
 125 TN+F+G4      19491.791   part1.3+part2.2+part3.2	0h:1m:56s (0h:1m:20s left)
 126 TN+F+G4      19434.761   part1.3+part2.2+part5.3	0h:1m:57s (0h:1m:18s left)
 127 TIM3+F+G4    19451.800   part1.3+part2.1+part2.2	0h:1m:59s (0h:1m:18s left)
 128 TN+F+G4      19443.865   part1.3+part2.2+part2.3	0h:2m:1s (0h:1m:18s left)
 129 TN+F+G4      19436.876   part1.3+part2.2+part4.2	0h:2m:5s (0h:1m:19s left)
 130 TPM2u+F+G4   19474.685   part1.3+part2.2+part3.3	0h:2m:6s (0h:1m:18s left)
 131 TN+F+G4      19441.316   part1.3+part2.2+part4.3	0h:2m:6s (0h:1m:17s left)
 132 HKY+F+G4     19550.395   part1.1+part1.3+part2.2	0h:2m:6s (0h:1m:15s left)
 133 TN+F+G4      19558.289   part1.2+part1.3+part2.2	0h:2m:7s (0h:1m:14s left)
Merging part2.3+part4.3 with BIC score: 19404.013 (LnL: -9227.021  df: 124)
 134 K2P+G4       19575.258   part2.3+part3.2+part4.3	0h:2m:12s (0h:1m:16s left)
 135 K2P+G4       19523.170   part2.3+part3.1+part4.3	0h:2m:12s (0h:1m:14s left)
 136 K2P+G4       19457.357   part2.3+part4.1+part4.3	0h:2m:13s (0h:1m:13s left)
WARNING: ABNORMAL_TERMINATION_IN_LNSRCH
 137 TN+F+G4      19484.743   part2.3+part4.3+part5.2	0h:2m:14s (0h:1m:12s left)
 138 K2P+G4       19392.547   part2.1+part2.3+part4.3	0h:2m:16s (0h:1m:12s left)
 139 K2P+G4       19384.911   part2.3+part4.3+part5.3	0h:2m:17s (0h:1m:11s left)
 140 K2P+G4       19401.572   part2.3+part3.3+part4.3	0h:2m:17s (0h:1m:9s left)
 141 TN+F+G4      19443.561   part1.3+part2.2+part2.3+part4.3	0h:2m:19s (0h:1m:9s left)
 142 K2P+G4       19472.467   part2.3+part4.2+part4.3	0h:2m:20s (0h:1m:8s left)
 143 K2P+G4       19636.346   part1.1+part2.3+part4.3	0h:2m:21s (0h:1m:7s left)
 144 K2P+G4       19431.707   part2.3+part4.3+part5.1	0h:2m:21s (0h:1m:5s left)
 145 K2P+G4       19675.997   part1.2+part2.3+part4.3	0h:2m:21s (0h:1m:4s left)
Merging part2.1+part5.3 with BIC score: 19382.857 (LnL: -9235.596  df: 119)
 146 K2P+G4       19430.434   part2.1+part4.2+part5.3	0h:2m:26s (0h:1m:5s left)
 147 K2P+G4       19519.271   part2.1+part3.2+part5.3	0h:2m:27s (0h:1m:4s left)
 148 K2P+G4       19419.692   part2.1+part4.1+part5.3	0h:2m:27s (0h:1m:2s left)
 149 K2P+G4       19431.628   part2.1+part5.2+part5.3	0h:2m:27s (0h:1m:1s left)
 150 K2P+G4       19470.243   part2.1+part3.1+part5.3	0h:2m:28s (0h:1m:0s left)
 151 K2P+G4       19381.316   part2.1+part3.3+part5.3	0h:2m:30s (0h:0m:59s left)
 152 TIM3+F+G4    19428.642   part1.3+part2.1+part2.2+part5.3	0h:2m:33s (0h:0m:59s left)
 153 K2P+G4       19372.042   part2.1+part2.3+part4.3+part5.3	0h:2m:33s (0h:0m:58s left)
 154 K2P+G4       19573.518   part1.1+part2.1+part5.3	0h:2m:34s (0h:0m:57s left)
 155 HKY+F+G4     19616.947   part1.2+part2.1+part5.3	0h:2m:35s (0h:0m:56s left)
 156 K2P+G4       19392.319   part2.1+part5.1+part5.3	0h:2m:35s (0h:0m:54s left)
Merging part3.1+part4.1 with BIC score: 19363.961 (LnL: -9233.809  df: 117)
 157 TNe+I        19357.938   part3.1+part4.1+part4.2	0h:2m:39s (0h:0m:54s left)
 158 K2P+I        19358.779   part3.1+part3.2+part4.1	0h:2m:40s (0h:0m:53s left)
 159 TIMe+I       19369.723   part1.1+part3.1+part4.1	0h:2m:40s (0h:0m:52s left)
 160 K2P+G4       19357.973   part3.1+part4.1+part5.1	0h:2m:41s (0h:0m:51s left)
 161 HKY+F+G4     19415.443   part1.3+part2.2+part3.1+part4.1	0h:2m:43s (0h:0m:50s left)
 162 K2P+G4       19480.691   part2.1+part3.1+part4.1+part5.3	0h:2m:44s (0h:0m:49s left)
 163 TNe+G4       19355.436   part3.1+part4.1+part5.2	0h:2m:45s (0h:0m:48s left)
 164 K2P+G4       19517.723   part2.3+part3.1+part4.1+part4.3	0h:2m:45s (0h:0m:47s left)
 165 TNe+G4       19451.789   part3.1+part3.3+part4.1	0h:2m:45s (0h:0m:46s left)
 166 TIM+F+I      19396.811   part1.2+part3.1+part4.1	0h:2m:45s (0h:0m:44s left)
Merging part1.1+part3.2 with BIC score: 19348.865 (LnL: -9237.752  df: 114)
 167 K2P          19342.707   part1.1+part3.2+part4.2	0h:2m:48s (0h:0m:44s left)
 168 K2P+I        19353.545   part1.1+part3.2+part5.2	0h:2m:49s (0h:0m:43s left)
 169 K2P+I        19381.668   part1.1+part3.2+part5.1	0h:2m:49s (0h:0m:42s left)
 170 K2P+I        19358.334   part1.1+part3.1+part3.2+part4.1	0h:2m:50s (0h:0m:41s left)
 171 F81+F+I      19356.208   part1.1+part1.2+part3.2	0h:2m:51s (0h:0m:40s left)
 172 K2P+I+G4     19545.723   part1.1+part3.2+part3.3	0h:2m:52s (0h:0m:39s left)
 173 HKY+F+G4     19514.371   part1.1+part1.3+part2.2+part3.2	0h:2m:53s (0h:0m:38s left)
 174 K2P+G4       19615.872   part1.1+part2.1+part3.2+part5.3	0h:2m:53s (0h:0m:36s left)
 175 K2P+G4       19669.951   part1.1+part2.3+part3.2+part4.3	0h:2m:54s (0h:0m:35s left)
Merging part4.2+part5.2 with BIC score: 19336.398 (LnL: -9235.349  df: 113)
 176 HKY+F        19374.482   part1.2+part4.2+part5.2	0h:2m:55s (0h:0m:34s left)
 177 K2P+G4       19330.185   part4.2+part5.1+part5.2	0h:2m:55s (0h:0m:33s left)
 178 K2P+G4       19341.504   part1.1+part3.2+part4.2+part5.2	0h:2m:56s (0h:0m:32s left)
 179 TNe+G4       19329.392   part3.1+part4.1+part4.2+part5.2	0h:2m:56s (0h:0m:31s left)
 180 HKY+F+G4     19420.208   part3.3+part4.2+part5.2	0h:2m:58s (0h:0m:30s left)
 181 K2P+G4       19425.881   part2.1+part4.2+part5.2+part5.3	0h:2m:59s (0h:0m:29s left)
 182 TN+F+G4      19344.942   part1.3+part2.2+part4.2+part5.2	0h:2m:59s (0h:0m:28s left)
 183 TN+F+G4      19465.002   part2.3+part4.2+part4.3+part5.2	0h:3m:0s (0h:0m:27s left)
Merging part2.1+part2.3+part4.3+part5.3 with BIC score: 19325.582 (LnL: -9241.433  df: 110)
 184 K2P+G4       19625.897   part1.2+part2.1+part2.3+part4.3+part5.3	0h:3m:8s (0h:0m:27s left)
 185 K2P+G4       19705.184   part1.1+part2.1+part2.3+part3.2+part4.3+part5.3	0h:3m:9s (0h:0m:26s left)
 186 K2P+G4       19456.260   part2.1+part2.3+part4.2+part4.3+part5.2+part5.3	0h:3m:10s (0h:0m:25s left)
 187 K2P+G4       19495.850   part2.1+part2.3+part3.1+part4.1+part4.3+part5.3	0h:3m:11s (0h:0m:24s left)
 188 K2P+G4       19348.984   part2.1+part2.3+part4.3+part5.1+part5.3	0h:3m:12s (0h:0m:23s left)
 189 K2P+G4       19322.057   part2.1+part2.3+part3.3+part4.3+part5.3	0h:3m:13s (0h:0m:22s left)
 190 TN+F+G4      19394.386   part1.3+part2.1+part2.2+part2.3+part4.3+part5.3	0h:3m:14s (0h:0m:21s left)
Merging part3.1+part4.1+part4.2+part5.2 with BIC score: 19318.577 (LnL: -9260.914  df: 104)
 191 K2P+I        19354.306   part1.2+part3.1+part4.1+part4.2+part5.2	0h:3m:17s (0h:0m:20s left)
 192 K2P+I        19327.335   part1.1+part3.1+part3.2+part4.1+part4.2+part5.2	0h:3m:18s (0h:0m:19s left)
 193 K2P+G4       19308.208   part3.1+part4.1+part4.2+part5.1+part5.2	0h:3m:18s (0h:0m:18s left)
 194 TNe+G4       19432.390   part3.1+part3.3+part4.1+part4.2+part5.2	0h:3m:19s (0h:0m:17s left)
 195 HKY+F+G4     19369.350   part1.3+part2.2+part3.1+part4.1+part4.2+part5.2	0h:3m:20s (0h:0m:16s left)
 196 K2P+G4       19568.629   part2.1+part2.3+part3.1+part4.1+part4.2+part4.3+part5.2+part5.3	0h:3m:23s (0h:0m:15s left)
Merging part3.1+part4.1+part4.2+part5.1+part5.2 with BIC score: 19308.208 (LnL: -9271.051  df: 100)
 197 K2P+I        19358.510   part1.2+part3.1+part4.1+part4.2+part5.1+part5.2	0h:3m:26s (0h:0m:14s left)
 198 K2P+I        19335.218   part1.1+part3.1+part3.2+part4.1+part4.2+part5.1+part5.2	0h:3m:26s (0h:0m:13s left)
 199 TNe+G4       19412.065   part3.1+part3.3+part4.1+part4.2+part5.1+part5.2	0h:3m:28s (0h:0m:12s left)
 200 HKY+F+G4     19359.187   part1.3+part2.2+part3.1+part4.1+part4.2+part5.1+part5.2	0h:3m:28s (0h:0m:11s left)
 201 K2P+G4       19556.002   part2.1+part2.3+part3.1+part4.1+part4.2+part4.3+part5.1+part5.2+part5.3	0h:3m:32s (0h:0m:10s left)
Merging part2.1+part2.3+part3.3+part4.3+part5.3 with BIC score: 19304.682 (LnL: -9296.102  df: 93)
 202 K2P+G4       19606.076   part1.2+part2.1+part2.3+part3.3+part4.3+part5.3	0h:3m:42s (0h:0m:9s left)
 203 K2P+G4       19694.137   part1.1+part2.1+part2.3+part3.2+part3.3+part4.3+part5.3	0h:3m:43s (0h:0m:8s left)
 204 K2P+G4       19562.311   part2.1+part2.3+part3.1+part3.3+part4.1+part4.2+part4.3+part5.1+part5.2+part5.3	0h:3m:43s (0h:0m:7s left)
 205 K2P+G4       19388.073   part1.3+part2.1+part2.2+part2.3+part3.3+part4.3+part5.3	0h:3m:44s (0h:0m:6s left)
BEST-FIT PARTITION MODEL: 
  charpartition BIC = K2P: part1.1 part3.2, F81+F: part1.2, TN+F+G4: part1.3 part2.2, K2P+G4: part2.1 part2.3 part3.3 part4.3 part5.3, K2P+G4: part3.1 part4.1 part4.2 part5.1 part5.2;
Agglomerative model selection: ((part1.1,part3.2)5:19348.9,part1.2,(part1.3,part2.2)1:19426.8,(((part2.1,part5.3)3:19382.9,(part2.3,part4.3)2:19404)7:19325.6,part3.3)10:19304.7,(((part3.1,part4.1)4:19364,(part4.2,part5.2)6:19336.4)8:19318.6,part5.1)9:19308.2)
Merging into 5 partitions...
Partition information was printed to 4_set272.best_scheme.nex
Partition information in Raxml format was printed to 4_set272.best_scheme

All model information printed to 4_set272.model.gz
CPU time for ModelFinder: 333.005 seconds (0h:5m:33s)
Wall-clock time for ModelFinder: 225.065 seconds (0h:3m:45s)
Generating 1000 samples for ultrafast bootstrap (seed: 271548)...

NOTE: 6 MB RAM (0 GB) is required!
Measuring multi-threading efficiency up to 8 CPU cores
Increase to 10 rounds for branch lengths
38 trees examined
Threads: 1 / Time: 8.012 sec / Speedup: 1.000 / Efficiency: 100% / LogL: -15566
Threads: 2 / Time: 16.672 sec / Speedup: 0.481 / Efficiency: 24% / LogL: -15566
BEST NUMBER OF THREADS: 1

Estimate model parameters (epsilon = 0.100)
Initial log-likelihood: -10174.531
Current log-likelihood at step 1: -9642.325
Current log-likelihood at step 2: -9586.139
Current log-likelihood at step 3: -9562.316
Current log-likelihood at step 4: -9537.887
Current log-likelihood at step 5: -9511.590
Current log-likelihood at step 6: -9482.010
Current log-likelihood at step 7: -9447.170
Current log-likelihood at step 8: -9404.120
Current log-likelihood at step 9: -9345.795
Current log-likelihood at step 10: -9315.140
Current log-likelihood at step 11: -9313.490
Current log-likelihood at step 12: -9312.037
Current log-likelihood at step 13: -9310.768
Current log-likelihood at step 14: -9309.645
Current log-likelihood at step 15: -9308.642
Current log-likelihood at step 16: -9307.752
Current log-likelihood at step 17: -9306.951
Current log-likelihood at step 18: -9306.233
Current log-likelihood at step 19: -9305.585
Current log-likelihood at step 20: -9305.000
Current log-likelihood at step 21: -9304.469
Current log-likelihood at step 22: -9303.985
Current log-likelihood at step 23: -9303.544
Current log-likelihood at step 24: -9303.138
Current log-likelihood at step 25: -9302.763
Current log-likelihood at step 26: -9302.419
Current log-likelihood at step 27: -9302.103
Current log-likelihood at step 28: -9301.812
Current log-likelihood at step 29: -9301.542
Current log-likelihood at step 30: -9301.295
Current log-likelihood at step 31: -9301.072
Current log-likelihood at step 32: -9300.875
Current log-likelihood at step 33: -9300.716
Current log-likelihood at step 34: -9300.564
Current log-likelihood at step 35: -9300.421
Current log-likelihood at step 36: -9300.287
Current log-likelihood at step 37: -9300.160
Current log-likelihood at step 38: -9300.041
Current log-likelihood at step 39: -9299.928
Current log-likelihood at step 40: -9299.822
Current log-likelihood at step 41: -9299.722
Current log-likelihood at step 42: -9299.627
Partition-specific rates:  0.069 0.069 1.034 2.151 0.362
Parameters optimization took 41 rounds (6.113 sec)

Computing ML distances based on estimated model parameters... 0.054 sec
WARNING: Some pairwise ML distances are too long (saturated)
Computing BIONJ tree...
0.005 seconds
Log-likelihood of BIONJ tree: -9328.934
--------------------------------------------------------------------
|             INITIALIZING CANDIDATE TREE SET                      |
--------------------------------------------------------------------
Generating 98 parsimony trees... 2.315 second
Computing log-likelihood of 98 initial trees ... 6.989 seconds
Current best score: -9288.997

Do NNI search on 20 best initial trees
Estimate model parameters (epsilon = 0.100)
Initial log-likelihood: -9284.874
Current log-likelihood at step 1: -9284.693
Current log-likelihood at step 2: -9284.611
Parameters optimization took 1 rounds (0.161 sec)

BETTER TREE FOUND at iteration 1: -9284.611
UPDATE BEST LOG-LIKELIHOOD: -9284.610
UPDATE BEST LOG-LIKELIHOOD: -9284.610
Iteration 10 / LogL: -9284.627 / Time: 0h:0m:44s
Iteration 20 / LogL: -9284.628 / Time: 0h:0m:50s
Finish initializing candidate tree set (2)
Current best tree score: -9284.610 / CPU time: 19.178
Number of iterations: 20
--------------------------------------------------------------------
|               OPTIMIZING CANDIDATE TREE SET                      |
--------------------------------------------------------------------
Iteration 30 / LogL: -9285.192 / Time: 0h:0m:57s (0h:2m:19s left)
UPDATE BEST LOG-LIKELIHOOD: -9284.609
Iteration 40 / LogL: -9284.650 / Time: 0h:1m:4s (0h:1m:40s left)
Iteration 50 / LogL: -9284.610 / Time: 0h:1m:11s (0h:1m:14s left)
Log-likelihood cutoff on original alignment: -9318.364
Iteration 60 / LogL: -9284.611 / Time: 0h:1m:19s (0h:0m:55s left)
Iteration 70 / LogL: -9285.304 / Time: 0h:1m:26s (0h:0m:39s left)
UPDATE BEST LOG-LIKELIHOOD: -9284.608
Iteration 80 / LogL: -9285.183 / Time: 0h:1m:34s (0h:0m:25s left)
Iteration 90 / LogL: -9285.183 / Time: 0h:1m:42s (0h:0m:12s left)
Iteration 100 / LogL: -9284.609 / Time: 0h:1m:50s (0h:0m:1s left)
Log-likelihood cutoff on original alignment: -9319.819
NOTE: Bootstrap correlation coefficient of split occurrence frequencies: 1.000
TREE SEARCH COMPLETED AFTER 102 ITERATIONS / Time: 0h:1m:52s

--------------------------------------------------------------------
|                    FINALIZING TREE SEARCH                        |
--------------------------------------------------------------------
Performs final model parameters optimization
Estimate model parameters (epsilon = 0.010)
Initial log-likelihood: -9284.608
Current log-likelihood at step 1: -9284.516
Current log-likelihood at step 2: -9284.431
Current log-likelihood at step 3: -9284.351
Current log-likelihood at step 4: -9284.275
Current log-likelihood at step 5: -9284.204
Current log-likelihood at step 6: -9284.137
Current log-likelihood at step 7: -9284.072
Current log-likelihood at step 8: -9284.003
Current log-likelihood at step 9: -9283.941
Current log-likelihood at step 10: -9283.879
Current log-likelihood at step 11: -9283.819
Current log-likelihood at step 12: -9283.760
Current log-likelihood at step 13: -9283.702
Current log-likelihood at step 14: -9283.646
Current log-likelihood at step 15: -9283.590
Current log-likelihood at step 16: -9283.536
Current log-likelihood at step 17: -9283.483
Current log-likelihood at step 18: -9283.430
Current log-likelihood at step 19: -9283.379
Current log-likelihood at step 20: -9283.329
Current log-likelihood at step 21: -9283.280
Current log-likelihood at step 22: -9283.232
Current log-likelihood at step 23: -9283.184
Current log-likelihood at step 24: -9283.138
Current log-likelihood at step 25: -9283.092
Current log-likelihood at step 26: -9283.048
Current log-likelihood at step 27: -9283.004
Current log-likelihood at step 28: -9282.961
Current log-likelihood at step 29: -9282.919
Current log-likelihood at step 30: -9282.877
Current log-likelihood at step 31: -9282.836
Current log-likelihood at step 32: -9282.796
Current log-likelihood at step 33: -9282.757
Current log-likelihood at step 34: -9282.718
Current log-likelihood at step 35: -9282.680
Current log-likelihood at step 36: -9282.643
Current log-likelihood at step 37: -9282.606
Current log-likelihood at step 38: -9282.570
Current log-likelihood at step 39: -9282.534
Current log-likelihood at step 40: -9282.499
Current log-likelihood at step 41: -9282.465
Current log-likelihood at step 42: -9282.430
Current log-likelihood at step 43: -9282.397
Current log-likelihood at step 44: -9282.365
Current log-likelihood at step 45: -9282.332
Current log-likelihood at step 46: -9282.301
Current log-likelihood at step 47: -9282.270
Current log-likelihood at step 48: -9282.239
Current log-likelihood at step 49: -9282.209
Current log-likelihood at step 50: -9282.180
Current log-likelihood at step 51: -9282.151
Current log-likelihood at step 52: -9282.122
Current log-likelihood at step 53: -9282.094
Current log-likelihood at step 54: -9282.066
Current log-likelihood at step 55: -9282.038
Current log-likelihood at step 56: -9282.011
Current log-likelihood at step 57: -9281.985
Current log-likelihood at step 58: -9281.959
Current log-likelihood at step 59: -9281.933
Current log-likelihood at step 60: -9281.907
Current log-likelihood at step 61: -9281.882
Current log-likelihood at step 62: -9281.858
Current log-likelihood at step 63: -9281.833
Current log-likelihood at step 64: -9281.805
Current log-likelihood at step 65: -9281.781
Current log-likelihood at step 66: -9281.758
Current log-likelihood at step 67: -9281.735
Current log-likelihood at step 68: -9281.712
Current log-likelihood at step 69: -9281.690
Current log-likelihood at step 70: -9281.668
Current log-likelihood at step 71: -9281.649
Current log-likelihood at step 72: -9281.628
Current log-likelihood at step 73: -9281.611
Current log-likelihood at step 74: -9281.593
Current log-likelihood at step 75: -9281.575
Current log-likelihood at step 76: -9281.558
Current log-likelihood at step 77: -9281.540
Current log-likelihood at step 78: -9281.523
Current log-likelihood at step 79: -9281.507
Current log-likelihood at step 80: -9281.490
Current log-likelihood at step 81: -9281.473
Current log-likelihood at step 82: -9281.457
Current log-likelihood at step 83: -9281.441
Current log-likelihood at step 84: -9281.425
Current log-likelihood at step 85: -9281.409
Current log-likelihood at step 86: -9281.394
Current log-likelihood at step 87: -9281.378
Current log-likelihood at step 88: -9281.363
Current log-likelihood at step 89: -9281.348
Current log-likelihood at step 90: -9281.333
Current log-likelihood at step 91: -9281.319
Current log-likelihood at step 92: -9281.304
Current log-likelihood at step 93: -9281.290
Current log-likelihood at step 94: -9281.275
Current log-likelihood at step 95: -9281.261
Current log-likelihood at step 96: -9281.247
Current log-likelihood at step 97: -9281.233
Current log-likelihood at step 98: -9281.220
Current log-likelihood at step 99: -9281.206
Partition-specific rates:  0.064 0.036 1.033 2.167 0.357
Parameters optimization took 99 rounds (11.537 sec)

BEST SCORE FOUND : -9281.206
Creating bootstrap support values...
Split supports printed to NEXUS file 4_set272.splits.nex
Total tree length: 0.653

Total number of iterations: 102
CPU time used for tree search: 43.156 sec (0h:0m:43s)
Wall-clock time used for tree search: 81.277 sec (0h:1m:21s)
Total CPU time used: 62.711 sec (0h:1m:2s)
Total wall-clock time used: 124.544 sec (0h:2m:4s)

Computing bootstrap consensus tree...
Reading input file 4_set272.splits.nex...
39 taxa and 189 splits.
Consensus tree written to 4_set272.contree
Reading input trees file 4_set272.contree
Log-likelihood of consensus tree: -9281.207

Analysis results written to: 
  IQ-TREE report:                4_set272.iqtree
  Maximum-likelihood tree:       4_set272.treefile
  Likelihood distances:          4_set272.mldist
  Best partitioning scheme:      4_set272.best_scheme.nex
           in RAxML format:      4_set272.best_scheme

Ultrafast bootstrap approximation results written to:
  Split support values:          4_set272.splits.nex
  Consensus tree:                4_set272.contree
  Screen log file:               4_set272.log

Date and Time: Sat Sep  8 09:06:01 2018
