IQ-TREE multicore version 1.6.7 for Mac OS X 64-bit built Aug 23 2018
Developed by Bui Quang Minh, Nguyen Lam Tung, Olga Chernomor,
Heiko Schmidt, Dominik Schrempf, Michael Woodhams.

Host:    meeps-mac-pro.staff.sydney.edu.au (AVX, 64 GB RAM)
Command: /Users/davidduchene/Desktop/Software/iqtree-1.6.7-MacOSX/bin/iqtree -s ../../../../marsupials/set213.fasta -m TESTMERGE -bb 1000 -spp ../../../../marsupials/set213.nex -nt AUTO -pre 4_set213
Seed:    650200 (Using SPRNG - Scalable Parallel Random Number Generator)
Time:    Sat Sep  8 01:49:22 2018
Kernel:  AVX - auto-detect threads (8 CPU cores detected)

Reading partition model file ../../../../marsupials/set213.nex ...
Reading alignment file ../../../../marsupials/set213.fasta ... Fasta format detected
Alignment most likely contains DNA/RNA sequences
Alignment has 35 sequences with 3225 columns, 1090 distinct patterns
662 parsimony-informative, 375 singleton sites, 2188 constant sites
                                              Gap/Ambiguity  Composition  p-value
   1  Burramyidae_Burramys_parvus                     0.22%    passed     74.19%
   2  Notoryctidae_Notoryctes_typhlops                8.16%    passed     28.05%
   3  Vombatidae_Lasiorhinus_latifrons                0.40%    passed     98.09%
   4  Potoroidae_Bettongia_penicillata                0.47%    passed     93.18%
   5  Potoroidae_Bettongia_lesueur                    0.50%    passed     89.06%
   6  Dasyuridae_Dasyurus_maculatus                   0.19%    passed     98.42%
   7  Phalangeridae_Trichosurus_vulpecula             0.25%    passed     85.19%
   8  Phalangeridae_Spilocuscus_maculatus             2.73%    passed     70.83%
   9  Potoroidae_Aepyprymnus_rufescens                0.28%    passed     99.29%
  10  Peramelidae_Perameles_nasuta                   27.41%    failed      3.97%
  11  Phalangeridae_Strigocuscus_pelengensis          6.29%    passed     69.44%
  12  Dasyuridae_Phascogale_tapoatafa                 0.19%    passed     99.32%
  13  Dasyuridae_Sminthopsis_macroura                 0.19%    passed     96.45%
  14  Phalangeridae_Phalanger_orientalis              0.31%    passed     71.46%
  15  Acrobatidae_Acrobates_pygmaeus                  1.80%    passed     97.42%
  16  Dasyuridae_Phascogale_calura                    0.19%    passed     98.18%
  17  Dasyuridae_Sarcophilus_harrisii                 0.22%    passed     99.45%
  18  Dasyuridae_Planigale_tenuirostris               4.50%    passed     94.22%
  19  Peramelidae_Echymipera_kalubu                  26.23%    passed      7.81%
  20  Macropodidae_Dorcopsulus_vanheurni              0.56%    passed     98.84%
  21  Pseudochiridae_Pseudochirulus_forbesi           0.22%    passed     98.64%
  22  Didelphidae_Didelphis_virginiana               27.84%    passed     54.43%
  23  Marmosidae_Monodelphis_domestica                0.22%    passed     87.76%
  24  Dasyuridae_Antechinus_stuartii                  0.43%    passed     99.88%
  25  Hypsiprymnodontidae_Hypsiprymnodon_moschatus    0.22%    passed     86.57%
  26  Microbiotheriidae_Dromiciops_gliroides          5.12%    passed     77.14%
  27  Pseudochiridae_Petauroides_volans               0.90%    passed     99.83%
  28  Macropodidae_Wallabia_bicolor                   0.09%    passed     97.63%
  29  Pseudochiridae_Pseudocheirus_occidentalis       2.57%    passed     99.91%
  30  Tarsipedidae_Tarsipes_rostratus                 1.02%    passed     97.22%
  31  Acrobatidae_Distoechurus_pennatus               0.09%    passed     99.87%
  32  Phalangeridae_Phalanger_carmelitae              2.60%    passed     77.88%
  33  Peramelidae_Peroryctes_raffrayana              30.14%    passed     17.62%
  34  Dasyuridae_Dasyurus_geffroii                    0.19%    passed     97.84%
  35  Peramelidae_Perameles_gunnii                   26.45%    passed      7.15%
****  TOTAL                                           5.12%  1 sequences failed composition chi2 test (p-value<5%; df=3)
NOTE: No CharPartition defined, use all CharSets

Loading 15 partitions...
Subset	Type	Seqs	Sites	Infor	Invar	Model	Name
1		35	144	10	132	TESTMERGE	part1.1
2		35	144	0	144	TESTMERGE	part1.2
WARNING: No parsimony-informative sites in partition part1.2
3		35	144	42	64	TESTMERGE	part1.3
4		31	281	42	215	TESTMERGE	part2.1
5		31	281	20	250	TESTMERGE	part2.2
6		31	281	126	95	TESTMERGE	part2.3
7		35	152	6	140	TESTMERGE	part3.1
8		35	152	10	132	TESTMERGE	part3.2
9		35	152	44	86	TESTMERGE	part3.3
10		35	231	48	147	TESTMERGE	part4.1
11		35	231	36	168	TESTMERGE	part4.2
12		35	231	136	45	TESTMERGE	part4.3
13		34	267	13	237	TESTMERGE	part5.1
14		34	267	6	249	TESTMERGE	part5.2
15		34	267	123	84	TESTMERGE	part5.3
Degree of missing data: 0.037
Info: multi-threading strategy over partitions



Create initial parsimony tree by phylogenetic likelihood library (PLL)... 0.010 seconds
NOTE: ModelFinder requires 10 MB RAM!
NUMBER OF THREADS FOR PARTITION FINDING: 8
Testing GTR+F+G on supermatrix...
GTR+F+G4 / LnL: -16537.413 / df: 76 / AIC: 33226.826 / AICc: 33230.544 / BIC: 33688.807
Selecting individual models for 15 charsets using BIC...
 No. Model        Score       Charset
   1 K2P+G4       1733.996    part3.3
   2 TNe+I+G4     2390.689    part2.1
   3 K2P+G4       2537.250    part4.1
   4 K2P+G4       2191.062    part4.2
   5 K2P+G4       4671.310    part5.3
   6 K2P+G4       4778.467    part2.3
   7 F81+F+I      841.037     part3.2
   8 JC           404.912     part1.2
   9 K2P+G4       5213.946    part4.3
  10 TVM+F+G4     1922.687    part1.3	0h:0m:11s (0h:3m:46s left)
  11 JC+I         675.051     part3.1	0h:0m:13s (0h:4m:6s left)
  12 TIM3+F+I     1556.174    part2.2	0h:0m:13s (0h:3m:49s left)
  13 TIM2e+G4     1335.131    part5.1	0h:0m:13s (0h:3m:31s left)
  14 TIM+F+I      667.020     part1.1	0h:0m:14s (0h:3m:17s left)
  15 K2P+I        1084.748    part5.2	0h:0m:14s (0h:3m:4s left)
Full partition model BIC score: 32713.359 (LnL: -15831.565  df:130)
Merging models to increase model fit (about 211 total partition schemes)...
  16 K2P+G4       32749.935   part2.3+part4.1	0h:0m:23s (0h:4m:42s left)
  17 K2P+G4       32827.274   part4.2+part4.3	0h:0m:24s (0h:4m:34s left)
  18 K2P+G4       32762.464   part4.1+part5.3	0h:0m:24s (0h:4m:23s left)
  19 K3P+G4       32742.117   part1.3+part4.3	0h:0m:24s (0h:4m:9s left)
  20 K2P+G4       32799.578   part4.1+part4.3	0h:0m:24s (0h:3m:57s left)
  21 K2P+G4       32697.464   part2.3+part5.3	0h:0m:27s (0h:4m:8s left)
  22 K2P+G4       32710.638   part4.3+part5.3	0h:0m:28s (0h:4m:6s left)
  23 K3P+G4       32705.647   part2.3+part4.3	0h:0m:29s (0h:3m:58s left)
  24 K2P+G4       32784.122   part4.2+part5.3	0h:0m:34s (0h:4m:31s left)
  25 K2P+G4       32869.591   part2.1+part4.3	0h:0m:35s (0h:4m:20s left)
  26 K2P+G4       32771.216   part3.3+part4.3	0h:0m:35s (0h:4m:9s left)
  27 K2P+G4       32777.295   part2.3+part4.2	0h:0m:35s (0h:4m:0s left)
  28 TPM3+F+G4    32702.801   part1.3+part2.3	0h:0m:37s (0h:4m:3s left)
  29 TPM3u+F+G4   32707.669   part1.3+part5.3	0h:0m:37s (0h:3m:56s left)
  30 K2P+I+G4     32977.949   part4.3+part5.1	0h:0m:39s (0h:3m:59s left)
  31 K2P+G4       32728.395   part2.3+part3.3	0h:0m:39s (0h:3m:51s left)
  32 K2P+G4       32810.473   part2.1+part2.3	0h:0m:45s (0h:4m:15s left)
  33 K2P+G4       32735.831   part3.3+part5.3	0h:0m:46s (0h:4m:10s left)
  34 K2P+G4       32829.027   part2.1+part5.3	0h:0m:47s (0h:4m:5s left)
  35 TN+F+I+G4    32963.912   part2.2+part4.3	0h:0m:48s (0h:4m:3s left)
  36 K2P+G4       32903.215   part3.2+part4.3	0h:0m:48s (0h:3m:57s left)
  37 K3P+G4       32912.523   part1.1+part4.3	0h:0m:50s (0h:3m:57s left)
  38 K2P+G4       33001.815   part1.2+part4.3	0h:0m:50s (0h:3m:51s left)
  39 K2P+I+G4     33033.121   part4.3+part5.2	0h:0m:52s (0h:3m:52s left)
  40 K2P+G4       32940.370   part3.1+part4.3	0h:0m:56s (0h:4m:2s left)
  41 TIM3+F+G4    32883.094   part2.2+part2.3	0h:0m:58s (0h:4m:3s left)
  42 K2P+G4       32899.004   part2.3+part5.1	0h:0m:58s (0h:3m:57s left)
  43 K2P+I+G4     32904.768   part5.1+part5.3	0h:0m:59s (0h:3m:51s left)
  44 K2P+G4       32846.083   part2.3+part3.2	0h:1m:0s (0h:3m:48s left)
  45 K2P+G4       32694.067   part4.1+part4.2	0h:1m:0s (0h:3m:42s left)
  46 TPM3u+F+I+G4 32901.832   part2.2+part5.3	0h:1m:0s (0h:3m:37s left)
  47 K2P+G4       32854.861   part3.2+part5.3	0h:1m:1s (0h:3m:35s left)
  48 TVMe+G4      32717.066   part1.3+part4.1	0h:1m:4s (0h:3m:39s left)
  49 K3P+G4       32855.035   part1.1+part2.3	0h:1m:7s (0h:3m:44s left)
  50 HKY+F+G4     32944.626   part1.2+part2.3	0h:1m:8s (0h:3m:41s left)
  51 TNe+G4       32856.288   part1.1+part5.3	0h:1m:8s (0h:3m:36s left)
  52 K2P+G4       32953.560   part2.3+part5.2	0h:1m:9s (0h:3m:31s left)
  53 K2P+I+G4     32957.095   part5.2+part5.3	0h:1m:9s (0h:3m:26s left)
  54 K2P+G4       32881.393   part2.3+part3.1	0h:1m:10s (0h:3m:25s left)
  55 K2P+G4       32943.621   part1.2+part5.3	0h:1m:10s (0h:3m:20s left)
  56 K2P+G4       32888.727   part3.1+part5.3	0h:1m:14s (0h:3m:27s left)
  57 K3P+G4       32690.634   part1.3+part3.3	0h:1m:16s (0h:3m:26s left)
  58 K2P+G4       32698.015   part3.3+part4.1	0h:1m:16s (0h:3m:21s left)
  59 K2P+G4       32711.741   part3.3+part4.2	0h:1m:18s (0h:3m:21s left)
  60 K3P+G4       32728.892   part1.3+part4.2	0h:1m:18s (0h:3m:17s left)
  61 TNe+G4       32697.101   part2.1+part4.1	0h:1m:19s (0h:3m:15s left)
  62 TNe+I+G4     32692.027   part2.1+part4.2	0h:1m:21s (0h:3m:15s left)
  63 TPM3+F+G4    32757.628   part1.3+part2.1	0h:1m:21s (0h:3m:11s left)
  64 K2P+G4       32744.275   part4.1+part5.1	0h:1m:24s (0h:3m:12s left)
  65 TNe+G4       32722.117   part2.1+part3.3	0h:1m:24s (0h:3m:10s left)
  66 HKY+F+G4     32736.947   part3.2+part4.1	0h:1m:26s (0h:3m:9s left)
  67 TIM3e+G4     32733.636   part2.2+part4.1	0h:1m:28s (0h:3m:9s left)
  68 K2P+G4       32734.960   part1.1+part4.1	0h:1m:29s (0h:3m:7s left)
  69 K2P+I+G4     32784.027   part4.1+part5.2	0h:1m:30s (0h:3m:5s left)
  70 K2P+I+G4     32728.403   part4.2+part5.1	0h:1m:33s (0h:3m:7s left)
  71 TVMe+G4      32770.202   part1.3+part5.1	0h:1m:34s (0h:3m:6s left)
  72 K2P+G4       32740.079   part3.3+part5.1	0h:1m:36s (0h:3m:5s left)
  73 K2P+G4       32803.241   part1.2+part4.1	0h:1m:36s (0h:3m:1s left)
  74 TIM3e+I+G4   32714.917   part2.2+part4.2	0h:1m:36s (0h:2m:58s left)
  75 K2P+G4       32755.114   part3.1+part4.1	0h:1m:36s (0h:2m:55s left)
  76 TIM3+F+G4    32749.588   part1.3+part2.2	0h:1m:36s (0h:2m:51s left)
  77 K2P+G4       32747.089   part2.2+part3.3	0h:1m:38s (0h:2m:50s left)
  78 K2P+I+G4     32726.997   part3.2+part4.2	0h:1m:38s (0h:2m:48s left)
  79 K3P+I+G4     32724.359   part1.1+part4.2	0h:1m:41s (0h:2m:49s left)
  80 K3P+G4       32767.887   part1.3+part3.2	0h:1m:42s (0h:2m:48s left)
  81 TNe+I+G4     32728.996   part2.1+part5.1	0h:1m:43s (0h:2m:46s left)
  82 K2P+I+G4     32754.446   part4.2+part5.2	0h:1m:45s (0h:2m:46s left)
  83 TNe+I+G4     32694.696   part2.1+part2.2	0h:1m:47s (0h:2m:46s left)
  84 TVMe+G4      32753.837   part1.1+part1.3	0h:1m:47s (0h:2m:43s left)
  85 K2P+I+G4     32779.250   part1.2+part4.2	0h:1m:49s (0h:2m:41s left)
  86 TPM3u+F+G4   32815.551   part1.3+part5.2	0h:1m:51s (0h:2m:41s left)
  87 K2P+G4       32736.678   part3.2+part3.3	0h:1m:53s (0h:2m:41s left)
  88 K3P+I+G4     32744.367   part3.1+part4.2	0h:1m:54s (0h:2m:39s left)
  89 TIM+F+G4     32748.074   part1.1+part3.3	0h:1m:54s (0h:2m:37s left)
  90 K2P+G4       32776.846   part3.3+part5.2	0h:1m:54s (0h:2m:34s left)
  91 TPM3+F+G4    32829.049   part1.2+part1.3	0h:1m:56s (0h:2m:33s left)
  92 TVMe+G4      32792.487   part1.3+part3.1	0h:1m:56s (0h:2m:31s left)
  93 HKY+F+I+G4   32715.864   part2.1+part3.2	0h:1m:59s (0h:2m:31s left)
  94 K2P+G4       32811.160   part1.2+part3.3	0h:2m:1s (0h:2m:31s left)
  95 HKY+F+I+G4   32728.134   part1.1+part2.1	0h:2m:3s (0h:2m:30s left)
  96 K2P+G4       32760.801   part3.1+part3.3	0h:2m:3s (0h:2m:28s left)
  97 TN+F+I       32695.570   part3.2+part5.1	0h:2m:6s (0h:2m:28s left)
  98 TNe+I+G4     32746.000   part2.1+part5.2	0h:2m:7s (0h:2m:26s left)
  99 TNe+I+G4     32730.256   part2.1+part3.1	0h:2m:8s (0h:2m:24s left)
 100 TNe+I+G4     32767.022   part1.2+part2.1	0h:2m:8s (0h:2m:22s left)
 101 TIM3e+I      32700.805   part2.2+part5.1	0h:2m:10s (0h:2m:21s left)
 102 TNe+I        32694.473   part5.1+part5.2	0h:2m:11s (0h:2m:20s left)
 103 TIM3e+I      32706.038   part2.2+part3.2	0h:2m:12s (0h:2m:18s left)
 104 TIM2+F+G4    32666.832   part1.1+part5.1	0h:2m:13s (0h:2m:16s left)
 105 K2P+I        32700.618   part3.1+part5.1	0h:2m:14s (0h:2m:15s left)
 106 TIM3e+I      32693.488   part1.1+part2.2	0h:2m:14s (0h:2m:13s left)
 107 TNe+I        32731.375   part1.2+part5.1	0h:2m:16s (0h:2m:13s left)
 108 TIM3+F+I+G4  32714.387   part2.2+part5.2	0h:2m:17s (0h:2m:10s left)
 109 TN+F+I       32691.403   part1.1+part3.2	0h:2m:18s (0h:2m:9s left)
 110 HKY+F+I      32707.493   part3.2+part5.2	0h:2m:19s (0h:2m:8s left)
 111 TIM3+F+I     32726.021   part1.2+part2.2	0h:2m:19s (0h:2m:5s left)
 112 TIM3e+I      32714.800   part2.2+part3.1	0h:2m:20s (0h:2m:4s left)
 113 F81+F+I      32702.279   part3.1+part3.2	0h:2m:21s (0h:2m:2s left)
 114 F81+F+I      32732.438   part1.2+part3.2	0h:2m:21s (0h:2m:0s left)
 115 TIM3e+I      32693.409   part1.1+part5.2	0h:2m:23s (0h:1m:59s left)
 116 K2P+I        32707.621   part3.1+part5.2	0h:2m:23s (0h:1m:57s left)
 117 JC+I         32721.013   part1.2+part3.1	0h:2m:23s (0h:1m:55s left)
 118 TIM+F+I      32699.825   part1.1+part3.1	0h:2m:24s (0h:1m:53s left)
 119 TIM3e+I      32716.301   part1.1+part1.2	0h:2m:24s (0h:1m:51s left)
 120 HKY+F+I      32723.647   part1.2+part5.2	0h:2m:25s (0h:1m:49s left)
Merging part1.1+part5.1 with BIC score: 32666.832 (LnL: -15828.498  df: 125)
 121 TIM+F+G4     32729.064   part1.1+part3.3+part5.1	0h:2m:30s (0h:1m:51s left)
 122 TIM3e+I      32665.744   part1.1+part5.1+part5.2	0h:2m:30s (0h:1m:50s left)
 123 HKY+F+I+G4   32717.248   part1.1+part2.1+part5.1	0h:2m:32s (0h:1m:49s left)
 124 K3P+I+G4     32720.109   part1.1+part4.2+part5.1	0h:2m:33s (0h:1m:47s left)
 125 TIM2+F+I+G4  32743.499   part1.1+part4.1+part5.1	0h:2m:33s (0h:1m:45s left)
 126 SYM+G4       32762.516   part1.1+part1.3+part5.1	0h:2m:34s (0h:1m:44s left)
 127 K2P+G4       32945.701   part1.1+part2.3+part5.1	0h:2m:36s (0h:1m:43s left)
 128 K3P+I+G4     33037.533   part1.1+part4.3+part5.1	0h:2m:37s (0h:1m:41s left)
 129 TN+F+I       32651.926   part1.1+part3.2+part5.1	0h:2m:38s (0h:1m:40s left)
 130 TIM2+F+I     32660.237   part1.1+part3.1+part5.1	0h:2m:39s (0h:1m:39s left)
 131 TIM3e+I      32673.199   part1.1+part2.2+part5.1	0h:2m:39s (0h:1m:37s left)
 132 TIM2e+I      32696.287   part1.1+part1.2+part5.1	0h:2m:41s (0h:1m:36s left)
 133 TNe+I+G4     32949.890   part1.1+part5.1+part5.3	0h:2m:42s (0h:1m:35s left)
Merging part1.3+part3.3 with BIC score: 32644.108 (LnL: -15849.451  df: 117)
 134 K3P+G4       32765.941   part1.3+part3.3+part5.2	0h:2m:47s (0h:1m:36s left)
 135 TIM3+F+G4    32732.422   part1.3+part2.2+part3.3	0h:2m:49s (0h:1m:35s left)
 136 K3P+G4       32683.576   part1.3+part2.1+part3.3	0h:2m:49s (0h:1m:33s left)
 137 K2P+G4       32644.758   part1.3+part3.3+part4.1	0h:2m:50s (0h:1m:31s left)
 138 K3P+G4       32662.585   part1.3+part3.3+part4.2	0h:2m:50s (0h:1m:30s left)
 139 K3P+G4       32669.409   part1.3+part3.3+part5.3	0h:2m:53s (0h:1m:30s left)
 140 K3P+G4       32699.219   part1.3+part3.2+part3.3	0h:2m:54s (0h:1m:28s left)
 141 K3P+G4       32721.488   part1.3+part3.3+part4.3	0h:2m:54s (0h:1m:26s left)
 142 K3P+G4       32661.585   part1.3+part2.3+part3.3	0h:2m:55s (0h:1m:25s left)
 143 K3P+G4       32784.715   part1.2+part1.3+part3.3	0h:2m:55s (0h:1m:23s left)
 144 K3P+G4       32725.616   part1.3+part3.1+part3.3	0h:2m:55s (0h:1m:21s left)
 145 K3P+G4       32775.258   part1.1+part1.3+part3.3+part5.1	0h:2m:57s (0h:1m:20s left)
Merging part2.1+part4.2 with BIC score: 32622.776 (LnL: -15850.903  df: 114)
 146 TNe+I+G4     32629.200   part2.1+part3.2+part4.2	0h:3m:7s (0h:1m:23s left)
 147 TNe+I+G4     32667.511   part2.1+part4.2+part5.2	0h:3m:8s (0h:1m:22s left)
 148 TNe+I+G4     32612.670   part2.1+part2.2+part4.2	0h:3m:9s (0h:1m:20s left)
 149 K3P+G4       32676.390   part1.3+part2.1+part3.3+part4.2	0h:3m:10s (0h:1m:19s left)
 150 TNe+G4       32605.986   part2.1+part4.1+part4.2	0h:3m:10s (0h:1m:17s left)
 151 K3P+G4       32743.709   part2.1+part2.3+part4.2	0h:3m:11s (0h:1m:16s left)
 152 K3P+I+G4     32815.243   part2.1+part4.2+part4.3	0h:3m:11s (0h:1m:14s left)
 153 K2P+I+G4     32765.329   part2.1+part4.2+part5.3	0h:3m:14s (0h:1m:13s left)
 154 TNe+I+G4     32688.728   part1.2+part2.1+part4.2	0h:3m:17s (0h:1m:13s left)
 155 TIMe+I+G4    32649.572   part2.1+part3.1+part4.2	0h:3m:17s (0h:1m:11s left)
 156 K3P+I+G4     32685.997   part1.1+part2.1+part4.2+part5.1	0h:3m:19s (0h:1m:10s left)
Merging part2.1+part4.1+part4.2 with BIC score: 32605.986 (LnL: -15858.665  df: 110)
 157 TNe+I+G4     32621.121   part2.1+part3.2+part4.1+part4.2	0h:3m:30s (0h:1m:12s left)
 158 TNe+I+G4     32670.622   part2.1+part4.1+part4.2+part5.2	0h:3m:30s (0h:1m:10s left)
 159 TNe+I+G4     32611.354   part2.1+part2.2+part4.1+part4.2	0h:3m:31s (0h:1m:9s left)
 160 TIMe+G4      32656.556   part1.3+part2.1+part3.3+part4.1+part4.2	0h:3m:32s (0h:1m:7s left)
 161 TPM2u+F+I+G4 32695.444   part1.1+part2.1+part4.1+part4.2+part5.1	0h:3m:33s (0h:1m:6s left)
 162 K2P+I+G4     32752.028   part2.1+part4.1+part4.2+part5.3	0h:3m:34s (0h:1m:4s left)
 163 TNe+G4       32725.007   part2.1+part2.3+part4.1+part4.2	0h:3m:34s (0h:1m:3s left)
 164 K2P+I+G4     32803.193   part2.1+part4.1+part4.2+part4.3	0h:3m:34s (0h:1m:1s left)
 165 TNe+I+G4     32643.541   part2.1+part3.1+part4.1+part4.2	0h:3m:39s (0h:1m:1s left)
 166 TNe+I+G4     32689.042   part1.2+part2.1+part4.1+part4.2	0h:3m:40s (0h:0m:59s left)
Merging part2.3+part5.3 with BIC score: 32590.091 (LnL: -15862.836  df: 107)
WARNING: ABNORMAL_TERMINATION_IN_LNSRCH
 167 K2P+G4       32898.734   part2.3+part5.2+part5.3	0h:3m:49s (0h:1m:0s left)
 168 K2P+G4       32855.627   part1.2+part2.3+part5.3	0h:3m:50s (0h:0m:59s left)
 169 TIM3+F+G4    32821.532   part2.2+part2.3+part5.3	0h:3m:51s (0h:0m:57s left)
 170 K2P+G4       32753.550   part2.3+part3.2+part5.3	0h:3m:52s (0h:0m:56s left)
 171 K3P+I+G4     32971.427   part1.1+part2.3+part5.1+part5.3	0h:3m:54s (0h:0m:54s left)
 172 K3P+G4       32620.752   part1.3+part2.3+part3.3+part5.3	0h:3m:55s (0h:0m:53s left)
 173 K3P+G4       32587.024   part2.3+part4.3+part5.3	0h:3m:56s (0h:0m:51s left)
 174 K3P+G4       32798.444   part2.1+part2.3+part4.1+part4.2+part5.3	0h:3m:56s (0h:0m:50s left)
 175 K3P+G4       32793.991   part2.3+part3.1+part5.3	0h:3m:59s (0h:0m:49s left)
Merging part1.1+part3.2+part5.1 with BIC score: 32575.186 (LnL: -15879.619  df: 101)
 176 TN+F+I       32572.402   part1.1+part3.2+part5.1+part5.2	0h:4m:3s (0h:0m:48s left)
 177 TIM+F+I      32563.928   part1.1+part3.1+part3.2+part5.1	0h:4m:4s (0h:0m:46s left)
 178 TN+F+I       32611.119   part1.1+part1.2+part3.2+part5.1	0h:4m:4s (0h:0m:45s left)
 179 TIM3e+I      32585.582   part1.1+part2.2+part3.2+part5.1	0h:4m:7s (0h:0m:44s left)
 180 K3P+G4       32728.193   part1.1+part1.3+part3.2+part3.3+part5.1	0h:4m:9s (0h:0m:42s left)
 181 K3P+I+G4     32994.933   part1.1+part3.2+part4.3+part5.1	0h:4m:11s (0h:0m:41s left)
 182 HKY+F+I+G4   32668.377   part1.1+part2.1+part3.2+part4.1+part4.2+part5.1	0h:4m:11s (0h:0m:40s left)
 183 K3P+I+G4     33031.098   part1.1+part2.3+part3.2+part5.1+part5.3	0h:4m:12s (0h:0m:38s left)
Merging part1.1+part3.1+part3.2+part5.1 with BIC score: 32563.928 (LnL: -15878.030  df: 100)
 184 TN+F+I       32560.861   part1.1+part3.1+part3.2+part5.1+part5.2	0h:4m:16s (0h:0m:37s left)
 185 TIM+F+I      32598.538   part1.1+part1.2+part3.1+part3.2+part5.1	0h:4m:17s (0h:0m:36s left)
 186 TIM3e+I      32578.146   part1.1+part2.2+part3.1+part3.2+part5.1	0h:4m:19s (0h:0m:34s left)
 187 K3P+G4       32745.767   part1.1+part1.3+part3.1+part3.2+part3.3+part5.1	0h:4m:20s (0h:0m:33s left)
 188 K3P+I+G4     33037.053   part1.1+part3.1+part3.2+part4.3+part5.1	0h:4m:23s (0h:0m:32s left)
 189 K3Pu+F+I+G4  32679.622   part1.1+part2.1+part3.1+part3.2+part4.1+part4.2+part5.1	0h:4m:23s (0h:0m:30s left)
 190 TIMe+I+G4    33102.780   part1.1+part2.3+part3.1+part3.2+part5.1+part5.3	0h:4m:24s (0h:0m:29s left)
Merging part2.3+part4.3+part5.3 with BIC score: 32560.861 (LnL: -15884.575  df: 98)
 191 K3P+G4       32866.887   part1.2+part2.3+part4.3+part5.3	0h:4m:36s (0h:0m:29s left)
 192 K3P+G4       32940.087   part2.3+part4.3+part5.2+part5.3	0h:4m:36s (0h:0m:27s left)
 193 TIM3+F+G4    32850.353   part2.2+part2.3+part4.3+part5.3	0h:4m:37s (0h:0m:25s left)
 194 K3P+I+G4     33257.353   part1.1+part2.3+part3.1+part3.2+part4.3+part5.1+part5.3	0h:4m:39s (0h:0m:24s left)
 195 K3P+G4       32619.102   part1.3+part2.3+part3.3+part4.3+part5.3	0h:4m:40s (0h:0m:22s left)
 196 K3P+G4       32852.026   part2.1+part2.3+part4.1+part4.2+part4.3+part5.3	0h:4m:41s (0h:0m:21s left)
Merging part1.1+part3.1+part3.2+part5.1+part5.2 with BIC score: 32557.794 (LnL: -15899.199  df: 94)
 197 TN+F+I       32582.073   part1.1+part1.2+part3.1+part3.2+part5.1+part5.2	0h:4m:44s (0h:0m:20s left)
 198 TIM3e+I      32562.619   part1.1+part2.2+part3.1+part3.2+part5.1+part5.2	0h:4m:46s (0h:0m:18s left)
 199 K3P+I+G4     32768.457   part1.1+part1.3+part3.1+part3.2+part3.3+part5.1+part5.2	0h:4m:47s (0h:0m:17s left)
 200 HKY+F+I+G4   32701.458   part1.1+part2.1+part3.1+part3.2+part4.1+part4.2+part5.1+part5.2	0h:4m:51s (0h:0m:16s left)
 201 K3P+I+G4     33404.216   part1.1+part2.3+part3.1+part3.2+part4.3+part5.1+part5.2+part5.3	0h:4m:56s (0h:0m:14s left)
BEST-FIT PARTITION MODEL: 
  charpartition BIC = TN+F+I: part1.1 part3.1 part3.2 part5.1 part5.2, JC: part1.2, K3P+G4: part1.3 part3.3, TNe+G4: part2.1 part4.1 part4.2, TIM3+F+I: part2.2, K3P+G4: part2.3 part4.3 part5.3;
Agglomerative model selection: (((((part1.1,part5.1)1:32666.8,part3.2)6:32575.2,part3.1)7:32563.9,part5.2)9:32557.8,part1.2,(part1.3,part3.3)2:32644.1,((part2.1,part4.2)3:32622.8,part4.1)4:32606,part2.2,((part2.3,part5.3)5:32590.1,part4.3)8:32560.9)
Merging into 6 partitions...
Partition information was printed to 4_set213.best_scheme.nex
Partition information in Raxml format was printed to 4_set213.best_scheme

All model information printed to 4_set213.model.gz
CPU time for ModelFinder: 437.361 seconds (0h:7m:17s)
Wall-clock time for ModelFinder: 298.379 seconds (0h:4m:58s)
Generating 1000 samples for ultrafast bootstrap (seed: 650200)...

NOTE: 9 MB RAM (0 GB) is required!
Measuring multi-threading efficiency up to 8 CPU cores
Increase to 10 rounds for branch lengths
24 trees examined
Threads: 1 / Time: 8.051 sec / Speedup: 1.000 / Efficiency: 100% / LogL: -24500
Threads: 2 / Time: 18.946 sec / Speedup: 0.425 / Efficiency: 21% / LogL: -24500
BEST NUMBER OF THREADS: 1

Estimate model parameters (epsilon = 0.100)
Initial log-likelihood: -17404.302
Current log-likelihood at step 1: -16187.505
Current log-likelihood at step 2: -15981.335
Current log-likelihood at step 3: -15900.685
Current log-likelihood at step 4: -15899.381
Current log-likelihood at step 5: -15899.075
Current log-likelihood at step 6: -15899.035
Partition-specific rates:  0.157 0.007 1.083 0.944 0.310 2.516
Parameters optimization took 5 rounds (1.858 sec)

Computing ML distances based on estimated model parameters... 0.061 sec
Computing BIONJ tree...
0.003 seconds
Log-likelihood of BIONJ tree: -15907.009
--------------------------------------------------------------------
|             INITIALIZING CANDIDATE TREE SET                      |
--------------------------------------------------------------------
Generating 98 parsimony trees... 3.565 second
Computing log-likelihood of 98 initial trees ... 10.482 seconds
Current best score: -15898.281

Do NNI search on 20 best initial trees
Estimate model parameters (epsilon = 0.100)
Initial log-likelihood: -15895.613
Current log-likelihood at step 1: -15895.470
Current log-likelihood at step 2: -15895.460
Parameters optimization took 1 rounds (0.282 sec)

BETTER TREE FOUND at iteration 1: -15895.460
Estimate model parameters (epsilon = 0.100)
Initial log-likelihood: -15895.415
Current log-likelihood at step 1: -15895.284
Current log-likelihood at step 2: -15895.281
Parameters optimization took 1 rounds (0.264 sec)

BETTER TREE FOUND at iteration 4: -15895.281
Estimate model parameters (epsilon = 0.100)
Initial log-likelihood: -15895.213
Current log-likelihood at step 1: -15895.212
Parameters optimization took 0 rounds (0.123 sec)

BETTER TREE FOUND at iteration 7: -15895.212
Iteration 10 / LogL: -15895.282 / Time: 0h:0m:51s
Iteration 20 / LogL: -15904.783 / Time: 0h:0m:58s
Finish initializing candidate tree set (5)
Current best tree score: -15895.212 / CPU time: 28.857
Number of iterations: 20
--------------------------------------------------------------------
|               OPTIMIZING CANDIDATE TREE SET                      |
--------------------------------------------------------------------
Iteration 30 / LogL: -15895.212 / Time: 0h:1m:7s (0h:3m:0s left)
Iteration 40 / LogL: -15895.442 / Time: 0h:1m:16s (0h:2m:11s left)
Iteration 50 / LogL: -15895.221 / Time: 0h:1m:25s (0h:1m:39s left)
Log-likelihood cutoff on original alignment: -15935.979
Iteration 60 / LogL: -15895.572 / Time: 0h:1m:35s (0h:1m:16s left)
Iteration 70 / LogL: -15895.212 / Time: 0h:1m:44s (0h:0m:56s left)
Iteration 80 / LogL: -15895.794 / Time: 0h:1m:53s (0h:0m:38s left)
Iteration 90 / LogL: -15904.781 / Time: 0h:2m:2s (0h:0m:23s left)
Iteration 100 / LogL: -15895.214 / Time: 0h:2m:11s (0h:0m:9s left)
Log-likelihood cutoff on original alignment: -15932.113
NOTE: Bootstrap correlation coefficient of split occurrence frequencies: 1.000
TREE SEARCH COMPLETED AFTER 108 ITERATIONS / Time: 0h:2m:19s

--------------------------------------------------------------------
|                    FINALIZING TREE SEARCH                        |
--------------------------------------------------------------------
Performs final model parameters optimization
Estimate model parameters (epsilon = 0.010)
Initial log-likelihood: -15895.212
Current log-likelihood at step 1: -15895.211
Partition-specific rates:  0.157 0.007 1.082 0.944 0.303 2.520
Parameters optimization took 0 rounds (0.106 sec)

BEST SCORE FOUND : -15895.211
Creating bootstrap support values...
Split supports printed to NEXUS file 4_set213.splits.nex
Total tree length: 0.861

Total number of iterations: 108
CPU time used for tree search: 53.160 sec (0h:0m:53s)
Wall-clock time used for tree search: 109.783 sec (0h:1m:49s)
Total CPU time used: 63.047 sec (0h:1m:3s)
Total wall-clock time used: 139.817 sec (0h:2m:19s)

Computing bootstrap consensus tree...
Reading input file 4_set213.splits.nex...
35 taxa and 119 splits.
Consensus tree written to 4_set213.contree
Reading input trees file 4_set213.contree
Log-likelihood of consensus tree: -15895.211

Analysis results written to: 
  IQ-TREE report:                4_set213.iqtree
  Maximum-likelihood tree:       4_set213.treefile
  Likelihood distances:          4_set213.mldist
  Best partitioning scheme:      4_set213.best_scheme.nex
           in RAxML format:      4_set213.best_scheme

Ultrafast bootstrap approximation results written to:
  Split support values:          4_set213.splits.nex
  Consensus tree:                4_set213.contree
  Screen log file:               4_set213.log

Date and Time: Sat Sep  8 01:56:41 2018
