IQ-TREE multicore version 1.6.7 for Mac OS X 64-bit built Aug 23 2018
Developed by Bui Quang Minh, Nguyen Lam Tung, Olga Chernomor,
Heiko Schmidt, Dominik Schrempf, Michael Woodhams.

Host:    meeps-mac-pro.staff.sydney.edu.au (AVX, 64 GB RAM)
Command: /Users/davidduchene/Desktop/Software/iqtree-1.6.7-MacOSX/bin/iqtree -s ../../../../birds/set5.fasta -m TESTMERGE -bb 1000 -sp ../../../../birds/set5.nex -nt AUTO -pre 6_set5
Seed:    739057 (Using SPRNG - Scalable Parallel Random Number Generator)
Time:    Tue Sep 11 02:33:54 2018
Kernel:  AVX - auto-detect threads (8 CPU cores detected)

Reading partition model file ../../../../birds/set5.nex ...
Reading alignment file ../../../../birds/set5.fasta ... Fasta format detected
Alignment most likely contains DNA/RNA sequences
Alignment has 177 sequences with 21338 columns, 12164 distinct patterns
10321 parsimony-informative, 1523 singleton sites, 9494 constant sites
                                                           Gap/Ambiguity  Composition  p-value
   1  I0185_86_Accipitridae_Buteo_jamaicensis                      0.36%    passed     23.15%
   2  I0186_111_Momotidae_Momotus_lessonii                         2.17%    passed     81.22%
   3  I0187_115_Trogonidae_Trogon_elegans                          0.70%    passed     96.95%
   4  I0188_135_Apodidae_Streptoprocne_zonaris                     1.51%    passed     37.77%
   5  I0189_225_Eurylaimidae_Smithornis_rufolateralis              0.70%    passed     39.68%
   6  I0190_295_Trogonidae_Apaloderma_aequatoriale                 1.61%    passed     96.43%
   7  I0192_375_Musophagidae_Tauraco_macrorhynchus                 1.67%    passed     77.03%
   8  I0193_447_Columbidae_Treron_calvus                           0.67%    passed     96.37%
   9  I0194_495_Alcedinidae_Alcedo_quadribrachys                   3.62%    passed     63.60%
  10  I0195_522_Ramphastidae_Buccanodon_duchaillui                 1.88%    passed     41.20%
  11  I0196_523_Musophagidae_Corythaeola_cristata                  1.45%    passed     44.05%
  12  I0197_832_Corvidae_Corvus_albus                              1.47%    failed      0.19%
  13  I0198_937_Bucerotidae_Tockus_camurus                         1.65%    passed     53.49%
  14  I0199_955_Meropidae_Merops_muelleri                          0.75%    passed     30.13%
  15  I0200_988_Furnariidae_Furnarius_rufus                        3.86%    passed     19.80%
  16  I0201_999_Scolopacidae_Tringa_solitaria                      1.29%    passed     87.64%
  17  I0202_1066_Cathartidae_Cathartes_burrovianus                 2.45%    passed     89.31%
  18  I0203_1087_Tyrannidae_Hymenops_perspicillatus                0.95%    failed      0.00%
  19  I0204_1174_Threskiornithidae_Harpiprion_caerulescens         0.13%    passed     34.86%
  20  I0205_1183_Tyrannidae_Hirundinea_ferruginea                  0.88%    failed      0.10%
  21  I0207_1193_Thamnophilidae_Thamnophilus_ruficapillus          0.50%    passed     41.69%
  22  I0210_1226_Ciconiidae_Ciconia_nigra                          2.21%    passed     84.11%
  23  I0211_1232_Columbidae_Columba_livia                          0.56%    passed     95.83%
  24  I0212_1289_Charadriidae_Charadrius_hiaticula                 2.14%    passed     74.99%
  25  I0213_1334_Picidae_Jynx_torquilla                            1.66%    failed      0.28%
  26  I0214_1354_Sylviidae_Sylvia_melanocephala                    1.35%    failed      0.00%
  27  I0215_1370_Regulidae_Regulus_ignicapilla                     1.03%    failed      0.02%
  28  I0216_1413_Falconidae_Micrastur_gilvicollis                  0.35%    passed     46.95%
  29  I0217_1452_Cotingidae_Rupicola_rupicola                      0.80%    passed     62.56%
  30  I0218_1474_Tityridae_Myiobius_barbatus                       1.29%    failed      3.62%
  31  I0219_1489_Trochilidae_Topaza_pella                          2.39%    passed     19.00%
  32  I0220_1514_Trochilidae_Phaethornis_superciliosus             2.03%    passed      5.29%
  33  I0221_1526_Columbidae_Leptotila_rufaxilla                    1.25%    passed     99.20%
  34  I0222_1568_Turdidae_Turdus_olivater                          1.33%    failed      1.04%
  35  I0223_1586_Furnariidae_Sclerurus_mexicanus                   3.24%    passed     18.31%
  36  I0224_1607_Cracidae_Crax_alector                             0.81%    passed     66.41%
  37  I0225_1616_Incertae_sedis_Piprites_chloris                   0.75%    passed     57.36%
  38  I0226_1619_Odontophoridae_Odontophorus_gujanensis            0.85%    passed     78.29%
  39  I0227_1698_Tyrannidae_Rhynchocyclus_olivaceus                0.68%    failed      3.07%
  40  I0228_1712_Pipridae_Neopelma_chrysocephalum                  0.72%    passed     11.07%
  41  I0230_1770_Tinamidae_Crypturellus_tataupa                    5.19%    passed     63.58%
  42  I0232_1837_Fringillidae_Fringilla_coelebs                    1.47%    failed      0.00%
  43  I0234_1994_Todidae_Todus_mexicanus                           1.63%    passed     90.86%
  44  I0235_2065_Cuculidae_Coccyzus_melacoryphus                   3.52%    failed      0.60%
  45  I0236_2079_Falconidae_Falco_sparverius                       0.22%    passed     24.06%
  46  I0237_2182_Thamnophilidae_Myrmornis_torquata                 3.88%    passed     37.75%
  47  I0238_2211_Cotingidae_Cotinga_cayana                         1.02%    passed     37.49%
  48  I0239_2212_Ardeidae_Tigrisoma_lineatum                       0.82%    passed     93.78%
  49  I0240_2217_Psittacidae_Deroptyus_accipitrinus                1.21%    failed      0.60%
  50  I0241_2249_Pipridae_Pipra_erythrocephala                     0.73%    passed     14.99%
  51  I0242_2273_Furnariidae_Lepidocolaptes_angustirostris         1.05%    passed     10.62%
  52  I0243_2275_Columbidae_Columbina_minuta                       0.69%    passed     98.37%
  53  I0244_2276_Caprimulgidae_Chordeiles_pusillus                 0.81%    passed      6.21%
  54  I0245_2800_Ardeidae_Ardea_herodias                           0.35%    passed     99.59%
  55  I0246_2823_Tyrannidae_Tyrannus_albogularis                   0.81%    failed      1.19%
  56  I0247_2886_Apodidae_Chaetura_brachyura                       0.74%    passed     70.72%
  57  I0250_2944_Odontophoridae_Colinus_cristatus                  1.08%    passed     91.93%
  58  I0251_3044_Tityridae_Tityra_cayana                           2.35%    passed     14.70%
  59  I0252_3154_Anatidae_Anas_superciliosa                        4.40%    passed     23.56%
  60  I0253_3158_Anseranatidae_Anseranas_semipalmata               1.05%    passed     95.86%
  61  I0254_3160_Sulidae_Morus_serrator                            0.30%    passed     11.57%
  62  I0255_3161_Podargidae_Podargus_strigoides                    0.89%    passed     36.77%
  63  I0256_3178_Megapodiidae_Leipoa_ocellata                      1.33%    passed     51.43%
  64  I0257_3236_Anatidae_Oxyura_jamaicensis                       1.16%    passed     15.78%
  65  I0258_3336_Caprimulgidae_Caprimulgus_europaeus               0.94%    passed     59.61%
  66  I0259_3344_Picidae_Picus_canus                               1.53%    failed      0.00%
  67  I0260_3380_Dromaiidae_Dromaius_novaehollandiae               1.62%    failed      0.00%
  68  I0261_3515_Thamnophilidae_Terenura_callinota                 3.11%    passed     14.26%
  69  I0262_3562_Oxyruncidae_Oxyruncus_cristatus                   0.65%    failed      2.25%
  70  I0263_3569_Psophiidae_Psophia_crepitans                      0.63%    passed     79.57%
  71  I0264_3574_Falconidae_Ibycter_americanus                     0.67%    passed     50.15%
  72  I0265_3576_Tityridae_Schiffornis_turdina                     1.01%    passed     20.03%
  73  I0266_3617_Ramphastidae_Capito_niger                         4.08%    passed     83.24%
  74  I0267_3690_Bucconidae_Bucco_capensis                         4.85%    failed      3.81%
  75  I0268_3790_Accipitridae_Accipiter_superciliosus              1.48%    passed     29.10%
  76  I0272_5303_Alcedinidae_Chloroceryle_inda                     1.72%    passed     69.52%
  77  I0273_5315_Galbulidae_Galbula_dea                            0.44%    failed      0.04%
  78  I0274_5339_Bucconidae_Chelidoptera_tenebrosa                 0.80%    failed      1.79%
  79  I0275_5404_Balaenicipitidae_Balaeniceps_rex                  0.56%    passed     89.07%
  80  I0277_5465_Trochilidae_Archilochus_colubris                  0.97%    passed     17.04%
  81  I0278_5642_Phasianidae_Bonasa_umbellus                       0.93%    passed     64.09%
  82  I0279_5911_Jacanidae_Jacana_jacana                           0.79%    passed     53.53%
  83  I0281_5967_Otididae_Ardeotis_kori                            0.41%    passed     92.16%
  84  I0282_6008_Hydrobatidae_Oceanodroma_leucorhoa                0.56%    passed     64.32%
  85  I0283_6026_Anatidae_Dendrocygna_viduata                      3.37%    passed     79.85%
  86  I0284_6031_Coraciidae_Coracias_cyanogaster                   0.41%    failed      1.12%
  87  I0285_6059_Anatidae_Anser_canagicus                          1.14%    passed     17.95%
  88  I0286_6061_Ramphastidae_Ramphastos_ambiguus                  0.88%    passed     90.06%
  89  I0287_6069_Phoenicopteridae_Phoenicopterus_ruber             2.15%    passed     55.24%
  90  I0288_6097_Anatidae_Aythya_valisineria                       0.93%    passed      7.04%
  91  I0289_6295_Haematopodidae_Haematopus_palliatus               0.14%    passed     58.41%
  92  I0361_9545_Sagittariidae_Sagittarius_serpentarius            0.41%    passed     62.51%
  93  I0362_3175_Hydrobatidae_Oceanites_oceanicus                  0.41%    passed     29.97%
  94  I0363_345610_Mesitornithidae_Mesitornis_unicolor             0.92%    passed     62.17%
  95  I0364_384759_Brachypteraciidae_Atelornis_pittoides           0.80%    passed     56.98%
  96  I0365_384805_Rallidae_Sarothrura_rufa_elizabethae            0.82%    passed     81.64%
  97  I0366_438526_Mesitornithidae_Monias_benschi                  0.34%    passed     65.21%
  98  I0367_449184_Leptosomidae_Leptosomus_discolor                0.21%    passed     37.81%
  99  I0368_21_Recurvirostridae_Recurvirostra_americana            0.81%    passed     59.21%
 100  I0369_848_Opisthocomidae_Opisthocomus_hoazin                 0.60%    passed     93.75%
 101  I0370_1566_Psittacidae_Psittacus_erithacus                   0.80%    failed      0.18%
 102  I0371_1587_Phasianidae_Rollulus_rouloul                      1.12%    passed     95.09%
 103  I0372_1658_Phalacrocoracidae_Phalacrocorax_brasilianus       0.30%    passed     26.25%
 104  I0373_1829_Anhimidae_Chauna_torquata                         0.32%    passed     38.45%
 105  I0374_2419_Phasianidae_Gallus_gallus                         1.16%    passed     97.70%
 106  I0377_2841_Melanopareiidae_Melanopareia_maximiliani          0.73%    failed      0.00%
 107  I0378_3087_Heliornithidae_Heliornis_fulica                   0.93%    passed     86.25%
 108  I0380_6178_Climacteridae_Climacteris_melanura                0.52%    failed      0.02%
 109  I0381_6209_Maluridae_Malurus_splendens                       4.50%    failed      0.00%
 110  I0382_6875_Casuariidae_Casuarius_bennetti                    0.76%    failed      0.00%
 111  I0384_9129_Fregatidae_Fregata_magnificens                    0.44%    passed     80.66%
 112  I0385_9309_Accipitridae_Elanus_leucurus                      0.69%    failed      2.07%
 113  I0386_10701_Pelecanoididae_Pelecanoides_urinatrix            0.89%    passed     56.49%
 114  I0387_12368_Eurylaimidae_Eurylaimus_ochromalus               1.81%    passed     35.35%
 115  I0388_12571_Hemiprocnidae_Hemiprocne_comata                  0.81%    passed     41.81%
 116  I0389_14873_Psittacidae_Nestor_meridionalis                  1.41%    passed      7.16%
 117  I0390_14905_Apterygidae_Apteryx_sp                           1.59%    failed      0.00%
 118  I0391_15014_Pelecanidae_Pelecanus_occidentalis               0.38%    passed     47.30%
 119  I0392_15430_Phoeniculidae_Phoeniculus_purpureus              2.21%    passed     60.14%
 120  I0393_15950_Rynchopidae_Rhynchops_niger                      0.69%    passed     86.16%
 121  I0394_16098_Aegothelidae_Aegotheles_insignis                 1.86%    passed     31.14%
 122  I0395_16363_Procellariidae_Pterodroma_externa                0.27%    passed     85.81%
 123  I0396_16818_Eurypygidae_Eurypyga_helias                      1.46%    passed     53.79%
 124  I0397_17790_Ramphastidae_Megalaima_chrysopogon               1.69%    failed      0.03%
 125  I0398_17932_Cuculidae_Centropus_bengalensis                  1.03%    failed      1.35%
 126  I0399_18174_Caprimulgidae_Eurostopodus_macrotis              0.63%    failed      2.39%
 127  I0400_19788_Pittidae_Pitta_angolensis                        3.55%    passed     85.75%
 128  I0401_19903_Glareolidae_Glareola_nuchalis                    0.51%    passed     96.23%
 129  I0402_20061_Rostratulidae_Rostratula_benghalensis            0.82%    passed     94.08%
 130  I0403_20547_Pteroclididae_Syrrhaptes_paradoxus               1.18%    passed     80.13%
 131  I0404_21828_Procellariidae_Fulmarus_glacialoides             0.56%    passed     87.48%
 132  I0405_21897_Gruidae_Grus_canadensis                          0.72%    passed     97.40%
 133  I0406_22550_Procellariidae_Puffinus_griseus                  0.30%    passed     80.93%
 134  I0407_22888_Rallidae_Porphyrio_porphyrio                     0.74%    passed     67.15%
 135  I0408_25293_Alcidae_Uria_aalge                               0.99%    passed     95.37%
 136  I0409_25985_Turnicidae_Turnix_ocellata                       1.52%    passed     87.00%
 137  I0410_52764_Coliidae_Colius_colius                           0.99%    passed     93.79%
 138  I0411_53231_Pteroclididae_Pterocles_bicinctus                1.04%    passed     61.03%
 139  I0412_62853_Hydrobatidae_Pelagodroma_marina                  0.43%    passed     31.33%
 140  I0413_67124_Coliidae_Colius_indicus                          1.57%    passed     76.18%
 141  I0414_72512_Rheidae_Rhea_americana                           1.63%    failed      0.00%
 142  I0415_76638_Menuridae_Menura_novaehollandiae                 0.53%    passed      8.05%
 143  I0416_76941_Pipridae_Cryptopipo_holochlora                   0.50%    passed     27.79%
 144  I0418_89784_Scopidae_Scopus_umbretta                         0.45%    passed     62.75%
 145  I0420_730_Ardeidae_Ixobrychus_minutus                        0.40%    passed     99.06%
 146  I0421_1173_Cariamidae_Cariama_cristata                       0.22%    failed      3.75%
 147  I0422_1201_Podicipedidae_Rollandia_rolland                   0.90%    passed     59.05%
 148  I0423_2497_Cuculidae_Cuculus_optatus                         1.96%    failed      0.04%
 149  I0424_2923_Cuculidae_Tapera_naevia                           0.73%    passed      6.06%
 150  I0425_2961_Rallidae_Micropygia_schomburgkii                  0.90%    passed     27.56%
 151  I0426_2963_Cracidae_Ortalis_motmot                           2.33%    passed     70.34%
 152  I0427_3383_Scolopacidae_Arenaria_interpres                   1.50%    passed     89.80%
 153  I0428_3386_Rallidae_Rallus_longirostris                      2.99%    passed     96.24%
 154  I0429_3677_Grallariidae_Myrmothera_campanisona               3.60%    failed      0.42%
 155  I0430_5336_Tyrannidae_Elaenia_flavogaster                    0.92%    failed      0.00%
 156  I0431_5370_Scolopacidae_Limosa_lapponica                     0.99%    passed     96.74%
 157  I0434_6298_Columbidae_Ptilinopus_magnificus                  0.78%    passed     97.62%
 158  I0436_20224_D_Steatornithidae_Steatornis_caripensis          5.57%    passed     52.62%
 159  I0438_345711_Eurylaimidae_Neodrepanis_coruscans              0.70%    passed     79.42%
 160  I0440_10756_D_Ptilonorhynchidae_Ptilonorhynchus_violaceus    0.48%    failed      0.00%
 161  I0448_52755_Numididae_Numida_malagris                        1.11%    passed     83.44%
 162  I0450_81668_Pandionidae_Pandion_haliaetus                    2.32%    failed      1.63%
 163  I0451_85124_Spheniscidae_Spheniscus_humboldti                0.36%    passed     22.58%
 164  I0452_88784_Tytonidae_Tyto_alba                              2.69%    passed     27.70%
 165  I0453_90121_Struthionidae_Struthio_camelus                   1.27%    failed      0.00%
 166  I0454_77230_Cariamidae_Chunga_burmeisteri                    0.39%    failed      3.60%
 167  I0455_1245_Alaudidae_Calandrella_brachydactyla               1.79%    failed      0.00%
 168  I0456_3321_Paridae_Poecile_lugubris                          0.58%    failed      0.13%
 169  I0457_6346_Paradisaeidae_Lophorina_superba                   2.64%    failed      0.00%
 170  I0459_6323_Eurylaimidae_Calyptomena_viridis                  0.91%    passed     81.83%
 171  I0460_HERP_14722_Crocodylidae_Crocodylus_porosus            11.48%    failed      0.00%
 172  I2824_12230_Ptilonorhynchidae_Sericulus_bakeri               0.48%    failed      0.00%
 173  I2825_21896_Emberizidae_Spizella_arborea                     2.11%    failed      0.00%
 174  I2826_181173_Pycnonotidae_Pycnonotus_macrotis                1.29%    failed      0.00%
 175  I2827_2685_Pedionomidae_Pedionomus_torquatus                 0.42%    passed     36.85%
 176  I2828_3250_Bucerotidae_Bucorvus_leadbeateri                  0.92%    passed     87.89%
 177  I2829_RIFL_Acanthisittidae_Acanthisitta_chloris              1.31%    passed     73.67%
****  TOTAL                                                        1.35%  46 sequences failed composition chi2 test (p-value<5%; df=3)
NOTE: No CharPartition defined, use all CharSets

Loading 15 partitions...
Subset	Type	Seqs	Sites	Infor	Invar	Model	Name
1		177	1536	766	663	TESTMERGE	part1
2		177	1726	747	843	TESTMERGE	part2
3		177	1737	870	716	TESTMERGE	part3
4		177	1276	626	558	TESTMERGE	part4
5		177	1148	679	424	TESTMERGE	part5
6		177	1670	776	824	TESTMERGE	part6
7		177	1261	662	518	TESTMERGE	part7
8		177	1913	552	1203	TESTMERGE	part8
9		177	1364	680	618	TESTMERGE	part9
10		177	1400	674	633	TESTMERGE	part10
11		177	1682	845	677	TESTMERGE	part11
12		177	866	347	459	TESTMERGE	part12
13		177	1200	848	232	TESTMERGE	part13
14		177	849	438	338	TESTMERGE	part14
15		177	1710	811	788	TESTMERGE	part15
Degree of missing data: 0.000
Info: multi-threading strategy over partitions



Create initial parsimony tree by phylogenetic likelihood library (PLL)... 0.694 seconds
NOTE: ModelFinder requires 337 MB RAM!
NUMBER OF THREADS FOR PARTITION FINDING: 8
Testing GTR+F+G on supermatrix...
GTR+F+G4 / LnL: -508458.586 / df: 360 / AIC: 1017637.172 / AICc: 1017649.562 / BIC: 1020505.740
Selecting individual models for 15 charsets using BIC...
 No. Model        Score       Charset
   1 GTR+F+I+G4   68551.137   part1
   2 SYM+I+G4     80360.222   part13
   3 GTR+F+I+G4   63193.244   part2
   4 TVMe+I+G4    87235.374   part3
   5 SYM+I+G4     86107.558   part6
   6 TVM+F+I+G4   86819.089   part11
   7 GTR+F+I+G4   51017.672   part8
   8 TPM3u+F+I+G4 75428.317   part15
   9 TIM2e+I+G4   64280.708   part5
  10 SYM+I+G4     37705.599   part12	0h:7m:33s (2h:31m:56s left)
  11 TPM3+F+I+G4  51628.380   part14	0h:7m:38s (2h:18m:50s left)
  12 TIM2e+I+G4   70271.268   part10	0h:7m:41s (2h:7m:25s left)
  13 GTR+F+I+G4   67654.152   part4	0h:7m:54s (2h:0m:32s left)
  14 TVM+F+I+G4   67805.964   part7	0h:8m:42s (2h:2m:35s left)
  15 TIM2+F+I+G4  71980.254   part9	0h:9m:5s (1h:58m:41s left)
Full partition model BIC score: 1044757.387 (LnL: -495554.147  df:5382)
Merging models to increase model fit (about 211 total partition schemes)...
  16 TVMe+I+G4    1042583.085 part11+part13	0h:18m:47s (3h:49m:0s left)
  17 TVMe+I+G4    1043639.534 part3+part13	0h:20m:27s (3h:53m:25s left)
  18 TIM3e+I+G4   1042442.613 part3+part15	0h:20m:43s (3h:42m:13s left)
  19 TVM+F+I+G4   1042633.265 part13+part15	0h:20m:44s (3h:29m:37s left)
  20 TVMe+I+G4    1043595.402 part3+part11	0h:21m:1s (3h:20m:50s left)
  21 TIM2+F+I+G4  1042835.357 part2+part3	0h:21m:23s (3h:13m:36s left)
  22 SYM+I+G4     1042931.754 part11+part15	0h:21m:46s (3h:7m:4s left)
  23 TVMe+I+G4    1042921.068 part2+part11	0h:22m:30s (3h:4m:2s left)
  24 SYM+I+G4     1042557.783 part2+part13	0h:27m:34s (3h:34m:51s left)
  25 TVMe+I+G4    1042338.689 part1+part13	0h:29m:39s (3h:40m:41s left)
  26 TIM3e+I+G4   1043031.110 part1+part3	0h:32m:3s (3h:48m:6s left)
  27 SYM+I+G4     1042301.556 part3+part6	0h:32m:4s (3h:38m:38s left)
  28 GTR+F+I+G4   1042936.864 part1+part11	0h:32m:33s (3h:32m:46s left)
  29 GTR+F+I+G4   1043041.167 part6+part11	0h:33m:33s (3h:30m:39s left)
  30 SYM+I+G4     1043090.691 part6+part13	0h:39m:0s (3h:55m:23s left)
  31 GTR+F+I+G4   1042546.165 part3+part8	0h:41m:59s (4h:3m:50s left)
  32 TVM+F+I+G4   1042284.700 part1+part15	0h:42m:43s (3h:58m:57s left)
  33 TIM2+F+I+G4  1042093.900 part2+part15	0h:42m:51s (3h:51m:8s left)
  34 TVMe+I+G4    1042422.525 part3+part10	0h:43m:16s (3h:45m:17s left)
  35 TVM+F+I+G4   1042852.686 part8+part11	0h:43m:52s (3h:40m:37s left)
  36 TIM3e+I+G4   1041938.290 part6+part15	0h:44m:28s (3h:36m:9s left)
  37 GTR+F+I+G4   1042629.945 part10+part11	0h:45m:16s (3h:32m:54s left)
  38 TIM2+F+I+G4  1041795.035 part1+part2	0h:49m:49s (3h:46m:50s left)
  39 TIM3e+I+G4   1042559.781 part3+part9	0h:51m:11s (3h:45m:45s left)
  40 GTR+F+I+G4   1043036.178 part8+part13	0h:53m:6s (3h:47m:2s left)
  41 TVMe+I+G4    1042601.664 part3+part7	0h:53m:46s (3h:42m:59s left)
  42 GTR+F+I+G4   1042788.861 part9+part11	0h:55m:10s (3h:42m:1s left)
  43 TVM+F+I+G4   1042688.756 part7+part11	0h:56m:22s (3h:40m:14s left)
  44 TIM2e+I+G4   1042455.343 part2+part6	0h:57m:23s (3h:37m:50s left)
  45 TVMe+I+G4    1043036.299 part3+part5	0h:59m:18s (3h:38m:45s left)
  46 TIM3+F+I+G4  1042047.428 part8+part15	0h:59m:38s (3h:33m:56s left)
  47 GTR+F+I+G4   1042863.531 part5+part11	1h:0m:7s (3h:29m:48s left)
  48 GTR+F+I+G4   1042489.807 part10+part13	1h:1m:46s (3h:29m:48s left)
  49 TVMe+I+G4    1043160.566 part3+part4	1h:2m:44s (3h:27m:24s left)
  50 GTR+F+I+G4   1042739.693 part9+part13	1h:3m:50s (3h:25m:35s left)
  51 TVM+F+I+G4   1042851.405 part4+part11	1h:7m:50s (3h:32m:51s left)
  52 TIM2+F+I+G4  1041919.953 part10+part15	1h:8m:4s (3h:28m:7s left)
  53 TVMe+I+G4    1042712.567 part7+part13	1h:8m:21s (3h:23m:48s left)
  54 SYM+I+G4     1042216.272 part5+part13	1h:10m:53s (3h:26m:6s left)
  55 TIM2+F+I+G4  1041937.106 part2+part8	1h:12m:59s (3h:27m:2s left)
  56 TVMe+I+G4    1042461.468 part7+part15	1h:13m:22s (3h:23m:6s left)
  57 TIM3e+I+G4   1042036.979 part9+part15	1h:13m:51s (3h:19m:34s left)
  58 TIM3e+I+G4   1042611.933 part1+part6	1h:14m:50s (3h:17m:25s left)
  59 SYM+I+G4     1043062.591 part4+part13	1h:16m:11s (3h:16m:16s left)
  60 TVMe+I+G4    1042668.549 part4+part15	1h:17m:12s (3h:14m:18s left)
  61 TIM2+F+I+G4  1041944.324 part2+part5	1h:20m:44s (3h:18m:32s left)
  62 TVM+F+I+G4   1042192.469 part1+part8	1h:21m:23s (3h:15m:36s left)
  63 HKY+F+I+G4   1042263.469 part2+part9	1h:21m:41s (3h:11m:54s left)
  64 TIM2+F+I+G4  1042436.321 part2+part7	1h:21m:44s (3h:7m:45s left)
  65 TIM3e+I+G4   1042317.192 part5+part15	1h:23m:15s (3h:7m:0s left)
  66 SYM+I+G4     1042170.677 part6+part8	1h:24m:48s (3h:6m:18s left)
  67 TIM2+F+I+G4  1042655.929 part2+part4	1h:26m:59s (3h:6m:57s left)
  68 TPM2u+F+I+G4 1041988.375 part2+part10	1h:27m:37s (3h:4m:15s left)
  69 GTR+F+I+G4   1042369.918 part1+part7	1h:31m:0s (3h:7m:17s left)
  70 TNe+I+G4     1042312.052 part1+part9	1h:31m:8s (3h:3m:35s left)
  71 SYM+I+G4     1041978.155 part6+part10	1h:32m:31s (3h:2m:25s left)
  72 GTR+F+I+G4   1041853.625 part1+part5	1h:32m:52s (2h:59m:18s left)
  73 GTR+F+I+G4   1042209.326 part1+part10	1h:33m:36s (2h:56m:58s left)
  74 TIM3e+I+G4   1042085.025 part6+part9	1h:33m:56s (2h:53m:54s left)
  75 SYM+I+G4     1042505.548 part6+part7	1h:35m:8s (2h:52m:31s left)
  76 TVMe+I+G4    1042828.289 part3+part14	1h:35m:33s (2h:49m:44s left)
  77 TVM+F+I+G4   1042281.293 part11+part14	1h:38m:32s (2h:51m:29s left)
  78 TVM+F+I+G4   1042843.208 part1+part4	1h:39m:16s (2h:49m:16s left)
  79 SYM+I+G4     1042671.176 part4+part6	1h:39m:53s (2h:46m:54s left)
  80 GTR+F+I+G4   1042425.162 part13+part14	1h:40m:19s (2h:44m:17s left)
  81 SYM+I+G4     1042602.418 part5+part6	1h:40m:57s (2h:42m:1s left)
  82 GTR+F+I+G4   1042356.041 part7+part8	1h:43m:42s (2h:43m:9s left)
  83 GTR+F+I+G4   1041992.127 part8+part10	1h:44m:19s (2h:40m:52s left)
  84 TPM3+F+I+G4  1042160.623 part8+part9	1h:45m:57s (2h:40m:12s left)
  85 TVM+F+I+G4   1042337.854 part14+part15	1h:46m:0s (2h:37m:8s left)
  86 TVM+F+I+G4   1042432.154 part5+part8	1h:48m:8s (2h:37m:11s left)
  87 TIM3e+I+G4   1041837.311 part9+part10	1h:49m:46s (2h:36m:27s left)
  88 SYM+I+G4     1042274.979 part7+part10	1h:51m:25s (2h:35m:44s left)
  89 GTR+F+I+G4   1042530.381 part3+part12	1h:51m:34s (2h:32m:56s left)
  90 GTR+F+I+G4   1042431.670 part4+part8	1h:51m:52s (2h:30m:24s left)
  91 GTR+F+I+G4   1042288.556 part11+part12	1h:53m:2s (2h:29m:4s left)
  92 TIM3e+I+G4   1042377.562 part5+part9	1h:55m:19s (2h:29m:10s left)
  93 SYM+I+G4     1042367.360 part7+part9	1h:55m:40s (2h:26m:46s left)
  94 GTR+F+I+G4   1042636.373 part2+part14	1h:56m:8s (2h:24m:33s left)
  95 GTR+F+I+G4   1042428.640 part5+part7	1h:56m:42s (2h:22m:30s left)
  96 TIM2+F+I+G4  1042262.712 part5+part10	1h:57m:9s (2h:20m:20s left)
  97 SYM+I+G4     1042387.972 part4+part10	1h:57m:30s (2h:18m:5s left)
  98 TVM+F+I+G4   1042541.445 part4+part9	1h:58m:26s (2h:16m:33s left)
  99 TVMe+I+G4    1042389.120 part12+part13	1h:58m:30s (2h:14m:4s left)
 100 TVM+F+I+G4   1042842.254 part4+part7	1h:59m:4s (2h:12m:10s left)
 101 TIM3e+I+G4   1042260.116 part12+part15	2h:0m:13s (2h:10m:56s left)
 102 TVM+F+I+G4   1042861.843 part4+part5	2h:0m:26s (2h:8m:42s left)
 103 GTR+F+I+G4   1042538.939 part1+part14	2h:0m:56s (2h:6m:48s left)
 104 SYM+I+G4     1042466.473 part6+part14	2h:1m:19s (2h:4m:49s left)
 105 TIM2e+I+G4   1042316.113 part2+part12	2h:1m:33s (2h:2m:42s left)
 106 SYM+I+G4     1042250.586 part1+part12	2h:2m:7s (2h:0m:57s left)
 107 SYM+I+G4     1042330.811 part10+part14	2h:3m:20s (1h:59m:52s left)
 108 GTR+F+I+G4   1042490.248 part8+part14	2h:3m:21s (1h:57m:38s left)
 109 TIM3+F+I+G4  1042531.214 part5+part14	2h:4m:31s (1h:56m:32s left)
 110 SYM+I+G4     1042255.414 part6+part12	2h:4m:39s (1h:54m:27s left)
 111 GTR+F+I+G4   1042452.874 part4+part14	2h:4m:50s (1h:52m:28s left)
 112 SYM+I+G4     1042436.757 part7+part14	2h:5m:23s (1h:50m:50s left)
 113 GTR+F+I+G4   1042235.068 part9+part14	2h:5m:24s (1h:48m:45s left)
 114 TVM+F+I+G4   1042197.949 part8+part12	2h:6m:20s (1h:47m:29s left)
 115 GTR+F+I+G4   1042155.915 part9+part12	2h:6m:32s (1h:45m:37s left)
 116 SYM+I+G4     1042161.032 part10+part12	2h:6m:47s (1h:43m:50s left)
 117 SYM+I+G4     1042150.057 part7+part12	2h:6m:58s (1h:42m:1s left)
 118 TVMe+I+G4    1042311.157 part5+part12	2h:7m:1s (1h:40m:7s left)
 119 GTR+F+I+G4   1042209.179 part12+part14	2h:7m:5s (1h:38m:15s left)
 120 TVM+F+I+G4   1042358.590 part4+part12	2h:7m:16s (1h:36m:30s left)
Merging part1+part2 with BIC score: 1041795.035 (LnL: -495882.207  df: 5019)
 121 TVM+F+I+G4   1039486.046 part1+part2+part12	2h:14m:10s (1h:39m:48s left)
 122 GTR+F+I+G4   1039885.451 part1+part2+part14	2h:16m:48s (1h:39m:47s left)
 123 TVM+F+I+G4   1039685.372 part1+part2+part7	2h:17m:0s (1h:38m:1s left)
 124 TIM2+F+I+G4  1039315.823 part1+part2+part10	2h:17m:31s (1h:36m:29s left)
 125 TIM2+F+I+G4  1039575.253 part1+part2+part9	2h:17m:42s (1h:34m:44s left)
 126 TVM+F+I+G4   1040495.781 part1+part2+part11	2h:18m:1s (1h:33m:6s left)
 127 GTR+F+I+G4   1040228.184 part1+part2+part4	2h:19m:37s (1h:32m:21s left)
 128 TIM2+F+I+G4  1040438.843 part1+part2+part3	2h:21m:5s (1h:31m:29s left)
 129 TVM+F+I+G4   1038946.228 part1+part2+part5	2h:22m:35s (1h:30m:38s left)
 130 GTR+F+I+G4   1039237.071 part1+part2+part8	2h:22m:52s (1h:29m:1s left)
 131 GTR+F+I+G4   1039758.860 part1+part2+part13	2h:23m:18s (1h:27m:31s left)
 132 GTR+F+I+G4   1039423.106 part1+part2+part15	2h:24m:59s (1h:26m:46s left)
 133 TIM3+F+I+G4  1040022.034 part1+part2+part6	2h:25m:23s (1h:25m:16s left)
Merging part9+part10 with BIC score: 1038874.959 (LnL: -496211.469  df: 4660)
 134 SYM+I+G4     1036372.960 part9+part10+part12	2h:33m:51s (1h:28m:24s left)
 135 SYM+I+G4     1036885.658 part4+part9+part10	2h:35m:35s (1h:27m:35s left)
 136 SYM+I+G4     1036876.964 part3+part9+part10	2h:36m:18s (1h:26m:11s left)
 137 GTR+F+I+G4   1037021.077 part9+part10+part13	2h:37m:37s (1h:25m:8s left)
 138 SYM+I+G4     1036612.070 part7+part9+part10	2h:37m:53s (1h:23m:31s left)
 139 GTR+F+I+G4   1037228.482 part9+part10+part11	2h:38m:7s (1h:21m:54s left)
 140 TIM3e+I+G4   1036159.814 part9+part10+part15	2h:38m:16s (1h:20m:15s left)
 141 TVMe+I+G4    1036256.737 part6+part9+part10	2h:43m:9s (1h:20m:59s left)
 142 GTR+F+I+G4   1036333.141 part8+part9+part10	2h:43m:24s (1h:19m:24s left)
 143 TIM2+F+I+G4  1036760.230 part1+part2+part9+part10	2h:43m:39s (1h:17m:49s left)
 144 SYM+I+G4     1036522.757 part9+part10+part14	2h:43m:43s (1h:16m:10s left)
 145 SYM+I+G4     1036548.268 part5+part9+part10	2h:44m:35s (1h:14m:54s left)
Merging part1+part2+part5 with BIC score: 1036026.152 (LnL: -496556.429  df: 4305)
 146 TVM+F+I+G4   1033764.912 part1+part2+part5+part12	2h:53m:50s (1h:17m:23s left)
 147 TVM+F+I+G4   1033984.331 part1+part2+part5+part13	2h:54m:43s (1h:16m:4s left)
 148 TVM+F+I+G4   1034206.231 part1+part2+part5+part14	2h:56m:3s (1h:14m:56s left)
 149 GTR+F+I+G4   1033650.612 part1+part2+part5+part8	2h:56m:16s (1h:13m:20s left)
 150 TVM+F+I+G4   1034958.769 part1+part2+part5+part11	2h:57m:5s (1h:12m:1s left)
 151 TVM+F+I+G4   1034746.616 part1+part2+part4+part5	2h:59m:29s (1h:11m:19s left)
 152 GTR+F+I+G4   1034203.711 part1+part2+part5+part9+part10	3h:2m:30s (1h:10m:50s left)
 153 TVM+F+I+G4   1034002.442 part1+part2+part5+part7	3h:2m:58s (1h:9m:21s left)
 154 TVM+F+I+G4   1035077.430 part1+part2+part3+part5	3h:3m:44s (1h:8m:0s left)
 155 GTR+F+I+G4   1033792.327 part1+part2+part5+part15	3h:5m:0s (1h:6m:50s left)
 156 GTR+F+I+G4   1034585.591 part1+part2+part5+part6	3h:7m:32s (1h:6m:7s left)
Merging part6+part15 with BIC score: 1033207.055 (LnL: -496941.165  df: 3945)
 157 SYM+I+G4     1030978.908 part6+part14+part15	3h:16m:37s (1h:7m:37s left)
 158 SYM+I+G4     1030794.515 part6+part12+part15	3h:16m:48s (1h:6m:0s left)
 159 SYM+I+G4     1031413.243 part4+part6+part15	3h:17m:47s (1h:4m:41s left)
 160 TIM3e+I+G4   1030966.849 part3+part6+part15	3h:19m:32s (1h:3m:36s left)
 161 SYM+I+G4     1031669.976 part6+part13+part15	3h:20m:8s (1h:2m:9s left)
 162 GTR+F+I+G4   1031897.177 part6+part11+part15	3h:20m:9s (1h:0m:32s left)
 163 TIM3e+I+G4   1030642.491 part6+part8+part15	3h:20m:38s (0h:59m:5s left)
 164 SYM+I+G4     1031114.612 part6+part7+part15	3h:23m:42s (0h:58m:22s left)
 165 TVMe+I+G4    1030620.040 part6+part9+part10+part15	3h:25m:30s (0h:57m:17s left)
 166 GTR+F+I+G4   1031806.802 part1+part2+part5+part6+part15	3h:26m:7s (0h:55m:52s left)
Merging part7+part12 with BIC score: 1030599.726 (LnL: -497431.784  df: 3585)
 167 SYM+I+G4     1028229.440 part7+part12+part14	3h:30m:50s (0h:55m:33s left)
 168 SYM+I+G4     1028579.386 part7+part12+part13	3h:30m:59s (0h:54m:0s left)
 169 TVM+F+I+G4   1028695.403 part4+part7+part12	3h:31m:55s (0h:52m:40s left)
 170 TVM+F+I+G4   1028184.036 part7+part8+part12	3h:32m:3s (0h:51m:8s left)
 171 GTR+F+I+G4   1028539.771 part7+part11+part12	3h:32m:20s (0h:49m:40s left)
 172 SYM+I+G4     1028625.986 part3+part7+part12	3h:32m:51s (0h:48m:15s left)
 173 TVM+F+I+G4   1028731.490 part1+part2+part5+part7+part12	3h:34m:26s (0h:47m:6s left)
 174 SYM+I+G4     1028356.535 part7+part9+part10+part12	3h:35m:25s (0h:45m:48s left)
 175 SYM+I+G4     1028583.236 part6+part7+part12+part15	3h:36m:21s (0h:44m:30s left)
Merging part6+part9+part10+part15 with BIC score: 1028012.710 (LnL: -497907.640  df: 3230)
 176 TVMe+I+G4    1026330.457 part4+part6+part9+part10+part15	3h:53m:23s (0h:46m:24s left)
 177 TVMe+I+G4    1025769.570 part6+part9+part10+part14+part15	3h:53m:23s (0h:44m:49s left)
 178 TVMe+I+G4    1025985.837 part3+part6+part9+part10+part15	3h:54m:39s (0h:43m:30s left)
 179 TVMe+I+G4    1025471.385 part6+part8+part9+part10+part15	3h:54m:44s (0h:41m:57s left)
 180 TVMe+I+G4    1026517.292 part6+part9+part10+part13+part15	3h:55m:15s (0h:40m:31s left)
 181 TVMe+I+G4    1026814.109 part6+part9+part10+part11+part15	3h:55m:40s (0h:39m:3s left)
 182 TVMe+I+G4    1026045.559 part6+part7+part9+part10+part12+part15	3h:55m:58s (0h:37m:35s left)
 183 TVM+F+I+G4   1026728.770 part1+part2+part5+part6+part9+part10+part15	4h:0m:9s (0h:36m:44s left)
Merging part6+part8+part9+part10+part15 with BIC score: 1025471.385 (LnL: -498436.245  df: 2869)
 184 TVMe+I+G4    1023255.885 part6+part8+part9+part10+part14+part15	4h:18m:36s (0h:37m:56s left)
 185 TVMe+I+G4    1023839.369 part4+part6+part8+part9+part10+part15	4h:19m:45s (0h:36m:30s left)
 186 TVMe+I+G4    1023500.421 part3+part6+part8+part9+part10+part15	4h:20m:39s (0h:35m:2s left)
 187 TVMe+I+G4    1024341.583 part6+part8+part9+part10+part11+part15	4h:21m:19s (0h:33m:32s left)
 188 TVMe+I+G4    1024110.495 part6+part8+part9+part10+part13+part15	4h:21m:24s (0h:31m:58s left)
 189 SYM+I+G4     1023533.938 part6+part7+part8+part9+part10+part12+part15	4h:22m:7s (0h:30m:30s left)
 190 TVM+F+I+G4   1024092.920 part1+part2+part5+part6+part8+part9+part10+part15	4h:27m:13s (0h:29m:32s left)
Merging part11+part14 with BIC score: 1022995.292 (LnL: -498982.515  df: 2511)
 191 TVM+F+I+G4   1021089.787 part4+part11+part14	4h:32m:34s (0h:28m:32s left)
 192 GTR+F+I+G4   1020812.433 part11+part13+part14	4h:32m:52s (0h:27m:0s left)
 193 TVMe+I+G4    1021940.432 part3+part11+part14	4h:33m:28s (0h:25m:30s left)
 194 GTR+F+I+G4   1020909.463 part7+part11+part12+part14	4h:33m:43s (0h:23m:59s left)
 195 TVM+F+I+G4   1022125.405 part1+part2+part5+part11+part14	4h:36m:21s (0h:22m:40s left)
 196 TVMe+I+G4    1021970.499 part6+part8+part9+part10+part11+part14+part15	4h:39m:53s (0h:21m:25s left)
Merging part11+part13+part14 with BIC score: 1020812.433 (LnL: -499670.417  df: 2154)
 197 TVM+F+I+G4   1019138.981 part4+part11+part13+part14	4h:46m:51s (0h:20m:23s left)
 198 GTR+F+I+G4   1018805.156 part7+part11+part12+part13+part14	4h:47m:41s (0h:18m:53s left)
 199 TVMe+I+G4    1019991.560 part3+part11+part13+part14	4h:48m:2s (0h:17m:22s left)
 200 TVM+F+I+G4   1019767.511 part1+part2+part5+part11+part13+part14	4h:50m:27s (0h:15m:58s left)
 201 TVMe+I+G4    1020218.397 part6+part8+part9+part10+part11+part13+part14+part15	4h:55m:4s (0h:14m:40s left)
Merging part7+part11+part12+part13+part14 with BIC score: 1018805.156 (LnL: -500451.094  df: 1796)
 202 SYM+I+G4     1017135.682 part4+part7+part11+part12+part13+part14	5h:3m:21s (0h:13m:30s left)
 203 TVMe+I+G4    1017661.526 part3+part7+part11+part12+part13+part14	5h:4m:49s (0h:12m:0s left)
 204 TVM+F+I+G4   1017611.247 part1+part2+part5+part7+part11+part12+part13+part14	5h:7m:35s (0h:10m:33s left)
 205 TVMe+I+G4    1018031.089 part6+part7+part8+part9+part10+part11+part12+part13+part14+part15	5h:13m:16s (0h:9m:10s left)
Merging part3+part6+part8+part9+part10+part15 with BIC score: 1016834.192 (LnL: -501244.944  df: 1439)
 206 TVMe+I+G4    1015318.354 part3+part4+part6+part8+part9+part10+part15	5h:25m:32s (0h:7m:54s left)
 207 TVM+F+I+G4   1015743.747 part1+part2+part3+part5+part6+part8+part9+part10+part15	5h:32m:20s (0h:6m:25s left)
 208 TVMe+I+G4    1016363.227 part3+part6+part7+part8+part9+part10+part11+part12+part13+part14+part15	5h:32m:52s (0h:4m:48s left)
Merging part4+part7+part11+part12+part13+part14 with BIC score: 1015164.718 (LnL: -502224.428  df: 1075)
 209 TVM+F+I+G4   1014093.312 part1+part2+part4+part5+part7+part11+part12+part13+part14	5h:45m:0s (0h:3m:18s left)
 210 SYM+I+G4     1014722.875 part3+part4+part6+part7+part8+part9+part10+part11+part12+part13+part14+part15	5h:51m:6s (0h:1m:40s left)
Merging part1+part2+part3+part5+part6+part8+part9+part10+part15 with BIC score: 1014074.273 (LnL: -503458.536  df: 718)
 211 TVM+F+I+G4   1013556.302 part1+part2+part3+part4+part5+part6+part7+part8+part9+part10+part11+part12+part13+part14+part15	6h:14m:14s (0h:0m:0s left)
Merging part1+part2+part3+part4+part5+part6+part7+part8+part9+part10+part11+part12+part13+part14+part15 with BIC score: 1013556.302 (LnL: -504983.867  df: 360)
BEST-FIT PARTITION MODEL: 
  charpartition BIC = TVM+F+I+G4: part1 part2 part3 part4 part5 part6 part7 part8 part9 part10 part11 part12 part13 part14 part15;
Agglomerative model selection: ((((part1,part2)1:1.0418e+06,part5)3:1.03603e+06,(part3,(((part6,part15)4:1.03321e+06,(part9,part10)2:1.03887e+06)6:1.02801e+06,part8)7:1.02547e+06)11:1.01683e+06)13:1.01407e+06,(part4,((part7,part12)5:1.0306e+06,((part11,part14)8:1.023e+06,part13)9:1.02081e+06)10:1.01881e+06)12:1.01516e+06)14:1.01356e+06
Merging into 1 partitions...
Partition information was printed to 6_set5.best_scheme.nex
Partition information in Raxml format was printed to 6_set5.best_scheme

All model information printed to 6_set5.model.gz
CPU time for ModelFinder: 96181.329 seconds (26h:43m:1s)
Wall-clock time for ModelFinder: 22456.261 seconds (6h:14m:16s)
Generating 1000 samples for ultrafast bootstrap (seed: 739057)...

NOTE: 325 MB RAM (0 GB) is required!
Measuring multi-threading efficiency up to 8 CPU cores
10 trees examined
Threads: 1 / Time: 8.073 sec / Speedup: 1.000 / Efficiency: 100% / LogL: -794369
Threads: 2 / Time: 4.172 sec / Speedup: 1.935 / Efficiency: 97% / LogL: -794369
Threads: 3 / Time: 2.982 sec / Speedup: 2.708 / Efficiency: 90% / LogL: -794369
Threads: 4 / Time: 2.481 sec / Speedup: 3.254 / Efficiency: 81% / LogL: -794369
Threads: 5 / Time: 2.836 sec / Speedup: 2.847 / Efficiency: 57% / LogL: -794369
BEST NUMBER OF THREADS: 4

Estimate model parameters (epsilon = 0.100)
Optimizing TVM+F+I+G4 parameters for partition part1+part2+part3+part4+part5+part6+part7+part8+part9+part10+part11+part12+part13+part14+part15 (360 free parameters)
Optimal log-likelihood: -504983.866
Computing ML distances based on estimated model parameters... 4.786 sec
Computing BIONJ tree...
0.029 seconds
Log-likelihood of BIONJ tree: -505440.044
--------------------------------------------------------------------
|             INITIALIZING CANDIDATE TREE SET                      |
--------------------------------------------------------------------
Generating 98 parsimony trees... 35.888 second
Computing log-likelihood of 98 initial trees ... 38.585 seconds
Current best score: -504983.866

Do NNI search on 20 best initial trees
Estimate model parameters (epsilon = 0.100)
BETTER TREE FOUND at iteration 1: -504775.597
Estimate model parameters (epsilon = 0.100)
BETTER TREE FOUND at iteration 3: -504747.596
Estimate model parameters (epsilon = 0.100)
BETTER TREE FOUND at iteration 4: -504733.052
Estimate model parameters (epsilon = 0.100)
BETTER TREE FOUND at iteration 6: -504724.553
Iteration 10 / LogL: -504829.840 / Time: 0h:5m:38s
Iteration 20 / LogL: -504989.821 / Time: 0h:6m:19s
Finish initializing candidate tree set (20)
Current best tree score: -504724.553 / CPU time: 167.884
Number of iterations: 20
--------------------------------------------------------------------
|               OPTIMIZING CANDIDATE TREE SET                      |
--------------------------------------------------------------------
Estimate model parameters (epsilon = 0.100)
BETTER TREE FOUND at iteration 22: -504717.411
Estimate model parameters (epsilon = 0.100)
BETTER TREE FOUND at iteration 23: -504712.147
Iteration 30 / LogL: -504726.593 / Time: 0h:7m:2s (0h:22m:35s left)
Estimate model parameters (epsilon = 0.100)
BETTER TREE FOUND at iteration 37: -504704.308
Iteration 40 / LogL: -504717.817 / Time: 0h:7m:43s (0h:19m:13s left)
Estimate model parameters (epsilon = 0.100)
BETTER TREE FOUND at iteration 48: -504703.063
Iteration 50 / LogL: -504704.587 / Time: 0h:8m:25s (0h:16m:50s left)
Log-likelihood cutoff on original alignment: -504839.426
Iteration 60 / LogL: -504724.630 / Time: 0h:9m:4s (0h:13m:32s left)
Iteration 70 / LogL: -504708.269 / Time: 0h:9m:43s (0h:10m:59s left)
Iteration 80 / LogL: -504712.256 / Time: 0h:10m:23s (0h:8m:56s left)
Iteration 90 / LogL: -504703.128 / Time: 0h:11m:1s (0h:7m:11s left)
Iteration 100 / LogL: -504705.525 / Time: 0h:11m:39s (0h:5m:39s left)
Log-likelihood cutoff on original alignment: -504839.426
NOTE: Bootstrap correlation coefficient of split occurrence frequencies: 0.999
Iteration 110 / LogL: -504703.775 / Time: 0h:12m:18s (0h:10m:9s left)
Iteration 120 / LogL: -504704.559 / Time: 0h:12m:57s (0h:8m:42s left)
Iteration 130 / LogL: -504720.318 / Time: 0h:13m:34s (0h:7m:22s left)
Iteration 140 / LogL: -504712.767 / Time: 0h:14m:16s (0h:6m:9s left)
TREE SEARCH COMPLETED AFTER 149 ITERATIONS / Time: 0h:14m:52s

--------------------------------------------------------------------
|                    FINALIZING TREE SEARCH                        |
--------------------------------------------------------------------
Performs final model parameters optimization
Estimate model parameters (epsilon = 0.010)
Optimizing TVM+F+I+G4 parameters for partition part1+part2+part3+part4+part5+part6+part7+part8+part9+part10+part11+part12+part13+part14+part15 (360 free parameters)
Optimal log-likelihood: -504703.035
BEST SCORE FOUND : -504703.035
Creating bootstrap support values...
Split supports printed to NEXUS file 6_set5.splits.nex
Total tree length: 8.229

Total number of iterations: 149
CPU time used for tree search: 2651.410 sec (0h:44m:11s)
Wall-clock time used for tree search: 680.866 sec (0h:11m:20s)
Total CPU time used: 3466.834 sec (0h:57m:46s)
Total wall-clock time used: 895.953 sec (0h:14m:55s)

Computing bootstrap consensus tree...
Reading input file 6_set5.splits.nex...
177 taxa and 679 splits.
Consensus tree written to 6_set5.contree
Reading input trees file 6_set5.contree
Log-likelihood of consensus tree: -504703.034

Analysis results written to: 
  IQ-TREE report:                6_set5.iqtree
  Maximum-likelihood tree:       6_set5.treefile
  Likelihood distances:          6_set5.mldist
  Best partitioning scheme:      6_set5.best_scheme.nex
           in RAxML format:      6_set5.best_scheme

Ultrafast bootstrap approximation results written to:
  Split support values:          6_set5.splits.nex
  Consensus tree:                6_set5.contree
  Screen log file:               6_set5.log

Date and Time: Tue Sep 11 09:03:12 2018
