IQ-TREE multicore version 1.6.7 for Mac OS X 64-bit built Aug 23 2018
Developed by Bui Quang Minh, Nguyen Lam Tung, Olga Chernomor,
Heiko Schmidt, Dominik Schrempf, Michael Woodhams.

Host:    meeps-mac-pro.staff.sydney.edu.au (AVX, 64 GB RAM)
Command: /Users/davidduchene/Desktop/Software/iqtree-1.6.7-MacOSX/bin/iqtree -s ../../../../marsupials/set57.fasta -m TESTMERGE -bb 1000 -sp ../../../../marsupials/set57.nex -nt AUTO -pre 6_set57
Seed:    709893 (Using SPRNG - Scalable Parallel Random Number Generator)
Time:    Fri Sep  7 00:10:50 2018
Kernel:  AVX - auto-detect threads (8 CPU cores detected)

Reading partition model file ../../../../marsupials/set57.nex ...
Reading alignment file ../../../../marsupials/set57.fasta ... Fasta format detected
Alignment most likely contains DNA/RNA sequences
Alignment has 35 sequences with 2550 columns, 1045 distinct patterns
616 parsimony-informative, 463 singleton sites, 1471 constant sites
                                              Gap/Ambiguity  Composition  p-value
   1  Burramyidae_Burramys_parvus                     0.04%    passed     99.98%
   2  Notoryctidae_Notoryctes_typhlops               11.53%    passed     50.77%
   3  Vombatidae_Lasiorhinus_latifrons                0.27%    passed     95.16%
   4  Potoroidae_Bettongia_penicillata                0.39%    passed     99.57%
   5  Potoroidae_Bettongia_lesueur                    1.57%    passed     92.07%
   6  Dasyuridae_Dasyurus_maculatus                   0.31%    passed     99.62%
   7  Phalangeridae_Trichosurus_vulpecula             0.20%    passed     91.72%
   8  Phalangeridae_Spilocuscus_maculatus             1.88%    passed     97.05%
   9  Potoroidae_Aepyprymnus_rufescens                0.16%    passed     98.71%
  10  Peramelidae_Perameles_nasuta                    1.22%    passed     99.81%
  11  Phalangeridae_Strigocuscus_pelengensis         10.24%    passed     99.63%
  12  Dasyuridae_Phascogale_tapoatafa                 0.20%    passed     96.69%
  13  Dasyuridae_Sminthopsis_macroura                 0.08%    passed     95.65%
  14  Phalangeridae_Phalanger_orientalis              0.59%    passed     99.07%
  15  Acrobatidae_Acrobates_pygmaeus                  0.12%    passed     91.30%
  16  Dasyuridae_Phascogale_calura                    0.12%    passed     97.48%
  17  Dasyuridae_Sarcophilus_harrisii                 0.16%    passed     98.92%
  18  Dasyuridae_Planigale_tenuirostris              39.37%    failed      1.03%
  19  Peramelidae_Echymipera_kalubu                   0.04%    passed     96.75%
  20  Macropodidae_Dorcopsulus_vanheurni              0.90%    passed     98.27%
  21  Pseudochiridae_Pseudochirulus_forbesi           0.43%    passed     95.97%
  22  Didelphidae_Didelphis_virginiana                4.27%    passed     96.84%
  23  Marmosidae_Monodelphis_domestica                0.59%    passed     96.56%
  24  Dasyuridae_Antechinus_stuartii                  0.39%    passed     99.45%
  25  Hypsiprymnodontidae_Hypsiprymnodon_moschatus    0.98%    passed     84.87%
  26  Microbiotheriidae_Dromiciops_gliroides          1.88%    passed     85.72%
  27  Pseudochiridae_Petauroides_volans               9.25%    passed     89.16%
  28  Macropodidae_Wallabia_bicolor                   3.84%    passed     92.12%
  29  Pseudochiridae_Pseudocheirus_occidentalis       0.86%    passed     92.47%
  30  Tarsipedidae_Tarsipes_rostratus                 1.49%    passed     94.12%
  31  Acrobatidae_Distoechurus_pennatus               0.55%    passed     96.99%
  32  Phalangeridae_Phalanger_carmelitae              0.35%    passed     90.30%
  33  Peramelidae_Peroryctes_raffrayana               1.22%    passed     86.31%
  34  Dasyuridae_Dasyurus_geffroii                    0.08%    passed     99.23%
  35  Peramelidae_Perameles_gunnii                    0.27%    passed     97.45%
****  TOTAL                                           2.74%  1 sequences failed composition chi2 test (p-value<5%; df=3)
NOTE: No CharPartition defined, use all CharSets

Loading 15 partitions...
Subset	Type	Seqs	Sites	Infor	Invar	Model	Name
1		34	94	24	54	TESTMERGE	part1.1
2		34	94	19	66	TESTMERGE	part1.2
3		34	94	53	22	TESTMERGE	part1.3
4		35	251	28	186	TESTMERGE	part2.1
5		35	251	11	225	TESTMERGE	part2.2
6		35	251	121	67	TESTMERGE	part2.3
7		35	183	33	123	TESTMERGE	part3.1
8		35	183	15	148	TESTMERGE	part3.2
9		35	183	86	58	TESTMERGE	part3.3
10		35	102	19	58	TESTMERGE	part4.1
11		35	102	11	66	TESTMERGE	part4.2
12		35	102	41	31	TESTMERGE	part4.3
13		34	220	31	145	TESTMERGE	part5.1
14		34	220	43	147	TESTMERGE	part5.2
15		34	220	81	75	TESTMERGE	part5.3
Degree of missing data: 0.011
Info: multi-threading strategy over partitions



Create initial parsimony tree by phylogenetic likelihood library (PLL)... 0.010 seconds
NOTE: ModelFinder requires 11 MB RAM!
NUMBER OF THREADS FOR PARTITION FINDING: 8
Testing GTR+F+G on supermatrix...
GTR+F+G4 / LnL: -14732.657 / df: 76 / AIC: 29617.314 / AICc: 29622.047 / BIC: 30061.447
Selecting individual models for 15 charsets using BIC...
 No. Model        Score       Charset
   1 K2P+G4       2041.509    part3.1
   2 K2P+G4       3542.820    part5.3
   3 K2P+G4       2291.808    part5.2
   4 K2P+G4       2369.309    part5.1
   5 K3Pu+F+G4    2078.101    part1.3
   6 TIM2+F+G4    3407.699    part3.3
   7 TPM3+F+G4    1926.034    part4.3
   8 K2P+G4       4844.498    part2.3
   9 TPM2u+F+G4   2225.952    part2.1
  10 K2P          1196.039    part4.1	0h:0m:16s (0h:5m:34s left)
  11 TNe+G4       1126.017    part1.2	0h:0m:18s (0h:5m:32s left)
  12 K3Pu+F+G4    1334.112    part1.1	0h:0m:18s (0h:5m:3s left)
  13 TN+F+G4      1415.883    part3.2	0h:0m:18s (0h:4m:39s left)
  14 TNe+I        1528.957    part2.2	0h:0m:18s (0h:4m:18s left)
  15 K2P+G4       1126.697    part4.2	0h:0m:18s (0h:4m:6s left)
Full partition model BIC score: 35377.532 (LnL: -13574.667  df:1049)
Merging models to increase model fit (about 211 total partition schemes)...
  16 K2P+G4       34975.569   part5.2+part5.3	0h:0m:26s (0h:5m:20s left)
  17 TPM2+F+G4    34944.259   part3.3+part5.3	0h:0m:29s (0h:5m:41s left)
  18 K2P+G4       34974.016   part5.1+part5.3	0h:0m:30s (0h:5m:30s left)
  19 K2P+G4       34968.407   part2.3+part4.3	0h:0m:30s (0h:5m:11s left)
  20 K2P+G4       35069.564   part2.3+part5.2	0h:0m:30s (0h:4m:55s left)
  21 K2P+G4       35069.007   part2.3+part5.1	0h:0m:33s (0h:4m:59s left)
  22 K2P+G4       34931.058   part2.3+part3.3	0h:0m:33s (0h:4m:50s left)
  23 K2P+G4       34969.311   part2.3+part5.3	0h:0m:35s (0h:4m:51s left)
  24 K3P+G4       34970.526   part1.3+part2.3	0h:0m:41s (0h:5m:23s left)
  25 K2P+G4       34988.350   part2.3+part3.1	0h:0m:42s (0h:5m:13s left)
  26 K2P+G4       35047.298   part2.3+part4.1	0h:0m:44s (0h:5m:13s left)
  27 K3P+G4       34968.154   part1.3+part5.3	0h:0m:44s (0h:5m:2s left)
  28 K2P+G4       35084.289   part2.3+part4.2	0h:0m:47s (0h:5m:8s left)
  29 TIM2e+G4     34981.157   part4.3+part5.3	0h:0m:47s (0h:4m:56s left)
  30 TPM2+F+G4    35059.830   part2.1+part2.3	0h:0m:48s (0h:4m:50s left)
  31 TNe+G4       35049.252   part3.3+part5.1	0h:0m:50s (0h:4m:55s left)
  32 K2P+G4       34979.867   part3.1+part5.3	0h:0m:53s (0h:5m:1s left)
  33 TIM2e+G4     35026.679   part4.1+part5.3	0h:0m:54s (0h:4m:56s left)
  34 K2P+G4       35017.788   part3.3+part5.2	0h:0m:55s (0h:4m:48s left)
  35 K2P+G4       34976.819   part1.1+part2.3	0h:0m:57s (0h:4m:47s left)
  36 TIM2+F+G4    35024.139   part2.1+part5.3	0h:0m:57s (0h:4m:39s left)
  37 K2P+G4       35146.963   part2.2+part2.3	0h:0m:59s (0h:4m:40s left)
  38 TN+F+G4      35047.134   part2.3+part3.2	0h:0m:59s (0h:4m:32s left)
  39 K2P+G4       35043.031   part4.2+part5.3	0h:1m:2s (0h:4m:35s left)
  40 K2P+G4       34942.407   part1.1+part5.3	0h:1m:9s (0h:4m:58s left)
  41 HKY+F+G4     34915.735   part5.1+part5.2	0h:1m:10s (0h:4m:52s left)
  42 K2P+G4       34992.959   part1.2+part2.3	0h:1m:10s (0h:4m:43s left)
  43 K2P+G4       34959.817   part3.3+part4.3	0h:1m:12s (0h:4m:43s left)
  44 TIM2e+G4     35097.386   part2.2+part5.3	0h:1m:15s (0h:4m:45s left)
  45 TIM2+F+G4    35016.453   part3.2+part5.3	0h:1m:15s (0h:4m:39s left)
  46 K2P+G4       34960.743   part3.1+part3.3	0h:1m:16s (0h:4m:34s left)
  47 TIM2+F+G4    34923.620   part1.3+part3.3	0h:1m:18s (0h:4m:33s left)
  48 K2P+G4       34952.886   part1.2+part5.3	0h:1m:20s (0h:4m:34s left)
  49 TPM2+F+G4    35035.760   part3.3+part4.1	0h:1m:21s (0h:4m:29s left)
  50 K2P+G4       35021.346   part4.3+part5.1	0h:1m:24s (0h:4m:30s left)
  51 TPM2+F+G4    34952.738   part2.1+part3.3	0h:1m:26s (0h:4m:31s left)
  52 K2P+G4       35054.295   part3.3+part4.2	0h:1m:30s (0h:4m:35s left)
  53 K2P+G4       35013.083   part4.3+part5.2	0h:1m:30s (0h:4m:29s left)
  54 K3P+G4       35036.000   part1.3+part5.1	0h:1m:30s (0h:4m:24s left)
  55 K3P+G4       35031.216   part1.3+part5.2	0h:1m:32s (0h:4m:22s left)
  56 K2P+G4       34948.850   part3.1+part5.1	0h:1m:34s (0h:4m:22s left)
  57 TPM2+F+G4    34951.954   part1.1+part3.3	0h:1m:35s (0h:4m:17s left)
  58 K2P+G4       34952.154   part3.1+part5.2	0h:1m:39s (0h:4m:21s left)
  59 TN+F+G4      35007.937   part3.2+part3.3	0h:1m:39s (0h:4m:15s left)
  60 TIM2+F+G4    35063.771   part2.2+part3.3	0h:1m:43s (0h:4m:20s left)
  61 K2P+G4       34976.026   part4.1+part5.1	0h:1m:45s (0h:4m:20s left)
  62 K2P+G4       34993.774   part2.1+part5.2	0h:1m:46s (0h:4m:14s left)
  63 K2P+G4       34989.295   part2.1+part5.1	0h:1m:46s (0h:4m:10s left)
  64 K2P+G4       34991.140   part4.1+part5.2	0h:1m:48s (0h:4m:8s left)
  65 K2P+G4       34958.049   part1.2+part3.3	0h:1m:51s (0h:4m:10s left)
  66 K2P+G4       34991.717   part4.2+part5.1	0h:1m:51s (0h:4m:6s left)
  67 HKY+F+G4     34993.034   part4.2+part5.2	0h:1m:53s (0h:4m:4s left)
  68 K3P+G4       34979.200   part1.3+part4.3	0h:1m:55s (0h:4m:2s left)
  69 K3P+G4       34947.526   part1.1+part5.2	0h:1m:57s (0h:4m:1s left)
  70 K2P+G4       34977.972   part3.1+part4.3	0h:1m:58s (0h:3m:58s left)
  71 K3P+G4       34934.511   part1.1+part5.1	0h:1m:58s (0h:3m:54s left)
  72 TPM2+F+G4    35027.503   part2.1+part4.3	0h:2m:0s (0h:3m:51s left)
  73 K2P+G4       34962.102   part3.2+part5.1	0h:2m:2s (0h:3m:51s left)
  74 TN+F+G4      34969.306   part3.2+part5.2	0h:2m:3s (0h:3m:49s left)
  75 K3P+G4       34997.428   part1.3+part3.1	0h:2m:6s (0h:3m:48s left)
  76 K2P+G4       34924.706   part4.1+part4.3	0h:2m:8s (0h:3m:49s left)
  77 TNe+G4       34964.386   part2.2+part5.2	0h:2m:10s (0h:3m:46s left)
  78 K2P+I+G4     34982.226   part2.2+part5.1	0h:2m:10s (0h:3m:41s left)
  79 K2P+G4       34936.452   part1.2+part5.1	0h:2m:10s (0h:3m:37s left)
  80 TIM+F+G4     35009.880   part1.3+part2.1	0h:2m:13s (0h:3m:38s left)
  81 TNe+G4       34928.351   part1.2+part5.2	0h:2m:15s (0h:3m:37s left)
  82 TPM3+F+G4    34942.536   part4.2+part4.3	0h:2m:16s (0h:3m:34s left)
  83 K3P+G4       35068.178   part1.3+part4.1	0h:2m:16s (0h:3m:30s left)
  84 TPM2u+F+G4   34925.624   part2.1+part3.1	0h:2m:16s (0h:3m:26s left)
  85 K2P+G4       34966.993   part3.1+part4.1	0h:2m:17s (0h:3m:23s left)
  86 K3P+G4       35077.607   part1.3+part4.2	0h:2m:19s (0h:3m:22s left)
  87 TPM2u+F+G4   34980.905   part2.1+part4.1	0h:2m:22s (0h:3m:23s left)
  88 K2P+G4       34964.180   part1.1+part4.3	0h:2m:23s (0h:3m:20s left)
  89 K2P+G4       34990.348   part3.1+part4.2	0h:2m:27s (0h:3m:22s left)
  90 TPM2+F+G4    35030.502   part2.1+part4.2	0h:2m:28s (0h:3m:19s left)
  91 TIM3+F+G4    34971.734   part3.2+part4.3	0h:2m:30s (0h:3m:18s left)
  92 K2P+G4       35035.948   part2.2+part4.3	0h:2m:31s (0h:3m:15s left)
  93 K3Pu+F+G4    34937.652   part1.1+part1.3	0h:2m:31s (0h:3m:12s left)
  94 K2P+G4       34881.979   part4.1+part4.2	0h:2m:32s (0h:3m:10s left)
  95 TIMe+G4      35041.626   part1.3+part3.2	0h:2m:34s (0h:3m:8s left)
  96 K3P+G4       34935.898   part1.1+part3.1	0h:2m:38s (0h:3m:9s left)
  97 K2P+G4       34961.445   part1.2+part4.3	0h:2m:40s (0h:3m:9s left)
  98 TN+F+G4      34921.501   part2.1+part3.2	0h:2m:43s (0h:3m:8s left)
  99 K3Pu+F+G4    34940.000   part1.1+part2.1	0h:2m:45s (0h:3m:6s left)
 100 TIMe+G4      34949.229   part1.2+part1.3	0h:2m:45s (0h:3m:3s left)
 101 K2P+G4       34946.825   part2.2+part3.1	0h:2m:47s (0h:3m:2s left)
 102 HKY+F+G4     34912.599   part3.1+part3.2	0h:2m:47s (0h:2m:58s left)
 103 TIM+F+I+G4   35065.777   part1.3+part2.2	0h:2m:47s (0h:2m:55s left)
 104 K2P+G4       34968.543   part1.1+part4.1	0h:2m:51s (0h:2m:56s left)
 105 TIM3+F+G4    34945.644   part3.2+part4.1	0h:2m:52s (0h:2m:54s left)
 106 TIM2+F+G4    34948.229   part2.1+part2.2	0h:2m:53s (0h:2m:52s left)
 107 K2P+G4       34927.805   part1.2+part3.1	0h:2m:54s (0h:2m:49s left)
 108 TN+F+G4      34957.961   part1.2+part2.1	0h:2m:55s (0h:2m:47s left)
 109 K2P+G4       34973.639   part2.2+part4.1	0h:2m:56s (0h:2m:44s left)
 110 K2P+G4       34971.007   part1.1+part4.2	0h:2m:56s (0h:2m:42s left)
 111 TIM3+F+G4    34963.410   part3.2+part4.2	0h:2m:59s (0h:2m:41s left)
 112 K2P+G4       34958.493   part1.2+part4.1	0h:3m:1s (0h:2m:40s left)
 113 K2P+G4       34949.774   part1.1+part3.2	0h:3m:4s (0h:2m:39s left)
 114 TN+F+G4      34884.393   part2.2+part3.2	0h:3m:5s (0h:2m:37s left)
 115 TNe+I+G4     34969.948   part2.2+part4.2	0h:3m:5s (0h:2m:34s left)
 116 K2P+G4       34896.496   part1.1+part1.2	0h:3m:7s (0h:2m:33s left)
 117 K2P+G4       34958.123   part1.2+part4.2	0h:3m:8s (0h:2m:31s left)
 118 TIM+F+G4     34962.388   part1.1+part2.2	0h:3m:9s (0h:2m:29s left)
 119 TN+F+G4      34918.372   part1.2+part3.2	0h:3m:10s (0h:2m:26s left)
 120 TNe+G4       34919.972   part1.2+part2.2	0h:3m:10s (0h:2m:24s left)
Merging part4.1+part4.2 with BIC score: 34881.979 (LnL: -13593.582  df: 981)
 121 K2P+G4       34558.088   part2.1+part4.1+part4.2	0h:3m:17s (0h:2m:26s left)
 122 K2P+G4       34519.870   part3.1+part4.1+part4.2	0h:3m:17s (0h:2m:24s left)
 123 K3P+G4       34655.549   part1.3+part4.1+part4.2	0h:3m:18s (0h:2m:22s left)
 124 K2P+G4       34530.314   part4.1+part4.2+part5.1	0h:3m:19s (0h:2m:19s left)
 125 K2P+G4       34611.444   part4.1+part4.2+part5.3	0h:3m:20s (0h:2m:17s left)
 126 TNe+G4       34540.314   part4.1+part4.2+part5.2	0h:3m:20s (0h:2m:15s left)
 127 K2P+G4       34638.213   part3.3+part4.1+part4.2	0h:3m:22s (0h:2m:14s left)
 128 K2P+G4       34681.880   part2.3+part4.1+part4.2	0h:3m:23s (0h:2m:12s left)
 129 K2P+G4       34501.717   part1.1+part4.1+part4.2	0h:3m:27s (0h:2m:11s left)
 130 TIM3+F+G4    34480.191   part3.2+part4.1+part4.2	0h:3m:27s (0h:2m:9s left)
 131 TNe+G4       34508.279   part2.2+part4.1+part4.2	0h:3m:28s (0h:2m:7s left)
 132 TIM3e+G4     34485.160   part1.2+part4.1+part4.2	0h:3m:28s (0h:2m:5s left)
 133 K2P+G4       34463.974   part4.1+part4.2+part4.3	0h:3m:28s (0h:2m:2s left)
Merging part2.2+part3.2 with BIC score: 34388.840 (LnL: -13621.547  df: 911)
 134 TN+F+G4      33966.437   part2.1+part2.2+part3.2	0h:3m:36s (0h:2m:4s left)
 135 TN+F+G4      33976.003   part2.2+part3.1+part3.2	0h:3m:37s (0h:2m:2s left)
 136 TN+F+I+G4    34076.705   part2.2+part3.2+part4.3	0h:3m:38s (0h:2m:0s left)
 137 TIM3+F+G4    34067.853   part2.2+part3.2+part4.1+part4.2	0h:3m:40s (0h:1m:58s left)
 138 TNe+G4       34014.310   part2.2+part3.2+part5.2	0h:3m:40s (0h:1m:56s left)
 139 TIM+F+I+G4   34118.715   part1.3+part2.2+part3.2	0h:3m:42s (0h:1m:55s left)
 140 TIM2+F+G4    34138.509   part2.2+part3.2+part5.3	0h:3m:43s (0h:1m:53s left)
 141 TN+F+G4      34208.663   part2.2+part2.3+part3.2	0h:3m:44s (0h:1m:51s left)
 142 TN+F+I+G4    34002.905   part1.1+part2.2+part3.2	0h:3m:46s (0h:1m:50s left)
 143 K2P+I+G4     34028.171   part2.2+part3.2+part5.1	0h:3m:46s (0h:1m:47s left)
 144 TN+F+G4      33941.668   part1.2+part2.2+part3.2	0h:3m:47s (0h:1m:46s left)
 145 TN+F+G4      34109.229   part2.2+part3.2+part3.3	0h:3m:48s (0h:1m:43s left)
Merging part1.1+part1.2 with BIC score: 33907.804 (LnL: -13663.407  df: 839)
 146 K3P+G4       33487.226   part1.1+part1.2+part3.1	0h:3m:55s (0h:1m:44s left)
 147 TIM+F+G4     33511.574   part1.1+part1.2+part2.1	0h:3m:55s (0h:1m:42s left)
 148 K2P+G4       33539.093   part1.1+part1.2+part4.3	0h:3m:56s (0h:1m:40s left)
 149 TIMe+G4      33497.166   part1.1+part1.2+part5.2	0h:3m:57s (0h:1m:38s left)
 150 K3P+G4       33490.775   part1.1+part1.2+part5.1	0h:3m:58s (0h:1m:37s left)
 151 K2P+G4       33512.377   part1.1+part1.2+part5.3	0h:3m:59s (0h:1m:34s left)
 152 K2P+G4       33528.846   part1.1+part1.2+part3.3	0h:3m:59s (0h:1m:32s left)
 153 TN+F+I+G4    33529.957   part1.1+part1.2+part2.2+part3.2	0h:4m:2s (0h:1m:31s left)
 154 K2P+G4       33577.128   part1.1+part1.2+part4.1+part4.2	0h:4m:5s (0h:1m:31s left)
 155 K3P+G4       33504.366   part1.1+part1.2+part1.3	0h:4m:6s (0h:1m:29s left)
 156 K2P+G4       33575.224   part1.1+part1.2+part2.3	0h:4m:7s (0h:1m:27s left)
Merging part5.1+part5.2 with BIC score: 33446.007 (LnL: -13683.512  df: 775)
 157 K3P+G4       33028.390   part3.1+part5.1+part5.2	0h:4m:17s (0h:1m:28s left)
 158 K3P+G4       33046.280   part1.1+part1.2+part5.1+part5.2	0h:4m:18s (0h:1m:26s left)
 159 K2P+I+G4     33116.738   part2.2+part3.2+part5.1+part5.2	0h:4m:19s (0h:1m:25s left)
 160 HKY+F+G4     33143.203   part4.1+part4.2+part5.1+part5.2	0h:4m:21s (0h:1m:23s left)
 161 K2P+G4       33065.225   part5.1+part5.2+part5.3	0h:4m:21s (0h:1m:21s left)
 162 HKY+F+G4     33125.687   part4.3+part5.1+part5.2	0h:4m:22s (0h:1m:19s left)
 163 K2P+G4       33069.339   part2.1+part5.1+part5.2	0h:4m:22s (0h:1m:17s left)
 164 K2P+G4       33148.256   part3.3+part5.1+part5.2	0h:4m:23s (0h:1m:15s left)
 165 K3P+G4       33130.787   part1.3+part5.1+part5.2	0h:4m:28s (0h:1m:14s left)
 166 K2P+G4       33206.387   part2.3+part5.1+part5.2	0h:4m:30s (0h:1m:13s left)
Merging part1.3+part3.3 with BIC score: 32992.094 (LnL: -13735.012  df: 704)
 167 K3P+G4       32618.138   part1.3+part3.1+part3.3	0h:4m:42s (0h:1m:14s left)
 168 TIM+F+G4     32802.114   part1.3+part2.2+part3.2+part3.3	0h:4m:44s (0h:1m:12s left)
 169 TIM+F+G4     32632.901   part1.1+part1.2+part1.3+part3.3	0h:4m:46s (0h:1m:11s left)
 170 K3P+G4       32613.031   part1.3+part3.3+part4.3	0h:4m:46s (0h:1m:9s left)
 171 K2P+G4       32840.372   part1.3+part3.3+part4.1+part4.2	0h:4m:47s (0h:1m:7s left)
 172 GTR+F+G4     32621.549   part1.3+part2.1+part3.3	0h:4m:50s (0h:1m:5s left)
 173 TIM2+F+G4    32585.562   part1.3+part3.3+part5.3	0h:4m:51s (0h:1m:4s left)
 174 K3P+G4       32771.459   part1.3+part3.3+part5.1+part5.2	0h:4m:51s (0h:1m:2s left)
 175 K2P+G4       32576.886   part1.3+part2.3+part3.3	0h:4m:58s (0h:1m:1s left)
Merging part2.1+part3.1 with BIC score: 32540.186 (LnL: -13779.671  df: 635)
 176 TN+F+G4      32127.730   part2.1+part2.2+part3.1+part3.2	0h:5m:6s (0h:1m:0s left)
 177 K2P+G4       32196.915   part2.1+part3.1+part4.3	0h:5m:8s (0h:0m:59s left)
 178 K3Pu+F+G4    32143.736   part1.1+part1.2+part2.1+part3.1	0h:5m:10s (0h:0m:57s left)
 179 K2P+G4       32237.210   part2.1+part3.1+part4.1+part4.2	0h:5m:12s (0h:0m:55s left)
 180 TPM2+F+G4    32200.492   part2.1+part3.1+part5.3	0h:5m:13s (0h:0m:53s left)
 181 TPM2u+F+G4   32233.828   part2.1+part2.3+part3.1	0h:5m:13s (0h:0m:51s left)
 182 TVM+F+G4     32219.452   part1.3+part2.1+part3.1+part3.3	0h:5m:15s (0h:0m:50s left)
 183 K3P+G4       32158.464   part2.1+part3.1+part5.1+part5.2	0h:5m:15s (0h:0m:48s left)
Merging part4.1+part4.2+part4.3 with BIC score: 32122.182 (LnL: -13856.969  df: 562)
 184 K2P+G4       31796.253   part1.1+part1.2+part4.1+part4.2+part4.3	0h:5m:27s (0h:0m:47s left)
 185 K2P+G4       31841.631   part2.1+part3.1+part4.1+part4.2+part4.3	0h:5m:27s (0h:0m:45s left)
 186 TIM3+F+I+G4  31853.307   part2.2+part3.2+part4.1+part4.2+part4.3	0h:5m:27s (0h:0m:44s left)
 187 K2P+G4       31880.401   part2.3+part4.1+part4.2+part4.3	0h:5m:29s (0h:0m:42s left)
 188 TIM2e+G4     31824.568   part4.1+part4.2+part4.3+part5.3	0h:5m:30s (0h:0m:40s left)
 189 K2P+G4       31928.567   part1.3+part3.3+part4.1+part4.2+part4.3	0h:5m:30s (0h:0m:38s left)
 190 HKY+F+G4     31856.368   part4.1+part4.2+part4.3+part5.1+part5.2	0h:5m:31s (0h:0m:36s left)
Merging part1.3+part2.3+part3.3 with BIC score: 31706.973 (LnL: -13939.587  df: 488)
 191 TIM+F+G4     31620.058   part1.3+part2.2+part2.3+part3.2+part3.3	0h:5m:47s (0h:0m:36s left)
 192 K3P+G4       31371.888   part1.1+part1.2+part1.3+part2.3+part3.3	0h:5m:48s (0h:0m:34s left)
 193 TPM2+F+G4    31440.921   part1.3+part2.1+part2.3+part3.1+part3.3	0h:5m:50s (0h:0m:32s left)
 194 K2P+G4       31577.531   part1.3+part2.3+part3.3+part4.1+part4.2+part4.3	0h:5m:52s (0h:0m:30s left)
 195 K2P+G4       31294.238   part1.3+part2.3+part3.3+part5.3	0h:5m:52s (0h:0m:28s left)
 196 K3P+G4       31551.395   part1.3+part2.3+part3.3+part5.1+part5.2	0h:5m:53s (0h:0m:27s left)
Merging part1.3+part2.3+part3.3+part5.3 with BIC score: 31294.238 (LnL: -13995.989  df: 421)
 197 TIM2+F+G4    31228.531   part1.3+part2.2+part2.3+part3.2+part3.3+part5.3	0h:6m:13s (0h:0m:26s left)
 198 K2P+G4       30955.579   part1.1+part1.2+part1.3+part2.3+part3.3+part5.3	0h:6m:13s (0h:0m:24s left)
 199 TPM2u+F+G4   31041.844   part1.3+part2.1+part2.3+part3.1+part3.3+part5.3	0h:6m:14s (0h:0m:22s left)
 200 K2P+G4       31171.679   part1.3+part2.3+part3.3+part4.1+part4.2+part4.3+part5.3	0h:6m:15s (0h:0m:20s left)
 201 K3P+G4       31116.175   part1.3+part2.3+part3.3+part5.1+part5.2+part5.3	0h:6m:16s (0h:0m:18s left)
Merging part2.1+part2.2+part3.1+part3.2 with BIC score: 30881.782 (LnL: -14076.061  df: 348)
 202 TIM+F+I+G4   30494.139   part1.1+part1.2+part2.1+part2.2+part3.1+part3.2	0h:6m:24s (0h:0m:17s left)
 203 K2P+I+G4     30678.067   part2.1+part2.2+part3.1+part3.2+part4.1+part4.2+part4.3	0h:6m:25s (0h:0m:15s left)
 204 K3P+G4       30547.864   part2.1+part2.2+part3.1+part3.2+part5.1+part5.2	0h:6m:27s (0h:0m:13s left)
 205 TIM2+F+G4    30840.931   part1.3+part2.1+part2.2+part2.3+part3.1+part3.2+part3.3+part5.3	0h:6m:32s (0h:0m:11s left)
Merging part1.1+part1.2+part5.1+part5.2 with BIC score: 30482.055 (LnL: -14146.811  df: 279)
 206 K3P+G4       30252.421   part1.1+part1.2+part4.1+part4.2+part4.3+part5.1+part5.2	0h:6m:41s (0h:0m:9s left)
 207 K3P+I+G4     30156.472   part1.1+part1.2+part2.1+part2.2+part3.1+part3.2+part5.1+part5.2	0h:6m:42s (0h:0m:7s left)
 208 K3P+G4       30319.404   part1.1+part1.2+part1.3+part2.3+part3.3+part5.1+part5.2+part5.3	0h:6m:48s (0h:0m:5s left)
Merging part1.1+part1.2+part2.1+part2.2+part3.1+part3.2+part5.1+part5.2 with BIC score: 30156.472 (LnL: -14258.554  df: 209)
 209 K3P+I+G4     29999.281   part1.1+part1.2+part2.1+part2.2+part3.1+part3.2+part4.1+part4.2+part4.3+part5.1+part5.2	0h:7m:0s (0h:0m:4s left)
 210 K3P+G4       30163.762   part1.1+part1.2+part1.3+part2.1+part2.2+part2.3+part3.1+part3.2+part3.3+part5.1+part5.2+part5.3	0h:7m:6s (0h:0m:2s left)
Merging part1.1+part1.2+part2.1+part2.2+part3.1+part3.2+part4.1+part4.2+part4.3+part5.1+part5.2 with BIC score: 29999.281 (LnL: -14450.571  df: 140)
 211 K3P+G4       30040.677   part1.1+part1.2+part1.3+part2.1+part2.2+part2.3+part3.1+part3.2+part3.3+part4.1+part4.2+part4.3+part5.1+part5.2+part5.3	0h:7m:25s (0h:0m:0s left)
BEST-FIT PARTITION MODEL: 
  charpartition BIC = K3P+I+G4: part1.1 part1.2 part2.1 part2.2 part3.1 part3.2 part4.1 part4.2 part4.3 part5.1 part5.2, K2P+G4: part1.3 part2.3 part3.3 part5.3;
Agglomerative model selection: (((((part1.1,part1.2)3:33907.8,(part5.1,part5.2)4:33446)11:30482.1,((part2.1,part3.1)6:32540.2,(part2.2,part3.2)2:34388.8)10:30881.8)12:30156.5,((part4.1,part4.2)1:34882,part4.3)7:32122.2)13:29999.3,(((part1.3,part3.3)5:32992.1,part2.3)8:31707,part5.3)9:31294.2)
Merging into 2 partitions...
Partition information was printed to 6_set57.best_scheme.nex
Partition information in Raxml format was printed to 6_set57.best_scheme

All model information printed to 6_set57.model.gz
CPU time for ModelFinder: 415.936 seconds (0h:6m:55s)
Wall-clock time for ModelFinder: 446.392 seconds (0h:7m:26s)
Generating 1000 samples for ultrafast bootstrap (seed: 709893)...

NOTE: 9 MB RAM (0 GB) is required!
Measuring multi-threading efficiency up to 8 CPU cores
Increase to 10 rounds for branch lengths
28 trees examined
Threads: 1 / Time: 8.158 sec / Speedup: 1.000 / Efficiency: 100% / LogL: -20877
Threads: 2 / Time: 5.069 sec / Speedup: 1.609 / Efficiency: 80% / LogL: -20877
Threads: 3 / Time: 29.365 sec / Speedup: 0.278 / Efficiency: 9% / LogL: -20877
BEST NUMBER OF THREADS: 2

Estimate model parameters (epsilon = 0.100)
Optimizing K3P+I+G4 parameters for partition part1.1+part1.2+part2.1+part2.2+part3.1+part3.2+part4.1+part4.2+part4.3+part5.1+part5.2 (71 free parameters)
Optimizing K2P+G4 parameters for partition part1.3+part2.3+part3.3+part5.3 (69 free parameters)
Optimal log-likelihood: -14450.486
Computing ML distances based on estimated model parameters... 0.033 sec
Computing BIONJ tree...
0.012 seconds
Log-likelihood of BIONJ tree: -14461.659
--------------------------------------------------------------------
|             INITIALIZING CANDIDATE TREE SET                      |
--------------------------------------------------------------------
Generating 98 parsimony trees... 2.957 second
Computing log-likelihood of 98 initial trees ... 5.211 seconds
Current best score: -14449.588

Do NNI search on 20 best initial trees
Estimate model parameters (epsilon = 0.100)
BETTER TREE FOUND at iteration 1: -14449.379
Iteration 10 / LogL: -14471.570 / Time: 0h:1m:12s
Iteration 20 / LogL: -14449.407 / Time: 0h:1m:24s
Finish initializing candidate tree set (3)
Current best tree score: -14449.379 / CPU time: 27.771
Number of iterations: 20
--------------------------------------------------------------------
|               OPTIMIZING CANDIDATE TREE SET                      |
--------------------------------------------------------------------
Iteration 30 / LogL: -14451.697 / Time: 0h:1m:33s (0h:3m:49s left)
Iteration 40 / LogL: -14451.663 / Time: 0h:1m:44s (0h:2m:43s left)
Iteration 50 / LogL: -14449.927 / Time: 0h:1m:55s (0h:2m:0s left)
Log-likelihood cutoff on original alignment: -14494.614
Iteration 60 / LogL: -14468.733 / Time: 0h:2m:6s (0h:1m:28s left)
Iteration 70 / LogL: -14449.382 / Time: 0h:2m:17s (0h:1m:1s left)
Iteration 80 / LogL: -14449.738 / Time: 0h:2m:26s (0h:0m:39s left)
Iteration 90 / LogL: -14449.385 / Time: 0h:2m:38s (0h:0m:19s left)
Iteration 100 / LogL: -14449.406 / Time: 0h:2m:49s (0h:0m:1s left)
Log-likelihood cutoff on original alignment: -14494.614
NOTE: Bootstrap correlation coefficient of split occurrence frequencies: 0.999
TREE SEARCH COMPLETED AFTER 102 ITERATIONS / Time: 0h:2m:52s

--------------------------------------------------------------------
|                    FINALIZING TREE SEARCH                        |
--------------------------------------------------------------------
Performs final model parameters optimization
Estimate model parameters (epsilon = 0.010)
Optimizing K3P+I+G4 parameters for partition part1.1+part1.2+part2.1+part2.2+part3.1+part3.2+part4.1+part4.2+part4.3+part5.1+part5.2 (71 free parameters)
Optimizing K2P+G4 parameters for partition part1.3+part2.3+part3.3+part5.3 (69 free parameters)
Optimal log-likelihood: -14449.379
BEST SCORE FOUND : -14449.379
Creating bootstrap support values...
Split supports printed to NEXUS file 6_set57.splits.nex
Total tree length: 0.898

Total number of iterations: 102
CPU time used for tree search: 45.618 sec (0h:0m:45s)
Wall-clock time used for tree search: 115.745 sec (0h:1m:55s)
Total CPU time used: 64.390 sec (0h:1m:4s)
Total wall-clock time used: 173.388 sec (0h:2m:53s)

Computing bootstrap consensus tree...
Reading input file 6_set57.splits.nex...
35 taxa and 144 splits.
Consensus tree written to 6_set57.contree
Reading input trees file 6_set57.contree
Log-likelihood of consensus tree: -14449.379

Analysis results written to: 
  IQ-TREE report:                6_set57.iqtree
  Maximum-likelihood tree:       6_set57.treefile
  Likelihood distances:          6_set57.mldist
  Best partitioning scheme:      6_set57.best_scheme.nex
           in RAxML format:      6_set57.best_scheme

Ultrafast bootstrap approximation results written to:
  Split support values:          6_set57.splits.nex
  Consensus tree:                6_set57.contree
  Screen log file:               6_set57.log

Date and Time: Fri Sep  7 00:21:10 2018
