IQ-TREE multicore version 1.6.7 for Mac OS X 64-bit built Aug 23 2018
Developed by Bui Quang Minh, Nguyen Lam Tung, Olga Chernomor,
Heiko Schmidt, Dominik Schrempf, Michael Woodhams.

Host:    meeps-mac-pro.staff.sydney.edu.au (AVX, 64 GB RAM)
Command: /Users/davidduchene/Desktop/Software/iqtree-1.6.7-MacOSX/bin/iqtree -s ../../../../marsupials/set182.fasta -m TESTMERGE -bb 1000 -spp ../../../../marsupials/set182.nex -nt AUTO -pre 4_set182
Seed:    801085 (Using SPRNG - Scalable Parallel Random Number Generator)
Time:    Fri Sep  7 21:24:59 2018
Kernel:  AVX - auto-detect threads (8 CPU cores detected)

Reading partition model file ../../../../marsupials/set182.nex ...
Reading alignment file ../../../../marsupials/set182.fasta ... Fasta format detected
Alignment most likely contains DNA/RNA sequences
Alignment has 35 sequences with 2364 columns, 975 distinct patterns
659 parsimony-informative, 264 singleton sites, 1441 constant sites
                                              Gap/Ambiguity  Composition  p-value
   1  Burramyidae_Burramys_parvus                     1.18%    passed     42.73%
   2  Notoryctidae_Notoryctes_typhlops                5.88%    passed     66.25%
   3  Vombatidae_Lasiorhinus_latifrons                5.25%    passed     93.67%
   4  Potoroidae_Bettongia_penicillata                1.02%    passed     99.53%
   5  Potoroidae_Bettongia_lesueur                    0.30%    passed     99.87%
   6  Dasyuridae_Dasyurus_maculatus                   0.72%    passed     91.20%
   7  Phalangeridae_Trichosurus_vulpecula             0.63%    passed     95.18%
   8  Phalangeridae_Spilocuscus_maculatus             0.47%    passed     97.73%
   9  Potoroidae_Aepyprymnus_rufescens                0.85%    passed     99.30%
  10  Peramelidae_Perameles_nasuta                    6.01%    passed     95.01%
  11  Phalangeridae_Strigocuscus_pelengensis         24.62%    passed     39.47%
  12  Dasyuridae_Phascogale_tapoatafa                 0.08%    passed     87.18%
  13  Dasyuridae_Sminthopsis_macroura                 0.80%    passed     72.60%
  14  Phalangeridae_Phalanger_orientalis              1.73%    passed     95.72%
  15  Acrobatidae_Acrobates_pygmaeus                  0.97%    passed     90.53%
  16  Dasyuridae_Phascogale_calura                    0.08%    passed     85.74%
  17  Dasyuridae_Sarcophilus_harrisii                 0.21%    passed     91.76%
  18  Dasyuridae_Planigale_tenuirostris               7.95%    passed     30.05%
  19  Peramelidae_Echymipera_kalubu                   0.63%    passed     89.15%
  20  Macropodidae_Dorcopsulus_vanheurni              9.09%    passed     93.47%
  21  Pseudochiridae_Pseudochirulus_forbesi           0.17%    passed     78.33%
  22  Didelphidae_Didelphis_virginiana                2.83%    passed     97.27%
  23  Marmosidae_Monodelphis_domestica                2.50%    passed     79.24%
  24  Dasyuridae_Antechinus_stuartii                  0.93%    passed     75.20%
  25  Hypsiprymnodontidae_Hypsiprymnodon_moschatus    0.13%    passed     98.05%
  26  Microbiotheriidae_Dromiciops_gliroides          2.75%    passed     50.31%
  27  Pseudochiridae_Petauroides_volans               1.18%    passed     44.95%
  28  Macropodidae_Wallabia_bicolor                   5.54%    passed     98.50%
  29  Pseudochiridae_Pseudocheirus_occidentalis       0.21%    passed     52.09%
  30  Tarsipedidae_Tarsipes_rostratus                12.94%    passed     70.63%
  31  Acrobatidae_Distoechurus_pennatus               1.10%    passed     65.62%
  32  Phalangeridae_Phalanger_carmelitae              0.25%    passed     97.85%
  33  Peramelidae_Peroryctes_raffrayana              11.97%    passed     99.86%
  34  Dasyuridae_Dasyurus_geffroii                    0.85%    passed     90.08%
  35  Peramelidae_Perameles_gunnii                    1.78%    passed     82.52%
****  TOTAL                                           3.25%  0 sequences failed composition chi2 test (p-value<5%; df=3)
NOTE: No CharPartition defined, use all CharSets

Loading 15 partitions...
Subset	Type	Seqs	Sites	Infor	Invar	Model	Name
1		35	272	32	221	TESTMERGE	part1.1
2		35	272	15	248	TESTMERGE	part1.2
3		35	272	115	109	TESTMERGE	part1.3
4		35	77	4	72	TESTMERGE	part2.1
5		35	77	2	75	TESTMERGE	part2.2
6		35	77	38	23	TESTMERGE	part2.3
7		35	122	18	81	TESTMERGE	part3.1
8		35	122	11	97	TESTMERGE	part3.2
9		35	122	60	31	TESTMERGE	part3.3
10		34	169	37	119	TESTMERGE	part4.1
11		34	169	27	130	TESTMERGE	part4.2
12		34	169	106	29	TESTMERGE	part4.3
13		35	148	53	82	TESTMERGE	part5.1
14		35	148	53	86	TESTMERGE	part5.2
15		35	148	88	38	TESTMERGE	part5.3
Degree of missing data: 0.006
Info: multi-threading strategy over partitions



Create initial parsimony tree by phylogenetic likelihood library (PLL)... 0.008 seconds
NOTE: ModelFinder requires 10 MB RAM!
NUMBER OF THREADS FOR PARTITION FINDING: 8
Testing GTR+F+G on supermatrix...
GTR+F+G4 / LnL: -15478.723 / df: 76 / AIC: 31109.445 / AICc: 31114.563 / BIC: 31547.822
Selecting individual models for 15 charsets using BIC...
 No. Model        Score       Charset
   1 TNe+G4       2399.053    part5.2
   2 K3P+G4       1878.625    part1.1
   3 K2P+G4       1484.782    part2.3
   4 K2P+G4       2427.458    part5.1
   5 K2P+G4       3596.447    part5.3
   6 K3P+G4       2195.904    part3.3
   7 K3P+G4       3974.005    part4.3
   8 SYM+G4       4451.447    part1.3
   9 K2P          1043.472    part3.1
  10 TIM2+F+I     1292.489    part1.2	0h:0m:9s (0h:3m:2s left)
  11 K2P+I+G4     1808.449    part4.2	0h:0m:10s (0h:3m:5s left)
  12 TIMe+G4      2095.073    part4.1	0h:0m:10s (0h:2m:54s left)
  13 TN+F+G4      944.006     part3.2	0h:0m:10s (0h:2m:41s left)
  14 K2P+I        272.205     part2.2	0h:0m:10s (0h:2m:30s left)
  15 K2P+I        344.337     part2.1	0h:0m:11s (0h:2m:28s left)
Full partition model BIC score: 30892.890 (LnL: -14941.518  df:130)
Merging models to increase model fit (about 211 total partition schemes)...
  16 TPM3u+F+G4   30929.115   part1.3+part5.2	0h:0m:17s (0h:3m:28s left)
  17 TVMe+G4      30875.924   part1.3+part2.3	0h:0m:17s (0h:3m:21s left)
  18 K3P+G4       30877.012   part1.3+part3.3	0h:0m:17s (0h:3m:9s left)
  19 TIM3e+G4     30908.191   part1.3+part5.1	0h:0m:17s (0h:3m:0s left)
  20 K3P+G4       30876.754   part4.3+part5.3	0h:0m:19s (0h:3m:9s left)
  21 SYM+G4       30969.127   part1.1+part1.3	0h:0m:19s (0h:3m:0s left)
  22 K3Pu+F+G4    30918.125   part1.3+part5.3	0h:0m:20s (0h:2m:52s left)
  23 K3P+G4       30908.440   part1.3+part4.3	0h:0m:22s (0h:3m:2s left)
  24 TVMe+G4      30954.386   part1.3+part4.1	0h:0m:27s (0h:3m:33s left)
  25 K3P+G4       30886.516   part3.3+part4.3	0h:0m:27s (0h:3m:24s left)
  26 K3P+G4       30932.993   part4.3+part5.1	0h:0m:27s (0h:3m:18s left)
  27 SYM+G4       30929.746   part1.3+part3.1	0h:0m:28s (0h:3m:16s left)
  28 SYM+G4       31051.111   part1.2+part1.3	0h:0m:29s (0h:3m:9s left)
  29 K3P+G4       30940.037   part4.3+part5.2	0h:0m:30s (0h:3m:13s left)
  30 TIMe+G4      30981.030   part1.3+part4.2	0h:0m:30s (0h:3m:6s left)
  31 K3P+I+G4     31071.893   part1.1+part4.3	0h:0m:31s (0h:3m:2s left)
  32 K3P+G4       30908.028   part3.3+part5.3	0h:0m:35s (0h:3m:19s left)
  33 K2P+G4       30901.590   part5.1+part5.3	0h:0m:35s (0h:3m:13s left)
  34 TIM3e+G4     30923.029   part1.3+part3.2	0h:0m:37s (0h:3m:15s left)
  35 K3P+G4       30877.083   part2.3+part4.3	0h:0m:37s (0h:3m:9s left)
  36 SYM+G4       30950.503   part1.3+part2.1	0h:0m:38s (0h:3m:5s left)
  37 K3P+G4       30979.545   part4.1+part4.3	0h:0m:38s (0h:3m:1s left)
  38 SYM+G4       30968.821   part1.3+part2.2	0h:0m:40s (0h:3m:2s left)
  39 K3P+G4       31010.634   part4.2+part4.3	0h:0m:41s (0h:3m:3s left)
  40 K2P+G4       30884.610   part2.3+part5.3	0h:0m:44s (0h:3m:11s left)
  41 TPM2u+F+I+G4 30914.815   part5.2+part5.3	0h:0m:45s (0h:3m:7s left)
  42 K3P+G4       30991.278   part3.1+part4.3	0h:0m:45s (0h:3m:2s left)
  43 K3P+G4       30941.102   part4.1+part5.3	0h:0m:46s (0h:3m:1s left)
  44 K2P+I+G4     31032.099   part1.1+part5.3	0h:0m:46s (0h:2m:56s left)
  45 K3P+I+G4     31154.963   part1.2+part4.3	0h:0m:46s (0h:2m:51s left)
  46 K2P+G4       30962.300   part4.2+part5.3	0h:0m:48s (0h:2m:54s left)
  47 K2P+G4       30932.984   part3.3+part5.1	0h:0m:48s (0h:2m:50s left)
  48 K3P+G4       30978.762   part1.1+part3.3	0h:0m:53s (0h:3m:3s left)
  49 K2P+G4       30943.524   part3.3+part5.2	0h:0m:55s (0h:3m:2s left)
  50 K2P+G4       30974.971   part3.1+part5.3	0h:0m:55s (0h:2m:57s left)
  51 K3P+G4       30985.045   part3.2+part4.3	0h:0m:55s (0h:2m:53s left)
  52 K3P+G4       31016.090   part2.1+part4.3	0h:0m:57s (0h:2m:55s left)
  53 K2P+I+G4     31090.374   part1.2+part5.3	0h:0m:59s (0h:2m:58s left)
  54 K3P+G4       31034.983   part2.2+part4.3	0h:1m:0s (0h:2m:54s left)
  55 K2P+G4       30869.708   part5.1+part5.2	0h:1m:1s (0h:2m:54s left)
  56 K3P+G4       30870.631   part2.3+part3.3	0h:1m:4s (0h:2m:59s left)
  57 K3P+G4       30971.558   part3.3+part4.1	0h:1m:6s (0h:2m:58s left)
  58 K2P+I+G4     30936.399   part1.1+part5.1	0h:1m:6s (0h:2m:54s left)
  59 K2P+G4       30904.725   part2.3+part5.1	0h:1m:6s (0h:2m:52s left)
  60 TNe+I+G4     30932.175   part1.1+part5.2	0h:1m:7s (0h:2m:49s left)
  61 K2P+G4       30949.407   part3.2+part5.3	0h:1m:8s (0h:2m:49s left)
  62 K3P+G4       30997.152   part3.3+part4.2	0h:1m:10s (0h:2m:50s left)
  63 K2P+G4       30876.208   part4.1+part5.1	0h:1m:12s (0h:2m:49s left)
  64 K2P+G4       30986.256   part2.1+part5.3	0h:1m:14s (0h:2m:51s left)
  65 K2P+G4       30912.218   part2.3+part5.2	0h:1m:14s (0h:2m:47s left)
  66 K2P+I+G4     30890.302   part4.2+part5.1	0h:1m:16s (0h:2m:47s left)
  67 K2P+G4       31002.643   part2.2+part5.3	0h:1m:16s (0h:2m:44s left)
  68 K3P+I+G4     30875.384   part4.1+part5.2	0h:1m:17s (0h:2m:42s left)
  69 K3P+G4       30937.165   part3.1+part3.3	0h:1m:17s (0h:2m:40s left)
  70 K3P+G4       30953.091   part1.1+part2.3	0h:1m:18s (0h:2m:38s left)
  71 K3Pu+F+I+G4  30911.450   part1.1+part4.1	0h:1m:22s (0h:2m:42s left)
  72 K3P+G4       31060.609   part1.2+part3.3	0h:1m:24s (0h:2m:42s left)
  73 K2P+I+G4     30883.783   part4.2+part5.2	0h:1m:26s (0h:2m:43s left)
  74 K2P+G4       30936.198   part3.1+part5.1	0h:1m:27s (0h:2m:41s left)
  75 K3P+I+G4     30937.407   part2.3+part4.1	0h:1m:28s (0h:2m:39s left)
  76 TNe+I+G4     30936.140   part3.1+part5.2	0h:1m:28s (0h:2m:37s left)
  77 K3P+I+G4     30911.083   part1.1+part4.2	0h:1m:29s (0h:2m:36s left)
  78 K2P+I+G4     30963.178   part1.2+part5.1	0h:1m:30s (0h:2m:34s left)
  79 K3P+G4       30886.561   part1.1+part3.1	0h:1m:30s (0h:2m:31s left)
  80 K3P+I+G4     30865.759   part4.1+part4.2	0h:1m:35s (0h:2m:36s left)
  81 K2P+I+G4     30950.706   part2.3+part4.2	0h:1m:35s (0h:2m:33s left)
  82 K3Pu+F+I     30882.217   part1.1+part1.2	0h:1m:35s (0h:2m:30s left)
  83 TN+F+G4      30943.558   part3.2+part3.3	0h:1m:37s (0h:2m:30s left)
  84 K2P+I+G4     30947.785   part1.2+part5.2	0h:1m:39s (0h:2m:29s left)
  85 K3P+G4       30969.726   part2.1+part3.3	0h:1m:39s (0h:2m:27s left)
  86 K2P+G4       30887.230   part3.2+part5.1	0h:1m:39s (0h:2m:24s left)
  87 K3Pu+F+G4    30994.832   part2.2+part3.3	0h:1m:40s (0h:2m:22s left)
  88 K2P+G4       30934.626   part2.3+part3.1	0h:1m:41s (0h:2m:22s left)
  89 K2P+G4       30923.732   part2.1+part5.1	0h:1m:44s (0h:2m:22s left)
  90 HKY+F+I+G4   31015.188   part1.2+part2.3	0h:1m:45s (0h:2m:22s left)
  91 K3P+I+G4     30933.353   part3.1+part4.1	0h:1m:46s (0h:2m:20s left)
  92 K2P+I+G4     30936.470   part2.2+part5.1	0h:1m:48s (0h:2m:20s left)
  93 HKY+F+I+G4   30885.308   part3.2+part5.2	0h:1m:50s (0h:2m:19s left)
  94 K2P+I+G4     30862.782   part1.1+part3.2	0h:1m:50s (0h:2m:17s left)
  95 K3Pu+F+I+G4  30917.282   part1.2+part4.1	0h:1m:52s (0h:2m:17s left)
  96 K3P+I+G4     30943.582   part3.1+part4.2	0h:1m:52s (0h:2m:15s left)
  97 K3P+I        30882.344   part1.1+part2.1	0h:1m:55s (0h:2m:15s left)
  98 TNe+I+G4     30920.604   part2.1+part5.2	0h:1m:57s (0h:2m:15s left)
  99 K3P+I        30889.603   part1.1+part2.2	0h:1m:59s (0h:2m:14s left)
 100 TN+F+G4      30924.377   part2.3+part3.2	0h:2m:1s (0h:2m:14s left)
 101 HKY+F+I+G4   30933.153   part2.2+part5.2	0h:2m:3s (0h:2m:14s left)
 102 K2P+I+G4     30907.239   part1.2+part4.2	0h:2m:3s (0h:2m:12s left)
 103 K2P+G4       30951.157   part2.1+part2.3	0h:2m:5s (0h:2m:12s left)
 104 TNe+I+G4     30873.412   part3.2+part4.1	0h:2m:7s (0h:2m:11s left)
 105 HKY+F+G4     30914.714   part1.2+part3.1	0h:2m:8s (0h:2m:9s left)
 106 TIMe+I+G4    30906.204   part2.1+part4.1	0h:2m:10s (0h:2m:9s left)
 107 K2P+G4       30879.540   part3.1+part3.2	0h:2m:12s (0h:2m:8s left)
 108 K2P+G4       30967.243   part2.2+part2.3	0h:2m:14s (0h:2m:8s left)
 109 K2P+I        30902.316   part2.1+part3.1	0h:2m:14s (0h:2m:5s left)
 110 K2P+I+G4     30871.458   part3.2+part4.2	0h:2m:14s (0h:2m:3s left)
 111 TIMe+I+G4    30910.934   part2.2+part4.1	0h:2m:14s (0h:2m:1s left)
 112 K2P+I+G4     30892.935   part2.1+part4.2	0h:2m:17s (0h:2m:1s left)
 113 K2P+I+G4     30896.763   part2.2+part4.2	0h:2m:18s (0h:1m:59s left)
 114 K2P+I        30911.475   part2.2+part3.1	0h:2m:19s (0h:1m:58s left)
 115 TN+F+I       30872.438   part1.2+part3.2	0h:2m:19s (0h:1m:56s left)
 116 TPM2+F+I     30875.662   part1.2+part2.1	0h:2m:21s (0h:1m:55s left)
 117 K2P+I+G4     30875.725   part2.1+part3.2	0h:2m:21s (0h:1m:53s left)
 118 TIM2+F+I     30882.105   part1.2+part2.2	0h:2m:21s (0h:1m:51s left)
 119 HKY+F+I+G4   30883.853   part2.2+part3.2	0h:2m:21s (0h:1m:49s left)
 120 K2P+I        30871.651   part2.1+part2.2	0h:2m:22s (0h:1m:48s left)
Merging part1.1+part3.2 with BIC score: 30862.782 (LnL: -14953.652  df: 123)
 121 K2P+I+G4     30928.174   part1.1+part2.3+part3.2	0h:2m:29s (0h:1m:50s left)
 122 K2P+I+G4     30906.727   part1.1+part3.2+part5.1	0h:2m:31s (0h:1m:50s left)
 123 K2P+I+G4     30899.816   part1.1+part3.2+part5.2	0h:2m:31s (0h:1m:48s left)
 124 K3P+I+G4     30879.348   part1.1+part3.2+part4.1	0h:2m:31s (0h:1m:46s left)
 125 K3P+I+G4     30882.044   part1.1+part3.2+part4.2	0h:2m:32s (0h:1m:44s left)
 126 K3P+I+G4     31065.870   part1.1+part3.2+part4.3	0h:2m:32s (0h:1m:42s left)
 127 K2P+I+G4     31015.682   part1.1+part3.2+part5.3	0h:2m:33s (0h:1m:41s left)
 128 SYM+G4       30967.347   part1.1+part1.3+part3.2	0h:2m:35s (0h:1m:40s left)
 129 K3P+G4       30861.783   part1.1+part3.1+part3.2	0h:2m:35s (0h:1m:38s left)
 130 K2P+I+G4     30851.669   part1.1+part2.1+part3.2	0h:2m:37s (0h:1m:38s left)
 131 K2P+I+G4     30860.369   part1.1+part2.2+part3.2	0h:2m:37s (0h:1m:36s left)
 132 K2P+I+G4     30854.737   part1.1+part1.2+part3.2	0h:2m:38s (0h:1m:34s left)
 133 K3P+G4       30964.231   part1.1+part3.2+part3.3	0h:2m:38s (0h:1m:33s left)
Merging part4.1+part4.2 with BIC score: 30835.651 (LnL: -14955.623  df: 119)
 134 K3P+I+G4     30880.028   part3.1+part4.1+part4.2	0h:2m:50s (0h:1m:37s left)
 135 K3P+I+G4     30900.364   part2.3+part4.1+part4.2	0h:2m:50s (0h:1m:36s left)
 136 K3P+I+G4     30823.508   part4.1+part4.2+part5.2	0h:2m:50s (0h:1m:34s left)
 137 K3P+I+G4     30833.232   part4.1+part4.2+part5.1	0h:2m:51s (0h:1m:32s left)
 138 K3P+I+G4     30860.075   part1.1+part3.2+part4.1+part4.2	0h:2m:52s (0h:1m:31s left)
 139 K3P+G4       30922.212   part4.1+part4.2+part5.3	0h:2m:53s (0h:1m:29s left)
 140 K3P+I+G4     30985.176   part4.1+part4.2+part4.3	0h:2m:54s (0h:1m:28s left)
 141 K3P+I+G4     30963.826   part1.3+part4.1+part4.2	0h:2m:55s (0h:1m:27s left)
 142 K3P+I+G4     30842.233   part2.1+part4.1+part4.2	0h:2m:59s (0h:1m:27s left)
 143 K3P+I+G4     30847.398   part2.2+part4.1+part4.2	0h:2m:59s (0h:1m:25s left)
 144 TIMe+I+G4    30864.337   part1.2+part4.1+part4.2	0h:2m:59s (0h:1m:23s left)
 145 K3P+I+G4     30963.185   part3.3+part4.1+part4.2	0h:3m:0s (0h:1m:22s left)
Merging part5.1+part5.2 with BIC score: 30812.469 (LnL: -14959.568  df: 115)
 146 K2P+I+G4     30858.685   part3.1+part5.1+part5.2	0h:3m:9s (0h:1m:24s left)
 147 K2P+G4       30837.280   part2.3+part5.1+part5.2	0h:3m:9s (0h:1m:22s left)
 148 K2P+I+G4     30902.858   part1.2+part5.1+part5.2	0h:3m:11s (0h:1m:21s left)
 149 TPM2u+F+G4   30839.292   part5.1+part5.2+part5.3	0h:3m:11s (0h:1m:19s left)
 150 K3P+G4       30881.776   part4.3+part5.1+part5.2	0h:3m:14s (0h:1m:18s left)
 151 K2P+I+G4     30874.084   part1.1+part3.2+part5.1+part5.2	0h:3m:14s (0h:1m:17s left)
 152 TPM3+F+G4    30863.422   part1.3+part5.1+part5.2	0h:3m:15s (0h:1m:15s left)
 153 K3P+I+G4     30812.846   part4.1+part4.2+part5.1+part5.2	0h:3m:16s (0h:1m:14s left)
 154 K2P+I+G4     30848.416   part2.1+part5.1+part5.2	0h:3m:20s (0h:1m:14s left)
 155 K2P+G4       30878.273   part3.3+part5.1+part5.2	0h:3m:20s (0h:1m:12s left)
 156 K2P+I+G4     30859.736   part2.2+part5.1+part5.2	0h:3m:20s (0h:1m:10s left)
Merging part2.3+part3.3 with BIC score: 30790.210 (LnL: -14960.091  df: 112)
 157 K3P+G4       30848.355   part2.3+part3.1+part3.3	0h:3m:29s (0h:1m:11s left)
 158 K3P+G4       31006.766   part1.2+part2.3+part3.3	0h:3m:29s (0h:1m:10s left)
 159 K3P+G4       30936.185   part1.1+part2.3+part3.2+part3.3	0h:3m:32s (0h:1m:9s left)
 160 K3P+G4       30807.933   part2.3+part3.3+part5.3	0h:3m:32s (0h:1m:7s left)
 161 K3P+G4       30784.110   part2.3+part3.3+part4.3	0h:3m:33s (0h:1m:6s left)
 162 K3P+G4       30878.494   part2.3+part3.3+part5.1+part5.2	0h:3m:34s (0h:1m:4s left)
 163 K3P+G4       30774.583   part1.3+part2.3+part3.3	0h:3m:35s (0h:1m:3s left)
 164 K3P+I+G4     30956.034   part2.3+part3.3+part4.1+part4.2	0h:3m:36s (0h:1m:2s left)
 165 K3P+G4       30879.910   part2.1+part2.3+part3.3	0h:3m:37s (0h:1m:0s left)
 166 K3Pu+F+G4    30905.048   part2.2+part2.3+part3.3	0h:3m:37s (0h:0m:59s left)
Merging part2.1+part2.2 with BIC score: 30768.971 (LnL: -14961.124  df: 109)
 167 K2P+I        30799.627   part2.1+part2.2+part3.1	0h:3m:44s (0h:0m:59s left)
 168 K2P+I+G4     30773.841   part1.1+part2.1+part2.2+part3.2	0h:3m:49s (0h:0m:58s left)
 169 TPM2+F+I     30759.808   part1.2+part2.1+part2.2	0h:3m:49s (0h:0m:57s left)
 170 K2P+G4       30941.450   part2.1+part2.2+part5.3	0h:3m:51s (0h:0m:55s left)
 171 SYM+G4       30898.997   part1.3+part2.1+part2.2	0h:3m:51s (0h:0m:54s left)
 172 K3P+I+G4     30993.850   part2.1+part2.2+part4.3	0h:3m:51s (0h:0m:52s left)
 173 K3P+I+G4     30802.791   part2.1+part2.2+part4.1+part4.2	0h:3m:52s (0h:0m:51s left)
 174 K2P+I+G4     30854.328   part2.1+part2.2+part5.1+part5.2	0h:3m:52s (0h:0m:49s left)
 175 K3P+G4       30945.583   part2.1+part2.2+part2.3+part3.3	0h:3m:53s (0h:0m:48s left)
Merging part4.3+part5.3 with BIC score: 30752.836 (LnL: -14964.708  df: 106)
 176 K3P+I+G4     31011.361   part2.1+part2.2+part4.3+part5.3	0h:4m:5s (0h:0m:48s left)
 177 K3P+G4       30862.267   part3.1+part4.3+part5.3	0h:4m:6s (0h:0m:47s left)
 178 K3P+I+G4     31075.324   part1.2+part4.3+part5.3	0h:4m:6s (0h:0m:45s left)
 179 K3P+I+G4     31024.389   part1.1+part3.2+part4.3+part5.3	0h:4m:7s (0h:0m:44s left)
 180 K3P+I+G4     30937.294   part4.1+part4.2+part4.3+part5.3	0h:4m:7s (0h:0m:42s left)
 181 K3P+G4       30828.043   part4.3+part5.1+part5.2+part5.3	0h:4m:8s (0h:0m:41s left)
 182 K3P+G4       30763.038   part2.3+part3.3+part4.3+part5.3	0h:4m:8s (0h:0m:39s left)
 183 K3Pu+F+G4    30789.563   part1.3+part4.3+part5.3	0h:4m:9s (0h:0m:38s left)
Merging part1.3+part2.3+part3.3 with BIC score: 30737.209 (LnL: -14984.083  df: 99)
 184 K3P+G4       30922.361   part1.3+part2.1+part2.2+part2.3+part3.3	0h:4m:22s (0h:0m:38s left)
 185 K3P+G4       30984.899   part1.2+part1.3+part2.3+part3.3	0h:4m:22s (0h:0m:36s left)
 186 K3P+G4       30791.574   part1.3+part2.3+part3.1+part3.3	0h:4m:22s (0h:0m:35s left)
 187 K3P+G4       30914.925   part1.1+part1.3+part2.3+part3.2+part3.3	0h:4m:24s (0h:0m:33s left)
 188 TVM+F+G4     30844.933   part1.3+part2.3+part3.3+part5.1+part5.2	0h:4m:25s (0h:0m:32s left)
 189 K3P+G4       30937.804   part1.3+part2.3+part3.3+part4.1+part4.2	0h:4m:25s (0h:0m:30s left)
 190 K3P+G4       30777.633   part1.3+part2.3+part3.3+part4.3+part5.3	0h:4m:27s (0h:0m:29s left)
Merging part1.2+part2.1+part2.2 with BIC score: 30728.045 (LnL: -14995.037  df: 95)
 191 K2P+I        30757.233   part1.2+part2.1+part2.2+part3.1	0h:4m:32s (0h:0m:28s left)
 192 K2P+I+G4     30727.939   part1.1+part1.2+part2.1+part2.2+part3.2	0h:4m:35s (0h:0m:27s left)
 193 K3P+I+G4     30781.041   part1.2+part2.1+part2.2+part4.1+part4.2	0h:4m:37s (0h:0m:25s left)
 194 K2P+I+G4     30862.196   part1.2+part2.1+part2.2+part5.1+part5.2	0h:4m:37s (0h:0m:24s left)
 195 K3P+I+G4     31084.007   part1.2+part1.3+part2.1+part2.2+part2.3+part3.3	0h:4m:38s (0h:0m:22s left)
 196 K3P+I+G4     31162.741   part1.2+part2.1+part2.2+part4.3+part5.3	0h:4m:38s (0h:0m:21s left)
Merging part1.1+part3.1+part3.2 with BIC score: 30727.046 (LnL: -15002.306  df: 93)
 197 K3P+I+G4     30748.810   part1.1+part1.2+part2.1+part2.2+part3.1+part3.2	0h:4m:46s (0h:0m:20s left)
 198 K3P+I+G4     30789.443   part1.1+part3.1+part3.2+part4.1+part4.2	0h:4m:50s (0h:0m:19s left)
 199 K2P+I+G4     30819.620   part1.1+part3.1+part3.2+part5.1+part5.2	0h:4m:50s (0h:0m:17s left)
 200 K3P+G4       30921.906   part1.1+part1.3+part2.3+part3.1+part3.2+part3.3	0h:4m:51s (0h:0m:16s left)
 201 K3P+I+G4     31031.088   part1.1+part3.1+part3.2+part4.3+part5.3	0h:4m:52s (0h:0m:14s left)
BEST-FIT PARTITION MODEL: 
  charpartition BIC = K3P+G4: part1.1 part3.1 part3.2, TPM2+F+I: part1.2 part2.1 part2.2, K3P+G4: part1.3 part2.3 part3.3, K3P+I+G4: part4.1 part4.2, K3P+G4: part4.3 part5.3, K2P+G4: part5.1 part5.2;
Agglomerative model selection: (((part1.1,part3.2)1:30862.8,part3.1)9:30727,(part1.2,(part2.1,part2.2)5:30769)8:30728,(part1.3,(part2.3,part3.3)4:30790.2)7:30737.2,(part4.1,part4.2)2:30835.7,(part4.3,part5.3)6:30752.8,(part5.1,part5.2)3:30812.5)
Merging into 6 partitions...
Partition information was printed to 4_set182.best_scheme.nex
Partition information in Raxml format was printed to 4_set182.best_scheme

All model information printed to 4_set182.model.gz
CPU time for ModelFinder: 382.192 seconds (0h:6m:22s)
Wall-clock time for ModelFinder: 293.853 seconds (0h:4m:53s)
Generating 1000 samples for ultrafast bootstrap (seed: 801085)...

NOTE: 8 MB RAM (0 GB) is required!
Measuring multi-threading efficiency up to 8 CPU cores
Increase to 10 rounds for branch lengths
25 trees examined
Threads: 1 / Time: 8.060 sec / Speedup: 1.000 / Efficiency: 100% / LogL: -23105
Threads: 2 / Time: 22.225 sec / Speedup: 0.363 / Efficiency: 18% / LogL: -23105
BEST NUMBER OF THREADS: 1

Estimate model parameters (epsilon = 0.100)
Initial log-likelihood: -16082.434
Current log-likelihood at step 1: -15143.842
Current log-likelihood at step 2: -15076.139
Current log-likelihood at step 3: -15032.164
Current log-likelihood at step 4: -15021.628
Current log-likelihood at step 5: -15019.769
Current log-likelihood at step 6: -15018.383
Current log-likelihood at step 7: -15017.380
Current log-likelihood at step 8: -15016.493
Current log-likelihood at step 9: -15015.667
Current log-likelihood at step 10: -15014.896
Current log-likelihood at step 11: -15014.173
Current log-likelihood at step 12: -15013.495
Current log-likelihood at step 13: -15012.844
Current log-likelihood at step 14: -15012.234
Current log-likelihood at step 15: -15011.657
Current log-likelihood at step 16: -15011.113
Current log-likelihood at step 17: -15010.602
Current log-likelihood at step 18: -15010.126
Current log-likelihood at step 19: -15009.688
Current log-likelihood at step 20: -15009.273
Current log-likelihood at step 21: -15008.881
Current log-likelihood at step 22: -15008.511
Current log-likelihood at step 23: -15008.165
Current log-likelihood at step 24: -15007.837
Current log-likelihood at step 25: -15007.526
Current log-likelihood at step 26: -15007.231
Current log-likelihood at step 27: -15006.954
Current log-likelihood at step 28: -15006.691
Current log-likelihood at step 29: -15006.442
Current log-likelihood at step 30: -15006.207
Current log-likelihood at step 31: -15006.000
Current log-likelihood at step 32: -15005.818
Current log-likelihood at step 33: -15005.631
Current log-likelihood at step 34: -15005.480
Current log-likelihood at step 35: -15005.335
Current log-likelihood at step 36: -15005.196
Current log-likelihood at step 37: -15005.063
Current log-likelihood at step 38: -15004.936
Current log-likelihood at step 39: -15004.813
Current log-likelihood at step 40: -15004.695
Current log-likelihood at step 41: -15004.583
Current log-likelihood at step 42: -15004.474
Current log-likelihood at step 43: -15004.371
Current log-likelihood at step 44: -15004.271
Partition-specific rates:  0.312 0.169 1.367 1.005 2.319 1.393
Parameters optimization took 43 rounds (8.028 sec)

Computing ML distances based on estimated model parameters... 0.059 sec
Computing BIONJ tree...
0.014 seconds
Log-likelihood of BIONJ tree: -15026.612
--------------------------------------------------------------------
|             INITIALIZING CANDIDATE TREE SET                      |
--------------------------------------------------------------------
Generating 98 parsimony trees... 3.681 second
Computing log-likelihood of 98 initial trees ... 8.837 seconds
Current best score: -15004.271

Do NNI search on 20 best initial trees
Estimate model parameters (epsilon = 0.100)
Initial log-likelihood: -15001.982
Current log-likelihood at step 1: -15001.849
Current log-likelihood at step 2: -15001.761
Parameters optimization took 1 rounds (0.203 sec)

BETTER TREE FOUND at iteration 1: -15001.761
Estimate model parameters (epsilon = 0.100)
Initial log-likelihood: -15000.070
Current log-likelihood at step 1: -14999.798
Current log-likelihood at step 2: -14999.697
Current log-likelihood at step 3: -14999.604
Parameters optimization took 2 rounds (0.528 sec)

BETTER TREE FOUND at iteration 2: -14999.604
Estimate model parameters (epsilon = 0.100)
Initial log-likelihood: -14997.619
Current log-likelihood at step 1: -14997.391
Current log-likelihood at step 2: -14997.315
Parameters optimization took 1 rounds (0.280 sec)

BETTER TREE FOUND at iteration 3: -14997.315
Estimate model parameters (epsilon = 0.100)
Initial log-likelihood: -14997.129
Current log-likelihood at step 1: -14996.910
Current log-likelihood at step 2: -14996.826
Parameters optimization took 1 rounds (0.205 sec)

BETTER TREE FOUND at iteration 6: -14996.826
UPDATE BEST LOG-LIKELIHOOD: -14996.820
Iteration 10 / LogL: -14999.227 / Time: 0h:1m:0s
Iteration 20 / LogL: -14999.780 / Time: 0h:1m:10s
Finish initializing candidate tree set (10)
Current best tree score: -14996.820 / CPU time: 31.650
Number of iterations: 20
--------------------------------------------------------------------
|               OPTIMIZING CANDIDATE TREE SET                      |
--------------------------------------------------------------------
UPDATE BEST LOG-LIKELIHOOD: -14996.820
Iteration 30 / LogL: -14996.822 / Time: 0h:1m:20s (0h:3m:31s left)
UPDATE BEST LOG-LIKELIHOOD: -14996.819
Iteration 40 / LogL: -14996.819 / Time: 0h:1m:30s (0h:2m:33s left)
Iteration 50 / LogL: -14996.827 / Time: 0h:1m:41s (0h:1m:56s left)
Log-likelihood cutoff on original alignment: -15032.430
Iteration 60 / LogL: -14999.776 / Time: 0h:1m:49s (0h:1m:25s left)
Iteration 70 / LogL: -14996.938 / Time: 0h:1m:57s (0h:1m:1s left)
Iteration 80 / LogL: -14996.890 / Time: 0h:2m:7s (0h:0m:41s left)
Iteration 90 / LogL: -14996.823 / Time: 0h:2m:16s (0h:0m:24s left)
Iteration 100 / LogL: -14996.937 / Time: 0h:2m:26s (0h:0m:8s left)
Log-likelihood cutoff on original alignment: -15032.430
NOTE: Bootstrap correlation coefficient of split occurrence frequencies: 1.000
TREE SEARCH COMPLETED AFTER 107 ITERATIONS / Time: 0h:2m:33s

--------------------------------------------------------------------
|                    FINALIZING TREE SEARCH                        |
--------------------------------------------------------------------
Performs final model parameters optimization
Estimate model parameters (epsilon = 0.010)
Initial log-likelihood: -14996.819
Current log-likelihood at step 1: -14996.708
Current log-likelihood at step 2: -14996.609
Current log-likelihood at step 3: -14996.515
Current log-likelihood at step 4: -14996.426
Current log-likelihood at step 5: -14996.342
Current log-likelihood at step 6: -14996.261
Current log-likelihood at step 7: -14996.185
Current log-likelihood at step 8: -14996.112
Current log-likelihood at step 9: -14996.043
Current log-likelihood at step 10: -14995.976
Current log-likelihood at step 11: -14995.913
Current log-likelihood at step 12: -14995.853
Current log-likelihood at step 13: -14995.797
Current log-likelihood at step 14: -14995.742
Current log-likelihood at step 15: -14995.690
Current log-likelihood at step 16: -14995.641
Current log-likelihood at step 17: -14995.595
Current log-likelihood at step 18: -14995.551
Current log-likelihood at step 19: -14995.509
Current log-likelihood at step 20: -14995.468
Current log-likelihood at step 21: -14995.430
Current log-likelihood at step 22: -14995.393
Current log-likelihood at step 23: -14995.358
Current log-likelihood at step 24: -14995.325
Current log-likelihood at step 25: -14995.293
Current log-likelihood at step 26: -14995.263
Current log-likelihood at step 27: -14995.234
Current log-likelihood at step 28: -14995.207
Current log-likelihood at step 29: -14995.180
Current log-likelihood at step 30: -14995.155
Current log-likelihood at step 31: -14995.131
Current log-likelihood at step 32: -14995.110
Current log-likelihood at step 33: -14995.093
Current log-likelihood at step 34: -14995.077
Current log-likelihood at step 35: -14995.061
Current log-likelihood at step 36: -14995.046
Current log-likelihood at step 37: -14995.031
Current log-likelihood at step 38: -14995.017
Current log-likelihood at step 39: -14995.004
Current log-likelihood at step 40: -14994.990
Current log-likelihood at step 41: -14994.978
Current log-likelihood at step 42: -14994.966
Current log-likelihood at step 43: -14994.954
Current log-likelihood at step 44: -14994.943
Current log-likelihood at step 45: -14994.932
Current log-likelihood at step 46: -14994.921
Current log-likelihood at step 47: -14994.911
Current log-likelihood at step 48: -14994.901
Partition-specific rates:  0.316 0.121 1.372 0.996 2.337 1.439
Parameters optimization took 47 rounds (7.480 sec)

BEST SCORE FOUND : -14994.901
Creating bootstrap support values...
Split supports printed to NEXUS file 4_set182.splits.nex
Total tree length: 1.270

Total number of iterations: 107
CPU time used for tree search: 60.776 sec (0h:1m:0s)
Wall-clock time used for tree search: 114.793 sec (0h:1m:54s)
Total CPU time used: 79.409 sec (0h:1m:19s)
Total wall-clock time used: 161.377 sec (0h:2m:41s)

Computing bootstrap consensus tree...
Reading input file 4_set182.splits.nex...
35 taxa and 119 splits.
Consensus tree written to 4_set182.contree
Reading input trees file 4_set182.contree
Log-likelihood of consensus tree: -14994.900

Analysis results written to: 
  IQ-TREE report:                4_set182.iqtree
  Maximum-likelihood tree:       4_set182.treefile
  Likelihood distances:          4_set182.mldist
  Best partitioning scheme:      4_set182.best_scheme.nex
           in RAxML format:      4_set182.best_scheme

Ultrafast bootstrap approximation results written to:
  Split support values:          4_set182.splits.nex
  Consensus tree:                4_set182.contree
  Screen log file:               4_set182.log

Date and Time: Fri Sep  7 21:32:35 2018
