IQ-TREE multicore version 1.6.7 for Mac OS X 64-bit built Aug 23 2018
Developed by Bui Quang Minh, Nguyen Lam Tung, Olga Chernomor,
Heiko Schmidt, Dominik Schrempf, Michael Woodhams.

Host:    meeps-mac-pro.staff.sydney.edu.au (AVX, 64 GB RAM)
Command: /Users/davidduchene/Desktop/Software/iqtree-1.6.7-MacOSX/bin/iqtree -s ../../../../marsupials/set246.fasta -m TESTMERGE -bb 1000 -spp ../../../../marsupials/set246.nex -nt AUTO -pre 4_set246
Seed:    767026 (Using SPRNG - Scalable Parallel Random Number Generator)
Time:    Sat Sep  8 05:52:49 2018
Kernel:  AVX - auto-detect threads (8 CPU cores detected)

Reading partition model file ../../../../marsupials/set246.nex ...
Reading alignment file ../../../../marsupials/set246.fasta ... Fasta format detected
Alignment most likely contains DNA/RNA sequences
Alignment has 37 sequences with 2436 columns, 1059 distinct patterns
630 parsimony-informative, 412 singleton sites, 1394 constant sites
                                              Gap/Ambiguity  Composition  p-value
   1  Burramyidae_Burramys_parvus                     0.29%    passed     86.32%
   2  Notoryctidae_Notoryctes_typhlops                9.61%    passed     90.68%
   3  Vombatidae_Lasiorhinus_latifrons                1.19%    passed     88.97%
   4  Potoroidae_Bettongia_penicillata                0.04%    passed     99.97%
   5  Potoroidae_Bettongia_lesueur                    0.04%    passed     99.87%
   6  Dasyuridae_Dasyurus_maculatus                   5.87%    passed     95.40%
   7  Phalangeridae_Trichosurus_vulpecula             0.25%    passed     87.03%
   8  Phalangeridae_Spilocuscus_maculatus             0.57%    passed     95.49%
   9  Potoroidae_Aepyprymnus_rufescens                0.08%    passed     99.54%
  10  Peramelidae_Perameles_nasuta                    1.11%    passed     59.28%
  11  Myrmecobiidae_Myrmecobius_fasciatus1           91.38%    passed      5.55%
  12  Phalangeridae_Strigocuscus_pelengensis          4.97%    passed     97.58%
  13  Dasyuridae_Phascogale_tapoatafa                27.96%    failed      2.01%
  14  Dasyuridae_Sminthopsis_macroura                 0.37%    passed     69.67%
  15  Phalangeridae_Phalanger_orientalis              0.57%    passed     88.86%
  16  Acrobatidae_Acrobates_pygmaeus                  3.82%    passed     90.89%
  17  Dasyuridae_Phascogale_calura                   27.96%    failed      1.97%
  18  Dasyuridae_Sarcophilus_harrisii                 3.12%    passed     66.04%
  19  Dasyuridae_Planigale_tenuirostris              30.30%    failed      2.32%
  20  Peramelidae_Echymipera_kalubu                   0.57%    passed     67.32%
  21  Macropodidae_Dorcopsulus_vanheurni              0.49%    passed     92.89%
  22  Pseudochiridae_Pseudochirulus_forbesi           0.00%    passed     98.04%
  23  Didelphidae_Didelphis_virginiana                1.81%    passed     47.83%
  24  Marmosidae_Monodelphis_domestica                0.16%    passed     91.75%
  25  Dasyuridae_Antechinus_stuartii                 28.61%    failed      4.62%
  26  Hypsiprymnodontidae_Hypsiprymnodon_moschatus    0.74%    passed     99.39%
  27  Microbiotheriidae_Dromiciops_gliroides          9.65%    passed     78.40%
  28  Pseudochiridae_Petauroides_volans               1.03%    passed     36.85%
  29  Macropodidae_Wallabia_bicolor                   1.03%    passed     91.98%
  30  Pseudochiridae_Pseudocheirus_occidentalis       0.21%    passed     93.13%
  31  Tarsipedidae_Tarsipes_rostratus                28.37%    passed     13.57%
  32  Acrobatidae_Distoechurus_pennatus               0.41%    passed     98.01%
  33  Myrmecobiidae_Myrmecobius_fasciatus2           91.38%    passed      5.55%
  34  Phalangeridae_Phalanger_carmelitae              0.00%    passed     87.52%
  35  Peramelidae_Peroryctes_raffrayana               0.49%    passed     79.55%
  36  Dasyuridae_Dasyurus_geffroii                    0.82%    passed     49.19%
  37  Peramelidae_Perameles_gunnii                    1.03%    passed     62.24%
WARNING: 2 sequences contain more than 50% gaps/ambiguity
****  TOTAL                                          10.17%  4 sequences failed composition chi2 test (p-value<5%; df=3)
NOTE: No CharPartition defined, use all CharSets

Loading 15 partitions...
Subset	Type	Seqs	Sites	Infor	Invar	Model	Name
1		30	227	13	168	TESTMERGE	part1.1
2		30	227	8	188	TESTMERGE	part1.2
3		30	227	109	77	TESTMERGE	part1.3
4		35	98	6	87	TESTMERGE	part2.1
5		35	98	0	98	TESTMERGE	part2.2
WARNING: No parsimony-informative sites in partition part2.2
6		35	98	54	22	TESTMERGE	part2.3
7		35	323	81	200	TESTMERGE	part3.1
8		35	323	69	218	TESTMERGE	part3.2
9		35	323	133	118	TESTMERGE	part3.3
10		37	72	24	30	TESTMERGE	part4.1
11		37	72	23	37	TESTMERGE	part4.2
12		37	72	37	19	TESTMERGE	part4.3
13		35	92	14	48	TESTMERGE	part5.1
14		35	92	7	61	TESTMERGE	part5.2
15		35	92	52	23	TESTMERGE	part5.3
Degree of missing data: 0.087
Info: multi-threading strategy over partitions

NOTE: Myrmecobiidae_Myrmecobius_fasciatus2 is identical to Myrmecobiidae_Myrmecobius_fasciatus1 but kept for subsequent analysis


Create initial parsimony tree by phylogenetic likelihood library (PLL)... 0.007 seconds
NOTE: ModelFinder requires 10 MB RAM!
NUMBER OF THREADS FOR PARTITION FINDING: 8
Testing GTR+F+G on supermatrix...
GTR+F+G4 / LnL: -14801.936 / df: 80 / AIC: 29763.872 / AICc: 29769.375 / BIC: 30227.721
Selecting individual models for 15 charsets using BIC...
 No. Model        Score       Charset
   1 K2P          1201.221    part4.3
   2 HKY+F        1513.672    part1.1
   3 TNe+G4       1968.605    part5.3
   4 TN+F+G4      3094.559    part3.2
   5 K2P+G4       3358.144    part3.1
   6 HKY+F        1225.973    part1.2
   7 K2P+G4       4983.075    part3.3
   8 K2P+G4       1002.331    part4.1
   9 TVMe         369.587     part2.2
  10 TNe+G4       942.152     part4.2	0h:0m:11s (0h:3m:54s left)
  11 TPM2+F+G4    2456.993    part2.3	0h:0m:12s (0h:3m:40s left)
  12 K2P+G4       846.954     part5.2	0h:0m:13s (0h:3m:35s left)
  13 TIM2+F+G4    1047.261    part5.1	0h:0m:13s (0h:3m:20s left)
  14 TVM+F+G4     4332.618    part1.3	0h:0m:13s (0h:3m:4s left)
  15 TNe+G4       509.708     part2.1	0h:0m:13s (0h:2m:57s left)
Full partition model BIC score: 29602.325 (LnL: -14247.497  df:142)
Merging models to increase model fit (about 211 total partition schemes)...
  16 K2P+G4       29680.930   part1.1+part3.3	0h:0m:19s (0h:3m:56s left)
  17 K2P+G4       29624.648   part3.1+part3.3	0h:0m:20s (0h:3m:51s left)
  18 K2P+G4       29587.053   part3.3+part4.3	0h:0m:21s (0h:3m:50s left)
  19 K2P+G4       29600.553   part3.3+part5.3	0h:0m:22s (0h:3m:44s left)
  20 K2P+G4       29729.246   part2.3+part3.3	0h:0m:25s (0h:4m:2s left)
  21 HKY+F+G4     29650.482   part3.2+part3.3	0h:0m:25s (0h:3m:50s left)
  22 K2P+I+G4     29753.523   part1.3+part3.1	0h:0m:26s (0h:3m:48s left)
  23 K2P+G4       29704.415   part1.3+part3.3	0h:0m:28s (0h:3m:53s left)
  24 K2P+G4       29581.051   part3.3+part4.1	0h:0m:32s (0h:4m:9s left)
  25 K2P+G4       29724.290   part1.2+part3.3	0h:0m:32s (0h:4m:1s left)
  26 TN+F+G4      29586.754   part3.1+part3.2	0h:0m:33s (0h:4m:0s left)
  27 K2P+G4       29583.896   part3.3+part4.2	0h:0m:35s (0h:4m:2s left)
  28 K2P+G4       29583.727   part3.3+part5.1	0h:0m:37s (0h:4m:5s left)
  29 K2P+G4       29608.608   part3.3+part5.2	0h:0m:37s (0h:3m:57s left)
  30 K2P+G4       29680.009   part2.1+part3.3	0h:0m:37s (0h:3m:48s left)
  31 K3P+I+G4     29768.158   part1.3+part3.2	0h:0m:39s (0h:3m:50s left)
  32 K2P+G4       29648.143   part2.2+part3.3	0h:0m:40s (0h:3m:48s left)
  33 TN+F+G4      29611.993   part1.1+part3.1	0h:0m:42s (0h:3m:47s left)
  34 TIM+F+I+G4   29766.361   part1.1+part1.3	0h:0m:44s (0h:3m:53s left)
  35 TN+F+G4      29615.320   part1.1+part3.2	0h:0m:45s (0h:3m:46s left)
  36 TNe+G4       29639.018   part3.1+part5.3	0h:0m:45s (0h:3m:38s left)
  37 TN+F+I+G4    29773.955   part2.3+part3.1	0h:0m:47s (0h:3m:41s left)
  38 K2P+G4       29613.241   part3.1+part4.3	0h:0m:48s (0h:3m:40s left)
  39 TVM+F+G4     29613.663   part1.3+part5.3	0h:0m:49s (0h:3m:37s left)
  40 K2P+G4       29630.009   part1.2+part3.1	0h:0m:49s (0h:3m:32s left)
  41 TPM2u+F+G4   29556.790   part1.3+part2.3	0h:0m:51s (0h:3m:34s left)
  42 TIM2+F+G4    29641.292   part1.3+part4.3	0h:0m:52s (0h:3m:29s left)
  43 K2P+I+G4     29809.906   part1.2+part1.3	0h:0m:55s (0h:3m:35s left)
  44 TN+F+I+G4    29782.330   part2.3+part3.2	0h:0m:55s (0h:3m:29s left)
  45 K2P+G4       29589.588   part3.1+part4.1	0h:0m:55s (0h:3m:24s left)
  46 TN+F+G4      29656.826   part3.2+part5.3	0h:0m:58s (0h:3m:31s left)
  47 K2P+G4       29580.704   part3.1+part4.2	0h:0m:59s (0h:3m:28s left)
  48 K3Pu+F+G4    29625.614   part1.3+part4.1	0h:1m:2s (0h:3m:30s left)
  49 TN+F+G4      29581.052   part3.1+part5.1	0h:1m:4s (0h:3m:32s left)
  50 HKY+F+G4     29602.693   part1.2+part3.2	0h:1m:4s (0h:3m:28s left)
  51 HKY+F+G4     29621.140   part3.2+part4.3	0h:1m:6s (0h:3m:27s left)
  52 GTR+F+G4     29627.221   part1.3+part4.2	0h:1m:6s (0h:3m:23s left)
  53 TIM+F+G4     29646.875   part1.3+part5.1	0h:1m:8s (0h:3m:24s left)
  54 K2P+G4       29580.143   part3.1+part5.2	0h:1m:11s (0h:3m:27s left)
  55 TPM2u+F+G4   29597.452   part3.2+part4.1	0h:1m:13s (0h:3m:27s left)
  56 TN+F+G4      29560.536   part3.2+part5.1	0h:1m:15s (0h:3m:29s left)
  57 HKY+F+G4     29584.229   part3.2+part4.2	0h:1m:16s (0h:3m:25s left)
  58 K3Pu+F+G4    29674.445   part1.3+part5.2	0h:1m:16s (0h:3m:20s left)
  59 TNe+G4       29619.408   part2.1+part3.1	0h:1m:17s (0h:3m:19s left)
  60 TN+F+I+G4    29758.179   part1.1+part2.3	0h:1m:20s (0h:3m:22s left)
  61 HKY+F+G4     29568.393   part3.2+part5.2	0h:1m:21s (0h:3m:20s left)
  62 K3Pu+F+I+G4  29699.157   part1.3+part2.1	0h:1m:24s (0h:3m:22s left)
  63 K2P+G4       29568.763   part2.2+part3.1	0h:1m:25s (0h:3m:21s left)
  64 K2P+G4       29650.263   part1.1+part4.3	0h:1m:25s (0h:3m:17s left)
  65 TNe+G4       29697.504   part1.1+part5.3	0h:1m:26s (0h:3m:13s left)
  66 TPM2+F+G4    29634.363   part2.3+part5.3	0h:1m:28s (0h:3m:14s left)
  67 K2P          29604.531   part1.1+part1.2	0h:1m:29s (0h:3m:12s left)
  68 K3Pu+F+I+G4  29682.002   part1.3+part2.2	0h:1m:32s (0h:3m:14s left)
  69 TN+F+G4      29613.428   part2.1+part3.2	0h:1m:32s (0h:3m:10s left)
  70 TPM2+F+G4    29676.817   part2.3+part4.3	0h:1m:34s (0h:3m:9s left)
  71 HKY+F+G4     29619.746   part1.1+part4.1	0h:1m:34s (0h:3m:7s left)
WARNING: ABNORMAL_TERMINATION_IN_LNSRCH
  72 HKY+F+G4     29642.240   part2.3+part4.1	0h:1m:35s (0h:3m:3s left)
  73 HKY+F+G4     29548.233   part2.2+part3.2	0h:1m:35s (0h:3m:1s left)
  74 HKY+F+G4     29600.263   part4.3+part5.3	0h:1m:37s (0h:2m:59s left)
  75 HKY+F+I+G4   29818.759   part1.2+part2.3	0h:1m:39s (0h:2m:59s left)
  76 HKY+F+G4     29614.410   part1.1+part4.2	0h:1m:39s (0h:2m:56s left)
  77 HKY+F+G4     29728.479   part1.2+part5.3	0h:1m:41s (0h:2m:56s left)
  78 K2P+G4       29596.739   part4.1+part5.3	0h:1m:43s (0h:2m:57s left)
  79 HKY+F+G4     29599.873   part1.1+part5.2	0h:1m:44s (0h:2m:53s left)
  80 HKY+F+G4     29665.569   part1.2+part4.3	0h:1m:45s (0h:2m:53s left)
  81 K2P+G4       29588.125   part4.1+part4.3	0h:1m:47s (0h:2m:53s left)
  82 TPM2+F+G4    29641.443   part2.3+part4.2	0h:1m:47s (0h:2m:49s left)
  83 TN+F+G4      29599.350   part1.1+part5.1	0h:1m:48s (0h:2m:46s left)
  84 TIM2+F+G4    29645.544   part2.3+part5.1	0h:1m:51s (0h:2m:47s left)
  85 K2P+G4       29595.987   part4.2+part5.3	0h:1m:52s (0h:2m:46s left)
  86 K2P+G4       29592.517   part4.2+part4.3	0h:1m:55s (0h:2m:47s left)
  87 TN+F+G4      29608.364   part1.1+part2.1	0h:1m:56s (0h:2m:46s left)
  88 TNe+G4       29594.209   part5.1+part5.3	0h:1m:57s (0h:2m:43s left)
  89 K2P+G4       29626.537   part5.2+part5.3	0h:1m:57s (0h:2m:40s left)
  90 TN+F+G4      29642.085   part1.2+part4.1	0h:1m:58s (0h:2m:39s left)
  91 TIM3e+G4     29695.468   part2.3+part5.2	0h:1m:59s (0h:2m:36s left)
  92 K2P+G4       29591.755   part4.3+part5.1	0h:1m:59s (0h:2m:34s left)
  93 TN+F+G4      29622.997   part1.2+part4.2	0h:2m:1s (0h:2m:34s left)
  94 HKY+F+G4     29621.216   part1.2+part5.1	0h:2m:4s (0h:2m:34s left)
  95 TNe+G4       29578.919   part4.1+part4.2	0h:2m:5s (0h:2m:33s left)
  96 TN+F+G4      29587.351   part4.1+part5.1	0h:2m:5s (0h:2m:30s left)
  97 K2P+G4       29549.009   part1.1+part2.2	0h:2m:6s (0h:2m:29s left)
  98 HKY+F+G4     29616.064   part4.3+part5.2	0h:2m:7s (0h:2m:27s left)
  99 TN+F+G4      29599.420   part1.2+part5.2	0h:2m:8s (0h:2m:25s left)
 100 TIM2+F+I+G4  29708.128   part2.1+part2.3	0h:2m:10s (0h:2m:25s left)
 101 TNe+G4       29674.104   part2.1+part5.3	0h:2m:12s (0h:2m:24s left)
 102 TNe+G4       29592.018   part4.1+part5.2	0h:2m:13s (0h:2m:22s left)
 103 K2P+G4       29574.037   part4.2+part5.1	0h:2m:13s (0h:2m:20s left)
 104 K2P+G4       29637.003   part2.2+part5.3	0h:2m:14s (0h:2m:18s left)
 105 TNe+G4       29667.781   part2.1+part4.3	0h:2m:14s (0h:2m:15s left)
 106 TNe+G4       29580.863   part4.2+part5.2	0h:2m:16s (0h:2m:15s left)
 107 TPM3u+F+I+G4 29692.137   part2.2+part2.3	0h:2m:16s (0h:2m:12s left)
 108 TPM3u+F+G4   29572.639   part5.1+part5.2	0h:2m:19s (0h:2m:12s left)
 109 HKY+F+G4     29621.413   part2.2+part4.3	0h:2m:20s (0h:2m:11s left)
 110 HKY+F+I      29520.173   part1.2+part2.2	0h:2m:21s (0h:2m:9s left)
 111 TN+F+G4      29619.227   part1.2+part2.1	0h:2m:23s (0h:2m:8s left)
 112 K2P+G4       29633.002   part2.1+part4.1	0h:2m:23s (0h:2m:6s left)
 113 K2P+G4       29579.982   part2.2+part4.1	0h:2m:25s (0h:2m:6s left)
 114 K2P+G4       29619.102   part2.1+part4.2	0h:2m:25s (0h:2m:3s left)
 115 K2P+G4       29607.728   part2.1+part5.2	0h:2m:26s (0h:2m:2s left)
 116 TIM2+F+G4    29620.825   part2.1+part5.1	0h:2m:27s (0h:2m:0s left)
 117 TNe+G4       29563.820   part2.2+part4.2	0h:2m:27s (0h:1m:58s left)
 118 TN+F+G4      29547.884   part2.2+part5.2	0h:2m:28s (0h:1m:56s left)
 119 HKY+F+G4     29566.775   part2.2+part5.1	0h:2m:28s (0h:1m:54s left)
 120 TNe+I        29508.153   part2.1+part2.2	0h:2m:28s (0h:1m:52s left)
Merging part2.1+part2.2 with BIC score: 29508.153 (LnL: -14219.906  df: 137)
 121 K2P+I+G4     29563.830   part2.1+part2.2+part5.1	0h:2m:32s (0h:1m:53s left)
 122 K2P+G4       29575.950   part2.1+part2.2+part4.1	0h:2m:33s (0h:1m:51s left)
 123 TN+F+G4      29531.101   part1.2+part2.1+part2.2	0h:2m:33s (0h:1m:49s left)
 124 K2P+G4       29548.094   part1.1+part2.1+part2.2	0h:2m:33s (0h:1m:47s left)
 125 TNe+G4       29574.625   part2.1+part2.2+part3.1	0h:2m:34s (0h:1m:46s left)
 126 TN+F+G4      29557.614   part2.1+part2.2+part3.2	0h:2m:34s (0h:1m:44s left)
 127 K2P+G4       29687.886   part2.1+part2.2+part3.3	0h:2m:35s (0h:1m:42s left)
 128 K2P+I        29534.748   part2.1+part2.2+part5.2	0h:2m:37s (0h:1m:42s left)
 129 K2P+I+G4     29557.605   part2.1+part2.2+part4.2	0h:2m:38s (0h:1m:40s left)
 130 K2P+G4       29624.694   part2.1+part2.2+part4.3	0h:2m:38s (0h:1m:38s left)
 131 K3Pu+F+I+G4  29716.180   part1.3+part2.1+part2.2	0h:2m:39s (0h:1m:37s left)
 132 TNe+G4       29649.311   part2.1+part2.2+part5.3	0h:2m:40s (0h:1m:35s left)
 133 TPM3u+F+I+G4 29710.754   part2.1+part2.2+part2.3	0h:2m:40s (0h:1m:34s left)
Merging part1.3+part2.3 with BIC score: 29462.618 (LnL: -14232.230  df: 128)
 134 TPM2+F+G4    29559.699   part1.3+part2.3+part5.2	0h:2m:50s (0h:1m:38s left)
 135 TPM2u+F+I+G4 29752.148   part1.2+part1.3+part2.3	0h:2m:52s (0h:1m:36s left)
 136 TIM+F+I+G4   29730.247   part1.3+part2.3+part3.2	0h:2m:54s (0h:1m:36s left)
 137 TPM2+F+G4    29653.753   part1.3+part2.3+part3.3	0h:2m:56s (0h:1m:35s left)
 138 TPM2+F+G4    29495.873   part1.3+part2.3+part4.2	0h:2m:56s (0h:1m:33s left)
 139 TIM2+F+G4    29665.940   part1.1+part1.3+part2.3	0h:2m:56s (0h:1m:31s left)
 140 TPM2+F+G4    29498.903   part1.3+part2.3+part4.1	0h:2m:58s (0h:1m:30s left)
 141 TIM2+F+G4    29519.025   part1.3+part2.3+part4.3	0h:2m:58s (0h:1m:28s left)
 142 TIM2+F+G4    29523.972   part1.3+part2.3+part5.1	0h:3m:4s (0h:1m:29s left)
 143 TPM2+F+G4    29484.468   part1.3+part2.3+part5.3	0h:3m:7s (0h:1m:28s left)
 144 K3Pu+F+I+G4  29740.683   part1.3+part2.1+part2.2+part2.3	0h:3m:7s (0h:1m:27s left)
 145 TIM2+F+I+G4  29689.615   part1.3+part2.3+part3.1	0h:3m:7s (0h:1m:25s left)
Merging part3.2+part5.1 with BIC score: 29420.828 (LnL: -14242.527  df: 120)
 146 TN+F+G4      29439.445   part1.1+part3.2+part5.1	0h:3m:15s (0h:1m:26s left)
 147 HKY+F+G4     29443.760   part1.2+part3.2+part5.1	0h:3m:15s (0h:1m:25s left)
 148 TN+F+G4      29408.999   part3.2+part4.2+part5.1	0h:3m:15s (0h:1m:23s left)
 149 TN+F+G4      29416.457   part3.2+part4.1+part5.1	0h:3m:16s (0h:1m:21s left)
 150 TN+F+G4      29443.703   part3.2+part4.3+part5.1	0h:3m:16s (0h:1m:19s left)
 151 TN+F+G4      29472.706   part3.2+part5.1+part5.3	0h:3m:16s (0h:1m:18s left)
 152 TN+F+G4      29471.188   part3.2+part3.3+part5.1	0h:3m:20s (0h:1m:17s left)
 153 TN+F+G4      29491.900   part2.1+part2.2+part3.2+part5.1	0h:3m:22s (0h:1m:16s left)
 154 TN+F+G4      29393.393   part3.2+part5.1+part5.2	0h:3m:23s (0h:1m:15s left)
 155 TIM+F+I+G4   29721.947   part1.3+part2.3+part3.2+part5.1	0h:3m:23s (0h:1m:13s left)
 156 TN+F+G4      29405.017   part3.1+part3.2+part5.1	0h:3m:24s (0h:1m:12s left)
Merging part3.2+part5.1+part5.2 with BIC score: 29393.393 (LnL: -14240.507  df: 117)
 157 TN+F+G4      29414.838   part1.1+part3.2+part5.1+part5.2	0h:3m:31s (0h:1m:12s left)
 158 HKY+F+G4     29374.781   part3.2+part4.2+part5.1+part5.2	0h:3m:33s (0h:1m:11s left)
 159 TIM+F+G4     29455.552   part3.2+part5.1+part5.2+part5.3	0h:3m:33s (0h:1m:9s left)
 160 TN+F+G4      29415.989   part3.2+part4.3+part5.1+part5.2	0h:3m:33s (0h:1m:8s left)
 161 HKY+F+G4     29386.872   part3.2+part4.1+part5.1+part5.2	0h:3m:33s (0h:1m:6s left)
 162 HKY+F+G4     29410.935   part1.2+part3.2+part5.1+part5.2	0h:3m:35s (0h:1m:5s left)
 163 HKY+F+G4     29447.082   part3.2+part3.3+part5.1+part5.2	0h:3m:36s (0h:1m:3s left)
 164 TN+F+G4      29466.971   part2.1+part2.2+part3.2+part5.1+part5.2	0h:3m:37s (0h:1m:2s left)
 165 TIM+F+I+G4   29743.225   part1.3+part2.3+part3.2+part5.1+part5.2	0h:3m:39s (0h:1m:1s left)
 166 TN+F+G4      29378.864   part3.1+part3.2+part5.1+part5.2	0h:3m:40s (0h:0m:59s left)
Merging part4.1+part4.2 with BIC score: 29369.987 (LnL: -14240.501  df: 114)
 167 K2P+G4       29361.331   part4.1+part4.2+part4.3	0h:3m:44s (0h:0m:59s left)
 168 K2P+G4       29459.904   part2.1+part2.2+part4.1+part4.2	0h:3m:44s (0h:0m:57s left)
 169 HKY+F+G4     29399.254   part1.1+part4.1+part4.2	0h:3m:45s (0h:0m:55s left)
 170 K2P+G4       29373.859   part4.1+part4.2+part5.3	0h:3m:45s (0h:0m:54s left)
 171 TN+F+G4      29417.979   part1.2+part4.1+part4.2	0h:3m:47s (0h:0m:53s left)
 172 K2P+G4       29353.156   part3.3+part4.1+part4.2	0h:3m:47s (0h:0m:51s left)
 173 HKY+F+G4     29365.510   part3.2+part4.1+part4.2+part5.1+part5.2	0h:3m:49s (0h:0m:50s left)
 174 K2P+G4       29357.536   part3.1+part4.1+part4.2	0h:3m:50s (0h:0m:48s left)
 175 TPM2+F+G4    29454.404   part1.3+part2.3+part4.1+part4.2	0h:3m:52s (0h:0m:47s left)
Merging part3.3+part4.1+part4.2 with BIC score: 29353.156 (LnL: -14247.682  df: 110)
 176 K2P+G4       29533.271   part2.1+part2.2+part3.3+part4.1+part4.2	0h:4m:0s (0h:0m:47s left)
 177 K2P+G4       29339.942   part3.3+part4.1+part4.2+part4.3	0h:4m:1s (0h:0m:46s left)
 178 TNe+G4       29471.235   part1.2+part3.3+part4.1+part4.2	0h:4m:2s (0h:0m:44s left)
 179 K2P+G4       29370.296   part3.1+part3.3+part4.1+part4.2	0h:4m:2s (0h:0m:43s left)
 180 K2P+G4       29426.860   part1.1+part3.3+part4.1+part4.2	0h:4m:2s (0h:0m:41s left)
 181 K2P+G4       29357.793   part3.3+part4.1+part4.2+part5.3	0h:4m:3s (0h:0m:40s left)
 182 HKY+F+G4     29404.842   part3.2+part3.3+part4.1+part4.2+part5.1+part5.2	0h:4m:6s (0h:0m:39s left)
 183 TPM2u+F+G4   29599.863   part1.3+part2.3+part3.3+part4.1+part4.2	0h:4m:9s (0h:0m:38s left)
Merging part3.1+part3.2+part5.1+part5.2 with BIC score: 29338.627 (LnL: -14252.114  df: 107)
 184 TN+F+G4      29416.228   part2.1+part2.2+part3.1+part3.2+part5.1+part5.2	0h:4m:19s (0h:0m:38s left)
 185 TN+F+G4      29374.546   part1.2+part3.1+part3.2+part5.1+part5.2	0h:4m:20s (0h:0m:36s left)
 186 TN+F+G4      29351.323   part1.1+part3.1+part3.2+part5.1+part5.2	0h:4m:20s (0h:0m:34s left)
 187 TN+F+G4      29361.490   part3.1+part3.2+part4.3+part5.1+part5.2	0h:4m:20s (0h:0m:33s left)
 188 TN+F+G4      29400.694   part3.1+part3.2+part5.1+part5.2+part5.3	0h:4m:21s (0h:0m:31s left)
 189 TN+F+G4      29399.746   part3.1+part3.2+part3.3+part4.1+part4.2+part5.1+part5.2	0h:4m:24s (0h:0m:30s left)
 190 TN+F+I+G4    29753.191   part1.3+part2.3+part3.1+part3.2+part5.1+part5.2	0h:4m:25s (0h:0m:29s left)
Merging part3.3+part4.1+part4.2+part4.3 with BIC score: 29325.413 (LnL: -14253.306  df: 105)
 191 K2P+G4       29523.693   part2.1+part2.2+part3.3+part4.1+part4.2+part4.3	0h:4m:34s (0h:0m:28s left)
 192 K2P+G4       29456.290   part1.2+part3.3+part4.1+part4.2+part4.3	0h:4m:35s (0h:0m:27s left)
 193 K2P+G4       29407.953   part1.1+part3.3+part4.1+part4.2+part4.3	0h:4m:35s (0h:0m:25s left)
 194 K2P+G4       29331.111   part3.3+part4.1+part4.2+part4.3+part5.3	0h:4m:36s (0h:0m:24s left)
 195 HKY+F+G4     29404.816   part3.1+part3.2+part3.3+part4.1+part4.2+part4.3+part5.1+part5.2	0h:4m:41s (0h:0m:23s left)
 196 K2P+G4       29590.113   part1.3+part2.3+part3.3+part4.1+part4.2+part4.3	0h:4m:43s (0h:0m:21s left)
BEST-FIT PARTITION MODEL: 
  charpartition BIC = HKY+F: part1.1, HKY+F: part1.2, TPM2u+F+G4: part1.3 part2.3, TNe+I: part2.1 part2.2, TN+F+G4: part3.1 part3.2 part5.1 part5.2, K2P+G4: part3.3 part4.1 part4.2 part4.3, TNe+G4: part5.3;
Agglomerative model selection: (part1.1,part1.2,(part1.3,part2.3)2:29462.6,(part2.1,part2.2)1:29508.2,(part3.1,((part3.2,part5.1)3:29420.8,part5.2)4:29393.4)7:29338.6,((part3.3,(part4.1,part4.2)5:29370)6:29353.2,part4.3)8:29325.4,part5.3)
Merging into 7 partitions...
Partition information was printed to 4_set246.best_scheme.nex
Partition information in Raxml format was printed to 4_set246.best_scheme

All model information printed to 4_set246.model.gz
CPU time for ModelFinder: 430.759 seconds (0h:7m:10s)
Wall-clock time for ModelFinder: 285.394 seconds (0h:4m:45s)
Generating 1000 samples for ultrafast bootstrap (seed: 767026)...

NOTE: 9 MB RAM (0 GB) is required!
Measuring multi-threading efficiency up to 8 CPU cores
Increase to 10 rounds for branch lengths
22 trees examined
Threads: 1 / Time: 8.192 sec / Speedup: 1.000 / Efficiency: 100% / LogL: -22462
Threads: 2 / Time: 16.387 sec / Speedup: 0.500 / Efficiency: 25% / LogL: -22462
BEST NUMBER OF THREADS: 1

Estimate model parameters (epsilon = 0.100)
Initial log-likelihood: -15715.870
Current log-likelihood at step 1: -14499.461
Current log-likelihood at step 2: -14435.370
Current log-likelihood at step 3: -14424.230
Current log-likelihood at step 4: -14408.960
Current log-likelihood at step 5: -14397.574
Current log-likelihood at step 6: -14384.565
Current log-likelihood at step 7: -14369.434
Current log-likelihood at step 8: -14351.434
Current log-likelihood at step 9: -14329.426
Current log-likelihood at step 10: -14301.734
Current log-likelihood at step 11: -14267.377
Current log-likelihood at step 12: -14244.735
Current log-likelihood at step 13: -14244.732
Partition-specific rates:  0.318 0.212 3.017 0.114 0.624 1.128 2.031
Parameters optimization took 12 rounds (2.420 sec)

Computing ML distances based on estimated model parameters... 0.068 sec
Computing BIONJ tree...
0.006 seconds
Log-likelihood of BIONJ tree: -14260.454
--------------------------------------------------------------------
|             INITIALIZING CANDIDATE TREE SET                      |
--------------------------------------------------------------------
Generating 98 parsimony trees... 3.809 second
Computing log-likelihood of 98 initial trees ... 11.085 seconds
Current best score: -14242.345

Do NNI search on 20 best initial trees
Estimate model parameters (epsilon = 0.100)
Initial log-likelihood: -14240.661
Current log-likelihood at step 1: -14240.589
Parameters optimization took 0 rounds (0.147 sec)

BETTER TREE FOUND at iteration 1: -14240.589
Iteration 10 / LogL: -14240.604 / Time: 0h:0m:51s
UPDATE BEST LOG-LIKELIHOOD: -14240.589
Iteration 20 / LogL: -14240.643 / Time: 0h:1m:3s
Finish initializing candidate tree set (3)
Current best tree score: -14240.589 / CPU time: 35.551
Number of iterations: 20
--------------------------------------------------------------------
|               OPTIMIZING CANDIDATE TREE SET                      |
--------------------------------------------------------------------
Iteration 30 / LogL: -14240.597 / Time: 0h:1m:15s (0h:3m:4s left)
Iteration 40 / LogL: -14240.633 / Time: 0h:1m:25s (0h:2m:13s left)
Iteration 50 / LogL: -14240.592 / Time: 0h:1m:36s (0h:1m:40s left)
Log-likelihood cutoff on original alignment: -14279.307
Iteration 60 / LogL: -14252.729 / Time: 0h:1m:48s (0h:1m:15s left)
Iteration 70 / LogL: -14250.596 / Time: 0h:1m:59s (0h:0m:53s left)
Iteration 80 / LogL: -14243.528 / Time: 0h:2m:10s (0h:0m:34s left)
Iteration 90 / LogL: -14250.682 / Time: 0h:2m:21s (0h:0m:17s left)
Iteration 100 / LogL: -14243.457 / Time: 0h:2m:31s (0h:0m:1s left)
Log-likelihood cutoff on original alignment: -14279.307
NOTE: Bootstrap correlation coefficient of split occurrence frequencies: 1.000
TREE SEARCH COMPLETED AFTER 102 ITERATIONS / Time: 0h:2m:33s

--------------------------------------------------------------------
|                    FINALIZING TREE SEARCH                        |
--------------------------------------------------------------------
Performs final model parameters optimization
Estimate model parameters (epsilon = 0.010)
Initial log-likelihood: -14240.588
Current log-likelihood at step 1: -14240.570
Current log-likelihood at step 2: -14240.568
Partition-specific rates:  0.318 0.213 3.025 0.101 0.624 1.126 2.033
Parameters optimization took 1 rounds (0.235 sec)

BEST SCORE FOUND : -14240.568
Creating bootstrap support values...
Split supports printed to NEXUS file 4_set246.splits.nex
Total tree length: 1.169

Total number of iterations: 102
CPU time used for tree search: 60.027 sec (0h:1m:0s)
Wall-clock time used for tree search: 126.286 sec (0h:2m:6s)
Total CPU time used: 71.019 sec (0h:1m:11s)
Total wall-clock time used: 154.570 sec (0h:2m:34s)

Computing bootstrap consensus tree...
Reading input file 4_set246.splits.nex...
37 taxa and 135 splits.
Consensus tree written to 4_set246.contree
Reading input trees file 4_set246.contree
Log-likelihood of consensus tree: -14241.000

Analysis results written to: 
  IQ-TREE report:                4_set246.iqtree
  Maximum-likelihood tree:       4_set246.treefile
  Likelihood distances:          4_set246.mldist
  Best partitioning scheme:      4_set246.best_scheme.nex
           in RAxML format:      4_set246.best_scheme

Ultrafast bootstrap approximation results written to:
  Split support values:          4_set246.splits.nex
  Consensus tree:                4_set246.contree
  Screen log file:               4_set246.log

Date and Time: Sat Sep  8 06:00:10 2018
