IQ-TREE multicore version 1.6.7 for Mac OS X 64-bit built Aug 23 2018
Developed by Bui Quang Minh, Nguyen Lam Tung, Olga Chernomor,
Heiko Schmidt, Dominik Schrempf, Michael Woodhams.

Host:    meeps-mac-pro.staff.sydney.edu.au (AVX, 64 GB RAM)
Command: /Users/davidduchene/Desktop/Software/iqtree-1.6.7-MacOSX/bin/iqtree -s ../../../../marsupials/set179.fasta -m TESTMERGE -bb 1000 -sp ../../../../marsupials/set179.nex -nt AUTO -pre 6_set179
Seed:    125313 (Using SPRNG - Scalable Parallel Random Number Generator)
Time:    Sat Sep  8 00:16:30 2018
Kernel:  AVX - auto-detect threads (8 CPU cores detected)

Reading partition model file ../../../../marsupials/set179.nex ...
Reading alignment file ../../../../marsupials/set179.fasta ... Fasta format detected
Alignment most likely contains DNA/RNA sequences
WARNING: 1 sites contain only gaps or ambiguous characters.
Alignment has 37 sequences with 2703 columns, 1125 distinct patterns
597 parsimony-informative, 413 singleton sites, 1693 constant sites
                                              Gap/Ambiguity  Composition  p-value
   1  Burramyidae_Burramys_parvus                    23.46%    passed     64.61%
   2  Notoryctidae_Notoryctes_typhlops               33.19%    passed     30.58%
   3  Vombatidae_Lasiorhinus_latifrons               32.63%    passed     24.03%
   4  Potoroidae_Bettongia_penicillata               19.09%    passed     97.36%
   5  Potoroidae_Bettongia_lesueur                   18.02%    passed     96.99%
   6  Dasyuridae_Dasyurus_maculatus                   0.26%    passed     35.91%
   7  Phalangeridae_Trichosurus_vulpecula            17.94%    passed     96.97%
   8  Phalangeridae_Spilocuscus_maculatus            18.53%    passed     98.24%
   9  Potoroidae_Aepyprymnus_rufescens               17.94%    passed     99.25%
  10  Peramelidae_Perameles_nasuta                   32.41%    passed     65.07%
  11  Phalangeridae_Strigocuscus_pelengensis          3.07%    passed     18.14%
  12  Dasyuridae_Phascogale_tapoatafa                17.76%    passed     61.12%
  13  Vombatidae_Vombatus_ursinus1                   85.61%    failed      0.00%
  14  Dasyuridae_Sminthopsis_macroura                 6.40%    passed     77.79%
  15  Vombatidae_Vombatus_ursinus2                   85.61%    failed      0.00%
  16  Phalangeridae_Phalanger_orientalis             17.76%    passed     96.26%
  17  Acrobatidae_Acrobates_pygmaeus                 18.83%    passed     78.55%
  18  Dasyuridae_Phascogale_calura                   17.98%    passed     58.76%
  19  Dasyuridae_Sarcophilus_harrisii                17.72%    passed     45.36%
  20  Dasyuridae_Planigale_tenuirostris              20.98%    passed     53.30%
  21  Peramelidae_Echymipera_kalubu                  17.61%    passed     94.97%
  22  Macropodidae_Dorcopsulus_vanheurni             17.80%    passed     89.72%
  23  Pseudochiridae_Pseudochirulus_forbesi          17.94%    passed     90.24%
  24  Didelphidae_Didelphis_virginiana               25.68%    passed     99.99%
  25  Marmosidae_Monodelphis_domestica               38.07%    passed      7.74%
  26  Dasyuridae_Antechinus_stuartii                  0.30%    passed     62.18%
  27  Hypsiprymnodontidae_Hypsiprymnodon_moschatus   17.91%    passed     94.55%
  28  Microbiotheriidae_Dromiciops_gliroides          1.66%    passed     16.07%
  29  Pseudochiridae_Petauroides_volans               3.03%    passed     51.88%
  30  Macropodidae_Wallabia_bicolor                  18.42%    passed     89.00%
  31  Pseudochiridae_Pseudocheirus_occidentalis      64.67%    passed      5.71%
  32  Tarsipedidae_Tarsipes_rostratus                 1.52%    passed     36.37%
  33  Acrobatidae_Distoechurus_pennatus              17.76%    passed     99.66%
  34  Phalangeridae_Phalanger_carmelitae             17.72%    passed     94.67%
  35  Peramelidae_Peroryctes_raffrayana              23.46%    passed     93.50%
  36  Dasyuridae_Dasyurus_geffroii                   17.80%    passed     32.53%
  37  Peramelidae_Perameles_gunnii                   19.83%    passed     94.57%
WARNING: 3 sequences contain more than 50% gaps/ambiguity
****  TOTAL                                          22.33%  2 sequences failed composition chi2 test (p-value<5%; df=3)
NOTE: No CharPartition defined, use all CharSets

Loading 15 partitions...
Subset	Type	Seqs	Sites	Infor	Invar	Model	Name
1		34	390	70	284	TESTMERGE	part1.1
2		34	390	51	298	TESTMERGE	part1.2
3		34	390	145	156	TESTMERGE	part1.3
4		35	75	25	39	TESTMERGE	part2.1
5		35	75	16	52	TESTMERGE	part2.2
6		35	75	44	13	TESTMERGE	part2.3
7		9	158	22	121	TESTMERGE	part3.1
8		9	158	15	134	TESTMERGE	part3.2
9		9	158	63	50	TESTMERGE	part3.3
10		35	160	4	143	TESTMERGE	part4.1
11		35	160	1	144	TESTMERGE	part4.2
12		35	160	30	94	TESTMERGE	part4.3
13		34	118	26	67	TESTMERGE	part5.1
14		34	118	28	61	TESTMERGE	part5.2
15		34	118	57	37	TESTMERGE	part5.3
Degree of missing data: 0.193
Info: multi-threading strategy over partitions

NOTE: Vombatidae_Vombatus_ursinus2 is identical to Vombatidae_Vombatus_ursinus1 but kept for subsequent analysis


Create initial parsimony tree by phylogenetic likelihood library (PLL)... 0.009 seconds
NOTE: ModelFinder requires 10 MB RAM!
NUMBER OF THREADS FOR PARTITION FINDING: 8
Testing GTR+F+G on supermatrix...
GTR+F+G4 / LnL: -13571.067 / df: 80 / AIC: 27302.134 / AICc: 27307.077 / BIC: 27774.303
Selecting individual models for 15 charsets using BIC...
 No. Model        Score       Charset
   1 K2P+G4       1567.374    part5.1
   2 K2P+G4       1920.056    part4.3
   3 TN+F+G4      1617.228    part5.2
   4 K2P+G4       3537.100    part1.1
   5 TN+F+G4      3231.043    part1.2
   6 TPM2u+F+G4   1840.557    part2.3
   7 K2P+G4       2258.765    part5.3
   8 K2P          968.715     part4.2
   9 JC+I         855.166     part3.2
  10 TNe          995.717     part4.1	0h:0m:13s (0h:4m:26s left)
  11 K3P+G4       1370.240    part2.1	0h:0m:13s (0h:4m:1s left)
  12 TNe+I        968.830     part3.1	0h:0m:13s (0h:3m:46s left)
  13 K2P+G4       1713.358    part3.3	0h:0m:13s (0h:3m:31s left)
  14 HKY+F+G4     5642.087    part1.3	0h:0m:14s (0h:3m:29s left)
  15 TIM2e+G4     987.479     part2.2	0h:0m:15s (0h:3m:18s left)
Full partition model BIC score: 32012.616 (LnL: -12513.572  df:884)
Merging models to increase model fit (about 211 total partition schemes)...
  16 TN+F+G4      31683.669   part1.2+part1.3	0h:0m:26s (0h:5m:28s left)
  17 HKY+F+G4     31615.852   part1.3+part5.1	0h:0m:28s (0h:5m:26s left)
  18 HKY+F+G4     31590.600   part1.3+part4.3	0h:0m:29s (0h:5m:10s left)
  19 HKY+F+G4     31692.904   part1.1+part1.3	0h:0m:29s (0h:4m:53s left)
  20 HKY+F+G4     31633.714   part1.3+part2.1	0h:0m:29s (0h:4m:37s left)
  21 HKY+F+G4     31592.831   part1.3+part5.2	0h:0m:29s (0h:4m:28s left)
  22 HKY+F+G4     31625.036   part1.3+part2.3	0h:0m:31s (0h:4m:29s left)
  23 HKY+F+G4     31625.761   part1.3+part5.3	0h:0m:33s (0h:4m:35s left)
  24 HKY+F+G4     31531.306   part1.1+part1.2	0h:0m:43s (0h:5m:36s left)
  25 HKY+F+G4     31742.882   part1.3+part4.1	0h:0m:46s (0h:5m:43s left)
  26 K2P+G4       31656.212   part1.1+part5.3	0h:0m:46s (0h:5m:32s left)
  27 HKY+F+G4     31725.287   part1.3+part4.2	0h:0m:46s (0h:5m:20s left)
  28 TN+F+G4      31581.697   part1.3+part2.2	0h:0m:49s (0h:5m:20s left)
  29 TN+F+G4      32018.636   part1.3+part3.1	0h:0m:52s (0h:5m:29s left)
  30 HKY+F+G4     32068.592   part1.3+part3.2	0h:0m:53s (0h:5m:21s left)
  31 HKY+F+G4     31666.022   part1.2+part5.3	0h:0m:57s (0h:5m:35s left)
  32 HKY+F+G4     32207.774   part1.3+part3.3	0h:0m:58s (0h:5m:27s left)
  33 K2P+G4       31568.783   part1.1+part4.3	0h:0m:59s (0h:5m:21s left)
  34 K3Pu+F+G4    31583.036   part1.1+part5.1	0h:0m:59s (0h:5m:9s left)
  35 HKY+F+G4     31580.073   part1.1+part5.2	0h:1m:0s (0h:5m:4s left)
  36 HKY+F+G4     31574.775   part1.2+part4.3	0h:1m:2s (0h:5m:2s left)
  37 K2P+G4       31672.061   part1.1+part2.3	0h:1m:4s (0h:5m:4s left)
  38 HKY+F+G4     31561.369   part1.2+part5.2	0h:1m:6s (0h:5m:1s left)
  39 K3Pu+F+G4    31560.993   part1.2+part5.1	0h:1m:10s (0h:5m:9s left)
  40 K2P+G4       31601.609   part1.1+part2.1	0h:1m:10s (0h:5m:1s left)
  41 HKY+F+G4     31551.735   part1.1+part2.2	0h:1m:11s (0h:4m:55s left)
  42 K2P+G4       31668.832   part1.2+part2.3	0h:1m:13s (0h:4m:54s left)
  43 K2P+G4       31615.486   part4.3+part5.3	0h:1m:13s (0h:4m:48s left)
  44 TN+F+G4      31568.610   part5.2+part5.3	0h:1m:16s (0h:4m:50s left)
  45 TNe+I+G4     31598.395   part1.2+part2.1	0h:1m:17s (0h:4m:44s left)
  46 TIM3+F+G4    31574.760   part5.1+part5.3	0h:1m:17s (0h:4m:38s left)
  47 K2P+G4       31566.017   part1.1+part4.1	0h:1m:19s (0h:4m:38s left)
  48 HKY+F+G4     31586.857   part1.1+part4.2	0h:1m:21s (0h:4m:37s left)
  49 TN+F+I+G4    31541.382   part1.2+part2.2	0h:1m:24s (0h:4m:38s left)
  50 K2P+G4       31580.992   part2.3+part5.3	0h:1m:27s (0h:4m:40s left)
  51 HKY+F+G4     31557.791   part1.2+part4.1	0h:1m:27s (0h:4m:36s left)
  52 TN+F+G4      31562.229   part1.2+part4.2	0h:1m:30s (0h:4m:37s left)
  53 K2P+G4       32272.165   part1.1+part3.3	0h:1m:31s (0h:4m:33s left)
  54 K2P+G4       31569.531   part4.3+part5.1	0h:1m:31s (0h:4m:27s left)
  55 K2P+G4       31579.971   part4.3+part5.2	0h:1m:32s (0h:4m:23s left)
  56 TIM3+F+G4    31536.686   part5.1+part5.2	0h:1m:34s (0h:4m:22s left)
  57 K2P+G4       31598.805   part2.1+part5.3	0h:1m:38s (0h:4m:25s left)
  58 HKY+F+G4     32013.401   part1.1+part3.1	0h:1m:39s (0h:4m:21s left)
  59 K2P+G4       32025.443   part1.1+part3.2	0h:1m:39s (0h:4m:15s left)
  60 K2P+G4       31584.130   part2.3+part4.3	0h:1m:41s (0h:4m:15s left)
  61 TN+F+G4      31613.785   part2.3+part5.2	0h:1m:41s (0h:4m:10s left)
  62 TIM3e+G4     31587.424   part2.3+part5.1	0h:1m:43s (0h:4m:9s left)
  63 K2P+G4       31585.414   part2.2+part5.3	0h:1m:44s (0h:4m:4s left)
  64 K2P+G4       32244.724   part1.2+part3.3	0h:1m:46s (0h:4m:4s left)
  65 K2P+G4       31571.377   part2.1+part4.3	0h:1m:50s (0h:4m:8s left)
  66 K2P+G4       31683.101   part4.1+part5.3	0h:1m:51s (0h:4m:4s left)
  67 K2P+G4       31998.817   part1.2+part3.2	0h:1m:51s (0h:3m:59s left)
  68 HKY+F+G4     31576.466   part2.1+part5.2	0h:1m:52s (0h:3m:56s left)
  69 K2P+G4       31695.018   part4.2+part5.3	0h:1m:52s (0h:3m:51s left)
  70 TN+F+G4      31987.075   part1.2+part3.1	0h:1m:52s (0h:3m:46s left)
  71 K2P+G4       31568.673   part2.1+part5.1	0h:1m:52s (0h:3m:42s left)
  72 K2P+G4       31561.450   part4.1+part4.3	0h:2m:1s (0h:3m:55s left)
  73 HKY+F+G4     31616.683   part4.1+part5.2	0h:2m:2s (0h:3m:51s left)
  74 TPM3u+F+G4   31561.169   part2.2+part5.1	0h:2m:3s (0h:3m:48s left)
  75 K2P+G4       31568.324   part2.1+part2.3	0h:2m:3s (0h:3m:44s left)
  76 K2P+G4       32033.382   part3.3+part5.3	0h:2m:5s (0h:3m:43s left)
  77 TNe+G4       31552.344   part2.2+part4.3	0h:2m:6s (0h:3m:39s left)
  78 TPM3u+F+G4   31543.877   part2.2+part5.2	0h:2m:7s (0h:3m:37s left)
  79 TN+F+G4      31603.300   part4.1+part5.1	0h:2m:10s (0h:3m:38s left)
  80 K2P+G4       31975.744   part3.1+part5.3	0h:2m:12s (0h:3m:36s left)
  81 K2P+G4       31579.082   part4.2+part4.3	0h:2m:12s (0h:3m:32s left)
  82 TPM3u+F+G4   31607.886   part4.2+part5.1	0h:2m:14s (0h:3m:31s left)
  83 TPM3u+F+G4   31622.291   part4.2+part5.2	0h:2m:15s (0h:3m:28s left)
  84 K2P+G4       32013.499   part3.2+part5.3	0h:2m:18s (0h:3m:29s left)
  85 K2P+G4       31578.798   part2.2+part2.3	0h:2m:19s (0h:3m:26s left)
  86 K2P+G4       31677.555   part2.3+part4.2	0h:2m:24s (0h:3m:30s left)
  87 TNe+G4       31663.837   part2.3+part4.1	0h:2m:25s (0h:3m:27s left)
  88 K2P+G4       32108.248   part3.3+part4.3	0h:2m:25s (0h:3m:23s left)
  89 TNe+G4       31532.103   part2.1+part2.2	0h:2m:27s (0h:3m:22s left)
  90 K2P+G4       31968.675   part3.1+part4.3	0h:2m:29s (0h:3m:21s left)
  91 TNe+G4       32048.428   part3.3+part5.1	0h:2m:29s (0h:3m:17s left)
  92 K2P+G4       32097.450   part3.3+part5.2	0h:2m:32s (0h:3m:16s left)
  93 K2P+G4       31986.103   part3.2+part4.3	0h:2m:32s (0h:3m:13s left)
  94 TPM2u+F+G4   32015.396   part2.3+part3.3	0h:2m:38s (0h:3m:17s left)
  95 TPM3u+F+G4   31959.042   part3.1+part5.1	0h:2m:38s (0h:3m:13s left)
  96 TIM3e+G4     32010.731   part3.2+part5.2	0h:2m:39s (0h:3m:10s left)
  97 HKY+F+G4     31954.678   part3.1+part5.2	0h:2m:40s (0h:3m:9s left)
  98 K2P+I+G4     31614.098   part2.1+part4.1	0h:2m:43s (0h:3m:8s left)
  99 TIM3e+G4     31967.402   part3.2+part5.1	0h:2m:45s (0h:3m:6s left)
 100 TIMe+I+G4    31619.667   part2.1+part4.2	0h:2m:45s (0h:3m:3s left)
 101 K2P          31480.549   part4.1+part4.2	0h:2m:50s (0h:3m:5s left)
 102 TNe+I+G4     31579.973   part2.2+part4.1	0h:2m:50s (0h:3m:2s left)
 103 K2P+G4       31981.354   part2.3+part3.1	0h:2m:54s (0h:3m:2s left)
 104 TIM3e+G4     32016.296   part2.3+part3.2	0h:2m:54s (0h:2m:59s left)
 105 TN+F+I+G4    31576.848   part2.2+part4.2	0h:2m:54s (0h:2m:56s left)
 106 TIMe+G4      31965.112   part2.1+part3.1	0h:2m:58s (0h:2m:56s left)
 107 K3P+G4       31980.994   part2.1+part3.2	0h:3m:0s (0h:2m:55s left)
 108 K3P+G4       32033.341   part2.1+part3.3	0h:3m:1s (0h:2m:52s left)
 109 TIM3e+G4     31957.342   part2.2+part3.2	0h:3m:7s (0h:2m:55s left)
 110 K2P+I        31979.825   part3.2+part4.1	0h:3m:9s (0h:2m:53s left)
 111 HKY+F+I      31991.377   part3.1+part4.1	0h:3m:11s (0h:2m:52s left)
 112 K2P+G4       32163.486   part3.3+part4.2	0h:3m:12s (0h:2m:49s left)
 113 TNe+G4       31997.697   part3.1+part4.2	0h:3m:13s (0h:2m:48s left)
 114 TNe+G4       32147.601   part3.3+part4.1	0h:3m:14s (0h:2m:45s left)
 115 K2P+G4       32028.255   part2.2+part3.3	0h:3m:14s (0h:2m:42s left)
 116 TIM3e+I      31906.083   part3.1+part3.2	0h:3m:16s (0h:2m:40s left)
 117 TNe+G4       31929.791   part2.2+part3.1	0h:3m:16s (0h:2m:37s left)
 118 HKY+F+G4     32022.078   part3.2+part3.3	0h:3m:16s (0h:2m:34s left)
 119 K2P+G4       31979.125   part3.1+part3.3	0h:3m:16s (0h:2m:31s left)
 120 TVMe+G4      31997.451   part3.2+part4.2	0h:3m:16s (0h:2m:28s left)
Merging part4.1+part4.2 with BIC score: 31480.549 (LnL: -12520.162  df: 815)
 121 TN+F+G4      31130.315   part4.1+part4.2+part5.1	0h:3m:23s (0h:2m:31s left)
 122 K2P+I+G4     31151.626   part2.1+part4.1+part4.2	0h:3m:25s (0h:2m:29s left)
 123 HKY+F+G4     31151.234   part4.1+part4.2+part5.2	0h:3m:27s (0h:2m:28s left)
 124 HKY+F+G4     31076.898   part1.2+part4.1+part4.2	0h:3m:27s (0h:2m:25s left)
 125 HKY+F+G4     31107.978   part1.1+part4.1+part4.2	0h:3m:29s (0h:2m:23s left)
 126 TNe+I+G4     31233.145   part2.3+part4.1+part4.2	0h:3m:29s (0h:2m:21s left)
 127 K2P+G4       31258.087   part4.1+part4.2+part5.3	0h:3m:31s (0h:2m:19s left)
 128 HKY+F+I+G4   31098.141   part2.2+part4.1+part4.2	0h:3m:34s (0h:2m:19s left)
 129 HKY+F+G4     31353.888   part1.3+part4.1+part4.2	0h:3m:35s (0h:2m:16s left)
 130 K2P+G4       31090.658   part4.1+part4.2+part4.3	0h:3m:36s (0h:2m:14s left)
 131 TVMe+G4      31490.663   part3.2+part4.1+part4.2	0h:3m:36s (0h:2m:12s left)
 132 HKY+F+I      31506.345   part3.1+part4.1+part4.2	0h:3m:37s (0h:2m:9s left)
 133 K2P+G4       31746.694   part3.3+part4.1+part4.2	0h:3m:39s (0h:2m:8s left)
Merging part1.1+part1.2 with BIC score: 30999.239 (LnL: -12548.178  df: 747)
 134 HKY+F+G4     30566.296   part1.1+part1.2+part4.3	0h:3m:49s (0h:2m:11s left)
 135 HKY+F+I+G4   30601.280   part1.1+part1.2+part2.1	0h:3m:49s (0h:2m:9s left)
 136 TN+F+G4      30535.410   part1.1+part1.2+part2.2	0h:3m:50s (0h:2m:6s left)
 137 HKY+F+G4     31006.404   part1.1+part1.2+part3.1	0h:3m:51s (0h:2m:5s left)
 138 K2P+G4       30694.140   part1.1+part1.2+part2.3	0h:3m:52s (0h:2m:3s left)
 139 HKY+F+G4     30564.840   part1.1+part1.2+part5.2	0h:3m:52s (0h:2m:0s left)
 140 HKY+F+G4     30672.071   part1.1+part1.2+part5.3	0h:3m:54s (0h:1m:58s left)
 141 HKY+F+G4     30728.722   part1.1+part1.2+part1.3	0h:3m:59s (0h:1m:58s left)
 142 K3Pu+F+G4    30554.537   part1.1+part1.2+part5.1	0h:4m:1s (0h:1m:57s left)
 143 HKY+F+G4     30622.712   part1.1+part1.2+part4.1+part4.2	0h:4m:2s (0h:1m:55s left)
 144 HKY+F+G4     31024.772   part1.1+part1.2+part3.2	0h:4m:2s (0h:1m:53s left)
 145 K2P+G4       31366.031   part1.1+part1.2+part3.3	0h:4m:5s (0h:1m:51s left)
Merging part2.1+part2.2 with BIC score: 30518.725 (LnL: -12588.447  df: 676)
 146 K2P+G4       30100.573   part2.1+part2.2+part2.3	0h:4m:13s (0h:1m:53s left)
 147 HKY+F+G4     30087.815   part2.1+part2.2+part5.1	0h:4m:15s (0h:1m:51s left)
 148 TNe+I+G4     30491.185   part2.1+part2.2+part3.2	0h:4m:16s (0h:1m:49s left)
 149 HKY+F+G4     30078.956   part2.1+part2.2+part5.2	0h:4m:17s (0h:1m:47s left)
 150 K2P+G4       30131.101   part2.1+part2.2+part5.3	0h:4m:17s (0h:1m:44s left)
 151 TNe+G4       30465.516   part2.1+part2.2+part3.1	0h:4m:19s (0h:1m:43s left)
 152 TN+F+I+G4    30116.279   part1.1+part1.2+part2.1+part2.2	0h:4m:22s (0h:1m:41s left)
 153 TNe+G4       30082.324   part2.1+part2.2+part4.3	0h:4m:23s (0h:1m:39s left)
 154 HKY+F+G4     30160.026   part1.3+part2.1+part2.2	0h:4m:24s (0h:1m:37s left)
 155 TNe+I+G4     30205.747   part2.1+part2.2+part4.1+part4.2	0h:4m:24s (0h:1m:35s left)
 156 K3P+G4       30598.755   part2.1+part2.2+part3.3	0h:4m:26s (0h:1m:34s left)
Merging part5.1+part5.2 with BIC score: 30042.795 (LnL: -12611.252  df: 610)
 157 TPM3u+F+G4   29632.183   part4.3+part5.1+part5.2	0h:4m:34s (0h:1m:34s left)
 158 TIM3+F+G4    30049.619   part3.2+part5.1+part5.2	0h:4m:36s (0h:1m:32s left)
 159 TIM3+F+G4    29995.113   part3.1+part5.1+part5.2	0h:4m:37s (0h:1m:30s left)
 160 TPM3+F+G4    29624.250   part2.1+part2.2+part5.1+part5.2	0h:4m:39s (0h:1m:29s left)
 161 TIM3+F+G4    29658.073   part2.3+part5.1+part5.2	0h:4m:40s (0h:1m:27s left)
 162 TIM3+F+G4    29602.001   part5.1+part5.2+part5.3	0h:4m:40s (0h:1m:24s left)
 163 K3Pu+F+G4    29616.332   part1.1+part1.2+part5.1+part5.2	0h:4m:43s (0h:1m:23s left)
 164 TPM3u+F+G4   29754.634   part4.1+part4.2+part5.1+part5.2	0h:4m:43s (0h:1m:21s left)
 165 TPM3+F+G4    29668.852   part1.3+part5.1+part5.2	0h:4m:44s (0h:1m:19s left)
 166 TIM3e+G4     30192.379   part3.3+part5.1+part5.2	0h:4m:47s (0h:1m:17s left)
Merging part5.1+part5.2+part5.3 with BIC score: 29602.001 (LnL: -12655.576  df: 543)
 167 TIM3+F+G4    29215.952   part4.3+part5.1+part5.2+part5.3	0h:5m:1s (0h:1m:19s left)
 168 TIM3+F+G4    29213.232   part2.1+part2.2+part5.1+part5.2+part5.3	0h:5m:2s (0h:1m:17s left)
 169 TIM3+F+G4    29620.266   part3.2+part5.1+part5.2+part5.3	0h:5m:3s (0h:1m:15s left)
 170 TIM3+F+G4    29557.709   part3.1+part5.1+part5.2+part5.3	0h:5m:3s (0h:1m:13s left)
 171 TIM3+F+G4    29212.191   part2.3+part5.1+part5.2+part5.3	0h:5m:4s (0h:1m:11s left)
 172 K3Pu+F+G4    29256.019   part1.1+part1.2+part5.1+part5.2+part5.3	0h:5m:5s (0h:1m:9s left)
 173 TN+F+G4      29761.319   part3.3+part5.1+part5.2+part5.3	0h:5m:6s (0h:1m:7s left)
 174 TIM3+F+G4    29250.801   part1.3+part5.1+part5.2+part5.3	0h:5m:8s (0h:1m:5s left)
 175 TIM3+F+G4    29400.528   part4.1+part4.2+part5.1+part5.2+part5.3	0h:5m:8s (0h:1m:3s left)
Merging part2.1+part2.2+part4.3 with BIC score: 29165.600 (LnL: -12709.998  df: 474)
 176 K2P+I+G4     28856.775   part2.1+part2.2+part4.1+part4.2+part4.3	0h:5m:19s (0h:1m:3s left)
 177 K2P+G4       28746.825   part2.1+part2.2+part2.3+part4.3	0h:5m:19s (0h:1m:1s left)
 178 TNe+G4       29155.161   part2.1+part2.2+part3.2+part4.3	0h:5m:21s (0h:0m:59s left)
 179 TNe+G4       29130.548   part2.1+part2.2+part3.1+part4.3	0h:5m:22s (0h:0m:57s left)
 180 TPM3+F+G4    28791.297   part2.1+part2.2+part4.3+part5.1+part5.2+part5.3	0h:5m:25s (0h:0m:56s left)
 181 K2P+G4       29324.075   part2.1+part2.2+part3.3+part4.3	0h:5m:25s (0h:0m:53s left)
 182 TN+F+I+G4    28755.274   part1.1+part1.2+part2.1+part2.2+part4.3	0h:5m:26s (0h:0m:51s left)
 183 TN+F+G4      28792.322   part1.3+part2.1+part2.2+part4.3	0h:5m:27s (0h:0m:50s left)
Merging part2.1+part2.2+part2.3+part4.3 with BIC score: 28746.825 (LnL: -12792.989  df: 400)
 184 K2P+G4       28750.604   part2.1+part2.2+part2.3+part3.2+part4.3	0h:5m:37s (0h:0m:49s left)
 185 K2P+I+G4     28497.499   part2.1+part2.2+part2.3+part4.1+part4.2+part4.3	0h:5m:37s (0h:0m:47s left)
 186 K2P+G4       28729.628   part2.1+part2.2+part2.3+part3.1+part4.3	0h:5m:39s (0h:0m:45s left)
 187 K2P+G4       28925.174   part2.1+part2.2+part2.3+part3.3+part4.3	0h:5m:42s (0h:0m:43s left)
 188 HKY+F+I+G4   28409.179   part1.1+part1.2+part2.1+part2.2+part2.3+part4.3	0h:5m:42s (0h:0m:41s left)
 189 TIM3+F+G4    28388.630   part2.1+part2.2+part2.3+part4.3+part5.1+part5.2+part5.3	0h:5m:42s (0h:0m:39s left)
 190 HKY+F+G4     28385.319   part1.3+part2.1+part2.2+part2.3+part4.3	0h:5m:44s (0h:0m:38s left)
Merging part1.1+part1.2+part4.1+part4.2 with BIC score: 28370.298 (LnL: -12865.495  df: 334)
 191 HKY+F+G4     28406.879   part1.1+part1.2+part3.2+part4.1+part4.2	0h:5m:58s (0h:0m:37s left)
 192 HKY+F+I+G4   28394.772   part1.1+part1.2+part3.1+part4.1+part4.2	0h:5m:59s (0h:0m:35s left)
 193 HKY+F+G4     28190.619   part1.1+part1.2+part1.3+part4.1+part4.2	0h:6m:1s (0h:0m:33s left)
 194 K3Pu+F+G4    28098.754   part1.1+part1.2+part4.1+part4.2+part5.1+part5.2+part5.3	0h:6m:2s (0h:0m:31s left)
 195 HKY+F+I+G4   28813.488   part1.1+part1.2+part3.3+part4.1+part4.2	0h:6m:2s (0h:0m:29s left)
 196 HKY+F+I+G4   28086.425   part1.1+part1.2+part2.1+part2.2+part2.3+part4.1+part4.2+part4.3	0h:6m:3s (0h:0m:27s left)
Merging part1.3+part2.1+part2.2+part2.3+part4.3 with BIC score: 28008.793 (LnL: -12949.464  df: 267)
 197 TPM3u+F+G4   28038.824   part1.3+part2.1+part2.2+part2.3+part3.2+part4.3	0h:6m:23s (0h:0m:27s left)
 198 HKY+F+G4     28000.901   part1.3+part2.1+part2.2+part2.3+part3.1+part4.3	0h:6m:23s (0h:0m:25s left)
 199 HKY+F+G4     27842.835   part1.1+part1.2+part1.3+part2.1+part2.2+part2.3+part4.1+part4.2+part4.3	0h:6m:25s (0h:0m:23s left)
 200 HKY+F+G4     28252.407   part1.3+part2.1+part2.2+part2.3+part3.3+part4.3	0h:6m:25s (0h:0m:21s left)
 201 TPM3+F+G4    27636.233   part1.3+part2.1+part2.2+part2.3+part4.3+part5.1+part5.2+part5.3	0h:6m:26s (0h:0m:19s left)
Merging part1.3+part2.1+part2.2+part2.3+part4.3+part5.1+part5.2+part5.3 with BIC score: 27636.233 (LnL: -13043.709  df: 196)
 202 TPM3+F+G4    27658.406   part1.3+part2.1+part2.2+part2.3+part3.2+part4.3+part5.1+part5.2+part5.3	0h:6m:46s (0h:0m:18s left)
 203 TPM3+F+G4    27611.761   part1.3+part2.1+part2.2+part2.3+part3.1+part4.3+part5.1+part5.2+part5.3	0h:6m:47s (0h:0m:16s left)
 204 HKY+F+G4     27497.071   part1.1+part1.2+part1.3+part2.1+part2.2+part2.3+part4.1+part4.2+part4.3+part5.1+part5.2+part5.3	0h:6m:47s (0h:0m:13s left)
 205 TPM3+F+G4    27896.188   part1.3+part2.1+part2.2+part2.3+part3.3+part4.3+part5.1+part5.2+part5.3	0h:6m:49s (0h:0m:11s left)
Merging part1.1+part1.2+part1.3+part2.1+part2.2+part2.3+part4.1+part4.2+part4.3+part5.1+part5.2+part5.3 with BIC score: 27497.071 (LnL: -13262.555  df: 123)
 206 HKY+F+G4     27480.506   part1.1+part1.2+part1.3+part2.1+part2.2+part2.3+part3.1+part4.1+part4.2+part4.3+part5.1+part5.2+part5.3	0h:7m:12s (0h:0m:10s left)
 207 HKY+F+G4     27873.499   part1.1+part1.2+part1.3+part2.1+part2.2+part2.3+part3.3+part4.1+part4.2+part4.3+part5.1+part5.2+part5.3	0h:7m:12s (0h:0m:8s left)
 208 HKY+F+G4     27516.718   part1.1+part1.2+part1.3+part2.1+part2.2+part2.3+part3.2+part4.1+part4.2+part4.3+part5.1+part5.2+part5.3	0h:7m:12s (0h:0m:6s left)
Merging part3.1+part3.2 with BIC score: 27390.538 (LnL: -13268.555  df: 108)
 209 K2P+I        27408.223   part3.1+part3.2+part3.3	0h:7m:13s (0h:0m:4s left)
 210 HKY+F+G4     27457.309   part1.1+part1.2+part1.3+part2.1+part2.2+part2.3+part3.1+part3.2+part4.1+part4.2+part4.3+part5.1+part5.2+part5.3	0h:7m:33s (0h:0m:2s left)
BEST-FIT PARTITION MODEL: 
  charpartition BIC = HKY+F+G4: part1.1 part1.2 part1.3 part2.1 part2.2 part2.3 part4.1 part4.2 part4.3 part5.1 part5.2 part5.3, TIM3e+I: part3.1 part3.2, K2P+G4: part3.3;
Agglomerative model selection: ((((part1.1,part1.2)2:30999.2,(part4.1,part4.2)1:31480.5)8:28370.3,((part1.3,(((part2.1,part2.2)3:30518.7,part4.3)6:29165.6,part2.3)7:28746.8)9:28008.8,((part5.1,part5.2)4:30042.8,part5.3)5:29602)10:27636.2)11:27497.1,(part3.1,part3.2)12:27390.5,part3.3)
Merging into 3 partitions...
Partition information was printed to 6_set179.best_scheme.nex
Partition information in Raxml format was printed to 6_set179.best_scheme

All model information printed to 6_set179.model.gz
CPU time for ModelFinder: 499.325 seconds (0h:8m:19s)
Wall-clock time for ModelFinder: 454.900 seconds (0h:7m:34s)
Generating 1000 samples for ultrafast bootstrap (seed: 125313)...

NOTE: 9 MB RAM (0 GB) is required!
Measuring multi-threading efficiency up to 8 CPU cores
Increase to 10 rounds for branch lengths
42 trees examined
Threads: 1 / Time: 8.254 sec / Speedup: 1.000 / Efficiency: 100% / LogL: -19013
Threads: 2 / Time: 7.068 sec / Speedup: 1.168 / Efficiency: 58% / LogL: -19013
Threads: 3 / Time: 6.087 sec / Speedup: 1.356 / Efficiency: 45% / LogL: -19013
BEST NUMBER OF THREADS: 2

Estimate model parameters (epsilon = 0.100)
Optimizing HKY+F+G4 parameters for partition part1.1+part1.2+part1.3+part2.1+part2.2+part2.3+part4.1+part4.2+part4.3+part5.1+part5.2+part5.3 (72 free parameters)
Optimizing K2P+G4 parameters for partition part3.3 (17 free parameters)
Optimizing TIM3e+I parameters for partition part3.1+part3.2 (19 free parameters)
Optimal log-likelihood: -13268.512
Computing ML distances based on estimated model parameters... 0.042 sec
WARNING: Some pairwise ML distances are too long (saturated)
Computing BIONJ tree...
0.002 seconds
Log-likelihood of BIONJ tree: -13285.945
--------------------------------------------------------------------
|             INITIALIZING CANDIDATE TREE SET                      |
--------------------------------------------------------------------
Generating 98 parsimony trees... 2.163 second
Computing log-likelihood of 98 initial trees ... 5.615 seconds
Current best score: -13261.748

Do NNI search on 20 best initial trees
Estimate model parameters (epsilon = 0.100)
BETTER TREE FOUND at iteration 1: -13259.701
Estimate model parameters (epsilon = 0.100)
BETTER TREE FOUND at iteration 6: -13258.121
Iteration 10 / LogL: -13259.837 / Time: 0h:0m:37s
Iteration 20 / LogL: -13259.837 / Time: 0h:0m:43s
Finish initializing candidate tree set (18)
Current best tree score: -13258.121 / CPU time: 21.267
Number of iterations: 20
--------------------------------------------------------------------
|               OPTIMIZING CANDIDATE TREE SET                      |
--------------------------------------------------------------------
Estimate model parameters (epsilon = 0.100)
UPDATE BEST LOG-LIKELIHOOD: -13258.081
Estimate model parameters (epsilon = 0.100)
BETTER TREE FOUND at iteration 23: -13256.680
Estimate model parameters (epsilon = 0.100)
BETTER TREE FOUND at iteration 24: -13255.704
Estimate model parameters (epsilon = 0.100)
UPDATE BEST LOG-LIKELIHOOD: -13255.589
Iteration 30 / LogL: -13294.892 / Time: 0h:0m:53s (0h:2m:53s left)
Estimate model parameters (epsilon = 0.100)
BETTER TREE FOUND at iteration 31: -13253.982
Iteration 40 / LogL: -13268.216 / Time: 0h:1m:2s (0h:2m:25s left)
Iteration 50 / LogL: -13256.961 / Time: 0h:1m:8s (0h:1m:53s left)
Log-likelihood cutoff on original alignment: -13280.278
UPDATE BEST LOG-LIKELIHOOD: -13253.975
Iteration 60 / LogL: -13253.999 / Time: 0h:1m:17s (0h:1m:33s left)
Iteration 70 / LogL: -13261.257 / Time: 0h:1m:26s (0h:1m:16s left)
Iteration 80 / LogL: -13258.160 / Time: 0h:1m:33s (0h:1m:0s left)
Iteration 90 / LogL: -13254.365 / Time: 0h:1m:42s (0h:0m:47s left)
UPDATE BEST LOG-LIKELIHOOD: -13253.973
Iteration 100 / LogL: -13521.510 / Time: 0h:1m:50s (0h:0m:34s left)
Log-likelihood cutoff on original alignment: -13280.540
NOTE: Bootstrap correlation coefficient of split occurrence frequencies: 0.995
Iteration 110 / LogL: -13254.692 / Time: 0h:1m:59s (0h:1m:38s left)
Iteration 120 / LogL: -13254.373 / Time: 0h:2m:6s (0h:1m:25s left)
Iteration 130 / LogL: -13253.984 / Time: 0h:2m:14s (0h:1m:12s left)
TREE SEARCH COMPLETED AFTER 132 ITERATIONS / Time: 0h:2m:15s

--------------------------------------------------------------------
|                    FINALIZING TREE SEARCH                        |
--------------------------------------------------------------------
Performs final model parameters optimization
Estimate model parameters (epsilon = 0.010)
Optimizing HKY+F+G4 parameters for partition part1.1+part1.2+part1.3+part2.1+part2.2+part2.3+part4.1+part4.2+part4.3+part5.1+part5.2+part5.3 (72 free parameters)
Optimizing K2P+G4 parameters for partition part3.3 (17 free parameters)
Optimizing TIM3e+I parameters for partition part3.1+part3.2 (19 free parameters)
Optimal log-likelihood: -13253.970
BEST SCORE FOUND : -13253.970
Creating bootstrap support values...
Split supports printed to NEXUS file 6_set179.splits.nex
Total tree length: 1.251

Total number of iterations: 132
CPU time used for tree search: 51.806 sec (0h:0m:51s)
Wall-clock time used for tree search: 113.151 sec (0h:1m:53s)
Total CPU time used: 64.610 sec (0h:1m:4s)
Total wall-clock time used: 136.413 sec (0h:2m:16s)

Computing bootstrap consensus tree...
Reading input file 6_set179.splits.nex...
37 taxa and 216 splits.
Consensus tree written to 6_set179.contree
Reading input trees file 6_set179.contree
Log-likelihood of consensus tree: -13253.971

Analysis results written to: 
  IQ-TREE report:                6_set179.iqtree
  Maximum-likelihood tree:       6_set179.treefile
  Likelihood distances:          6_set179.mldist
  Best partitioning scheme:      6_set179.best_scheme.nex
           in RAxML format:      6_set179.best_scheme

Ultrafast bootstrap approximation results written to:
  Split support values:          6_set179.splits.nex
  Consensus tree:                6_set179.contree
  Screen log file:               6_set179.log

Date and Time: Sat Sep  8 00:26:21 2018
