IQ-TREE multicore version 1.6.7 for Mac OS X 64-bit built Aug 23 2018
Developed by Bui Quang Minh, Nguyen Lam Tung, Olga Chernomor,
Heiko Schmidt, Dominik Schrempf, Michael Woodhams.

Host:    meeps-mac-pro.staff.sydney.edu.au (AVX, 64 GB RAM)
Command: /Users/davidduchene/Desktop/Software/iqtree-1.6.7-MacOSX/bin/iqtree -s ../../../../marsupials/set239.fasta -m TESTMERGE -bb 1000 -spp ../../../../marsupials/set239.nex -nt AUTO -pre 4_set239
Seed:    789783 (Using SPRNG - Scalable Parallel Random Number Generator)
Time:    Sat Sep  8 05:03:43 2018
Kernel:  AVX - auto-detect threads (8 CPU cores detected)

Reading partition model file ../../../../marsupials/set239.nex ...
Reading alignment file ../../../../marsupials/set239.fasta ... Fasta format detected
Alignment most likely contains DNA/RNA sequences
Alignment has 35 sequences with 2946 columns, 1098 distinct patterns
681 parsimony-informative, 365 singleton sites, 1900 constant sites
                                              Gap/Ambiguity  Composition  p-value
   1  Burramyidae_Burramys_parvus                    14.46%    passed     41.22%
   2  Notoryctidae_Notoryctes_typhlops                2.78%    passed     87.27%
   3  Vombatidae_Lasiorhinus_latifrons                0.37%    passed     76.82%
   4  Potoroidae_Bettongia_penicillata                0.27%    passed     99.92%
   5  Potoroidae_Bettongia_lesueur                    0.31%    passed     99.66%
   6  Dasyuridae_Dasyurus_maculatus                   0.20%    passed     98.34%
   7  Phalangeridae_Trichosurus_vulpecula             0.14%    passed     99.55%
   8  Phalangeridae_Spilocuscus_maculatus             1.97%    passed     99.52%
   9  Potoroidae_Aepyprymnus_rufescens                0.37%    passed     91.45%
  10  Peramelidae_Perameles_nasuta                    3.77%    passed     64.42%
  11  Phalangeridae_Strigocuscus_pelengensis         13.54%    passed     76.44%
  12  Dasyuridae_Phascogale_tapoatafa                 0.20%    passed     95.58%
  13  Dasyuridae_Sminthopsis_macroura                 0.24%    passed     98.83%
  14  Phalangeridae_Phalanger_orientalis              9.91%    passed     70.69%
  15  Acrobatidae_Acrobates_pygmaeus                  0.37%    passed     97.05%
  16  Dasyuridae_Phascogale_calura                    0.24%    passed     90.87%
  17  Dasyuridae_Sarcophilus_harrisii                 0.20%    passed     97.26%
  18  Dasyuridae_Planigale_tenuirostris               9.33%    passed     68.73%
  19  Peramelidae_Echymipera_kalubu                   0.03%    passed     95.71%
  20  Macropodidae_Dorcopsulus_vanheurni              0.95%    passed     99.23%
  21  Pseudochiridae_Pseudochirulus_forbesi           0.48%    passed     99.40%
  22  Didelphidae_Didelphis_virginiana                1.83%    passed     33.32%
  23  Marmosidae_Monodelphis_domestica                3.29%    passed     80.72%
  24  Dasyuridae_Antechinus_stuartii                  1.02%    passed     95.38%
  25  Hypsiprymnodontidae_Hypsiprymnodon_moschatus    0.51%    passed     97.35%
  26  Microbiotheriidae_Dromiciops_gliroides          2.78%    passed     83.01%
  27  Pseudochiridae_Petauroides_volans               1.93%    passed     99.07%
  28  Macropodidae_Wallabia_bicolor                   1.43%    passed     98.72%
  29  Pseudochiridae_Pseudocheirus_occidentalis       3.26%    passed     99.05%
  30  Tarsipedidae_Tarsipes_rostratus                 3.19%    passed     97.76%
  31  Acrobatidae_Distoechurus_pennatus               9.81%    passed     47.41%
  32  Phalangeridae_Phalanger_carmelitae              0.00%    passed     98.25%
  33  Peramelidae_Peroryctes_raffrayana               0.44%    passed     90.90%
  34  Dasyuridae_Dasyurus_geffroii                    0.20%    passed     93.46%
  35  Peramelidae_Perameles_gunnii                    3.67%    passed     75.29%
****  TOTAL                                           2.67%  0 sequences failed composition chi2 test (p-value<5%; df=3)
NOTE: No CharPartition defined, use all CharSets

Loading 15 partitions...
Subset	Type	Seqs	Sites	Infor	Invar	Model	Name
1		35	149	31	101	TESTMERGE	part1.1
2		35	149	25	110	TESTMERGE	part1.2
3		35	149	95	27	TESTMERGE	part1.3
4		34	142	35	72	TESTMERGE	part2.1
5		34	142	28	78	TESTMERGE	part2.2
6		34	142	66	37	TESTMERGE	part2.3
7		35	261	16	222	TESTMERGE	part3.1
8		35	261	9	240	TESTMERGE	part3.2
9		35	261	130	81	TESTMERGE	part3.3
10		34	96	18	60	TESTMERGE	part4.1
11		34	96	12	69	TESTMERGE	part4.2
12		34	96	52	25	TESTMERGE	part4.3
13		35	334	9	319	TESTMERGE	part5.1
14		35	334	1	328	TESTMERGE	part5.2
15		35	334	154	131	TESTMERGE	part5.3
Degree of missing data: 0.007
Info: multi-threading strategy over partitions



Create initial parsimony tree by phylogenetic likelihood library (PLL)... 0.007 seconds
NOTE: ModelFinder requires 11 MB RAM!
NUMBER OF THREADS FOR PARTITION FINDING: 8
Testing GTR+F+G on supermatrix...
GTR+F+G4 / LnL: -15735.756 / df: 76 / AIC: 31623.512 / AICc: 31627.591 / BIC: 32078.615
Selecting individual models for 15 charsets using BIC...
 No. Model        Score       Charset
   1 K3Pu+F+I     1423.572    part1.1
   2 TN+F+G4      1802.411    part2.1
   3 HKY+F        1526.602    part2.2
   4 K2P          3077.732    part1.3
   5 K2P+G4       1897.920    part4.3
   6 K3Pu+F+G4    2498.047    part2.3
   7 K3P+I        1600.758    part3.1
   8 TIM+F+G4     951.432     part4.1
   9 SYM+G4       5093.909    part3.3
  10 TNe+G4       5015.307    part5.3	0h:0m:10s (0h:3m:38s left)
  11 TPM3+F+I     1142.826    part3.2	0h:0m:10s (0h:3m:18s left)
  12 TPM2u+F+I    1213.393    part5.1	0h:0m:11s (0h:3m:3s left)
  13 TIM3e+G4     1205.156    part1.2	0h:0m:11s (0h:2m:52s left)
  14 TPM2u+F+G4   764.559     part4.2	0h:0m:11s (0h:2m:40s left)
  15 F81+F        1004.654    part5.2	0h:0m:11s (0h:2m:30s left)
Full partition model BIC score: 30982.805 (LnL: -14892.287  df:150)
Merging models to increase model fit (about 211 total partition schemes)...
  16 HKY+F+G4     30982.445   part2.1+part5.3	0h:0m:19s (0h:4m:1s left)
  17 TNe+G4       30996.004   part2.2+part5.3	0h:0m:21s (0h:4m:10s left)
  18 K2P+G4       31000.798   part1.3+part5.3	0h:0m:23s (0h:4m:9s left)
  19 SYM+G4       30958.525   part2.3+part3.3	0h:0m:23s (0h:3m:56s left)
  20 TNe+G4       30980.383   part4.3+part5.3	0h:0m:23s (0h:3m:45s left)
  21 TVM+F+G4     31000.156   part1.3+part3.3	0h:0m:23s (0h:3m:36s left)
  22 HKY+F+G4     30969.864   part2.3+part5.3	0h:0m:24s (0h:3m:29s left)
  23 K3P+G4       30999.196   part3.3+part5.3	0h:0m:24s (0h:3m:23s left)
  24 K3P+G4       31019.300   part1.1+part5.3	0h:0m:29s (0h:3m:50s left)
  25 K3P+G4       31120.069   part3.1+part5.3	0h:0m:31s (0h:3m:56s left)
  26 SYM+G4       31029.220   part2.2+part3.3	0h:0m:32s (0h:3m:51s left)
  27 K2P+G4       30991.808   part4.1+part5.3	0h:0m:33s (0h:3m:46s left)
  28 TNe+G4       31013.686   part1.2+part5.3	0h:0m:33s (0h:3m:40s left)
  29 TVMe+G4      30970.275   part3.3+part4.3	0h:0m:33s (0h:3m:32s left)
  30 K2P+G4       31003.186   part4.2+part5.3	0h:0m:34s (0h:3m:25s left)
  31 SYM+G4       31006.967   part2.1+part3.3	0h:0m:34s (0h:3m:18s left)
  32 TNe+G4       31308.111   part5.1+part5.3	0h:0m:39s (0h:3m:42s left)
  33 K2P+G4       30956.544   part1.3+part2.3	0h:0m:40s (0h:3m:40s left)
  34 TN+F+G4      31168.627   part3.2+part5.3	0h:0m:42s (0h:3m:38s left)
  35 TVMe+G4      31049.639   part1.2+part3.3	0h:0m:42s (0h:3m:33s left)
  36 SYM+G4       31018.955   part1.1+part3.3	0h:0m:42s (0h:3m:28s left)
  37 TNe+G4       31362.368   part5.2+part5.3	0h:0m:44s (0h:3m:27s left)
  38 SYM+I+G4     31138.515   part3.1+part3.3	0h:0m:44s (0h:3m:21s left)
  39 GTR+F+G4     30989.446   part3.3+part4.1	0h:0m:44s (0h:3m:18s left)
  40 TIMe+G4      31020.056   part3.3+part4.2	0h:0m:49s (0h:3m:31s left)
  41 K2P+G4       30967.662   part1.3+part4.3	0h:0m:51s (0h:3m:32s left)
  42 K2P+G4       31026.229   part1.3+part2.2	0h:0m:53s (0h:3m:33s left)
  43 TVMe+I+G4    31212.107   part3.2+part3.3	0h:0m:54s (0h:3m:32s left)
  44 K2P+G4       31005.432   part1.3+part2.1	0h:0m:54s (0h:3m:27s left)
  45 K2P+G4       30951.232   part2.3+part4.3	0h:0m:55s (0h:3m:24s left)
  46 K3Pu+F+I+G4  31384.021   part3.3+part5.2	0h:0m:55s (0h:3m:19s left)
  47 GTR+F+I+G4   31312.787   part3.3+part5.1	0h:0m:56s (0h:3m:17s left)
  48 TN+F+G4      30975.111   part2.1+part2.3	0h:0m:59s (0h:3m:22s left)
  49 K2P+I        31055.272   part1.1+part1.3	0h:1m:0s (0h:3m:20s left)
  50 K2P+G4       31082.605   part1.2+part1.3	0h:1m:1s (0h:3m:18s left)
  51 HKY+F+G4     30983.212   part2.2+part2.3	0h:1m:2s (0h:3m:15s left)
  52 K2P+G4       31168.537   part1.3+part3.1	0h:1m:4s (0h:3m:16s left)
  53 K3P+G4       31000.251   part1.1+part2.3	0h:1m:4s (0h:3m:11s left)
  54 TPM2+F+G4    31030.885   part1.3+part4.1	0h:1m:4s (0h:3m:7s left)
  55 K2P+G4       31047.167   part1.3+part4.2	0h:1m:5s (0h:3m:6s left)
  56 K3P+G4       30983.361   part2.3+part4.1	0h:1m:8s (0h:3m:8s left)
  57 TIMe+G4      31097.410   part2.3+part3.1	0h:1m:10s (0h:3m:10s left)
  58 K3P+G4       31032.129   part1.2+part2.3	0h:1m:11s (0h:3m:7s left)
  59 K2P+G4       31008.526   part2.2+part4.3	0h:1m:12s (0h:3m:6s left)
  60 TN+F+G4      30977.781   part2.1+part4.3	0h:1m:12s (0h:3m:3s left)
  61 TPM2+F+G4    31324.279   part1.3+part5.1	0h:1m:14s (0h:3m:2s left)
  62 K2P+I        31221.327   part1.3+part3.2	0h:1m:14s (0h:3m:0s left)
  63 K3Pu+F+G4    31000.270   part2.3+part4.2	0h:1m:15s (0h:2m:57s left)
  64 HKY+F+G4     30964.113   part2.1+part2.2	0h:1m:17s (0h:2m:57s left)
  65 K3P+I+G4     31269.582   part2.3+part5.1	0h:1m:20s (0h:3m:1s left)
  66 HKY+F+G4     31386.453   part1.3+part5.2	0h:1m:21s (0h:2m:59s left)
  67 K3P+G4       31025.497   part1.1+part4.3	0h:1m:22s (0h:2m:58s left)
  68 TPM3u+F+G4   31138.597   part2.3+part3.2	0h:1m:23s (0h:2m:54s left)
  69 HKY+F+G4     30960.364   part1.1+part2.2	0h:1m:23s (0h:2m:51s left)
  70 TIM2+F+G4    30966.055   part1.1+part2.1	0h:1m:24s (0h:2m:50s left)
  71 TPM2u+F+I+G4 31300.909   part2.3+part5.2	0h:1m:26s (0h:2m:49s left)
  72 K2P+G4       30967.488   part2.2+part4.1	0h:1m:28s (0h:2m:50s left)
  73 TIM2+F+G4    31014.468   part4.1+part4.3	0h:1m:28s (0h:2m:47s left)
  74 K2P+G4       31094.797   part3.1+part4.3	0h:1m:28s (0h:2m:44s left)
  75 TN+F+G4      31018.026   part2.1+part3.1	0h:1m:29s (0h:2m:42s left)
  76 TN+F+G4      30952.222   part2.1+part4.1	0h:1m:30s (0h:2m:40s left)
  77 HKY+F+G4     30988.261   part1.2+part2.1	0h:1m:30s (0h:2m:38s left)
  78 TNe+G4       31039.954   part1.2+part4.3	0h:1m:31s (0h:2m:35s left)
  79 K2P+G4       31005.481   part2.2+part3.1	0h:1m:31s (0h:2m:33s left)
  80 TN+F+G4      30976.077   part2.1+part4.2	0h:1m:34s (0h:2m:34s left)
  81 K2P+G4       31018.066   part4.2+part4.3	0h:1m:34s (0h:2m:31s left)
  82 TPM2+F+G4    31105.724   part2.2+part5.1	0h:1m:35s (0h:2m:30s left)
  83 TIM3+F+G4    30990.507   part1.2+part2.2	0h:1m:36s (0h:2m:28s left)
  84 TPM3u+F+G4   31107.572   part2.1+part5.1	0h:1m:37s (0h:2m:26s left)
  85 TPM2u+F+G4   30956.042   part2.2+part4.2	0h:1m:37s (0h:2m:25s left)
  86 HKY+F+G4     31134.537   part3.2+part4.3	0h:1m:38s (0h:2m:22s left)
  87 TIM+F+G4     30949.248   part1.1+part4.1	0h:1m:40s (0h:2m:23s left)
  88 TPM3u+F+G4   31211.462   part4.3+part5.1	0h:1m:40s (0h:2m:21s left)
  89 K3Pu+F+G4    30977.164   part1.1+part1.2	0h:1m:41s (0h:2m:19s left)
  90 TVMe+G4      30958.938   part1.1+part3.1	0h:1m:42s (0h:2m:17s left)
  91 HKY+F+G4     31049.277   part2.1+part3.2	0h:1m:44s (0h:2m:17s left)
  92 TPM3u+F+G4   31018.707   part2.2+part3.2	0h:1m:46s (0h:2m:17s left)
  93 HKY+F+I      31278.899   part4.3+part5.2	0h:1m:46s (0h:2m:15s left)
  94 K3Pu+F+G4    30958.638   part1.1+part4.2	0h:1m:48s (0h:2m:14s left)
  95 HKY+F+I      31185.933   part2.1+part5.2	0h:1m:48s (0h:2m:12s left)
  96 TIM+F+G4     30985.762   part3.1+part4.1	0h:1m:50s (0h:2m:12s left)
  97 HKY+F+G4     31120.298   part2.2+part5.2	0h:1m:50s (0h:2m:10s left)
  98 TVMe+I+G4    30993.358   part1.2+part3.1	0h:1m:53s (0h:2m:10s left)
  99 TIM3e+G4     30981.951   part1.2+part4.1	0h:1m:54s (0h:2m:9s left)
 100 K3P+G4       30972.804   part4.1+part4.2	0h:1m:54s (0h:2m:7s left)
 101 TPM2u+F+I    31003.812   part1.1+part5.1	0h:1m:57s (0h:2m:7s left)
 102 TPM3u+F+G4   30992.250   part1.1+part3.2	0h:1m:57s (0h:2m:5s left)
 103 K3P+G4       30974.106   part3.1+part4.2	0h:1m:58s (0h:2m:4s left)
 104 K3Pu+F+I     31018.795   part4.1+part5.1	0h:1m:59s (0h:2m:3s left)
 105 TPM2u+F+G4   30982.724   part1.2+part4.2	0h:2m:1s (0h:2m:2s left)
 106 TIM2+F+I     30994.124   part3.1+part5.1	0h:2m:3s (0h:2m:2s left)
 107 K2P+I        31008.473   part3.2+part4.1	0h:2m:4s (0h:2m:0s left)
 108 K3Pu+F+I     31067.165   part1.1+part5.2	0h:2m:5s (0h:1m:59s left)
 109 K3Pu+F+I     31045.404   part4.2+part5.1	0h:2m:7s (0h:1m:59s left)
 110 HKY+F+I      31116.098   part4.1+part5.2	0h:2m:9s (0h:1m:58s left)
 111 K3P+I        30965.688   part3.1+part3.2	0h:2m:9s (0h:1m:56s left)
 112 TIM2+F+I+G4  31053.157   part1.2+part5.1	0h:2m:9s (0h:1m:54s left)
 113 TIM3+F+G4    30978.460   part1.2+part3.2	0h:2m:10s (0h:1m:52s left)
 114 K3Pu+F+I     31042.189   part3.1+part5.2	0h:2m:12s (0h:1m:52s left)
 115 F81+F+I      31019.231   part5.1+part5.2	0h:2m:14s (0h:1m:51s left)
 116 K2P+I        31004.092   part3.2+part5.1	0h:2m:14s (0h:1m:50s left)
 117 HKY+F+I      30988.601   part3.2+part5.2	0h:2m:14s (0h:1m:48s left)
 118 TPM2u+F+G4   30968.841   part3.2+part4.2	0h:2m:14s (0h:1m:46s left)
 119 TIM3+F+I+G4  31075.096   part1.2+part5.2	0h:2m:15s (0h:1m:44s left)
 120 TPM2u+F+I    31041.175   part4.2+part5.2	0h:2m:15s (0h:1m:42s left)
Merging part1.1+part4.1 with BIC score: 30949.248 (LnL: -14903.467  df: 143)
 121 TIM+F+G4     30939.537   part1.1+part4.1+part4.2	0h:2m:19s (0h:1m:43s left)
 122 K3Pu+F+G4    30952.573   part1.1+part1.2+part4.1	0h:2m:19s (0h:1m:41s left)
 123 TIM2+F+G4    30950.898   part1.1+part2.2+part4.1	0h:2m:20s (0h:1m:40s left)
 124 TIM2+F+G4    30928.205   part1.1+part2.1+part4.1	0h:2m:20s (0h:1m:38s left)
 125 K3Pu+F+G4    31006.423   part1.1+part4.1+part5.1	0h:2m:22s (0h:1m:37s left)
 126 K3P+G4       30983.366   part1.1+part2.3+part4.1	0h:2m:23s (0h:1m:36s left)
 127 TIM2+F+G4    31054.084   part1.1+part1.3+part4.1	0h:2m:23s (0h:1m:34s left)
 128 K3P+G4       30990.493   part1.1+part3.2+part4.1	0h:2m:25s (0h:1m:34s left)
 129 TIM+F+G4     30940.661   part1.1+part3.1+part4.1	0h:2m:25s (0h:1m:32s left)
 130 TIM2+F+G4    31010.144   part1.1+part4.1+part4.3	0h:2m:26s (0h:1m:31s left)
 131 GTR+F+G4     31008.999   part1.1+part3.3+part4.1	0h:2m:26s (0h:1m:29s left)
 132 K3Pu+F+I     31104.436   part1.1+part4.1+part5.2	0h:2m:26s (0h:1m:27s left)
 133 K3P+G4       31009.107   part1.1+part4.1+part5.3	0h:2m:30s (0h:1m:28s left)
Merging part2.3+part4.3 with BIC score: 30917.675 (LnL: -14915.640  df: 136)
 134 TN+F+G4      30922.893   part2.1+part2.3+part4.3	0h:2m:37s (0h:1m:30s left)
 135 K3P+G4       31102.321   part2.3+part3.1+part4.3	0h:2m:37s (0h:1m:28s left)
 136 K2P+G4       30903.118   part1.3+part2.3+part4.3	0h:2m:39s (0h:1m:27s left)
 137 TIM+F+G4     30968.783   part2.3+part4.2+part4.3	0h:2m:39s (0h:1m:26s left)
 138 HKY+F+G4     30954.384   part2.2+part2.3+part4.3	0h:2m:41s (0h:1m:25s left)
 139 K3P+G4       31000.676   part1.1+part2.3+part4.1+part4.3	0h:2m:41s (0h:1m:23s left)
 140 HKY+F+G4     31356.932   part2.3+part4.3+part5.2	0h:2m:43s (0h:1m:23s left)
 141 TIMe+G4      30906.292   part2.3+part3.3+part4.3	0h:2m:46s (0h:1m:22s left)
 142 K2P+G4       31001.886   part1.2+part2.3+part4.3	0h:2m:49s (0h:1m:22s left)
 143 HKY+F+G4     31156.510   part2.3+part3.2+part4.3	0h:2m:50s (0h:1m:21s left)
 144 K2P+G4       31302.006   part2.3+part4.3+part5.1	0h:2m:50s (0h:1m:19s left)
 145 HKY+F+G4     30924.108   part2.3+part4.3+part5.3	0h:2m:52s (0h:1m:18s left)
Merging part2.2+part4.2 with BIC score: 30890.913 (LnL: -14922.229  df: 131)
 146 HKY+F+G4     31040.262   part2.2+part4.2+part5.1	0h:2m:57s (0h:1m:19s left)
 147 TIM+F+G4     30897.409   part1.1+part2.2+part4.1+part4.2	0h:2m:59s (0h:1m:17s left)
 148 HKY+F+G4     30880.520   part2.1+part2.2+part4.2	0h:3m:1s (0h:1m:17s left)
 149 HKY+F+G4     30890.592   part1.2+part2.2+part4.2	0h:3m:3s (0h:1m:16s left)
 150 HKY+F+G4     30985.717   part1.3+part2.2+part4.2	0h:3m:5s (0h:1m:15s left)
 151 TIMe+G4      30984.211   part2.2+part3.3+part4.2	0h:3m:7s (0h:1m:14s left)
 152 TN+F+G4      30921.390   part2.2+part3.1+part4.2	0h:3m:8s (0h:1m:13s left)
 153 HKY+F+G4     30936.772   part2.2+part4.2+part5.3	0h:3m:8s (0h:1m:11s left)
 154 TN+F+G4      30963.039   part2.2+part2.3+part4.2+part4.3	0h:3m:8s (0h:1m:9s left)
 155 TPM2u+F+G4   31036.298   part2.2+part4.2+part5.2	0h:3m:9s (0h:1m:8s left)
 156 TPM2+F+G4    30923.605   part2.2+part3.2+part4.2	0h:3m:9s (0h:1m:6s left)
Merging part1.1+part2.1+part4.1 with BIC score: 30869.870 (LnL: -14939.667  df: 124)
 157 K3Pu+F+G4    30959.392   part1.1+part2.1+part3.2+part4.1	0h:3m:15s (0h:1m:7s left)
 158 TPM2u+F+G4   30878.201   part1.1+part1.2+part2.1+part4.1	0h:3m:16s (0h:1m:5s left)
 159 TIM2+F+G4    30887.902   part1.1+part2.1+part3.1+part4.1	0h:3m:17s (0h:1m:4s left)
 160 HKY+F+G4     31098.268   part1.1+part2.1+part4.1+part5.2	0h:3m:18s (0h:1m:3s left)
 161 TN+F+G4      30873.605   part1.1+part2.1+part2.2+part4.1+part4.2	0h:3m:19s (0h:1m:2s left)
 162 TPM2+F+G4    30989.470   part1.1+part2.1+part4.1+part5.1	0h:3m:20s (0h:1m:0s left)
 163 TIM2+F+G4    30962.772   part1.1+part1.3+part2.1+part4.1	0h:3m:21s (0h:0m:59s left)
 164 TIM+F+G4     30959.176   part1.1+part2.1+part2.3+part4.1+part4.3	0h:3m:21s (0h:0m:57s left)
 165 TPM2u+F+G4   30942.185   part1.1+part2.1+part4.1+part5.3	0h:3m:26s (0h:0m:57s left)
 166 GTR+F+G4     30945.240   part1.1+part2.1+part3.3+part4.1	0h:3m:29s (0h:0m:56s left)
Merging part3.1+part3.2 with BIC score: 30852.754 (LnL: -14959.067  df: 117)
 167 TPM3u+F+I    30895.394   part3.1+part3.2+part5.2	0h:3m:34s (0h:0m:56s left)
 168 TPM3u+F+I+G4 30862.762   part1.2+part3.1+part3.2	0h:3m:35s (0h:0m:55s left)
 169 K2P+G4       31126.395   part1.3+part3.1+part3.2	0h:3m:35s (0h:0m:53s left)
 170 HKY+F+G4     30901.789   part2.2+part3.1+part3.2+part4.2	0h:3m:37s (0h:0m:52s left)
 171 K3Pu+F+G4    30943.070   part1.1+part2.1+part3.1+part3.2+part4.1	0h:3m:37s (0h:0m:50s left)
 172 TIM+F+G4     31164.185   part2.3+part3.1+part3.2+part4.3	0h:3m:38s (0h:0m:49s left)
 173 K3P+G4       31104.239   part3.1+part3.2+part5.3	0h:3m:38s (0h:0m:48s left)
 174 K3Pu+F+I     30886.942   part3.1+part3.2+part5.1	0h:3m:39s (0h:0m:46s left)
 175 SYM+I+G4     31131.466   part3.1+part3.2+part3.3	0h:3m:39s (0h:0m:45s left)
Merging part1.3+part2.3+part4.3 with BIC score: 30838.197 (LnL: -14959.777  df: 115)
 176 K2P+G4       30956.694   part1.2+part1.3+part2.3+part4.3	0h:3m:50s (0h:0m:45s left)
 177 K2P+G4       31281.658   part1.3+part2.3+part3.1+part3.2+part4.3	0h:3m:50s (0h:0m:44s left)
 178 K2P+G4       31341.108   part1.3+part2.3+part4.3+part5.1	0h:3m:52s (0h:0m:43s left)
 179 K2P+G4       31406.512   part1.3+part2.3+part4.3+part5.2	0h:3m:53s (0h:0m:41s left)
 180 K2P+G4       30951.266   part1.3+part2.2+part2.3+part4.2+part4.3	0h:3m:54s (0h:0m:40s left)
 181 TIM2+F+G4    30980.672   part1.1+part1.3+part2.1+part2.3+part4.1+part4.3	0h:3m:54s (0h:0m:38s left)
 182 K2P+G4       30859.464   part1.3+part2.3+part4.3+part5.3	0h:3m:55s (0h:0m:37s left)
 183 TIMe+G4      30845.604   part1.3+part2.3+part3.3+part4.3	0h:3m:55s (0h:0m:36s left)
Merging part1.2+part2.2+part4.2 with BIC score: 30837.876 (LnL: -14983.581  df: 109)
 184 HKY+F+G4     30983.995   part1.2+part2.2+part4.2+part5.1	0h:4m:3s (0h:0m:35s left)
 185 K3Pu+F+G4    30841.539   part1.1+part1.2+part2.1+part2.2+part4.1+part4.2	0h:4m:5s (0h:0m:34s left)
 186 TPM3u+F+G4   30878.032   part1.2+part2.2+part3.1+part3.2+part4.2	0h:4m:5s (0h:0m:33s left)
 187 TN+F+G4      30990.260   part1.2+part2.2+part4.2+part5.2	0h:4m:6s (0h:0m:31s left)
 188 TVMe+G4      30969.480   part1.2+part2.2+part3.3+part4.2	0h:4m:7s (0h:0m:30s left)
 189 HKY+F+G4     30896.078   part1.2+part2.2+part4.2+part5.3	0h:4m:9s (0h:0m:28s left)
 190 HKY+F+G4     31011.271   part1.2+part1.3+part2.2+part2.3+part4.2+part4.3	0h:4m:9s (0h:0m:27s left)
BEST-FIT PARTITION MODEL: 
  charpartition BIC = TIM2+F+G4: part1.1 part2.1 part4.1, HKY+F+G4: part1.2 part2.2 part4.2, K2P+G4: part1.3 part2.3 part4.3, K3P+I: part3.1 part3.2, SYM+G4: part3.3, TPM2u+F+I: part5.1, F81+F: part5.2, TNe+G4: part5.3;
Agglomerative model selection: (((part1.1,part4.1)1:30949.2,part2.1)4:30869.9,(part1.2,(part2.2,part4.2)3:30890.9)7:30837.9,(part1.3,(part2.3,part4.3)2:30917.7)6:30838.2,(part3.1,part3.2)5:30852.8,part3.3,part5.1,part5.2,part5.3)
Merging into 8 partitions...
Partition information was printed to 4_set239.best_scheme.nex
Partition information in Raxml format was printed to 4_set239.best_scheme

All model information printed to 4_set239.model.gz
CPU time for ModelFinder: 371.772 seconds (0h:6m:11s)
Wall-clock time for ModelFinder: 249.912 seconds (0h:4m:9s)
Generating 1000 samples for ultrafast bootstrap (seed: 789783)...

NOTE: 10 MB RAM (0 GB) is required!
Measuring multi-threading efficiency up to 8 CPU cores
Increase to 10 rounds for branch lengths
23 trees examined
Threads: 1 / Time: 8.270 sec / Speedup: 1.000 / Efficiency: 100% / LogL: -23581
Threads: 2 / Time: 14.090 sec / Speedup: 0.587 / Efficiency: 29% / LogL: -23581
BEST NUMBER OF THREADS: 1

Estimate model parameters (epsilon = 0.100)
Initial log-likelihood: -16605.208
Current log-likelihood at step 1: -15269.172
Current log-likelihood at step 2: -15194.864
Current log-likelihood at step 3: -15185.354
Current log-likelihood at step 4: -15175.529
Current log-likelihood at step 5: -15164.702
Current log-likelihood at step 6: -15152.650
Current log-likelihood at step 7: -15139.070
Current log-likelihood at step 8: -15123.546
Current log-likelihood at step 9: -15105.504
Current log-likelihood at step 10: -15084.198
Current log-likelihood at step 11: -15058.995
Current log-likelihood at step 12: -15020.788
Current log-likelihood at step 13: -15019.053
Current log-likelihood at step 14: -15017.221
Current log-likelihood at step 15: -15015.275
Current log-likelihood at step 16: -15013.203
Current log-likelihood at step 17: -15010.990
Current log-likelihood at step 18: -15008.623
Current log-likelihood at step 19: -15006.084
Current log-likelihood at step 20: -15003.360
Current log-likelihood at step 21: -15000.440
Current log-likelihood at step 22: -14997.329
Current log-likelihood at step 23: -14994.061
Current log-likelihood at step 24: -14982.997
Current log-likelihood at step 25: -14982.997
Partition-specific rates:  0.926 0.710 2.316 0.216 2.788 0.078 0.021 1.626
Parameters optimization took 24 rounds (5.234 sec)

Computing ML distances based on estimated model parameters... 0.075 sec
Computing BIONJ tree...
0.005 seconds
Log-likelihood of BIONJ tree: -14992.415
--------------------------------------------------------------------
|             INITIALIZING CANDIDATE TREE SET                      |
--------------------------------------------------------------------
Generating 98 parsimony trees... 4.353 second
Computing log-likelihood of 98 initial trees ... 12.008 seconds
Current best score: -14982.997

Do NNI search on 20 best initial trees
Estimate model parameters (epsilon = 0.100)
Initial log-likelihood: -14981.823
Current log-likelihood at step 1: -14981.800
Parameters optimization took 0 rounds (0.173 sec)

BETTER TREE FOUND at iteration 1: -14981.800
Iteration 10 / LogL: -14981.805 / Time: 0h:0m:53s
Iteration 20 / LogL: -14985.075 / Time: 0h:1m:5s
Finish initializing candidate tree set (3)
Current best tree score: -14981.800 / CPU time: 37.534
Number of iterations: 20
--------------------------------------------------------------------
|               OPTIMIZING CANDIDATE TREE SET                      |
--------------------------------------------------------------------
Iteration 30 / LogL: -14985.298 / Time: 0h:1m:16s (0h:3m:7s left)
Iteration 40 / LogL: -14985.074 / Time: 0h:1m:28s (0h:2m:18s left)
Iteration 50 / LogL: -14985.174 / Time: 0h:1m:41s (0h:1m:45s left)
Log-likelihood cutoff on original alignment: -15012.018
Iteration 60 / LogL: -14981.905 / Time: 0h:1m:53s (0h:1m:18s left)
Iteration 70 / LogL: -14985.095 / Time: 0h:2m:5s (0h:0m:56s left)
Iteration 80 / LogL: -14981.800 / Time: 0h:2m:18s (0h:0m:36s left)
Iteration 90 / LogL: -14981.800 / Time: 0h:2m:28s (0h:0m:18s left)
Iteration 100 / LogL: -14981.804 / Time: 0h:2m:38s (0h:0m:1s left)
Log-likelihood cutoff on original alignment: -15012.018
NOTE: Bootstrap correlation coefficient of split occurrence frequencies: 1.000
TREE SEARCH COMPLETED AFTER 102 ITERATIONS / Time: 0h:2m:40s

--------------------------------------------------------------------
|                    FINALIZING TREE SEARCH                        |
--------------------------------------------------------------------
Performs final model parameters optimization
Estimate model parameters (epsilon = 0.010)
Initial log-likelihood: -14981.800
Current log-likelihood at step 1: -14981.799
Partition-specific rates:  0.919 0.709 2.315 0.216 2.804 0.078 0.021 1.624
Parameters optimization took 0 rounds (0.125 sec)

BEST SCORE FOUND : -14981.799
Creating bootstrap support values...
Split supports printed to NEXUS file 4_set239.splits.nex
Total tree length: 0.860

Total number of iterations: 102
CPU time used for tree search: 63.450 sec (0h:1m:3s)
Wall-clock time used for tree search: 132.181 sec (0h:2m:12s)
Total CPU time used: 75.581 sec (0h:1m:15s)
Total wall-clock time used: 160.843 sec (0h:2m:40s)

Computing bootstrap consensus tree...
Reading input file 4_set239.splits.nex...
35 taxa and 128 splits.
Consensus tree written to 4_set239.contree
Reading input trees file 4_set239.contree
Log-likelihood of consensus tree: -14981.799

Analysis results written to: 
  IQ-TREE report:                4_set239.iqtree
  Maximum-likelihood tree:       4_set239.treefile
  Likelihood distances:          4_set239.mldist
  Best partitioning scheme:      4_set239.best_scheme.nex
           in RAxML format:      4_set239.best_scheme

Ultrafast bootstrap approximation results written to:
  Split support values:          4_set239.splits.nex
  Consensus tree:                4_set239.contree
  Screen log file:               4_set239.log

Date and Time: Sat Sep  8 05:10:34 2018
