IQ-TREE multicore version 1.6.7 for Mac OS X 64-bit built Aug 23 2018
Developed by Bui Quang Minh, Nguyen Lam Tung, Olga Chernomor,
Heiko Schmidt, Dominik Schrempf, Michael Woodhams.

Host:    meeps-mac-pro.staff.sydney.edu.au (AVX, 64 GB RAM)
Command: /Users/davidduchene/Desktop/Software/iqtree-1.6.7-MacOSX/bin/iqtree -s ../../../../marsupials/set22.fasta -m TESTMERGE -bb 1000 -spp ../../../../marsupials/set22.nex -nt AUTO -pre 4_set22
Seed:    198071 (Using SPRNG - Scalable Parallel Random Number Generator)
Time:    Thu Sep  6 15:55:03 2018
Kernel:  AVX - auto-detect threads (8 CPU cores detected)

Reading partition model file ../../../../marsupials/set22.nex ...
Reading alignment file ../../../../marsupials/set22.fasta ... Fasta format detected
Alignment most likely contains DNA/RNA sequences
Alignment has 35 sequences with 1866 columns, 857 distinct patterns
491 parsimony-informative, 358 singleton sites, 1017 constant sites
                                              Gap/Ambiguity  Composition  p-value
   1  Burramyidae_Burramys_parvus                     5.09%    passed     72.39%
   2  Notoryctidae_Notoryctes_typhlops                8.36%    passed     38.95%
   3  Vombatidae_Lasiorhinus_latifrons                0.91%    passed     85.95%
   4  Potoroidae_Bettongia_penicillata                0.75%    passed     97.62%
   5  Potoroidae_Bettongia_lesueur                    9.54%    passed     90.55%
   6  Dasyuridae_Dasyurus_maculatus                   0.21%    passed     99.67%
   7  Phalangeridae_Trichosurus_vulpecula             0.05%    passed     98.53%
   8  Phalangeridae_Spilocuscus_maculatus             0.38%    passed     98.11%
   9  Potoroidae_Aepyprymnus_rufescens                0.48%    passed     98.22%
  10  Peramelidae_Perameles_nasuta                    1.50%    passed     96.82%
  11  Phalangeridae_Strigocuscus_pelengensis          1.39%    passed     81.33%
  12  Dasyuridae_Phascogale_tapoatafa                 0.00%    passed     99.92%
  13  Dasyuridae_Sminthopsis_macroura                 0.21%    passed     90.82%
  14  Phalangeridae_Phalanger_orientalis              1.02%    passed     99.21%
  15  Acrobatidae_Acrobates_pygmaeus                 17.47%    passed     75.02%
  16  Dasyuridae_Phascogale_calura                    0.00%    passed     99.02%
  17  Dasyuridae_Sarcophilus_harrisii                 0.00%    passed     99.70%
  18  Dasyuridae_Planigale_tenuirostris               7.45%    passed     90.09%
  19  Peramelidae_Echymipera_kalubu                   0.05%    passed     99.42%
  20  Macropodidae_Dorcopsulus_vanheurni              0.75%    passed     99.64%
  21  Pseudochiridae_Pseudochirulus_forbesi           2.63%    passed     95.18%
  22  Didelphidae_Didelphis_virginiana                1.02%    passed     79.83%
  23  Marmosidae_Monodelphis_domestica                0.00%    passed     88.56%
  24  Dasyuridae_Antechinus_stuartii                  0.91%    passed     99.00%
  25  Hypsiprymnodontidae_Hypsiprymnodon_moschatus    0.11%    passed     98.50%
  26  Microbiotheriidae_Dromiciops_gliroides          1.50%    passed     88.27%
  27  Pseudochiridae_Petauroides_volans               0.43%    passed     77.77%
  28  Macropodidae_Wallabia_bicolor                   0.80%    passed     89.39%
  29  Pseudochiridae_Pseudocheirus_occidentalis       1.77%    passed     99.04%
  30  Tarsipedidae_Tarsipes_rostratus                 1.02%    passed     52.93%
  31  Acrobatidae_Distoechurus_pennatus               0.43%    passed     92.69%
  32  Phalangeridae_Phalanger_carmelitae              5.20%    passed     82.75%
  33  Peramelidae_Peroryctes_raffrayana               2.09%    passed     99.69%
  34  Dasyuridae_Dasyurus_geffroii                    0.21%    passed     99.81%
  35  Peramelidae_Perameles_gunnii                    0.38%    passed     97.96%
****  TOTAL                                           2.12%  0 sequences failed composition chi2 test (p-value<5%; df=3)
NOTE: No CharPartition defined, use all CharSets

Loading 15 partitions...
Subset	Type	Seqs	Sites	Infor	Invar	Model	Name
1		35	74	9	61	TESTMERGE	part1.1
2		35	74	2	69	TESTMERGE	part1.2
3		35	74	27	32	TESTMERGE	part1.3
4		35	87	39	27	TESTMERGE	part2.1
5		35	87	27	38	TESTMERGE	part2.2
6		35	87	52	18	TESTMERGE	part2.3
7		35	121	15	93	TESTMERGE	part3.1
8		35	121	11	95	TESTMERGE	part3.2
9		35	121	30	63	TESTMERGE	part3.3
10		35	216	37	135	TESTMERGE	part4.1
11		35	216	28	150	TESTMERGE	part4.2
12		35	216	133	37	TESTMERGE	part4.3
13		35	124	20	77	TESTMERGE	part5.1
14		35	124	13	84	TESTMERGE	part5.2
15		35	124	48	38	TESTMERGE	part5.3
Degree of missing data: 0.000
Info: multi-threading strategy over partitions



Create initial parsimony tree by phylogenetic likelihood library (PLL)... 0.009 seconds
NOTE: ModelFinder requires 9 MB RAM!
NUMBER OF THREADS FOR PARTITION FINDING: 8
Testing GTR+F+G on supermatrix...
GTR+F+G4 / LnL: -11702.439 / df: 76 / AIC: 23556.879 / AICc: 23563.421 / BIC: 23977.277
Selecting individual models for 15 charsets using BIC...
 No. Model        Score       Charset
   1 K2P+G4       1175.879    part2.2
   2 K2P          1446.717    part2.1
   3 K2P+G4       2229.932    part5.3
   4 HKY+F+G4     1513.912    part3.3
   5 TPM3u+F+G4   1907.664    part2.3
   6 TIM+F+G4     2049.923    part4.1
   7 HKY+F+G4     1855.919    part4.2
   8 K3P+G4       1263.404    part5.1
   9 HKY+F+G4     911.883     part3.2
  10 TPM2u+F+G4   923.353     part3.1	0h:0m:25s (0h:8m:41s left)
  11 TIM2+F+G4    4573.760    part4.3	0h:0m:26s (0h:7m:52s left)
  12 F81+F+I      321.201     part1.2	0h:0m:26s (0h:7m:13s left)
  13 HKY+F+G4     1018.072    part5.2	0h:0m:26s (0h:6m:47s left)
  14 K3P+G4       503.168     part1.1	0h:0m:26s (0h:6m:17s left)
  15 TNe+G4       1130.195    part1.3	0h:0m:27s (0h:5m:59s left)
Full partition model BIC score: 23535.471 (LnL: -11221.698  df:145)
Merging models to increase model fit (about 211 total partition schemes)...
  16 GTR+F+G4     23642.719   part4.3+part5.1	0h:0m:43s (0h:8m:45s left)
  17 TIM2+F+G4    23604.020   part4.3+part5.3	0h:0m:46s (0h:8m:53s left)
  18 TIM2+F+G4    23619.294   part2.3+part4.3	0h:0m:47s (0h:8m:24s left)
  19 TIM+F+G4     23771.225   part4.2+part4.3	0h:0m:47s (0h:7m:58s left)
  20 TIM2+F+G4    23657.048   part3.3+part4.3	0h:0m:47s (0h:7m:35s left)
  21 TIM2+F+G4    23616.994   part2.2+part4.3	0h:0m:48s (0h:7m:22s left)
  22 TIM+F+G4     23671.121   part4.1+part4.3	0h:0m:48s (0h:6m:59s left)
  23 GTR+F+G4     23602.335   part2.1+part4.3	0h:0m:49s (0h:6m:44s left)
  24 TIM+F+G4     23602.586   part4.1+part5.3	0h:1m:4s (0h:8m:25s left)
  25 TN+F+G4      23590.939   part4.2+part5.3	0h:1m:6s (0h:8m:14s left)
  26 TPM2+F+G4    23738.242   part1.2+part4.3	0h:1m:7s (0h:8m:3s left)
  27 TIM2+F+G4    23637.136   part1.1+part4.3	0h:1m:7s (0h:7m:43s left)
  28 TIM2+F+G4    23697.146   part4.3+part5.2	0h:1m:7s (0h:7m:24s left)
  29 TIM2+F+G4    23661.208   part3.1+part4.3	0h:1m:9s (0h:7m:14s left)
  30 TIM2+F+G4    23744.942   part3.2+part4.3	0h:1m:10s (0h:7m:2s left)
  31 TIM2+F+G4    23574.612   part1.3+part4.3	0h:1m:10s (0h:6m:51s left)
  32 K2P+G4       23528.333   part2.1+part5.3	0h:1m:18s (0h:7m:19s left)
  33 TIM+F+G4     23547.472   part4.1+part4.2	0h:1m:19s (0h:7m:10s left)
  34 HKY+F+G4     23536.762   part3.3+part5.3	0h:1m:21s (0h:7m:4s left)
  35 HKY+F+G4     23535.914   part2.3+part5.3	0h:1m:23s (0h:7m:0s left)
  36 TN+F+G4      23590.134   part3.3+part4.1	0h:1m:24s (0h:6m:49s left)
  37 TIM+F+G4     23577.490   part2.1+part4.1	0h:1m:25s (0h:6m:42s left)
  38 TIM2+F+G4    23663.528   part2.3+part4.1	0h:1m:25s (0h:6m:31s left)
  39 HKY+F+G4     23517.219   part3.3+part4.2	0h:1m:30s (0h:6m:37s left)
  40 K2P+G4       23520.870   part2.2+part5.3	0h:1m:33s (0h:6m:40s left)
  41 TIM+F+G4     23541.730   part2.2+part4.1	0h:1m:35s (0h:6m:34s left)
  42 TNe+G4       23548.768   part2.1+part3.3	0h:1m:36s (0h:6m:27s left)
  43 HKY+F+G4     23598.117   part2.3+part4.2	0h:1m:37s (0h:6m:21s left)
  44 TPM2+F+G4    23582.674   part2.1+part4.2	0h:1m:38s (0h:6m:12s left)
  45 TPM3+F+G4    23531.383   part2.3+part3.3	0h:1m:41s (0h:6m:13s left)
  46 HKY+F+G4     23534.441   part2.2+part4.2	0h:1m:41s (0h:6m:2s left)
  47 K2P+G4       23557.967   part2.1+part2.3	0h:1m:43s (0h:6m:1s left)
  48 K3P+G4       23549.740   part5.1+part5.3	0h:1m:47s (0h:6m:4s left)
  49 TIM+F+G4     23503.688   part4.1+part5.1	0h:1m:49s (0h:6m:3s left)
  50 TIM2+F+G4    23528.077   part3.1+part4.1	0h:1m:50s (0h:5m:55s left)
  51 K2P+G4       23571.029   part3.1+part5.3	0h:1m:50s (0h:5m:47s left)
  52 TN+F+G4      23530.285   part2.2+part3.3	0h:1m:51s (0h:5m:40s left)
  53 K3Pu+F+G4    23529.622   part4.2+part5.1	0h:1m:53s (0h:5m:38s left)
  54 TN+F+G4      23550.918   part2.2+part2.3	0h:1m:56s (0h:5m:37s left)
  55 HKY+F+G4     23575.556   part5.2+part5.3	0h:1m:57s (0h:5m:32s left)
  56 HKY+F+G4     23577.788   part3.2+part5.3	0h:1m:58s (0h:5m:27s left)
  57 K2P+G4       23525.023   part2.1+part2.2	0h:1m:59s (0h:5m:23s left)
  58 TN+F+G4      23520.277   part4.1+part5.2	0h:2m:1s (0h:5m:20s left)
  59 TIM+F+G4     23547.171   part3.2+part4.1	0h:2m:3s (0h:5m:17s left)
  60 HKY+F+G4     23521.621   part3.1+part4.2	0h:2m:5s (0h:5m:15s left)
  61 TNe+G4       23522.416   part1.3+part5.3	0h:2m:6s (0h:5m:9s left)
  62 K2P+G4       23534.785   part3.3+part5.1	0h:2m:8s (0h:5m:7s left)
  63 HKY+F+G4     23499.544   part4.2+part5.2	0h:2m:12s (0h:5m:11s left)
  64 TIM+F+G4     23552.557   part1.3+part4.1	0h:2m:13s (0h:5m:7s left)
  65 TPM2u+F+G4   23539.625   part3.1+part3.3	0h:2m:14s (0h:5m:2s left)
  66 TN+F+G4      23574.786   part1.3+part4.2	0h:2m:17s (0h:5m:1s left)
  67 K2P+G4       23589.600   part2.3+part5.1	0h:2m:18s (0h:4m:56s left)
  68 HKY+F+G4     23501.425   part3.2+part4.2	0h:2m:18s (0h:4m:51s left)
  69 HKY+F+G4     23534.394   part3.3+part5.2	0h:2m:19s (0h:4m:46s left)
  70 HKY+F+G4     23529.769   part3.2+part3.3	0h:2m:19s (0h:4m:41s left)
  71 K3P+G4       23538.071   part2.1+part5.1	0h:2m:23s (0h:4m:42s left)
  72 TIM2e+G4     23613.196   part2.3+part3.1	0h:2m:24s (0h:4m:38s left)
  73 K2P+G4       23561.532   part2.1+part3.1	0h:2m:25s (0h:4m:34s left)
  74 K2P+G4       23534.236   part1.3+part3.3	0h:2m:26s (0h:4m:31s left)
  75 HKY+F+G4     23525.398   part2.2+part5.1	0h:2m:29s (0h:4m:30s left)
  76 HKY+F+G4     23598.368   part2.3+part5.2	0h:2m:29s (0h:4m:25s left)
  77 HKY+F+G4     23562.361   part1.3+part2.3	0h:2m:31s (0h:4m:23s left)
  78 HKY+F+G4     23586.949   part2.3+part3.2	0h:2m:32s (0h:4m:20s left)
  79 K2P+G4       23558.829   part2.1+part5.2	0h:2m:34s (0h:4m:17s left)
  80 K2P+G4       23535.522   part2.2+part3.1	0h:2m:37s (0h:4m:17s left)
  81 K2P+G4       23570.565   part2.1+part3.2	0h:2m:39s (0h:4m:15s left)
  82 HKY+F+G4     23522.142   part2.2+part5.2	0h:2m:40s (0h:4m:13s left)
  83 K2P+G4       23536.639   part1.3+part2.1	0h:2m:42s (0h:4m:10s left)
  84 K2P+G4       23561.324   part1.1+part5.3	0h:2m:43s (0h:4m:7s left)
  85 TNe+G4       23525.485   part1.3+part2.2	0h:2m:44s (0h:4m:3s left)
  86 HKY+F+G4     23531.241   part2.2+part3.2	0h:2m:44s (0h:3m:58s left)
  87 TPM2u+F+G4   23510.151   part3.1+part5.1	0h:2m:45s (0h:3m:56s left)
  88 TIM+F+G4     23527.390   part1.1+part4.1	0h:2m:48s (0h:3m:54s left)
  89 HKY+F+G4     23507.887   part5.1+part5.2	0h:2m:50s (0h:3m:53s left)
  90 K2P+G4       23604.281   part1.2+part5.3	0h:2m:50s (0h:3m:49s left)
  91 HKY+F+G4     23522.381   part3.2+part5.1	0h:2m:52s (0h:3m:47s left)
  92 K3Pu+F+G4    23531.727   part1.1+part4.2	0h:2m:54s (0h:3m:45s left)
  93 TVMe+G4      23599.636   part1.2+part4.1	0h:2m:57s (0h:3m:45s left)
  94 HKY+F+G4     23542.444   part1.1+part3.3	0h:2m:58s (0h:3m:42s left)
  95 TPM2u+F+G4   23508.760   part3.1+part5.2	0h:2m:59s (0h:3m:38s left)
  96 TPM2u+F+G4   23519.385   part3.1+part3.2	0h:3m:1s (0h:3m:36s left)
  97 TNe+G4       23530.695   part1.3+part5.1	0h:3m:3s (0h:3m:35s left)
  98 TNe+G4       23546.966   part1.3+part3.1	0h:3m:5s (0h:3m:33s left)
  99 TPM3u+F+G4   23558.515   part1.2+part4.2	0h:3m:6s (0h:3m:30s left)
 100 TIM2e+G4     23606.685   part1.1+part2.3	0h:3m:6s (0h:3m:27s left)
 101 HKY+F+G4     23498.909   part3.2+part5.2	0h:3m:7s (0h:3m:24s left)
 102 TNe+G4       23551.913   part1.3+part5.2	0h:3m:9s (0h:3m:22s left)
 103 TNe+G4       23544.669   part1.3+part3.2	0h:3m:9s (0h:3m:18s left)
 104 K2P+G4       23563.734   part1.1+part2.1	0h:3m:10s (0h:3m:15s left)
 105 TN+F+G4      23570.188   part1.2+part3.3	0h:3m:11s (0h:3m:13s left)
 106 K2P+G4       23593.453   part1.2+part2.1	0h:3m:14s (0h:3m:12s left)
 107 K2P+G4       23567.868   part1.2+part2.2	0h:3m:15s (0h:3m:10s left)
 108 K2P+G4       23535.749   part1.1+part2.2	0h:3m:16s (0h:3m:7s left)
 109 TIM3+F+G4    23631.914   part1.2+part2.3	0h:3m:17s (0h:3m:4s left)
 110 K3P+G4       23521.402   part1.1+part5.1	0h:3m:18s (0h:3m:2s left)
 111 HKY+F+G4     23522.466   part1.1+part3.2	0h:3m:20s (0h:3m:0s left)
 112 K2P+G4       23539.961   part1.2+part5.1	0h:3m:22s (0h:2m:58s left)
 113 HKY+F+G4     23524.257   part1.1+part5.2	0h:3m:24s (0h:2m:56s left)
 114 TPM2u+F+G4   23510.096   part1.1+part3.1	0h:3m:24s (0h:2m:54s left)
 115 HKY+F+G4     23546.852   part1.2+part5.2	0h:3m:26s (0h:2m:52s left)
 116 K2P+G4       23522.521   part1.2+part3.1	0h:3m:26s (0h:2m:49s left)
 117 TPM3u+F+G4   23527.118   part1.2+part3.2	0h:3m:27s (0h:2m:46s left)
 118 TNe+G4       23536.267   part1.1+part1.3	0h:3m:28s (0h:2m:44s left)
 119 K2P+I        23521.557   part1.1+part1.2	0h:3m:28s (0h:2m:41s left)
 120 TNe+G4       23567.898   part1.2+part1.3	0h:3m:29s (0h:2m:38s left)
Merging part3.2+part5.2 with BIC score: 23498.909 (LnL: -11226.011  df: 139)
 121 HKY+F+G4     23480.859   part3.2+part5.1+part5.2	0h:3m:36s (0h:2m:40s left)
 122 TN+F+G4      23509.956   part3.2+part4.1+part5.2	0h:3m:37s (0h:2m:38s left)
 123 HKY+F+G4     23549.184   part2.1+part3.2+part5.2	0h:3m:38s (0h:2m:36s left)
 124 HKY+F+G4     23494.646   part2.2+part3.2+part5.2	0h:3m:39s (0h:2m:34s left)
 125 HKY+F+G4     23508.176   part3.2+part3.3+part5.2	0h:3m:41s (0h:2m:32s left)
 126 HKY+F+G4     23588.081   part2.3+part3.2+part5.2	0h:3m:42s (0h:2m:30s left)
 127 HKY+F+G4     23464.645   part3.2+part4.2+part5.2	0h:3m:43s (0h:2m:27s left)
 128 TPM2u+F+G4   23482.781   part3.1+part3.2+part5.2	0h:3m:46s (0h:2m:26s left)
 129 HKY+F+G4     23488.424   part1.1+part3.2+part5.2	0h:3m:47s (0h:2m:24s left)
 130 TN+F+G4      23539.811   part1.3+part3.2+part5.2	0h:3m:48s (0h:2m:22s left)
 131 TIM2+F+G4    23786.999   part3.2+part4.3+part5.2	0h:3m:49s (0h:2m:19s left)
 132 HKY+F+G4     23506.185   part1.2+part3.2+part5.2	0h:3m:49s (0h:2m:17s left)
 133 HKY+F+G4     23564.968   part3.2+part5.2+part5.3	0h:3m:51s (0h:2m:16s left)
Merging part3.2+part4.2+part5.2 with BIC score: 23464.645 (LnL: -11231.474  df: 133)
 134 HKY+F+G4     23454.794   part3.2+part4.2+part5.1+part5.2	0h:4m:5s (0h:2m:21s left)
 135 TN+F+G4      23490.656   part3.2+part4.1+part4.2+part5.2	0h:4m:7s (0h:2m:19s left)
 136 HKY+F+G4     23465.882   part2.2+part3.2+part4.2+part5.2	0h:4m:9s (0h:2m:17s left)
 137 HKY+F+G4     23522.059   part2.1+part3.2+part4.2+part5.2	0h:4m:10s (0h:2m:15s left)
 138 HKY+F+G4     23467.317   part3.2+part3.3+part4.2+part5.2	0h:4m:12s (0h:2m:13s left)
 139 TN+F+G4      23550.308   part3.2+part4.2+part5.2+part5.3	0h:4m:14s (0h:2m:12s left)
 140 HKY+F+G4     23568.231   part2.3+part3.2+part4.2+part5.2	0h:4m:15s (0h:2m:9s left)
 141 TN+F+G4      23827.384   part3.2+part4.2+part4.3+part5.2	0h:4m:15s (0h:2m:7s left)
 142 HKY+F+G4     23454.120   part3.1+part3.2+part4.2+part5.2	0h:4m:21s (0h:2m:7s left)
 143 HKY+F+G4     23457.600   part1.1+part3.2+part4.2+part5.2	0h:4m:23s (0h:2m:5s left)
 144 HKY+F+G4     23484.249   part1.2+part3.2+part4.2+part5.2	0h:4m:24s (0h:2m:2s left)
 145 TN+F+G4      23518.978   part1.3+part3.2+part4.2+part5.2	0h:4m:24s (0h:2m:0s left)
Merging part4.1+part5.1 with BIC score: 23432.861 (LnL: -11230.646  df: 129)
 146 TIM+F+G4     23418.493   part3.1+part4.1+part5.1	0h:4m:33s (0h:2m:1s left)
 147 TIM+F+G4     23431.657   part2.2+part4.1+part5.1	0h:4m:34s (0h:1m:59s left)
 148 TIM+F+G4     23467.019   part2.1+part4.1+part5.1	0h:4m:36s (0h:1m:57s left)
 149 TIM2+F+G4    23487.256   part3.3+part4.1+part5.1	0h:4m:36s (0h:1m:55s left)
 150 TIM2+F+G4    23564.461   part2.3+part4.1+part5.1	0h:4m:39s (0h:1m:53s left)
 151 TIM+F+G4     23463.591   part3.2+part4.1+part4.2+part5.1+part5.2	0h:4m:39s (0h:1m:51s left)
 152 TIM+F+G4     23497.040   part4.1+part5.1+part5.3	0h:4m:39s (0h:1m:48s left)
 153 TIM+F+G4     23608.665   part4.1+part4.3+part5.1	0h:4m:43s (0h:1m:47s left)
 154 TIM+F+G4     23493.014   part1.2+part4.1+part5.1	0h:4m:44s (0h:1m:45s left)
 155 TIM+F+G4     23420.123   part1.1+part4.1+part5.1	0h:4m:45s (0h:1m:43s left)
 156 TIM+F+G4     23451.290   part1.3+part4.1+part5.1	0h:4m:46s (0h:1m:40s left)
Merging part1.1+part3.1 with BIC score: 23407.487 (LnL: -11233.021  df: 125)
 157 K2P+G4       23452.184   part1.1+part2.1+part3.1	0h:4m:52s (0h:1m:40s left)
 158 K2P+G4       23418.943   part1.1+part2.2+part3.1	0h:4m:53s (0h:1m:38s left)
 159 TIM2e+G4     23506.936   part1.1+part2.3+part3.1	0h:4m:55s (0h:1m:36s left)
 160 K2P+G4       23465.301   part1.1+part3.1+part5.3	0h:4m:57s (0h:1m:34s left)
 161 TPM2+F+G4    23419.198   part1.1+part3.1+part3.3	0h:4m:59s (0h:1m:33s left)
 162 TIM+F+G4     23401.160   part1.1+part3.1+part4.1+part5.1	0h:5m:0s (0h:1m:30s left)
 163 TPM2u+F+G4   23409.772   part1.1+part3.1+part3.2+part4.2+part5.2	0h:5m:1s (0h:1m:28s left)
 164 TVMe+G4      23406.774   part1.1+part1.2+part3.1	0h:5m:2s (0h:1m:26s left)
 165 TIM2+F+G4    23589.617   part1.1+part3.1+part4.3	0h:5m:4s (0h:1m:24s left)
 166 TNe+G4       23430.869   part1.1+part1.3+part3.1	0h:5m:4s (0h:1m:22s left)
Merging part2.2+part5.3 with BIC score: 23392.885 (LnL: -11237.018  df: 122)
 167 K2P+G4       23385.163   part2.1+part2.2+part5.3	0h:5m:15s (0h:1m:23s left)
 168 TNe+G4       23381.813   part1.3+part2.2+part5.3	0h:5m:16s (0h:1m:21s left)
 169 K2P+G4       23451.594   part1.1+part2.2+part3.1+part5.3	0h:5m:17s (0h:1m:19s left)
 170 HKY+F+G4     23392.818   part2.2+part3.3+part5.3	0h:5m:18s (0h:1m:16s left)
 171 HKY+F+G4     23404.018   part2.2+part2.3+part5.3	0h:5m:18s (0h:1m:14s left)
 172 TIM+F+G4     23452.484   part2.2+part4.1+part5.1+part5.3	0h:5m:22s (0h:1m:13s left)
 173 TPM2u+F+G4   23507.053   part2.2+part4.3+part5.3	0h:5m:24s (0h:1m:11s left)
 174 K2P+G4       23459.347   part1.2+part2.2+part5.3	0h:5m:24s (0h:1m:9s left)
 175 HKY+F+G4     23473.050   part2.2+part3.2+part4.2+part5.2+part5.3	0h:5m:24s (0h:1m:6s left)
Merging part1.3+part2.2+part5.3 with BIC score: 23381.813 (LnL: -11242.779  df: 119)
 176 HKY+F+G4     23449.732   part1.2+part1.3+part2.2+part5.3	0h:5m:37s (0h:1m:7s left)
 177 K2P+G4       23374.955   part1.3+part2.1+part2.2+part5.3	0h:5m:38s (0h:1m:4s left)
 178 HKY+F+G4     23397.039   part1.3+part2.2+part2.3+part5.3	0h:5m:39s (0h:1m:2s left)
 179 K2P+G4       23375.067   part1.3+part2.2+part3.3+part5.3	0h:5m:39s (0h:1m:0s left)
 180 TNe+G4       23442.750   part1.1+part1.3+part2.2+part3.1+part5.3	0h:5m:40s (0h:0m:58s left)
 181 TIM+F+G4     23448.524   part1.3+part2.2+part4.1+part5.1+part5.3	0h:5m:43s (0h:0m:56s left)
 182 TN+F+G4      23490.239   part1.3+part2.2+part3.2+part4.2+part5.2+part5.3	0h:5m:46s (0h:0m:55s left)
 183 TIM2+F+G4    23505.874   part1.3+part2.2+part4.3+part5.3	0h:5m:46s (0h:0m:53s left)
Merging part1.3+part2.1+part2.2+part5.3 with BIC score: 23374.955 (LnL: -11250.647  df: 116)
 184 K2P+G4       23448.787   part1.2+part1.3+part2.1+part2.2+part5.3	0h:6m:1s (0h:0m:53s left)
 185 K2P+G4       23393.447   part1.3+part2.1+part2.2+part2.3+part5.3	0h:6m:4s (0h:0m:51s left)
 186 K2P+G4       23451.488   part1.1+part1.3+part2.1+part2.2+part3.1+part5.3	0h:6m:6s (0h:0m:49s left)
 187 K2P+G4       23373.493   part1.3+part2.1+part2.2+part3.3+part5.3	0h:6m:6s (0h:0m:47s left)
 188 TIM+F+G4     23455.132   part1.3+part2.1+part2.2+part4.1+part5.1+part5.3	0h:6m:10s (0h:0m:45s left)
 189 TN+F+G4      23515.348   part1.3+part2.1+part2.2+part3.2+part4.2+part5.2+part5.3	0h:6m:13s (0h:0m:43s left)
 190 TIM2+F+G4    23519.189   part1.3+part2.1+part2.2+part4.3+part5.3	0h:6m:15s (0h:0m:41s left)
Merging part1.1+part3.1+part4.1+part5.1 with BIC score: 23368.628 (LnL: -11273.844  df: 109)
 191 TIM+F+G4     23412.438   part1.1+part1.2+part3.1+part4.1+part5.1	0h:6m:26s (0h:0m:40s left)
 192 TIM2+F+G4    23408.974   part1.1+part3.1+part3.3+part4.1+part5.1	0h:6m:28s (0h:0m:38s left)
 193 TIM2+F+G4    23392.825   part1.1+part3.1+part3.2+part4.1+part4.2+part5.1+part5.2	0h:6m:29s (0h:0m:36s left)
 194 TIM2+F+G4    23506.860   part1.1+part2.3+part3.1+part4.1+part5.1	0h:6m:30s (0h:0m:34s left)
 195 TIM2+F+G4    23611.713   part1.1+part3.1+part4.1+part4.3+part5.1	0h:6m:35s (0h:0m:32s left)
 196 TIM+F+G4     23484.106   part1.1+part1.3+part2.1+part2.2+part3.1+part4.1+part5.1+part5.3	0h:6m:37s (0h:0m:30s left)
Merging part2.3+part3.3 with BIC score: 23364.539 (LnL: -11294.395  df: 103)
 197 TIM3+F+G4    23432.917   part1.2+part2.3+part3.3	0h:6m:50s (0h:0m:29s left)
 198 TIM2+F+G4    23515.764   part2.3+part3.3+part4.3	0h:6m:56s (0h:0m:27s left)
 199 TIM2+F+G4    23515.742   part1.1+part2.3+part3.1+part3.3+part4.1+part5.1	0h:6m:57s (0h:0m:25s left)
 200 HKY+F+G4     23391.805   part1.3+part2.1+part2.2+part2.3+part3.3+part5.3	0h:6m:58s (0h:0m:23s left)
 201 HKY+F+G4     23449.089   part2.3+part3.2+part3.3+part4.2+part5.2	0h:6m:59s (0h:0m:20s left)
BEST-FIT PARTITION MODEL: 
  charpartition BIC = TIM+F+G4: part1.1 part3.1 part4.1 part5.1, F81+F+I: part1.2, K2P+G4: part1.3 part2.1 part2.2 part5.3, TPM3+F+G4: part2.3 part3.3, HKY+F+G4: part3.2 part4.2 part5.2, TIM2+F+G4: part4.3;
Agglomerative model selection: (((part1.1,part3.1)4:23407.5,(part4.1,part5.1)3:23432.9)8:23368.6,part1.2,((part1.3,(part2.2,part5.3)5:23392.9)6:23381.8,part2.1)7:23375,(part2.3,part3.3)9:23364.5,((part3.2,part5.2)1:23498.9,part4.2)2:23464.6,part4.3)
Merging into 6 partitions...
Partition information was printed to 4_set22.best_scheme.nex
Partition information in Raxml format was printed to 4_set22.best_scheme

All model information printed to 4_set22.model.gz
CPU time for ModelFinder: 352.551 seconds (0h:5m:52s)
Wall-clock time for ModelFinder: 421.321 seconds (0h:7m:1s)
Generating 1000 samples for ultrafast bootstrap (seed: 198071)...

NOTE: 8 MB RAM (0 GB) is required!
Measuring multi-threading efficiency up to 8 CPU cores
Increase to 10 rounds for branch lengths
12 trees examined
Threads: 1 / Time: 8.155 sec / Speedup: 1.000 / Efficiency: 100% / LogL: -16805
Threads: 2 / Time: 22.089 sec / Speedup: 0.369 / Efficiency: 18% / LogL: -16805
BEST NUMBER OF THREADS: 1

Estimate model parameters (epsilon = 0.100)
Initial log-likelihood: -12228.625
Current log-likelihood at step 1: -11478.440
Current log-likelihood at step 2: -11409.734
Current log-likelihood at step 3: -11383.158
Current log-likelihood at step 4: -11351.839
Current log-likelihood at step 5: -11349.710
Current log-likelihood at step 6: -11347.458
Current log-likelihood at step 7: -11345.052
Current log-likelihood at step 8: -11342.471
Current log-likelihood at step 9: -11339.687
Current log-likelihood at step 10: -11336.670
Current log-likelihood at step 11: -11333.381
Current log-likelihood at step 12: -11329.773
Current log-likelihood at step 13: -11325.790
Current log-likelihood at step 14: -11321.367
Current log-likelihood at step 15: -11316.441
Current log-likelihood at step 16: -11310.979
Current log-likelihood at step 17: -11305.088
Current log-likelihood at step 18: -11294.640
Current log-likelihood at step 19: -11294.599
Partition-specific rates:  0.522 0.291 1.316 1.492 0.445 2.592
Parameters optimization took 18 rounds (8.342 sec)

Computing ML distances based on estimated model parameters... 0.057 sec
Computing BIONJ tree...
0.004 seconds
Log-likelihood of BIONJ tree: -11295.272
--------------------------------------------------------------------
|             INITIALIZING CANDIDATE TREE SET                      |
--------------------------------------------------------------------
Generating 98 parsimony trees... 7.836 second
Computing log-likelihood of 98 initial trees ... 21.182 seconds
Current best score: -11290.698

Do NNI search on 20 best initial trees
Estimate model parameters (epsilon = 0.100)
Initial log-likelihood: -11282.937
Current log-likelihood at step 1: -11282.717
Current log-likelihood at step 2: -11282.682
Parameters optimization took 1 rounds (0.759 sec)

BETTER TREE FOUND at iteration 1: -11282.682
UPDATE BEST LOG-LIKELIHOOD: -11282.680
UPDATE BEST LOG-LIKELIHOOD: -11282.679
Iteration 10 / LogL: -11282.680 / Time: 0h:1m:27s
Iteration 20 / LogL: -11282.680 / Time: 0h:1m:48s
Finish initializing candidate tree set (6)
Current best tree score: -11282.679 / CPU time: 69.286
Number of iterations: 20
--------------------------------------------------------------------
|               OPTIMIZING CANDIDATE TREE SET                      |
--------------------------------------------------------------------
Estimate model parameters (epsilon = 0.100)
Initial log-likelihood: -11278.845
Current log-likelihood at step 1: -11278.781
Parameters optimization took 0 rounds (0.313 sec)

BETTER TREE FOUND at iteration 22: -11278.781
Estimate model parameters (epsilon = 0.100)
Initial log-likelihood: -11278.747
Current log-likelihood at step 1: -11278.700
Parameters optimization took 0 rounds (0.290 sec)

BETTER TREE FOUND at iteration 24: -11278.700
UPDATE BEST LOG-LIKELIHOOD: -11278.698
UPDATE BEST LOG-LIKELIHOOD: -11278.698
Iteration 30 / LogL: -11278.698 / Time: 0h:2m:15s (0h:7m:18s left)
BETTER TREE FOUND at iteration 32: -11278.697
Iteration 40 / LogL: -11278.698 / Time: 0h:2m:37s (0h:6m:12s left)
Iteration 50 / LogL: -11278.737 / Time: 0h:3m:3s (0h:5m:6s left)
Log-likelihood cutoff on original alignment: -11326.811
Iteration 60 / LogL: -11280.787 / Time: 0h:3m:32s (0h:4m:19s left)
UPDATE BEST LOG-LIKELIHOOD: -11278.697
Iteration 70 / LogL: -11278.697 / Time: 0h:3m:58s (0h:3m:34s left)
Iteration 80 / LogL: -11280.443 / Time: 0h:4m:27s (0h:2m:55s left)
Iteration 90 / LogL: -11290.685 / Time: 0h:4m:50s (0h:2m:17s left)
Iteration 100 / LogL: -11278.697 / Time: 0h:5m:16s (0h:1m:42s left)
Log-likelihood cutoff on original alignment: -11327.754
NOTE: Bootstrap correlation coefficient of split occurrence frequencies: 0.998
UPDATE BEST LOG-LIKELIHOOD: -11278.697
Iteration 110 / LogL: -11278.699 / Time: 0h:5m:40s (0h:4m:41s left)
Iteration 120 / LogL: -11283.040 / Time: 0h:6m:11s (0h:4m:9s left)
Iteration 130 / LogL: -11280.907 / Time: 0h:6m:34s (0h:3m:34s left)
TREE SEARCH COMPLETED AFTER 133 ITERATIONS / Time: 0h:6m:42s

--------------------------------------------------------------------
|                    FINALIZING TREE SEARCH                        |
--------------------------------------------------------------------
Performs final model parameters optimization
Estimate model parameters (epsilon = 0.010)
Initial log-likelihood: -11278.697
Current log-likelihood at step 1: -11278.655
Current log-likelihood at step 2: -11278.616
Current log-likelihood at step 3: -11278.578
Current log-likelihood at step 4: -11278.540
Current log-likelihood at step 5: -11278.502
Current log-likelihood at step 6: -11278.464
Current log-likelihood at step 7: -11278.427
Current log-likelihood at step 8: -11278.390
Current log-likelihood at step 9: -11278.353
Current log-likelihood at step 10: -11278.317
Current log-likelihood at step 11: -11278.282
Current log-likelihood at step 12: -11278.247
Current log-likelihood at step 13: -11278.212
Current log-likelihood at step 14: -11278.178
Current log-likelihood at step 15: -11278.144
Current log-likelihood at step 16: -11278.111
Current log-likelihood at step 17: -11278.078
Current log-likelihood at step 18: -11278.045
Current log-likelihood at step 19: -11278.013
Current log-likelihood at step 20: -11277.981
Current log-likelihood at step 21: -11277.950
Current log-likelihood at step 22: -11277.919
Current log-likelihood at step 23: -11277.888
Current log-likelihood at step 24: -11277.858
Current log-likelihood at step 25: -11277.828
Current log-likelihood at step 26: -11277.798
Current log-likelihood at step 27: -11277.769
Current log-likelihood at step 28: -11277.740
Current log-likelihood at step 29: -11277.712
Current log-likelihood at step 30: -11277.684
Current log-likelihood at step 31: -11277.656
Current log-likelihood at step 32: -11277.628
Current log-likelihood at step 33: -11277.601
Current log-likelihood at step 34: -11277.574
Current log-likelihood at step 35: -11277.548
Current log-likelihood at step 36: -11277.521
Current log-likelihood at step 37: -11277.496
Current log-likelihood at step 38: -11277.470
Current log-likelihood at step 39: -11277.445
Current log-likelihood at step 40: -11277.420
Current log-likelihood at step 41: -11277.395
Current log-likelihood at step 42: -11277.371
Current log-likelihood at step 43: -11277.346
Current log-likelihood at step 44: -11277.323
Current log-likelihood at step 45: -11277.299
Current log-likelihood at step 46: -11277.276
Current log-likelihood at step 47: -11277.253
Current log-likelihood at step 48: -11277.230
Current log-likelihood at step 49: -11277.208
Current log-likelihood at step 50: -11277.185
Current log-likelihood at step 51: -11277.164
Current log-likelihood at step 52: -11277.143
Current log-likelihood at step 53: -11277.121
Current log-likelihood at step 54: -11277.100
Current log-likelihood at step 55: -11277.083
Current log-likelihood at step 56: -11277.067
Current log-likelihood at step 57: -11277.050
Current log-likelihood at step 58: -11277.034
Current log-likelihood at step 59: -11277.017
Current log-likelihood at step 60: -11277.001
Current log-likelihood at step 61: -11276.985
Current log-likelihood at step 62: -11276.969
Current log-likelihood at step 63: -11276.954
Current log-likelihood at step 64: -11276.938
Current log-likelihood at step 65: -11276.923
Current log-likelihood at step 66: -11276.907
Current log-likelihood at step 67: -11276.892
Current log-likelihood at step 68: -11276.877
Current log-likelihood at step 69: -11276.862
Current log-likelihood at step 70: -11276.848
Current log-likelihood at step 71: -11276.833
Current log-likelihood at step 72: -11276.819
Current log-likelihood at step 73: -11276.804
Current log-likelihood at step 74: -11276.790
Current log-likelihood at step 75: -11276.776
Current log-likelihood at step 76: -11276.762
Current log-likelihood at step 77: -11276.748
Current log-likelihood at step 78: -11276.735
Current log-likelihood at step 79: -11276.721
Current log-likelihood at step 80: -11276.708
Current log-likelihood at step 81: -11276.694
Current log-likelihood at step 82: -11276.681
Current log-likelihood at step 83: -11276.668
Current log-likelihood at step 84: -11276.655
Current log-likelihood at step 85: -11276.643
Current log-likelihood at step 86: -11276.630
Current log-likelihood at step 87: -11276.617
Current log-likelihood at step 88: -11276.604
Current log-likelihood at step 89: -11276.591
Current log-likelihood at step 90: -11276.579
Current log-likelihood at step 91: -11276.567
Current log-likelihood at step 92: -11276.555
Current log-likelihood at step 93: -11276.543
Current log-likelihood at step 94: -11276.531
Current log-likelihood at step 95: -11276.520
Current log-likelihood at step 96: -11276.508
Current log-likelihood at step 97: -11276.496
Current log-likelihood at step 98: -11276.485
Current log-likelihood at step 99: -11276.474
Partition-specific rates:  0.525 0.182 1.298 1.501 0.449 2.638
Parameters optimization took 99 rounds (34.174 sec)

BEST SCORE FOUND : -11276.474
Creating bootstrap support values...
Split supports printed to NEXUS file 4_set22.splits.nex
Total tree length: 1.098

Total number of iterations: 133
CPU time used for tree search: 73.184 sec (0h:1m:13s)
Wall-clock time used for tree search: 362.254 sec (0h:6m:2s)
Total CPU time used: 86.461 sec (0h:1m:26s)
Total wall-clock time used: 437.349 sec (0h:7m:17s)

Computing bootstrap consensus tree...
Reading input file 4_set22.splits.nex...
35 taxa and 228 splits.
Consensus tree written to 4_set22.contree
Reading input trees file 4_set22.contree
Log-likelihood of consensus tree: -11276.475

Analysis results written to: 
  IQ-TREE report:                4_set22.iqtree
  Maximum-likelihood tree:       4_set22.treefile
  Likelihood distances:          4_set22.mldist
  Best partitioning scheme:      4_set22.best_scheme.nex
           in RAxML format:      4_set22.best_scheme

Ultrafast bootstrap approximation results written to:
  Split support values:          4_set22.splits.nex
  Consensus tree:                4_set22.contree
  Screen log file:               4_set22.log

Date and Time: Thu Sep  6 16:09:22 2018
