IQ-TREE multicore version 1.6.7 for Mac OS X 64-bit built Aug 23 2018
Developed by Bui Quang Minh, Nguyen Lam Tung, Olga Chernomor,
Heiko Schmidt, Dominik Schrempf, Michael Woodhams.

Host:    meeps-mac-pro.staff.sydney.edu.au (AVX, 64 GB RAM)
Command: /Users/davidduchene/Desktop/Software/iqtree-1.6.7-MacOSX/bin/iqtree -s ../../../../marsupials/set290.fasta -m TESTMERGE -bb 1000 -spp ../../../../marsupials/set290.nex -nt AUTO -pre 4_set290
Seed:    149170 (Using SPRNG - Scalable Parallel Random Number Generator)
Time:    Sat Sep  8 11:09:18 2018
Kernel:  AVX - auto-detect threads (8 CPU cores detected)

Reading partition model file ../../../../marsupials/set290.nex ...
Reading alignment file ../../../../marsupials/set290.fasta ... Fasta format detected
Alignment most likely contains DNA/RNA sequences
Alignment has 39 sequences with 5433 columns, 1766 distinct patterns
1258 parsimony-informative, 693 singleton sites, 3482 constant sites
                                              Gap/Ambiguity  Composition  p-value
   1  Peramelidae_Isoodon_obesulus1                  91.83%    passed     17.97%
   2  Burramyidae_Burramys_parvus                     0.46%    passed     76.85%
   3  Notoryctidae_Notoryctes_typhlops                0.75%    passed     58.67%
   4  Vombatidae_Lasiorhinus_latifrons                1.47%    passed     71.10%
   5  Potoroidae_Bettongia_penicillata                0.17%    passed     73.89%
   6  Potoroidae_Bettongia_lesueur                    0.22%    passed     71.69%
   7  Dasyuridae_Dasyurus_maculatus                   0.24%    passed     72.79%
   8  Phalangeridae_Trichosurus_vulpecula             0.13%    passed     89.88%
   9  Phalangeridae_Spilocuscus_maculatus             0.33%    passed     97.03%
  10  Potoroidae_Aepyprymnus_rufescens                0.39%    passed     84.01%
  11  Peramelidae_Perameles_nasuta                    8.14%    passed     94.76%
  12  Myrmecobiidae_Myrmecobius_fasciatus1           89.20%    failed      0.00%
  13  Phalangeridae_Strigocuscus_pelengensis          8.83%    passed     46.34%
  14  Dasyuridae_Phascogale_tapoatafa                 1.58%    passed     62.73%
  15  Dasyuridae_Sminthopsis_macroura                 0.33%    passed     54.06%
  16  Phalangeridae_Phalanger_orientalis              1.86%    passed     83.04%
  17  Acrobatidae_Acrobates_pygmaeus                  0.63%    passed     83.88%
  18  Dasyuridae_Phascogale_calura                    0.35%    passed     66.14%
  19  Dasyuridae_Sarcophilus_harrisii                 0.24%    passed     76.85%
  20  Dasyuridae_Planigale_tenuirostris               6.18%    passed     14.19%
  21  Peramelidae_Echymipera_kalubu                   5.74%    passed     86.82%
  22  Macropodidae_Dorcopsulus_vanheurni              0.28%    passed     89.41%
  23  Pseudochiridae_Pseudochirulus_forbesi           0.24%    passed     59.86%
  24  Didelphidae_Didelphis_virginiana                4.68%    passed     25.31%
  25  Marmosidae_Monodelphis_domestica                0.50%    passed     69.81%
  26  Dasyuridae_Antechinus_stuartii                  2.63%    passed     61.23%
  27  Hypsiprymnodontidae_Hypsiprymnodon_moschatus    0.33%    passed     83.78%
  28  Microbiotheriidae_Dromiciops_gliroides          1.33%    passed     98.66%
  29  Pseudochiridae_Petauroides_volans              54.52%    failed      0.00%
  30  Macropodidae_Wallabia_bicolor                   0.61%    passed     92.49%
  31  Pseudochiridae_Pseudocheirus_occidentalis      53.93%    failed      0.00%
  32  Tarsipedidae_Tarsipes_rostratus                55.73%    failed      0.00%
  33  Acrobatidae_Distoechurus_pennatus               0.09%    passed     70.54%
  34  Myrmecobiidae_Myrmecobius_fasciatus2           89.20%    failed      0.00%
  35  Phalangeridae_Phalanger_carmelitae              0.26%    passed     83.55%
  36  Peramelidae_Isoodon_obesulus2                  91.83%    passed     17.97%
  37  Peramelidae_Peroryctes_raffrayana              54.24%    failed      0.00%
  38  Dasyuridae_Dasyurus_geffroii                    0.20%    passed     71.73%
  39  Peramelidae_Perameles_gunnii                    5.50%    passed     90.73%
WARNING: 8 sequences contain more than 50% gaps/ambiguity
****  TOTAL                                          16.29%  6 sequences failed composition chi2 test (p-value<5%; df=3)
NOTE: No CharPartition defined, use all CharSets

Loading 15 partitions...
Subset	Type	Seqs	Sites	Infor	Invar	Model	Name
1		37	148	5	134	TESTMERGE	part1.1
2		37	148	5	136	TESTMERGE	part1.2
3		37	148	78	42	TESTMERGE	part1.3
4		35	69	10	58	TESTMERGE	part2.1
5		35	69	4	60	TESTMERGE	part2.2
6		35	69	21	31	TESTMERGE	part2.3
7		37	197	62	105	TESTMERGE	part3.1
8		37	197	47	136	TESTMERGE	part3.2
9		37	197	118	53	TESTMERGE	part3.3
10		31	965	188	685	TESTMERGE	part4.1
11		31	965	148	712	TESTMERGE	part4.2
12		31	965	406	383	TESTMERGE	part4.3
13		35	432	58	312	TESTMERGE	part5.1
14		35	432	16	378	TESTMERGE	part5.2
15		35	432	92	257	TESTMERGE	part5.3
Degree of missing data: 0.147
Info: multi-threading strategy over partitions

NOTE: Peramelidae_Isoodon_obesulus2 is identical to Peramelidae_Isoodon_obesulus1 but kept for subsequent analysis
NOTE: Myrmecobiidae_Myrmecobius_fasciatus2 is identical to Myrmecobiidae_Myrmecobius_fasciatus1 but kept for subsequent analysis


Create initial parsimony tree by phylogenetic likelihood library (PLL)... 0.013 seconds
NOTE: ModelFinder requires 17 MB RAM!
NUMBER OF THREADS FOR PARTITION FINDING: 8
Testing GTR+F+G on supermatrix...
GTR+F+G4 / LnL: -27530.003 / df: 84 / AIC: 55228.005 / AICc: 55230.675 / BIC: 55782.426
Selecting individual models for 15 charsets using BIC...
 No. Model        Score       Charset
   1 K3Pu+F+G4    7632.351    part4.1
   2 HKY+F+G4     7055.324    part4.2
   3 TIM3+F+G4    2791.555    part3.1
   4 K2P+G4       2574.380    part1.3
   5 K2P+G4       4470.363    part3.3
   6 TPM2+F+G4    3585.696    part5.1
   7 K2P+G4       4725.686    part5.3
   8 HKY+F        2193.885    part5.2
   9 F81+F+I      713.545     part1.1
  10 TNe+I        467.041     part2.1	0h:0m:13s (0h:4m:26s left)
  11 K3P+I        389.815     part2.2	0h:0m:13s (0h:4m:1s left)
  12 TPM3u+F+G4   988.194     part2.3	0h:0m:13s (0h:3m:41s left)
  13 K2P+I        669.112     part1.2	0h:0m:13s (0h:3m:30s left)
  14 TPM3+F+G4    2231.848    part3.2	0h:0m:14s (0h:3m:22s left)
  15 HKY+F+G4     13299.123   part4.3	0h:0m:16s (0h:3m:32s left)
Full partition model BIC score: 54659.982 (LnL: -26676.372  df:152)
Merging models to increase model fit (about 211 total partition schemes)...
  16 HKY+F+G4     54970.160   part4.3+part5.1	0h:0m:31s (0h:6m:23s left)
  17 HKY+F+G4     55053.748   part4.2+part4.3	0h:0m:32s (0h:6m:14s left)
  18 TPM3u+F+G4   54985.891   part4.1+part4.3	0h:0m:33s (0h:5m:59s left)
  19 HKY+F+G4     54822.618   part3.2+part4.3	0h:0m:34s (0h:5m:44s left)
  20 TN+F+G4      54865.553   part4.3+part5.3	0h:0m:35s (0h:5m:38s left)
  21 TN+F+G4      54707.741   part1.3+part4.3	0h:0m:36s (0h:5m:28s left)
  22 TN+F+G4      54820.673   part3.1+part4.3	0h:0m:37s (0h:5m:25s left)
  23 HKY+F+G4     54781.527   part3.3+part4.3	0h:0m:41s (0h:5m:39s left)
  24 HKY+F+G4     54628.579   part4.1+part4.2	0h:0m:46s (0h:6m:4s left)
  25 K3Pu+F+G4    54716.891   part4.1+part5.3	0h:0m:49s (0h:6m:8s left)
  26 HKY+F+G4     55126.887   part4.3+part5.2	0h:0m:51s (0h:6m:4s left)
  27 TPM3+F+G4    54609.508   part2.3+part4.3	0h:0m:53s (0h:6m:2s left)
  28 HKY+F+G4     54890.990   part1.1+part4.3	0h:0m:53s (0h:5m:50s left)
  29 HKY+F+G4     54719.431   part2.1+part4.3	0h:0m:53s (0h:5m:37s left)
  30 HKY+F+G4     54716.968   part2.2+part4.3	0h:0m:53s (0h:5m:25s left)
  31 HKY+F+G4     54840.487   part1.2+part4.3	0h:0m:56s (0h:5m:28s left)
  32 TPM3u+F+G4   54720.895   part4.2+part5.3	0h:0m:58s (0h:5m:25s left)
  33 HKY+F+G4     54686.827   part4.2+part5.1	0h:1m:3s (0h:5m:41s left)
  34 K3Pu+F+G4    54698.988   part4.1+part5.1	0h:1m:4s (0h:5m:35s left)
  35 K3Pu+F+I+G4  54916.077   part3.3+part4.1	0h:1m:4s (0h:5m:25s left)
  36 K3Pu+F+I+G4  54729.762   part3.1+part4.1	0h:1m:6s (0h:5m:21s left)
  37 K2P+G4       54760.793   part3.3+part5.3	0h:1m:6s (0h:5m:12s left)
  38 K3Pu+F+G4    54787.438   part1.3+part4.1	0h:1m:6s (0h:5m:3s left)
  39 TPM3u+F+I+G4 54937.708   part3.3+part4.2	0h:1m:8s (0h:5m:3s left)
  40 TPM3u+F+I+G4 54730.099   part3.1+part4.2	0h:1m:11s (0h:5m:6s left)
  41 HKY+F+G4     54784.042   part1.3+part4.2	0h:1m:16s (0h:5m:16s left)
  42 K3Pu+F+G4    54703.523   part3.2+part4.1	0h:1m:18s (0h:5m:14s left)
  43 TPM2u+F+G4   54641.437   part5.1+part5.3	0h:1m:19s (0h:5m:9s left)
  44 TPM3+F+G4    54692.844   part3.2+part4.2	0h:1m:19s (0h:5m:1s left)
  45 TVM+F+I+G4   54806.579   part3.3+part5.1	0h:1m:21s (0h:4m:59s left)
  46 TPM3u+F+G4   54674.834   part3.1+part5.3	0h:1m:22s (0h:4m:55s left)
  47 K3Pu+F+G4    54706.368   part4.1+part5.2	0h:1m:23s (0h:4m:50s left)
  48 K2P+G4       54683.914   part1.3+part5.3	0h:1m:24s (0h:4m:45s left)
  49 K2P+G4       54667.286   part3.1+part3.3	0h:1m:30s (0h:4m:57s left)
  50 TPM3+F+G4    54649.832   part2.3+part4.1	0h:1m:30s (0h:4m:51s left)
  51 HKY+F+G4     54678.991   part4.2+part5.2	0h:1m:30s (0h:4m:44s left)
  52 K2P+G4       54665.046   part1.3+part3.3	0h:1m:33s (0h:4m:46s left)
  53 HKY+F+G4     54653.785   part2.3+part4.2	0h:1m:33s (0h:4m:39s left)
  54 TNe+G4       54769.258   part5.2+part5.3	0h:1m:34s (0h:4m:33s left)
  55 TPM3u+F+G4   54656.655   part3.2+part5.3	0h:1m:34s (0h:4m:27s left)
  56 TVM+F+I+G4   54676.817   part3.1+part5.1	0h:1m:38s (0h:4m:32s left)
  57 K3Pu+F+G4    54635.085   part2.1+part4.1	0h:1m:40s (0h:4m:32s left)
  58 K3Pu+F+G4    54648.248   part2.2+part4.1	0h:1m:41s (0h:4m:27s left)
  59 TPM3u+F+I+G4 54714.201   part3.2+part3.3	0h:1m:42s (0h:4m:23s left)
  60 HKY+F+G4     54634.401   part2.1+part4.2	0h:1m:43s (0h:4m:21s left)
  61 HKY+F+G4     54639.349   part2.2+part4.2	0h:1m:43s (0h:4m:15s left)
  62 K3Pu+F+G4    54671.335   part1.1+part4.1	0h:1m:47s (0h:4m:19s left)
  63 TPM2u+F+G4   54715.598   part1.3+part5.1	0h:1m:48s (0h:4m:13s left)
  64 K2P+I+G4     54973.283   part3.3+part5.2	0h:1m:48s (0h:4m:8s left)
  65 K3Pu+F+G4    54677.724   part1.2+part4.1	0h:1m:51s (0h:4m:10s left)
  66 K2P+G4       54629.460   part2.3+part5.3	0h:1m:52s (0h:4m:6s left)
  67 HKY+F+G4     54658.108   part1.1+part4.2	0h:1m:53s (0h:4m:4s left)
  68 HKY+F+G4     54663.618   part1.2+part4.2	0h:1m:55s (0h:4m:2s left)
  69 TIM3+F+G4    54681.874   part1.3+part3.1	0h:1m:55s (0h:3m:58s left)
  70 K2P+G4       54648.893   part2.3+part3.3	0h:1m:58s (0h:3m:58s left)
  71 K2P+G4       54658.559   part2.2+part5.3	0h:1m:59s (0h:3m:55s left)
  72 TNe+G4       54703.471   part5.1+part5.2	0h:2m:1s (0h:3m:55s left)
  73 TPM3u+F+I+G4 54643.574   part3.2+part5.1	0h:2m:2s (0h:3m:51s left)
  74 K2P+G4       54648.539   part2.1+part5.3	0h:2m:3s (0h:3m:49s left)
  75 K2P+I+G4     54731.785   part2.2+part3.3	0h:2m:7s (0h:3m:50s left)
  76 TPM3u+F+I+G4 54618.387   part3.1+part3.2	0h:2m:7s (0h:3m:46s left)
  77 TNe+G4       54693.897   part1.1+part5.3	0h:2m:8s (0h:3m:43s left)
  78 K2P+G4       54702.247   part1.2+part5.3	0h:2m:11s (0h:3m:43s left)
  79 K2P+I+G4     54715.120   part2.1+part3.3	0h:2m:12s (0h:3m:41s left)
  80 TPM3+F+G4    54699.493   part1.3+part3.2	0h:2m:15s (0h:3m:41s left)
  81 K2P+G4       54639.337   part2.3+part5.1	0h:2m:16s (0h:3m:39s left)
  82 TPM3u+F+I+G4 54793.953   part3.1+part5.2	0h:2m:17s (0h:3m:36s left)
  83 K2P+I+G4     54821.596   part1.2+part3.3	0h:2m:21s (0h:3m:37s left)
  84 K2P+I+G4     54810.608   part1.1+part3.3	0h:2m:21s (0h:3m:33s left)
  85 TN+F+G4      54874.603   part1.3+part5.2	0h:2m:21s (0h:3m:30s left)
  86 K2P+G4       54634.925   part2.3+part3.1	0h:2m:23s (0h:3m:28s left)
  87 K2P+G4       54641.554   part2.2+part5.1	0h:2m:25s (0h:3m:26s left)
  88 K2P+G4       54629.843   part1.3+part2.3	0h:2m:25s (0h:3m:23s left)
  89 K2P+G4       54634.657   part2.1+part5.1	0h:2m:28s (0h:3m:22s left)
  90 TIM3+F+I+G4  54740.653   part3.2+part5.2	0h:2m:29s (0h:3m:21s left)
  91 TNe+G4       54667.345   part1.2+part5.1	0h:2m:34s (0h:3m:23s left)
  92 TPM2u+F+I+G4 54665.716   part1.1+part5.1	0h:2m:34s (0h:3m:19s left)
  93 TNe+I+G4     54670.655   part2.2+part3.1	0h:2m:35s (0h:3m:17s left)
  94 TIM3+F+I+G4  54666.732   part2.1+part3.1	0h:2m:36s (0h:3m:14s left)
  95 K2P+G4       54708.210   part1.3+part2.2	0h:2m:42s (0h:3m:18s left)
  96 K2P+G4       54694.234   part1.3+part2.1	0h:2m:42s (0h:3m:14s left)
  97 K2P+G4       54634.884   part2.3+part3.2	0h:2m:42s (0h:3m:11s left)
  98 TPM3u+F+I+G4 54694.795   part1.1+part3.1	0h:2m:45s (0h:3m:10s left)
  99 TN+F+G4      54720.669   part2.3+part5.2	0h:2m:52s (0h:3m:15s left)
 100 K2P+G4       54770.569   part1.1+part1.3	0h:2m:54s (0h:3m:13s left)
 101 HKY+F+G4     54640.899   part2.2+part5.2	0h:2m:54s (0h:3m:10s left)
 102 K2P+I+G4     54715.291   part1.2+part3.1	0h:2m:57s (0h:3m:9s left)
 103 HKY+F+G4     54644.427   part2.1+part5.2	0h:2m:58s (0h:3m:7s left)
 104 K2P+G4       54779.046   part1.2+part1.3	0h:3m:0s (0h:3m:5s left)
 105 K2P+I+G4     54643.904   part2.2+part3.2	0h:3m:2s (0h:3m:4s left)
 106 K2P+I+G4     54633.330   part2.1+part3.2	0h:3m:2s (0h:3m:1s left)
 107 TN+F+G4      54632.550   part1.1+part5.2	0h:3m:3s (0h:2m:58s left)
 108 HKY+F        54637.176   part1.2+part5.2	0h:3m:5s (0h:2m:56s left)
 109 HKY+F+G4     54656.218   part2.2+part2.3	0h:3m:6s (0h:2m:54s left)
 110 K2P+G4       54645.372   part2.1+part2.3	0h:3m:7s (0h:2m:52s left)
 111 K2P+I+G4     54660.754   part1.1+part3.2	0h:3m:8s (0h:2m:49s left)
 112 K2P+I+G4     54670.036   part1.2+part3.2	0h:3m:9s (0h:2m:47s left)
 113 K2P+G4       54676.878   part1.1+part2.3	0h:3m:11s (0h:2m:45s left)
 114 K2P+I        54631.715   part2.1+part2.2	0h:3m:11s (0h:2m:43s left)
 115 HKY+F+G4     54687.404   part1.2+part2.3	0h:3m:12s (0h:2m:41s left)
 116 K2P+I        54627.496   part1.1+part2.2	0h:3m:13s (0h:2m:38s left)
 117 K2P+I        54628.448   part1.1+part2.1	0h:3m:16s (0h:2m:37s left)
 118 K2P+I        54628.572   part1.1+part1.2	0h:3m:16s (0h:2m:34s left)
 119 K2P+I        54637.483   part1.2+part2.1	0h:3m:16s (0h:2m:32s left)
 120 K3Pu+F+I     54643.892   part1.2+part2.2	0h:3m:17s (0h:2m:29s left)
Merging part2.3+part4.3 with BIC score: 54609.508 (LnL: -26676.936  df: 146)
 121 HKY+F+G4     55076.579   part2.3+part4.3+part5.2	0h:3m:44s (0h:2m:46s left)
 122 HKY+F+G4     54918.372   part2.3+part4.3+part5.1	0h:3m:44s (0h:2m:44s left)
 123 HKY+F+G4     54769.344   part2.3+part3.2+part4.3	0h:3m:46s (0h:2m:42s left)
 124 TPM3u+F+G4   54936.507   part2.3+part4.1+part4.3	0h:3m:49s (0h:2m:40s left)
 125 HKY+F+G4     55006.982   part2.3+part4.2+part4.3	0h:3m:49s (0h:2m:37s left)
 126 TN+F+G4      54655.883   part1.3+part2.3+part4.3	0h:3m:50s (0h:2m:35s left)
 127 TN+F+G4      54769.762   part2.3+part3.1+part4.3	0h:3m:52s (0h:2m:33s left)
 128 HKY+F+G4     54733.063   part2.3+part3.3+part4.3	0h:3m:57s (0h:2m:33s left)
 129 HKY+F+G4     54664.099   part2.2+part2.3+part4.3	0h:4m:9s (0h:2m:38s left)
 130 HKY+F+G4     54667.072   part2.1+part2.3+part4.3	0h:4m:11s (0h:2m:36s left)
 131 HKY+F+G4     54837.939   part1.1+part2.3+part4.3	0h:4m:13s (0h:2m:34s left)
 132 TN+F+G4      54812.474   part2.3+part4.3+part5.3	0h:4m:14s (0h:2m:32s left)
 133 HKY+F+G4     54786.742   part1.2+part2.3+part4.3	0h:4m:15s (0h:2m:29s left)
Merging part3.1+part3.2 with BIC score: 54567.913 (LnL: -26686.239  df: 139)
 134 TPM3u+F+G4   54611.187   part1.3+part3.1+part3.2	0h:4m:33s (0h:2m:37s left)
 135 TPM3u+F+I+G4 54665.355   part3.1+part3.2+part4.2	0h:4m:39s (0h:2m:37s left)
 136 TPM3u+F+I+G4 54709.112   part3.1+part3.2+part5.2	0h:4m:39s (0h:2m:34s left)
 137 K3Pu+F+I+G4  54683.724   part3.1+part3.2+part4.1	0h:4m:39s (0h:2m:30s left)
 138 TIM3+F+I+G4  54624.836   part3.1+part3.2+part3.3	0h:4m:39s (0h:2m:28s left)
 139 TPM3+F+I+G4  54581.122   part3.1+part3.2+part5.3	0h:4m:40s (0h:2m:25s left)
 140 TPM3u+F+I+G4 54570.265   part3.1+part3.2+part5.1	0h:4m:41s (0h:2m:23s left)
 141 TPM3u+F+I+G4 54576.659   part2.2+part3.1+part3.2	0h:4m:48s (0h:2m:23s left)
 142 TPM3u+F+I+G4 54562.434   part2.1+part3.1+part3.2	0h:4m:50s (0h:2m:21s left)
 143 TN+F+G4      54859.173   part2.3+part3.1+part3.2+part4.3	0h:4m:51s (0h:2m:18s left)
 144 TPM3u+F+I+G4 54627.306   part1.2+part3.1+part3.2	0h:4m:51s (0h:2m:15s left)
 145 TPM3u+F+I+G4 54594.397   part1.1+part3.1+part3.2	0h:4m:51s (0h:2m:12s left)
Merging part1.1+part2.2 with BIC score: 54535.426 (LnL: -26695.797  df: 133)
 146 TN+F+G4      54517.817   part1.1+part2.2+part5.2	0h:5m:1s (0h:2m:14s left)
 147 HKY+F+G4     54544.097   part1.1+part2.2+part4.2	0h:5m:7s (0h:2m:14s left)
 148 K2P+G4       54678.121   part1.1+part1.3+part2.2	0h:5m:8s (0h:2m:11s left)
 149 K3Pu+F+G4    54564.980   part1.1+part2.2+part4.1	0h:5m:8s (0h:2m:8s left)
 150 TNe+G4       54547.786   part1.1+part2.2+part5.1	0h:5m:9s (0h:2m:5s left)
 151 K2P+G4       54588.547   part1.1+part2.2+part5.3	0h:5m:11s (0h:2m:3s left)
 152 K2P+I+G4     54731.018   part1.1+part2.2+part3.3	0h:5m:12s (0h:2m:1s left)
 153 K2P+I        54511.805   part1.1+part1.2+part2.2	0h:5m:15s (0h:1m:59s left)
 154 K2P+I        54510.368   part1.1+part2.1+part2.2	0h:5m:16s (0h:1m:56s left)
 155 TPM3u+F+I+G4 54592.136   part1.1+part2.2+part3.1+part3.2	0h:5m:16s (0h:1m:54s left)
 156 HKY+F+G4     54824.957   part1.1+part2.2+part2.3+part4.3	0h:5m:27s (0h:1m:55s left)
Merging part4.1+part4.2 with BIC score: 54504.023 (LnL: -26710.196  df: 126)
 157 HKY+F+G4     54478.756   part2.1+part4.1+part4.2	0h:5m:43s (0h:1m:58s left)
 158 HKY+F+G4     54544.598   part4.1+part4.2+part5.2	0h:5m:45s (0h:1m:55s left)
 159 HKY+F+G4     54645.242   part1.3+part4.1+part4.2	0h:5m:45s (0h:1m:53s left)
 160 TPM2+F+G4    54545.950   part4.1+part4.2+part5.1	0h:5m:48s (0h:1m:50s left)
 161 HKY+F+G4     54577.384   part4.1+part4.2+part5.3	0h:5m:48s (0h:1m:48s left)
 162 HKY+F+I+G4   54647.968   part3.1+part3.2+part4.1+part4.2	0h:5m:53s (0h:1m:47s left)
 163 HKY+F+I+G4   54828.279   part3.3+part4.1+part4.2	0h:5m:55s (0h:1m:44s left)
 164 HKY+F+G4     54524.140   part1.1+part2.2+part4.1+part4.2	0h:6m:0s (0h:1m:43s left)
 165 HKY+F+G4     55015.178   part2.3+part4.1+part4.2+part4.3	0h:6m:2s (0h:1m:41s left)
 166 HKY+F+G4     54516.158   part1.2+part4.1+part4.2	0h:6m:2s (0h:1m:38s left)
Merging part2.1+part5.1 with BIC score: 54478.698 (LnL: -26731.934  df: 118)
 167 K2P+I+G4     54525.009   part2.1+part5.1+part5.2	0h:6m:14s (0h:1m:38s left)
 168 K2P+I+G4     54490.037   part1.1+part2.1+part2.2+part5.1	0h:6m:17s (0h:1m:36s left)
 169 TPM2u+F+G4   54562.000   part1.3+part2.1+part5.1	0h:6m:21s (0h:1m:34s left)
 170 TVM+F+I+G4   54653.574   part2.1+part3.3+part5.1	0h:6m:23s (0h:1m:32s left)
 171 K2P+G4       54473.582   part2.1+part5.1+part5.3	0h:6m:24s (0h:1m:29s left)
 172 TPM2+F+G4    54522.997   part2.1+part4.1+part4.2+part5.1	0h:6m:27s (0h:1m:27s left)
 173 TPM3u+F+I+G4 54493.945   part2.1+part3.1+part3.2+part5.1	0h:6m:28s (0h:1m:25s left)
 174 K2P+I+G4     54485.718   part1.2+part2.1+part5.1	0h:6m:28s (0h:1m:22s left)
 175 HKY+F+G4     54827.839   part2.1+part2.3+part4.3+part5.1	0h:6m:32s (0h:1m:20s left)
Merging part1.1+part1.2+part2.2 with BIC score: 54455.076 (LnL: -26733.024  df: 115)
 176 TN+F+G4      54434.091   part1.1+part1.2+part2.2+part5.2	0h:6m:39s (0h:1m:19s left)
 177 K2P+G4       54648.885   part1.1+part1.2+part1.3+part2.2	0h:6m:43s (0h:1m:17s left)
 178 K2P+I+G4     54483.899   part1.1+part1.2+part2.1+part2.2+part5.1	0h:6m:44s (0h:1m:15s left)
 179 TNe+G4       54548.962   part1.1+part1.2+part2.2+part5.3	0h:6m:45s (0h:1m:12s left)
 180 K2P+I+G4     54725.296   part1.1+part1.2+part2.2+part3.3	0h:6m:47s (0h:1m:10s left)
 181 HKY+F+G4     54505.448   part1.1+part1.2+part2.2+part4.1+part4.2	0h:6m:50s (0h:1m:7s left)
 182 TPM3u+F+I+G4 54563.257   part1.1+part1.2+part2.2+part3.1+part3.2	0h:6m:50s (0h:1m:5s left)
 183 HKY+F+G4     54877.571   part1.1+part1.2+part2.2+part2.3+part4.3	0h:6m:58s (0h:1m:4s left)
Merging part1.1+part1.2+part2.2+part5.2 with BIC score: 54434.091 (LnL: -26726.831  df: 114)
 184 TN+F+I+G4    54696.867   part1.1+part1.2+part1.3+part2.2+part5.2	0h:7m:9s (0h:1m:3s left)
 185 TN+F+I+G4    54500.803   part1.1+part1.2+part2.1+part2.2+part5.1+part5.2	0h:7m:9s (0h:1m:0s left)
 186 TNe+G4       54595.341   part1.1+part1.2+part2.2+part5.2+part5.3	0h:7m:13s (0h:0m:58s left)
 187 HKY+F+G4     54527.375   part1.1+part1.2+part2.2+part4.1+part4.2+part5.2	0h:7m:19s (0h:0m:56s left)
 188 K2P+I+G4     54845.014   part1.1+part1.2+part2.2+part3.3+part5.2	0h:7m:20s (0h:0m:53s left)
 189 TPM3u+F+I+G4 54628.870   part1.1+part1.2+part2.2+part3.1+part3.2+part5.2	0h:7m:21s (0h:0m:51s left)
 190 HKY+F+G4     55148.046   part1.1+part1.2+part2.2+part2.3+part4.3+part5.2	0h:7m:23s (0h:0m:49s left)
Merging part2.1+part5.1+part5.3 with BIC score: 54428.975 (LnL: -26737.174  df: 111)
 191 TNe+I+G4     54573.600   part1.1+part1.2+part2.1+part2.2+part5.1+part5.2+part5.3	0h:7m:45s (0h:0m:48s left)
 192 TPM2+F+G4    54486.729   part1.3+part2.1+part5.1+part5.3	0h:7m:47s (0h:0m:46s left)
 193 TVM+F+I+G4   54591.612   part2.1+part3.3+part5.1+part5.3	0h:7m:49s (0h:0m:43s left)
 194 TVM+F+I+G4   54451.185   part2.1+part3.1+part3.2+part5.1+part5.3	0h:7m:50s (0h:0m:41s left)
 195 TPM2u+F+G4   54526.123   part2.1+part4.1+part4.2+part5.1+part5.3	0h:7m:50s (0h:0m:38s left)
 196 TPM2+F+G4    54838.094   part2.1+part2.3+part4.3+part5.1+part5.3	0h:7m:53s (0h:0m:36s left)
BEST-FIT PARTITION MODEL: 
  charpartition BIC = TN+F+G4: part1.1 part1.2 part2.2 part5.2, K2P+G4: part1.3, K2P+G4: part2.1 part5.1 part5.3, TPM3+F+G4: part2.3 part4.3, TPM3u+F+I+G4: part3.1 part3.2, K2P+G4: part3.3, HKY+F+G4: part4.1 part4.2;
Agglomerative model selection: ((((part1.1,part2.2)3:54535.4,part1.2)6:54455.1,part5.2)7:54434.1,part1.3,((part2.1,part5.1)5:54478.7,part5.3)8:54429,(part2.3,part4.3)1:54609.5,(part3.1,part3.2)2:54567.9,part3.3,(part4.1,part4.2)4:54504)
Merging into 7 partitions...
Partition information was printed to 4_set290.best_scheme.nex
Partition information in Raxml format was printed to 4_set290.best_scheme

All model information printed to 4_set290.model.gz
CPU time for ModelFinder: 614.847 seconds (0h:10m:14s)
Wall-clock time for ModelFinder: 475.129 seconds (0h:7m:55s)
Generating 1000 samples for ultrafast bootstrap (seed: 149170)...

NOTE: 16 MB RAM (0 GB) is required!
Measuring multi-threading efficiency up to 8 CPU cores
Increase to 10 rounds for branch lengths
8 trees examined
Threads: 1 / Time: 8.532 sec / Speedup: 1.000 / Efficiency: 100% / LogL: -40960
Threads: 2 / Time: 13.244 sec / Speedup: 0.644 / Efficiency: 32% / LogL: -40960
BEST NUMBER OF THREADS: 1

Estimate model parameters (epsilon = 0.100)
Initial log-likelihood: -28474.168
Current log-likelihood at step 1: -27228.800
Current log-likelihood at step 2: -26926.617
Current log-likelihood at step 3: -26875.437
Current log-likelihood at step 4: -26814.936
Current log-likelihood at step 5: -26813.225
Current log-likelihood at step 6: -26811.643
Current log-likelihood at step 7: -26810.144
Current log-likelihood at step 8: -26808.747
Current log-likelihood at step 9: -26807.435
Current log-likelihood at step 10: -26806.206
Current log-likelihood at step 11: -26805.062
Current log-likelihood at step 12: -26803.993
Current log-likelihood at step 13: -26802.994
Current log-likelihood at step 14: -26802.064
Current log-likelihood at step 15: -26801.200
Current log-likelihood at step 16: -26800.391
Current log-likelihood at step 17: -26799.641
Current log-likelihood at step 18: -26798.933
Current log-likelihood at step 19: -26798.265
Current log-likelihood at step 20: -26797.631
Current log-likelihood at step 21: -26797.030
Current log-likelihood at step 22: -26796.458
Current log-likelihood at step 23: -26795.913
Current log-likelihood at step 24: -26795.392
Current log-likelihood at step 25: -26794.893
Current log-likelihood at step 26: -26794.413
Current log-likelihood at step 27: -26793.962
Current log-likelihood at step 28: -26793.550
Current log-likelihood at step 29: -26793.146
Current log-likelihood at step 30: -26792.752
Current log-likelihood at step 31: -26792.365
Current log-likelihood at step 32: -26791.986
Current log-likelihood at step 33: -26791.614
Current log-likelihood at step 34: -26791.247
Current log-likelihood at step 35: -26790.886
Current log-likelihood at step 36: -26790.529
Current log-likelihood at step 37: -26790.176
Current log-likelihood at step 38: -26789.826
Current log-likelihood at step 39: -26789.480
Current log-likelihood at step 40: -26789.135
Current log-likelihood at step 41: -26788.793
Current log-likelihood at step 42: -26788.453
Current log-likelihood at step 43: -26788.113
Current log-likelihood at step 44: -26787.774
Current log-likelihood at step 45: -26787.435
Current log-likelihood at step 46: -26787.096
Current log-likelihood at step 47: -26786.757
Current log-likelihood at step 48: -26786.417
Current log-likelihood at step 49: -26786.076
Current log-likelihood at step 50: -26785.734
Current log-likelihood at step 51: -26785.390
Current log-likelihood at step 52: -26785.044
Current log-likelihood at step 53: -26784.696
Current log-likelihood at step 54: -26784.345
Current log-likelihood at step 55: -26783.992
Current log-likelihood at step 56: -26783.636
Current log-likelihood at step 57: -26783.276
Current log-likelihood at step 58: -26782.913
Current log-likelihood at step 59: -26782.546
Current log-likelihood at step 60: -26782.172
Current log-likelihood at step 61: -26781.797
Current log-likelihood at step 62: -26781.418
Current log-likelihood at step 63: -26781.033
Current log-likelihood at step 64: -26780.644
Current log-likelihood at step 65: -26780.249
Current log-likelihood at step 66: -26779.849
Current log-likelihood at step 67: -26779.443
Current log-likelihood at step 68: -26779.029
Current log-likelihood at step 69: -26778.609
Current log-likelihood at step 70: -26778.183
Current log-likelihood at step 71: -26777.749
Current log-likelihood at step 72: -26777.309
Current log-likelihood at step 73: -26776.861
Current log-likelihood at step 74: -26776.406
Current log-likelihood at step 75: -26775.942
Current log-likelihood at step 76: -26775.470
Current log-likelihood at step 77: -26774.989
Current log-likelihood at step 78: -26774.499
Current log-likelihood at step 79: -26773.999
Current log-likelihood at step 80: -26773.489
Current log-likelihood at step 81: -26772.968
Current log-likelihood at step 82: -26772.436
Current log-likelihood at step 83: -26771.892
Current log-likelihood at step 84: -26771.336
Current log-likelihood at step 85: -26770.768
Current log-likelihood at step 86: -26770.186
Current log-likelihood at step 87: -26769.590
Current log-likelihood at step 88: -26768.979
Current log-likelihood at step 89: -26768.353
Current log-likelihood at step 90: -26767.711
Current log-likelihood at step 91: -26767.050
Current log-likelihood at step 92: -26766.372
Current log-likelihood at step 93: -26765.675
Current log-likelihood at step 94: -26764.958
Current log-likelihood at step 95: -26764.220
Current log-likelihood at step 96: -26763.459
Current log-likelihood at step 97: -26762.676
Current log-likelihood at step 98: -26761.867
Current log-likelihood at step 99: -26761.032
Partition-specific rates:  0.177 2.005 0.757 1.689 1.640 3.516 0.624
Parameters optimization took 99 rounds (45.128 sec)

Computing ML distances based on estimated model parameters... 0.082 sec
WARNING: Some pairwise ML distances are too long (saturated)
Computing BIONJ tree...
0.007 seconds
Log-likelihood of BIONJ tree: -26851.823
--------------------------------------------------------------------
|             INITIALIZING CANDIDATE TREE SET                      |
--------------------------------------------------------------------
Generating 98 parsimony trees... 7.864 second
Computing log-likelihood of 98 initial trees ... 27.836 seconds
Current best score: -26761.032

Do NNI search on 20 best initial trees
Estimate model parameters (epsilon = 0.100)
Initial log-likelihood: -26750.133
Current log-likelihood at step 1: -26749.091
Current log-likelihood at step 2: -26748.193
Current log-likelihood at step 3: -26747.265
Current log-likelihood at step 4: -26746.303
Current log-likelihood at step 5: -26745.307
Current log-likelihood at step 6: -26744.273
Current log-likelihood at step 7: -26743.200
Current log-likelihood at step 8: -26742.086
Current log-likelihood at step 9: -26740.928
Current log-likelihood at step 10: -26739.725
Current log-likelihood at step 11: -26738.474
Current log-likelihood at step 12: -26737.176
Current log-likelihood at step 13: -26735.830
Current log-likelihood at step 14: -26734.438
Current log-likelihood at step 15: -26733.005
Current log-likelihood at step 16: -26731.538
Current log-likelihood at step 17: -26730.052
Current log-likelihood at step 18: -26721.879
Current log-likelihood at step 19: -26721.877
Parameters optimization took 18 rounds (7.749 sec)

BETTER TREE FOUND at iteration 1: -26721.877
Estimate model parameters (epsilon = 0.100)
Initial log-likelihood: -26721.154
Current log-likelihood at step 1: -26721.070
Parameters optimization took 0 rounds (0.343 sec)

BETTER TREE FOUND at iteration 2: -26721.070
Estimate model parameters (epsilon = 0.100)
Initial log-likelihood: -26719.995
Current log-likelihood at step 1: -26719.908
Parameters optimization took 0 rounds (0.420 sec)

BETTER TREE FOUND at iteration 3: -26719.908
Iteration 10 / LogL: -26721.319 / Time: 0h:2m:14s
Iteration 20 / LogL: -26722.031 / Time: 0h:2m:43s
Finish initializing candidate tree set (5)
Current best tree score: -26719.908 / CPU time: 95.035
Number of iterations: 20
--------------------------------------------------------------------
|               OPTIMIZING CANDIDATE TREE SET                      |
--------------------------------------------------------------------
Iteration 30 / LogL: -26721.048 / Time: 0h:3m:15s (0h:8m:13s left)
UPDATE BEST LOG-LIKELIHOOD: -26719.908
Iteration 40 / LogL: -26721.228 / Time: 0h:3m:47s (0h:6m:7s left)
Iteration 50 / LogL: -26721.231 / Time: 0h:4m:19s (0h:4m:40s left)
Log-likelihood cutoff on original alignment: -26765.788
Iteration 60 / LogL: -26721.051 / Time: 0h:4m:50s (0h:3m:32s left)
Iteration 70 / LogL: -26721.356 / Time: 0h:5m:18s (0h:2m:32s left)
Iteration 80 / LogL: -26719.908 / Time: 0h:5m:41s (0h:1m:39s left)
Iteration 90 / LogL: -26719.927 / Time: 0h:6m:0s (0h:0m:52s left)
Iteration 100 / LogL: -26720.265 / Time: 0h:6m:24s (0h:0m:11s left)
Log-likelihood cutoff on original alignment: -26765.788
NOTE: Bootstrap correlation coefficient of split occurrence frequencies: 1.000
TREE SEARCH COMPLETED AFTER 104 ITERATIONS / Time: 0h:6m:33s

--------------------------------------------------------------------
|                    FINALIZING TREE SEARCH                        |
--------------------------------------------------------------------
Performs final model parameters optimization
Estimate model parameters (epsilon = 0.010)
Initial log-likelihood: -26719.908
Current log-likelihood at step 1: -26719.902
Partition-specific rates:  0.172 1.946 0.759 1.690 1.641 3.540 0.626
Parameters optimization took 0 rounds (0.397 sec)

BEST SCORE FOUND : -26719.902
Creating bootstrap support values...
Split supports printed to NEXUS file 4_set290.splits.nex
Total tree length: 0.834

Total number of iterations: 104
CPU time used for tree search: 112.835 sec (0h:1m:52s)
Wall-clock time used for tree search: 324.949 sec (0h:5m:24s)
Total CPU time used: 134.731 sec (0h:2m:14s)
Total wall-clock time used: 394.489 sec (0h:6m:34s)

Computing bootstrap consensus tree...
Reading input file 4_set290.splits.nex...
39 taxa and 137 splits.
Consensus tree written to 4_set290.contree
Reading input trees file 4_set290.contree
Log-likelihood of consensus tree: -26719.902

Analysis results written to: 
  IQ-TREE report:                4_set290.iqtree
  Maximum-likelihood tree:       4_set290.treefile
  Likelihood distances:          4_set290.mldist
  Best partitioning scheme:      4_set290.best_scheme.nex
           in RAxML format:      4_set290.best_scheme

Ultrafast bootstrap approximation results written to:
  Split support values:          4_set290.splits.nex
  Consensus tree:                4_set290.contree
  Screen log file:               4_set290.log

Date and Time: Sat Sep  8 11:23:48 2018
