IQ-TREE multicore version 1.6.7 for Mac OS X 64-bit built Aug 23 2018
Developed by Bui Quang Minh, Nguyen Lam Tung, Olga Chernomor,
Heiko Schmidt, Dominik Schrempf, Michael Woodhams.

Host:    meeps-mac-pro.staff.sydney.edu.au (AVX, 64 GB RAM)
Command: /Users/davidduchene/Desktop/Software/iqtree-1.6.7-MacOSX/bin/iqtree -s ../../../../marsupials/set86.fasta -m TESTMERGE -bb 1000 -spp ../../../../marsupials/set86.nex -nt AUTO -pre 4_set86
Seed:    89239 (Using SPRNG - Scalable Parallel Random Number Generator)
Time:    Fri Sep  7 04:05:50 2018
Kernel:  AVX - auto-detect threads (8 CPU cores detected)

Reading partition model file ../../../../marsupials/set86.nex ...
Reading alignment file ../../../../marsupials/set86.fasta ... Fasta format detected
Alignment most likely contains DNA/RNA sequences
Alignment has 35 sequences with 1560 columns, 737 distinct patterns
435 parsimony-informative, 221 singleton sites, 904 constant sites
                                              Gap/Ambiguity  Composition  p-value
   1  Burramyidae_Burramys_parvus                     0.64%    passed     99.82%
   2  Notoryctidae_Notoryctes_typhlops               32.63%    passed     21.37%
   3  Vombatidae_Lasiorhinus_latifrons                1.03%    passed     87.28%
   4  Potoroidae_Bettongia_penicillata                0.45%    passed     92.20%
   5  Potoroidae_Bettongia_lesueur                    0.06%    passed     81.30%
   6  Dasyuridae_Dasyurus_maculatus                   0.13%    passed     89.96%
   7  Phalangeridae_Trichosurus_vulpecula             0.06%    passed     85.76%
   8  Phalangeridae_Spilocuscus_maculatus             0.00%    passed     69.44%
   9  Potoroidae_Aepyprymnus_rufescens                0.06%    passed     84.18%
  10  Peramelidae_Perameles_nasuta                    0.58%    passed     94.17%
  11  Phalangeridae_Strigocuscus_pelengensis          4.49%    passed     96.49%
  12  Dasyuridae_Phascogale_tapoatafa                 0.00%    passed     92.38%
  13  Dasyuridae_Sminthopsis_macroura                 0.26%    passed     76.78%
  14  Phalangeridae_Phalanger_orientalis              0.06%    passed     85.40%
  15  Acrobatidae_Acrobates_pygmaeus                  0.64%    passed     96.74%
  16  Dasyuridae_Phascogale_calura                    6.35%    passed     99.73%
  17  Dasyuridae_Sarcophilus_harrisii                 1.03%    passed     95.11%
  18  Dasyuridae_Planigale_tenuirostris              22.50%    passed     64.71%
  19  Peramelidae_Echymipera_kalubu                   8.21%    passed     82.80%
  20  Macropodidae_Dorcopsulus_vanheurni              0.64%    passed     98.05%
  21  Pseudochiridae_Pseudochirulus_forbesi           0.19%    passed     85.30%
  22  Didelphidae_Didelphis_virginiana                6.22%    passed     83.89%
  23  Marmosidae_Monodelphis_domestica                0.51%    passed     92.31%
  24  Dasyuridae_Antechinus_stuartii                  7.56%    passed     98.35%
  25  Hypsiprymnodontidae_Hypsiprymnodon_moschatus    0.19%    passed     91.02%
  26  Microbiotheriidae_Dromiciops_gliroides          2.63%    passed     99.51%
  27  Pseudochiridae_Petauroides_volans               1.15%    passed     97.58%
  28  Macropodidae_Wallabia_bicolor                   0.90%    passed     99.36%
  29  Pseudochiridae_Pseudocheirus_occidentalis       5.26%    passed     77.23%
  30  Tarsipedidae_Tarsipes_rostratus                 9.74%    passed     84.73%
  31  Acrobatidae_Distoechurus_pennatus               0.00%    passed     98.71%
  32  Phalangeridae_Phalanger_carmelitae              0.13%    passed     65.22%
  33  Peramelidae_Peroryctes_raffrayana              13.33%    passed     46.92%
  34  Dasyuridae_Dasyurus_geffroii                    0.06%    passed     78.86%
  35  Peramelidae_Perameles_gunnii                    0.96%    passed     92.04%
****  TOTAL                                           3.68%  0 sequences failed composition chi2 test (p-value<5%; df=3)
NOTE: No CharPartition defined, use all CharSets

Loading 15 partitions...
Subset	Type	Seqs	Sites	Infor	Invar	Model	Name
1		34	135	31	87	TESTMERGE	part1.1
2		34	135	19	98	TESTMERGE	part1.2
3		34	135	86	24	TESTMERGE	part1.3
4		35	141	36	90	TESTMERGE	part2.1
5		35	141	16	105	TESTMERGE	part2.2
6		35	141	59	51	TESTMERGE	part2.3
7		35	76	21	38	TESTMERGE	part3.1
8		35	76	11	53	TESTMERGE	part3.2
9		35	76	48	12	TESTMERGE	part3.3
10		35	82	2	75	TESTMERGE	part4.1
11		35	82	2	80	TESTMERGE	part4.2
12		35	82	33	37	TESTMERGE	part4.3
13		35	86	16	62	TESTMERGE	part5.1
14		35	86	6	74	TESTMERGE	part5.2
15		35	86	49	18	TESTMERGE	part5.3
Degree of missing data: 0.007
Info: multi-threading strategy over partitions



Create initial parsimony tree by phylogenetic likelihood library (PLL)... 0.007 seconds
NOTE: ModelFinder requires 8 MB RAM!
NUMBER OF THREADS FOR PARTITION FINDING: 8
Testing GTR+F+G on supermatrix...
GTR+F+G4 / LnL: -9506.743 / df: 76 / AIC: 19165.486 / AICc: 19173.378 / BIC: 19572.272
Selecting individual models for 15 charsets using BIC...
 No. Model        Score       Charset
   1 TNe+G4       1601.705    part2.1
   2 K3Pu+F+G4    1163.744    part4.3
   3 HKY+F+G4     1092.764    part1.2
   4 K3Pu+F+G4    2189.948    part2.3
   5 TN+F+G4      1733.982    part5.3
   6 HKY+F+G4     1867.005    part3.3
   7 K2P+G4       2972.039    part1.3
   8 TN+F+G4      1251.677    part1.1
   9 K2P+G4       1031.772    part3.1
  10 HKY+F+I      1140.670    part2.2	0h:0m:13s (0h:4m:40s left)
  11 K2P+G4       715.938     part5.1	0h:0m:15s (0h:4m:43s left)
  12 K2P+I        496.041     part5.2	0h:0m:16s (0h:4m:40s left)
  13 TNe          346.098     part4.1	0h:0m:16s (0h:4m:18s left)
  14 TNe+G4       697.600     part3.2	0h:0m:16s (0h:3m:58s left)
  15 F81+F+I      279.117     part4.2	0h:0m:17s (0h:3m:44s left)
Full partition model BIC score: 19266.524 (LnL: -9118.591  df:140)
Merging models to increase model fit (about 211 total partition schemes)...
  16 K3P+G4       19285.689   part1.1+part2.3	0h:0m:25s (0h:5m:14s left)
  17 K2P+G4       19326.486   part1.3+part2.1	0h:0m:27s (0h:5m:15s left)
  18 HKY+F+G4     19264.551   part1.3+part4.3	0h:0m:27s (0h:4m:58s left)
  19 HKY+F+G4     19246.856   part1.3+part5.3	0h:0m:28s (0h:4m:46s left)
  20 HKY+F+G4     19348.128   part1.2+part1.3	0h:0m:28s (0h:4m:34s left)
  21 K2P+G4       19294.710   part1.3+part2.3	0h:0m:29s (0h:4m:26s left)
  22 HKY+F+G4     19323.450   part1.1+part1.3	0h:0m:30s (0h:4m:25s left)
  23 HKY+F+G4     19237.296   part1.3+part3.3	0h:0m:31s (0h:4m:19s left)
  24 TIM+F+G4     19278.519   part2.3+part5.3	0h:0m:36s (0h:4m:47s left)
  25 TN+F+G4      19297.248   part2.1+part2.3	0h:0m:37s (0h:4m:41s left)
  26 K3Pu+F+G4    19288.019   part1.2+part2.3	0h:0m:38s (0h:4m:31s left)
  27 TIM+F+G4     19263.996   part2.3+part4.3	0h:0m:39s (0h:4m:26s left)
  28 K2P+G4       19369.197   part1.3+part2.2	0h:0m:40s (0h:4m:22s left)
  29 K2P+G4       19287.931   part1.3+part3.1	0h:0m:40s (0h:4m:13s left)
  30 HKY+F+G4     19290.019   part2.3+part3.3	0h:0m:40s (0h:4m:3s left)
  31 TN+F+G4      19282.456   part1.1+part5.3	0h:0m:44s (0h:4m:17s left)
  32 K2P+G4       19270.053   part2.3+part3.1	0h:0m:49s (0h:4m:36s left)
  33 HKY+F+G4     19332.551   part1.3+part5.1	0h:0m:49s (0h:4m:27s left)
  34 HKY+F+G4     19280.373   part2.2+part2.3	0h:0m:50s (0h:4m:21s left)
  35 TNe+G4       19254.136   part1.1+part2.1	0h:0m:50s (0h:4m:13s left)
  36 K2P+G4       19304.314   part1.3+part3.2	0h:0m:50s (0h:4m:6s left)
  37 HKY+F+G4     19257.835   part1.1+part1.2	0h:0m:51s (0h:4m:1s left)
  38 K2P+G4       19304.507   part2.1+part5.3	0h:0m:53s (0h:4m:4s left)
  39 TPM2+F+G4    19308.002   part1.1+part3.3	0h:0m:55s (0h:4m:4s left)
  40 K2P+G4       19361.428   part1.3+part5.2	0h:0m:59s (0h:4m:15s left)
  41 K2P+G4       19308.171   part2.1+part3.3	0h:1m:1s (0h:4m:15s left)
  42 TNe+G4       19266.389   part1.2+part2.1	0h:1m:2s (0h:4m:10s left)
  43 TIM2+F+G4    19239.215   part3.3+part5.3	0h:1m:2s (0h:4m:4s left)
  44 HKY+F+G4     19300.363   part1.2+part5.3	0h:1m:3s (0h:4m:0s left)
  45 HKY+F+G4     19304.702   part1.2+part3.3	0h:1m:5s (0h:4m:2s left)
  46 TN+F+G4      19242.820   part1.1+part4.3	0h:1m:8s (0h:4m:5s left)
  47 K2P+G4       19391.844   part1.3+part4.1	0h:1m:8s (0h:3m:59s left)
  48 HKY+F+G4     19290.555   part2.3+part5.1	0h:1m:8s (0h:3m:53s left)
  49 K3Pu+F+G4    19265.367   part2.3+part3.2	0h:1m:11s (0h:3m:55s left)
  50 HKY+F+G4     19410.870   part1.3+part4.2	0h:1m:12s (0h:3m:54s left)
  51 TNe+G4       19259.117   part1.1+part2.2	0h:1m:13s (0h:3m:49s left)
  52 TN+F+G4      19255.573   part1.1+part3.1	0h:1m:15s (0h:3m:50s left)
  53 TN+F+G4      19229.280   part4.3+part5.3	0h:1m:16s (0h:3m:47s left)
  54 K2P+G4       19264.601   part2.1+part4.3	0h:1m:18s (0h:3m:49s left)
  55 K3Pu+F+G4    19309.296   part2.3+part5.2	0h:1m:21s (0h:3m:50s left)
  56 K2P+G4       19280.065   part3.1+part5.3	0h:1m:21s (0h:3m:46s left)
  57 TNe+G4       19250.239   part2.1+part3.1	0h:1m:23s (0h:3m:46s left)
  58 K3Pu+F+G4    19248.292   part3.3+part4.3	0h:1m:23s (0h:3m:40s left)
  59 HKY+F+G4     19244.305   part1.2+part4.3	0h:1m:23s (0h:3m:35s left)
  60 K2P+G4       19262.355   part1.2+part3.1	0h:1m:24s (0h:3m:31s left)
  61 K2P+G4       19338.466   part2.2+part5.3	0h:1m:25s (0h:3m:31s left)
  62 TNe+G4       19250.006   part2.1+part2.2	0h:1m:27s (0h:3m:31s left)
  63 HKY+F+G4     19253.300   part1.2+part2.2	0h:1m:31s (0h:3m:34s left)
  64 K3Pu+F+G4    19340.558   part2.3+part4.1	0h:1m:33s (0h:3m:34s left)
  65 K2P+G4       19343.647   part2.2+part3.3	0h:1m:33s (0h:3m:30s left)
  66 K3Pu+F+G4    19356.092   part2.3+part4.2	0h:1m:34s (0h:3m:26s left)
  67 HKY+F+G4     19284.955   part3.1+part3.3	0h:1m:34s (0h:3m:23s left)
  68 TN+F+G4      19256.293   part1.1+part5.1	0h:1m:36s (0h:3m:22s left)
  69 K2P+G4       19251.485   part1.1+part3.2	0h:1m:38s (0h:3m:23s left)
  70 TNe+G4       19257.382   part2.1+part5.1	0h:1m:41s (0h:3m:23s left)
  71 K2P+G4       19254.852   part3.1+part4.3	0h:1m:41s (0h:3m:21s left)
  72 K2P+G4       19277.665   part3.2+part5.3	0h:1m:42s (0h:3m:16s left)
  73 HKY+F+G4     19303.060   part5.1+part5.3	0h:1m:42s (0h:3m:14s left)
  74 HKY+F+G4     19244.116   part1.2+part5.1	0h:1m:43s (0h:3m:11s left)
  75 K2P+G4       19255.168   part2.1+part3.2	0h:1m:44s (0h:3m:8s left)
  76 HKY+F+G4     19310.746   part3.3+part5.1	0h:1m:46s (0h:3m:8s left)
  77 HKY+F+G4     19241.801   part1.2+part3.2	0h:1m:49s (0h:3m:10s left)
  78 K2P+G4       19277.402   part2.2+part4.3	0h:1m:49s (0h:3m:7s left)
  79 K2P+G4       19255.634   part2.2+part3.1	0h:1m:50s (0h:3m:5s left)
  80 K3P+G4       19329.749   part5.2+part5.3	0h:1m:52s (0h:3m:4s left)
  81 HKY+F+G4     19293.686   part3.2+part3.3	0h:1m:52s (0h:3m:1s left)
  82 K2P+G4       19285.378   part1.1+part4.1	0h:1m:54s (0h:3m:0s left)
  83 TNe+G4       19261.066   part1.1+part5.2	0h:1m:55s (0h:2m:57s left)
  84 HKY+F+G4     19258.509   part1.2+part5.2	0h:1m:58s (0h:2m:59s left)
  85 TN+F+G4      19276.993   part1.1+part4.2	0h:1m:58s (0h:2m:56s left)
  86 TNe+G4       19257.918   part2.1+part5.2	0h:1m:59s (0h:2m:53s left)
  87 K2P+G4       19338.130   part3.3+part5.2	0h:2m:2s (0h:2m:54s left)
  88 HKY+F+G4     19256.780   part4.3+part5.1	0h:2m:3s (0h:2m:52s left)
  89 TN+F+I+G4    19360.133   part4.2+part5.3	0h:2m:6s (0h:2m:52s left)
  90 TNe+G4       19354.122   part4.1+part5.3	0h:2m:7s (0h:2m:50s left)
  91 K3Pu+F+G4    19256.359   part3.2+part4.3	0h:2m:7s (0h:2m:48s left)
  92 TNe+G4       19269.100   part1.2+part4.1	0h:2m:9s (0h:2m:47s left)
  93 TNe+G4       19288.733   part2.1+part4.1	0h:2m:9s (0h:2m:44s left)
  94 K2P+G4       19253.715   part3.1+part5.1	0h:2m:12s (0h:2m:44s left)
  95 TNe+G4       19365.581   part3.3+part4.1	0h:2m:12s (0h:2m:41s left)
  96 HKY+F+G4     19265.833   part1.2+part4.2	0h:2m:12s (0h:2m:38s left)
  97 K2P+G4       19241.545   part2.2+part5.1	0h:2m:12s (0h:2m:36s left)
  98 K2P+G4       19252.270   part3.1+part3.2	0h:2m:12s (0h:2m:33s left)
  99 TNe+G4       19286.963   part2.1+part4.2	0h:2m:12s (0h:2m:30s left)
 100 HKY+F+G4     19253.442   part2.2+part3.2	0h:2m:15s (0h:2m:29s left)
 101 HKY+F+I+G4   19371.566   part3.3+part4.2	0h:2m:18s (0h:2m:30s left)
 102 TIM2e+G4     19276.315   part3.1+part5.2	0h:2m:18s (0h:2m:28s left)
 103 K2P+G4       19246.704   part2.2+part5.2	0h:2m:19s (0h:2m:26s left)
 104 TNe+G4       19246.264   part3.2+part5.1	0h:2m:21s (0h:2m:25s left)
 105 K3P+G4       19279.178   part4.3+part5.2	0h:2m:21s (0h:2m:22s left)
 106 TNe+G4       19298.425   part4.1+part4.3	0h:2m:22s (0h:2m:20s left)
 107 K2P+G4       19294.296   part3.1+part4.1	0h:2m:23s (0h:2m:19s left)
 108 TN+F+G4      19298.601   part4.2+part4.3	0h:2m:23s (0h:2m:16s left)
 109 HKY+F+G4     19260.929   part2.2+part4.1	0h:2m:25s (0h:2m:16s left)
 110 K2P+G4       19302.083   part3.1+part4.2	0h:2m:25s (0h:2m:13s left)
 111 K2P+I        19266.210   part2.2+part4.2	0h:2m:26s (0h:2m:11s left)
 112 K2P+G4       19250.448   part5.1+part5.2	0h:2m:26s (0h:2m:9s left)
 113 K2P+G4       19267.346   part4.1+part5.1	0h:2m:27s (0h:2m:8s left)
 114 K2P+G4       19252.871   part3.2+part5.2	0h:2m:27s (0h:2m:5s left)
 115 HKY+F+I      19270.319   part4.2+part5.1	0h:2m:29s (0h:2m:5s left)
 116 TNe+G4       19264.352   part3.2+part4.1	0h:2m:29s (0h:2m:2s left)
 117 K2P+I        19255.479   part4.1+part5.2	0h:2m:30s (0h:2m:1s left)
 118 K2P          19250.887   part4.1+part4.2	0h:2m:31s (0h:1m:59s left)
 119 HKY+F+I+G4   19280.021   part3.2+part4.2	0h:2m:31s (0h:1m:57s left)
 120 K2P+I        19254.074   part4.2+part5.2	0h:2m:31s (0h:1m:54s left)
Merging part4.3+part5.3 with BIC score: 19229.280 (LnL: -9125.703  df: 133)
 121 K2P+G4       19313.120   part2.2+part4.3+part5.3	0h:2m:39s (0h:1m:58s left)
 122 HKY+F+G4     19251.190   part3.1+part4.3+part5.3	0h:2m:40s (0h:1m:57s left)
 123 K2P+G4       19277.815   part2.1+part4.3+part5.3	0h:2m:40s (0h:1m:55s left)
 124 TIM+F+G4     19260.676   part2.3+part4.3+part5.3	0h:2m:44s (0h:1m:55s left)
 125 TIM2+F+G4    19210.820   part3.3+part4.3+part5.3	0h:2m:45s (0h:1m:53s left)
 126 HKY+F+G4     19256.598   part1.2+part4.3+part5.3	0h:2m:45s (0h:1m:51s left)
 127 TN+F+G4      19228.627   part1.3+part4.3+part5.3	0h:2m:47s (0h:1m:50s left)
 128 TN+F+G4      19236.272   part1.1+part4.3+part5.3	0h:2m:48s (0h:1m:49s left)
 129 HKY+F+G4     19256.722   part4.3+part5.1+part5.3	0h:2m:53s (0h:1m:50s left)
 130 HKY+F+G4     19299.124   part4.3+part5.2+part5.3	0h:2m:54s (0h:1m:48s left)
 131 TN+F+G4      19246.690   part3.2+part4.3+part5.3	0h:2m:55s (0h:1m:47s left)
 132 K2P+G4       19323.790   part4.1+part4.3+part5.3	0h:2m:55s (0h:1m:44s left)
 133 TN+F+I+G4    19315.637   part4.2+part4.3+part5.3	0h:2m:55s (0h:1m:42s left)
Merging part1.3+part3.3 with BIC score: 19200.051 (LnL: -9122.117  df: 130)
 134 TNe+G4       19353.266   part1.3+part3.3+part4.1	0h:3m:6s (0h:1m:46s left)
 135 K2P+G4       19335.374   part1.3+part2.2+part3.3	0h:3m:6s (0h:1m:44s left)
 136 K2P+G4       19282.792   part1.3+part2.1+part3.3	0h:3m:7s (0h:1m:43s left)
 137 K2P+G4       19242.502   part1.3+part2.3+part3.3	0h:3m:9s (0h:1m:42s left)
 138 HKY+F+G4     19290.714   part1.2+part1.3+part3.3	0h:3m:9s (0h:1m:40s left)
 139 HKY+F+G4     19271.721   part1.3+part3.3+part5.1	0h:3m:9s (0h:1m:38s left)
 140 HKY+F+G4     19228.074   part1.3+part3.1+part3.3	0h:3m:10s (0h:1m:36s left)
 141 TPM2u+F+G4   19269.954   part1.1+part1.3+part3.3	0h:3m:12s (0h:1m:35s left)
 142 K2P+G4       19319.736   part1.3+part3.3+part5.2	0h:3m:17s (0h:1m:35s left)
 143 HKY+F+G4     19253.702   part1.3+part3.2+part3.3	0h:3m:17s (0h:1m:34s left)
 144 HKY+F+G4     19360.340   part1.3+part3.3+part4.2	0h:3m:19s (0h:1m:32s left)
 145 TIM2+F+G4    19195.653   part1.3+part3.3+part4.3+part5.3	0h:3m:23s (0h:1m:32s left)
Merging part2.2+part5.1 with BIC score: 19175.073 (LnL: -9131.685  df: 124)
 146 K2P+G4       19177.843   part2.2+part4.1+part5.1	0h:3m:29s (0h:1m:33s left)
 147 K2P+G4       19160.435   part2.2+part5.1+part5.2	0h:3m:29s (0h:1m:31s left)
 148 K2P+G4       19168.876   part2.2+part3.1+part5.1	0h:3m:31s (0h:1m:30s left)
 149 K2P+G4       19174.277   part1.1+part2.2+part5.1	0h:3m:34s (0h:1m:29s left)
 150 K2P+G4       19162.546   part1.2+part2.2+part5.1	0h:3m:35s (0h:1m:27s left)
 151 TNe+G4       19171.289   part2.1+part2.2+part5.1	0h:3m:35s (0h:1m:25s left)
 152 HKY+F+G4     19219.253   part2.2+part2.3+part5.1	0h:3m:35s (0h:1m:23s left)
 153 K2P+G4       19183.810   part2.2+part4.2+part5.1	0h:3m:38s (0h:1m:22s left)
 154 K2P+G4       19159.490   part2.2+part3.2+part5.1	0h:3m:38s (0h:1m:21s left)
 155 K2P+G4       19355.506   part1.3+part2.2+part3.3+part5.1	0h:3m:41s (0h:1m:19s left)
 156 K2P+G4       19283.813   part2.2+part4.3+part5.1+part5.3	0h:3m:43s (0h:1m:18s left)
Merging part1.2+part3.2 with BIC score: 19150.349 (LnL: -9134.028  df: 120)
 157 TNe+G4       19153.378   part1.2+part3.2+part4.1	0h:3m:51s (0h:1m:19s left)
 158 HKY+F+I+G4   19156.762   part1.2+part3.2+part4.2	0h:3m:51s (0h:1m:17s left)
 159 K2P+G4       19149.954   part1.2+part3.1+part3.2	0h:3m:51s (0h:1m:15s left)
 160 HKY+F+G4     19144.635   part1.2+part2.2+part3.2+part5.1	0h:3m:53s (0h:1m:14s left)
 161 HKY+F+G4     19171.093   part1.2+part2.3+part3.2	0h:3m:54s (0h:1m:12s left)
 162 K2P+G4       19151.294   part1.2+part2.1+part3.2	0h:3m:55s (0h:1m:11s left)
 163 HKY+F+G4     19145.999   part1.1+part1.2+part3.2	0h:3m:57s (0h:1m:9s left)
 164 HKY+F+G4     19269.966   part1.2+part1.3+part3.2+part3.3	0h:3m:58s (0h:1m:8s left)
 165 HKY+F+G4     19142.615   part1.2+part3.2+part5.2	0h:3m:59s (0h:1m:6s left)
 166 HKY+F+G4     19190.153   part1.2+part3.2+part4.3+part5.3	0h:4m:3s (0h:1m:5s left)
Merging part2.1+part3.1 with BIC score: 19134.065 (LnL: -9136.914  df: 117)
 167 TNe+G4       19165.307   part2.1+part3.1+part4.1	0h:4m:9s (0h:1m:5s left)
 168 TNe+G4       19166.576   part2.1+part3.1+part4.2	0h:4m:11s (0h:1m:4s left)
 169 TNe+G4       19133.074   part2.1+part2.2+part3.1+part5.1	0h:4m:11s (0h:1m:2s left)
 170 K2P+G4       19161.762   part2.1+part2.3+part3.1	0h:4m:12s (0h:1m:0s left)
 171 TN+F+G4      19126.397   part1.1+part2.1+part3.1	0h:4m:14s (0h:0m:59s left)
 172 K2P+G4       19141.378   part1.2+part2.1+part3.1+part3.2	0h:4m:14s (0h:0m:57s left)
 173 K2P+G4       19197.396   part2.1+part3.1+part4.3+part5.3	0h:4m:16s (0h:0m:56s left)
 174 TNe+G4       19132.805   part2.1+part3.1+part5.2	0h:4m:16s (0h:0m:54s left)
 175 K2P+G4       19234.566   part1.3+part2.1+part3.1+part3.3	0h:4m:17s (0h:0m:52s left)
Merging part4.1+part4.2 with BIC score: 19118.427 (LnL: -9151.153  df: 111)
 176 K2P+I        19109.476   part4.1+part4.2+part5.2	0h:4m:20s (0h:0m:51s left)
 177 K2P+G4       19139.483   part2.2+part4.1+part4.2+part5.1	0h:4m:22s (0h:0m:50s left)
 178 K3P+G4       19250.912   part2.3+part4.1+part4.2	0h:4m:24s (0h:0m:49s left)
 179 TNe+G4       19184.042   part2.1+part3.1+part4.1+part4.2	0h:4m:25s (0h:0m:47s left)
 180 K2P+G4       19161.427   part1.1+part4.1+part4.2	0h:4m:26s (0h:0m:45s left)
 181 TN+F+I+G4    19152.279   part1.2+part3.2+part4.1+part4.2	0h:4m:26s (0h:0m:44s left)
 182 HKY+F+I+G4   19283.063   part4.1+part4.2+part4.3+part5.3	0h:4m:27s (0h:0m:42s left)
 183 HKY+F+G4     19382.908   part1.3+part3.3+part4.1+part4.2	0h:4m:28s (0h:0m:41s left)
Merging part2.2+part5.1+part5.2 with BIC score: 19103.790 (LnL: -9154.863  df: 108)
 184 K2P+G4       19119.841   part2.2+part4.1+part4.2+part5.1+part5.2	0h:4m:35s (0h:0m:40s left)
 185 TNe+G4       19105.612   part1.1+part2.2+part5.1+part5.2	0h:4m:36s (0h:0m:38s left)
 186 HKY+F+G4     19100.094   part1.2+part2.2+part3.2+part5.1+part5.2	0h:4m:37s (0h:0m:37s left)
 187 HKY+F+G4     19166.210   part2.2+part2.3+part5.1+part5.2	0h:4m:37s (0h:0m:35s left)
 188 TNe+G4       19109.243   part2.1+part2.2+part3.1+part5.1+part5.2	0h:4m:38s (0h:0m:34s left)
 189 K2P+G4       19237.764   part2.2+part4.3+part5.1+part5.2+part5.3	0h:4m:39s (0h:0m:32s left)
 190 K2P+G4       19334.550   part1.3+part2.2+part3.3+part5.1+part5.2	0h:4m:40s (0h:0m:31s left)
Merging part1.1+part2.1+part3.1 with BIC score: 19096.123 (LnL: -9165.734  df: 104)
 191 TNe+G4       19130.763   part1.1+part2.1+part2.3+part3.1	0h:4m:51s (0h:0m:30s left)
 192 TNe+G4       19164.056   part1.1+part2.1+part3.1+part4.1+part4.2	0h:4m:51s (0h:0m:28s left)
 193 TNe+G4       19100.130   part1.1+part2.1+part2.2+part3.1+part5.1+part5.2	0h:4m:52s (0h:0m:27s left)
 194 TNe+G4       19103.490   part1.1+part1.2+part2.1+part3.1+part3.2	0h:4m:53s (0h:0m:25s left)
 195 TN+F+G4      19164.383   part1.1+part2.1+part3.1+part4.3+part5.3	0h:4m:55s (0h:0m:24s left)
 196 HKY+F+G4     19226.696   part1.1+part1.3+part2.1+part3.1+part3.3	0h:4m:56s (0h:0m:22s left)
Merging part1.3+part3.3+part4.3+part5.3 with BIC score: 19091.724 (LnL: -9181.916  df: 99)
 197 HKY+F+I+G4   19358.688   part1.3+part3.3+part4.1+part4.2+part4.3+part5.3	0h:5m:10s (0h:0m:22s left)
 198 HKY+F+G4     19358.860   part1.3+part2.2+part3.3+part4.3+part5.1+part5.2+part5.3	0h:5m:11s (0h:0m:20s left)
 199 TN+F+G4      19205.235   part1.2+part1.3+part3.2+part3.3+part4.3+part5.3	0h:5m:12s (0h:0m:18s left)
 200 TN+F+G4      19145.482   part1.3+part2.3+part3.3+part4.3+part5.3	0h:5m:13s (0h:0m:17s left)
 201 HKY+F+G4     19229.191   part1.1+part1.3+part2.1+part3.1+part3.3+part4.3+part5.3	0h:5m:14s (0h:0m:15s left)
Merging part1.2+part2.2+part3.2+part5.1+part5.2 with BIC score: 19088.028 (LnL: -9191.097  df: 96)
 202 HKY+F+I+G4   19117.343   part1.2+part2.2+part3.2+part4.1+part4.2+part5.1+part5.2	0h:5m:22s (0h:0m:14s left)
 203 HKY+F+G4     19132.358   part1.2+part2.2+part2.3+part3.2+part5.1+part5.2	0h:5m:22s (0h:0m:12s left)
 204 TNe+G4       19101.634   part1.1+part1.2+part2.1+part2.2+part3.1+part3.2+part5.1+part5.2	0h:5m:27s (0h:0m:11s left)
 205 HKY+F+I+G4   19369.219   part1.2+part1.3+part2.2+part3.2+part3.3+part4.3+part5.1+part5.2+part5.3	0h:5m:32s (0h:0m:9s left)
BEST-FIT PARTITION MODEL: 
  charpartition BIC = TN+F+G4: part1.1 part2.1 part3.1, HKY+F+G4: part1.2 part2.2 part3.2 part5.1 part5.2, TIM2+F+G4: part1.3 part3.3 part4.3 part5.3, K3Pu+F+G4: part2.3, K2P: part4.1 part4.2;
Agglomerative model selection: ((part1.1,(part2.1,part3.1)5:19134.1)8:19096.1,((part1.2,part3.2)4:19150.3,((part2.2,part5.1)3:19175.1,part5.2)7:19103.8)10:19088,((part1.3,part3.3)2:19200.1,(part4.3,part5.3)1:19229.3)9:19091.7,part2.3,(part4.1,part4.2)6:19118.4)
Merging into 5 partitions...
Partition information was printed to 4_set86.best_scheme.nex
Partition information in Raxml format was printed to 4_set86.best_scheme

All model information printed to 4_set86.model.gz
CPU time for ModelFinder: 313.626 seconds (0h:5m:13s)
Wall-clock time for ModelFinder: 333.895 seconds (0h:5m:33s)
Generating 1000 samples for ultrafast bootstrap (seed: 89239)...

NOTE: 7 MB RAM (0 GB) is required!
Measuring multi-threading efficiency up to 8 CPU cores
Increase to 10 rounds for branch lengths
24 trees examined
Threads: 1 / Time: 8.170 sec / Speedup: 1.000 / Efficiency: 100% / LogL: -14508
Threads: 2 / Time: 19.041 sec / Speedup: 0.429 / Efficiency: 21% / LogL: -14508
BEST NUMBER OF THREADS: 1

Estimate model parameters (epsilon = 0.100)
Initial log-likelihood: -10052.063
Current log-likelihood at step 1: -9331.200
Current log-likelihood at step 2: -9246.245
Current log-likelihood at step 3: -9231.175
Current log-likelihood at step 4: -9218.185
Current log-likelihood at step 5: -9215.573
Current log-likelihood at step 6: -9213.362
Current log-likelihood at step 7: -9211.418
Current log-likelihood at step 8: -9209.699
Current log-likelihood at step 9: -9208.171
Current log-likelihood at step 10: -9206.807
Current log-likelihood at step 11: -9205.588
Current log-likelihood at step 12: -9204.488
Current log-likelihood at step 13: -9203.492
Current log-likelihood at step 14: -9202.573
Current log-likelihood at step 15: -9201.741
Current log-likelihood at step 16: -9200.987
Current log-likelihood at step 17: -9200.298
Current log-likelihood at step 18: -9199.665
Current log-likelihood at step 19: -9199.083
Current log-likelihood at step 20: -9198.547
Current log-likelihood at step 21: -9198.043
Current log-likelihood at step 22: -9197.580
Current log-likelihood at step 23: -9197.151
Current log-likelihood at step 24: -9196.748
Current log-likelihood at step 25: -9196.373
Current log-likelihood at step 26: -9196.023
Current log-likelihood at step 27: -9195.696
Current log-likelihood at step 28: -9195.390
Current log-likelihood at step 29: -9195.110
Current log-likelihood at step 30: -9194.851
Current log-likelihood at step 31: -9194.608
Current log-likelihood at step 32: -9194.379
Current log-likelihood at step 33: -9194.172
Current log-likelihood at step 34: -9194.007
Current log-likelihood at step 35: -9193.850
Current log-likelihood at step 36: -9193.699
Current log-likelihood at step 37: -9193.555
Current log-likelihood at step 38: -9193.419
Current log-likelihood at step 39: -9193.288
Current log-likelihood at step 40: -9193.162
Current log-likelihood at step 41: -9193.043
Current log-likelihood at step 42: -9192.928
Current log-likelihood at step 43: -9192.818
Current log-likelihood at step 44: -9192.713
Current log-likelihood at step 45: -9192.612
Current log-likelihood at step 46: -9192.516
Partition-specific rates:  0.776 0.437 2.289 1.218 0.112
Parameters optimization took 45 rounds (11.570 sec)

Computing ML distances based on estimated model parameters... 0.053 sec
Computing BIONJ tree...
0.004 seconds
Log-likelihood of BIONJ tree: -9199.362
--------------------------------------------------------------------
|             INITIALIZING CANDIDATE TREE SET                      |
--------------------------------------------------------------------
Generating 98 parsimony trees... 5.257 second
Computing log-likelihood of 98 initial trees ... 11.618 seconds
Current best score: -9189.478

Do NNI search on 20 best initial trees
Estimate model parameters (epsilon = 0.100)
Initial log-likelihood: -9186.751
Current log-likelihood at step 1: -9186.550
Current log-likelihood at step 2: -9186.467
Parameters optimization took 1 rounds (0.373 sec)

BETTER TREE FOUND at iteration 1: -9186.467
UPDATE BEST LOG-LIKELIHOOD: -9186.465
Iteration 10 / LogL: -9186.469 / Time: 0h:1m:3s
UPDATE BEST LOG-LIKELIHOOD: -9186.464
UPDATE BEST LOG-LIKELIHOOD: -9186.463
UPDATE BEST LOG-LIKELIHOOD: -9186.463
Iteration 20 / LogL: -9186.468 / Time: 0h:1m:14s
Finish initializing candidate tree set (4)
Current best tree score: -9186.463 / CPU time: 35.403
Number of iterations: 20
--------------------------------------------------------------------
|               OPTIMIZING CANDIDATE TREE SET                      |
--------------------------------------------------------------------
UPDATE BEST LOG-LIKELIHOOD: -9186.463
Iteration 30 / LogL: -9194.197 / Time: 0h:1m:27s (0h:3m:35s left)
UPDATE BEST LOG-LIKELIHOOD: -9186.463
Iteration 40 / LogL: -9186.467 / Time: 0h:1m:41s (0h:2m:38s left)
Iteration 50 / LogL: -9186.964 / Time: 0h:1m:56s (0h:2m:1s left)
Log-likelihood cutoff on original alignment: -9218.607
UPDATE BEST LOG-LIKELIHOOD: -9186.463
Iteration 60 / LogL: -9194.198 / Time: 0h:2m:14s (0h:1m:33s left)
Iteration 70 / LogL: -9194.659 / Time: 0h:2m:30s (0h:1m:7s left)
Iteration 80 / LogL: -9186.465 / Time: 0h:2m:45s (0h:0m:44s left)
Iteration 90 / LogL: -9186.464 / Time: 0h:2m:59s (0h:0m:22s left)
Iteration 100 / LogL: -9193.326 / Time: 0h:3m:13s (0h:0m:1s left)
Log-likelihood cutoff on original alignment: -9218.548
NOTE: Bootstrap correlation coefficient of split occurrence frequencies: 0.999
TREE SEARCH COMPLETED AFTER 102 ITERATIONS / Time: 0h:3m:16s

--------------------------------------------------------------------
|                    FINALIZING TREE SEARCH                        |
--------------------------------------------------------------------
Performs final model parameters optimization
Estimate model parameters (epsilon = 0.010)
Initial log-likelihood: -9186.463
Current log-likelihood at step 1: -9186.362
Current log-likelihood at step 2: -9186.268
Current log-likelihood at step 3: -9186.179
Current log-likelihood at step 4: -9186.094
Current log-likelihood at step 5: -9186.013
Current log-likelihood at step 6: -9185.936
Current log-likelihood at step 7: -9185.863
Current log-likelihood at step 8: -9185.792
Current log-likelihood at step 9: -9185.725
Current log-likelihood at step 10: -9185.661
Current log-likelihood at step 11: -9185.599
Current log-likelihood at step 12: -9185.541
Current log-likelihood at step 13: -9185.484
Current log-likelihood at step 14: -9185.431
Current log-likelihood at step 15: -9185.379
Current log-likelihood at step 16: -9185.330
Current log-likelihood at step 17: -9185.282
Current log-likelihood at step 18: -9185.237
Current log-likelihood at step 19: -9185.194
Current log-likelihood at step 20: -9185.152
Current log-likelihood at step 21: -9185.112
Current log-likelihood at step 22: -9185.074
Current log-likelihood at step 23: -9185.037
Current log-likelihood at step 24: -9185.001
Current log-likelihood at step 25: -9184.967
Current log-likelihood at step 26: -9184.935
Current log-likelihood at step 27: -9184.904
Current log-likelihood at step 28: -9184.874
Current log-likelihood at step 29: -9184.845
Current log-likelihood at step 30: -9184.817
Current log-likelihood at step 31: -9184.791
Current log-likelihood at step 32: -9184.764
Current log-likelihood at step 33: -9184.740
Current log-likelihood at step 34: -9184.716
Current log-likelihood at step 35: -9184.693
Current log-likelihood at step 36: -9184.671
Current log-likelihood at step 37: -9184.654
Current log-likelihood at step 38: -9184.637
Current log-likelihood at step 39: -9184.620
Current log-likelihood at step 40: -9184.604
Current log-likelihood at step 41: -9184.589
Current log-likelihood at step 42: -9184.574
Current log-likelihood at step 43: -9184.559
Current log-likelihood at step 44: -9184.545
Current log-likelihood at step 45: -9184.531
Current log-likelihood at step 46: -9184.518
Current log-likelihood at step 47: -9184.505
Current log-likelihood at step 48: -9184.492
Current log-likelihood at step 49: -9184.480
Current log-likelihood at step 50: -9184.468
Current log-likelihood at step 51: -9184.456
Current log-likelihood at step 52: -9184.445
Current log-likelihood at step 53: -9184.434
Current log-likelihood at step 54: -9184.424
Current log-likelihood at step 55: -9184.413
Current log-likelihood at step 56: -9184.403
Current log-likelihood at step 57: -9184.393
Partition-specific rates:  0.779 0.437 2.303 1.214 0.076
Parameters optimization took 56 rounds (11.602 sec)

BEST SCORE FOUND : -9184.393
Creating bootstrap support values...
Split supports printed to NEXUS file 4_set86.splits.nex
Total tree length: 1.060

Total number of iterations: 102
CPU time used for tree search: 42.556 sec (0h:0m:42s)
Wall-clock time used for tree search: 157.272 sec (0h:2m:37s)
Total CPU time used: 56.405 sec (0h:0m:56s)
Total wall-clock time used: 209.216 sec (0h:3m:29s)

Computing bootstrap consensus tree...
Reading input file 4_set86.splits.nex...
35 taxa and 151 splits.
Consensus tree written to 4_set86.contree
Reading input trees file 4_set86.contree
Log-likelihood of consensus tree: -9184.393

Analysis results written to: 
  IQ-TREE report:                4_set86.iqtree
  Maximum-likelihood tree:       4_set86.treefile
  Likelihood distances:          4_set86.mldist
  Best partitioning scheme:      4_set86.best_scheme.nex
           in RAxML format:      4_set86.best_scheme

Ultrafast bootstrap approximation results written to:
  Split support values:          4_set86.splits.nex
  Consensus tree:                4_set86.contree
  Screen log file:               4_set86.log

Date and Time: Fri Sep  7 04:14:54 2018
