IQ-TREE multicore version 1.6.3 for Mac OS X 64-bit built Mar 22 2018
Developed by Bui Quang Minh, Nguyen Lam Tung, Olga Chernomor,
Heiko Schmidt, Dominik Schrempf, Michael Woodhams.

Host:    meeps-mac-pro.staff.sydney.edu.au (AVX, 64 GB RAM)
Command: /Users/davidduchene/Desktop/Software/iqtree-1.6.3-MacOSX/bin/iqtree -s ../../../../marsupials/set190.fasta -m TEST -bb 1000 -nt AUTO -pre 1_set190
Seed:    930199 (Using SPRNG - Scalable Parallel Random Number Generator)
Time:    Fri Jul 27 17:40:14 2018
Kernel:  AVX - auto-detect threads (8 CPU cores detected)

Reading alignment file ../../../../marsupials/set190.fasta ... Fasta format detected
Alignment most likely contains DNA/RNA sequences
Alignment has 35 sequences with 4038 columns, 1076 distinct patterns
656 parsimony-informative, 375 singleton sites, 3007 constant sites
                                              Gap/Ambiguity  Composition  p-value
   1  Burramyidae_Burramys_parvus                     0.25%    passed     99.73%
   2  Notoryctidae_Notoryctes_typhlops               40.84%    failed      2.14%
   3  Vombatidae_Lasiorhinus_latifrons                0.47%    passed     99.67%
   4  Potoroidae_Bettongia_penicillata                0.25%    passed     81.64%
   5  Potoroidae_Bettongia_lesueur                    0.25%    passed     80.87%
   6  Dasyuridae_Dasyurus_maculatus                   0.20%    passed     96.28%
   7  Phalangeridae_Trichosurus_vulpecula             3.17%    passed     99.05%
   8  Phalangeridae_Spilocuscus_maculatus             5.57%    passed     66.88%
   9  Potoroidae_Aepyprymnus_rufescens                1.19%    passed     92.19%
  10  Peramelidae_Perameles_nasuta                    6.17%    passed     92.29%
  11  Phalangeridae_Strigocuscus_pelengensis          3.99%    passed     97.18%
  12  Dasyuridae_Phascogale_tapoatafa                 5.45%    passed     51.56%
  13  Dasyuridae_Sminthopsis_macroura                 0.47%    passed     99.41%
  14  Phalangeridae_Phalanger_orientalis              0.47%    passed     84.31%
  15  Acrobatidae_Acrobates_pygmaeus                  0.89%    passed     92.88%
  16  Dasyuridae_Phascogale_calura                    3.57%    passed     78.33%
  17  Dasyuridae_Sarcophilus_harrisii                 0.07%    passed     90.70%
  18  Dasyuridae_Planigale_tenuirostris               4.98%    passed     99.77%
  19  Peramelidae_Echymipera_kalubu                   0.35%    passed     49.98%
  20  Macropodidae_Dorcopsulus_vanheurni              0.54%    passed     96.71%
  21  Pseudochiridae_Pseudochirulus_forbesi           0.10%    passed     92.48%
  22  Didelphidae_Didelphis_virginiana                3.44%    passed     97.74%
  23  Marmosidae_Monodelphis_domestica                9.91%    passed     35.28%
  24  Dasyuridae_Antechinus_stuartii                  0.79%    passed     96.88%
  25  Hypsiprymnodontidae_Hypsiprymnodon_moschatus    1.71%    passed     94.01%
  26  Microbiotheriidae_Dromiciops_gliroides          1.29%    passed     97.68%
  27  Pseudochiridae_Petauroides_volans               0.64%    passed     94.05%
  28  Macropodidae_Wallabia_bicolor                   0.30%    passed     94.51%
  29  Pseudochiridae_Pseudocheirus_occidentalis       8.12%    passed     96.96%
  30  Tarsipedidae_Tarsipes_rostratus                 2.97%    passed     93.04%
  31  Acrobatidae_Distoechurus_pennatus               0.17%    passed     93.42%
  32  Phalangeridae_Phalanger_carmelitae              0.54%    passed     87.88%
  33  Peramelidae_Peroryctes_raffrayana               6.98%    passed     92.01%
  34  Dasyuridae_Dasyurus_geffroii                    0.25%    passed     96.18%
  35  Peramelidae_Perameles_gunnii                    0.62%    passed     65.30%
****  TOTAL                                           3.34%  1 sequences failed composition chi2 test (p-value<5%; df=3)


Create initial parsimony tree by phylogenetic likelihood library (PLL)... 0.005 seconds
NOTE: ModelFinder requires 9 MB RAM!
ModelFinder will test 88 DNA models (sample size: 4038) ...
 No. Model         -LnL         df  AIC          AICc         BIC
Measuring multi-threading efficiency up to 8 CPU cores
Increase to 10 rounds for branch lengths
289 trees examined
Threads: 1 / Time: 8.026 sec / Speedup: 1.000 / Efficiency: 100% / LogL: -30000
Threads: 2 / Time: 5.686 sec / Speedup: 1.412 / Efficiency: 71% / LogL: -30000
Threads: 3 / Time: 5.247 sec / Speedup: 1.530 / Efficiency: 51% / LogL: -30000
Threads: 4 / Time: 5.323 sec / Speedup: 1.508 / Efficiency: 38% / LogL: -30000
BEST NUMBER OF THREADS: 3

  1  JC            19926.616    67  39987.231    39989.526    40409.566
  2  JC+I          18920.779    68  37977.558    37979.922    38406.196
  3  JC+G4         18854.267    68  37844.534    37846.898    38273.172
  4  JC+I+G4       18793.164    69  37724.328    37726.763    38159.270
  5  F81+F         19899.007    70  39938.015    39940.520    40379.260
  6  F81+F+I       18898.312    71  37938.623    37941.201    38386.172
  7  F81+F+G4      18831.320    71  37804.641    37807.218    38252.189
  8  F81+F+I+G4    18769.719    72  37683.437    37686.088    38137.289
  9  K2P           19298.106    68  38732.213    38734.577    39160.851
 10  K2P+I         18267.616    69  36673.232    36675.666    37108.174
 11  K2P+G4        18197.297    69  36532.594    36535.028    36967.536
 12  K2P+I+G4      18128.425    70  36396.851    36399.356    36838.096
 13  HKY+F         19266.866    71  38675.731    38678.309    39123.280
 14  HKY+F+I       18243.597    72  36631.195    36633.846    37085.047
 15  HKY+F+G4      18172.451    72  36488.903    36491.554    36942.755
 16  HKY+F+I+G4    18103.972    73  36353.945    36356.670    36814.101
 17  TNe           19296.320    69  38730.641    38733.075    39165.583
 18  TNe+I         18267.274    70  36674.548    36677.054    37115.793
 19  TNe+G4        18196.452    70  36532.905    36535.411    36974.150
 20  TNe+I+G4      18126.343    71  36394.687    36397.265    36842.236
 21  TN+F          19260.928    72  38665.855    38668.506    39119.707
 22  TN+F+I        18240.591    73  36627.181    36629.907    37087.337
 23  TN+F+G4       18168.255    73  36482.509    36485.235    36942.665
 24  TN+F+I+G4     18097.780    74  36343.559    36346.360    36810.018
 25  K3P           19297.107    69  38732.214    38734.648    39167.156
 26  K3P+I         18266.722    70  36673.445    36675.951    37114.690
 27  K3P+G4        18196.466    70  36532.932    36535.437    36974.177
 28  K3P+I+G4      18127.105    71  36396.209    36398.787    36843.758
 29  K3Pu+F        19265.657    72  38675.314    38677.965    39129.167
 30  K3Pu+F+I      18242.749    73  36631.497    36634.223    37091.653
 31  K3Pu+F+G4     18171.647    73  36489.295    36492.020    36949.451
 32  K3Pu+F+I+G4   18102.814    74  36353.627    36356.428    36820.087
 33  TPM2+F        19266.154    72  38676.308    38678.959    39130.161
 34  TPM2+F+I      18243.453    73  36632.906    36635.631    37093.061
 35  TPM2+F+G4     18172.155    73  36490.310    36493.036    36950.466
 36  TPM2+F+I+G4   18103.198    74  36354.395    36357.196    36820.855
 37  TPM2u+F       19266.154    72  38676.307    38678.959    39130.160
 38  TPM2u+F+I     18243.453    73  36632.905    36635.631    37093.061
 39  TPM2u+F+G4    18172.155    73  36490.310    36493.036    36950.466
 40  TPM2u+F+I+G4  18103.151    74  36354.302    36357.103    36820.761
 41  TPM3+F        19264.825    72  38673.649    38676.300    39127.501
 42  TPM3+F+I      18243.216    73  36632.432    36635.158    37092.588
 43  TPM3+F+G4     18171.984    73  36489.968    36492.693    36950.123
 44  TPM3+F+I+G4   18102.997    74  36353.993    36356.794    36820.453
 45  TPM3u+F       19264.824    72  38673.649    38676.300    39127.501
 46  TPM3u+F+I     18243.216    73  36632.432    36635.158    37092.588
 47  TPM3u+F+G4    18171.984    73  36489.968    36492.693    36950.123
 48  TPM3u+F+I+G4  18102.972    74  36353.944    36356.745    36820.404
 49  TIMe          19295.321    70  38730.641    38733.147    39171.887
 50  TIMe+I        18266.380    71  36674.759    36677.337    37122.308
 51  TIMe+G4       18195.626    71  36533.253    36535.831    36980.802
 52  TIMe+I+G4     18125.129    72  36394.258    36396.910    36848.111
 53  TIM+F         19259.717    73  38665.434    38668.160    39125.590
 54  TIM+F+I       18239.740    74  36627.480    36630.281    37093.940
 55  TIM+F+G4      18167.447    74  36482.895    36485.696    36949.354
 56  TIM+F+I+G4    18096.730    75  36343.460    36346.337    36816.223
 57  TIM2e         19296.284    70  38732.569    38735.074    39173.814
 58  TIM2e+I       18266.431    71  36674.861    36677.439    37122.410
 59  TIM2e+G4      18195.486    71  36532.972    36535.549    36980.520
 60  TIM2e+I+G4    18124.682    72  36393.363    36396.014    36847.215
 61  TIM2+F        19260.213    73  38666.425    38669.151    39126.581
 62  TIM2+F+I      18240.437    74  36628.874    36631.675    37095.333
 63  TIM2+F+G4     18167.976    74  36483.951    36486.752    36950.410
 64  TIM2+F+I+G4   18097.209    75  36344.418    36347.295    36817.180
 65  TIM3e         19295.328    70  38730.655    38733.161    39171.901
 66  TIM3e+I       18267.251    71  36676.501    36679.079    37124.050
 67  TIM3e+G4      18196.438    71  36534.876    36537.454    36982.425
 68  TIM3e+I+G4    18125.841    72  36395.681    36398.333    36849.534
 69  TIM3+F        19258.882    73  38663.763    38666.489    39123.919
 70  TIM3+F+I      18240.220    74  36628.441    36631.242    37094.900
 71  TIM3+F+G4     18167.770    74  36483.540    36486.341    36949.999
 72  TIM3+F+I+G4   18096.993    75  36343.986    36346.863    36816.749
 73  TVMe          19296.178    71  38734.355    38736.933    39181.904
 74  TVMe+I        18265.898    72  36675.795    36678.446    37129.647
 75  TVMe+G4       18195.521    72  36535.042    36537.693    36988.894
 76  TVMe+I+G4     18125.687    73  36397.374    36400.099    36857.530
 77  TVM+F         19263.150    74  38674.300    38677.101    39140.760
 78  TVM+F+I       18242.278    75  36634.555    36637.432    37107.318
 79  TVM+F+G4      18170.932    75  36491.864    36494.741    36964.627
 80  TVM+F+I+G4    18102.058    76  36356.115    36359.070    36835.181
 81  SYM           19294.388    72  38732.777    38735.428    39186.629
 82  SYM+I         18265.569    73  36677.137    36679.863    37137.293
 83  SYM+G4        18194.703    73  36535.406    36538.132    36995.562
 84  SYM+I+G4      18124.025    74  36396.049    36398.850    36862.509
 85  GTR+F         19257.202    75  38664.404    38667.281    39137.167
 86  GTR+F+I       18239.266    76  36630.533    36633.488    37109.599
 87  GTR+F+G4      18166.742    76  36485.483    36488.438    36964.550
 88  GTR+F+I+G4    18096.149    77  36346.298    36349.331    36831.668
Akaike Information Criterion:           TIM+F+I+G4
Corrected Akaike Information Criterion: TIM+F+I+G4
Bayesian Information Criterion:         TN+F+I+G4
Best-fit model: TN+F+I+G4 chosen according to BIC

All model information printed to 1_set190.model.gz
CPU time for ModelFinder: 63.077 seconds (0h:1m:3s)
Wall-clock time for ModelFinder: 29.907 seconds (0h:0m:29s)
Generating 1000 samples for ultrafast bootstrap (seed: 930199)...

NOTE: 9 MB RAM (0 GB) is required!
Measuring multi-threading efficiency up to 8 CPU cores
Increase to 10 rounds for branch lengths
73 trees examined
Threads: 1 / Time: 8.045 sec / Speedup: 1.000 / Efficiency: 100% / LogL: -25204
Threads: 2 / Time: 5.246 sec / Speedup: 1.533 / Efficiency: 77% / LogL: -25204
Threads: 3 / Time: 4.754 sec / Speedup: 1.692 / Efficiency: 56% / LogL: -25204
Threads: 4 / Time: 4.284 sec / Speedup: 1.878 / Efficiency: 47% / LogL: -25204
BEST NUMBER OF THREADS: 3

Estimate model parameters (epsilon = 0.100)
Thoroughly optimizing +I+G parameters from 10 start values...
Init pinv, alpha: 0.000, 1.000 / Estimate: 0.000, 0.190 / LogL: -18168.254
Init pinv, alpha: 0.083, 1.000 / Estimate: 0.508, 0.612 / LogL: -18098.244
Init pinv, alpha: 0.165, 1.000 / Estimate: 0.508, 0.612 / LogL: -18098.239
Init pinv, alpha: 0.248, 1.000 / Estimate: 0.506, 0.607 / LogL: -18098.322
Init pinv, alpha: 0.331, 1.000 / Estimate: 0.507, 0.608 / LogL: -18098.301
Init pinv, alpha: 0.414, 1.000 / Estimate: 0.508, 0.612 / LogL: -18098.242
Init pinv, alpha: 0.496, 1.000 / Estimate: 0.508, 0.611 / LogL: -18098.256
Init pinv, alpha: 0.579, 1.000 / Estimate: 0.573, 0.831 / LogL: -18097.915
Init pinv, alpha: 0.662, 1.000 / Estimate: 0.572, 0.825 / LogL: -18097.871
Init pinv, alpha: 0.745, 1.000 / Estimate: 0.572, 0.827 / LogL: -18097.894
Optimal pinv,alpha: 0.572, 0.825 / LogL: -18097.871

Parameters optimization took 8.042 sec
Computing ML distances based on estimated model parameters... 0.027 sec
Computing BIONJ tree...
0.002 seconds
Log-likelihood of BIONJ tree: -18286.448
--------------------------------------------------------------------
|             INITIALIZING CANDIDATE TREE SET                      |
--------------------------------------------------------------------
Generating 98 parsimony trees... 0.786 second
Computing log-likelihood of 98 initial trees ... 1.560 seconds
Current best score: -18091.544

Do NNI search on 20 best initial trees
Estimate model parameters (epsilon = 0.100)
BETTER TREE FOUND at iteration 1: -18089.001
Estimate model parameters (epsilon = 0.100)
BETTER TREE FOUND at iteration 2: -18087.565
Iteration 10 / LogL: -18088.469 / Time: 0h:1m:4s
UPDATE BEST LOG-LIKELIHOOD: -18087.563
Iteration 20 / LogL: -18088.631 / Time: 0h:1m:8s
Finish initializing candidate tree set (13)
Current best tree score: -18087.563 / CPU time: 7.607
Number of iterations: 20
--------------------------------------------------------------------
|               OPTIMIZING CANDIDATE TREE SET                      |
--------------------------------------------------------------------
Iteration 30 / LogL: -18087.969 / Time: 0h:1m:10s (0h:1m:41s left)
Iteration 40 / LogL: -18087.565 / Time: 0h:1m:12s (0h:1m:8s left)
Iteration 50 / LogL: -18087.968 / Time: 0h:1m:15s (0h:0m:48s left)
Log-likelihood cutoff on original alignment: -18158.360
Iteration 60 / LogL: -18088.611 / Time: 0h:1m:17s (0h:0m:34s left)
Iteration 70 / LogL: -18088.473 / Time: 0h:1m:20s (0h:0m:23s left)
Iteration 80 / LogL: -18087.564 / Time: 0h:1m:22s (0h:0m:14s left)
UPDATE BEST LOG-LIKELIHOOD: -18087.563
Iteration 90 / LogL: -18087.978 / Time: 0h:1m:24s (0h:0m:7s left)
Iteration 100 / LogL: -18087.565 / Time: 0h:1m:27s (0h:0m:1s left)
Log-likelihood cutoff on original alignment: -18156.390
NOTE: Bootstrap correlation coefficient of split occurrence frequencies: 1.000
TREE SEARCH COMPLETED AFTER 103 ITERATIONS / Time: 0h:1m:27s

--------------------------------------------------------------------
|                    FINALIZING TREE SEARCH                        |
--------------------------------------------------------------------
Performs final model parameters optimization
Estimate model parameters (epsilon = 0.010)
1. Initial log-likelihood: -18087.563
2. Current log-likelihood: -18087.534
3. Current log-likelihood: -18087.511
4. Current log-likelihood: -18087.490
5. Current log-likelihood: -18087.473
6. Current log-likelihood: -18087.458
7. Current log-likelihood: -18087.445
8. Current log-likelihood: -18087.434
Optimal log-likelihood: -18087.422
Rate parameters:  A-C: 1.00000  A-G: 4.61020  A-T: 1.00000  C-G: 1.00000  C-T: 5.81896  G-T: 1.00000
Base frequencies:  A: 0.292  C: 0.228  G: 0.231  T: 0.249
Proportion of invariable sites: 0.559
Gamma shape alpha: 0.776
Parameters optimization took 8 rounds (0.189 sec)
BEST SCORE FOUND : -18087.422
Creating bootstrap support values...
Split supports printed to NEXUS file 1_set190.splits.nex
Total tree length: 0.698

Total number of iterations: 103
CPU time used for tree search: 61.521 sec (0h:1m:1s)
Wall-clock time used for tree search: 27.452 sec (0h:0m:27s)
Total CPU time used: 185.838 sec (0h:3m:5s)
Total wall-clock time used: 88.358 sec (0h:1m:28s)

Computing bootstrap consensus tree...
Reading input file 1_set190.splits.nex...
35 taxa and 174 splits.
Consensus tree written to 1_set190.contree
Reading input trees file 1_set190.contree
Log-likelihood of consensus tree: -18087.426

Analysis results written to: 
  IQ-TREE report:                1_set190.iqtree
  Maximum-likelihood tree:       1_set190.treefile
  Likelihood distances:          1_set190.mldist

Ultrafast bootstrap approximation results written to:
  Split support values:          1_set190.splits.nex
  Consensus tree:                1_set190.contree
  Screen log file:               1_set190.log

Date and Time: Fri Jul 27 17:41:43 2018
