IQ-TREE multicore version 1.6.3 for Mac OS X 64-bit built Mar 22 2018
Developed by Bui Quang Minh, Nguyen Lam Tung, Olga Chernomor,
Heiko Schmidt, Dominik Schrempf, Michael Woodhams.

Host:    meeps-mac-pro.staff.sydney.edu.au (AVX, 64 GB RAM)
Command: /Users/davidduchene/Desktop/Software/iqtree-1.6.3-MacOSX/bin/iqtree -s ../../../../marsupials/set178.fasta -m TEST -bb 1000 -nt AUTO -pre 1_set178
Seed:    814274 (Using SPRNG - Scalable Parallel Random Number Generator)
Time:    Fri Jul 27 17:25:14 2018
Kernel:  AVX - auto-detect threads (8 CPU cores detected)

Reading alignment file ../../../../marsupials/set178.fasta ... Fasta format detected
Alignment most likely contains DNA/RNA sequences
Alignment has 35 sequences with 3480 columns, 1237 distinct patterns
830 parsimony-informative, 496 singleton sites, 2154 constant sites
                                              Gap/Ambiguity  Composition  p-value
   1  Burramyidae_Burramys_parvus                     1.18%    passed     98.90%
   2  Notoryctidae_Notoryctes_typhlops                1.87%    passed     97.39%
   3  Vombatidae_Lasiorhinus_latifrons                0.72%    passed     86.08%
   4  Potoroidae_Bettongia_penicillata                0.55%    passed     97.23%
   5  Potoroidae_Bettongia_lesueur                    0.11%    passed     96.60%
   6  Dasyuridae_Dasyurus_maculatus                   0.17%    passed     86.02%
   7  Phalangeridae_Trichosurus_vulpecula             0.00%    passed     98.01%
   8  Phalangeridae_Spilocuscus_maculatus             0.80%    passed     97.35%
   9  Potoroidae_Aepyprymnus_rufescens                0.17%    passed     99.30%
  10  Peramelidae_Perameles_nasuta                    2.44%    passed     99.24%
  11  Phalangeridae_Strigocuscus_pelengensis          2.30%    passed     95.12%
  12  Dasyuridae_Phascogale_tapoatafa                 0.17%    passed     61.50%
  13  Dasyuridae_Sminthopsis_macroura                 0.00%    passed     81.83%
  14  Phalangeridae_Phalanger_orientalis              0.14%    passed     97.79%
  15  Acrobatidae_Acrobates_pygmaeus                  0.78%    passed     98.84%
  16  Dasyuridae_Phascogale_calura                    0.32%    passed     71.34%
  17  Dasyuridae_Sarcophilus_harrisii                 0.17%    passed     91.43%
  18  Dasyuridae_Planigale_tenuirostris               7.41%    passed     46.93%
  19  Peramelidae_Echymipera_kalubu                   0.00%    passed     94.27%
  20  Macropodidae_Dorcopsulus_vanheurni              0.11%    passed     99.56%
  21  Pseudochiridae_Pseudochirulus_forbesi           0.43%    passed     66.18%
  22  Didelphidae_Didelphis_virginiana                0.60%    passed     98.03%
  23  Marmosidae_Monodelphis_domestica                0.43%    passed     92.51%
  24  Dasyuridae_Antechinus_stuartii                  0.43%    passed     86.09%
  25  Hypsiprymnodontidae_Hypsiprymnodon_moschatus    0.37%    passed     95.85%
  26  Microbiotheriidae_Dromiciops_gliroides          1.15%    passed     32.70%
  27  Pseudochiridae_Petauroides_volans               1.64%    passed     99.79%
  28  Macropodidae_Wallabia_bicolor                   7.41%    passed     97.50%
  29  Pseudochiridae_Pseudocheirus_occidentalis      26.93%    passed     50.40%
  30  Tarsipedidae_Tarsipes_rostratus                 1.15%    passed     92.96%
  31  Acrobatidae_Distoechurus_pennatus               0.17%    passed     98.52%
  32  Phalangeridae_Phalanger_carmelitae              0.00%    passed     98.89%
  33  Peramelidae_Peroryctes_raffrayana               5.34%    passed     94.55%
  34  Dasyuridae_Dasyurus_geffroii                    0.20%    passed     89.77%
  35  Peramelidae_Perameles_gunnii                    0.26%    passed     97.73%
****  TOTAL                                           1.88%  0 sequences failed composition chi2 test (p-value<5%; df=3)


Create initial parsimony tree by phylogenetic likelihood library (PLL)... 0.006 seconds
NOTE: ModelFinder requires 10 MB RAM!
ModelFinder will test 88 DNA models (sample size: 3480) ...
 No. Model         -LnL         df  AIC          AICc         BIC
Measuring multi-threading efficiency up to 8 CPU cores
Increase to 10 rounds for branch lengths
236 trees examined
Threads: 1 / Time: 8.005 sec / Speedup: 1.000 / Efficiency: 100% / LogL: -30724
Threads: 2 / Time: 6.664 sec / Speedup: 1.201 / Efficiency: 60% / LogL: -30724
Threads: 3 / Time: 7.057 sec / Speedup: 1.134 / Efficiency: 38% / LogL: -30724
BEST NUMBER OF THREADS: 2

  1  JC            19332.533    67  38799.066    38801.737    39211.437
  2  JC+I          19008.573    68  38153.146    38155.897    38571.672
  3  JC+G4         18965.907    68  38067.814    38070.565    38486.339
  4  JC+I+G4       18964.611    69  38067.223    38070.056    38491.903
  5  F81+F         19265.418    70  38670.836    38673.752    39101.672
  6  F81+F+I       18948.424    71  38038.849    38041.849    38475.839
  7  F81+F+G4      18906.026    71  37954.052    37957.052    38391.042
  8  F81+F+I+G4    18904.766    72  37953.532    37956.617    38396.676
  9  K2P           18512.858    68  37161.716    37164.467    37580.241
 10  K2P+I         18175.157    69  36488.315    36491.148    36912.995
 11  K2P+G4        18128.307    69  36394.614    36397.447    36819.295
 12  K2P+I+G4      18126.357    70  36392.713    36395.629    36823.548
 13  HKY+F         18416.867    71  36975.733    36978.733    37412.723
 14  HKY+F+I       18094.846    72  36333.691    36336.777    36776.836
 15  HKY+F+G4      18047.437    72  36238.874    36241.960    36682.019
 16  HKY+F+I+G4    18045.713    73  36237.427    36240.599    36686.726
 17  TNe           18507.984    69  37153.969    37156.802    37578.649
 18  TNe+I         18171.700    70  36483.400    36486.316    36914.235
 19  TNe+G4        18124.892    70  36389.783    36392.699    36820.618
 20  TNe+I+G4      18122.954    71  36387.908    36390.908    36824.898
 21  TN+F          18415.499    72  36974.998    36978.083    37418.142
 22  TN+F+I        18094.191    73  36334.382    36337.554    36783.681
 23  TN+F+G4       18046.690    73  36239.380    36242.552    36688.680
 24  TN+F+I+G4     18044.912    74  36237.824    36241.084    36693.278
 25  K3P           18510.653    69  37159.306    37162.139    37583.987
 26  K3P+I         18172.886    70  36485.773    36488.688    36916.608
 27  K3P+G4        18126.076    70  36392.152    36395.068    36822.987
 28  K3P+I+G4      18123.949    71  36389.897    36392.897    36826.887
 29  K3Pu+F        18412.747    72  36969.495    36972.580    37412.640
 30  K3Pu+F+I      18091.016    73  36328.032    36331.204    36777.331
 31  K3Pu+F+G4     18043.559    73  36233.119    36236.291    36682.418
 32  K3Pu+F+I+G4   18041.669    74  36231.338    36234.598    36686.792
 33  TPM2+F        18416.213    72  36976.426    36979.511    37419.571
 34  TPM2+F+I      18094.467    73  36334.933    36338.105    36784.233
 35  TPM2+F+G4     18046.882    73  36239.765    36242.937    36689.064
 36  TPM2+F+I+G4   18044.958    74  36237.916    36241.175    36693.370
 37  TPM2u+F       18416.218    72  36976.436    36979.521    37419.581
 38  TPM2u+F+I     18094.469    73  36334.937    36338.109    36784.237
 39  TPM2u+F+G4    18046.883    73  36239.765    36242.937    36689.065
 40  TPM2u+F+I+G4  18044.937    74  36237.874    36241.134    36693.328
 41  TPM3+F        18398.988    72  36941.976    36945.061    37385.121
 42  TPM3+F+I      18079.260    73  36304.519    36307.691    36753.819
 43  TPM3+F+G4     18031.130    73  36208.259    36211.431    36657.559
 44  TPM3+F+I+G4   18029.215    74  36206.430    36209.690    36661.885
 45  TPM3u+F       18398.989    72  36941.979    36945.064    37385.124
 46  TPM3u+F+I     18079.260    73  36304.519    36307.691    36753.819
 47  TPM3u+F+G4    18031.130    73  36208.259    36211.431    36657.559
 48  TPM3u+F+I+G4  18029.196    74  36206.392    36209.652    36661.846
 49  TIMe          18505.777    70  37151.554    37154.470    37582.390
 50  TIMe+I        18169.428    71  36480.855    36483.855    36917.845
 51  TIMe+G4       18122.655    71  36387.310    36390.310    36824.300
 52  TIMe+I+G4     18120.503    72  36385.007    36388.092    36828.151
 53  TIM+F         18411.376    73  36968.753    36971.925    37418.052
 54  TIM+F+I       18090.348    74  36328.695    36331.955    36784.149
 55  TIM+F+G4      18042.807    74  36233.613    36236.873    36689.067
 56  TIM+F+I+G4    18040.820    75  36231.640    36234.989    36693.249
 57  TIM2e         18506.955    70  37153.910    37156.825    37584.745
 58  TIM2e+I       18168.955    71  36479.910    36482.910    36916.900
 59  TIM2e+G4      18121.669    71  36385.339    36388.339    36822.329
 60  TIM2e+I+G4    18119.446    72  36382.892    36385.977    36826.037
 61  TIM2+F        18414.844    73  36975.688    36978.860    37424.987
 62  TIM2+F+I      18093.810    74  36335.620    36338.880    36791.075
 63  TIM2+F+G4     18046.112    74  36240.224    36243.484    36695.678
 64  TIM2+F+I+G4   18044.058    75  36238.115    36241.464    36699.724
 65  TIM3e         18499.117    70  37138.235    37141.150    37569.070
 66  TIM3e+I       18165.674    71  36473.348    36476.348    36910.338
 67  TIM3e+G4      18119.103    71  36380.207    36383.207    36817.197
 68  TIM3e+I+G4    18116.896    72  36377.792    36380.878    36820.937
 69  TIM3+F        18397.635    73  36941.270    36944.442    37390.569
 70  TIM3+F+I      18078.592    74  36305.183    36308.443    36760.637
 71  TIM3+F+G4     18030.468    74  36208.936    36212.196    36664.390
 72  TIM3+F+I+G4   18028.404    75  36206.807    36210.156    36668.417
 73  TVMe          18501.857    71  37145.713    37148.713    37582.703
 74  TVMe+I        18165.315    72  36474.630    36477.715    36917.774
 75  TVMe+G4       18118.294    72  36380.587    36383.673    36823.732
 76  TVMe+I+G4     18115.914    73  36377.827    36380.999    36827.127
 77  TVM+F         18396.874    74  36941.748    36945.008    37397.202
 78  TVM+F+I       18077.356    75  36304.712    36308.061    36766.321
 79  TVM+F+G4      18029.079    75  36208.158    36211.507    36669.767
 80  TVM+F+I+G4    18026.937    76  36205.874    36209.313    36673.638
 81  SYM           18497.016    72  37138.032    37141.117    37581.177
 82  SYM+I         18161.630    73  36469.261    36472.433    36918.560
 83  SYM+G4        18114.607    73  36375.214    36378.386    36824.514
 84  SYM+I+G4      18112.306    74  36372.613    36375.873    36828.067
 85  GTR+F         18395.509    75  36941.018    36944.367    37402.627
 86  GTR+F+I       18076.670    76  36305.341    36308.780    36773.104
 87  GTR+F+G4      18028.393    76  36208.786    36212.225    36676.550
 88  GTR+F+I+G4    18026.253    77  36206.507    36210.038    36680.426
Akaike Information Criterion:           TVM+F+I+G4
Corrected Akaike Information Criterion: TVM+F+I+G4
Bayesian Information Criterion:         TPM3+F+G4
Best-fit model: TPM3+F+G4 chosen according to BIC

All model information printed to 1_set178.model.gz
CPU time for ModelFinder: 45.427 seconds (0h:0m:45s)
Wall-clock time for ModelFinder: 27.734 seconds (0h:0m:27s)
Generating 1000 samples for ultrafast bootstrap (seed: 814274)...

NOTE: 10 MB RAM (0 GB) is required!
Measuring multi-threading efficiency up to 8 CPU cores
Increase to 10 rounds for branch lengths
88 trees examined
Threads: 1 / Time: 8.073 sec / Speedup: 1.000 / Efficiency: 100% / LogL: -28858
Threads: 2 / Time: 5.645 sec / Speedup: 1.430 / Efficiency: 72% / LogL: -28858
Threads: 3 / Time: 6.300 sec / Speedup: 1.281 / Efficiency: 43% / LogL: -28858
BEST NUMBER OF THREADS: 2

Estimate model parameters (epsilon = 0.100)
1. Initial log-likelihood: -18944.990
2. Current log-likelihood: -18033.154
3. Current log-likelihood: -18031.136
Optimal log-likelihood: -18031.130
Rate parameters:  A-C: 1.66239  A-G: 8.06166  A-T: 1.00000  C-G: 1.66239  C-T: 8.06166  G-T: 1.00000
Base frequencies:  A: 0.320  C: 0.206  G: 0.206  T: 0.269
Gamma shape alpha: 0.539
Parameters optimization took 3 rounds (0.193 sec)
Computing ML distances based on estimated model parameters... 0.033 sec
Computing BIONJ tree...
0.002 seconds
Log-likelihood of BIONJ tree: -18028.611
--------------------------------------------------------------------
|             INITIALIZING CANDIDATE TREE SET                      |
--------------------------------------------------------------------
Generating 98 parsimony trees... 0.735 second
Computing log-likelihood of 98 initial trees ... 1.964 seconds
Current best score: -18028.611

Do NNI search on 20 best initial trees
Estimate model parameters (epsilon = 0.100)
BETTER TREE FOUND at iteration 1: -18027.911
Iteration 10 / LogL: -18027.926 / Time: 0h:0m:52s
Iteration 20 / LogL: -18027.913 / Time: 0h:0m:55s
Finish initializing candidate tree set (1)
Current best tree score: -18027.911 / CPU time: 7.551
Number of iterations: 20
--------------------------------------------------------------------
|               OPTIMIZING CANDIDATE TREE SET                      |
--------------------------------------------------------------------
UPDATE BEST LOG-LIKELIHOOD: -18027.911
Iteration 30 / LogL: -18029.438 / Time: 0h:0m:57s (0h:1m:13s left)
Iteration 40 / LogL: -18029.446 / Time: 0h:0m:59s (0h:0m:50s left)
UPDATE BEST LOG-LIKELIHOOD: -18027.911
Iteration 50 / LogL: -18028.451 / Time: 0h:1m:1s (0h:0m:35s left)
Log-likelihood cutoff on original alignment: -18065.865
Iteration 60 / LogL: -18029.428 / Time: 0h:1m:4s (0h:0m:25s left)
Iteration 70 / LogL: -18027.915 / Time: 0h:1m:6s (0h:0m:17s left)
Iteration 80 / LogL: -18029.410 / Time: 0h:1m:8s (0h:0m:10s left)
Iteration 90 / LogL: -18088.885 / Time: 0h:1m:10s (0h:0m:5s left)
Iteration 100 / LogL: -18027.914 / Time: 0h:1m:12s (0h:0m:0s left)
Log-likelihood cutoff on original alignment: -18065.865
NOTE: Bootstrap correlation coefficient of split occurrence frequencies: 1.000
TREE SEARCH COMPLETED AFTER 102 ITERATIONS / Time: 0h:1m:13s

--------------------------------------------------------------------
|                    FINALIZING TREE SEARCH                        |
--------------------------------------------------------------------
Performs final model parameters optimization
Estimate model parameters (epsilon = 0.010)
1. Initial log-likelihood: -18027.911
Optimal log-likelihood: -18027.909
Rate parameters:  A-C: 1.66796  A-G: 8.09055  A-T: 1.00000  C-G: 1.66796  C-T: 8.09055  G-T: 1.00000
Base frequencies:  A: 0.320  C: 0.206  G: 0.206  T: 0.269
Gamma shape alpha: 0.539
Parameters optimization took 1 rounds (0.037 sec)
BEST SCORE FOUND : -18027.909
Creating bootstrap support values...
Split supports printed to NEXUS file 1_set178.splits.nex
Total tree length: 0.751

Total number of iterations: 102
CPU time used for tree search: 44.222 sec (0h:0m:44s)
Wall-clock time used for tree search: 25.267 sec (0h:0m:25s)
Total CPU time used: 120.283 sec (0h:2m:0s)
Total wall-clock time used: 73.574 sec (0h:1m:13s)

Computing bootstrap consensus tree...
Reading input file 1_set178.splits.nex...
35 taxa and 108 splits.
Consensus tree written to 1_set178.contree
Reading input trees file 1_set178.contree
Log-likelihood of consensus tree: -18027.910

Analysis results written to: 
  IQ-TREE report:                1_set178.iqtree
  Maximum-likelihood tree:       1_set178.treefile
  Likelihood distances:          1_set178.mldist

Ultrafast bootstrap approximation results written to:
  Split support values:          1_set178.splits.nex
  Consensus tree:                1_set178.contree
  Screen log file:               1_set178.log

Date and Time: Fri Jul 27 17:26:28 2018
